221210 075038.466|CONFIG|qtp996796369-301|setFileHandlers|Now logging to C:\Users\18328\Desktop\pc2\WebTeamInterface-1.1\logs directory.
221210 075038.466|INFO|qtp996796369-301|info|
221210 075038.466|INFO|qtp996796369-301|info|Version 9 () Java ver 18.0.2.1 build  Windows 11 10.0 (amd64) 
221210 075038.466|INFO|qtp996796369-301|info|Login: judge3 (aka judge3)
221210 075038.466|INFO|qtp996796369-301|startLog|Working directory is C:\Users\18328\Desktop\pc2\WebTeamInterface-1.1
221210 075038.466|INFO|qtp996796369-301|startLog|Process id is 20708@DESKTOP-D75BQTV
221210 075038.466|INFO|Thread-1274|getPublicKeyPacket|packet:= edu.csus.ecs.pc2.core.transport.TransportWrapper@1014c3d1
221210 075038.466|INFO|qtp996796369-301|info|Contacting server at 212.212.212.212:50002 as JUDGE3 @ site 0
221210 075038.470|INFO|qtp996796369-301|info|sendLoginRequest start - sending from JUDGE3 @ site 0
221210 075038.470|INFO|qtp996796369-301|sendToLocalServer|Sending packet to server Packet[LOGIN_REQUEST] #70 JUDGE3 @ site 0 -> SERVER0 @ site 0
221210 075038.470|INFO|qtp996796369-301|sendToLocalServer|Sent    packet to server Packet[LOGIN_REQUEST] #70 JUDGE3 @ site 0 -> SERVER0 @ site 0
221210 075038.470|INFO|qtp996796369-301|info|sendLoginRequest end - packet sent.
221210 075038.470|INFO|Thread-1275|run|send(Serializable)
221210 075038.480|INFO|Thread-1274|receive|public void receive(SealedObject TransportPacket, ConnectionHandlerID connectionHandlerID)
221210 075038.483|INFO|Thread-1276|info| receiveObject(S) start got Packet[LOGIN] #499 SERVER0 @ site 1 -> SERVER0 @ site 0
221210 075038.483|INFO|Thread-1276|dumpPacket|Packet LOGIN (Seq #499, o#499 ) recieveObject
221210 075038.483|INFO|Thread-1276|dumpPacket|  From: SERVER0 @ site 1, oSERVER0 @ site 1 (DESKTOP-D75BQTV @ 212.212.212.212) (Contest Id: DryRun--5544400451244233091)
221210 075038.483|INFO|Thread-1276|dumpPacket|    To: SERVER0 @ site 0
221210 075038.483|INFO|Thread-1276|dumpPacket|   key: CONNECTION_HANDLE_ID is: edu.csus.ecs.pc2.core.transport.ConnectionHandlerID Socket[addr=/212.212.212.212,port=63903,localport=50002]-6699957735050207513
221210 075038.483|INFO|Thread-1276|dumpPacket|   key: CLIENT_ID is: edu.csus.ecs.pc2.core.model.ClientId JUDGE3 @ site 1
221210 075038.483|INFO|Thread-1276|dumpPacket|   key: CLIENT_SETTINGS is: edu.csus.ecs.pc2.core.model.ClientSettings edu.csus.ecs.pc2.core.model.ClientSettings@ed8a9c5
221210 075038.483|INFO|Thread-1276|info|handlePacket start Packet[LOGIN] #499 SERVER0 @ site 1 -> SERVER0 @ site 0
221210 075038.483|INFO|Thread-1276|dumpPacket|Packet LOGIN (Seq #499, o#499 ) handlePacket
221210 075038.483|INFO|Thread-1276|dumpPacket|  From: SERVER0 @ site 1, oSERVER0 @ site 1 (DESKTOP-D75BQTV @ 212.212.212.212) (Contest Id: DryRun--5544400451244233091)
221210 075038.483|INFO|Thread-1276|dumpPacket|    To: SERVER0 @ site 0
221210 075038.483|INFO|Thread-1276|dumpPacket|   key: CONNECTION_HANDLE_ID is: edu.csus.ecs.pc2.core.transport.ConnectionHandlerID Socket[addr=/212.212.212.212,port=63903,localport=50002]-6699957735050207513
221210 075038.483|INFO|Thread-1276|dumpPacket|   key: CLIENT_ID is: edu.csus.ecs.pc2.core.model.ClientId JUDGE3 @ site 1
221210 075038.483|INFO|Thread-1276|dumpPacket|   key: CLIENT_SETTINGS is: edu.csus.ecs.pc2.core.model.ClientSettings edu.csus.ecs.pc2.core.model.ClientSettings@ed8a9c5
221210 075038.483|INFO|Thread-1276|info|Note: got a LOGIN packet before this site was logged in Packet[LOGIN] #499 SERVER0 @ site 1 -> SERVER0 @ site 0
221210 075038.483|INFO|Thread-1276|info|handlePacket end Packet[LOGIN] #499 SERVER0 @ site 1 -> SERVER0 @ site 0
221210 075038.483|INFO|Thread-1276|info| receiveObject(S) end   got Packet[LOGIN] #499 SERVER0 @ site 1 -> SERVER0 @ site 0
221210 075038.490|INFO|Thread-1274|receive|public void receive(SealedObject TransportPacket, ConnectionHandlerID connectionHandlerID)
221210 075038.509|INFO|Thread-1277|info| receiveObject(S) start got Packet[LOGIN_SUCCESS] #498 SERVER0 @ site 1 -> JUDGE3 @ site 1
221210 075038.510|INFO|Thread-1277|dumpPacket|Packet LOGIN_SUCCESS (Seq #498, o#498 ) recieveObject
221210 075038.510|INFO|Thread-1277|dumpPacket|  From: SERVER0 @ site 1, oSERVER0 @ site 1 (DESKTOP-D75BQTV @ 212.212.212.212) (Contest Id: DryRun--5544400451244233091)
221210 075038.510|INFO|Thread-1277|dumpPacket|    To: JUDGE3 @ site 1
221210 075038.510|INFO|Thread-1277|dumpPacket|   key: PROFILE_LIST is: [Ledu.csus.ecs.pc2.core.model.Profile; [Ledu.csus.ecs.pc2.core.model.Profile;@666a247d
221210 075038.510|INFO|Thread-1277|dumpPacket|   key: GENERAL_PROBLEM is: edu.csus.ecs.pc2.core.model.Problem General
221210 075038.510|INFO|Thread-1277|dumpPacket|   key: CLIENT_SETTINGS_LIST is: [Ledu.csus.ecs.pc2.core.model.ClientSettings; [Ledu.csus.ecs.pc2.core.model.ClientSettings;@68adc6c0
221210 075038.510|INFO|Thread-1277|dumpPacket|   key: CONTEST_TIME is: edu.csus.ecs.pc2.core.model.ContestTime edu.csus.ecs.pc2.core.model.ContestTime@6c924f0d
221210 075038.510|INFO|Thread-1277|dumpPacket|   key: CLARIFICATION_LIST is: [Ledu.csus.ecs.pc2.core.model.Clarification; [Ledu.csus.ecs.pc2.core.model.Clarification;@2990ccfb
221210 075038.510|INFO|Thread-1277|dumpPacket|   key: CATEGORY_LIST is: [Ledu.csus.ecs.pc2.core.model.Category; [Ledu.csus.ecs.pc2.core.model.Category;@1e6e4c78
221210 075038.510|INFO|Thread-1277|dumpPacket|   key: LANGUAGE_LIST is: [Ledu.csus.ecs.pc2.core.model.Language; [Ledu.csus.ecs.pc2.core.model.Language;@18f302b3
221210 075038.510|INFO|Thread-1277|dumpPacket|   key: REMOTE_LOGGED_IN_USERS is: [Ledu.csus.ecs.pc2.core.model.ClientId; [Ledu.csus.ecs.pc2.core.model.ClientId;@66e7dc87
221210 075038.510|INFO|Thread-1277|dumpPacket|   key: CONTEST_TIME_LIST is: [Ledu.csus.ecs.pc2.core.model.ContestTime; [Ledu.csus.ecs.pc2.core.model.ContestTime;@49bf33b4
221210 075038.510|INFO|Thread-1277|dumpPacket|   key: CONNECTION_HANDLE_ID_LIST is: [Ledu.csus.ecs.pc2.core.transport.ConnectionHandlerID; [Ledu.csus.ecs.pc2.core.transport.ConnectionHandlerID;@255eab77
221210 075038.510|INFO|Thread-1277|dumpPacket|   key: PROFILE is: edu.csus.ecs.pc2.core.model.Profile DryRun--5544400451244233091
221210 075038.510|INFO|Thread-1277|dumpPacket|   key: CLIENT_ID is: edu.csus.ecs.pc2.core.model.ClientId JUDGE3 @ site 1
221210 075038.510|INFO|Thread-1277|dumpPacket|   key: SITE_NUMBER is: java.lang.Integer 1
221210 075038.510|INFO|Thread-1277|dumpPacket|   key: CONTEST_INFORMATION is: edu.csus.ecs.pc2.core.model.ContestInformation edu.csus.ecs.pc2.core.model.ContestInformation@25b8d3f5
221210 075038.510|INFO|Thread-1277|dumpPacket|   key: SITE_LIST is: [Ledu.csus.ecs.pc2.core.model.Site; [Ledu.csus.ecs.pc2.core.model.Site;@7de33021
221210 075038.510|INFO|Thread-1277|dumpPacket|   key: PROBLEM_DATA_FILES is: [Ledu.csus.ecs.pc2.core.model.ProblemDataFiles; [Ledu.csus.ecs.pc2.core.model.ProblemDataFiles;@4df18eba
221210 075038.510|INFO|Thread-1277|dumpPacket|   key: JUDGEMENT_LIST is: [Ledu.csus.ecs.pc2.core.model.Judgement; [Ledu.csus.ecs.pc2.core.model.Judgement;@1d249160
221210 075038.510|INFO|Thread-1277|dumpPacket|   key: PROBLEM_LIST is: [Ledu.csus.ecs.pc2.core.model.Problem; [Ledu.csus.ecs.pc2.core.model.Problem;@7ee0de4a
221210 075038.510|INFO|Thread-1277|dumpPacket|   key: GROUP_LIST is: [Ledu.csus.ecs.pc2.core.model.Group; [Ledu.csus.ecs.pc2.core.model.Group;@1ae68b8f
221210 075038.511|INFO|Thread-1277|dumpPacket|   key: LOCAL_LOGGED_IN_USERS is: [Ledu.csus.ecs.pc2.core.model.ClientId; [Ledu.csus.ecs.pc2.core.model.ClientId;@5ba35237
221210 075038.511|INFO|Thread-1277|dumpPacket|   key: SERVER_CLOCK_OFFSET is: java.util.GregorianCalendar java.util.GregorianCalendar[time=1670680238477,areFieldsSet=true,areAllFieldsSet=false,lenient=true,zone=sun.util.calendar.ZoneInfo[id="GMT",offset=0,dstSavings=0,useDaylight=false,transitions=0,lastRule=null],firstDayOfWeek=1,minimalDaysInFirstWeek=1,ERA=1,YEAR=2022,MONTH=11,WEEK_OF_YEAR=50,WEEK_OF_MONTH=2,DAY_OF_MONTH=10,DAY_OF_YEAR=344,DAY_OF_WEEK=7,DAY_OF_WEEK_IN_MONTH=2,AM_PM=1,HOUR=1,HOUR_OF_DAY=13,MINUTE=50,SECOND=38,MILLISECOND=477,ZONE_OFFSET=0,DST_OFFSET=0]
221210 075038.511|INFO|Thread-1277|dumpPacket|   key: CONTEST_IDENTIFIER is: java.lang.String DryRun--5544400451244233091
221210 075038.511|INFO|Thread-1277|dumpPacket|   key: BALLOON_SETTINGS_LIST is: [Ledu.csus.ecs.pc2.core.model.BalloonSettings; [Ledu.csus.ecs.pc2.core.model.BalloonSettings;@62b577b2
221210 075038.511|INFO|Thread-1277|dumpPacket|   key: RUN_LIST is: [Ledu.csus.ecs.pc2.core.model.Run; [Ledu.csus.ecs.pc2.core.model.Run;@1adfe720
221210 075038.511|INFO|Thread-1277|dumpPacket|   key: ACCOUNT_ARRAY is: [Ledu.csus.ecs.pc2.core.model.Account; [Ledu.csus.ecs.pc2.core.model.Account;@344bad07
221210 075038.511|INFO|Thread-1277|info|handlePacket start Packet[LOGIN_SUCCESS] #498 SERVER0 @ site 1 -> JUDGE3 @ site 1
221210 075038.511|INFO|Thread-1277|dumpPacket|Packet LOGIN_SUCCESS (Seq #498, o#498 ) handlePacket
221210 075038.511|INFO|Thread-1277|dumpPacket|  From: SERVER0 @ site 1, oSERVER0 @ site 1 (DESKTOP-D75BQTV @ 212.212.212.212) (Contest Id: DryRun--5544400451244233091)
221210 075038.511|INFO|Thread-1277|dumpPacket|    To: JUDGE3 @ site 1
221210 075038.511|INFO|Thread-1277|dumpPacket|   key: PROFILE_LIST is: [Ledu.csus.ecs.pc2.core.model.Profile; [Ledu.csus.ecs.pc2.core.model.Profile;@666a247d
221210 075038.511|INFO|Thread-1277|dumpPacket|   key: GENERAL_PROBLEM is: edu.csus.ecs.pc2.core.model.Problem General
221210 075038.511|INFO|Thread-1277|dumpPacket|   key: CLIENT_SETTINGS_LIST is: [Ledu.csus.ecs.pc2.core.model.ClientSettings; [Ledu.csus.ecs.pc2.core.model.ClientSettings;@68adc6c0
221210 075038.511|INFO|Thread-1277|dumpPacket|   key: CONTEST_TIME is: edu.csus.ecs.pc2.core.model.ContestTime edu.csus.ecs.pc2.core.model.ContestTime@6c924f0d
221210 075038.511|INFO|Thread-1277|dumpPacket|   key: CLARIFICATION_LIST is: [Ledu.csus.ecs.pc2.core.model.Clarification; [Ledu.csus.ecs.pc2.core.model.Clarification;@2990ccfb
221210 075038.511|INFO|Thread-1277|dumpPacket|   key: CATEGORY_LIST is: [Ledu.csus.ecs.pc2.core.model.Category; [Ledu.csus.ecs.pc2.core.model.Category;@1e6e4c78
221210 075038.511|INFO|Thread-1277|dumpPacket|   key: LANGUAGE_LIST is: [Ledu.csus.ecs.pc2.core.model.Language; [Ledu.csus.ecs.pc2.core.model.Language;@18f302b3
221210 075038.511|INFO|Thread-1277|dumpPacket|   key: REMOTE_LOGGED_IN_USERS is: [Ledu.csus.ecs.pc2.core.model.ClientId; [Ledu.csus.ecs.pc2.core.model.ClientId;@66e7dc87
221210 075038.511|INFO|Thread-1277|dumpPacket|   key: CONTEST_TIME_LIST is: [Ledu.csus.ecs.pc2.core.model.ContestTime; [Ledu.csus.ecs.pc2.core.model.ContestTime;@49bf33b4
221210 075038.511|INFO|Thread-1277|dumpPacket|   key: CONNECTION_HANDLE_ID_LIST is: [Ledu.csus.ecs.pc2.core.transport.ConnectionHandlerID; [Ledu.csus.ecs.pc2.core.transport.ConnectionHandlerID;@255eab77
221210 075038.511|INFO|Thread-1277|dumpPacket|   key: PROFILE is: edu.csus.ecs.pc2.core.model.Profile DryRun--5544400451244233091
221210 075038.511|INFO|Thread-1277|dumpPacket|   key: CLIENT_ID is: edu.csus.ecs.pc2.core.model.ClientId JUDGE3 @ site 1
221210 075038.511|INFO|Thread-1277|dumpPacket|   key: SITE_NUMBER is: java.lang.Integer 1
221210 075038.511|INFO|Thread-1277|dumpPacket|   key: CONTEST_INFORMATION is: edu.csus.ecs.pc2.core.model.ContestInformation edu.csus.ecs.pc2.core.model.ContestInformation@25b8d3f5
221210 075038.512|INFO|Thread-1277|dumpPacket|   key: SITE_LIST is: [Ledu.csus.ecs.pc2.core.model.Site; [Ledu.csus.ecs.pc2.core.model.Site;@7de33021
221210 075038.512|INFO|Thread-1277|dumpPacket|   key: PROBLEM_DATA_FILES is: [Ledu.csus.ecs.pc2.core.model.ProblemDataFiles; [Ledu.csus.ecs.pc2.core.model.ProblemDataFiles;@4df18eba
221210 075038.512|INFO|Thread-1277|dumpPacket|   key: JUDGEMENT_LIST is: [Ledu.csus.ecs.pc2.core.model.Judgement; [Ledu.csus.ecs.pc2.core.model.Judgement;@1d249160
221210 075038.512|INFO|Thread-1277|dumpPacket|   key: PROBLEM_LIST is: [Ledu.csus.ecs.pc2.core.model.Problem; [Ledu.csus.ecs.pc2.core.model.Problem;@7ee0de4a
221210 075038.512|INFO|Thread-1277|dumpPacket|   key: GROUP_LIST is: [Ledu.csus.ecs.pc2.core.model.Group; [Ledu.csus.ecs.pc2.core.model.Group;@1ae68b8f
221210 075038.512|INFO|Thread-1277|dumpPacket|   key: LOCAL_LOGGED_IN_USERS is: [Ledu.csus.ecs.pc2.core.model.ClientId; [Ledu.csus.ecs.pc2.core.model.ClientId;@5ba35237
221210 075038.512|INFO|Thread-1277|dumpPacket|   key: SERVER_CLOCK_OFFSET is: java.util.GregorianCalendar java.util.GregorianCalendar[time=1670680238477,areFieldsSet=true,areAllFieldsSet=false,lenient=true,zone=sun.util.calendar.ZoneInfo[id="GMT",offset=0,dstSavings=0,useDaylight=false,transitions=0,lastRule=null],firstDayOfWeek=1,minimalDaysInFirstWeek=1,ERA=1,YEAR=2022,MONTH=11,WEEK_OF_YEAR=50,WEEK_OF_MONTH=2,DAY_OF_MONTH=10,DAY_OF_YEAR=344,DAY_OF_WEEK=7,DAY_OF_WEEK_IN_MONTH=2,AM_PM=1,HOUR=1,HOUR_OF_DAY=13,MINUTE=50,SECOND=38,MILLISECOND=477,ZONE_OFFSET=0,DST_OFFSET=0]
221210 075038.512|INFO|Thread-1277|dumpPacket|   key: CONTEST_IDENTIFIER is: java.lang.String DryRun--5544400451244233091
221210 075038.512|INFO|Thread-1277|dumpPacket|   key: BALLOON_SETTINGS_LIST is: [Ledu.csus.ecs.pc2.core.model.BalloonSettings; [Ledu.csus.ecs.pc2.core.model.BalloonSettings;@62b577b2
221210 075038.512|INFO|Thread-1277|dumpPacket|   key: RUN_LIST is: [Ledu.csus.ecs.pc2.core.model.Run; [Ledu.csus.ecs.pc2.core.model.Run;@1adfe720
221210 075038.512|INFO|Thread-1277|dumpPacket|   key: ACCOUNT_ARRAY is: [Ledu.csus.ecs.pc2.core.model.Account; [Ledu.csus.ecs.pc2.core.model.Account;@344bad07
221210 075040.995|INFO|Thread-1274|receive|public void receive(SealedObject TransportPacket, ConnectionHandlerID connectionHandlerID)
221210 075118.729|INFO|Thread-1274|receive|public void receive(SealedObject TransportPacket, ConnectionHandlerID connectionHandlerID)
221210 075125.298|INFO|Thread-1274|receive|public void receive(SealedObject TransportPacket, ConnectionHandlerID connectionHandlerID)
221210 075130.805|INFO|Thread-1274|receive|public void receive(SealedObject TransportPacket, ConnectionHandlerID connectionHandlerID)
221210 075141.967|INFO|Thread-1274|receive|public void receive(SealedObject TransportPacket, ConnectionHandlerID connectionHandlerID)
221210 075151.506|INFO|Thread-1274|receive|public void receive(SealedObject TransportPacket, ConnectionHandlerID connectionHandlerID)
221210 075155.576|INFO|Thread-1274|receive|public void receive(SealedObject TransportPacket, ConnectionHandlerID connectionHandlerID)
221210 075211.873|INFO|Thread-1274|receive|public void receive(SealedObject TransportPacket, ConnectionHandlerID connectionHandlerID)
221210 075240.355|INFO|Thread-1274|receive|public void receive(SealedObject TransportPacket, ConnectionHandlerID connectionHandlerID)
221210 075257.332|INFO|Thread-1274|receive|public void receive(SealedObject TransportPacket, ConnectionHandlerID connectionHandlerID)
221210 075401.783|INFO|Thread-1274|receive|public void receive(SealedObject TransportPacket, ConnectionHandlerID connectionHandlerID)
221210 075405.729|INFO|Thread-1274|receive|public void receive(SealedObject TransportPacket, ConnectionHandlerID connectionHandlerID)
221210 075424.238|INFO|Thread-1274|receive|public void receive(SealedObject TransportPacket, ConnectionHandlerID connectionHandlerID)
221210 075519.309|INFO|Thread-1274|receive|public void receive(SealedObject TransportPacket, ConnectionHandlerID connectionHandlerID)
221210 075554.297|INFO|Thread-1274|receive|public void receive(SealedObject TransportPacket, ConnectionHandlerID connectionHandlerID)
221210 075604.634|INFO|Thread-1274|receive|public void receive(SealedObject TransportPacket, ConnectionHandlerID connectionHandlerID)
221210 075615.627|INFO|Thread-1274|receive|public void receive(SealedObject TransportPacket, ConnectionHandlerID connectionHandlerID)
221210 075617.853|INFO|Thread-1274|receive|public void receive(SealedObject TransportPacket, ConnectionHandlerID connectionHandlerID)
221210 075635.021|INFO|Thread-1274|receive|public void receive(SealedObject TransportPacket, ConnectionHandlerID connectionHandlerID)
221210 075652.250|INFO|Thread-1274|receive|public void receive(SealedObject TransportPacket, ConnectionHandlerID connectionHandlerID)
221210 075700.299|INFO|Thread-1274|receive|public void receive(SealedObject TransportPacket, ConnectionHandlerID connectionHandlerID)
221210 075735.591|INFO|Thread-1274|receive|public void receive(SealedObject TransportPacket, ConnectionHandlerID connectionHandlerID)
221210 075812.342|INFO|Thread-1274|receive|public void receive(SealedObject TransportPacket, ConnectionHandlerID connectionHandlerID)
221210 075815.355|INFO|Thread-1274|receive|public void receive(SealedObject TransportPacket, ConnectionHandlerID connectionHandlerID)
221210 075846.276|INFO|Thread-1274|receive|public void receive(SealedObject TransportPacket, ConnectionHandlerID connectionHandlerID)
221210 075851.377|INFO|Thread-1274|receive|public void receive(SealedObject TransportPacket, ConnectionHandlerID connectionHandlerID)
221210 075957.465|INFO|Thread-1274|receive|public void receive(SealedObject TransportPacket, ConnectionHandlerID connectionHandlerID)
221210 080042.250|INFO|Thread-1274|receive|public void receive(SealedObject TransportPacket, ConnectionHandlerID connectionHandlerID)
221210 080115.998|INFO|Thread-1274|receive|public void receive(SealedObject TransportPacket, ConnectionHandlerID connectionHandlerID)
221210 080154.442|INFO|Thread-1274|receive|public void receive(SealedObject TransportPacket, ConnectionHandlerID connectionHandlerID)
221210 080210.363|INFO|Thread-1274|receive|public void receive(SealedObject TransportPacket, ConnectionHandlerID connectionHandlerID)
221210 080211.932|INFO|Thread-1274|receive|public void receive(SealedObject TransportPacket, ConnectionHandlerID connectionHandlerID)
221210 080231.826|INFO|Thread-1274|receive|public void receive(SealedObject TransportPacket, ConnectionHandlerID connectionHandlerID)
221210 080250.313|INFO|Thread-1274|receive|public void receive(SealedObject TransportPacket, ConnectionHandlerID connectionHandlerID)
221210 080251.482|INFO|Thread-1274|receive|public void receive(SealedObject TransportPacket, ConnectionHandlerID connectionHandlerID)
221210 080251.851|INFO|Thread-1274|receive|public void receive(SealedObject TransportPacket, ConnectionHandlerID connectionHandlerID)
221210 080258.985|INFO|Thread-1274|connectionDropped|connectionDropped(ConnectionHandlerID myConnectionID) 
221210 110415.360|CONFIG|qtp1613095350-3538|setFileHandlers|Now logging to C:\Users\18328\Desktop\pc2\WebTeamInterface-1.1\logs directory.
221210 110415.360|INFO|qtp1613095350-3538|info|
221210 110415.360|INFO|qtp1613095350-3538|info|Version 9 () Java ver 18.0.2.1 build  Windows 11 10.0 (amd64) 
221210 110415.360|INFO|qtp1613095350-3538|info|Login: judge3 (aka judge3)
221210 110415.360|INFO|qtp1613095350-3538|startLog|Working directory is C:\Users\18328\Desktop\pc2\WebTeamInterface-1.1
221210 110415.360|INFO|qtp1613095350-3538|startLog|Process id is 22344@DESKTOP-D75BQTV
221210 110415.360|INFO|qtp1613095350-3538|info|Contacting server at 212.212.212.212:50002 as JUDGE3 @ site 0
221210 110415.361|INFO|qtp1613095350-3538|info|sendLoginRequest start - sending from JUDGE3 @ site 0
221210 110415.361|INFO|qtp1613095350-3538|sendToLocalServer|Sending packet to server Packet[LOGIN_REQUEST] #286 JUDGE3 @ site 0 -> SERVER0 @ site 0
221210 110415.361|INFO|qtp1613095350-3538|sendToLocalServer|Sent    packet to server Packet[LOGIN_REQUEST] #286 JUDGE3 @ site 0 -> SERVER0 @ site 0
221210 110415.361|INFO|qtp1613095350-3538|info|sendLoginRequest end - packet sent.
221210 110415.361|INFO|Thread-20725|run|send(Serializable)
221210 110415.365|INFO|Thread-20724|receive|public void receive(SealedObject TransportPacket, ConnectionHandlerID connectionHandlerID)
221210 110415.367|INFO|Thread-20726|info| receiveObject(S) start got Packet[LOGIN] #3554 SERVER0 @ site 1 -> SERVER0 @ site 0
221210 110415.367|INFO|Thread-20726|dumpPacket|Packet LOGIN (Seq #3554, o#3554 ) recieveObject
221210 110415.367|INFO|Thread-20726|dumpPacket|  From: SERVER0 @ site 1, oSERVER0 @ site 1 (DESKTOP-D75BQTV @ 212.212.212.212) (Contest Id: Contest-4511288556462302159)
221210 110415.367|INFO|Thread-20726|dumpPacket|    To: SERVER0 @ site 0
221210 110415.367|INFO|Thread-20726|dumpPacket|   key: CONNECTION_HANDLE_ID is: edu.csus.ecs.pc2.core.transport.ConnectionHandlerID Socket[addr=/212.212.212.212,port=60730,localport=50002]--6059161892008034220
221210 110415.367|INFO|Thread-20726|dumpPacket|   key: CLIENT_ID is: edu.csus.ecs.pc2.core.model.ClientId JUDGE3 @ site 1
221210 110415.367|INFO|Thread-20726|dumpPacket|   key: CLIENT_SETTINGS is: edu.csus.ecs.pc2.core.model.ClientSettings edu.csus.ecs.pc2.core.model.ClientSettings@60486d23
221210 110415.367|INFO|Thread-20726|info|handlePacket start Packet[LOGIN] #3554 SERVER0 @ site 1 -> SERVER0 @ site 0
221210 110415.367|INFO|Thread-20726|dumpPacket|Packet LOGIN (Seq #3554, o#3554 ) handlePacket
221210 110415.367|INFO|Thread-20726|dumpPacket|  From: SERVER0 @ site 1, oSERVER0 @ site 1 (DESKTOP-D75BQTV @ 212.212.212.212) (Contest Id: Contest-4511288556462302159)
221210 110415.367|INFO|Thread-20726|dumpPacket|    To: SERVER0 @ site 0
221210 110415.367|INFO|Thread-20726|dumpPacket|   key: CONNECTION_HANDLE_ID is: edu.csus.ecs.pc2.core.transport.ConnectionHandlerID Socket[addr=/212.212.212.212,port=60730,localport=50002]--6059161892008034220
221210 110415.367|INFO|Thread-20726|dumpPacket|   key: CLIENT_ID is: edu.csus.ecs.pc2.core.model.ClientId JUDGE3 @ site 1
221210 110415.367|INFO|Thread-20726|dumpPacket|   key: CLIENT_SETTINGS is: edu.csus.ecs.pc2.core.model.ClientSettings edu.csus.ecs.pc2.core.model.ClientSettings@60486d23
221210 110415.367|INFO|Thread-20726|info|Note: got a LOGIN packet before this site was logged in Packet[LOGIN] #3554 SERVER0 @ site 1 -> SERVER0 @ site 0
221210 110415.367|INFO|Thread-20726|info|handlePacket end Packet[LOGIN] #3554 SERVER0 @ site 1 -> SERVER0 @ site 0
221210 110415.368|INFO|Thread-20726|info| receiveObject(S) end   got Packet[LOGIN] #3554 SERVER0 @ site 1 -> SERVER0 @ site 0
221210 110415.391|INFO|Thread-20724|receive|public void receive(SealedObject TransportPacket, ConnectionHandlerID connectionHandlerID)
221210 110415.408|INFO|Thread-20727|info| receiveObject(S) start got Packet[LOGIN_SUCCESS] #3553 SERVER0 @ site 1 -> JUDGE3 @ site 1
221210 110415.408|INFO|Thread-20727|dumpPacket|Packet LOGIN_SUCCESS (Seq #3553, o#3553 ) recieveObject
221210 110415.408|INFO|Thread-20727|dumpPacket|  From: SERVER0 @ site 1, oSERVER0 @ site 1 (DESKTOP-D75BQTV @ 212.212.212.212) (Contest Id: Contest-4511288556462302159)
221210 110415.408|INFO|Thread-20727|dumpPacket|    To: JUDGE3 @ site 1
221210 110415.408|INFO|Thread-20727|dumpPacket|   key: PROFILE_LIST is: [Ledu.csus.ecs.pc2.core.model.Profile; [Ledu.csus.ecs.pc2.core.model.Profile;@3844dc0d
221210 110415.408|INFO|Thread-20727|dumpPacket|   key: GENERAL_PROBLEM is: edu.csus.ecs.pc2.core.model.Problem General
221210 110415.408|INFO|Thread-20727|dumpPacket|   key: CLIENT_SETTINGS_LIST is: [Ledu.csus.ecs.pc2.core.model.ClientSettings; [Ledu.csus.ecs.pc2.core.model.ClientSettings;@36832575
221210 110415.408|INFO|Thread-20727|dumpPacket|   key: CONTEST_TIME is: edu.csus.ecs.pc2.core.model.ContestTime edu.csus.ecs.pc2.core.model.ContestTime@32bcb77d
221210 110415.408|INFO|Thread-20727|dumpPacket|   key: CLARIFICATION_LIST is: [Ledu.csus.ecs.pc2.core.model.Clarification; [Ledu.csus.ecs.pc2.core.model.Clarification;@77be2f4e
221210 110415.408|INFO|Thread-20727|dumpPacket|   key: CATEGORY_LIST is: [Ledu.csus.ecs.pc2.core.model.Category; [Ledu.csus.ecs.pc2.core.model.Category;@69042100
221210 110415.408|INFO|Thread-20727|dumpPacket|   key: LANGUAGE_LIST is: [Ledu.csus.ecs.pc2.core.model.Language; [Ledu.csus.ecs.pc2.core.model.Language;@460319d8
221210 110415.408|INFO|Thread-20727|dumpPacket|   key: REMOTE_LOGGED_IN_USERS is: [Ledu.csus.ecs.pc2.core.model.ClientId; [Ledu.csus.ecs.pc2.core.model.ClientId;@1153493a
221210 110415.408|INFO|Thread-20727|dumpPacket|   key: CONTEST_TIME_LIST is: [Ledu.csus.ecs.pc2.core.model.ContestTime; [Ledu.csus.ecs.pc2.core.model.ContestTime;@1791d001
221210 110415.408|INFO|Thread-20727|dumpPacket|   key: CONNECTION_HANDLE_ID_LIST is: [Ledu.csus.ecs.pc2.core.transport.ConnectionHandlerID; [Ledu.csus.ecs.pc2.core.transport.ConnectionHandlerID;@5f55ffd2
221210 110415.408|INFO|Thread-20727|dumpPacket|   key: PROFILE is: edu.csus.ecs.pc2.core.model.Profile Contest-4511288556462302159
221210 110415.408|INFO|Thread-20727|dumpPacket|   key: CLIENT_ID is: edu.csus.ecs.pc2.core.model.ClientId JUDGE3 @ site 1
221210 110415.408|INFO|Thread-20727|dumpPacket|   key: SITE_NUMBER is: java.lang.Integer 1
221210 110415.408|INFO|Thread-20727|dumpPacket|   key: CONTEST_INFORMATION is: edu.csus.ecs.pc2.core.model.ContestInformation edu.csus.ecs.pc2.core.model.ContestInformation@1c6f039
221210 110415.408|INFO|Thread-20727|dumpPacket|   key: SITE_LIST is: [Ledu.csus.ecs.pc2.core.model.Site; [Ledu.csus.ecs.pc2.core.model.Site;@a5763a2
221210 110415.408|INFO|Thread-20727|dumpPacket|   key: PROBLEM_DATA_FILES is: [Ledu.csus.ecs.pc2.core.model.ProblemDataFiles; [Ledu.csus.ecs.pc2.core.model.ProblemDataFiles;@13dfab31
221210 110415.408|INFO|Thread-20727|dumpPacket|   key: JUDGEMENT_LIST is: [Ledu.csus.ecs.pc2.core.model.Judgement; [Ledu.csus.ecs.pc2.core.model.Judgement;@63047df7
221210 110415.408|INFO|Thread-20727|dumpPacket|   key: PROBLEM_LIST is: [Ledu.csus.ecs.pc2.core.model.Problem; [Ledu.csus.ecs.pc2.core.model.Problem;@55f51e96
221210 110415.408|INFO|Thread-20727|dumpPacket|   key: GROUP_LIST is: [Ledu.csus.ecs.pc2.core.model.Group; [Ledu.csus.ecs.pc2.core.model.Group;@640e2df9
221210 110415.408|INFO|Thread-20727|dumpPacket|   key: LOCAL_LOGGED_IN_USERS is: [Ledu.csus.ecs.pc2.core.model.ClientId; [Ledu.csus.ecs.pc2.core.model.ClientId;@ae6946a
221210 110415.408|INFO|Thread-20727|dumpPacket|   key: SERVER_CLOCK_OFFSET is: java.util.GregorianCalendar java.util.GregorianCalendar[time=1670691855364,areFieldsSet=true,areAllFieldsSet=false,lenient=true,zone=sun.util.calendar.ZoneInfo[id="GMT",offset=0,dstSavings=0,useDaylight=false,transitions=0,lastRule=null],firstDayOfWeek=1,minimalDaysInFirstWeek=1,ERA=1,YEAR=2022,MONTH=11,WEEK_OF_YEAR=50,WEEK_OF_MONTH=2,DAY_OF_MONTH=10,DAY_OF_YEAR=344,DAY_OF_WEEK=7,DAY_OF_WEEK_IN_MONTH=2,AM_PM=1,HOUR=5,HOUR_OF_DAY=17,MINUTE=4,SECOND=15,MILLISECOND=364,ZONE_OFFSET=0,DST_OFFSET=0]
221210 110415.408|INFO|Thread-20727|dumpPacket|   key: CONTEST_IDENTIFIER is: java.lang.String Contest-4511288556462302159
221210 110415.408|INFO|Thread-20727|dumpPacket|   key: BALLOON_SETTINGS_LIST is: [Ledu.csus.ecs.pc2.core.model.BalloonSettings; [Ledu.csus.ecs.pc2.core.model.BalloonSettings;@4acdab04
221210 110415.408|INFO|Thread-20727|dumpPacket|   key: RUN_LIST is: [Ledu.csus.ecs.pc2.core.model.Run; [Ledu.csus.ecs.pc2.core.model.Run;@37310d65
221210 110415.408|INFO|Thread-20727|dumpPacket|   key: ACCOUNT_ARRAY is: [Ledu.csus.ecs.pc2.core.model.Account; [Ledu.csus.ecs.pc2.core.model.Account;@22c59f9f
221210 110415.408|INFO|Thread-20727|info|handlePacket start Packet[LOGIN_SUCCESS] #3553 SERVER0 @ site 1 -> JUDGE3 @ site 1
221210 110415.408|INFO|Thread-20727|dumpPacket|Packet LOGIN_SUCCESS (Seq #3553, o#3553 ) handlePacket
221210 110415.408|INFO|Thread-20727|dumpPacket|  From: SERVER0 @ site 1, oSERVER0 @ site 1 (DESKTOP-D75BQTV @ 212.212.212.212) (Contest Id: Contest-4511288556462302159)
221210 110415.408|INFO|Thread-20727|dumpPacket|    To: JUDGE3 @ site 1
221210 110415.408|INFO|Thread-20727|dumpPacket|   key: PROFILE_LIST is: [Ledu.csus.ecs.pc2.core.model.Profile; [Ledu.csus.ecs.pc2.core.model.Profile;@3844dc0d
221210 110415.408|INFO|Thread-20727|dumpPacket|   key: GENERAL_PROBLEM is: edu.csus.ecs.pc2.core.model.Problem General
221210 110415.408|INFO|Thread-20727|dumpPacket|   key: CLIENT_SETTINGS_LIST is: [Ledu.csus.ecs.pc2.core.model.ClientSettings; [Ledu.csus.ecs.pc2.core.model.ClientSettings;@36832575
221210 110415.408|INFO|Thread-20727|dumpPacket|   key: CONTEST_TIME is: edu.csus.ecs.pc2.core.model.ContestTime edu.csus.ecs.pc2.core.model.ContestTime@32bcb77d
221210 110415.408|INFO|Thread-20727|dumpPacket|   key: CLARIFICATION_LIST is: [Ledu.csus.ecs.pc2.core.model.Clarification; [Ledu.csus.ecs.pc2.core.model.Clarification;@77be2f4e
221210 110415.408|INFO|Thread-20727|dumpPacket|   key: CATEGORY_LIST is: [Ledu.csus.ecs.pc2.core.model.Category; [Ledu.csus.ecs.pc2.core.model.Category;@69042100
221210 110415.408|INFO|Thread-20727|dumpPacket|   key: LANGUAGE_LIST is: [Ledu.csus.ecs.pc2.core.model.Language; [Ledu.csus.ecs.pc2.core.model.Language;@460319d8
221210 110415.408|INFO|Thread-20727|dumpPacket|   key: REMOTE_LOGGED_IN_USERS is: [Ledu.csus.ecs.pc2.core.model.ClientId; [Ledu.csus.ecs.pc2.core.model.ClientId;@1153493a
221210 110415.408|INFO|Thread-20727|dumpPacket|   key: CONTEST_TIME_LIST is: [Ledu.csus.ecs.pc2.core.model.ContestTime; [Ledu.csus.ecs.pc2.core.model.ContestTime;@1791d001
221210 110415.408|INFO|Thread-20727|dumpPacket|   key: CONNECTION_HANDLE_ID_LIST is: [Ledu.csus.ecs.pc2.core.transport.ConnectionHandlerID; [Ledu.csus.ecs.pc2.core.transport.ConnectionHandlerID;@5f55ffd2
221210 110415.408|INFO|Thread-20727|dumpPacket|   key: PROFILE is: edu.csus.ecs.pc2.core.model.Profile Contest-4511288556462302159
221210 110415.408|INFO|Thread-20727|dumpPacket|   key: CLIENT_ID is: edu.csus.ecs.pc2.core.model.ClientId JUDGE3 @ site 1
221210 110415.408|INFO|Thread-20727|dumpPacket|   key: SITE_NUMBER is: java.lang.Integer 1
221210 110415.408|INFO|Thread-20727|dumpPacket|   key: CONTEST_INFORMATION is: edu.csus.ecs.pc2.core.model.ContestInformation edu.csus.ecs.pc2.core.model.ContestInformation@1c6f039
221210 110415.408|INFO|Thread-20727|dumpPacket|   key: SITE_LIST is: [Ledu.csus.ecs.pc2.core.model.Site; [Ledu.csus.ecs.pc2.core.model.Site;@a5763a2
221210 110415.408|INFO|Thread-20727|dumpPacket|   key: PROBLEM_DATA_FILES is: [Ledu.csus.ecs.pc2.core.model.ProblemDataFiles; [Ledu.csus.ecs.pc2.core.model.ProblemDataFiles;@13dfab31
221210 110415.408|INFO|Thread-20727|dumpPacket|   key: JUDGEMENT_LIST is: [Ledu.csus.ecs.pc2.core.model.Judgement; [Ledu.csus.ecs.pc2.core.model.Judgement;@63047df7
221210 110415.408|INFO|Thread-20727|dumpPacket|   key: PROBLEM_LIST is: [Ledu.csus.ecs.pc2.core.model.Problem; [Ledu.csus.ecs.pc2.core.model.Problem;@55f51e96
221210 110415.408|INFO|Thread-20727|dumpPacket|   key: GROUP_LIST is: [Ledu.csus.ecs.pc2.core.model.Group; [Ledu.csus.ecs.pc2.core.model.Group;@640e2df9
221210 110415.408|INFO|Thread-20727|dumpPacket|   key: LOCAL_LOGGED_IN_USERS is: [Ledu.csus.ecs.pc2.core.model.ClientId; [Ledu.csus.ecs.pc2.core.model.ClientId;@ae6946a
221210 110415.408|INFO|Thread-20727|dumpPacket|   key: SERVER_CLOCK_OFFSET is: java.util.GregorianCalendar java.util.GregorianCalendar[time=1670691855364,areFieldsSet=true,areAllFieldsSet=false,lenient=true,zone=sun.util.calendar.ZoneInfo[id="GMT",offset=0,dstSavings=0,useDaylight=false,transitions=0,lastRule=null],firstDayOfWeek=1,minimalDaysInFirstWeek=1,ERA=1,YEAR=2022,MONTH=11,WEEK_OF_YEAR=50,WEEK_OF_MONTH=2,DAY_OF_MONTH=10,DAY_OF_YEAR=344,DAY_OF_WEEK=7,DAY_OF_WEEK_IN_MONTH=2,AM_PM=1,HOUR=5,HOUR_OF_DAY=17,MINUTE=4,SECOND=15,MILLISECOND=364,ZONE_OFFSET=0,DST_OFFSET=0]
221210 110415.408|INFO|Thread-20727|dumpPacket|   key: CONTEST_IDENTIFIER is: java.lang.String Contest-4511288556462302159
221210 110415.409|INFO|Thread-20727|dumpPacket|   key: BALLOON_SETTINGS_LIST is: [Ledu.csus.ecs.pc2.core.model.BalloonSettings; [Ledu.csus.ecs.pc2.core.model.BalloonSettings;@4acdab04
221210 110415.409|INFO|Thread-20727|dumpPacket|   key: RUN_LIST is: [Ledu.csus.ecs.pc2.core.model.Run; [Ledu.csus.ecs.pc2.core.model.Run;@37310d65
221210 110415.409|INFO|Thread-20727|dumpPacket|   key: ACCOUNT_ARRAY is: [Ledu.csus.ecs.pc2.core.model.Account; [Ledu.csus.ecs.pc2.core.model.Account;@22c59f9f
221210 110424.525|INFO|Thread-20724|receive|public void receive(SealedObject TransportPacket, ConnectionHandlerID connectionHandlerID)
221210 110426.405|INFO|Thread-20724|receive|public void receive(SealedObject TransportPacket, ConnectionHandlerID connectionHandlerID)
221210 110428.576|INFO|Thread-20724|receive|public void receive(SealedObject TransportPacket, ConnectionHandlerID connectionHandlerID)
221210 110430.625|INFO|Thread-20724|receive|public void receive(SealedObject TransportPacket, ConnectionHandlerID connectionHandlerID)
221210 110433.557|INFO|Thread-20724|receive|public void receive(SealedObject TransportPacket, ConnectionHandlerID connectionHandlerID)
221210 110434.000|INFO|Thread-20724|connectionDropped|connectionDropped(ConnectionHandlerID myConnectionID) 
