231209 103545.376|CONFIG|qtp135640095-45781|setFileHandlers|Now logging to C:\Users\18328\Desktop\pc2\WebTeamInterface-1.1\logs directory.
231209 103545.376|INFO|qtp135640095-45781|info|
231209 103545.377|INFO|qtp135640095-45781|info|Version 9 () Java ver 18.0.2.1 build  Windows 11 10.0 (amd64) 
231209 103545.379|INFO|qtp135640095-45781|startLog|Working directory is C:\Users\18328\Desktop\pc2\WebTeamInterface-1.1
231209 103545.379|INFO|qtp135640095-45781|startLog|Process id is 15028@DESKTOP-D75BQTV
231209 103545.379|INFO|qtp135640095-45781|start|Starting ConnectionManager...
231209 103545.379|INFO|qtp135640095-45781|start|Started ConnectionManager
231209 103545.382|INFO|qtp135640095-45781|setClientServerAndPort|INIFile File location: file:/C:/Users/18328/Desktop/pc2/WebTeamInterface-1.1/pc2v9.ini
231209 103545.382|INFO|qtp135640095-45781|setClientServerAndPort|setClientServerAndPort localhost parsed as localhost port 50002
231209 103545.382|INFO|qtp135640095-45781|info|Contacting server at localhost:50002
231209 103545.382|INFO|qtp135640095-45781|connectToMyServer|Connecting to localhost:50002
231209 103545.385|INFO|Thread-49106|receiveUnencrypted|receiveUnencrypted(TransportWrapper, ConnectionHandlerID=Socket[addr=localhost/127.0.0.1,port=50002,localport=59209]--5403001390958941725)
231209 103545.385|INFO|Thread-49106|receiveUnencrypted|receiveUnencrypted Made a secret key for Socket[addr=localhost/127.0.0.1,port=50002,localport=59209]--5403001390958941725 key is com.sun.crypto.provider.DESKey@184a3
231209 103545.385|INFO|Thread-49106|getPublicKeyPacket|Generating Unencrypted Public Key Packet
231209 103545.390|INFO|Thread-49106|getPublicKeyPacket|checking key:= SunJCE Diffie-Hellman Public Key:
y:
    7655e33b 11c1fb7d 78b28347 27e93377 e04e2a91 292345d8 a0d898c4 dd0ae67c
    b12ae89a dd31fdc1 1e8618db 3407c7b4 e0c7891d 8484ba37 5a37048e cba21b02
    e6359298 c9dbb836 b4866d82 f9317de6 1ebfe2a6 ba130f5e fccc4417 3fc69826
    b5e58e5d 4e2fca6f c4e9ca9c e4977757 c8a32730 a588ad41 3a4bcc6b a7aeec34
p:
    f488fd58 4e49dbcd 20b49de4 9107366b 336c380d 451d0f7c 88b31c7c 5b2d8ef6
    f3c923c0 43f0a55b 188d8ebb 558cb85d 38d334fd 7c175743 a31d186c de33212c
    b52aff3c e1b12940 18118d7c 84a70a72 d686c403 19c80729 7aca950c d9969fab
    d00a509b 0246d308 3d66a45d 419f9c7c bd894b22 1926baab a25ec355 e92f78c7
g:
    02
l:
    512
231209 103545.390|INFO|Thread-49106|getPublicKeyPacket|packet:= edu.csus.ecs.pc2.core.transport.TransportWrapper@300f3365
231209 103611.181|INFO|Thread-49106|receive|EOFException in receive for Socket[addr=localhost/127.0.0.1,port=50002,localport=59209]--5403001390958941725
|java.io.EOFException: null
|    at java.io.ObjectInputStream$BlockDataInputStream.peekByte (ObjectInputStream.java:3244)
|    at java.io.ObjectInputStream.readObject0 (ObjectInputStream.java:1708)
|    at java.io.ObjectInputStream.readObject (ObjectInputStream.java:538)
|    at java.io.ObjectInputStream.readObject (ObjectInputStream.java:496)
|    at edu.csus.ecs.pc2.core.transport.ConnectionHandlerThread.receive (ConnectionHandlerThread.java:152)
|    at edu.csus.ecs.pc2.core.transport.ConnectionHandlerClientThread.run (ConnectionHandlerClientThread.java:66)
231209 103611.181|FINER|Thread-49106|run|THROW
|edu.csus.ecs.pc2.core.transport.TransportException: null
|    at edu.csus.ecs.pc2.core.transport.ConnectionHandlerThread.receive (ConnectionHandlerThread.java:159)
|    at edu.csus.ecs.pc2.core.transport.ConnectionHandlerClientThread.run (ConnectionHandlerClientThread.java:66)
231209 103611.181|FINER|Thread-49106|run - e.getmessage is null()|THROW
|edu.csus.ecs.pc2.core.transport.TransportException: null
|    at edu.csus.ecs.pc2.core.transport.ConnectionHandlerThread.receive (ConnectionHandlerThread.java:159)
|    at edu.csus.ecs.pc2.core.transport.ConnectionHandlerClientThread.run (ConnectionHandlerClientThread.java:66)
