230919 083043.316|CONFIG|main|setFileHandlers|Now logging to C:\Users\18328\Desktop\pc2\WebTeamInterface-1.1\logs directory.
230919 083043.316|INFO|main|info|
230919 083043.316|INFO|main|info|Version 9 () Java ver 18.0.2.1 build  Windows 11 10.0 (amd64) 
230919 083043.316|INFO|main|startLog|Working directory is C:\Users\18328\Desktop\pc2\WebTeamInterface-1.1
230919 083043.344|INFO|main|startLog|Process id is 24924@DESKTOP-D75BQTV
230919 083043.344|INFO|main|start|Starting ConnectionManager...
230919 083043.422|INFO|main|start|Started ConnectionManager
230919 083043.438|INFO|main|setClientServerAndPort|INIFile File location: file:/C:/Users/18328/Desktop/pc2/WebTeamInterface-1.1/pc2v9.ini
230919 083043.438|WARNING|main|start|Exception setting remote host and port 
|java.lang.NumberFormatException: For input string: "50002W"
|    at java.lang.NumberFormatException.forInputString (NumberFormatException.java:67)
|    at java.lang.Integer.parseInt (Integer.java:668)
|    at java.lang.Integer.parseInt (Integer.java:784)
|    at edu.csus.ecs.pc2.core.InternalController.setClientServerAndPort (InternalController.java:1357)
|    at edu.csus.ecs.pc2.core.InternalController.start (InternalController.java:3095)
|    at edu.csus.ecs.pc2.api.ServerConnection.login (ServerConnection.java:158)
|    at config.WebServer.verifyPC2ScoreboardLogin (Unknown Source)
|    at config.WebServer.startServer (Unknown Source)
|    at config.JettyConfig.main (Unknown Source)
230919 083043.438|INFO|main|connectToMyServer|Connecting to :0
230919 083043.438|INFO|main|<init>|IO Exception:
230919 083043.438|INFO|main|connectToMyServer|Could not ConnectToMyServer()
230919 083043.438|INFO|main|start|Exception contacting my server 
|edu.csus.ecs.pc2.core.transport.TransportException: Cannot assign requested address: connect
|    at edu.csus.ecs.pc2.core.transport.TransportManager.connectToMyServer (TransportManager.java:198)
|    at edu.csus.ecs.pc2.core.transport.connection.ConnectionManager.connectToMyServer (ConnectionManager.java:100)
|    at edu.csus.ecs.pc2.core.InternalController.start (InternalController.java:3105)
|    at edu.csus.ecs.pc2.api.ServerConnection.login (ServerConnection.java:158)
|    at config.WebServer.verifyPC2ScoreboardLogin (Unknown Source)
|    at config.WebServer.startServer (Unknown Source)
|    at config.JettyConfig.main (Unknown Source)
230919 083043.438|INFO|main|info|Unable to contact server at  localhost:50002W:0 Cannot assign requested address: connect
230919 083043.438|SEVERE|main|fatalError|Unable to contact server at:  localhost:50002W:50002, contact staff
|edu.csus.ecs.pc2.core.transport.TransportException: Cannot assign requested address: connect
|    at edu.csus.ecs.pc2.core.transport.TransportManager.connectToMyServer (TransportManager.java:198)
|    at edu.csus.ecs.pc2.core.transport.connection.ConnectionManager.connectToMyServer (ConnectionManager.java:100)
|    at edu.csus.ecs.pc2.core.InternalController.start (InternalController.java:3105)
|    at edu.csus.ecs.pc2.api.ServerConnection.login (ServerConnection.java:158)
|    at config.WebServer.verifyPC2ScoreboardLogin (Unknown Source)
|    at config.WebServer.startServer (Unknown Source)
|    at config.JettyConfig.main (Unknown Source)
