221210 133129.366|CONFIG|qtp1613095350-251616|setFileHandlers|Now logging to C:\Users\18328\Desktop\pc2\WebTeamInterface-1.1\logs directory.
221210 133129.367|INFO|qtp1613095350-251616|info|
221210 133129.367|INFO|qtp1613095350-251616|info|Version 9 () Java ver 18.0.2.1 build  Windows 11 10.0 (amd64) 
221210 133129.368|INFO|qtp1613095350-251616|startLog|Working directory is C:\Users\18328\Desktop\pc2\WebTeamInterface-1.1
221210 133129.368|INFO|qtp1613095350-251616|startLog|Process id is 22344@DESKTOP-D75BQTV
221210 133129.368|INFO|qtp1613095350-251616|start|Starting ConnectionManager...
221210 133129.373|INFO|qtp1613095350-251616|start|Started ConnectionManager
221210 133129.373|INFO|qtp1613095350-251616|setClientServerAndPort|INIFile File location: file:/C:/Users/18328/Desktop/pc2/WebTeamInterface-1.1/pc2v9.ini
221210 133129.373|INFO|qtp1613095350-251616|setClientServerAndPort|setClientServerAndPort 212.212.212.212 parsed as 212.212.212.212 port 50002
221210 133129.374|INFO|qtp1613095350-251616|info|Contacting server at 212.212.212.212:50002
221210 133129.374|INFO|qtp1613095350-251616|connectToMyServer|Connecting to 212.212.212.212:50002
221210 133129.375|INFO|Thread-252296|receiveUnencrypted|receiveUnencrypted(TransportWrapper, ConnectionHandlerID=Socket[addr=/212.212.212.212,port=50002,localport=53944]-7998751845113542808)
221210 133129.376|INFO|Thread-252296|receiveUnencrypted|receiveUnencrypted Made a secret key for Socket[addr=/212.212.212.212,port=50002,localport=53944]-7998751845113542808 key is com.sun.crypto.provider.DESKey@fffe78b5
221210 133129.376|INFO|Thread-252296|getPublicKeyPacket|Generating Unencrypted Public Key Packet
221210 133129.376|INFO|Thread-252296|getPublicKeyPacket|checking key:= SunJCE Diffie-Hellman Public Key:
y:
    7d1e29aa 46fb7538 15b77b0b d5890b64 b7bafecf 78bf9446 1b90623d 1696727d
    49573615 757a697c 0d54eff5 4d4d9a02 96552887 dd9a2c3c 06352a7e c0f9fb61
    5960bdce 0ba08edf e5962d30 1f5bb70a 5ee11d36 db0f7fe5 edf87586 28d7594d
    5baf1949 32eb9246 2b0a03cb de7f133d 53f8af15 593d20c2 5f2b1846 d90ad0d9
p:
    f488fd58 4e49dbcd 20b49de4 9107366b 336c380d 451d0f7c 88b31c7c 5b2d8ef6
    f3c923c0 43f0a55b 188d8ebb 558cb85d 38d334fd 7c175743 a31d186c de33212c
    b52aff3c e1b12940 18118d7c 84a70a72 d686c403 19c80729 7aca950c d9969fab
    d00a509b 0246d308 3d66a45d 419f9c7c bd894b22 1926baab a25ec355 e92f78c7
g:
    02
l:
    512
221210 133129.376|INFO|Thread-252296|getPublicKeyPacket|packet:= edu.csus.ecs.pc2.core.transport.TransportWrapper@5b165973
221210 150258.256|INFO|Thread-252296|receive|SocketException in receive for Socket[addr=/212.212.212.212,port=50002,localport=53944]-7998751845113542808
|java.net.SocketException: An established connection was aborted by the software in your host machine
|    at sun.nio.ch.NioSocketImpl.implRead (NioSocketImpl.java:322)
|    at sun.nio.ch.NioSocketImpl.read (NioSocketImpl.java:347)
|    at sun.nio.ch.NioSocketImpl$1.read (NioSocketImpl.java:800)
|    at java.net.Socket$SocketInputStream.read (Socket.java:966)
|    at java.net.Socket$SocketInputStream.read (Socket.java:961)
|    at java.io.ObjectInputStream$PeekInputStream.peek (ObjectInputStream.java:2905)
|    at java.io.ObjectInputStream$BlockDataInputStream.peek (ObjectInputStream.java:3232)
|    at java.io.ObjectInputStream$BlockDataInputStream.peekByte (ObjectInputStream.java:3242)
|    at java.io.ObjectInputStream.readObject0 (ObjectInputStream.java:1708)
|    at java.io.ObjectInputStream.readObject (ObjectInputStream.java:538)
|    at java.io.ObjectInputStream.readObject (ObjectInputStream.java:496)
|    at edu.csus.ecs.pc2.core.transport.ConnectionHandlerThread.receive (ConnectionHandlerThread.java:152)
|    at edu.csus.ecs.pc2.core.transport.ConnectionHandlerClientThread.run (ConnectionHandlerClientThread.java:66)
221210 150258.317|FINER|Thread-252296|run|THROW
|edu.csus.ecs.pc2.core.transport.TransportException: An established connection was aborted by the software in your host machine
|    at edu.csus.ecs.pc2.core.transport.ConnectionHandlerThread.receive (ConnectionHandlerThread.java:156)
|    at edu.csus.ecs.pc2.core.transport.ConnectionHandlerClientThread.run (ConnectionHandlerClientThread.java:66)
221210 150258.409|INFO|Thread-252296|receive|SocketException in receive for Socket[addr=/212.212.212.212,port=50002,localport=53944]-7998751845113542808
|java.net.SocketException: Connection reset
|    at sun.nio.ch.NioSocketImpl.implRead (NioSocketImpl.java:320)
|    at sun.nio.ch.NioSocketImpl.read (NioSocketImpl.java:347)
|    at sun.nio.ch.NioSocketImpl$1.read (NioSocketImpl.java:800)
|    at java.net.Socket$SocketInputStream.read (Socket.java:966)
|    at java.net.Socket$SocketInputStream.read (Socket.java:961)
|    at java.io.ObjectInputStream$PeekInputStream.peek (ObjectInputStream.java:2905)
|    at java.io.ObjectInputStream$BlockDataInputStream.peek (ObjectInputStream.java:3232)
|    at java.io.ObjectInputStream$BlockDataInputStream.peekByte (ObjectInputStream.java:3242)
|    at java.io.ObjectInputStream.readObject0 (ObjectInputStream.java:1708)
|    at java.io.ObjectInputStream.readObject (ObjectInputStream.java:538)
|    at java.io.ObjectInputStream.readObject (ObjectInputStream.java:496)
|    at edu.csus.ecs.pc2.core.transport.ConnectionHandlerThread.receive (ConnectionHandlerThread.java:152)
|    at edu.csus.ecs.pc2.core.transport.ConnectionHandlerClientThread.run (ConnectionHandlerClientThread.java:66)
221210 150258.410|FINER|Thread-252296|run|THROW
|edu.csus.ecs.pc2.core.transport.TransportException: Connection reset
|    at edu.csus.ecs.pc2.core.transport.ConnectionHandlerThread.receive (ConnectionHandlerThread.java:156)
|    at edu.csus.ecs.pc2.core.transport.ConnectionHandlerClientThread.run (ConnectionHandlerClientThread.java:66)
