221208 164927.154|CONFIG|qtp1423561005-20|setFileHandlers|Now logging to C:\Users\18328\Desktop\pc2\WebTeamInterface-1.1\logs directory.
221208 164927.154|INFO|qtp1423561005-20|info|
221208 164927.154|INFO|qtp1423561005-20|info|Version 9 () Java ver 18.0.2.1 build  Windows 11 10.0 (amd64) 
221208 164927.158|INFO|qtp1423561005-20|startLog|Working directory is C:\Users\18328\Desktop\pc2\WebTeamInterface-1.1
221208 164927.158|INFO|qtp1423561005-20|startLog|Process id is 13836@DESKTOP-D75BQTV
221208 164927.158|INFO|qtp1423561005-20|start|Starting ConnectionManager...
221208 164927.162|INFO|qtp1423561005-20|start|Started ConnectionManager
221208 164927.166|INFO|qtp1423561005-20|setClientServerAndPort|INIFile File location: file:/C:/Users/18328/Desktop/pc2/WebTeamInterface-1.1/pc2v9.ini
221208 164927.166|INFO|qtp1423561005-20|setClientServerAndPort|setClientServerAndPort 212.212.212.212 parsed as 212.212.212.212 port 50002
221208 164927.166|INFO|qtp1423561005-20|info|Contacting server at 212.212.212.212:50002
221208 164927.166|INFO|qtp1423561005-20|connectToMyServer|Connecting to 212.212.212.212:50002
221208 164927.172|INFO|Thread-277|receiveUnencrypted|receiveUnencrypted(TransportWrapper, ConnectionHandlerID=Socket[addr=/212.212.212.212,port=50002,localport=53082]--3666250722955614071)
221208 164927.175|INFO|Thread-277|receiveUnencrypted|receiveUnencrypted Made a secret key for Socket[addr=/212.212.212.212,port=50002,localport=53082]--3666250722955614071 key is com.sun.crypto.provider.DESKey@18728
221208 164927.175|INFO|Thread-277|getPublicKeyPacket|Generating Unencrypted Public Key Packet
221208 164927.175|INFO|Thread-277|getPublicKeyPacket|checking key:= SunJCE Diffie-Hellman Public Key:
y:
    b253fa63 fd3401a1 71737a61 b7ecb986 25dd53f6 d277b89b c9e81a49 a207ae38
    43c8d9a7 464e5a2a d2bdb6ae 371adf26 8de01337 0b8eca43 55299cb6 22e2b5e1
    3da4af41 cfcf1e71 dcc2b111 f1b21fcd 81b08404 b9678d6a 22fc88cd 858694ad
    8703e5fb 4c6101e9 6d4d395d 78b9510b a0bf3e4c 68626dfa 4766d27b 091bf213
p:
    f488fd58 4e49dbcd 20b49de4 9107366b 336c380d 451d0f7c 88b31c7c 5b2d8ef6
    f3c923c0 43f0a55b 188d8ebb 558cb85d 38d334fd 7c175743 a31d186c de33212c
    b52aff3c e1b12940 18118d7c 84a70a72 d686c403 19c80729 7aca950c d9969fab
    d00a509b 0246d308 3d66a45d 419f9c7c bd894b22 1926baab a25ec355 e92f78c7
g:
    02
l:
    512
221208 164927.175|INFO|Thread-277|getPublicKeyPacket|packet:= edu.csus.ecs.pc2.core.transport.TransportWrapper@34a6ed18
221208 164959.201|INFO|Thread-277|receive|EOFException in receive for Socket[addr=/212.212.212.212,port=50002,localport=53082]--3666250722955614071
|java.io.EOFException: null
|    at java.io.ObjectInputStream$BlockDataInputStream.peekByte (ObjectInputStream.java:3244)
|    at java.io.ObjectInputStream.readObject0 (ObjectInputStream.java:1708)
|    at java.io.ObjectInputStream.readObject (ObjectInputStream.java:538)
|    at java.io.ObjectInputStream.readObject (ObjectInputStream.java:496)
|    at edu.csus.ecs.pc2.core.transport.ConnectionHandlerThread.receive (ConnectionHandlerThread.java:152)
|    at edu.csus.ecs.pc2.core.transport.ConnectionHandlerClientThread.run (ConnectionHandlerClientThread.java:66)
221208 164959.201|FINER|Thread-277|run|THROW
|edu.csus.ecs.pc2.core.transport.TransportException: null
|    at edu.csus.ecs.pc2.core.transport.ConnectionHandlerThread.receive (ConnectionHandlerThread.java:159)
|    at edu.csus.ecs.pc2.core.transport.ConnectionHandlerClientThread.run (ConnectionHandlerClientThread.java:66)
221208 164959.201|FINER|Thread-277|run - e.getmessage is null()|THROW
|edu.csus.ecs.pc2.core.transport.TransportException: null
|    at edu.csus.ecs.pc2.core.transport.ConnectionHandlerThread.receive (ConnectionHandlerThread.java:159)
|    at edu.csus.ecs.pc2.core.transport.ConnectionHandlerClientThread.run (ConnectionHandlerClientThread.java:66)
