231209 095612.305|CONFIG|qtp135640095-21290|setFileHandlers|Now logging to C:\Users\18328\Desktop\pc2\WebTeamInterface-1.1\logs directory.
231209 095612.305|INFO|qtp135640095-21290|info|
231209 095612.306|INFO|qtp135640095-21290|info|Version 9 () Java ver 18.0.2.1 build  Windows 11 10.0 (amd64) 
231209 095612.306|INFO|qtp135640095-21290|startLog|Working directory is C:\Users\18328\Desktop\pc2\WebTeamInterface-1.1
231209 095612.306|INFO|qtp135640095-21290|startLog|Process id is 15028@DESKTOP-D75BQTV
231209 095612.306|INFO|qtp135640095-21290|start|Starting ConnectionManager...
231209 095612.311|INFO|qtp135640095-21290|start|Started ConnectionManager
231209 095612.312|INFO|qtp135640095-21290|setClientServerAndPort|INIFile File location: file:/C:/Users/18328/Desktop/pc2/WebTeamInterface-1.1/pc2v9.ini
231209 095612.312|INFO|qtp135640095-21290|setClientServerAndPort|setClientServerAndPort localhost parsed as localhost port 50002
231209 095612.312|INFO|qtp135640095-21290|info|Contacting server at localhost:50002
231209 095612.312|INFO|qtp135640095-21290|connectToMyServer|Connecting to localhost:50002
231209 095612.317|INFO|Thread-33431|receiveUnencrypted|receiveUnencrypted(TransportWrapper, ConnectionHandlerID=Socket[addr=localhost/127.0.0.1,port=50002,localport=51650]-2103928568427746942)
231209 095612.317|INFO|Thread-33431|receiveUnencrypted|receiveUnencrypted Made a secret key for Socket[addr=localhost/127.0.0.1,port=50002,localport=51650]-2103928568427746942 key is com.sun.crypto.provider.DESKey@186aa
231209 095612.317|INFO|Thread-33431|getPublicKeyPacket|Generating Unencrypted Public Key Packet
231209 095612.317|INFO|Thread-33431|getPublicKeyPacket|checking key:= SunJCE Diffie-Hellman Public Key:
y:
    0bdc39cd e1fe6e20 49e3606e a666a100 9bd72b9d a2546077 e01dd9d3 a012af6a
    d713bb96 030ec4ec 4494291a bfa12b9c 8dccabbb 71e30ec2 c12c193e 66fe5f38
    967e0a07 185f4268 d3e2ddeb aba75a84 cdeb3345 86aa5a34 ad215a37 642a6452
    2b84f7d9 830a816a 6a77e92b 66347611 00fe102f 962c57ad 21c31ea9 983cbd5c
p:
    f488fd58 4e49dbcd 20b49de4 9107366b 336c380d 451d0f7c 88b31c7c 5b2d8ef6
    f3c923c0 43f0a55b 188d8ebb 558cb85d 38d334fd 7c175743 a31d186c de33212c
    b52aff3c e1b12940 18118d7c 84a70a72 d686c403 19c80729 7aca950c d9969fab
    d00a509b 0246d308 3d66a45d 419f9c7c bd894b22 1926baab a25ec355 e92f78c7
g:
    02
l:
    512
231209 095612.317|INFO|Thread-33431|getPublicKeyPacket|packet:= edu.csus.ecs.pc2.core.transport.TransportWrapper@3256976b
231209 095847.481|INFO|Thread-33431|receive|EOFException in receive for Socket[addr=localhost/127.0.0.1,port=50002,localport=51650]-2103928568427746942
|java.io.EOFException: null
|    at java.io.ObjectInputStream$BlockDataInputStream.peekByte (ObjectInputStream.java:3244)
|    at java.io.ObjectInputStream.readObject0 (ObjectInputStream.java:1708)
|    at java.io.ObjectInputStream.readObject (ObjectInputStream.java:538)
|    at java.io.ObjectInputStream.readObject (ObjectInputStream.java:496)
|    at edu.csus.ecs.pc2.core.transport.ConnectionHandlerThread.receive (ConnectionHandlerThread.java:152)
|    at edu.csus.ecs.pc2.core.transport.ConnectionHandlerClientThread.run (ConnectionHandlerClientThread.java:66)
231209 095847.481|FINER|Thread-33431|run|THROW
|edu.csus.ecs.pc2.core.transport.TransportException: null
|    at edu.csus.ecs.pc2.core.transport.ConnectionHandlerThread.receive (ConnectionHandlerThread.java:159)
|    at edu.csus.ecs.pc2.core.transport.ConnectionHandlerClientThread.run (ConnectionHandlerClientThread.java:66)
231209 095847.481|FINER|Thread-33431|run - e.getmessage is null()|THROW
|edu.csus.ecs.pc2.core.transport.TransportException: null
|    at edu.csus.ecs.pc2.core.transport.ConnectionHandlerThread.receive (ConnectionHandlerThread.java:159)
|    at edu.csus.ecs.pc2.core.transport.ConnectionHandlerClientThread.run (ConnectionHandlerClientThread.java:66)
