231209 093930.384|CONFIG|qtp135640095-20980|setFileHandlers|Now logging to C:\Users\18328\Desktop\pc2\WebTeamInterface-1.1\logs directory.
231209 093930.384|INFO|qtp135640095-20980|info|
231209 093930.384|INFO|qtp135640095-20980|info|Version 9 () Java ver 18.0.2.1 build  Windows 11 10.0 (amd64) 
231209 093930.384|INFO|qtp135640095-20980|startLog|Working directory is C:\Users\18328\Desktop\pc2\WebTeamInterface-1.1
231209 093930.384|INFO|qtp135640095-20980|startLog|Process id is 15028@DESKTOP-D75BQTV
231209 093930.384|INFO|qtp135640095-20980|start|Starting ConnectionManager...
231209 093930.392|INFO|qtp135640095-20980|start|Started ConnectionManager
231209 093930.392|INFO|qtp135640095-20980|setClientServerAndPort|INIFile File location: file:/C:/Users/18328/Desktop/pc2/WebTeamInterface-1.1/pc2v9.ini
231209 093930.392|INFO|qtp135640095-20980|setClientServerAndPort|setClientServerAndPort localhost parsed as localhost port 50002
231209 093930.392|INFO|qtp135640095-20980|info|Contacting server at localhost:50002
231209 093930.392|INFO|qtp135640095-20980|connectToMyServer|Connecting to localhost:50002
231209 093930.401|INFO|Thread-21289|receiveUnencrypted|receiveUnencrypted(TransportWrapper, ConnectionHandlerID=Socket[addr=localhost/127.0.0.1,port=50002,localport=64805]--2944722356416063703)
231209 093930.401|INFO|Thread-21289|receiveUnencrypted|receiveUnencrypted Made a secret key for Socket[addr=localhost/127.0.0.1,port=50002,localport=64805]--2944722356416063703 key is com.sun.crypto.provider.DESKey@fffe7f1a
231209 093930.401|INFO|Thread-21289|getPublicKeyPacket|Generating Unencrypted Public Key Packet
231209 093930.401|INFO|Thread-21289|getPublicKeyPacket|checking key:= SunJCE Diffie-Hellman Public Key:
y:
    c7379b67 7496c595 11dd0eef 05940dfe 36665df2 eda1c8b8 f1d25375 96183193
    279d45eb 3d7d3c2a 0405e7b3 187fbcff 6e84ffdd 578e304f c593c53b 7d693185
    7a54d431 ee207965 15ea594e 58369f29 640a7434 4f681217 97d79801 3644e024
    e70c9dcb 632f0444 a912cd61 2c3287cb 7586cec1 3fea9be4 217430ee 939655d3
p:
    f488fd58 4e49dbcd 20b49de4 9107366b 336c380d 451d0f7c 88b31c7c 5b2d8ef6
    f3c923c0 43f0a55b 188d8ebb 558cb85d 38d334fd 7c175743 a31d186c de33212c
    b52aff3c e1b12940 18118d7c 84a70a72 d686c403 19c80729 7aca950c d9969fab
    d00a509b 0246d308 3d66a45d 419f9c7c bd894b22 1926baab a25ec355 e92f78c7
g:
    02
l:
    512
231209 094823.401|INFO|Thread-21289|receive|EOFException in receive for Socket[addr=localhost/127.0.0.1,port=50002,localport=64805]--2944722356416063703
|java.io.EOFException: null
|    at java.io.ObjectInputStream$BlockDataInputStream.peekByte (ObjectInputStream.java:3244)
|    at java.io.ObjectInputStream.readObject0 (ObjectInputStream.java:1708)
|    at java.io.ObjectInputStream.readObject (ObjectInputStream.java:538)
|    at java.io.ObjectInputStream.readObject (ObjectInputStream.java:496)
|    at edu.csus.ecs.pc2.core.transport.ConnectionHandlerThread.receive (ConnectionHandlerThread.java:152)
|    at edu.csus.ecs.pc2.core.transport.ConnectionHandlerClientThread.run (ConnectionHandlerClientThread.java:66)
231209 094823.401|FINER|Thread-21289|run|THROW
|edu.csus.ecs.pc2.core.transport.TransportException: null
|    at edu.csus.ecs.pc2.core.transport.ConnectionHandlerThread.receive (ConnectionHandlerThread.java:159)
|    at edu.csus.ecs.pc2.core.transport.ConnectionHandlerClientThread.run (ConnectionHandlerClientThread.java:66)
231209 094823.401|FINER|Thread-21289|run - e.getmessage is null()|THROW
|edu.csus.ecs.pc2.core.transport.TransportException: null
|    at edu.csus.ecs.pc2.core.transport.ConnectionHandlerThread.receive (ConnectionHandlerThread.java:159)
|    at edu.csus.ecs.pc2.core.transport.ConnectionHandlerClientThread.run (ConnectionHandlerClientThread.java:66)
