231209 112508.543|CONFIG|qtp135640095-50020|setFileHandlers|Now logging to C:\Users\18328\Desktop\pc2\WebTeamInterface-1.1\logs directory.
231209 112508.543|INFO|qtp135640095-50020|info|
231209 112508.545|INFO|qtp135640095-50020|info|Version 9 () Java ver 18.0.2.1 build  Windows 11 10.0 (amd64) 
231209 112508.545|INFO|qtp135640095-50020|startLog|Working directory is C:\Users\18328\Desktop\pc2\WebTeamInterface-1.1
231209 112508.545|INFO|qtp135640095-50020|startLog|Process id is 15028@DESKTOP-D75BQTV
231209 112508.545|INFO|qtp135640095-50020|start|Starting ConnectionManager...
231209 112508.554|INFO|qtp135640095-50020|start|Started ConnectionManager
231209 112508.554|INFO|qtp135640095-50020|setClientServerAndPort|INIFile File location: file:/C:/Users/18328/Desktop/pc2/WebTeamInterface-1.1/pc2v9.ini
231209 112508.554|INFO|qtp135640095-50020|setClientServerAndPort|setClientServerAndPort localhost parsed as localhost port 50002
231209 112508.554|INFO|qtp135640095-50020|info|Contacting server at localhost:50002
231209 112508.554|INFO|qtp135640095-50020|connectToMyServer|Connecting to localhost:50002
231209 112508.562|INFO|Thread-65965|receiveUnencrypted|receiveUnencrypted(TransportWrapper, ConnectionHandlerID=Socket[addr=localhost/127.0.0.1,port=50002,localport=52138]--8111464645939560651)
231209 112508.562|INFO|Thread-65965|receiveUnencrypted|receiveUnencrypted Made a secret key for Socket[addr=localhost/127.0.0.1,port=50002,localport=52138]--8111464645939560651 key is com.sun.crypto.provider.DESKey@fffe7f91
231209 112508.562|INFO|Thread-65965|getPublicKeyPacket|Generating Unencrypted Public Key Packet
231209 112508.562|INFO|Thread-65965|getPublicKeyPacket|checking key:= SunJCE Diffie-Hellman Public Key:
y:
    a973adc8 b5114852 ed1ff538 55f9f570 1daa20df 25c5c293 4e2e0334 2dece085
    6339d1c8 0e37257b df08d34b 00686168 c1c18cb9 2a655ee1 5649576e a7310cc5
    8c4196f4 56d4c221 40ee88a4 d3602926 ea883e1c c38f349e dfe3a7ea 7caa9abb
    98c5485a cbd9629b 30347bce fbd53290 31d49f83 f1fe0f8c 8f5d0a8c e047ea05
p:
    f488fd58 4e49dbcd 20b49de4 9107366b 336c380d 451d0f7c 88b31c7c 5b2d8ef6
    f3c923c0 43f0a55b 188d8ebb 558cb85d 38d334fd 7c175743 a31d186c de33212c
    b52aff3c e1b12940 18118d7c 84a70a72 d686c403 19c80729 7aca950c d9969fab
    d00a509b 0246d308 3d66a45d 419f9c7c bd894b22 1926baab a25ec355 e92f78c7
g:
    02
l:
    512
231209 112508.562|INFO|Thread-65965|getPublicKeyPacket|packet:= edu.csus.ecs.pc2.core.transport.TransportWrapper@3ea2d5c0
231209 114846.673|INFO|Thread-65965|receive|EOFException in receive for Socket[addr=localhost/127.0.0.1,port=50002,localport=52138]--8111464645939560651
|java.io.EOFException: null
|    at java.io.ObjectInputStream$BlockDataInputStream.peekByte (ObjectInputStream.java:3244)
|    at java.io.ObjectInputStream.readObject0 (ObjectInputStream.java:1708)
|    at java.io.ObjectInputStream.readObject (ObjectInputStream.java:538)
|    at java.io.ObjectInputStream.readObject (ObjectInputStream.java:496)
|    at edu.csus.ecs.pc2.core.transport.ConnectionHandlerThread.receive (ConnectionHandlerThread.java:152)
|    at edu.csus.ecs.pc2.core.transport.ConnectionHandlerClientThread.run (ConnectionHandlerClientThread.java:66)
231209 114846.673|FINER|Thread-65965|run|THROW
|edu.csus.ecs.pc2.core.transport.TransportException: null
|    at edu.csus.ecs.pc2.core.transport.ConnectionHandlerThread.receive (ConnectionHandlerThread.java:159)
|    at edu.csus.ecs.pc2.core.transport.ConnectionHandlerClientThread.run (ConnectionHandlerClientThread.java:66)
231209 114846.673|FINER|Thread-65965|run - e.getmessage is null()|THROW
|edu.csus.ecs.pc2.core.transport.TransportException: null
|    at edu.csus.ecs.pc2.core.transport.ConnectionHandlerThread.receive (ConnectionHandlerThread.java:159)
|    at edu.csus.ecs.pc2.core.transport.ConnectionHandlerClientThread.run (ConnectionHandlerClientThread.java:66)
