231209 080542.341|CONFIG|qtp135640095-409|setFileHandlers|Now logging to C:\Users\18328\Desktop\pc2\WebTeamInterface-1.1\logs directory.
231209 080542.341|INFO|qtp135640095-409|info|
231209 080542.341|INFO|qtp135640095-409|info|Version 9 () Java ver 18.0.2.1 build  Windows 11 10.0 (amd64) 
231209 080542.341|INFO|qtp135640095-409|startLog|Working directory is C:\Users\18328\Desktop\pc2\WebTeamInterface-1.1
231209 080542.341|INFO|qtp135640095-409|startLog|Process id is 15028@DESKTOP-D75BQTV
231209 080542.341|INFO|qtp135640095-409|start|Starting ConnectionManager...
231209 080542.352|INFO|qtp135640095-409|start|Started ConnectionManager
231209 080542.352|INFO|qtp135640095-409|setClientServerAndPort|INIFile File location: file:/C:/Users/18328/Desktop/pc2/WebTeamInterface-1.1/pc2v9.ini
231209 080542.352|INFO|qtp135640095-409|setClientServerAndPort|setClientServerAndPort localhost parsed as localhost port 50002
231209 080542.352|INFO|qtp135640095-409|info|Contacting server at localhost:50002
231209 080542.352|INFO|qtp135640095-409|connectToMyServer|Connecting to localhost:50002
231209 080542.357|INFO|Thread-1006|receiveUnencrypted|receiveUnencrypted(TransportWrapper, ConnectionHandlerID=Socket[addr=localhost/127.0.0.1,port=50002,localport=59846]--2353845814170751022)
231209 080542.357|INFO|Thread-1006|receiveUnencrypted|receiveUnencrypted Made a secret key for Socket[addr=localhost/127.0.0.1,port=50002,localport=59846]--2353845814170751022 key is com.sun.crypto.provider.DESKey@18267
231209 080542.357|INFO|Thread-1006|getPublicKeyPacket|Generating Unencrypted Public Key Packet
231209 080542.365|INFO|Thread-1006|getPublicKeyPacket|checking key:= SunJCE Diffie-Hellman Public Key:
y:
    bc81db68 6eb1b771 12c56975 a859c289 949778b6 412a1003 af165406 60bcd650
    f67c5aa7 f1b76159 629c99a4 3332fb8e 34fefb26 df5b0f95 b82790cc 99c29a8f
    d65a5cc8 f009c73e c159cb53 01cf98bf e807ccb4 57d9a60d 3f641680 2d956a0e
    68ea4293 6c907a40 98144e1f ea323246 1dd9cf74 c758daa4 f0e9c24e 25cfaead
p:
    f488fd58 4e49dbcd 20b49de4 9107366b 336c380d 451d0f7c 88b31c7c 5b2d8ef6
    f3c923c0 43f0a55b 188d8ebb 558cb85d 38d334fd 7c175743 a31d186c de33212c
    b52aff3c e1b12940 18118d7c 84a70a72 d686c403 19c80729 7aca950c d9969fab
    d00a509b 0246d308 3d66a45d 419f9c7c bd894b22 1926baab a25ec355 e92f78c7
g:
    02
l:
    512
231209 080542.365|INFO|Thread-1006|getPublicKeyPacket|packet:= edu.csus.ecs.pc2.core.transport.TransportWrapper@4e76d52
231209 081804.666|INFO|Thread-1006|receive|EOFException in receive for Socket[addr=localhost/127.0.0.1,port=50002,localport=59846]--2353845814170751022
|java.io.EOFException: null
|    at java.io.ObjectInputStream$BlockDataInputStream.peekByte (ObjectInputStream.java:3244)
|    at java.io.ObjectInputStream.readObject0 (ObjectInputStream.java:1708)
|    at java.io.ObjectInputStream.readObject (ObjectInputStream.java:538)
|    at java.io.ObjectInputStream.readObject (ObjectInputStream.java:496)
|    at edu.csus.ecs.pc2.core.transport.ConnectionHandlerThread.receive (ConnectionHandlerThread.java:152)
|    at edu.csus.ecs.pc2.core.transport.ConnectionHandlerClientThread.run (ConnectionHandlerClientThread.java:66)
231209 081804.666|FINER|Thread-1006|run|THROW
|edu.csus.ecs.pc2.core.transport.TransportException: null
|    at edu.csus.ecs.pc2.core.transport.ConnectionHandlerThread.receive (ConnectionHandlerThread.java:159)
|    at edu.csus.ecs.pc2.core.transport.ConnectionHandlerClientThread.run (ConnectionHandlerClientThread.java:66)
231209 081804.666|FINER|Thread-1006|run - e.getmessage is null()|THROW
|edu.csus.ecs.pc2.core.transport.TransportException: null
|    at edu.csus.ecs.pc2.core.transport.ConnectionHandlerThread.receive (ConnectionHandlerThread.java:159)
|    at edu.csus.ecs.pc2.core.transport.ConnectionHandlerClientThread.run (ConnectionHandlerClientThread.java:66)
