230921 151410.524|CONFIG|qtp18242360-89|setFileHandlers|Now logging to C:\Users\18328\Desktop\pc2\WebTeamInterface-1.1\logs directory.
230921 151410.524|INFO|qtp18242360-89|info|
230921 151410.524|INFO|qtp18242360-89|info|Version 9 () Java ver 18.0.2.1 build  Windows 11 10.0 (amd64) 
230921 151410.524|INFO|qtp18242360-89|startLog|Working directory is C:\Users\18328\Desktop\pc2\WebTeamInterface-1.1
230921 151410.524|INFO|qtp18242360-89|startLog|Process id is 1544@DESKTOP-D75BQTV
230921 151410.524|INFO|qtp18242360-89|start|Starting ConnectionManager...
230921 151410.524|INFO|qtp18242360-89|start|Started ConnectionManager
230921 151410.535|INFO|qtp18242360-89|setClientServerAndPort|INIFile File location: file:/C:/Users/18328/Desktop/pc2/WebTeamInterface-1.1/pc2v9.ini
230921 151410.535|INFO|qtp18242360-89|setClientServerAndPort|setClientServerAndPort localhost parsed as localhost port 50002
230921 151410.535|INFO|qtp18242360-89|info|Contacting server at localhost:50002
230921 151410.535|INFO|qtp18242360-89|connectToMyServer|Connecting to localhost:50002
230921 151410.545|INFO|Thread-152|receiveUnencrypted|receiveUnencrypted(TransportWrapper, ConnectionHandlerID=Socket[addr=localhost/127.0.0.1,port=50002,localport=57290]--3285026666457642518)
230921 151410.545|INFO|Thread-152|receiveUnencrypted|receiveUnencrypted Made a secret key for Socket[addr=localhost/127.0.0.1,port=50002,localport=57290]--3285026666457642518 key is com.sun.crypto.provider.DESKey@fffe7fc8
230921 151410.545|INFO|Thread-152|getPublicKeyPacket|Generating Unencrypted Public Key Packet
230921 151410.545|INFO|Thread-152|getPublicKeyPacket|checking key:= SunJCE Diffie-Hellman Public Key:
y:
    86ef23a6 131faac5 c41862bb d39b94e0 7d000230 ebb7d5f2 c5fecdd8 cc0d2077
    48d783c1 a4c0027b 29b0e7b9 e1cdebad 273bce78 1c8b365f 8a1f7495 1f812099
    8046c014 ec6e891f 9c5dc1ab c7e365b3 acc26993 6b494d9d 559dffbf b120214e
    9f4eac2e d50e3437 4f8b8866 68014a2a c535c832 2e4ea2b5 fe2a7611 9d017ddf
p:
    f488fd58 4e49dbcd 20b49de4 9107366b 336c380d 451d0f7c 88b31c7c 5b2d8ef6
    f3c923c0 43f0a55b 188d8ebb 558cb85d 38d334fd 7c175743 a31d186c de33212c
    b52aff3c e1b12940 18118d7c 84a70a72 d686c403 19c80729 7aca950c d9969fab
    d00a509b 0246d308 3d66a45d 419f9c7c bd894b22 1926baab a25ec355 e92f78c7
g:
    02
l:
    512
230921 151410.545|INFO|Thread-152|getPublicKeyPacket|packet:= edu.csus.ecs.pc2.core.transport.TransportWrapper@147005a9
230921 165528.085|INFO|Thread-152|receive|SocketException in receive for Socket[addr=localhost/127.0.0.1,port=50002,localport=57290]--3285026666457642518
|java.net.SocketException: Connection reset
|    at sun.nio.ch.NioSocketImpl.implRead (NioSocketImpl.java:320)
|    at sun.nio.ch.NioSocketImpl.read (NioSocketImpl.java:347)
|    at sun.nio.ch.NioSocketImpl$1.read (NioSocketImpl.java:800)
|    at java.net.Socket$SocketInputStream.read (Socket.java:966)
|    at java.net.Socket$SocketInputStream.read (Socket.java:961)
|    at java.io.ObjectInputStream$PeekInputStream.peek (ObjectInputStream.java:2905)
|    at java.io.ObjectInputStream$BlockDataInputStream.peek (ObjectInputStream.java:3232)
|    at java.io.ObjectInputStream$BlockDataInputStream.peekByte (ObjectInputStream.java:3242)
|    at java.io.ObjectInputStream.readObject0 (ObjectInputStream.java:1708)
|    at java.io.ObjectInputStream.readObject (ObjectInputStream.java:538)
|    at java.io.ObjectInputStream.readObject (ObjectInputStream.java:496)
|    at edu.csus.ecs.pc2.core.transport.ConnectionHandlerThread.receive (ConnectionHandlerThread.java:152)
|    at edu.csus.ecs.pc2.core.transport.ConnectionHandlerClientThread.run (ConnectionHandlerClientThread.java:66)
230921 165528.088|FINER|Thread-152|run|THROW
|edu.csus.ecs.pc2.core.transport.TransportException: Connection reset
|    at edu.csus.ecs.pc2.core.transport.ConnectionHandlerThread.receive (ConnectionHandlerThread.java:156)
|    at edu.csus.ecs.pc2.core.transport.ConnectionHandlerClientThread.run (ConnectionHandlerClientThread.java:66)
