221210 101946.281|CONFIG|qtp1613095350-27|setFileHandlers|Now logging to C:\Users\18328\Desktop\pc2\WebTeamInterface-1.1\logs directory.
221210 101946.281|INFO|qtp1613095350-27|info|
221210 101946.281|INFO|qtp1613095350-27|info|Version 9 () Java ver 18.0.2.1 build  Windows 11 10.0 (amd64) 
221210 101946.281|INFO|qtp1613095350-27|startLog|Working directory is C:\Users\18328\Desktop\pc2\WebTeamInterface-1.1
221210 101946.281|INFO|qtp1613095350-27|startLog|Process id is 22344@DESKTOP-D75BQTV
221210 101946.281|INFO|qtp1613095350-27|start|Starting ConnectionManager...
221210 101946.282|INFO|qtp1613095350-27|start|Started ConnectionManager
221210 101946.283|INFO|qtp1613095350-27|setClientServerAndPort|INIFile File location: file:/C:/Users/18328/Desktop/pc2/WebTeamInterface-1.1/pc2v9.ini
221210 101946.283|INFO|qtp1613095350-27|setClientServerAndPort|setClientServerAndPort 212.212.212.212 parsed as 212.212.212.212 port 50002
221210 101946.284|INFO|qtp1613095350-27|info|Contacting server at 212.212.212.212:50002
221210 101946.284|INFO|qtp1613095350-27|connectToMyServer|Connecting to 212.212.212.212:50002
221210 101946.285|INFO|Thread-2075|receiveUnencrypted|receiveUnencrypted(TransportWrapper, ConnectionHandlerID=Socket[addr=/212.212.212.212,port=50002,localport=57328]-8380403645273362010)
221210 101946.285|INFO|Thread-2075|receiveUnencrypted|receiveUnencrypted Made a secret key for Socket[addr=/212.212.212.212,port=50002,localport=57328]-8380403645273362010 key is com.sun.crypto.provider.DESKey@1840f
221210 101946.285|INFO|Thread-2075|getPublicKeyPacket|Generating Unencrypted Public Key Packet
221210 101946.286|INFO|Thread-2075|getPublicKeyPacket|checking key:= SunJCE Diffie-Hellman Public Key:
y:
    d15e6033 46f59752 a4860b28 ab2cb624 818d54fd 15879b3b 1680b06b d4c57a87
    4e956dfe 6a542f7e e13fc79b c7e89386 a6a28c64 5a9ec00d 5e9de21a 73b73ac7
    ba7e6d3b b43930c7 0a552ad4 7be5f396 3170aa13 f5e23a7d b3e8b0ea c4d10311
    d7e168e8 50974c9e f6c6f7dc 4e4c02c5 dcb4d608 5035327e c98efaed a4c92c1f
p:
    f488fd58 4e49dbcd 20b49de4 9107366b 336c380d 451d0f7c 88b31c7c 5b2d8ef6
    f3c923c0 43f0a55b 188d8ebb 558cb85d 38d334fd 7c175743 a31d186c de33212c
    b52aff3c e1b12940 18118d7c 84a70a72 d686c403 19c80729 7aca950c d9969fab
    d00a509b 0246d308 3d66a45d 419f9c7c bd894b22 1926baab a25ec355 e92f78c7
g:
    02
l:
    512
221210 101946.286|INFO|Thread-2075|getPublicKeyPacket|packet:= edu.csus.ecs.pc2.core.transport.TransportWrapper@6a8f72a1
221210 150258.255|INFO|Thread-2075|receive|SocketException in receive for Socket[addr=/212.212.212.212,port=50002,localport=57328]-8380403645273362010
|java.net.SocketException: An established connection was aborted by the software in your host machine
|    at sun.nio.ch.NioSocketImpl.implRead (NioSocketImpl.java:322)
|    at sun.nio.ch.NioSocketImpl.read (NioSocketImpl.java:347)
|    at sun.nio.ch.NioSocketImpl$1.read (NioSocketImpl.java:800)
|    at java.net.Socket$SocketInputStream.read (Socket.java:966)
|    at java.net.Socket$SocketInputStream.read (Socket.java:961)
|    at java.io.ObjectInputStream$PeekInputStream.peek (ObjectInputStream.java:2905)
|    at java.io.ObjectInputStream$BlockDataInputStream.peek (ObjectInputStream.java:3232)
|    at java.io.ObjectInputStream$BlockDataInputStream.peekByte (ObjectInputStream.java:3242)
|    at java.io.ObjectInputStream.readObject0 (ObjectInputStream.java:1708)
|    at java.io.ObjectInputStream.readObject (ObjectInputStream.java:538)
|    at java.io.ObjectInputStream.readObject (ObjectInputStream.java:496)
|    at edu.csus.ecs.pc2.core.transport.ConnectionHandlerThread.receive (ConnectionHandlerThread.java:152)
|    at edu.csus.ecs.pc2.core.transport.ConnectionHandlerClientThread.run (ConnectionHandlerClientThread.java:66)
221210 150258.300|FINER|Thread-2075|run|THROW
|edu.csus.ecs.pc2.core.transport.TransportException: An established connection was aborted by the software in your host machine
|    at edu.csus.ecs.pc2.core.transport.ConnectionHandlerThread.receive (ConnectionHandlerThread.java:156)
|    at edu.csus.ecs.pc2.core.transport.ConnectionHandlerClientThread.run (ConnectionHandlerClientThread.java:66)
221210 150258.301|INFO|Thread-2075|receive|SocketException in receive for Socket[addr=/212.212.212.212,port=50002,localport=57328]-8380403645273362010
|java.net.SocketException: Connection reset
|    at sun.nio.ch.NioSocketImpl.implRead (NioSocketImpl.java:320)
|    at sun.nio.ch.NioSocketImpl.read (NioSocketImpl.java:347)
|    at sun.nio.ch.NioSocketImpl$1.read (NioSocketImpl.java:800)
|    at java.net.Socket$SocketInputStream.read (Socket.java:966)
|    at java.net.Socket$SocketInputStream.read (Socket.java:961)
|    at java.io.ObjectInputStream$PeekInputStream.peek (ObjectInputStream.java:2905)
|    at java.io.ObjectInputStream$BlockDataInputStream.peek (ObjectInputStream.java:3232)
|    at java.io.ObjectInputStream$BlockDataInputStream.peekByte (ObjectInputStream.java:3242)
|    at java.io.ObjectInputStream.readObject0 (ObjectInputStream.java:1708)
|    at java.io.ObjectInputStream.readObject (ObjectInputStream.java:538)
|    at java.io.ObjectInputStream.readObject (ObjectInputStream.java:496)
|    at edu.csus.ecs.pc2.core.transport.ConnectionHandlerThread.receive (ConnectionHandlerThread.java:152)
|    at edu.csus.ecs.pc2.core.transport.ConnectionHandlerClientThread.run (ConnectionHandlerClientThread.java:66)
221210 150258.305|FINER|Thread-2075|run|THROW
|edu.csus.ecs.pc2.core.transport.TransportException: Connection reset
|    at edu.csus.ecs.pc2.core.transport.ConnectionHandlerThread.receive (ConnectionHandlerThread.java:156)
|    at edu.csus.ecs.pc2.core.transport.ConnectionHandlerClientThread.run (ConnectionHandlerClientThread.java:66)
