231209 080828.689|CONFIG|qtp135640095-389|setFileHandlers|Now logging to C:\Users\18328\Desktop\pc2\WebTeamInterface-1.1\logs directory.
231209 080828.692|INFO|qtp135640095-389|info|
231209 080828.692|INFO|qtp135640095-389|info|Version 9 () Java ver 18.0.2.1 build  Windows 11 10.0 (amd64) 
231209 080828.692|INFO|qtp135640095-389|startLog|Working directory is C:\Users\18328\Desktop\pc2\WebTeamInterface-1.1
231209 080828.692|INFO|qtp135640095-389|startLog|Process id is 15028@DESKTOP-D75BQTV
231209 080828.692|INFO|qtp135640095-389|start|Starting ConnectionManager...
231209 080828.703|INFO|qtp135640095-389|start|Started ConnectionManager
231209 080828.703|INFO|qtp135640095-389|setClientServerAndPort|INIFile File location: file:/C:/Users/18328/Desktop/pc2/WebTeamInterface-1.1/pc2v9.ini
231209 080828.703|INFO|qtp135640095-389|setClientServerAndPort|setClientServerAndPort localhost parsed as localhost port 50002
231209 080828.703|INFO|qtp135640095-389|info|Contacting server at localhost:50002
231209 080828.703|INFO|qtp135640095-389|connectToMyServer|Connecting to localhost:50002
231209 080828.709|INFO|Thread-1273|receiveUnencrypted|receiveUnencrypted(TransportWrapper, ConnectionHandlerID=Socket[addr=localhost/127.0.0.1,port=50002,localport=60547]--6176085100098129195)
231209 080828.717|INFO|Thread-1273|receiveUnencrypted|receiveUnencrypted Made a secret key for Socket[addr=localhost/127.0.0.1,port=50002,localport=60547]--6176085100098129195 key is com.sun.crypto.provider.DESKey@fffe7cbc
231209 080828.717|INFO|Thread-1273|getPublicKeyPacket|Generating Unencrypted Public Key Packet
231209 080828.717|INFO|Thread-1273|getPublicKeyPacket|checking key:= SunJCE Diffie-Hellman Public Key:
y:
    f348697c 1f66c8cf 4555da99 90b6f68c 6de62d63 64dcf2dd a45c231e c991d8b3
    3fb2a9f8 8fa54af4 e1e26d89 199eba25 f8352611 d7f45420 a1be35ad 75b48163
    8d3a4c53 9c9c0fe5 b8453020 54abe73a 4b48678d 36d50e38 f0675d81 eec9dc53
    1b83b1cc 725a22c7 d9e5b647 7099fd6c 517683cd 4ad3d129 240763f2 8d1caf98
p:
    f488fd58 4e49dbcd 20b49de4 9107366b 336c380d 451d0f7c 88b31c7c 5b2d8ef6
    f3c923c0 43f0a55b 188d8ebb 558cb85d 38d334fd 7c175743 a31d186c de33212c
    b52aff3c e1b12940 18118d7c 84a70a72 d686c403 19c80729 7aca950c d9969fab
    d00a509b 0246d308 3d66a45d 419f9c7c bd894b22 1926baab a25ec355 e92f78c7
g:
    02
l:
    512
231209 080828.717|INFO|Thread-1273|getPublicKeyPacket|packet:= edu.csus.ecs.pc2.core.transport.TransportWrapper@14274048
231209 125144.044|INFO|Thread-1273|receive|SocketException in receive for Socket[addr=localhost/127.0.0.1,port=50002,localport=60547]--6176085100098129195
|java.net.SocketException: Connection reset
|    at sun.nio.ch.NioSocketImpl.implRead (NioSocketImpl.java:320)
|    at sun.nio.ch.NioSocketImpl.read (NioSocketImpl.java:347)
|    at sun.nio.ch.NioSocketImpl$1.read (NioSocketImpl.java:800)
|    at java.net.Socket$SocketInputStream.read (Socket.java:966)
|    at java.net.Socket$SocketInputStream.read (Socket.java:961)
|    at java.io.ObjectInputStream$PeekInputStream.peek (ObjectInputStream.java:2905)
|    at java.io.ObjectInputStream$BlockDataInputStream.peek (ObjectInputStream.java:3232)
|    at java.io.ObjectInputStream$BlockDataInputStream.peekByte (ObjectInputStream.java:3242)
|    at java.io.ObjectInputStream.readObject0 (ObjectInputStream.java:1708)
|    at java.io.ObjectInputStream.readObject (ObjectInputStream.java:538)
|    at java.io.ObjectInputStream.readObject (ObjectInputStream.java:496)
|    at edu.csus.ecs.pc2.core.transport.ConnectionHandlerThread.receive (ConnectionHandlerThread.java:152)
|    at edu.csus.ecs.pc2.core.transport.ConnectionHandlerClientThread.run (ConnectionHandlerClientThread.java:66)
231209 125144.077|FINER|Thread-1273|run|THROW
|edu.csus.ecs.pc2.core.transport.TransportException: Connection reset
|    at edu.csus.ecs.pc2.core.transport.ConnectionHandlerThread.receive (ConnectionHandlerThread.java:156)
|    at edu.csus.ecs.pc2.core.transport.ConnectionHandlerClientThread.run (ConnectionHandlerClientThread.java:66)
