231209 114849.833|CONFIG|qtp135640095-66414|setFileHandlers|Now logging to C:\Users\18328\Desktop\pc2\WebTeamInterface-1.1\logs directory.
231209 114849.833|INFO|qtp135640095-66414|info|
231209 114849.833|INFO|qtp135640095-66414|info|Version 9 () Java ver 18.0.2.1 build  Windows 11 10.0 (amd64) 
231209 114849.833|INFO|qtp135640095-66414|startLog|Working directory is C:\Users\18328\Desktop\pc2\WebTeamInterface-1.1
231209 114849.837|INFO|qtp135640095-66414|startLog|Process id is 15028@DESKTOP-D75BQTV
231209 114849.837|INFO|qtp135640095-66414|start|Starting ConnectionManager...
231209 114849.842|INFO|qtp135640095-66414|start|Started ConnectionManager
231209 114849.845|INFO|qtp135640095-66414|setClientServerAndPort|INIFile File location: file:/C:/Users/18328/Desktop/pc2/WebTeamInterface-1.1/pc2v9.ini
231209 114849.845|INFO|qtp135640095-66414|setClientServerAndPort|setClientServerAndPort localhost parsed as localhost port 50002
231209 114849.845|INFO|qtp135640095-66414|info|Contacting server at localhost:50002
231209 114849.845|INFO|qtp135640095-66414|connectToMyServer|Connecting to localhost:50002
231209 114849.847|INFO|Thread-66497|receiveUnencrypted|receiveUnencrypted(TransportWrapper, ConnectionHandlerID=Socket[addr=localhost/127.0.0.1,port=50002,localport=55928]--3374528387087613270)
231209 114849.849|INFO|Thread-66497|receiveUnencrypted|receiveUnencrypted Made a secret key for Socket[addr=localhost/127.0.0.1,port=50002,localport=55928]--3374528387087613270 key is com.sun.crypto.provider.DESKey@1852b
231209 114849.849|INFO|Thread-66497|getPublicKeyPacket|Generating Unencrypted Public Key Packet
231209 114849.849|INFO|Thread-66497|getPublicKeyPacket|checking key:= SunJCE Diffie-Hellman Public Key:
y:
    6756160c eaec13e2 4e1ecf81 ced2f8a0 3a70e52b c751a88b 87fbf7f2 664f5409
    30f3a802 4d04f1a5 7a61dfcd bb74698b 08710a26 d549a6ca 495f9c8b 1ff79404
    4f5384d1 f15cf0c3 d79ed3b0 a47d8f05 e7afee16 79ea8e2d d8d9dcd3 73623fbd
    f35f1c53 1b5e96b1 794b7ec3 16a50afa e8ab5ec7 0a009589 d6682c4d b527d205
p:
    f488fd58 4e49dbcd 20b49de4 9107366b 336c380d 451d0f7c 88b31c7c 5b2d8ef6
    f3c923c0 43f0a55b 188d8ebb 558cb85d 38d334fd 7c175743 a31d186c de33212c
    b52aff3c e1b12940 18118d7c 84a70a72 d686c403 19c80729 7aca950c d9969fab
    d00a509b 0246d308 3d66a45d 419f9c7c bd894b22 1926baab a25ec355 e92f78c7
g:
    02
l:
    512
231209 114849.849|INFO|Thread-66497|getPublicKeyPacket|packet:= edu.csus.ecs.pc2.core.transport.TransportWrapper@b2c31a7
231209 115650.042|INFO|Thread-66497|receive|EOFException in receive for Socket[addr=localhost/127.0.0.1,port=50002,localport=55928]--3374528387087613270
|java.io.EOFException: null
|    at java.io.ObjectInputStream$BlockDataInputStream.peekByte (ObjectInputStream.java:3244)
|    at java.io.ObjectInputStream.readObject0 (ObjectInputStream.java:1708)
|    at java.io.ObjectInputStream.readObject (ObjectInputStream.java:538)
|    at java.io.ObjectInputStream.readObject (ObjectInputStream.java:496)
|    at edu.csus.ecs.pc2.core.transport.ConnectionHandlerThread.receive (ConnectionHandlerThread.java:152)
|    at edu.csus.ecs.pc2.core.transport.ConnectionHandlerClientThread.run (ConnectionHandlerClientThread.java:66)
231209 115650.042|FINER|Thread-66497|run|THROW
|edu.csus.ecs.pc2.core.transport.TransportException: null
|    at edu.csus.ecs.pc2.core.transport.ConnectionHandlerThread.receive (ConnectionHandlerThread.java:159)
|    at edu.csus.ecs.pc2.core.transport.ConnectionHandlerClientThread.run (ConnectionHandlerClientThread.java:66)
231209 115650.042|FINER|Thread-66497|run - e.getmessage is null()|THROW
|edu.csus.ecs.pc2.core.transport.TransportException: null
|    at edu.csus.ecs.pc2.core.transport.ConnectionHandlerThread.receive (ConnectionHandlerThread.java:159)
|    at edu.csus.ecs.pc2.core.transport.ConnectionHandlerClientThread.run (ConnectionHandlerClientThread.java:66)
