231209 102159.838|CONFIG|qtp135640095-32379|setFileHandlers|Now logging to C:\Users\18328\Desktop\pc2\WebTeamInterface-1.1\logs directory.
231209 102159.838|INFO|qtp135640095-32379|info|
231209 102159.838|INFO|qtp135640095-32379|info|Version 9 () Java ver 18.0.2.1 build  Windows 11 10.0 (amd64) 
231209 102159.846|INFO|qtp135640095-32379|startLog|Working directory is C:\Users\18328\Desktop\pc2\WebTeamInterface-1.1
231209 102159.846|INFO|qtp135640095-32379|startLog|Process id is 15028@DESKTOP-D75BQTV
231209 102159.846|INFO|qtp135640095-32379|start|Starting ConnectionManager...
231209 102159.852|INFO|qtp135640095-32379|start|Started ConnectionManager
231209 102159.855|INFO|qtp135640095-32379|setClientServerAndPort|INIFile File location: file:/C:/Users/18328/Desktop/pc2/WebTeamInterface-1.1/pc2v9.ini
231209 102159.855|INFO|qtp135640095-32379|setClientServerAndPort|setClientServerAndPort localhost parsed as localhost port 50002
231209 102159.855|INFO|qtp135640095-32379|info|Contacting server at localhost:50002
231209 102159.855|INFO|qtp135640095-32379|connectToMyServer|Connecting to localhost:50002
231209 102159.863|INFO|Thread-45493|receiveUnencrypted|receiveUnencrypted(TransportWrapper, ConnectionHandlerID=Socket[addr=localhost/127.0.0.1,port=50002,localport=57004]--7138450034986584065)
231209 102159.864|INFO|Thread-45493|receiveUnencrypted|receiveUnencrypted Made a secret key for Socket[addr=localhost/127.0.0.1,port=50002,localport=57004]--7138450034986584065 key is com.sun.crypto.provider.DESKey@fffe7a02
231209 102159.864|INFO|Thread-45493|getPublicKeyPacket|Generating Unencrypted Public Key Packet
231209 102159.864|INFO|Thread-45493|getPublicKeyPacket|checking key:= SunJCE Diffie-Hellman Public Key:
y:
    dfd5382f 755609d6 bbd58c93 6e2bd999 102b2d71 839f61c4 4e96d21c 4e156a60
    204ea153 49b4f582 17262c52 e81592b3 6f47ca89 fd749b35 5c6fda86 4c43e586
    c4ea10f7 915224e3 02e1f696 f4b1c34b 20eb6d92 fa929c6c 1b451431 245bafe9
    ad7cd09b 99eecc23 e106fcea 14314693 8ba40097 830060ff 3be7f11d d12ee353
p:
    f488fd58 4e49dbcd 20b49de4 9107366b 336c380d 451d0f7c 88b31c7c 5b2d8ef6
    f3c923c0 43f0a55b 188d8ebb 558cb85d 38d334fd 7c175743 a31d186c de33212c
    b52aff3c e1b12940 18118d7c 84a70a72 d686c403 19c80729 7aca950c d9969fab
    d00a509b 0246d308 3d66a45d 419f9c7c bd894b22 1926baab a25ec355 e92f78c7
g:
    02
l:
    512
231209 102159.864|INFO|Thread-45493|getPublicKeyPacket|packet:= edu.csus.ecs.pc2.core.transport.TransportWrapper@7cd7579b
231209 102224.218|INFO|Thread-45493|receive|EOFException in receive for Socket[addr=localhost/127.0.0.1,port=50002,localport=57004]--7138450034986584065
|java.io.EOFException: null
|    at java.io.ObjectInputStream$BlockDataInputStream.peekByte (ObjectInputStream.java:3244)
|    at java.io.ObjectInputStream.readObject0 (ObjectInputStream.java:1708)
|    at java.io.ObjectInputStream.readObject (ObjectInputStream.java:538)
|    at java.io.ObjectInputStream.readObject (ObjectInputStream.java:496)
|    at edu.csus.ecs.pc2.core.transport.ConnectionHandlerThread.receive (ConnectionHandlerThread.java:152)
|    at edu.csus.ecs.pc2.core.transport.ConnectionHandlerClientThread.run (ConnectionHandlerClientThread.java:66)
231209 102224.218|FINER|Thread-45493|run|THROW
|edu.csus.ecs.pc2.core.transport.TransportException: null
|    at edu.csus.ecs.pc2.core.transport.ConnectionHandlerThread.receive (ConnectionHandlerThread.java:159)
|    at edu.csus.ecs.pc2.core.transport.ConnectionHandlerClientThread.run (ConnectionHandlerClientThread.java:66)
231209 102224.218|FINER|Thread-45493|run - e.getmessage is null()|THROW
|edu.csus.ecs.pc2.core.transport.TransportException: null
|    at edu.csus.ecs.pc2.core.transport.ConnectionHandlerThread.receive (ConnectionHandlerThread.java:159)
|    at edu.csus.ecs.pc2.core.transport.ConnectionHandlerClientThread.run (ConnectionHandlerClientThread.java:66)
