231209 064833.743|CONFIG|qtp135640095-31|setFileHandlers|Now logging to C:\Users\18328\Desktop\pc2\WebTeamInterface-1.1\logs directory.
231209 064833.743|INFO|qtp135640095-31|info|
231209 064833.743|INFO|qtp135640095-31|info|Version 9 () Java ver 18.0.2.1 build  Windows 11 10.0 (amd64) 
231209 064833.743|INFO|qtp135640095-31|startLog|Working directory is C:\Users\18328\Desktop\pc2\WebTeamInterface-1.1
231209 064833.743|INFO|qtp135640095-31|startLog|Process id is 15028@DESKTOP-D75BQTV
231209 064833.743|INFO|qtp135640095-31|start|Starting ConnectionManager...
231209 064833.759|INFO|qtp135640095-31|start|Started ConnectionManager
231209 064833.763|INFO|qtp135640095-31|setClientServerAndPort|INIFile File location: file:/C:/Users/18328/Desktop/pc2/WebTeamInterface-1.1/pc2v9.ini
231209 064833.763|INFO|qtp135640095-31|setClientServerAndPort|setClientServerAndPort localhost parsed as localhost port 50002
231209 064833.764|INFO|qtp135640095-31|info|Contacting server at localhost:50002
231209 064833.764|INFO|qtp135640095-31|connectToMyServer|Connecting to localhost:50002
231209 064833.778|INFO|Thread-37|receiveUnencrypted|receiveUnencrypted(TransportWrapper, ConnectionHandlerID=Socket[addr=localhost/127.0.0.1,port=50002,localport=57438]--153225980967008324)
231209 064833.784|INFO|Thread-37|receiveUnencrypted|receiveUnencrypted Made a secret key for Socket[addr=localhost/127.0.0.1,port=50002,localport=57438]--153225980967008324 key is com.sun.crypto.provider.DESKey@18692
231209 064833.784|INFO|Thread-37|getPublicKeyPacket|Generating Unencrypted Public Key Packet
231209 064833.784|INFO|Thread-37|getPublicKeyPacket|checking key:= SunJCE Diffie-Hellman Public Key:
y:
    9608c5ec 39711bfc 7276476b d18d1115 9c556810 70827e48 e1a8b9b8 7b16f850
    51c443a4 4035a7cd 641b2f5c 6a7c4dd2 07c0d661 3ed8ec14 57b04076 52117068
    a0c4b589 64e28e26 a8c08d99 53b3abf2 43d44a00 44b4c1d6 71a2b291 7ad6baf9
    ba00e09f aaa34116 e6fec984 5d64e9b4 0d7753c0 0cd658c1 f6032f1b 98444505
p:
    f488fd58 4e49dbcd 20b49de4 9107366b 336c380d 451d0f7c 88b31c7c 5b2d8ef6
    f3c923c0 43f0a55b 188d8ebb 558cb85d 38d334fd 7c175743 a31d186c de33212c
    b52aff3c e1b12940 18118d7c 84a70a72 d686c403 19c80729 7aca950c d9969fab
    d00a509b 0246d308 3d66a45d 419f9c7c bd894b22 1926baab a25ec355 e92f78c7
g:
    02
l:
    512
231209 064833.792|INFO|Thread-37|getPublicKeyPacket|packet:= edu.csus.ecs.pc2.core.transport.TransportWrapper@38b587bb
231209 065553.308|INFO|Thread-37|receive|EOFException in receive for Socket[addr=localhost/127.0.0.1,port=50002,localport=57438]--153225980967008324
|java.io.EOFException: null
|    at java.io.ObjectInputStream$BlockDataInputStream.peekByte (ObjectInputStream.java:3244)
|    at java.io.ObjectInputStream.readObject0 (ObjectInputStream.java:1708)
|    at java.io.ObjectInputStream.readObject (ObjectInputStream.java:538)
|    at java.io.ObjectInputStream.readObject (ObjectInputStream.java:496)
|    at edu.csus.ecs.pc2.core.transport.ConnectionHandlerThread.receive (ConnectionHandlerThread.java:152)
|    at edu.csus.ecs.pc2.core.transport.ConnectionHandlerClientThread.run (ConnectionHandlerClientThread.java:66)
231209 065553.308|FINER|Thread-37|run|THROW
|edu.csus.ecs.pc2.core.transport.TransportException: null
|    at edu.csus.ecs.pc2.core.transport.ConnectionHandlerThread.receive (ConnectionHandlerThread.java:159)
|    at edu.csus.ecs.pc2.core.transport.ConnectionHandlerClientThread.run (ConnectionHandlerClientThread.java:66)
231209 065553.308|FINER|Thread-37|run - e.getmessage is null()|THROW
|edu.csus.ecs.pc2.core.transport.TransportException: null
|    at edu.csus.ecs.pc2.core.transport.ConnectionHandlerThread.receive (ConnectionHandlerThread.java:159)
|    at edu.csus.ecs.pc2.core.transport.ConnectionHandlerClientThread.run (ConnectionHandlerClientThread.java:66)
