231209 104026.264|CONFIG|qtp135640095-46322|setFileHandlers|Now logging to C:\Users\18328\Desktop\pc2\WebTeamInterface-1.1\logs directory.
231209 104026.264|INFO|qtp135640095-46322|info|
231209 104026.264|INFO|qtp135640095-46322|info|Version 9 () Java ver 18.0.2.1 build  Windows 11 10.0 (amd64) 
231209 104026.264|INFO|qtp135640095-46322|startLog|Working directory is C:\Users\18328\Desktop\pc2\WebTeamInterface-1.1
231209 104026.270|INFO|qtp135640095-46322|startLog|Process id is 15028@DESKTOP-D75BQTV
231209 104026.270|INFO|qtp135640095-46322|start|Starting ConnectionManager...
231209 104026.270|INFO|qtp135640095-46322|start|Started ConnectionManager
231209 104026.270|INFO|qtp135640095-46322|setClientServerAndPort|INIFile File location: file:/C:/Users/18328/Desktop/pc2/WebTeamInterface-1.1/pc2v9.ini
231209 104026.270|INFO|qtp135640095-46322|setClientServerAndPort|setClientServerAndPort localhost parsed as localhost port 50002
231209 104026.270|INFO|qtp135640095-46322|info|Contacting server at localhost:50002
231209 104026.270|INFO|qtp135640095-46322|connectToMyServer|Connecting to localhost:50002
231209 104026.278|INFO|Thread-49503|receiveUnencrypted|receiveUnencrypted(TransportWrapper, ConnectionHandlerID=Socket[addr=localhost/127.0.0.1,port=50002,localport=60097]--7958887097392072498)
231209 104026.282|INFO|Thread-49503|receiveUnencrypted|receiveUnencrypted Made a secret key for Socket[addr=localhost/127.0.0.1,port=50002,localport=60097]--7958887097392072498 key is com.sun.crypto.provider.DESKey@fffe7bd4
231209 104026.282|INFO|Thread-49503|getPublicKeyPacket|Generating Unencrypted Public Key Packet
231209 104026.282|INFO|Thread-49503|getPublicKeyPacket|checking key:= SunJCE Diffie-Hellman Public Key:
y:
    25543360 aedec515 07aa783a 17a99250 20b814a0 ac2767e3 241a18d7 e1c5dcc6
    fdf4499d 80830376 965d2120 68cde72c 4c46d5bb aba3badc 640a717d f89a5310
    24607f2a 904b35a0 b089ccc1 b850a6b5 e960e610 c789ab8d 3e21deff 0333f0a4
    c8ea907d 0de4b8bc f1494bb8 d967fc52 833c23a8 aef95070 9e2fe262 b86f7c15
p:
    f488fd58 4e49dbcd 20b49de4 9107366b 336c380d 451d0f7c 88b31c7c 5b2d8ef6
    f3c923c0 43f0a55b 188d8ebb 558cb85d 38d334fd 7c175743 a31d186c de33212c
    b52aff3c e1b12940 18118d7c 84a70a72 d686c403 19c80729 7aca950c d9969fab
    d00a509b 0246d308 3d66a45d 419f9c7c bd894b22 1926baab a25ec355 e92f78c7
g:
    02
l:
    512
231209 104026.282|INFO|Thread-49503|getPublicKeyPacket|packet:= edu.csus.ecs.pc2.core.transport.TransportWrapper@2dff4849
231209 125144.084|INFO|Thread-49503|receive|SocketException in receive for Socket[addr=localhost/127.0.0.1,port=50002,localport=60097]--7958887097392072498
|java.net.SocketException: Connection reset
|    at sun.nio.ch.NioSocketImpl.implRead (NioSocketImpl.java:320)
|    at sun.nio.ch.NioSocketImpl.read (NioSocketImpl.java:347)
|    at sun.nio.ch.NioSocketImpl$1.read (NioSocketImpl.java:800)
|    at java.net.Socket$SocketInputStream.read (Socket.java:966)
|    at java.net.Socket$SocketInputStream.read (Socket.java:961)
|    at java.io.ObjectInputStream$PeekInputStream.peek (ObjectInputStream.java:2905)
|    at java.io.ObjectInputStream$BlockDataInputStream.peek (ObjectInputStream.java:3232)
|    at java.io.ObjectInputStream$BlockDataInputStream.peekByte (ObjectInputStream.java:3242)
|    at java.io.ObjectInputStream.readObject0 (ObjectInputStream.java:1708)
|    at java.io.ObjectInputStream.readObject (ObjectInputStream.java:538)
|    at java.io.ObjectInputStream.readObject (ObjectInputStream.java:496)
|    at edu.csus.ecs.pc2.core.transport.ConnectionHandlerThread.receive (ConnectionHandlerThread.java:152)
|    at edu.csus.ecs.pc2.core.transport.ConnectionHandlerClientThread.run (ConnectionHandlerClientThread.java:66)
231209 125144.161|FINER|Thread-49503|run|THROW
|edu.csus.ecs.pc2.core.transport.TransportException: Connection reset
|    at edu.csus.ecs.pc2.core.transport.ConnectionHandlerThread.receive (ConnectionHandlerThread.java:156)
|    at edu.csus.ecs.pc2.core.transport.ConnectionHandlerClientThread.run (ConnectionHandlerClientThread.java:66)
