231209 083044.557|CONFIG|qtp135640095-1308|setFileHandlers|Now logging to C:\Users\18328\Desktop\pc2\WebTeamInterface-1.1\logs directory.
231209 083044.557|INFO|qtp135640095-1308|info|
231209 083044.557|INFO|qtp135640095-1308|info|Version 9 () Java ver 18.0.2.1 build  Windows 11 10.0 (amd64) 
231209 083044.563|INFO|qtp135640095-1308|startLog|Working directory is C:\Users\18328\Desktop\pc2\WebTeamInterface-1.1
231209 083044.563|INFO|qtp135640095-1308|startLog|Process id is 15028@DESKTOP-D75BQTV
231209 083044.563|INFO|qtp135640095-1308|start|Starting ConnectionManager...
231209 083044.563|INFO|qtp135640095-1308|start|Started ConnectionManager
231209 083044.568|INFO|qtp135640095-1308|setClientServerAndPort|INIFile File location: file:/C:/Users/18328/Desktop/pc2/WebTeamInterface-1.1/pc2v9.ini
231209 083044.568|INFO|qtp135640095-1308|setClientServerAndPort|setClientServerAndPort localhost parsed as localhost port 50002
231209 083044.568|INFO|qtp135640095-1308|info|Contacting server at localhost:50002
231209 083044.568|INFO|qtp135640095-1308|connectToMyServer|Connecting to localhost:50002
231209 083044.577|INFO|Thread-14427|receiveUnencrypted|receiveUnencrypted(TransportWrapper, ConnectionHandlerID=Socket[addr=localhost/127.0.0.1,port=50002,localport=65507]-4345030663130670317)
231209 083044.577|INFO|Thread-14427|receiveUnencrypted|receiveUnencrypted Made a secret key for Socket[addr=localhost/127.0.0.1,port=50002,localport=65507]-4345030663130670317 key is com.sun.crypto.provider.DESKey@183ba
231209 083044.577|INFO|Thread-14427|getPublicKeyPacket|Generating Unencrypted Public Key Packet
231209 083044.577|INFO|Thread-14427|getPublicKeyPacket|checking key:= SunJCE Diffie-Hellman Public Key:
y:
    a1c1c23d 3fbead22 2a552849 2274d415 d951deea 25c52540 457e6765 165321be
    2d7edf30 34dd4be1 6d05c0e2 e24c41b5 d994fe4d c8b15da7 863b378f 810b3218
    a76933d8 1b2056c3 4e5191e8 41410125 f9f28384 ac1a44ae f9f33a86 d362a22a
    7d2e7f15 2a92a170 a8c33d78 0a3e2254 54a4f980 044fe84c 116893fc c6287acb
p:
    f488fd58 4e49dbcd 20b49de4 9107366b 336c380d 451d0f7c 88b31c7c 5b2d8ef6
    f3c923c0 43f0a55b 188d8ebb 558cb85d 38d334fd 7c175743 a31d186c de33212c
    b52aff3c e1b12940 18118d7c 84a70a72 d686c403 19c80729 7aca950c d9969fab
    d00a509b 0246d308 3d66a45d 419f9c7c bd894b22 1926baab a25ec355 e92f78c7
g:
    02
l:
    512
231209 083044.577|INFO|Thread-14427|getPublicKeyPacket|packet:= edu.csus.ecs.pc2.core.transport.TransportWrapper@21107ead
231209 125144.069|INFO|Thread-14427|receive|SocketException in receive for Socket[addr=localhost/127.0.0.1,port=50002,localport=65507]-4345030663130670317
|java.net.SocketException: Connection reset
|    at sun.nio.ch.NioSocketImpl.implRead (NioSocketImpl.java:320)
|    at sun.nio.ch.NioSocketImpl.read (NioSocketImpl.java:347)
|    at sun.nio.ch.NioSocketImpl$1.read (NioSocketImpl.java:800)
|    at java.net.Socket$SocketInputStream.read (Socket.java:966)
|    at java.net.Socket$SocketInputStream.read (Socket.java:961)
|    at java.io.ObjectInputStream$PeekInputStream.peek (ObjectInputStream.java:2905)
|    at java.io.ObjectInputStream$BlockDataInputStream.peek (ObjectInputStream.java:3232)
|    at java.io.ObjectInputStream$BlockDataInputStream.peekByte (ObjectInputStream.java:3242)
|    at java.io.ObjectInputStream.readObject0 (ObjectInputStream.java:1708)
|    at java.io.ObjectInputStream.readObject (ObjectInputStream.java:538)
|    at java.io.ObjectInputStream.readObject (ObjectInputStream.java:496)
|    at edu.csus.ecs.pc2.core.transport.ConnectionHandlerThread.receive (ConnectionHandlerThread.java:152)
|    at edu.csus.ecs.pc2.core.transport.ConnectionHandlerClientThread.run (ConnectionHandlerClientThread.java:66)
231209 125144.096|FINER|Thread-14427|run|THROW
|edu.csus.ecs.pc2.core.transport.TransportException: Connection reset
|    at edu.csus.ecs.pc2.core.transport.ConnectionHandlerThread.receive (ConnectionHandlerThread.java:156)
|    at edu.csus.ecs.pc2.core.transport.ConnectionHandlerClientThread.run (ConnectionHandlerClientThread.java:66)
231209 125144.096|INFO|Thread-14427|connectionDropped|connectionDropped(ConnectionHandlerID myConnectionID) 
