231209 083154.155|CONFIG|qtp135640095-2278|setFileHandlers|Now logging to C:\Users\18328\Desktop\pc2\WebTeamInterface-1.1\logs directory.
231209 083154.155|INFO|qtp135640095-2278|info|
231209 083154.155|INFO|qtp135640095-2278|info|Version 9 () Java ver 18.0.2.1 build  Windows 11 10.0 (amd64) 
231209 083154.155|INFO|qtp135640095-2278|startLog|Working directory is C:\Users\18328\Desktop\pc2\WebTeamInterface-1.1
231209 083154.163|INFO|qtp135640095-2278|startLog|Process id is 15028@DESKTOP-D75BQTV
231209 083154.163|INFO|qtp135640095-2278|start|Starting ConnectionManager...
231209 083154.163|INFO|qtp135640095-2278|start|Started ConnectionManager
231209 083154.163|INFO|qtp135640095-2278|setClientServerAndPort|INIFile File location: file:/C:/Users/18328/Desktop/pc2/WebTeamInterface-1.1/pc2v9.ini
231209 083154.163|INFO|qtp135640095-2278|setClientServerAndPort|setClientServerAndPort localhost parsed as localhost port 50002
231209 083154.163|INFO|qtp135640095-2278|info|Contacting server at localhost:50002
231209 083154.163|INFO|qtp135640095-2278|connectToMyServer|Connecting to localhost:50002
231209 083154.171|INFO|Thread-16351|receiveUnencrypted|receiveUnencrypted(TransportWrapper, ConnectionHandlerID=Socket[addr=localhost/127.0.0.1,port=50002,localport=49744]-1723068922149957902)
231209 083154.171|INFO|Thread-16351|receiveUnencrypted|receiveUnencrypted Made a secret key for Socket[addr=localhost/127.0.0.1,port=50002,localport=49744]-1723068922149957902 key is com.sun.crypto.provider.DESKey@185b7
231209 083154.171|INFO|Thread-16351|getPublicKeyPacket|Generating Unencrypted Public Key Packet
231209 083154.171|INFO|Thread-16351|getPublicKeyPacket|checking key:= SunJCE Diffie-Hellman Public Key:
y:
    cb93ae61 0b4dc068 53ad905d b458027e beb79b0e 41c127e9 49b5551e 45f728e2
    47e0ae38 d8edb6ee edf8b86a 88fa94ea 9612030a de0eebfc 70a69414 cfedcad4
    3e04e9e9 d53d5b60 ab23a264 f1a97c0f f52104b7 80906b53 86ef551e e4534a70
    df43e4ba 374187a8 64288f1e 4435e485 bc28bc03 fbe2c388 5ba7bc85 e854fd23
p:
    f488fd58 4e49dbcd 20b49de4 9107366b 336c380d 451d0f7c 88b31c7c 5b2d8ef6
    f3c923c0 43f0a55b 188d8ebb 558cb85d 38d334fd 7c175743 a31d186c de33212c
    b52aff3c e1b12940 18118d7c 84a70a72 d686c403 19c80729 7aca950c d9969fab
    d00a509b 0246d308 3d66a45d 419f9c7c bd894b22 1926baab a25ec355 e92f78c7
g:
    02
l:
    512
231209 094133.655|INFO|Thread-16351|receive|EOFException in receive for Socket[addr=localhost/127.0.0.1,port=50002,localport=49744]-1723068922149957902
|java.io.EOFException: null
|    at java.io.ObjectInputStream$BlockDataInputStream.peekByte (ObjectInputStream.java:3244)
|    at java.io.ObjectInputStream.readObject0 (ObjectInputStream.java:1708)
|    at java.io.ObjectInputStream.readObject (ObjectInputStream.java:538)
|    at java.io.ObjectInputStream.readObject (ObjectInputStream.java:496)
|    at edu.csus.ecs.pc2.core.transport.ConnectionHandlerThread.receive (ConnectionHandlerThread.java:152)
|    at edu.csus.ecs.pc2.core.transport.ConnectionHandlerClientThread.run (ConnectionHandlerClientThread.java:66)
231209 094133.655|FINER|Thread-16351|run|THROW
|edu.csus.ecs.pc2.core.transport.TransportException: null
|    at edu.csus.ecs.pc2.core.transport.ConnectionHandlerThread.receive (ConnectionHandlerThread.java:159)
|    at edu.csus.ecs.pc2.core.transport.ConnectionHandlerClientThread.run (ConnectionHandlerClientThread.java:66)
231209 094133.655|FINER|Thread-16351|run - e.getmessage is null()|THROW
|edu.csus.ecs.pc2.core.transport.TransportException: null
|    at edu.csus.ecs.pc2.core.transport.ConnectionHandlerThread.receive (ConnectionHandlerThread.java:159)
|    at edu.csus.ecs.pc2.core.transport.ConnectionHandlerClientThread.run (ConnectionHandlerClientThread.java:66)
