231209 100054.350|CONFIG|qtp135640095-32804|setFileHandlers|Now logging to C:\Users\18328\Desktop\pc2\WebTeamInterface-1.1\logs directory.
231209 100054.350|INFO|qtp135640095-32804|info|
231209 100054.350|INFO|qtp135640095-32804|info|Version 9 () Java ver 18.0.2.1 build  Windows 11 10.0 (amd64) 
231209 100054.357|INFO|qtp135640095-32804|startLog|Working directory is C:\Users\18328\Desktop\pc2\WebTeamInterface-1.1
231209 100054.357|INFO|qtp135640095-32804|startLog|Process id is 15028@DESKTOP-D75BQTV
231209 100054.357|INFO|qtp135640095-32804|start|Starting ConnectionManager...
231209 100054.359|INFO|qtp135640095-32804|start|Started ConnectionManager
231209 100054.359|INFO|qtp135640095-32804|setClientServerAndPort|INIFile File location: file:/C:/Users/18328/Desktop/pc2/WebTeamInterface-1.1/pc2v9.ini
231209 100054.359|INFO|qtp135640095-32804|setClientServerAndPort|setClientServerAndPort localhost parsed as localhost port 50002
231209 100054.359|INFO|qtp135640095-32804|info|Contacting server at localhost:50002
231209 100054.359|INFO|qtp135640095-32804|connectToMyServer|Connecting to localhost:50002
231209 100054.367|INFO|Thread-38188|receiveUnencrypted|receiveUnencrypted(TransportWrapper, ConnectionHandlerID=Socket[addr=localhost/127.0.0.1,port=50002,localport=52661]-8712418507103359877)
231209 100054.370|INFO|Thread-38188|receiveUnencrypted|receiveUnencrypted Made a secret key for Socket[addr=localhost/127.0.0.1,port=50002,localport=52661]-8712418507103359877 key is com.sun.crypto.provider.DESKey@18515
231209 100054.370|INFO|Thread-38188|getPublicKeyPacket|Generating Unencrypted Public Key Packet
231209 100054.370|INFO|Thread-38188|getPublicKeyPacket|checking key:= SunJCE Diffie-Hellman Public Key:
y:
    ac902d51 09dc48ee 0de1b67d 79548590 5e435d46 7af99c77 d3b17da7 8f310fee
    760665de e98dc757 1dbaeb41 98245f8a 0c7c2972 600c8bc7 e95c8a15 0bc7f254
    fab22b58 040172c7 a1189080 10dc2a21 2a3d7958 78faa77e f4697c0d 67c6c84d
    4da8d3ee 31358ea1 f0d7ca9b 4cea2050 1b96b48f 5263e59e b3c15227 96aa2de8
p:
    f488fd58 4e49dbcd 20b49de4 9107366b 336c380d 451d0f7c 88b31c7c 5b2d8ef6
    f3c923c0 43f0a55b 188d8ebb 558cb85d 38d334fd 7c175743 a31d186c de33212c
    b52aff3c e1b12940 18118d7c 84a70a72 d686c403 19c80729 7aca950c d9969fab
    d00a509b 0246d308 3d66a45d 419f9c7c bd894b22 1926baab a25ec355 e92f78c7
g:
    02
l:
    512
231209 100054.370|INFO|Thread-38188|getPublicKeyPacket|packet:= edu.csus.ecs.pc2.core.transport.TransportWrapper@3e8286d
231209 100910.400|INFO|Thread-38188|receive|EOFException in receive for Socket[addr=localhost/127.0.0.1,port=50002,localport=52661]-8712418507103359877
|java.io.EOFException: null
|    at java.io.ObjectInputStream$BlockDataInputStream.peekByte (ObjectInputStream.java:3244)
|    at java.io.ObjectInputStream.readObject0 (ObjectInputStream.java:1708)
|    at java.io.ObjectInputStream.readObject (ObjectInputStream.java:538)
|    at java.io.ObjectInputStream.readObject (ObjectInputStream.java:496)
|    at edu.csus.ecs.pc2.core.transport.ConnectionHandlerThread.receive (ConnectionHandlerThread.java:152)
|    at edu.csus.ecs.pc2.core.transport.ConnectionHandlerClientThread.run (ConnectionHandlerClientThread.java:66)
231209 100910.400|FINER|Thread-38188|run|THROW
|edu.csus.ecs.pc2.core.transport.TransportException: null
|    at edu.csus.ecs.pc2.core.transport.ConnectionHandlerThread.receive (ConnectionHandlerThread.java:159)
|    at edu.csus.ecs.pc2.core.transport.ConnectionHandlerClientThread.run (ConnectionHandlerClientThread.java:66)
231209 100910.400|FINER|Thread-38188|run - e.getmessage is null()|THROW
|edu.csus.ecs.pc2.core.transport.TransportException: null
|    at edu.csus.ecs.pc2.core.transport.ConnectionHandlerThread.receive (ConnectionHandlerThread.java:159)
|    at edu.csus.ecs.pc2.core.transport.ConnectionHandlerClientThread.run (ConnectionHandlerClientThread.java:66)
