231209 081523.258|CONFIG|qtp135640095-1025|setFileHandlers|Now logging to C:\Users\18328\Desktop\pc2\WebTeamInterface-1.1\logs directory.
231209 081523.258|INFO|qtp135640095-1025|info|
231209 081523.258|INFO|qtp135640095-1025|info|Version 9 () Java ver 18.0.2.1 build  Windows 11 10.0 (amd64) 
231209 081523.258|INFO|qtp135640095-1025|startLog|Working directory is C:\Users\18328\Desktop\pc2\WebTeamInterface-1.1
231209 081523.258|INFO|qtp135640095-1025|startLog|Process id is 15028@DESKTOP-D75BQTV
231209 081523.265|INFO|qtp135640095-1025|start|Starting ConnectionManager...
231209 081523.265|INFO|qtp135640095-1025|start|Started ConnectionManager
231209 081523.265|INFO|qtp135640095-1025|setClientServerAndPort|INIFile File location: file:/C:/Users/18328/Desktop/pc2/WebTeamInterface-1.1/pc2v9.ini
231209 081523.265|INFO|qtp135640095-1025|setClientServerAndPort|setClientServerAndPort localhost parsed as localhost port 50002
231209 081523.265|INFO|qtp135640095-1025|info|Contacting server at localhost:50002
231209 081523.265|INFO|qtp135640095-1025|connectToMyServer|Connecting to localhost:50002
231209 081523.274|INFO|Thread-2290|receiveUnencrypted|receiveUnencrypted(TransportWrapper, ConnectionHandlerID=Socket[addr=localhost/127.0.0.1,port=50002,localport=62057]--8647635033225141004)
231209 081523.275|INFO|Thread-2290|receiveUnencrypted|receiveUnencrypted Made a secret key for Socket[addr=localhost/127.0.0.1,port=50002,localport=62057]--8647635033225141004 key is com.sun.crypto.provider.DESKey@185f1
231209 081523.275|INFO|Thread-2290|getPublicKeyPacket|Generating Unencrypted Public Key Packet
231209 081523.275|INFO|Thread-2290|getPublicKeyPacket|checking key:= SunJCE Diffie-Hellman Public Key:
y:
    90644897 6338cbb9 6da8b704 4bc94fff ba0d683f f903edea 62e6d2ce 54e08189
    69a5737b 562abe1d 2cc07b91 4d8791dd 1ba78b7a 03867e17 ccb9b879 c48f0b35
    4da06e51 fb3d391d c3db7aa9 47796065 4977d9cd 6dca48b1 c95fb553 83101d35
    369642e3 d9c67dca 776e5d5a 6f306d6c fed8a49b 09bce760 59cb14ff 3fca6e1d
p:
    f488fd58 4e49dbcd 20b49de4 9107366b 336c380d 451d0f7c 88b31c7c 5b2d8ef6
    f3c923c0 43f0a55b 188d8ebb 558cb85d 38d334fd 7c175743 a31d186c de33212c
    b52aff3c e1b12940 18118d7c 84a70a72 d686c403 19c80729 7aca950c d9969fab
    d00a509b 0246d308 3d66a45d 419f9c7c bd894b22 1926baab a25ec355 e92f78c7
g:
    02
l:
    512
231209 081523.275|INFO|Thread-2290|getPublicKeyPacket|packet:= edu.csus.ecs.pc2.core.transport.TransportWrapper@2698abfe
231209 082135.514|INFO|Thread-2290|receive|EOFException in receive for Socket[addr=localhost/127.0.0.1,port=50002,localport=62057]--8647635033225141004
|java.io.EOFException: null
|    at java.io.ObjectInputStream$BlockDataInputStream.peekByte (ObjectInputStream.java:3244)
|    at java.io.ObjectInputStream.readObject0 (ObjectInputStream.java:1708)
|    at java.io.ObjectInputStream.readObject (ObjectInputStream.java:538)
|    at java.io.ObjectInputStream.readObject (ObjectInputStream.java:496)
|    at edu.csus.ecs.pc2.core.transport.ConnectionHandlerThread.receive (ConnectionHandlerThread.java:152)
|    at edu.csus.ecs.pc2.core.transport.ConnectionHandlerClientThread.run (ConnectionHandlerClientThread.java:66)
231209 082135.514|FINER|Thread-2290|run|THROW
|edu.csus.ecs.pc2.core.transport.TransportException: null
|    at edu.csus.ecs.pc2.core.transport.ConnectionHandlerThread.receive (ConnectionHandlerThread.java:159)
|    at edu.csus.ecs.pc2.core.transport.ConnectionHandlerClientThread.run (ConnectionHandlerClientThread.java:66)
231209 082135.514|FINER|Thread-2290|run - e.getmessage is null()|THROW
|edu.csus.ecs.pc2.core.transport.TransportException: null
|    at edu.csus.ecs.pc2.core.transport.ConnectionHandlerThread.receive (ConnectionHandlerThread.java:159)
|    at edu.csus.ecs.pc2.core.transport.ConnectionHandlerClientThread.run (ConnectionHandlerClientThread.java:66)
