221210 104140.188|CONFIG|qtp1613095350-4117|setFileHandlers|Now logging to C:\Users\18328\Desktop\pc2\WebTeamInterface-1.1\logs directory.
221210 104140.188|INFO|qtp1613095350-4117|info|
221210 104140.189|INFO|qtp1613095350-4117|info|Version 9 () Java ver 18.0.2.1 build  Windows 11 10.0 (amd64) 
221210 104140.189|INFO|qtp1613095350-4117|startLog|Working directory is C:\Users\18328\Desktop\pc2\WebTeamInterface-1.1
221210 104140.189|INFO|qtp1613095350-4117|startLog|Process id is 22344@DESKTOP-D75BQTV
221210 104140.189|INFO|qtp1613095350-4117|start|Starting ConnectionManager...
221210 104140.189|INFO|qtp1613095350-4117|start|Started ConnectionManager
221210 104140.190|INFO|qtp1613095350-4117|setClientServerAndPort|INIFile File location: file:/C:/Users/18328/Desktop/pc2/WebTeamInterface-1.1/pc2v9.ini
221210 104140.190|INFO|qtp1613095350-4117|setClientServerAndPort|setClientServerAndPort 212.212.212.212 parsed as 212.212.212.212 port 50002
221210 104140.190|INFO|qtp1613095350-4117|info|Contacting server at 212.212.212.212:50002
221210 104140.191|INFO|qtp1613095350-4117|connectToMyServer|Connecting to 212.212.212.212:50002
221210 104140.192|INFO|Thread-4169|receiveUnencrypted|receiveUnencrypted(TransportWrapper, ConnectionHandlerID=Socket[addr=/212.212.212.212,port=50002,localport=59173]-3124130987730269459)
221210 104140.192|INFO|Thread-4169|receiveUnencrypted|receiveUnencrypted Made a secret key for Socket[addr=/212.212.212.212,port=50002,localport=59173]-3124130987730269459 key is com.sun.crypto.provider.DESKey@184c9
221210 104140.192|INFO|Thread-4169|getPublicKeyPacket|Generating Unencrypted Public Key Packet
221210 104140.192|INFO|Thread-4169|getPublicKeyPacket|checking key:= SunJCE Diffie-Hellman Public Key:
y:
    e779bbdc 795617dd d1215622 d92ce421 dcaa6a5f 6857ce92 1bd4caa9 a0981f63
    bb815f70 1fd42368 8039b391 ad3c0660 7e3ee5f7 08b17d23 3c7437fc 97ae273c
    1f9df994 1df2ff7e 853528c5 d95fcf05 a10d0d45 3f79add6 2e3a61eb 0f36a13b
    b17a6e47 22fc1b79 24c32168 860d645f 95e2f3f0 6a91c00f df16075a 3d8126b3
p:
    f488fd58 4e49dbcd 20b49de4 9107366b 336c380d 451d0f7c 88b31c7c 5b2d8ef6
    f3c923c0 43f0a55b 188d8ebb 558cb85d 38d334fd 7c175743 a31d186c de33212c
    b52aff3c e1b12940 18118d7c 84a70a72 d686c403 19c80729 7aca950c d9969fab
    d00a509b 0246d308 3d66a45d 419f9c7c bd894b22 1926baab a25ec355 e92f78c7
g:
    02
l:
    512
221210 104140.192|INFO|Thread-4169|getPublicKeyPacket|packet:= edu.csus.ecs.pc2.core.transport.TransportWrapper@3086506
221210 150258.255|INFO|Thread-4169|receive|SocketException in receive for Socket[addr=/212.212.212.212,port=50002,localport=59173]-3124130987730269459
|java.net.SocketException: An established connection was aborted by the software in your host machine
|    at sun.nio.ch.NioSocketImpl.implRead (NioSocketImpl.java:322)
|    at sun.nio.ch.NioSocketImpl.read (NioSocketImpl.java:347)
|    at sun.nio.ch.NioSocketImpl$1.read (NioSocketImpl.java:800)
|    at java.net.Socket$SocketInputStream.read (Socket.java:966)
|    at java.net.Socket$SocketInputStream.read (Socket.java:961)
|    at java.io.ObjectInputStream$PeekInputStream.peek (ObjectInputStream.java:2905)
|    at java.io.ObjectInputStream$BlockDataInputStream.peek (ObjectInputStream.java:3232)
|    at java.io.ObjectInputStream$BlockDataInputStream.peekByte (ObjectInputStream.java:3242)
|    at java.io.ObjectInputStream.readObject0 (ObjectInputStream.java:1708)
|    at java.io.ObjectInputStream.readObject (ObjectInputStream.java:538)
|    at java.io.ObjectInputStream.readObject (ObjectInputStream.java:496)
|    at edu.csus.ecs.pc2.core.transport.ConnectionHandlerThread.receive (ConnectionHandlerThread.java:152)
|    at edu.csus.ecs.pc2.core.transport.ConnectionHandlerClientThread.run (ConnectionHandlerClientThread.java:66)
221210 150258.300|FINER|Thread-4169|run|THROW
|edu.csus.ecs.pc2.core.transport.TransportException: An established connection was aborted by the software in your host machine
|    at edu.csus.ecs.pc2.core.transport.ConnectionHandlerThread.receive (ConnectionHandlerThread.java:156)
|    at edu.csus.ecs.pc2.core.transport.ConnectionHandlerClientThread.run (ConnectionHandlerClientThread.java:66)
221210 150258.376|INFO|Thread-4169|receive|SocketException in receive for Socket[addr=/212.212.212.212,port=50002,localport=59173]-3124130987730269459
|java.net.SocketException: Connection reset
|    at sun.nio.ch.NioSocketImpl.implRead (NioSocketImpl.java:320)
|    at sun.nio.ch.NioSocketImpl.read (NioSocketImpl.java:347)
|    at sun.nio.ch.NioSocketImpl$1.read (NioSocketImpl.java:800)
|    at java.net.Socket$SocketInputStream.read (Socket.java:966)
|    at java.net.Socket$SocketInputStream.read (Socket.java:961)
|    at java.io.ObjectInputStream$PeekInputStream.peek (ObjectInputStream.java:2905)
|    at java.io.ObjectInputStream$BlockDataInputStream.peek (ObjectInputStream.java:3232)
|    at java.io.ObjectInputStream$BlockDataInputStream.peekByte (ObjectInputStream.java:3242)
|    at java.io.ObjectInputStream.readObject0 (ObjectInputStream.java:1708)
|    at java.io.ObjectInputStream.readObject (ObjectInputStream.java:538)
|    at java.io.ObjectInputStream.readObject (ObjectInputStream.java:496)
|    at edu.csus.ecs.pc2.core.transport.ConnectionHandlerThread.receive (ConnectionHandlerThread.java:152)
|    at edu.csus.ecs.pc2.core.transport.ConnectionHandlerClientThread.run (ConnectionHandlerClientThread.java:66)
221210 150258.376|FINER|Thread-4169|run|THROW
|edu.csus.ecs.pc2.core.transport.TransportException: Connection reset
|    at edu.csus.ecs.pc2.core.transport.ConnectionHandlerThread.receive (ConnectionHandlerThread.java:156)
|    at edu.csus.ecs.pc2.core.transport.ConnectionHandlerClientThread.run (ConnectionHandlerClientThread.java:66)
