231209 104035.465|CONFIG|qtp135640095-46300|setFileHandlers|Now logging to C:\Users\18328\Desktop\pc2\WebTeamInterface-1.1\logs directory.
231209 104035.465|INFO|qtp135640095-46300|info|
231209 104035.465|INFO|qtp135640095-46300|info|Version 9 () Java ver 18.0.2.1 build  Windows 11 10.0 (amd64) 
231209 104035.465|INFO|qtp135640095-46300|startLog|Working directory is C:\Users\18328\Desktop\pc2\WebTeamInterface-1.1
231209 104035.471|INFO|qtp135640095-46300|startLog|Process id is 15028@DESKTOP-D75BQTV
231209 104035.471|INFO|qtp135640095-46300|start|Starting ConnectionManager...
231209 104035.477|INFO|qtp135640095-46300|start|Started ConnectionManager
231209 104035.477|INFO|qtp135640095-46300|setClientServerAndPort|INIFile File location: file:/C:/Users/18328/Desktop/pc2/WebTeamInterface-1.1/pc2v9.ini
231209 104035.477|INFO|qtp135640095-46300|setClientServerAndPort|setClientServerAndPort localhost parsed as localhost port 50002
231209 104035.481|INFO|qtp135640095-46300|info|Contacting server at localhost:50002
231209 104035.481|INFO|qtp135640095-46300|connectToMyServer|Connecting to localhost:50002
231209 104035.487|INFO|Thread-49512|receiveUnencrypted|receiveUnencrypted(TransportWrapper, ConnectionHandlerID=Socket[addr=localhost/127.0.0.1,port=50002,localport=60124]--4317682302022660209)
231209 104035.490|INFO|Thread-49512|receiveUnencrypted|receiveUnencrypted Made a secret key for Socket[addr=localhost/127.0.0.1,port=50002,localport=60124]--4317682302022660209 key is com.sun.crypto.provider.DESKey@186f8
231209 104035.490|INFO|Thread-49512|getPublicKeyPacket|Generating Unencrypted Public Key Packet
231209 104035.490|INFO|Thread-49512|getPublicKeyPacket|checking key:= SunJCE Diffie-Hellman Public Key:
y:
    138e50b1 a608dcf4 dc2a95af fac1bd11 68a5f536 c2e665ba 43d357b1 e71acafe
    e224373e 7ddc1fd7 32e03b58 be8e5c68 f36e4513 117ec47e 793e030d ddbbf752
    02522334 b2f1837c 96e089fd f531ef48 9f5130f8 66c33404 b37b2e7f 8268b952
    a5e11cec 696d4616 a11de010 2303c9be 52f05612 4e9238e0 fa90b4e7 949934e9
p:
    f488fd58 4e49dbcd 20b49de4 9107366b 336c380d 451d0f7c 88b31c7c 5b2d8ef6
    f3c923c0 43f0a55b 188d8ebb 558cb85d 38d334fd 7c175743 a31d186c de33212c
    b52aff3c e1b12940 18118d7c 84a70a72 d686c403 19c80729 7aca950c d9969fab
    d00a509b 0246d308 3d66a45d 419f9c7c bd894b22 1926baab a25ec355 e92f78c7
g:
    02
l:
    512
231209 104035.490|INFO|Thread-49512|getPublicKeyPacket|packet:= edu.csus.ecs.pc2.core.transport.TransportWrapper@a647b1a
231209 125144.084|INFO|Thread-49512|receive|SocketException in receive for Socket[addr=localhost/127.0.0.1,port=50002,localport=60124]--4317682302022660209
|java.net.SocketException: Connection reset
|    at sun.nio.ch.NioSocketImpl.implRead (NioSocketImpl.java:320)
|    at sun.nio.ch.NioSocketImpl.read (NioSocketImpl.java:347)
|    at sun.nio.ch.NioSocketImpl$1.read (NioSocketImpl.java:800)
|    at java.net.Socket$SocketInputStream.read (Socket.java:966)
|    at java.net.Socket$SocketInputStream.read (Socket.java:961)
|    at java.io.ObjectInputStream$PeekInputStream.peek (ObjectInputStream.java:2905)
|    at java.io.ObjectInputStream$BlockDataInputStream.peek (ObjectInputStream.java:3232)
|    at java.io.ObjectInputStream$BlockDataInputStream.peekByte (ObjectInputStream.java:3242)
|    at java.io.ObjectInputStream.readObject0 (ObjectInputStream.java:1708)
|    at java.io.ObjectInputStream.readObject (ObjectInputStream.java:538)
|    at java.io.ObjectInputStream.readObject (ObjectInputStream.java:496)
|    at edu.csus.ecs.pc2.core.transport.ConnectionHandlerThread.receive (ConnectionHandlerThread.java:152)
|    at edu.csus.ecs.pc2.core.transport.ConnectionHandlerClientThread.run (ConnectionHandlerClientThread.java:66)
231209 125144.161|FINER|Thread-49512|run|THROW
|edu.csus.ecs.pc2.core.transport.TransportException: Connection reset
|    at edu.csus.ecs.pc2.core.transport.ConnectionHandlerThread.receive (ConnectionHandlerThread.java:156)
|    at edu.csus.ecs.pc2.core.transport.ConnectionHandlerClientThread.run (ConnectionHandlerClientThread.java:66)
