231209 124435.644|CONFIG|qtp135640095-67434|setFileHandlers|Now logging to C:\Users\18328\Desktop\pc2\WebTeamInterface-1.1\logs directory.
231209 124435.644|INFO|qtp135640095-67434|info|
231209 124435.644|INFO|qtp135640095-67434|info|Version 9 () Java ver 18.0.2.1 build  Windows 11 10.0 (amd64) 
231209 124435.644|INFO|qtp135640095-67434|startLog|Working directory is C:\Users\18328\Desktop\pc2\WebTeamInterface-1.1
231209 124435.644|INFO|qtp135640095-67434|startLog|Process id is 15028@DESKTOP-D75BQTV
231209 124435.644|INFO|qtp135640095-67434|start|Starting ConnectionManager...
231209 124435.655|INFO|qtp135640095-67434|start|Started ConnectionManager
231209 124435.655|INFO|qtp135640095-67434|setClientServerAndPort|INIFile File location: file:/C:/Users/18328/Desktop/pc2/WebTeamInterface-1.1/pc2v9.ini
231209 124435.655|INFO|qtp135640095-67434|setClientServerAndPort|setClientServerAndPort localhost parsed as localhost port 50002
231209 124435.655|INFO|qtp135640095-67434|info|Contacting server at localhost:50002
231209 124435.655|INFO|qtp135640095-67434|connectToMyServer|Connecting to localhost:50002
231209 124435.660|INFO|Thread-68134|receiveUnencrypted|receiveUnencrypted(TransportWrapper, ConnectionHandlerID=Socket[addr=localhost/127.0.0.1,port=50002,localport=49869]-7694209542097294571)
231209 124435.660|INFO|Thread-68134|receiveUnencrypted|receiveUnencrypted Made a secret key for Socket[addr=localhost/127.0.0.1,port=50002,localport=49869]-7694209542097294571 key is com.sun.crypto.provider.DESKey@fffe7e3f
231209 124435.660|INFO|Thread-68134|getPublicKeyPacket|Generating Unencrypted Public Key Packet
231209 124435.660|INFO|Thread-68134|getPublicKeyPacket|checking key:= SunJCE Diffie-Hellman Public Key:
y:
    c1cb9394 0f34b37c da06aa44 9858b0c2 6cf6443d 53b0f281 a65db4fc 6bfbc953
    0b6d869e 74d3efb2 569a858b ef3e497f 73d7b1ab da64b359 64262a94 2a5f588f
    da5c9826 b77fb954 6d300309 a81dd3b0 898314db ee0337f5 a75526a7 f3a0a301
    b431ac80 1515b2b4 2909b868 4ab04773 baf2bd57 a7c01d00 2ec0cf88 cbd0c01e
p:
    f488fd58 4e49dbcd 20b49de4 9107366b 336c380d 451d0f7c 88b31c7c 5b2d8ef6
    f3c923c0 43f0a55b 188d8ebb 558cb85d 38d334fd 7c175743 a31d186c de33212c
    b52aff3c e1b12940 18118d7c 84a70a72 d686c403 19c80729 7aca950c d9969fab
    d00a509b 0246d308 3d66a45d 419f9c7c bd894b22 1926baab a25ec355 e92f78c7
g:
    02
l:
    512
231209 124435.660|INFO|Thread-68134|getPublicKeyPacket|packet:= edu.csus.ecs.pc2.core.transport.TransportWrapper@50bb1baf
231209 125144.082|INFO|Thread-68134|receive|SocketException in receive for Socket[addr=localhost/127.0.0.1,port=50002,localport=49869]-7694209542097294571
|java.net.SocketException: Connection reset
|    at sun.nio.ch.NioSocketImpl.implRead (NioSocketImpl.java:320)
|    at sun.nio.ch.NioSocketImpl.read (NioSocketImpl.java:347)
|    at sun.nio.ch.NioSocketImpl$1.read (NioSocketImpl.java:800)
|    at java.net.Socket$SocketInputStream.read (Socket.java:966)
|    at java.net.Socket$SocketInputStream.read (Socket.java:961)
|    at java.io.ObjectInputStream$PeekInputStream.peek (ObjectInputStream.java:2905)
|    at java.io.ObjectInputStream$BlockDataInputStream.peek (ObjectInputStream.java:3232)
|    at java.io.ObjectInputStream$BlockDataInputStream.peekByte (ObjectInputStream.java:3242)
|    at java.io.ObjectInputStream.readObject0 (ObjectInputStream.java:1708)
|    at java.io.ObjectInputStream.readObject (ObjectInputStream.java:538)
|    at java.io.ObjectInputStream.readObject (ObjectInputStream.java:496)
|    at edu.csus.ecs.pc2.core.transport.ConnectionHandlerThread.receive (ConnectionHandlerThread.java:152)
|    at edu.csus.ecs.pc2.core.transport.ConnectionHandlerClientThread.run (ConnectionHandlerClientThread.java:66)
231209 125144.096|FINER|Thread-68134|run|THROW
|edu.csus.ecs.pc2.core.transport.TransportException: Connection reset
|    at edu.csus.ecs.pc2.core.transport.ConnectionHandlerThread.receive (ConnectionHandlerThread.java:156)
|    at edu.csus.ecs.pc2.core.transport.ConnectionHandlerClientThread.run (ConnectionHandlerClientThread.java:66)
