231209 094113.068|CONFIG|qtp135640095-5838|setFileHandlers|Now logging to C:\Users\18328\Desktop\pc2\WebTeamInterface-1.1\logs directory.
231209 094113.068|INFO|qtp135640095-5838|info|
231209 094113.068|INFO|qtp135640095-5838|info|Version 9 () Java ver 18.0.2.1 build  Windows 11 10.0 (amd64) 
231209 094113.076|INFO|qtp135640095-5838|startLog|Working directory is C:\Users\18328\Desktop\pc2\WebTeamInterface-1.1
231209 094113.076|INFO|qtp135640095-5838|startLog|Process id is 15028@DESKTOP-D75BQTV
231209 094113.076|INFO|qtp135640095-5838|start|Starting ConnectionManager...
231209 094113.076|INFO|qtp135640095-5838|start|Started ConnectionManager
231209 094113.076|INFO|qtp135640095-5838|setClientServerAndPort|INIFile File location: file:/C:/Users/18328/Desktop/pc2/WebTeamInterface-1.1/pc2v9.ini
231209 094113.076|INFO|qtp135640095-5838|setClientServerAndPort|setClientServerAndPort localhost parsed as localhost port 50002
231209 094113.076|INFO|qtp135640095-5838|info|Contacting server at localhost:50002
231209 094113.076|INFO|qtp135640095-5838|connectToMyServer|Connecting to localhost:50002
231209 094113.084|INFO|Thread-21921|receiveUnencrypted|receiveUnencrypted(TransportWrapper, ConnectionHandlerID=Socket[addr=localhost/127.0.0.1,port=50002,localport=65229]-8692459449823606431)
231209 094113.084|INFO|Thread-21921|receiveUnencrypted|receiveUnencrypted Made a secret key for Socket[addr=localhost/127.0.0.1,port=50002,localport=65229]-8692459449823606431 key is com.sun.crypto.provider.DESKey@1811f
231209 094113.084|INFO|Thread-21921|getPublicKeyPacket|Generating Unencrypted Public Key Packet
231209 094113.084|INFO|Thread-21921|getPublicKeyPacket|checking key:= SunJCE Diffie-Hellman Public Key:
y:
    8aa16be5 6dcdc922 07fa15db 1c2af6bf f67dfdea a4e55372 0676dab7 ef7f4801
    9cea8e72 e44dcd36 1baccdc2 b217e728 2b244d69 ea5f8c16 54a0ba07 767476d6
    1ba2a0dc 2392d696 6911f516 3860dfb0 d341bb5c 67aa4364 89cb91ea e5a8e9b8
    58cd7e73 0864e0c3 7885a3d1 0e3b780b 525b6fd9 6f8cc7e6 fb595eae b9b9ec76
p:
    f488fd58 4e49dbcd 20b49de4 9107366b 336c380d 451d0f7c 88b31c7c 5b2d8ef6
    f3c923c0 43f0a55b 188d8ebb 558cb85d 38d334fd 7c175743 a31d186c de33212c
    b52aff3c e1b12940 18118d7c 84a70a72 d686c403 19c80729 7aca950c d9969fab
    d00a509b 0246d308 3d66a45d 419f9c7c bd894b22 1926baab a25ec355 e92f78c7
g:
    02
l:
    512
231209 094113.084|INFO|Thread-21921|getPublicKeyPacket|packet:= edu.csus.ecs.pc2.core.transport.TransportWrapper@1adb9308
231209 094545.948|INFO|Thread-21921|receive|EOFException in receive for Socket[addr=localhost/127.0.0.1,port=50002,localport=65229]-8692459449823606431
|java.io.EOFException: null
|    at java.io.ObjectInputStream$BlockDataInputStream.peekByte (ObjectInputStream.java:3244)
|    at java.io.ObjectInputStream.readObject0 (ObjectInputStream.java:1708)
|    at java.io.ObjectInputStream.readObject (ObjectInputStream.java:538)
|    at java.io.ObjectInputStream.readObject (ObjectInputStream.java:496)
|    at edu.csus.ecs.pc2.core.transport.ConnectionHandlerThread.receive (ConnectionHandlerThread.java:152)
|    at edu.csus.ecs.pc2.core.transport.ConnectionHandlerClientThread.run (ConnectionHandlerClientThread.java:66)
231209 094545.948|FINER|Thread-21921|run|THROW
|edu.csus.ecs.pc2.core.transport.TransportException: null
|    at edu.csus.ecs.pc2.core.transport.ConnectionHandlerThread.receive (ConnectionHandlerThread.java:159)
|    at edu.csus.ecs.pc2.core.transport.ConnectionHandlerClientThread.run (ConnectionHandlerClientThread.java:66)
231209 094545.948|FINER|Thread-21921|run - e.getmessage is null()|THROW
|edu.csus.ecs.pc2.core.transport.TransportException: null
|    at edu.csus.ecs.pc2.core.transport.ConnectionHandlerThread.receive (ConnectionHandlerThread.java:159)
|    at edu.csus.ecs.pc2.core.transport.ConnectionHandlerClientThread.run (ConnectionHandlerClientThread.java:66)
