231209 101300.989|CONFIG|qtp135640095-44446|setFileHandlers|Now logging to C:\Users\18328\Desktop\pc2\WebTeamInterface-1.1\logs directory.
231209 101300.989|INFO|qtp135640095-44446|info|
231209 101300.989|INFO|qtp135640095-44446|info|Version 9 () Java ver 18.0.2.1 build  Windows 11 10.0 (amd64) 
231209 101300.991|INFO|qtp135640095-44446|startLog|Working directory is C:\Users\18328\Desktop\pc2\WebTeamInterface-1.1
231209 101300.991|INFO|qtp135640095-44446|startLog|Process id is 15028@DESKTOP-D75BQTV
231209 101300.991|INFO|qtp135640095-44446|start|Starting ConnectionManager...
231209 101300.997|INFO|qtp135640095-44446|start|Started ConnectionManager
231209 101300.997|INFO|qtp135640095-44446|setClientServerAndPort|INIFile File location: file:/C:/Users/18328/Desktop/pc2/WebTeamInterface-1.1/pc2v9.ini
231209 101300.997|INFO|qtp135640095-44446|setClientServerAndPort|setClientServerAndPort localhost parsed as localhost port 50002
231209 101300.997|INFO|qtp135640095-44446|info|Contacting server at localhost:50002
231209 101300.997|INFO|qtp135640095-44446|connectToMyServer|Connecting to localhost:50002
231209 101301.005|INFO|Thread-44930|receiveUnencrypted|receiveUnencrypted(TransportWrapper, ConnectionHandlerID=Socket[addr=localhost/127.0.0.1,port=50002,localport=55240]-2444457166490558677)
231209 101301.005|INFO|Thread-44930|receiveUnencrypted|receiveUnencrypted Made a secret key for Socket[addr=localhost/127.0.0.1,port=50002,localport=55240]-2444457166490558677 key is com.sun.crypto.provider.DESKey@1830d
231209 101301.005|INFO|Thread-44930|getPublicKeyPacket|Generating Unencrypted Public Key Packet
231209 101301.005|INFO|Thread-44930|getPublicKeyPacket|checking key:= SunJCE Diffie-Hellman Public Key:
y:
    ca6f796b a0421c19 f5b2c86f e2324378 5f922170 08c19258 7b127476 60b475a7
    71c97b41 b4146540 7f05e92e a37cbf25 ae4dcbf0 74a24375 7159723f e738d157
    6514cc17 9ec7496c b81d351f 983336c0 705f9a13 1ecf2ecf df5943f4 b7e3f4c2
    1d06bc3a de0ff958 d9c3dd71 c47ef45b 86e4cf5d 9a047cb0 95f4c2e9 9c7a3966
p:
    f488fd58 4e49dbcd 20b49de4 9107366b 336c380d 451d0f7c 88b31c7c 5b2d8ef6
    f3c923c0 43f0a55b 188d8ebb 558cb85d 38d334fd 7c175743 a31d186c de33212c
    b52aff3c e1b12940 18118d7c 84a70a72 d686c403 19c80729 7aca950c d9969fab
    d00a509b 0246d308 3d66a45d 419f9c7c bd894b22 1926baab a25ec355 e92f78c7
g:
    02
l:
    512
231209 101301.005|INFO|Thread-44930|getPublicKeyPacket|packet:= edu.csus.ecs.pc2.core.transport.TransportWrapper@16f743fa
231209 103956.380|INFO|Thread-44930|receive|EOFException in receive for Socket[addr=localhost/127.0.0.1,port=50002,localport=55240]-2444457166490558677
|java.io.EOFException: null
|    at java.io.ObjectInputStream$BlockDataInputStream.peekByte (ObjectInputStream.java:3244)
|    at java.io.ObjectInputStream.readObject0 (ObjectInputStream.java:1708)
|    at java.io.ObjectInputStream.readObject (ObjectInputStream.java:538)
|    at java.io.ObjectInputStream.readObject (ObjectInputStream.java:496)
|    at edu.csus.ecs.pc2.core.transport.ConnectionHandlerThread.receive (ConnectionHandlerThread.java:152)
|    at edu.csus.ecs.pc2.core.transport.ConnectionHandlerClientThread.run (ConnectionHandlerClientThread.java:66)
231209 103956.380|FINER|Thread-44930|run|THROW
|edu.csus.ecs.pc2.core.transport.TransportException: null
|    at edu.csus.ecs.pc2.core.transport.ConnectionHandlerThread.receive (ConnectionHandlerThread.java:159)
|    at edu.csus.ecs.pc2.core.transport.ConnectionHandlerClientThread.run (ConnectionHandlerClientThread.java:66)
231209 103956.380|FINER|Thread-44930|run - e.getmessage is null()|THROW
|edu.csus.ecs.pc2.core.transport.TransportException: null
|    at edu.csus.ecs.pc2.core.transport.ConnectionHandlerThread.receive (ConnectionHandlerThread.java:159)
|    at edu.csus.ecs.pc2.core.transport.ConnectionHandlerClientThread.run (ConnectionHandlerClientThread.java:66)
