221210 103745.126|CONFIG|qtp1613095350-1488|setFileHandlers|Now logging to C:\Users\18328\Desktop\pc2\WebTeamInterface-1.1\logs directory.
221210 103745.126|INFO|qtp1613095350-1488|info|
221210 103745.127|INFO|qtp1613095350-1488|info|Version 9 () Java ver 18.0.2.1 build  Windows 11 10.0 (amd64) 
221210 103745.127|INFO|qtp1613095350-1488|startLog|Working directory is C:\Users\18328\Desktop\pc2\WebTeamInterface-1.1
221210 103745.127|INFO|qtp1613095350-1488|startLog|Process id is 22344@DESKTOP-D75BQTV
221210 103745.127|INFO|qtp1613095350-1488|start|Starting ConnectionManager...
221210 103745.128|INFO|qtp1613095350-1488|start|Started ConnectionManager
221210 103745.129|INFO|qtp1613095350-1488|setClientServerAndPort|INIFile File location: file:/C:/Users/18328/Desktop/pc2/WebTeamInterface-1.1/pc2v9.ini
221210 103745.129|INFO|qtp1613095350-1488|setClientServerAndPort|setClientServerAndPort 212.212.212.212 parsed as 212.212.212.212 port 50002
221210 103745.129|INFO|qtp1613095350-1488|info|Contacting server at 212.212.212.212:50002
221210 103745.129|INFO|qtp1613095350-1488|connectToMyServer|Connecting to 212.212.212.212:50002
221210 103745.130|INFO|Thread-4099|receiveUnencrypted|receiveUnencrypted(TransportWrapper, ConnectionHandlerID=Socket[addr=/212.212.212.212,port=50002,localport=58879]-6046519765970235687)
221210 103745.130|INFO|Thread-4099|receiveUnencrypted|receiveUnencrypted Made a secret key for Socket[addr=/212.212.212.212,port=50002,localport=58879]-6046519765970235687 key is com.sun.crypto.provider.DESKey@18256
221210 103745.130|INFO|Thread-4099|getPublicKeyPacket|Generating Unencrypted Public Key Packet
221210 103745.130|INFO|Thread-4099|getPublicKeyPacket|checking key:= SunJCE Diffie-Hellman Public Key:
y:
    54f5cb65 9c6b775e 78894f03 a49ec9f1 2552cad6 efcba5d6 127f64a7 8bc99c63
    ec6f254b 6761d1b1 cb244435 fb361a29 a2afc862 c18e2ea6 5a16f724 2584b58e
    405e6367 0b47cdbe b018d2e7 8aa4efcf 7fdb3ab3 44e6c459 5521a042 c0959031
    1aa3a162 71d175e7 1b30c2fe e574290f a14dfd87 7196c5a4 c2e2072d 86ce5bf4
p:
    f488fd58 4e49dbcd 20b49de4 9107366b 336c380d 451d0f7c 88b31c7c 5b2d8ef6
    f3c923c0 43f0a55b 188d8ebb 558cb85d 38d334fd 7c175743 a31d186c de33212c
    b52aff3c e1b12940 18118d7c 84a70a72 d686c403 19c80729 7aca950c d9969fab
    d00a509b 0246d308 3d66a45d 419f9c7c bd894b22 1926baab a25ec355 e92f78c7
g:
    02
l:
    512
221210 103745.131|INFO|Thread-4099|getPublicKeyPacket|packet:= edu.csus.ecs.pc2.core.transport.TransportWrapper@6705fafb
221210 150258.256|INFO|Thread-4099|receive|SocketException in receive for Socket[addr=/212.212.212.212,port=50002,localport=58879]-6046519765970235687
|java.net.SocketException: An established connection was aborted by the software in your host machine
|    at sun.nio.ch.NioSocketImpl.implRead (NioSocketImpl.java:322)
|    at sun.nio.ch.NioSocketImpl.read (NioSocketImpl.java:347)
|    at sun.nio.ch.NioSocketImpl$1.read (NioSocketImpl.java:800)
|    at java.net.Socket$SocketInputStream.read (Socket.java:966)
|    at java.net.Socket$SocketInputStream.read (Socket.java:961)
|    at java.io.ObjectInputStream$PeekInputStream.peek (ObjectInputStream.java:2905)
|    at java.io.ObjectInputStream$BlockDataInputStream.peek (ObjectInputStream.java:3232)
|    at java.io.ObjectInputStream$BlockDataInputStream.peekByte (ObjectInputStream.java:3242)
|    at java.io.ObjectInputStream.readObject0 (ObjectInputStream.java:1708)
|    at java.io.ObjectInputStream.readObject (ObjectInputStream.java:538)
|    at java.io.ObjectInputStream.readObject (ObjectInputStream.java:496)
|    at edu.csus.ecs.pc2.core.transport.ConnectionHandlerThread.receive (ConnectionHandlerThread.java:152)
|    at edu.csus.ecs.pc2.core.transport.ConnectionHandlerClientThread.run (ConnectionHandlerClientThread.java:66)
221210 150258.317|FINER|Thread-4099|run|THROW
|edu.csus.ecs.pc2.core.transport.TransportException: An established connection was aborted by the software in your host machine
|    at edu.csus.ecs.pc2.core.transport.ConnectionHandlerThread.receive (ConnectionHandlerThread.java:156)
|    at edu.csus.ecs.pc2.core.transport.ConnectionHandlerClientThread.run (ConnectionHandlerClientThread.java:66)
221210 150258.318|INFO|Thread-4099|receive|SocketException in receive for Socket[addr=/212.212.212.212,port=50002,localport=58879]-6046519765970235687
|java.net.SocketException: Connection reset
|    at sun.nio.ch.NioSocketImpl.implRead (NioSocketImpl.java:320)
|    at sun.nio.ch.NioSocketImpl.read (NioSocketImpl.java:347)
|    at sun.nio.ch.NioSocketImpl$1.read (NioSocketImpl.java:800)
|    at java.net.Socket$SocketInputStream.read (Socket.java:966)
|    at java.net.Socket$SocketInputStream.read (Socket.java:961)
|    at java.io.ObjectInputStream$PeekInputStream.peek (ObjectInputStream.java:2905)
|    at java.io.ObjectInputStream$BlockDataInputStream.peek (ObjectInputStream.java:3232)
|    at java.io.ObjectInputStream$BlockDataInputStream.peekByte (ObjectInputStream.java:3242)
|    at java.io.ObjectInputStream.readObject0 (ObjectInputStream.java:1708)
|    at java.io.ObjectInputStream.readObject (ObjectInputStream.java:538)
|    at java.io.ObjectInputStream.readObject (ObjectInputStream.java:496)
|    at edu.csus.ecs.pc2.core.transport.ConnectionHandlerThread.receive (ConnectionHandlerThread.java:152)
|    at edu.csus.ecs.pc2.core.transport.ConnectionHandlerClientThread.run (ConnectionHandlerClientThread.java:66)
221210 150258.321|FINER|Thread-4099|run|THROW
|edu.csus.ecs.pc2.core.transport.TransportException: Connection reset
|    at edu.csus.ecs.pc2.core.transport.ConnectionHandlerThread.receive (ConnectionHandlerThread.java:156)
|    at edu.csus.ecs.pc2.core.transport.ConnectionHandlerClientThread.run (ConnectionHandlerClientThread.java:66)
