231209 124913.808|CONFIG|qtp135640095-66621|setFileHandlers|Now logging to C:\Users\18328\Desktop\pc2\WebTeamInterface-1.1\logs directory.
231209 124913.808|INFO|qtp135640095-66621|info|
231209 124913.808|INFO|qtp135640095-66621|info|Version 9 () Java ver 18.0.2.1 build  Windows 11 10.0 (amd64) 
231209 124913.808|INFO|qtp135640095-66621|startLog|Working directory is C:\Users\18328\Desktop\pc2\WebTeamInterface-1.1
231209 124913.808|INFO|qtp135640095-66621|startLog|Process id is 15028@DESKTOP-D75BQTV
231209 124913.808|INFO|qtp135640095-66621|start|Starting ConnectionManager...
231209 124913.817|INFO|qtp135640095-66621|start|Started ConnectionManager
231209 124913.820|INFO|qtp135640095-66621|setClientServerAndPort|INIFile File location: file:/C:/Users/18328/Desktop/pc2/WebTeamInterface-1.1/pc2v9.ini
231209 124913.820|INFO|qtp135640095-66621|setClientServerAndPort|setClientServerAndPort localhost parsed as localhost port 50002
231209 124913.820|INFO|qtp135640095-66621|info|Contacting server at localhost:50002
231209 124913.820|INFO|qtp135640095-66621|connectToMyServer|Connecting to localhost:50002
231209 124913.820|INFO|Thread-68188|receiveUnencrypted|receiveUnencrypted(TransportWrapper, ConnectionHandlerID=Socket[addr=localhost/127.0.0.1,port=50002,localport=50840]--4369234371163544578)
231209 124913.828|INFO|Thread-68188|receiveUnencrypted|receiveUnencrypted Made a secret key for Socket[addr=localhost/127.0.0.1,port=50002,localport=50840]--4369234371163544578 key is com.sun.crypto.provider.DESKey@fffe7ab2
231209 124913.828|INFO|Thread-68188|getPublicKeyPacket|Generating Unencrypted Public Key Packet
231209 124913.830|INFO|Thread-68188|getPublicKeyPacket|checking key:= SunJCE Diffie-Hellman Public Key:
y:
    a1df3161 4555d902 29e7252d b4b0a53e 41c2901d eb83a660 ecb0c0ab 8a89b1bb
    e2c85d6b d91d1979 a0b50fa6 1db4022b cbd62973 fce7442e ca7a35bd 8dfafb5c
    d89bbc53 f2aef06e 40974b86 3b8da147 786102da 36b0e91d c4763528 ecf61686
    5e318753 353590ef 5012c5e1 b446c634 6b681247 5cab9462 36a045f8 551aa6f7
p:
    f488fd58 4e49dbcd 20b49de4 9107366b 336c380d 451d0f7c 88b31c7c 5b2d8ef6
    f3c923c0 43f0a55b 188d8ebb 558cb85d 38d334fd 7c175743 a31d186c de33212c
    b52aff3c e1b12940 18118d7c 84a70a72 d686c403 19c80729 7aca950c d9969fab
    d00a509b 0246d308 3d66a45d 419f9c7c bd894b22 1926baab a25ec355 e92f78c7
g:
    02
l:
    512
231209 124913.830|INFO|Thread-68188|getPublicKeyPacket|packet:= edu.csus.ecs.pc2.core.transport.TransportWrapper@2bdbc22a
231209 124934.390|INFO|Thread-68188|receive|EOFException in receive for Socket[addr=localhost/127.0.0.1,port=50002,localport=50840]--4369234371163544578
|java.io.EOFException: null
|    at java.io.ObjectInputStream$BlockDataInputStream.peekByte (ObjectInputStream.java:3244)
|    at java.io.ObjectInputStream.readObject0 (ObjectInputStream.java:1708)
|    at java.io.ObjectInputStream.readObject (ObjectInputStream.java:538)
|    at java.io.ObjectInputStream.readObject (ObjectInputStream.java:496)
|    at edu.csus.ecs.pc2.core.transport.ConnectionHandlerThread.receive (ConnectionHandlerThread.java:152)
|    at edu.csus.ecs.pc2.core.transport.ConnectionHandlerClientThread.run (ConnectionHandlerClientThread.java:66)
231209 124934.390|FINER|Thread-68188|run|THROW
|edu.csus.ecs.pc2.core.transport.TransportException: null
|    at edu.csus.ecs.pc2.core.transport.ConnectionHandlerThread.receive (ConnectionHandlerThread.java:159)
|    at edu.csus.ecs.pc2.core.transport.ConnectionHandlerClientThread.run (ConnectionHandlerClientThread.java:66)
231209 124934.390|FINER|Thread-68188|run - e.getmessage is null()|THROW
|edu.csus.ecs.pc2.core.transport.TransportException: null
|    at edu.csus.ecs.pc2.core.transport.ConnectionHandlerThread.receive (ConnectionHandlerThread.java:159)
|    at edu.csus.ecs.pc2.core.transport.ConnectionHandlerClientThread.run (ConnectionHandlerClientThread.java:66)
