221210 102716.078|CONFIG|qtp1613095350-1488|setFileHandlers|Now logging to C:\Users\18328\Desktop\pc2\WebTeamInterface-1.1\logs directory.
221210 102716.078|INFO|qtp1613095350-1488|info|
221210 102716.079|INFO|qtp1613095350-1488|info|Version 9 () Java ver 18.0.2.1 build  Windows 11 10.0 (amd64) 
221210 102716.079|INFO|qtp1613095350-1488|startLog|Working directory is C:\Users\18328\Desktop\pc2\WebTeamInterface-1.1
221210 102716.079|INFO|qtp1613095350-1488|startLog|Process id is 22344@DESKTOP-D75BQTV
221210 102716.080|INFO|qtp1613095350-1488|start|Starting ConnectionManager...
221210 102716.086|INFO|qtp1613095350-1488|start|Started ConnectionManager
221210 102716.088|INFO|qtp1613095350-1488|setClientServerAndPort|INIFile File location: file:/C:/Users/18328/Desktop/pc2/WebTeamInterface-1.1/pc2v9.ini
221210 102716.088|INFO|qtp1613095350-1488|setClientServerAndPort|setClientServerAndPort 212.212.212.212 parsed as 212.212.212.212 port 50002
221210 102716.088|INFO|qtp1613095350-1488|info|Contacting server at 212.212.212.212:50002
221210 102716.088|INFO|qtp1613095350-1488|connectToMyServer|Connecting to 212.212.212.212:50002
221210 102716.089|INFO|Thread-3397|receiveUnencrypted|receiveUnencrypted(TransportWrapper, ConnectionHandlerID=Socket[addr=/212.212.212.212,port=50002,localport=58013]--2579996854465380728)
221210 102716.090|INFO|Thread-3397|receiveUnencrypted|receiveUnencrypted Made a secret key for Socket[addr=/212.212.212.212,port=50002,localport=58013]--2579996854465380728 key is com.sun.crypto.provider.DESKey@18666
221210 102716.090|INFO|Thread-3397|getPublicKeyPacket|Generating Unencrypted Public Key Packet
221210 102716.090|INFO|Thread-3397|getPublicKeyPacket|checking key:= SunJCE Diffie-Hellman Public Key:
y:
    892246d9 43922e82 d24a3a09 657cc526 3d516534 9890b907 28e6b6bc 41696eb3
    dc0a8994 ddf17a86 05aedd5f 0ad2f44b d33166c2 09008e48 acf32b9b bf339e90
    1f907cbe 1997e7c0 a3103f2a a6afc7c0 d5b0668d 32a8a676 f699814d ba328d46
    4c41a661 7f9e3332 cbd7d8e1 1ad778bc 60421494 d5990eb7 e68e40ab e8e8b434
p:
    f488fd58 4e49dbcd 20b49de4 9107366b 336c380d 451d0f7c 88b31c7c 5b2d8ef6
    f3c923c0 43f0a55b 188d8ebb 558cb85d 38d334fd 7c175743 a31d186c de33212c
    b52aff3c e1b12940 18118d7c 84a70a72 d686c403 19c80729 7aca950c d9969fab
    d00a509b 0246d308 3d66a45d 419f9c7c bd894b22 1926baab a25ec355 e92f78c7
g:
    02
l:
    512
221210 102716.090|INFO|Thread-3397|getPublicKeyPacket|packet:= edu.csus.ecs.pc2.core.transport.TransportWrapper@28dc9e22
221210 150258.253|INFO|Thread-3397|receive|SocketException in receive for Socket[addr=/212.212.212.212,port=50002,localport=58013]--2579996854465380728
|java.net.SocketException: An established connection was aborted by the software in your host machine
|    at sun.nio.ch.NioSocketImpl.implRead (NioSocketImpl.java:322)
|    at sun.nio.ch.NioSocketImpl.read (NioSocketImpl.java:347)
|    at sun.nio.ch.NioSocketImpl$1.read (NioSocketImpl.java:800)
|    at java.net.Socket$SocketInputStream.read (Socket.java:966)
|    at java.net.Socket$SocketInputStream.read (Socket.java:961)
|    at java.io.ObjectInputStream$PeekInputStream.peek (ObjectInputStream.java:2905)
|    at java.io.ObjectInputStream$BlockDataInputStream.peek (ObjectInputStream.java:3232)
|    at java.io.ObjectInputStream$BlockDataInputStream.peekByte (ObjectInputStream.java:3242)
|    at java.io.ObjectInputStream.readObject0 (ObjectInputStream.java:1708)
|    at java.io.ObjectInputStream.readObject (ObjectInputStream.java:538)
|    at java.io.ObjectInputStream.readObject (ObjectInputStream.java:496)
|    at edu.csus.ecs.pc2.core.transport.ConnectionHandlerThread.receive (ConnectionHandlerThread.java:152)
|    at edu.csus.ecs.pc2.core.transport.ConnectionHandlerClientThread.run (ConnectionHandlerClientThread.java:66)
221210 150258.265|FINER|Thread-3397|run|THROW
|edu.csus.ecs.pc2.core.transport.TransportException: An established connection was aborted by the software in your host machine
|    at edu.csus.ecs.pc2.core.transport.ConnectionHandlerThread.receive (ConnectionHandlerThread.java:156)
|    at edu.csus.ecs.pc2.core.transport.ConnectionHandlerClientThread.run (ConnectionHandlerClientThread.java:66)
221210 150258.265|INFO|Thread-3397|receive|SocketException in receive for Socket[addr=/212.212.212.212,port=50002,localport=58013]--2579996854465380728
|java.net.SocketException: Connection reset
|    at sun.nio.ch.NioSocketImpl.implRead (NioSocketImpl.java:320)
|    at sun.nio.ch.NioSocketImpl.read (NioSocketImpl.java:347)
|    at sun.nio.ch.NioSocketImpl$1.read (NioSocketImpl.java:800)
|    at java.net.Socket$SocketInputStream.read (Socket.java:966)
|    at java.net.Socket$SocketInputStream.read (Socket.java:961)
|    at java.io.ObjectInputStream$PeekInputStream.peek (ObjectInputStream.java:2905)
|    at java.io.ObjectInputStream$BlockDataInputStream.peek (ObjectInputStream.java:3232)
|    at java.io.ObjectInputStream$BlockDataInputStream.peekByte (ObjectInputStream.java:3242)
|    at java.io.ObjectInputStream.readObject0 (ObjectInputStream.java:1708)
|    at java.io.ObjectInputStream.readObject (ObjectInputStream.java:538)
|    at java.io.ObjectInputStream.readObject (ObjectInputStream.java:496)
|    at edu.csus.ecs.pc2.core.transport.ConnectionHandlerThread.receive (ConnectionHandlerThread.java:152)
|    at edu.csus.ecs.pc2.core.transport.ConnectionHandlerClientThread.run (ConnectionHandlerClientThread.java:66)
221210 150258.270|FINER|Thread-3397|run|THROW
|edu.csus.ecs.pc2.core.transport.TransportException: Connection reset
|    at edu.csus.ecs.pc2.core.transport.ConnectionHandlerThread.receive (ConnectionHandlerThread.java:156)
|    at edu.csus.ecs.pc2.core.transport.ConnectionHandlerClientThread.run (ConnectionHandlerClientThread.java:66)
