231209 075241.185|CONFIG|qtp135640095-384|setFileHandlers|Now logging to C:\Users\18328\Desktop\pc2\WebTeamInterface-1.1\logs directory.
231209 075241.185|INFO|qtp135640095-384|info|
231209 075241.185|INFO|qtp135640095-384|info|Version 9 () Java ver 18.0.2.1 build  Windows 11 10.0 (amd64) 
231209 075241.192|INFO|qtp135640095-384|startLog|Working directory is C:\Users\18328\Desktop\pc2\WebTeamInterface-1.1
231209 075241.192|INFO|qtp135640095-384|startLog|Process id is 15028@DESKTOP-D75BQTV
231209 075241.192|INFO|qtp135640095-384|start|Starting ConnectionManager...
231209 075241.201|INFO|qtp135640095-384|start|Started ConnectionManager
231209 075241.204|INFO|qtp135640095-384|setClientServerAndPort|INIFile File location: file:/C:/Users/18328/Desktop/pc2/WebTeamInterface-1.1/pc2v9.ini
231209 075241.204|INFO|qtp135640095-384|setClientServerAndPort|setClientServerAndPort localhost parsed as localhost port 50002
231209 075241.204|INFO|qtp135640095-384|info|Contacting server at localhost:50002
231209 075241.204|INFO|qtp135640095-384|connectToMyServer|Connecting to localhost:50002
231209 075241.215|INFO|Thread-372|receiveUnencrypted|receiveUnencrypted(TransportWrapper, ConnectionHandlerID=Socket[addr=localhost/127.0.0.1,port=50002,localport=57114]-2907669735086080966)
231209 075241.217|INFO|Thread-372|receiveUnencrypted|receiveUnencrypted Made a secret key for Socket[addr=localhost/127.0.0.1,port=50002,localport=57114]-2907669735086080966 key is com.sun.crypto.provider.DESKey@18614
231209 075241.217|INFO|Thread-372|getPublicKeyPacket|Generating Unencrypted Public Key Packet
231209 075241.217|INFO|Thread-372|getPublicKeyPacket|checking key:= SunJCE Diffie-Hellman Public Key:
y:
    c3e12f3e e639213d 2e8a67b2 59d20207 e9d8b710 4307dc6e 6cecec88 e9752280
    c6abd819 18142890 36e37fcb c7fc2298 2bc4302e f535fdd6 fcf03315 5eca558a
    7a3a074e afe4b279 967dd6d6 96d99372 3b921cea 3bce2ef1 82e237c9 9c0bc2db
    50cbdd31 b64d5ff7 12d4c1fe 77db2189 cbb6c74b aa912508 2f2286b6 037fd8aa
p:
    f488fd58 4e49dbcd 20b49de4 9107366b 336c380d 451d0f7c 88b31c7c 5b2d8ef6
    f3c923c0 43f0a55b 188d8ebb 558cb85d 38d334fd 7c175743 a31d186c de33212c
    b52aff3c e1b12940 18118d7c 84a70a72 d686c403 19c80729 7aca950c d9969fab
    d00a509b 0246d308 3d66a45d 419f9c7c bd894b22 1926baab a25ec355 e92f78c7
g:
    02
l:
    512
231209 075241.217|INFO|Thread-372|getPublicKeyPacket|packet:= edu.csus.ecs.pc2.core.transport.TransportWrapper@2b647a56
231209 075854.384|INFO|Thread-372|receive|EOFException in receive for Socket[addr=localhost/127.0.0.1,port=50002,localport=57114]-2907669735086080966
|java.io.EOFException: null
|    at java.io.ObjectInputStream$BlockDataInputStream.peekByte (ObjectInputStream.java:3244)
|    at java.io.ObjectInputStream.readObject0 (ObjectInputStream.java:1708)
|    at java.io.ObjectInputStream.readObject (ObjectInputStream.java:538)
|    at java.io.ObjectInputStream.readObject (ObjectInputStream.java:496)
|    at edu.csus.ecs.pc2.core.transport.ConnectionHandlerThread.receive (ConnectionHandlerThread.java:152)
|    at edu.csus.ecs.pc2.core.transport.ConnectionHandlerClientThread.run (ConnectionHandlerClientThread.java:66)
231209 075854.384|FINER|Thread-372|run|THROW
|edu.csus.ecs.pc2.core.transport.TransportException: null
|    at edu.csus.ecs.pc2.core.transport.ConnectionHandlerThread.receive (ConnectionHandlerThread.java:159)
|    at edu.csus.ecs.pc2.core.transport.ConnectionHandlerClientThread.run (ConnectionHandlerClientThread.java:66)
231209 075854.384|FINER|Thread-372|run - e.getmessage is null()|THROW
|edu.csus.ecs.pc2.core.transport.TransportException: null
|    at edu.csus.ecs.pc2.core.transport.ConnectionHandlerThread.receive (ConnectionHandlerThread.java:159)
|    at edu.csus.ecs.pc2.core.transport.ConnectionHandlerClientThread.run (ConnectionHandlerClientThread.java:66)
