221210 104218.066|CONFIG|qtp1613095350-3023|setFileHandlers|Now logging to C:\Users\18328\Desktop\pc2\WebTeamInterface-1.1\logs directory.
221210 104218.066|INFO|qtp1613095350-3023|info|
221210 104218.067|INFO|qtp1613095350-3023|info|Version 9 () Java ver 18.0.2.1 build  Windows 11 10.0 (amd64) 
221210 104218.067|INFO|qtp1613095350-3023|startLog|Working directory is C:\Users\18328\Desktop\pc2\WebTeamInterface-1.1
221210 104218.067|INFO|qtp1613095350-3023|startLog|Process id is 22344@DESKTOP-D75BQTV
221210 104218.067|INFO|qtp1613095350-3023|start|Starting ConnectionManager...
221210 104218.068|INFO|qtp1613095350-3023|start|Started ConnectionManager
221210 104218.069|INFO|qtp1613095350-3023|setClientServerAndPort|INIFile File location: file:/C:/Users/18328/Desktop/pc2/WebTeamInterface-1.1/pc2v9.ini
221210 104218.069|INFO|qtp1613095350-3023|setClientServerAndPort|setClientServerAndPort 212.212.212.212 parsed as 212.212.212.212 port 50002
221210 104218.069|INFO|qtp1613095350-3023|info|Contacting server at 212.212.212.212:50002
221210 104218.069|INFO|qtp1613095350-3023|connectToMyServer|Connecting to 212.212.212.212:50002
221210 104218.071|INFO|Thread-4201|receiveUnencrypted|receiveUnencrypted(TransportWrapper, ConnectionHandlerID=Socket[addr=/212.212.212.212,port=50002,localport=59286]-8457614227315485860)
221210 104218.071|INFO|Thread-4201|receiveUnencrypted|receiveUnencrypted Made a secret key for Socket[addr=/212.212.212.212,port=50002,localport=59286]-8457614227315485860 key is com.sun.crypto.provider.DESKey@1802f
221210 104218.071|INFO|Thread-4201|getPublicKeyPacket|Generating Unencrypted Public Key Packet
221210 104218.071|INFO|Thread-4201|getPublicKeyPacket|checking key:= SunJCE Diffie-Hellman Public Key:
y:
    99a0f4f2 320661f1 ce19d013 e4a4b9f3 5cc9d7e4 b841b108 a772aa80 a36146ea
    cbe6d31f de768706 b081ebfa 191381c6 c14f4a59 f681e602 a12ed1df e5f4b6d2
    a0f015b5 103ad549 ba922453 e6c306e1 1276a7c4 8bf47c38 f186d189 aa317af6
    12516592 7f8f02f7 df987c58 a115db3f af692c7f 758c82c2 210fb6a1 19e5b634
p:
    f488fd58 4e49dbcd 20b49de4 9107366b 336c380d 451d0f7c 88b31c7c 5b2d8ef6
    f3c923c0 43f0a55b 188d8ebb 558cb85d 38d334fd 7c175743 a31d186c de33212c
    b52aff3c e1b12940 18118d7c 84a70a72 d686c403 19c80729 7aca950c d9969fab
    d00a509b 0246d308 3d66a45d 419f9c7c bd894b22 1926baab a25ec355 e92f78c7
g:
    02
l:
    512
221210 150258.252|INFO|Thread-4201|receive|SocketException in receive for Socket[addr=/212.212.212.212,port=50002,localport=59286]-8457614227315485860
|java.net.SocketException: An established connection was aborted by the software in your host machine
|    at sun.nio.ch.NioSocketImpl.implRead (NioSocketImpl.java:322)
|    at sun.nio.ch.NioSocketImpl.read (NioSocketImpl.java:347)
|    at sun.nio.ch.NioSocketImpl$1.read (NioSocketImpl.java:800)
|    at java.net.Socket$SocketInputStream.read (Socket.java:966)
|    at java.net.Socket$SocketInputStream.read (Socket.java:961)
|    at java.io.ObjectInputStream$PeekInputStream.peek (ObjectInputStream.java:2905)
|    at java.io.ObjectInputStream$BlockDataInputStream.peek (ObjectInputStream.java:3232)
|    at java.io.ObjectInputStream$BlockDataInputStream.peekByte (ObjectInputStream.java:3242)
|    at java.io.ObjectInputStream.readObject0 (ObjectInputStream.java:1708)
|    at java.io.ObjectInputStream.readObject (ObjectInputStream.java:538)
|    at java.io.ObjectInputStream.readObject (ObjectInputStream.java:496)
|    at edu.csus.ecs.pc2.core.transport.ConnectionHandlerThread.receive (ConnectionHandlerThread.java:152)
|    at edu.csus.ecs.pc2.core.transport.ConnectionHandlerClientThread.run (ConnectionHandlerClientThread.java:66)
221210 150258.265|FINER|Thread-4201|run|THROW
|edu.csus.ecs.pc2.core.transport.TransportException: An established connection was aborted by the software in your host machine
|    at edu.csus.ecs.pc2.core.transport.ConnectionHandlerThread.receive (ConnectionHandlerThread.java:156)
|    at edu.csus.ecs.pc2.core.transport.ConnectionHandlerClientThread.run (ConnectionHandlerClientThread.java:66)
221210 150258.265|INFO|Thread-4201|receive|SocketException in receive for Socket[addr=/212.212.212.212,port=50002,localport=59286]-8457614227315485860
|java.net.SocketException: Connection reset
|    at sun.nio.ch.NioSocketImpl.implRead (NioSocketImpl.java:320)
|    at sun.nio.ch.NioSocketImpl.read (NioSocketImpl.java:347)
|    at sun.nio.ch.NioSocketImpl$1.read (NioSocketImpl.java:800)
|    at java.net.Socket$SocketInputStream.read (Socket.java:966)
|    at java.net.Socket$SocketInputStream.read (Socket.java:961)
|    at java.io.ObjectInputStream$PeekInputStream.peek (ObjectInputStream.java:2905)
|    at java.io.ObjectInputStream$BlockDataInputStream.peek (ObjectInputStream.java:3232)
|    at java.io.ObjectInputStream$BlockDataInputStream.peekByte (ObjectInputStream.java:3242)
|    at java.io.ObjectInputStream.readObject0 (ObjectInputStream.java:1708)
|    at java.io.ObjectInputStream.readObject (ObjectInputStream.java:538)
|    at java.io.ObjectInputStream.readObject (ObjectInputStream.java:496)
|    at edu.csus.ecs.pc2.core.transport.ConnectionHandlerThread.receive (ConnectionHandlerThread.java:152)
|    at edu.csus.ecs.pc2.core.transport.ConnectionHandlerClientThread.run (ConnectionHandlerClientThread.java:66)
221210 150258.269|FINER|Thread-4201|run|THROW
|edu.csus.ecs.pc2.core.transport.TransportException: Connection reset
|    at edu.csus.ecs.pc2.core.transport.ConnectionHandlerThread.receive (ConnectionHandlerThread.java:156)
|    at edu.csus.ecs.pc2.core.transport.ConnectionHandlerClientThread.run (ConnectionHandlerClientThread.java:66)
