231209 082917.730|CONFIG|qtp135640095-2006|setFileHandlers|Now logging to C:\Users\18328\Desktop\pc2\WebTeamInterface-1.1\logs directory.
231209 082917.730|INFO|qtp135640095-2006|info|
231209 082917.732|INFO|qtp135640095-2006|info|Version 9 () Java ver 18.0.2.1 build  Windows 11 10.0 (amd64) 
231209 082917.732|INFO|qtp135640095-2006|startLog|Working directory is C:\Users\18328\Desktop\pc2\WebTeamInterface-1.1
231209 082917.732|INFO|qtp135640095-2006|startLog|Process id is 15028@DESKTOP-D75BQTV
231209 082917.732|INFO|qtp135640095-2006|start|Starting ConnectionManager...
231209 082917.736|INFO|qtp135640095-2006|start|Started ConnectionManager
231209 082917.736|INFO|qtp135640095-2006|setClientServerAndPort|INIFile File location: file:/C:/Users/18328/Desktop/pc2/WebTeamInterface-1.1/pc2v9.ini
231209 082917.736|INFO|qtp135640095-2006|setClientServerAndPort|setClientServerAndPort localhost parsed as localhost port 50002
231209 082917.736|INFO|qtp135640095-2006|info|Contacting server at localhost:50002
231209 082917.736|INFO|qtp135640095-2006|connectToMyServer|Connecting to localhost:50002
231209 082917.743|INFO|Thread-12335|receiveUnencrypted|receiveUnencrypted(TransportWrapper, ConnectionHandlerID=Socket[addr=localhost/127.0.0.1,port=50002,localport=65225]-7384311485118470560)
231209 082917.743|INFO|Thread-12335|receiveUnencrypted|receiveUnencrypted Made a secret key for Socket[addr=localhost/127.0.0.1,port=50002,localport=65225]-7384311485118470560 key is com.sun.crypto.provider.DESKey@18409
231209 082917.743|INFO|Thread-12335|getPublicKeyPacket|Generating Unencrypted Public Key Packet
231209 082917.743|INFO|Thread-12335|getPublicKeyPacket|checking key:= SunJCE Diffie-Hellman Public Key:
y:
    b966067a 33e00643 bef6ca6c 80b1acb4 180df9b3 1eb15c31 5ac4ca8e 9c355679
    3008ff0c ac5283b0 ac5d85e9 878500f8 f26e3d41 85c4c32b 543df015 5219c415
    b25a786d 11ba4bf4 a4f33af8 a52c5885 fdcaba35 913c8b11 f71ff77d 83b0c351
    713cd438 dd640dbd 3f99104c 1bf16ee3 02c4fea9 f0a4e945 e350bee7 55a5eb11
p:
    f488fd58 4e49dbcd 20b49de4 9107366b 336c380d 451d0f7c 88b31c7c 5b2d8ef6
    f3c923c0 43f0a55b 188d8ebb 558cb85d 38d334fd 7c175743 a31d186c de33212c
    b52aff3c e1b12940 18118d7c 84a70a72 d686c403 19c80729 7aca950c d9969fab
    d00a509b 0246d308 3d66a45d 419f9c7c bd894b22 1926baab a25ec355 e92f78c7
g:
    02
l:
    512
231209 082917.743|INFO|Thread-12335|getPublicKeyPacket|packet:= edu.csus.ecs.pc2.core.transport.TransportWrapper@73a07c3b
231209 125144.084|INFO|Thread-12335|receive|SocketException in receive for Socket[addr=localhost/127.0.0.1,port=50002,localport=65225]-7384311485118470560
|java.net.SocketException: Connection reset
|    at sun.nio.ch.NioSocketImpl.implRead (NioSocketImpl.java:320)
|    at sun.nio.ch.NioSocketImpl.read (NioSocketImpl.java:347)
|    at sun.nio.ch.NioSocketImpl$1.read (NioSocketImpl.java:800)
|    at java.net.Socket$SocketInputStream.read (Socket.java:966)
|    at java.net.Socket$SocketInputStream.read (Socket.java:961)
|    at java.io.ObjectInputStream$PeekInputStream.peek (ObjectInputStream.java:2905)
|    at java.io.ObjectInputStream$BlockDataInputStream.peek (ObjectInputStream.java:3232)
|    at java.io.ObjectInputStream$BlockDataInputStream.peekByte (ObjectInputStream.java:3242)
|    at java.io.ObjectInputStream.readObject0 (ObjectInputStream.java:1708)
|    at java.io.ObjectInputStream.readObject (ObjectInputStream.java:538)
|    at java.io.ObjectInputStream.readObject (ObjectInputStream.java:496)
|    at edu.csus.ecs.pc2.core.transport.ConnectionHandlerThread.receive (ConnectionHandlerThread.java:152)
|    at edu.csus.ecs.pc2.core.transport.ConnectionHandlerClientThread.run (ConnectionHandlerClientThread.java:66)
231209 125144.161|FINER|Thread-12335|run|THROW
|edu.csus.ecs.pc2.core.transport.TransportException: Connection reset
|    at edu.csus.ecs.pc2.core.transport.ConnectionHandlerThread.receive (ConnectionHandlerThread.java:156)
|    at edu.csus.ecs.pc2.core.transport.ConnectionHandlerClientThread.run (ConnectionHandlerClientThread.java:66)
