231209 103800.847|CONFIG|qtp135640095-46322|setFileHandlers|Now logging to C:\Users\18328\Desktop\pc2\WebTeamInterface-1.1\logs directory.
231209 103800.847|INFO|qtp135640095-46322|info|
231209 103800.847|INFO|qtp135640095-46322|info|Version 9 () Java ver 18.0.2.1 build  Windows 11 10.0 (amd64) 
231209 103800.847|INFO|qtp135640095-46322|startLog|Working directory is C:\Users\18328\Desktop\pc2\WebTeamInterface-1.1
231209 103800.856|INFO|qtp135640095-46322|startLog|Process id is 15028@DESKTOP-D75BQTV
231209 103800.856|INFO|qtp135640095-46322|start|Starting ConnectionManager...
231209 103800.861|INFO|qtp135640095-46322|start|Started ConnectionManager
231209 103800.865|INFO|qtp135640095-46322|setClientServerAndPort|INIFile File location: file:/C:/Users/18328/Desktop/pc2/WebTeamInterface-1.1/pc2v9.ini
231209 103800.865|INFO|qtp135640095-46322|setClientServerAndPort|setClientServerAndPort localhost parsed as localhost port 50002
231209 103800.866|INFO|qtp135640095-46322|info|Contacting server at localhost:50002
231209 103800.866|INFO|qtp135640095-46322|connectToMyServer|Connecting to localhost:50002
231209 103800.871|INFO|Thread-49233|receiveUnencrypted|receiveUnencrypted(TransportWrapper, ConnectionHandlerID=Socket[addr=localhost/127.0.0.1,port=50002,localport=59691]-1984489589984909369)
231209 103800.873|INFO|Thread-49233|receiveUnencrypted|receiveUnencrypted Made a secret key for Socket[addr=localhost/127.0.0.1,port=50002,localport=59691]-1984489589984909369 key is com.sun.crypto.provider.DESKey@fffe7fd5
231209 103800.873|INFO|Thread-49233|getPublicKeyPacket|Generating Unencrypted Public Key Packet
231209 103800.873|INFO|Thread-49233|getPublicKeyPacket|checking key:= SunJCE Diffie-Hellman Public Key:
y:
    7458d5f8 bc99b6e1 6561e357 2ed12e31 dc45cfa2 19c58833 8c85f09c df5195e8
    a9ae21da 9fb43d62 f0372fa3 18d3458f 89a99762 c8bb27e2 7ed5a243 ea4a53a9
    779013b0 711ad033 327286c5 2655272f b155f4c9 4d2bde24 127b22f8 095cf28b
    43b04ef0 e0966ef1 fbd9d19d 9ec32fca 75bc9708 f8a992a7 7aaf4a13 f30f3315
p:
    f488fd58 4e49dbcd 20b49de4 9107366b 336c380d 451d0f7c 88b31c7c 5b2d8ef6
    f3c923c0 43f0a55b 188d8ebb 558cb85d 38d334fd 7c175743 a31d186c de33212c
    b52aff3c e1b12940 18118d7c 84a70a72 d686c403 19c80729 7aca950c d9969fab
    d00a509b 0246d308 3d66a45d 419f9c7c bd894b22 1926baab a25ec355 e92f78c7
g:
    02
l:
    512
231209 103800.873|INFO|Thread-49233|getPublicKeyPacket|packet:= edu.csus.ecs.pc2.core.transport.TransportWrapper@76a592e9
231209 103947.579|INFO|Thread-49233|receive|EOFException in receive for Socket[addr=localhost/127.0.0.1,port=50002,localport=59691]-1984489589984909369
|java.io.EOFException: null
|    at java.io.ObjectInputStream$BlockDataInputStream.peekByte (ObjectInputStream.java:3244)
|    at java.io.ObjectInputStream.readObject0 (ObjectInputStream.java:1708)
|    at java.io.ObjectInputStream.readObject (ObjectInputStream.java:538)
|    at java.io.ObjectInputStream.readObject (ObjectInputStream.java:496)
|    at edu.csus.ecs.pc2.core.transport.ConnectionHandlerThread.receive (ConnectionHandlerThread.java:152)
|    at edu.csus.ecs.pc2.core.transport.ConnectionHandlerClientThread.run (ConnectionHandlerClientThread.java:66)
231209 103947.579|FINER|Thread-49233|run|THROW
|edu.csus.ecs.pc2.core.transport.TransportException: null
|    at edu.csus.ecs.pc2.core.transport.ConnectionHandlerThread.receive (ConnectionHandlerThread.java:159)
|    at edu.csus.ecs.pc2.core.transport.ConnectionHandlerClientThread.run (ConnectionHandlerClientThread.java:66)
231209 103947.579|FINER|Thread-49233|run - e.getmessage is null()|THROW
|edu.csus.ecs.pc2.core.transport.TransportException: null
|    at edu.csus.ecs.pc2.core.transport.ConnectionHandlerThread.receive (ConnectionHandlerThread.java:159)
|    at edu.csus.ecs.pc2.core.transport.ConnectionHandlerClientThread.run (ConnectionHandlerClientThread.java:66)
