231209 094155.825|CONFIG|qtp135640095-20987|setFileHandlers|Now logging to C:\Users\18328\Desktop\pc2\WebTeamInterface-1.1\logs directory.
231209 094155.825|INFO|qtp135640095-20987|info|
231209 094155.825|INFO|qtp135640095-20987|info|Version 9 () Java ver 18.0.2.1 build  Windows 11 10.0 (amd64) 
231209 094155.825|INFO|qtp135640095-20987|startLog|Working directory is C:\Users\18328\Desktop\pc2\WebTeamInterface-1.1
231209 094155.825|INFO|qtp135640095-20987|startLog|Process id is 15028@DESKTOP-D75BQTV
231209 094155.825|INFO|qtp135640095-20987|start|Starting ConnectionManager...
231209 094155.831|INFO|qtp135640095-20987|start|Started ConnectionManager
231209 094155.832|INFO|qtp135640095-20987|setClientServerAndPort|INIFile File location: file:/C:/Users/18328/Desktop/pc2/WebTeamInterface-1.1/pc2v9.ini
231209 094155.832|INFO|qtp135640095-20987|setClientServerAndPort|setClientServerAndPort localhost parsed as localhost port 50002
231209 094155.832|INFO|qtp135640095-20987|info|Contacting server at localhost:50002
231209 094155.832|INFO|qtp135640095-20987|connectToMyServer|Connecting to localhost:50002
231209 094155.838|INFO|Thread-22606|receiveUnencrypted|receiveUnencrypted(TransportWrapper, ConnectionHandlerID=Socket[addr=localhost/127.0.0.1,port=50002,localport=65321]-5162201481238625694)
231209 094155.838|INFO|Thread-22606|receiveUnencrypted|receiveUnencrypted Made a secret key for Socket[addr=localhost/127.0.0.1,port=50002,localport=65321]-5162201481238625694 key is com.sun.crypto.provider.DESKey@fffe79e0
231209 094155.838|INFO|Thread-22606|getPublicKeyPacket|Generating Unencrypted Public Key Packet
231209 094155.838|INFO|Thread-22606|getPublicKeyPacket|checking key:= SunJCE Diffie-Hellman Public Key:
y:
    d538dff4 fa3899c8 601d5512 f5e09607 80ce2801 84b770c6 846df0cf 06c8fe55
    ae947d70 bc795da3 c69e7612 b3f19c55 e3f209e7 a9fbd370 280052a8 784052c9
    692531e6 2ef17fb6 f59f5dfe f625003e ec04698d 105e98c4 3515f13c 3406305c
    87711b06 941946e7 519ad3e7 6c37f011 1c6f9cb5 e8f3948f 942cf983 65d553ce
p:
    f488fd58 4e49dbcd 20b49de4 9107366b 336c380d 451d0f7c 88b31c7c 5b2d8ef6
    f3c923c0 43f0a55b 188d8ebb 558cb85d 38d334fd 7c175743 a31d186c de33212c
    b52aff3c e1b12940 18118d7c 84a70a72 d686c403 19c80729 7aca950c d9969fab
    d00a509b 0246d308 3d66a45d 419f9c7c bd894b22 1926baab a25ec355 e92f78c7
g:
    02
l:
    512
231209 094155.838|INFO|Thread-22606|getPublicKeyPacket|packet:= edu.csus.ecs.pc2.core.transport.TransportWrapper@4df0ffb9
231209 125144.084|INFO|Thread-22606|receive|SocketException in receive for Socket[addr=localhost/127.0.0.1,port=50002,localport=65321]-5162201481238625694
|java.net.SocketException: Connection reset
|    at sun.nio.ch.NioSocketImpl.implRead (NioSocketImpl.java:320)
|    at sun.nio.ch.NioSocketImpl.read (NioSocketImpl.java:347)
|    at sun.nio.ch.NioSocketImpl$1.read (NioSocketImpl.java:800)
|    at java.net.Socket$SocketInputStream.read (Socket.java:966)
|    at java.net.Socket$SocketInputStream.read (Socket.java:961)
|    at java.io.ObjectInputStream$PeekInputStream.peek (ObjectInputStream.java:2905)
|    at java.io.ObjectInputStream$BlockDataInputStream.peek (ObjectInputStream.java:3232)
|    at java.io.ObjectInputStream$BlockDataInputStream.peekByte (ObjectInputStream.java:3242)
|    at java.io.ObjectInputStream.readObject0 (ObjectInputStream.java:1708)
|    at java.io.ObjectInputStream.readObject (ObjectInputStream.java:538)
|    at java.io.ObjectInputStream.readObject (ObjectInputStream.java:496)
|    at edu.csus.ecs.pc2.core.transport.ConnectionHandlerThread.receive (ConnectionHandlerThread.java:152)
|    at edu.csus.ecs.pc2.core.transport.ConnectionHandlerClientThread.run (ConnectionHandlerClientThread.java:66)
231209 125144.161|FINER|Thread-22606|run|THROW
|edu.csus.ecs.pc2.core.transport.TransportException: Connection reset
|    at edu.csus.ecs.pc2.core.transport.ConnectionHandlerThread.receive (ConnectionHandlerThread.java:156)
|    at edu.csus.ecs.pc2.core.transport.ConnectionHandlerClientThread.run (ConnectionHandlerClientThread.java:66)
