221210 103958.685|CONFIG|qtp1613095350-2260|setFileHandlers|Now logging to C:\Users\18328\Desktop\pc2\WebTeamInterface-1.1\logs directory.
221210 103958.685|INFO|qtp1613095350-2260|info|
221210 103958.685|INFO|qtp1613095350-2260|info|Version 9 () Java ver 18.0.2.1 build  Windows 11 10.0 (amd64) 
221210 103958.685|INFO|qtp1613095350-2260|startLog|Working directory is C:\Users\18328\Desktop\pc2\WebTeamInterface-1.1
221210 103958.686|INFO|qtp1613095350-2260|startLog|Process id is 22344@DESKTOP-D75BQTV
221210 103958.686|INFO|qtp1613095350-2260|start|Starting ConnectionManager...
221210 103958.691|INFO|qtp1613095350-2260|start|Started ConnectionManager
221210 103958.692|INFO|qtp1613095350-2260|setClientServerAndPort|INIFile File location: file:/C:/Users/18328/Desktop/pc2/WebTeamInterface-1.1/pc2v9.ini
221210 103958.692|INFO|qtp1613095350-2260|setClientServerAndPort|setClientServerAndPort 212.212.212.212 parsed as 212.212.212.212 port 50002
221210 103958.693|INFO|qtp1613095350-2260|info|Contacting server at 212.212.212.212:50002
221210 103958.693|INFO|qtp1613095350-2260|connectToMyServer|Connecting to 212.212.212.212:50002
221210 103958.694|INFO|Thread-4112|receiveUnencrypted|receiveUnencrypted(TransportWrapper, ConnectionHandlerID=Socket[addr=/212.212.212.212,port=50002,localport=59030]--8574747597717828030)
221210 103958.695|INFO|Thread-4112|receiveUnencrypted|receiveUnencrypted Made a secret key for Socket[addr=/212.212.212.212,port=50002,localport=59030]--8574747597717828030 key is com.sun.crypto.provider.DESKey@18463
221210 103958.695|INFO|Thread-4112|getPublicKeyPacket|Generating Unencrypted Public Key Packet
221210 103958.695|INFO|Thread-4112|getPublicKeyPacket|checking key:= SunJCE Diffie-Hellman Public Key:
y:
    1db76e2a 14124c9f 949e4713 200bb337 0da97a04 b297e413 d2e43638 a416966a
    d7e7b941 23a225f6 d61b8f8d 886c4c55 3cf368f4 25b53d47 193cfe07 246afb5a
    84fc8a3c d09d9be6 fc938e0c a39127c1 534f7591 b4de3202 76cd154f 3c16033f
    0f868266 716d99ff f910cbf4 d9abdb3b 41d2591e bdddaf0c 34f71284 1fe87651
p:
    f488fd58 4e49dbcd 20b49de4 9107366b 336c380d 451d0f7c 88b31c7c 5b2d8ef6
    f3c923c0 43f0a55b 188d8ebb 558cb85d 38d334fd 7c175743 a31d186c de33212c
    b52aff3c e1b12940 18118d7c 84a70a72 d686c403 19c80729 7aca950c d9969fab
    d00a509b 0246d308 3d66a45d 419f9c7c bd894b22 1926baab a25ec355 e92f78c7
g:
    02
l:
    512
221210 103958.695|INFO|Thread-4112|getPublicKeyPacket|packet:= edu.csus.ecs.pc2.core.transport.TransportWrapper@68bdb0cc
221210 150258.255|INFO|Thread-4112|receive|SocketException in receive for Socket[addr=/212.212.212.212,port=50002,localport=59030]--8574747597717828030
|java.net.SocketException: An established connection was aborted by the software in your host machine
|    at sun.nio.ch.NioSocketImpl.implRead (NioSocketImpl.java:322)
|    at sun.nio.ch.NioSocketImpl.read (NioSocketImpl.java:347)
|    at sun.nio.ch.NioSocketImpl$1.read (NioSocketImpl.java:800)
|    at java.net.Socket$SocketInputStream.read (Socket.java:966)
|    at java.net.Socket$SocketInputStream.read (Socket.java:961)
|    at java.io.ObjectInputStream$PeekInputStream.peek (ObjectInputStream.java:2905)
|    at java.io.ObjectInputStream$BlockDataInputStream.peek (ObjectInputStream.java:3232)
|    at java.io.ObjectInputStream$BlockDataInputStream.peekByte (ObjectInputStream.java:3242)
|    at java.io.ObjectInputStream.readObject0 (ObjectInputStream.java:1708)
|    at java.io.ObjectInputStream.readObject (ObjectInputStream.java:538)
|    at java.io.ObjectInputStream.readObject (ObjectInputStream.java:496)
|    at edu.csus.ecs.pc2.core.transport.ConnectionHandlerThread.receive (ConnectionHandlerThread.java:152)
|    at edu.csus.ecs.pc2.core.transport.ConnectionHandlerClientThread.run (ConnectionHandlerClientThread.java:66)
221210 150258.299|FINER|Thread-4112|run|THROW
|edu.csus.ecs.pc2.core.transport.TransportException: An established connection was aborted by the software in your host machine
|    at edu.csus.ecs.pc2.core.transport.ConnectionHandlerThread.receive (ConnectionHandlerThread.java:156)
|    at edu.csus.ecs.pc2.core.transport.ConnectionHandlerClientThread.run (ConnectionHandlerClientThread.java:66)
221210 150258.300|INFO|Thread-4112|receive|SocketException in receive for Socket[addr=/212.212.212.212,port=50002,localport=59030]--8574747597717828030
|java.net.SocketException: Connection reset
|    at sun.nio.ch.NioSocketImpl.implRead (NioSocketImpl.java:320)
|    at sun.nio.ch.NioSocketImpl.read (NioSocketImpl.java:347)
|    at sun.nio.ch.NioSocketImpl$1.read (NioSocketImpl.java:800)
|    at java.net.Socket$SocketInputStream.read (Socket.java:966)
|    at java.net.Socket$SocketInputStream.read (Socket.java:961)
|    at java.io.ObjectInputStream$PeekInputStream.peek (ObjectInputStream.java:2905)
|    at java.io.ObjectInputStream$BlockDataInputStream.peek (ObjectInputStream.java:3232)
|    at java.io.ObjectInputStream$BlockDataInputStream.peekByte (ObjectInputStream.java:3242)
|    at java.io.ObjectInputStream.readObject0 (ObjectInputStream.java:1708)
|    at java.io.ObjectInputStream.readObject (ObjectInputStream.java:538)
|    at java.io.ObjectInputStream.readObject (ObjectInputStream.java:496)
|    at edu.csus.ecs.pc2.core.transport.ConnectionHandlerThread.receive (ConnectionHandlerThread.java:152)
|    at edu.csus.ecs.pc2.core.transport.ConnectionHandlerClientThread.run (ConnectionHandlerClientThread.java:66)
221210 150258.300|FINER|Thread-4112|run|THROW
|edu.csus.ecs.pc2.core.transport.TransportException: Connection reset
|    at edu.csus.ecs.pc2.core.transport.ConnectionHandlerThread.receive (ConnectionHandlerThread.java:156)
|    at edu.csus.ecs.pc2.core.transport.ConnectionHandlerClientThread.run (ConnectionHandlerClientThread.java:66)
