221210 100938.906|CONFIG|qtp1613095350-22|setFileHandlers|Now logging to C:\Users\18328\Desktop\pc2\WebTeamInterface-1.1\logs directory.
221210 100938.906|INFO|qtp1613095350-22|info|
221210 100938.907|INFO|qtp1613095350-22|info|Version 9 () Java ver 18.0.2.1 build  Windows 11 10.0 (amd64) 
221210 100938.907|INFO|qtp1613095350-22|startLog|Working directory is C:\Users\18328\Desktop\pc2\WebTeamInterface-1.1
221210 100938.907|INFO|qtp1613095350-22|startLog|Process id is 22344@DESKTOP-D75BQTV
221210 100938.907|INFO|qtp1613095350-22|start|Starting ConnectionManager...
221210 100938.907|INFO|qtp1613095350-22|start|Started ConnectionManager
221210 100938.909|INFO|qtp1613095350-22|setClientServerAndPort|INIFile File location: file:/C:/Users/18328/Desktop/pc2/WebTeamInterface-1.1/pc2v9.ini
221210 100938.909|INFO|qtp1613095350-22|setClientServerAndPort|setClientServerAndPort 212.212.212.212 parsed as 212.212.212.212 port 50002
221210 100938.909|INFO|qtp1613095350-22|info|Contacting server at 212.212.212.212:50002
221210 100938.909|INFO|qtp1613095350-22|connectToMyServer|Connecting to 212.212.212.212:50002
221210 100938.910|INFO|Thread-317|receiveUnencrypted|receiveUnencrypted(TransportWrapper, ConnectionHandlerID=Socket[addr=/212.212.212.212,port=50002,localport=56063]-2226428130220976172)
221210 100938.910|INFO|Thread-317|receiveUnencrypted|receiveUnencrypted Made a secret key for Socket[addr=/212.212.212.212,port=50002,localport=56063]-2226428130220976172 key is com.sun.crypto.provider.DESKey@fffe7f59
221210 100938.910|INFO|Thread-317|getPublicKeyPacket|Generating Unencrypted Public Key Packet
221210 100938.911|INFO|Thread-317|getPublicKeyPacket|checking key:= SunJCE Diffie-Hellman Public Key:
y:
    84cd1e7b 6a03af8a 1876125a 8780d2c1 5ecc5ea3 df9dc4c2 8033b411 be161366
    9ddfd212 982329c1 bba61f96 6c30fc22 3630a694 89e95d72 05111913 c03a668b
    4c8a4414 bfea3194 5498e6de 5c578ef5 5fb07641 3d389753 887e00cb fb465f46
    5ecc87b4 27aa68df bc85156a fe5ac117 174bb7e8 15276441 4d0876cc 51eff662
p:
    f488fd58 4e49dbcd 20b49de4 9107366b 336c380d 451d0f7c 88b31c7c 5b2d8ef6
    f3c923c0 43f0a55b 188d8ebb 558cb85d 38d334fd 7c175743 a31d186c de33212c
    b52aff3c e1b12940 18118d7c 84a70a72 d686c403 19c80729 7aca950c d9969fab
    d00a509b 0246d308 3d66a45d 419f9c7c bd894b22 1926baab a25ec355 e92f78c7
g:
    02
l:
    512
221210 100938.911|INFO|Thread-317|getPublicKeyPacket|packet:= edu.csus.ecs.pc2.core.transport.TransportWrapper@278e9c5
221210 101054.393|INFO|Thread-317|receive|EOFException in receive for Socket[addr=/212.212.212.212,port=50002,localport=56063]-2226428130220976172
|java.io.EOFException: null
|    at java.io.ObjectInputStream$BlockDataInputStream.peekByte (ObjectInputStream.java:3244)
|    at java.io.ObjectInputStream.readObject0 (ObjectInputStream.java:1708)
|    at java.io.ObjectInputStream.readObject (ObjectInputStream.java:538)
|    at java.io.ObjectInputStream.readObject (ObjectInputStream.java:496)
|    at edu.csus.ecs.pc2.core.transport.ConnectionHandlerThread.receive (ConnectionHandlerThread.java:152)
|    at edu.csus.ecs.pc2.core.transport.ConnectionHandlerClientThread.run (ConnectionHandlerClientThread.java:66)
221210 101054.393|FINER|Thread-317|run|THROW
|edu.csus.ecs.pc2.core.transport.TransportException: null
|    at edu.csus.ecs.pc2.core.transport.ConnectionHandlerThread.receive (ConnectionHandlerThread.java:159)
|    at edu.csus.ecs.pc2.core.transport.ConnectionHandlerClientThread.run (ConnectionHandlerClientThread.java:66)
221210 101054.393|FINER|Thread-317|run - e.getmessage is null()|THROW
|edu.csus.ecs.pc2.core.transport.TransportException: null
|    at edu.csus.ecs.pc2.core.transport.ConnectionHandlerThread.receive (ConnectionHandlerThread.java:159)
|    at edu.csus.ecs.pc2.core.transport.ConnectionHandlerClientThread.run (ConnectionHandlerClientThread.java:66)
