231209 115904.987|CONFIG|qtp135640095-65908|setFileHandlers|Now logging to C:\Users\18328\Desktop\pc2\WebTeamInterface-1.1\logs directory.
231209 115904.987|INFO|qtp135640095-65908|info|
231209 115904.987|INFO|qtp135640095-65908|info|Version 9 () Java ver 18.0.2.1 build  Windows 11 10.0 (amd64) 
231209 115904.987|INFO|qtp135640095-65908|startLog|Working directory is C:\Users\18328\Desktop\pc2\WebTeamInterface-1.1
231209 115904.987|INFO|qtp135640095-65908|startLog|Process id is 15028@DESKTOP-D75BQTV
231209 115904.987|INFO|qtp135640095-65908|start|Starting ConnectionManager...
231209 115904.987|INFO|qtp135640095-65908|start|Started ConnectionManager
231209 115904.995|INFO|qtp135640095-65908|setClientServerAndPort|INIFile File location: file:/C:/Users/18328/Desktop/pc2/WebTeamInterface-1.1/pc2v9.ini
231209 115904.995|INFO|qtp135640095-65908|setClientServerAndPort|setClientServerAndPort localhost parsed as localhost port 50002
231209 115904.995|INFO|qtp135640095-65908|info|Contacting server at localhost:50002
231209 115904.995|INFO|qtp135640095-65908|connectToMyServer|Connecting to localhost:50002
231209 115905.001|INFO|Thread-66861|receiveUnencrypted|receiveUnencrypted(TransportWrapper, ConnectionHandlerID=Socket[addr=localhost/127.0.0.1,port=50002,localport=57856]-4814459497302459163)
231209 115905.001|INFO|Thread-66861|receiveUnencrypted|receiveUnencrypted Made a secret key for Socket[addr=localhost/127.0.0.1,port=50002,localport=57856]-4814459497302459163 key is com.sun.crypto.provider.DESKey@fffe7fd6
231209 115905.001|INFO|Thread-66861|getPublicKeyPacket|Generating Unencrypted Public Key Packet
231209 115905.001|INFO|Thread-66861|getPublicKeyPacket|checking key:= SunJCE Diffie-Hellman Public Key:
y:
    87c0c531 810021db 95195bae d4938cc9 29d0afce 0116eebf a7109098 0def3171
    977ef0ea dcc63554 17b7f185 69f305ef 35ef084d b63bf601 d1bcb624 94ef140f
    d54139cc 148c890b 9452cee3 f60797d7 13c7ce70 7c5ddd45 66926639 971fe4f3
    ac4e6b64 2ac03d1c 420a955a 7d67a396 8a0548d8 7beb5019 f0ff2495 4b113125
p:
    f488fd58 4e49dbcd 20b49de4 9107366b 336c380d 451d0f7c 88b31c7c 5b2d8ef6
    f3c923c0 43f0a55b 188d8ebb 558cb85d 38d334fd 7c175743 a31d186c de33212c
    b52aff3c e1b12940 18118d7c 84a70a72 d686c403 19c80729 7aca950c d9969fab
    d00a509b 0246d308 3d66a45d 419f9c7c bd894b22 1926baab a25ec355 e92f78c7
g:
    02
l:
    512
231209 115905.001|INFO|Thread-66861|getPublicKeyPacket|packet:= edu.csus.ecs.pc2.core.transport.TransportWrapper@6aa545ee
231209 125144.036|INFO|Thread-66861|receive|SocketException in receive for Socket[addr=localhost/127.0.0.1,port=50002,localport=57856]-4814459497302459163
|java.net.SocketException: Connection reset
|    at sun.nio.ch.NioSocketImpl.implRead (NioSocketImpl.java:320)
|    at sun.nio.ch.NioSocketImpl.read (NioSocketImpl.java:347)
|    at sun.nio.ch.NioSocketImpl$1.read (NioSocketImpl.java:800)
|    at java.net.Socket$SocketInputStream.read (Socket.java:966)
|    at java.net.Socket$SocketInputStream.read (Socket.java:961)
|    at java.io.ObjectInputStream$PeekInputStream.peek (ObjectInputStream.java:2905)
|    at java.io.ObjectInputStream$BlockDataInputStream.peek (ObjectInputStream.java:3232)
|    at java.io.ObjectInputStream$BlockDataInputStream.peekByte (ObjectInputStream.java:3242)
|    at java.io.ObjectInputStream.readObject0 (ObjectInputStream.java:1708)
|    at java.io.ObjectInputStream.readObject (ObjectInputStream.java:538)
|    at java.io.ObjectInputStream.readObject (ObjectInputStream.java:496)
|    at edu.csus.ecs.pc2.core.transport.ConnectionHandlerThread.receive (ConnectionHandlerThread.java:152)
|    at edu.csus.ecs.pc2.core.transport.ConnectionHandlerClientThread.run (ConnectionHandlerClientThread.java:66)
231209 125144.079|FINER|Thread-66861|run|THROW
|edu.csus.ecs.pc2.core.transport.TransportException: Connection reset
|    at edu.csus.ecs.pc2.core.transport.ConnectionHandlerThread.receive (ConnectionHandlerThread.java:156)
|    at edu.csus.ecs.pc2.core.transport.ConnectionHandlerClientThread.run (ConnectionHandlerClientThread.java:66)
