231209 083132.742|CONFIG|qtp135640095-2556|setFileHandlers|Now logging to C:\Users\18328\Desktop\pc2\WebTeamInterface-1.1\logs directory.
231209 083132.742|INFO|qtp135640095-2556|info|
231209 083132.742|INFO|qtp135640095-2556|info|Version 9 () Java ver 18.0.2.1 build  Windows 11 10.0 (amd64) 
231209 083132.742|INFO|qtp135640095-2556|startLog|Working directory is C:\Users\18328\Desktop\pc2\WebTeamInterface-1.1
231209 083132.742|INFO|qtp135640095-2556|startLog|Process id is 15028@DESKTOP-D75BQTV
231209 083132.742|INFO|qtp135640095-2556|start|Starting ConnectionManager...
231209 083132.750|INFO|qtp135640095-2556|start|Started ConnectionManager
231209 083132.750|INFO|qtp135640095-2556|setClientServerAndPort|INIFile File location: file:/C:/Users/18328/Desktop/pc2/WebTeamInterface-1.1/pc2v9.ini
231209 083132.750|INFO|qtp135640095-2556|setClientServerAndPort|setClientServerAndPort localhost parsed as localhost port 50002
231209 083132.750|INFO|qtp135640095-2556|info|Contacting server at localhost:50002
231209 083132.750|INFO|qtp135640095-2556|connectToMyServer|Connecting to localhost:50002
231209 083132.758|INFO|Thread-15812|receiveUnencrypted|receiveUnencrypted(TransportWrapper, ConnectionHandlerID=Socket[addr=localhost/127.0.0.1,port=50002,localport=49378]-2663460925665375306)
231209 083132.758|INFO|Thread-15812|receiveUnencrypted|receiveUnencrypted Made a secret key for Socket[addr=localhost/127.0.0.1,port=50002,localport=49378]-2663460925665375306 key is com.sun.crypto.provider.DESKey@fffe7b05
231209 083132.758|INFO|Thread-15812|getPublicKeyPacket|Generating Unencrypted Public Key Packet
231209 083132.758|INFO|Thread-15812|getPublicKeyPacket|checking key:= SunJCE Diffie-Hellman Public Key:
y:
    d54a792d 7a66f88a 44a6fcdb b3c63210 d90f0b95 8bed4ae9 b4ae2d05 08a03ad4
    b9caef30 49f99134 4211de41 439c17f6 ec420dd4 ee518e49 73e16ffa 95212af0
    f5edd3b8 8a5292e8 7885393d da97ebab 7c22b54c 8dcc8832 0a3552a4 cd75f05b
    79ea2227 bdfa3da0 6c9c7e4e 4cc306ec 62f1c9b1 1004f0d4 dfaf631d 34b38110
p:
    f488fd58 4e49dbcd 20b49de4 9107366b 336c380d 451d0f7c 88b31c7c 5b2d8ef6
    f3c923c0 43f0a55b 188d8ebb 558cb85d 38d334fd 7c175743 a31d186c de33212c
    b52aff3c e1b12940 18118d7c 84a70a72 d686c403 19c80729 7aca950c d9969fab
    d00a509b 0246d308 3d66a45d 419f9c7c bd894b22 1926baab a25ec355 e92f78c7
g:
    02
l:
    512
231209 083132.758|INFO|Thread-15812|getPublicKeyPacket|packet:= edu.csus.ecs.pc2.core.transport.TransportWrapper@28be1dd4
231209 125144.084|INFO|Thread-15812|receive|SocketException in receive for Socket[addr=localhost/127.0.0.1,port=50002,localport=49378]-2663460925665375306
|java.net.SocketException: Connection reset
|    at sun.nio.ch.NioSocketImpl.implRead (NioSocketImpl.java:320)
|    at sun.nio.ch.NioSocketImpl.read (NioSocketImpl.java:347)
|    at sun.nio.ch.NioSocketImpl$1.read (NioSocketImpl.java:800)
|    at java.net.Socket$SocketInputStream.read (Socket.java:966)
|    at java.net.Socket$SocketInputStream.read (Socket.java:961)
|    at java.io.ObjectInputStream$PeekInputStream.peek (ObjectInputStream.java:2905)
|    at java.io.ObjectInputStream$BlockDataInputStream.peek (ObjectInputStream.java:3232)
|    at java.io.ObjectInputStream$BlockDataInputStream.peekByte (ObjectInputStream.java:3242)
|    at java.io.ObjectInputStream.readObject0 (ObjectInputStream.java:1708)
|    at java.io.ObjectInputStream.readObject (ObjectInputStream.java:538)
|    at java.io.ObjectInputStream.readObject (ObjectInputStream.java:496)
|    at edu.csus.ecs.pc2.core.transport.ConnectionHandlerThread.receive (ConnectionHandlerThread.java:152)
|    at edu.csus.ecs.pc2.core.transport.ConnectionHandlerClientThread.run (ConnectionHandlerClientThread.java:66)
231209 125144.161|FINER|Thread-15812|run|THROW
|edu.csus.ecs.pc2.core.transport.TransportException: Connection reset
|    at edu.csus.ecs.pc2.core.transport.ConnectionHandlerThread.receive (ConnectionHandlerThread.java:156)
|    at edu.csus.ecs.pc2.core.transport.ConnectionHandlerClientThread.run (ConnectionHandlerClientThread.java:66)
