231209 104253.819|CONFIG|qtp135640095-44446|setFileHandlers|Now logging to C:\Users\18328\Desktop\pc2\WebTeamInterface-1.1\logs directory.
231209 104253.819|INFO|qtp135640095-44446|info|
231209 104253.825|INFO|qtp135640095-44446|info|Version 9 () Java ver 18.0.2.1 build  Windows 11 10.0 (amd64) 
231209 104253.825|INFO|qtp135640095-44446|startLog|Working directory is C:\Users\18328\Desktop\pc2\WebTeamInterface-1.1
231209 104253.827|INFO|qtp135640095-44446|startLog|Process id is 15028@DESKTOP-D75BQTV
231209 104253.827|INFO|qtp135640095-44446|start|Starting ConnectionManager...
231209 104253.835|INFO|qtp135640095-44446|start|Started ConnectionManager
231209 104253.837|INFO|qtp135640095-44446|setClientServerAndPort|INIFile File location: file:/C:/Users/18328/Desktop/pc2/WebTeamInterface-1.1/pc2v9.ini
231209 104253.839|INFO|qtp135640095-44446|setClientServerAndPort|setClientServerAndPort localhost parsed as localhost port 50002
231209 104253.839|INFO|qtp135640095-44446|info|Contacting server at localhost:50002
231209 104253.839|INFO|qtp135640095-44446|connectToMyServer|Connecting to localhost:50002
231209 104253.839|INFO|Thread-49532|receiveUnencrypted|receiveUnencrypted(TransportWrapper, ConnectionHandlerID=Socket[addr=localhost/127.0.0.1,port=50002,localport=60551]-6031233013087991167)
231209 104253.839|INFO|Thread-49532|receiveUnencrypted|receiveUnencrypted Made a secret key for Socket[addr=localhost/127.0.0.1,port=50002,localport=60551]-6031233013087991167 key is com.sun.crypto.provider.DESKey@fffe7c53
231209 104253.839|INFO|Thread-49532|getPublicKeyPacket|Generating Unencrypted Public Key Packet
231209 104253.845|INFO|Thread-49532|getPublicKeyPacket|checking key:= SunJCE Diffie-Hellman Public Key:
y:
    240c22ff 7dddfb76 2bf995ef 2fca91c1 17c697e8 b9e91bdb 34a64bf5 9fb94825
    e327b3e3 16d529c4 3ebab10c ed0b03aa d6ec05bf b3b21b8f 63b18931 6fda3c28
    25e168f7 66e0695e 68a94d60 6a2ed5fa 90202587 b43b88f1 aa2adb0b 689fd130
    d8a69400 4c49123f 3be5fb1b 35bed311 17812911 83e930c1 d3d5ac38 b52d13f5
p:
    f488fd58 4e49dbcd 20b49de4 9107366b 336c380d 451d0f7c 88b31c7c 5b2d8ef6
    f3c923c0 43f0a55b 188d8ebb 558cb85d 38d334fd 7c175743 a31d186c de33212c
    b52aff3c e1b12940 18118d7c 84a70a72 d686c403 19c80729 7aca950c d9969fab
    d00a509b 0246d308 3d66a45d 419f9c7c bd894b22 1926baab a25ec355 e92f78c7
g:
    02
l:
    512
231209 104253.845|INFO|Thread-49532|getPublicKeyPacket|packet:= edu.csus.ecs.pc2.core.transport.TransportWrapper@4df214d8
231209 125144.085|INFO|Thread-49532|receive|SocketException in receive for Socket[addr=localhost/127.0.0.1,port=50002,localport=60551]-6031233013087991167
|java.net.SocketException: Connection reset
|    at sun.nio.ch.NioSocketImpl.implRead (NioSocketImpl.java:320)
|    at sun.nio.ch.NioSocketImpl.read (NioSocketImpl.java:347)
|    at sun.nio.ch.NioSocketImpl$1.read (NioSocketImpl.java:800)
|    at java.net.Socket$SocketInputStream.read (Socket.java:966)
|    at java.net.Socket$SocketInputStream.read (Socket.java:961)
|    at java.io.ObjectInputStream$PeekInputStream.peek (ObjectInputStream.java:2905)
|    at java.io.ObjectInputStream$BlockDataInputStream.peek (ObjectInputStream.java:3232)
|    at java.io.ObjectInputStream$BlockDataInputStream.peekByte (ObjectInputStream.java:3242)
|    at java.io.ObjectInputStream.readObject0 (ObjectInputStream.java:1708)
|    at java.io.ObjectInputStream.readObject (ObjectInputStream.java:538)
|    at java.io.ObjectInputStream.readObject (ObjectInputStream.java:496)
|    at edu.csus.ecs.pc2.core.transport.ConnectionHandlerThread.receive (ConnectionHandlerThread.java:152)
|    at edu.csus.ecs.pc2.core.transport.ConnectionHandlerClientThread.run (ConnectionHandlerClientThread.java:66)
231209 125144.168|FINER|Thread-49532|run|THROW
|edu.csus.ecs.pc2.core.transport.TransportException: Connection reset
|    at edu.csus.ecs.pc2.core.transport.ConnectionHandlerThread.receive (ConnectionHandlerThread.java:156)
|    at edu.csus.ecs.pc2.core.transport.ConnectionHandlerClientThread.run (ConnectionHandlerClientThread.java:66)
