221210 104407.304|CONFIG|qtp1613095350-3023|setFileHandlers|Now logging to C:\Users\18328\Desktop\pc2\WebTeamInterface-1.1\logs directory.
221210 104407.304|INFO|qtp1613095350-3023|info|
221210 104407.305|INFO|qtp1613095350-3023|info|Version 9 () Java ver 18.0.2.1 build  Windows 11 10.0 (amd64) 
221210 104407.306|INFO|qtp1613095350-3023|startLog|Working directory is C:\Users\18328\Desktop\pc2\WebTeamInterface-1.1
221210 104407.306|INFO|qtp1613095350-3023|startLog|Process id is 22344@DESKTOP-D75BQTV
221210 104407.306|INFO|qtp1613095350-3023|start|Starting ConnectionManager...
221210 104407.312|INFO|qtp1613095350-3023|start|Started ConnectionManager
221210 104407.313|INFO|qtp1613095350-3023|setClientServerAndPort|INIFile File location: file:/C:/Users/18328/Desktop/pc2/WebTeamInterface-1.1/pc2v9.ini
221210 104407.313|INFO|qtp1613095350-3023|setClientServerAndPort|setClientServerAndPort 212.212.212.212 parsed as 212.212.212.212 port 50002
221210 104407.313|INFO|qtp1613095350-3023|info|Contacting server at 212.212.212.212:50002
221210 104407.313|INFO|qtp1613095350-3023|connectToMyServer|Connecting to 212.212.212.212:50002
221210 104407.314|INFO|Thread-4693|receiveUnencrypted|receiveUnencrypted(TransportWrapper, ConnectionHandlerID=Socket[addr=/212.212.212.212,port=50002,localport=59519]--9155595289765536544)
221210 104407.315|INFO|Thread-4693|receiveUnencrypted|receiveUnencrypted Made a secret key for Socket[addr=/212.212.212.212,port=50002,localport=59519]--9155595289765536544 key is com.sun.crypto.provider.DESKey@1853b
221210 104407.315|INFO|Thread-4693|getPublicKeyPacket|Generating Unencrypted Public Key Packet
221210 104407.315|INFO|Thread-4693|getPublicKeyPacket|checking key:= SunJCE Diffie-Hellman Public Key:
y:
    59ce53a8 211b5a59 bc7e3ba4 f91c94bb 8602e001 1730d8a7 c8f686e3 892423ba
    2b7d9b40 7ca540b6 73166e65 b3503b41 6ee66855 3231684e 15c3d9b5 e6ed73ab
    1a04c600 3c1ccce3 1847669a d9c622db fc7218df ec125e53 7f7b569a 8ba2ff4a
    b210d426 57fd74fa 27553aeb af313426 1e2a56fc c0660457 de059280 90b4ef0f
p:
    f488fd58 4e49dbcd 20b49de4 9107366b 336c380d 451d0f7c 88b31c7c 5b2d8ef6
    f3c923c0 43f0a55b 188d8ebb 558cb85d 38d334fd 7c175743 a31d186c de33212c
    b52aff3c e1b12940 18118d7c 84a70a72 d686c403 19c80729 7aca950c d9969fab
    d00a509b 0246d308 3d66a45d 419f9c7c bd894b22 1926baab a25ec355 e92f78c7
g:
    02
l:
    512
221210 104407.315|INFO|Thread-4693|getPublicKeyPacket|packet:= edu.csus.ecs.pc2.core.transport.TransportWrapper@5388fc16
221210 150258.255|INFO|Thread-4693|receive|SocketException in receive for Socket[addr=/212.212.212.212,port=50002,localport=59519]--9155595289765536544
|java.net.SocketException: An established connection was aborted by the software in your host machine
|    at sun.nio.ch.NioSocketImpl.implRead (NioSocketImpl.java:322)
|    at sun.nio.ch.NioSocketImpl.read (NioSocketImpl.java:347)
|    at sun.nio.ch.NioSocketImpl$1.read (NioSocketImpl.java:800)
|    at java.net.Socket$SocketInputStream.read (Socket.java:966)
|    at java.net.Socket$SocketInputStream.read (Socket.java:961)
|    at java.io.ObjectInputStream$PeekInputStream.peek (ObjectInputStream.java:2905)
|    at java.io.ObjectInputStream$BlockDataInputStream.peek (ObjectInputStream.java:3232)
|    at java.io.ObjectInputStream$BlockDataInputStream.peekByte (ObjectInputStream.java:3242)
|    at java.io.ObjectInputStream.readObject0 (ObjectInputStream.java:1708)
|    at java.io.ObjectInputStream.readObject (ObjectInputStream.java:538)
|    at java.io.ObjectInputStream.readObject (ObjectInputStream.java:496)
|    at edu.csus.ecs.pc2.core.transport.ConnectionHandlerThread.receive (ConnectionHandlerThread.java:152)
|    at edu.csus.ecs.pc2.core.transport.ConnectionHandlerClientThread.run (ConnectionHandlerClientThread.java:66)
221210 150258.299|FINER|Thread-4693|run|THROW
|edu.csus.ecs.pc2.core.transport.TransportException: An established connection was aborted by the software in your host machine
|    at edu.csus.ecs.pc2.core.transport.ConnectionHandlerThread.receive (ConnectionHandlerThread.java:156)
|    at edu.csus.ecs.pc2.core.transport.ConnectionHandlerClientThread.run (ConnectionHandlerClientThread.java:66)
221210 150258.301|INFO|Thread-4693|receive|SocketException in receive for Socket[addr=/212.212.212.212,port=50002,localport=59519]--9155595289765536544
|java.net.SocketException: Connection reset
|    at sun.nio.ch.NioSocketImpl.implRead (NioSocketImpl.java:320)
|    at sun.nio.ch.NioSocketImpl.read (NioSocketImpl.java:347)
|    at sun.nio.ch.NioSocketImpl$1.read (NioSocketImpl.java:800)
|    at java.net.Socket$SocketInputStream.read (Socket.java:966)
|    at java.net.Socket$SocketInputStream.read (Socket.java:961)
|    at java.io.ObjectInputStream$PeekInputStream.peek (ObjectInputStream.java:2905)
|    at java.io.ObjectInputStream$BlockDataInputStream.peek (ObjectInputStream.java:3232)
|    at java.io.ObjectInputStream$BlockDataInputStream.peekByte (ObjectInputStream.java:3242)
|    at java.io.ObjectInputStream.readObject0 (ObjectInputStream.java:1708)
|    at java.io.ObjectInputStream.readObject (ObjectInputStream.java:538)
|    at java.io.ObjectInputStream.readObject (ObjectInputStream.java:496)
|    at edu.csus.ecs.pc2.core.transport.ConnectionHandlerThread.receive (ConnectionHandlerThread.java:152)
|    at edu.csus.ecs.pc2.core.transport.ConnectionHandlerClientThread.run (ConnectionHandlerClientThread.java:66)
221210 150258.304|FINER|Thread-4693|run|THROW
|edu.csus.ecs.pc2.core.transport.TransportException: Connection reset
|    at edu.csus.ecs.pc2.core.transport.ConnectionHandlerThread.receive (ConnectionHandlerThread.java:156)
|    at edu.csus.ecs.pc2.core.transport.ConnectionHandlerClientThread.run (ConnectionHandlerClientThread.java:66)
