231209 105645.272|CONFIG|qtp135640095-41052|setFileHandlers|Now logging to C:\Users\18328\Desktop\pc2\WebTeamInterface-1.1\logs directory.
231209 105645.272|INFO|qtp135640095-41052|info|
231209 105645.272|INFO|qtp135640095-41052|info|Version 9 () Java ver 18.0.2.1 build  Windows 11 10.0 (amd64) 
231209 105645.272|INFO|qtp135640095-41052|startLog|Working directory is C:\Users\18328\Desktop\pc2\WebTeamInterface-1.1
231209 105645.272|INFO|qtp135640095-41052|startLog|Process id is 15028@DESKTOP-D75BQTV
231209 105645.280|INFO|qtp135640095-41052|start|Starting ConnectionManager...
231209 105645.280|INFO|qtp135640095-41052|start|Started ConnectionManager
231209 105645.280|INFO|qtp135640095-41052|setClientServerAndPort|INIFile File location: file:/C:/Users/18328/Desktop/pc2/WebTeamInterface-1.1/pc2v9.ini
231209 105645.280|INFO|qtp135640095-41052|setClientServerAndPort|setClientServerAndPort localhost parsed as localhost port 50002
231209 105645.280|INFO|qtp135640095-41052|info|Contacting server at localhost:50002
231209 105645.280|INFO|qtp135640095-41052|connectToMyServer|Connecting to localhost:50002
231209 105645.288|INFO|Thread-64735|receiveUnencrypted|receiveUnencrypted(TransportWrapper, ConnectionHandlerID=Socket[addr=localhost/127.0.0.1,port=50002,localport=63011]-3359064468294817989)
231209 105645.288|INFO|Thread-64735|receiveUnencrypted|receiveUnencrypted Made a secret key for Socket[addr=localhost/127.0.0.1,port=50002,localport=63011]-3359064468294817989 key is com.sun.crypto.provider.DESKey@18607
231209 105645.288|INFO|Thread-64735|getPublicKeyPacket|Generating Unencrypted Public Key Packet
231209 105645.288|INFO|Thread-64735|getPublicKeyPacket|checking key:= SunJCE Diffie-Hellman Public Key:
y:
    dca674d5 49cf3639 c525b022 2379f6df 256f417e eee70321 d7a25700 afd9ae44
    69de3406 33b3c02b f2e4fe90 7a271ac9 e148948e c0939cc4 b3e6481e 74d0684d
    75d6f915 63157d26 eb6e0188 61debe4f d7318a64 2bc2d16c fbe46816 ce033741
    4baf5884 69341fe6 1768ca28 611b9827 dd4a2b50 ecab36fa 1361c6f0 53198d5a
p:
    f488fd58 4e49dbcd 20b49de4 9107366b 336c380d 451d0f7c 88b31c7c 5b2d8ef6
    f3c923c0 43f0a55b 188d8ebb 558cb85d 38d334fd 7c175743 a31d186c de33212c
    b52aff3c e1b12940 18118d7c 84a70a72 d686c403 19c80729 7aca950c d9969fab
    d00a509b 0246d308 3d66a45d 419f9c7c bd894b22 1926baab a25ec355 e92f78c7
g:
    02
l:
    512
231209 105645.288|INFO|Thread-64735|getPublicKeyPacket|packet:= edu.csus.ecs.pc2.core.transport.TransportWrapper@2bb9f623
231209 125144.079|INFO|Thread-64735|receive|SocketException in receive for Socket[addr=localhost/127.0.0.1,port=50002,localport=63011]-3359064468294817989
|java.net.SocketException: Connection reset
|    at sun.nio.ch.NioSocketImpl.implRead (NioSocketImpl.java:320)
|    at sun.nio.ch.NioSocketImpl.read (NioSocketImpl.java:347)
|    at sun.nio.ch.NioSocketImpl$1.read (NioSocketImpl.java:800)
|    at java.net.Socket$SocketInputStream.read (Socket.java:966)
|    at java.net.Socket$SocketInputStream.read (Socket.java:961)
|    at java.io.ObjectInputStream$PeekInputStream.peek (ObjectInputStream.java:2905)
|    at java.io.ObjectInputStream$BlockDataInputStream.peek (ObjectInputStream.java:3232)
|    at java.io.ObjectInputStream$BlockDataInputStream.peekByte (ObjectInputStream.java:3242)
|    at java.io.ObjectInputStream.readObject0 (ObjectInputStream.java:1708)
|    at java.io.ObjectInputStream.readObject (ObjectInputStream.java:538)
|    at java.io.ObjectInputStream.readObject (ObjectInputStream.java:496)
|    at edu.csus.ecs.pc2.core.transport.ConnectionHandlerThread.receive (ConnectionHandlerThread.java:152)
|    at edu.csus.ecs.pc2.core.transport.ConnectionHandlerClientThread.run (ConnectionHandlerClientThread.java:66)
231209 125144.096|FINER|Thread-64735|run|THROW
|edu.csus.ecs.pc2.core.transport.TransportException: Connection reset
|    at edu.csus.ecs.pc2.core.transport.ConnectionHandlerThread.receive (ConnectionHandlerThread.java:156)
|    at edu.csus.ecs.pc2.core.transport.ConnectionHandlerClientThread.run (ConnectionHandlerClientThread.java:66)
