231209 095327.990|CONFIG|qtp135640095-26119|setFileHandlers|Now logging to C:\Users\18328\Desktop\pc2\WebTeamInterface-1.1\logs directory.
231209 095327.990|INFO|qtp135640095-26119|info|
231209 095327.992|INFO|qtp135640095-26119|info|Version 9 () Java ver 18.0.2.1 build  Windows 11 10.0 (amd64) 
231209 095327.992|INFO|qtp135640095-26119|startLog|Working directory is C:\Users\18328\Desktop\pc2\WebTeamInterface-1.1
231209 095327.992|INFO|qtp135640095-26119|startLog|Process id is 15028@DESKTOP-D75BQTV
231209 095327.992|INFO|qtp135640095-26119|start|Starting ConnectionManager...
231209 095328.000|INFO|qtp135640095-26119|start|Started ConnectionManager
231209 095328.000|INFO|qtp135640095-26119|setClientServerAndPort|INIFile File location: file:/C:/Users/18328/Desktop/pc2/WebTeamInterface-1.1/pc2v9.ini
231209 095328.000|INFO|qtp135640095-26119|setClientServerAndPort|setClientServerAndPort localhost parsed as localhost port 50002
231209 095328.000|INFO|qtp135640095-26119|info|Contacting server at localhost:50002
231209 095328.000|INFO|qtp135640095-26119|connectToMyServer|Connecting to localhost:50002
231209 095328.009|INFO|Thread-31139|receiveUnencrypted|receiveUnencrypted(TransportWrapper, ConnectionHandlerID=Socket[addr=localhost/127.0.0.1,port=50002,localport=51263]-6630279056217535563)
231209 095328.009|INFO|Thread-31139|receiveUnencrypted|receiveUnencrypted Made a secret key for Socket[addr=localhost/127.0.0.1,port=50002,localport=51263]-6630279056217535563 key is com.sun.crypto.provider.DESKey@fffe7f8b
231209 095328.009|INFO|Thread-31139|getPublicKeyPacket|Generating Unencrypted Public Key Packet
231209 095328.009|INFO|Thread-31139|getPublicKeyPacket|checking key:= SunJCE Diffie-Hellman Public Key:
y:
    8c8985bf 4ec54361 5a4e201a d957991a 7b10dbed 23f5ecdc e2c8fb58 160bc5c6
    f92dbd65 c8b27aee e9356e21 6da1a067 6d8d4801 c79e3bd5 4ac52fde 26d1438a
    10f5f667 762f80ec 904e9b03 4c2134cb 8ca90b09 f9f211cc f3bdacb9 37c8343e
    cc00e3da 58a13ba1 4a12fa6e 48934c34 0728fc0d 9a9f4e21 d00468dd 4b797663
p:
    f488fd58 4e49dbcd 20b49de4 9107366b 336c380d 451d0f7c 88b31c7c 5b2d8ef6
    f3c923c0 43f0a55b 188d8ebb 558cb85d 38d334fd 7c175743 a31d186c de33212c
    b52aff3c e1b12940 18118d7c 84a70a72 d686c403 19c80729 7aca950c d9969fab
    d00a509b 0246d308 3d66a45d 419f9c7c bd894b22 1926baab a25ec355 e92f78c7
g:
    02
l:
    512
231209 095328.009|INFO|Thread-31139|getPublicKeyPacket|packet:= edu.csus.ecs.pc2.core.transport.TransportWrapper@55bee480
231209 101301.013|INFO|Thread-31139|receive|EOFException in receive for Socket[addr=localhost/127.0.0.1,port=50002,localport=51263]-6630279056217535563
|java.io.EOFException: null
|    at java.io.ObjectInputStream$BlockDataInputStream.peekByte (ObjectInputStream.java:3244)
|    at java.io.ObjectInputStream.readObject0 (ObjectInputStream.java:1708)
|    at java.io.ObjectInputStream.readObject (ObjectInputStream.java:538)
|    at java.io.ObjectInputStream.readObject (ObjectInputStream.java:496)
|    at edu.csus.ecs.pc2.core.transport.ConnectionHandlerThread.receive (ConnectionHandlerThread.java:152)
|    at edu.csus.ecs.pc2.core.transport.ConnectionHandlerClientThread.run (ConnectionHandlerClientThread.java:66)
231209 101301.021|FINER|Thread-31139|run|THROW
|edu.csus.ecs.pc2.core.transport.TransportException: null
|    at edu.csus.ecs.pc2.core.transport.ConnectionHandlerThread.receive (ConnectionHandlerThread.java:159)
|    at edu.csus.ecs.pc2.core.transport.ConnectionHandlerClientThread.run (ConnectionHandlerClientThread.java:66)
231209 101301.021|FINER|Thread-31139|run - e.getmessage is null()|THROW
|edu.csus.ecs.pc2.core.transport.TransportException: null
|    at edu.csus.ecs.pc2.core.transport.ConnectionHandlerThread.receive (ConnectionHandlerThread.java:159)
|    at edu.csus.ecs.pc2.core.transport.ConnectionHandlerClientThread.run (ConnectionHandlerClientThread.java:66)
