231209 103534.252|CONFIG|qtp135640095-45781|setFileHandlers|Now logging to C:\Users\18328\Desktop\pc2\WebTeamInterface-1.1\logs directory.
231209 103534.257|INFO|qtp135640095-45781|info|
231209 103534.257|INFO|qtp135640095-45781|info|Version 9 () Java ver 18.0.2.1 build  Windows 11 10.0 (amd64) 
231209 103534.257|INFO|qtp135640095-45781|startLog|Working directory is C:\Users\18328\Desktop\pc2\WebTeamInterface-1.1
231209 103534.257|INFO|qtp135640095-45781|startLog|Process id is 15028@DESKTOP-D75BQTV
231209 103534.259|INFO|qtp135640095-45781|start|Starting ConnectionManager...
231209 103534.265|INFO|qtp135640095-45781|start|Started ConnectionManager
231209 103534.268|INFO|qtp135640095-45781|setClientServerAndPort|INIFile File location: file:/C:/Users/18328/Desktop/pc2/WebTeamInterface-1.1/pc2v9.ini
231209 103534.268|INFO|qtp135640095-45781|setClientServerAndPort|setClientServerAndPort localhost parsed as localhost port 50002
231209 103534.268|INFO|qtp135640095-45781|info|Contacting server at localhost:50002
231209 103534.268|INFO|qtp135640095-45781|connectToMyServer|Connecting to localhost:50002
231209 103534.274|INFO|Thread-49078|receiveUnencrypted|receiveUnencrypted(TransportWrapper, ConnectionHandlerID=Socket[addr=localhost/127.0.0.1,port=50002,localport=59129]--330862087531758406)
231209 103534.276|INFO|Thread-49078|receiveUnencrypted|receiveUnencrypted Made a secret key for Socket[addr=localhost/127.0.0.1,port=50002,localport=59129]--330862087531758406 key is com.sun.crypto.provider.DESKey@fffe7b20
231209 103534.276|INFO|Thread-49078|getPublicKeyPacket|Generating Unencrypted Public Key Packet
231209 103534.276|INFO|Thread-49078|getPublicKeyPacket|checking key:= SunJCE Diffie-Hellman Public Key:
y:
    6c3d149c b1857374 bd52c4ba f31980e6 9dce099a 399c6e1e 27430e67 5fca8eec
    0089e1ff e20a6826 e0c5c278 c45ee2af e4c03d0f d4ef2922 d51b6cde 87d7981c
    51feeef5 9e7f0e5f 1e5ecd4d 3671fb87 70516d28 bba73bc0 23ad1f16 45fd0fca
    347f6584 bc92a3f9 82eaddbe 315b9074 df5d3afa f27007bf 8f5c4ca6 3903fa1e
p:
    f488fd58 4e49dbcd 20b49de4 9107366b 336c380d 451d0f7c 88b31c7c 5b2d8ef6
    f3c923c0 43f0a55b 188d8ebb 558cb85d 38d334fd 7c175743 a31d186c de33212c
    b52aff3c e1b12940 18118d7c 84a70a72 d686c403 19c80729 7aca950c d9969fab
    d00a509b 0246d308 3d66a45d 419f9c7c bd894b22 1926baab a25ec355 e92f78c7
g:
    02
l:
    512
231209 103534.276|INFO|Thread-49078|getPublicKeyPacket|packet:= edu.csus.ecs.pc2.core.transport.TransportWrapper@5c53bd66
231209 103742.138|INFO|Thread-49078|receive|EOFException in receive for Socket[addr=localhost/127.0.0.1,port=50002,localport=59129]--330862087531758406
|java.io.EOFException: null
|    at java.io.ObjectInputStream$BlockDataInputStream.peekByte (ObjectInputStream.java:3244)
|    at java.io.ObjectInputStream.readObject0 (ObjectInputStream.java:1708)
|    at java.io.ObjectInputStream.readObject (ObjectInputStream.java:538)
|    at java.io.ObjectInputStream.readObject (ObjectInputStream.java:496)
|    at edu.csus.ecs.pc2.core.transport.ConnectionHandlerThread.receive (ConnectionHandlerThread.java:152)
|    at edu.csus.ecs.pc2.core.transport.ConnectionHandlerClientThread.run (ConnectionHandlerClientThread.java:66)
231209 103742.138|FINER|Thread-49078|run|THROW
|edu.csus.ecs.pc2.core.transport.TransportException: null
|    at edu.csus.ecs.pc2.core.transport.ConnectionHandlerThread.receive (ConnectionHandlerThread.java:159)
|    at edu.csus.ecs.pc2.core.transport.ConnectionHandlerClientThread.run (ConnectionHandlerClientThread.java:66)
231209 103742.138|FINER|Thread-49078|run - e.getmessage is null()|THROW
|edu.csus.ecs.pc2.core.transport.TransportException: null
|    at edu.csus.ecs.pc2.core.transport.ConnectionHandlerThread.receive (ConnectionHandlerThread.java:159)
|    at edu.csus.ecs.pc2.core.transport.ConnectionHandlerClientThread.run (ConnectionHandlerClientThread.java:66)
