231209 103918.268|CONFIG|qtp135640095-46323|setFileHandlers|Now logging to C:\Users\18328\Desktop\pc2\WebTeamInterface-1.1\logs directory.
231209 103918.268|INFO|qtp135640095-46323|info|
231209 103918.268|INFO|qtp135640095-46323|info|Version 9 () Java ver 18.0.2.1 build  Windows 11 10.0 (amd64) 
231209 103918.268|INFO|qtp135640095-46323|startLog|Working directory is C:\Users\18328\Desktop\pc2\WebTeamInterface-1.1
231209 103918.268|INFO|qtp135640095-46323|startLog|Process id is 15028@DESKTOP-D75BQTV
231209 103918.268|INFO|qtp135640095-46323|start|Starting ConnectionManager...
231209 103918.276|INFO|qtp135640095-46323|start|Started ConnectionManager
231209 103918.276|INFO|qtp135640095-46323|setClientServerAndPort|INIFile File location: file:/C:/Users/18328/Desktop/pc2/WebTeamInterface-1.1/pc2v9.ini
231209 103918.276|INFO|qtp135640095-46323|setClientServerAndPort|setClientServerAndPort localhost parsed as localhost port 50002
231209 103918.276|INFO|qtp135640095-46323|info|Contacting server at localhost:50002
231209 103918.276|INFO|qtp135640095-46323|connectToMyServer|Connecting to localhost:50002
231209 103918.284|INFO|Thread-49270|receiveUnencrypted|receiveUnencrypted(TransportWrapper, ConnectionHandlerID=Socket[addr=localhost/127.0.0.1,port=50002,localport=59882]-8160021789680267172)
231209 103918.284|INFO|Thread-49270|receiveUnencrypted|receiveUnencrypted Made a secret key for Socket[addr=localhost/127.0.0.1,port=50002,localport=59882]-8160021789680267172 key is com.sun.crypto.provider.DESKey@fffe7c9f
231209 103918.284|INFO|Thread-49270|getPublicKeyPacket|Generating Unencrypted Public Key Packet
231209 103918.284|INFO|Thread-49270|getPublicKeyPacket|checking key:= SunJCE Diffie-Hellman Public Key:
y:
    815b9886 9cf82f07 e4e44355 ecc86ce5 3faaaab7 16d285fb d50d8abb 17bd70be
    4151ac79 0c2d3dcd c848a991 5ffd7e28 07ad7a44 aff2bb6b 750856d5 7d88f45c
    940eb2b1 70bd1c45 082f1cc5 cf527272 32413073 d71997d4 3e8d412f e537a317
    0f766eff 99bff38e e54baaaf d4b0518f db5e4e6f 3fbeb1cb 0cb226ee 894ed220
p:
    f488fd58 4e49dbcd 20b49de4 9107366b 336c380d 451d0f7c 88b31c7c 5b2d8ef6
    f3c923c0 43f0a55b 188d8ebb 558cb85d 38d334fd 7c175743 a31d186c de33212c
    b52aff3c e1b12940 18118d7c 84a70a72 d686c403 19c80729 7aca950c d9969fab
    d00a509b 0246d308 3d66a45d 419f9c7c bd894b22 1926baab a25ec355 e92f78c7
g:
    02
l:
    512
231209 103918.284|INFO|Thread-49270|getPublicKeyPacket|packet:= edu.csus.ecs.pc2.core.transport.TransportWrapper@1ca163e0
231209 125144.085|INFO|Thread-49270|receive|SocketException in receive for Socket[addr=localhost/127.0.0.1,port=50002,localport=59882]-8160021789680267172
|java.net.SocketException: Connection reset
|    at sun.nio.ch.NioSocketImpl.implRead (NioSocketImpl.java:320)
|    at sun.nio.ch.NioSocketImpl.read (NioSocketImpl.java:347)
|    at sun.nio.ch.NioSocketImpl$1.read (NioSocketImpl.java:800)
|    at java.net.Socket$SocketInputStream.read (Socket.java:966)
|    at java.net.Socket$SocketInputStream.read (Socket.java:961)
|    at java.io.ObjectInputStream$PeekInputStream.peek (ObjectInputStream.java:2905)
|    at java.io.ObjectInputStream$BlockDataInputStream.peek (ObjectInputStream.java:3232)
|    at java.io.ObjectInputStream$BlockDataInputStream.peekByte (ObjectInputStream.java:3242)
|    at java.io.ObjectInputStream.readObject0 (ObjectInputStream.java:1708)
|    at java.io.ObjectInputStream.readObject (ObjectInputStream.java:538)
|    at java.io.ObjectInputStream.readObject (ObjectInputStream.java:496)
|    at edu.csus.ecs.pc2.core.transport.ConnectionHandlerThread.receive (ConnectionHandlerThread.java:152)
|    at edu.csus.ecs.pc2.core.transport.ConnectionHandlerClientThread.run (ConnectionHandlerClientThread.java:66)
231209 125144.168|FINER|Thread-49270|run|THROW
|edu.csus.ecs.pc2.core.transport.TransportException: Connection reset
|    at edu.csus.ecs.pc2.core.transport.ConnectionHandlerThread.receive (ConnectionHandlerThread.java:156)
|    at edu.csus.ecs.pc2.core.transport.ConnectionHandlerClientThread.run (ConnectionHandlerClientThread.java:66)
