231209 104011.344|CONFIG|qtp135640095-41052|setFileHandlers|Now logging to C:\Users\18328\Desktop\pc2\WebTeamInterface-1.1\logs directory.
231209 104011.344|INFO|qtp135640095-41052|info|
231209 104011.345|INFO|qtp135640095-41052|info|Version 9 () Java ver 18.0.2.1 build  Windows 11 10.0 (amd64) 
231209 104011.345|INFO|qtp135640095-41052|startLog|Working directory is C:\Users\18328\Desktop\pc2\WebTeamInterface-1.1
231209 104011.345|INFO|qtp135640095-41052|startLog|Process id is 15028@DESKTOP-D75BQTV
231209 104011.345|INFO|qtp135640095-41052|start|Starting ConnectionManager...
231209 104011.345|INFO|qtp135640095-41052|start|Started ConnectionManager
231209 104011.345|INFO|qtp135640095-41052|setClientServerAndPort|INIFile File location: file:/C:/Users/18328/Desktop/pc2/WebTeamInterface-1.1/pc2v9.ini
231209 104011.345|INFO|qtp135640095-41052|setClientServerAndPort|setClientServerAndPort localhost parsed as localhost port 50002
231209 104011.345|INFO|qtp135640095-41052|info|Contacting server at localhost:50002
231209 104011.345|INFO|qtp135640095-41052|connectToMyServer|Connecting to localhost:50002
231209 104011.354|INFO|Thread-49480|receiveUnencrypted|receiveUnencrypted(TransportWrapper, ConnectionHandlerID=Socket[addr=localhost/127.0.0.1,port=50002,localport=60070]-1568446845504798519)
231209 104011.354|INFO|Thread-49480|receiveUnencrypted|receiveUnencrypted Made a secret key for Socket[addr=localhost/127.0.0.1,port=50002,localport=60070]-1568446845504798519 key is com.sun.crypto.provider.DESKey@18619
231209 104011.354|INFO|Thread-49480|getPublicKeyPacket|Generating Unencrypted Public Key Packet
231209 104011.354|INFO|Thread-49480|getPublicKeyPacket|checking key:= SunJCE Diffie-Hellman Public Key:
y:
    15c321c7 5e847103 e082136a 2a9d1b3d 11dce790 92f46ca5 d05c64cd aa9e9655
    25f039dd bd7e90c8 a786b1f6 50e6e341 69acefe4 1004a6f7 25001408 d4610617
    2901a459 fcb72173 10f4d16e 8b4b7baf 442f7304 f2989110 4a76fea0 f8732e30
    4e39e0b6 785c0163 80e74d74 50e0d5fa 3eb36d12 87177168 fc164c8a d29e51df
p:
    f488fd58 4e49dbcd 20b49de4 9107366b 336c380d 451d0f7c 88b31c7c 5b2d8ef6
    f3c923c0 43f0a55b 188d8ebb 558cb85d 38d334fd 7c175743 a31d186c de33212c
    b52aff3c e1b12940 18118d7c 84a70a72 d686c403 19c80729 7aca950c d9969fab
    d00a509b 0246d308 3d66a45d 419f9c7c bd894b22 1926baab a25ec355 e92f78c7
g:
    02
l:
    512
231209 104011.354|INFO|Thread-49480|getPublicKeyPacket|packet:= edu.csus.ecs.pc2.core.transport.TransportWrapper@13b0743a
231209 124504.824|INFO|Thread-49480|receive|EOFException in receive for Socket[addr=localhost/127.0.0.1,port=50002,localport=60070]-1568446845504798519
|java.io.EOFException: null
|    at java.io.ObjectInputStream$BlockDataInputStream.peekByte (ObjectInputStream.java:3244)
|    at java.io.ObjectInputStream.readObject0 (ObjectInputStream.java:1708)
|    at java.io.ObjectInputStream.readObject (ObjectInputStream.java:538)
|    at java.io.ObjectInputStream.readObject (ObjectInputStream.java:496)
|    at edu.csus.ecs.pc2.core.transport.ConnectionHandlerThread.receive (ConnectionHandlerThread.java:152)
|    at edu.csus.ecs.pc2.core.transport.ConnectionHandlerClientThread.run (ConnectionHandlerClientThread.java:66)
231209 124504.830|FINER|Thread-49480|run|THROW
|edu.csus.ecs.pc2.core.transport.TransportException: null
|    at edu.csus.ecs.pc2.core.transport.ConnectionHandlerThread.receive (ConnectionHandlerThread.java:159)
|    at edu.csus.ecs.pc2.core.transport.ConnectionHandlerClientThread.run (ConnectionHandlerClientThread.java:66)
231209 124504.830|FINER|Thread-49480|run - e.getmessage is null()|THROW
|edu.csus.ecs.pc2.core.transport.TransportException: null
|    at edu.csus.ecs.pc2.core.transport.ConnectionHandlerThread.receive (ConnectionHandlerThread.java:159)
|    at edu.csus.ecs.pc2.core.transport.ConnectionHandlerClientThread.run (ConnectionHandlerClientThread.java:66)
