231209 081029.316|CONFIG|qtp135640095-385|setFileHandlers|Now logging to C:\Users\18328\Desktop\pc2\WebTeamInterface-1.1\logs directory.
231209 081029.316|INFO|qtp135640095-385|info|
231209 081029.316|INFO|qtp135640095-385|info|Version 9 () Java ver 18.0.2.1 build  Windows 11 10.0 (amd64) 
231209 081029.316|INFO|qtp135640095-385|startLog|Working directory is C:\Users\18328\Desktop\pc2\WebTeamInterface-1.1
231209 081029.324|INFO|qtp135640095-385|startLog|Process id is 15028@DESKTOP-D75BQTV
231209 081029.324|INFO|qtp135640095-385|start|Starting ConnectionManager...
231209 081029.329|INFO|qtp135640095-385|start|Started ConnectionManager
231209 081029.335|INFO|qtp135640095-385|setClientServerAndPort|INIFile File location: file:/C:/Users/18328/Desktop/pc2/WebTeamInterface-1.1/pc2v9.ini
231209 081029.335|INFO|qtp135640095-385|setClientServerAndPort|setClientServerAndPort localhost parsed as localhost port 50002
231209 081029.341|INFO|qtp135640095-385|info|Contacting server at localhost:50002
231209 081029.341|INFO|qtp135640095-385|connectToMyServer|Connecting to localhost:50002
231209 081029.349|INFO|Thread-1289|receiveUnencrypted|receiveUnencrypted(TransportWrapper, ConnectionHandlerID=Socket[addr=localhost/127.0.0.1,port=50002,localport=60958]--5592248413321945019)
231209 081029.349|INFO|Thread-1289|receiveUnencrypted|receiveUnencrypted Made a secret key for Socket[addr=localhost/127.0.0.1,port=50002,localport=60958]--5592248413321945019 key is com.sun.crypto.provider.DESKey@18487
231209 081029.349|INFO|Thread-1289|getPublicKeyPacket|Generating Unencrypted Public Key Packet
231209 081029.349|INFO|Thread-1289|getPublicKeyPacket|checking key:= SunJCE Diffie-Hellman Public Key:
y:
    625cfc7f 2add3024 7303ed75 a884f107 b5bafc17 1aa07785 04058724 6b2605f9
    b6158767 dc4f0972 4e57a3e8 53600d62 f13fac4c 6ec6abfc 7beca2f9 a8fc7a98
    59f86ef5 bd3d2fbe aba49ce3 785d29f1 ec92c126 04463acf b60e1726 ee4272ba
    83e3255a fcea967b cee715ea f91c4283 9e0865ba d8aa6202 3cdb5641 ca1961d7
p:
    f488fd58 4e49dbcd 20b49de4 9107366b 336c380d 451d0f7c 88b31c7c 5b2d8ef6
    f3c923c0 43f0a55b 188d8ebb 558cb85d 38d334fd 7c175743 a31d186c de33212c
    b52aff3c e1b12940 18118d7c 84a70a72 d686c403 19c80729 7aca950c d9969fab
    d00a509b 0246d308 3d66a45d 419f9c7c bd894b22 1926baab a25ec355 e92f78c7
g:
    02
l:
    512
231209 081029.349|INFO|Thread-1289|getPublicKeyPacket|packet:= edu.csus.ecs.pc2.core.transport.TransportWrapper@440c5910
231209 104625.472|INFO|Thread-1289|receive|EOFException in receive for Socket[addr=localhost/127.0.0.1,port=50002,localport=60958]--5592248413321945019
|java.io.EOFException: null
|    at java.io.ObjectInputStream$BlockDataInputStream.peekByte (ObjectInputStream.java:3244)
|    at java.io.ObjectInputStream.readObject0 (ObjectInputStream.java:1708)
|    at java.io.ObjectInputStream.readObject (ObjectInputStream.java:538)
|    at java.io.ObjectInputStream.readObject (ObjectInputStream.java:496)
|    at edu.csus.ecs.pc2.core.transport.ConnectionHandlerThread.receive (ConnectionHandlerThread.java:152)
|    at edu.csus.ecs.pc2.core.transport.ConnectionHandlerClientThread.run (ConnectionHandlerClientThread.java:66)
231209 104625.472|FINER|Thread-1289|run|THROW
|edu.csus.ecs.pc2.core.transport.TransportException: null
|    at edu.csus.ecs.pc2.core.transport.ConnectionHandlerThread.receive (ConnectionHandlerThread.java:159)
|    at edu.csus.ecs.pc2.core.transport.ConnectionHandlerClientThread.run (ConnectionHandlerClientThread.java:66)
231209 104625.472|FINER|Thread-1289|run - e.getmessage is null()|THROW
|edu.csus.ecs.pc2.core.transport.TransportException: null
|    at edu.csus.ecs.pc2.core.transport.ConnectionHandlerThread.receive (ConnectionHandlerThread.java:159)
|    at edu.csus.ecs.pc2.core.transport.ConnectionHandlerClientThread.run (ConnectionHandlerClientThread.java:66)
