231209 082037.381|CONFIG|qtp135640095-279|setFileHandlers|Now logging to C:\Users\18328\Desktop\pc2\WebTeamInterface-1.1\logs directory.
231209 082037.388|INFO|qtp135640095-279|info|
231209 082037.388|INFO|qtp135640095-279|info|Version 9 () Java ver 18.0.2.1 build  Windows 11 10.0 (amd64) 
231209 082037.388|INFO|qtp135640095-279|startLog|Working directory is C:\Users\18328\Desktop\pc2\WebTeamInterface-1.1
231209 082037.388|INFO|qtp135640095-279|startLog|Process id is 15028@DESKTOP-D75BQTV
231209 082037.388|INFO|qtp135640095-279|start|Starting ConnectionManager...
231209 082037.397|INFO|qtp135640095-279|start|Started ConnectionManager
231209 082037.397|INFO|qtp135640095-279|setClientServerAndPort|INIFile File location: file:/C:/Users/18328/Desktop/pc2/WebTeamInterface-1.1/pc2v9.ini
231209 082037.397|INFO|qtp135640095-279|setClientServerAndPort|setClientServerAndPort localhost parsed as localhost port 50002
231209 082037.397|INFO|qtp135640095-279|info|Contacting server at localhost:50002
231209 082037.397|INFO|qtp135640095-279|connectToMyServer|Connecting to localhost:50002
231209 082037.406|INFO|Thread-4772|receiveUnencrypted|receiveUnencrypted(TransportWrapper, ConnectionHandlerID=Socket[addr=localhost/127.0.0.1,port=50002,localport=63286]--2054811388958591825)
231209 082037.408|INFO|Thread-4772|receiveUnencrypted|receiveUnencrypted Made a secret key for Socket[addr=localhost/127.0.0.1,port=50002,localport=63286]--2054811388958591825 key is com.sun.crypto.provider.DESKey@18553
231209 082037.408|INFO|Thread-4772|getPublicKeyPacket|Generating Unencrypted Public Key Packet
231209 082037.408|INFO|Thread-4772|getPublicKeyPacket|checking key:= SunJCE Diffie-Hellman Public Key:
y:
    795e9ce1 cdebd13e 02a7a3ec 66ac247c 4565d07c a6a91dd0 b87a7830 216af279
    c670c150 5a278ac5 f141fc6c b339a5be 9ea2e12c c92c02c4 0886c6f4 cdd6dbba
    6d90dcd8 85c5833c ba2117cb 0d41793c 5e8b6825 25adbce1 65e05cf1 7131b9ad
    aa936372 4efc1638 459976b1 b03aeac5 3597076b 84fe5a3d a3501442 dfe75c52
p:
    f488fd58 4e49dbcd 20b49de4 9107366b 336c380d 451d0f7c 88b31c7c 5b2d8ef6
    f3c923c0 43f0a55b 188d8ebb 558cb85d 38d334fd 7c175743 a31d186c de33212c
    b52aff3c e1b12940 18118d7c 84a70a72 d686c403 19c80729 7aca950c d9969fab
    d00a509b 0246d308 3d66a45d 419f9c7c bd894b22 1926baab a25ec355 e92f78c7
g:
    02
l:
    512
231209 082037.408|INFO|Thread-4772|getPublicKeyPacket|packet:= edu.csus.ecs.pc2.core.transport.TransportWrapper@4b0aab90
231209 082152.975|INFO|Thread-4772|receive|EOFException in receive for Socket[addr=localhost/127.0.0.1,port=50002,localport=63286]--2054811388958591825
|java.io.EOFException: null
|    at java.io.ObjectInputStream$BlockDataInputStream.peekByte (ObjectInputStream.java:3244)
|    at java.io.ObjectInputStream.readObject0 (ObjectInputStream.java:1708)
|    at java.io.ObjectInputStream.readObject (ObjectInputStream.java:538)
|    at java.io.ObjectInputStream.readObject (ObjectInputStream.java:496)
|    at edu.csus.ecs.pc2.core.transport.ConnectionHandlerThread.receive (ConnectionHandlerThread.java:152)
|    at edu.csus.ecs.pc2.core.transport.ConnectionHandlerClientThread.run (ConnectionHandlerClientThread.java:66)
231209 082152.976|FINER|Thread-4772|run|THROW
|edu.csus.ecs.pc2.core.transport.TransportException: null
|    at edu.csus.ecs.pc2.core.transport.ConnectionHandlerThread.receive (ConnectionHandlerThread.java:159)
|    at edu.csus.ecs.pc2.core.transport.ConnectionHandlerClientThread.run (ConnectionHandlerClientThread.java:66)
231209 082152.976|FINER|Thread-4772|run - e.getmessage is null()|THROW
|edu.csus.ecs.pc2.core.transport.TransportException: null
|    at edu.csus.ecs.pc2.core.transport.ConnectionHandlerThread.receive (ConnectionHandlerThread.java:159)
|    at edu.csus.ecs.pc2.core.transport.ConnectionHandlerClientThread.run (ConnectionHandlerClientThread.java:66)
