231209 081801.529|CONFIG|qtp135640095-859|setFileHandlers|Now logging to C:\Users\18328\Desktop\pc2\WebTeamInterface-1.1\logs directory.
231209 081801.529|INFO|qtp135640095-859|info|
231209 081801.529|INFO|qtp135640095-859|info|Version 9 () Java ver 18.0.2.1 build  Windows 11 10.0 (amd64) 
231209 081801.529|INFO|qtp135640095-859|startLog|Working directory is C:\Users\18328\Desktop\pc2\WebTeamInterface-1.1
231209 081801.533|INFO|qtp135640095-859|startLog|Process id is 15028@DESKTOP-D75BQTV
231209 081801.533|INFO|qtp135640095-859|start|Starting ConnectionManager...
231209 081801.539|INFO|qtp135640095-859|start|Started ConnectionManager
231209 081801.541|INFO|qtp135640095-859|setClientServerAndPort|INIFile File location: file:/C:/Users/18328/Desktop/pc2/WebTeamInterface-1.1/pc2v9.ini
231209 081801.541|INFO|qtp135640095-859|setClientServerAndPort|setClientServerAndPort localhost parsed as localhost port 50002
231209 081801.541|INFO|qtp135640095-859|info|Contacting server at localhost:50002
231209 081801.541|INFO|qtp135640095-859|connectToMyServer|Connecting to localhost:50002
231209 081801.546|INFO|Thread-3573|receiveUnencrypted|receiveUnencrypted(TransportWrapper, ConnectionHandlerID=Socket[addr=localhost/127.0.0.1,port=50002,localport=62537]--5732554335897937011)
231209 081801.546|INFO|Thread-3573|receiveUnencrypted|receiveUnencrypted Made a secret key for Socket[addr=localhost/127.0.0.1,port=50002,localport=62537]--5732554335897937011 key is com.sun.crypto.provider.DESKey@fffe7bbc
231209 081801.546|INFO|Thread-3573|getPublicKeyPacket|Generating Unencrypted Public Key Packet
231209 081801.550|INFO|Thread-3573|getPublicKeyPacket|checking key:= SunJCE Diffie-Hellman Public Key:
y:
    e15f347d 0c18b379 d910f138 cb59c02a a08269f2 c83da791 3cf55260 67566a38
    a6d40342 3c86143c 47a606c8 312e284f 1f441279 69215363 1cabd451 9572a54f
    8375092a eedc5b79 23989c3e c99ad144 fe737943 52a58d90 a942a897 b28164c2
    79806fff 137dda80 153b4f33 e6ccbd95 20526023 211bc6ab e6cd2685 ed615838
p:
    f488fd58 4e49dbcd 20b49de4 9107366b 336c380d 451d0f7c 88b31c7c 5b2d8ef6
    f3c923c0 43f0a55b 188d8ebb 558cb85d 38d334fd 7c175743 a31d186c de33212c
    b52aff3c e1b12940 18118d7c 84a70a72 d686c403 19c80729 7aca950c d9969fab
    d00a509b 0246d308 3d66a45d 419f9c7c bd894b22 1926baab a25ec355 e92f78c7
g:
    02
l:
    512
231209 081801.550|INFO|Thread-3573|getPublicKeyPacket|packet:= edu.csus.ecs.pc2.core.transport.TransportWrapper@55df2414
231209 125144.079|INFO|Thread-3573|receive|SocketException in receive for Socket[addr=localhost/127.0.0.1,port=50002,localport=62537]--5732554335897937011
|java.net.SocketException: Connection reset
|    at sun.nio.ch.NioSocketImpl.implRead (NioSocketImpl.java:320)
|    at sun.nio.ch.NioSocketImpl.read (NioSocketImpl.java:347)
|    at sun.nio.ch.NioSocketImpl$1.read (NioSocketImpl.java:800)
|    at java.net.Socket$SocketInputStream.read (Socket.java:966)
|    at java.net.Socket$SocketInputStream.read (Socket.java:961)
|    at java.io.ObjectInputStream$PeekInputStream.peek (ObjectInputStream.java:2905)
|    at java.io.ObjectInputStream$BlockDataInputStream.peek (ObjectInputStream.java:3232)
|    at java.io.ObjectInputStream$BlockDataInputStream.peekByte (ObjectInputStream.java:3242)
|    at java.io.ObjectInputStream.readObject0 (ObjectInputStream.java:1708)
|    at java.io.ObjectInputStream.readObject (ObjectInputStream.java:538)
|    at java.io.ObjectInputStream.readObject (ObjectInputStream.java:496)
|    at edu.csus.ecs.pc2.core.transport.ConnectionHandlerThread.receive (ConnectionHandlerThread.java:152)
|    at edu.csus.ecs.pc2.core.transport.ConnectionHandlerClientThread.run (ConnectionHandlerClientThread.java:66)
231209 125144.096|FINER|Thread-3573|run|THROW
|edu.csus.ecs.pc2.core.transport.TransportException: Connection reset
|    at edu.csus.ecs.pc2.core.transport.ConnectionHandlerThread.receive (ConnectionHandlerThread.java:156)
|    at edu.csus.ecs.pc2.core.transport.ConnectionHandlerClientThread.run (ConnectionHandlerClientThread.java:66)
