221210 080259.803|CONFIG|qtp996796369-922|setFileHandlers|Now logging to C:\Users\18328\Desktop\pc2\WebTeamInterface-1.1\logs directory.
221210 080259.803|INFO|qtp996796369-922|info|
221210 080259.803|INFO|qtp996796369-922|info|Version 9 () Java ver 18.0.2.1 build  Windows 11 10.0 (amd64) 
221210 080259.804|INFO|qtp996796369-922|startLog|Working directory is C:\Users\18328\Desktop\pc2\WebTeamInterface-1.1
221210 080259.804|INFO|qtp996796369-922|startLog|Process id is 20708@DESKTOP-D75BQTV
221210 080259.804|INFO|qtp996796369-922|start|Starting ConnectionManager...
221210 080259.809|INFO|qtp996796369-922|start|Started ConnectionManager
221210 080259.810|INFO|qtp996796369-922|setClientServerAndPort|INIFile File location: file:/C:/Users/18328/Desktop/pc2/WebTeamInterface-1.1/pc2v9.ini
221210 080259.810|INFO|qtp996796369-922|setClientServerAndPort|setClientServerAndPort 212.212.212.212 parsed as 212.212.212.212 port 50002
221210 080259.810|INFO|qtp996796369-922|info|Contacting server at 212.212.212.212:50002
221210 080259.810|INFO|qtp996796369-922|connectToMyServer|Connecting to 212.212.212.212:50002
221210 080259.812|INFO|Thread-1557|receiveUnencrypted|receiveUnencrypted(TransportWrapper, ConnectionHandlerID=Socket[addr=/212.212.212.212,port=50002,localport=64576]-5947055629371761491)
221210 080259.812|INFO|Thread-1557|receiveUnencrypted|receiveUnencrypted Made a secret key for Socket[addr=/212.212.212.212,port=50002,localport=64576]-5947055629371761491 key is com.sun.crypto.provider.DESKey@18559
221210 080259.812|INFO|Thread-1557|getPublicKeyPacket|Generating Unencrypted Public Key Packet
221210 080259.812|INFO|Thread-1557|getPublicKeyPacket|checking key:= SunJCE Diffie-Hellman Public Key:
y:
    cefd343c efda5097 7aef0479 415333c7 262098c0 34d08d47 7d7dffff 4125ea3b
    2d7d54b2 b85c742b 4a764449 8ce1807b eb6ace7e df318f8c bde5d44a 2c615349
    3649f259 b6803fce ce83236b b394da35 8d00e4ff a32b1337 e264d852 0bf5160e
    9ad0e72e 7873ad58 9e78bc07 b4d2c728 82fda6fd 3ac5136d 53911fa1 3410d576
p:
    f488fd58 4e49dbcd 20b49de4 9107366b 336c380d 451d0f7c 88b31c7c 5b2d8ef6
    f3c923c0 43f0a55b 188d8ebb 558cb85d 38d334fd 7c175743 a31d186c de33212c
    b52aff3c e1b12940 18118d7c 84a70a72 d686c403 19c80729 7aca950c d9969fab
    d00a509b 0246d308 3d66a45d 419f9c7c bd894b22 1926baab a25ec355 e92f78c7
g:
    02
l:
    512
221210 080259.812|INFO|Thread-1557|getPublicKeyPacket|packet:= edu.csus.ecs.pc2.core.transport.TransportWrapper@1c49b90f
221210 081457.764|INFO|Thread-1557|receive|EOFException in receive for Socket[addr=/212.212.212.212,port=50002,localport=64576]-5947055629371761491
|java.io.EOFException: null
|    at java.io.ObjectInputStream$BlockDataInputStream.peekByte (ObjectInputStream.java:3244)
|    at java.io.ObjectInputStream.readObject0 (ObjectInputStream.java:1708)
|    at java.io.ObjectInputStream.readObject (ObjectInputStream.java:538)
|    at java.io.ObjectInputStream.readObject (ObjectInputStream.java:496)
|    at edu.csus.ecs.pc2.core.transport.ConnectionHandlerThread.receive (ConnectionHandlerThread.java:152)
|    at edu.csus.ecs.pc2.core.transport.ConnectionHandlerClientThread.run (ConnectionHandlerClientThread.java:66)
221210 081457.764|FINER|Thread-1557|run|THROW
|edu.csus.ecs.pc2.core.transport.TransportException: null
|    at edu.csus.ecs.pc2.core.transport.ConnectionHandlerThread.receive (ConnectionHandlerThread.java:159)
|    at edu.csus.ecs.pc2.core.transport.ConnectionHandlerClientThread.run (ConnectionHandlerClientThread.java:66)
221210 081457.764|FINER|Thread-1557|run - e.getmessage is null()|THROW
|edu.csus.ecs.pc2.core.transport.TransportException: null
|    at edu.csus.ecs.pc2.core.transport.ConnectionHandlerThread.receive (ConnectionHandlerThread.java:159)
|    at edu.csus.ecs.pc2.core.transport.ConnectionHandlerClientThread.run (ConnectionHandlerClientThread.java:66)
