231130 154758.777|CONFIG|qtp996796369-30|setFileHandlers|Now logging to C:\Users\18328\Desktop\pc2\WebTeamInterface-1.1\logs directory.
231130 154758.785|INFO|qtp996796369-30|info|
231130 154758.786|INFO|qtp996796369-30|info|Version 9 () Java ver 18.0.2.1 build  Windows 11 10.0 (amd64) 
231130 154758.787|INFO|qtp996796369-30|startLog|Working directory is C:\Users\18328\Desktop\pc2\WebTeamInterface-1.1
231130 154758.787|INFO|qtp996796369-30|startLog|Process id is 29484@DESKTOP-D75BQTV
231130 154758.787|INFO|qtp996796369-30|start|Starting ConnectionManager...
231130 154758.794|INFO|qtp996796369-30|start|Started ConnectionManager
231130 154758.794|INFO|qtp996796369-30|setClientServerAndPort|INIFile File location: file:/C:/Users/18328/Desktop/pc2/WebTeamInterface-1.1/pc2v9.ini
231130 154758.794|INFO|qtp996796369-30|setClientServerAndPort|setClientServerAndPort localhost parsed as localhost port 50002
231130 154758.794|INFO|qtp996796369-30|info|Contacting server at localhost:50002
231130 154758.794|INFO|qtp996796369-30|connectToMyServer|Connecting to localhost:50002
231130 154758.810|INFO|Thread-155|receiveUnencrypted|receiveUnencrypted(TransportWrapper, ConnectionHandlerID=Socket[addr=localhost/127.0.0.1,port=50002,localport=62552]-5528803203638834365)
231130 154758.813|INFO|Thread-155|receiveUnencrypted|receiveUnencrypted Made a secret key for Socket[addr=localhost/127.0.0.1,port=50002,localport=62552]-5528803203638834365 key is com.sun.crypto.provider.DESKey@fffe7ba1
231130 154758.813|INFO|Thread-155|getPublicKeyPacket|Generating Unencrypted Public Key Packet
231130 154758.813|INFO|Thread-155|getPublicKeyPacket|checking key:= SunJCE Diffie-Hellman Public Key:
y:
    9aaf2b30 62796137 7f12d9af e108b7c2 b95c548e b48e7764 8921f2ed 82011618
    a6fac3a9 28a80ab4 8d268275 13a0566b 25e05e9d fb980aa0 d8f746cb b49fd2d2
    2770577f 923b1960 bd0c65e1 d90aa845 0ba1c643 7403883f 819b3f58 16a5da57
    98d332cf bd8994f3 f7db36ff 28528919 7c4c80f9 a427392e 4799f0e7 b9969d62
p:
    f488fd58 4e49dbcd 20b49de4 9107366b 336c380d 451d0f7c 88b31c7c 5b2d8ef6
    f3c923c0 43f0a55b 188d8ebb 558cb85d 38d334fd 7c175743 a31d186c de33212c
    b52aff3c e1b12940 18118d7c 84a70a72 d686c403 19c80729 7aca950c d9969fab
    d00a509b 0246d308 3d66a45d 419f9c7c bd894b22 1926baab a25ec355 e92f78c7
g:
    02
l:
    512
231130 154758.813|INFO|Thread-155|getPublicKeyPacket|packet:= edu.csus.ecs.pc2.core.transport.TransportWrapper@36cf251f
231130 172343.236|INFO|Thread-155|receive|SocketException in receive for Socket[addr=localhost/127.0.0.1,port=50002,localport=62552]-5528803203638834365
|java.net.SocketException: Connection reset
|    at sun.nio.ch.NioSocketImpl.implRead (NioSocketImpl.java:320)
|    at sun.nio.ch.NioSocketImpl.read (NioSocketImpl.java:347)
|    at sun.nio.ch.NioSocketImpl$1.read (NioSocketImpl.java:800)
|    at java.net.Socket$SocketInputStream.read (Socket.java:966)
|    at java.net.Socket$SocketInputStream.read (Socket.java:961)
|    at java.io.ObjectInputStream$PeekInputStream.peek (ObjectInputStream.java:2905)
|    at java.io.ObjectInputStream$BlockDataInputStream.peek (ObjectInputStream.java:3232)
|    at java.io.ObjectInputStream$BlockDataInputStream.peekByte (ObjectInputStream.java:3242)
|    at java.io.ObjectInputStream.readObject0 (ObjectInputStream.java:1708)
|    at java.io.ObjectInputStream.readObject (ObjectInputStream.java:538)
|    at java.io.ObjectInputStream.readObject (ObjectInputStream.java:496)
|    at edu.csus.ecs.pc2.core.transport.ConnectionHandlerThread.receive (ConnectionHandlerThread.java:152)
|    at edu.csus.ecs.pc2.core.transport.ConnectionHandlerClientThread.run (ConnectionHandlerClientThread.java:66)
231130 172343.239|FINER|Thread-155|run|THROW
|edu.csus.ecs.pc2.core.transport.TransportException: Connection reset
|    at edu.csus.ecs.pc2.core.transport.ConnectionHandlerThread.receive (ConnectionHandlerThread.java:156)
|    at edu.csus.ecs.pc2.core.transport.ConnectionHandlerClientThread.run (ConnectionHandlerClientThread.java:66)
