231130 153713.614|CONFIG|qtp996796369-34|setFileHandlers|Now logging to C:\Users\18328\Desktop\pc2\WebTeamInterface-1.1\logs directory.
231130 153713.614|INFO|qtp996796369-34|info|
231130 153713.614|INFO|qtp996796369-34|info|Version 9 () Java ver 18.0.2.1 build  Windows 11 10.0 (amd64) 
231130 153713.614|INFO|qtp996796369-34|startLog|Working directory is C:\Users\18328\Desktop\pc2\WebTeamInterface-1.1
231130 153713.614|INFO|qtp996796369-34|startLog|Process id is 29484@DESKTOP-D75BQTV
231130 153713.614|INFO|qtp996796369-34|start|Starting ConnectionManager...
231130 153713.631|INFO|qtp996796369-34|start|Started ConnectionManager
231130 153713.631|INFO|qtp996796369-34|setClientServerAndPort|INIFile File location: file:/C:/Users/18328/Desktop/pc2/WebTeamInterface-1.1/pc2v9.ini
231130 153713.631|INFO|qtp996796369-34|setClientServerAndPort|setClientServerAndPort localhost parsed as localhost port 50002
231130 153713.631|INFO|qtp996796369-34|info|Contacting server at localhost:50002
231130 153713.631|INFO|qtp996796369-34|connectToMyServer|Connecting to localhost:50002
231130 153713.642|INFO|Thread-60|receiveUnencrypted|receiveUnencrypted(TransportWrapper, ConnectionHandlerID=Socket[addr=localhost/127.0.0.1,port=50002,localport=57394]--6060545719215683964)
231130 153713.647|INFO|Thread-60|receiveUnencrypted|receiveUnencrypted Made a secret key for Socket[addr=localhost/127.0.0.1,port=50002,localport=57394]--6060545719215683964 key is com.sun.crypto.provider.DESKey@fffe7e8b
231130 153713.647|INFO|Thread-60|getPublicKeyPacket|Generating Unencrypted Public Key Packet
231130 153713.647|INFO|Thread-60|getPublicKeyPacket|checking key:= SunJCE Diffie-Hellman Public Key:
y:
    afc9b516 03caf651 c8d476e6 6988aae4 a5b3414a 6c0e0668 3774b032 aae35f59
    5b36e16d 1032bff7 819e7a32 ec9ec1b5 600e6079 86c18ab7 ac64e49b 5b76878a
    5044ac43 e463ba7d b59ca09f 0534473c c91d9187 0369b6bd e4673fce 9825a3a2
    3200294d 451e3410 601d98e5 e45eec6a 78f6add7 6b00ac10 2e207364 4318f8de
p:
    f488fd58 4e49dbcd 20b49de4 9107366b 336c380d 451d0f7c 88b31c7c 5b2d8ef6
    f3c923c0 43f0a55b 188d8ebb 558cb85d 38d334fd 7c175743 a31d186c de33212c
    b52aff3c e1b12940 18118d7c 84a70a72 d686c403 19c80729 7aca950c d9969fab
    d00a509b 0246d308 3d66a45d 419f9c7c bd894b22 1926baab a25ec355 e92f78c7
g:
    02
l:
    512
231130 172343.236|INFO|Thread-60|receive|SocketException in receive for Socket[addr=localhost/127.0.0.1,port=50002,localport=57394]--6060545719215683964
|java.net.SocketException: Connection reset
|    at sun.nio.ch.NioSocketImpl.implRead (NioSocketImpl.java:320)
|    at sun.nio.ch.NioSocketImpl.read (NioSocketImpl.java:347)
|    at sun.nio.ch.NioSocketImpl$1.read (NioSocketImpl.java:800)
|    at java.net.Socket$SocketInputStream.read (Socket.java:966)
|    at java.net.Socket$SocketInputStream.read (Socket.java:961)
|    at java.io.ObjectInputStream$PeekInputStream.peek (ObjectInputStream.java:2905)
|    at java.io.ObjectInputStream$BlockDataInputStream.peek (ObjectInputStream.java:3232)
|    at java.io.ObjectInputStream$BlockDataInputStream.peekByte (ObjectInputStream.java:3242)
|    at java.io.ObjectInputStream.readObject0 (ObjectInputStream.java:1708)
|    at java.io.ObjectInputStream.readObject (ObjectInputStream.java:538)
|    at java.io.ObjectInputStream.readObject (ObjectInputStream.java:496)
|    at edu.csus.ecs.pc2.core.transport.ConnectionHandlerThread.receive (ConnectionHandlerThread.java:152)
|    at edu.csus.ecs.pc2.core.transport.ConnectionHandlerClientThread.run (ConnectionHandlerClientThread.java:66)
231130 172343.239|FINER|Thread-60|run|THROW
|edu.csus.ecs.pc2.core.transport.TransportException: Connection reset
|    at edu.csus.ecs.pc2.core.transport.ConnectionHandlerThread.receive (ConnectionHandlerThread.java:156)
|    at edu.csus.ecs.pc2.core.transport.ConnectionHandlerClientThread.run (ConnectionHandlerClientThread.java:66)
