221210 080805.606|CONFIG|qtp996796369-1391|setFileHandlers|Now logging to C:\Users\18328\Desktop\pc2\WebTeamInterface-1.1\logs directory.
221210 080805.607|INFO|qtp996796369-1391|info|
221210 080805.607|INFO|qtp996796369-1391|info|Version 9 () Java ver 18.0.2.1 build  Windows 11 10.0 (amd64) 
221210 080805.607|INFO|qtp996796369-1391|startLog|Working directory is C:\Users\18328\Desktop\pc2\WebTeamInterface-1.1
221210 080805.608|INFO|qtp996796369-1391|startLog|Process id is 20708@DESKTOP-D75BQTV
221210 080805.608|INFO|qtp996796369-1391|start|Starting ConnectionManager...
221210 080805.614|INFO|qtp996796369-1391|start|Started ConnectionManager
221210 080805.616|INFO|qtp996796369-1391|setClientServerAndPort|INIFile File location: file:/C:/Users/18328/Desktop/pc2/WebTeamInterface-1.1/pc2v9.ini
221210 080805.616|INFO|qtp996796369-1391|setClientServerAndPort|setClientServerAndPort 212.212.212.212 parsed as 212.212.212.212 port 50002
221210 080805.616|INFO|qtp996796369-1391|info|Contacting server at 212.212.212.212:50002
221210 080805.616|INFO|qtp996796369-1391|connectToMyServer|Connecting to 212.212.212.212:50002
221210 080805.619|INFO|Thread-1824|receiveUnencrypted|receiveUnencrypted(TransportWrapper, ConnectionHandlerID=Socket[addr=/212.212.212.212,port=50002,localport=64828]--4371155874624641310)
221210 080805.619|INFO|Thread-1824|receiveUnencrypted|receiveUnencrypted Made a secret key for Socket[addr=/212.212.212.212,port=50002,localport=64828]--4371155874624641310 key is com.sun.crypto.provider.DESKey@fffe7b26
221210 080805.619|INFO|Thread-1824|getPublicKeyPacket|Generating Unencrypted Public Key Packet
221210 080805.620|INFO|Thread-1824|getPublicKeyPacket|checking key:= SunJCE Diffie-Hellman Public Key:
y:
    6c65aa76 1d20f5b5 10acb06a 9145ee00 2a385a45 5d589cf4 75d93912 b3127390
    22a8903d 7bdcc35f 6435d6b9 37b2910a 31294d2b c469d611 4d51118c fee291d3
    20a25efd f68735fe b572880f 2d1b6793 d67dce77 89366daf a8a3255f fb8c09db
    fe48aa7b 589880b2 6f586c05 98f04585 82cce797 80b1e674 8e28615a 96e64574
p:
    f488fd58 4e49dbcd 20b49de4 9107366b 336c380d 451d0f7c 88b31c7c 5b2d8ef6
    f3c923c0 43f0a55b 188d8ebb 558cb85d 38d334fd 7c175743 a31d186c de33212c
    b52aff3c e1b12940 18118d7c 84a70a72 d686c403 19c80729 7aca950c d9969fab
    d00a509b 0246d308 3d66a45d 419f9c7c bd894b22 1926baab a25ec355 e92f78c7
g:
    02
l:
    512
221210 081013.611|INFO|Thread-1824|receive|EOFException in receive for Socket[addr=/212.212.212.212,port=50002,localport=64828]--4371155874624641310
|java.io.EOFException: null
|    at java.io.ObjectInputStream$BlockDataInputStream.peekByte (ObjectInputStream.java:3244)
|    at java.io.ObjectInputStream.readObject0 (ObjectInputStream.java:1708)
|    at java.io.ObjectInputStream.readObject (ObjectInputStream.java:538)
|    at java.io.ObjectInputStream.readObject (ObjectInputStream.java:496)
|    at edu.csus.ecs.pc2.core.transport.ConnectionHandlerThread.receive (ConnectionHandlerThread.java:152)
|    at edu.csus.ecs.pc2.core.transport.ConnectionHandlerClientThread.run (ConnectionHandlerClientThread.java:66)
221210 081013.611|FINER|Thread-1824|run|THROW
|edu.csus.ecs.pc2.core.transport.TransportException: null
|    at edu.csus.ecs.pc2.core.transport.ConnectionHandlerThread.receive (ConnectionHandlerThread.java:159)
|    at edu.csus.ecs.pc2.core.transport.ConnectionHandlerClientThread.run (ConnectionHandlerClientThread.java:66)
221210 081013.611|FINER|Thread-1824|run - e.getmessage is null()|THROW
|edu.csus.ecs.pc2.core.transport.TransportException: null
|    at edu.csus.ecs.pc2.core.transport.ConnectionHandlerThread.receive (ConnectionHandlerThread.java:159)
|    at edu.csus.ecs.pc2.core.transport.ConnectionHandlerClientThread.run (ConnectionHandlerClientThread.java:66)
