231209 082552.476|CONFIG|qtp135640095-2556|setFileHandlers|Now logging to C:\Users\18328\Desktop\pc2\WebTeamInterface-1.1\logs directory.
231209 082552.476|INFO|qtp135640095-2556|info|
231209 082552.476|INFO|qtp135640095-2556|info|Version 9 () Java ver 18.0.2.1 build  Windows 11 10.0 (amd64) 
231209 082552.476|INFO|qtp135640095-2556|startLog|Working directory is C:\Users\18328\Desktop\pc2\WebTeamInterface-1.1
231209 082552.476|INFO|qtp135640095-2556|startLog|Process id is 15028@DESKTOP-D75BQTV
231209 082552.476|INFO|qtp135640095-2556|start|Starting ConnectionManager...
231209 082552.488|INFO|qtp135640095-2556|start|Started ConnectionManager
231209 082552.488|INFO|qtp135640095-2556|setClientServerAndPort|INIFile File location: file:/C:/Users/18328/Desktop/pc2/WebTeamInterface-1.1/pc2v9.ini
231209 082552.488|INFO|qtp135640095-2556|setClientServerAndPort|setClientServerAndPort localhost parsed as localhost port 50002
231209 082552.488|INFO|qtp135640095-2556|info|Contacting server at localhost:50002
231209 082552.488|INFO|qtp135640095-2556|connectToMyServer|Connecting to localhost:50002
231209 082552.493|INFO|Thread-8299|receiveUnencrypted|receiveUnencrypted(TransportWrapper, ConnectionHandlerID=Socket[addr=localhost/127.0.0.1,port=50002,localport=64505]-7955321372901604788)
231209 082552.493|INFO|Thread-8299|receiveUnencrypted|receiveUnencrypted Made a secret key for Socket[addr=localhost/127.0.0.1,port=50002,localport=64505]-7955321372901604788 key is com.sun.crypto.provider.DESKey@18649
231209 082552.493|INFO|Thread-8299|getPublicKeyPacket|Generating Unencrypted Public Key Packet
231209 082552.493|INFO|Thread-8299|getPublicKeyPacket|checking key:= SunJCE Diffie-Hellman Public Key:
y:
    57abf2dd 21d1dd54 a3df1766 3d1a5ea1 b3209ec1 54f277a6 d855b0cb e114fdd8
    033303bc 345bff50 d68545e7 21c4da10 7249105a b707ddab c2648d59 26c00113
    fdfadb72 cf7a6fbf 280e6b09 ca18aacf 1bb5d5ed 8cf9f947 bd4ad781 3235f464
    13851899 8b3291e0 348241c3 5fb01d6d 7deb8b2d 3a094d87 b2083847 62ecdf76
p:
    f488fd58 4e49dbcd 20b49de4 9107366b 336c380d 451d0f7c 88b31c7c 5b2d8ef6
    f3c923c0 43f0a55b 188d8ebb 558cb85d 38d334fd 7c175743 a31d186c de33212c
    b52aff3c e1b12940 18118d7c 84a70a72 d686c403 19c80729 7aca950c d9969fab
    d00a509b 0246d308 3d66a45d 419f9c7c bd894b22 1926baab a25ec355 e92f78c7
g:
    02
l:
    512
231209 082552.493|INFO|Thread-8299|getPublicKeyPacket|packet:= edu.csus.ecs.pc2.core.transport.TransportWrapper@473b36ce
231209 083130.384|INFO|Thread-8299|receive|EOFException in receive for Socket[addr=localhost/127.0.0.1,port=50002,localport=64505]-7955321372901604788
|java.io.EOFException: null
|    at java.io.ObjectInputStream$BlockDataInputStream.peekByte (ObjectInputStream.java:3244)
|    at java.io.ObjectInputStream.readObject0 (ObjectInputStream.java:1708)
|    at java.io.ObjectInputStream.readObject (ObjectInputStream.java:538)
|    at java.io.ObjectInputStream.readObject (ObjectInputStream.java:496)
|    at edu.csus.ecs.pc2.core.transport.ConnectionHandlerThread.receive (ConnectionHandlerThread.java:152)
|    at edu.csus.ecs.pc2.core.transport.ConnectionHandlerClientThread.run (ConnectionHandlerClientThread.java:66)
231209 083130.384|FINER|Thread-8299|run|THROW
|edu.csus.ecs.pc2.core.transport.TransportException: null
|    at edu.csus.ecs.pc2.core.transport.ConnectionHandlerThread.receive (ConnectionHandlerThread.java:159)
|    at edu.csus.ecs.pc2.core.transport.ConnectionHandlerClientThread.run (ConnectionHandlerClientThread.java:66)
231209 083130.384|FINER|Thread-8299|run - e.getmessage is null()|THROW
|edu.csus.ecs.pc2.core.transport.TransportException: null
|    at edu.csus.ecs.pc2.core.transport.ConnectionHandlerThread.receive (ConnectionHandlerThread.java:159)
|    at edu.csus.ecs.pc2.core.transport.ConnectionHandlerClientThread.run (ConnectionHandlerClientThread.java:66)
