231209 082242.725|CONFIG|qtp135640095-768|setFileHandlers|Now logging to C:\Users\18328\Desktop\pc2\WebTeamInterface-1.1\logs directory.
231209 082242.725|INFO|qtp135640095-768|info|
231209 082242.727|INFO|qtp135640095-768|info|Version 9 () Java ver 18.0.2.1 build  Windows 11 10.0 (amd64) 
231209 082242.727|INFO|qtp135640095-768|startLog|Working directory is C:\Users\18328\Desktop\pc2\WebTeamInterface-1.1
231209 082242.727|INFO|qtp135640095-768|startLog|Process id is 15028@DESKTOP-D75BQTV
231209 082242.727|INFO|qtp135640095-768|start|Starting ConnectionManager...
231209 082242.727|INFO|qtp135640095-768|start|Started ConnectionManager
231209 082242.727|INFO|qtp135640095-768|setClientServerAndPort|INIFile File location: file:/C:/Users/18328/Desktop/pc2/WebTeamInterface-1.1/pc2v9.ini
231209 082242.727|INFO|qtp135640095-768|setClientServerAndPort|setClientServerAndPort localhost parsed as localhost port 50002
231209 082242.727|INFO|qtp135640095-768|info|Contacting server at localhost:50002
231209 082242.727|INFO|qtp135640095-768|connectToMyServer|Connecting to localhost:50002
231209 082242.736|INFO|Thread-6148|receiveUnencrypted|receiveUnencrypted(TransportWrapper, ConnectionHandlerID=Socket[addr=localhost/127.0.0.1,port=50002,localport=63734]-560295766943085805)
231209 082242.736|INFO|Thread-6148|receiveUnencrypted|receiveUnencrypted Made a secret key for Socket[addr=localhost/127.0.0.1,port=50002,localport=63734]-560295766943085805 key is com.sun.crypto.provider.DESKey@fffe78d8
231209 082242.736|INFO|Thread-6148|getPublicKeyPacket|Generating Unencrypted Public Key Packet
231209 082242.736|INFO|Thread-6148|getPublicKeyPacket|checking key:= SunJCE Diffie-Hellman Public Key:
y:
    099b4906 f8adc88c 6cd1b7cb ad139dd4 5c147813 28c145bc 20dfdf89 a5556fb7
    ede63922 a4727f0c 12b30c15 05de7bb3 4119295b c33307a4 8b995a06 b9301e8f
    66f017fd 42ed378e 8815a7a2 4c3e3d5d e5c37567 3eafe87e bad13f6b d3425202
    23707afa c004e8c6 7f72b2b6 55894c0f d8effec4 a55b5b0e 7414e11f 729803d2
p:
    f488fd58 4e49dbcd 20b49de4 9107366b 336c380d 451d0f7c 88b31c7c 5b2d8ef6
    f3c923c0 43f0a55b 188d8ebb 558cb85d 38d334fd 7c175743 a31d186c de33212c
    b52aff3c e1b12940 18118d7c 84a70a72 d686c403 19c80729 7aca950c d9969fab
    d00a509b 0246d308 3d66a45d 419f9c7c bd894b22 1926baab a25ec355 e92f78c7
g:
    02
l:
    512
231209 082242.736|INFO|Thread-6148|getPublicKeyPacket|packet:= edu.csus.ecs.pc2.core.transport.TransportWrapper@112eb22d
231209 082533.986|INFO|Thread-6148|receive|EOFException in receive for Socket[addr=localhost/127.0.0.1,port=50002,localport=63734]-560295766943085805
|java.io.EOFException: null
|    at java.io.ObjectInputStream$BlockDataInputStream.peekByte (ObjectInputStream.java:3244)
|    at java.io.ObjectInputStream.readObject0 (ObjectInputStream.java:1708)
|    at java.io.ObjectInputStream.readObject (ObjectInputStream.java:538)
|    at java.io.ObjectInputStream.readObject (ObjectInputStream.java:496)
|    at edu.csus.ecs.pc2.core.transport.ConnectionHandlerThread.receive (ConnectionHandlerThread.java:152)
|    at edu.csus.ecs.pc2.core.transport.ConnectionHandlerClientThread.run (ConnectionHandlerClientThread.java:66)
231209 082533.989|FINER|Thread-6148|run|THROW
|edu.csus.ecs.pc2.core.transport.TransportException: null
|    at edu.csus.ecs.pc2.core.transport.ConnectionHandlerThread.receive (ConnectionHandlerThread.java:159)
|    at edu.csus.ecs.pc2.core.transport.ConnectionHandlerClientThread.run (ConnectionHandlerClientThread.java:66)
231209 082533.989|FINER|Thread-6148|run - e.getmessage is null()|THROW
|edu.csus.ecs.pc2.core.transport.TransportException: null
|    at edu.csus.ecs.pc2.core.transport.ConnectionHandlerThread.receive (ConnectionHandlerThread.java:159)
|    at edu.csus.ecs.pc2.core.transport.ConnectionHandlerClientThread.run (ConnectionHandlerClientThread.java:66)
