231209 082912.251|CONFIG|qtp135640095-2556|setFileHandlers|Now logging to C:\Users\18328\Desktop\pc2\WebTeamInterface-1.1\logs directory.
231209 082912.251|INFO|qtp135640095-2556|info|
231209 082912.251|INFO|qtp135640095-2556|info|Version 9 () Java ver 18.0.2.1 build  Windows 11 10.0 (amd64) 
231209 082912.251|INFO|qtp135640095-2556|startLog|Working directory is C:\Users\18328\Desktop\pc2\WebTeamInterface-1.1
231209 082912.251|INFO|qtp135640095-2556|startLog|Process id is 15028@DESKTOP-D75BQTV
231209 082912.251|INFO|qtp135640095-2556|start|Starting ConnectionManager...
231209 082912.251|INFO|qtp135640095-2556|start|Started ConnectionManager
231209 082912.259|INFO|qtp135640095-2556|setClientServerAndPort|INIFile File location: file:/C:/Users/18328/Desktop/pc2/WebTeamInterface-1.1/pc2v9.ini
231209 082912.259|INFO|qtp135640095-2556|setClientServerAndPort|setClientServerAndPort localhost parsed as localhost port 50002
231209 082912.259|INFO|qtp135640095-2556|info|Contacting server at localhost:50002
231209 082912.259|INFO|qtp135640095-2556|connectToMyServer|Connecting to localhost:50002
231209 082912.262|INFO|Thread-12218|receiveUnencrypted|receiveUnencrypted(TransportWrapper, ConnectionHandlerID=Socket[addr=localhost/127.0.0.1,port=50002,localport=65211]--1613329506036942757)
231209 082912.262|INFO|Thread-12218|receiveUnencrypted|receiveUnencrypted Made a secret key for Socket[addr=localhost/127.0.0.1,port=50002,localport=65211]--1613329506036942757 key is com.sun.crypto.provider.DESKey@18470
231209 082912.262|INFO|Thread-12218|getPublicKeyPacket|Generating Unencrypted Public Key Packet
231209 082912.262|INFO|Thread-12218|getPublicKeyPacket|checking key:= SunJCE Diffie-Hellman Public Key:
y:
    2fd9b325 d7f7913b 88350895 2351d1e5 a8db9b99 862bb5a8 1d44063e 5d222ac8
    712f5dee 56d0053f 67f19188 8ba6d003 2d40dc8b 22778a8e 5c82c129 80f39ffa
    31009ddd b3bc037e e5fa146f e7d3dfdb 594cf30f 17998ae0 66f34e0f 1dd0a338
    873d046a b40b1b38 acd1163c 4fd9a323 22a17040 e2e80916 378d2b01 1fc1f208
p:
    f488fd58 4e49dbcd 20b49de4 9107366b 336c380d 451d0f7c 88b31c7c 5b2d8ef6
    f3c923c0 43f0a55b 188d8ebb 558cb85d 38d334fd 7c175743 a31d186c de33212c
    b52aff3c e1b12940 18118d7c 84a70a72 d686c403 19c80729 7aca950c d9969fab
    d00a509b 0246d308 3d66a45d 419f9c7c bd894b22 1926baab a25ec355 e92f78c7
g:
    02
l:
    512
231209 082912.262|INFO|Thread-12218|getPublicKeyPacket|packet:= edu.csus.ecs.pc2.core.transport.TransportWrapper@1888aeb6
231209 095431.551|INFO|Thread-12218|receive|EOFException in receive for Socket[addr=localhost/127.0.0.1,port=50002,localport=65211]--1613329506036942757
|java.io.EOFException: null
|    at java.io.ObjectInputStream$BlockDataInputStream.peekByte (ObjectInputStream.java:3244)
|    at java.io.ObjectInputStream.readObject0 (ObjectInputStream.java:1708)
|    at java.io.ObjectInputStream.readObject (ObjectInputStream.java:538)
|    at java.io.ObjectInputStream.readObject (ObjectInputStream.java:496)
|    at edu.csus.ecs.pc2.core.transport.ConnectionHandlerThread.receive (ConnectionHandlerThread.java:152)
|    at edu.csus.ecs.pc2.core.transport.ConnectionHandlerClientThread.run (ConnectionHandlerClientThread.java:66)
231209 095431.551|FINER|Thread-12218|run|THROW
|edu.csus.ecs.pc2.core.transport.TransportException: null
|    at edu.csus.ecs.pc2.core.transport.ConnectionHandlerThread.receive (ConnectionHandlerThread.java:159)
|    at edu.csus.ecs.pc2.core.transport.ConnectionHandlerClientThread.run (ConnectionHandlerClientThread.java:66)
231209 095431.551|FINER|Thread-12218|run - e.getmessage is null()|THROW
|edu.csus.ecs.pc2.core.transport.TransportException: null
|    at edu.csus.ecs.pc2.core.transport.ConnectionHandlerThread.receive (ConnectionHandlerThread.java:159)
|    at edu.csus.ecs.pc2.core.transport.ConnectionHandlerClientThread.run (ConnectionHandlerClientThread.java:66)
