231209 104000.353|CONFIG|qtp135640095-46300|setFileHandlers|Now logging to C:\Users\18328\Desktop\pc2\WebTeamInterface-1.1\logs directory.
231209 104000.353|INFO|qtp135640095-46300|info|
231209 104000.353|INFO|qtp135640095-46300|info|Version 9 () Java ver 18.0.2.1 build  Windows 11 10.0 (amd64) 
231209 104000.353|INFO|qtp135640095-46300|startLog|Working directory is C:\Users\18328\Desktop\pc2\WebTeamInterface-1.1
231209 104000.353|INFO|qtp135640095-46300|startLog|Process id is 15028@DESKTOP-D75BQTV
231209 104000.353|INFO|qtp135640095-46300|start|Starting ConnectionManager...
231209 104000.359|INFO|qtp135640095-46300|start|Started ConnectionManager
231209 104000.359|INFO|qtp135640095-46300|setClientServerAndPort|INIFile File location: file:/C:/Users/18328/Desktop/pc2/WebTeamInterface-1.1/pc2v9.ini
231209 104000.359|INFO|qtp135640095-46300|setClientServerAndPort|setClientServerAndPort localhost parsed as localhost port 50002
231209 104000.359|INFO|qtp135640095-46300|info|Contacting server at localhost:50002
231209 104000.359|INFO|qtp135640095-46300|connectToMyServer|Connecting to localhost:50002
231209 104000.363|INFO|Thread-49421|receiveUnencrypted|receiveUnencrypted(TransportWrapper, ConnectionHandlerID=Socket[addr=localhost/127.0.0.1,port=50002,localport=60039]-7010245383335211319)
231209 104000.363|INFO|Thread-49421|receiveUnencrypted|receiveUnencrypted Made a secret key for Socket[addr=localhost/127.0.0.1,port=50002,localport=60039]-7010245383335211319 key is com.sun.crypto.provider.DESKey@fffe7ccc
231209 104000.363|INFO|Thread-49421|getPublicKeyPacket|Generating Unencrypted Public Key Packet
231209 104000.363|INFO|Thread-49421|getPublicKeyPacket|checking key:= SunJCE Diffie-Hellman Public Key:
y:
    062484a6 24a8f76d c1da60c7 683c427b 7fc64b38 c6244bca 735fb561 48d87135
    7f97c613 81d4a11b 2964d270 c9592e53 5abb92d5 a8aa8602 b084a647 7a7d6ef1
    62b49366 28327c74 9f5b8c9c a392bcc6 df5678b1 8f93d0d9 3498ae3d 1205305f
    222260e7 5cbfa6d9 88a42009 ca326c2f 542be913 5ca67bac 1c2c03e8 9856f0ca
p:
    f488fd58 4e49dbcd 20b49de4 9107366b 336c380d 451d0f7c 88b31c7c 5b2d8ef6
    f3c923c0 43f0a55b 188d8ebb 558cb85d 38d334fd 7c175743 a31d186c de33212c
    b52aff3c e1b12940 18118d7c 84a70a72 d686c403 19c80729 7aca950c d9969fab
    d00a509b 0246d308 3d66a45d 419f9c7c bd894b22 1926baab a25ec355 e92f78c7
g:
    02
l:
    512
231209 104000.363|INFO|Thread-49421|getPublicKeyPacket|packet:= edu.csus.ecs.pc2.core.transport.TransportWrapper@4d12c8b9
231209 125144.036|INFO|Thread-49421|receive|SocketException in receive for Socket[addr=localhost/127.0.0.1,port=50002,localport=60039]-7010245383335211319
|java.net.SocketException: Connection reset
|    at sun.nio.ch.NioSocketImpl.implRead (NioSocketImpl.java:320)
|    at sun.nio.ch.NioSocketImpl.read (NioSocketImpl.java:347)
|    at sun.nio.ch.NioSocketImpl$1.read (NioSocketImpl.java:800)
|    at java.net.Socket$SocketInputStream.read (Socket.java:966)
|    at java.net.Socket$SocketInputStream.read (Socket.java:961)
|    at java.io.ObjectInputStream$PeekInputStream.peek (ObjectInputStream.java:2905)
|    at java.io.ObjectInputStream$BlockDataInputStream.peek (ObjectInputStream.java:3232)
|    at java.io.ObjectInputStream$BlockDataInputStream.peekByte (ObjectInputStream.java:3242)
|    at java.io.ObjectInputStream.readObject0 (ObjectInputStream.java:1708)
|    at java.io.ObjectInputStream.readObject (ObjectInputStream.java:538)
|    at java.io.ObjectInputStream.readObject (ObjectInputStream.java:496)
|    at edu.csus.ecs.pc2.core.transport.ConnectionHandlerThread.receive (ConnectionHandlerThread.java:152)
|    at edu.csus.ecs.pc2.core.transport.ConnectionHandlerClientThread.run (ConnectionHandlerClientThread.java:66)
231209 125144.079|FINER|Thread-49421|run|THROW
|edu.csus.ecs.pc2.core.transport.TransportException: Connection reset
|    at edu.csus.ecs.pc2.core.transport.ConnectionHandlerThread.receive (ConnectionHandlerThread.java:156)
|    at edu.csus.ecs.pc2.core.transport.ConnectionHandlerClientThread.run (ConnectionHandlerClientThread.java:66)
