231209 095847.454|CONFIG|qtp135640095-21290|setFileHandlers|Now logging to C:\Users\18328\Desktop\pc2\WebTeamInterface-1.1\logs directory.
231209 095847.454|INFO|qtp135640095-21290|info|
231209 095847.454|INFO|qtp135640095-21290|info|Version 9 () Java ver 18.0.2.1 build  Windows 11 10.0 (amd64) 
231209 095847.454|INFO|qtp135640095-21290|startLog|Working directory is C:\Users\18328\Desktop\pc2\WebTeamInterface-1.1
231209 095847.462|INFO|qtp135640095-21290|startLog|Process id is 15028@DESKTOP-D75BQTV
231209 095847.462|INFO|qtp135640095-21290|start|Starting ConnectionManager...
231209 095847.462|INFO|qtp135640095-21290|start|Started ConnectionManager
231209 095847.462|INFO|qtp135640095-21290|setClientServerAndPort|INIFile File location: file:/C:/Users/18328/Desktop/pc2/WebTeamInterface-1.1/pc2v9.ini
231209 095847.462|INFO|qtp135640095-21290|setClientServerAndPort|setClientServerAndPort localhost parsed as localhost port 50002
231209 095847.462|INFO|qtp135640095-21290|info|Contacting server at localhost:50002
231209 095847.462|INFO|qtp135640095-21290|connectToMyServer|Connecting to localhost:50002
231209 095847.468|INFO|Thread-36312|receiveUnencrypted|receiveUnencrypted(TransportWrapper, ConnectionHandlerID=Socket[addr=localhost/127.0.0.1,port=50002,localport=52221]-633194546068258498)
231209 095847.469|INFO|Thread-36312|receiveUnencrypted|receiveUnencrypted Made a secret key for Socket[addr=localhost/127.0.0.1,port=50002,localport=52221]-633194546068258498 key is com.sun.crypto.provider.DESKey@fffe7b1b
231209 095847.469|INFO|Thread-36312|getPublicKeyPacket|Generating Unencrypted Public Key Packet
231209 095847.469|INFO|Thread-36312|getPublicKeyPacket|checking key:= SunJCE Diffie-Hellman Public Key:
y:
    e9edaa57 4ca11d23 b2542762 2f6944de d3f9389a 5f96e391 c8bf695b 11b2bd54
    97712cc9 df16fe3a 0f5162a1 06c6207a f54a2648 84c3bf1a 188c811a d5e7da03
    728cfb7d 1dd63d97 8c41a2f7 0c43978b b34e2e45 a94de70c c1ad1659 519039c9
    fb523dbf ba43d45b 6e81f3b0 b1aa7b5c c0b321e3 526800cd ef66ea23 9064338a
p:
    f488fd58 4e49dbcd 20b49de4 9107366b 336c380d 451d0f7c 88b31c7c 5b2d8ef6
    f3c923c0 43f0a55b 188d8ebb 558cb85d 38d334fd 7c175743 a31d186c de33212c
    b52aff3c e1b12940 18118d7c 84a70a72 d686c403 19c80729 7aca950c d9969fab
    d00a509b 0246d308 3d66a45d 419f9c7c bd894b22 1926baab a25ec355 e92f78c7
g:
    02
l:
    512
231209 095847.469|INFO|Thread-36312|getPublicKeyPacket|packet:= edu.csus.ecs.pc2.core.transport.TransportWrapper@6196ada
231209 103549.063|INFO|Thread-36312|receive|EOFException in receive for Socket[addr=localhost/127.0.0.1,port=50002,localport=52221]-633194546068258498
|java.io.EOFException: null
|    at java.io.ObjectInputStream$BlockDataInputStream.peekByte (ObjectInputStream.java:3244)
|    at java.io.ObjectInputStream.readObject0 (ObjectInputStream.java:1708)
|    at java.io.ObjectInputStream.readObject (ObjectInputStream.java:538)
|    at java.io.ObjectInputStream.readObject (ObjectInputStream.java:496)
|    at edu.csus.ecs.pc2.core.transport.ConnectionHandlerThread.receive (ConnectionHandlerThread.java:152)
|    at edu.csus.ecs.pc2.core.transport.ConnectionHandlerClientThread.run (ConnectionHandlerClientThread.java:66)
231209 103549.063|FINER|Thread-36312|run|THROW
|edu.csus.ecs.pc2.core.transport.TransportException: null
|    at edu.csus.ecs.pc2.core.transport.ConnectionHandlerThread.receive (ConnectionHandlerThread.java:159)
|    at edu.csus.ecs.pc2.core.transport.ConnectionHandlerClientThread.run (ConnectionHandlerClientThread.java:66)
231209 103549.063|FINER|Thread-36312|run - e.getmessage is null()|THROW
|edu.csus.ecs.pc2.core.transport.TransportException: null
|    at edu.csus.ecs.pc2.core.transport.ConnectionHandlerThread.receive (ConnectionHandlerThread.java:159)
|    at edu.csus.ecs.pc2.core.transport.ConnectionHandlerClientThread.run (ConnectionHandlerClientThread.java:66)
