221208 170449.856|CONFIG|qtp1423561005-20|setFileHandlers|Now logging to C:\Users\18328\Desktop\pc2\WebTeamInterface-1.1\logs directory.
221208 170449.856|INFO|qtp1423561005-20|info|
221208 170449.856|INFO|qtp1423561005-20|info|Version 9 () Java ver 18.0.2.1 build  Windows 11 10.0 (amd64) 
221208 170449.856|INFO|qtp1423561005-20|startLog|Working directory is C:\Users\18328\Desktop\pc2\WebTeamInterface-1.1
221208 170449.856|INFO|qtp1423561005-20|startLog|Process id is 13836@DESKTOP-D75BQTV
221208 170449.856|INFO|qtp1423561005-20|start|Starting ConnectionManager...
221208 170449.868|INFO|qtp1423561005-20|start|Started ConnectionManager
221208 170449.868|INFO|qtp1423561005-20|setClientServerAndPort|INIFile File location: file:/C:/Users/18328/Desktop/pc2/WebTeamInterface-1.1/pc2v9.ini
221208 170449.868|INFO|qtp1423561005-20|setClientServerAndPort|setClientServerAndPort 212.212.212.212 parsed as 212.212.212.212 port 50002
221208 170449.868|INFO|qtp1423561005-20|info|Contacting server at 212.212.212.212:50002
221208 170449.868|INFO|qtp1423561005-20|connectToMyServer|Connecting to 212.212.212.212:50002
221208 170449.878|INFO|Thread-561|receiveUnencrypted|receiveUnencrypted(TransportWrapper, ConnectionHandlerID=Socket[addr=/212.212.212.212,port=50002,localport=53816]--7499836362037902219)
221208 170449.881|INFO|Thread-561|receiveUnencrypted|receiveUnencrypted Made a secret key for Socket[addr=/212.212.212.212,port=50002,localport=53816]--7499836362037902219 key is com.sun.crypto.provider.DESKey@fffe7fa5
221208 170449.881|INFO|Thread-561|getPublicKeyPacket|Generating Unencrypted Public Key Packet
221208 170449.882|INFO|Thread-561|getPublicKeyPacket|checking key:= SunJCE Diffie-Hellman Public Key:
y:
    0dbcaea7 1f4526eb 6df2a949 7d364e03 cd16fa34 e198bb0e 10a0ac40 9ce7a8a1
    400d5c65 36159d1f 55b8f8e5 62fef967 ad446eed c7605145 04354fc2 67fffa86
    56700c8b 9efa749a 5539df2e 2f495625 71fe574d 057a85c3 7c78615e 167abb3e
    7232155a 126305aa 478323ba 026e8d1e 02b3f957 1d81f7f5 d1c44e3d b30a5dab
p:
    f488fd58 4e49dbcd 20b49de4 9107366b 336c380d 451d0f7c 88b31c7c 5b2d8ef6
    f3c923c0 43f0a55b 188d8ebb 558cb85d 38d334fd 7c175743 a31d186c de33212c
    b52aff3c e1b12940 18118d7c 84a70a72 d686c403 19c80729 7aca950c d9969fab
    d00a509b 0246d308 3d66a45d 419f9c7c bd894b22 1926baab a25ec355 e92f78c7
g:
    02
l:
    512
221208 170449.882|INFO|Thread-561|getPublicKeyPacket|packet:= edu.csus.ecs.pc2.core.transport.TransportWrapper@6188c569
221208 183705.000|INFO|Thread-561|receive|SocketException in receive for Socket[addr=/212.212.212.212,port=50002,localport=53816]--7499836362037902219
|java.net.SocketException: Connection reset
|    at sun.nio.ch.NioSocketImpl.implRead (NioSocketImpl.java:320)
|    at sun.nio.ch.NioSocketImpl.read (NioSocketImpl.java:347)
|    at sun.nio.ch.NioSocketImpl$1.read (NioSocketImpl.java:800)
|    at java.net.Socket$SocketInputStream.read (Socket.java:966)
|    at java.net.Socket$SocketInputStream.read (Socket.java:961)
|    at java.io.ObjectInputStream$PeekInputStream.peek (ObjectInputStream.java:2905)
|    at java.io.ObjectInputStream$BlockDataInputStream.peek (ObjectInputStream.java:3232)
|    at java.io.ObjectInputStream$BlockDataInputStream.peekByte (ObjectInputStream.java:3242)
|    at java.io.ObjectInputStream.readObject0 (ObjectInputStream.java:1708)
|    at java.io.ObjectInputStream.readObject (ObjectInputStream.java:538)
|    at java.io.ObjectInputStream.readObject (ObjectInputStream.java:496)
|    at edu.csus.ecs.pc2.core.transport.ConnectionHandlerThread.receive (ConnectionHandlerThread.java:152)
|    at edu.csus.ecs.pc2.core.transport.ConnectionHandlerClientThread.run (ConnectionHandlerClientThread.java:66)
221208 183705.000|FINER|Thread-561|run|THROW
|edu.csus.ecs.pc2.core.transport.TransportException: Connection reset
|    at edu.csus.ecs.pc2.core.transport.ConnectionHandlerThread.receive (ConnectionHandlerThread.java:156)
|    at edu.csus.ecs.pc2.core.transport.ConnectionHandlerClientThread.run (ConnectionHandlerClientThread.java:66)
