231209 083452.545|CONFIG|qtp135640095-5838|setFileHandlers|Now logging to C:\Users\18328\Desktop\pc2\WebTeamInterface-1.1\logs directory.
231209 083452.545|INFO|qtp135640095-5838|info|
231209 083452.545|INFO|qtp135640095-5838|info|Version 9 () Java ver 18.0.2.1 build  Windows 11 10.0 (amd64) 
231209 083452.545|INFO|qtp135640095-5838|startLog|Working directory is C:\Users\18328\Desktop\pc2\WebTeamInterface-1.1
231209 083452.545|INFO|qtp135640095-5838|startLog|Process id is 15028@DESKTOP-D75BQTV
231209 083452.552|INFO|qtp135640095-5838|start|Starting ConnectionManager...
231209 083452.552|INFO|qtp135640095-5838|start|Started ConnectionManager
231209 083452.552|INFO|qtp135640095-5838|setClientServerAndPort|INIFile File location: file:/C:/Users/18328/Desktop/pc2/WebTeamInterface-1.1/pc2v9.ini
231209 083452.552|INFO|qtp135640095-5838|setClientServerAndPort|setClientServerAndPort localhost parsed as localhost port 50002
231209 083452.552|INFO|qtp135640095-5838|info|Contacting server at localhost:50002
231209 083452.552|INFO|qtp135640095-5838|connectToMyServer|Connecting to localhost:50002
231209 083452.561|INFO|Thread-19312|receiveUnencrypted|receiveUnencrypted(TransportWrapper, ConnectionHandlerID=Socket[addr=localhost/127.0.0.1,port=50002,localport=50513]-3509762150038043697)
231209 083452.561|INFO|Thread-19312|receiveUnencrypted|receiveUnencrypted Made a secret key for Socket[addr=localhost/127.0.0.1,port=50002,localport=50513]-3509762150038043697 key is com.sun.crypto.provider.DESKey@184d9
231209 083452.561|INFO|Thread-19312|getPublicKeyPacket|Generating Unencrypted Public Key Packet
231209 083452.561|INFO|Thread-19312|getPublicKeyPacket|checking key:= SunJCE Diffie-Hellman Public Key:
y:
    8f2e4beb 20d6e717 eb0c09bb 4eeb73b6 eed491c6 446329bd 1987e502 de1dafc3
    01e0b138 6df2d393 86422228 9de08c98 d270de01 0b3fbb0d cdebc829 f67d6ddd
    ec451acc 9da5b875 ec8665fe 3f442e3a 2944d9a2 8064c7d9 432c51b9 2b1e4cdb
    885239b4 932785c2 9c5bcff4 1ec9acea bedcda1b f743049d a11b9430 f49e1a2f
p:
    f488fd58 4e49dbcd 20b49de4 9107366b 336c380d 451d0f7c 88b31c7c 5b2d8ef6
    f3c923c0 43f0a55b 188d8ebb 558cb85d 38d334fd 7c175743 a31d186c de33212c
    b52aff3c e1b12940 18118d7c 84a70a72 d686c403 19c80729 7aca950c d9969fab
    d00a509b 0246d308 3d66a45d 419f9c7c bd894b22 1926baab a25ec355 e92f78c7
g:
    02
l:
    512
231209 083452.561|INFO|Thread-19312|getPublicKeyPacket|packet:= edu.csus.ecs.pc2.core.transport.TransportWrapper@58847f21
231209 083730.561|INFO|Thread-19312|receive|EOFException in receive for Socket[addr=localhost/127.0.0.1,port=50002,localport=50513]-3509762150038043697
|java.io.EOFException: null
|    at java.io.ObjectInputStream$BlockDataInputStream.peekByte (ObjectInputStream.java:3244)
|    at java.io.ObjectInputStream.readObject0 (ObjectInputStream.java:1708)
|    at java.io.ObjectInputStream.readObject (ObjectInputStream.java:538)
|    at java.io.ObjectInputStream.readObject (ObjectInputStream.java:496)
|    at edu.csus.ecs.pc2.core.transport.ConnectionHandlerThread.receive (ConnectionHandlerThread.java:152)
|    at edu.csus.ecs.pc2.core.transport.ConnectionHandlerClientThread.run (ConnectionHandlerClientThread.java:66)
231209 083730.561|FINER|Thread-19312|run|THROW
|edu.csus.ecs.pc2.core.transport.TransportException: null
|    at edu.csus.ecs.pc2.core.transport.ConnectionHandlerThread.receive (ConnectionHandlerThread.java:159)
|    at edu.csus.ecs.pc2.core.transport.ConnectionHandlerClientThread.run (ConnectionHandlerClientThread.java:66)
231209 083730.561|FINER|Thread-19312|run - e.getmessage is null()|THROW
|edu.csus.ecs.pc2.core.transport.TransportException: null
|    at edu.csus.ecs.pc2.core.transport.ConnectionHandlerThread.receive (ConnectionHandlerThread.java:159)
|    at edu.csus.ecs.pc2.core.transport.ConnectionHandlerClientThread.run (ConnectionHandlerClientThread.java:66)
