231209 124035.640|CONFIG|qtp135640095-66621|setFileHandlers|Now logging to C:\Users\18328\Desktop\pc2\WebTeamInterface-1.1\logs directory.
231209 124035.640|INFO|qtp135640095-66621|info|
231209 124035.648|INFO|qtp135640095-66621|info|Version 9 () Java ver 18.0.2.1 build  Windows 11 10.0 (amd64) 
231209 124035.649|INFO|qtp135640095-66621|startLog|Working directory is C:\Users\18328\Desktop\pc2\WebTeamInterface-1.1
231209 124035.649|INFO|qtp135640095-66621|startLog|Process id is 15028@DESKTOP-D75BQTV
231209 124035.649|INFO|qtp135640095-66621|start|Starting ConnectionManager...
231209 124035.656|INFO|qtp135640095-66621|start|Started ConnectionManager
231209 124035.656|INFO|qtp135640095-66621|setClientServerAndPort|INIFile File location: file:/C:/Users/18328/Desktop/pc2/WebTeamInterface-1.1/pc2v9.ini
231209 124035.656|INFO|qtp135640095-66621|setClientServerAndPort|setClientServerAndPort localhost parsed as localhost port 50002
231209 124035.656|INFO|qtp135640095-66621|info|Contacting server at localhost:50002
231209 124035.656|INFO|qtp135640095-66621|connectToMyServer|Connecting to localhost:50002
231209 124035.664|INFO|Thread-67949|receiveUnencrypted|receiveUnencrypted(TransportWrapper, ConnectionHandlerID=Socket[addr=localhost/127.0.0.1,port=50002,localport=65324]--5080444469577018491)
231209 124035.664|INFO|Thread-67949|receiveUnencrypted|receiveUnencrypted Made a secret key for Socket[addr=localhost/127.0.0.1,port=50002,localport=65324]--5080444469577018491 key is com.sun.crypto.provider.DESKey@fffe7b54
231209 124035.664|INFO|Thread-67949|getPublicKeyPacket|Generating Unencrypted Public Key Packet
231209 124035.664|INFO|Thread-67949|getPublicKeyPacket|checking key:= SunJCE Diffie-Hellman Public Key:
y:
    3cea0d24 0b07d53e ec2734a7 f442d265 60343ce8 16540858 6a7aa36c 7cf3aa6d
    34f59fbb 91ba5e0d edf6def0 8dc999b8 20a49600 9e524b7c 2bf9575d dc9a0131
    2f0c90ac 303ac86f a0ec636e 56541090 201cdb43 1bb782e8 701e7ffb 1af167e0
    29b28fcc 7409c193 6ddc253f 60a1c676 f2384827 f5152b26 8f5d246f a6a69492
p:
    f488fd58 4e49dbcd 20b49de4 9107366b 336c380d 451d0f7c 88b31c7c 5b2d8ef6
    f3c923c0 43f0a55b 188d8ebb 558cb85d 38d334fd 7c175743 a31d186c de33212c
    b52aff3c e1b12940 18118d7c 84a70a72 d686c403 19c80729 7aca950c d9969fab
    d00a509b 0246d308 3d66a45d 419f9c7c bd894b22 1926baab a25ec355 e92f78c7
g:
    02
l:
    512
231209 124035.664|INFO|Thread-67949|getPublicKeyPacket|packet:= edu.csus.ecs.pc2.core.transport.TransportWrapper@5adab18e
231209 125144.036|INFO|Thread-67949|receive|SocketException in receive for Socket[addr=localhost/127.0.0.1,port=50002,localport=65324]--5080444469577018491
|java.net.SocketException: Connection reset
|    at sun.nio.ch.NioSocketImpl.implRead (NioSocketImpl.java:320)
|    at sun.nio.ch.NioSocketImpl.read (NioSocketImpl.java:347)
|    at sun.nio.ch.NioSocketImpl$1.read (NioSocketImpl.java:800)
|    at java.net.Socket$SocketInputStream.read (Socket.java:966)
|    at java.net.Socket$SocketInputStream.read (Socket.java:961)
|    at java.io.ObjectInputStream$PeekInputStream.peek (ObjectInputStream.java:2905)
|    at java.io.ObjectInputStream$BlockDataInputStream.peek (ObjectInputStream.java:3232)
|    at java.io.ObjectInputStream$BlockDataInputStream.peekByte (ObjectInputStream.java:3242)
|    at java.io.ObjectInputStream.readObject0 (ObjectInputStream.java:1708)
|    at java.io.ObjectInputStream.readObject (ObjectInputStream.java:538)
|    at java.io.ObjectInputStream.readObject (ObjectInputStream.java:496)
|    at edu.csus.ecs.pc2.core.transport.ConnectionHandlerThread.receive (ConnectionHandlerThread.java:152)
|    at edu.csus.ecs.pc2.core.transport.ConnectionHandlerClientThread.run (ConnectionHandlerClientThread.java:66)
231209 125144.046|FINER|Thread-67949|run|THROW
|edu.csus.ecs.pc2.core.transport.TransportException: Connection reset
|    at edu.csus.ecs.pc2.core.transport.ConnectionHandlerThread.receive (ConnectionHandlerThread.java:156)
|    at edu.csus.ecs.pc2.core.transport.ConnectionHandlerClientThread.run (ConnectionHandlerClientThread.java:66)
