231209 083153.747|CONFIG|qtp135640095-2116|setFileHandlers|Now logging to C:\Users\18328\Desktop\pc2\WebTeamInterface-1.1\logs directory.
231209 083153.747|INFO|qtp135640095-2116|info|
231209 083153.750|INFO|qtp135640095-2116|info|Version 9 () Java ver 18.0.2.1 build  Windows 11 10.0 (amd64) 
231209 083153.750|INFO|qtp135640095-2116|startLog|Working directory is C:\Users\18328\Desktop\pc2\WebTeamInterface-1.1
231209 083153.750|INFO|qtp135640095-2116|startLog|Process id is 15028@DESKTOP-D75BQTV
231209 083153.750|INFO|qtp135640095-2116|start|Starting ConnectionManager...
231209 083153.750|INFO|qtp135640095-2116|start|Started ConnectionManager
231209 083153.750|INFO|qtp135640095-2116|setClientServerAndPort|INIFile File location: file:/C:/Users/18328/Desktop/pc2/WebTeamInterface-1.1/pc2v9.ini
231209 083153.750|INFO|qtp135640095-2116|setClientServerAndPort|setClientServerAndPort localhost parsed as localhost port 50002
231209 083153.750|INFO|qtp135640095-2116|info|Contacting server at localhost:50002
231209 083153.750|INFO|qtp135640095-2116|connectToMyServer|Connecting to localhost:50002
231209 083153.759|INFO|Thread-16348|receiveUnencrypted|receiveUnencrypted(TransportWrapper, ConnectionHandlerID=Socket[addr=localhost/127.0.0.1,port=50002,localport=49741]--815156087457795624)
231209 083153.759|INFO|Thread-16348|receiveUnencrypted|receiveUnencrypted Made a secret key for Socket[addr=localhost/127.0.0.1,port=50002,localport=49741]--815156087457795624 key is com.sun.crypto.provider.DESKey@fffe791a
231209 083153.759|INFO|Thread-16348|getPublicKeyPacket|Generating Unencrypted Public Key Packet
231209 083153.759|INFO|Thread-16348|getPublicKeyPacket|checking key:= SunJCE Diffie-Hellman Public Key:
y:
    bb961b3f 1449f5ab d9f0a9b9 52b83b35 bd9295d0 fb15f1a0 44a805ee 6ccf762f
    731a56cf d1456137 74082cd8 d34e37ff 55b36445 4eb43eb0 761c9eda 9af8ac97
    1fc2c4ba 5ff3347d d1800d8f c16097ea 57c299ee 72e218ca 509959af 83f88ecb
    1ef2f87c bfae5f75 cc5ae63e 9a7f1992 22c7e8df 9314adbc b99d5697 9ecb6e0b
p:
    f488fd58 4e49dbcd 20b49de4 9107366b 336c380d 451d0f7c 88b31c7c 5b2d8ef6
    f3c923c0 43f0a55b 188d8ebb 558cb85d 38d334fd 7c175743 a31d186c de33212c
    b52aff3c e1b12940 18118d7c 84a70a72 d686c403 19c80729 7aca950c d9969fab
    d00a509b 0246d308 3d66a45d 419f9c7c bd894b22 1926baab a25ec355 e92f78c7
g:
    02
l:
    512
231209 083153.759|INFO|Thread-16348|getPublicKeyPacket|packet:= edu.csus.ecs.pc2.core.transport.TransportWrapper@1a1f1e28
231209 083223.966|INFO|Thread-16348|receive|EOFException in receive for Socket[addr=localhost/127.0.0.1,port=50002,localport=49741]--815156087457795624
|java.io.EOFException: null
|    at java.io.ObjectInputStream$BlockDataInputStream.peekByte (ObjectInputStream.java:3244)
|    at java.io.ObjectInputStream.readObject0 (ObjectInputStream.java:1708)
|    at java.io.ObjectInputStream.readObject (ObjectInputStream.java:538)
|    at java.io.ObjectInputStream.readObject (ObjectInputStream.java:496)
|    at edu.csus.ecs.pc2.core.transport.ConnectionHandlerThread.receive (ConnectionHandlerThread.java:152)
|    at edu.csus.ecs.pc2.core.transport.ConnectionHandlerClientThread.run (ConnectionHandlerClientThread.java:66)
231209 083223.966|FINER|Thread-16348|run|THROW
|edu.csus.ecs.pc2.core.transport.TransportException: null
|    at edu.csus.ecs.pc2.core.transport.ConnectionHandlerThread.receive (ConnectionHandlerThread.java:159)
|    at edu.csus.ecs.pc2.core.transport.ConnectionHandlerClientThread.run (ConnectionHandlerClientThread.java:66)
231209 083223.966|FINER|Thread-16348|run - e.getmessage is null()|THROW
|edu.csus.ecs.pc2.core.transport.TransportException: null
|    at edu.csus.ecs.pc2.core.transport.ConnectionHandlerThread.receive (ConnectionHandlerThread.java:159)
|    at edu.csus.ecs.pc2.core.transport.ConnectionHandlerClientThread.run (ConnectionHandlerClientThread.java:66)
