221210 114143.801|CONFIG|qtp1613095350-89464|setFileHandlers|Now logging to C:\Users\18328\Desktop\pc2\WebTeamInterface-1.1\logs directory.
221210 114143.802|INFO|qtp1613095350-89464|info|
221210 114143.802|INFO|qtp1613095350-89464|info|Version 9 () Java ver 18.0.2.1 build  Windows 11 10.0 (amd64) 
221210 114143.803|INFO|qtp1613095350-89464|startLog|Working directory is C:\Users\18328\Desktop\pc2\WebTeamInterface-1.1
221210 114143.803|INFO|qtp1613095350-89464|startLog|Process id is 22344@DESKTOP-D75BQTV
221210 114143.803|INFO|qtp1613095350-89464|start|Starting ConnectionManager...
221210 114143.808|INFO|qtp1613095350-89464|start|Started ConnectionManager
221210 114143.809|INFO|qtp1613095350-89464|setClientServerAndPort|INIFile File location: file:/C:/Users/18328/Desktop/pc2/WebTeamInterface-1.1/pc2v9.ini
221210 114143.809|INFO|qtp1613095350-89464|setClientServerAndPort|setClientServerAndPort 212.212.212.212 parsed as 212.212.212.212 port 50002
221210 114143.809|INFO|qtp1613095350-89464|info|Contacting server at 212.212.212.212:50002
221210 114143.809|INFO|qtp1613095350-89464|connectToMyServer|Connecting to 212.212.212.212:50002
221210 114143.811|INFO|Thread-97736|receiveUnencrypted|receiveUnencrypted(TransportWrapper, ConnectionHandlerID=Socket[addr=/212.212.212.212,port=50002,localport=63242]-140024159535473155)
221210 114143.812|INFO|Thread-97736|receiveUnencrypted|receiveUnencrypted Made a secret key for Socket[addr=/212.212.212.212,port=50002,localport=63242]-140024159535473155 key is com.sun.crypto.provider.DESKey@fffe7f6b
221210 114143.812|INFO|Thread-97736|getPublicKeyPacket|Generating Unencrypted Public Key Packet
221210 114143.812|INFO|Thread-97736|getPublicKeyPacket|checking key:= SunJCE Diffie-Hellman Public Key:
y:
    e3371982 d9acb4fe 4d56717e 34bcc330 82c3a86f ed4876af e3a992a0 ee9da5f1
    5e815875 a17430a0 ead5c367 a9cbc051 b14cac41 c8a0e07d c09ac57a 9edadc68
    16127e00 efb16505 cb18f1e2 271340f3 93319176 0b777817 477a80a9 a13805c9
    a1dd2292 7df4092d c36459e7 0c164fd4 14dcabd8 a3c15626 95193be4 184b9c73
p:
    f488fd58 4e49dbcd 20b49de4 9107366b 336c380d 451d0f7c 88b31c7c 5b2d8ef6
    f3c923c0 43f0a55b 188d8ebb 558cb85d 38d334fd 7c175743 a31d186c de33212c
    b52aff3c e1b12940 18118d7c 84a70a72 d686c403 19c80729 7aca950c d9969fab
    d00a509b 0246d308 3d66a45d 419f9c7c bd894b22 1926baab a25ec355 e92f78c7
g:
    02
l:
    512
221210 114143.812|INFO|Thread-97736|getPublicKeyPacket|packet:= edu.csus.ecs.pc2.core.transport.TransportWrapper@4f27dce9
221210 150258.253|INFO|Thread-97736|receive|SocketException in receive for Socket[addr=/212.212.212.212,port=50002,localport=63242]-140024159535473155
|java.net.SocketException: An established connection was aborted by the software in your host machine
|    at sun.nio.ch.NioSocketImpl.implRead (NioSocketImpl.java:322)
|    at sun.nio.ch.NioSocketImpl.read (NioSocketImpl.java:347)
|    at sun.nio.ch.NioSocketImpl$1.read (NioSocketImpl.java:800)
|    at java.net.Socket$SocketInputStream.read (Socket.java:966)
|    at java.net.Socket$SocketInputStream.read (Socket.java:961)
|    at java.io.ObjectInputStream$PeekInputStream.peek (ObjectInputStream.java:2905)
|    at java.io.ObjectInputStream$BlockDataInputStream.peek (ObjectInputStream.java:3232)
|    at java.io.ObjectInputStream$BlockDataInputStream.peekByte (ObjectInputStream.java:3242)
|    at java.io.ObjectInputStream.readObject0 (ObjectInputStream.java:1708)
|    at java.io.ObjectInputStream.readObject (ObjectInputStream.java:538)
|    at java.io.ObjectInputStream.readObject (ObjectInputStream.java:496)
|    at edu.csus.ecs.pc2.core.transport.ConnectionHandlerThread.receive (ConnectionHandlerThread.java:152)
|    at edu.csus.ecs.pc2.core.transport.ConnectionHandlerClientThread.run (ConnectionHandlerClientThread.java:66)
221210 150258.267|FINER|Thread-97736|run|THROW
|edu.csus.ecs.pc2.core.transport.TransportException: An established connection was aborted by the software in your host machine
|    at edu.csus.ecs.pc2.core.transport.ConnectionHandlerThread.receive (ConnectionHandlerThread.java:156)
|    at edu.csus.ecs.pc2.core.transport.ConnectionHandlerClientThread.run (ConnectionHandlerClientThread.java:66)
221210 150258.267|INFO|Thread-97736|receive|SocketException in receive for Socket[addr=/212.212.212.212,port=50002,localport=63242]-140024159535473155
|java.net.SocketException: Connection reset
|    at sun.nio.ch.NioSocketImpl.implRead (NioSocketImpl.java:320)
|    at sun.nio.ch.NioSocketImpl.read (NioSocketImpl.java:347)
|    at sun.nio.ch.NioSocketImpl$1.read (NioSocketImpl.java:800)
|    at java.net.Socket$SocketInputStream.read (Socket.java:966)
|    at java.net.Socket$SocketInputStream.read (Socket.java:961)
|    at java.io.ObjectInputStream$PeekInputStream.peek (ObjectInputStream.java:2905)
|    at java.io.ObjectInputStream$BlockDataInputStream.peek (ObjectInputStream.java:3232)
|    at java.io.ObjectInputStream$BlockDataInputStream.peekByte (ObjectInputStream.java:3242)
|    at java.io.ObjectInputStream.readObject0 (ObjectInputStream.java:1708)
|    at java.io.ObjectInputStream.readObject (ObjectInputStream.java:538)
|    at java.io.ObjectInputStream.readObject (ObjectInputStream.java:496)
|    at edu.csus.ecs.pc2.core.transport.ConnectionHandlerThread.receive (ConnectionHandlerThread.java:152)
|    at edu.csus.ecs.pc2.core.transport.ConnectionHandlerClientThread.run (ConnectionHandlerClientThread.java:66)
221210 150258.270|FINER|Thread-97736|run|THROW
|edu.csus.ecs.pc2.core.transport.TransportException: Connection reset
|    at edu.csus.ecs.pc2.core.transport.ConnectionHandlerThread.receive (ConnectionHandlerThread.java:156)
|    at edu.csus.ecs.pc2.core.transport.ConnectionHandlerClientThread.run (ConnectionHandlerClientThread.java:66)
