231209 104001.758|CONFIG|qtp135640095-44446|setFileHandlers|Now logging to C:\Users\18328\Desktop\pc2\WebTeamInterface-1.1\logs directory.
231209 104001.758|INFO|qtp135640095-44446|info|
231209 104001.758|INFO|qtp135640095-44446|info|Version 9 () Java ver 18.0.2.1 build  Windows 11 10.0 (amd64) 
231209 104001.758|INFO|qtp135640095-44446|startLog|Working directory is C:\Users\18328\Desktop\pc2\WebTeamInterface-1.1
231209 104001.758|INFO|qtp135640095-44446|startLog|Process id is 15028@DESKTOP-D75BQTV
231209 104001.758|INFO|qtp135640095-44446|start|Starting ConnectionManager...
231209 104001.768|INFO|qtp135640095-44446|start|Started ConnectionManager
231209 104001.770|INFO|qtp135640095-44446|setClientServerAndPort|INIFile File location: file:/C:/Users/18328/Desktop/pc2/WebTeamInterface-1.1/pc2v9.ini
231209 104001.770|INFO|qtp135640095-44446|setClientServerAndPort|setClientServerAndPort localhost parsed as localhost port 50002
231209 104001.770|INFO|qtp135640095-44446|info|Contacting server at localhost:50002
231209 104001.770|INFO|qtp135640095-44446|connectToMyServer|Connecting to localhost:50002
231209 104001.770|INFO|Thread-49434|receiveUnencrypted|receiveUnencrypted(TransportWrapper, ConnectionHandlerID=Socket[addr=localhost/127.0.0.1,port=50002,localport=60048]--2292794939995709652)
231209 104001.775|INFO|Thread-49434|receiveUnencrypted|receiveUnencrypted Made a secret key for Socket[addr=localhost/127.0.0.1,port=50002,localport=60048]--2292794939995709652 key is com.sun.crypto.provider.DESKey@181c2
231209 104001.775|INFO|Thread-49434|getPublicKeyPacket|Generating Unencrypted Public Key Packet
231209 104001.775|INFO|Thread-49434|getPublicKeyPacket|checking key:= SunJCE Diffie-Hellman Public Key:
y:
    9c232285 fcaab1c5 bbc1ead6 acea4752 e5aeb711 9a2354e2 35d768c6 fdce7e4c
    2735f473 956e54e1 5de1e58f 1165c67c ab2a8309 c73a1e85 f55be537 9d1e9317
    02db1350 eb9e2c1c 5cc69384 0f1c42e8 1ab35944 7522cdab ef3f6f4a 757612fe
    c68e49ca 3792a517 c9563179 3a6e8abd f1f28bbb eabcc7a6 dd93f5b3 eb6e7b34
p:
    f488fd58 4e49dbcd 20b49de4 9107366b 336c380d 451d0f7c 88b31c7c 5b2d8ef6
    f3c923c0 43f0a55b 188d8ebb 558cb85d 38d334fd 7c175743 a31d186c de33212c
    b52aff3c e1b12940 18118d7c 84a70a72 d686c403 19c80729 7aca950c d9969fab
    d00a509b 0246d308 3d66a45d 419f9c7c bd894b22 1926baab a25ec355 e92f78c7
g:
    02
l:
    512
231209 104001.775|INFO|Thread-49434|getPublicKeyPacket|packet:= edu.csus.ecs.pc2.core.transport.TransportWrapper@4bed3629
231209 125144.082|INFO|Thread-49434|receive|SocketException in receive for Socket[addr=localhost/127.0.0.1,port=50002,localport=60048]--2292794939995709652
|java.net.SocketException: Connection reset
|    at sun.nio.ch.NioSocketImpl.implRead (NioSocketImpl.java:320)
|    at sun.nio.ch.NioSocketImpl.read (NioSocketImpl.java:347)
|    at sun.nio.ch.NioSocketImpl$1.read (NioSocketImpl.java:800)
|    at java.net.Socket$SocketInputStream.read (Socket.java:966)
|    at java.net.Socket$SocketInputStream.read (Socket.java:961)
|    at java.io.ObjectInputStream$PeekInputStream.peek (ObjectInputStream.java:2905)
|    at java.io.ObjectInputStream$BlockDataInputStream.peek (ObjectInputStream.java:3232)
|    at java.io.ObjectInputStream$BlockDataInputStream.peekByte (ObjectInputStream.java:3242)
|    at java.io.ObjectInputStream.readObject0 (ObjectInputStream.java:1708)
|    at java.io.ObjectInputStream.readObject (ObjectInputStream.java:538)
|    at java.io.ObjectInputStream.readObject (ObjectInputStream.java:496)
|    at edu.csus.ecs.pc2.core.transport.ConnectionHandlerThread.receive (ConnectionHandlerThread.java:152)
|    at edu.csus.ecs.pc2.core.transport.ConnectionHandlerClientThread.run (ConnectionHandlerClientThread.java:66)
231209 125144.096|FINER|Thread-49434|run|THROW
|edu.csus.ecs.pc2.core.transport.TransportException: Connection reset
|    at edu.csus.ecs.pc2.core.transport.ConnectionHandlerThread.receive (ConnectionHandlerThread.java:156)
|    at edu.csus.ecs.pc2.core.transport.ConnectionHandlerClientThread.run (ConnectionHandlerClientThread.java:66)
