231209 083425.384|CONFIG|qtp135640095-6001|setFileHandlers|Now logging to C:\Users\18328\Desktop\pc2\WebTeamInterface-1.1\logs directory.
231209 083425.384|INFO|qtp135640095-6001|info|
231209 083425.384|INFO|qtp135640095-6001|info|Version 9 () Java ver 18.0.2.1 build  Windows 11 10.0 (amd64) 
231209 083425.384|INFO|qtp135640095-6001|startLog|Working directory is C:\Users\18328\Desktop\pc2\WebTeamInterface-1.1
231209 083425.384|INFO|qtp135640095-6001|startLog|Process id is 15028@DESKTOP-D75BQTV
231209 083425.384|INFO|qtp135640095-6001|start|Starting ConnectionManager...
231209 083425.384|INFO|qtp135640095-6001|start|Started ConnectionManager
231209 083425.392|INFO|qtp135640095-6001|setClientServerAndPort|INIFile File location: file:/C:/Users/18328/Desktop/pc2/WebTeamInterface-1.1/pc2v9.ini
231209 083425.392|INFO|qtp135640095-6001|setClientServerAndPort|setClientServerAndPort localhost parsed as localhost port 50002
231209 083425.392|INFO|qtp135640095-6001|info|Contacting server at localhost:50002
231209 083425.392|INFO|qtp135640095-6001|connectToMyServer|Connecting to localhost:50002
231209 083425.392|INFO|Thread-19167|receiveUnencrypted|receiveUnencrypted(TransportWrapper, ConnectionHandlerID=Socket[addr=localhost/127.0.0.1,port=50002,localport=50421]-5979998219958409496)
231209 083425.392|INFO|Thread-19167|receiveUnencrypted|receiveUnencrypted Made a secret key for Socket[addr=localhost/127.0.0.1,port=50002,localport=50421]-5979998219958409496 key is com.sun.crypto.provider.DESKey@186eb
231209 083425.392|INFO|Thread-19167|getPublicKeyPacket|Generating Unencrypted Public Key Packet
231209 083425.392|INFO|Thread-19167|getPublicKeyPacket|checking key:= SunJCE Diffie-Hellman Public Key:
y:
    8b358f5e 5378c5e9 d30eab3a b1a9b231 72dbd6bd 65a8af48 ae0e08db 2cdac1f0
    a3c469dd f961b98b a651de44 82796fca 52a9a828 d2b29e3b 8f08d6c4 a08c4e93
    4e6bd4e3 0ce779d9 c2c7f1c9 c35fb711 20866959 96ac6dee 1d08a1f7 5201d285
    f2fcbac0 692927c9 84435fae 617bf9d5 e1ec0974 13cf2b7d 7e5ab1db f5a0ea4d
p:
    f488fd58 4e49dbcd 20b49de4 9107366b 336c380d 451d0f7c 88b31c7c 5b2d8ef6
    f3c923c0 43f0a55b 188d8ebb 558cb85d 38d334fd 7c175743 a31d186c de33212c
    b52aff3c e1b12940 18118d7c 84a70a72 d686c403 19c80729 7aca950c d9969fab
    d00a509b 0246d308 3d66a45d 419f9c7c bd894b22 1926baab a25ec355 e92f78c7
g:
    02
l:
    512
231209 083425.392|INFO|Thread-19167|getPublicKeyPacket|packet:= edu.csus.ecs.pc2.core.transport.TransportWrapper@126e5226
231209 091601.149|INFO|Thread-19167|receive|EOFException in receive for Socket[addr=localhost/127.0.0.1,port=50002,localport=50421]-5979998219958409496
|java.io.EOFException: null
|    at java.io.ObjectInputStream$BlockDataInputStream.peekByte (ObjectInputStream.java:3244)
|    at java.io.ObjectInputStream.readObject0 (ObjectInputStream.java:1708)
|    at java.io.ObjectInputStream.readObject (ObjectInputStream.java:538)
|    at java.io.ObjectInputStream.readObject (ObjectInputStream.java:496)
|    at edu.csus.ecs.pc2.core.transport.ConnectionHandlerThread.receive (ConnectionHandlerThread.java:152)
|    at edu.csus.ecs.pc2.core.transport.ConnectionHandlerClientThread.run (ConnectionHandlerClientThread.java:66)
231209 091601.149|FINER|Thread-19167|run|THROW
|edu.csus.ecs.pc2.core.transport.TransportException: null
|    at edu.csus.ecs.pc2.core.transport.ConnectionHandlerThread.receive (ConnectionHandlerThread.java:159)
|    at edu.csus.ecs.pc2.core.transport.ConnectionHandlerClientThread.run (ConnectionHandlerClientThread.java:66)
231209 091601.149|FINER|Thread-19167|run - e.getmessage is null()|THROW
|edu.csus.ecs.pc2.core.transport.TransportException: null
|    at edu.csus.ecs.pc2.core.transport.ConnectionHandlerThread.receive (ConnectionHandlerThread.java:159)
|    at edu.csus.ecs.pc2.core.transport.ConnectionHandlerClientThread.run (ConnectionHandlerClientThread.java:66)
