231209 103102.037|CONFIG|qtp135640095-45243|setFileHandlers|Now logging to C:\Users\18328\Desktop\pc2\WebTeamInterface-1.1\logs directory.
231209 103102.037|INFO|qtp135640095-45243|info|
231209 103102.037|INFO|qtp135640095-45243|info|Version 9 () Java ver 18.0.2.1 build  Windows 11 10.0 (amd64) 
231209 103102.039|INFO|qtp135640095-45243|startLog|Working directory is C:\Users\18328\Desktop\pc2\WebTeamInterface-1.1
231209 103102.039|INFO|qtp135640095-45243|startLog|Process id is 15028@DESKTOP-D75BQTV
231209 103102.039|INFO|qtp135640095-45243|start|Starting ConnectionManager...
231209 103102.039|INFO|qtp135640095-45243|start|Started ConnectionManager
231209 103102.039|INFO|qtp135640095-45243|setClientServerAndPort|INIFile File location: file:/C:/Users/18328/Desktop/pc2/WebTeamInterface-1.1/pc2v9.ini
231209 103102.039|INFO|qtp135640095-45243|setClientServerAndPort|setClientServerAndPort localhost parsed as localhost port 50002
231209 103102.039|INFO|qtp135640095-45243|info|Contacting server at localhost:50002
231209 103102.039|INFO|qtp135640095-45243|connectToMyServer|Connecting to localhost:50002
231209 103102.050|INFO|Thread-46296|receiveUnencrypted|receiveUnencrypted(TransportWrapper, ConnectionHandlerID=Socket[addr=localhost/127.0.0.1,port=50002,localport=58594]-463316939052443608)
231209 103102.050|INFO|Thread-46296|receiveUnencrypted|receiveUnencrypted Made a secret key for Socket[addr=localhost/127.0.0.1,port=50002,localport=58594]-463316939052443608 key is com.sun.crypto.provider.DESKey@fffe7aa4
231209 103102.050|INFO|Thread-46296|getPublicKeyPacket|Generating Unencrypted Public Key Packet
231209 103102.050|INFO|Thread-46296|getPublicKeyPacket|checking key:= SunJCE Diffie-Hellman Public Key:
y:
    cdc2178e babc1881 dda98461 8b20aa70 b63dd54f bafe91ab 37041246 6f1b3330
    e3e83d82 f42e5e18 4d5b3f36 a92fcefa b77dd1a5 3369f6b6 6d67fbb6 aff24de5
    3125cde1 c2f839c5 6bc76eb3 6373deca 83c6f45e 1fdeb6df 3899f995 21b8327e
    45f32e50 58a2b2dd 17ae843a a06f34b2 c665139b 197f2391 5ce0ffb0 fef4d195
p:
    f488fd58 4e49dbcd 20b49de4 9107366b 336c380d 451d0f7c 88b31c7c 5b2d8ef6
    f3c923c0 43f0a55b 188d8ebb 558cb85d 38d334fd 7c175743 a31d186c de33212c
    b52aff3c e1b12940 18118d7c 84a70a72 d686c403 19c80729 7aca950c d9969fab
    d00a509b 0246d308 3d66a45d 419f9c7c bd894b22 1926baab a25ec355 e92f78c7
g:
    02
l:
    512
231209 103102.050|INFO|Thread-46296|getPublicKeyPacket|packet:= edu.csus.ecs.pc2.core.transport.TransportWrapper@55c091f7
231209 103958.833|INFO|Thread-46296|receive|EOFException in receive for Socket[addr=localhost/127.0.0.1,port=50002,localport=58594]-463316939052443608
|java.io.EOFException: null
|    at java.io.ObjectInputStream$BlockDataInputStream.peekByte (ObjectInputStream.java:3244)
|    at java.io.ObjectInputStream.readObject0 (ObjectInputStream.java:1708)
|    at java.io.ObjectInputStream.readObject (ObjectInputStream.java:538)
|    at java.io.ObjectInputStream.readObject (ObjectInputStream.java:496)
|    at edu.csus.ecs.pc2.core.transport.ConnectionHandlerThread.receive (ConnectionHandlerThread.java:152)
|    at edu.csus.ecs.pc2.core.transport.ConnectionHandlerClientThread.run (ConnectionHandlerClientThread.java:66)
231209 103958.833|FINER|Thread-46296|run|THROW
|edu.csus.ecs.pc2.core.transport.TransportException: null
|    at edu.csus.ecs.pc2.core.transport.ConnectionHandlerThread.receive (ConnectionHandlerThread.java:159)
|    at edu.csus.ecs.pc2.core.transport.ConnectionHandlerClientThread.run (ConnectionHandlerClientThread.java:66)
231209 103958.833|FINER|Thread-46296|run - e.getmessage is null()|THROW
|edu.csus.ecs.pc2.core.transport.TransportException: null
|    at edu.csus.ecs.pc2.core.transport.ConnectionHandlerThread.receive (ConnectionHandlerThread.java:159)
|    at edu.csus.ecs.pc2.core.transport.ConnectionHandlerClientThread.run (ConnectionHandlerClientThread.java:66)
