221210 134702.127|CONFIG|qtp1613095350-251617|setFileHandlers|Now logging to C:\Users\18328\Desktop\pc2\WebTeamInterface-1.1\logs directory.
221210 134702.127|INFO|qtp1613095350-251617|info|
221210 134702.128|INFO|qtp1613095350-251617|info|Version 9 () Java ver 18.0.2.1 build  Windows 11 10.0 (amd64) 
221210 134702.128|INFO|qtp1613095350-251617|startLog|Working directory is C:\Users\18328\Desktop\pc2\WebTeamInterface-1.1
221210 134702.128|INFO|qtp1613095350-251617|startLog|Process id is 22344@DESKTOP-D75BQTV
221210 134702.129|INFO|qtp1613095350-251617|start|Starting ConnectionManager...
221210 134702.135|INFO|qtp1613095350-251617|start|Started ConnectionManager
221210 134702.135|INFO|qtp1613095350-251617|setClientServerAndPort|INIFile File location: file:/C:/Users/18328/Desktop/pc2/WebTeamInterface-1.1/pc2v9.ini
221210 134702.135|INFO|qtp1613095350-251617|setClientServerAndPort|setClientServerAndPort 212.212.212.212 parsed as 212.212.212.212 port 50002
221210 134702.136|INFO|qtp1613095350-251617|info|Contacting server at 212.212.212.212:50002
221210 134702.136|INFO|qtp1613095350-251617|connectToMyServer|Connecting to 212.212.212.212:50002
221210 134702.138|INFO|Thread-252792|receiveUnencrypted|receiveUnencrypted(TransportWrapper, ConnectionHandlerID=Socket[addr=/212.212.212.212,port=50002,localport=54812]-2766810785608733544)
221210 134702.138|INFO|Thread-252792|receiveUnencrypted|receiveUnencrypted Made a secret key for Socket[addr=/212.212.212.212,port=50002,localport=54812]-2766810785608733544 key is com.sun.crypto.provider.DESKey@18205
221210 134702.138|INFO|Thread-252792|getPublicKeyPacket|Generating Unencrypted Public Key Packet
221210 134702.138|INFO|Thread-252792|getPublicKeyPacket|checking key:= SunJCE Diffie-Hellman Public Key:
y:
    80b6df1c 3bdb38dd 6795c7c4 61d5bf66 183c20a1 c065d6fe 47ef83b0 9434822c
    123d769d f2a7cecc 1e741cfa b44dd98b cd931222 658e2f9a dc51f6dc a48b41bf
    6f3e66bc 88635cbb 9e3c57e9 35b9b2a1 39097ae1 10ff2125 f9d51518 131ad4f6
    314a8ab1 7a399837 23130eb2 9a87fd44 abc6e432 a262e61d aad9a40c 8bf9f89f
p:
    f488fd58 4e49dbcd 20b49de4 9107366b 336c380d 451d0f7c 88b31c7c 5b2d8ef6
    f3c923c0 43f0a55b 188d8ebb 558cb85d 38d334fd 7c175743 a31d186c de33212c
    b52aff3c e1b12940 18118d7c 84a70a72 d686c403 19c80729 7aca950c d9969fab
    d00a509b 0246d308 3d66a45d 419f9c7c bd894b22 1926baab a25ec355 e92f78c7
g:
    02
l:
    512
221210 134702.138|INFO|Thread-252792|getPublicKeyPacket|packet:= edu.csus.ecs.pc2.core.transport.TransportWrapper@5ac995b4
221210 150258.249|INFO|Thread-252792|receive|SocketException in receive for Socket[addr=/212.212.212.212,port=50002,localport=54812]-2766810785608733544
|java.net.SocketException: An established connection was aborted by the software in your host machine
|    at sun.nio.ch.NioSocketImpl.implRead (NioSocketImpl.java:322)
|    at sun.nio.ch.NioSocketImpl.read (NioSocketImpl.java:347)
|    at sun.nio.ch.NioSocketImpl$1.read (NioSocketImpl.java:800)
|    at java.net.Socket$SocketInputStream.read (Socket.java:966)
|    at java.net.Socket$SocketInputStream.read (Socket.java:961)
|    at java.io.ObjectInputStream$PeekInputStream.peek (ObjectInputStream.java:2905)
|    at java.io.ObjectInputStream$BlockDataInputStream.peek (ObjectInputStream.java:3232)
|    at java.io.ObjectInputStream$BlockDataInputStream.peekByte (ObjectInputStream.java:3242)
|    at java.io.ObjectInputStream.readObject0 (ObjectInputStream.java:1708)
|    at java.io.ObjectInputStream.readObject (ObjectInputStream.java:538)
|    at java.io.ObjectInputStream.readObject (ObjectInputStream.java:496)
|    at edu.csus.ecs.pc2.core.transport.ConnectionHandlerThread.receive (ConnectionHandlerThread.java:152)
|    at edu.csus.ecs.pc2.core.transport.ConnectionHandlerClientThread.run (ConnectionHandlerClientThread.java:66)
221210 150258.416|FINER|Thread-252792|run|THROW
|edu.csus.ecs.pc2.core.transport.TransportException: An established connection was aborted by the software in your host machine
|    at edu.csus.ecs.pc2.core.transport.ConnectionHandlerThread.receive (ConnectionHandlerThread.java:156)
|    at edu.csus.ecs.pc2.core.transport.ConnectionHandlerClientThread.run (ConnectionHandlerClientThread.java:66)
221210 150258.422|INFO|Thread-252792|receive|SocketException in receive for Socket[addr=/212.212.212.212,port=50002,localport=54812]-2766810785608733544
|java.net.SocketException: Connection reset
|    at sun.nio.ch.NioSocketImpl.implRead (NioSocketImpl.java:320)
|    at sun.nio.ch.NioSocketImpl.read (NioSocketImpl.java:347)
|    at sun.nio.ch.NioSocketImpl$1.read (NioSocketImpl.java:800)
|    at java.net.Socket$SocketInputStream.read (Socket.java:966)
|    at java.net.Socket$SocketInputStream.read (Socket.java:961)
|    at java.io.ObjectInputStream$PeekInputStream.peek (ObjectInputStream.java:2905)
|    at java.io.ObjectInputStream$BlockDataInputStream.peek (ObjectInputStream.java:3232)
|    at java.io.ObjectInputStream$BlockDataInputStream.peekByte (ObjectInputStream.java:3242)
|    at java.io.ObjectInputStream.readObject0 (ObjectInputStream.java:1708)
|    at java.io.ObjectInputStream.readObject (ObjectInputStream.java:538)
|    at java.io.ObjectInputStream.readObject (ObjectInputStream.java:496)
|    at edu.csus.ecs.pc2.core.transport.ConnectionHandlerThread.receive (ConnectionHandlerThread.java:152)
|    at edu.csus.ecs.pc2.core.transport.ConnectionHandlerClientThread.run (ConnectionHandlerClientThread.java:66)
221210 150258.439|FINER|Thread-252792|run|THROW
|edu.csus.ecs.pc2.core.transport.TransportException: Connection reset
|    at edu.csus.ecs.pc2.core.transport.ConnectionHandlerThread.receive (ConnectionHandlerThread.java:156)
|    at edu.csus.ecs.pc2.core.transport.ConnectionHandlerClientThread.run (ConnectionHandlerClientThread.java:66)
