231209 081701.913|CONFIG|qtp135640095-1025|setFileHandlers|Now logging to C:\Users\18328\Desktop\pc2\WebTeamInterface-1.1\logs directory.
231209 081701.921|INFO|qtp135640095-1025|info|
231209 081701.921|INFO|qtp135640095-1025|info|Version 9 () Java ver 18.0.2.1 build  Windows 11 10.0 (amd64) 
231209 081701.921|INFO|qtp135640095-1025|startLog|Working directory is C:\Users\18328\Desktop\pc2\WebTeamInterface-1.1
231209 081701.921|INFO|qtp135640095-1025|startLog|Process id is 15028@DESKTOP-D75BQTV
231209 081701.921|INFO|qtp135640095-1025|start|Starting ConnectionManager...
231209 081701.921|INFO|qtp135640095-1025|start|Started ConnectionManager
231209 081701.921|INFO|qtp135640095-1025|setClientServerAndPort|INIFile File location: file:/C:/Users/18328/Desktop/pc2/WebTeamInterface-1.1/pc2v9.ini
231209 081701.921|INFO|qtp135640095-1025|setClientServerAndPort|setClientServerAndPort localhost parsed as localhost port 50002
231209 081701.921|INFO|qtp135640095-1025|info|Contacting server at localhost:50002
231209 081701.921|INFO|qtp135640095-1025|connectToMyServer|Connecting to localhost:50002
231209 081701.932|INFO|Thread-2977|receiveUnencrypted|receiveUnencrypted(TransportWrapper, ConnectionHandlerID=Socket[addr=localhost/127.0.0.1,port=50002,localport=62364]--2583606226949206179)
231209 081701.932|INFO|Thread-2977|receiveUnencrypted|receiveUnencrypted Made a secret key for Socket[addr=localhost/127.0.0.1,port=50002,localport=62364]--2583606226949206179 key is com.sun.crypto.provider.DESKey@1861a
231209 081701.932|INFO|Thread-2977|getPublicKeyPacket|Generating Unencrypted Public Key Packet
231209 081701.932|INFO|Thread-2977|getPublicKeyPacket|checking key:= SunJCE Diffie-Hellman Public Key:
y:
    92e14580 0074c6d3 0962cc4c 4bcb4cf6 eb5b643d be4ba545 07e156b6 a295c16f
    d0a568ef d852ca64 85673d6c 5076d09f f53a4a94 a7d55a16 42928d98 07bf296f
    1babddd2 6437f5aa f2564fa2 d75c19f6 f36f1efb 64747e58 d0c20924 41e5ae3b
    b0301d54 09cd2511 c15d7400 4fe1094c f87c6da1 20ad1896 2cf15002 fcefc241
p:
    f488fd58 4e49dbcd 20b49de4 9107366b 336c380d 451d0f7c 88b31c7c 5b2d8ef6
    f3c923c0 43f0a55b 188d8ebb 558cb85d 38d334fd 7c175743 a31d186c de33212c
    b52aff3c e1b12940 18118d7c 84a70a72 d686c403 19c80729 7aca950c d9969fab
    d00a509b 0246d308 3d66a45d 419f9c7c bd894b22 1926baab a25ec355 e92f78c7
g:
    02
l:
    512
231209 081701.932|INFO|Thread-2977|getPublicKeyPacket|packet:= edu.csus.ecs.pc2.core.transport.TransportWrapper@3c368da4
231209 094318.498|INFO|Thread-2977|receive|EOFException in receive for Socket[addr=localhost/127.0.0.1,port=50002,localport=62364]--2583606226949206179
|java.io.EOFException: null
|    at java.io.ObjectInputStream$BlockDataInputStream.peekByte (ObjectInputStream.java:3244)
|    at java.io.ObjectInputStream.readObject0 (ObjectInputStream.java:1708)
|    at java.io.ObjectInputStream.readObject (ObjectInputStream.java:538)
|    at java.io.ObjectInputStream.readObject (ObjectInputStream.java:496)
|    at edu.csus.ecs.pc2.core.transport.ConnectionHandlerThread.receive (ConnectionHandlerThread.java:152)
|    at edu.csus.ecs.pc2.core.transport.ConnectionHandlerClientThread.run (ConnectionHandlerClientThread.java:66)
231209 094318.498|FINER|Thread-2977|run|THROW
|edu.csus.ecs.pc2.core.transport.TransportException: null
|    at edu.csus.ecs.pc2.core.transport.ConnectionHandlerThread.receive (ConnectionHandlerThread.java:159)
|    at edu.csus.ecs.pc2.core.transport.ConnectionHandlerClientThread.run (ConnectionHandlerClientThread.java:66)
231209 094318.498|FINER|Thread-2977|run - e.getmessage is null()|THROW
|edu.csus.ecs.pc2.core.transport.TransportException: null
|    at edu.csus.ecs.pc2.core.transport.ConnectionHandlerThread.receive (ConnectionHandlerThread.java:159)
|    at edu.csus.ecs.pc2.core.transport.ConnectionHandlerClientThread.run (ConnectionHandlerClientThread.java:66)
