221130 090958.989|CONFIG|qtp988458918-16|setFileHandlers|Now logging to C:\Users\18328\Desktop\pc2-template\WebTeamInterface-1.1\logs directory.
221130 090958.989|INFO|qtp988458918-16|info|
221130 090958.990|INFO|qtp988458918-16|info|Version 9 () Java ver 1.8.0_51 build  Windows 8.1 6.3 (amd64) 
221130 090958.990|INFO|qtp988458918-16|startLog|Working directory is C:\Users\18328\Desktop\pc2-template\WebTeamInterface-1.1
221130 090958.990|INFO|qtp988458918-16|startLog|Process id is 13684@DESKTOP-D75BQTV
221130 090958.990|INFO|qtp988458918-16|start|Starting ConnectionManager...
221130 090958.994|INFO|qtp988458918-16|start|Started ConnectionManager
221130 090958.994|INFO|qtp988458918-16|setClientServerAndPort|INIFile File location: file:/C:/Users/18328/Desktop/pc2-template/WebTeamInterface-1.1/pc2v9.ini
221130 090958.994|INFO|qtp988458918-16|setClientServerAndPort|setClientServerAndPort localhost parsed as localhost port 50002
221130 090958.994|INFO|qtp988458918-16|info|Contacting server at localhost:50002
221130 090958.994|INFO|qtp988458918-16|connectToMyServer|Connecting to localhost:50002
221130 094036.375|INFO|Thread-189|receive|SocketException in receive for Socket[addr=localhost/127.0.0.1,port=50002,localport=58045]--8114938835688866057
|java.net.SocketException: Connection reset
|    at java.net.SocketInputStream.read (Unknown Source)
|    at java.net.SocketInputStream.read (Unknown Source)
|    at java.net.SocketInputStream.read (Unknown Source)
|    at java.io.ObjectInputStream$PeekInputStream.peek (Unknown Source)
|    at java.io.ObjectInputStream$BlockDataInputStream.peek (Unknown Source)
|    at java.io.ObjectInputStream$BlockDataInputStream.peekByte (Unknown Source)
|    at java.io.ObjectInputStream.readObject0 (Unknown Source)
|    at java.io.ObjectInputStream.readObject (Unknown Source)
|    at edu.csus.ecs.pc2.core.transport.ConnectionHandlerThread.receive (ConnectionHandlerThread.java:152)
|    at edu.csus.ecs.pc2.core.transport.ConnectionHandlerClientThread.run (ConnectionHandlerClientThread.java:66)
221130 094036.375|FINER|Thread-189|run|THROW
|edu.csus.ecs.pc2.core.transport.TransportException: Connection reset
|    at edu.csus.ecs.pc2.core.transport.ConnectionHandlerThread.receive (ConnectionHandlerThread.java:156)
|    at edu.csus.ecs.pc2.core.transport.ConnectionHandlerClientThread.run (ConnectionHandlerClientThread.java:66)
