221210 083416.512|CONFIG|qtp996796369-6222|setFileHandlers|Now logging to C:\Users\18328\Desktop\pc2\WebTeamInterface-1.1\logs directory.
221210 083416.512|INFO|qtp996796369-6222|info|
221210 083416.512|INFO|qtp996796369-6222|info|Version 9 () Java ver 18.0.2.1 build  Windows 11 10.0 (amd64) 
221210 083416.513|INFO|qtp996796369-6222|startLog|Working directory is C:\Users\18328\Desktop\pc2\WebTeamInterface-1.1
221210 083416.513|INFO|qtp996796369-6222|startLog|Process id is 20708@DESKTOP-D75BQTV
221210 083416.513|INFO|qtp996796369-6222|start|Starting ConnectionManager...
221210 083416.513|INFO|qtp996796369-6222|start|Started ConnectionManager
221210 083416.514|INFO|qtp996796369-6222|setClientServerAndPort|INIFile File location: file:/C:/Users/18328/Desktop/pc2/WebTeamInterface-1.1/pc2v9.ini
221210 083416.514|INFO|qtp996796369-6222|setClientServerAndPort|setClientServerAndPort 212.212.212.212 parsed as 212.212.212.212 port 50002
221210 083416.514|INFO|qtp996796369-6222|info|Contacting server at 212.212.212.212:50002
221210 083416.514|INFO|qtp996796369-6222|connectToMyServer|Connecting to 212.212.212.212:50002
221210 083416.515|INFO|Thread-6827|receiveUnencrypted|receiveUnencrypted(TransportWrapper, ConnectionHandlerID=Socket[addr=/212.212.212.212,port=50002,localport=50184]-5421554579124885880)
221210 083416.516|INFO|Thread-6827|receiveUnencrypted|receiveUnencrypted Made a secret key for Socket[addr=/212.212.212.212,port=50002,localport=50184]-5421554579124885880 key is com.sun.crypto.provider.DESKey@186eb
221210 083416.516|INFO|Thread-6827|getPublicKeyPacket|Generating Unencrypted Public Key Packet
221210 083416.516|INFO|Thread-6827|getPublicKeyPacket|checking key:= SunJCE Diffie-Hellman Public Key:
y:
    dd394947 b0011eaa 02c5e25c ca4a265e f73f3c8d 45d1c64e 53b586b3 e6ceb826
    99520a04 f3c9c5cd 2e6a16e5 ecc77649 7cfe6a75 77e1e8b2 cdc6ffa4 5ad387e0
    251ef060 cc7949f6 51b16377 2db21b5e 35e316f8 005bc1c6 31f977ec a08c1119
    79f5626f e41f0f1b 03c57294 5fa51f24 e31adf98 65c6a525 0d5e3238 5d819191
p:
    f488fd58 4e49dbcd 20b49de4 9107366b 336c380d 451d0f7c 88b31c7c 5b2d8ef6
    f3c923c0 43f0a55b 188d8ebb 558cb85d 38d334fd 7c175743 a31d186c de33212c
    b52aff3c e1b12940 18118d7c 84a70a72 d686c403 19c80729 7aca950c d9969fab
    d00a509b 0246d308 3d66a45d 419f9c7c bd894b22 1926baab a25ec355 e92f78c7
g:
    02
l:
    512
221210 083416.516|INFO|Thread-6827|getPublicKeyPacket|packet:= edu.csus.ecs.pc2.core.transport.TransportWrapper@4b07abfe
221210 100144.998|INFO|Thread-6827|receive|EOFException in receive for Socket[addr=/212.212.212.212,port=50002,localport=50184]-5421554579124885880
|java.io.EOFException: null
|    at java.io.ObjectInputStream$BlockDataInputStream.peekByte (ObjectInputStream.java:3244)
|    at java.io.ObjectInputStream.readObject0 (ObjectInputStream.java:1708)
|    at java.io.ObjectInputStream.readObject (ObjectInputStream.java:538)
|    at java.io.ObjectInputStream.readObject (ObjectInputStream.java:496)
|    at edu.csus.ecs.pc2.core.transport.ConnectionHandlerThread.receive (ConnectionHandlerThread.java:152)
|    at edu.csus.ecs.pc2.core.transport.ConnectionHandlerClientThread.run (ConnectionHandlerClientThread.java:66)
221210 100144.998|FINER|Thread-6827|run|THROW
|edu.csus.ecs.pc2.core.transport.TransportException: null
|    at edu.csus.ecs.pc2.core.transport.ConnectionHandlerThread.receive (ConnectionHandlerThread.java:159)
|    at edu.csus.ecs.pc2.core.transport.ConnectionHandlerClientThread.run (ConnectionHandlerClientThread.java:66)
221210 100144.998|FINER|Thread-6827|run - e.getmessage is null()|THROW
|edu.csus.ecs.pc2.core.transport.TransportException: null
|    at edu.csus.ecs.pc2.core.transport.ConnectionHandlerThread.receive (ConnectionHandlerThread.java:159)
|    at edu.csus.ecs.pc2.core.transport.ConnectionHandlerClientThread.run (ConnectionHandlerClientThread.java:66)
