231209 103737.470|CONFIG|qtp135640095-21784|setFileHandlers|Now logging to C:\Users\18328\Desktop\pc2\WebTeamInterface-1.1\logs directory.
231209 103737.470|INFO|qtp135640095-21784|info|
231209 103737.470|INFO|qtp135640095-21784|info|Version 9 () Java ver 18.0.2.1 build  Windows 11 10.0 (amd64) 
231209 103737.470|INFO|qtp135640095-21784|startLog|Working directory is C:\Users\18328\Desktop\pc2\WebTeamInterface-1.1
231209 103737.470|INFO|qtp135640095-21784|startLog|Process id is 15028@DESKTOP-D75BQTV
231209 103737.470|INFO|qtp135640095-21784|start|Starting ConnectionManager...
231209 103737.470|INFO|qtp135640095-21784|start|Started ConnectionManager
231209 103737.477|INFO|qtp135640095-21784|setClientServerAndPort|INIFile File location: file:/C:/Users/18328/Desktop/pc2/WebTeamInterface-1.1/pc2v9.ini
231209 103737.477|INFO|qtp135640095-21784|setClientServerAndPort|setClientServerAndPort localhost parsed as localhost port 50002
231209 103737.477|INFO|qtp135640095-21784|info|Contacting server at localhost:50002
231209 103737.477|INFO|qtp135640095-21784|connectToMyServer|Connecting to localhost:50002
231209 103737.484|INFO|Thread-49214|receiveUnencrypted|receiveUnencrypted(TransportWrapper, ConnectionHandlerID=Socket[addr=localhost/127.0.0.1,port=50002,localport=59645]--3191688887700197297)
231209 103737.486|INFO|Thread-49214|receiveUnencrypted|receiveUnencrypted Made a secret key for Socket[addr=localhost/127.0.0.1,port=50002,localport=59645]--3191688887700197297 key is com.sun.crypto.provider.DESKey@fffe7a85
231209 103737.486|INFO|Thread-49214|getPublicKeyPacket|Generating Unencrypted Public Key Packet
231209 103737.486|INFO|Thread-49214|getPublicKeyPacket|checking key:= SunJCE Diffie-Hellman Public Key:
y:
    b9ddfe31 a19a4e83 802ed0b4 6ae25442 dba7c9f7 829919aa 18bcbbd8 3c0f34ed
    ef7fbb2a f1a646ec bbd96f8f dd87b1f1 a02776b3 8ee27a4b aaf5a81b 67ab393c
    cba9fe25 eef2d876 921b88eb 8dba12c5 ba3783f8 ce35268c 9bebbfa5 21646cdd
    e1782bce 77e9b50c ce6a0694 047fa5de 624d2d91 81b273a5 966f975b c251f1dc
p:
    f488fd58 4e49dbcd 20b49de4 9107366b 336c380d 451d0f7c 88b31c7c 5b2d8ef6
    f3c923c0 43f0a55b 188d8ebb 558cb85d 38d334fd 7c175743 a31d186c de33212c
    b52aff3c e1b12940 18118d7c 84a70a72 d686c403 19c80729 7aca950c d9969fab
    d00a509b 0246d308 3d66a45d 419f9c7c bd894b22 1926baab a25ec355 e92f78c7
g:
    02
l:
    512
231209 103737.486|INFO|Thread-49214|getPublicKeyPacket|packet:= edu.csus.ecs.pc2.core.transport.TransportWrapper@6c44f6d1
231209 103826.985|INFO|Thread-49214|receive|EOFException in receive for Socket[addr=localhost/127.0.0.1,port=50002,localport=59645]--3191688887700197297
|java.io.EOFException: null
|    at java.io.ObjectInputStream$BlockDataInputStream.peekByte (ObjectInputStream.java:3244)
|    at java.io.ObjectInputStream.readObject0 (ObjectInputStream.java:1708)
|    at java.io.ObjectInputStream.readObject (ObjectInputStream.java:538)
|    at java.io.ObjectInputStream.readObject (ObjectInputStream.java:496)
|    at edu.csus.ecs.pc2.core.transport.ConnectionHandlerThread.receive (ConnectionHandlerThread.java:152)
|    at edu.csus.ecs.pc2.core.transport.ConnectionHandlerClientThread.run (ConnectionHandlerClientThread.java:66)
231209 103826.985|FINER|Thread-49214|run|THROW
|edu.csus.ecs.pc2.core.transport.TransportException: null
|    at edu.csus.ecs.pc2.core.transport.ConnectionHandlerThread.receive (ConnectionHandlerThread.java:159)
|    at edu.csus.ecs.pc2.core.transport.ConnectionHandlerClientThread.run (ConnectionHandlerClientThread.java:66)
231209 103826.985|FINER|Thread-49214|run - e.getmessage is null()|THROW
|edu.csus.ecs.pc2.core.transport.TransportException: null
|    at edu.csus.ecs.pc2.core.transport.ConnectionHandlerThread.receive (ConnectionHandlerThread.java:159)
|    at edu.csus.ecs.pc2.core.transport.ConnectionHandlerClientThread.run (ConnectionHandlerClientThread.java:66)
