221210 102427.202|CONFIG|qtp1613095350-1896|setFileHandlers|Now logging to C:\Users\18328\Desktop\pc2\WebTeamInterface-1.1\logs directory.
221210 102427.203|INFO|qtp1613095350-1896|info|
221210 102427.203|INFO|qtp1613095350-1896|info|Version 9 () Java ver 18.0.2.1 build  Windows 11 10.0 (amd64) 
221210 102427.203|INFO|qtp1613095350-1896|startLog|Working directory is C:\Users\18328\Desktop\pc2\WebTeamInterface-1.1
221210 102427.203|INFO|qtp1613095350-1896|startLog|Process id is 22344@DESKTOP-D75BQTV
221210 102427.204|INFO|qtp1613095350-1896|start|Starting ConnectionManager...
221210 102427.209|INFO|qtp1613095350-1896|start|Started ConnectionManager
221210 102427.210|INFO|qtp1613095350-1896|setClientServerAndPort|INIFile File location: file:/C:/Users/18328/Desktop/pc2/WebTeamInterface-1.1/pc2v9.ini
221210 102427.210|INFO|qtp1613095350-1896|setClientServerAndPort|setClientServerAndPort 212.212.212.212 parsed as 212.212.212.212 port 50002
221210 102427.211|INFO|qtp1613095350-1896|info|Contacting server at 212.212.212.212:50002
221210 102427.211|INFO|qtp1613095350-1896|connectToMyServer|Connecting to 212.212.212.212:50002
221210 102427.212|INFO|Thread-2997|receiveUnencrypted|receiveUnencrypted(TransportWrapper, ConnectionHandlerID=Socket[addr=/212.212.212.212,port=50002,localport=57725]-682729809293408279)
221210 102427.213|INFO|Thread-2997|receiveUnencrypted|receiveUnencrypted Made a secret key for Socket[addr=/212.212.212.212,port=50002,localport=57725]-682729809293408279 key is com.sun.crypto.provider.DESKey@1852a
221210 102427.213|INFO|Thread-2997|getPublicKeyPacket|Generating Unencrypted Public Key Packet
221210 102427.213|INFO|Thread-2997|getPublicKeyPacket|checking key:= SunJCE Diffie-Hellman Public Key:
y:
    e550e043 516444b4 974c05ae e0dce198 c22528cd d5b22a85 abeba263 430e1d13
    71d7be15 192e75de 13a242b5 4b391b45 5c57bda9 789bdae4 e377745d 246e054e
    af96d26b c9d63aec 5fca121e db61cb63 b6d69d12 fe04cf34 a1de9d3e 31396c4a
    3dca2383 1285a156 31b3060e 0b7fd7ff c42f41f5 92667373 71e91f28 c6174383
p:
    f488fd58 4e49dbcd 20b49de4 9107366b 336c380d 451d0f7c 88b31c7c 5b2d8ef6
    f3c923c0 43f0a55b 188d8ebb 558cb85d 38d334fd 7c175743 a31d186c de33212c
    b52aff3c e1b12940 18118d7c 84a70a72 d686c403 19c80729 7aca950c d9969fab
    d00a509b 0246d308 3d66a45d 419f9c7c bd894b22 1926baab a25ec355 e92f78c7
g:
    02
l:
    512
221210 102427.213|INFO|Thread-2997|getPublicKeyPacket|packet:= edu.csus.ecs.pc2.core.transport.TransportWrapper@798cdc55
221210 150258.253|INFO|Thread-2997|receive|SocketException in receive for Socket[addr=/212.212.212.212,port=50002,localport=57725]-682729809293408279
|java.net.SocketException: An established connection was aborted by the software in your host machine
|    at sun.nio.ch.NioSocketImpl.implRead (NioSocketImpl.java:322)
|    at sun.nio.ch.NioSocketImpl.read (NioSocketImpl.java:347)
|    at sun.nio.ch.NioSocketImpl$1.read (NioSocketImpl.java:800)
|    at java.net.Socket$SocketInputStream.read (Socket.java:966)
|    at java.net.Socket$SocketInputStream.read (Socket.java:961)
|    at java.io.ObjectInputStream$PeekInputStream.peek (ObjectInputStream.java:2905)
|    at java.io.ObjectInputStream$BlockDataInputStream.peek (ObjectInputStream.java:3232)
|    at java.io.ObjectInputStream$BlockDataInputStream.peekByte (ObjectInputStream.java:3242)
|    at java.io.ObjectInputStream.readObject0 (ObjectInputStream.java:1708)
|    at java.io.ObjectInputStream.readObject (ObjectInputStream.java:538)
|    at java.io.ObjectInputStream.readObject (ObjectInputStream.java:496)
|    at edu.csus.ecs.pc2.core.transport.ConnectionHandlerThread.receive (ConnectionHandlerThread.java:152)
|    at edu.csus.ecs.pc2.core.transport.ConnectionHandlerClientThread.run (ConnectionHandlerClientThread.java:66)
221210 150258.266|FINER|Thread-2997|run|THROW
|edu.csus.ecs.pc2.core.transport.TransportException: An established connection was aborted by the software in your host machine
|    at edu.csus.ecs.pc2.core.transport.ConnectionHandlerThread.receive (ConnectionHandlerThread.java:156)
|    at edu.csus.ecs.pc2.core.transport.ConnectionHandlerClientThread.run (ConnectionHandlerClientThread.java:66)
221210 150258.266|INFO|Thread-2997|receive|SocketException in receive for Socket[addr=/212.212.212.212,port=50002,localport=57725]-682729809293408279
|java.net.SocketException: Connection reset
|    at sun.nio.ch.NioSocketImpl.implRead (NioSocketImpl.java:320)
|    at sun.nio.ch.NioSocketImpl.read (NioSocketImpl.java:347)
|    at sun.nio.ch.NioSocketImpl$1.read (NioSocketImpl.java:800)
|    at java.net.Socket$SocketInputStream.read (Socket.java:966)
|    at java.net.Socket$SocketInputStream.read (Socket.java:961)
|    at java.io.ObjectInputStream$PeekInputStream.peek (ObjectInputStream.java:2905)
|    at java.io.ObjectInputStream$BlockDataInputStream.peek (ObjectInputStream.java:3232)
|    at java.io.ObjectInputStream$BlockDataInputStream.peekByte (ObjectInputStream.java:3242)
|    at java.io.ObjectInputStream.readObject0 (ObjectInputStream.java:1708)
|    at java.io.ObjectInputStream.readObject (ObjectInputStream.java:538)
|    at java.io.ObjectInputStream.readObject (ObjectInputStream.java:496)
|    at edu.csus.ecs.pc2.core.transport.ConnectionHandlerThread.receive (ConnectionHandlerThread.java:152)
|    at edu.csus.ecs.pc2.core.transport.ConnectionHandlerClientThread.run (ConnectionHandlerClientThread.java:66)
221210 150258.270|FINER|Thread-2997|run|THROW
|edu.csus.ecs.pc2.core.transport.TransportException: Connection reset
|    at edu.csus.ecs.pc2.core.transport.ConnectionHandlerThread.receive (ConnectionHandlerThread.java:156)
|    at edu.csus.ecs.pc2.core.transport.ConnectionHandlerClientThread.run (ConnectionHandlerClientThread.java:66)
