221210 102214.567|CONFIG|qtp1613095350-101|setFileHandlers|Now logging to C:\Users\18328\Desktop\pc2\WebTeamInterface-1.1\logs directory.
221210 102214.568|INFO|qtp1613095350-101|info|
221210 102214.568|INFO|qtp1613095350-101|info|Version 9 () Java ver 18.0.2.1 build  Windows 11 10.0 (amd64) 
221210 102214.568|INFO|qtp1613095350-101|startLog|Working directory is C:\Users\18328\Desktop\pc2\WebTeamInterface-1.1
221210 102214.568|INFO|qtp1613095350-101|startLog|Process id is 22344@DESKTOP-D75BQTV
221210 102214.568|INFO|qtp1613095350-101|start|Starting ConnectionManager...
221210 102214.574|INFO|qtp1613095350-101|start|Started ConnectionManager
221210 102214.575|INFO|qtp1613095350-101|setClientServerAndPort|INIFile File location: file:/C:/Users/18328/Desktop/pc2/WebTeamInterface-1.1/pc2v9.ini
221210 102214.575|INFO|qtp1613095350-101|setClientServerAndPort|setClientServerAndPort 212.212.212.212 parsed as 212.212.212.212 port 50002
221210 102214.576|INFO|qtp1613095350-101|info|Contacting server at 212.212.212.212:50002
221210 102214.576|INFO|qtp1613095350-101|connectToMyServer|Connecting to 212.212.212.212:50002
221210 102214.577|INFO|Thread-2719|receiveUnencrypted|receiveUnencrypted(TransportWrapper, ConnectionHandlerID=Socket[addr=/212.212.212.212,port=50002,localport=57580]-3737509574048967694)
221210 102214.577|INFO|Thread-2719|receiveUnencrypted|receiveUnencrypted Made a secret key for Socket[addr=/212.212.212.212,port=50002,localport=57580]-3737509574048967694 key is com.sun.crypto.provider.DESKey@fffe7b54
221210 102214.577|INFO|Thread-2719|getPublicKeyPacket|Generating Unencrypted Public Key Packet
221210 102214.577|INFO|Thread-2719|getPublicKeyPacket|checking key:= SunJCE Diffie-Hellman Public Key:
y:
    5406d5d0 22cc6ecd 91097111 b6c97c24 f87fe20b 4206d620 d74aaa6d de46de4d
    ae79cf1b a8a306de 9701accf 376025cc a55ffe63 97e8f22f 71a97335 d27b723e
    f40304dc 7863704a 15d06755 104efabe 9f2fdbbc c0ce481b a182d2ab 2a92a93a
    f066d68a f598af74 090bc987 16b1a632 60359857 27ad638e 74ddba8d 213fa59a
p:
    f488fd58 4e49dbcd 20b49de4 9107366b 336c380d 451d0f7c 88b31c7c 5b2d8ef6
    f3c923c0 43f0a55b 188d8ebb 558cb85d 38d334fd 7c175743 a31d186c de33212c
    b52aff3c e1b12940 18118d7c 84a70a72 d686c403 19c80729 7aca950c d9969fab
    d00a509b 0246d308 3d66a45d 419f9c7c bd894b22 1926baab a25ec355 e92f78c7
g:
    02
l:
    512
221210 102214.577|INFO|Thread-2719|getPublicKeyPacket|packet:= edu.csus.ecs.pc2.core.transport.TransportWrapper@7b8288dc
221210 150258.256|INFO|Thread-2719|receive|SocketException in receive for Socket[addr=/212.212.212.212,port=50002,localport=57580]-3737509574048967694
|java.net.SocketException: An established connection was aborted by the software in your host machine
|    at sun.nio.ch.NioSocketImpl.implRead (NioSocketImpl.java:322)
|    at sun.nio.ch.NioSocketImpl.read (NioSocketImpl.java:347)
|    at sun.nio.ch.NioSocketImpl$1.read (NioSocketImpl.java:800)
|    at java.net.Socket$SocketInputStream.read (Socket.java:966)
|    at java.net.Socket$SocketInputStream.read (Socket.java:961)
|    at java.io.ObjectInputStream$PeekInputStream.peek (ObjectInputStream.java:2905)
|    at java.io.ObjectInputStream$BlockDataInputStream.peek (ObjectInputStream.java:3232)
|    at java.io.ObjectInputStream$BlockDataInputStream.peekByte (ObjectInputStream.java:3242)
|    at java.io.ObjectInputStream.readObject0 (ObjectInputStream.java:1708)
|    at java.io.ObjectInputStream.readObject (ObjectInputStream.java:538)
|    at java.io.ObjectInputStream.readObject (ObjectInputStream.java:496)
|    at edu.csus.ecs.pc2.core.transport.ConnectionHandlerThread.receive (ConnectionHandlerThread.java:152)
|    at edu.csus.ecs.pc2.core.transport.ConnectionHandlerClientThread.run (ConnectionHandlerClientThread.java:66)
221210 150258.317|FINER|Thread-2719|run|THROW
|edu.csus.ecs.pc2.core.transport.TransportException: An established connection was aborted by the software in your host machine
|    at edu.csus.ecs.pc2.core.transport.ConnectionHandlerThread.receive (ConnectionHandlerThread.java:156)
|    at edu.csus.ecs.pc2.core.transport.ConnectionHandlerClientThread.run (ConnectionHandlerClientThread.java:66)
221210 150258.318|INFO|Thread-2719|receive|SocketException in receive for Socket[addr=/212.212.212.212,port=50002,localport=57580]-3737509574048967694
|java.net.SocketException: Connection reset
|    at sun.nio.ch.NioSocketImpl.implRead (NioSocketImpl.java:320)
|    at sun.nio.ch.NioSocketImpl.read (NioSocketImpl.java:347)
|    at sun.nio.ch.NioSocketImpl$1.read (NioSocketImpl.java:800)
|    at java.net.Socket$SocketInputStream.read (Socket.java:966)
|    at java.net.Socket$SocketInputStream.read (Socket.java:961)
|    at java.io.ObjectInputStream$PeekInputStream.peek (ObjectInputStream.java:2905)
|    at java.io.ObjectInputStream$BlockDataInputStream.peek (ObjectInputStream.java:3232)
|    at java.io.ObjectInputStream$BlockDataInputStream.peekByte (ObjectInputStream.java:3242)
|    at java.io.ObjectInputStream.readObject0 (ObjectInputStream.java:1708)
|    at java.io.ObjectInputStream.readObject (ObjectInputStream.java:538)
|    at java.io.ObjectInputStream.readObject (ObjectInputStream.java:496)
|    at edu.csus.ecs.pc2.core.transport.ConnectionHandlerThread.receive (ConnectionHandlerThread.java:152)
|    at edu.csus.ecs.pc2.core.transport.ConnectionHandlerClientThread.run (ConnectionHandlerClientThread.java:66)
221210 150258.320|FINER|Thread-2719|run|THROW
|edu.csus.ecs.pc2.core.transport.TransportException: Connection reset
|    at edu.csus.ecs.pc2.core.transport.ConnectionHandlerThread.receive (ConnectionHandlerThread.java:156)
|    at edu.csus.ecs.pc2.core.transport.ConnectionHandlerClientThread.run (ConnectionHandlerClientThread.java:66)
