221210 101212.962|CONFIG|qtp1613095350-23|setFileHandlers|Now logging to C:\Users\18328\Desktop\pc2\WebTeamInterface-1.1\logs directory.
221210 101212.962|INFO|qtp1613095350-23|info|
221210 101212.962|INFO|qtp1613095350-23|info|Version 9 () Java ver 18.0.2.1 build  Windows 11 10.0 (amd64) 
221210 101212.962|INFO|qtp1613095350-23|startLog|Working directory is C:\Users\18328\Desktop\pc2\WebTeamInterface-1.1
221210 101212.962|INFO|qtp1613095350-23|startLog|Process id is 22344@DESKTOP-D75BQTV
221210 101212.962|INFO|qtp1613095350-23|start|Starting ConnectionManager...
221210 101212.967|INFO|qtp1613095350-23|start|Started ConnectionManager
221210 101212.968|INFO|qtp1613095350-23|setClientServerAndPort|INIFile File location: file:/C:/Users/18328/Desktop/pc2/WebTeamInterface-1.1/pc2v9.ini
221210 101212.968|INFO|qtp1613095350-23|setClientServerAndPort|setClientServerAndPort 212.212.212.212 parsed as 212.212.212.212 port 50002
221210 101212.968|INFO|qtp1613095350-23|info|Contacting server at 212.212.212.212:50002
221210 101212.968|INFO|qtp1613095350-23|connectToMyServer|Connecting to 212.212.212.212:50002
221210 101212.970|INFO|Thread-912|receiveUnencrypted|receiveUnencrypted(TransportWrapper, ConnectionHandlerID=Socket[addr=/212.212.212.212,port=50002,localport=56388]-3481036335707436576)
221210 101212.970|INFO|Thread-912|receiveUnencrypted|receiveUnencrypted Made a secret key for Socket[addr=/212.212.212.212,port=50002,localport=56388]-3481036335707436576 key is com.sun.crypto.provider.DESKey@fffe7b7e
221210 101212.970|INFO|Thread-912|getPublicKeyPacket|Generating Unencrypted Public Key Packet
221210 101212.970|INFO|Thread-912|getPublicKeyPacket|checking key:= SunJCE Diffie-Hellman Public Key:
y:
    7389bbc3 efaaeadc 212a3b49 e6cee390 5b7bbf5c ea7af013 c76b7c3d c392d4fd
    fd5a6d2a 81a8ac81 a15fec85 b3dfa4ec 5676f482 c4284c55 068598b7 31c136c7
    a4781ad7 2135a8fb f1b8a488 ad73b2d7 ad144043 5830a3c6 234300ac 5dfdd055
    bcb30d3a 5046dade 5866c4d5 a3a88d84 b420bf5b 0d2b6212 3ae11b3d 2075559a
p:
    f488fd58 4e49dbcd 20b49de4 9107366b 336c380d 451d0f7c 88b31c7c 5b2d8ef6
    f3c923c0 43f0a55b 188d8ebb 558cb85d 38d334fd 7c175743 a31d186c de33212c
    b52aff3c e1b12940 18118d7c 84a70a72 d686c403 19c80729 7aca950c d9969fab
    d00a509b 0246d308 3d66a45d 419f9c7c bd894b22 1926baab a25ec355 e92f78c7
g:
    02
l:
    512
221210 101212.970|INFO|Thread-912|getPublicKeyPacket|packet:= edu.csus.ecs.pc2.core.transport.TransportWrapper@77ce2033
221210 150258.253|INFO|Thread-912|receive|SocketException in receive for Socket[addr=/212.212.212.212,port=50002,localport=56388]-3481036335707436576
|java.net.SocketException: An established connection was aborted by the software in your host machine
|    at sun.nio.ch.NioSocketImpl.implRead (NioSocketImpl.java:322)
|    at sun.nio.ch.NioSocketImpl.read (NioSocketImpl.java:347)
|    at sun.nio.ch.NioSocketImpl$1.read (NioSocketImpl.java:800)
|    at java.net.Socket$SocketInputStream.read (Socket.java:966)
|    at java.net.Socket$SocketInputStream.read (Socket.java:961)
|    at java.io.ObjectInputStream$PeekInputStream.peek (ObjectInputStream.java:2905)
|    at java.io.ObjectInputStream$BlockDataInputStream.peek (ObjectInputStream.java:3232)
|    at java.io.ObjectInputStream$BlockDataInputStream.peekByte (ObjectInputStream.java:3242)
|    at java.io.ObjectInputStream.readObject0 (ObjectInputStream.java:1708)
|    at java.io.ObjectInputStream.readObject (ObjectInputStream.java:538)
|    at java.io.ObjectInputStream.readObject (ObjectInputStream.java:496)
|    at edu.csus.ecs.pc2.core.transport.ConnectionHandlerThread.receive (ConnectionHandlerThread.java:152)
|    at edu.csus.ecs.pc2.core.transport.ConnectionHandlerClientThread.run (ConnectionHandlerClientThread.java:66)
221210 150258.265|FINER|Thread-912|run|THROW
|edu.csus.ecs.pc2.core.transport.TransportException: An established connection was aborted by the software in your host machine
|    at edu.csus.ecs.pc2.core.transport.ConnectionHandlerThread.receive (ConnectionHandlerThread.java:156)
|    at edu.csus.ecs.pc2.core.transport.ConnectionHandlerClientThread.run (ConnectionHandlerClientThread.java:66)
221210 150258.265|INFO|Thread-912|receive|SocketException in receive for Socket[addr=/212.212.212.212,port=50002,localport=56388]-3481036335707436576
|java.net.SocketException: Connection reset
|    at sun.nio.ch.NioSocketImpl.implRead (NioSocketImpl.java:320)
|    at sun.nio.ch.NioSocketImpl.read (NioSocketImpl.java:347)
|    at sun.nio.ch.NioSocketImpl$1.read (NioSocketImpl.java:800)
|    at java.net.Socket$SocketInputStream.read (Socket.java:966)
|    at java.net.Socket$SocketInputStream.read (Socket.java:961)
|    at java.io.ObjectInputStream$PeekInputStream.peek (ObjectInputStream.java:2905)
|    at java.io.ObjectInputStream$BlockDataInputStream.peek (ObjectInputStream.java:3232)
|    at java.io.ObjectInputStream$BlockDataInputStream.peekByte (ObjectInputStream.java:3242)
|    at java.io.ObjectInputStream.readObject0 (ObjectInputStream.java:1708)
|    at java.io.ObjectInputStream.readObject (ObjectInputStream.java:538)
|    at java.io.ObjectInputStream.readObject (ObjectInputStream.java:496)
|    at edu.csus.ecs.pc2.core.transport.ConnectionHandlerThread.receive (ConnectionHandlerThread.java:152)
|    at edu.csus.ecs.pc2.core.transport.ConnectionHandlerClientThread.run (ConnectionHandlerClientThread.java:66)
221210 150258.270|FINER|Thread-912|run|THROW
|edu.csus.ecs.pc2.core.transport.TransportException: Connection reset
|    at edu.csus.ecs.pc2.core.transport.ConnectionHandlerThread.receive (ConnectionHandlerThread.java:156)
|    at edu.csus.ecs.pc2.core.transport.ConnectionHandlerClientThread.run (ConnectionHandlerClientThread.java:66)
