221210 100834.559|CONFIG|qtp1613095350-25|setFileHandlers|Now logging to C:\Users\18328\Desktop\pc2\WebTeamInterface-1.1\logs directory.
221210 100834.560|INFO|qtp1613095350-25|info|
221210 100834.560|INFO|qtp1613095350-25|info|Version 9 () Java ver 18.0.2.1 build  Windows 11 10.0 (amd64) 
221210 100834.560|INFO|qtp1613095350-25|startLog|Working directory is C:\Users\18328\Desktop\pc2\WebTeamInterface-1.1
221210 100834.561|INFO|qtp1613095350-25|startLog|Process id is 22344@DESKTOP-D75BQTV
221210 100834.561|INFO|qtp1613095350-25|start|Starting ConnectionManager...
221210 100834.561|INFO|qtp1613095350-25|start|Started ConnectionManager
221210 100834.563|INFO|qtp1613095350-25|setClientServerAndPort|INIFile File location: file:/C:/Users/18328/Desktop/pc2/WebTeamInterface-1.1/pc2v9.ini
221210 100834.563|INFO|qtp1613095350-25|setClientServerAndPort|setClientServerAndPort 212.212.212.212 parsed as 212.212.212.212 port 50002
221210 100834.563|INFO|qtp1613095350-25|info|Contacting server at 212.212.212.212:50002
221210 100834.563|INFO|qtp1613095350-25|connectToMyServer|Connecting to 212.212.212.212:50002
221210 100834.564|INFO|Thread-192|receiveUnencrypted|receiveUnencrypted(TransportWrapper, ConnectionHandlerID=Socket[addr=/212.212.212.212,port=50002,localport=55955]--8477902038502361688)
221210 100834.565|INFO|Thread-192|receiveUnencrypted|receiveUnencrypted Made a secret key for Socket[addr=/212.212.212.212,port=50002,localport=55955]--8477902038502361688 key is com.sun.crypto.provider.DESKey@184de
221210 100834.565|INFO|Thread-192|getPublicKeyPacket|Generating Unencrypted Public Key Packet
221210 100834.565|INFO|Thread-192|getPublicKeyPacket|checking key:= SunJCE Diffie-Hellman Public Key:
y:
    e198b85c ddb0c760 f8f30c5f f91c6787 16141c63 1ab5efa4 786d8367 101f5aa7
    09b69341 8dfbe267 c1b712e9 2e841e07 482aea7f d73937af 0b9a4902 03033b84
    cbaa4fbc c02d5a4f 76cd3f16 3248feeb 5336e4dc 540391da 3992480b c0794cc3
    813127e7 545a34ec 0b6ae717 d7c030bf c6afbd20 bddb4e28 a3e1b585 e8a6fef5
p:
    f488fd58 4e49dbcd 20b49de4 9107366b 336c380d 451d0f7c 88b31c7c 5b2d8ef6
    f3c923c0 43f0a55b 188d8ebb 558cb85d 38d334fd 7c175743 a31d186c de33212c
    b52aff3c e1b12940 18118d7c 84a70a72 d686c403 19c80729 7aca950c d9969fab
    d00a509b 0246d308 3d66a45d 419f9c7c bd894b22 1926baab a25ec355 e92f78c7
g:
    02
l:
    512
221210 100834.565|INFO|Thread-192|getPublicKeyPacket|packet:= edu.csus.ecs.pc2.core.transport.TransportWrapper@2262bb61
221210 150258.256|INFO|Thread-192|receive|SocketException in receive for Socket[addr=/212.212.212.212,port=50002,localport=55955]--8477902038502361688
|java.net.SocketException: An established connection was aborted by the software in your host machine
|    at sun.nio.ch.NioSocketImpl.implRead (NioSocketImpl.java:322)
|    at sun.nio.ch.NioSocketImpl.read (NioSocketImpl.java:347)
|    at sun.nio.ch.NioSocketImpl$1.read (NioSocketImpl.java:800)
|    at java.net.Socket$SocketInputStream.read (Socket.java:966)
|    at java.net.Socket$SocketInputStream.read (Socket.java:961)
|    at java.io.ObjectInputStream$PeekInputStream.peek (ObjectInputStream.java:2905)
|    at java.io.ObjectInputStream$BlockDataInputStream.peek (ObjectInputStream.java:3232)
|    at java.io.ObjectInputStream$BlockDataInputStream.peekByte (ObjectInputStream.java:3242)
|    at java.io.ObjectInputStream.readObject0 (ObjectInputStream.java:1708)
|    at java.io.ObjectInputStream.readObject (ObjectInputStream.java:538)
|    at java.io.ObjectInputStream.readObject (ObjectInputStream.java:496)
|    at edu.csus.ecs.pc2.core.transport.ConnectionHandlerThread.receive (ConnectionHandlerThread.java:152)
|    at edu.csus.ecs.pc2.core.transport.ConnectionHandlerClientThread.run (ConnectionHandlerClientThread.java:66)
221210 150258.405|FINER|Thread-192|run|THROW
|edu.csus.ecs.pc2.core.transport.TransportException: An established connection was aborted by the software in your host machine
|    at edu.csus.ecs.pc2.core.transport.ConnectionHandlerThread.receive (ConnectionHandlerThread.java:156)
|    at edu.csus.ecs.pc2.core.transport.ConnectionHandlerClientThread.run (ConnectionHandlerClientThread.java:66)
221210 150258.406|INFO|Thread-192|receive|SocketException in receive for Socket[addr=/212.212.212.212,port=50002,localport=55955]--8477902038502361688
|java.net.SocketException: Connection reset
|    at sun.nio.ch.NioSocketImpl.implRead (NioSocketImpl.java:320)
|    at sun.nio.ch.NioSocketImpl.read (NioSocketImpl.java:347)
|    at sun.nio.ch.NioSocketImpl$1.read (NioSocketImpl.java:800)
|    at java.net.Socket$SocketInputStream.read (Socket.java:966)
|    at java.net.Socket$SocketInputStream.read (Socket.java:961)
|    at java.io.ObjectInputStream$PeekInputStream.peek (ObjectInputStream.java:2905)
|    at java.io.ObjectInputStream$BlockDataInputStream.peek (ObjectInputStream.java:3232)
|    at java.io.ObjectInputStream$BlockDataInputStream.peekByte (ObjectInputStream.java:3242)
|    at java.io.ObjectInputStream.readObject0 (ObjectInputStream.java:1708)
|    at java.io.ObjectInputStream.readObject (ObjectInputStream.java:538)
|    at java.io.ObjectInputStream.readObject (ObjectInputStream.java:496)
|    at edu.csus.ecs.pc2.core.transport.ConnectionHandlerThread.receive (ConnectionHandlerThread.java:152)
|    at edu.csus.ecs.pc2.core.transport.ConnectionHandlerClientThread.run (ConnectionHandlerClientThread.java:66)
221210 150258.406|FINER|Thread-192|run|THROW
|edu.csus.ecs.pc2.core.transport.TransportException: Connection reset
|    at edu.csus.ecs.pc2.core.transport.ConnectionHandlerThread.receive (ConnectionHandlerThread.java:156)
|    at edu.csus.ecs.pc2.core.transport.ConnectionHandlerClientThread.run (ConnectionHandlerClientThread.java:66)
