231209 095104.455|CONFIG|qtp135640095-21299|setFileHandlers|Now logging to C:\Users\18328\Desktop\pc2\WebTeamInterface-1.1\logs directory.
231209 095104.455|INFO|qtp135640095-21299|info|
231209 095104.457|INFO|qtp135640095-21299|info|Version 9 () Java ver 18.0.2.1 build  Windows 11 10.0 (amd64) 
231209 095104.458|INFO|qtp135640095-21299|startLog|Working directory is C:\Users\18328\Desktop\pc2\WebTeamInterface-1.1
231209 095104.458|INFO|qtp135640095-21299|startLog|Process id is 15028@DESKTOP-D75BQTV
231209 095104.458|INFO|qtp135640095-21299|start|Starting ConnectionManager...
231209 095104.465|INFO|qtp135640095-21299|start|Started ConnectionManager
231209 095104.465|INFO|qtp135640095-21299|setClientServerAndPort|INIFile File location: file:/C:/Users/18328/Desktop/pc2/WebTeamInterface-1.1/pc2v9.ini
231209 095104.465|INFO|qtp135640095-21299|setClientServerAndPort|setClientServerAndPort localhost parsed as localhost port 50002
231209 095104.465|INFO|qtp135640095-21299|info|Contacting server at localhost:50002
231209 095104.465|INFO|qtp135640095-21299|connectToMyServer|Connecting to localhost:50002
231209 095104.473|INFO|Thread-29548|receiveUnencrypted|receiveUnencrypted(TransportWrapper, ConnectionHandlerID=Socket[addr=localhost/127.0.0.1,port=50002,localport=50799]-2062387064035875410)
231209 095104.478|INFO|Thread-29548|receiveUnencrypted|receiveUnencrypted Made a secret key for Socket[addr=localhost/127.0.0.1,port=50002,localport=50799]-2062387064035875410 key is com.sun.crypto.provider.DESKey@183f8
231209 095104.478|INFO|Thread-29548|getPublicKeyPacket|Generating Unencrypted Public Key Packet
231209 095104.478|INFO|Thread-29548|getPublicKeyPacket|checking key:= SunJCE Diffie-Hellman Public Key:
y:
    916e9501 3b823197 e0f7f22f 32ad2fd9 3a15e5f9 bb870925 fc63e2ba 31f7741d
    b3ee200f 64c42839 387c0e6c c4c0eaca 1989d4de d13fe2f6 a5802e26 0844e3e8
    569c7daa 21e85bea 2d216f42 c7639da5 15f0bb2e 2cd5606f 93160b11 f6fa7e44
    e5a2060a eb7a793d 43e833af 371ee551 cc08fddc 76f619ef 8911cc66 a4770c91
p:
    f488fd58 4e49dbcd 20b49de4 9107366b 336c380d 451d0f7c 88b31c7c 5b2d8ef6
    f3c923c0 43f0a55b 188d8ebb 558cb85d 38d334fd 7c175743 a31d186c de33212c
    b52aff3c e1b12940 18118d7c 84a70a72 d686c403 19c80729 7aca950c d9969fab
    d00a509b 0246d308 3d66a45d 419f9c7c bd894b22 1926baab a25ec355 e92f78c7
g:
    02
l:
    512
231209 095104.478|INFO|Thread-29548|getPublicKeyPacket|packet:= edu.csus.ecs.pc2.core.transport.TransportWrapper@4bb7a667
231209 104000.635|INFO|Thread-29548|receive|EOFException in receive for Socket[addr=localhost/127.0.0.1,port=50002,localport=50799]-2062387064035875410
|java.io.EOFException: null
|    at java.io.ObjectInputStream$BlockDataInputStream.peekByte (ObjectInputStream.java:3244)
|    at java.io.ObjectInputStream.readObject0 (ObjectInputStream.java:1708)
|    at java.io.ObjectInputStream.readObject (ObjectInputStream.java:538)
|    at java.io.ObjectInputStream.readObject (ObjectInputStream.java:496)
|    at edu.csus.ecs.pc2.core.transport.ConnectionHandlerThread.receive (ConnectionHandlerThread.java:152)
|    at edu.csus.ecs.pc2.core.transport.ConnectionHandlerClientThread.run (ConnectionHandlerClientThread.java:66)
231209 104000.635|FINER|Thread-29548|run|THROW
|edu.csus.ecs.pc2.core.transport.TransportException: null
|    at edu.csus.ecs.pc2.core.transport.ConnectionHandlerThread.receive (ConnectionHandlerThread.java:159)
|    at edu.csus.ecs.pc2.core.transport.ConnectionHandlerClientThread.run (ConnectionHandlerClientThread.java:66)
231209 104000.635|FINER|Thread-29548|run - e.getmessage is null()|THROW
|edu.csus.ecs.pc2.core.transport.TransportException: null
|    at edu.csus.ecs.pc2.core.transport.ConnectionHandlerThread.receive (ConnectionHandlerThread.java:159)
|    at edu.csus.ecs.pc2.core.transport.ConnectionHandlerClientThread.run (ConnectionHandlerClientThread.java:66)
