221210 102531.975|CONFIG|qtp1613095350-118|setFileHandlers|Now logging to C:\Users\18328\Desktop\pc2\WebTeamInterface-1.1\logs directory.
221210 102531.976|INFO|qtp1613095350-118|info|
221210 102531.976|INFO|qtp1613095350-118|info|Version 9 () Java ver 18.0.2.1 build  Windows 11 10.0 (amd64) 
221210 102531.976|INFO|qtp1613095350-118|startLog|Working directory is C:\Users\18328\Desktop\pc2\WebTeamInterface-1.1
221210 102531.977|INFO|qtp1613095350-118|startLog|Process id is 22344@DESKTOP-D75BQTV
221210 102531.977|INFO|qtp1613095350-118|start|Starting ConnectionManager...
221210 102531.978|INFO|qtp1613095350-118|start|Started ConnectionManager
221210 102531.979|INFO|qtp1613095350-118|setClientServerAndPort|INIFile File location: file:/C:/Users/18328/Desktop/pc2/WebTeamInterface-1.1/pc2v9.ini
221210 102531.979|INFO|qtp1613095350-118|setClientServerAndPort|setClientServerAndPort 212.212.212.212 parsed as 212.212.212.212 port 50002
221210 102531.979|INFO|qtp1613095350-118|info|Contacting server at 212.212.212.212:50002
221210 102531.979|INFO|qtp1613095350-118|connectToMyServer|Connecting to 212.212.212.212:50002
221210 102531.981|INFO|Thread-3097|receiveUnencrypted|receiveUnencrypted(TransportWrapper, ConnectionHandlerID=Socket[addr=/212.212.212.212,port=50002,localport=57783]--533662068707644132)
221210 102531.981|INFO|Thread-3097|receiveUnencrypted|receiveUnencrypted Made a secret key for Socket[addr=/212.212.212.212,port=50002,localport=57783]--533662068707644132 key is com.sun.crypto.provider.DESKey@185b3
221210 102531.981|INFO|Thread-3097|getPublicKeyPacket|Generating Unencrypted Public Key Packet
221210 102531.981|INFO|Thread-3097|getPublicKeyPacket|checking key:= SunJCE Diffie-Hellman Public Key:
y:
    40abf49f 9f79d61a aa665316 be554c89 7302e866 1d273993 e3940c01 2222783b
    58048ae5 7c73e312 fa5dbf41 6ea73eed e5b87e66 8cb62748 0d6f208b 3111e922
    ba9eb785 8bd42339 82b3781c cfc85e9f a27e6a2c 8682e41c b3d8f0b8 008b0af0
    8a736a01 bfec007e 875099aa 37afd0e4 6f32f4c6 51790231 8cab637e 06dd30fc
p:
    f488fd58 4e49dbcd 20b49de4 9107366b 336c380d 451d0f7c 88b31c7c 5b2d8ef6
    f3c923c0 43f0a55b 188d8ebb 558cb85d 38d334fd 7c175743 a31d186c de33212c
    b52aff3c e1b12940 18118d7c 84a70a72 d686c403 19c80729 7aca950c d9969fab
    d00a509b 0246d308 3d66a45d 419f9c7c bd894b22 1926baab a25ec355 e92f78c7
g:
    02
l:
    512
221210 102531.981|INFO|Thread-3097|getPublicKeyPacket|packet:= edu.csus.ecs.pc2.core.transport.TransportWrapper@1bb98e9e
221210 150258.255|INFO|Thread-3097|receive|SocketException in receive for Socket[addr=/212.212.212.212,port=50002,localport=57783]--533662068707644132
|java.net.SocketException: An established connection was aborted by the software in your host machine
|    at sun.nio.ch.NioSocketImpl.implRead (NioSocketImpl.java:322)
|    at sun.nio.ch.NioSocketImpl.read (NioSocketImpl.java:347)
|    at sun.nio.ch.NioSocketImpl$1.read (NioSocketImpl.java:800)
|    at java.net.Socket$SocketInputStream.read (Socket.java:966)
|    at java.net.Socket$SocketInputStream.read (Socket.java:961)
|    at java.io.ObjectInputStream$PeekInputStream.peek (ObjectInputStream.java:2905)
|    at java.io.ObjectInputStream$BlockDataInputStream.peek (ObjectInputStream.java:3232)
|    at java.io.ObjectInputStream$BlockDataInputStream.peekByte (ObjectInputStream.java:3242)
|    at java.io.ObjectInputStream.readObject0 (ObjectInputStream.java:1708)
|    at java.io.ObjectInputStream.readObject (ObjectInputStream.java:538)
|    at java.io.ObjectInputStream.readObject (ObjectInputStream.java:496)
|    at edu.csus.ecs.pc2.core.transport.ConnectionHandlerThread.receive (ConnectionHandlerThread.java:152)
|    at edu.csus.ecs.pc2.core.transport.ConnectionHandlerClientThread.run (ConnectionHandlerClientThread.java:66)
221210 150258.299|FINER|Thread-3097|run|THROW
|edu.csus.ecs.pc2.core.transport.TransportException: An established connection was aborted by the software in your host machine
|    at edu.csus.ecs.pc2.core.transport.ConnectionHandlerThread.receive (ConnectionHandlerThread.java:156)
|    at edu.csus.ecs.pc2.core.transport.ConnectionHandlerClientThread.run (ConnectionHandlerClientThread.java:66)
221210 150258.304|INFO|Thread-3097|receive|SocketException in receive for Socket[addr=/212.212.212.212,port=50002,localport=57783]--533662068707644132
|java.net.SocketException: Connection reset
|    at sun.nio.ch.NioSocketImpl.implRead (NioSocketImpl.java:320)
|    at sun.nio.ch.NioSocketImpl.read (NioSocketImpl.java:347)
|    at sun.nio.ch.NioSocketImpl$1.read (NioSocketImpl.java:800)
|    at java.net.Socket$SocketInputStream.read (Socket.java:966)
|    at java.net.Socket$SocketInputStream.read (Socket.java:961)
|    at java.io.ObjectInputStream$PeekInputStream.peek (ObjectInputStream.java:2905)
|    at java.io.ObjectInputStream$BlockDataInputStream.peek (ObjectInputStream.java:3232)
|    at java.io.ObjectInputStream$BlockDataInputStream.peekByte (ObjectInputStream.java:3242)
|    at java.io.ObjectInputStream.readObject0 (ObjectInputStream.java:1708)
|    at java.io.ObjectInputStream.readObject (ObjectInputStream.java:538)
|    at java.io.ObjectInputStream.readObject (ObjectInputStream.java:496)
|    at edu.csus.ecs.pc2.core.transport.ConnectionHandlerThread.receive (ConnectionHandlerThread.java:152)
|    at edu.csus.ecs.pc2.core.transport.ConnectionHandlerClientThread.run (ConnectionHandlerClientThread.java:66)
221210 150258.306|FINER|Thread-3097|run|THROW
|edu.csus.ecs.pc2.core.transport.TransportException: Connection reset
|    at edu.csus.ecs.pc2.core.transport.ConnectionHandlerThread.receive (ConnectionHandlerThread.java:156)
|    at edu.csus.ecs.pc2.core.transport.ConnectionHandlerClientThread.run (ConnectionHandlerClientThread.java:66)
