231209 094540.732|CONFIG|qtp135640095-21299|setFileHandlers|Now logging to C:\Users\18328\Desktop\pc2\WebTeamInterface-1.1\logs directory.
231209 094540.732|INFO|qtp135640095-21299|info|
231209 094540.732|INFO|qtp135640095-21299|info|Version 9 () Java ver 18.0.2.1 build  Windows 11 10.0 (amd64) 
231209 094540.732|INFO|qtp135640095-21299|startLog|Working directory is C:\Users\18328\Desktop\pc2\WebTeamInterface-1.1
231209 094540.732|INFO|qtp135640095-21299|startLog|Process id is 15028@DESKTOP-D75BQTV
231209 094540.732|INFO|qtp135640095-21299|start|Starting ConnectionManager...
231209 094540.742|INFO|qtp135640095-21299|start|Started ConnectionManager
231209 094540.742|INFO|qtp135640095-21299|setClientServerAndPort|INIFile File location: file:/C:/Users/18328/Desktop/pc2/WebTeamInterface-1.1/pc2v9.ini
231209 094540.742|INFO|qtp135640095-21299|setClientServerAndPort|setClientServerAndPort localhost parsed as localhost port 50002
231209 094540.742|INFO|qtp135640095-21299|info|Contacting server at localhost:50002
231209 094540.742|INFO|qtp135640095-21299|connectToMyServer|Connecting to localhost:50002
231209 094540.749|INFO|Thread-26101|receiveUnencrypted|receiveUnencrypted(TransportWrapper, ConnectionHandlerID=Socket[addr=localhost/127.0.0.1,port=50002,localport=49891]--32102298383338733)
231209 094540.749|INFO|Thread-26101|receiveUnencrypted|receiveUnencrypted Made a secret key for Socket[addr=localhost/127.0.0.1,port=50002,localport=49891]--32102298383338733 key is com.sun.crypto.provider.DESKey@fffe7bab
231209 094540.749|INFO|Thread-26101|getPublicKeyPacket|Generating Unencrypted Public Key Packet
231209 094540.749|INFO|Thread-26101|getPublicKeyPacket|checking key:= SunJCE Diffie-Hellman Public Key:
y:
    c1cc829a e60e3b87 5305cdcd 86ba968d 815a31e0 e86e71a3 0af3af3e 196de7e4
    ae741337 5dd852e3 83d15ac6 de8b3a41 cb2b2c62 ffc23cbb 9ca312bf 49f81c0e
    3997762f 866bcd0f 73c6b852 c3901d13 0731f3b0 cad02f33 8440956c 307d4d35
    7684ba04 7a92b7cc 06700c3f f198182e e60dd04a 0fb276f4 75c689a3 137d40b6
p:
    f488fd58 4e49dbcd 20b49de4 9107366b 336c380d 451d0f7c 88b31c7c 5b2d8ef6
    f3c923c0 43f0a55b 188d8ebb 558cb85d 38d334fd 7c175743 a31d186c de33212c
    b52aff3c e1b12940 18118d7c 84a70a72 d686c403 19c80729 7aca950c d9969fab
    d00a509b 0246d308 3d66a45d 419f9c7c bd894b22 1926baab a25ec355 e92f78c7
g:
    02
l:
    512
231209 094540.749|INFO|Thread-26101|getPublicKeyPacket|packet:= edu.csus.ecs.pc2.core.transport.TransportWrapper@64ee0029
231209 103610.382|INFO|Thread-26101|receive|EOFException in receive for Socket[addr=localhost/127.0.0.1,port=50002,localport=49891]--32102298383338733
|java.io.EOFException: null
|    at java.io.ObjectInputStream$BlockDataInputStream.peekByte (ObjectInputStream.java:3244)
|    at java.io.ObjectInputStream.readObject0 (ObjectInputStream.java:1708)
|    at java.io.ObjectInputStream.readObject (ObjectInputStream.java:538)
|    at java.io.ObjectInputStream.readObject (ObjectInputStream.java:496)
|    at edu.csus.ecs.pc2.core.transport.ConnectionHandlerThread.receive (ConnectionHandlerThread.java:152)
|    at edu.csus.ecs.pc2.core.transport.ConnectionHandlerClientThread.run (ConnectionHandlerClientThread.java:66)
231209 103610.382|FINER|Thread-26101|run|THROW
|edu.csus.ecs.pc2.core.transport.TransportException: null
|    at edu.csus.ecs.pc2.core.transport.ConnectionHandlerThread.receive (ConnectionHandlerThread.java:159)
|    at edu.csus.ecs.pc2.core.transport.ConnectionHandlerClientThread.run (ConnectionHandlerClientThread.java:66)
231209 103610.382|FINER|Thread-26101|run - e.getmessage is null()|THROW
|edu.csus.ecs.pc2.core.transport.TransportException: null
|    at edu.csus.ecs.pc2.core.transport.ConnectionHandlerThread.receive (ConnectionHandlerThread.java:159)
|    at edu.csus.ecs.pc2.core.transport.ConnectionHandlerClientThread.run (ConnectionHandlerClientThread.java:66)
