221210 092120.403|CONFIG|qtp996796369-1390|setFileHandlers|Now logging to C:\Users\18328\Desktop\pc2\WebTeamInterface-1.1\logs directory.
221210 092120.403|INFO|qtp996796369-1390|info|
221210 092120.404|INFO|qtp996796369-1390|info|Version 9 () Java ver 18.0.2.1 build  Windows 11 10.0 (amd64) 
221210 092120.404|INFO|qtp996796369-1390|startLog|Working directory is C:\Users\18328\Desktop\pc2\WebTeamInterface-1.1
221210 092120.405|INFO|qtp996796369-1390|startLog|Process id is 20708@DESKTOP-D75BQTV
221210 092120.405|INFO|qtp996796369-1390|start|Starting ConnectionManager...
221210 092120.412|INFO|qtp996796369-1390|start|Started ConnectionManager
221210 092120.413|INFO|qtp996796369-1390|setClientServerAndPort|INIFile File location: file:/C:/Users/18328/Desktop/pc2/WebTeamInterface-1.1/pc2v9.ini
221210 092120.413|INFO|qtp996796369-1390|setClientServerAndPort|setClientServerAndPort 212.212.212.212 parsed as 212.212.212.212 port 50002
221210 092120.413|INFO|qtp996796369-1390|info|Contacting server at 212.212.212.212:50002
221210 092120.413|INFO|qtp996796369-1390|connectToMyServer|Connecting to 212.212.212.212:50002
221210 092120.414|INFO|Thread-15098|receiveUnencrypted|receiveUnencrypted(TransportWrapper, ConnectionHandlerID=Socket[addr=/212.212.212.212,port=50002,localport=52727]-5007227516595769233)
221210 092120.415|INFO|Thread-15098|receiveUnencrypted|receiveUnencrypted Made a secret key for Socket[addr=/212.212.212.212,port=50002,localport=52727]-5007227516595769233 key is com.sun.crypto.provider.DESKey@18743
221210 092120.415|INFO|Thread-15098|getPublicKeyPacket|Generating Unencrypted Public Key Packet
221210 092120.415|INFO|Thread-15098|getPublicKeyPacket|checking key:= SunJCE Diffie-Hellman Public Key:
y:
    080666ba d456d4d6 77558b23 3436d288 0722d3af 68b331ae 0268d220 29198dcd
    bcf9b3f4 c60f03ed 4e966b29 c17ef575 3e1890c7 d527d41e bbaac28f 8d486abd
    c124426c a271daaa c10edabf fa7cc2e8 ecb13f64 a636c313 9b4b7c0c 72ba361c
    95015ea6 3907a78d d3240ee7 58f3e584 e71f11c8 a3d7eb95 3c5241d7 22892ff6
p:
    f488fd58 4e49dbcd 20b49de4 9107366b 336c380d 451d0f7c 88b31c7c 5b2d8ef6
    f3c923c0 43f0a55b 188d8ebb 558cb85d 38d334fd 7c175743 a31d186c de33212c
    b52aff3c e1b12940 18118d7c 84a70a72 d686c403 19c80729 7aca950c d9969fab
    d00a509b 0246d308 3d66a45d 419f9c7c bd894b22 1926baab a25ec355 e92f78c7
g:
    02
l:
    512
221210 092120.415|INFO|Thread-15098|getPublicKeyPacket|packet:= edu.csus.ecs.pc2.core.transport.TransportWrapper@19587c09
221210 094818.765|INFO|Thread-15098|receive|EOFException in receive for Socket[addr=/212.212.212.212,port=50002,localport=52727]-5007227516595769233
|java.io.EOFException: null
|    at java.io.ObjectInputStream$BlockDataInputStream.peekByte (ObjectInputStream.java:3244)
|    at java.io.ObjectInputStream.readObject0 (ObjectInputStream.java:1708)
|    at java.io.ObjectInputStream.readObject (ObjectInputStream.java:538)
|    at java.io.ObjectInputStream.readObject (ObjectInputStream.java:496)
|    at edu.csus.ecs.pc2.core.transport.ConnectionHandlerThread.receive (ConnectionHandlerThread.java:152)
|    at edu.csus.ecs.pc2.core.transport.ConnectionHandlerClientThread.run (ConnectionHandlerClientThread.java:66)
221210 094818.765|FINER|Thread-15098|run|THROW
|edu.csus.ecs.pc2.core.transport.TransportException: null
|    at edu.csus.ecs.pc2.core.transport.ConnectionHandlerThread.receive (ConnectionHandlerThread.java:159)
|    at edu.csus.ecs.pc2.core.transport.ConnectionHandlerClientThread.run (ConnectionHandlerClientThread.java:66)
221210 094818.765|FINER|Thread-15098|run - e.getmessage is null()|THROW
|edu.csus.ecs.pc2.core.transport.TransportException: null
|    at edu.csus.ecs.pc2.core.transport.ConnectionHandlerThread.receive (ConnectionHandlerThread.java:159)
|    at edu.csus.ecs.pc2.core.transport.ConnectionHandlerClientThread.run (ConnectionHandlerClientThread.java:66)
