221210 104026.627|CONFIG|qtp1613095350-3023|setFileHandlers|Now logging to C:\Users\18328\Desktop\pc2\WebTeamInterface-1.1\logs directory.
221210 104026.627|INFO|qtp1613095350-3023|info|
221210 104026.627|INFO|qtp1613095350-3023|info|Version 9 () Java ver 18.0.2.1 build  Windows 11 10.0 (amd64) 
221210 104026.627|INFO|qtp1613095350-3023|startLog|Working directory is C:\Users\18328\Desktop\pc2\WebTeamInterface-1.1
221210 104026.628|INFO|qtp1613095350-3023|startLog|Process id is 22344@DESKTOP-D75BQTV
221210 104026.628|INFO|qtp1613095350-3023|start|Starting ConnectionManager...
221210 104026.628|INFO|qtp1613095350-3023|start|Started ConnectionManager
221210 104026.629|INFO|qtp1613095350-3023|setClientServerAndPort|INIFile File location: file:/C:/Users/18328/Desktop/pc2/WebTeamInterface-1.1/pc2v9.ini
221210 104026.629|INFO|qtp1613095350-3023|setClientServerAndPort|setClientServerAndPort 212.212.212.212 parsed as 212.212.212.212 port 50002
221210 104026.629|INFO|qtp1613095350-3023|info|Contacting server at 212.212.212.212:50002
221210 104026.629|INFO|qtp1613095350-3023|connectToMyServer|Connecting to 212.212.212.212:50002
221210 104026.631|INFO|Thread-4121|receiveUnencrypted|receiveUnencrypted(TransportWrapper, ConnectionHandlerID=Socket[addr=/212.212.212.212,port=50002,localport=59060]-3142233364564107100)
221210 104026.631|INFO|Thread-4121|receiveUnencrypted|receiveUnencrypted Made a secret key for Socket[addr=/212.212.212.212,port=50002,localport=59060]-3142233364564107100 key is com.sun.crypto.provider.DESKey@fffe7a27
221210 104026.631|INFO|Thread-4121|getPublicKeyPacket|Generating Unencrypted Public Key Packet
221210 104026.631|INFO|Thread-4121|getPublicKeyPacket|checking key:= SunJCE Diffie-Hellman Public Key:
y:
    a66842f1 93a1fcf7 3a9f36ac ed8139fc b0cc95d6 3d0f22a7 cadb64f0 bac6f5a9
    471163b7 d1040813 e085be80 287cc125 01a44d0e 018c6ffb 876ac8f5 839f6a46
    bbb39650 2ff6362f bfc5e045 de489552 667d5128 b99accc6 aade96aa 7baa2662
    a5a4d309 e6c202ed 96f3ec5b 1e247165 2f57158e e4bec6ea f451fb46 69506781
p:
    f488fd58 4e49dbcd 20b49de4 9107366b 336c380d 451d0f7c 88b31c7c 5b2d8ef6
    f3c923c0 43f0a55b 188d8ebb 558cb85d 38d334fd 7c175743 a31d186c de33212c
    b52aff3c e1b12940 18118d7c 84a70a72 d686c403 19c80729 7aca950c d9969fab
    d00a509b 0246d308 3d66a45d 419f9c7c bd894b22 1926baab a25ec355 e92f78c7
g:
    02
l:
    512
221210 104026.631|INFO|Thread-4121|getPublicKeyPacket|packet:= edu.csus.ecs.pc2.core.transport.TransportWrapper@2a2c96ab
221210 150258.256|INFO|Thread-4121|receive|SocketException in receive for Socket[addr=/212.212.212.212,port=50002,localport=59060]-3142233364564107100
|java.net.SocketException: An established connection was aborted by the software in your host machine
|    at sun.nio.ch.NioSocketImpl.implRead (NioSocketImpl.java:322)
|    at sun.nio.ch.NioSocketImpl.read (NioSocketImpl.java:347)
|    at sun.nio.ch.NioSocketImpl$1.read (NioSocketImpl.java:800)
|    at java.net.Socket$SocketInputStream.read (Socket.java:966)
|    at java.net.Socket$SocketInputStream.read (Socket.java:961)
|    at java.io.ObjectInputStream$PeekInputStream.peek (ObjectInputStream.java:2905)
|    at java.io.ObjectInputStream$BlockDataInputStream.peek (ObjectInputStream.java:3232)
|    at java.io.ObjectInputStream$BlockDataInputStream.peekByte (ObjectInputStream.java:3242)
|    at java.io.ObjectInputStream.readObject0 (ObjectInputStream.java:1708)
|    at java.io.ObjectInputStream.readObject (ObjectInputStream.java:538)
|    at java.io.ObjectInputStream.readObject (ObjectInputStream.java:496)
|    at edu.csus.ecs.pc2.core.transport.ConnectionHandlerThread.receive (ConnectionHandlerThread.java:152)
|    at edu.csus.ecs.pc2.core.transport.ConnectionHandlerClientThread.run (ConnectionHandlerClientThread.java:66)
221210 150258.317|FINER|Thread-4121|run|THROW
|edu.csus.ecs.pc2.core.transport.TransportException: An established connection was aborted by the software in your host machine
|    at edu.csus.ecs.pc2.core.transport.ConnectionHandlerThread.receive (ConnectionHandlerThread.java:156)
|    at edu.csus.ecs.pc2.core.transport.ConnectionHandlerClientThread.run (ConnectionHandlerClientThread.java:66)
221210 150258.318|INFO|Thread-4121|receive|SocketException in receive for Socket[addr=/212.212.212.212,port=50002,localport=59060]-3142233364564107100
|java.net.SocketException: Connection reset
|    at sun.nio.ch.NioSocketImpl.implRead (NioSocketImpl.java:320)
|    at sun.nio.ch.NioSocketImpl.read (NioSocketImpl.java:347)
|    at sun.nio.ch.NioSocketImpl$1.read (NioSocketImpl.java:800)
|    at java.net.Socket$SocketInputStream.read (Socket.java:966)
|    at java.net.Socket$SocketInputStream.read (Socket.java:961)
|    at java.io.ObjectInputStream$PeekInputStream.peek (ObjectInputStream.java:2905)
|    at java.io.ObjectInputStream$BlockDataInputStream.peek (ObjectInputStream.java:3232)
|    at java.io.ObjectInputStream$BlockDataInputStream.peekByte (ObjectInputStream.java:3242)
|    at java.io.ObjectInputStream.readObject0 (ObjectInputStream.java:1708)
|    at java.io.ObjectInputStream.readObject (ObjectInputStream.java:538)
|    at java.io.ObjectInputStream.readObject (ObjectInputStream.java:496)
|    at edu.csus.ecs.pc2.core.transport.ConnectionHandlerThread.receive (ConnectionHandlerThread.java:152)
|    at edu.csus.ecs.pc2.core.transport.ConnectionHandlerClientThread.run (ConnectionHandlerClientThread.java:66)
221210 150258.321|FINER|Thread-4121|run|THROW
|edu.csus.ecs.pc2.core.transport.TransportException: Connection reset
|    at edu.csus.ecs.pc2.core.transport.ConnectionHandlerThread.receive (ConnectionHandlerThread.java:156)
|    at edu.csus.ecs.pc2.core.transport.ConnectionHandlerClientThread.run (ConnectionHandlerClientThread.java:66)
