221210 083300.119|CONFIG|qtp996796369-4847|setFileHandlers|Now logging to C:\Users\18328\Desktop\pc2\WebTeamInterface-1.1\logs directory.
221210 083300.119|INFO|qtp996796369-4847|info|
221210 083300.121|INFO|qtp996796369-4847|info|Version 9 () Java ver 18.0.2.1 build  Windows 11 10.0 (amd64) 
221210 083300.121|INFO|qtp996796369-4847|startLog|Working directory is C:\Users\18328\Desktop\pc2\WebTeamInterface-1.1
221210 083300.121|INFO|qtp996796369-4847|startLog|Process id is 20708@DESKTOP-D75BQTV
221210 083300.121|INFO|qtp996796369-4847|start|Starting ConnectionManager...
221210 083300.122|INFO|qtp996796369-4847|start|Started ConnectionManager
221210 083300.123|INFO|qtp996796369-4847|setClientServerAndPort|INIFile File location: file:/C:/Users/18328/Desktop/pc2/WebTeamInterface-1.1/pc2v9.ini
221210 083300.123|INFO|qtp996796369-4847|setClientServerAndPort|setClientServerAndPort 212.212.212.212 parsed as 212.212.212.212 port 50002
221210 083300.123|INFO|qtp996796369-4847|info|Contacting server at 212.212.212.212:50002
221210 083300.123|INFO|qtp996796369-4847|connectToMyServer|Connecting to 212.212.212.212:50002
221210 083300.124|INFO|Thread-6418|receiveUnencrypted|receiveUnencrypted(TransportWrapper, ConnectionHandlerID=Socket[addr=/212.212.212.212,port=50002,localport=50094]-2618985902068269410)
221210 083300.125|INFO|Thread-6418|receiveUnencrypted|receiveUnencrypted Made a secret key for Socket[addr=/212.212.212.212,port=50002,localport=50094]-2618985902068269410 key is com.sun.crypto.provider.DESKey@18445
221210 083300.125|INFO|Thread-6418|getPublicKeyPacket|Generating Unencrypted Public Key Packet
221210 083300.125|INFO|Thread-6418|getPublicKeyPacket|checking key:= SunJCE Diffie-Hellman Public Key:
y:
    dcee03ca e9850d90 4a876e97 5b4ee081 a9ab5a3c 09c97068 fdfc955d edf5bc19
    6ca69856 614633e1 445ae6ed a0d6ba49 7b4e91c4 61becd97 dd1eae62 f37a6c0d
    43d5a5ab 574a4487 f3364c3b 7a71744a 27edc1b1 aa7fda84 74a78bea 81d01308
    c68be9dc cc24b828 24d63a9e 8ac820f0 2c77c616 0b544f63 ec5f416d ccdf4393
p:
    f488fd58 4e49dbcd 20b49de4 9107366b 336c380d 451d0f7c 88b31c7c 5b2d8ef6
    f3c923c0 43f0a55b 188d8ebb 558cb85d 38d334fd 7c175743 a31d186c de33212c
    b52aff3c e1b12940 18118d7c 84a70a72 d686c403 19c80729 7aca950c d9969fab
    d00a509b 0246d308 3d66a45d 419f9c7c bd894b22 1926baab a25ec355 e92f78c7
g:
    02
l:
    512
221210 095957.460|INFO|Thread-6418|receive|EOFException in receive for Socket[addr=/212.212.212.212,port=50002,localport=50094]-2618985902068269410
|java.io.EOFException: null
|    at java.io.ObjectInputStream$BlockDataInputStream.peekByte (ObjectInputStream.java:3244)
|    at java.io.ObjectInputStream.readObject0 (ObjectInputStream.java:1708)
|    at java.io.ObjectInputStream.readObject (ObjectInputStream.java:538)
|    at java.io.ObjectInputStream.readObject (ObjectInputStream.java:496)
|    at edu.csus.ecs.pc2.core.transport.ConnectionHandlerThread.receive (ConnectionHandlerThread.java:152)
|    at edu.csus.ecs.pc2.core.transport.ConnectionHandlerClientThread.run (ConnectionHandlerClientThread.java:66)
221210 095957.460|FINER|Thread-6418|run|THROW
|edu.csus.ecs.pc2.core.transport.TransportException: null
|    at edu.csus.ecs.pc2.core.transport.ConnectionHandlerThread.receive (ConnectionHandlerThread.java:159)
|    at edu.csus.ecs.pc2.core.transport.ConnectionHandlerClientThread.run (ConnectionHandlerClientThread.java:66)
221210 095957.460|FINER|Thread-6418|run - e.getmessage is null()|THROW
|edu.csus.ecs.pc2.core.transport.TransportException: null
|    at edu.csus.ecs.pc2.core.transport.ConnectionHandlerThread.receive (ConnectionHandlerThread.java:159)
|    at edu.csus.ecs.pc2.core.transport.ConnectionHandlerClientThread.run (ConnectionHandlerClientThread.java:66)
