231209 075737.383|CONFIG|qtp135640095-303|setFileHandlers|Now logging to C:\Users\18328\Desktop\pc2\WebTeamInterface-1.1\logs directory.
231209 075737.383|INFO|qtp135640095-303|info|
231209 075737.383|INFO|qtp135640095-303|info|Version 9 () Java ver 18.0.2.1 build  Windows 11 10.0 (amd64) 
231209 075737.383|INFO|qtp135640095-303|startLog|Working directory is C:\Users\18328\Desktop\pc2\WebTeamInterface-1.1
231209 075737.383|INFO|qtp135640095-303|startLog|Process id is 15028@DESKTOP-D75BQTV
231209 075737.383|INFO|qtp135640095-303|start|Starting ConnectionManager...
231209 075737.393|INFO|qtp135640095-303|start|Started ConnectionManager
231209 075737.393|INFO|qtp135640095-303|setClientServerAndPort|INIFile File location: file:/C:/Users/18328/Desktop/pc2/WebTeamInterface-1.1/pc2v9.ini
231209 075737.393|INFO|qtp135640095-303|setClientServerAndPort|setClientServerAndPort localhost parsed as localhost port 50002
231209 075737.399|INFO|qtp135640095-303|info|Contacting server at localhost:50002
231209 075737.399|INFO|qtp135640095-303|connectToMyServer|Connecting to localhost:50002
231209 075737.407|INFO|Thread-422|receiveUnencrypted|receiveUnencrypted(TransportWrapper, ConnectionHandlerID=Socket[addr=localhost/127.0.0.1,port=50002,localport=58192]-7474992466195135070)
231209 075737.407|INFO|Thread-422|receiveUnencrypted|receiveUnencrypted Made a secret key for Socket[addr=localhost/127.0.0.1,port=50002,localport=58192]-7474992466195135070 key is com.sun.crypto.provider.DESKey@1860e
231209 075737.407|INFO|Thread-422|getPublicKeyPacket|Generating Unencrypted Public Key Packet
231209 075737.407|INFO|Thread-422|getPublicKeyPacket|checking key:= SunJCE Diffie-Hellman Public Key:
y:
    b0e3cd06 c2d77505 c4783c94 5cf0e428 6161633d cf4f47f7 484cc0da 8888c6fb
    4f5f29f9 a428efe1 501a6aeb f078a1b3 5a83f9aa 7d61fedf d8fbfb56 d4649393
    aa669988 63e20372 14499729 afbb8193 6593d254 cea3d006 2ab2d073 05457f86
    c8bc8f56 54d063a5 6077aa13 7beb5b9b 94238040 832f5f0c 94825328 002673a6
p:
    f488fd58 4e49dbcd 20b49de4 9107366b 336c380d 451d0f7c 88b31c7c 5b2d8ef6
    f3c923c0 43f0a55b 188d8ebb 558cb85d 38d334fd 7c175743 a31d186c de33212c
    b52aff3c e1b12940 18118d7c 84a70a72 d686c403 19c80729 7aca950c d9969fab
    d00a509b 0246d308 3d66a45d 419f9c7c bd894b22 1926baab a25ec355 e92f78c7
g:
    02
l:
    512
231209 095607.353|INFO|Thread-422|receive|EOFException in receive for Socket[addr=localhost/127.0.0.1,port=50002,localport=58192]-7474992466195135070
|java.io.EOFException: null
|    at java.io.ObjectInputStream$BlockDataInputStream.peekByte (ObjectInputStream.java:3244)
|    at java.io.ObjectInputStream.readObject0 (ObjectInputStream.java:1708)
|    at java.io.ObjectInputStream.readObject (ObjectInputStream.java:538)
|    at java.io.ObjectInputStream.readObject (ObjectInputStream.java:496)
|    at edu.csus.ecs.pc2.core.transport.ConnectionHandlerThread.receive (ConnectionHandlerThread.java:152)
|    at edu.csus.ecs.pc2.core.transport.ConnectionHandlerClientThread.run (ConnectionHandlerClientThread.java:66)
231209 095607.353|FINER|Thread-422|run|THROW
|edu.csus.ecs.pc2.core.transport.TransportException: null
|    at edu.csus.ecs.pc2.core.transport.ConnectionHandlerThread.receive (ConnectionHandlerThread.java:159)
|    at edu.csus.ecs.pc2.core.transport.ConnectionHandlerClientThread.run (ConnectionHandlerClientThread.java:66)
231209 095607.353|FINER|Thread-422|run - e.getmessage is null()|THROW
|edu.csus.ecs.pc2.core.transport.TransportException: null
|    at edu.csus.ecs.pc2.core.transport.ConnectionHandlerThread.receive (ConnectionHandlerThread.java:159)
|    at edu.csus.ecs.pc2.core.transport.ConnectionHandlerClientThread.run (ConnectionHandlerClientThread.java:66)
