231209 095603.311|CONFIG|qtp135640095-20986|setFileHandlers|Now logging to C:\Users\18328\Desktop\pc2\WebTeamInterface-1.1\logs directory.
231209 095603.311|INFO|qtp135640095-20986|info|
231209 095603.311|INFO|qtp135640095-20986|info|Version 9 () Java ver 18.0.2.1 build  Windows 11 10.0 (amd64) 
231209 095603.311|INFO|qtp135640095-20986|startLog|Working directory is C:\Users\18328\Desktop\pc2\WebTeamInterface-1.1
231209 095603.311|INFO|qtp135640095-20986|startLog|Process id is 15028@DESKTOP-D75BQTV
231209 095603.311|INFO|qtp135640095-20986|start|Starting ConnectionManager...
231209 095603.323|INFO|qtp135640095-20986|start|Started ConnectionManager
231209 095603.328|INFO|qtp135640095-20986|setClientServerAndPort|INIFile File location: file:/C:/Users/18328/Desktop/pc2/WebTeamInterface-1.1/pc2v9.ini
231209 095603.328|INFO|qtp135640095-20986|setClientServerAndPort|setClientServerAndPort localhost parsed as localhost port 50002
231209 095603.328|INFO|qtp135640095-20986|info|Contacting server at localhost:50002
231209 095603.328|INFO|qtp135640095-20986|connectToMyServer|Connecting to localhost:50002
231209 095603.336|INFO|Thread-33413|receiveUnencrypted|receiveUnencrypted(TransportWrapper, ConnectionHandlerID=Socket[addr=localhost/127.0.0.1,port=50002,localport=51612]--3964929879711076472)
231209 095603.336|INFO|Thread-33413|receiveUnencrypted|receiveUnencrypted Made a secret key for Socket[addr=localhost/127.0.0.1,port=50002,localport=51612]--3964929879711076472 key is com.sun.crypto.provider.DESKey@184cf
231209 095603.336|INFO|Thread-33413|getPublicKeyPacket|Generating Unencrypted Public Key Packet
231209 095603.336|INFO|Thread-33413|getPublicKeyPacket|checking key:= SunJCE Diffie-Hellman Public Key:
y:
    3d28524c 26483414 ef40b67b 6df44410 a8c7a020 a773cb6b ace8b701 427d3706
    6ef6f328 6c8cdc23 44f86f25 b0ba4c0c 094409f3 a44ffa70 ba871297 353cb91d
    d4d70ef6 1f67daca 194db565 5dd688b9 ee5f5b18 bfb9b1bd bc690434 41f27a54
    4d8603dd 4ce1f8e9 9782df3b 7c7b87cf 172a59ae f6e9826b a959e2fc ac527a80
p:
    f488fd58 4e49dbcd 20b49de4 9107366b 336c380d 451d0f7c 88b31c7c 5b2d8ef6
    f3c923c0 43f0a55b 188d8ebb 558cb85d 38d334fd 7c175743 a31d186c de33212c
    b52aff3c e1b12940 18118d7c 84a70a72 d686c403 19c80729 7aca950c d9969fab
    d00a509b 0246d308 3d66a45d 419f9c7c bd894b22 1926baab a25ec355 e92f78c7
g:
    02
l:
    512
231209 095603.336|INFO|Thread-33413|getPublicKeyPacket|packet:= edu.csus.ecs.pc2.core.transport.TransportWrapper@6dcd240c
231209 103945.136|INFO|Thread-33413|receive|EOFException in receive for Socket[addr=localhost/127.0.0.1,port=50002,localport=51612]--3964929879711076472
|java.io.EOFException: null
|    at java.io.ObjectInputStream$BlockDataInputStream.peekByte (ObjectInputStream.java:3244)
|    at java.io.ObjectInputStream.readObject0 (ObjectInputStream.java:1708)
|    at java.io.ObjectInputStream.readObject (ObjectInputStream.java:538)
|    at java.io.ObjectInputStream.readObject (ObjectInputStream.java:496)
|    at edu.csus.ecs.pc2.core.transport.ConnectionHandlerThread.receive (ConnectionHandlerThread.java:152)
|    at edu.csus.ecs.pc2.core.transport.ConnectionHandlerClientThread.run (ConnectionHandlerClientThread.java:66)
231209 103945.136|FINER|Thread-33413|run|THROW
|edu.csus.ecs.pc2.core.transport.TransportException: null
|    at edu.csus.ecs.pc2.core.transport.ConnectionHandlerThread.receive (ConnectionHandlerThread.java:159)
|    at edu.csus.ecs.pc2.core.transport.ConnectionHandlerClientThread.run (ConnectionHandlerClientThread.java:66)
231209 103945.136|FINER|Thread-33413|run - e.getmessage is null()|THROW
|edu.csus.ecs.pc2.core.transport.TransportException: null
|    at edu.csus.ecs.pc2.core.transport.ConnectionHandlerThread.receive (ConnectionHandlerThread.java:159)
|    at edu.csus.ecs.pc2.core.transport.ConnectionHandlerClientThread.run (ConnectionHandlerClientThread.java:66)
