221210 101637.819|CONFIG|qtp1613095350-21|setFileHandlers|Now logging to C:\Users\18328\Desktop\pc2\WebTeamInterface-1.1\logs directory.
221210 101637.819|INFO|qtp1613095350-21|info|
221210 101637.819|INFO|qtp1613095350-21|info|Version 9 () Java ver 18.0.2.1 build  Windows 11 10.0 (amd64) 
221210 101637.819|INFO|qtp1613095350-21|startLog|Working directory is C:\Users\18328\Desktop\pc2\WebTeamInterface-1.1
221210 101637.820|INFO|qtp1613095350-21|startLog|Process id is 22344@DESKTOP-D75BQTV
221210 101637.820|INFO|qtp1613095350-21|start|Starting ConnectionManager...
221210 101637.820|INFO|qtp1613095350-21|start|Started ConnectionManager
221210 101637.821|INFO|qtp1613095350-21|setClientServerAndPort|INIFile File location: file:/C:/Users/18328/Desktop/pc2/WebTeamInterface-1.1/pc2v9.ini
221210 101637.821|INFO|qtp1613095350-21|setClientServerAndPort|setClientServerAndPort 212.212.212.212 parsed as 212.212.212.212 port 50002
221210 101637.821|INFO|qtp1613095350-21|info|Contacting server at 212.212.212.212:50002
221210 101637.821|INFO|qtp1613095350-21|connectToMyServer|Connecting to 212.212.212.212:50002
221210 101637.823|INFO|Thread-1651|receiveUnencrypted|receiveUnencrypted(TransportWrapper, ConnectionHandlerID=Socket[addr=/212.212.212.212,port=50002,localport=57020]-3657722206350831874)
221210 101637.824|INFO|Thread-1651|receiveUnencrypted|receiveUnencrypted Made a secret key for Socket[addr=/212.212.212.212,port=50002,localport=57020]-3657722206350831874 key is com.sun.crypto.provider.DESKey@18080
221210 101637.824|INFO|Thread-1651|getPublicKeyPacket|Generating Unencrypted Public Key Packet
221210 101637.824|INFO|Thread-1651|getPublicKeyPacket|checking key:= SunJCE Diffie-Hellman Public Key:
y:
    28ac7633 7457f2cc ece15e54 5d062dee d092f5fb 87bbc597 e3f87231 40d08ebe
    c4517d73 f3729f5a 2ff98665 9c226e5a 3fa6b8ac 016e7228 34ed92e6 9b643eea
    d7927d36 8ad35a76 bb4dd72c db24ae80 c3d8d313 0f9a4498 8827d17e 6edb5850
    e99f3331 800f376d e6253458 4b6c87c2 d37cb701 a56135d8 2907519a 8aa0d782
p:
    f488fd58 4e49dbcd 20b49de4 9107366b 336c380d 451d0f7c 88b31c7c 5b2d8ef6
    f3c923c0 43f0a55b 188d8ebb 558cb85d 38d334fd 7c175743 a31d186c de33212c
    b52aff3c e1b12940 18118d7c 84a70a72 d686c403 19c80729 7aca950c d9969fab
    d00a509b 0246d308 3d66a45d 419f9c7c bd894b22 1926baab a25ec355 e92f78c7
g:
    02
l:
    512
221210 101637.824|INFO|Thread-1651|getPublicKeyPacket|packet:= edu.csus.ecs.pc2.core.transport.TransportWrapper@61ed946a
221210 150258.254|INFO|Thread-1651|receive|SocketException in receive for Socket[addr=/212.212.212.212,port=50002,localport=57020]-3657722206350831874
|java.net.SocketException: An established connection was aborted by the software in your host machine
|    at sun.nio.ch.NioSocketImpl.implRead (NioSocketImpl.java:322)
|    at sun.nio.ch.NioSocketImpl.read (NioSocketImpl.java:347)
|    at sun.nio.ch.NioSocketImpl$1.read (NioSocketImpl.java:800)
|    at java.net.Socket$SocketInputStream.read (Socket.java:966)
|    at java.net.Socket$SocketInputStream.read (Socket.java:961)
|    at java.io.ObjectInputStream$PeekInputStream.peek (ObjectInputStream.java:2905)
|    at java.io.ObjectInputStream$BlockDataInputStream.peek (ObjectInputStream.java:3232)
|    at java.io.ObjectInputStream$BlockDataInputStream.peekByte (ObjectInputStream.java:3242)
|    at java.io.ObjectInputStream.readObject0 (ObjectInputStream.java:1708)
|    at java.io.ObjectInputStream.readObject (ObjectInputStream.java:538)
|    at java.io.ObjectInputStream.readObject (ObjectInputStream.java:496)
|    at edu.csus.ecs.pc2.core.transport.ConnectionHandlerThread.receive (ConnectionHandlerThread.java:152)
|    at edu.csus.ecs.pc2.core.transport.ConnectionHandlerClientThread.run (ConnectionHandlerClientThread.java:66)
221210 150258.267|FINER|Thread-1651|run|THROW
|edu.csus.ecs.pc2.core.transport.TransportException: An established connection was aborted by the software in your host machine
|    at edu.csus.ecs.pc2.core.transport.ConnectionHandlerThread.receive (ConnectionHandlerThread.java:156)
|    at edu.csus.ecs.pc2.core.transport.ConnectionHandlerClientThread.run (ConnectionHandlerClientThread.java:66)
221210 150258.267|INFO|Thread-1651|receive|SocketException in receive for Socket[addr=/212.212.212.212,port=50002,localport=57020]-3657722206350831874
|java.net.SocketException: Connection reset
|    at sun.nio.ch.NioSocketImpl.implRead (NioSocketImpl.java:320)
|    at sun.nio.ch.NioSocketImpl.read (NioSocketImpl.java:347)
|    at sun.nio.ch.NioSocketImpl$1.read (NioSocketImpl.java:800)
|    at java.net.Socket$SocketInputStream.read (Socket.java:966)
|    at java.net.Socket$SocketInputStream.read (Socket.java:961)
|    at java.io.ObjectInputStream$PeekInputStream.peek (ObjectInputStream.java:2905)
|    at java.io.ObjectInputStream$BlockDataInputStream.peek (ObjectInputStream.java:3232)
|    at java.io.ObjectInputStream$BlockDataInputStream.peekByte (ObjectInputStream.java:3242)
|    at java.io.ObjectInputStream.readObject0 (ObjectInputStream.java:1708)
|    at java.io.ObjectInputStream.readObject (ObjectInputStream.java:538)
|    at java.io.ObjectInputStream.readObject (ObjectInputStream.java:496)
|    at edu.csus.ecs.pc2.core.transport.ConnectionHandlerThread.receive (ConnectionHandlerThread.java:152)
|    at edu.csus.ecs.pc2.core.transport.ConnectionHandlerClientThread.run (ConnectionHandlerClientThread.java:66)
221210 150258.270|FINER|Thread-1651|run|THROW
|edu.csus.ecs.pc2.core.transport.TransportException: Connection reset
|    at edu.csus.ecs.pc2.core.transport.ConnectionHandlerThread.receive (ConnectionHandlerThread.java:156)
|    at edu.csus.ecs.pc2.core.transport.ConnectionHandlerClientThread.run (ConnectionHandlerClientThread.java:66)
