231209 103733.074|CONFIG|qtp135640095-45243|setFileHandlers|Now logging to C:\Users\18328\Desktop\pc2\WebTeamInterface-1.1\logs directory.
231209 103733.074|INFO|qtp135640095-45243|info|
231209 103733.074|INFO|qtp135640095-45243|info|Version 9 () Java ver 18.0.2.1 build  Windows 11 10.0 (amd64) 
231209 103733.074|INFO|qtp135640095-45243|startLog|Working directory is C:\Users\18328\Desktop\pc2\WebTeamInterface-1.1
231209 103733.074|INFO|qtp135640095-45243|startLog|Process id is 15028@DESKTOP-D75BQTV
231209 103733.074|INFO|qtp135640095-45243|start|Starting ConnectionManager...
231209 103733.074|INFO|qtp135640095-45243|start|Started ConnectionManager
231209 103733.081|INFO|qtp135640095-45243|setClientServerAndPort|INIFile File location: file:/C:/Users/18328/Desktop/pc2/WebTeamInterface-1.1/pc2v9.ini
231209 103733.081|INFO|qtp135640095-45243|setClientServerAndPort|setClientServerAndPort localhost parsed as localhost port 50002
231209 103733.081|INFO|qtp135640095-45243|info|Contacting server at localhost:50002
231209 103733.081|INFO|qtp135640095-45243|connectToMyServer|Connecting to localhost:50002
231209 103733.086|INFO|Thread-49208|receiveUnencrypted|receiveUnencrypted(TransportWrapper, ConnectionHandlerID=Socket[addr=localhost/127.0.0.1,port=50002,localport=59629]--4991136128418650688)
231209 103733.086|INFO|Thread-49208|receiveUnencrypted|receiveUnencrypted Made a secret key for Socket[addr=localhost/127.0.0.1,port=50002,localport=59629]--4991136128418650688 key is com.sun.crypto.provider.DESKey@18717
231209 103733.086|INFO|Thread-49208|getPublicKeyPacket|Generating Unencrypted Public Key Packet
231209 103733.086|INFO|Thread-49208|getPublicKeyPacket|checking key:= SunJCE Diffie-Hellman Public Key:
y:
    0ec01628 de4ea7ed a0d70a47 f16bd42e eeddf7da 4e36928b 4ff3a391 7cb4ae3c
    1fe72b17 d7f2f580 f079935b dd3e3ab2 0e1856e5 81892666 12207bd7 11fe6529
    bc747b9f 0f199b4b c04755b7 f20c8467 6f49315d 20a39b23 d9cb349c c14d79bc
    149d6320 c93c7e61 38972cd9 f2313cfa 95e7234c 0ab336e4 c77de6ab 2acfc5ef
p:
    f488fd58 4e49dbcd 20b49de4 9107366b 336c380d 451d0f7c 88b31c7c 5b2d8ef6
    f3c923c0 43f0a55b 188d8ebb 558cb85d 38d334fd 7c175743 a31d186c de33212c
    b52aff3c e1b12940 18118d7c 84a70a72 d686c403 19c80729 7aca950c d9969fab
    d00a509b 0246d308 3d66a45d 419f9c7c bd894b22 1926baab a25ec355 e92f78c7
g:
    02
l:
    512
231209 103733.086|INFO|Thread-49208|getPublicKeyPacket|packet:= edu.csus.ecs.pc2.core.transport.TransportWrapper@622064df
231209 103820.825|INFO|Thread-49208|receive|EOFException in receive for Socket[addr=localhost/127.0.0.1,port=50002,localport=59629]--4991136128418650688
|java.io.EOFException: null
|    at java.io.ObjectInputStream$BlockDataInputStream.peekByte (ObjectInputStream.java:3244)
|    at java.io.ObjectInputStream.readObject0 (ObjectInputStream.java:1708)
|    at java.io.ObjectInputStream.readObject (ObjectInputStream.java:538)
|    at java.io.ObjectInputStream.readObject (ObjectInputStream.java:496)
|    at edu.csus.ecs.pc2.core.transport.ConnectionHandlerThread.receive (ConnectionHandlerThread.java:152)
|    at edu.csus.ecs.pc2.core.transport.ConnectionHandlerClientThread.run (ConnectionHandlerClientThread.java:66)
231209 103820.825|FINER|Thread-49208|run|THROW
|edu.csus.ecs.pc2.core.transport.TransportException: null
|    at edu.csus.ecs.pc2.core.transport.ConnectionHandlerThread.receive (ConnectionHandlerThread.java:159)
|    at edu.csus.ecs.pc2.core.transport.ConnectionHandlerClientThread.run (ConnectionHandlerClientThread.java:66)
231209 103820.825|FINER|Thread-49208|run - e.getmessage is null()|THROW
|edu.csus.ecs.pc2.core.transport.TransportException: null
|    at edu.csus.ecs.pc2.core.transport.ConnectionHandlerThread.receive (ConnectionHandlerThread.java:159)
|    at edu.csus.ecs.pc2.core.transport.ConnectionHandlerClientThread.run (ConnectionHandlerClientThread.java:66)
