231209 104009.102|CONFIG|qtp135640095-48853|setFileHandlers|Now logging to C:\Users\18328\Desktop\pc2\WebTeamInterface-1.1\logs directory.
231209 104009.102|INFO|qtp135640095-48853|info|
231209 104009.103|INFO|qtp135640095-48853|info|Version 9 () Java ver 18.0.2.1 build  Windows 11 10.0 (amd64) 
231209 104009.104|INFO|qtp135640095-48853|startLog|Working directory is C:\Users\18328\Desktop\pc2\WebTeamInterface-1.1
231209 104009.104|INFO|qtp135640095-48853|startLog|Process id is 15028@DESKTOP-D75BQTV
231209 104009.104|INFO|qtp135640095-48853|start|Starting ConnectionManager...
231209 104009.112|INFO|qtp135640095-48853|start|Started ConnectionManager
231209 104009.112|INFO|qtp135640095-48853|setClientServerAndPort|INIFile File location: file:/C:/Users/18328/Desktop/pc2/WebTeamInterface-1.1/pc2v9.ini
231209 104009.112|INFO|qtp135640095-48853|setClientServerAndPort|setClientServerAndPort localhost parsed as localhost port 50002
231209 104009.112|INFO|qtp135640095-48853|info|Contacting server at localhost:50002
231209 104009.112|INFO|qtp135640095-48853|connectToMyServer|Connecting to localhost:50002
231209 104009.112|INFO|Thread-49468|receiveUnencrypted|receiveUnencrypted(TransportWrapper, ConnectionHandlerID=Socket[addr=localhost/127.0.0.1,port=50002,localport=60066]--5413814773211082551)
231209 104009.120|INFO|Thread-49468|receiveUnencrypted|receiveUnencrypted Made a secret key for Socket[addr=localhost/127.0.0.1,port=50002,localport=60066]--5413814773211082551 key is com.sun.crypto.provider.DESKey@18085
231209 104009.120|INFO|Thread-49468|getPublicKeyPacket|Generating Unencrypted Public Key Packet
231209 104009.120|INFO|Thread-49468|getPublicKeyPacket|checking key:= SunJCE Diffie-Hellman Public Key:
y:
    6489171d 6d35bb7f 9f15c307 d0577d6e b2e73481 42710bf5 7365d4a1 7b880b4a
    f2d94e93 ba15de4b 535399ff 3bf5d990 670bc57b 68324656 e05c9d19 5d5b725a
    1089f39f a1a1944f e41b6251 75fcc125 653d5f67 adf5277d e8a32ac2 b5f9b0b0
    4dfd9f3d 7ad20834 4907198c 77eab8bc 66bfa3c3 d70d69e7 4cc1bf98 772aa95c
p:
    f488fd58 4e49dbcd 20b49de4 9107366b 336c380d 451d0f7c 88b31c7c 5b2d8ef6
    f3c923c0 43f0a55b 188d8ebb 558cb85d 38d334fd 7c175743 a31d186c de33212c
    b52aff3c e1b12940 18118d7c 84a70a72 d686c403 19c80729 7aca950c d9969fab
    d00a509b 0246d308 3d66a45d 419f9c7c bd894b22 1926baab a25ec355 e92f78c7
g:
    02
l:
    512
231209 104009.120|INFO|Thread-49468|getPublicKeyPacket|packet:= edu.csus.ecs.pc2.core.transport.TransportWrapper@4d2eec08
231209 125144.085|INFO|Thread-49468|receive|SocketException in receive for Socket[addr=localhost/127.0.0.1,port=50002,localport=60066]--5413814773211082551
|java.net.SocketException: Connection reset
|    at sun.nio.ch.NioSocketImpl.implRead (NioSocketImpl.java:320)
|    at sun.nio.ch.NioSocketImpl.read (NioSocketImpl.java:347)
|    at sun.nio.ch.NioSocketImpl$1.read (NioSocketImpl.java:800)
|    at java.net.Socket$SocketInputStream.read (Socket.java:966)
|    at java.net.Socket$SocketInputStream.read (Socket.java:961)
|    at java.io.ObjectInputStream$PeekInputStream.peek (ObjectInputStream.java:2905)
|    at java.io.ObjectInputStream$BlockDataInputStream.peek (ObjectInputStream.java:3232)
|    at java.io.ObjectInputStream$BlockDataInputStream.peekByte (ObjectInputStream.java:3242)
|    at java.io.ObjectInputStream.readObject0 (ObjectInputStream.java:1708)
|    at java.io.ObjectInputStream.readObject (ObjectInputStream.java:538)
|    at java.io.ObjectInputStream.readObject (ObjectInputStream.java:496)
|    at edu.csus.ecs.pc2.core.transport.ConnectionHandlerThread.receive (ConnectionHandlerThread.java:152)
|    at edu.csus.ecs.pc2.core.transport.ConnectionHandlerClientThread.run (ConnectionHandlerClientThread.java:66)
231209 125144.168|FINER|Thread-49468|run|THROW
|edu.csus.ecs.pc2.core.transport.TransportException: Connection reset
|    at edu.csus.ecs.pc2.core.transport.ConnectionHandlerThread.receive (ConnectionHandlerThread.java:156)
|    at edu.csus.ecs.pc2.core.transport.ConnectionHandlerClientThread.run (ConnectionHandlerClientThread.java:66)
