230921 155136.056|CONFIG|qtp18242360-248|setFileHandlers|Now logging to C:\Users\18328\Desktop\pc2\WebTeamInterface-1.1\logs directory.
230921 155136.056|INFO|qtp18242360-248|info|
230921 155136.056|INFO|qtp18242360-248|info|Version 9 () Java ver 18.0.2.1 build  Windows 11 10.0 (amd64) 
230921 155136.056|INFO|qtp18242360-248|startLog|Working directory is C:\Users\18328\Desktop\pc2\WebTeamInterface-1.1
230921 155136.056|INFO|qtp18242360-248|startLog|Process id is 1544@DESKTOP-D75BQTV
230921 155136.056|INFO|qtp18242360-248|start|Starting ConnectionManager...
230921 155136.067|INFO|qtp18242360-248|start|Started ConnectionManager
230921 155136.067|INFO|qtp18242360-248|setClientServerAndPort|INIFile File location: file:/C:/Users/18328/Desktop/pc2/WebTeamInterface-1.1/pc2v9.ini
230921 155136.067|INFO|qtp18242360-248|setClientServerAndPort|setClientServerAndPort localhost parsed as localhost port 50002
230921 155136.067|INFO|qtp18242360-248|info|Contacting server at localhost:50002
230921 155136.067|INFO|qtp18242360-248|connectToMyServer|Connecting to localhost:50002
230921 155136.077|INFO|Thread-790|receiveUnencrypted|receiveUnencrypted(TransportWrapper, ConnectionHandlerID=Socket[addr=localhost/127.0.0.1,port=50002,localport=51338]--2170672018785229457)
230921 155136.077|INFO|Thread-790|receiveUnencrypted|receiveUnencrypted Made a secret key for Socket[addr=localhost/127.0.0.1,port=50002,localport=51338]--2170672018785229457 key is com.sun.crypto.provider.DESKey@186a6
230921 155136.077|INFO|Thread-790|getPublicKeyPacket|Generating Unencrypted Public Key Packet
230921 155136.077|INFO|Thread-790|getPublicKeyPacket|checking key:= SunJCE Diffie-Hellman Public Key:
y:
    4c68a750 90627b9f eca81138 28ec75aa 94bb5637 67aa1bb1 31454286 bd0bf0e5
    5993df36 1c130a73 df578979 a271adc5 fc5cd25d c89e61d6 0537be5f f7e9ec58
    8712d5f5 7099c919 a1b645ab 006c337e 603a2cff 13a59927 f0bec366 11cbfe6a
    51830bda 52c3b38f 790a24e8 5f0cc45c 0a7db3cd 5435ef73 950eae1c 77c25c9c
p:
    f488fd58 4e49dbcd 20b49de4 9107366b 336c380d 451d0f7c 88b31c7c 5b2d8ef6
    f3c923c0 43f0a55b 188d8ebb 558cb85d 38d334fd 7c175743 a31d186c de33212c
    b52aff3c e1b12940 18118d7c 84a70a72 d686c403 19c80729 7aca950c d9969fab
    d00a509b 0246d308 3d66a45d 419f9c7c bd894b22 1926baab a25ec355 e92f78c7
g:
    02
l:
    512
230921 155136.077|INFO|Thread-790|getPublicKeyPacket|packet:= edu.csus.ecs.pc2.core.transport.TransportWrapper@fb9e8d8
230921 155232.719|INFO|Thread-790|receive|EOFException in receive for Socket[addr=localhost/127.0.0.1,port=50002,localport=51338]--2170672018785229457
|java.io.EOFException: null
|    at java.io.ObjectInputStream$BlockDataInputStream.peekByte (ObjectInputStream.java:3244)
|    at java.io.ObjectInputStream.readObject0 (ObjectInputStream.java:1708)
|    at java.io.ObjectInputStream.readObject (ObjectInputStream.java:538)
|    at java.io.ObjectInputStream.readObject (ObjectInputStream.java:496)
|    at edu.csus.ecs.pc2.core.transport.ConnectionHandlerThread.receive (ConnectionHandlerThread.java:152)
|    at edu.csus.ecs.pc2.core.transport.ConnectionHandlerClientThread.run (ConnectionHandlerClientThread.java:66)
230921 155232.719|FINER|Thread-790|run|THROW
|edu.csus.ecs.pc2.core.transport.TransportException: null
|    at edu.csus.ecs.pc2.core.transport.ConnectionHandlerThread.receive (ConnectionHandlerThread.java:159)
|    at edu.csus.ecs.pc2.core.transport.ConnectionHandlerClientThread.run (ConnectionHandlerClientThread.java:66)
230921 155232.719|FINER|Thread-790|run - e.getmessage is null()|THROW
|edu.csus.ecs.pc2.core.transport.TransportException: null
|    at edu.csus.ecs.pc2.core.transport.ConnectionHandlerThread.receive (ConnectionHandlerThread.java:159)
|    at edu.csus.ecs.pc2.core.transport.ConnectionHandlerClientThread.run (ConnectionHandlerClientThread.java:66)
