221210 123635.534|CONFIG|qtp1613095350-176421|setFileHandlers|Now logging to C:\Users\18328\Desktop\pc2\WebTeamInterface-1.1\logs directory.
221210 123635.534|INFO|qtp1613095350-176421|info|
221210 123635.535|INFO|qtp1613095350-176421|info|Version 9 () Java ver 18.0.2.1 build  Windows 11 10.0 (amd64) 
221210 123635.535|INFO|qtp1613095350-176421|startLog|Working directory is C:\Users\18328\Desktop\pc2\WebTeamInterface-1.1
221210 123635.536|INFO|qtp1613095350-176421|startLog|Process id is 22344@DESKTOP-D75BQTV
221210 123635.536|INFO|qtp1613095350-176421|start|Starting ConnectionManager...
221210 123635.541|INFO|qtp1613095350-176421|start|Started ConnectionManager
221210 123635.542|INFO|qtp1613095350-176421|setClientServerAndPort|INIFile File location: file:/C:/Users/18328/Desktop/pc2/WebTeamInterface-1.1/pc2v9.ini
221210 123635.542|INFO|qtp1613095350-176421|setClientServerAndPort|setClientServerAndPort 212.212.212.212 parsed as 212.212.212.212 port 50002
221210 123635.542|INFO|qtp1613095350-176421|info|Contacting server at 212.212.212.212:50002
221210 123635.542|INFO|qtp1613095350-176421|connectToMyServer|Connecting to 212.212.212.212:50002
221210 123635.544|INFO|Thread-210769|receiveUnencrypted|receiveUnencrypted(TransportWrapper, ConnectionHandlerID=Socket[addr=/212.212.212.212,port=50002,localport=50608]--4139762680471176875)
221210 123635.545|INFO|Thread-210769|receiveUnencrypted|receiveUnencrypted Made a secret key for Socket[addr=/212.212.212.212,port=50002,localport=50608]--4139762680471176875 key is com.sun.crypto.provider.DESKey@fffe7fe2
221210 123635.545|INFO|Thread-210769|getPublicKeyPacket|Generating Unencrypted Public Key Packet
221210 123635.545|INFO|Thread-210769|getPublicKeyPacket|checking key:= SunJCE Diffie-Hellman Public Key:
y:
    3b78ef7c 93c7a4b3 b2ee2b7c c73f0a43 fd232f3e 7051445d a580ddb5 dd3cc341
    d5df1337 89075555 e8c70311 03be401e c1d47c88 bbbe2e92 7e02f546 e0330e16
    979d73c7 a8c396d4 4de74c66 c10fc31f 3169c9cb 5a25a9e5 d9020aa5 6fc44bcb
    26162347 0a5eea73 2febff00 071ebb97 66f93808 f12be472 e43acdb3 e879eeb2
p:
    f488fd58 4e49dbcd 20b49de4 9107366b 336c380d 451d0f7c 88b31c7c 5b2d8ef6
    f3c923c0 43f0a55b 188d8ebb 558cb85d 38d334fd 7c175743 a31d186c de33212c
    b52aff3c e1b12940 18118d7c 84a70a72 d686c403 19c80729 7aca950c d9969fab
    d00a509b 0246d308 3d66a45d 419f9c7c bd894b22 1926baab a25ec355 e92f78c7
g:
    02
l:
    512
221210 123635.545|INFO|Thread-210769|getPublicKeyPacket|packet:= edu.csus.ecs.pc2.core.transport.TransportWrapper@7a5603e0
221210 150258.253|INFO|Thread-210769|receive|SocketException in receive for Socket[addr=/212.212.212.212,port=50002,localport=50608]--4139762680471176875
|java.net.SocketException: An established connection was aborted by the software in your host machine
|    at sun.nio.ch.NioSocketImpl.implRead (NioSocketImpl.java:322)
|    at sun.nio.ch.NioSocketImpl.read (NioSocketImpl.java:347)
|    at sun.nio.ch.NioSocketImpl$1.read (NioSocketImpl.java:800)
|    at java.net.Socket$SocketInputStream.read (Socket.java:966)
|    at java.net.Socket$SocketInputStream.read (Socket.java:961)
|    at java.io.ObjectInputStream$PeekInputStream.peek (ObjectInputStream.java:2905)
|    at java.io.ObjectInputStream$BlockDataInputStream.peek (ObjectInputStream.java:3232)
|    at java.io.ObjectInputStream$BlockDataInputStream.peekByte (ObjectInputStream.java:3242)
|    at java.io.ObjectInputStream.readObject0 (ObjectInputStream.java:1708)
|    at java.io.ObjectInputStream.readObject (ObjectInputStream.java:538)
|    at java.io.ObjectInputStream.readObject (ObjectInputStream.java:496)
|    at edu.csus.ecs.pc2.core.transport.ConnectionHandlerThread.receive (ConnectionHandlerThread.java:152)
|    at edu.csus.ecs.pc2.core.transport.ConnectionHandlerClientThread.run (ConnectionHandlerClientThread.java:66)
221210 150258.265|FINER|Thread-210769|run|THROW
|edu.csus.ecs.pc2.core.transport.TransportException: An established connection was aborted by the software in your host machine
|    at edu.csus.ecs.pc2.core.transport.ConnectionHandlerThread.receive (ConnectionHandlerThread.java:156)
|    at edu.csus.ecs.pc2.core.transport.ConnectionHandlerClientThread.run (ConnectionHandlerClientThread.java:66)
221210 150258.266|INFO|Thread-210769|receive|SocketException in receive for Socket[addr=/212.212.212.212,port=50002,localport=50608]--4139762680471176875
|java.net.SocketException: Connection reset
|    at sun.nio.ch.NioSocketImpl.implRead (NioSocketImpl.java:320)
|    at sun.nio.ch.NioSocketImpl.read (NioSocketImpl.java:347)
|    at sun.nio.ch.NioSocketImpl$1.read (NioSocketImpl.java:800)
|    at java.net.Socket$SocketInputStream.read (Socket.java:966)
|    at java.net.Socket$SocketInputStream.read (Socket.java:961)
|    at java.io.ObjectInputStream$PeekInputStream.peek (ObjectInputStream.java:2905)
|    at java.io.ObjectInputStream$BlockDataInputStream.peek (ObjectInputStream.java:3232)
|    at java.io.ObjectInputStream$BlockDataInputStream.peekByte (ObjectInputStream.java:3242)
|    at java.io.ObjectInputStream.readObject0 (ObjectInputStream.java:1708)
|    at java.io.ObjectInputStream.readObject (ObjectInputStream.java:538)
|    at java.io.ObjectInputStream.readObject (ObjectInputStream.java:496)
|    at edu.csus.ecs.pc2.core.transport.ConnectionHandlerThread.receive (ConnectionHandlerThread.java:152)
|    at edu.csus.ecs.pc2.core.transport.ConnectionHandlerClientThread.run (ConnectionHandlerClientThread.java:66)
221210 150258.270|FINER|Thread-210769|run|THROW
|edu.csus.ecs.pc2.core.transport.TransportException: Connection reset
|    at edu.csus.ecs.pc2.core.transport.ConnectionHandlerThread.receive (ConnectionHandlerThread.java:156)
|    at edu.csus.ecs.pc2.core.transport.ConnectionHandlerClientThread.run (ConnectionHandlerClientThread.java:66)
