221210 075554.259|CONFIG|qtp996796369-1391|setFileHandlers|Now logging to C:\Users\18328\Desktop\pc2\WebTeamInterface-1.1\logs directory.
221210 075554.259|INFO|qtp996796369-1391|info|
221210 075554.259|INFO|qtp996796369-1391|info|Version 9 () Java ver 18.0.2.1 build  Windows 11 10.0 (amd64) 
221210 075554.259|INFO|qtp996796369-1391|startLog|Working directory is C:\Users\18328\Desktop\pc2\WebTeamInterface-1.1
221210 075554.263|INFO|qtp996796369-1391|startLog|Process id is 20708@DESKTOP-D75BQTV
221210 075554.263|INFO|qtp996796369-1391|start|Starting ConnectionManager...
221210 075554.272|INFO|qtp996796369-1391|start|Started ConnectionManager
221210 075554.272|INFO|qtp996796369-1391|setClientServerAndPort|INIFile File location: file:/C:/Users/18328/Desktop/pc2/WebTeamInterface-1.1/pc2v9.ini
221210 075554.272|INFO|qtp996796369-1391|setClientServerAndPort|setClientServerAndPort 212.212.212.212 parsed as 212.212.212.212 port 50002
221210 075554.272|INFO|qtp996796369-1391|info|Contacting server at 212.212.212.212:50002
221210 075554.272|INFO|qtp996796369-1391|connectToMyServer|Connecting to 212.212.212.212:50002
221210 075554.279|INFO|Thread-1379|receiveUnencrypted|receiveUnencrypted(TransportWrapper, ConnectionHandlerID=Socket[addr=/212.212.212.212,port=50002,localport=64184]-2368574859234274251)
221210 075554.283|INFO|Thread-1379|receiveUnencrypted|receiveUnencrypted Made a secret key for Socket[addr=/212.212.212.212,port=50002,localport=64184]-2368574859234274251 key is com.sun.crypto.provider.DESKey@186c2
221210 075554.283|INFO|Thread-1379|getPublicKeyPacket|Generating Unencrypted Public Key Packet
221210 075554.283|INFO|Thread-1379|getPublicKeyPacket|checking key:= SunJCE Diffie-Hellman Public Key:
y:
    24d18f5f 6b56cfc5 45fc3a78 2b8cd486 a34f4322 4d0cfc27 9cd7bd98 f44f3cac
    a026c738 5dff7a27 24779b15 6e6114d7 25a39a7b 70b3ead7 0e2235f0 a6ae3a5f
    4c8de919 d6dafc4f 4ff189c4 c3455795 43a09169 32431bbd af6d9ad9 94b84ff9
    3a420c3a a92b114b 8ca84ff4 e32988d5 ddfadc15 b8068d59 8f494259 0b6e5f2b
p:
    f488fd58 4e49dbcd 20b49de4 9107366b 336c380d 451d0f7c 88b31c7c 5b2d8ef6
    f3c923c0 43f0a55b 188d8ebb 558cb85d 38d334fd 7c175743 a31d186c de33212c
    b52aff3c e1b12940 18118d7c 84a70a72 d686c403 19c80729 7aca950c d9969fab
    d00a509b 0246d308 3d66a45d 419f9c7c bd894b22 1926baab a25ec355 e92f78c7
g:
    02
l:
    512
221210 075700.297|INFO|Thread-1379|receive|EOFException in receive for Socket[addr=/212.212.212.212,port=50002,localport=64184]-2368574859234274251
|java.io.EOFException: null
|    at java.io.ObjectInputStream$BlockDataInputStream.peekByte (ObjectInputStream.java:3244)
|    at java.io.ObjectInputStream.readObject0 (ObjectInputStream.java:1708)
|    at java.io.ObjectInputStream.readObject (ObjectInputStream.java:538)
|    at java.io.ObjectInputStream.readObject (ObjectInputStream.java:496)
|    at edu.csus.ecs.pc2.core.transport.ConnectionHandlerThread.receive (ConnectionHandlerThread.java:152)
|    at edu.csus.ecs.pc2.core.transport.ConnectionHandlerClientThread.run (ConnectionHandlerClientThread.java:66)
221210 075700.297|FINER|Thread-1379|run|THROW
|edu.csus.ecs.pc2.core.transport.TransportException: null
|    at edu.csus.ecs.pc2.core.transport.ConnectionHandlerThread.receive (ConnectionHandlerThread.java:159)
|    at edu.csus.ecs.pc2.core.transport.ConnectionHandlerClientThread.run (ConnectionHandlerClientThread.java:66)
221210 075700.297|FINER|Thread-1379|run - e.getmessage is null()|THROW
|edu.csus.ecs.pc2.core.transport.TransportException: null
|    at edu.csus.ecs.pc2.core.transport.ConnectionHandlerThread.receive (ConnectionHandlerThread.java:159)
|    at edu.csus.ecs.pc2.core.transport.ConnectionHandlerClientThread.run (ConnectionHandlerClientThread.java:66)
