231209 103008.271|CONFIG|qtp135640095-45243|setFileHandlers|Now logging to C:\Users\18328\Desktop\pc2\WebTeamInterface-1.1\logs directory.
231209 103008.271|INFO|qtp135640095-45243|info|
231209 103008.272|INFO|qtp135640095-45243|info|Version 9 () Java ver 18.0.2.1 build  Windows 11 10.0 (amd64) 
231209 103008.272|INFO|qtp135640095-45243|startLog|Working directory is C:\Users\18328\Desktop\pc2\WebTeamInterface-1.1
231209 103008.272|INFO|qtp135640095-45243|startLog|Process id is 15028@DESKTOP-D75BQTV
231209 103008.275|INFO|qtp135640095-45243|start|Starting ConnectionManager...
231209 103008.275|INFO|qtp135640095-45243|start|Started ConnectionManager
231209 103008.275|INFO|qtp135640095-45243|setClientServerAndPort|INIFile File location: file:/C:/Users/18328/Desktop/pc2/WebTeamInterface-1.1/pc2v9.ini
231209 103008.275|INFO|qtp135640095-45243|setClientServerAndPort|setClientServerAndPort localhost parsed as localhost port 50002
231209 103008.275|INFO|qtp135640095-45243|info|Contacting server at localhost:50002
231209 103008.275|INFO|qtp135640095-45243|connectToMyServer|Connecting to localhost:50002
231209 103008.287|INFO|Thread-46293|receiveUnencrypted|receiveUnencrypted(TransportWrapper, ConnectionHandlerID=Socket[addr=localhost/127.0.0.1,port=50002,localport=58450]-804605221200956090)
231209 103008.287|INFO|Thread-46293|receiveUnencrypted|receiveUnencrypted Made a secret key for Socket[addr=localhost/127.0.0.1,port=50002,localport=58450]-804605221200956090 key is com.sun.crypto.provider.DESKey@fffe7a81
231209 103008.287|INFO|Thread-46293|getPublicKeyPacket|Generating Unencrypted Public Key Packet
231209 103008.287|INFO|Thread-46293|getPublicKeyPacket|checking key:= SunJCE Diffie-Hellman Public Key:
y:
    eddfec4c d506a0f0 8cf24885 7501e3fa 42ad235e 45a107a2 44848ac9 460c38a7
    317d1a1b 3bd2c0d3 e55a6597 4a69e6dc 4cd34a7c 6587d842 896026f9 35d725a3
    ab9d8bb7 dc108079 e39889ae c559942a 69ead697 edfdb6ba 6152b9dc f01002cb
    8444f570 34019e87 f63863be f3d74692 53254ad3 908b927a d01bdcbe 00b1a84a
p:
    f488fd58 4e49dbcd 20b49de4 9107366b 336c380d 451d0f7c 88b31c7c 5b2d8ef6
    f3c923c0 43f0a55b 188d8ebb 558cb85d 38d334fd 7c175743 a31d186c de33212c
    b52aff3c e1b12940 18118d7c 84a70a72 d686c403 19c80729 7aca950c d9969fab
    d00a509b 0246d308 3d66a45d 419f9c7c bd894b22 1926baab a25ec355 e92f78c7
g:
    02
l:
    512
231209 103008.287|INFO|Thread-46293|getPublicKeyPacket|packet:= edu.csus.ecs.pc2.core.transport.TransportWrapper@33f869f3
231209 103505.031|INFO|Thread-46293|receive|EOFException in receive for Socket[addr=localhost/127.0.0.1,port=50002,localport=58450]-804605221200956090
|java.io.EOFException: null
|    at java.io.ObjectInputStream$BlockDataInputStream.peekByte (ObjectInputStream.java:3244)
|    at java.io.ObjectInputStream.readObject0 (ObjectInputStream.java:1708)
|    at java.io.ObjectInputStream.readObject (ObjectInputStream.java:538)
|    at java.io.ObjectInputStream.readObject (ObjectInputStream.java:496)
|    at edu.csus.ecs.pc2.core.transport.ConnectionHandlerThread.receive (ConnectionHandlerThread.java:152)
|    at edu.csus.ecs.pc2.core.transport.ConnectionHandlerClientThread.run (ConnectionHandlerClientThread.java:66)
231209 103505.031|FINER|Thread-46293|run|THROW
|edu.csus.ecs.pc2.core.transport.TransportException: null
|    at edu.csus.ecs.pc2.core.transport.ConnectionHandlerThread.receive (ConnectionHandlerThread.java:159)
|    at edu.csus.ecs.pc2.core.transport.ConnectionHandlerClientThread.run (ConnectionHandlerClientThread.java:66)
231209 103505.031|FINER|Thread-46293|run - e.getmessage is null()|THROW
|edu.csus.ecs.pc2.core.transport.TransportException: null
|    at edu.csus.ecs.pc2.core.transport.ConnectionHandlerThread.receive (ConnectionHandlerThread.java:159)
|    at edu.csus.ecs.pc2.core.transport.ConnectionHandlerClientThread.run (ConnectionHandlerClientThread.java:66)
