221210 105859.278|CONFIG|qtp1613095350-5231|setFileHandlers|Now logging to C:\Users\18328\Desktop\pc2\WebTeamInterface-1.1\logs directory.
221210 105859.278|INFO|qtp1613095350-5231|info|
221210 105859.279|INFO|qtp1613095350-5231|info|Version 9 () Java ver 18.0.2.1 build  Windows 11 10.0 (amd64) 
221210 105859.279|INFO|qtp1613095350-5231|startLog|Working directory is C:\Users\18328\Desktop\pc2\WebTeamInterface-1.1
221210 105859.280|INFO|qtp1613095350-5231|startLog|Process id is 22344@DESKTOP-D75BQTV
221210 105859.280|INFO|qtp1613095350-5231|start|Starting ConnectionManager...
221210 105859.281|INFO|qtp1613095350-5231|start|Started ConnectionManager
221210 105859.282|INFO|qtp1613095350-5231|setClientServerAndPort|INIFile File location: file:/C:/Users/18328/Desktop/pc2/WebTeamInterface-1.1/pc2v9.ini
221210 105859.282|INFO|qtp1613095350-5231|setClientServerAndPort|setClientServerAndPort 212.212.212.212 parsed as 212.212.212.212 port 50002
221210 105859.282|INFO|qtp1613095350-5231|info|Contacting server at 212.212.212.212:50002
221210 105859.282|INFO|qtp1613095350-5231|connectToMyServer|Connecting to 212.212.212.212:50002
221210 105859.283|INFO|Thread-12086|receiveUnencrypted|receiveUnencrypted(TransportWrapper, ConnectionHandlerID=Socket[addr=/212.212.212.212,port=50002,localport=60380]-8140190494962179235)
221210 105859.283|INFO|Thread-12086|receiveUnencrypted|receiveUnencrypted Made a secret key for Socket[addr=/212.212.212.212,port=50002,localport=60380]-8140190494962179235 key is com.sun.crypto.provider.DESKey@fffe7b62
221210 105859.283|INFO|Thread-12086|getPublicKeyPacket|Generating Unencrypted Public Key Packet
221210 105859.283|INFO|Thread-12086|getPublicKeyPacket|checking key:= SunJCE Diffie-Hellman Public Key:
y:
    2c40ddc7 f2aba8fe 72dd5207 f90079d6 cbf53ff4 da978846 74624917 bdec7163
    1e03fb2e 0eb3333a 8c746881 b4cfcc61 b1002a75 84462542 59628974 ffb82d9b
    bb58aa28 4001dff1 9a879744 db7da2f2 85d76215 341db3f5 2b4e2ff4 9218fba4
    6c30422e 23fe2462 108c7c59 3dd79023 c5b9c45c 235b8a4b 33eb805a bd727d7d
p:
    f488fd58 4e49dbcd 20b49de4 9107366b 336c380d 451d0f7c 88b31c7c 5b2d8ef6
    f3c923c0 43f0a55b 188d8ebb 558cb85d 38d334fd 7c175743 a31d186c de33212c
    b52aff3c e1b12940 18118d7c 84a70a72 d686c403 19c80729 7aca950c d9969fab
    d00a509b 0246d308 3d66a45d 419f9c7c bd894b22 1926baab a25ec355 e92f78c7
g:
    02
l:
    512
221210 105859.283|INFO|Thread-12086|getPublicKeyPacket|packet:= edu.csus.ecs.pc2.core.transport.TransportWrapper@65d1b5ca
221210 150258.253|INFO|Thread-12086|receive|SocketException in receive for Socket[addr=/212.212.212.212,port=50002,localport=60380]-8140190494962179235
|java.net.SocketException: An established connection was aborted by the software in your host machine
|    at sun.nio.ch.NioSocketImpl.implRead (NioSocketImpl.java:322)
|    at sun.nio.ch.NioSocketImpl.read (NioSocketImpl.java:347)
|    at sun.nio.ch.NioSocketImpl$1.read (NioSocketImpl.java:800)
|    at java.net.Socket$SocketInputStream.read (Socket.java:966)
|    at java.net.Socket$SocketInputStream.read (Socket.java:961)
|    at java.io.ObjectInputStream$PeekInputStream.peek (ObjectInputStream.java:2905)
|    at java.io.ObjectInputStream$BlockDataInputStream.peek (ObjectInputStream.java:3232)
|    at java.io.ObjectInputStream$BlockDataInputStream.peekByte (ObjectInputStream.java:3242)
|    at java.io.ObjectInputStream.readObject0 (ObjectInputStream.java:1708)
|    at java.io.ObjectInputStream.readObject (ObjectInputStream.java:538)
|    at java.io.ObjectInputStream.readObject (ObjectInputStream.java:496)
|    at edu.csus.ecs.pc2.core.transport.ConnectionHandlerThread.receive (ConnectionHandlerThread.java:152)
|    at edu.csus.ecs.pc2.core.transport.ConnectionHandlerClientThread.run (ConnectionHandlerClientThread.java:66)
221210 150258.266|FINER|Thread-12086|run|THROW
|edu.csus.ecs.pc2.core.transport.TransportException: An established connection was aborted by the software in your host machine
|    at edu.csus.ecs.pc2.core.transport.ConnectionHandlerThread.receive (ConnectionHandlerThread.java:156)
|    at edu.csus.ecs.pc2.core.transport.ConnectionHandlerClientThread.run (ConnectionHandlerClientThread.java:66)
221210 150258.266|INFO|Thread-12086|receive|SocketException in receive for Socket[addr=/212.212.212.212,port=50002,localport=60380]-8140190494962179235
|java.net.SocketException: Connection reset
|    at sun.nio.ch.NioSocketImpl.implRead (NioSocketImpl.java:320)
|    at sun.nio.ch.NioSocketImpl.read (NioSocketImpl.java:347)
|    at sun.nio.ch.NioSocketImpl$1.read (NioSocketImpl.java:800)
|    at java.net.Socket$SocketInputStream.read (Socket.java:966)
|    at java.net.Socket$SocketInputStream.read (Socket.java:961)
|    at java.io.ObjectInputStream$PeekInputStream.peek (ObjectInputStream.java:2905)
|    at java.io.ObjectInputStream$BlockDataInputStream.peek (ObjectInputStream.java:3232)
|    at java.io.ObjectInputStream$BlockDataInputStream.peekByte (ObjectInputStream.java:3242)
|    at java.io.ObjectInputStream.readObject0 (ObjectInputStream.java:1708)
|    at java.io.ObjectInputStream.readObject (ObjectInputStream.java:538)
|    at java.io.ObjectInputStream.readObject (ObjectInputStream.java:496)
|    at edu.csus.ecs.pc2.core.transport.ConnectionHandlerThread.receive (ConnectionHandlerThread.java:152)
|    at edu.csus.ecs.pc2.core.transport.ConnectionHandlerClientThread.run (ConnectionHandlerClientThread.java:66)
221210 150258.270|FINER|Thread-12086|run|THROW
|edu.csus.ecs.pc2.core.transport.TransportException: Connection reset
|    at edu.csus.ecs.pc2.core.transport.ConnectionHandlerThread.receive (ConnectionHandlerThread.java:156)
|    at edu.csus.ecs.pc2.core.transport.ConnectionHandlerClientThread.run (ConnectionHandlerClientThread.java:66)
