230921 162724.121|CONFIG|qtp18242360-2746|setFileHandlers|Now logging to C:\Users\18328\Desktop\pc2\WebTeamInterface-1.1\logs directory.
230921 162724.121|INFO|qtp18242360-2746|info|
230921 162724.121|INFO|qtp18242360-2746|info|Version 9 () Java ver 18.0.2.1 build  Windows 11 10.0 (amd64) 
230921 162724.121|INFO|qtp18242360-2746|startLog|Working directory is C:\Users\18328\Desktop\pc2\WebTeamInterface-1.1
230921 162724.121|INFO|qtp18242360-2746|startLog|Process id is 1544@DESKTOP-D75BQTV
230921 162724.121|INFO|qtp18242360-2746|start|Starting ConnectionManager...
230921 162724.131|INFO|qtp18242360-2746|start|Started ConnectionManager
230921 162724.131|INFO|qtp18242360-2746|setClientServerAndPort|INIFile File location: file:/C:/Users/18328/Desktop/pc2/WebTeamInterface-1.1/pc2v9.ini
230921 162724.131|INFO|qtp18242360-2746|setClientServerAndPort|setClientServerAndPort localhost parsed as localhost port 50002
230921 162724.131|INFO|qtp18242360-2746|info|Contacting server at localhost:50002
230921 162724.131|INFO|qtp18242360-2746|connectToMyServer|Connecting to localhost:50002
230921 162724.131|INFO|Thread-7075|receiveUnencrypted|receiveUnencrypted(TransportWrapper, ConnectionHandlerID=Socket[addr=localhost/127.0.0.1,port=50002,localport=56505]--173206881809031307)
230921 162724.146|INFO|Thread-7075|receiveUnencrypted|receiveUnencrypted Made a secret key for Socket[addr=localhost/127.0.0.1,port=50002,localport=56505]--173206881809031307 key is com.sun.crypto.provider.DESKey@fffe7a58
230921 162724.146|INFO|Thread-7075|getPublicKeyPacket|Generating Unencrypted Public Key Packet
230921 162724.146|INFO|Thread-7075|getPublicKeyPacket|checking key:= SunJCE Diffie-Hellman Public Key:
y:
    6c7441ab 54e15bcb 43aaa3af 0feb3a9d 05d883dc 5901bca5 e4226589 48cce09e
    55960a60 e41d2dc8 7470d990 75812a57 21154b0c fa2ebd9a b3c4b1ad a08e4158
    8fb65f8a bb4ff019 42ccb245 f9b3560e 2f473843 b16caa8b a3bfbd40 b6dcd802
    bee5457c 54a5f1d3 a9d1bb04 0437e0b0 51e9991d f6709b01 f97b72ce 666fade3
p:
    f488fd58 4e49dbcd 20b49de4 9107366b 336c380d 451d0f7c 88b31c7c 5b2d8ef6
    f3c923c0 43f0a55b 188d8ebb 558cb85d 38d334fd 7c175743 a31d186c de33212c
    b52aff3c e1b12940 18118d7c 84a70a72 d686c403 19c80729 7aca950c d9969fab
    d00a509b 0246d308 3d66a45d 419f9c7c bd894b22 1926baab a25ec355 e92f78c7
g:
    02
l:
    512
230921 162857.767|INFO|Thread-7075|receive|EOFException in receive for Socket[addr=localhost/127.0.0.1,port=50002,localport=56505]--173206881809031307
|java.io.EOFException: null
|    at java.io.ObjectInputStream$BlockDataInputStream.peekByte (ObjectInputStream.java:3244)
|    at java.io.ObjectInputStream.readObject0 (ObjectInputStream.java:1708)
|    at java.io.ObjectInputStream.readObject (ObjectInputStream.java:538)
|    at java.io.ObjectInputStream.readObject (ObjectInputStream.java:496)
|    at edu.csus.ecs.pc2.core.transport.ConnectionHandlerThread.receive (ConnectionHandlerThread.java:152)
|    at edu.csus.ecs.pc2.core.transport.ConnectionHandlerClientThread.run (ConnectionHandlerClientThread.java:66)
230921 162857.767|FINER|Thread-7075|run|THROW
|edu.csus.ecs.pc2.core.transport.TransportException: null
|    at edu.csus.ecs.pc2.core.transport.ConnectionHandlerThread.receive (ConnectionHandlerThread.java:159)
|    at edu.csus.ecs.pc2.core.transport.ConnectionHandlerClientThread.run (ConnectionHandlerClientThread.java:66)
230921 162857.767|FINER|Thread-7075|run - e.getmessage is null()|THROW
|edu.csus.ecs.pc2.core.transport.TransportException: null
|    at edu.csus.ecs.pc2.core.transport.ConnectionHandlerThread.receive (ConnectionHandlerThread.java:159)
|    at edu.csus.ecs.pc2.core.transport.ConnectionHandlerClientThread.run (ConnectionHandlerClientThread.java:66)
