231209 082533.961|CONFIG|qtp135640095-380|setFileHandlers|Now logging to C:\Users\18328\Desktop\pc2\WebTeamInterface-1.1\logs directory.
231209 082533.961|INFO|qtp135640095-380|info|
231209 082533.962|INFO|qtp135640095-380|info|Version 9 () Java ver 18.0.2.1 build  Windows 11 10.0 (amd64) 
231209 082533.962|INFO|qtp135640095-380|startLog|Working directory is C:\Users\18328\Desktop\pc2\WebTeamInterface-1.1
231209 082533.962|INFO|qtp135640095-380|startLog|Process id is 15028@DESKTOP-D75BQTV
231209 082533.962|INFO|qtp135640095-380|start|Starting ConnectionManager...
231209 082533.962|INFO|qtp135640095-380|start|Started ConnectionManager
231209 082533.962|INFO|qtp135640095-380|setClientServerAndPort|INIFile File location: file:/C:/Users/18328/Desktop/pc2/WebTeamInterface-1.1/pc2v9.ini
231209 082533.962|INFO|qtp135640095-380|setClientServerAndPort|setClientServerAndPort localhost parsed as localhost port 50002
231209 082533.962|INFO|qtp135640095-380|info|Contacting server at localhost:50002
231209 082533.962|INFO|qtp135640095-380|connectToMyServer|Connecting to localhost:50002
231209 082533.974|INFO|Thread-7699|receiveUnencrypted|receiveUnencrypted(TransportWrapper, ConnectionHandlerID=Socket[addr=localhost/127.0.0.1,port=50002,localport=64399]-2615907941940281372)
231209 082533.974|INFO|Thread-7699|receiveUnencrypted|receiveUnencrypted Made a secret key for Socket[addr=localhost/127.0.0.1,port=50002,localport=64399]-2615907941940281372 key is com.sun.crypto.provider.DESKey@18467
231209 082533.974|INFO|Thread-7699|getPublicKeyPacket|Generating Unencrypted Public Key Packet
231209 082533.974|INFO|Thread-7699|getPublicKeyPacket|checking key:= SunJCE Diffie-Hellman Public Key:
y:
    6802767c accd8f6f 77a74d46 4a7a04e2 169a2f16 63a5452b bbc7ae27 89dd7586
    498b6285 b6068a02 f512be52 5471ac7d 606113b5 0ab3474d a0807cc2 d1adcbbc
    993c11f3 f296c56e 3ec21a53 9c443923 73a5a93c 6968a086 083a1f67 df79a7d6
    578e0614 1b767b3c e0cdca79 16c4b48f d0808516 b2c3889e 98d4c27c a2649f81
p:
    f488fd58 4e49dbcd 20b49de4 9107366b 336c380d 451d0f7c 88b31c7c 5b2d8ef6
    f3c923c0 43f0a55b 188d8ebb 558cb85d 38d334fd 7c175743 a31d186c de33212c
    b52aff3c e1b12940 18118d7c 84a70a72 d686c403 19c80729 7aca950c d9969fab
    d00a509b 0246d308 3d66a45d 419f9c7c bd894b22 1926baab a25ec355 e92f78c7
g:
    02
l:
    512
231209 082533.974|INFO|Thread-7699|getPublicKeyPacket|packet:= edu.csus.ecs.pc2.core.transport.TransportWrapper@29b91e50
231209 104026.794|INFO|Thread-7699|receive|EOFException in receive for Socket[addr=localhost/127.0.0.1,port=50002,localport=64399]-2615907941940281372
|java.io.EOFException: null
|    at java.io.ObjectInputStream$BlockDataInputStream.peekByte (ObjectInputStream.java:3244)
|    at java.io.ObjectInputStream.readObject0 (ObjectInputStream.java:1708)
|    at java.io.ObjectInputStream.readObject (ObjectInputStream.java:538)
|    at java.io.ObjectInputStream.readObject (ObjectInputStream.java:496)
|    at edu.csus.ecs.pc2.core.transport.ConnectionHandlerThread.receive (ConnectionHandlerThread.java:152)
|    at edu.csus.ecs.pc2.core.transport.ConnectionHandlerClientThread.run (ConnectionHandlerClientThread.java:66)
231209 104026.794|FINER|Thread-7699|run|THROW
|edu.csus.ecs.pc2.core.transport.TransportException: null
|    at edu.csus.ecs.pc2.core.transport.ConnectionHandlerThread.receive (ConnectionHandlerThread.java:159)
|    at edu.csus.ecs.pc2.core.transport.ConnectionHandlerClientThread.run (ConnectionHandlerClientThread.java:66)
231209 104026.794|FINER|Thread-7699|run - e.getmessage is null()|THROW
|edu.csus.ecs.pc2.core.transport.TransportException: null
|    at edu.csus.ecs.pc2.core.transport.ConnectionHandlerThread.receive (ConnectionHandlerThread.java:159)
|    at edu.csus.ecs.pc2.core.transport.ConnectionHandlerClientThread.run (ConnectionHandlerClientThread.java:66)
