230921 161830.203|CONFIG|qtp18242360-2746|setFileHandlers|Now logging to C:\Users\18328\Desktop\pc2\WebTeamInterface-1.1\logs directory.
230921 161830.203|INFO|qtp18242360-2746|info|
230921 161830.203|INFO|qtp18242360-2746|info|Version 9 () Java ver 18.0.2.1 build  Windows 11 10.0 (amd64) 
230921 161830.203|INFO|qtp18242360-2746|startLog|Working directory is C:\Users\18328\Desktop\pc2\WebTeamInterface-1.1
230921 161830.203|INFO|qtp18242360-2746|startLog|Process id is 1544@DESKTOP-D75BQTV
230921 161830.203|INFO|qtp18242360-2746|start|Starting ConnectionManager...
230921 161830.215|INFO|qtp18242360-2746|start|Started ConnectionManager
230921 161830.217|INFO|qtp18242360-2746|setClientServerAndPort|INIFile File location: file:/C:/Users/18328/Desktop/pc2/WebTeamInterface-1.1/pc2v9.ini
230921 161830.217|INFO|qtp18242360-2746|setClientServerAndPort|setClientServerAndPort localhost parsed as localhost port 50002
230921 161830.219|INFO|qtp18242360-2746|info|Contacting server at localhost:50002
230921 161830.219|INFO|qtp18242360-2746|connectToMyServer|Connecting to localhost:50002
230921 161830.226|INFO|Thread-5469|receiveUnencrypted|receiveUnencrypted(TransportWrapper, ConnectionHandlerID=Socket[addr=localhost/127.0.0.1,port=50002,localport=55607]-7775381427516290984)
230921 161830.226|INFO|Thread-5469|receiveUnencrypted|receiveUnencrypted Made a secret key for Socket[addr=localhost/127.0.0.1,port=50002,localport=55607]-7775381427516290984 key is com.sun.crypto.provider.DESKey@187a4
230921 161830.226|INFO|Thread-5469|getPublicKeyPacket|Generating Unencrypted Public Key Packet
230921 161830.226|INFO|Thread-5469|getPublicKeyPacket|checking key:= SunJCE Diffie-Hellman Public Key:
y:
    b88a39ee 1c5a066a ef1cde14 5228a502 82aa08ac 5f27ba9f 48916261 04093fd6
    ac37ebaf d35b3c07 9407879e 11292a24 f2290574 a7611590 8caa1783 7a66185f
    a41a771a c8b9f569 1cb2964c 27355895 f8d4c965 376ae7ce e239b42e 754c67db
    f1a2e947 0cdec718 e764eeae 18f45053 09ae6437 ca541021 9d23b7d1 56f624df
p:
    f488fd58 4e49dbcd 20b49de4 9107366b 336c380d 451d0f7c 88b31c7c 5b2d8ef6
    f3c923c0 43f0a55b 188d8ebb 558cb85d 38d334fd 7c175743 a31d186c de33212c
    b52aff3c e1b12940 18118d7c 84a70a72 d686c403 19c80729 7aca950c d9969fab
    d00a509b 0246d308 3d66a45d 419f9c7c bd894b22 1926baab a25ec355 e92f78c7
g:
    02
l:
    512
230921 161830.226|INFO|Thread-5469|getPublicKeyPacket|packet:= edu.csus.ecs.pc2.core.transport.TransportWrapper@4d5e9977
230921 162413.897|INFO|Thread-5469|receive|EOFException in receive for Socket[addr=localhost/127.0.0.1,port=50002,localport=55607]-7775381427516290984
|java.io.EOFException: null
|    at java.io.ObjectInputStream$BlockDataInputStream.peekByte (ObjectInputStream.java:3244)
|    at java.io.ObjectInputStream.readObject0 (ObjectInputStream.java:1708)
|    at java.io.ObjectInputStream.readObject (ObjectInputStream.java:538)
|    at java.io.ObjectInputStream.readObject (ObjectInputStream.java:496)
|    at edu.csus.ecs.pc2.core.transport.ConnectionHandlerThread.receive (ConnectionHandlerThread.java:152)
|    at edu.csus.ecs.pc2.core.transport.ConnectionHandlerClientThread.run (ConnectionHandlerClientThread.java:66)
230921 162413.897|FINER|Thread-5469|run|THROW
|edu.csus.ecs.pc2.core.transport.TransportException: null
|    at edu.csus.ecs.pc2.core.transport.ConnectionHandlerThread.receive (ConnectionHandlerThread.java:159)
|    at edu.csus.ecs.pc2.core.transport.ConnectionHandlerClientThread.run (ConnectionHandlerClientThread.java:66)
230921 162413.897|FINER|Thread-5469|run - e.getmessage is null()|THROW
|edu.csus.ecs.pc2.core.transport.TransportException: null
|    at edu.csus.ecs.pc2.core.transport.ConnectionHandlerThread.receive (ConnectionHandlerThread.java:159)
|    at edu.csus.ecs.pc2.core.transport.ConnectionHandlerClientThread.run (ConnectionHandlerClientThread.java:66)
