221210 100931.414|CONFIG|qtp1613095350-20|setFileHandlers|Now logging to C:\Users\18328\Desktop\pc2\WebTeamInterface-1.1\logs directory.
221210 100931.415|INFO|qtp1613095350-20|info|
221210 100931.415|INFO|qtp1613095350-20|info|Version 9 () Java ver 18.0.2.1 build  Windows 11 10.0 (amd64) 
221210 100931.416|INFO|qtp1613095350-20|startLog|Working directory is C:\Users\18328\Desktop\pc2\WebTeamInterface-1.1
221210 100931.416|INFO|qtp1613095350-20|startLog|Process id is 22344@DESKTOP-D75BQTV
221210 100931.416|INFO|qtp1613095350-20|start|Starting ConnectionManager...
221210 100931.422|INFO|qtp1613095350-20|start|Started ConnectionManager
221210 100931.424|INFO|qtp1613095350-20|setClientServerAndPort|INIFile File location: file:/C:/Users/18328/Desktop/pc2/WebTeamInterface-1.1/pc2v9.ini
221210 100931.424|INFO|qtp1613095350-20|setClientServerAndPort|setClientServerAndPort 212.212.212.212 parsed as 212.212.212.212 port 50002
221210 100931.424|INFO|qtp1613095350-20|info|Contacting server at 212.212.212.212:50002
221210 100931.424|INFO|qtp1613095350-20|connectToMyServer|Connecting to 212.212.212.212:50002
221210 100931.425|INFO|Thread-283|receiveUnencrypted|receiveUnencrypted(TransportWrapper, ConnectionHandlerID=Socket[addr=/212.212.212.212,port=50002,localport=56048]-2340776556311778401)
221210 100931.426|INFO|Thread-283|receiveUnencrypted|receiveUnencrypted Made a secret key for Socket[addr=/212.212.212.212,port=50002,localport=56048]-2340776556311778401 key is com.sun.crypto.provider.DESKey@18618
221210 100931.426|INFO|Thread-283|getPublicKeyPacket|Generating Unencrypted Public Key Packet
221210 100931.426|INFO|Thread-283|getPublicKeyPacket|checking key:= SunJCE Diffie-Hellman Public Key:
y:
    17cb9bd2 face63df ad094486 d8269ebd a0bd4912 116e3493 64146949 491c09ce
    29069186 19ce29e8 7dc406f5 6dbbc1ab 6944071c ef932943 7bae551c 0fdd19c3
    996fc85d b25512d0 5982d0b9 66672f22 692907c0 f6e86b47 913e90ee 6f2056b9
    96602256 aa5914bc 6e5aaeeb 1b18e1a1 67903882 911900df 055da38b 7ad838b8
p:
    f488fd58 4e49dbcd 20b49de4 9107366b 336c380d 451d0f7c 88b31c7c 5b2d8ef6
    f3c923c0 43f0a55b 188d8ebb 558cb85d 38d334fd 7c175743 a31d186c de33212c
    b52aff3c e1b12940 18118d7c 84a70a72 d686c403 19c80729 7aca950c d9969fab
    d00a509b 0246d308 3d66a45d 419f9c7c bd894b22 1926baab a25ec355 e92f78c7
g:
    02
l:
    512
221210 100931.426|INFO|Thread-283|getPublicKeyPacket|packet:= edu.csus.ecs.pc2.core.transport.TransportWrapper@ac0ac1c
221210 101119.234|INFO|Thread-283|receive|EOFException in receive for Socket[addr=/212.212.212.212,port=50002,localport=56048]-2340776556311778401
|java.io.EOFException: null
|    at java.io.ObjectInputStream$BlockDataInputStream.peekByte (ObjectInputStream.java:3244)
|    at java.io.ObjectInputStream.readObject0 (ObjectInputStream.java:1708)
|    at java.io.ObjectInputStream.readObject (ObjectInputStream.java:538)
|    at java.io.ObjectInputStream.readObject (ObjectInputStream.java:496)
|    at edu.csus.ecs.pc2.core.transport.ConnectionHandlerThread.receive (ConnectionHandlerThread.java:152)
|    at edu.csus.ecs.pc2.core.transport.ConnectionHandlerClientThread.run (ConnectionHandlerClientThread.java:66)
221210 101119.234|FINER|Thread-283|run|THROW
|edu.csus.ecs.pc2.core.transport.TransportException: null
|    at edu.csus.ecs.pc2.core.transport.ConnectionHandlerThread.receive (ConnectionHandlerThread.java:159)
|    at edu.csus.ecs.pc2.core.transport.ConnectionHandlerClientThread.run (ConnectionHandlerClientThread.java:66)
221210 101119.234|FINER|Thread-283|run - e.getmessage is null()|THROW
|edu.csus.ecs.pc2.core.transport.TransportException: null
|    at edu.csus.ecs.pc2.core.transport.ConnectionHandlerThread.receive (ConnectionHandlerThread.java:159)
|    at edu.csus.ecs.pc2.core.transport.ConnectionHandlerClientThread.run (ConnectionHandlerClientThread.java:66)
