231209 095847.357|CONFIG|qtp135640095-21299|setFileHandlers|Now logging to C:\Users\18328\Desktop\pc2\WebTeamInterface-1.1\logs directory.
231209 095847.357|INFO|qtp135640095-21299|info|
231209 095847.358|INFO|qtp135640095-21299|info|Version 9 () Java ver 18.0.2.1 build  Windows 11 10.0 (amd64) 
231209 095847.358|INFO|qtp135640095-21299|startLog|Working directory is C:\Users\18328\Desktop\pc2\WebTeamInterface-1.1
231209 095847.358|INFO|qtp135640095-21299|startLog|Process id is 15028@DESKTOP-D75BQTV
231209 095847.358|INFO|qtp135640095-21299|start|Starting ConnectionManager...
231209 095847.358|INFO|qtp135640095-21299|start|Started ConnectionManager
231209 095847.365|INFO|qtp135640095-21299|setClientServerAndPort|INIFile File location: file:/C:/Users/18328/Desktop/pc2/WebTeamInterface-1.1/pc2v9.ini
231209 095847.365|INFO|qtp135640095-21299|setClientServerAndPort|setClientServerAndPort localhost parsed as localhost port 50002
231209 095847.365|INFO|qtp135640095-21299|info|Contacting server at localhost:50002
231209 095847.365|INFO|qtp135640095-21299|connectToMyServer|Connecting to localhost:50002
231209 095847.365|INFO|Thread-36309|receiveUnencrypted|receiveUnencrypted(TransportWrapper, ConnectionHandlerID=Socket[addr=localhost/127.0.0.1,port=50002,localport=52218]--196771174829754487)
231209 095847.374|INFO|Thread-36309|receiveUnencrypted|receiveUnencrypted Made a secret key for Socket[addr=localhost/127.0.0.1,port=50002,localport=52218]--196771174829754487 key is com.sun.crypto.provider.DESKey@187b1
231209 095847.374|INFO|Thread-36309|getPublicKeyPacket|Generating Unencrypted Public Key Packet
231209 095847.374|INFO|Thread-36309|getPublicKeyPacket|checking key:= SunJCE Diffie-Hellman Public Key:
y:
    305907f0 33ba8d2a f75b8979 1f8af9c3 aa243e0d 55a6e43a b5cd5952 18fd9c5f
    75e520ae 998f9981 56fd3b20 682930f5 42c4ead1 9e8b6b71 98ccff03 b0738204
    77bad16b 95cda00e 7eee3461 475ff28d 826eb8c7 c5c2a135 fa19bf41 395d384b
    af49943c dc241bbb cc256e47 aa6fe994 2123a684 fc0c5a03 d7913a23 37ba45b2
p:
    f488fd58 4e49dbcd 20b49de4 9107366b 336c380d 451d0f7c 88b31c7c 5b2d8ef6
    f3c923c0 43f0a55b 188d8ebb 558cb85d 38d334fd 7c175743 a31d186c de33212c
    b52aff3c e1b12940 18118d7c 84a70a72 d686c403 19c80729 7aca950c d9969fab
    d00a509b 0246d308 3d66a45d 419f9c7c bd894b22 1926baab a25ec355 e92f78c7
g:
    02
l:
    512
231209 095847.374|INFO|Thread-36309|getPublicKeyPacket|packet:= edu.csus.ecs.pc2.core.transport.TransportWrapper@77ba69b8
231209 095914.250|INFO|Thread-36309|receive|EOFException in receive for Socket[addr=localhost/127.0.0.1,port=50002,localport=52218]--196771174829754487
|java.io.EOFException: null
|    at java.io.ObjectInputStream$BlockDataInputStream.peekByte (ObjectInputStream.java:3244)
|    at java.io.ObjectInputStream.readObject0 (ObjectInputStream.java:1708)
|    at java.io.ObjectInputStream.readObject (ObjectInputStream.java:538)
|    at java.io.ObjectInputStream.readObject (ObjectInputStream.java:496)
|    at edu.csus.ecs.pc2.core.transport.ConnectionHandlerThread.receive (ConnectionHandlerThread.java:152)
|    at edu.csus.ecs.pc2.core.transport.ConnectionHandlerClientThread.run (ConnectionHandlerClientThread.java:66)
231209 095914.250|FINER|Thread-36309|run|THROW
|edu.csus.ecs.pc2.core.transport.TransportException: null
|    at edu.csus.ecs.pc2.core.transport.ConnectionHandlerThread.receive (ConnectionHandlerThread.java:159)
|    at edu.csus.ecs.pc2.core.transport.ConnectionHandlerClientThread.run (ConnectionHandlerClientThread.java:66)
231209 095914.250|FINER|Thread-36309|run - e.getmessage is null()|THROW
|edu.csus.ecs.pc2.core.transport.TransportException: null
|    at edu.csus.ecs.pc2.core.transport.ConnectionHandlerThread.receive (ConnectionHandlerThread.java:159)
|    at edu.csus.ecs.pc2.core.transport.ConnectionHandlerClientThread.run (ConnectionHandlerClientThread.java:66)
