231208 164102.361|CONFIG|qtp1423561005-21|setFileHandlers|Now logging to C:\Users\18328\Desktop\pc2\WebTeamInterface-1.1\logs directory.
231208 164102.361|INFO|qtp1423561005-21|info|
231208 164102.361|INFO|qtp1423561005-21|info|Version 9 () Java ver 18.0.2.1 build  Windows 11 10.0 (amd64) 
231208 164102.367|INFO|qtp1423561005-21|startLog|Working directory is C:\Users\18328\Desktop\pc2\WebTeamInterface-1.1
231208 164102.367|INFO|qtp1423561005-21|startLog|Process id is 14880@DESKTOP-D75BQTV
231208 164102.367|INFO|qtp1423561005-21|start|Starting ConnectionManager...
231208 164102.374|INFO|qtp1423561005-21|start|Started ConnectionManager
231208 164102.379|INFO|qtp1423561005-21|setClientServerAndPort|INIFile File location: file:/C:/Users/18328/Desktop/pc2/WebTeamInterface-1.1/pc2v9.ini
231208 164102.379|INFO|qtp1423561005-21|setClientServerAndPort|setClientServerAndPort localhost parsed as localhost port 50002
231208 164102.379|INFO|qtp1423561005-21|info|Contacting server at localhost:50002
231208 164102.379|INFO|qtp1423561005-21|connectToMyServer|Connecting to localhost:50002
231208 164102.385|INFO|Thread-875|receiveUnencrypted|receiveUnencrypted(TransportWrapper, ConnectionHandlerID=Socket[addr=localhost/127.0.0.1,port=50002,localport=65444]-3838863025970677954)
231208 164102.385|INFO|Thread-875|receiveUnencrypted|receiveUnencrypted Made a secret key for Socket[addr=localhost/127.0.0.1,port=50002,localport=65444]-3838863025970677954 key is com.sun.crypto.provider.DESKey@18561
231208 164102.385|INFO|Thread-875|getPublicKeyPacket|Generating Unencrypted Public Key Packet
231208 164102.385|INFO|Thread-875|getPublicKeyPacket|checking key:= SunJCE Diffie-Hellman Public Key:
y:
    542e79e2 bf9aefcb 99f12c80 fb957074 f9f55a91 8709ae9b 04fccf52 8bc1447b
    0c1ac8b0 3a936334 f44f8992 23c6e21f a253a2c7 a6f4c0e8 69579ad5 a056a2c0
    48794cfe f4b8a773 bc8eeacd 0870892f e5d4960b 752aa407 8a82c2a9 7ca6bf11
    2b7a4060 f8f43961 571920ae fc3af4b4 d3efe7dd 07982f4a 2e818733 51afbf91
p:
    f488fd58 4e49dbcd 20b49de4 9107366b 336c380d 451d0f7c 88b31c7c 5b2d8ef6
    f3c923c0 43f0a55b 188d8ebb 558cb85d 38d334fd 7c175743 a31d186c de33212c
    b52aff3c e1b12940 18118d7c 84a70a72 d686c403 19c80729 7aca950c d9969fab
    d00a509b 0246d308 3d66a45d 419f9c7c bd894b22 1926baab a25ec355 e92f78c7
g:
    02
l:
    512
231208 171419.472|INFO|Thread-875|receive|SocketException in receive for Socket[addr=localhost/127.0.0.1,port=50002,localport=65444]-3838863025970677954
|java.net.SocketException: Connection reset
|    at sun.nio.ch.NioSocketImpl.implRead (NioSocketImpl.java:320)
|    at sun.nio.ch.NioSocketImpl.read (NioSocketImpl.java:347)
|    at sun.nio.ch.NioSocketImpl$1.read (NioSocketImpl.java:800)
|    at java.net.Socket$SocketInputStream.read (Socket.java:966)
|    at java.net.Socket$SocketInputStream.read (Socket.java:961)
|    at java.io.ObjectInputStream$PeekInputStream.peek (ObjectInputStream.java:2905)
|    at java.io.ObjectInputStream$BlockDataInputStream.peek (ObjectInputStream.java:3232)
|    at java.io.ObjectInputStream$BlockDataInputStream.peekByte (ObjectInputStream.java:3242)
|    at java.io.ObjectInputStream.readObject0 (ObjectInputStream.java:1708)
|    at java.io.ObjectInputStream.readObject (ObjectInputStream.java:538)
|    at java.io.ObjectInputStream.readObject (ObjectInputStream.java:496)
|    at edu.csus.ecs.pc2.core.transport.ConnectionHandlerThread.receive (ConnectionHandlerThread.java:152)
|    at edu.csus.ecs.pc2.core.transport.ConnectionHandlerClientThread.run (ConnectionHandlerClientThread.java:66)
231208 171419.473|FINER|Thread-875|run|THROW
|edu.csus.ecs.pc2.core.transport.TransportException: Connection reset
|    at edu.csus.ecs.pc2.core.transport.ConnectionHandlerThread.receive (ConnectionHandlerThread.java:156)
|    at edu.csus.ecs.pc2.core.transport.ConnectionHandlerClientThread.run (ConnectionHandlerClientThread.java:66)
