231209 081236.874|CONFIG|qtp135640095-389|setFileHandlers|Now logging to C:\Users\18328\Desktop\pc2\WebTeamInterface-1.1\logs directory.
231209 081236.874|INFO|qtp135640095-389|info|
231209 081236.874|INFO|qtp135640095-389|info|Version 9 () Java ver 18.0.2.1 build  Windows 11 10.0 (amd64) 
231209 081236.874|INFO|qtp135640095-389|startLog|Working directory is C:\Users\18328\Desktop\pc2\WebTeamInterface-1.1
231209 081236.874|INFO|qtp135640095-389|startLog|Process id is 15028@DESKTOP-D75BQTV
231209 081236.874|INFO|qtp135640095-389|start|Starting ConnectionManager...
231209 081236.874|INFO|qtp135640095-389|start|Started ConnectionManager
231209 081236.882|INFO|qtp135640095-389|setClientServerAndPort|INIFile File location: file:/C:/Users/18328/Desktop/pc2/WebTeamInterface-1.1/pc2v9.ini
231209 081236.882|INFO|qtp135640095-389|setClientServerAndPort|setClientServerAndPort localhost parsed as localhost port 50002
231209 081236.882|INFO|qtp135640095-389|info|Contacting server at localhost:50002
231209 081236.882|INFO|qtp135640095-389|connectToMyServer|Connecting to localhost:50002
231209 081236.889|INFO|Thread-2036|receiveUnencrypted|receiveUnencrypted(TransportWrapper, ConnectionHandlerID=Socket[addr=localhost/127.0.0.1,port=50002,localport=61379]--3823106012550602224)
231209 081236.889|INFO|Thread-2036|receiveUnencrypted|receiveUnencrypted Made a secret key for Socket[addr=localhost/127.0.0.1,port=50002,localport=61379]--3823106012550602224 key is com.sun.crypto.provider.DESKey@18613
231209 081236.889|INFO|Thread-2036|getPublicKeyPacket|Generating Unencrypted Public Key Packet
231209 081236.889|INFO|Thread-2036|getPublicKeyPacket|checking key:= SunJCE Diffie-Hellman Public Key:
y:
    95619b6b 4803b1f1 1ed13724 d493a7ac 95496fe6 b58e8e11 e038142a a94d8164
    38b5a1d9 7cba4071 d6cf9cc8 5b66b1cb d32f21c6 bb13a0a9 9c528840 c5278572
    00c1e143 4cc69fde 0b361e02 4f0a35b3 b7206b76 4cb8fb9f 73b101e5 df91085c
    19ed78cc 4aeafd07 37861b43 a049ca67 5c9a4272 71eb83ab 5e7c89be 31ebd363
p:
    f488fd58 4e49dbcd 20b49de4 9107366b 336c380d 451d0f7c 88b31c7c 5b2d8ef6
    f3c923c0 43f0a55b 188d8ebb 558cb85d 38d334fd 7c175743 a31d186c de33212c
    b52aff3c e1b12940 18118d7c 84a70a72 d686c403 19c80729 7aca950c d9969fab
    d00a509b 0246d308 3d66a45d 419f9c7c bd894b22 1926baab a25ec355 e92f78c7
g:
    02
l:
    512
231209 081236.889|INFO|Thread-2036|getPublicKeyPacket|packet:= edu.csus.ecs.pc2.core.transport.TransportWrapper@2472e6b0
231209 094226.742|INFO|Thread-2036|receive|EOFException in receive for Socket[addr=localhost/127.0.0.1,port=50002,localport=61379]--3823106012550602224
|java.io.EOFException: null
|    at java.io.ObjectInputStream$BlockDataInputStream.peekByte (ObjectInputStream.java:3244)
|    at java.io.ObjectInputStream.readObject0 (ObjectInputStream.java:1708)
|    at java.io.ObjectInputStream.readObject (ObjectInputStream.java:538)
|    at java.io.ObjectInputStream.readObject (ObjectInputStream.java:496)
|    at edu.csus.ecs.pc2.core.transport.ConnectionHandlerThread.receive (ConnectionHandlerThread.java:152)
|    at edu.csus.ecs.pc2.core.transport.ConnectionHandlerClientThread.run (ConnectionHandlerClientThread.java:66)
231209 094226.742|FINER|Thread-2036|run|THROW
|edu.csus.ecs.pc2.core.transport.TransportException: null
|    at edu.csus.ecs.pc2.core.transport.ConnectionHandlerThread.receive (ConnectionHandlerThread.java:159)
|    at edu.csus.ecs.pc2.core.transport.ConnectionHandlerClientThread.run (ConnectionHandlerClientThread.java:66)
231209 094226.742|FINER|Thread-2036|run - e.getmessage is null()|THROW
|edu.csus.ecs.pc2.core.transport.TransportException: null
|    at edu.csus.ecs.pc2.core.transport.ConnectionHandlerThread.receive (ConnectionHandlerThread.java:159)
|    at edu.csus.ecs.pc2.core.transport.ConnectionHandlerClientThread.run (ConnectionHandlerClientThread.java:66)
