231209 104009.566|CONFIG|qtp135640095-41052|setFileHandlers|Now logging to C:\Users\18328\Desktop\pc2\WebTeamInterface-1.1\logs directory.
231209 104009.566|INFO|qtp135640095-41052|info|
231209 104009.566|INFO|qtp135640095-41052|info|Version 9 () Java ver 18.0.2.1 build  Windows 11 10.0 (amd64) 
231209 104009.566|INFO|qtp135640095-41052|startLog|Working directory is C:\Users\18328\Desktop\pc2\WebTeamInterface-1.1
231209 104009.566|INFO|qtp135640095-41052|startLog|Process id is 15028@DESKTOP-D75BQTV
231209 104009.566|INFO|qtp135640095-41052|start|Starting ConnectionManager...
231209 104009.576|INFO|qtp135640095-41052|start|Started ConnectionManager
231209 104009.576|INFO|qtp135640095-41052|setClientServerAndPort|INIFile File location: file:/C:/Users/18328/Desktop/pc2/WebTeamInterface-1.1/pc2v9.ini
231209 104009.576|INFO|qtp135640095-41052|setClientServerAndPort|setClientServerAndPort localhost parsed as localhost port 50002
231209 104009.581|INFO|qtp135640095-41052|info|Contacting server at localhost:50002
231209 104009.581|INFO|qtp135640095-41052|connectToMyServer|Connecting to localhost:50002
231209 104009.583|INFO|Thread-49471|receiveUnencrypted|receiveUnencrypted(TransportWrapper, ConnectionHandlerID=Socket[addr=localhost/127.0.0.1,port=50002,localport=60067]-6976372880115214951)
231209 104009.585|INFO|Thread-49471|receiveUnencrypted|receiveUnencrypted Made a secret key for Socket[addr=localhost/127.0.0.1,port=50002,localport=60067]-6976372880115214951 key is com.sun.crypto.provider.DESKey@fffe7bbe
231209 104009.585|INFO|Thread-49471|getPublicKeyPacket|Generating Unencrypted Public Key Packet
231209 104009.585|INFO|Thread-49471|getPublicKeyPacket|checking key:= SunJCE Diffie-Hellman Public Key:
y:
    e8df55c3 38b9f2dd 98bdc991 d137ad37 001e5b7a 7c9bea8d 0938a826 db0d837a
    dd55d27d 32eb5937 c252795e a4f22f5b 373a1fee d56c18b3 445ca8cc a3a54e9a
    eb0bc313 52a960cd 54fc3e7f f2830aa2 b22233ab e498ef3d 1b118805 2fb0a2d6
    faa55558 5b08ad3e 047dadb9 cc1f6a00 ae6001d4 7f463f4c d8b6c7f7 7f9f2f7f
p:
    f488fd58 4e49dbcd 20b49de4 9107366b 336c380d 451d0f7c 88b31c7c 5b2d8ef6
    f3c923c0 43f0a55b 188d8ebb 558cb85d 38d334fd 7c175743 a31d186c de33212c
    b52aff3c e1b12940 18118d7c 84a70a72 d686c403 19c80729 7aca950c d9969fab
    d00a509b 0246d308 3d66a45d 419f9c7c bd894b22 1926baab a25ec355 e92f78c7
g:
    02
l:
    512
231209 104009.585|INFO|Thread-49471|getPublicKeyPacket|packet:= edu.csus.ecs.pc2.core.transport.TransportWrapper@2a328c50
231209 125144.036|INFO|Thread-49471|receive|SocketException in receive for Socket[addr=localhost/127.0.0.1,port=50002,localport=60067]-6976372880115214951
|java.net.SocketException: Connection reset
|    at sun.nio.ch.NioSocketImpl.implRead (NioSocketImpl.java:320)
|    at sun.nio.ch.NioSocketImpl.read (NioSocketImpl.java:347)
|    at sun.nio.ch.NioSocketImpl$1.read (NioSocketImpl.java:800)
|    at java.net.Socket$SocketInputStream.read (Socket.java:966)
|    at java.net.Socket$SocketInputStream.read (Socket.java:961)
|    at java.io.ObjectInputStream$PeekInputStream.peek (ObjectInputStream.java:2905)
|    at java.io.ObjectInputStream$BlockDataInputStream.peek (ObjectInputStream.java:3232)
|    at java.io.ObjectInputStream$BlockDataInputStream.peekByte (ObjectInputStream.java:3242)
|    at java.io.ObjectInputStream.readObject0 (ObjectInputStream.java:1708)
|    at java.io.ObjectInputStream.readObject (ObjectInputStream.java:538)
|    at java.io.ObjectInputStream.readObject (ObjectInputStream.java:496)
|    at edu.csus.ecs.pc2.core.transport.ConnectionHandlerThread.receive (ConnectionHandlerThread.java:152)
|    at edu.csus.ecs.pc2.core.transport.ConnectionHandlerClientThread.run (ConnectionHandlerClientThread.java:66)
231209 125144.077|FINER|Thread-49471|run|THROW
|edu.csus.ecs.pc2.core.transport.TransportException: Connection reset
|    at edu.csus.ecs.pc2.core.transport.ConnectionHandlerThread.receive (ConnectionHandlerThread.java:156)
|    at edu.csus.ecs.pc2.core.transport.ConnectionHandlerClientThread.run (ConnectionHandlerClientThread.java:66)
