231209 103606.678|CONFIG|qtp135640095-45243|setFileHandlers|Now logging to C:\Users\18328\Desktop\pc2\WebTeamInterface-1.1\logs directory.
231209 103606.678|INFO|qtp135640095-45243|info|
231209 103606.678|INFO|qtp135640095-45243|info|Version 9 () Java ver 18.0.2.1 build  Windows 11 10.0 (amd64) 
231209 103606.678|INFO|qtp135640095-45243|startLog|Working directory is C:\Users\18328\Desktop\pc2\WebTeamInterface-1.1
231209 103606.678|INFO|qtp135640095-45243|startLog|Process id is 15028@DESKTOP-D75BQTV
231209 103606.678|INFO|qtp135640095-45243|start|Starting ConnectionManager...
231209 103606.678|INFO|qtp135640095-45243|start|Started ConnectionManager
231209 103606.686|INFO|qtp135640095-45243|setClientServerAndPort|INIFile File location: file:/C:/Users/18328/Desktop/pc2/WebTeamInterface-1.1/pc2v9.ini
231209 103606.686|INFO|qtp135640095-45243|setClientServerAndPort|setClientServerAndPort localhost parsed as localhost port 50002
231209 103606.686|INFO|qtp135640095-45243|info|Contacting server at localhost:50002
231209 103606.686|INFO|qtp135640095-45243|connectToMyServer|Connecting to localhost:50002
231209 103606.690|INFO|Thread-49145|receiveUnencrypted|receiveUnencrypted(TransportWrapper, ConnectionHandlerID=Socket[addr=localhost/127.0.0.1,port=50002,localport=59295]--7893735258741868951)
231209 103606.694|INFO|Thread-49145|receiveUnencrypted|receiveUnencrypted Made a secret key for Socket[addr=localhost/127.0.0.1,port=50002,localport=59295]--7893735258741868951 key is com.sun.crypto.provider.DESKey@fffe7a84
231209 103606.694|INFO|Thread-49145|getPublicKeyPacket|Generating Unencrypted Public Key Packet
231209 103606.695|INFO|Thread-49145|getPublicKeyPacket|checking key:= SunJCE Diffie-Hellman Public Key:
y:
    3eb4abcb dce41b42 fa49a4d5 5f9a5253 233cc329 ad662a75 5cbe1fea 79e4c7f0
    dd2a0916 b6638ec8 ee27c298 481d1860 395c1ddb 06298582 ea2f2e2b 97afe4e8
    dee5ac64 2a5752a9 8649fcbc 4efe0511 60c2e964 9bc28403 eca46cce a1d7e9f8
    7bb41906 5df05a53 ee2e77e2 965d151c 018f909b 51b6cd96 2059c8e0 fdeadc80
p:
    f488fd58 4e49dbcd 20b49de4 9107366b 336c380d 451d0f7c 88b31c7c 5b2d8ef6
    f3c923c0 43f0a55b 188d8ebb 558cb85d 38d334fd 7c175743 a31d186c de33212c
    b52aff3c e1b12940 18118d7c 84a70a72 d686c403 19c80729 7aca950c d9969fab
    d00a509b 0246d308 3d66a45d 419f9c7c bd894b22 1926baab a25ec355 e92f78c7
g:
    02
l:
    512
231209 103606.695|INFO|Thread-49145|getPublicKeyPacket|packet:= edu.csus.ecs.pc2.core.transport.TransportWrapper@22cc90ed
231209 125144.085|INFO|Thread-49145|receive|SocketException in receive for Socket[addr=localhost/127.0.0.1,port=50002,localport=59295]--7893735258741868951
|java.net.SocketException: Connection reset
|    at sun.nio.ch.NioSocketImpl.implRead (NioSocketImpl.java:320)
|    at sun.nio.ch.NioSocketImpl.read (NioSocketImpl.java:347)
|    at sun.nio.ch.NioSocketImpl$1.read (NioSocketImpl.java:800)
|    at java.net.Socket$SocketInputStream.read (Socket.java:966)
|    at java.net.Socket$SocketInputStream.read (Socket.java:961)
|    at java.io.ObjectInputStream$PeekInputStream.peek (ObjectInputStream.java:2905)
|    at java.io.ObjectInputStream$BlockDataInputStream.peek (ObjectInputStream.java:3232)
|    at java.io.ObjectInputStream$BlockDataInputStream.peekByte (ObjectInputStream.java:3242)
|    at java.io.ObjectInputStream.readObject0 (ObjectInputStream.java:1708)
|    at java.io.ObjectInputStream.readObject (ObjectInputStream.java:538)
|    at java.io.ObjectInputStream.readObject (ObjectInputStream.java:496)
|    at edu.csus.ecs.pc2.core.transport.ConnectionHandlerThread.receive (ConnectionHandlerThread.java:152)
|    at edu.csus.ecs.pc2.core.transport.ConnectionHandlerClientThread.run (ConnectionHandlerClientThread.java:66)
231209 125144.172|FINER|Thread-49145|run|THROW
|edu.csus.ecs.pc2.core.transport.TransportException: Connection reset
|    at edu.csus.ecs.pc2.core.transport.ConnectionHandlerThread.receive (ConnectionHandlerThread.java:156)
|    at edu.csus.ecs.pc2.core.transport.ConnectionHandlerClientThread.run (ConnectionHandlerClientThread.java:66)
