221210 084626.498|CONFIG|qtp996796369-1896|setFileHandlers|Now logging to C:\Users\18328\Desktop\pc2\WebTeamInterface-1.1\logs directory.
221210 084626.498|INFO|qtp996796369-1896|info|
221210 084626.499|INFO|qtp996796369-1896|info|Version 9 () Java ver 18.0.2.1 build  Windows 11 10.0 (amd64) 
221210 084626.499|INFO|qtp996796369-1896|startLog|Working directory is C:\Users\18328\Desktop\pc2\WebTeamInterface-1.1
221210 084626.499|INFO|qtp996796369-1896|startLog|Process id is 20708@DESKTOP-D75BQTV
221210 084626.499|INFO|qtp996796369-1896|start|Starting ConnectionManager...
221210 084626.499|INFO|qtp996796369-1896|start|Started ConnectionManager
221210 084626.500|INFO|qtp996796369-1896|setClientServerAndPort|INIFile File location: file:/C:/Users/18328/Desktop/pc2/WebTeamInterface-1.1/pc2v9.ini
221210 084626.500|INFO|qtp996796369-1896|setClientServerAndPort|setClientServerAndPort 212.212.212.212 parsed as 212.212.212.212 port 50002
221210 084626.500|INFO|qtp996796369-1896|info|Contacting server at 212.212.212.212:50002
221210 084626.500|INFO|qtp996796369-1896|connectToMyServer|Connecting to 212.212.212.212:50002
221210 084626.502|INFO|Thread-14529|receiveUnencrypted|receiveUnencrypted(TransportWrapper, ConnectionHandlerID=Socket[addr=/212.212.212.212,port=50002,localport=50850]--8691713029252950627)
221210 084626.502|INFO|Thread-14529|receiveUnencrypted|receiveUnencrypted Made a secret key for Socket[addr=/212.212.212.212,port=50002,localport=50850]--8691713029252950627 key is com.sun.crypto.provider.DESKey@fffe7f27
221210 084626.502|INFO|Thread-14529|getPublicKeyPacket|Generating Unencrypted Public Key Packet
221210 084626.502|INFO|Thread-14529|getPublicKeyPacket|checking key:= SunJCE Diffie-Hellman Public Key:
y:
    f0445203 7673488a 34107104 be070831 5cace7ba 965fc690 02e70d46 abc8296e
    a716b0fe a995ebab 7dd8295d eb607a2f d6fa4b17 38249381 08fdeb71 d8e3432f
    28186bd4 001d3f2d adf93ec8 3ef74cec c2547c77 980a9ea0 20bb8285 17675815
    eb42cc33 28957e5d 6fb8fc88 5709c059 e6ea0e12 9293d3d9 a4678cd2 a76c355d
p:
    f488fd58 4e49dbcd 20b49de4 9107366b 336c380d 451d0f7c 88b31c7c 5b2d8ef6
    f3c923c0 43f0a55b 188d8ebb 558cb85d 38d334fd 7c175743 a31d186c de33212c
    b52aff3c e1b12940 18118d7c 84a70a72 d686c403 19c80729 7aca950c d9969fab
    d00a509b 0246d308 3d66a45d 419f9c7c bd894b22 1926baab a25ec355 e92f78c7
g:
    02
l:
    512
221210 084626.502|INFO|Thread-14529|getPublicKeyPacket|packet:= edu.csus.ecs.pc2.core.transport.TransportWrapper@6f61abc6
221210 084633.830|INFO|Thread-14529|receive|EOFException in receive for Socket[addr=/212.212.212.212,port=50002,localport=50850]--8691713029252950627
|java.io.EOFException: null
|    at java.io.ObjectInputStream$BlockDataInputStream.peekByte (ObjectInputStream.java:3244)
|    at java.io.ObjectInputStream.readObject0 (ObjectInputStream.java:1708)
|    at java.io.ObjectInputStream.readObject (ObjectInputStream.java:538)
|    at java.io.ObjectInputStream.readObject (ObjectInputStream.java:496)
|    at edu.csus.ecs.pc2.core.transport.ConnectionHandlerThread.receive (ConnectionHandlerThread.java:152)
|    at edu.csus.ecs.pc2.core.transport.ConnectionHandlerClientThread.run (ConnectionHandlerClientThread.java:66)
221210 084633.830|FINER|Thread-14529|run|THROW
|edu.csus.ecs.pc2.core.transport.TransportException: null
|    at edu.csus.ecs.pc2.core.transport.ConnectionHandlerThread.receive (ConnectionHandlerThread.java:159)
|    at edu.csus.ecs.pc2.core.transport.ConnectionHandlerClientThread.run (ConnectionHandlerClientThread.java:66)
221210 084633.830|FINER|Thread-14529|run - e.getmessage is null()|THROW
|edu.csus.ecs.pc2.core.transport.TransportException: null
|    at edu.csus.ecs.pc2.core.transport.ConnectionHandlerThread.receive (ConnectionHandlerThread.java:159)
|    at edu.csus.ecs.pc2.core.transport.ConnectionHandlerClientThread.run (ConnectionHandlerClientThread.java:66)
