221210 103806.566|CONFIG|qtp1613095350-3538|setFileHandlers|Now logging to C:\Users\18328\Desktop\pc2\WebTeamInterface-1.1\logs directory.
221210 103806.567|INFO|qtp1613095350-3538|info|
221210 103806.567|INFO|qtp1613095350-3538|info|Version 9 () Java ver 18.0.2.1 build  Windows 11 10.0 (amd64) 
221210 103806.568|INFO|qtp1613095350-3538|startLog|Working directory is C:\Users\18328\Desktop\pc2\WebTeamInterface-1.1
221210 103806.568|INFO|qtp1613095350-3538|startLog|Process id is 22344@DESKTOP-D75BQTV
221210 103806.569|INFO|qtp1613095350-3538|start|Starting ConnectionManager...
221210 103806.575|INFO|qtp1613095350-3538|start|Started ConnectionManager
221210 103806.577|INFO|qtp1613095350-3538|setClientServerAndPort|INIFile File location: file:/C:/Users/18328/Desktop/pc2/WebTeamInterface-1.1/pc2v9.ini
221210 103806.577|INFO|qtp1613095350-3538|setClientServerAndPort|setClientServerAndPort 212.212.212.212 parsed as 212.212.212.212 port 50002
221210 103806.577|INFO|qtp1613095350-3538|info|Contacting server at 212.212.212.212:50002
221210 103806.577|INFO|qtp1613095350-3538|connectToMyServer|Connecting to 212.212.212.212:50002
221210 103806.578|INFO|Thread-4103|receiveUnencrypted|receiveUnencrypted(TransportWrapper, ConnectionHandlerID=Socket[addr=/212.212.212.212,port=50002,localport=58910]--4198895813526640978)
221210 103806.579|INFO|Thread-4103|receiveUnencrypted|receiveUnencrypted Made a secret key for Socket[addr=/212.212.212.212,port=50002,localport=58910]--4198895813526640978 key is com.sun.crypto.provider.DESKey@18679
221210 103806.579|INFO|Thread-4103|getPublicKeyPacket|Generating Unencrypted Public Key Packet
221210 103806.579|INFO|Thread-4103|getPublicKeyPacket|checking key:= SunJCE Diffie-Hellman Public Key:
y:
    9aeb207a b3d7f861 6eeb5974 aea7b6e0 9911ed4a b0d6baf1 9ee912a6 c2e34b83
    c7b313a4 0b32899f ed41ecd0 3ae90f2b ec408493 46de5e93 913ae804 a5792c6d
    9af772d5 665309fa 21f9806b 99dd1200 aff47d88 efa22724 4c312ca4 a573640f
    ec9b546e 057e1405 f7c4742a 2c713939 74698dfc 43685ff9 3235ceb3 fee793e7
p:
    f488fd58 4e49dbcd 20b49de4 9107366b 336c380d 451d0f7c 88b31c7c 5b2d8ef6
    f3c923c0 43f0a55b 188d8ebb 558cb85d 38d334fd 7c175743 a31d186c de33212c
    b52aff3c e1b12940 18118d7c 84a70a72 d686c403 19c80729 7aca950c d9969fab
    d00a509b 0246d308 3d66a45d 419f9c7c bd894b22 1926baab a25ec355 e92f78c7
g:
    02
l:
    512
221210 103806.579|INFO|Thread-4103|getPublicKeyPacket|packet:= edu.csus.ecs.pc2.core.transport.TransportWrapper@1af0fc06
221210 150258.254|INFO|Thread-4103|receive|SocketException in receive for Socket[addr=/212.212.212.212,port=50002,localport=58910]--4198895813526640978
|java.net.SocketException: An established connection was aborted by the software in your host machine
|    at sun.nio.ch.NioSocketImpl.implRead (NioSocketImpl.java:322)
|    at sun.nio.ch.NioSocketImpl.read (NioSocketImpl.java:347)
|    at sun.nio.ch.NioSocketImpl$1.read (NioSocketImpl.java:800)
|    at java.net.Socket$SocketInputStream.read (Socket.java:966)
|    at java.net.Socket$SocketInputStream.read (Socket.java:961)
|    at java.io.ObjectInputStream$PeekInputStream.peek (ObjectInputStream.java:2905)
|    at java.io.ObjectInputStream$BlockDataInputStream.peek (ObjectInputStream.java:3232)
|    at java.io.ObjectInputStream$BlockDataInputStream.peekByte (ObjectInputStream.java:3242)
|    at java.io.ObjectInputStream.readObject0 (ObjectInputStream.java:1708)
|    at java.io.ObjectInputStream.readObject (ObjectInputStream.java:538)
|    at java.io.ObjectInputStream.readObject (ObjectInputStream.java:496)
|    at edu.csus.ecs.pc2.core.transport.ConnectionHandlerThread.receive (ConnectionHandlerThread.java:152)
|    at edu.csus.ecs.pc2.core.transport.ConnectionHandlerClientThread.run (ConnectionHandlerClientThread.java:66)
221210 150258.299|FINER|Thread-4103|run|THROW
|edu.csus.ecs.pc2.core.transport.TransportException: An established connection was aborted by the software in your host machine
|    at edu.csus.ecs.pc2.core.transport.ConnectionHandlerThread.receive (ConnectionHandlerThread.java:156)
|    at edu.csus.ecs.pc2.core.transport.ConnectionHandlerClientThread.run (ConnectionHandlerClientThread.java:66)
221210 150258.358|INFO|Thread-4103|receive|SocketException in receive for Socket[addr=/212.212.212.212,port=50002,localport=58910]--4198895813526640978
|java.net.SocketException: Connection reset
|    at sun.nio.ch.NioSocketImpl.implRead (NioSocketImpl.java:320)
|    at sun.nio.ch.NioSocketImpl.read (NioSocketImpl.java:347)
|    at sun.nio.ch.NioSocketImpl$1.read (NioSocketImpl.java:800)
|    at java.net.Socket$SocketInputStream.read (Socket.java:966)
|    at java.net.Socket$SocketInputStream.read (Socket.java:961)
|    at java.io.ObjectInputStream$PeekInputStream.peek (ObjectInputStream.java:2905)
|    at java.io.ObjectInputStream$BlockDataInputStream.peek (ObjectInputStream.java:3232)
|    at java.io.ObjectInputStream$BlockDataInputStream.peekByte (ObjectInputStream.java:3242)
|    at java.io.ObjectInputStream.readObject0 (ObjectInputStream.java:1708)
|    at java.io.ObjectInputStream.readObject (ObjectInputStream.java:538)
|    at java.io.ObjectInputStream.readObject (ObjectInputStream.java:496)
|    at edu.csus.ecs.pc2.core.transport.ConnectionHandlerThread.receive (ConnectionHandlerThread.java:152)
|    at edu.csus.ecs.pc2.core.transport.ConnectionHandlerClientThread.run (ConnectionHandlerClientThread.java:66)
221210 150258.358|FINER|Thread-4103|run|THROW
|edu.csus.ecs.pc2.core.transport.TransportException: Connection reset
|    at edu.csus.ecs.pc2.core.transport.ConnectionHandlerThread.receive (ConnectionHandlerThread.java:156)
|    at edu.csus.ecs.pc2.core.transport.ConnectionHandlerClientThread.run (ConnectionHandlerClientThread.java:66)
