230921 155853.921|CONFIG|qtp18242360-278|setFileHandlers|Now logging to C:\Users\18328\Desktop\pc2\WebTeamInterface-1.1\logs directory.
230921 155853.921|INFO|qtp18242360-278|info|
230921 155853.921|INFO|qtp18242360-278|info|Version 9 () Java ver 18.0.2.1 build  Windows 11 10.0 (amd64) 
230921 155853.921|INFO|qtp18242360-278|startLog|Working directory is C:\Users\18328\Desktop\pc2\WebTeamInterface-1.1
230921 155853.921|INFO|qtp18242360-278|startLog|Process id is 1544@DESKTOP-D75BQTV
230921 155853.921|INFO|qtp18242360-278|start|Starting ConnectionManager...
230921 155853.934|INFO|qtp18242360-278|start|Started ConnectionManager
230921 155853.937|INFO|qtp18242360-278|setClientServerAndPort|INIFile File location: file:/C:/Users/18328/Desktop/pc2/WebTeamInterface-1.1/pc2v9.ini
230921 155853.937|INFO|qtp18242360-278|setClientServerAndPort|setClientServerAndPort localhost parsed as localhost port 50002
230921 155853.937|INFO|qtp18242360-278|info|Contacting server at localhost:50002
230921 155853.937|INFO|qtp18242360-278|connectToMyServer|Connecting to localhost:50002
230921 155853.937|INFO|Thread-2383|receiveUnencrypted|receiveUnencrypted(TransportWrapper, ConnectionHandlerID=Socket[addr=localhost/127.0.0.1,port=50002,localport=51791]-830269617131085071)
230921 155853.937|INFO|Thread-2383|receiveUnencrypted|receiveUnencrypted Made a secret key for Socket[addr=localhost/127.0.0.1,port=50002,localport=51791]-830269617131085071 key is com.sun.crypto.provider.DESKey@fffe7832
230921 155853.937|INFO|Thread-2383|getPublicKeyPacket|Generating Unencrypted Public Key Packet
230921 155853.937|INFO|Thread-2383|getPublicKeyPacket|checking key:= SunJCE Diffie-Hellman Public Key:
y:
    8d4fdc2d 6451f21b 25c29113 215d332c b4b2d1c8 8593dc5d 52314aa4 e6d8b8e7
    bb434070 4460c958 8ea65324 94eb7ccd 13f6c3ce fb3736e3 8b1e06e9 3d4a0fa5
    299dea6b 90db07a8 6d52bae4 c93c0e08 6b89503a 813a5735 e18905e9 fd5b2c5d
    9fb5e3ab aa5b4cf8 63aec6d9 be9eefa9 82256120 d7e39e39 a8bd6cd0 9c2d1ee3
p:
    f488fd58 4e49dbcd 20b49de4 9107366b 336c380d 451d0f7c 88b31c7c 5b2d8ef6
    f3c923c0 43f0a55b 188d8ebb 558cb85d 38d334fd 7c175743 a31d186c de33212c
    b52aff3c e1b12940 18118d7c 84a70a72 d686c403 19c80729 7aca950c d9969fab
    d00a509b 0246d308 3d66a45d 419f9c7c bd894b22 1926baab a25ec355 e92f78c7
g:
    02
l:
    512
230921 155853.937|INFO|Thread-2383|getPublicKeyPacket|packet:= edu.csus.ecs.pc2.core.transport.TransportWrapper@7fa0e845
230921 165528.085|INFO|Thread-2383|receive|SocketException in receive for Socket[addr=localhost/127.0.0.1,port=50002,localport=51791]-830269617131085071
|java.net.SocketException: Connection reset
|    at sun.nio.ch.NioSocketImpl.implRead (NioSocketImpl.java:320)
|    at sun.nio.ch.NioSocketImpl.read (NioSocketImpl.java:347)
|    at sun.nio.ch.NioSocketImpl$1.read (NioSocketImpl.java:800)
|    at java.net.Socket$SocketInputStream.read (Socket.java:966)
|    at java.net.Socket$SocketInputStream.read (Socket.java:961)
|    at java.io.ObjectInputStream$PeekInputStream.peek (ObjectInputStream.java:2905)
|    at java.io.ObjectInputStream$BlockDataInputStream.peek (ObjectInputStream.java:3232)
|    at java.io.ObjectInputStream$BlockDataInputStream.peekByte (ObjectInputStream.java:3242)
|    at java.io.ObjectInputStream.readObject0 (ObjectInputStream.java:1708)
|    at java.io.ObjectInputStream.readObject (ObjectInputStream.java:538)
|    at java.io.ObjectInputStream.readObject (ObjectInputStream.java:496)
|    at edu.csus.ecs.pc2.core.transport.ConnectionHandlerThread.receive (ConnectionHandlerThread.java:152)
|    at edu.csus.ecs.pc2.core.transport.ConnectionHandlerClientThread.run (ConnectionHandlerClientThread.java:66)
230921 165528.089|FINER|Thread-2383|run|THROW
|edu.csus.ecs.pc2.core.transport.TransportException: Connection reset
|    at edu.csus.ecs.pc2.core.transport.ConnectionHandlerThread.receive (ConnectionHandlerThread.java:156)
|    at edu.csus.ecs.pc2.core.transport.ConnectionHandlerClientThread.run (ConnectionHandlerClientThread.java:66)
