231209 103733.750|CONFIG|qtp135640095-45243|setFileHandlers|Now logging to C:\Users\18328\Desktop\pc2\WebTeamInterface-1.1\logs directory.
231209 103733.751|INFO|qtp135640095-45243|info|
231209 103733.751|INFO|qtp135640095-45243|info|Version 9 () Java ver 18.0.2.1 build  Windows 11 10.0 (amd64) 
231209 103733.753|INFO|qtp135640095-45243|startLog|Working directory is C:\Users\18328\Desktop\pc2\WebTeamInterface-1.1
231209 103733.753|INFO|qtp135640095-45243|startLog|Process id is 15028@DESKTOP-D75BQTV
231209 103733.753|INFO|qtp135640095-45243|start|Starting ConnectionManager...
231209 103733.753|INFO|qtp135640095-45243|start|Started ConnectionManager
231209 103733.753|INFO|qtp135640095-45243|setClientServerAndPort|INIFile File location: file:/C:/Users/18328/Desktop/pc2/WebTeamInterface-1.1/pc2v9.ini
231209 103733.753|INFO|qtp135640095-45243|setClientServerAndPort|setClientServerAndPort localhost parsed as localhost port 50002
231209 103733.753|INFO|qtp135640095-45243|info|Contacting server at localhost:50002
231209 103733.759|INFO|qtp135640095-45243|connectToMyServer|Connecting to localhost:50002
231209 103733.762|INFO|Thread-49211|receiveUnencrypted|receiveUnencrypted(TransportWrapper, ConnectionHandlerID=Socket[addr=localhost/127.0.0.1,port=50002,localport=59636]--246015437255334359)
231209 103733.764|INFO|Thread-49211|receiveUnencrypted|receiveUnencrypted Made a secret key for Socket[addr=localhost/127.0.0.1,port=50002,localport=59636]--246015437255334359 key is com.sun.crypto.provider.DESKey@18618
231209 103733.764|INFO|Thread-49211|getPublicKeyPacket|Generating Unencrypted Public Key Packet
231209 103733.764|INFO|Thread-49211|getPublicKeyPacket|checking key:= SunJCE Diffie-Hellman Public Key:
y:
    e6066a73 bf45d0cd f7e41496 299adf8a 47222140 d3ded5b0 194f42a0 4375c30e
    a4d3e8e0 e6a6ab81 f4aec40a b8b8acf7 8e0e3c25 053597e6 f5d27a4a 5926ad23
    c3f77f28 2862cfc9 76b1d826 18930d59 03264704 75f34c99 4a0a0989 f5b5248d
    af633545 efdce18b 5cfca55d 8732f44a 44dc2995 38070b90 ca7a0fbc 5988e68d
p:
    f488fd58 4e49dbcd 20b49de4 9107366b 336c380d 451d0f7c 88b31c7c 5b2d8ef6
    f3c923c0 43f0a55b 188d8ebb 558cb85d 38d334fd 7c175743 a31d186c de33212c
    b52aff3c e1b12940 18118d7c 84a70a72 d686c403 19c80729 7aca950c d9969fab
    d00a509b 0246d308 3d66a45d 419f9c7c bd894b22 1926baab a25ec355 e92f78c7
g:
    02
l:
    512
231209 103733.764|INFO|Thread-49211|getPublicKeyPacket|packet:= edu.csus.ecs.pc2.core.transport.TransportWrapper@c4b591c
231209 104305.449|INFO|Thread-49211|receive|EOFException in receive for Socket[addr=localhost/127.0.0.1,port=50002,localport=59636]--246015437255334359
|java.io.EOFException: null
|    at java.io.ObjectInputStream$BlockDataInputStream.peekByte (ObjectInputStream.java:3244)
|    at java.io.ObjectInputStream.readObject0 (ObjectInputStream.java:1708)
|    at java.io.ObjectInputStream.readObject (ObjectInputStream.java:538)
|    at java.io.ObjectInputStream.readObject (ObjectInputStream.java:496)
|    at edu.csus.ecs.pc2.core.transport.ConnectionHandlerThread.receive (ConnectionHandlerThread.java:152)
|    at edu.csus.ecs.pc2.core.transport.ConnectionHandlerClientThread.run (ConnectionHandlerClientThread.java:66)
231209 104305.457|FINER|Thread-49211|run|THROW
|edu.csus.ecs.pc2.core.transport.TransportException: null
|    at edu.csus.ecs.pc2.core.transport.ConnectionHandlerThread.receive (ConnectionHandlerThread.java:159)
|    at edu.csus.ecs.pc2.core.transport.ConnectionHandlerClientThread.run (ConnectionHandlerClientThread.java:66)
231209 104305.457|FINER|Thread-49211|run - e.getmessage is null()|THROW
|edu.csus.ecs.pc2.core.transport.TransportException: null
|    at edu.csus.ecs.pc2.core.transport.ConnectionHandlerThread.receive (ConnectionHandlerThread.java:159)
|    at edu.csus.ecs.pc2.core.transport.ConnectionHandlerClientThread.run (ConnectionHandlerClientThread.java:66)
