221130 090958.997|CONFIG|qtp988458918-16|setFileHandlers|Now logging to C:\Users\18328\Desktop\pc2-template\WebTeamInterface-1.1\logs directory.
221130 090958.997|INFO|qtp988458918-16|info|
221130 090958.997|INFO|qtp988458918-16|info|Version 9 () Java ver 1.8.0_51 build  Windows 8.1 6.3 (amd64) 
221130 090958.997|INFO|qtp988458918-16|info|Login: scoreboard2 (aka scoreboard2)
221130 090958.997|INFO|qtp988458918-16|startLog|Working directory is C:\Users\18328\Desktop\pc2-template\WebTeamInterface-1.1
221130 090958.997|INFO|qtp988458918-16|startLog|Process id is 13684@DESKTOP-D75BQTV
221130 090959.002|INFO|qtp988458918-16|info|Contacting server at localhost:50002 as SCOREBOARD2 @ site 0
221130 090959.002|INFO|qtp988458918-16|info|sendLoginRequest start - sending from SCOREBOARD2 @ site 0
221130 090959.002|INFO|qtp988458918-16|sendToLocalServer|Sending packet to server Packet[LOGIN_REQUEST] #18 SCOREBOARD2 @ site 0 -> SERVER0 @ site 0
221130 090959.002|INFO|qtp988458918-16|sendToLocalServer|Sent    packet to server Packet[LOGIN_REQUEST] #18 SCOREBOARD2 @ site 0 -> SERVER0 @ site 0
221130 090959.002|INFO|qtp988458918-16|info|sendLoginRequest end - packet sent.
221130 090959.003|INFO|Thread-190|run|send(Serializable)
221130 090959.005|INFO|Thread-189|receiveUnencrypted|receiveUnencrypted(TransportWrapper, ConnectionHandlerID=Socket[addr=localhost/127.0.0.1,port=50002,localport=58045]--8114938835688866057)
221130 090959.010|INFO|Thread-189|receiveUnencrypted|receiveUnencrypted Made a secret key for Socket[addr=localhost/127.0.0.1,port=50002,localport=58045]--8114938835688866057 key is com.sun.crypto.provider.DESKey@180e9
221130 090959.010|INFO|Thread-189|getPublicKeyPacket|Generating Unencrypted Public Key Packet
221130 090959.010|INFO|Thread-189|getPublicKeyPacket|checking key:= SunJCE Diffie-Hellman Public Key:
y:
    6d97448a 50582c21 51597cbc 596987c5 5a54d2cc 89b52144 323b5301 f1b41a18
    bd2be277 7d3ffe49 20487e52 64132248 847fbaae 47afcd38 9d20d150 35904eac
    dfc1b94a 1a22965a c00b3805 0c13c0cb 5a3adef0 e882aabf 607e738c 34d99fbe
    c1812175 6d298d78 2ac00b0a e997f779 8cffae2a 39c6960d 1235eeff 8fc8e22b
p:
    f488fd58 4e49dbcd 20b49de4 9107366b 336c380d 451d0f7c 88b31c7c 5b2d8ef6
    f3c923c0 43f0a55b 188d8ebb 558cb85d 38d334fd 7c175743 a31d186c de33212c
    b52aff3c e1b12940 18118d7c 84a70a72 d686c403 19c80729 7aca950c d9969fab
    d00a509b 0246d308 3d66a45d 419f9c7c bd894b22 1926baab a25ec355 e92f78c7
g:
    02
l:
    512
221130 090959.010|INFO|Thread-189|getPublicKeyPacket|packet:= edu.csus.ecs.pc2.core.transport.TransportWrapper@2ebe8439
221130 090959.032|INFO|Thread-189|receive|public void receive(SealedObject TransportPacket, ConnectionHandlerID connectionHandlerID)
221130 090959.035|INFO|Thread-191|info| receiveObject(S) start got Packet[LOGIN_FAILED] #14 SERVER0 @ site 1 -> SCOREBOARD2 @ site 0
221130 090959.035|INFO|Thread-191|dumpPacket|Packet LOGIN_FAILED (Seq #14, o#14 ) recieveObject
221130 090959.035|INFO|Thread-191|dumpPacket|  From: SERVER0 @ site 1, oSERVER0 @ site 1 (DESKTOP-D75BQTV @ 212.212.212.138) (Contest Id: Default--4708004230601002395)
221130 090959.035|INFO|Thread-191|dumpPacket|    To: SCOREBOARD2 @ site 0
221130 090959.035|INFO|Thread-191|dumpPacket|   key: MESSAGE_STRING is: java.lang.String Invalid password
221130 090959.035|INFO|Thread-191|info|handlePacket start Packet[LOGIN_FAILED] #14 SERVER0 @ site 1 -> SCOREBOARD2 @ site 0
221130 090959.035|INFO|Thread-191|dumpPacket|Packet LOGIN_FAILED (Seq #14, o#14 ) handlePacket
221130 090959.035|INFO|Thread-191|dumpPacket|  From: SERVER0 @ site 1, oSERVER0 @ site 1 (DESKTOP-D75BQTV @ 212.212.212.138) (Contest Id: Default--4708004230601002395)
221130 090959.035|INFO|Thread-191|dumpPacket|    To: SCOREBOARD2 @ site 0
221130 090959.035|INFO|Thread-191|dumpPacket|   key: MESSAGE_STRING is: java.lang.String Invalid password
221130 090959.035|INFO|Thread-191|info| receiveObject(S) end   got Packet[LOGIN_FAILED] #14 SERVER0 @ site 1 -> SCOREBOARD2 @ site 0
221130 094036.375|INFO|Thread-189|connectionDropped|connectionDropped(ConnectionHandlerID myConnectionID) 
