221130 091035.725|CONFIG|qtp988458918-21|setFileHandlers|Now logging to C:\Users\18328\Desktop\pc2-template\WebTeamInterface-1.1\logs directory.
221130 091035.726|INFO|qtp988458918-21|info|
221130 091035.726|INFO|qtp988458918-21|info|Version 9 () Java ver 1.8.0_51 build  Windows 8.1 6.3 (amd64) 
221130 091035.726|INFO|qtp988458918-21|info|Login: scoreboard2 (aka scoreboard2)
221130 091035.726|INFO|qtp988458918-21|startLog|Working directory is C:\Users\18328\Desktop\pc2-template\WebTeamInterface-1.1
221130 091035.726|INFO|qtp988458918-21|startLog|Process id is 13684@DESKTOP-D75BQTV
221130 091035.734|INFO|qtp988458918-21|info|Contacting server at localhost:50002 as SCOREBOARD2 @ site 0
221130 091035.735|INFO|qtp988458918-21|info|sendLoginRequest start - sending from SCOREBOARD2 @ site 0
221130 091035.735|INFO|qtp988458918-21|sendToLocalServer|Sending packet to server Packet[LOGIN_REQUEST] #24 SCOREBOARD2 @ site 0 -> SERVER0 @ site 0
221130 091035.735|INFO|qtp988458918-21|sendToLocalServer|Sent    packet to server Packet[LOGIN_REQUEST] #24 SCOREBOARD2 @ site 0 -> SERVER0 @ site 0
221130 091035.735|INFO|qtp988458918-21|info|sendLoginRequest end - packet sent.
221130 091035.735|INFO|Thread-239|run|send(Serializable)
221130 091035.735|INFO|Thread-238|receiveUnencrypted|receiveUnencrypted Made a secret key for Socket[addr=localhost/127.0.0.1,port=50002,localport=58165]-360670655832297693 key is com.sun.crypto.provider.DESKey@fffe79a8
221130 091035.735|INFO|Thread-238|getPublicKeyPacket|Generating Unencrypted Public Key Packet
221130 091035.743|INFO|Thread-238|getPublicKeyPacket|checking key:= SunJCE Diffie-Hellman Public Key:
y:
    0109e50b 30854107 7b829447 e6d07ccb 9a8fb37f df0067e8 64176990 f8e31503
    ff36df62 f27519d1 e1c91880 5f07ffbb a912c7c4 af2a8986 d7f0acbd fd07c6f5
    ebceb3b1 4111444c dd84e127 9f656582 0832103f 1689e100 9219ac16 946593a6
    55b37793 08d73751 95263bde 94e21926 2de58c73 847e24e4 a861e6b6 b7c7b2e5
p:
    f488fd58 4e49dbcd 20b49de4 9107366b 336c380d 451d0f7c 88b31c7c 5b2d8ef6
    f3c923c0 43f0a55b 188d8ebb 558cb85d 38d334fd 7c175743 a31d186c de33212c
    b52aff3c e1b12940 18118d7c 84a70a72 d686c403 19c80729 7aca950c d9969fab
    d00a509b 0246d308 3d66a45d 419f9c7c bd894b22 1926baab a25ec355 e92f78c7
g:
    02
l:
    512
221130 091035.743|INFO|Thread-238|getPublicKeyPacket|packet:= edu.csus.ecs.pc2.core.transport.TransportWrapper@7152bd86
221130 091035.764|INFO|Thread-238|receive|public void receive(SealedObject TransportPacket, ConnectionHandlerID connectionHandlerID)
221130 091035.764|INFO|Thread-240|info| receiveObject(S) start got Packet[LOGIN_FAILED] #27 SERVER0 @ site 1 -> SCOREBOARD2 @ site 0
221130 091035.764|INFO|Thread-240|dumpPacket|Packet LOGIN_FAILED (Seq #27, o#27 ) recieveObject
221130 091035.764|INFO|Thread-240|dumpPacket|  From: SERVER0 @ site 1, oSERVER0 @ site 1 (DESKTOP-D75BQTV @ 212.212.212.138) (Contest Id: Default--4708004230601002395)
221130 091035.764|INFO|Thread-240|dumpPacket|    To: SCOREBOARD2 @ site 0
221130 091035.764|INFO|Thread-240|dumpPacket|   key: MESSAGE_STRING is: java.lang.String Invalid password
221130 091035.764|INFO|Thread-240|info|handlePacket start Packet[LOGIN_FAILED] #27 SERVER0 @ site 1 -> SCOREBOARD2 @ site 0
221130 091035.764|INFO|Thread-240|dumpPacket|Packet LOGIN_FAILED (Seq #27, o#27 ) handlePacket
221130 091035.764|INFO|Thread-240|dumpPacket|  From: SERVER0 @ site 1, oSERVER0 @ site 1 (DESKTOP-D75BQTV @ 212.212.212.138) (Contest Id: Default--4708004230601002395)
221130 091035.764|INFO|Thread-240|dumpPacket|    To: SCOREBOARD2 @ site 0
221130 091035.764|INFO|Thread-240|dumpPacket|   key: MESSAGE_STRING is: java.lang.String Invalid password
221130 091035.764|INFO|Thread-240|info| receiveObject(S) end   got Packet[LOGIN_FAILED] #27 SERVER0 @ site 1 -> SCOREBOARD2 @ site 0
221130 094036.375|INFO|Thread-238|connectionDropped|connectionDropped(ConnectionHandlerID myConnectionID) 
