221210 082736.302|CONFIG|qtp996796369-1842|setFileHandlers|Now logging to C:\Users\18328\Desktop\pc2\WebTeamInterface-1.1\logs directory.
221210 082736.302|INFO|qtp996796369-1842|info|
221210 082736.302|INFO|qtp996796369-1842|info|Version 9 () Java ver 18.0.2.1 build  Windows 11 10.0 (amd64) 
221210 082736.303|INFO|qtp996796369-1842|info|Login: team54 (aka team54)
221210 082736.303|INFO|qtp996796369-1842|startLog|Working directory is C:\Users\18328\Desktop\pc2\WebTeamInterface-1.1
221210 082736.303|INFO|qtp996796369-1842|startLog|Process id is 20708@DESKTOP-D75BQTV
221210 082736.303|INFO|Thread-5045|getPublicKeyPacket|packet:= edu.csus.ecs.pc2.core.transport.TransportWrapper@16f8dea1
221210 082736.303|INFO|qtp996796369-1842|info|Contacting server at 212.212.212.212:50002 as TEAM54 @ site 0
221210 082736.303|INFO|qtp996796369-1842|info|sendLoginRequest start - sending from TEAM54 @ site 0
221210 082736.303|INFO|qtp996796369-1842|sendToLocalServer|Sending packet to server Packet[LOGIN_REQUEST] #160 TEAM54 @ site 0 -> SERVER0 @ site 0
221210 082736.303|INFO|qtp996796369-1842|sendToLocalServer|Sent    packet to server Packet[LOGIN_REQUEST] #160 TEAM54 @ site 0 -> SERVER0 @ site 0
221210 082736.303|INFO|qtp996796369-1842|info|sendLoginRequest end - packet sent.
221210 082736.303|INFO|Thread-5046|run|send(Serializable)
221210 082736.307|INFO|Thread-5045|receive|public void receive(SealedObject TransportPacket, ConnectionHandlerID connectionHandlerID)
221210 082736.309|INFO|Thread-5047|info| receiveObject(S) start got Packet[LOGIN_SUCCESS] #1049 SERVER0 @ site 1 -> TEAM54 @ site 1
221210 082736.309|INFO|Thread-5047|dumpPacket|Packet LOGIN_SUCCESS (Seq #1049, o#1049 ) recieveObject
221210 082736.309|INFO|Thread-5047|dumpPacket|  From: SERVER0 @ site 1, oSERVER0 @ site 1 (DESKTOP-D75BQTV @ 212.212.212.212) (Contest Id: DryRun--5544400451244233091)
221210 082736.309|INFO|Thread-5047|dumpPacket|    To: TEAM54 @ site 1
221210 082736.309|INFO|Thread-5047|dumpPacket|   key: PROFILE_LIST is: [Ledu.csus.ecs.pc2.core.model.Profile; [Ledu.csus.ecs.pc2.core.model.Profile;@65eba97
221210 082736.309|INFO|Thread-5047|dumpPacket|   key: GENERAL_PROBLEM is: edu.csus.ecs.pc2.core.model.Problem General
221210 082736.309|INFO|Thread-5047|dumpPacket|   key: CLIENT_SETTINGS_LIST is: [Ledu.csus.ecs.pc2.core.model.ClientSettings; [Ledu.csus.ecs.pc2.core.model.ClientSettings;@899542c
221210 082736.309|INFO|Thread-5047|dumpPacket|   key: CONTEST_TIME is: edu.csus.ecs.pc2.core.model.ContestTime edu.csus.ecs.pc2.core.model.ContestTime@ca6d1e7
221210 082736.309|INFO|Thread-5047|dumpPacket|   key: CLARIFICATION_LIST is: [Ledu.csus.ecs.pc2.core.model.Clarification; [Ledu.csus.ecs.pc2.core.model.Clarification;@49a45e17
221210 082736.309|INFO|Thread-5047|dumpPacket|   key: CATEGORY_LIST is: [Ledu.csus.ecs.pc2.core.model.Category; [Ledu.csus.ecs.pc2.core.model.Category;@3a5ddfb6
221210 082736.309|INFO|Thread-5047|dumpPacket|   key: LANGUAGE_LIST is: [Ledu.csus.ecs.pc2.core.model.Language; [Ledu.csus.ecs.pc2.core.model.Language;@78a7d4e5
221210 082736.309|INFO|Thread-5047|dumpPacket|   key: REMOTE_LOGGED_IN_USERS is: [Ledu.csus.ecs.pc2.core.model.ClientId; [Ledu.csus.ecs.pc2.core.model.ClientId;@42b40bff
221210 082736.309|INFO|Thread-5047|dumpPacket|   key: CONTEST_TIME_LIST is: [Ledu.csus.ecs.pc2.core.model.ContestTime; [Ledu.csus.ecs.pc2.core.model.ContestTime;@298ba158
221210 082736.309|INFO|Thread-5047|dumpPacket|   key: CONNECTION_HANDLE_ID_LIST is: [Ledu.csus.ecs.pc2.core.transport.ConnectionHandlerID; [Ledu.csus.ecs.pc2.core.transport.ConnectionHandlerID;@7dff7bb0
221210 082736.309|INFO|Thread-5047|dumpPacket|   key: PROFILE is: edu.csus.ecs.pc2.core.model.Profile DryRun--5544400451244233091
221210 082736.309|INFO|Thread-5047|dumpPacket|   key: CLIENT_ID is: edu.csus.ecs.pc2.core.model.ClientId TEAM54 @ site 1
221210 082736.309|INFO|Thread-5047|dumpPacket|   key: SITE_NUMBER is: java.lang.Integer 1
221210 082736.309|INFO|Thread-5047|dumpPacket|   key: CONTEST_INFORMATION is: edu.csus.ecs.pc2.core.model.ContestInformation edu.csus.ecs.pc2.core.model.ContestInformation@3b398816
221210 082736.309|INFO|Thread-5047|dumpPacket|   key: SITE_LIST is: [Ledu.csus.ecs.pc2.core.model.Site; [Ledu.csus.ecs.pc2.core.model.Site;@59b0877d
221210 082736.309|INFO|Thread-5047|dumpPacket|   key: PROBLEM_DATA_FILES is: [Ledu.csus.ecs.pc2.core.model.ProblemDataFiles; [Ledu.csus.ecs.pc2.core.model.ProblemDataFiles;@2dc57c72
221210 082736.309|INFO|Thread-5047|dumpPacket|   key: JUDGEMENT_LIST is: [Ledu.csus.ecs.pc2.core.model.Judgement; [Ledu.csus.ecs.pc2.core.model.Judgement;@2b61a081
221210 082736.309|INFO|Thread-5047|dumpPacket|   key: PROBLEM_LIST is: [Ledu.csus.ecs.pc2.core.model.Problem; [Ledu.csus.ecs.pc2.core.model.Problem;@5c6ff4c3
221210 082736.309|INFO|Thread-5047|dumpPacket|   key: GROUP_LIST is: [Ledu.csus.ecs.pc2.core.model.Group; [Ledu.csus.ecs.pc2.core.model.Group;@1b90b5c
221210 082736.309|INFO|Thread-5047|dumpPacket|   key: LOCAL_LOGGED_IN_USERS is: [Ledu.csus.ecs.pc2.core.model.ClientId; [Ledu.csus.ecs.pc2.core.model.ClientId;@799d1f5
221210 082736.309|INFO|Thread-5047|dumpPacket|   key: SERVER_CLOCK_OFFSET is: java.util.GregorianCalendar java.util.GregorianCalendar[time=1670682456306,areFieldsSet=true,areAllFieldsSet=false,lenient=true,zone=sun.util.calendar.ZoneInfo[id="GMT",offset=0,dstSavings=0,useDaylight=false,transitions=0,lastRule=null],firstDayOfWeek=1,minimalDaysInFirstWeek=1,ERA=1,YEAR=2022,MONTH=11,WEEK_OF_YEAR=50,WEEK_OF_MONTH=2,DAY_OF_MONTH=10,DAY_OF_YEAR=344,DAY_OF_WEEK=7,DAY_OF_WEEK_IN_MONTH=2,AM_PM=1,HOUR=2,HOUR_OF_DAY=14,MINUTE=27,SECOND=36,MILLISECOND=306,ZONE_OFFSET=0,DST_OFFSET=0]
221210 082736.309|INFO|Thread-5047|dumpPacket|   key: CONTEST_IDENTIFIER is: java.lang.String DryRun--5544400451244233091
221210 082736.309|INFO|Thread-5047|dumpPacket|   key: BALLOON_SETTINGS_LIST is: [Ledu.csus.ecs.pc2.core.model.BalloonSettings; [Ledu.csus.ecs.pc2.core.model.BalloonSettings;@215a0c2f
221210 082736.309|INFO|Thread-5047|dumpPacket|   key: RUN_LIST is: [Ledu.csus.ecs.pc2.core.model.Run; [Ledu.csus.ecs.pc2.core.model.Run;@2302d2b
221210 082736.309|INFO|Thread-5047|dumpPacket|   key: ACCOUNT_ARRAY is: [Ledu.csus.ecs.pc2.core.model.Account; [Ledu.csus.ecs.pc2.core.model.Account;@4b9a35da
221210 082736.309|INFO|Thread-5047|info|handlePacket start Packet[LOGIN_SUCCESS] #1049 SERVER0 @ site 1 -> TEAM54 @ site 1
221210 082736.309|INFO|Thread-5047|dumpPacket|Packet LOGIN_SUCCESS (Seq #1049, o#1049 ) handlePacket
221210 082736.309|INFO|Thread-5047|dumpPacket|  From: SERVER0 @ site 1, oSERVER0 @ site 1 (DESKTOP-D75BQTV @ 212.212.212.212) (Contest Id: DryRun--5544400451244233091)
221210 082736.309|INFO|Thread-5047|dumpPacket|    To: TEAM54 @ site 1
221210 082736.309|INFO|Thread-5047|dumpPacket|   key: PROFILE_LIST is: [Ledu.csus.ecs.pc2.core.model.Profile; [Ledu.csus.ecs.pc2.core.model.Profile;@65eba97
221210 082736.309|INFO|Thread-5047|dumpPacket|   key: GENERAL_PROBLEM is: edu.csus.ecs.pc2.core.model.Problem General
221210 082736.309|INFO|Thread-5047|dumpPacket|   key: CLIENT_SETTINGS_LIST is: [Ledu.csus.ecs.pc2.core.model.ClientSettings; [Ledu.csus.ecs.pc2.core.model.ClientSettings;@899542c
221210 082736.309|INFO|Thread-5047|dumpPacket|   key: CONTEST_TIME is: edu.csus.ecs.pc2.core.model.ContestTime edu.csus.ecs.pc2.core.model.ContestTime@ca6d1e7
221210 082736.309|INFO|Thread-5047|dumpPacket|   key: CLARIFICATION_LIST is: [Ledu.csus.ecs.pc2.core.model.Clarification; [Ledu.csus.ecs.pc2.core.model.Clarification;@49a45e17
221210 082736.309|INFO|Thread-5047|dumpPacket|   key: CATEGORY_LIST is: [Ledu.csus.ecs.pc2.core.model.Category; [Ledu.csus.ecs.pc2.core.model.Category;@3a5ddfb6
221210 082736.309|INFO|Thread-5047|dumpPacket|   key: LANGUAGE_LIST is: [Ledu.csus.ecs.pc2.core.model.Language; [Ledu.csus.ecs.pc2.core.model.Language;@78a7d4e5
221210 082736.309|INFO|Thread-5047|dumpPacket|   key: REMOTE_LOGGED_IN_USERS is: [Ledu.csus.ecs.pc2.core.model.ClientId; [Ledu.csus.ecs.pc2.core.model.ClientId;@42b40bff
221210 082736.309|INFO|Thread-5047|dumpPacket|   key: CONTEST_TIME_LIST is: [Ledu.csus.ecs.pc2.core.model.ContestTime; [Ledu.csus.ecs.pc2.core.model.ContestTime;@298ba158
221210 082736.309|INFO|Thread-5047|dumpPacket|   key: CONNECTION_HANDLE_ID_LIST is: [Ledu.csus.ecs.pc2.core.transport.ConnectionHandlerID; [Ledu.csus.ecs.pc2.core.transport.ConnectionHandlerID;@7dff7bb0
221210 082736.309|INFO|Thread-5047|dumpPacket|   key: PROFILE is: edu.csus.ecs.pc2.core.model.Profile DryRun--5544400451244233091
221210 082736.309|INFO|Thread-5047|dumpPacket|   key: CLIENT_ID is: edu.csus.ecs.pc2.core.model.ClientId TEAM54 @ site 1
221210 082736.309|INFO|Thread-5047|dumpPacket|   key: SITE_NUMBER is: java.lang.Integer 1
221210 082736.309|INFO|Thread-5047|dumpPacket|   key: CONTEST_INFORMATION is: edu.csus.ecs.pc2.core.model.ContestInformation edu.csus.ecs.pc2.core.model.ContestInformation@3b398816
221210 082736.309|INFO|Thread-5047|dumpPacket|   key: SITE_LIST is: [Ledu.csus.ecs.pc2.core.model.Site; [Ledu.csus.ecs.pc2.core.model.Site;@59b0877d
221210 082736.309|INFO|Thread-5047|dumpPacket|   key: PROBLEM_DATA_FILES is: [Ledu.csus.ecs.pc2.core.model.ProblemDataFiles; [Ledu.csus.ecs.pc2.core.model.ProblemDataFiles;@2dc57c72
221210 082736.309|INFO|Thread-5047|dumpPacket|   key: JUDGEMENT_LIST is: [Ledu.csus.ecs.pc2.core.model.Judgement; [Ledu.csus.ecs.pc2.core.model.Judgement;@2b61a081
221210 082736.309|INFO|Thread-5047|dumpPacket|   key: PROBLEM_LIST is: [Ledu.csus.ecs.pc2.core.model.Problem; [Ledu.csus.ecs.pc2.core.model.Problem;@5c6ff4c3
221210 082736.309|INFO|Thread-5047|dumpPacket|   key: GROUP_LIST is: [Ledu.csus.ecs.pc2.core.model.Group; [Ledu.csus.ecs.pc2.core.model.Group;@1b90b5c
221210 082736.309|INFO|Thread-5047|dumpPacket|   key: LOCAL_LOGGED_IN_USERS is: [Ledu.csus.ecs.pc2.core.model.ClientId; [Ledu.csus.ecs.pc2.core.model.ClientId;@799d1f5
221210 082736.309|INFO|Thread-5047|dumpPacket|   key: SERVER_CLOCK_OFFSET is: java.util.GregorianCalendar java.util.GregorianCalendar[time=1670682456306,areFieldsSet=true,areAllFieldsSet=false,lenient=true,zone=sun.util.calendar.ZoneInfo[id="GMT",offset=0,dstSavings=0,useDaylight=false,transitions=0,lastRule=null],firstDayOfWeek=1,minimalDaysInFirstWeek=1,ERA=1,YEAR=2022,MONTH=11,WEEK_OF_YEAR=50,WEEK_OF_MONTH=2,DAY_OF_MONTH=10,DAY_OF_YEAR=344,DAY_OF_WEEK=7,DAY_OF_WEEK_IN_MONTH=2,AM_PM=1,HOUR=2,HOUR_OF_DAY=14,MINUTE=27,SECOND=36,MILLISECOND=306,ZONE_OFFSET=0,DST_OFFSET=0]
221210 082736.309|INFO|Thread-5047|dumpPacket|   key: CONTEST_IDENTIFIER is: java.lang.String DryRun--5544400451244233091
221210 082736.309|INFO|Thread-5047|dumpPacket|   key: BALLOON_SETTINGS_LIST is: [Ledu.csus.ecs.pc2.core.model.BalloonSettings; [Ledu.csus.ecs.pc2.core.model.BalloonSettings;@215a0c2f
221210 082736.309|INFO|Thread-5047|dumpPacket|   key: RUN_LIST is: [Ledu.csus.ecs.pc2.core.model.Run; [Ledu.csus.ecs.pc2.core.model.Run;@2302d2b
221210 082736.309|INFO|Thread-5047|dumpPacket|   key: ACCOUNT_ARRAY is: [Ledu.csus.ecs.pc2.core.model.Account; [Ledu.csus.ecs.pc2.core.model.Account;@4b9a35da
221210 083216.059|INFO|Thread-5045|receive|public void receive(SealedObject TransportPacket, ConnectionHandlerID connectionHandlerID)
221210 083306.949|INFO|Thread-6500|run|send(Serializable)
221210 083306.964|INFO|Thread-5045|receive|public void receive(SealedObject TransportPacket, ConnectionHandlerID connectionHandlerID)
221210 083330.317|INFO|Thread-5045|receive|public void receive(SealedObject TransportPacket, ConnectionHandlerID connectionHandlerID)
221210 083504.341|INFO|Thread-6923|run|send(Serializable)
221210 083504.353|INFO|Thread-5045|receive|public void receive(SealedObject TransportPacket, ConnectionHandlerID connectionHandlerID)
221210 083515.667|INFO|Thread-5045|connectionDropped|connectionDropped(ConnectionHandlerID myConnectionID) 
221210 100953.486|CONFIG|qtp1613095350-22|setFileHandlers|Now logging to C:\Users\18328\Desktop\pc2\WebTeamInterface-1.1\logs directory.
221210 100953.486|INFO|qtp1613095350-22|info|
221210 100953.486|INFO|qtp1613095350-22|info|Version 9 () Java ver 18.0.2.1 build  Windows 11 10.0 (amd64) 
221210 100953.486|INFO|qtp1613095350-22|info|Login: team54 (aka team54)
221210 100953.486|INFO|qtp1613095350-22|startLog|Working directory is C:\Users\18328\Desktop\pc2\WebTeamInterface-1.1
221210 100953.487|INFO|qtp1613095350-22|startLog|Process id is 22344@DESKTOP-D75BQTV
221210 100953.487|INFO|qtp1613095350-22|info|Contacting server at 212.212.212.212:50002 as TEAM54 @ site 0
221210 100953.487|INFO|qtp1613095350-22|info|sendLoginRequest start - sending from TEAM54 @ site 0
221210 100953.487|INFO|qtp1613095350-22|sendToLocalServer|Sending packet to server Packet[LOGIN_REQUEST] #51 TEAM54 @ site 0 -> SERVER0 @ site 0
221210 100953.487|INFO|qtp1613095350-22|sendToLocalServer|Sent    packet to server Packet[LOGIN_REQUEST] #51 TEAM54 @ site 0 -> SERVER0 @ site 0
221210 100953.487|INFO|qtp1613095350-22|info|sendLoginRequest end - packet sent.
221210 100953.487|INFO|Thread-363|run|send(Serializable)
221210 100953.491|INFO|Thread-362|receive|public void receive(SealedObject TransportPacket, ConnectionHandlerID connectionHandlerID)
221210 100953.493|INFO|Thread-364|info| receiveObject(S) start got Packet[LOGIN_SUCCESS] #2195 SERVER0 @ site 1 -> TEAM54 @ site 1
221210 100953.493|INFO|Thread-364|dumpPacket|Packet LOGIN_SUCCESS (Seq #2195, o#2195 ) recieveObject
221210 100953.493|INFO|Thread-364|dumpPacket|  From: SERVER0 @ site 1, oSERVER0 @ site 1 (DESKTOP-D75BQTV @ 212.212.212.212) (Contest Id: DryRun--5544400451244233091)
221210 100953.493|INFO|Thread-364|dumpPacket|    To: TEAM54 @ site 1
221210 100953.493|INFO|Thread-364|dumpPacket|   key: PROFILE_LIST is: [Ledu.csus.ecs.pc2.core.model.Profile; [Ledu.csus.ecs.pc2.core.model.Profile;@74f9d211
221210 100953.493|INFO|Thread-364|dumpPacket|   key: GENERAL_PROBLEM is: edu.csus.ecs.pc2.core.model.Problem General
221210 100953.493|INFO|Thread-364|dumpPacket|   key: CLIENT_SETTINGS_LIST is: [Ledu.csus.ecs.pc2.core.model.ClientSettings; [Ledu.csus.ecs.pc2.core.model.ClientSettings;@7a3e22fe
221210 100953.493|INFO|Thread-364|dumpPacket|   key: CONTEST_TIME is: edu.csus.ecs.pc2.core.model.ContestTime edu.csus.ecs.pc2.core.model.ContestTime@7e01b961
221210 100953.493|INFO|Thread-364|dumpPacket|   key: CLARIFICATION_LIST is: [Ledu.csus.ecs.pc2.core.model.Clarification; [Ledu.csus.ecs.pc2.core.model.Clarification;@3b0328c5
221210 100953.493|INFO|Thread-364|dumpPacket|   key: CATEGORY_LIST is: [Ledu.csus.ecs.pc2.core.model.Category; [Ledu.csus.ecs.pc2.core.model.Category;@1d00cee
221210 100953.493|INFO|Thread-364|dumpPacket|   key: LANGUAGE_LIST is: [Ledu.csus.ecs.pc2.core.model.Language; [Ledu.csus.ecs.pc2.core.model.Language;@af2f7f8
221210 100953.493|INFO|Thread-364|dumpPacket|   key: REMOTE_LOGGED_IN_USERS is: [Ledu.csus.ecs.pc2.core.model.ClientId; [Ledu.csus.ecs.pc2.core.model.ClientId;@79cb8d76
221210 100953.493|INFO|Thread-364|dumpPacket|   key: CONTEST_TIME_LIST is: [Ledu.csus.ecs.pc2.core.model.ContestTime; [Ledu.csus.ecs.pc2.core.model.ContestTime;@5b2cd78a
221210 100953.493|INFO|Thread-364|dumpPacket|   key: CONNECTION_HANDLE_ID_LIST is: [Ledu.csus.ecs.pc2.core.transport.ConnectionHandlerID; [Ledu.csus.ecs.pc2.core.transport.ConnectionHandlerID;@5a1a177d
221210 100953.493|INFO|Thread-364|dumpPacket|   key: PROFILE is: edu.csus.ecs.pc2.core.model.Profile DryRun--5544400451244233091
221210 100953.493|INFO|Thread-364|dumpPacket|   key: CLIENT_ID is: edu.csus.ecs.pc2.core.model.ClientId TEAM54 @ site 1
221210 100953.493|INFO|Thread-364|dumpPacket|   key: SITE_NUMBER is: java.lang.Integer 1
221210 100953.493|INFO|Thread-364|dumpPacket|   key: CONTEST_INFORMATION is: edu.csus.ecs.pc2.core.model.ContestInformation edu.csus.ecs.pc2.core.model.ContestInformation@47ca76f1
221210 100953.493|INFO|Thread-364|dumpPacket|   key: SITE_LIST is: [Ledu.csus.ecs.pc2.core.model.Site; [Ledu.csus.ecs.pc2.core.model.Site;@62cfe343
221210 100953.493|INFO|Thread-364|dumpPacket|   key: PROBLEM_DATA_FILES is: [Ledu.csus.ecs.pc2.core.model.ProblemDataFiles; [Ledu.csus.ecs.pc2.core.model.ProblemDataFiles;@5f62e817
221210 100953.493|INFO|Thread-364|dumpPacket|   key: JUDGEMENT_LIST is: [Ledu.csus.ecs.pc2.core.model.Judgement; [Ledu.csus.ecs.pc2.core.model.Judgement;@55c9ad79
221210 100953.493|INFO|Thread-364|dumpPacket|   key: PROBLEM_LIST is: [Ledu.csus.ecs.pc2.core.model.Problem; [Ledu.csus.ecs.pc2.core.model.Problem;@41a034cf
221210 100953.493|INFO|Thread-364|dumpPacket|   key: GROUP_LIST is: [Ledu.csus.ecs.pc2.core.model.Group; [Ledu.csus.ecs.pc2.core.model.Group;@5ce80243
221210 100953.493|INFO|Thread-364|dumpPacket|   key: LOCAL_LOGGED_IN_USERS is: [Ledu.csus.ecs.pc2.core.model.ClientId; [Ledu.csus.ecs.pc2.core.model.ClientId;@14027b99
221210 100953.493|INFO|Thread-364|dumpPacket|   key: SERVER_CLOCK_OFFSET is: java.util.GregorianCalendar java.util.GregorianCalendar[time=1670688593489,areFieldsSet=true,areAllFieldsSet=false,lenient=true,zone=sun.util.calendar.ZoneInfo[id="GMT",offset=0,dstSavings=0,useDaylight=false,transitions=0,lastRule=null],firstDayOfWeek=1,minimalDaysInFirstWeek=1,ERA=1,YEAR=2022,MONTH=11,WEEK_OF_YEAR=50,WEEK_OF_MONTH=2,DAY_OF_MONTH=10,DAY_OF_YEAR=344,DAY_OF_WEEK=7,DAY_OF_WEEK_IN_MONTH=2,AM_PM=1,HOUR=4,HOUR_OF_DAY=16,MINUTE=9,SECOND=53,MILLISECOND=489,ZONE_OFFSET=0,DST_OFFSET=0]
221210 100953.493|INFO|Thread-364|dumpPacket|   key: CONTEST_IDENTIFIER is: java.lang.String DryRun--5544400451244233091
221210 100953.493|INFO|Thread-364|dumpPacket|   key: BALLOON_SETTINGS_LIST is: [Ledu.csus.ecs.pc2.core.model.BalloonSettings; [Ledu.csus.ecs.pc2.core.model.BalloonSettings;@c38ae05
221210 100953.493|INFO|Thread-364|dumpPacket|   key: RUN_LIST is: [Ledu.csus.ecs.pc2.core.model.Run; [Ledu.csus.ecs.pc2.core.model.Run;@4cfee501
221210 100953.493|INFO|Thread-364|dumpPacket|   key: ACCOUNT_ARRAY is: [Ledu.csus.ecs.pc2.core.model.Account; [Ledu.csus.ecs.pc2.core.model.Account;@50181cc7
221210 100953.493|INFO|Thread-364|info|handlePacket start Packet[LOGIN_SUCCESS] #2195 SERVER0 @ site 1 -> TEAM54 @ site 1
221210 100953.493|INFO|Thread-364|dumpPacket|Packet LOGIN_SUCCESS (Seq #2195, o#2195 ) handlePacket
221210 100953.493|INFO|Thread-364|dumpPacket|  From: SERVER0 @ site 1, oSERVER0 @ site 1 (DESKTOP-D75BQTV @ 212.212.212.212) (Contest Id: DryRun--5544400451244233091)
221210 100953.493|INFO|Thread-364|dumpPacket|    To: TEAM54 @ site 1
221210 100953.493|INFO|Thread-364|dumpPacket|   key: PROFILE_LIST is: [Ledu.csus.ecs.pc2.core.model.Profile; [Ledu.csus.ecs.pc2.core.model.Profile;@74f9d211
221210 100953.493|INFO|Thread-364|dumpPacket|   key: GENERAL_PROBLEM is: edu.csus.ecs.pc2.core.model.Problem General
221210 100953.493|INFO|Thread-364|dumpPacket|   key: CLIENT_SETTINGS_LIST is: [Ledu.csus.ecs.pc2.core.model.ClientSettings; [Ledu.csus.ecs.pc2.core.model.ClientSettings;@7a3e22fe
221210 100953.493|INFO|Thread-364|dumpPacket|   key: CONTEST_TIME is: edu.csus.ecs.pc2.core.model.ContestTime edu.csus.ecs.pc2.core.model.ContestTime@7e01b961
221210 100953.493|INFO|Thread-364|dumpPacket|   key: CLARIFICATION_LIST is: [Ledu.csus.ecs.pc2.core.model.Clarification; [Ledu.csus.ecs.pc2.core.model.Clarification;@3b0328c5
221210 100953.493|INFO|Thread-364|dumpPacket|   key: CATEGORY_LIST is: [Ledu.csus.ecs.pc2.core.model.Category; [Ledu.csus.ecs.pc2.core.model.Category;@1d00cee
221210 100953.493|INFO|Thread-364|dumpPacket|   key: LANGUAGE_LIST is: [Ledu.csus.ecs.pc2.core.model.Language; [Ledu.csus.ecs.pc2.core.model.Language;@af2f7f8
221210 100953.493|INFO|Thread-364|dumpPacket|   key: REMOTE_LOGGED_IN_USERS is: [Ledu.csus.ecs.pc2.core.model.ClientId; [Ledu.csus.ecs.pc2.core.model.ClientId;@79cb8d76
221210 100953.493|INFO|Thread-364|dumpPacket|   key: CONTEST_TIME_LIST is: [Ledu.csus.ecs.pc2.core.model.ContestTime; [Ledu.csus.ecs.pc2.core.model.ContestTime;@5b2cd78a
221210 100953.493|INFO|Thread-364|dumpPacket|   key: CONNECTION_HANDLE_ID_LIST is: [Ledu.csus.ecs.pc2.core.transport.ConnectionHandlerID; [Ledu.csus.ecs.pc2.core.transport.ConnectionHandlerID;@5a1a177d
221210 100953.493|INFO|Thread-364|dumpPacket|   key: PROFILE is: edu.csus.ecs.pc2.core.model.Profile DryRun--5544400451244233091
221210 100953.493|INFO|Thread-364|dumpPacket|   key: CLIENT_ID is: edu.csus.ecs.pc2.core.model.ClientId TEAM54 @ site 1
221210 100953.493|INFO|Thread-364|dumpPacket|   key: SITE_NUMBER is: java.lang.Integer 1
221210 100953.494|INFO|Thread-364|dumpPacket|   key: CONTEST_INFORMATION is: edu.csus.ecs.pc2.core.model.ContestInformation edu.csus.ecs.pc2.core.model.ContestInformation@47ca76f1
221210 100953.494|INFO|Thread-364|dumpPacket|   key: SITE_LIST is: [Ledu.csus.ecs.pc2.core.model.Site; [Ledu.csus.ecs.pc2.core.model.Site;@62cfe343
221210 100953.494|INFO|Thread-364|dumpPacket|   key: PROBLEM_DATA_FILES is: [Ledu.csus.ecs.pc2.core.model.ProblemDataFiles; [Ledu.csus.ecs.pc2.core.model.ProblemDataFiles;@5f62e817
221210 100953.494|INFO|Thread-364|dumpPacket|   key: JUDGEMENT_LIST is: [Ledu.csus.ecs.pc2.core.model.Judgement; [Ledu.csus.ecs.pc2.core.model.Judgement;@55c9ad79
221210 100953.494|INFO|Thread-364|dumpPacket|   key: PROBLEM_LIST is: [Ledu.csus.ecs.pc2.core.model.Problem; [Ledu.csus.ecs.pc2.core.model.Problem;@41a034cf
221210 100953.494|INFO|Thread-364|dumpPacket|   key: GROUP_LIST is: [Ledu.csus.ecs.pc2.core.model.Group; [Ledu.csus.ecs.pc2.core.model.Group;@5ce80243
221210 100953.494|INFO|Thread-364|dumpPacket|   key: LOCAL_LOGGED_IN_USERS is: [Ledu.csus.ecs.pc2.core.model.ClientId; [Ledu.csus.ecs.pc2.core.model.ClientId;@14027b99
221210 100953.494|INFO|Thread-364|dumpPacket|   key: SERVER_CLOCK_OFFSET is: java.util.GregorianCalendar java.util.GregorianCalendar[time=1670688593489,areFieldsSet=true,areAllFieldsSet=false,lenient=true,zone=sun.util.calendar.ZoneInfo[id="GMT",offset=0,dstSavings=0,useDaylight=false,transitions=0,lastRule=null],firstDayOfWeek=1,minimalDaysInFirstWeek=1,ERA=1,YEAR=2022,MONTH=11,WEEK_OF_YEAR=50,WEEK_OF_MONTH=2,DAY_OF_MONTH=10,DAY_OF_YEAR=344,DAY_OF_WEEK=7,DAY_OF_WEEK_IN_MONTH=2,AM_PM=1,HOUR=4,HOUR_OF_DAY=16,MINUTE=9,SECOND=53,MILLISECOND=489,ZONE_OFFSET=0,DST_OFFSET=0]
221210 100953.494|INFO|Thread-364|dumpPacket|   key: CONTEST_IDENTIFIER is: java.lang.String DryRun--5544400451244233091
221210 100953.494|INFO|Thread-364|dumpPacket|   key: BALLOON_SETTINGS_LIST is: [Ledu.csus.ecs.pc2.core.model.BalloonSettings; [Ledu.csus.ecs.pc2.core.model.BalloonSettings;@c38ae05
221210 100953.494|INFO|Thread-364|dumpPacket|   key: RUN_LIST is: [Ledu.csus.ecs.pc2.core.model.Run; [Ledu.csus.ecs.pc2.core.model.Run;@4cfee501
221210 100953.494|INFO|Thread-364|dumpPacket|   key: ACCOUNT_ARRAY is: [Ledu.csus.ecs.pc2.core.model.Account; [Ledu.csus.ecs.pc2.core.model.Account;@50181cc7
221210 101533.480|INFO|Thread-362|receive|public void receive(SealedObject TransportPacket, ConnectionHandlerID connectionHandlerID)
221210 101853.586|INFO|Thread-362|receive|public void receive(SealedObject TransportPacket, ConnectionHandlerID connectionHandlerID)
221210 103056.939|INFO|Thread-362|receive|public void receive(SealedObject TransportPacket, ConnectionHandlerID connectionHandlerID)
221210 103128.716|INFO|Thread-362|receive|public void receive(SealedObject TransportPacket, ConnectionHandlerID connectionHandlerID)
221210 103204.773|INFO|Thread-362|receive|public void receive(SealedObject TransportPacket, ConnectionHandlerID connectionHandlerID)
221210 103220.652|INFO|Thread-362|receive|public void receive(SealedObject TransportPacket, ConnectionHandlerID connectionHandlerID)
221210 103237.356|INFO|Thread-362|receive|public void receive(SealedObject TransportPacket, ConnectionHandlerID connectionHandlerID)
221210 103302.542|INFO|Thread-362|receive|public void receive(SealedObject TransportPacket, ConnectionHandlerID connectionHandlerID)
221210 104406.114|INFO|Thread-362|receive|public void receive(SealedObject TransportPacket, ConnectionHandlerID connectionHandlerID)
221210 104406.192|INFO|Thread-362|receive|public void receive(SealedObject TransportPacket, ConnectionHandlerID connectionHandlerID)
221210 104717.887|INFO|Thread-362|receive|public void receive(SealedObject TransportPacket, ConnectionHandlerID connectionHandlerID)
221210 104718.643|INFO|Thread-362|receive|public void receive(SealedObject TransportPacket, ConnectionHandlerID connectionHandlerID)
221210 104719.227|INFO|Thread-362|receive|public void receive(SealedObject TransportPacket, ConnectionHandlerID connectionHandlerID)
221210 114744.913|INFO|Thread-362|receive|public void receive(SealedObject TransportPacket, ConnectionHandlerID connectionHandlerID)
221210 114817.590|INFO|Thread-362|receive|public void receive(SealedObject TransportPacket, ConnectionHandlerID connectionHandlerID)
221210 120724.596|INFO|Thread-362|receive|public void receive(SealedObject TransportPacket, ConnectionHandlerID connectionHandlerID)
221210 123016.108|INFO|Thread-362|receive|public void receive(SealedObject TransportPacket, ConnectionHandlerID connectionHandlerID)
221210 123031.404|INFO|Thread-362|receive|public void receive(SealedObject TransportPacket, ConnectionHandlerID connectionHandlerID)
221210 123134.912|INFO|Thread-362|receive|public void receive(SealedObject TransportPacket, ConnectionHandlerID connectionHandlerID)
221210 123148.310|INFO|Thread-362|receive|public void receive(SealedObject TransportPacket, ConnectionHandlerID connectionHandlerID)
221210 123517.031|INFO|Thread-362|receive|public void receive(SealedObject TransportPacket, ConnectionHandlerID connectionHandlerID)
221210 123527.338|INFO|Thread-362|receive|public void receive(SealedObject TransportPacket, ConnectionHandlerID connectionHandlerID)
221210 123627.852|INFO|Thread-362|receive|public void receive(SealedObject TransportPacket, ConnectionHandlerID connectionHandlerID)
221210 123638.631|INFO|Thread-362|receive|public void receive(SealedObject TransportPacket, ConnectionHandlerID connectionHandlerID)
221210 150258.350|INFO|Thread-362|connectionDropped|connectionDropped(ConnectionHandlerID myConnectionID) 
231209 081522.313|CONFIG|qtp135640095-2116|setFileHandlers|Now logging to C:\Users\18328\Desktop\pc2\WebTeamInterface-1.1\logs directory.
231209 081522.313|INFO|qtp135640095-2116|info|
231209 081522.313|INFO|qtp135640095-2116|info|Version 9 () Java ver 18.0.2.1 build  Windows 11 10.0 (amd64) 
231209 081522.313|INFO|qtp135640095-2116|info|Login: team54 (aka team54)
231209 081522.317|INFO|qtp135640095-2116|startLog|Working directory is C:\Users\18328\Desktop\pc2\WebTeamInterface-1.1
231209 081522.317|INFO|qtp135640095-2116|startLog|Process id is 15028@DESKTOP-D75BQTV
231209 081522.317|INFO|qtp135640095-2116|info|Contacting server at localhost:50002 as TEAM54 @ site 0
231209 081522.317|INFO|qtp135640095-2116|info|sendLoginRequest start - sending from TEAM54 @ site 0
231209 081522.317|INFO|qtp135640095-2116|sendToLocalServer|Sending packet to server Packet[LOGIN_REQUEST] #94 TEAM54 @ site 0 -> SERVER0 @ site 0
231209 081522.317|INFO|qtp135640095-2116|sendToLocalServer|Sent    packet to server Packet[LOGIN_REQUEST] #94 TEAM54 @ site 0 -> SERVER0 @ site 0
231209 081522.317|INFO|qtp135640095-2116|info|sendLoginRequest end - packet sent.
231209 081522.317|INFO|Thread-2288|run|send(Serializable)
231209 081522.326|INFO|Thread-2287|receive|public void receive(SealedObject TransportPacket, ConnectionHandlerID connectionHandlerID)
231209 081522.326|INFO|Thread-2289|info| receiveObject(S) start got Packet[LOGIN_SUCCESS] #606 SERVER0 @ site 1 -> TEAM54 @ site 1
231209 081522.326|INFO|Thread-2289|dumpPacket|Packet LOGIN_SUCCESS (Seq #606, o#606 ) recieveObject
231209 081522.326|INFO|Thread-2289|dumpPacket|  From: SERVER0 @ site 1, oSERVER0 @ site 1 (DESKTOP-D75BQTV @ 212.212.212.212) (Contest Id: DryRun--6069080675419338087)
231209 081522.326|INFO|Thread-2289|dumpPacket|    To: TEAM54 @ site 1
231209 081522.326|INFO|Thread-2289|dumpPacket|   key: PROFILE_LIST is: [Ledu.csus.ecs.pc2.core.model.Profile; [Ledu.csus.ecs.pc2.core.model.Profile;@9e3a2c3
231209 081522.326|INFO|Thread-2289|dumpPacket|   key: GENERAL_PROBLEM is: edu.csus.ecs.pc2.core.model.Problem General
231209 081522.326|INFO|Thread-2289|dumpPacket|   key: CLIENT_SETTINGS_LIST is: [Ledu.csus.ecs.pc2.core.model.ClientSettings; [Ledu.csus.ecs.pc2.core.model.ClientSettings;@7244d8f
231209 081522.326|INFO|Thread-2289|dumpPacket|   key: CONTEST_TIME is: edu.csus.ecs.pc2.core.model.ContestTime edu.csus.ecs.pc2.core.model.ContestTime@31bc9b3
231209 081522.326|INFO|Thread-2289|dumpPacket|   key: CLARIFICATION_LIST is: [Ledu.csus.ecs.pc2.core.model.Clarification; [Ledu.csus.ecs.pc2.core.model.Clarification;@461947b4
231209 081522.326|INFO|Thread-2289|dumpPacket|   key: CATEGORY_LIST is: [Ledu.csus.ecs.pc2.core.model.Category; [Ledu.csus.ecs.pc2.core.model.Category;@5278000e
231209 081522.326|INFO|Thread-2289|dumpPacket|   key: LANGUAGE_LIST is: [Ledu.csus.ecs.pc2.core.model.Language; [Ledu.csus.ecs.pc2.core.model.Language;@771567fb
231209 081522.326|INFO|Thread-2289|dumpPacket|   key: REMOTE_LOGGED_IN_USERS is: [Ledu.csus.ecs.pc2.core.model.ClientId; [Ledu.csus.ecs.pc2.core.model.ClientId;@2a9e7efb
231209 081522.326|INFO|Thread-2289|dumpPacket|   key: CONTEST_TIME_LIST is: [Ledu.csus.ecs.pc2.core.model.ContestTime; [Ledu.csus.ecs.pc2.core.model.ContestTime;@2636b8fb
231209 081522.326|INFO|Thread-2289|dumpPacket|   key: CONNECTION_HANDLE_ID_LIST is: [Ledu.csus.ecs.pc2.core.transport.ConnectionHandlerID; [Ledu.csus.ecs.pc2.core.transport.ConnectionHandlerID;@345ca443
231209 081522.326|INFO|Thread-2289|dumpPacket|   key: PROFILE is: edu.csus.ecs.pc2.core.model.Profile DryRun--6069080675419338087
231209 081522.326|INFO|Thread-2289|dumpPacket|   key: CLIENT_ID is: edu.csus.ecs.pc2.core.model.ClientId TEAM54 @ site 1
231209 081522.326|INFO|Thread-2289|dumpPacket|   key: SITE_NUMBER is: java.lang.Integer 1
231209 081522.326|INFO|Thread-2289|dumpPacket|   key: CONTEST_INFORMATION is: edu.csus.ecs.pc2.core.model.ContestInformation edu.csus.ecs.pc2.core.model.ContestInformation@682a278c
231209 081522.326|INFO|Thread-2289|dumpPacket|   key: SITE_LIST is: [Ledu.csus.ecs.pc2.core.model.Site; [Ledu.csus.ecs.pc2.core.model.Site;@319af5d4
231209 081522.326|INFO|Thread-2289|dumpPacket|   key: PROBLEM_DATA_FILES is: [Ledu.csus.ecs.pc2.core.model.ProblemDataFiles; [Ledu.csus.ecs.pc2.core.model.ProblemDataFiles;@2278627c
231209 081522.326|INFO|Thread-2289|dumpPacket|   key: JUDGEMENT_LIST is: [Ledu.csus.ecs.pc2.core.model.Judgement; [Ledu.csus.ecs.pc2.core.model.Judgement;@7357a4cc
231209 081522.326|INFO|Thread-2289|dumpPacket|   key: PROBLEM_LIST is: [Ledu.csus.ecs.pc2.core.model.Problem; [Ledu.csus.ecs.pc2.core.model.Problem;@4af8fb6d
231209 081522.326|INFO|Thread-2289|dumpPacket|   key: GROUP_LIST is: [Ledu.csus.ecs.pc2.core.model.Group; [Ledu.csus.ecs.pc2.core.model.Group;@2c2a83b3
231209 081522.326|INFO|Thread-2289|dumpPacket|   key: LOCAL_LOGGED_IN_USERS is: [Ledu.csus.ecs.pc2.core.model.ClientId; [Ledu.csus.ecs.pc2.core.model.ClientId;@4da06fc8
231209 081522.326|INFO|Thread-2289|dumpPacket|   key: SERVER_CLOCK_OFFSET is: java.util.GregorianCalendar java.util.GregorianCalendar[time=1702131322321,areFieldsSet=true,areAllFieldsSet=false,lenient=true,zone=sun.util.calendar.ZoneInfo[id="GMT",offset=0,dstSavings=0,useDaylight=false,transitions=0,lastRule=null],firstDayOfWeek=1,minimalDaysInFirstWeek=1,ERA=1,YEAR=2023,MONTH=11,WEEK_OF_YEAR=49,WEEK_OF_MONTH=2,DAY_OF_MONTH=9,DAY_OF_YEAR=343,DAY_OF_WEEK=7,DAY_OF_WEEK_IN_MONTH=2,AM_PM=1,HOUR=2,HOUR_OF_DAY=14,MINUTE=15,SECOND=22,MILLISECOND=321,ZONE_OFFSET=0,DST_OFFSET=0]
231209 081522.326|INFO|Thread-2289|dumpPacket|   key: CONTEST_IDENTIFIER is: java.lang.String DryRun--6069080675419338087
231209 081522.326|INFO|Thread-2289|dumpPacket|   key: BALLOON_SETTINGS_LIST is: [Ledu.csus.ecs.pc2.core.model.BalloonSettings; [Ledu.csus.ecs.pc2.core.model.BalloonSettings;@31fc374
231209 081522.326|INFO|Thread-2289|dumpPacket|   key: RUN_LIST is: [Ledu.csus.ecs.pc2.core.model.Run; [Ledu.csus.ecs.pc2.core.model.Run;@e3173e9
231209 081522.326|INFO|Thread-2289|dumpPacket|   key: ACCOUNT_ARRAY is: [Ledu.csus.ecs.pc2.core.model.Account; [Ledu.csus.ecs.pc2.core.model.Account;@767e5e87
231209 081522.326|INFO|Thread-2289|info|handlePacket start Packet[LOGIN_SUCCESS] #606 SERVER0 @ site 1 -> TEAM54 @ site 1
231209 081522.326|INFO|Thread-2289|dumpPacket|Packet LOGIN_SUCCESS (Seq #606, o#606 ) handlePacket
231209 081522.326|INFO|Thread-2289|dumpPacket|  From: SERVER0 @ site 1, oSERVER0 @ site 1 (DESKTOP-D75BQTV @ 212.212.212.212) (Contest Id: DryRun--6069080675419338087)
231209 081522.326|INFO|Thread-2289|dumpPacket|    To: TEAM54 @ site 1
231209 081522.326|INFO|Thread-2289|dumpPacket|   key: PROFILE_LIST is: [Ledu.csus.ecs.pc2.core.model.Profile; [Ledu.csus.ecs.pc2.core.model.Profile;@9e3a2c3
231209 081522.326|INFO|Thread-2289|dumpPacket|   key: GENERAL_PROBLEM is: edu.csus.ecs.pc2.core.model.Problem General
231209 081522.326|INFO|Thread-2289|dumpPacket|   key: CLIENT_SETTINGS_LIST is: [Ledu.csus.ecs.pc2.core.model.ClientSettings; [Ledu.csus.ecs.pc2.core.model.ClientSettings;@7244d8f
231209 081522.326|INFO|Thread-2289|dumpPacket|   key: CONTEST_TIME is: edu.csus.ecs.pc2.core.model.ContestTime edu.csus.ecs.pc2.core.model.ContestTime@31bc9b3
231209 081522.326|INFO|Thread-2289|dumpPacket|   key: CLARIFICATION_LIST is: [Ledu.csus.ecs.pc2.core.model.Clarification; [Ledu.csus.ecs.pc2.core.model.Clarification;@461947b4
231209 081522.326|INFO|Thread-2289|dumpPacket|   key: CATEGORY_LIST is: [Ledu.csus.ecs.pc2.core.model.Category; [Ledu.csus.ecs.pc2.core.model.Category;@5278000e
231209 081522.326|INFO|Thread-2289|dumpPacket|   key: LANGUAGE_LIST is: [Ledu.csus.ecs.pc2.core.model.Language; [Ledu.csus.ecs.pc2.core.model.Language;@771567fb
231209 081522.326|INFO|Thread-2289|dumpPacket|   key: REMOTE_LOGGED_IN_USERS is: [Ledu.csus.ecs.pc2.core.model.ClientId; [Ledu.csus.ecs.pc2.core.model.ClientId;@2a9e7efb
231209 081522.326|INFO|Thread-2289|dumpPacket|   key: CONTEST_TIME_LIST is: [Ledu.csus.ecs.pc2.core.model.ContestTime; [Ledu.csus.ecs.pc2.core.model.ContestTime;@2636b8fb
231209 081522.326|INFO|Thread-2289|dumpPacket|   key: CONNECTION_HANDLE_ID_LIST is: [Ledu.csus.ecs.pc2.core.transport.ConnectionHandlerID; [Ledu.csus.ecs.pc2.core.transport.ConnectionHandlerID;@345ca443
231209 081522.326|INFO|Thread-2289|dumpPacket|   key: PROFILE is: edu.csus.ecs.pc2.core.model.Profile DryRun--6069080675419338087
231209 081522.326|INFO|Thread-2289|dumpPacket|   key: CLIENT_ID is: edu.csus.ecs.pc2.core.model.ClientId TEAM54 @ site 1
231209 081522.326|INFO|Thread-2289|dumpPacket|   key: SITE_NUMBER is: java.lang.Integer 1
231209 081522.326|INFO|Thread-2289|dumpPacket|   key: CONTEST_INFORMATION is: edu.csus.ecs.pc2.core.model.ContestInformation edu.csus.ecs.pc2.core.model.ContestInformation@682a278c
231209 081522.326|INFO|Thread-2289|dumpPacket|   key: SITE_LIST is: [Ledu.csus.ecs.pc2.core.model.Site; [Ledu.csus.ecs.pc2.core.model.Site;@319af5d4
231209 081522.326|INFO|Thread-2289|dumpPacket|   key: PROBLEM_DATA_FILES is: [Ledu.csus.ecs.pc2.core.model.ProblemDataFiles; [Ledu.csus.ecs.pc2.core.model.ProblemDataFiles;@2278627c
231209 081522.326|INFO|Thread-2289|dumpPacket|   key: JUDGEMENT_LIST is: [Ledu.csus.ecs.pc2.core.model.Judgement; [Ledu.csus.ecs.pc2.core.model.Judgement;@7357a4cc
231209 081522.326|INFO|Thread-2289|dumpPacket|   key: PROBLEM_LIST is: [Ledu.csus.ecs.pc2.core.model.Problem; [Ledu.csus.ecs.pc2.core.model.Problem;@4af8fb6d
231209 081522.326|INFO|Thread-2289|dumpPacket|   key: GROUP_LIST is: [Ledu.csus.ecs.pc2.core.model.Group; [Ledu.csus.ecs.pc2.core.model.Group;@2c2a83b3
231209 081522.326|INFO|Thread-2289|dumpPacket|   key: LOCAL_LOGGED_IN_USERS is: [Ledu.csus.ecs.pc2.core.model.ClientId; [Ledu.csus.ecs.pc2.core.model.ClientId;@4da06fc8
231209 081522.326|INFO|Thread-2289|dumpPacket|   key: SERVER_CLOCK_OFFSET is: java.util.GregorianCalendar java.util.GregorianCalendar[time=1702131322321,areFieldsSet=true,areAllFieldsSet=false,lenient=true,zone=sun.util.calendar.ZoneInfo[id="GMT",offset=0,dstSavings=0,useDaylight=false,transitions=0,lastRule=null],firstDayOfWeek=1,minimalDaysInFirstWeek=1,ERA=1,YEAR=2023,MONTH=11,WEEK_OF_YEAR=49,WEEK_OF_MONTH=2,DAY_OF_MONTH=9,DAY_OF_YEAR=343,DAY_OF_WEEK=7,DAY_OF_WEEK_IN_MONTH=2,AM_PM=1,HOUR=2,HOUR_OF_DAY=14,MINUTE=15,SECOND=22,MILLISECOND=321,ZONE_OFFSET=0,DST_OFFSET=0]
231209 081522.326|INFO|Thread-2289|dumpPacket|   key: CONTEST_IDENTIFIER is: java.lang.String DryRun--6069080675419338087
231209 081522.326|INFO|Thread-2289|dumpPacket|   key: BALLOON_SETTINGS_LIST is: [Ledu.csus.ecs.pc2.core.model.BalloonSettings; [Ledu.csus.ecs.pc2.core.model.BalloonSettings;@31fc374
231209 081522.326|INFO|Thread-2289|dumpPacket|   key: RUN_LIST is: [Ledu.csus.ecs.pc2.core.model.Run; [Ledu.csus.ecs.pc2.core.model.Run;@e3173e9
231209 081522.326|INFO|Thread-2289|dumpPacket|   key: ACCOUNT_ARRAY is: [Ledu.csus.ecs.pc2.core.model.Account; [Ledu.csus.ecs.pc2.core.model.Account;@767e5e87
231209 081748.395|INFO|Thread-3378|run|send(Serializable)
231209 081748.419|INFO|Thread-2287|receive|public void receive(SealedObject TransportPacket, ConnectionHandlerID connectionHandlerID)
231209 081905.161|INFO|Thread-2287|receive|public void receive(SealedObject TransportPacket, ConnectionHandlerID connectionHandlerID)
231209 082225.095|INFO|Thread-5900|run|send(Serializable)
231209 082225.130|INFO|Thread-2287|receive|public void receive(SealedObject TransportPacket, ConnectionHandlerID connectionHandlerID)
231209 082240.603|INFO|Thread-2287|receive|public void receive(SealedObject TransportPacket, ConnectionHandlerID connectionHandlerID)
231209 094300.459|INFO|Thread-2287|connectionDropped|connectionDropped(ConnectionHandlerID myConnectionID) 
