221210 101305.129|CONFIG|Thread-991|setFileHandlers|Now logging to C:\Users\18328\Desktop\pc2\WebTeamInterface-1.1\logs directory.
221210 101305.129|INFO|Thread-991|info|
221210 101305.129|INFO|Thread-991|info|Version 9 () Java ver 18.0.2.1 build  Windows 11 10.0 (amd64) 
221210 101305.129|INFO|Thread-991|info|Login: team35 (aka team35)
221210 101305.129|INFO|Thread-991|startLog|Working directory is C:\Users\18328\Desktop\pc2\WebTeamInterface-1.1
221210 101305.129|INFO|Thread-991|startLog|Process id is 22344@DESKTOP-D75BQTV
221210 101305.129|INFO|Thread-991|info| handlePacket original LOGIN_SUCCESS after -- all settings loaded 
221210 101305.130|INFO|Thread-991|info|handlePacket end Packet[LOGIN_SUCCESS] #2400 SERVER0 @ site 1 -> TEAM35 @ site 1
221210 101305.130|INFO|Thread-991|info| receiveObject(S) end   got Packet[LOGIN_SUCCESS] #2400 SERVER0 @ site 1 -> TEAM35 @ site 1
221210 101533.502|INFO|Thread-1575|info| receiveObject(S) start got Packet[UPDATE_SETTING] #2451 SERVER0 @ site 1 -> SERVER0 @ site 0
221210 101533.502|INFO|Thread-1575|dumpPacket|Packet UPDATE_SETTING (Seq #2451, o#132 ) recieveObject
221210 101533.502|INFO|Thread-1575|dumpPacket|  From: SERVER0 @ site 1, oADMINISTRATOR1 @ site 1 (DESKTOP-D75BQTV @ 212.212.212.212) (Contest Id: DryRun--5544400451244233091)
221210 101533.502|INFO|Thread-1575|dumpPacket|    To: SERVER0 @ site 0
221210 101533.502|INFO|Thread-1575|dumpPacket|   key: CONTEST_INFORMATION is: edu.csus.ecs.pc2.core.model.ContestInformation edu.csus.ecs.pc2.core.model.ContestInformation@6c84f7b5
221210 101533.502|INFO|Thread-1575|info|handlePacket start Packet[UPDATE_SETTING] #2451 SERVER0 @ site 1 -> SERVER0 @ site 0
221210 101533.502|INFO|Thread-1575|dumpPacket|Packet UPDATE_SETTING (Seq #2451, o#132 ) handlePacket
221210 101533.502|INFO|Thread-1575|dumpPacket|  From: SERVER0 @ site 1, oADMINISTRATOR1 @ site 1 (DESKTOP-D75BQTV @ 212.212.212.212) (Contest Id: DryRun--5544400451244233091)
221210 101533.502|INFO|Thread-1575|dumpPacket|    To: SERVER0 @ site 0
221210 101533.502|INFO|Thread-1575|dumpPacket|   key: CONTEST_INFORMATION is: edu.csus.ecs.pc2.core.model.ContestInformation edu.csus.ecs.pc2.core.model.ContestInformation@6c84f7b5
221210 101533.502|INFO|Thread-1575|info|handlePacket end Packet[UPDATE_SETTING] #2451 SERVER0 @ site 1 -> SERVER0 @ site 0
221210 101533.503|INFO|Thread-1575|info| receiveObject(S) end   got Packet[UPDATE_SETTING] #2451 SERVER0 @ site 1 -> SERVER0 @ site 0
221210 101853.595|INFO|Thread-2068|info| receiveObject(S) start got Packet[UPDATE_SETTING] #2489 SERVER0 @ site 1 -> SERVER0 @ site 0
221210 101853.595|INFO|Thread-2068|dumpPacket|Packet UPDATE_SETTING (Seq #2489, o#133 ) recieveObject
221210 101853.595|INFO|Thread-2068|dumpPacket|  From: SERVER0 @ site 1, oADMINISTRATOR1 @ site 1 (DESKTOP-D75BQTV @ 212.212.212.212) (Contest Id: DryRun--5544400451244233091)
221210 101853.595|INFO|Thread-2068|dumpPacket|    To: SERVER0 @ site 0
221210 101853.595|INFO|Thread-2068|dumpPacket|   key: CONTEST_INFORMATION is: edu.csus.ecs.pc2.core.model.ContestInformation edu.csus.ecs.pc2.core.model.ContestInformation@30c1609c
221210 101853.595|INFO|Thread-2068|info|handlePacket start Packet[UPDATE_SETTING] #2489 SERVER0 @ site 1 -> SERVER0 @ site 0
221210 101853.595|INFO|Thread-2068|dumpPacket|Packet UPDATE_SETTING (Seq #2489, o#133 ) handlePacket
221210 101853.595|INFO|Thread-2068|dumpPacket|  From: SERVER0 @ site 1, oADMINISTRATOR1 @ site 1 (DESKTOP-D75BQTV @ 212.212.212.212) (Contest Id: DryRun--5544400451244233091)
221210 101853.595|INFO|Thread-2068|dumpPacket|    To: SERVER0 @ site 0
221210 101853.595|INFO|Thread-2068|dumpPacket|   key: CONTEST_INFORMATION is: edu.csus.ecs.pc2.core.model.ContestInformation edu.csus.ecs.pc2.core.model.ContestInformation@30c1609c
221210 101853.595|INFO|Thread-2068|info|handlePacket end Packet[UPDATE_SETTING] #2489 SERVER0 @ site 1 -> SERVER0 @ site 0
221210 101853.599|INFO|Thread-2068|info| receiveObject(S) end   got Packet[UPDATE_SETTING] #2489 SERVER0 @ site 1 -> SERVER0 @ site 0
221210 103056.949|INFO|Thread-3571|info| receiveObject(S) start got Packet[CLOCK_STOPPED] #2696 SERVER0 @ site 1 -> SERVER0 @ site 0
221210 103056.949|INFO|Thread-3571|dumpPacket|Packet CLOCK_STOPPED (Seq #2696, o#2696 ) recieveObject
221210 103056.949|INFO|Thread-3571|dumpPacket|  From: SERVER0 @ site 1, oSERVER0 @ site 1 (DESKTOP-D75BQTV @ 212.212.212.212) (Contest Id: DryRun--5544400451244233091)
221210 103056.949|INFO|Thread-3571|dumpPacket|    To: SERVER0 @ site 0
221210 103056.949|INFO|Thread-3571|dumpPacket|   key: SITE_NUMBER is: java.lang.Integer 1
221210 103056.949|INFO|Thread-3571|dumpPacket|   key: CLIENT_ID is: edu.csus.ecs.pc2.core.model.ClientId SERVER0 @ site 1
221210 103056.949|INFO|Thread-3571|info|handlePacket start Packet[CLOCK_STOPPED] #2696 SERVER0 @ site 1 -> SERVER0 @ site 0
221210 103056.949|INFO|Thread-3571|dumpPacket|Packet CLOCK_STOPPED (Seq #2696, o#2696 ) handlePacket
221210 103056.949|INFO|Thread-3571|dumpPacket|  From: SERVER0 @ site 1, oSERVER0 @ site 1 (DESKTOP-D75BQTV @ 212.212.212.212) (Contest Id: DryRun--5544400451244233091)
221210 103056.949|INFO|Thread-3571|dumpPacket|    To: SERVER0 @ site 0
221210 103056.949|INFO|Thread-3571|dumpPacket|   key: SITE_NUMBER is: java.lang.Integer 1
221210 103056.949|INFO|Thread-3571|dumpPacket|   key: CLIENT_ID is: edu.csus.ecs.pc2.core.model.ClientId SERVER0 @ site 1
221210 103056.949|INFO|Thread-3571|info|Clock for site 1 stopped by SERVER0 @ site 1 elapsed 2:43:32
221210 103056.953|INFO|Thread-3571|info| receiveObject(S) end   got Packet[CLOCK_STOPPED] #2696 SERVER0 @ site 1 -> SERVER0 @ site 0
221210 103128.747|INFO|Thread-3707|info| receiveObject(S) start got Packet[UPDATE_CLIENT_PROFILE] #2713 SERVER0 @ site 1 -> TEAM35 @ site 1
221210 103128.748|INFO|Thread-3707|dumpPacket|Packet UPDATE_CLIENT_PROFILE (Seq #2713, o#2713 ) recieveObject
221210 103128.748|INFO|Thread-3707|dumpPacket|  From: SERVER0 @ site 1, oSERVER0 @ site 1 (DESKTOP-D75BQTV @ 212.212.212.212) (Contest Id: DryRunBackup-551643205615047502)
221210 103128.748|INFO|Thread-3707|dumpPacket|    To: TEAM35 @ site 1
221210 103128.749|INFO|Thread-3707|dumpPacket|   key: PROFILE_LIST is: [Ledu.csus.ecs.pc2.core.model.Profile; [Ledu.csus.ecs.pc2.core.model.Profile;@5f802ac9
221210 103128.749|INFO|Thread-3707|dumpPacket|   key: GENERAL_PROBLEM is: edu.csus.ecs.pc2.core.model.Problem General
221210 103128.749|INFO|Thread-3707|dumpPacket|   key: CONTEST_TIME is: edu.csus.ecs.pc2.core.model.ContestTime edu.csus.ecs.pc2.core.model.ContestTime@5147df49
221210 103128.749|INFO|Thread-3707|dumpPacket|   key: CLIENT_SETTINGS_LIST is: [Ledu.csus.ecs.pc2.core.model.ClientSettings; [Ledu.csus.ecs.pc2.core.model.ClientSettings;@557841b9
221210 103128.749|INFO|Thread-3707|dumpPacket|   key: CLARIFICATION_LIST is: [Ledu.csus.ecs.pc2.core.model.Clarification; [Ledu.csus.ecs.pc2.core.model.Clarification;@107ad572
221210 103128.749|INFO|Thread-3707|dumpPacket|   key: CATEGORY_LIST is: [Ledu.csus.ecs.pc2.core.model.Category; [Ledu.csus.ecs.pc2.core.model.Category;@4ef273d6
221210 103128.749|INFO|Thread-3707|dumpPacket|   key: LANGUAGE_LIST is: [Ledu.csus.ecs.pc2.core.model.Language; [Ledu.csus.ecs.pc2.core.model.Language;@21a040d6
221210 103128.749|INFO|Thread-3707|dumpPacket|   key: REMOTE_LOGGED_IN_USERS is: [Ledu.csus.ecs.pc2.core.model.ClientId; [Ledu.csus.ecs.pc2.core.model.ClientId;@36c2b8d2
221210 103128.749|INFO|Thread-3707|dumpPacket|   key: CONTEST_TIME_LIST is: [Ledu.csus.ecs.pc2.core.model.ContestTime; [Ledu.csus.ecs.pc2.core.model.ContestTime;@70552a3d
221210 103128.749|INFO|Thread-3707|dumpPacket|   key: CONNECTION_HANDLE_ID_LIST is: [Ledu.csus.ecs.pc2.core.transport.ConnectionHandlerID; [Ledu.csus.ecs.pc2.core.transport.ConnectionHandlerID;@2d648b22
221210 103128.749|INFO|Thread-3707|dumpPacket|   key: PROFILE is: edu.csus.ecs.pc2.core.model.Profile DryRunBackup-551643205615047502
221210 103128.749|INFO|Thread-3707|dumpPacket|   key: CLIENT_ID is: edu.csus.ecs.pc2.core.model.ClientId TEAM35 @ site 1
221210 103128.749|INFO|Thread-3707|dumpPacket|   key: SITE_NUMBER is: java.lang.Integer 1
221210 103128.749|INFO|Thread-3707|dumpPacket|   key: CONTEST_INFORMATION is: edu.csus.ecs.pc2.core.model.ContestInformation edu.csus.ecs.pc2.core.model.ContestInformation@ee1d8a8
221210 103128.749|INFO|Thread-3707|dumpPacket|   key: SITE_LIST is: [Ledu.csus.ecs.pc2.core.model.Site; [Ledu.csus.ecs.pc2.core.model.Site;@2dc6f58e
221210 103128.749|INFO|Thread-3707|dumpPacket|   key: PROBLEM_DATA_FILES is: [Ledu.csus.ecs.pc2.core.model.ProblemDataFiles; [Ledu.csus.ecs.pc2.core.model.ProblemDataFiles;@741b36c9
221210 103128.749|INFO|Thread-3707|dumpPacket|   key: JUDGEMENT_LIST is: [Ledu.csus.ecs.pc2.core.model.Judgement; [Ledu.csus.ecs.pc2.core.model.Judgement;@7d2f8ef3
221210 103128.749|INFO|Thread-3707|dumpPacket|   key: PROBLEM_LIST is: [Ledu.csus.ecs.pc2.core.model.Problem; [Ledu.csus.ecs.pc2.core.model.Problem;@7d0b2d66
221210 103128.749|INFO|Thread-3707|dumpPacket|   key: GROUP_LIST is: [Ledu.csus.ecs.pc2.core.model.Group; [Ledu.csus.ecs.pc2.core.model.Group;@677bddcc
221210 103128.749|INFO|Thread-3707|dumpPacket|   key: LOCAL_LOGGED_IN_USERS is: [Ledu.csus.ecs.pc2.core.model.ClientId; [Ledu.csus.ecs.pc2.core.model.ClientId;@4afb1294
221210 103128.749|INFO|Thread-3707|dumpPacket|   key: SERVER_CLOCK_OFFSET is: java.util.GregorianCalendar java.util.GregorianCalendar[time=1670689888693,areFieldsSet=true,areAllFieldsSet=false,lenient=true,zone=sun.util.calendar.ZoneInfo[id="GMT",offset=0,dstSavings=0,useDaylight=false,transitions=0,lastRule=null],firstDayOfWeek=1,minimalDaysInFirstWeek=1,ERA=1,YEAR=2022,MONTH=11,WEEK_OF_YEAR=50,WEEK_OF_MONTH=2,DAY_OF_MONTH=10,DAY_OF_YEAR=344,DAY_OF_WEEK=7,DAY_OF_WEEK_IN_MONTH=2,AM_PM=1,HOUR=4,HOUR_OF_DAY=16,MINUTE=31,SECOND=28,MILLISECOND=693,ZONE_OFFSET=0,DST_OFFSET=0]
221210 103128.749|INFO|Thread-3707|dumpPacket|   key: NEW_PROFILE is: edu.csus.ecs.pc2.core.model.Profile DryRunBackup-551643205615047502
221210 103128.749|INFO|Thread-3707|dumpPacket|   key: CONTEST_IDENTIFIER is: java.lang.String DryRunBackup-551643205615047502
221210 103128.749|INFO|Thread-3707|dumpPacket|   key: BALLOON_SETTINGS_LIST is: [Ledu.csus.ecs.pc2.core.model.BalloonSettings; [Ledu.csus.ecs.pc2.core.model.BalloonSettings;@4b22452e
221210 103128.749|INFO|Thread-3707|dumpPacket|   key: RUN_LIST is: [Ledu.csus.ecs.pc2.core.model.Run; [Ledu.csus.ecs.pc2.core.model.Run;@6fe63131
221210 103128.749|INFO|Thread-3707|dumpPacket|   key: ACCOUNT_ARRAY is: [Ledu.csus.ecs.pc2.core.model.Account; [Ledu.csus.ecs.pc2.core.model.Account;@564a04bc
221210 103128.749|INFO|Thread-3707|info|handlePacket start Packet[UPDATE_CLIENT_PROFILE] #2713 SERVER0 @ site 1 -> TEAM35 @ site 1
221210 103128.749|INFO|Thread-3707|dumpPacket|Packet UPDATE_CLIENT_PROFILE (Seq #2713, o#2713 ) handlePacket
221210 103128.749|INFO|Thread-3707|dumpPacket|  From: SERVER0 @ site 1, oSERVER0 @ site 1 (DESKTOP-D75BQTV @ 212.212.212.212) (Contest Id: DryRunBackup-551643205615047502)
221210 103128.749|INFO|Thread-3707|dumpPacket|    To: TEAM35 @ site 1
221210 103128.749|INFO|Thread-3707|dumpPacket|   key: PROFILE_LIST is: [Ledu.csus.ecs.pc2.core.model.Profile; [Ledu.csus.ecs.pc2.core.model.Profile;@5f802ac9
221210 103128.749|INFO|Thread-3707|dumpPacket|   key: GENERAL_PROBLEM is: edu.csus.ecs.pc2.core.model.Problem General
221210 103128.749|INFO|Thread-3707|dumpPacket|   key: CONTEST_TIME is: edu.csus.ecs.pc2.core.model.ContestTime edu.csus.ecs.pc2.core.model.ContestTime@5147df49
221210 103128.749|INFO|Thread-3707|dumpPacket|   key: CLIENT_SETTINGS_LIST is: [Ledu.csus.ecs.pc2.core.model.ClientSettings; [Ledu.csus.ecs.pc2.core.model.ClientSettings;@557841b9
221210 103128.749|INFO|Thread-3707|dumpPacket|   key: CLARIFICATION_LIST is: [Ledu.csus.ecs.pc2.core.model.Clarification; [Ledu.csus.ecs.pc2.core.model.Clarification;@107ad572
221210 103128.749|INFO|Thread-3707|dumpPacket|   key: CATEGORY_LIST is: [Ledu.csus.ecs.pc2.core.model.Category; [Ledu.csus.ecs.pc2.core.model.Category;@4ef273d6
221210 103128.749|INFO|Thread-3707|dumpPacket|   key: LANGUAGE_LIST is: [Ledu.csus.ecs.pc2.core.model.Language; [Ledu.csus.ecs.pc2.core.model.Language;@21a040d6
221210 103128.749|INFO|Thread-3707|dumpPacket|   key: REMOTE_LOGGED_IN_USERS is: [Ledu.csus.ecs.pc2.core.model.ClientId; [Ledu.csus.ecs.pc2.core.model.ClientId;@36c2b8d2
221210 103128.749|INFO|Thread-3707|dumpPacket|   key: CONTEST_TIME_LIST is: [Ledu.csus.ecs.pc2.core.model.ContestTime; [Ledu.csus.ecs.pc2.core.model.ContestTime;@70552a3d
221210 103128.749|INFO|Thread-3707|dumpPacket|   key: CONNECTION_HANDLE_ID_LIST is: [Ledu.csus.ecs.pc2.core.transport.ConnectionHandlerID; [Ledu.csus.ecs.pc2.core.transport.ConnectionHandlerID;@2d648b22
221210 103128.749|INFO|Thread-3707|dumpPacket|   key: PROFILE is: edu.csus.ecs.pc2.core.model.Profile DryRunBackup-551643205615047502
221210 103128.749|INFO|Thread-3707|dumpPacket|   key: CLIENT_ID is: edu.csus.ecs.pc2.core.model.ClientId TEAM35 @ site 1
221210 103128.749|INFO|Thread-3707|dumpPacket|   key: SITE_NUMBER is: java.lang.Integer 1
221210 103128.749|INFO|Thread-3707|dumpPacket|   key: CONTEST_INFORMATION is: edu.csus.ecs.pc2.core.model.ContestInformation edu.csus.ecs.pc2.core.model.ContestInformation@ee1d8a8
221210 103128.749|INFO|Thread-3707|dumpPacket|   key: SITE_LIST is: [Ledu.csus.ecs.pc2.core.model.Site; [Ledu.csus.ecs.pc2.core.model.Site;@2dc6f58e
221210 103128.749|INFO|Thread-3707|dumpPacket|   key: PROBLEM_DATA_FILES is: [Ledu.csus.ecs.pc2.core.model.ProblemDataFiles; [Ledu.csus.ecs.pc2.core.model.ProblemDataFiles;@741b36c9
221210 103128.749|INFO|Thread-3707|dumpPacket|   key: JUDGEMENT_LIST is: [Ledu.csus.ecs.pc2.core.model.Judgement; [Ledu.csus.ecs.pc2.core.model.Judgement;@7d2f8ef3
221210 103128.749|INFO|Thread-3707|dumpPacket|   key: PROBLEM_LIST is: [Ledu.csus.ecs.pc2.core.model.Problem; [Ledu.csus.ecs.pc2.core.model.Problem;@7d0b2d66
221210 103128.749|INFO|Thread-3707|dumpPacket|   key: GROUP_LIST is: [Ledu.csus.ecs.pc2.core.model.Group; [Ledu.csus.ecs.pc2.core.model.Group;@677bddcc
221210 103128.749|INFO|Thread-3707|dumpPacket|   key: LOCAL_LOGGED_IN_USERS is: [Ledu.csus.ecs.pc2.core.model.ClientId; [Ledu.csus.ecs.pc2.core.model.ClientId;@4afb1294
221210 103128.749|INFO|Thread-3707|dumpPacket|   key: SERVER_CLOCK_OFFSET is: java.util.GregorianCalendar java.util.GregorianCalendar[time=1670689888693,areFieldsSet=true,areAllFieldsSet=false,lenient=true,zone=sun.util.calendar.ZoneInfo[id="GMT",offset=0,dstSavings=0,useDaylight=false,transitions=0,lastRule=null],firstDayOfWeek=1,minimalDaysInFirstWeek=1,ERA=1,YEAR=2022,MONTH=11,WEEK_OF_YEAR=50,WEEK_OF_MONTH=2,DAY_OF_MONTH=10,DAY_OF_YEAR=344,DAY_OF_WEEK=7,DAY_OF_WEEK_IN_MONTH=2,AM_PM=1,HOUR=4,HOUR_OF_DAY=16,MINUTE=31,SECOND=28,MILLISECOND=693,ZONE_OFFSET=0,DST_OFFSET=0]
221210 103128.749|INFO|Thread-3707|dumpPacket|   key: NEW_PROFILE is: edu.csus.ecs.pc2.core.model.Profile DryRunBackup-551643205615047502
221210 103128.749|INFO|Thread-3707|dumpPacket|   key: CONTEST_IDENTIFIER is: java.lang.String DryRunBackup-551643205615047502
221210 103128.749|INFO|Thread-3707|dumpPacket|   key: BALLOON_SETTINGS_LIST is: [Ledu.csus.ecs.pc2.core.model.BalloonSettings; [Ledu.csus.ecs.pc2.core.model.BalloonSettings;@4b22452e
221210 103128.749|INFO|Thread-3707|dumpPacket|   key: RUN_LIST is: [Ledu.csus.ecs.pc2.core.model.Run; [Ledu.csus.ecs.pc2.core.model.Run;@6fe63131
221210 103128.749|INFO|Thread-3707|dumpPacket|   key: ACCOUNT_ARRAY is: [Ledu.csus.ecs.pc2.core.model.Account; [Ledu.csus.ecs.pc2.core.model.Account;@564a04bc
221210 103128.750|INFO|Thread-3707|reRegisterPlugins|plugin.setContestAndController for API Contest class
221210 103128.750|INFO|Thread-3707|info|handleUpdateClientProfile fireAllRefreshEvents start
221210 103128.753|SEVERE|Thread-3707|error|java.lang.NullPointerException: Cannot invoke "edu.csus.ecs.pc2.core.model.Run.isDeleted()" because "this.run" is null
|java.lang.NullPointerException: Cannot invoke "edu.csus.ecs.pc2.core.model.Run.isDeleted()" because "this.run" is null
|    at edu.csus.ecs.pc2.api.implementation.RunImplementation.<init> (RunImplementation.java:118)
|    at edu.csus.ecs.pc2.api.implementation.RunListenerList.fireRunListener (RunListenerList.java:33)
|    at edu.csus.ecs.pc2.api.implementation.RunListenerList.access$000 (RunListenerList.java:22)
|    at edu.csus.ecs.pc2.api.implementation.RunListenerList$Listener.refreshRuns (RunListenerList.java:150)
|    at edu.csus.ecs.pc2.core.model.InternalContest.fireRunListener (InternalContest.java:434)
|    at edu.csus.ecs.pc2.core.model.InternalContest.fireAllRefreshEvents (InternalContest.java:2880)
|    at edu.csus.ecs.pc2.core.PacketHandler.handleUpdateClientProfile (PacketHandler.java:996)
|    at edu.csus.ecs.pc2.core.PacketHandler.handleOtherPacketTypes (PacketHandler.java:413)
|    at edu.csus.ecs.pc2.core.PacketHandler.handlePacket (PacketHandler.java:267)
|    at edu.csus.ecs.pc2.core.InternalController.receiveObject (InternalController.java:2441)
|    at edu.csus.ecs.pc2.core.transport.TransportManager$2.run (TransportManager.java:343)
|    at java.lang.Thread.run (Thread.java:833)
221210 103128.771|INFO|Thread-3707|info| receiveObject(S) end   got Packet[UPDATE_CLIENT_PROFILE] #2713 SERVER0 @ site 1 -> TEAM35 @ site 1
221210 103204.711|INFO|Thread-3759|info| receiveObject(S) start got Packet[UPDATE_CLIENT_PROFILE] #2774 SERVER0 @ site 1 -> TEAM35 @ site 1
221210 103204.711|INFO|Thread-3759|dumpPacket|Packet UPDATE_CLIENT_PROFILE (Seq #2774, o#2774 ) recieveObject
221210 103204.711|INFO|Thread-3759|dumpPacket|  From: SERVER0 @ site 1, oSERVER0 @ site 1 (DESKTOP-D75BQTV @ 212.212.212.212) (Contest Id: DryRun--5544400451244233091)
221210 103204.711|INFO|Thread-3759|dumpPacket|    To: TEAM35 @ site 1
221210 103204.711|INFO|Thread-3759|dumpPacket|   key: PROFILE_LIST is: [Ledu.csus.ecs.pc2.core.model.Profile; [Ledu.csus.ecs.pc2.core.model.Profile;@541d15c1
221210 103204.711|INFO|Thread-3759|dumpPacket|   key: GENERAL_PROBLEM is: edu.csus.ecs.pc2.core.model.Problem General
221210 103204.711|INFO|Thread-3759|dumpPacket|   key: CONTEST_TIME is: edu.csus.ecs.pc2.core.model.ContestTime edu.csus.ecs.pc2.core.model.ContestTime@5adaf132
221210 103204.711|INFO|Thread-3759|dumpPacket|   key: CLIENT_SETTINGS_LIST is: [Ledu.csus.ecs.pc2.core.model.ClientSettings; [Ledu.csus.ecs.pc2.core.model.ClientSettings;@5ee57eb1
221210 103204.711|INFO|Thread-3759|dumpPacket|   key: CLARIFICATION_LIST is: [Ledu.csus.ecs.pc2.core.model.Clarification; [Ledu.csus.ecs.pc2.core.model.Clarification;@1be7fb09
221210 103204.711|INFO|Thread-3759|dumpPacket|   key: CATEGORY_LIST is: [Ledu.csus.ecs.pc2.core.model.Category; [Ledu.csus.ecs.pc2.core.model.Category;@276856a9
221210 103204.711|INFO|Thread-3759|dumpPacket|   key: LANGUAGE_LIST is: [Ledu.csus.ecs.pc2.core.model.Language; [Ledu.csus.ecs.pc2.core.model.Language;@2ab66017
221210 103204.711|INFO|Thread-3759|dumpPacket|   key: REMOTE_LOGGED_IN_USERS is: [Ledu.csus.ecs.pc2.core.model.ClientId; [Ledu.csus.ecs.pc2.core.model.ClientId;@5fd39306
221210 103204.711|INFO|Thread-3759|dumpPacket|   key: CONTEST_TIME_LIST is: [Ledu.csus.ecs.pc2.core.model.ContestTime; [Ledu.csus.ecs.pc2.core.model.ContestTime;@7bc80446
221210 103204.711|INFO|Thread-3759|dumpPacket|   key: CONNECTION_HANDLE_ID_LIST is: [Ledu.csus.ecs.pc2.core.transport.ConnectionHandlerID; [Ledu.csus.ecs.pc2.core.transport.ConnectionHandlerID;@1e70d888
221210 103204.711|INFO|Thread-3759|dumpPacket|   key: PROFILE is: edu.csus.ecs.pc2.core.model.Profile DryRun--5544400451244233091
221210 103204.711|INFO|Thread-3759|dumpPacket|   key: CLIENT_ID is: edu.csus.ecs.pc2.core.model.ClientId TEAM35 @ site 1
221210 103204.711|INFO|Thread-3759|dumpPacket|   key: SITE_NUMBER is: java.lang.Integer 1
221210 103204.711|INFO|Thread-3759|dumpPacket|   key: CONTEST_INFORMATION is: edu.csus.ecs.pc2.core.model.ContestInformation edu.csus.ecs.pc2.core.model.ContestInformation@7dfa589
221210 103204.711|INFO|Thread-3759|dumpPacket|   key: SITE_LIST is: [Ledu.csus.ecs.pc2.core.model.Site; [Ledu.csus.ecs.pc2.core.model.Site;@44d75dd7
221210 103204.711|INFO|Thread-3759|dumpPacket|   key: PROBLEM_DATA_FILES is: [Ledu.csus.ecs.pc2.core.model.ProblemDataFiles; [Ledu.csus.ecs.pc2.core.model.ProblemDataFiles;@7f869b3f
221210 103204.711|INFO|Thread-3759|dumpPacket|   key: JUDGEMENT_LIST is: [Ledu.csus.ecs.pc2.core.model.Judgement; [Ledu.csus.ecs.pc2.core.model.Judgement;@672ab8df
221210 103204.711|INFO|Thread-3759|dumpPacket|   key: PROBLEM_LIST is: [Ledu.csus.ecs.pc2.core.model.Problem; [Ledu.csus.ecs.pc2.core.model.Problem;@1da3aa5e
221210 103204.711|INFO|Thread-3759|dumpPacket|   key: GROUP_LIST is: [Ledu.csus.ecs.pc2.core.model.Group; [Ledu.csus.ecs.pc2.core.model.Group;@63e475d8
221210 103204.711|INFO|Thread-3759|dumpPacket|   key: LOCAL_LOGGED_IN_USERS is: [Ledu.csus.ecs.pc2.core.model.ClientId; [Ledu.csus.ecs.pc2.core.model.ClientId;@28f045f8
221210 103204.711|INFO|Thread-3759|dumpPacket|   key: SERVER_CLOCK_OFFSET is: java.util.GregorianCalendar java.util.GregorianCalendar[time=1670689924694,areFieldsSet=true,areAllFieldsSet=false,lenient=true,zone=sun.util.calendar.ZoneInfo[id="GMT",offset=0,dstSavings=0,useDaylight=false,transitions=0,lastRule=null],firstDayOfWeek=1,minimalDaysInFirstWeek=1,ERA=1,YEAR=2022,MONTH=11,WEEK_OF_YEAR=50,WEEK_OF_MONTH=2,DAY_OF_MONTH=10,DAY_OF_YEAR=344,DAY_OF_WEEK=7,DAY_OF_WEEK_IN_MONTH=2,AM_PM=1,HOUR=4,HOUR_OF_DAY=16,MINUTE=32,SECOND=4,MILLISECOND=694,ZONE_OFFSET=0,DST_OFFSET=0]
221210 103204.711|INFO|Thread-3759|dumpPacket|   key: NEW_PROFILE is: edu.csus.ecs.pc2.core.model.Profile DryRun--5544400451244233091
221210 103204.711|INFO|Thread-3759|dumpPacket|   key: CONTEST_IDENTIFIER is: java.lang.String DryRun--5544400451244233091
221210 103204.711|INFO|Thread-3759|dumpPacket|   key: BALLOON_SETTINGS_LIST is: [Ledu.csus.ecs.pc2.core.model.BalloonSettings; [Ledu.csus.ecs.pc2.core.model.BalloonSettings;@1a2eec79
221210 103204.711|INFO|Thread-3759|dumpPacket|   key: RUN_LIST is: [Ledu.csus.ecs.pc2.core.model.Run; [Ledu.csus.ecs.pc2.core.model.Run;@1adf4438
221210 103204.711|INFO|Thread-3759|dumpPacket|   key: ACCOUNT_ARRAY is: [Ledu.csus.ecs.pc2.core.model.Account; [Ledu.csus.ecs.pc2.core.model.Account;@5ad5b80e
221210 103204.711|INFO|Thread-3759|info|handlePacket start Packet[UPDATE_CLIENT_PROFILE] #2774 SERVER0 @ site 1 -> TEAM35 @ site 1
221210 103204.711|INFO|Thread-3759|dumpPacket|Packet UPDATE_CLIENT_PROFILE (Seq #2774, o#2774 ) handlePacket
221210 103204.711|INFO|Thread-3759|dumpPacket|  From: SERVER0 @ site 1, oSERVER0 @ site 1 (DESKTOP-D75BQTV @ 212.212.212.212) (Contest Id: DryRun--5544400451244233091)
221210 103204.711|INFO|Thread-3759|dumpPacket|    To: TEAM35 @ site 1
221210 103204.711|INFO|Thread-3759|dumpPacket|   key: PROFILE_LIST is: [Ledu.csus.ecs.pc2.core.model.Profile; [Ledu.csus.ecs.pc2.core.model.Profile;@541d15c1
221210 103204.711|INFO|Thread-3759|dumpPacket|   key: GENERAL_PROBLEM is: edu.csus.ecs.pc2.core.model.Problem General
221210 103204.711|INFO|Thread-3759|dumpPacket|   key: CONTEST_TIME is: edu.csus.ecs.pc2.core.model.ContestTime edu.csus.ecs.pc2.core.model.ContestTime@5adaf132
221210 103204.711|INFO|Thread-3759|dumpPacket|   key: CLIENT_SETTINGS_LIST is: [Ledu.csus.ecs.pc2.core.model.ClientSettings; [Ledu.csus.ecs.pc2.core.model.ClientSettings;@5ee57eb1
221210 103204.711|INFO|Thread-3759|dumpPacket|   key: CLARIFICATION_LIST is: [Ledu.csus.ecs.pc2.core.model.Clarification; [Ledu.csus.ecs.pc2.core.model.Clarification;@1be7fb09
221210 103204.711|INFO|Thread-3759|dumpPacket|   key: CATEGORY_LIST is: [Ledu.csus.ecs.pc2.core.model.Category; [Ledu.csus.ecs.pc2.core.model.Category;@276856a9
221210 103204.711|INFO|Thread-3759|dumpPacket|   key: LANGUAGE_LIST is: [Ledu.csus.ecs.pc2.core.model.Language; [Ledu.csus.ecs.pc2.core.model.Language;@2ab66017
221210 103204.712|INFO|Thread-3759|dumpPacket|   key: REMOTE_LOGGED_IN_USERS is: [Ledu.csus.ecs.pc2.core.model.ClientId; [Ledu.csus.ecs.pc2.core.model.ClientId;@5fd39306
221210 103204.712|INFO|Thread-3759|dumpPacket|   key: CONTEST_TIME_LIST is: [Ledu.csus.ecs.pc2.core.model.ContestTime; [Ledu.csus.ecs.pc2.core.model.ContestTime;@7bc80446
221210 103204.712|INFO|Thread-3759|dumpPacket|   key: CONNECTION_HANDLE_ID_LIST is: [Ledu.csus.ecs.pc2.core.transport.ConnectionHandlerID; [Ledu.csus.ecs.pc2.core.transport.ConnectionHandlerID;@1e70d888
221210 103204.712|INFO|Thread-3759|dumpPacket|   key: PROFILE is: edu.csus.ecs.pc2.core.model.Profile DryRun--5544400451244233091
221210 103204.712|INFO|Thread-3759|dumpPacket|   key: CLIENT_ID is: edu.csus.ecs.pc2.core.model.ClientId TEAM35 @ site 1
221210 103204.712|INFO|Thread-3759|dumpPacket|   key: SITE_NUMBER is: java.lang.Integer 1
221210 103204.712|INFO|Thread-3759|dumpPacket|   key: CONTEST_INFORMATION is: edu.csus.ecs.pc2.core.model.ContestInformation edu.csus.ecs.pc2.core.model.ContestInformation@7dfa589
221210 103204.712|INFO|Thread-3759|dumpPacket|   key: SITE_LIST is: [Ledu.csus.ecs.pc2.core.model.Site; [Ledu.csus.ecs.pc2.core.model.Site;@44d75dd7
221210 103204.712|INFO|Thread-3759|dumpPacket|   key: PROBLEM_DATA_FILES is: [Ledu.csus.ecs.pc2.core.model.ProblemDataFiles; [Ledu.csus.ecs.pc2.core.model.ProblemDataFiles;@7f869b3f
221210 103204.712|INFO|Thread-3759|dumpPacket|   key: JUDGEMENT_LIST is: [Ledu.csus.ecs.pc2.core.model.Judgement; [Ledu.csus.ecs.pc2.core.model.Judgement;@672ab8df
221210 103204.712|INFO|Thread-3759|dumpPacket|   key: PROBLEM_LIST is: [Ledu.csus.ecs.pc2.core.model.Problem; [Ledu.csus.ecs.pc2.core.model.Problem;@1da3aa5e
221210 103204.712|INFO|Thread-3759|dumpPacket|   key: GROUP_LIST is: [Ledu.csus.ecs.pc2.core.model.Group; [Ledu.csus.ecs.pc2.core.model.Group;@63e475d8
221210 103204.712|INFO|Thread-3759|dumpPacket|   key: LOCAL_LOGGED_IN_USERS is: [Ledu.csus.ecs.pc2.core.model.ClientId; [Ledu.csus.ecs.pc2.core.model.ClientId;@28f045f8
221210 103204.712|INFO|Thread-3759|dumpPacket|   key: SERVER_CLOCK_OFFSET is: java.util.GregorianCalendar java.util.GregorianCalendar[time=1670689924694,areFieldsSet=true,areAllFieldsSet=false,lenient=true,zone=sun.util.calendar.ZoneInfo[id="GMT",offset=0,dstSavings=0,useDaylight=false,transitions=0,lastRule=null],firstDayOfWeek=1,minimalDaysInFirstWeek=1,ERA=1,YEAR=2022,MONTH=11,WEEK_OF_YEAR=50,WEEK_OF_MONTH=2,DAY_OF_MONTH=10,DAY_OF_YEAR=344,DAY_OF_WEEK=7,DAY_OF_WEEK_IN_MONTH=2,AM_PM=1,HOUR=4,HOUR_OF_DAY=16,MINUTE=32,SECOND=4,MILLISECOND=694,ZONE_OFFSET=0,DST_OFFSET=0]
221210 103204.712|INFO|Thread-3759|dumpPacket|   key: NEW_PROFILE is: edu.csus.ecs.pc2.core.model.Profile DryRun--5544400451244233091
221210 103204.712|INFO|Thread-3759|dumpPacket|   key: CONTEST_IDENTIFIER is: java.lang.String DryRun--5544400451244233091
221210 103204.712|INFO|Thread-3759|dumpPacket|   key: BALLOON_SETTINGS_LIST is: [Ledu.csus.ecs.pc2.core.model.BalloonSettings; [Ledu.csus.ecs.pc2.core.model.BalloonSettings;@1a2eec79
221210 103204.712|INFO|Thread-3759|dumpPacket|   key: RUN_LIST is: [Ledu.csus.ecs.pc2.core.model.Run; [Ledu.csus.ecs.pc2.core.model.Run;@1adf4438
221210 103204.712|INFO|Thread-3759|dumpPacket|   key: ACCOUNT_ARRAY is: [Ledu.csus.ecs.pc2.core.model.Account; [Ledu.csus.ecs.pc2.core.model.Account;@5ad5b80e
221210 103204.712|INFO|Thread-3759|reRegisterPlugins|plugin.setContestAndController for API Contest class
221210 103204.712|INFO|Thread-3759|info|handleUpdateClientProfile fireAllRefreshEvents start
221210 103204.713|SEVERE|Thread-3759|error|java.lang.NullPointerException: Cannot invoke "edu.csus.ecs.pc2.core.model.Run.isDeleted()" because "this.run" is null
|java.lang.NullPointerException: Cannot invoke "edu.csus.ecs.pc2.core.model.Run.isDeleted()" because "this.run" is null
|    at edu.csus.ecs.pc2.api.implementation.RunImplementation.<init> (RunImplementation.java:118)
|    at edu.csus.ecs.pc2.api.implementation.RunListenerList.fireRunListener (RunListenerList.java:33)
|    at edu.csus.ecs.pc2.api.implementation.RunListenerList.access$000 (RunListenerList.java:22)
|    at edu.csus.ecs.pc2.api.implementation.RunListenerList$Listener.refreshRuns (RunListenerList.java:150)
|    at edu.csus.ecs.pc2.core.model.InternalContest.fireRunListener (InternalContest.java:434)
|    at edu.csus.ecs.pc2.core.model.InternalContest.fireAllRefreshEvents (InternalContest.java:2880)
|    at edu.csus.ecs.pc2.core.PacketHandler.handleUpdateClientProfile (PacketHandler.java:996)
|    at edu.csus.ecs.pc2.core.PacketHandler.handleOtherPacketTypes (PacketHandler.java:413)
|    at edu.csus.ecs.pc2.core.PacketHandler.handlePacket (PacketHandler.java:267)
|    at edu.csus.ecs.pc2.core.InternalController.receiveObject (InternalController.java:2441)
|    at edu.csus.ecs.pc2.core.transport.TransportManager$2.run (TransportManager.java:343)
|    at java.lang.Thread.run (Thread.java:833)
221210 103204.736|INFO|Thread-3759|info| receiveObject(S) end   got Packet[UPDATE_CLIENT_PROFILE] #2774 SERVER0 @ site 1 -> TEAM35 @ site 1
221210 103220.653|INFO|Thread-3814|info| receiveObject(S) start got Packet[UPDATE_CLIENT_PROFILE] #2838 SERVER0 @ site 1 -> TEAM35 @ site 1
221210 103220.688|INFO|Thread-3814|dumpPacket|Packet UPDATE_CLIENT_PROFILE (Seq #2838, o#2838 ) recieveObject
221210 103220.688|INFO|Thread-3814|dumpPacket|  From: SERVER0 @ site 1, oSERVER0 @ site 1 (DESKTOP-D75BQTV @ 212.212.212.212) (Contest Id: Test-2009995449253116953)
221210 103220.688|INFO|Thread-3814|dumpPacket|    To: TEAM35 @ site 1
221210 103220.688|INFO|Thread-3814|dumpPacket|   key: PROFILE_LIST is: [Ledu.csus.ecs.pc2.core.model.Profile; [Ledu.csus.ecs.pc2.core.model.Profile;@e7e90f7
221210 103220.688|INFO|Thread-3814|dumpPacket|   key: GENERAL_PROBLEM is: edu.csus.ecs.pc2.core.model.Problem General
221210 103220.688|INFO|Thread-3814|dumpPacket|   key: CONTEST_TIME is: edu.csus.ecs.pc2.core.model.ContestTime edu.csus.ecs.pc2.core.model.ContestTime@b96f48
221210 103220.688|INFO|Thread-3814|dumpPacket|   key: CLIENT_SETTINGS_LIST is: [Ledu.csus.ecs.pc2.core.model.ClientSettings; [Ledu.csus.ecs.pc2.core.model.ClientSettings;@486fb87
221210 103220.688|INFO|Thread-3814|dumpPacket|   key: CLARIFICATION_LIST is: [Ledu.csus.ecs.pc2.core.model.Clarification; [Ledu.csus.ecs.pc2.core.model.Clarification;@41846573
221210 103220.688|INFO|Thread-3814|dumpPacket|   key: CATEGORY_LIST is: [Ledu.csus.ecs.pc2.core.model.Category; [Ledu.csus.ecs.pc2.core.model.Category;@3b87ac9c
221210 103220.688|INFO|Thread-3814|dumpPacket|   key: LANGUAGE_LIST is: [Ledu.csus.ecs.pc2.core.model.Language; [Ledu.csus.ecs.pc2.core.model.Language;@700f478b
221210 103220.688|INFO|Thread-3814|dumpPacket|   key: REMOTE_LOGGED_IN_USERS is: [Ledu.csus.ecs.pc2.core.model.ClientId; [Ledu.csus.ecs.pc2.core.model.ClientId;@43e6d0ce
221210 103220.688|INFO|Thread-3814|dumpPacket|   key: CONTEST_TIME_LIST is: [Ledu.csus.ecs.pc2.core.model.ContestTime; [Ledu.csus.ecs.pc2.core.model.ContestTime;@21ab9a3c
221210 103220.688|INFO|Thread-3814|dumpPacket|   key: CONNECTION_HANDLE_ID_LIST is: [Ledu.csus.ecs.pc2.core.transport.ConnectionHandlerID; [Ledu.csus.ecs.pc2.core.transport.ConnectionHandlerID;@274e31d9
221210 103220.688|INFO|Thread-3814|dumpPacket|   key: PROFILE is: edu.csus.ecs.pc2.core.model.Profile Test-2009995449253116953
221210 103220.688|INFO|Thread-3814|dumpPacket|   key: CLIENT_ID is: edu.csus.ecs.pc2.core.model.ClientId TEAM35 @ site 1
221210 103220.688|INFO|Thread-3814|dumpPacket|   key: SITE_NUMBER is: java.lang.Integer 1
221210 103220.688|INFO|Thread-3814|dumpPacket|   key: CONTEST_INFORMATION is: edu.csus.ecs.pc2.core.model.ContestInformation edu.csus.ecs.pc2.core.model.ContestInformation@2d7719a4
221210 103220.688|INFO|Thread-3814|dumpPacket|   key: SITE_LIST is: [Ledu.csus.ecs.pc2.core.model.Site; [Ledu.csus.ecs.pc2.core.model.Site;@58e2dc64
221210 103220.688|INFO|Thread-3814|dumpPacket|   key: PROBLEM_DATA_FILES is: [Ledu.csus.ecs.pc2.core.model.ProblemDataFiles; [Ledu.csus.ecs.pc2.core.model.ProblemDataFiles;@25e5c73e
221210 103220.688|INFO|Thread-3814|dumpPacket|   key: JUDGEMENT_LIST is: [Ledu.csus.ecs.pc2.core.model.Judgement; [Ledu.csus.ecs.pc2.core.model.Judgement;@7373eaa2
221210 103220.688|INFO|Thread-3814|dumpPacket|   key: PROBLEM_LIST is: [Ledu.csus.ecs.pc2.core.model.Problem; [Ledu.csus.ecs.pc2.core.model.Problem;@665c7751
221210 103220.688|INFO|Thread-3814|dumpPacket|   key: GROUP_LIST is: [Ledu.csus.ecs.pc2.core.model.Group; [Ledu.csus.ecs.pc2.core.model.Group;@28938602
221210 103220.688|INFO|Thread-3814|dumpPacket|   key: LOCAL_LOGGED_IN_USERS is: [Ledu.csus.ecs.pc2.core.model.ClientId; [Ledu.csus.ecs.pc2.core.model.ClientId;@23c47819
221210 103220.688|INFO|Thread-3814|dumpPacket|   key: SERVER_CLOCK_OFFSET is: java.util.GregorianCalendar java.util.GregorianCalendar[time=1670689940574,areFieldsSet=true,areAllFieldsSet=false,lenient=true,zone=sun.util.calendar.ZoneInfo[id="GMT",offset=0,dstSavings=0,useDaylight=false,transitions=0,lastRule=null],firstDayOfWeek=1,minimalDaysInFirstWeek=1,ERA=1,YEAR=2022,MONTH=11,WEEK_OF_YEAR=50,WEEK_OF_MONTH=2,DAY_OF_MONTH=10,DAY_OF_YEAR=344,DAY_OF_WEEK=7,DAY_OF_WEEK_IN_MONTH=2,AM_PM=1,HOUR=4,HOUR_OF_DAY=16,MINUTE=32,SECOND=20,MILLISECOND=574,ZONE_OFFSET=0,DST_OFFSET=0]
221210 103220.688|INFO|Thread-3814|dumpPacket|   key: NEW_PROFILE is: edu.csus.ecs.pc2.core.model.Profile Test-2009995449253116953
221210 103220.688|INFO|Thread-3814|dumpPacket|   key: CONTEST_IDENTIFIER is: java.lang.String Test-2009995449253116953
221210 103220.688|INFO|Thread-3814|dumpPacket|   key: BALLOON_SETTINGS_LIST is: [Ledu.csus.ecs.pc2.core.model.BalloonSettings; [Ledu.csus.ecs.pc2.core.model.BalloonSettings;@4f8ea039
221210 103220.688|INFO|Thread-3814|dumpPacket|   key: RUN_LIST is: [Ledu.csus.ecs.pc2.core.model.Run; [Ledu.csus.ecs.pc2.core.model.Run;@4aedb066
221210 103220.688|INFO|Thread-3814|dumpPacket|   key: ACCOUNT_ARRAY is: [Ledu.csus.ecs.pc2.core.model.Account; [Ledu.csus.ecs.pc2.core.model.Account;@7e7a9caf
221210 103220.688|INFO|Thread-3814|info|handlePacket start Packet[UPDATE_CLIENT_PROFILE] #2838 SERVER0 @ site 1 -> TEAM35 @ site 1
221210 103220.688|INFO|Thread-3814|dumpPacket|Packet UPDATE_CLIENT_PROFILE (Seq #2838, o#2838 ) handlePacket
221210 103220.688|INFO|Thread-3814|dumpPacket|  From: SERVER0 @ site 1, oSERVER0 @ site 1 (DESKTOP-D75BQTV @ 212.212.212.212) (Contest Id: Test-2009995449253116953)
221210 103220.688|INFO|Thread-3814|dumpPacket|    To: TEAM35 @ site 1
221210 103220.688|INFO|Thread-3814|dumpPacket|   key: PROFILE_LIST is: [Ledu.csus.ecs.pc2.core.model.Profile; [Ledu.csus.ecs.pc2.core.model.Profile;@e7e90f7
221210 103220.688|INFO|Thread-3814|dumpPacket|   key: GENERAL_PROBLEM is: edu.csus.ecs.pc2.core.model.Problem General
221210 103220.688|INFO|Thread-3814|dumpPacket|   key: CONTEST_TIME is: edu.csus.ecs.pc2.core.model.ContestTime edu.csus.ecs.pc2.core.model.ContestTime@b96f48
221210 103220.688|INFO|Thread-3814|dumpPacket|   key: CLIENT_SETTINGS_LIST is: [Ledu.csus.ecs.pc2.core.model.ClientSettings; [Ledu.csus.ecs.pc2.core.model.ClientSettings;@486fb87
221210 103220.688|INFO|Thread-3814|dumpPacket|   key: CLARIFICATION_LIST is: [Ledu.csus.ecs.pc2.core.model.Clarification; [Ledu.csus.ecs.pc2.core.model.Clarification;@41846573
221210 103220.688|INFO|Thread-3814|dumpPacket|   key: CATEGORY_LIST is: [Ledu.csus.ecs.pc2.core.model.Category; [Ledu.csus.ecs.pc2.core.model.Category;@3b87ac9c
221210 103220.688|INFO|Thread-3814|dumpPacket|   key: LANGUAGE_LIST is: [Ledu.csus.ecs.pc2.core.model.Language; [Ledu.csus.ecs.pc2.core.model.Language;@700f478b
221210 103220.688|INFO|Thread-3814|dumpPacket|   key: REMOTE_LOGGED_IN_USERS is: [Ledu.csus.ecs.pc2.core.model.ClientId; [Ledu.csus.ecs.pc2.core.model.ClientId;@43e6d0ce
221210 103220.688|INFO|Thread-3814|dumpPacket|   key: CONTEST_TIME_LIST is: [Ledu.csus.ecs.pc2.core.model.ContestTime; [Ledu.csus.ecs.pc2.core.model.ContestTime;@21ab9a3c
221210 103220.688|INFO|Thread-3814|dumpPacket|   key: CONNECTION_HANDLE_ID_LIST is: [Ledu.csus.ecs.pc2.core.transport.ConnectionHandlerID; [Ledu.csus.ecs.pc2.core.transport.ConnectionHandlerID;@274e31d9
221210 103220.688|INFO|Thread-3814|dumpPacket|   key: PROFILE is: edu.csus.ecs.pc2.core.model.Profile Test-2009995449253116953
221210 103220.688|INFO|Thread-3814|dumpPacket|   key: CLIENT_ID is: edu.csus.ecs.pc2.core.model.ClientId TEAM35 @ site 1
221210 103220.689|INFO|Thread-3814|dumpPacket|   key: SITE_NUMBER is: java.lang.Integer 1
221210 103220.689|INFO|Thread-3814|dumpPacket|   key: CONTEST_INFORMATION is: edu.csus.ecs.pc2.core.model.ContestInformation edu.csus.ecs.pc2.core.model.ContestInformation@2d7719a4
221210 103220.689|INFO|Thread-3814|dumpPacket|   key: SITE_LIST is: [Ledu.csus.ecs.pc2.core.model.Site; [Ledu.csus.ecs.pc2.core.model.Site;@58e2dc64
221210 103220.689|INFO|Thread-3814|dumpPacket|   key: PROBLEM_DATA_FILES is: [Ledu.csus.ecs.pc2.core.model.ProblemDataFiles; [Ledu.csus.ecs.pc2.core.model.ProblemDataFiles;@25e5c73e
221210 103220.689|INFO|Thread-3814|dumpPacket|   key: JUDGEMENT_LIST is: [Ledu.csus.ecs.pc2.core.model.Judgement; [Ledu.csus.ecs.pc2.core.model.Judgement;@7373eaa2
221210 103220.689|INFO|Thread-3814|dumpPacket|   key: PROBLEM_LIST is: [Ledu.csus.ecs.pc2.core.model.Problem; [Ledu.csus.ecs.pc2.core.model.Problem;@665c7751
221210 103220.689|INFO|Thread-3814|dumpPacket|   key: GROUP_LIST is: [Ledu.csus.ecs.pc2.core.model.Group; [Ledu.csus.ecs.pc2.core.model.Group;@28938602
221210 103220.689|INFO|Thread-3814|dumpPacket|   key: LOCAL_LOGGED_IN_USERS is: [Ledu.csus.ecs.pc2.core.model.ClientId; [Ledu.csus.ecs.pc2.core.model.ClientId;@23c47819
221210 103220.689|INFO|Thread-3814|dumpPacket|   key: SERVER_CLOCK_OFFSET is: java.util.GregorianCalendar java.util.GregorianCalendar[time=1670689940574,areFieldsSet=true,areAllFieldsSet=false,lenient=true,zone=sun.util.calendar.ZoneInfo[id="GMT",offset=0,dstSavings=0,useDaylight=false,transitions=0,lastRule=null],firstDayOfWeek=1,minimalDaysInFirstWeek=1,ERA=1,YEAR=2022,MONTH=11,WEEK_OF_YEAR=50,WEEK_OF_MONTH=2,DAY_OF_MONTH=10,DAY_OF_YEAR=344,DAY_OF_WEEK=7,DAY_OF_WEEK_IN_MONTH=2,AM_PM=1,HOUR=4,HOUR_OF_DAY=16,MINUTE=32,SECOND=20,MILLISECOND=574,ZONE_OFFSET=0,DST_OFFSET=0]
221210 103220.689|INFO|Thread-3814|dumpPacket|   key: NEW_PROFILE is: edu.csus.ecs.pc2.core.model.Profile Test-2009995449253116953
221210 103220.689|INFO|Thread-3814|dumpPacket|   key: CONTEST_IDENTIFIER is: java.lang.String Test-2009995449253116953
221210 103220.689|INFO|Thread-3814|dumpPacket|   key: BALLOON_SETTINGS_LIST is: [Ledu.csus.ecs.pc2.core.model.BalloonSettings; [Ledu.csus.ecs.pc2.core.model.BalloonSettings;@4f8ea039
221210 103220.689|INFO|Thread-3814|dumpPacket|   key: RUN_LIST is: [Ledu.csus.ecs.pc2.core.model.Run; [Ledu.csus.ecs.pc2.core.model.Run;@4aedb066
221210 103220.689|INFO|Thread-3814|dumpPacket|   key: ACCOUNT_ARRAY is: [Ledu.csus.ecs.pc2.core.model.Account; [Ledu.csus.ecs.pc2.core.model.Account;@7e7a9caf
221210 103220.689|INFO|Thread-3814|reRegisterPlugins|plugin.setContestAndController for API Contest class
221210 103220.689|INFO|Thread-3814|info|handleUpdateClientProfile fireAllRefreshEvents start
221210 103220.695|SEVERE|Thread-3814|error|java.lang.NullPointerException: Cannot invoke "edu.csus.ecs.pc2.core.model.Run.isDeleted()" because "this.run" is null
|java.lang.NullPointerException: Cannot invoke "edu.csus.ecs.pc2.core.model.Run.isDeleted()" because "this.run" is null
|    at edu.csus.ecs.pc2.api.implementation.RunImplementation.<init> (RunImplementation.java:118)
|    at edu.csus.ecs.pc2.api.implementation.RunListenerList.fireRunListener (RunListenerList.java:33)
|    at edu.csus.ecs.pc2.api.implementation.RunListenerList.access$000 (RunListenerList.java:22)
|    at edu.csus.ecs.pc2.api.implementation.RunListenerList$Listener.refreshRuns (RunListenerList.java:150)
|    at edu.csus.ecs.pc2.core.model.InternalContest.fireRunListener (InternalContest.java:434)
|    at edu.csus.ecs.pc2.core.model.InternalContest.fireAllRefreshEvents (InternalContest.java:2880)
|    at edu.csus.ecs.pc2.core.PacketHandler.handleUpdateClientProfile (PacketHandler.java:996)
|    at edu.csus.ecs.pc2.core.PacketHandler.handleOtherPacketTypes (PacketHandler.java:413)
|    at edu.csus.ecs.pc2.core.PacketHandler.handlePacket (PacketHandler.java:267)
|    at edu.csus.ecs.pc2.core.InternalController.receiveObject (InternalController.java:2441)
|    at edu.csus.ecs.pc2.core.transport.TransportManager$2.run (TransportManager.java:343)
|    at java.lang.Thread.run (Thread.java:833)
221210 103220.697|INFO|Thread-3814|info| receiveObject(S) end   got Packet[UPDATE_CLIENT_PROFILE] #2838 SERVER0 @ site 1 -> TEAM35 @ site 1
221210 103237.347|INFO|Thread-3878|info| receiveObject(S) start got Packet[UPDATE_CLIENT_PROFILE] #2905 SERVER0 @ site 1 -> TEAM35 @ site 1
221210 103237.347|INFO|Thread-3878|dumpPacket|Packet UPDATE_CLIENT_PROFILE (Seq #2905, o#2905 ) recieveObject
221210 103237.347|INFO|Thread-3878|dumpPacket|  From: SERVER0 @ site 1, oSERVER0 @ site 1 (DESKTOP-D75BQTV @ 212.212.212.212) (Contest Id: Contest-4511288556462302159)
221210 103237.347|INFO|Thread-3878|dumpPacket|    To: TEAM35 @ site 1
221210 103237.347|INFO|Thread-3878|dumpPacket|   key: PROFILE_LIST is: [Ledu.csus.ecs.pc2.core.model.Profile; [Ledu.csus.ecs.pc2.core.model.Profile;@644a35b0
221210 103237.347|INFO|Thread-3878|dumpPacket|   key: GENERAL_PROBLEM is: edu.csus.ecs.pc2.core.model.Problem General
221210 103237.347|INFO|Thread-3878|dumpPacket|   key: CONTEST_TIME is: edu.csus.ecs.pc2.core.model.ContestTime edu.csus.ecs.pc2.core.model.ContestTime@6a8dc749
221210 103237.347|INFO|Thread-3878|dumpPacket|   key: CLIENT_SETTINGS_LIST is: [Ledu.csus.ecs.pc2.core.model.ClientSettings; [Ledu.csus.ecs.pc2.core.model.ClientSettings;@6eb25ec0
221210 103237.347|INFO|Thread-3878|dumpPacket|   key: CLARIFICATION_LIST is: [Ledu.csus.ecs.pc2.core.model.Clarification; [Ledu.csus.ecs.pc2.core.model.Clarification;@2bb0cd72
221210 103237.347|INFO|Thread-3878|dumpPacket|   key: CATEGORY_LIST is: [Ledu.csus.ecs.pc2.core.model.Category; [Ledu.csus.ecs.pc2.core.model.Category;@1e628a01
221210 103237.347|INFO|Thread-3878|dumpPacket|   key: LANGUAGE_LIST is: [Ledu.csus.ecs.pc2.core.model.Language; [Ledu.csus.ecs.pc2.core.model.Language;@1a51a10b
221210 103237.347|INFO|Thread-3878|dumpPacket|   key: REMOTE_LOGGED_IN_USERS is: [Ledu.csus.ecs.pc2.core.model.ClientId; [Ledu.csus.ecs.pc2.core.model.ClientId;@6669b8df
221210 103237.347|INFO|Thread-3878|dumpPacket|   key: CONTEST_TIME_LIST is: [Ledu.csus.ecs.pc2.core.model.ContestTime; [Ledu.csus.ecs.pc2.core.model.ContestTime;@4b9f323d
221210 103237.347|INFO|Thread-3878|dumpPacket|   key: CONNECTION_HANDLE_ID_LIST is: [Ledu.csus.ecs.pc2.core.transport.ConnectionHandlerID; [Ledu.csus.ecs.pc2.core.transport.ConnectionHandlerID;@41278bcd
221210 103237.347|INFO|Thread-3878|dumpPacket|   key: PROFILE is: edu.csus.ecs.pc2.core.model.Profile Contest-4511288556462302159
221210 103237.347|INFO|Thread-3878|dumpPacket|   key: CLIENT_ID is: edu.csus.ecs.pc2.core.model.ClientId TEAM35 @ site 1
221210 103237.347|INFO|Thread-3878|dumpPacket|   key: SITE_NUMBER is: java.lang.Integer 1
221210 103237.347|INFO|Thread-3878|dumpPacket|   key: CONTEST_INFORMATION is: edu.csus.ecs.pc2.core.model.ContestInformation edu.csus.ecs.pc2.core.model.ContestInformation@56e9331b
221210 103237.347|INFO|Thread-3878|dumpPacket|   key: SITE_LIST is: [Ledu.csus.ecs.pc2.core.model.Site; [Ledu.csus.ecs.pc2.core.model.Site;@7d6dd659
221210 103237.347|INFO|Thread-3878|dumpPacket|   key: PROBLEM_DATA_FILES is: [Ledu.csus.ecs.pc2.core.model.ProblemDataFiles; [Ledu.csus.ecs.pc2.core.model.ProblemDataFiles;@4fd10d13
221210 103237.347|INFO|Thread-3878|dumpPacket|   key: JUDGEMENT_LIST is: [Ledu.csus.ecs.pc2.core.model.Judgement; [Ledu.csus.ecs.pc2.core.model.Judgement;@32558ec7
221210 103237.347|INFO|Thread-3878|dumpPacket|   key: PROBLEM_LIST is: [Ledu.csus.ecs.pc2.core.model.Problem; [Ledu.csus.ecs.pc2.core.model.Problem;@2d3b127d
221210 103237.347|INFO|Thread-3878|dumpPacket|   key: GROUP_LIST is: [Ledu.csus.ecs.pc2.core.model.Group; [Ledu.csus.ecs.pc2.core.model.Group;@3ef7d69d
221210 103237.347|INFO|Thread-3878|dumpPacket|   key: LOCAL_LOGGED_IN_USERS is: [Ledu.csus.ecs.pc2.core.model.ClientId; [Ledu.csus.ecs.pc2.core.model.ClientId;@7909fdc5
221210 103237.347|INFO|Thread-3878|dumpPacket|   key: SERVER_CLOCK_OFFSET is: java.util.GregorianCalendar java.util.GregorianCalendar[time=1670689957268,areFieldsSet=true,areAllFieldsSet=false,lenient=true,zone=sun.util.calendar.ZoneInfo[id="GMT",offset=0,dstSavings=0,useDaylight=false,transitions=0,lastRule=null],firstDayOfWeek=1,minimalDaysInFirstWeek=1,ERA=1,YEAR=2022,MONTH=11,WEEK_OF_YEAR=50,WEEK_OF_MONTH=2,DAY_OF_MONTH=10,DAY_OF_YEAR=344,DAY_OF_WEEK=7,DAY_OF_WEEK_IN_MONTH=2,AM_PM=1,HOUR=4,HOUR_OF_DAY=16,MINUTE=32,SECOND=37,MILLISECOND=268,ZONE_OFFSET=0,DST_OFFSET=0]
221210 103237.348|INFO|Thread-3878|dumpPacket|   key: NEW_PROFILE is: edu.csus.ecs.pc2.core.model.Profile Contest-4511288556462302159
221210 103237.348|INFO|Thread-3878|dumpPacket|   key: CONTEST_IDENTIFIER is: java.lang.String Contest-4511288556462302159
221210 103237.348|INFO|Thread-3878|dumpPacket|   key: BALLOON_SETTINGS_LIST is: [Ledu.csus.ecs.pc2.core.model.BalloonSettings; [Ledu.csus.ecs.pc2.core.model.BalloonSettings;@67b46795
221210 103237.348|INFO|Thread-3878|dumpPacket|   key: RUN_LIST is: [Ledu.csus.ecs.pc2.core.model.Run; [Ledu.csus.ecs.pc2.core.model.Run;@12e929e4
221210 103237.348|INFO|Thread-3878|dumpPacket|   key: ACCOUNT_ARRAY is: [Ledu.csus.ecs.pc2.core.model.Account; [Ledu.csus.ecs.pc2.core.model.Account;@122a561a
221210 103237.348|INFO|Thread-3878|info|handlePacket start Packet[UPDATE_CLIENT_PROFILE] #2905 SERVER0 @ site 1 -> TEAM35 @ site 1
221210 103237.348|INFO|Thread-3878|dumpPacket|Packet UPDATE_CLIENT_PROFILE (Seq #2905, o#2905 ) handlePacket
221210 103237.348|INFO|Thread-3878|dumpPacket|  From: SERVER0 @ site 1, oSERVER0 @ site 1 (DESKTOP-D75BQTV @ 212.212.212.212) (Contest Id: Contest-4511288556462302159)
221210 103237.348|INFO|Thread-3878|dumpPacket|    To: TEAM35 @ site 1
221210 103237.348|INFO|Thread-3878|dumpPacket|   key: PROFILE_LIST is: [Ledu.csus.ecs.pc2.core.model.Profile; [Ledu.csus.ecs.pc2.core.model.Profile;@644a35b0
221210 103237.348|INFO|Thread-3878|dumpPacket|   key: GENERAL_PROBLEM is: edu.csus.ecs.pc2.core.model.Problem General
221210 103237.348|INFO|Thread-3878|dumpPacket|   key: CONTEST_TIME is: edu.csus.ecs.pc2.core.model.ContestTime edu.csus.ecs.pc2.core.model.ContestTime@6a8dc749
221210 103237.348|INFO|Thread-3878|dumpPacket|   key: CLIENT_SETTINGS_LIST is: [Ledu.csus.ecs.pc2.core.model.ClientSettings; [Ledu.csus.ecs.pc2.core.model.ClientSettings;@6eb25ec0
221210 103237.348|INFO|Thread-3878|dumpPacket|   key: CLARIFICATION_LIST is: [Ledu.csus.ecs.pc2.core.model.Clarification; [Ledu.csus.ecs.pc2.core.model.Clarification;@2bb0cd72
221210 103237.348|INFO|Thread-3878|dumpPacket|   key: CATEGORY_LIST is: [Ledu.csus.ecs.pc2.core.model.Category; [Ledu.csus.ecs.pc2.core.model.Category;@1e628a01
221210 103237.348|INFO|Thread-3878|dumpPacket|   key: LANGUAGE_LIST is: [Ledu.csus.ecs.pc2.core.model.Language; [Ledu.csus.ecs.pc2.core.model.Language;@1a51a10b
221210 103237.348|INFO|Thread-3878|dumpPacket|   key: REMOTE_LOGGED_IN_USERS is: [Ledu.csus.ecs.pc2.core.model.ClientId; [Ledu.csus.ecs.pc2.core.model.ClientId;@6669b8df
221210 103237.348|INFO|Thread-3878|dumpPacket|   key: CONTEST_TIME_LIST is: [Ledu.csus.ecs.pc2.core.model.ContestTime; [Ledu.csus.ecs.pc2.core.model.ContestTime;@4b9f323d
221210 103237.348|INFO|Thread-3878|dumpPacket|   key: CONNECTION_HANDLE_ID_LIST is: [Ledu.csus.ecs.pc2.core.transport.ConnectionHandlerID; [Ledu.csus.ecs.pc2.core.transport.ConnectionHandlerID;@41278bcd
221210 103237.348|INFO|Thread-3878|dumpPacket|   key: PROFILE is: edu.csus.ecs.pc2.core.model.Profile Contest-4511288556462302159
221210 103237.348|INFO|Thread-3878|dumpPacket|   key: CLIENT_ID is: edu.csus.ecs.pc2.core.model.ClientId TEAM35 @ site 1
221210 103237.348|INFO|Thread-3878|dumpPacket|   key: SITE_NUMBER is: java.lang.Integer 1
221210 103237.348|INFO|Thread-3878|dumpPacket|   key: CONTEST_INFORMATION is: edu.csus.ecs.pc2.core.model.ContestInformation edu.csus.ecs.pc2.core.model.ContestInformation@56e9331b
221210 103237.348|INFO|Thread-3878|dumpPacket|   key: SITE_LIST is: [Ledu.csus.ecs.pc2.core.model.Site; [Ledu.csus.ecs.pc2.core.model.Site;@7d6dd659
221210 103237.348|INFO|Thread-3878|dumpPacket|   key: PROBLEM_DATA_FILES is: [Ledu.csus.ecs.pc2.core.model.ProblemDataFiles; [Ledu.csus.ecs.pc2.core.model.ProblemDataFiles;@4fd10d13
221210 103237.348|INFO|Thread-3878|dumpPacket|   key: JUDGEMENT_LIST is: [Ledu.csus.ecs.pc2.core.model.Judgement; [Ledu.csus.ecs.pc2.core.model.Judgement;@32558ec7
221210 103237.348|INFO|Thread-3878|dumpPacket|   key: PROBLEM_LIST is: [Ledu.csus.ecs.pc2.core.model.Problem; [Ledu.csus.ecs.pc2.core.model.Problem;@2d3b127d
221210 103237.348|INFO|Thread-3878|dumpPacket|   key: GROUP_LIST is: [Ledu.csus.ecs.pc2.core.model.Group; [Ledu.csus.ecs.pc2.core.model.Group;@3ef7d69d
221210 103237.348|INFO|Thread-3878|dumpPacket|   key: LOCAL_LOGGED_IN_USERS is: [Ledu.csus.ecs.pc2.core.model.ClientId; [Ledu.csus.ecs.pc2.core.model.ClientId;@7909fdc5
221210 103237.348|INFO|Thread-3878|dumpPacket|   key: SERVER_CLOCK_OFFSET is: java.util.GregorianCalendar java.util.GregorianCalendar[time=1670689957268,areFieldsSet=true,areAllFieldsSet=false,lenient=true,zone=sun.util.calendar.ZoneInfo[id="GMT",offset=0,dstSavings=0,useDaylight=false,transitions=0,lastRule=null],firstDayOfWeek=1,minimalDaysInFirstWeek=1,ERA=1,YEAR=2022,MONTH=11,WEEK_OF_YEAR=50,WEEK_OF_MONTH=2,DAY_OF_MONTH=10,DAY_OF_YEAR=344,DAY_OF_WEEK=7,DAY_OF_WEEK_IN_MONTH=2,AM_PM=1,HOUR=4,HOUR_OF_DAY=16,MINUTE=32,SECOND=37,MILLISECOND=268,ZONE_OFFSET=0,DST_OFFSET=0]
221210 103237.348|INFO|Thread-3878|dumpPacket|   key: NEW_PROFILE is: edu.csus.ecs.pc2.core.model.Profile Contest-4511288556462302159
221210 103237.348|INFO|Thread-3878|dumpPacket|   key: CONTEST_IDENTIFIER is: java.lang.String Contest-4511288556462302159
221210 103237.348|INFO|Thread-3878|dumpPacket|   key: BALLOON_SETTINGS_LIST is: [Ledu.csus.ecs.pc2.core.model.BalloonSettings; [Ledu.csus.ecs.pc2.core.model.BalloonSettings;@67b46795
221210 103237.348|INFO|Thread-3878|dumpPacket|   key: RUN_LIST is: [Ledu.csus.ecs.pc2.core.model.Run; [Ledu.csus.ecs.pc2.core.model.Run;@12e929e4
221210 103237.348|INFO|Thread-3878|dumpPacket|   key: ACCOUNT_ARRAY is: [Ledu.csus.ecs.pc2.core.model.Account; [Ledu.csus.ecs.pc2.core.model.Account;@122a561a
221210 103237.349|INFO|Thread-3878|reRegisterPlugins|plugin.setContestAndController for API Contest class
221210 103237.349|INFO|Thread-3878|info|handleUpdateClientProfile fireAllRefreshEvents start
221210 103237.365|SEVERE|Thread-3878|error|java.lang.NullPointerException: Cannot invoke "edu.csus.ecs.pc2.core.model.Run.isDeleted()" because "this.run" is null
|java.lang.NullPointerException: Cannot invoke "edu.csus.ecs.pc2.core.model.Run.isDeleted()" because "this.run" is null
|    at edu.csus.ecs.pc2.api.implementation.RunImplementation.<init> (RunImplementation.java:118)
|    at edu.csus.ecs.pc2.api.implementation.RunListenerList.fireRunListener (RunListenerList.java:33)
|    at edu.csus.ecs.pc2.api.implementation.RunListenerList.access$000 (RunListenerList.java:22)
|    at edu.csus.ecs.pc2.api.implementation.RunListenerList$Listener.refreshRuns (RunListenerList.java:150)
|    at edu.csus.ecs.pc2.core.model.InternalContest.fireRunListener (InternalContest.java:434)
|    at edu.csus.ecs.pc2.core.model.InternalContest.fireAllRefreshEvents (InternalContest.java:2880)
|    at edu.csus.ecs.pc2.core.PacketHandler.handleUpdateClientProfile (PacketHandler.java:996)
|    at edu.csus.ecs.pc2.core.PacketHandler.handleOtherPacketTypes (PacketHandler.java:413)
|    at edu.csus.ecs.pc2.core.PacketHandler.handlePacket (PacketHandler.java:267)
|    at edu.csus.ecs.pc2.core.InternalController.receiveObject (InternalController.java:2441)
|    at edu.csus.ecs.pc2.core.transport.TransportManager$2.run (TransportManager.java:343)
|    at java.lang.Thread.run (Thread.java:833)
221210 103237.393|INFO|Thread-3878|info| receiveObject(S) end   got Packet[UPDATE_CLIENT_PROFILE] #2905 SERVER0 @ site 1 -> TEAM35 @ site 1
221210 103302.536|INFO|Thread-3926|info| receiveObject(S) start got Packet[UPDATE_SETTING] #2962 SERVER0 @ site 1 -> SERVER0 @ site 0
221210 103302.536|INFO|Thread-3926|dumpPacket|Packet UPDATE_SETTING (Seq #2962, o#139 ) recieveObject
221210 103302.536|INFO|Thread-3926|dumpPacket|  From: SERVER0 @ site 1, oADMINISTRATOR1 @ site 1 (DESKTOP-D75BQTV @ 212.212.212.212) (Contest Id: Contest-4511288556462302159)
221210 103302.536|INFO|Thread-3926|dumpPacket|    To: SERVER0 @ site 0
221210 103302.536|INFO|Thread-3926|dumpPacket|   key: CONTEST_INFORMATION is: edu.csus.ecs.pc2.core.model.ContestInformation edu.csus.ecs.pc2.core.model.ContestInformation@7534c632
221210 103302.536|INFO|Thread-3926|info|handlePacket start Packet[UPDATE_SETTING] #2962 SERVER0 @ site 1 -> SERVER0 @ site 0
221210 103302.536|INFO|Thread-3926|dumpPacket|Packet UPDATE_SETTING (Seq #2962, o#139 ) handlePacket
221210 103302.536|INFO|Thread-3926|dumpPacket|  From: SERVER0 @ site 1, oADMINISTRATOR1 @ site 1 (DESKTOP-D75BQTV @ 212.212.212.212) (Contest Id: Contest-4511288556462302159)
221210 103302.536|INFO|Thread-3926|dumpPacket|    To: SERVER0 @ site 0
221210 103302.536|INFO|Thread-3926|dumpPacket|   key: CONTEST_INFORMATION is: edu.csus.ecs.pc2.core.model.ContestInformation edu.csus.ecs.pc2.core.model.ContestInformation@7534c632
221210 103302.537|INFO|Thread-3926|info|handlePacket end Packet[UPDATE_SETTING] #2962 SERVER0 @ site 1 -> SERVER0 @ site 0
221210 103302.541|INFO|Thread-3926|info| receiveObject(S) end   got Packet[UPDATE_SETTING] #2962 SERVER0 @ site 1 -> SERVER0 @ site 0
221210 104406.127|INFO|Thread-4421|info| receiveObject(S) start got Packet[UPDATE_SETTING] #3140 SERVER0 @ site 1 -> SERVER0 @ site 0
221210 104406.127|INFO|Thread-4421|dumpPacket|Packet UPDATE_SETTING (Seq #3140, o#140 ) recieveObject
221210 104406.127|INFO|Thread-4421|dumpPacket|  From: SERVER0 @ site 1, oADMINISTRATOR1 @ site 1 (DESKTOP-D75BQTV @ 212.212.212.212) (Contest Id: Contest-4511288556462302159)
221210 104406.127|INFO|Thread-4421|dumpPacket|    To: SERVER0 @ site 0
221210 104406.127|INFO|Thread-4421|dumpPacket|   key: CONTEST_TIME is: edu.csus.ecs.pc2.core.model.ContestTime edu.csus.ecs.pc2.core.model.ContestTime@217b1846
221210 104406.127|INFO|Thread-4421|info|handlePacket start Packet[UPDATE_SETTING] #3140 SERVER0 @ site 1 -> SERVER0 @ site 0
221210 104406.127|INFO|Thread-4421|dumpPacket|Packet UPDATE_SETTING (Seq #3140, o#140 ) handlePacket
221210 104406.127|INFO|Thread-4421|dumpPacket|  From: SERVER0 @ site 1, oADMINISTRATOR1 @ site 1 (DESKTOP-D75BQTV @ 212.212.212.212) (Contest Id: Contest-4511288556462302159)
221210 104406.127|INFO|Thread-4421|dumpPacket|    To: SERVER0 @ site 0
221210 104406.127|INFO|Thread-4421|dumpPacket|   key: CONTEST_TIME is: edu.csus.ecs.pc2.core.model.ContestTime edu.csus.ecs.pc2.core.model.ContestTime@217b1846
221210 104406.128|INFO|Thread-4421|info|handlePacket end Packet[UPDATE_SETTING] #3140 SERVER0 @ site 1 -> SERVER0 @ site 0
221210 104406.130|INFO|Thread-4421|info| receiveObject(S) end   got Packet[UPDATE_SETTING] #3140 SERVER0 @ site 1 -> SERVER0 @ site 0
221210 104406.224|INFO|Thread-4506|info| receiveObject(S) start got Packet[UPDATE_SETTING] #3141 SERVER0 @ site 1 -> SERVER0 @ site 0
221210 104406.224|INFO|Thread-4506|dumpPacket|Packet UPDATE_SETTING (Seq #3141, o#141 ) recieveObject
221210 104406.224|INFO|Thread-4506|dumpPacket|  From: SERVER0 @ site 1, oADMINISTRATOR1 @ site 1 (DESKTOP-D75BQTV @ 212.212.212.212) (Contest Id: Contest-4511288556462302159)
221210 104406.224|INFO|Thread-4506|dumpPacket|    To: SERVER0 @ site 0
221210 104406.224|INFO|Thread-4506|dumpPacket|   key: CONTEST_INFORMATION is: edu.csus.ecs.pc2.core.model.ContestInformation edu.csus.ecs.pc2.core.model.ContestInformation@6e81aa3
221210 104406.224|INFO|Thread-4506|info|handlePacket start Packet[UPDATE_SETTING] #3141 SERVER0 @ site 1 -> SERVER0 @ site 0
221210 104406.224|INFO|Thread-4506|dumpPacket|Packet UPDATE_SETTING (Seq #3141, o#141 ) handlePacket
221210 104406.224|INFO|Thread-4506|dumpPacket|  From: SERVER0 @ site 1, oADMINISTRATOR1 @ site 1 (DESKTOP-D75BQTV @ 212.212.212.212) (Contest Id: Contest-4511288556462302159)
221210 104406.224|INFO|Thread-4506|dumpPacket|    To: SERVER0 @ site 0
221210 104406.224|INFO|Thread-4506|dumpPacket|   key: CONTEST_INFORMATION is: edu.csus.ecs.pc2.core.model.ContestInformation edu.csus.ecs.pc2.core.model.ContestInformation@6e81aa3
221210 104406.224|INFO|Thread-4506|info|handlePacket end Packet[UPDATE_SETTING] #3141 SERVER0 @ site 1 -> SERVER0 @ site 0
221210 104406.230|INFO|Thread-4506|info| receiveObject(S) end   got Packet[UPDATE_SETTING] #3141 SERVER0 @ site 1 -> SERVER0 @ site 0
221210 104717.889|INFO|Thread-4785|info| receiveObject(S) start got Packet[CLOCK_STARTED] #3170 SERVER0 @ site 1 -> SERVER0 @ site 0
221210 104717.889|INFO|Thread-4785|dumpPacket|Packet CLOCK_STARTED (Seq #3170, o#3170 ) recieveObject
221210 104717.889|INFO|Thread-4785|dumpPacket|  From: SERVER0 @ site 1, oSERVER0 @ site 1 (DESKTOP-D75BQTV @ 212.212.212.212) (Contest Id: Contest-4511288556462302159)
221210 104717.889|INFO|Thread-4785|dumpPacket|    To: SERVER0 @ site 0
221210 104717.889|INFO|Thread-4785|dumpPacket|   key: SITE_NUMBER is: java.lang.Integer 1
221210 104717.889|INFO|Thread-4785|dumpPacket|   key: CLIENT_ID is: edu.csus.ecs.pc2.core.model.ClientId ADMINISTRATOR1 @ site 1
221210 104717.889|INFO|Thread-4785|dumpPacket|   key: SERVER_CLOCK_OFFSET is: java.util.GregorianCalendar java.util.GregorianCalendar[time=1670690837864,areFieldsSet=true,areAllFieldsSet=false,lenient=true,zone=sun.util.calendar.ZoneInfo[id="GMT",offset=0,dstSavings=0,useDaylight=false,transitions=0,lastRule=null],firstDayOfWeek=1,minimalDaysInFirstWeek=1,ERA=1,YEAR=2022,MONTH=11,WEEK_OF_YEAR=50,WEEK_OF_MONTH=2,DAY_OF_MONTH=10,DAY_OF_YEAR=344,DAY_OF_WEEK=7,DAY_OF_WEEK_IN_MONTH=2,AM_PM=1,HOUR=4,HOUR_OF_DAY=16,MINUTE=47,SECOND=17,MILLISECOND=864,ZONE_OFFSET=0,DST_OFFSET=0]
221210 104717.889|INFO|Thread-4785|info|handlePacket start Packet[CLOCK_STARTED] #3170 SERVER0 @ site 1 -> SERVER0 @ site 0
221210 104717.889|INFO|Thread-4785|dumpPacket|Packet CLOCK_STARTED (Seq #3170, o#3170 ) handlePacket
221210 104717.889|INFO|Thread-4785|dumpPacket|  From: SERVER0 @ site 1, oSERVER0 @ site 1 (DESKTOP-D75BQTV @ 212.212.212.212) (Contest Id: Contest-4511288556462302159)
221210 104717.889|INFO|Thread-4785|dumpPacket|    To: SERVER0 @ site 0
221210 104717.889|INFO|Thread-4785|dumpPacket|   key: SITE_NUMBER is: java.lang.Integer 1
221210 104717.889|INFO|Thread-4785|dumpPacket|   key: CLIENT_ID is: edu.csus.ecs.pc2.core.model.ClientId ADMINISTRATOR1 @ site 1
221210 104717.889|INFO|Thread-4785|dumpPacket|   key: SERVER_CLOCK_OFFSET is: java.util.GregorianCalendar java.util.GregorianCalendar[time=1670690837864,areFieldsSet=true,areAllFieldsSet=false,lenient=true,zone=sun.util.calendar.ZoneInfo[id="GMT",offset=0,dstSavings=0,useDaylight=false,transitions=0,lastRule=null],firstDayOfWeek=1,minimalDaysInFirstWeek=1,ERA=1,YEAR=2022,MONTH=11,WEEK_OF_YEAR=50,WEEK_OF_MONTH=2,DAY_OF_MONTH=10,DAY_OF_YEAR=344,DAY_OF_WEEK=7,DAY_OF_WEEK_IN_MONTH=2,AM_PM=1,HOUR=4,HOUR_OF_DAY=16,MINUTE=47,SECOND=17,MILLISECOND=864,ZONE_OFFSET=0,DST_OFFSET=0]
221210 104717.889|INFO|Thread-4785|info|Clock for site 1 started by ADMINISTRATOR1 @ site 1 elapsed 0:00:00
221210 104717.894|INFO|Thread-4785|info| receiveObject(S) end   got Packet[CLOCK_STARTED] #3170 SERVER0 @ site 1 -> SERVER0 @ site 0
221210 104718.644|INFO|Thread-5024|info| receiveObject(S) start got Packet[CLOCK_STARTED] #3171 SERVER0 @ site 1 -> SERVER0 @ site 0
221210 104718.644|INFO|Thread-5024|dumpPacket|Packet CLOCK_STARTED (Seq #3171, o#3171 ) recieveObject
221210 104718.644|INFO|Thread-5024|dumpPacket|  From: SERVER0 @ site 1, oSERVER0 @ site 1 (DESKTOP-D75BQTV @ 212.212.212.212) (Contest Id: Contest-4511288556462302159)
221210 104718.644|INFO|Thread-5024|dumpPacket|    To: SERVER0 @ site 0
221210 104718.644|INFO|Thread-5024|dumpPacket|   key: SITE_NUMBER is: java.lang.Integer 1
221210 104718.644|INFO|Thread-5024|dumpPacket|   key: CLIENT_ID is: edu.csus.ecs.pc2.core.model.ClientId ADMINISTRATOR1 @ site 1
221210 104718.644|INFO|Thread-5024|dumpPacket|   key: SERVER_CLOCK_OFFSET is: java.util.GregorianCalendar java.util.GregorianCalendar[time=1670690838621,areFieldsSet=true,areAllFieldsSet=false,lenient=true,zone=sun.util.calendar.ZoneInfo[id="GMT",offset=0,dstSavings=0,useDaylight=false,transitions=0,lastRule=null],firstDayOfWeek=1,minimalDaysInFirstWeek=1,ERA=1,YEAR=2022,MONTH=11,WEEK_OF_YEAR=50,WEEK_OF_MONTH=2,DAY_OF_MONTH=10,DAY_OF_YEAR=344,DAY_OF_WEEK=7,DAY_OF_WEEK_IN_MONTH=2,AM_PM=1,HOUR=4,HOUR_OF_DAY=16,MINUTE=47,SECOND=18,MILLISECOND=621,ZONE_OFFSET=0,DST_OFFSET=0]
221210 104718.644|INFO|Thread-5024|info|handlePacket start Packet[CLOCK_STARTED] #3171 SERVER0 @ site 1 -> SERVER0 @ site 0
221210 104718.644|INFO|Thread-5024|dumpPacket|Packet CLOCK_STARTED (Seq #3171, o#3171 ) handlePacket
221210 104718.644|INFO|Thread-5024|dumpPacket|  From: SERVER0 @ site 1, oSERVER0 @ site 1 (DESKTOP-D75BQTV @ 212.212.212.212) (Contest Id: Contest-4511288556462302159)
221210 104718.644|INFO|Thread-5024|dumpPacket|    To: SERVER0 @ site 0
221210 104718.644|INFO|Thread-5024|dumpPacket|   key: SITE_NUMBER is: java.lang.Integer 1
221210 104718.644|INFO|Thread-5024|dumpPacket|   key: CLIENT_ID is: edu.csus.ecs.pc2.core.model.ClientId ADMINISTRATOR1 @ site 1
221210 104718.644|INFO|Thread-5024|dumpPacket|   key: SERVER_CLOCK_OFFSET is: java.util.GregorianCalendar java.util.GregorianCalendar[time=1670690838621,areFieldsSet=true,areAllFieldsSet=false,lenient=true,zone=sun.util.calendar.ZoneInfo[id="GMT",offset=0,dstSavings=0,useDaylight=false,transitions=0,lastRule=null],firstDayOfWeek=1,minimalDaysInFirstWeek=1,ERA=1,YEAR=2022,MONTH=11,WEEK_OF_YEAR=50,WEEK_OF_MONTH=2,DAY_OF_MONTH=10,DAY_OF_YEAR=344,DAY_OF_WEEK=7,DAY_OF_WEEK_IN_MONTH=2,AM_PM=1,HOUR=4,HOUR_OF_DAY=16,MINUTE=47,SECOND=18,MILLISECOND=621,ZONE_OFFSET=0,DST_OFFSET=0]
221210 104718.645|INFO|Thread-5024|info|Clock for site 1 started by ADMINISTRATOR1 @ site 1 elapsed 0:00:00
221210 104718.652|INFO|Thread-5024|info| receiveObject(S) end   got Packet[CLOCK_STARTED] #3171 SERVER0 @ site 1 -> SERVER0 @ site 0
221210 104719.223|INFO|Thread-5279|info| receiveObject(S) start got Packet[CLOCK_STARTED] #3172 SERVER0 @ site 1 -> SERVER0 @ site 0
221210 104719.223|INFO|Thread-5279|dumpPacket|Packet CLOCK_STARTED (Seq #3172, o#3172 ) recieveObject
221210 104719.223|INFO|Thread-5279|dumpPacket|  From: SERVER0 @ site 1, oSERVER0 @ site 1 (DESKTOP-D75BQTV @ 212.212.212.212) (Contest Id: Contest-4511288556462302159)
221210 104719.223|INFO|Thread-5279|dumpPacket|    To: SERVER0 @ site 0
221210 104719.223|INFO|Thread-5279|dumpPacket|   key: SITE_NUMBER is: java.lang.Integer 1
221210 104719.223|INFO|Thread-5279|dumpPacket|   key: CLIENT_ID is: edu.csus.ecs.pc2.core.model.ClientId ADMINISTRATOR1 @ site 1
221210 104719.224|INFO|Thread-5279|dumpPacket|   key: SERVER_CLOCK_OFFSET is: java.util.GregorianCalendar java.util.GregorianCalendar[time=1670690839204,areFieldsSet=true,areAllFieldsSet=false,lenient=true,zone=sun.util.calendar.ZoneInfo[id="GMT",offset=0,dstSavings=0,useDaylight=false,transitions=0,lastRule=null],firstDayOfWeek=1,minimalDaysInFirstWeek=1,ERA=1,YEAR=2022,MONTH=11,WEEK_OF_YEAR=50,WEEK_OF_MONTH=2,DAY_OF_MONTH=10,DAY_OF_YEAR=344,DAY_OF_WEEK=7,DAY_OF_WEEK_IN_MONTH=2,AM_PM=1,HOUR=4,HOUR_OF_DAY=16,MINUTE=47,SECOND=19,MILLISECOND=204,ZONE_OFFSET=0,DST_OFFSET=0]
221210 104719.224|INFO|Thread-5279|info|handlePacket start Packet[CLOCK_STARTED] #3172 SERVER0 @ site 1 -> SERVER0 @ site 0
221210 104719.224|INFO|Thread-5279|dumpPacket|Packet CLOCK_STARTED (Seq #3172, o#3172 ) handlePacket
221210 104719.224|INFO|Thread-5279|dumpPacket|  From: SERVER0 @ site 1, oSERVER0 @ site 1 (DESKTOP-D75BQTV @ 212.212.212.212) (Contest Id: Contest-4511288556462302159)
221210 104719.224|INFO|Thread-5279|dumpPacket|    To: SERVER0 @ site 0
221210 104719.224|INFO|Thread-5279|dumpPacket|   key: SITE_NUMBER is: java.lang.Integer 1
221210 104719.224|INFO|Thread-5279|dumpPacket|   key: CLIENT_ID is: edu.csus.ecs.pc2.core.model.ClientId ADMINISTRATOR1 @ site 1
221210 104719.224|INFO|Thread-5279|dumpPacket|   key: SERVER_CLOCK_OFFSET is: java.util.GregorianCalendar java.util.GregorianCalendar[time=1670690839204,areFieldsSet=true,areAllFieldsSet=false,lenient=true,zone=sun.util.calendar.ZoneInfo[id="GMT",offset=0,dstSavings=0,useDaylight=false,transitions=0,lastRule=null],firstDayOfWeek=1,minimalDaysInFirstWeek=1,ERA=1,YEAR=2022,MONTH=11,WEEK_OF_YEAR=50,WEEK_OF_MONTH=2,DAY_OF_MONTH=10,DAY_OF_YEAR=344,DAY_OF_WEEK=7,DAY_OF_WEEK_IN_MONTH=2,AM_PM=1,HOUR=4,HOUR_OF_DAY=16,MINUTE=47,SECOND=19,MILLISECOND=204,ZONE_OFFSET=0,DST_OFFSET=0]
221210 104719.224|INFO|Thread-5279|info|Clock for site 1 started by ADMINISTRATOR1 @ site 1 elapsed 0:00:01
221210 104719.241|INFO|Thread-5279|info| receiveObject(S) end   got Packet[CLOCK_STARTED] #3172 SERVER0 @ site 1 -> SERVER0 @ site 0
221210 110211.118|INFO|Thread-18329|info| receiveObject(S) start got Packet[RUN_SUBMISSION_CONFIRM] #3484 SERVER0 @ site 1 -> TEAM35 @ site 1
221210 110211.119|INFO|Thread-18329|dumpPacket|Packet RUN_SUBMISSION_CONFIRM (Seq #3484, o#3484 ) recieveObject
221210 110211.119|INFO|Thread-18329|dumpPacket|  From: SERVER0 @ site 1, oSERVER0 @ site 1 (DESKTOP-D75BQTV @ 212.212.212.212) (Contest Id: Contest-4511288556462302159)
221210 110211.119|INFO|Thread-18329|dumpPacket|    To: TEAM35 @ site 1
221210 110211.119|INFO|Thread-18329|dumpPacket|   key: RUN is: edu.csus.ecs.pc2.core.model.Run Run 44 NEW 14 min 893240ms from TEAM35 @ site 1 id Run-6529497485434487465 problem kat-6555164518704360822 lang Java-8995311559554510087
221210 110211.119|INFO|Thread-18329|info|handlePacket start Packet[RUN_SUBMISSION_CONFIRM] #3484 SERVER0 @ site 1 -> TEAM35 @ site 1
221210 110211.119|INFO|Thread-18329|dumpPacket|Packet RUN_SUBMISSION_CONFIRM (Seq #3484, o#3484 ) handlePacket
221210 110211.119|INFO|Thread-18329|dumpPacket|  From: SERVER0 @ site 1, oSERVER0 @ site 1 (DESKTOP-D75BQTV @ 212.212.212.212) (Contest Id: Contest-4511288556462302159)
221210 110211.119|INFO|Thread-18329|dumpPacket|    To: TEAM35 @ site 1
221210 110211.119|INFO|Thread-18329|dumpPacket|   key: RUN is: edu.csus.ecs.pc2.core.model.Run Run 44 NEW 14 min 893240ms from TEAM35 @ site 1 id Run-6529497485434487465 problem kat-6555164518704360822 lang Java-8995311559554510087
221210 110211.119|INFO|Thread-18329|info| receiveObject(S) end   got Packet[RUN_SUBMISSION_CONFIRM] #3484 SERVER0 @ site 1 -> TEAM35 @ site 1
221210 110344.162|INFO|Thread-19923|info| receiveObject(S) start got Packet[RUN_JUDGEMENT] #3531 SERVER0 @ site 1 -> TEAM35 @ site 1
221210 110344.162|INFO|Thread-19923|dumpPacket|Packet RUN_JUDGEMENT (Seq #3531, o#3531 ) recieveObject
221210 110344.162|INFO|Thread-19923|dumpPacket|  From: SERVER0 @ site 1, oSERVER0 @ site 1 (DESKTOP-D75BQTV @ 212.212.212.212) (Contest Id: Contest-4511288556462302159)
221210 110344.162|INFO|Thread-19923|dumpPacket|    To: TEAM35 @ site 1
221210 110344.162|INFO|Thread-19923|dumpPacket|   key: JUDGEMENT_RECORD is: edu.csus.ecs.pc2.core.model.JudgementRecord No by JUDGE1 @ site 1 judgement No_-_Wrong_Answer-6447267484138471978 id JudgementRecord--268246387668528566
221210 110344.162|INFO|Thread-19923|dumpPacket|   key: RUN is: edu.csus.ecs.pc2.core.model.Run Run 44 JUDGED 14 min 893240ms from TEAM35 @ site 1 id Run-6529497485434487465 problem kat-6555164518704360822 lang Java-8995311559554510087
221210 110344.162|INFO|Thread-19923|dumpPacket|   key: CLIENT_ID is: edu.csus.ecs.pc2.core.model.ClientId SERVER0 @ site 1
221210 110344.162|INFO|Thread-19923|info|handlePacket start Packet[RUN_JUDGEMENT] #3531 SERVER0 @ site 1 -> TEAM35 @ site 1
221210 110344.162|INFO|Thread-19923|dumpPacket|Packet RUN_JUDGEMENT (Seq #3531, o#3531 ) handlePacket
221210 110344.162|INFO|Thread-19923|dumpPacket|  From: SERVER0 @ site 1, oSERVER0 @ site 1 (DESKTOP-D75BQTV @ 212.212.212.212) (Contest Id: Contest-4511288556462302159)
221210 110344.162|INFO|Thread-19923|dumpPacket|    To: TEAM35 @ site 1
221210 110344.162|INFO|Thread-19923|dumpPacket|   key: JUDGEMENT_RECORD is: edu.csus.ecs.pc2.core.model.JudgementRecord No by JUDGE1 @ site 1 judgement No_-_Wrong_Answer-6447267484138471978 id JudgementRecord--268246387668528566
221210 110344.162|INFO|Thread-19923|dumpPacket|   key: RUN is: edu.csus.ecs.pc2.core.model.Run Run 44 JUDGED 14 min 893240ms from TEAM35 @ site 1 id Run-6529497485434487465 problem kat-6555164518704360822 lang Java-8995311559554510087
221210 110344.162|INFO|Thread-19923|dumpPacket|   key: CLIENT_ID is: edu.csus.ecs.pc2.core.model.ClientId SERVER0 @ site 1
221210 110344.163|INFO|Thread-19923|info| receiveObject(S) end   got Packet[RUN_JUDGEMENT] #3531 SERVER0 @ site 1 -> TEAM35 @ site 1
221210 112745.407|INFO|Thread-64825|info| receiveObject(S) start got Packet[RUN_SUBMISSION_CONFIRM] #4453 SERVER0 @ site 1 -> TEAM35 @ site 1
221210 112745.407|INFO|Thread-64825|dumpPacket|Packet RUN_SUBMISSION_CONFIRM (Seq #4453, o#4453 ) recieveObject
221210 112745.407|INFO|Thread-64825|dumpPacket|  From: SERVER0 @ site 1, oSERVER0 @ site 1 (DESKTOP-D75BQTV @ 212.212.212.212) (Contest Id: Contest-4511288556462302159)
221210 112745.407|INFO|Thread-64825|dumpPacket|    To: TEAM35 @ site 1
221210 112745.407|INFO|Thread-64825|dumpPacket|   key: RUN is: edu.csus.ecs.pc2.core.model.Run Run 179 NEW 40 min 2427519ms from TEAM35 @ site 1 id Run--5794830388516289255 problem chikhen--7199110387462942549 lang Java-8995311559554510087
221210 112745.407|INFO|Thread-64825|info|handlePacket start Packet[RUN_SUBMISSION_CONFIRM] #4453 SERVER0 @ site 1 -> TEAM35 @ site 1
221210 112745.407|INFO|Thread-64825|dumpPacket|Packet RUN_SUBMISSION_CONFIRM (Seq #4453, o#4453 ) handlePacket
221210 112745.407|INFO|Thread-64825|dumpPacket|  From: SERVER0 @ site 1, oSERVER0 @ site 1 (DESKTOP-D75BQTV @ 212.212.212.212) (Contest Id: Contest-4511288556462302159)
221210 112745.407|INFO|Thread-64825|dumpPacket|    To: TEAM35 @ site 1
221210 112745.407|INFO|Thread-64825|dumpPacket|   key: RUN is: edu.csus.ecs.pc2.core.model.Run Run 179 NEW 40 min 2427519ms from TEAM35 @ site 1 id Run--5794830388516289255 problem chikhen--7199110387462942549 lang Java-8995311559554510087
221210 112745.407|INFO|Thread-64825|info| receiveObject(S) end   got Packet[RUN_SUBMISSION_CONFIRM] #4453 SERVER0 @ site 1 -> TEAM35 @ site 1
221210 112752.687|INFO|Thread-65002|info| receiveObject(S) start got Packet[RUN_JUDGEMENT] #4457 SERVER0 @ site 1 -> TEAM35 @ site 1
221210 112752.688|INFO|Thread-65002|dumpPacket|Packet RUN_JUDGEMENT (Seq #4457, o#4457 ) recieveObject
221210 112752.688|INFO|Thread-65002|dumpPacket|  From: SERVER0 @ site 1, oSERVER0 @ site 1 (DESKTOP-D75BQTV @ 212.212.212.212) (Contest Id: Contest-4511288556462302159)
221210 112752.688|INFO|Thread-65002|dumpPacket|    To: TEAM35 @ site 1
221210 112752.688|INFO|Thread-65002|dumpPacket|   key: JUDGEMENT_RECORD is: edu.csus.ecs.pc2.core.model.JudgementRecord Yes by JUDGE1 @ site 1 judgement Yes-448420548528869030 id JudgementRecord-6619609109725908931
221210 112752.688|INFO|Thread-65002|dumpPacket|   key: RUN is: edu.csus.ecs.pc2.core.model.Run Run 179 JUDGED 40 min 2427519ms from TEAM35 @ site 1 id Run--5794830388516289255 problem chikhen--7199110387462942549 lang Java-8995311559554510087
221210 112752.688|INFO|Thread-65002|dumpPacket|   key: CLIENT_ID is: edu.csus.ecs.pc2.core.model.ClientId SERVER0 @ site 1
221210 112752.688|INFO|Thread-65002|info|handlePacket start Packet[RUN_JUDGEMENT] #4457 SERVER0 @ site 1 -> TEAM35 @ site 1
221210 112752.688|INFO|Thread-65002|dumpPacket|Packet RUN_JUDGEMENT (Seq #4457, o#4457 ) handlePacket
221210 112752.688|INFO|Thread-65002|dumpPacket|  From: SERVER0 @ site 1, oSERVER0 @ site 1 (DESKTOP-D75BQTV @ 212.212.212.212) (Contest Id: Contest-4511288556462302159)
221210 112752.688|INFO|Thread-65002|dumpPacket|    To: TEAM35 @ site 1
221210 112752.688|INFO|Thread-65002|dumpPacket|   key: JUDGEMENT_RECORD is: edu.csus.ecs.pc2.core.model.JudgementRecord Yes by JUDGE1 @ site 1 judgement Yes-448420548528869030 id JudgementRecord-6619609109725908931
221210 112752.688|INFO|Thread-65002|dumpPacket|   key: RUN is: edu.csus.ecs.pc2.core.model.Run Run 179 JUDGED 40 min 2427519ms from TEAM35 @ site 1 id Run--5794830388516289255 problem chikhen--7199110387462942549 lang Java-8995311559554510087
221210 112752.688|INFO|Thread-65002|dumpPacket|   key: CLIENT_ID is: edu.csus.ecs.pc2.core.model.ClientId SERVER0 @ site 1
221210 112752.688|INFO|Thread-65002|info| receiveObject(S) end   got Packet[RUN_JUDGEMENT] #4457 SERVER0 @ site 1 -> TEAM35 @ site 1
221210 115647.081|INFO|Thread-129171|info| receiveObject(S) start got Packet[RUN_SUBMISSION_CONFIRM] #5616 SERVER0 @ site 1 -> TEAM35 @ site 1
221210 115647.081|INFO|Thread-129171|dumpPacket|Packet RUN_SUBMISSION_CONFIRM (Seq #5616, o#5616 ) recieveObject
221210 115647.081|INFO|Thread-129171|dumpPacket|  From: SERVER0 @ site 1, oSERVER0 @ site 1 (DESKTOP-D75BQTV @ 212.212.212.212) (Contest Id: Contest-4511288556462302159)
221210 115647.081|INFO|Thread-129171|dumpPacket|    To: TEAM35 @ site 1
221210 115647.081|INFO|Thread-129171|dumpPacket|   key: RUN is: edu.csus.ecs.pc2.core.model.Run Run 356 NEW 69 min 4169173ms from TEAM35 @ site 1 id Run-8416936578617709071 problem kat-6555164518704360822 lang Java-8995311559554510087
221210 115647.081|INFO|Thread-129171|info|handlePacket start Packet[RUN_SUBMISSION_CONFIRM] #5616 SERVER0 @ site 1 -> TEAM35 @ site 1
221210 115647.081|INFO|Thread-129171|dumpPacket|Packet RUN_SUBMISSION_CONFIRM (Seq #5616, o#5616 ) handlePacket
221210 115647.081|INFO|Thread-129171|dumpPacket|  From: SERVER0 @ site 1, oSERVER0 @ site 1 (DESKTOP-D75BQTV @ 212.212.212.212) (Contest Id: Contest-4511288556462302159)
221210 115647.081|INFO|Thread-129171|dumpPacket|    To: TEAM35 @ site 1
221210 115647.081|INFO|Thread-129171|dumpPacket|   key: RUN is: edu.csus.ecs.pc2.core.model.Run Run 356 NEW 69 min 4169173ms from TEAM35 @ site 1 id Run-8416936578617709071 problem kat-6555164518704360822 lang Java-8995311559554510087
221210 115647.081|INFO|Thread-129171|info| receiveObject(S) end   got Packet[RUN_SUBMISSION_CONFIRM] #5616 SERVER0 @ site 1 -> TEAM35 @ site 1
221210 115713.940|INFO|Thread-130674|info| receiveObject(S) start got Packet[RUN_JUDGEMENT] #5642 SERVER0 @ site 1 -> TEAM35 @ site 1
221210 115713.940|INFO|Thread-130674|dumpPacket|Packet RUN_JUDGEMENT (Seq #5642, o#5642 ) recieveObject
221210 115713.940|INFO|Thread-130674|dumpPacket|  From: SERVER0 @ site 1, oSERVER0 @ site 1 (DESKTOP-D75BQTV @ 212.212.212.212) (Contest Id: Contest-4511288556462302159)
221210 115713.940|INFO|Thread-130674|dumpPacket|    To: TEAM35 @ site 1
221210 115713.940|INFO|Thread-130674|dumpPacket|   key: JUDGEMENT_RECORD is: edu.csus.ecs.pc2.core.model.JudgementRecord Yes by JUDGE1 @ site 1 judgement Yes-448420548528869030 id JudgementRecord--4977186403833463657
221210 115713.940|INFO|Thread-130674|dumpPacket|   key: RUN is: edu.csus.ecs.pc2.core.model.Run Run 356 JUDGED 69 min 4169173ms from TEAM35 @ site 1 id Run-8416936578617709071 problem kat-6555164518704360822 lang Java-8995311559554510087
221210 115713.940|INFO|Thread-130674|dumpPacket|   key: CLIENT_ID is: edu.csus.ecs.pc2.core.model.ClientId SERVER0 @ site 1
221210 115713.940|INFO|Thread-130674|info|handlePacket start Packet[RUN_JUDGEMENT] #5642 SERVER0 @ site 1 -> TEAM35 @ site 1
221210 115713.940|INFO|Thread-130674|dumpPacket|Packet RUN_JUDGEMENT (Seq #5642, o#5642 ) handlePacket
221210 115713.940|INFO|Thread-130674|dumpPacket|  From: SERVER0 @ site 1, oSERVER0 @ site 1 (DESKTOP-D75BQTV @ 212.212.212.212) (Contest Id: Contest-4511288556462302159)
221210 115713.940|INFO|Thread-130674|dumpPacket|    To: TEAM35 @ site 1
221210 115713.940|INFO|Thread-130674|dumpPacket|   key: JUDGEMENT_RECORD is: edu.csus.ecs.pc2.core.model.JudgementRecord Yes by JUDGE1 @ site 1 judgement Yes-448420548528869030 id JudgementRecord--4977186403833463657
221210 115713.940|INFO|Thread-130674|dumpPacket|   key: RUN is: edu.csus.ecs.pc2.core.model.Run Run 356 JUDGED 69 min 4169173ms from TEAM35 @ site 1 id Run-8416936578617709071 problem kat-6555164518704360822 lang Java-8995311559554510087
221210 115713.940|INFO|Thread-130674|dumpPacket|   key: CLIENT_ID is: edu.csus.ecs.pc2.core.model.ClientId SERVER0 @ site 1
221210 115713.940|INFO|Thread-130674|info| receiveObject(S) end   got Packet[RUN_JUDGEMENT] #5642 SERVER0 @ site 1 -> TEAM35 @ site 1
221210 120724.613|INFO|Thread-150072|info| receiveObject(S) start got Packet[CLARIFICATION_ANSWER_UPDATE] #5991 SERVER0 @ site 1 -> SERVER0 @ site 0
221210 120724.613|INFO|Thread-150072|dumpPacket|Packet CLARIFICATION_ANSWER_UPDATE (Seq #5991, o#5991 ) recieveObject
221210 120724.613|INFO|Thread-150072|dumpPacket|  From: SERVER0 @ site 1, oSERVER0 @ site 1 (DESKTOP-D75BQTV @ 212.212.212.212) (Contest Id: Contest-4511288556462302159)
221210 120724.613|INFO|Thread-150072|dumpPacket|    To: SERVER0 @ site 0
221210 120724.613|INFO|Thread-150072|dumpPacket|   key: CLARIFICATION is: edu.csus.ecs.pc2.core.model.Clarification Clarification 6 ANSWERED from JUDGE1 @ site 1 at 35 id=Clarification-692195316381636229
221210 120724.613|INFO|Thread-150072|dumpPacket|   key: CLARIFICATION_ANSWER is: java.lang.String No response, read problem statement
221210 120724.613|INFO|Thread-150072|dumpPacket|   key: CLIENT_ID is: edu.csus.ecs.pc2.core.model.ClientId JUDGE9 @ site 1
221210 120724.613|INFO|Thread-150072|info|handlePacket start Packet[CLARIFICATION_ANSWER_UPDATE] #5991 SERVER0 @ site 1 -> SERVER0 @ site 0
221210 120724.613|INFO|Thread-150072|dumpPacket|Packet CLARIFICATION_ANSWER_UPDATE (Seq #5991, o#5991 ) handlePacket
221210 120724.613|INFO|Thread-150072|dumpPacket|  From: SERVER0 @ site 1, oSERVER0 @ site 1 (DESKTOP-D75BQTV @ 212.212.212.212) (Contest Id: Contest-4511288556462302159)
221210 120724.613|INFO|Thread-150072|dumpPacket|    To: SERVER0 @ site 0
221210 120724.613|INFO|Thread-150072|dumpPacket|   key: CLARIFICATION is: edu.csus.ecs.pc2.core.model.Clarification Clarification 6 ANSWERED from JUDGE1 @ site 1 at 35 id=Clarification-692195316381636229
221210 120724.613|INFO|Thread-150072|dumpPacket|   key: CLARIFICATION_ANSWER is: java.lang.String No response, read problem statement
221210 120724.613|INFO|Thread-150072|dumpPacket|   key: CLIENT_ID is: edu.csus.ecs.pc2.core.model.ClientId JUDGE9 @ site 1
221210 120724.620|INFO|Thread-150072|info| receiveObject(S) end   got Packet[CLARIFICATION_ANSWER_UPDATE] #5991 SERVER0 @ site 1 -> SERVER0 @ site 0
221210 120951.672|INFO|Thread-154713|info| receiveObject(S) start got Packet[RUN_SUBMISSION_CONFIRM] #6074 SERVER0 @ site 1 -> TEAM35 @ site 1
221210 120951.672|INFO|Thread-154713|dumpPacket|Packet RUN_SUBMISSION_CONFIRM (Seq #6074, o#6074 ) recieveObject
221210 120951.672|INFO|Thread-154713|dumpPacket|  From: SERVER0 @ site 1, oSERVER0 @ site 1 (DESKTOP-D75BQTV @ 212.212.212.212) (Contest Id: Contest-4511288556462302159)
221210 120951.672|INFO|Thread-154713|dumpPacket|    To: TEAM35 @ site 1
221210 120951.672|INFO|Thread-154713|dumpPacket|   key: RUN is: edu.csus.ecs.pc2.core.model.Run Run 421 NEW 82 min 4953761ms from TEAM35 @ site 1 id Run-8388664175736093760 problem hashbroun--674302307081013706 lang Java-8995311559554510087
221210 120951.672|INFO|Thread-154713|info|handlePacket start Packet[RUN_SUBMISSION_CONFIRM] #6074 SERVER0 @ site 1 -> TEAM35 @ site 1
221210 120951.672|INFO|Thread-154713|dumpPacket|Packet RUN_SUBMISSION_CONFIRM (Seq #6074, o#6074 ) handlePacket
221210 120951.672|INFO|Thread-154713|dumpPacket|  From: SERVER0 @ site 1, oSERVER0 @ site 1 (DESKTOP-D75BQTV @ 212.212.212.212) (Contest Id: Contest-4511288556462302159)
221210 120951.672|INFO|Thread-154713|dumpPacket|    To: TEAM35 @ site 1
221210 120951.672|INFO|Thread-154713|dumpPacket|   key: RUN is: edu.csus.ecs.pc2.core.model.Run Run 421 NEW 82 min 4953761ms from TEAM35 @ site 1 id Run-8388664175736093760 problem hashbroun--674302307081013706 lang Java-8995311559554510087
221210 120951.672|INFO|Thread-154713|info| receiveObject(S) end   got Packet[RUN_SUBMISSION_CONFIRM] #6074 SERVER0 @ site 1 -> TEAM35 @ site 1
221210 121000.981|INFO|Thread-155097|info| receiveObject(S) start got Packet[RUN_JUDGEMENT] #6080 SERVER0 @ site 1 -> TEAM35 @ site 1
221210 121000.981|INFO|Thread-155097|dumpPacket|Packet RUN_JUDGEMENT (Seq #6080, o#6080 ) recieveObject
221210 121000.982|INFO|Thread-155097|dumpPacket|  From: SERVER0 @ site 1, oSERVER0 @ site 1 (DESKTOP-D75BQTV @ 212.212.212.212) (Contest Id: Contest-4511288556462302159)
221210 121000.982|INFO|Thread-155097|dumpPacket|    To: TEAM35 @ site 1
221210 121000.982|INFO|Thread-155097|dumpPacket|   key: JUDGEMENT_RECORD is: edu.csus.ecs.pc2.core.model.JudgementRecord Yes by JUDGE3 @ site 1 judgement Yes-448420548528869030 id JudgementRecord--4160372331393675766
221210 121000.982|INFO|Thread-155097|dumpPacket|   key: RUN is: edu.csus.ecs.pc2.core.model.Run Run 421 JUDGED 82 min 4953761ms from TEAM35 @ site 1 id Run-8388664175736093760 problem hashbroun--674302307081013706 lang Java-8995311559554510087
221210 121000.982|INFO|Thread-155097|dumpPacket|   key: CLIENT_ID is: edu.csus.ecs.pc2.core.model.ClientId SERVER0 @ site 1
221210 121000.982|INFO|Thread-155097|info|handlePacket start Packet[RUN_JUDGEMENT] #6080 SERVER0 @ site 1 -> TEAM35 @ site 1
221210 121000.982|INFO|Thread-155097|dumpPacket|Packet RUN_JUDGEMENT (Seq #6080, o#6080 ) handlePacket
221210 121000.982|INFO|Thread-155097|dumpPacket|  From: SERVER0 @ site 1, oSERVER0 @ site 1 (DESKTOP-D75BQTV @ 212.212.212.212) (Contest Id: Contest-4511288556462302159)
221210 121000.982|INFO|Thread-155097|dumpPacket|    To: TEAM35 @ site 1
221210 121000.982|INFO|Thread-155097|dumpPacket|   key: JUDGEMENT_RECORD is: edu.csus.ecs.pc2.core.model.JudgementRecord Yes by JUDGE3 @ site 1 judgement Yes-448420548528869030 id JudgementRecord--4160372331393675766
221210 121000.982|INFO|Thread-155097|dumpPacket|   key: RUN is: edu.csus.ecs.pc2.core.model.Run Run 421 JUDGED 82 min 4953761ms from TEAM35 @ site 1 id Run-8388664175736093760 problem hashbroun--674302307081013706 lang Java-8995311559554510087
221210 121000.982|INFO|Thread-155097|dumpPacket|   key: CLIENT_ID is: edu.csus.ecs.pc2.core.model.ClientId SERVER0 @ site 1
221210 121000.982|INFO|Thread-155097|info| receiveObject(S) end   got Packet[RUN_JUDGEMENT] #6080 SERVER0 @ site 1 -> TEAM35 @ site 1
221210 122449.660|INFO|Thread-183706|info| receiveObject(S) start got Packet[RUN_SUBMISSION_CONFIRM] #6593 SERVER0 @ site 1 -> TEAM35 @ site 1
221210 122449.660|INFO|Thread-183706|dumpPacket|Packet RUN_SUBMISSION_CONFIRM (Seq #6593, o#6593 ) recieveObject
221210 122449.660|INFO|Thread-183706|dumpPacket|  From: SERVER0 @ site 1, oSERVER0 @ site 1 (DESKTOP-D75BQTV @ 212.212.212.212) (Contest Id: Contest-4511288556462302159)
221210 122449.660|INFO|Thread-183706|dumpPacket|    To: TEAM35 @ site 1
221210 122449.660|INFO|Thread-183706|dumpPacket|   key: RUN is: edu.csus.ecs.pc2.core.model.Run Run 496 NEW 97 min 5851744ms from TEAM35 @ site 1 id Run-3792723725382058678 problem sillybilly-5332239293027507371 lang Java-8995311559554510087
221210 122449.660|INFO|Thread-183706|info|handlePacket start Packet[RUN_SUBMISSION_CONFIRM] #6593 SERVER0 @ site 1 -> TEAM35 @ site 1
221210 122449.660|INFO|Thread-183706|dumpPacket|Packet RUN_SUBMISSION_CONFIRM (Seq #6593, o#6593 ) handlePacket
221210 122449.660|INFO|Thread-183706|dumpPacket|  From: SERVER0 @ site 1, oSERVER0 @ site 1 (DESKTOP-D75BQTV @ 212.212.212.212) (Contest Id: Contest-4511288556462302159)
221210 122449.660|INFO|Thread-183706|dumpPacket|    To: TEAM35 @ site 1
221210 122449.660|INFO|Thread-183706|dumpPacket|   key: RUN is: edu.csus.ecs.pc2.core.model.Run Run 496 NEW 97 min 5851744ms from TEAM35 @ site 1 id Run-3792723725382058678 problem sillybilly-5332239293027507371 lang Java-8995311559554510087
221210 122449.660|INFO|Thread-183706|info| receiveObject(S) end   got Packet[RUN_SUBMISSION_CONFIRM] #6593 SERVER0 @ site 1 -> TEAM35 @ site 1
221210 122502.110|INFO|Thread-184294|info| receiveObject(S) start got Packet[RUN_JUDGEMENT] #6601 SERVER0 @ site 1 -> TEAM35 @ site 1
221210 122502.110|INFO|Thread-184294|dumpPacket|Packet RUN_JUDGEMENT (Seq #6601, o#6601 ) recieveObject
221210 122502.110|INFO|Thread-184294|dumpPacket|  From: SERVER0 @ site 1, oSERVER0 @ site 1 (DESKTOP-D75BQTV @ 212.212.212.212) (Contest Id: Contest-4511288556462302159)
221210 122502.110|INFO|Thread-184294|dumpPacket|    To: TEAM35 @ site 1
221210 122502.111|INFO|Thread-184294|dumpPacket|   key: JUDGEMENT_RECORD is: edu.csus.ecs.pc2.core.model.JudgementRecord No by JUDGE1 @ site 1 judgement No_-_Wrong_Answer-6447267484138471978 id JudgementRecord-6721632770580043941
221210 122502.111|INFO|Thread-184294|dumpPacket|   key: RUN is: edu.csus.ecs.pc2.core.model.Run Run 496 JUDGED 97 min 5851744ms from TEAM35 @ site 1 id Run-3792723725382058678 problem sillybilly-5332239293027507371 lang Java-8995311559554510087
221210 122502.111|INFO|Thread-184294|dumpPacket|   key: CLIENT_ID is: edu.csus.ecs.pc2.core.model.ClientId SERVER0 @ site 1
221210 122502.111|INFO|Thread-184294|info|handlePacket start Packet[RUN_JUDGEMENT] #6601 SERVER0 @ site 1 -> TEAM35 @ site 1
221210 122502.111|INFO|Thread-184294|dumpPacket|Packet RUN_JUDGEMENT (Seq #6601, o#6601 ) handlePacket
221210 122502.111|INFO|Thread-184294|dumpPacket|  From: SERVER0 @ site 1, oSERVER0 @ site 1 (DESKTOP-D75BQTV @ 212.212.212.212) (Contest Id: Contest-4511288556462302159)
221210 122502.111|INFO|Thread-184294|dumpPacket|    To: TEAM35 @ site 1
221210 122502.111|INFO|Thread-184294|dumpPacket|   key: JUDGEMENT_RECORD is: edu.csus.ecs.pc2.core.model.JudgementRecord No by JUDGE1 @ site 1 judgement No_-_Wrong_Answer-6447267484138471978 id JudgementRecord-6721632770580043941
221210 122502.111|INFO|Thread-184294|dumpPacket|   key: RUN is: edu.csus.ecs.pc2.core.model.Run Run 496 JUDGED 97 min 5851744ms from TEAM35 @ site 1 id Run-3792723725382058678 problem sillybilly-5332239293027507371 lang Java-8995311559554510087
221210 122502.111|INFO|Thread-184294|dumpPacket|   key: CLIENT_ID is: edu.csus.ecs.pc2.core.model.ClientId SERVER0 @ site 1
221210 122502.111|INFO|Thread-184294|info| receiveObject(S) end   got Packet[RUN_JUDGEMENT] #6601 SERVER0 @ site 1 -> TEAM35 @ site 1
221210 123221.568|INFO|Thread-199573|info| receiveObject(S) start got Packet[RUN_SUBMISSION_CONFIRM] #6846 SERVER0 @ site 1 -> TEAM35 @ site 1
221210 123221.568|INFO|Thread-199573|dumpPacket|Packet RUN_SUBMISSION_CONFIRM (Seq #6846, o#6846 ) recieveObject
221210 123221.568|INFO|Thread-199573|dumpPacket|  From: SERVER0 @ site 1, oSERVER0 @ site 1 (DESKTOP-D75BQTV @ 212.212.212.212) (Contest Id: Contest-4511288556462302159)
221210 123221.568|INFO|Thread-199573|dumpPacket|    To: TEAM35 @ site 1
221210 123221.568|INFO|Thread-199573|dumpPacket|   key: RUN is: edu.csus.ecs.pc2.core.model.Run Run 536 NEW 105 min 6303646ms from TEAM35 @ site 1 id Run--1781313403889274737 problem sillybilly-5332239293027507371 lang Java-8995311559554510087
221210 123221.568|INFO|Thread-199573|info|handlePacket start Packet[RUN_SUBMISSION_CONFIRM] #6846 SERVER0 @ site 1 -> TEAM35 @ site 1
221210 123221.568|INFO|Thread-199573|dumpPacket|Packet RUN_SUBMISSION_CONFIRM (Seq #6846, o#6846 ) handlePacket
221210 123221.568|INFO|Thread-199573|dumpPacket|  From: SERVER0 @ site 1, oSERVER0 @ site 1 (DESKTOP-D75BQTV @ 212.212.212.212) (Contest Id: Contest-4511288556462302159)
221210 123221.568|INFO|Thread-199573|dumpPacket|    To: TEAM35 @ site 1
221210 123221.568|INFO|Thread-199573|dumpPacket|   key: RUN is: edu.csus.ecs.pc2.core.model.Run Run 536 NEW 105 min 6303646ms from TEAM35 @ site 1 id Run--1781313403889274737 problem sillybilly-5332239293027507371 lang Java-8995311559554510087
221210 123221.569|INFO|Thread-199573|info| receiveObject(S) end   got Packet[RUN_SUBMISSION_CONFIRM] #6846 SERVER0 @ site 1 -> TEAM35 @ site 1
221210 123229.452|INFO|Thread-200366|info| receiveObject(S) start got Packet[RUN_JUDGEMENT] #6856 SERVER0 @ site 1 -> TEAM35 @ site 1
221210 123229.452|INFO|Thread-200366|dumpPacket|Packet RUN_JUDGEMENT (Seq #6856, o#6856 ) recieveObject
221210 123229.452|INFO|Thread-200366|dumpPacket|  From: SERVER0 @ site 1, oSERVER0 @ site 1 (DESKTOP-D75BQTV @ 212.212.212.212) (Contest Id: Contest-4511288556462302159)
221210 123229.452|INFO|Thread-200366|dumpPacket|    To: TEAM35 @ site 1
221210 123229.452|INFO|Thread-200366|dumpPacket|   key: JUDGEMENT_RECORD is: edu.csus.ecs.pc2.core.model.JudgementRecord Yes by JUDGE3 @ site 1 judgement Yes-448420548528869030 id JudgementRecord-8563258156498225367
221210 123229.452|INFO|Thread-200366|dumpPacket|   key: RUN is: edu.csus.ecs.pc2.core.model.Run Run 536 JUDGED 105 min 6303646ms from TEAM35 @ site 1 id Run--1781313403889274737 problem sillybilly-5332239293027507371 lang Java-8995311559554510087
221210 123229.452|INFO|Thread-200366|dumpPacket|   key: CLIENT_ID is: edu.csus.ecs.pc2.core.model.ClientId SERVER0 @ site 1
221210 123229.452|INFO|Thread-200366|info|handlePacket start Packet[RUN_JUDGEMENT] #6856 SERVER0 @ site 1 -> TEAM35 @ site 1
221210 123229.452|INFO|Thread-200366|dumpPacket|Packet RUN_JUDGEMENT (Seq #6856, o#6856 ) handlePacket
221210 123229.452|INFO|Thread-200366|dumpPacket|  From: SERVER0 @ site 1, oSERVER0 @ site 1 (DESKTOP-D75BQTV @ 212.212.212.212) (Contest Id: Contest-4511288556462302159)
221210 123229.452|INFO|Thread-200366|dumpPacket|    To: TEAM35 @ site 1
221210 123229.452|INFO|Thread-200366|dumpPacket|   key: JUDGEMENT_RECORD is: edu.csus.ecs.pc2.core.model.JudgementRecord Yes by JUDGE3 @ site 1 judgement Yes-448420548528869030 id JudgementRecord-8563258156498225367
221210 123229.452|INFO|Thread-200366|dumpPacket|   key: RUN is: edu.csus.ecs.pc2.core.model.Run Run 536 JUDGED 105 min 6303646ms from TEAM35 @ site 1 id Run--1781313403889274737 problem sillybilly-5332239293027507371 lang Java-8995311559554510087
221210 123229.452|INFO|Thread-200366|dumpPacket|   key: CLIENT_ID is: edu.csus.ecs.pc2.core.model.ClientId SERVER0 @ site 1
221210 123229.452|INFO|Thread-200366|info| receiveObject(S) end   got Packet[RUN_JUDGEMENT] #6856 SERVER0 @ site 1 -> TEAM35 @ site 1
221210 124414.635|INFO|Thread-229646|info| receiveObject(S) start got Packet[RUN_SUBMISSION_CONFIRM] #7341 SERVER0 @ site 1 -> TEAM35 @ site 1
221210 124414.635|INFO|Thread-229646|dumpPacket|Packet RUN_SUBMISSION_CONFIRM (Seq #7341, o#7341 ) recieveObject
221210 124414.635|INFO|Thread-229646|dumpPacket|  From: SERVER0 @ site 1, oSERVER0 @ site 1 (DESKTOP-D75BQTV @ 212.212.212.212) (Contest Id: Contest-4511288556462302159)
221210 124414.635|INFO|Thread-229646|dumpPacket|    To: TEAM35 @ site 1
221210 124414.635|INFO|Thread-229646|dumpPacket|   key: RUN is: edu.csus.ecs.pc2.core.model.Run Run 611 NEW 116 min 7016710ms from TEAM35 @ site 1 id Run--7907014230398797820 problem lion-8764969733410472147 lang Java-8995311559554510087
221210 124414.635|INFO|Thread-229646|info|handlePacket start Packet[RUN_SUBMISSION_CONFIRM] #7341 SERVER0 @ site 1 -> TEAM35 @ site 1
221210 124414.635|INFO|Thread-229646|dumpPacket|Packet RUN_SUBMISSION_CONFIRM (Seq #7341, o#7341 ) handlePacket
221210 124414.635|INFO|Thread-229646|dumpPacket|  From: SERVER0 @ site 1, oSERVER0 @ site 1 (DESKTOP-D75BQTV @ 212.212.212.212) (Contest Id: Contest-4511288556462302159)
221210 124414.635|INFO|Thread-229646|dumpPacket|    To: TEAM35 @ site 1
221210 124414.635|INFO|Thread-229646|dumpPacket|   key: RUN is: edu.csus.ecs.pc2.core.model.Run Run 611 NEW 116 min 7016710ms from TEAM35 @ site 1 id Run--7907014230398797820 problem lion-8764969733410472147 lang Java-8995311559554510087
221210 124414.635|INFO|Thread-229646|info| receiveObject(S) end   got Packet[RUN_SUBMISSION_CONFIRM] #7341 SERVER0 @ site 1 -> TEAM35 @ site 1
221210 124434.907|INFO|Thread-231289|info| receiveObject(S) start got Packet[RUN_JUDGEMENT] #7370 SERVER0 @ site 1 -> TEAM35 @ site 1
221210 124434.907|INFO|Thread-231289|dumpPacket|Packet RUN_JUDGEMENT (Seq #7370, o#7370 ) recieveObject
221210 124434.907|INFO|Thread-231289|dumpPacket|  From: SERVER0 @ site 1, oSERVER0 @ site 1 (DESKTOP-D75BQTV @ 212.212.212.212) (Contest Id: Contest-4511288556462302159)
221210 124434.907|INFO|Thread-231289|dumpPacket|    To: TEAM35 @ site 1
221210 124434.907|INFO|Thread-231289|dumpPacket|   key: JUDGEMENT_RECORD is: edu.csus.ecs.pc2.core.model.JudgementRecord No by JUDGE3 @ site 1 judgement No_-_Wrong_Answer-6447267484138471978 id JudgementRecord--1103869187354991208
221210 124434.907|INFO|Thread-231289|dumpPacket|   key: RUN is: edu.csus.ecs.pc2.core.model.Run Run 611 JUDGED 116 min 7016710ms from TEAM35 @ site 1 id Run--7907014230398797820 problem lion-8764969733410472147 lang Java-8995311559554510087
221210 124434.907|INFO|Thread-231289|dumpPacket|   key: CLIENT_ID is: edu.csus.ecs.pc2.core.model.ClientId SERVER0 @ site 1
221210 124434.907|INFO|Thread-231289|info|handlePacket start Packet[RUN_JUDGEMENT] #7370 SERVER0 @ site 1 -> TEAM35 @ site 1
221210 124434.907|INFO|Thread-231289|dumpPacket|Packet RUN_JUDGEMENT (Seq #7370, o#7370 ) handlePacket
221210 124434.907|INFO|Thread-231289|dumpPacket|  From: SERVER0 @ site 1, oSERVER0 @ site 1 (DESKTOP-D75BQTV @ 212.212.212.212) (Contest Id: Contest-4511288556462302159)
221210 124434.907|INFO|Thread-231289|dumpPacket|    To: TEAM35 @ site 1
221210 124434.908|INFO|Thread-231289|dumpPacket|   key: JUDGEMENT_RECORD is: edu.csus.ecs.pc2.core.model.JudgementRecord No by JUDGE3 @ site 1 judgement No_-_Wrong_Answer-6447267484138471978 id JudgementRecord--1103869187354991208
221210 124434.908|INFO|Thread-231289|dumpPacket|   key: RUN is: edu.csus.ecs.pc2.core.model.Run Run 611 JUDGED 116 min 7016710ms from TEAM35 @ site 1 id Run--7907014230398797820 problem lion-8764969733410472147 lang Java-8995311559554510087
221210 124434.908|INFO|Thread-231289|dumpPacket|   key: CLIENT_ID is: edu.csus.ecs.pc2.core.model.ClientId SERVER0 @ site 1
221210 124434.908|INFO|Thread-231289|info| receiveObject(S) end   got Packet[RUN_JUDGEMENT] #7370 SERVER0 @ site 1 -> TEAM35 @ site 1
221210 124517.888|INFO|Thread-235607|info| receiveObject(S) start got Packet[RUN_SUBMISSION_CONFIRM] #7434 SERVER0 @ site 1 -> TEAM35 @ site 1
221210 124517.888|INFO|Thread-235607|dumpPacket|Packet RUN_SUBMISSION_CONFIRM (Seq #7434, o#7434 ) recieveObject
221210 124517.888|INFO|Thread-235607|dumpPacket|  From: SERVER0 @ site 1, oSERVER0 @ site 1 (DESKTOP-D75BQTV @ 212.212.212.212) (Contest Id: Contest-4511288556462302159)
221210 124517.888|INFO|Thread-235607|dumpPacket|    To: TEAM35 @ site 1
221210 124517.888|INFO|Thread-235607|dumpPacket|   key: RUN is: edu.csus.ecs.pc2.core.model.Run Run 626 NEW 117 min 7079963ms from TEAM35 @ site 1 id Run-637982876155508565 problem lion-8764969733410472147 lang Java-8995311559554510087
221210 124517.888|INFO|Thread-235607|info|handlePacket start Packet[RUN_SUBMISSION_CONFIRM] #7434 SERVER0 @ site 1 -> TEAM35 @ site 1
221210 124517.888|INFO|Thread-235607|dumpPacket|Packet RUN_SUBMISSION_CONFIRM (Seq #7434, o#7434 ) handlePacket
221210 124517.888|INFO|Thread-235607|dumpPacket|  From: SERVER0 @ site 1, oSERVER0 @ site 1 (DESKTOP-D75BQTV @ 212.212.212.212) (Contest Id: Contest-4511288556462302159)
221210 124517.888|INFO|Thread-235607|dumpPacket|    To: TEAM35 @ site 1
221210 124517.888|INFO|Thread-235607|dumpPacket|   key: RUN is: edu.csus.ecs.pc2.core.model.Run Run 626 NEW 117 min 7079963ms from TEAM35 @ site 1 id Run-637982876155508565 problem lion-8764969733410472147 lang Java-8995311559554510087
221210 124517.888|INFO|Thread-235607|info| receiveObject(S) end   got Packet[RUN_SUBMISSION_CONFIRM] #7434 SERVER0 @ site 1 -> TEAM35 @ site 1
221210 124528.247|INFO|Thread-236223|info| receiveObject(S) start got Packet[RUN_JUDGEMENT] #7444 SERVER0 @ site 1 -> TEAM35 @ site 1
221210 124528.247|INFO|Thread-236223|dumpPacket|Packet RUN_JUDGEMENT (Seq #7444, o#7444 ) recieveObject
221210 124528.247|INFO|Thread-236223|dumpPacket|  From: SERVER0 @ site 1, oSERVER0 @ site 1 (DESKTOP-D75BQTV @ 212.212.212.212) (Contest Id: Contest-4511288556462302159)
221210 124528.247|INFO|Thread-236223|dumpPacket|    To: TEAM35 @ site 1
221210 124528.247|INFO|Thread-236223|dumpPacket|   key: JUDGEMENT_RECORD is: edu.csus.ecs.pc2.core.model.JudgementRecord No by JUDGE1 @ site 1 judgement No_-_Wrong_Answer-6447267484138471978 id JudgementRecord-3611108186502875605
221210 124528.247|INFO|Thread-236223|dumpPacket|   key: RUN is: edu.csus.ecs.pc2.core.model.Run Run 626 JUDGED 117 min 7079963ms from TEAM35 @ site 1 id Run-637982876155508565 problem lion-8764969733410472147 lang Java-8995311559554510087
221210 124528.247|INFO|Thread-236223|dumpPacket|   key: CLIENT_ID is: edu.csus.ecs.pc2.core.model.ClientId SERVER0 @ site 1
221210 124528.247|INFO|Thread-236223|info|handlePacket start Packet[RUN_JUDGEMENT] #7444 SERVER0 @ site 1 -> TEAM35 @ site 1
221210 124528.247|INFO|Thread-236223|dumpPacket|Packet RUN_JUDGEMENT (Seq #7444, o#7444 ) handlePacket
221210 124528.247|INFO|Thread-236223|dumpPacket|  From: SERVER0 @ site 1, oSERVER0 @ site 1 (DESKTOP-D75BQTV @ 212.212.212.212) (Contest Id: Contest-4511288556462302159)
221210 124528.247|INFO|Thread-236223|dumpPacket|    To: TEAM35 @ site 1
221210 124528.247|INFO|Thread-236223|dumpPacket|   key: JUDGEMENT_RECORD is: edu.csus.ecs.pc2.core.model.JudgementRecord No by JUDGE1 @ site 1 judgement No_-_Wrong_Answer-6447267484138471978 id JudgementRecord-3611108186502875605
221210 124528.247|INFO|Thread-236223|dumpPacket|   key: RUN is: edu.csus.ecs.pc2.core.model.Run Run 626 JUDGED 117 min 7079963ms from TEAM35 @ site 1 id Run-637982876155508565 problem lion-8764969733410472147 lang Java-8995311559554510087
221210 124528.247|INFO|Thread-236223|dumpPacket|   key: CLIENT_ID is: edu.csus.ecs.pc2.core.model.ClientId SERVER0 @ site 1
221210 124528.248|INFO|Thread-236223|info| receiveObject(S) end   got Packet[RUN_JUDGEMENT] #7444 SERVER0 @ site 1 -> TEAM35 @ site 1
231209 094205.971|CONFIG|Thread-22939|setFileHandlers|Now logging to C:\Users\18328\Desktop\pc2\WebTeamInterface-1.1\logs directory.
231209 094205.971|INFO|Thread-22939|info|
231209 094205.971|INFO|Thread-22939|info|Version 9 () Java ver 18.0.2.1 build  Windows 11 10.0 (amd64) 
231209 094205.971|INFO|Thread-22939|info|Login: team35 (aka team35)
231209 094205.971|INFO|Thread-22939|startLog|Working directory is C:\Users\18328\Desktop\pc2\WebTeamInterface-1.1
231209 094205.971|INFO|Thread-22939|startLog|Process id is 15028@DESKTOP-D75BQTV
231209 094205.971|INFO|Thread-22939|info| handlePacket original LOGIN_SUCCESS after -- all settings loaded 
231209 094205.971|INFO|Thread-22939|info|handlePacket end Packet[LOGIN_SUCCESS] #1827 SERVER0 @ site 1 -> TEAM35 @ site 1
231209 094205.971|INFO|Thread-22939|info| receiveObject(S) end   got Packet[LOGIN_SUCCESS] #1827 SERVER0 @ site 1 -> TEAM35 @ site 1
