221209 161216.385|CONFIG|qtp1881561036-63|setFileHandlers|Now logging to C:\Users\18328\Desktop\pc2\WebTeamInterface-1.1\logs directory.
221209 161216.385|INFO|qtp1881561036-63|info|
221209 161216.386|INFO|qtp1881561036-63|info|Version 9 () Java ver 18.0.2.1 build  Windows 11 10.0 (amd64) 
221209 161216.386|INFO|qtp1881561036-63|info|Login: team 23 (aka team0)
221209 161216.386|INFO|qtp1881561036-63|startLog|Working directory is C:\Users\18328\Desktop\pc2\WebTeamInterface-1.1
221209 161216.386|INFO|qtp1881561036-63|startLog|Process id is 14484@DESKTOP-D75BQTV
221209 161216.387|INFO|qtp1881561036-63|info|Contacting server at 212.212.212.212:50002 as TEAM0 @ site 0
221209 161216.387|INFO|Thread-104|receiveUnencrypted|receiveUnencrypted(TransportWrapper, ConnectionHandlerID=Socket[addr=/212.212.212.212,port=50002,localport=54457]-4555362845490017599)
221209 161216.387|INFO|qtp1881561036-63|info|sendLoginRequest start - sending from TEAM0 @ site 0
221209 161216.387|INFO|qtp1881561036-63|sendToLocalServer|Sending packet to server Packet[LOGIN_REQUEST] #9 TEAM0 @ site 0 -> SERVER0 @ site 0
221209 161216.387|INFO|qtp1881561036-63|sendToLocalServer|Sent    packet to server Packet[LOGIN_REQUEST] #9 TEAM0 @ site 0 -> SERVER0 @ site 0
221209 161216.387|INFO|qtp1881561036-63|info|sendLoginRequest end - packet sent.
221209 161216.388|INFO|Thread-105|run|send(Serializable)
221209 161216.388|INFO|Thread-104|receiveUnencrypted|receiveUnencrypted Made a secret key for Socket[addr=/212.212.212.212,port=50002,localport=54457]-4555362845490017599 key is com.sun.crypto.provider.DESKey@1877e
221209 161216.388|INFO|Thread-104|getPublicKeyPacket|Generating Unencrypted Public Key Packet
221209 161216.389|INFO|Thread-104|getPublicKeyPacket|checking key:= SunJCE Diffie-Hellman Public Key:
y:
    cc7788fe b43c523b b74d7d02 c868e34a cf997756 e203c785 c757311f 62ac50c0
    8619ff01 62235a85 2088f344 bcc8c4c2 4eec51e7 6a51eeba de0a7ffe 2c70dd78
    7d9148c3 b3ba16be 5b320cfc 26091c51 333d440d 0e4b843c 2a64ea2f 9d663dc7
    a97e9e90 c14219a5 e6b932c9 50b8d292 34cd1b33 4d11b8e8 d5d67a5b ad8eac06
p:
    f488fd58 4e49dbcd 20b49de4 9107366b 336c380d 451d0f7c 88b31c7c 5b2d8ef6
    f3c923c0 43f0a55b 188d8ebb 558cb85d 38d334fd 7c175743 a31d186c de33212c
    b52aff3c e1b12940 18118d7c 84a70a72 d686c403 19c80729 7aca950c d9969fab
    d00a509b 0246d308 3d66a45d 419f9c7c bd894b22 1926baab a25ec355 e92f78c7
g:
    02
l:
    512
221209 161216.389|INFO|Thread-104|getPublicKeyPacket|packet:= edu.csus.ecs.pc2.core.transport.TransportWrapper@356bb3f
221209 161216.404|INFO|Thread-104|receive|public void receive(SealedObject TransportPacket, ConnectionHandlerID connectionHandlerID)
221209 161216.404|INFO|Thread-106|info| receiveObject(S) start got Packet[LOGIN_FAILED] #57 SERVER0 @ site 1 -> TEAM0 @ site 0
221209 161216.404|INFO|Thread-106|dumpPacket|Packet LOGIN_FAILED (Seq #57, o#57 ) recieveObject
221209 161216.404|INFO|Thread-106|dumpPacket|  From: SERVER0 @ site 1, oSERVER0 @ site 1 (DESKTOP-D75BQTV @ 212.212.212.212) (Contest Id: Test-3269930656490360143)
221209 161216.404|INFO|Thread-106|dumpPacket|    To: TEAM0 @ site 0
221209 161216.404|INFO|Thread-106|dumpPacket|   key: MESSAGE_STRING is: java.lang.String No such account
221209 161216.404|INFO|Thread-106|info|handlePacket start Packet[LOGIN_FAILED] #57 SERVER0 @ site 1 -> TEAM0 @ site 0
221209 161216.404|INFO|Thread-106|dumpPacket|Packet LOGIN_FAILED (Seq #57, o#57 ) handlePacket
221209 161216.404|INFO|Thread-106|dumpPacket|  From: SERVER0 @ site 1, oSERVER0 @ site 1 (DESKTOP-D75BQTV @ 212.212.212.212) (Contest Id: Test-3269930656490360143)
221209 161216.404|INFO|Thread-106|dumpPacket|    To: TEAM0 @ site 0
221209 161216.404|INFO|Thread-106|dumpPacket|   key: MESSAGE_STRING is: java.lang.String No such account
221209 161216.406|INFO|Thread-106|info| receiveObject(S) end   got Packet[LOGIN_FAILED] #57 SERVER0 @ site 1 -> TEAM0 @ site 0
221210 102214.577|CONFIG|qtp1613095350-101|setFileHandlers|Now logging to C:\Users\18328\Desktop\pc2\WebTeamInterface-1.1\logs directory.
221210 102214.578|INFO|qtp1613095350-101|info|
221210 102214.578|INFO|qtp1613095350-101|info|Version 9 () Java ver 18.0.2.1 build  Windows 11 10.0 (amd64) 
221210 102214.578|INFO|qtp1613095350-101|info|Login: team (aka team0)
221210 102214.578|INFO|qtp1613095350-101|startLog|Working directory is C:\Users\18328\Desktop\pc2\WebTeamInterface-1.1
221210 102214.578|INFO|qtp1613095350-101|startLog|Process id is 22344@DESKTOP-D75BQTV
221210 102214.578|INFO|qtp1613095350-101|info|Contacting server at 212.212.212.212:50002 as TEAM0 @ site 0
221210 102214.578|INFO|qtp1613095350-101|info|sendLoginRequest start - sending from TEAM0 @ site 0
221210 102214.578|INFO|qtp1613095350-101|sendToLocalServer|Sending packet to server Packet[LOGIN_REQUEST] #126 TEAM0 @ site 0 -> SERVER0 @ site 0
221210 102214.579|INFO|qtp1613095350-101|sendToLocalServer|Sent    packet to server Packet[LOGIN_REQUEST] #126 TEAM0 @ site 0 -> SERVER0 @ site 0
221210 102214.579|INFO|qtp1613095350-101|info|sendLoginRequest end - packet sent.
221210 102214.579|INFO|Thread-2720|run|send(Serializable)
221210 102214.581|INFO|Thread-2719|receive|public void receive(SealedObject TransportPacket, ConnectionHandlerID connectionHandlerID)
221210 102214.581|INFO|Thread-2721|info| receiveObject(S) start got Packet[LOGIN_FAILED] #2552 SERVER0 @ site 1 -> TEAM0 @ site 0
221210 102214.581|INFO|Thread-2721|dumpPacket|Packet LOGIN_FAILED (Seq #2552, o#2552 ) recieveObject
221210 102214.581|INFO|Thread-2721|dumpPacket|  From: SERVER0 @ site 1, oSERVER0 @ site 1 (DESKTOP-D75BQTV @ 212.212.212.212) (Contest Id: DryRun--5544400451244233091)
221210 102214.581|INFO|Thread-2721|dumpPacket|    To: TEAM0 @ site 0
221210 102214.581|INFO|Thread-2721|dumpPacket|   key: MESSAGE_STRING is: java.lang.String No such account
221210 102214.581|INFO|Thread-2721|info|handlePacket start Packet[LOGIN_FAILED] #2552 SERVER0 @ site 1 -> TEAM0 @ site 0
221210 102214.581|INFO|Thread-2721|dumpPacket|Packet LOGIN_FAILED (Seq #2552, o#2552 ) handlePacket
221210 102214.581|INFO|Thread-2721|dumpPacket|  From: SERVER0 @ site 1, oSERVER0 @ site 1 (DESKTOP-D75BQTV @ 212.212.212.212) (Contest Id: DryRun--5544400451244233091)
221210 102214.581|INFO|Thread-2721|dumpPacket|    To: TEAM0 @ site 0
221210 102214.581|INFO|Thread-2721|dumpPacket|   key: MESSAGE_STRING is: java.lang.String No such account
221210 102214.581|INFO|Thread-2721|info| receiveObject(S) end   got Packet[LOGIN_FAILED] #2552 SERVER0 @ site 1 -> TEAM0 @ site 0
221210 150258.320|INFO|Thread-2719|connectionDropped|connectionDropped(ConnectionHandlerID myConnectionID) 
230921 151440.741|CONFIG|qtp18242360-27|setFileHandlers|Now logging to C:\Users\18328\Desktop\pc2\WebTeamInterface-1.1\logs directory.
230921 151440.741|INFO|qtp18242360-27|info|
230921 151440.741|INFO|qtp18242360-27|info|Version 9 () Java ver 18.0.2.1 build  Windows 11 10.0 (amd64) 
230921 151440.741|INFO|qtp18242360-27|info|Login: team11  (aka team0)
230921 151440.741|INFO|qtp18242360-27|startLog|Working directory is C:\Users\18328\Desktop\pc2\WebTeamInterface-1.1
230921 151440.741|INFO|qtp18242360-27|startLog|Process id is 1544@DESKTOP-D75BQTV
230921 151440.741|INFO|qtp18242360-27|info|Contacting server at localhost:50002 as TEAM0 @ site 0
230921 151440.741|INFO|qtp18242360-27|info|sendLoginRequest start - sending from TEAM0 @ site 0
230921 151440.741|INFO|qtp18242360-27|sendToLocalServer|Sending packet to server Packet[LOGIN_REQUEST] #36 TEAM0 @ site 0 -> SERVER0 @ site 0
230921 151440.741|INFO|qtp18242360-27|sendToLocalServer|Sent    packet to server Packet[LOGIN_REQUEST] #36 TEAM0 @ site 0 -> SERVER0 @ site 0
230921 151440.741|INFO|Thread-172|run|send(Serializable)
230921 151440.741|INFO|qtp18242360-27|info|sendLoginRequest end - packet sent.
230921 151440.741|INFO|Thread-171|receive|public void receive(SealedObject TransportPacket, ConnectionHandlerID connectionHandlerID)
230921 151440.741|INFO|Thread-173|info| receiveObject(S) start got Packet[LOGIN_FAILED] #125 SERVER0 @ site 1 -> TEAM0 @ site 0
230921 151440.741|INFO|Thread-173|dumpPacket|Packet LOGIN_FAILED (Seq #125, o#125 ) recieveObject
230921 151440.741|INFO|Thread-173|dumpPacket|  From: SERVER0 @ site 1, oSERVER0 @ site 1 (DESKTOP-D75BQTV @ 192.168.1.8) (Contest Id: Test2Novice-8167312297676738178)
230921 151440.741|INFO|Thread-173|dumpPacket|    To: TEAM0 @ site 0
230921 151440.741|INFO|Thread-173|dumpPacket|   key: MESSAGE_STRING is: java.lang.String No such account
230921 151440.741|INFO|Thread-173|info|handlePacket start Packet[LOGIN_FAILED] #125 SERVER0 @ site 1 -> TEAM0 @ site 0
230921 151440.741|INFO|Thread-173|dumpPacket|Packet LOGIN_FAILED (Seq #125, o#125 ) handlePacket
230921 151440.741|INFO|Thread-173|dumpPacket|  From: SERVER0 @ site 1, oSERVER0 @ site 1 (DESKTOP-D75BQTV @ 192.168.1.8) (Contest Id: Test2Novice-8167312297676738178)
230921 151440.741|INFO|Thread-173|dumpPacket|    To: TEAM0 @ site 0
230921 151440.741|INFO|Thread-173|dumpPacket|   key: MESSAGE_STRING is: java.lang.String No such account
230921 151440.741|INFO|Thread-173|info| receiveObject(S) end   got Packet[LOGIN_FAILED] #125 SERVER0 @ site 1 -> TEAM0 @ site 0
230921 165528.092|INFO|Thread-171|connectionDropped|connectionDropped(ConnectionHandlerID myConnectionID) 
231209 082831.475|CONFIG|qtp135640095-622|setFileHandlers|Now logging to C:\Users\18328\Desktop\pc2\WebTeamInterface-1.1\logs directory.
231209 082831.475|INFO|qtp135640095-622|info|
231209 082831.475|INFO|qtp135640095-622|info|Version 9 () Java ver 18.0.2.1 build  Windows 11 10.0 (amd64) 
231209 082831.475|INFO|qtp135640095-622|info|Login: team49t (aka team0)
231209 082831.477|INFO|qtp135640095-622|startLog|Working directory is C:\Users\18328\Desktop\pc2\WebTeamInterface-1.1
231209 082831.477|INFO|qtp135640095-622|startLog|Process id is 15028@DESKTOP-D75BQTV
231209 082831.477|INFO|qtp135640095-622|info|Contacting server at localhost:50002 as TEAM0 @ site 0
231209 082831.477|INFO|qtp135640095-622|info|sendLoginRequest start - sending from TEAM0 @ site 0
231209 082831.477|INFO|qtp135640095-622|sendToLocalServer|Sending packet to server Packet[LOGIN_REQUEST] #211 TEAM0 @ site 0 -> SERVER0 @ site 0
231209 082831.477|INFO|qtp135640095-622|sendToLocalServer|Sent    packet to server Packet[LOGIN_REQUEST] #211 TEAM0 @ site 0 -> SERVER0 @ site 0
231209 082831.477|INFO|qtp135640095-622|info|sendLoginRequest end - packet sent.
231209 082831.477|INFO|Thread-11537|run|send(Serializable)
231209 082831.482|INFO|Thread-11536|receive|public void receive(SealedObject TransportPacket, ConnectionHandlerID connectionHandlerID)
231209 082831.482|INFO|Thread-11538|info| receiveObject(S) start got Packet[LOGIN_FAILED] #1193 SERVER0 @ site 1 -> TEAM0 @ site 0
231209 082831.482|INFO|Thread-11538|dumpPacket|Packet LOGIN_FAILED (Seq #1193, o#1193 ) recieveObject
231209 082831.482|INFO|Thread-11538|dumpPacket|  From: SERVER0 @ site 1, oSERVER0 @ site 1 (DESKTOP-D75BQTV @ 212.212.212.212) (Contest Id: DryRun--6069080675419338087)
231209 082831.482|INFO|Thread-11538|dumpPacket|    To: TEAM0 @ site 0
231209 082831.482|INFO|Thread-11538|dumpPacket|   key: MESSAGE_STRING is: java.lang.String No such account
231209 082831.482|INFO|Thread-11538|info|handlePacket start Packet[LOGIN_FAILED] #1193 SERVER0 @ site 1 -> TEAM0 @ site 0
231209 082831.482|INFO|Thread-11538|dumpPacket|Packet LOGIN_FAILED (Seq #1193, o#1193 ) handlePacket
231209 082831.482|INFO|Thread-11538|dumpPacket|  From: SERVER0 @ site 1, oSERVER0 @ site 1 (DESKTOP-D75BQTV @ 212.212.212.212) (Contest Id: DryRun--6069080675419338087)
231209 082831.482|INFO|Thread-11538|dumpPacket|    To: TEAM0 @ site 0
231209 082831.482|INFO|Thread-11538|dumpPacket|   key: MESSAGE_STRING is: java.lang.String No such account
231209 082831.482|INFO|Thread-11538|info| receiveObject(S) end   got Packet[LOGIN_FAILED] #1193 SERVER0 @ site 1 -> TEAM0 @ site 0
231209 125144.077|INFO|Thread-11536|connectionDropped|connectionDropped(ConnectionHandlerID myConnectionID) 
