221210 100820.246|CONFIG|qtp1613095350-25|setFileHandlers|Now logging to C:\Users\18328\Desktop\pc2\WebTeamInterface-1.1\logs directory.
221210 100820.246|INFO|qtp1613095350-25|info|
221210 100820.247|INFO|qtp1613095350-25|info|Version 9 () Java ver 18.0.2.1 build  Windows 11 10.0 (amd64) 
221210 100820.247|INFO|qtp1613095350-25|info|Login: team17 (aka team17)
221210 100820.247|INFO|qtp1613095350-25|startLog|Working directory is C:\Users\18328\Desktop\pc2\WebTeamInterface-1.1
221210 100820.247|INFO|qtp1613095350-25|startLog|Process id is 22344@DESKTOP-D75BQTV
221210 100820.247|INFO|Thread-188|getPublicKeyPacket|packet:= edu.csus.ecs.pc2.core.transport.TransportWrapper@ba103b4
221210 100820.247|INFO|qtp1613095350-25|info|Contacting server at 212.212.212.212:50002 as TEAM17 @ site 0
221210 100820.247|INFO|qtp1613095350-25|info|sendLoginRequest start - sending from TEAM17 @ site 0
221210 100820.248|INFO|qtp1613095350-25|sendToLocalServer|Sending packet to server Packet[LOGIN_REQUEST] #22 TEAM17 @ site 0 -> SERVER0 @ site 0
221210 100820.248|INFO|qtp1613095350-25|sendToLocalServer|Sent    packet to server Packet[LOGIN_REQUEST] #22 TEAM17 @ site 0 -> SERVER0 @ site 0
221210 100820.248|INFO|qtp1613095350-25|info|sendLoginRequest end - packet sent.
221210 100820.248|INFO|Thread-189|run|send(Serializable)
221210 100820.252|INFO|Thread-188|receive|public void receive(SealedObject TransportPacket, ConnectionHandlerID connectionHandlerID)
221210 100820.255|INFO|Thread-190|info| receiveObject(S) start got Packet[LOGIN_SUCCESS] #2098 SERVER0 @ site 1 -> TEAM17 @ site 1
221210 100820.255|INFO|Thread-190|dumpPacket|Packet LOGIN_SUCCESS (Seq #2098, o#2098 ) recieveObject
221210 100820.255|INFO|Thread-190|dumpPacket|  From: SERVER0 @ site 1, oSERVER0 @ site 1 (DESKTOP-D75BQTV @ 212.212.212.212) (Contest Id: DryRun--5544400451244233091)
221210 100820.255|INFO|Thread-190|dumpPacket|    To: TEAM17 @ site 1
221210 100820.255|INFO|Thread-190|dumpPacket|   key: PROFILE_LIST is: [Ledu.csus.ecs.pc2.core.model.Profile; [Ledu.csus.ecs.pc2.core.model.Profile;@2ea5f6e0
221210 100820.255|INFO|Thread-190|dumpPacket|   key: GENERAL_PROBLEM is: edu.csus.ecs.pc2.core.model.Problem General
221210 100820.255|INFO|Thread-190|dumpPacket|   key: CLIENT_SETTINGS_LIST is: [Ledu.csus.ecs.pc2.core.model.ClientSettings; [Ledu.csus.ecs.pc2.core.model.ClientSettings;@20621d44
221210 100820.255|INFO|Thread-190|dumpPacket|   key: CONTEST_TIME is: edu.csus.ecs.pc2.core.model.ContestTime edu.csus.ecs.pc2.core.model.ContestTime@245d9d90
221210 100820.255|INFO|Thread-190|dumpPacket|   key: CLARIFICATION_LIST is: [Ledu.csus.ecs.pc2.core.model.Clarification; [Ledu.csus.ecs.pc2.core.model.Clarification;@615f177f
221210 100820.255|INFO|Thread-190|dumpPacket|   key: CATEGORY_LIST is: [Ledu.csus.ecs.pc2.core.model.Category; [Ledu.csus.ecs.pc2.core.model.Category;@60ccff42
221210 100820.255|INFO|Thread-190|dumpPacket|   key: LANGUAGE_LIST is: [Ledu.csus.ecs.pc2.core.model.Language; [Ledu.csus.ecs.pc2.core.model.Language;@50745622
221210 100820.255|INFO|Thread-190|dumpPacket|   key: REMOTE_LOGGED_IN_USERS is: [Ledu.csus.ecs.pc2.core.model.ClientId; [Ledu.csus.ecs.pc2.core.model.ClientId;@180de0a1
221210 100820.255|INFO|Thread-190|dumpPacket|   key: CONTEST_TIME_LIST is: [Ledu.csus.ecs.pc2.core.model.ContestTime; [Ledu.csus.ecs.pc2.core.model.ContestTime;@170e830
221210 100820.255|INFO|Thread-190|dumpPacket|   key: CONNECTION_HANDLE_ID_LIST is: [Ledu.csus.ecs.pc2.core.transport.ConnectionHandlerID; [Ledu.csus.ecs.pc2.core.transport.ConnectionHandlerID;@6c121b3
221210 100820.255|INFO|Thread-190|dumpPacket|   key: PROFILE is: edu.csus.ecs.pc2.core.model.Profile DryRun--5544400451244233091
221210 100820.255|INFO|Thread-190|dumpPacket|   key: CLIENT_ID is: edu.csus.ecs.pc2.core.model.ClientId TEAM17 @ site 1
221210 100820.255|INFO|Thread-190|dumpPacket|   key: SITE_NUMBER is: java.lang.Integer 1
221210 100820.255|INFO|Thread-190|dumpPacket|   key: CONTEST_INFORMATION is: edu.csus.ecs.pc2.core.model.ContestInformation edu.csus.ecs.pc2.core.model.ContestInformation@7476a20f
221210 100820.255|INFO|Thread-190|dumpPacket|   key: SITE_LIST is: [Ledu.csus.ecs.pc2.core.model.Site; [Ledu.csus.ecs.pc2.core.model.Site;@3094cc8
221210 100820.255|INFO|Thread-190|dumpPacket|   key: PROBLEM_DATA_FILES is: [Ledu.csus.ecs.pc2.core.model.ProblemDataFiles; [Ledu.csus.ecs.pc2.core.model.ProblemDataFiles;@53e15f1
221210 100820.255|INFO|Thread-190|dumpPacket|   key: JUDGEMENT_LIST is: [Ledu.csus.ecs.pc2.core.model.Judgement; [Ledu.csus.ecs.pc2.core.model.Judgement;@afd605c
221210 100820.256|INFO|Thread-190|dumpPacket|   key: PROBLEM_LIST is: [Ledu.csus.ecs.pc2.core.model.Problem; [Ledu.csus.ecs.pc2.core.model.Problem;@4b5addd6
221210 100820.256|INFO|Thread-190|dumpPacket|   key: GROUP_LIST is: [Ledu.csus.ecs.pc2.core.model.Group; [Ledu.csus.ecs.pc2.core.model.Group;@27ca779
221210 100820.256|INFO|Thread-190|dumpPacket|   key: LOCAL_LOGGED_IN_USERS is: [Ledu.csus.ecs.pc2.core.model.ClientId; [Ledu.csus.ecs.pc2.core.model.ClientId;@7718bb5a
221210 100820.256|INFO|Thread-190|dumpPacket|   key: SERVER_CLOCK_OFFSET is: java.util.GregorianCalendar java.util.GregorianCalendar[time=1670688500250,areFieldsSet=true,areAllFieldsSet=false,lenient=true,zone=sun.util.calendar.ZoneInfo[id="GMT",offset=0,dstSavings=0,useDaylight=false,transitions=0,lastRule=null],firstDayOfWeek=1,minimalDaysInFirstWeek=1,ERA=1,YEAR=2022,MONTH=11,WEEK_OF_YEAR=50,WEEK_OF_MONTH=2,DAY_OF_MONTH=10,DAY_OF_YEAR=344,DAY_OF_WEEK=7,DAY_OF_WEEK_IN_MONTH=2,AM_PM=1,HOUR=4,HOUR_OF_DAY=16,MINUTE=8,SECOND=20,MILLISECOND=250,ZONE_OFFSET=0,DST_OFFSET=0]
221210 100820.256|INFO|Thread-190|dumpPacket|   key: CONTEST_IDENTIFIER is: java.lang.String DryRun--5544400451244233091
221210 100820.256|INFO|Thread-190|dumpPacket|   key: BALLOON_SETTINGS_LIST is: [Ledu.csus.ecs.pc2.core.model.BalloonSettings; [Ledu.csus.ecs.pc2.core.model.BalloonSettings;@1606ca65
221210 100820.256|INFO|Thread-190|dumpPacket|   key: RUN_LIST is: [Ledu.csus.ecs.pc2.core.model.Run; [Ledu.csus.ecs.pc2.core.model.Run;@baf011e
221210 100820.256|INFO|Thread-190|dumpPacket|   key: ACCOUNT_ARRAY is: [Ledu.csus.ecs.pc2.core.model.Account; [Ledu.csus.ecs.pc2.core.model.Account;@6c8f387d
221210 100820.256|INFO|Thread-190|info|handlePacket start Packet[LOGIN_SUCCESS] #2098 SERVER0 @ site 1 -> TEAM17 @ site 1
221210 100820.256|INFO|Thread-190|dumpPacket|Packet LOGIN_SUCCESS (Seq #2098, o#2098 ) handlePacket
221210 100820.256|INFO|Thread-190|dumpPacket|  From: SERVER0 @ site 1, oSERVER0 @ site 1 (DESKTOP-D75BQTV @ 212.212.212.212) (Contest Id: DryRun--5544400451244233091)
221210 100820.256|INFO|Thread-190|dumpPacket|    To: TEAM17 @ site 1
221210 100820.256|INFO|Thread-190|dumpPacket|   key: PROFILE_LIST is: [Ledu.csus.ecs.pc2.core.model.Profile; [Ledu.csus.ecs.pc2.core.model.Profile;@2ea5f6e0
221210 100820.256|INFO|Thread-190|dumpPacket|   key: GENERAL_PROBLEM is: edu.csus.ecs.pc2.core.model.Problem General
221210 100820.256|INFO|Thread-190|dumpPacket|   key: CLIENT_SETTINGS_LIST is: [Ledu.csus.ecs.pc2.core.model.ClientSettings; [Ledu.csus.ecs.pc2.core.model.ClientSettings;@20621d44
221210 100820.256|INFO|Thread-190|dumpPacket|   key: CONTEST_TIME is: edu.csus.ecs.pc2.core.model.ContestTime edu.csus.ecs.pc2.core.model.ContestTime@245d9d90
221210 100820.256|INFO|Thread-190|dumpPacket|   key: CLARIFICATION_LIST is: [Ledu.csus.ecs.pc2.core.model.Clarification; [Ledu.csus.ecs.pc2.core.model.Clarification;@615f177f
221210 100820.256|INFO|Thread-190|dumpPacket|   key: CATEGORY_LIST is: [Ledu.csus.ecs.pc2.core.model.Category; [Ledu.csus.ecs.pc2.core.model.Category;@60ccff42
221210 100820.256|INFO|Thread-190|dumpPacket|   key: LANGUAGE_LIST is: [Ledu.csus.ecs.pc2.core.model.Language; [Ledu.csus.ecs.pc2.core.model.Language;@50745622
221210 100820.256|INFO|Thread-190|dumpPacket|   key: REMOTE_LOGGED_IN_USERS is: [Ledu.csus.ecs.pc2.core.model.ClientId; [Ledu.csus.ecs.pc2.core.model.ClientId;@180de0a1
221210 100820.256|INFO|Thread-190|dumpPacket|   key: CONTEST_TIME_LIST is: [Ledu.csus.ecs.pc2.core.model.ContestTime; [Ledu.csus.ecs.pc2.core.model.ContestTime;@170e830
221210 100820.256|INFO|Thread-190|dumpPacket|   key: CONNECTION_HANDLE_ID_LIST is: [Ledu.csus.ecs.pc2.core.transport.ConnectionHandlerID; [Ledu.csus.ecs.pc2.core.transport.ConnectionHandlerID;@6c121b3
221210 100820.256|INFO|Thread-190|dumpPacket|   key: PROFILE is: edu.csus.ecs.pc2.core.model.Profile DryRun--5544400451244233091
221210 100820.256|INFO|Thread-190|dumpPacket|   key: CLIENT_ID is: edu.csus.ecs.pc2.core.model.ClientId TEAM17 @ site 1
221210 100820.256|INFO|Thread-190|dumpPacket|   key: SITE_NUMBER is: java.lang.Integer 1
221210 100820.256|INFO|Thread-190|dumpPacket|   key: CONTEST_INFORMATION is: edu.csus.ecs.pc2.core.model.ContestInformation edu.csus.ecs.pc2.core.model.ContestInformation@7476a20f
221210 100820.256|INFO|Thread-190|dumpPacket|   key: SITE_LIST is: [Ledu.csus.ecs.pc2.core.model.Site; [Ledu.csus.ecs.pc2.core.model.Site;@3094cc8
221210 100820.256|INFO|Thread-190|dumpPacket|   key: PROBLEM_DATA_FILES is: [Ledu.csus.ecs.pc2.core.model.ProblemDataFiles; [Ledu.csus.ecs.pc2.core.model.ProblemDataFiles;@53e15f1
221210 100820.256|INFO|Thread-190|dumpPacket|   key: JUDGEMENT_LIST is: [Ledu.csus.ecs.pc2.core.model.Judgement; [Ledu.csus.ecs.pc2.core.model.Judgement;@afd605c
221210 100820.256|INFO|Thread-190|dumpPacket|   key: PROBLEM_LIST is: [Ledu.csus.ecs.pc2.core.model.Problem; [Ledu.csus.ecs.pc2.core.model.Problem;@4b5addd6
221210 100820.256|INFO|Thread-190|dumpPacket|   key: GROUP_LIST is: [Ledu.csus.ecs.pc2.core.model.Group; [Ledu.csus.ecs.pc2.core.model.Group;@27ca779
221210 100820.256|INFO|Thread-190|dumpPacket|   key: LOCAL_LOGGED_IN_USERS is: [Ledu.csus.ecs.pc2.core.model.ClientId; [Ledu.csus.ecs.pc2.core.model.ClientId;@7718bb5a
221210 100820.256|INFO|Thread-190|dumpPacket|   key: SERVER_CLOCK_OFFSET is: java.util.GregorianCalendar java.util.GregorianCalendar[time=1670688500250,areFieldsSet=true,areAllFieldsSet=false,lenient=true,zone=sun.util.calendar.ZoneInfo[id="GMT",offset=0,dstSavings=0,useDaylight=false,transitions=0,lastRule=null],firstDayOfWeek=1,minimalDaysInFirstWeek=1,ERA=1,YEAR=2022,MONTH=11,WEEK_OF_YEAR=50,WEEK_OF_MONTH=2,DAY_OF_MONTH=10,DAY_OF_YEAR=344,DAY_OF_WEEK=7,DAY_OF_WEEK_IN_MONTH=2,AM_PM=1,HOUR=4,HOUR_OF_DAY=16,MINUTE=8,SECOND=20,MILLISECOND=250,ZONE_OFFSET=0,DST_OFFSET=0]
221210 100820.256|INFO|Thread-190|dumpPacket|   key: CONTEST_IDENTIFIER is: java.lang.String DryRun--5544400451244233091
221210 100820.256|INFO|Thread-190|dumpPacket|   key: BALLOON_SETTINGS_LIST is: [Ledu.csus.ecs.pc2.core.model.BalloonSettings; [Ledu.csus.ecs.pc2.core.model.BalloonSettings;@1606ca65
221210 100820.256|INFO|Thread-190|dumpPacket|   key: RUN_LIST is: [Ledu.csus.ecs.pc2.core.model.Run; [Ledu.csus.ecs.pc2.core.model.Run;@baf011e
221210 100820.256|INFO|Thread-190|dumpPacket|   key: ACCOUNT_ARRAY is: [Ledu.csus.ecs.pc2.core.model.Account; [Ledu.csus.ecs.pc2.core.model.Account;@6c8f387d
221210 101102.701|INFO|Thread-188|connectionDropped|connectionDropped(ConnectionHandlerID myConnectionID) 
231209 103309.506|CONFIG|qtp135640095-32804|setFileHandlers|Now logging to C:\Users\18328\Desktop\pc2\WebTeamInterface-1.1\logs directory.
231209 103309.506|INFO|qtp135640095-32804|info|
231209 103309.506|INFO|qtp135640095-32804|info|Version 9 () Java ver 18.0.2.1 build  Windows 11 10.0 (amd64) 
231209 103309.509|INFO|qtp135640095-32804|info|Login: team17 (aka team17)
231209 103309.509|INFO|qtp135640095-32804|startLog|Working directory is C:\Users\18328\Desktop\pc2\WebTeamInterface-1.1
231209 103309.509|INFO|qtp135640095-32804|startLog|Process id is 15028@DESKTOP-D75BQTV
231209 103309.509|INFO|qtp135640095-32804|info|Contacting server at localhost:50002 as TEAM17 @ site 0
231209 103309.509|INFO|qtp135640095-32804|info|sendLoginRequest start - sending from TEAM17 @ site 0
231209 103309.509|INFO|qtp135640095-32804|sendToLocalServer|Sending packet to server Packet[LOGIN_REQUEST] #513 TEAM17 @ site 0 -> SERVER0 @ site 0
231209 103309.509|INFO|qtp135640095-32804|sendToLocalServer|Sent    packet to server Packet[LOGIN_REQUEST] #513 TEAM17 @ site 0 -> SERVER0 @ site 0
231209 103309.509|INFO|qtp135640095-32804|info|sendLoginRequest end - packet sent.
231209 103309.509|INFO|Thread-46314|run|send(Serializable)
231209 103309.527|INFO|Thread-46313|receive|public void receive(SealedObject TransportPacket, ConnectionHandlerID connectionHandlerID)
231209 103309.531|INFO|Thread-46315|info| receiveObject(S) start got Packet[LOGIN_SUCCESS] #2859 SERVER0 @ site 1 -> TEAM17 @ site 1
231209 103309.531|INFO|Thread-46315|dumpPacket|Packet LOGIN_SUCCESS (Seq #2859, o#2859 ) recieveObject
231209 103309.531|INFO|Thread-46315|dumpPacket|  From: SERVER0 @ site 1, oSERVER0 @ site 1 (DESKTOP-D75BQTV @ 212.212.212.212) (Contest Id: DryRun--6069080675419338087)
231209 103309.531|INFO|Thread-46315|dumpPacket|    To: TEAM17 @ site 1
231209 103309.531|INFO|Thread-46315|dumpPacket|   key: PROFILE_LIST is: [Ledu.csus.ecs.pc2.core.model.Profile; [Ledu.csus.ecs.pc2.core.model.Profile;@1817e8d6
231209 103309.531|INFO|Thread-46315|dumpPacket|   key: GENERAL_PROBLEM is: edu.csus.ecs.pc2.core.model.Problem General
231209 103309.531|INFO|Thread-46315|dumpPacket|   key: CLIENT_SETTINGS_LIST is: [Ledu.csus.ecs.pc2.core.model.ClientSettings; [Ledu.csus.ecs.pc2.core.model.ClientSettings;@16d015a4
231209 103309.531|INFO|Thread-46315|dumpPacket|   key: CONTEST_TIME is: edu.csus.ecs.pc2.core.model.ContestTime edu.csus.ecs.pc2.core.model.ContestTime@12ef83a6
231209 103309.531|INFO|Thread-46315|dumpPacket|   key: CLARIFICATION_LIST is: [Ledu.csus.ecs.pc2.core.model.Clarification; [Ledu.csus.ecs.pc2.core.model.Clarification;@57ed1f9f
231209 103309.531|INFO|Thread-46315|dumpPacket|   key: CATEGORY_LIST is: [Ledu.csus.ecs.pc2.core.model.Category; [Ledu.csus.ecs.pc2.core.model.Category;@701b0cec
231209 103309.531|INFO|Thread-46315|dumpPacket|   key: LANGUAGE_LIST is: [Ledu.csus.ecs.pc2.core.model.Language; [Ledu.csus.ecs.pc2.core.model.Language;@66704a7e
231209 103309.531|INFO|Thread-46315|dumpPacket|   key: REMOTE_LOGGED_IN_USERS is: [Ledu.csus.ecs.pc2.core.model.ClientId; [Ledu.csus.ecs.pc2.core.model.ClientId;@86c07a5
231209 103309.531|INFO|Thread-46315|dumpPacket|   key: CONTEST_TIME_LIST is: [Ledu.csus.ecs.pc2.core.model.ContestTime; [Ledu.csus.ecs.pc2.core.model.ContestTime;@37c2e0d0
231209 103309.531|INFO|Thread-46315|dumpPacket|   key: CONNECTION_HANDLE_ID_LIST is: [Ledu.csus.ecs.pc2.core.transport.ConnectionHandlerID; [Ledu.csus.ecs.pc2.core.transport.ConnectionHandlerID;@1f16f6a8
231209 103309.531|INFO|Thread-46315|dumpPacket|   key: PROFILE is: edu.csus.ecs.pc2.core.model.Profile DryRun--6069080675419338087
231209 103309.531|INFO|Thread-46315|dumpPacket|   key: CLIENT_ID is: edu.csus.ecs.pc2.core.model.ClientId TEAM17 @ site 1
231209 103309.531|INFO|Thread-46315|dumpPacket|   key: SITE_NUMBER is: java.lang.Integer 1
231209 103309.531|INFO|Thread-46315|dumpPacket|   key: CONTEST_INFORMATION is: edu.csus.ecs.pc2.core.model.ContestInformation edu.csus.ecs.pc2.core.model.ContestInformation@7bd17c8e
231209 103309.531|INFO|Thread-46315|dumpPacket|   key: SITE_LIST is: [Ledu.csus.ecs.pc2.core.model.Site; [Ledu.csus.ecs.pc2.core.model.Site;@13680d7e
231209 103309.531|INFO|Thread-46315|dumpPacket|   key: PROBLEM_DATA_FILES is: [Ledu.csus.ecs.pc2.core.model.ProblemDataFiles; [Ledu.csus.ecs.pc2.core.model.ProblemDataFiles;@338cbba3
231209 103309.531|INFO|Thread-46315|dumpPacket|   key: JUDGEMENT_LIST is: [Ledu.csus.ecs.pc2.core.model.Judgement; [Ledu.csus.ecs.pc2.core.model.Judgement;@1b07b8cc
231209 103309.531|INFO|Thread-46315|dumpPacket|   key: PROBLEM_LIST is: [Ledu.csus.ecs.pc2.core.model.Problem; [Ledu.csus.ecs.pc2.core.model.Problem;@6bc2922e
231209 103309.531|INFO|Thread-46315|dumpPacket|   key: GROUP_LIST is: [Ledu.csus.ecs.pc2.core.model.Group; [Ledu.csus.ecs.pc2.core.model.Group;@381261d5
231209 103309.531|INFO|Thread-46315|dumpPacket|   key: LOCAL_LOGGED_IN_USERS is: [Ledu.csus.ecs.pc2.core.model.ClientId; [Ledu.csus.ecs.pc2.core.model.ClientId;@6e9584d7
231209 103309.531|INFO|Thread-46315|dumpPacket|   key: SERVER_CLOCK_OFFSET is: java.util.GregorianCalendar java.util.GregorianCalendar[time=1702139589514,areFieldsSet=true,areAllFieldsSet=false,lenient=true,zone=sun.util.calendar.ZoneInfo[id="GMT",offset=0,dstSavings=0,useDaylight=false,transitions=0,lastRule=null],firstDayOfWeek=1,minimalDaysInFirstWeek=1,ERA=1,YEAR=2023,MONTH=11,WEEK_OF_YEAR=49,WEEK_OF_MONTH=2,DAY_OF_MONTH=9,DAY_OF_YEAR=343,DAY_OF_WEEK=7,DAY_OF_WEEK_IN_MONTH=2,AM_PM=1,HOUR=4,HOUR_OF_DAY=16,MINUTE=33,SECOND=9,MILLISECOND=514,ZONE_OFFSET=0,DST_OFFSET=0]
231209 103309.531|INFO|Thread-46315|dumpPacket|   key: CONTEST_IDENTIFIER is: java.lang.String DryRun--6069080675419338087
231209 103309.531|INFO|Thread-46315|dumpPacket|   key: BALLOON_SETTINGS_LIST is: [Ledu.csus.ecs.pc2.core.model.BalloonSettings; [Ledu.csus.ecs.pc2.core.model.BalloonSettings;@48f29011
231209 103309.531|INFO|Thread-46315|dumpPacket|   key: RUN_LIST is: [Ledu.csus.ecs.pc2.core.model.Run; [Ledu.csus.ecs.pc2.core.model.Run;@37de38c3
231209 103309.531|INFO|Thread-46315|dumpPacket|   key: ACCOUNT_ARRAY is: [Ledu.csus.ecs.pc2.core.model.Account; [Ledu.csus.ecs.pc2.core.model.Account;@1ce9fb24
231209 103309.531|INFO|Thread-46315|info|handlePacket start Packet[LOGIN_SUCCESS] #2859 SERVER0 @ site 1 -> TEAM17 @ site 1
231209 103309.531|INFO|Thread-46315|dumpPacket|Packet LOGIN_SUCCESS (Seq #2859, o#2859 ) handlePacket
231209 103309.531|INFO|Thread-46315|dumpPacket|  From: SERVER0 @ site 1, oSERVER0 @ site 1 (DESKTOP-D75BQTV @ 212.212.212.212) (Contest Id: DryRun--6069080675419338087)
231209 103309.531|INFO|Thread-46315|dumpPacket|    To: TEAM17 @ site 1
231209 103309.531|INFO|Thread-46315|dumpPacket|   key: PROFILE_LIST is: [Ledu.csus.ecs.pc2.core.model.Profile; [Ledu.csus.ecs.pc2.core.model.Profile;@1817e8d6
231209 103309.531|INFO|Thread-46315|dumpPacket|   key: GENERAL_PROBLEM is: edu.csus.ecs.pc2.core.model.Problem General
231209 103309.531|INFO|Thread-46315|dumpPacket|   key: CLIENT_SETTINGS_LIST is: [Ledu.csus.ecs.pc2.core.model.ClientSettings; [Ledu.csus.ecs.pc2.core.model.ClientSettings;@16d015a4
231209 103309.531|INFO|Thread-46315|dumpPacket|   key: CONTEST_TIME is: edu.csus.ecs.pc2.core.model.ContestTime edu.csus.ecs.pc2.core.model.ContestTime@12ef83a6
231209 103309.531|INFO|Thread-46315|dumpPacket|   key: CLARIFICATION_LIST is: [Ledu.csus.ecs.pc2.core.model.Clarification; [Ledu.csus.ecs.pc2.core.model.Clarification;@57ed1f9f
231209 103309.531|INFO|Thread-46315|dumpPacket|   key: CATEGORY_LIST is: [Ledu.csus.ecs.pc2.core.model.Category; [Ledu.csus.ecs.pc2.core.model.Category;@701b0cec
231209 103309.531|INFO|Thread-46315|dumpPacket|   key: LANGUAGE_LIST is: [Ledu.csus.ecs.pc2.core.model.Language; [Ledu.csus.ecs.pc2.core.model.Language;@66704a7e
231209 103309.531|INFO|Thread-46315|dumpPacket|   key: REMOTE_LOGGED_IN_USERS is: [Ledu.csus.ecs.pc2.core.model.ClientId; [Ledu.csus.ecs.pc2.core.model.ClientId;@86c07a5
231209 103309.531|INFO|Thread-46315|dumpPacket|   key: CONTEST_TIME_LIST is: [Ledu.csus.ecs.pc2.core.model.ContestTime; [Ledu.csus.ecs.pc2.core.model.ContestTime;@37c2e0d0
231209 103309.531|INFO|Thread-46315|dumpPacket|   key: CONNECTION_HANDLE_ID_LIST is: [Ledu.csus.ecs.pc2.core.transport.ConnectionHandlerID; [Ledu.csus.ecs.pc2.core.transport.ConnectionHandlerID;@1f16f6a8
231209 103309.531|INFO|Thread-46315|dumpPacket|   key: PROFILE is: edu.csus.ecs.pc2.core.model.Profile DryRun--6069080675419338087
231209 103309.531|INFO|Thread-46315|dumpPacket|   key: CLIENT_ID is: edu.csus.ecs.pc2.core.model.ClientId TEAM17 @ site 1
231209 103309.531|INFO|Thread-46315|dumpPacket|   key: SITE_NUMBER is: java.lang.Integer 1
231209 103309.531|INFO|Thread-46315|dumpPacket|   key: CONTEST_INFORMATION is: edu.csus.ecs.pc2.core.model.ContestInformation edu.csus.ecs.pc2.core.model.ContestInformation@7bd17c8e
231209 103309.531|INFO|Thread-46315|dumpPacket|   key: SITE_LIST is: [Ledu.csus.ecs.pc2.core.model.Site; [Ledu.csus.ecs.pc2.core.model.Site;@13680d7e
231209 103309.531|INFO|Thread-46315|dumpPacket|   key: PROBLEM_DATA_FILES is: [Ledu.csus.ecs.pc2.core.model.ProblemDataFiles; [Ledu.csus.ecs.pc2.core.model.ProblemDataFiles;@338cbba3
231209 103309.531|INFO|Thread-46315|dumpPacket|   key: JUDGEMENT_LIST is: [Ledu.csus.ecs.pc2.core.model.Judgement; [Ledu.csus.ecs.pc2.core.model.Judgement;@1b07b8cc
231209 103309.531|INFO|Thread-46315|dumpPacket|   key: PROBLEM_LIST is: [Ledu.csus.ecs.pc2.core.model.Problem; [Ledu.csus.ecs.pc2.core.model.Problem;@6bc2922e
231209 103309.531|INFO|Thread-46315|dumpPacket|   key: GROUP_LIST is: [Ledu.csus.ecs.pc2.core.model.Group; [Ledu.csus.ecs.pc2.core.model.Group;@381261d5
231209 103309.531|INFO|Thread-46315|dumpPacket|   key: LOCAL_LOGGED_IN_USERS is: [Ledu.csus.ecs.pc2.core.model.ClientId; [Ledu.csus.ecs.pc2.core.model.ClientId;@6e9584d7
231209 103309.531|INFO|Thread-46315|dumpPacket|   key: SERVER_CLOCK_OFFSET is: java.util.GregorianCalendar java.util.GregorianCalendar[time=1702139589514,areFieldsSet=true,areAllFieldsSet=false,lenient=true,zone=sun.util.calendar.ZoneInfo[id="GMT",offset=0,dstSavings=0,useDaylight=false,transitions=0,lastRule=null],firstDayOfWeek=1,minimalDaysInFirstWeek=1,ERA=1,YEAR=2023,MONTH=11,WEEK_OF_YEAR=49,WEEK_OF_MONTH=2,DAY_OF_MONTH=9,DAY_OF_YEAR=343,DAY_OF_WEEK=7,DAY_OF_WEEK_IN_MONTH=2,AM_PM=1,HOUR=4,HOUR_OF_DAY=16,MINUTE=33,SECOND=9,MILLISECOND=514,ZONE_OFFSET=0,DST_OFFSET=0]
231209 103309.531|INFO|Thread-46315|dumpPacket|   key: CONTEST_IDENTIFIER is: java.lang.String DryRun--6069080675419338087
231209 103309.531|INFO|Thread-46315|dumpPacket|   key: BALLOON_SETTINGS_LIST is: [Ledu.csus.ecs.pc2.core.model.BalloonSettings; [Ledu.csus.ecs.pc2.core.model.BalloonSettings;@48f29011
231209 103309.531|INFO|Thread-46315|dumpPacket|   key: RUN_LIST is: [Ledu.csus.ecs.pc2.core.model.Run; [Ledu.csus.ecs.pc2.core.model.Run;@37de38c3
231209 103309.531|INFO|Thread-46315|dumpPacket|   key: ACCOUNT_ARRAY is: [Ledu.csus.ecs.pc2.core.model.Account; [Ledu.csus.ecs.pc2.core.model.Account;@1ce9fb24
231209 103352.623|INFO|Thread-46313|receive|public void receive(SealedObject TransportPacket, ConnectionHandlerID connectionHandlerID)
231209 103353.766|INFO|Thread-46313|receive|public void receive(SealedObject TransportPacket, ConnectionHandlerID connectionHandlerID)
231209 103356.348|INFO|Thread-46313|receive|public void receive(SealedObject TransportPacket, ConnectionHandlerID connectionHandlerID)
231209 103358.750|INFO|Thread-46313|receive|public void receive(SealedObject TransportPacket, ConnectionHandlerID connectionHandlerID)
231209 103358.889|INFO|Thread-46313|receive|public void receive(SealedObject TransportPacket, ConnectionHandlerID connectionHandlerID)
231209 103359.100|INFO|Thread-46313|receive|public void receive(SealedObject TransportPacket, ConnectionHandlerID connectionHandlerID)
231209 103359.255|INFO|Thread-46313|receive|public void receive(SealedObject TransportPacket, ConnectionHandlerID connectionHandlerID)
231209 103408.847|INFO|Thread-46313|connectionDropped|connectionDropped(ConnectionHandlerID myConnectionID) 
