221210 120421.097|CONFIG|qtp1613095350-39574|setFileHandlers|Now logging to C:\Users\18328\Desktop\pc2\WebTeamInterface-1.1\logs directory.
221210 120421.097|INFO|qtp1613095350-39574|info|
221210 120421.097|INFO|qtp1613095350-39574|info|Version 9 () Java ver 18.0.2.1 build  Windows 11 10.0 (amd64) 
221210 120421.097|INFO|qtp1613095350-39574|info|Login: team44 (aka team44)
221210 120421.098|INFO|qtp1613095350-39574|startLog|Working directory is C:\Users\18328\Desktop\pc2\WebTeamInterface-1.1
221210 120421.098|INFO|qtp1613095350-39574|startLog|Process id is 22344@DESKTOP-D75BQTV
221210 120421.098|INFO|qtp1613095350-39574|info|Contacting server at 212.212.212.212:50002 as TEAM44 @ site 0
221210 120421.098|INFO|qtp1613095350-39574|info|sendLoginRequest start - sending from TEAM44 @ site 0
221210 120421.098|INFO|qtp1613095350-39574|sendToLocalServer|Sending packet to server Packet[LOGIN_REQUEST] #665 TEAM44 @ site 0 -> SERVER0 @ site 0
221210 120421.098|INFO|qtp1613095350-39574|sendToLocalServer|Sent    packet to server Packet[LOGIN_REQUEST] #665 TEAM44 @ site 0 -> SERVER0 @ site 0
221210 120421.098|INFO|qtp1613095350-39574|info|sendLoginRequest end - packet sent.
221210 120421.098|INFO|Thread-143834|run|send(Serializable)
221210 120421.102|INFO|Thread-143833|receive|public void receive(SealedObject TransportPacket, ConnectionHandlerID connectionHandlerID)
221210 120421.104|INFO|Thread-143835|info| receiveObject(S) start got Packet[LOGIN_SUCCESS] #5868 SERVER0 @ site 1 -> TEAM44 @ site 1
221210 120421.104|INFO|Thread-143835|dumpPacket|Packet LOGIN_SUCCESS (Seq #5868, o#5868 ) recieveObject
221210 120421.104|INFO|Thread-143835|dumpPacket|  From: SERVER0 @ site 1, oSERVER0 @ site 1 (DESKTOP-D75BQTV @ 212.212.212.212) (Contest Id: Contest-4511288556462302159)
221210 120421.104|INFO|Thread-143835|dumpPacket|    To: TEAM44 @ site 1
221210 120421.104|INFO|Thread-143835|dumpPacket|   key: PROFILE_LIST is: [Ledu.csus.ecs.pc2.core.model.Profile; [Ledu.csus.ecs.pc2.core.model.Profile;@6f5f5c28
221210 120421.104|INFO|Thread-143835|dumpPacket|   key: GENERAL_PROBLEM is: edu.csus.ecs.pc2.core.model.Problem General
221210 120421.104|INFO|Thread-143835|dumpPacket|   key: CLIENT_SETTINGS_LIST is: [Ledu.csus.ecs.pc2.core.model.ClientSettings; [Ledu.csus.ecs.pc2.core.model.ClientSettings;@6198afb3
221210 120421.104|INFO|Thread-143835|dumpPacket|   key: CONTEST_TIME is: edu.csus.ecs.pc2.core.model.ContestTime edu.csus.ecs.pc2.core.model.ContestTime@65a73758
221210 120421.104|INFO|Thread-143835|dumpPacket|   key: CLARIFICATION_LIST is: [Ledu.csus.ecs.pc2.core.model.Clarification; [Ledu.csus.ecs.pc2.core.model.Clarification;@20a5a588
221210 120421.104|INFO|Thread-143835|dumpPacket|   key: CATEGORY_LIST is: [Ledu.csus.ecs.pc2.core.model.Category; [Ledu.csus.ecs.pc2.core.model.Category;@358e13a8
221210 120421.104|INFO|Thread-143835|dumpPacket|   key: LANGUAGE_LIST is: [Ledu.csus.ecs.pc2.core.model.Language; [Ledu.csus.ecs.pc2.core.model.Language;@114fc79d
221210 120421.104|INFO|Thread-143835|dumpPacket|   key: REMOTE_LOGGED_IN_USERS is: [Ledu.csus.ecs.pc2.core.model.ClientId; [Ledu.csus.ecs.pc2.core.model.ClientId;@4d8e2f1b
221210 120421.104|INFO|Thread-143835|dumpPacket|   key: CONTEST_TIME_LIST is: [Ledu.csus.ecs.pc2.core.model.ContestTime; [Ledu.csus.ecs.pc2.core.model.ContestTime;@408a5ac7
221210 120421.104|INFO|Thread-143835|dumpPacket|   key: CONNECTION_HANDLE_ID_LIST is: [Ledu.csus.ecs.pc2.core.transport.ConnectionHandlerID; [Ledu.csus.ecs.pc2.core.transport.ConnectionHandlerID;@5dc122d
221210 120421.104|INFO|Thread-143835|dumpPacket|   key: PROFILE is: edu.csus.ecs.pc2.core.model.Profile Contest-4511288556462302159
221210 120421.104|INFO|Thread-143835|dumpPacket|   key: CLIENT_ID is: edu.csus.ecs.pc2.core.model.ClientId TEAM44 @ site 1
221210 120421.104|INFO|Thread-143835|dumpPacket|   key: SITE_NUMBER is: java.lang.Integer 1
221210 120421.104|INFO|Thread-143835|dumpPacket|   key: CONTEST_INFORMATION is: edu.csus.ecs.pc2.core.model.ContestInformation edu.csus.ecs.pc2.core.model.ContestInformation@6ac04e24
221210 120421.104|INFO|Thread-143835|dumpPacket|   key: SITE_LIST is: [Ledu.csus.ecs.pc2.core.model.Site; [Ledu.csus.ecs.pc2.core.model.Site;@568a4290
221210 120421.104|INFO|Thread-143835|dumpPacket|   key: PROBLEM_DATA_FILES is: [Ledu.csus.ecs.pc2.core.model.ProblemDataFiles; [Ledu.csus.ecs.pc2.core.model.ProblemDataFiles;@44c466e4
221210 120421.104|INFO|Thread-143835|dumpPacket|   key: JUDGEMENT_LIST is: [Ledu.csus.ecs.pc2.core.model.Judgement; [Ledu.csus.ecs.pc2.core.model.Judgement;@216c492b
221210 120421.104|INFO|Thread-143835|dumpPacket|   key: PROBLEM_LIST is: [Ledu.csus.ecs.pc2.core.model.Problem; [Ledu.csus.ecs.pc2.core.model.Problem;@49b5924c
221210 120421.104|INFO|Thread-143835|dumpPacket|   key: GROUP_LIST is: [Ledu.csus.ecs.pc2.core.model.Group; [Ledu.csus.ecs.pc2.core.model.Group;@4dafc728
221210 120421.104|INFO|Thread-143835|dumpPacket|   key: LOCAL_LOGGED_IN_USERS is: [Ledu.csus.ecs.pc2.core.model.ClientId; [Ledu.csus.ecs.pc2.core.model.ClientId;@2abb6b3f
221210 120421.104|INFO|Thread-143835|dumpPacket|   key: SERVER_CLOCK_OFFSET is: java.util.GregorianCalendar java.util.GregorianCalendar[time=1670695461100,areFieldsSet=true,areAllFieldsSet=false,lenient=true,zone=sun.util.calendar.ZoneInfo[id="GMT",offset=0,dstSavings=0,useDaylight=false,transitions=0,lastRule=null],firstDayOfWeek=1,minimalDaysInFirstWeek=1,ERA=1,YEAR=2022,MONTH=11,WEEK_OF_YEAR=50,WEEK_OF_MONTH=2,DAY_OF_MONTH=10,DAY_OF_YEAR=344,DAY_OF_WEEK=7,DAY_OF_WEEK_IN_MONTH=2,AM_PM=1,HOUR=6,HOUR_OF_DAY=18,MINUTE=4,SECOND=21,MILLISECOND=100,ZONE_OFFSET=0,DST_OFFSET=0]
221210 120421.104|INFO|Thread-143835|dumpPacket|   key: CONTEST_IDENTIFIER is: java.lang.String Contest-4511288556462302159
221210 120421.104|INFO|Thread-143835|dumpPacket|   key: BALLOON_SETTINGS_LIST is: [Ledu.csus.ecs.pc2.core.model.BalloonSettings; [Ledu.csus.ecs.pc2.core.model.BalloonSettings;@69dd5a52
221210 120421.104|INFO|Thread-143835|dumpPacket|   key: RUN_LIST is: [Ledu.csus.ecs.pc2.core.model.Run; [Ledu.csus.ecs.pc2.core.model.Run;@c1f82d7
221210 120421.104|INFO|Thread-143835|dumpPacket|   key: ACCOUNT_ARRAY is: [Ledu.csus.ecs.pc2.core.model.Account; [Ledu.csus.ecs.pc2.core.model.Account;@3f3a82fb
221210 120421.104|INFO|Thread-143835|info|handlePacket start Packet[LOGIN_SUCCESS] #5868 SERVER0 @ site 1 -> TEAM44 @ site 1
221210 120421.104|INFO|Thread-143835|dumpPacket|Packet LOGIN_SUCCESS (Seq #5868, o#5868 ) handlePacket
221210 120421.104|INFO|Thread-143835|dumpPacket|  From: SERVER0 @ site 1, oSERVER0 @ site 1 (DESKTOP-D75BQTV @ 212.212.212.212) (Contest Id: Contest-4511288556462302159)
221210 120421.104|INFO|Thread-143835|dumpPacket|    To: TEAM44 @ site 1
221210 120421.104|INFO|Thread-143835|dumpPacket|   key: PROFILE_LIST is: [Ledu.csus.ecs.pc2.core.model.Profile; [Ledu.csus.ecs.pc2.core.model.Profile;@6f5f5c28
221210 120421.104|INFO|Thread-143835|dumpPacket|   key: GENERAL_PROBLEM is: edu.csus.ecs.pc2.core.model.Problem General
221210 120421.104|INFO|Thread-143835|dumpPacket|   key: CLIENT_SETTINGS_LIST is: [Ledu.csus.ecs.pc2.core.model.ClientSettings; [Ledu.csus.ecs.pc2.core.model.ClientSettings;@6198afb3
221210 120421.104|INFO|Thread-143835|dumpPacket|   key: CONTEST_TIME is: edu.csus.ecs.pc2.core.model.ContestTime edu.csus.ecs.pc2.core.model.ContestTime@65a73758
221210 120421.104|INFO|Thread-143835|dumpPacket|   key: CLARIFICATION_LIST is: [Ledu.csus.ecs.pc2.core.model.Clarification; [Ledu.csus.ecs.pc2.core.model.Clarification;@20a5a588
221210 120421.104|INFO|Thread-143835|dumpPacket|   key: CATEGORY_LIST is: [Ledu.csus.ecs.pc2.core.model.Category; [Ledu.csus.ecs.pc2.core.model.Category;@358e13a8
221210 120421.104|INFO|Thread-143835|dumpPacket|   key: LANGUAGE_LIST is: [Ledu.csus.ecs.pc2.core.model.Language; [Ledu.csus.ecs.pc2.core.model.Language;@114fc79d
221210 120421.104|INFO|Thread-143835|dumpPacket|   key: REMOTE_LOGGED_IN_USERS is: [Ledu.csus.ecs.pc2.core.model.ClientId; [Ledu.csus.ecs.pc2.core.model.ClientId;@4d8e2f1b
221210 120421.104|INFO|Thread-143835|dumpPacket|   key: CONTEST_TIME_LIST is: [Ledu.csus.ecs.pc2.core.model.ContestTime; [Ledu.csus.ecs.pc2.core.model.ContestTime;@408a5ac7
221210 120421.104|INFO|Thread-143835|dumpPacket|   key: CONNECTION_HANDLE_ID_LIST is: [Ledu.csus.ecs.pc2.core.transport.ConnectionHandlerID; [Ledu.csus.ecs.pc2.core.transport.ConnectionHandlerID;@5dc122d
221210 120421.104|INFO|Thread-143835|dumpPacket|   key: PROFILE is: edu.csus.ecs.pc2.core.model.Profile Contest-4511288556462302159
221210 120421.104|INFO|Thread-143835|dumpPacket|   key: CLIENT_ID is: edu.csus.ecs.pc2.core.model.ClientId TEAM44 @ site 1
221210 120421.104|INFO|Thread-143835|dumpPacket|   key: SITE_NUMBER is: java.lang.Integer 1
221210 120421.104|INFO|Thread-143835|dumpPacket|   key: CONTEST_INFORMATION is: edu.csus.ecs.pc2.core.model.ContestInformation edu.csus.ecs.pc2.core.model.ContestInformation@6ac04e24
221210 120421.105|INFO|Thread-143835|dumpPacket|   key: SITE_LIST is: [Ledu.csus.ecs.pc2.core.model.Site; [Ledu.csus.ecs.pc2.core.model.Site;@568a4290
221210 120421.105|INFO|Thread-143835|dumpPacket|   key: PROBLEM_DATA_FILES is: [Ledu.csus.ecs.pc2.core.model.ProblemDataFiles; [Ledu.csus.ecs.pc2.core.model.ProblemDataFiles;@44c466e4
221210 120421.105|INFO|Thread-143835|dumpPacket|   key: JUDGEMENT_LIST is: [Ledu.csus.ecs.pc2.core.model.Judgement; [Ledu.csus.ecs.pc2.core.model.Judgement;@216c492b
221210 120421.105|INFO|Thread-143835|dumpPacket|   key: PROBLEM_LIST is: [Ledu.csus.ecs.pc2.core.model.Problem; [Ledu.csus.ecs.pc2.core.model.Problem;@49b5924c
221210 120421.105|INFO|Thread-143835|dumpPacket|   key: GROUP_LIST is: [Ledu.csus.ecs.pc2.core.model.Group; [Ledu.csus.ecs.pc2.core.model.Group;@4dafc728
221210 120421.105|INFO|Thread-143835|dumpPacket|   key: LOCAL_LOGGED_IN_USERS is: [Ledu.csus.ecs.pc2.core.model.ClientId; [Ledu.csus.ecs.pc2.core.model.ClientId;@2abb6b3f
221210 120421.105|INFO|Thread-143835|dumpPacket|   key: SERVER_CLOCK_OFFSET is: java.util.GregorianCalendar java.util.GregorianCalendar[time=1670695461100,areFieldsSet=true,areAllFieldsSet=false,lenient=true,zone=sun.util.calendar.ZoneInfo[id="GMT",offset=0,dstSavings=0,useDaylight=false,transitions=0,lastRule=null],firstDayOfWeek=1,minimalDaysInFirstWeek=1,ERA=1,YEAR=2022,MONTH=11,WEEK_OF_YEAR=50,WEEK_OF_MONTH=2,DAY_OF_MONTH=10,DAY_OF_YEAR=344,DAY_OF_WEEK=7,DAY_OF_WEEK_IN_MONTH=2,AM_PM=1,HOUR=6,HOUR_OF_DAY=18,MINUTE=4,SECOND=21,MILLISECOND=100,ZONE_OFFSET=0,DST_OFFSET=0]
221210 120421.105|INFO|Thread-143835|dumpPacket|   key: CONTEST_IDENTIFIER is: java.lang.String Contest-4511288556462302159
221210 120421.105|INFO|Thread-143835|dumpPacket|   key: BALLOON_SETTINGS_LIST is: [Ledu.csus.ecs.pc2.core.model.BalloonSettings; [Ledu.csus.ecs.pc2.core.model.BalloonSettings;@69dd5a52
221210 120421.105|INFO|Thread-143835|dumpPacket|   key: RUN_LIST is: [Ledu.csus.ecs.pc2.core.model.Run; [Ledu.csus.ecs.pc2.core.model.Run;@c1f82d7
221210 120421.105|INFO|Thread-143835|dumpPacket|   key: ACCOUNT_ARRAY is: [Ledu.csus.ecs.pc2.core.model.Account; [Ledu.csus.ecs.pc2.core.model.Account;@3f3a82fb
221210 120440.555|INFO|Thread-144587|run|send(Serializable)
221210 120440.602|INFO|Thread-143833|receive|public void receive(SealedObject TransportPacket, ConnectionHandlerID connectionHandlerID)
221210 120512.827|INFO|Thread-145923|run|send(Serializable)
221210 120512.873|INFO|Thread-143833|receive|public void receive(SealedObject TransportPacket, ConnectionHandlerID connectionHandlerID)
221210 120608.359|INFO|Thread-143833|receive|public void receive(SealedObject TransportPacket, ConnectionHandlerID connectionHandlerID)
221210 120645.475|INFO|Thread-143833|receive|public void receive(SealedObject TransportPacket, ConnectionHandlerID connectionHandlerID)
221210 120724.567|INFO|Thread-143833|receive|public void receive(SealedObject TransportPacket, ConnectionHandlerID connectionHandlerID)
221210 122153.439|INFO|Thread-143833|receive|public void receive(SealedObject TransportPacket, ConnectionHandlerID connectionHandlerID)
221210 122202.089|INFO|Thread-143833|receive|public void receive(SealedObject TransportPacket, ConnectionHandlerID connectionHandlerID)
221210 123238.715|INFO|Thread-143833|receive|public void receive(SealedObject TransportPacket, ConnectionHandlerID connectionHandlerID)
221210 123319.993|INFO|Thread-143833|receive|public void receive(SealedObject TransportPacket, ConnectionHandlerID connectionHandlerID)
221210 124023.774|INFO|Thread-143833|receive|public void receive(SealedObject TransportPacket, ConnectionHandlerID connectionHandlerID)
221210 124037.785|INFO|Thread-143833|receive|public void receive(SealedObject TransportPacket, ConnectionHandlerID connectionHandlerID)
221210 150258.320|INFO|Thread-143833|connectionDropped|connectionDropped(ConnectionHandlerID myConnectionID) 
