231209 103956.122|CONFIG|Thread-49387|setFileHandlers|Now logging to C:\Users\18328\Desktop\pc2\WebTeamInterface-1.1\logs directory.
231209 103956.122|INFO|Thread-49387|info|
231209 103956.122|INFO|Thread-49387|info|Version 9 () Java ver 18.0.2.1 build  Windows 11 10.0 (amd64) 
231209 103956.130|INFO|Thread-49387|info|Login: team49 (aka team49)
231209 103956.130|INFO|Thread-49387|startLog|Working directory is C:\Users\18328\Desktop\pc2\WebTeamInterface-1.1
231209 103956.130|INFO|Thread-49387|startLog|Process id is 15028@DESKTOP-D75BQTV
231209 103956.130|INFO|Thread-49387|info| handlePacket original LOGIN_SUCCESS after -- all settings loaded 
231209 103956.130|INFO|Thread-49387|info|handlePacket end Packet[LOGIN_SUCCESS] #3612 SERVER0 @ site 1 -> TEAM49 @ site 1
231209 103956.130|INFO|Thread-49387|info| receiveObject(S) end   got Packet[LOGIN_SUCCESS] #3612 SERVER0 @ site 1 -> TEAM49 @ site 1
231209 104340.770|INFO|Thread-49610|info| receiveObject(S) start got Packet[CLOCK_STARTED] #3869 SERVER0 @ site 1 -> SERVER0 @ site 0
231209 104340.770|INFO|Thread-49610|dumpPacket|Packet CLOCK_STARTED (Seq #3869, o#3869 ) recieveObject
231209 104340.770|INFO|Thread-49610|dumpPacket|  From: SERVER0 @ site 1, oSERVER0 @ site 1 (DESKTOP-D75BQTV @ 212.212.212.212) (Contest Id: RealDeal--1957769244132597914)
231209 104340.770|INFO|Thread-49610|dumpPacket|    To: SERVER0 @ site 0
231209 104340.770|INFO|Thread-49610|dumpPacket|   key: SITE_NUMBER is: java.lang.Integer 1
231209 104340.770|INFO|Thread-49610|dumpPacket|   key: CLIENT_ID is: edu.csus.ecs.pc2.core.model.ClientId ADMINISTRATOR1 @ site 1
231209 104340.770|INFO|Thread-49610|dumpPacket|   key: SERVER_CLOCK_OFFSET is: java.util.GregorianCalendar java.util.GregorianCalendar[time=1702140220728,areFieldsSet=true,areAllFieldsSet=false,lenient=true,zone=sun.util.calendar.ZoneInfo[id="GMT",offset=0,dstSavings=0,useDaylight=false,transitions=0,lastRule=null],firstDayOfWeek=1,minimalDaysInFirstWeek=1,ERA=1,YEAR=2023,MONTH=11,WEEK_OF_YEAR=49,WEEK_OF_MONTH=2,DAY_OF_MONTH=9,DAY_OF_YEAR=343,DAY_OF_WEEK=7,DAY_OF_WEEK_IN_MONTH=2,AM_PM=1,HOUR=4,HOUR_OF_DAY=16,MINUTE=43,SECOND=40,MILLISECOND=728,ZONE_OFFSET=0,DST_OFFSET=0]
231209 104340.770|INFO|Thread-49610|info|handlePacket start Packet[CLOCK_STARTED] #3869 SERVER0 @ site 1 -> SERVER0 @ site 0
231209 104340.770|INFO|Thread-49610|dumpPacket|Packet CLOCK_STARTED (Seq #3869, o#3869 ) handlePacket
231209 104340.772|INFO|Thread-49610|dumpPacket|  From: SERVER0 @ site 1, oSERVER0 @ site 1 (DESKTOP-D75BQTV @ 212.212.212.212) (Contest Id: RealDeal--1957769244132597914)
231209 104340.772|INFO|Thread-49610|dumpPacket|    To: SERVER0 @ site 0
231209 104340.772|INFO|Thread-49610|dumpPacket|   key: SITE_NUMBER is: java.lang.Integer 1
231209 104340.772|INFO|Thread-49610|dumpPacket|   key: CLIENT_ID is: edu.csus.ecs.pc2.core.model.ClientId ADMINISTRATOR1 @ site 1
231209 104340.772|INFO|Thread-49610|dumpPacket|   key: SERVER_CLOCK_OFFSET is: java.util.GregorianCalendar java.util.GregorianCalendar[time=1702140220728,areFieldsSet=true,areAllFieldsSet=false,lenient=true,zone=sun.util.calendar.ZoneInfo[id="GMT",offset=0,dstSavings=0,useDaylight=false,transitions=0,lastRule=null],firstDayOfWeek=1,minimalDaysInFirstWeek=1,ERA=1,YEAR=2023,MONTH=11,WEEK_OF_YEAR=49,WEEK_OF_MONTH=2,DAY_OF_MONTH=9,DAY_OF_YEAR=343,DAY_OF_WEEK=7,DAY_OF_WEEK_IN_MONTH=2,AM_PM=1,HOUR=4,HOUR_OF_DAY=16,MINUTE=43,SECOND=40,MILLISECOND=728,ZONE_OFFSET=0,DST_OFFSET=0]
231209 104340.772|INFO|Thread-49610|info|Clock for site 1 started by ADMINISTRATOR1 @ site 1 elapsed 0:00:00
231209 104340.787|INFO|Thread-49610|info| receiveObject(S) end   got Packet[CLOCK_STARTED] #3869 SERVER0 @ site 1 -> SERVER0 @ site 0
231209 104900.094|INFO|Thread-55683|info| receiveObject(S) start got Packet[CLARIFICATION_ANSWER_UPDATE] #4015 SERVER0 @ site 1 -> SERVER0 @ site 0
231209 104900.094|INFO|Thread-55683|dumpPacket|Packet CLARIFICATION_ANSWER_UPDATE (Seq #4015, o#4015 ) recieveObject
231209 104900.094|INFO|Thread-55683|dumpPacket|  From: SERVER0 @ site 1, oSERVER0 @ site 1 (DESKTOP-D75BQTV @ 212.212.212.212) (Contest Id: RealDeal--1957769244132597914)
231209 104900.094|INFO|Thread-55683|dumpPacket|    To: SERVER0 @ site 0
231209 104900.094|INFO|Thread-55683|dumpPacket|   key: CLARIFICATION is: edu.csus.ecs.pc2.core.model.Clarification Clarification 1 ANSWERED from TEAM91 @ site 1 at 4 id=Clarification--3513482260916480937
231209 104900.094|INFO|Thread-55683|dumpPacket|   key: CLARIFICATION_ANSWER is: java.lang.String No response, read problem statement
231209 104900.094|INFO|Thread-55683|dumpPacket|   key: CLIENT_ID is: edu.csus.ecs.pc2.core.model.ClientId ADMINISTRATOR1 @ site 1
231209 104900.094|INFO|Thread-55683|info|handlePacket start Packet[CLARIFICATION_ANSWER_UPDATE] #4015 SERVER0 @ site 1 -> SERVER0 @ site 0
231209 104900.094|INFO|Thread-55683|dumpPacket|Packet CLARIFICATION_ANSWER_UPDATE (Seq #4015, o#4015 ) handlePacket
231209 104900.094|INFO|Thread-55683|dumpPacket|  From: SERVER0 @ site 1, oSERVER0 @ site 1 (DESKTOP-D75BQTV @ 212.212.212.212) (Contest Id: RealDeal--1957769244132597914)
231209 104900.094|INFO|Thread-55683|dumpPacket|    To: SERVER0 @ site 0
231209 104900.094|INFO|Thread-55683|dumpPacket|   key: CLARIFICATION is: edu.csus.ecs.pc2.core.model.Clarification Clarification 1 ANSWERED from TEAM91 @ site 1 at 4 id=Clarification--3513482260916480937
231209 104900.094|INFO|Thread-55683|dumpPacket|   key: CLARIFICATION_ANSWER is: java.lang.String No response, read problem statement
231209 104900.094|INFO|Thread-55683|dumpPacket|   key: CLIENT_ID is: edu.csus.ecs.pc2.core.model.ClientId ADMINISTRATOR1 @ site 1
231209 104900.095|INFO|Thread-55683|info| receiveObject(S) end   got Packet[CLARIFICATION_ANSWER_UPDATE] #4015 SERVER0 @ site 1 -> SERVER0 @ site 0
231209 104938.105|INFO|Thread-56459|info| receiveObject(S) start got Packet[CLARIFICATION_ANSWER_UPDATE] #4032 SERVER0 @ site 1 -> SERVER0 @ site 0
231209 104938.105|INFO|Thread-56459|dumpPacket|Packet CLARIFICATION_ANSWER_UPDATE (Seq #4032, o#4032 ) recieveObject
231209 104938.105|INFO|Thread-56459|dumpPacket|  From: SERVER0 @ site 1, oSERVER0 @ site 1 (DESKTOP-D75BQTV @ 212.212.212.212) (Contest Id: RealDeal--1957769244132597914)
231209 104938.105|INFO|Thread-56459|dumpPacket|    To: SERVER0 @ site 0
231209 104938.105|INFO|Thread-56459|dumpPacket|   key: CLARIFICATION is: edu.csus.ecs.pc2.core.model.Clarification Clarification 2 ANSWERED from JUDGE3 @ site 1 at 5 id=Clarification-2100581527514594593
231209 104938.105|INFO|Thread-56459|dumpPacket|   key: CLARIFICATION_ANSWER is: java.lang.String Read above
231209 104938.105|INFO|Thread-56459|dumpPacket|   key: CLIENT_ID is: edu.csus.ecs.pc2.core.model.ClientId ADMINISTRATOR1 @ site 1
231209 104938.105|INFO|Thread-56459|info|handlePacket start Packet[CLARIFICATION_ANSWER_UPDATE] #4032 SERVER0 @ site 1 -> SERVER0 @ site 0
231209 104938.105|INFO|Thread-56459|dumpPacket|Packet CLARIFICATION_ANSWER_UPDATE (Seq #4032, o#4032 ) handlePacket
231209 104938.105|INFO|Thread-56459|dumpPacket|  From: SERVER0 @ site 1, oSERVER0 @ site 1 (DESKTOP-D75BQTV @ 212.212.212.212) (Contest Id: RealDeal--1957769244132597914)
231209 104938.105|INFO|Thread-56459|dumpPacket|    To: SERVER0 @ site 0
231209 104938.105|INFO|Thread-56459|dumpPacket|   key: CLARIFICATION is: edu.csus.ecs.pc2.core.model.Clarification Clarification 2 ANSWERED from JUDGE3 @ site 1 at 5 id=Clarification-2100581527514594593
231209 104938.105|INFO|Thread-56459|dumpPacket|   key: CLARIFICATION_ANSWER is: java.lang.String Read above
231209 104938.105|INFO|Thread-56459|dumpPacket|   key: CLIENT_ID is: edu.csus.ecs.pc2.core.model.ClientId ADMINISTRATOR1 @ site 1
231209 104938.108|INFO|Thread-56459|info| receiveObject(S) end   got Packet[CLARIFICATION_ANSWER_UPDATE] #4032 SERVER0 @ site 1 -> SERVER0 @ site 0
231209 105758.494|INFO|Thread-64817|info| receiveObject(S) start got Packet[CLARIFICATION_ANSWER_UPDATE] #4323 SERVER0 @ site 1 -> SERVER0 @ site 0
231209 105758.494|INFO|Thread-64817|dumpPacket|Packet CLARIFICATION_ANSWER_UPDATE (Seq #4323, o#4323 ) recieveObject
231209 105758.494|INFO|Thread-64817|dumpPacket|  From: SERVER0 @ site 1, oSERVER0 @ site 1 (DESKTOP-D75BQTV @ 212.212.212.212) (Contest Id: RealDeal--1957769244132597914)
231209 105758.494|INFO|Thread-64817|dumpPacket|    To: SERVER0 @ site 0
231209 105758.494|INFO|Thread-64817|dumpPacket|   key: CLARIFICATION is: edu.csus.ecs.pc2.core.model.Clarification Clarification 3 ANSWERED from TEAM77 @ site 1 at 7 id=Clarification--6384166243320002001
231209 105758.498|INFO|Thread-64817|dumpPacket|   key: CLARIFICATION_ANSWER is: java.lang.String Its a 0.
231209 105758.498|INFO|Thread-64817|dumpPacket|   key: CLIENT_ID is: edu.csus.ecs.pc2.core.model.ClientId ADMINISTRATOR1 @ site 1
231209 105758.498|INFO|Thread-64817|info|handlePacket start Packet[CLARIFICATION_ANSWER_UPDATE] #4323 SERVER0 @ site 1 -> SERVER0 @ site 0
231209 105758.498|INFO|Thread-64817|dumpPacket|Packet CLARIFICATION_ANSWER_UPDATE (Seq #4323, o#4323 ) handlePacket
231209 105758.498|INFO|Thread-64817|dumpPacket|  From: SERVER0 @ site 1, oSERVER0 @ site 1 (DESKTOP-D75BQTV @ 212.212.212.212) (Contest Id: RealDeal--1957769244132597914)
231209 105758.498|INFO|Thread-64817|dumpPacket|    To: SERVER0 @ site 0
231209 105758.498|INFO|Thread-64817|dumpPacket|   key: CLARIFICATION is: edu.csus.ecs.pc2.core.model.Clarification Clarification 3 ANSWERED from TEAM77 @ site 1 at 7 id=Clarification--6384166243320002001
231209 105758.498|INFO|Thread-64817|dumpPacket|   key: CLARIFICATION_ANSWER is: java.lang.String Its a 0.
231209 105758.498|INFO|Thread-64817|dumpPacket|   key: CLIENT_ID is: edu.csus.ecs.pc2.core.model.ClientId ADMINISTRATOR1 @ site 1
231209 105758.499|INFO|Thread-64817|info| receiveObject(S) end   got Packet[CLARIFICATION_ANSWER_UPDATE] #4323 SERVER0 @ site 1 -> SERVER0 @ site 0
231209 110012.871|INFO|Thread-64918|info| receiveObject(S) start got Packet[CLARIFICATION_ANSWER_UPDATE] #4399 SERVER0 @ site 1 -> SERVER0 @ site 0
231209 110012.871|INFO|Thread-64918|dumpPacket|Packet CLARIFICATION_ANSWER_UPDATE (Seq #4399, o#4399 ) recieveObject
231209 110012.871|INFO|Thread-64918|dumpPacket|  From: SERVER0 @ site 1, oSERVER0 @ site 1 (DESKTOP-D75BQTV @ 212.212.212.212) (Contest Id: RealDeal--1957769244132597914)
231209 110012.871|INFO|Thread-64918|dumpPacket|    To: SERVER0 @ site 0
231209 110012.871|INFO|Thread-64918|dumpPacket|   key: CLARIFICATION is: edu.csus.ecs.pc2.core.model.Clarification Clarification 4 ANSWERED from TEAM82 @ site 1 at 14 id=Clarification-5863903242636736970
231209 110012.871|INFO|Thread-64918|dumpPacket|   key: CLARIFICATION_ANSWER is: java.lang.String Read the problem description.
231209 110012.871|INFO|Thread-64918|dumpPacket|   key: CLIENT_ID is: edu.csus.ecs.pc2.core.model.ClientId JUDGE10 @ site 1
231209 110012.871|INFO|Thread-64918|info|handlePacket start Packet[CLARIFICATION_ANSWER_UPDATE] #4399 SERVER0 @ site 1 -> SERVER0 @ site 0
231209 110012.871|INFO|Thread-64918|dumpPacket|Packet CLARIFICATION_ANSWER_UPDATE (Seq #4399, o#4399 ) handlePacket
231209 110012.871|INFO|Thread-64918|dumpPacket|  From: SERVER0 @ site 1, oSERVER0 @ site 1 (DESKTOP-D75BQTV @ 212.212.212.212) (Contest Id: RealDeal--1957769244132597914)
231209 110012.871|INFO|Thread-64918|dumpPacket|    To: SERVER0 @ site 0
231209 110012.871|INFO|Thread-64918|dumpPacket|   key: CLARIFICATION is: edu.csus.ecs.pc2.core.model.Clarification Clarification 4 ANSWERED from TEAM82 @ site 1 at 14 id=Clarification-5863903242636736970
231209 110012.872|INFO|Thread-64918|dumpPacket|   key: CLARIFICATION_ANSWER is: java.lang.String Read the problem description.
231209 110012.872|INFO|Thread-64918|dumpPacket|   key: CLIENT_ID is: edu.csus.ecs.pc2.core.model.ClientId JUDGE10 @ site 1
231209 110012.872|INFO|Thread-64918|info| receiveObject(S) end   got Packet[CLARIFICATION_ANSWER_UPDATE] #4399 SERVER0 @ site 1 -> SERVER0 @ site 0
231209 110139.120|INFO|Thread-65053|info| receiveObject(S) start got Packet[CLARIFICATION_ANSWER_UPDATE] #4469 SERVER0 @ site 1 -> SERVER0 @ site 0
231209 110139.120|INFO|Thread-65053|dumpPacket|Packet CLARIFICATION_ANSWER_UPDATE (Seq #4469, o#4469 ) recieveObject
231209 110139.120|INFO|Thread-65053|dumpPacket|  From: SERVER0 @ site 1, oSERVER0 @ site 1 (DESKTOP-D75BQTV @ 212.212.212.212) (Contest Id: RealDeal--1957769244132597914)
231209 110139.120|INFO|Thread-65053|dumpPacket|    To: SERVER0 @ site 0
231209 110139.120|INFO|Thread-65053|dumpPacket|   key: CLARIFICATION is: edu.csus.ecs.pc2.core.model.Clarification Clarification 5 ANSWERED from TEAM50 @ site 1 at 16 id=Clarification-1647212286997947126
231209 110139.120|INFO|Thread-65053|dumpPacket|   key: CLARIFICATION_ANSWER is: java.lang.String yes
231209 110139.120|INFO|Thread-65053|dumpPacket|   key: CLIENT_ID is: edu.csus.ecs.pc2.core.model.ClientId JUDGE10 @ site 1
231209 110139.120|INFO|Thread-65053|info|handlePacket start Packet[CLARIFICATION_ANSWER_UPDATE] #4469 SERVER0 @ site 1 -> SERVER0 @ site 0
231209 110139.120|INFO|Thread-65053|dumpPacket|Packet CLARIFICATION_ANSWER_UPDATE (Seq #4469, o#4469 ) handlePacket
231209 110139.120|INFO|Thread-65053|dumpPacket|  From: SERVER0 @ site 1, oSERVER0 @ site 1 (DESKTOP-D75BQTV @ 212.212.212.212) (Contest Id: RealDeal--1957769244132597914)
231209 110139.120|INFO|Thread-65053|dumpPacket|    To: SERVER0 @ site 0
231209 110139.120|INFO|Thread-65053|dumpPacket|   key: CLARIFICATION is: edu.csus.ecs.pc2.core.model.Clarification Clarification 5 ANSWERED from TEAM50 @ site 1 at 16 id=Clarification-1647212286997947126
231209 110139.120|INFO|Thread-65053|dumpPacket|   key: CLARIFICATION_ANSWER is: java.lang.String yes
231209 110139.120|INFO|Thread-65053|dumpPacket|   key: CLIENT_ID is: edu.csus.ecs.pc2.core.model.ClientId JUDGE10 @ site 1
231209 110139.120|INFO|Thread-65053|info| receiveObject(S) end   got Packet[CLARIFICATION_ANSWER_UPDATE] #4469 SERVER0 @ site 1 -> SERVER0 @ site 0
231209 110446.739|INFO|Thread-65261|info| receiveObject(S) start got Packet[CLARIFICATION_ANSWER_UPDATE] #4608 SERVER0 @ site 1 -> SERVER0 @ site 0
231209 110446.739|INFO|Thread-65261|dumpPacket|Packet CLARIFICATION_ANSWER_UPDATE (Seq #4608, o#4608 ) recieveObject
231209 110446.739|INFO|Thread-65261|dumpPacket|  From: SERVER0 @ site 1, oSERVER0 @ site 1 (DESKTOP-D75BQTV @ 212.212.212.212) (Contest Id: RealDeal--1957769244132597914)
231209 110446.739|INFO|Thread-65261|dumpPacket|    To: SERVER0 @ site 0
231209 110446.739|INFO|Thread-65261|dumpPacket|   key: CLARIFICATION is: edu.csus.ecs.pc2.core.model.Clarification Clarification 6 ANSWERED from TEAM117 @ site 1 at 20 id=Clarification-7620427522712153602
231209 110446.739|INFO|Thread-65261|dumpPacket|   key: CLARIFICATION_ANSWER is: java.lang.String There may be.
231209 110446.739|INFO|Thread-65261|dumpPacket|   key: CLIENT_ID is: edu.csus.ecs.pc2.core.model.ClientId ADMINISTRATOR1 @ site 1
231209 110446.739|INFO|Thread-65261|info|handlePacket start Packet[CLARIFICATION_ANSWER_UPDATE] #4608 SERVER0 @ site 1 -> SERVER0 @ site 0
231209 110446.739|INFO|Thread-65261|dumpPacket|Packet CLARIFICATION_ANSWER_UPDATE (Seq #4608, o#4608 ) handlePacket
231209 110446.739|INFO|Thread-65261|dumpPacket|  From: SERVER0 @ site 1, oSERVER0 @ site 1 (DESKTOP-D75BQTV @ 212.212.212.212) (Contest Id: RealDeal--1957769244132597914)
231209 110446.739|INFO|Thread-65261|dumpPacket|    To: SERVER0 @ site 0
231209 110446.739|INFO|Thread-65261|dumpPacket|   key: CLARIFICATION is: edu.csus.ecs.pc2.core.model.Clarification Clarification 6 ANSWERED from TEAM117 @ site 1 at 20 id=Clarification-7620427522712153602
231209 110446.739|INFO|Thread-65261|dumpPacket|   key: CLARIFICATION_ANSWER is: java.lang.String There may be.
231209 110446.739|INFO|Thread-65261|dumpPacket|   key: CLIENT_ID is: edu.csus.ecs.pc2.core.model.ClientId ADMINISTRATOR1 @ site 1
231209 110446.751|INFO|Thread-65261|info| receiveObject(S) end   got Packet[CLARIFICATION_ANSWER_UPDATE] #4608 SERVER0 @ site 1 -> SERVER0 @ site 0
231209 110645.407|INFO|Thread-65386|info| receiveObject(S) start got Packet[UPDATE_SETTING] #4698 SERVER0 @ site 1 -> SERVER0 @ site 0
231209 110645.407|INFO|Thread-65386|dumpPacket|Packet UPDATE_SETTING (Seq #4698, o#139 ) recieveObject
231209 110645.407|INFO|Thread-65386|dumpPacket|  From: SERVER0 @ site 1, oADMINISTRATOR1 @ site 1 (DESKTOP-D75BQTV @ 212.212.212.212) (Contest Id: RealDeal--1957769244132597914)
231209 110645.408|INFO|Thread-65386|dumpPacket|    To: SERVER0 @ site 0
231209 110645.408|INFO|Thread-65386|dumpPacket|   key: PROBLEM is: edu.csus.ecs.pc2.core.model.Problem Shuffle
231209 110645.408|INFO|Thread-65386|info|handlePacket start Packet[UPDATE_SETTING] #4698 SERVER0 @ site 1 -> SERVER0 @ site 0
231209 110645.408|INFO|Thread-65386|dumpPacket|Packet UPDATE_SETTING (Seq #4698, o#139 ) handlePacket
231209 110645.408|INFO|Thread-65386|dumpPacket|  From: SERVER0 @ site 1, oADMINISTRATOR1 @ site 1 (DESKTOP-D75BQTV @ 212.212.212.212) (Contest Id: RealDeal--1957769244132597914)
231209 110645.408|INFO|Thread-65386|dumpPacket|    To: SERVER0 @ site 0
231209 110645.408|INFO|Thread-65386|dumpPacket|   key: PROBLEM is: edu.csus.ecs.pc2.core.model.Problem Shuffle
231209 110645.408|INFO|Thread-65386|info|handlePacket end Packet[UPDATE_SETTING] #4698 SERVER0 @ site 1 -> SERVER0 @ site 0
231209 110645.408|INFO|Thread-65386|info| receiveObject(S) end   got Packet[UPDATE_SETTING] #4698 SERVER0 @ site 1 -> SERVER0 @ site 0
231209 111315.668|INFO|Thread-65603|info| receiveObject(S) start got Packet[CLARIFICATION_ANSWER_UPDATE] #4919 SERVER0 @ site 1 -> SERVER0 @ site 0
231209 111315.668|INFO|Thread-65603|dumpPacket|Packet CLARIFICATION_ANSWER_UPDATE (Seq #4919, o#4919 ) recieveObject
231209 111315.668|INFO|Thread-65603|dumpPacket|  From: SERVER0 @ site 1, oSERVER0 @ site 1 (DESKTOP-D75BQTV @ 212.212.212.212) (Contest Id: RealDeal--1957769244132597914)
231209 111315.668|INFO|Thread-65603|dumpPacket|    To: SERVER0 @ site 0
231209 111315.668|INFO|Thread-65603|dumpPacket|   key: CLARIFICATION is: edu.csus.ecs.pc2.core.model.Clarification Clarification 9 ANSWERED from TEAM75 @ site 1 at 27 id=Clarification-2320838978162202316
231209 111315.668|INFO|Thread-65603|dumpPacket|   key: CLARIFICATION_ANSWER is: java.lang.String No response, read problem statement
231209 111315.668|INFO|Thread-65603|dumpPacket|   key: CLIENT_ID is: edu.csus.ecs.pc2.core.model.ClientId ADMINISTRATOR1 @ site 1
231209 111315.668|INFO|Thread-65603|info|handlePacket start Packet[CLARIFICATION_ANSWER_UPDATE] #4919 SERVER0 @ site 1 -> SERVER0 @ site 0
231209 111315.668|INFO|Thread-65603|dumpPacket|Packet CLARIFICATION_ANSWER_UPDATE (Seq #4919, o#4919 ) handlePacket
231209 111315.668|INFO|Thread-65603|dumpPacket|  From: SERVER0 @ site 1, oSERVER0 @ site 1 (DESKTOP-D75BQTV @ 212.212.212.212) (Contest Id: RealDeal--1957769244132597914)
231209 111315.668|INFO|Thread-65603|dumpPacket|    To: SERVER0 @ site 0
231209 111315.668|INFO|Thread-65603|dumpPacket|   key: CLARIFICATION is: edu.csus.ecs.pc2.core.model.Clarification Clarification 9 ANSWERED from TEAM75 @ site 1 at 27 id=Clarification-2320838978162202316
231209 111315.668|INFO|Thread-65603|dumpPacket|   key: CLARIFICATION_ANSWER is: java.lang.String No response, read problem statement
231209 111315.668|INFO|Thread-65603|dumpPacket|   key: CLIENT_ID is: edu.csus.ecs.pc2.core.model.ClientId ADMINISTRATOR1 @ site 1
231209 111315.684|INFO|Thread-65603|info| receiveObject(S) end   got Packet[CLARIFICATION_ANSWER_UPDATE] #4919 SERVER0 @ site 1 -> SERVER0 @ site 0
231209 111459.740|INFO|Thread-65736|info| receiveObject(S) start got Packet[CLARIFICATION_ANSWER_UPDATE] #4991 SERVER0 @ site 1 -> SERVER0 @ site 0
231209 111459.740|INFO|Thread-65736|dumpPacket|Packet CLARIFICATION_ANSWER_UPDATE (Seq #4991, o#4991 ) recieveObject
231209 111459.740|INFO|Thread-65736|dumpPacket|  From: SERVER0 @ site 1, oSERVER0 @ site 1 (DESKTOP-D75BQTV @ 212.212.212.212) (Contest Id: RealDeal--1957769244132597914)
231209 111459.740|INFO|Thread-65736|dumpPacket|    To: SERVER0 @ site 0
231209 111459.740|INFO|Thread-65736|dumpPacket|   key: CLARIFICATION is: edu.csus.ecs.pc2.core.model.Clarification Clarification 10 ANSWERED from TEAM81 @ site 1 at 28 id=Clarification--5973036823618156599
231209 111459.740|INFO|Thread-65736|dumpPacket|   key: CLARIFICATION_ANSWER is: java.lang.String It is 3/4 a cup of butter
231209 111459.740|INFO|Thread-65736|dumpPacket|   key: CLIENT_ID is: edu.csus.ecs.pc2.core.model.ClientId JUDGE10 @ site 1
231209 111459.740|INFO|Thread-65736|info|handlePacket start Packet[CLARIFICATION_ANSWER_UPDATE] #4991 SERVER0 @ site 1 -> SERVER0 @ site 0
231209 111459.740|INFO|Thread-65736|dumpPacket|Packet CLARIFICATION_ANSWER_UPDATE (Seq #4991, o#4991 ) handlePacket
231209 111459.740|INFO|Thread-65736|dumpPacket|  From: SERVER0 @ site 1, oSERVER0 @ site 1 (DESKTOP-D75BQTV @ 212.212.212.212) (Contest Id: RealDeal--1957769244132597914)
231209 111459.740|INFO|Thread-65736|dumpPacket|    To: SERVER0 @ site 0
231209 111459.740|INFO|Thread-65736|dumpPacket|   key: CLARIFICATION is: edu.csus.ecs.pc2.core.model.Clarification Clarification 10 ANSWERED from TEAM81 @ site 1 at 28 id=Clarification--5973036823618156599
231209 111459.740|INFO|Thread-65736|dumpPacket|   key: CLARIFICATION_ANSWER is: java.lang.String It is 3/4 a cup of butter
231209 111459.740|INFO|Thread-65736|dumpPacket|   key: CLIENT_ID is: edu.csus.ecs.pc2.core.model.ClientId JUDGE10 @ site 1
231209 111459.829|INFO|Thread-65736|info| receiveObject(S) end   got Packet[CLARIFICATION_ANSWER_UPDATE] #4991 SERVER0 @ site 1 -> SERVER0 @ site 0
231209 113242.809|INFO|qtp135640095-66025|sendToLocalServer|Sending packet to server Packet[RUN_SUBMISSION] #1015 TEAM49 @ site 1 -> SERVER0 @ site 1
231209 113242.809|INFO|qtp135640095-66025|sendToLocalServer|Sent    packet to server Packet[RUN_SUBMISSION] #1015 TEAM49 @ site 1 -> SERVER0 @ site 1
231209 113243.036|INFO|Thread-66129|info| receiveObject(S) start got Packet[RUN_SUBMISSION_CONFIRM] #5679 SERVER0 @ site 1 -> TEAM49 @ site 1
231209 113243.036|INFO|Thread-66129|dumpPacket|Packet RUN_SUBMISSION_CONFIRM (Seq #5679, o#5679 ) recieveObject
231209 113243.036|INFO|Thread-66129|dumpPacket|  From: SERVER0 @ site 1, oSERVER0 @ site 1 (DESKTOP-D75BQTV @ 212.212.212.212) (Contest Id: RealDeal--1957769244132597914)
231209 113243.036|INFO|Thread-66129|dumpPacket|    To: TEAM49 @ site 1
231209 113243.036|INFO|Thread-66129|dumpPacket|   key: RUN is: edu.csus.ecs.pc2.core.model.Run Run 249 NEW 49 min 2942084ms from TEAM49 @ site 1 id Run--1088921369198836367 problem Espresso--8279138056088281247 lang Java--8800253324652192008
231209 113243.036|INFO|Thread-66129|info|handlePacket start Packet[RUN_SUBMISSION_CONFIRM] #5679 SERVER0 @ site 1 -> TEAM49 @ site 1
231209 113243.036|INFO|Thread-66129|dumpPacket|Packet RUN_SUBMISSION_CONFIRM (Seq #5679, o#5679 ) handlePacket
231209 113243.036|INFO|Thread-66129|dumpPacket|  From: SERVER0 @ site 1, oSERVER0 @ site 1 (DESKTOP-D75BQTV @ 212.212.212.212) (Contest Id: RealDeal--1957769244132597914)
231209 113243.036|INFO|Thread-66129|dumpPacket|    To: TEAM49 @ site 1
231209 113243.036|INFO|Thread-66129|dumpPacket|   key: RUN is: edu.csus.ecs.pc2.core.model.Run Run 249 NEW 49 min 2942084ms from TEAM49 @ site 1 id Run--1088921369198836367 problem Espresso--8279138056088281247 lang Java--8800253324652192008
231209 113243.036|INFO|Thread-66129|info| receiveObject(S) end   got Packet[RUN_SUBMISSION_CONFIRM] #5679 SERVER0 @ site 1 -> TEAM49 @ site 1
231209 113248.350|INFO|Thread-66134|info| receiveObject(S) start got Packet[RUN_JUDGEMENT] #5688 SERVER0 @ site 1 -> TEAM49 @ site 1
231209 113248.350|INFO|Thread-66134|dumpPacket|Packet RUN_JUDGEMENT (Seq #5688, o#5688 ) recieveObject
231209 113248.350|INFO|Thread-66134|dumpPacket|  From: SERVER0 @ site 1, oSERVER0 @ site 1 (DESKTOP-D75BQTV @ 212.212.212.212) (Contest Id: RealDeal--1957769244132597914)
231209 113248.350|INFO|Thread-66134|dumpPacket|    To: TEAM49 @ site 1
231209 113248.350|INFO|Thread-66134|dumpPacket|   key: JUDGEMENT_RECORD is: edu.csus.ecs.pc2.core.model.JudgementRecord Yes by JUDGE2 @ site 1 judgement Yes-2915828768858405923 id JudgementRecord-1264330097054159539
231209 113248.350|INFO|Thread-66134|dumpPacket|   key: RUN is: edu.csus.ecs.pc2.core.model.Run Run 249 JUDGED 49 min 2942084ms from TEAM49 @ site 1 id Run--1088921369198836367 problem Espresso--8279138056088281247 lang Java--8800253324652192008
231209 113248.350|INFO|Thread-66134|dumpPacket|   key: CLIENT_ID is: edu.csus.ecs.pc2.core.model.ClientId SERVER0 @ site 1
231209 113248.350|INFO|Thread-66134|info|handlePacket start Packet[RUN_JUDGEMENT] #5688 SERVER0 @ site 1 -> TEAM49 @ site 1
231209 113248.350|INFO|Thread-66134|dumpPacket|Packet RUN_JUDGEMENT (Seq #5688, o#5688 ) handlePacket
231209 113248.350|INFO|Thread-66134|dumpPacket|  From: SERVER0 @ site 1, oSERVER0 @ site 1 (DESKTOP-D75BQTV @ 212.212.212.212) (Contest Id: RealDeal--1957769244132597914)
231209 113248.350|INFO|Thread-66134|dumpPacket|    To: TEAM49 @ site 1
231209 113248.350|INFO|Thread-66134|dumpPacket|   key: JUDGEMENT_RECORD is: edu.csus.ecs.pc2.core.model.JudgementRecord Yes by JUDGE2 @ site 1 judgement Yes-2915828768858405923 id JudgementRecord-1264330097054159539
231209 113248.350|INFO|Thread-66134|dumpPacket|   key: RUN is: edu.csus.ecs.pc2.core.model.Run Run 249 JUDGED 49 min 2942084ms from TEAM49 @ site 1 id Run--1088921369198836367 problem Espresso--8279138056088281247 lang Java--8800253324652192008
231209 113248.350|INFO|Thread-66134|dumpPacket|   key: CLIENT_ID is: edu.csus.ecs.pc2.core.model.ClientId SERVER0 @ site 1
231209 113248.350|INFO|Thread-66134|info| receiveObject(S) end   got Packet[RUN_JUDGEMENT] #5688 SERVER0 @ site 1 -> TEAM49 @ site 1
231209 113901.059|INFO|qtp135640095-66044|sendToLocalServer|Sending packet to server Packet[RUN_SUBMISSION] #1061 TEAM49 @ site 1 -> SERVER0 @ site 1
231209 113901.059|INFO|qtp135640095-66044|sendToLocalServer|Sent    packet to server Packet[RUN_SUBMISSION] #1061 TEAM49 @ site 1 -> SERVER0 @ site 1
231209 113901.211|INFO|Thread-66270|info| receiveObject(S) start got Packet[RUN_SUBMISSION_CONFIRM] #5957 SERVER0 @ site 1 -> TEAM49 @ site 1
231209 113901.211|INFO|Thread-66270|dumpPacket|Packet RUN_SUBMISSION_CONFIRM (Seq #5957, o#5957 ) recieveObject
231209 113901.211|INFO|Thread-66270|dumpPacket|  From: SERVER0 @ site 1, oSERVER0 @ site 1 (DESKTOP-D75BQTV @ 212.212.212.212) (Contest Id: RealDeal--1957769244132597914)
231209 113901.211|INFO|Thread-66270|dumpPacket|    To: TEAM49 @ site 1
231209 113901.211|INFO|Thread-66270|dumpPacket|   key: RUN is: edu.csus.ecs.pc2.core.model.Run Run 292 NEW 55 min 3320331ms from TEAM49 @ site 1 id Run--6003498189362767363 problem Shuffle-6042438827781162179 lang Java--8800253324652192008
231209 113901.211|INFO|Thread-66270|info|handlePacket start Packet[RUN_SUBMISSION_CONFIRM] #5957 SERVER0 @ site 1 -> TEAM49 @ site 1
231209 113901.211|INFO|Thread-66270|dumpPacket|Packet RUN_SUBMISSION_CONFIRM (Seq #5957, o#5957 ) handlePacket
231209 113901.211|INFO|Thread-66270|dumpPacket|  From: SERVER0 @ site 1, oSERVER0 @ site 1 (DESKTOP-D75BQTV @ 212.212.212.212) (Contest Id: RealDeal--1957769244132597914)
231209 113901.211|INFO|Thread-66270|dumpPacket|    To: TEAM49 @ site 1
231209 113901.211|INFO|Thread-66270|dumpPacket|   key: RUN is: edu.csus.ecs.pc2.core.model.Run Run 292 NEW 55 min 3320331ms from TEAM49 @ site 1 id Run--6003498189362767363 problem Shuffle-6042438827781162179 lang Java--8800253324652192008
231209 113901.211|INFO|Thread-66270|info| receiveObject(S) end   got Packet[RUN_SUBMISSION_CONFIRM] #5957 SERVER0 @ site 1 -> TEAM49 @ site 1
231209 113908.522|INFO|Thread-66272|info| receiveObject(S) start got Packet[RUN_JUDGEMENT] #5963 SERVER0 @ site 1 -> TEAM49 @ site 1
231209 113908.522|INFO|Thread-66272|dumpPacket|Packet RUN_JUDGEMENT (Seq #5963, o#5963 ) recieveObject
231209 113908.522|INFO|Thread-66272|dumpPacket|  From: SERVER0 @ site 1, oSERVER0 @ site 1 (DESKTOP-D75BQTV @ 212.212.212.212) (Contest Id: RealDeal--1957769244132597914)
231209 113908.522|INFO|Thread-66272|dumpPacket|    To: TEAM49 @ site 1
231209 113908.522|INFO|Thread-66272|dumpPacket|   key: JUDGEMENT_RECORD is: edu.csus.ecs.pc2.core.model.JudgementRecord Yes by JUDGE10 @ site 1 judgement Yes-2915828768858405923 id JudgementRecord--6398522045026671610
231209 113908.522|INFO|Thread-66272|dumpPacket|   key: RUN is: edu.csus.ecs.pc2.core.model.Run Run 292 JUDGED 55 min 3320331ms from TEAM49 @ site 1 id Run--6003498189362767363 problem Shuffle-6042438827781162179 lang Java--8800253324652192008
231209 113908.522|INFO|Thread-66272|dumpPacket|   key: CLIENT_ID is: edu.csus.ecs.pc2.core.model.ClientId SERVER0 @ site 1
231209 113908.522|INFO|Thread-66272|info|handlePacket start Packet[RUN_JUDGEMENT] #5963 SERVER0 @ site 1 -> TEAM49 @ site 1
231209 113908.522|INFO|Thread-66272|dumpPacket|Packet RUN_JUDGEMENT (Seq #5963, o#5963 ) handlePacket
231209 113908.522|INFO|Thread-66272|dumpPacket|  From: SERVER0 @ site 1, oSERVER0 @ site 1 (DESKTOP-D75BQTV @ 212.212.212.212) (Contest Id: RealDeal--1957769244132597914)
231209 113908.522|INFO|Thread-66272|dumpPacket|    To: TEAM49 @ site 1
231209 113908.522|INFO|Thread-66272|dumpPacket|   key: JUDGEMENT_RECORD is: edu.csus.ecs.pc2.core.model.JudgementRecord Yes by JUDGE10 @ site 1 judgement Yes-2915828768858405923 id JudgementRecord--6398522045026671610
231209 113908.522|INFO|Thread-66272|dumpPacket|   key: RUN is: edu.csus.ecs.pc2.core.model.Run Run 292 JUDGED 55 min 3320331ms from TEAM49 @ site 1 id Run--6003498189362767363 problem Shuffle-6042438827781162179 lang Java--8800253324652192008
231209 113908.522|INFO|Thread-66272|dumpPacket|   key: CLIENT_ID is: edu.csus.ecs.pc2.core.model.ClientId SERVER0 @ site 1
231209 113908.522|INFO|Thread-66272|info| receiveObject(S) end   got Packet[RUN_JUDGEMENT] #5963 SERVER0 @ site 1 -> TEAM49 @ site 1
231209 115332.385|INFO|qtp135640095-65675|sendToLocalServer|Sending packet to server Packet[RUN_SUBMISSION] #1180 TEAM49 @ site 1 -> SERVER0 @ site 1
231209 115332.385|INFO|qtp135640095-65675|sendToLocalServer|Sent    packet to server Packet[RUN_SUBMISSION] #1180 TEAM49 @ site 1 -> SERVER0 @ site 1
231209 115332.565|INFO|Thread-66637|info| receiveObject(S) start got Packet[RUN_SUBMISSION_CONFIRM] #6685 SERVER0 @ site 1 -> TEAM49 @ site 1
231209 115332.565|INFO|Thread-66637|dumpPacket|Packet RUN_SUBMISSION_CONFIRM (Seq #6685, o#6685 ) recieveObject
231209 115332.565|INFO|Thread-66637|dumpPacket|  From: SERVER0 @ site 1, oSERVER0 @ site 1 (DESKTOP-D75BQTV @ 212.212.212.212) (Contest Id: RealDeal--1957769244132597914)
231209 115332.565|INFO|Thread-66637|dumpPacket|    To: TEAM49 @ site 1
231209 115332.565|INFO|Thread-66637|dumpPacket|   key: RUN is: edu.csus.ecs.pc2.core.model.Run Run 402 NEW 69 min 4191660ms from TEAM49 @ site 1 id Run--5576750885036160283 problem Word--384876857808405789 lang Java--8800253324652192008
231209 115332.565|INFO|Thread-66637|info|handlePacket start Packet[RUN_SUBMISSION_CONFIRM] #6685 SERVER0 @ site 1 -> TEAM49 @ site 1
231209 115332.565|INFO|Thread-66637|dumpPacket|Packet RUN_SUBMISSION_CONFIRM (Seq #6685, o#6685 ) handlePacket
231209 115332.565|INFO|Thread-66637|dumpPacket|  From: SERVER0 @ site 1, oSERVER0 @ site 1 (DESKTOP-D75BQTV @ 212.212.212.212) (Contest Id: RealDeal--1957769244132597914)
231209 115332.565|INFO|Thread-66637|dumpPacket|    To: TEAM49 @ site 1
231209 115332.565|INFO|Thread-66637|dumpPacket|   key: RUN is: edu.csus.ecs.pc2.core.model.Run Run 402 NEW 69 min 4191660ms from TEAM49 @ site 1 id Run--5576750885036160283 problem Word--384876857808405789 lang Java--8800253324652192008
231209 115332.565|INFO|Thread-66637|info| receiveObject(S) end   got Packet[RUN_SUBMISSION_CONFIRM] #6685 SERVER0 @ site 1 -> TEAM49 @ site 1
231209 115338.492|INFO|Thread-66642|info| receiveObject(S) start got Packet[RUN_JUDGEMENT] #6695 SERVER0 @ site 1 -> TEAM49 @ site 1
231209 115338.492|INFO|Thread-66642|dumpPacket|Packet RUN_JUDGEMENT (Seq #6695, o#6695 ) recieveObject
231209 115338.492|INFO|Thread-66642|dumpPacket|  From: SERVER0 @ site 1, oSERVER0 @ site 1 (DESKTOP-D75BQTV @ 212.212.212.212) (Contest Id: RealDeal--1957769244132597914)
231209 115338.492|INFO|Thread-66642|dumpPacket|    To: TEAM49 @ site 1
231209 115338.492|INFO|Thread-66642|dumpPacket|   key: JUDGEMENT_RECORD is: edu.csus.ecs.pc2.core.model.JudgementRecord Yes by JUDGE3 @ site 1 judgement Yes-2915828768858405923 id JudgementRecord--4438044804812584853
231209 115338.492|INFO|Thread-66642|dumpPacket|   key: RUN is: edu.csus.ecs.pc2.core.model.Run Run 402 JUDGED 69 min 4191660ms from TEAM49 @ site 1 id Run--5576750885036160283 problem Word--384876857808405789 lang Java--8800253324652192008
231209 115338.492|INFO|Thread-66642|dumpPacket|   key: CLIENT_ID is: edu.csus.ecs.pc2.core.model.ClientId SERVER0 @ site 1
231209 115338.492|INFO|Thread-66642|info|handlePacket start Packet[RUN_JUDGEMENT] #6695 SERVER0 @ site 1 -> TEAM49 @ site 1
231209 115338.492|INFO|Thread-66642|dumpPacket|Packet RUN_JUDGEMENT (Seq #6695, o#6695 ) handlePacket
231209 115338.492|INFO|Thread-66642|dumpPacket|  From: SERVER0 @ site 1, oSERVER0 @ site 1 (DESKTOP-D75BQTV @ 212.212.212.212) (Contest Id: RealDeal--1957769244132597914)
231209 115338.492|INFO|Thread-66642|dumpPacket|    To: TEAM49 @ site 1
231209 115338.492|INFO|Thread-66642|dumpPacket|   key: JUDGEMENT_RECORD is: edu.csus.ecs.pc2.core.model.JudgementRecord Yes by JUDGE3 @ site 1 judgement Yes-2915828768858405923 id JudgementRecord--4438044804812584853
231209 115338.492|INFO|Thread-66642|dumpPacket|   key: RUN is: edu.csus.ecs.pc2.core.model.Run Run 402 JUDGED 69 min 4191660ms from TEAM49 @ site 1 id Run--5576750885036160283 problem Word--384876857808405789 lang Java--8800253324652192008
231209 115338.492|INFO|Thread-66642|dumpPacket|   key: CLIENT_ID is: edu.csus.ecs.pc2.core.model.ClientId SERVER0 @ site 1
231209 115338.492|INFO|Thread-66642|info| receiveObject(S) end   got Packet[RUN_JUDGEMENT] #6695 SERVER0 @ site 1 -> TEAM49 @ site 1
231209 115431.472|INFO|Thread-66672|info| receiveObject(S) start got Packet[CLARIFICATION_ANSWER_UPDATE] #6720 SERVER0 @ site 1 -> SERVER0 @ site 0
231209 115431.472|INFO|Thread-66672|dumpPacket|Packet CLARIFICATION_ANSWER_UPDATE (Seq #6720, o#6720 ) recieveObject
231209 115431.472|INFO|Thread-66672|dumpPacket|  From: SERVER0 @ site 1, oSERVER0 @ site 1 (DESKTOP-D75BQTV @ 212.212.212.212) (Contest Id: RealDeal--1957769244132597914)
231209 115431.472|INFO|Thread-66672|dumpPacket|    To: SERVER0 @ site 0
231209 115431.472|INFO|Thread-66672|dumpPacket|   key: CLARIFICATION is: edu.csus.ecs.pc2.core.model.Clarification Clarification 20 ANSWERED from TEAM100 @ site 1 at 69 id=Clarification--4622882980912914428
231209 115431.472|INFO|Thread-66672|dumpPacket|   key: CLARIFICATION_ANSWER is: java.lang.String This is not usaco guys, brute force to your hearts content.
231209 115431.472|INFO|Thread-66672|dumpPacket|   key: CLIENT_ID is: edu.csus.ecs.pc2.core.model.ClientId ADMINISTRATOR1 @ site 1
231209 115431.472|INFO|Thread-66672|info|handlePacket start Packet[CLARIFICATION_ANSWER_UPDATE] #6720 SERVER0 @ site 1 -> SERVER0 @ site 0
231209 115431.472|INFO|Thread-66672|dumpPacket|Packet CLARIFICATION_ANSWER_UPDATE (Seq #6720, o#6720 ) handlePacket
231209 115431.472|INFO|Thread-66672|dumpPacket|  From: SERVER0 @ site 1, oSERVER0 @ site 1 (DESKTOP-D75BQTV @ 212.212.212.212) (Contest Id: RealDeal--1957769244132597914)
231209 115431.472|INFO|Thread-66672|dumpPacket|    To: SERVER0 @ site 0
231209 115431.472|INFO|Thread-66672|dumpPacket|   key: CLARIFICATION is: edu.csus.ecs.pc2.core.model.Clarification Clarification 20 ANSWERED from TEAM100 @ site 1 at 69 id=Clarification--4622882980912914428
231209 115431.472|INFO|Thread-66672|dumpPacket|   key: CLARIFICATION_ANSWER is: java.lang.String This is not usaco guys, brute force to your hearts content.
231209 115431.472|INFO|Thread-66672|dumpPacket|   key: CLIENT_ID is: edu.csus.ecs.pc2.core.model.ClientId ADMINISTRATOR1 @ site 1
231209 115431.483|INFO|Thread-66672|info| receiveObject(S) end   got Packet[CLARIFICATION_ANSWER_UPDATE] #6720 SERVER0 @ site 1 -> SERVER0 @ site 0
231209 120006.123|INFO|qtp135640095-66459|sendToLocalServer|Sending packet to server Packet[RUN_SUBMISSION] #1227 TEAM49 @ site 1 -> SERVER0 @ site 1
231209 120006.123|INFO|qtp135640095-66459|sendToLocalServer|Sent    packet to server Packet[RUN_SUBMISSION] #1227 TEAM49 @ site 1 -> SERVER0 @ site 1
231209 120006.328|INFO|Thread-66881|info| receiveObject(S) start got Packet[RUN_SUBMISSION_CONFIRM] #6968 SERVER0 @ site 1 -> TEAM49 @ site 1
231209 120006.328|INFO|Thread-66881|dumpPacket|Packet RUN_SUBMISSION_CONFIRM (Seq #6968, o#6968 ) recieveObject
231209 120006.328|INFO|Thread-66881|dumpPacket|  From: SERVER0 @ site 1, oSERVER0 @ site 1 (DESKTOP-D75BQTV @ 212.212.212.212) (Contest Id: RealDeal--1957769244132597914)
231209 120006.328|INFO|Thread-66881|dumpPacket|    To: TEAM49 @ site 1
231209 120006.328|INFO|Thread-66881|dumpPacket|   key: RUN is: edu.csus.ecs.pc2.core.model.Run Run 444 NEW 76 min 4585404ms from TEAM49 @ site 1 id Run--6346909108085409094 problem Leftover--6791674603817565041 lang Java--8800253324652192008
231209 120006.328|INFO|Thread-66881|info|handlePacket start Packet[RUN_SUBMISSION_CONFIRM] #6968 SERVER0 @ site 1 -> TEAM49 @ site 1
231209 120006.328|INFO|Thread-66881|dumpPacket|Packet RUN_SUBMISSION_CONFIRM (Seq #6968, o#6968 ) handlePacket
231209 120006.328|INFO|Thread-66881|dumpPacket|  From: SERVER0 @ site 1, oSERVER0 @ site 1 (DESKTOP-D75BQTV @ 212.212.212.212) (Contest Id: RealDeal--1957769244132597914)
231209 120006.328|INFO|Thread-66881|dumpPacket|    To: TEAM49 @ site 1
231209 120006.328|INFO|Thread-66881|dumpPacket|   key: RUN is: edu.csus.ecs.pc2.core.model.Run Run 444 NEW 76 min 4585404ms from TEAM49 @ site 1 id Run--6346909108085409094 problem Leftover--6791674603817565041 lang Java--8800253324652192008
231209 120006.328|INFO|Thread-66881|info| receiveObject(S) end   got Packet[RUN_SUBMISSION_CONFIRM] #6968 SERVER0 @ site 1 -> TEAM49 @ site 1
231209 120044.452|INFO|Thread-66893|info| receiveObject(S) start got Packet[RUN_JUDGEMENT] #6994 SERVER0 @ site 1 -> TEAM49 @ site 1
231209 120044.452|INFO|Thread-66893|dumpPacket|Packet RUN_JUDGEMENT (Seq #6994, o#6994 ) recieveObject
231209 120044.452|INFO|Thread-66893|dumpPacket|  From: SERVER0 @ site 1, oSERVER0 @ site 1 (DESKTOP-D75BQTV @ 212.212.212.212) (Contest Id: RealDeal--1957769244132597914)
231209 120044.452|INFO|Thread-66893|dumpPacket|    To: TEAM49 @ site 1
231209 120044.452|INFO|Thread-66893|dumpPacket|   key: JUDGEMENT_RECORD is: edu.csus.ecs.pc2.core.model.JudgementRecord No by JUDGE10 @ site 1 judgement No_-_Run-time_Error--7363172628486726021 id JudgementRecord-8505886300023517838
231209 120044.452|INFO|Thread-66893|dumpPacket|   key: RUN is: edu.csus.ecs.pc2.core.model.Run Run 444 JUDGED 76 min 4585404ms from TEAM49 @ site 1 id Run--6346909108085409094 problem Leftover--6791674603817565041 lang Java--8800253324652192008
231209 120044.452|INFO|Thread-66893|dumpPacket|   key: CLIENT_ID is: edu.csus.ecs.pc2.core.model.ClientId SERVER0 @ site 1
231209 120044.452|INFO|Thread-66893|info|handlePacket start Packet[RUN_JUDGEMENT] #6994 SERVER0 @ site 1 -> TEAM49 @ site 1
231209 120044.452|INFO|Thread-66893|dumpPacket|Packet RUN_JUDGEMENT (Seq #6994, o#6994 ) handlePacket
231209 120044.452|INFO|Thread-66893|dumpPacket|  From: SERVER0 @ site 1, oSERVER0 @ site 1 (DESKTOP-D75BQTV @ 212.212.212.212) (Contest Id: RealDeal--1957769244132597914)
231209 120044.452|INFO|Thread-66893|dumpPacket|    To: TEAM49 @ site 1
231209 120044.452|INFO|Thread-66893|dumpPacket|   key: JUDGEMENT_RECORD is: edu.csus.ecs.pc2.core.model.JudgementRecord No by JUDGE10 @ site 1 judgement No_-_Run-time_Error--7363172628486726021 id JudgementRecord-8505886300023517838
231209 120044.453|INFO|Thread-66893|dumpPacket|   key: RUN is: edu.csus.ecs.pc2.core.model.Run Run 444 JUDGED 76 min 4585404ms from TEAM49 @ site 1 id Run--6346909108085409094 problem Leftover--6791674603817565041 lang Java--8800253324652192008
231209 120044.453|INFO|Thread-66893|dumpPacket|   key: CLIENT_ID is: edu.csus.ecs.pc2.core.model.ClientId SERVER0 @ site 1
231209 120044.453|INFO|Thread-66893|info| receiveObject(S) end   got Packet[RUN_JUDGEMENT] #6994 SERVER0 @ site 1 -> TEAM49 @ site 1
231209 123812.515|INFO|qtp135640095-67714|sendToLocalServer|Sending packet to server Packet[RUN_SUBMISSION] #1544 TEAM49 @ site 1 -> SERVER0 @ site 1
231209 123812.515|INFO|qtp135640095-67714|sendToLocalServer|Sent    packet to server Packet[RUN_SUBMISSION] #1544 TEAM49 @ site 1 -> SERVER0 @ site 1
231209 123812.895|INFO|Thread-67854|info| receiveObject(S) start got Packet[RUN_SUBMISSION_CONFIRM] #8924 SERVER0 @ site 1 -> TEAM49 @ site 1
231209 123812.895|INFO|Thread-67854|dumpPacket|Packet RUN_SUBMISSION_CONFIRM (Seq #8924, o#8924 ) recieveObject
231209 123812.895|INFO|Thread-67854|dumpPacket|  From: SERVER0 @ site 1, oSERVER0 @ site 1 (DESKTOP-D75BQTV @ 212.212.212.212) (Contest Id: RealDeal--1957769244132597914)
231209 123812.895|INFO|Thread-67854|dumpPacket|    To: TEAM49 @ site 1
231209 123812.895|INFO|Thread-67854|dumpPacket|   key: RUN is: edu.csus.ecs.pc2.core.model.Run Run 735 NEW 114 min 6871791ms from TEAM49 @ site 1 id Run--4358871850215100774 problem Missing_Cat--8325778690036057049 lang Java--8800253324652192008
231209 123812.895|INFO|Thread-67854|info|handlePacket start Packet[RUN_SUBMISSION_CONFIRM] #8924 SERVER0 @ site 1 -> TEAM49 @ site 1
231209 123812.897|INFO|Thread-67854|dumpPacket|Packet RUN_SUBMISSION_CONFIRM (Seq #8924, o#8924 ) handlePacket
231209 123812.897|INFO|Thread-67854|dumpPacket|  From: SERVER0 @ site 1, oSERVER0 @ site 1 (DESKTOP-D75BQTV @ 212.212.212.212) (Contest Id: RealDeal--1957769244132597914)
231209 123812.897|INFO|Thread-67854|dumpPacket|    To: TEAM49 @ site 1
231209 123812.897|INFO|Thread-67854|dumpPacket|   key: RUN is: edu.csus.ecs.pc2.core.model.Run Run 735 NEW 114 min 6871791ms from TEAM49 @ site 1 id Run--4358871850215100774 problem Missing_Cat--8325778690036057049 lang Java--8800253324652192008
231209 123812.897|INFO|Thread-67854|info| receiveObject(S) end   got Packet[RUN_SUBMISSION_CONFIRM] #8924 SERVER0 @ site 1 -> TEAM49 @ site 1
231209 123821.605|INFO|Thread-67859|info| receiveObject(S) start got Packet[RUN_JUDGEMENT] #8934 SERVER0 @ site 1 -> TEAM49 @ site 1
231209 123821.605|INFO|Thread-67859|dumpPacket|Packet RUN_JUDGEMENT (Seq #8934, o#8934 ) recieveObject
231209 123821.605|INFO|Thread-67859|dumpPacket|  From: SERVER0 @ site 1, oSERVER0 @ site 1 (DESKTOP-D75BQTV @ 212.212.212.212) (Contest Id: RealDeal--1957769244132597914)
231209 123821.605|INFO|Thread-67859|dumpPacket|    To: TEAM49 @ site 1
231209 123821.605|INFO|Thread-67859|dumpPacket|   key: JUDGEMENT_RECORD is: edu.csus.ecs.pc2.core.model.JudgementRecord Yes by JUDGE1 @ site 1 judgement Yes-2915828768858405923 id JudgementRecord-5163103600100327306
231209 123821.605|INFO|Thread-67859|dumpPacket|   key: RUN is: edu.csus.ecs.pc2.core.model.Run Run 735 JUDGED 114 min 6871791ms from TEAM49 @ site 1 id Run--4358871850215100774 problem Missing_Cat--8325778690036057049 lang Java--8800253324652192008
231209 123821.605|INFO|Thread-67859|dumpPacket|   key: CLIENT_ID is: edu.csus.ecs.pc2.core.model.ClientId SERVER0 @ site 1
231209 123821.605|INFO|Thread-67859|info|handlePacket start Packet[RUN_JUDGEMENT] #8934 SERVER0 @ site 1 -> TEAM49 @ site 1
231209 123821.605|INFO|Thread-67859|dumpPacket|Packet RUN_JUDGEMENT (Seq #8934, o#8934 ) handlePacket
231209 123821.605|INFO|Thread-67859|dumpPacket|  From: SERVER0 @ site 1, oSERVER0 @ site 1 (DESKTOP-D75BQTV @ 212.212.212.212) (Contest Id: RealDeal--1957769244132597914)
231209 123821.605|INFO|Thread-67859|dumpPacket|    To: TEAM49 @ site 1
231209 123821.605|INFO|Thread-67859|dumpPacket|   key: JUDGEMENT_RECORD is: edu.csus.ecs.pc2.core.model.JudgementRecord Yes by JUDGE1 @ site 1 judgement Yes-2915828768858405923 id JudgementRecord-5163103600100327306
231209 123821.605|INFO|Thread-67859|dumpPacket|   key: RUN is: edu.csus.ecs.pc2.core.model.Run Run 735 JUDGED 114 min 6871791ms from TEAM49 @ site 1 id Run--4358871850215100774 problem Missing_Cat--8325778690036057049 lang Java--8800253324652192008
231209 123821.605|INFO|Thread-67859|dumpPacket|   key: CLIENT_ID is: edu.csus.ecs.pc2.core.model.ClientId SERVER0 @ site 1
231209 123821.605|INFO|Thread-67859|info| receiveObject(S) end   got Packet[RUN_JUDGEMENT] #8934 SERVER0 @ site 1 -> TEAM49 @ site 1
