221210 082305.376|CONFIG|qtp996796369-1690|setFileHandlers|Now logging to C:\Users\18328\Desktop\pc2\WebTeamInterface-1.1\logs directory.
221210 082305.376|INFO|qtp996796369-1690|info|
221210 082305.377|INFO|qtp996796369-1690|info|Version 9 () Java ver 18.0.2.1 build  Windows 11 10.0 (amd64) 
221210 082305.377|INFO|qtp996796369-1690|info|Login: team30 (aka team30)
221210 082305.377|INFO|qtp996796369-1690|startLog|Working directory is C:\Users\18328\Desktop\pc2\WebTeamInterface-1.1
221210 082305.377|INFO|qtp996796369-1690|startLog|Process id is 20708@DESKTOP-D75BQTV
221210 082305.377|INFO|qtp996796369-1690|info|Contacting server at 212.212.212.212:50002 as TEAM30 @ site 0
221210 082305.377|INFO|qtp996796369-1690|info|sendLoginRequest start - sending from TEAM30 @ site 0
221210 082305.377|INFO|qtp996796369-1690|sendToLocalServer|Sending packet to server Packet[LOGIN_REQUEST] #139 TEAM30 @ site 0 -> SERVER0 @ site 0
221210 082305.378|INFO|qtp996796369-1690|sendToLocalServer|Sent    packet to server Packet[LOGIN_REQUEST] #139 TEAM30 @ site 0 -> SERVER0 @ site 0
221210 082305.378|INFO|Thread-3377|run|send(Serializable)
221210 082305.378|INFO|qtp996796369-1690|info|sendLoginRequest end - packet sent.
221210 082305.382|INFO|Thread-3376|receive|public void receive(SealedObject TransportPacket, ConnectionHandlerID connectionHandlerID)
221210 082305.384|INFO|Thread-3378|info| receiveObject(S) start got Packet[LOGIN_SUCCESS] #941 SERVER0 @ site 1 -> TEAM30 @ site 1
221210 082305.384|INFO|Thread-3378|dumpPacket|Packet LOGIN_SUCCESS (Seq #941, o#941 ) recieveObject
221210 082305.384|INFO|Thread-3378|dumpPacket|  From: SERVER0 @ site 1, oSERVER0 @ site 1 (DESKTOP-D75BQTV @ 212.212.212.212) (Contest Id: DryRun--5544400451244233091)
221210 082305.384|INFO|Thread-3378|dumpPacket|    To: TEAM30 @ site 1
221210 082305.384|INFO|Thread-3378|dumpPacket|   key: PROFILE_LIST is: [Ledu.csus.ecs.pc2.core.model.Profile; [Ledu.csus.ecs.pc2.core.model.Profile;@49ff089b
221210 082305.384|INFO|Thread-3378|dumpPacket|   key: GENERAL_PROBLEM is: edu.csus.ecs.pc2.core.model.Problem General
221210 082305.384|INFO|Thread-3378|dumpPacket|   key: CLIENT_SETTINGS_LIST is: [Ledu.csus.ecs.pc2.core.model.ClientSettings; [Ledu.csus.ecs.pc2.core.model.ClientSettings;@4738efd4
221210 082305.384|INFO|Thread-3378|dumpPacket|   key: CONTEST_TIME is: edu.csus.ecs.pc2.core.model.ContestTime edu.csus.ecs.pc2.core.model.ContestTime@430763eb
221210 082305.384|INFO|Thread-3378|dumpPacket|   key: CLARIFICATION_LIST is: [Ledu.csus.ecs.pc2.core.model.Clarification; [Ledu.csus.ecs.pc2.core.model.Clarification;@605e5ef
221210 082305.384|INFO|Thread-3378|dumpPacket|   key: CATEGORY_LIST is: [Ledu.csus.ecs.pc2.core.model.Category; [Ledu.csus.ecs.pc2.core.model.Category;@378f8e64
221210 082305.384|INFO|Thread-3378|dumpPacket|   key: LANGUAGE_LIST is: [Ledu.csus.ecs.pc2.core.model.Language; [Ledu.csus.ecs.pc2.core.model.Language;@3749810e
221210 082305.384|INFO|Thread-3378|dumpPacket|   key: REMOTE_LOGGED_IN_USERS is: [Ledu.csus.ecs.pc2.core.model.ClientId; [Ledu.csus.ecs.pc2.core.model.ClientId;@4f29b437
221210 082305.384|INFO|Thread-3378|dumpPacket|   key: CONTEST_TIME_LIST is: [Ledu.csus.ecs.pc2.core.model.ContestTime; [Ledu.csus.ecs.pc2.core.model.ContestTime;@662a1aa0
221210 082305.384|INFO|Thread-3378|dumpPacket|   key: CONNECTION_HANDLE_ID_LIST is: [Ledu.csus.ecs.pc2.core.transport.ConnectionHandlerID; [Ledu.csus.ecs.pc2.core.transport.ConnectionHandlerID;@2d9d54af
221210 082305.384|INFO|Thread-3378|dumpPacket|   key: PROFILE is: edu.csus.ecs.pc2.core.model.Profile DryRun--5544400451244233091
221210 082305.384|INFO|Thread-3378|dumpPacket|   key: CLIENT_ID is: edu.csus.ecs.pc2.core.model.ClientId TEAM30 @ site 1
221210 082305.384|INFO|Thread-3378|dumpPacket|   key: SITE_NUMBER is: java.lang.Integer 1
221210 082305.384|INFO|Thread-3378|dumpPacket|   key: CONTEST_INFORMATION is: edu.csus.ecs.pc2.core.model.ContestInformation edu.csus.ecs.pc2.core.model.ContestInformation@5627f1e3
221210 082305.384|INFO|Thread-3378|dumpPacket|   key: SITE_LIST is: [Ledu.csus.ecs.pc2.core.model.Site; [Ledu.csus.ecs.pc2.core.model.Site;@542d7f1c
221210 082305.384|INFO|Thread-3378|dumpPacket|   key: PROBLEM_DATA_FILES is: [Ledu.csus.ecs.pc2.core.model.ProblemDataFiles; [Ledu.csus.ecs.pc2.core.model.ProblemDataFiles;@62648023
221210 082305.384|INFO|Thread-3378|dumpPacket|   key: JUDGEMENT_LIST is: [Ledu.csus.ecs.pc2.core.model.Judgement; [Ledu.csus.ecs.pc2.core.model.Judgement;@251b98ec
221210 082305.384|INFO|Thread-3378|dumpPacket|   key: PROBLEM_LIST is: [Ledu.csus.ecs.pc2.core.model.Problem; [Ledu.csus.ecs.pc2.core.model.Problem;@4cdadd45
221210 082305.384|INFO|Thread-3378|dumpPacket|   key: GROUP_LIST is: [Ledu.csus.ecs.pc2.core.model.Group; [Ledu.csus.ecs.pc2.core.model.Group;@73b09e5d
221210 082305.384|INFO|Thread-3378|dumpPacket|   key: LOCAL_LOGGED_IN_USERS is: [Ledu.csus.ecs.pc2.core.model.ClientId; [Ledu.csus.ecs.pc2.core.model.ClientId;@35937d90
221210 082305.384|INFO|Thread-3378|dumpPacket|   key: SERVER_CLOCK_OFFSET is: java.util.GregorianCalendar java.util.GregorianCalendar[time=1670682185380,areFieldsSet=true,areAllFieldsSet=false,lenient=true,zone=sun.util.calendar.ZoneInfo[id="GMT",offset=0,dstSavings=0,useDaylight=false,transitions=0,lastRule=null],firstDayOfWeek=1,minimalDaysInFirstWeek=1,ERA=1,YEAR=2022,MONTH=11,WEEK_OF_YEAR=50,WEEK_OF_MONTH=2,DAY_OF_MONTH=10,DAY_OF_YEAR=344,DAY_OF_WEEK=7,DAY_OF_WEEK_IN_MONTH=2,AM_PM=1,HOUR=2,HOUR_OF_DAY=14,MINUTE=23,SECOND=5,MILLISECOND=380,ZONE_OFFSET=0,DST_OFFSET=0]
221210 082305.384|INFO|Thread-3378|dumpPacket|   key: CONTEST_IDENTIFIER is: java.lang.String DryRun--5544400451244233091
221210 082305.384|INFO|Thread-3378|dumpPacket|   key: BALLOON_SETTINGS_LIST is: [Ledu.csus.ecs.pc2.core.model.BalloonSettings; [Ledu.csus.ecs.pc2.core.model.BalloonSettings;@4cb64f36
221210 082305.384|INFO|Thread-3378|dumpPacket|   key: RUN_LIST is: [Ledu.csus.ecs.pc2.core.model.Run; [Ledu.csus.ecs.pc2.core.model.Run;@561c8310
221210 082305.384|INFO|Thread-3378|dumpPacket|   key: ACCOUNT_ARRAY is: [Ledu.csus.ecs.pc2.core.model.Account; [Ledu.csus.ecs.pc2.core.model.Account;@2129adf8
221210 082305.384|INFO|Thread-3378|info|handlePacket start Packet[LOGIN_SUCCESS] #941 SERVER0 @ site 1 -> TEAM30 @ site 1
221210 082305.384|INFO|Thread-3378|dumpPacket|Packet LOGIN_SUCCESS (Seq #941, o#941 ) handlePacket
221210 082305.384|INFO|Thread-3378|dumpPacket|  From: SERVER0 @ site 1, oSERVER0 @ site 1 (DESKTOP-D75BQTV @ 212.212.212.212) (Contest Id: DryRun--5544400451244233091)
221210 082305.384|INFO|Thread-3378|dumpPacket|    To: TEAM30 @ site 1
221210 082305.384|INFO|Thread-3378|dumpPacket|   key: PROFILE_LIST is: [Ledu.csus.ecs.pc2.core.model.Profile; [Ledu.csus.ecs.pc2.core.model.Profile;@49ff089b
221210 082305.384|INFO|Thread-3378|dumpPacket|   key: GENERAL_PROBLEM is: edu.csus.ecs.pc2.core.model.Problem General
221210 082305.384|INFO|Thread-3378|dumpPacket|   key: CLIENT_SETTINGS_LIST is: [Ledu.csus.ecs.pc2.core.model.ClientSettings; [Ledu.csus.ecs.pc2.core.model.ClientSettings;@4738efd4
221210 082305.384|INFO|Thread-3378|dumpPacket|   key: CONTEST_TIME is: edu.csus.ecs.pc2.core.model.ContestTime edu.csus.ecs.pc2.core.model.ContestTime@430763eb
221210 082305.384|INFO|Thread-3378|dumpPacket|   key: CLARIFICATION_LIST is: [Ledu.csus.ecs.pc2.core.model.Clarification; [Ledu.csus.ecs.pc2.core.model.Clarification;@605e5ef
221210 082305.384|INFO|Thread-3378|dumpPacket|   key: CATEGORY_LIST is: [Ledu.csus.ecs.pc2.core.model.Category; [Ledu.csus.ecs.pc2.core.model.Category;@378f8e64
221210 082305.384|INFO|Thread-3378|dumpPacket|   key: LANGUAGE_LIST is: [Ledu.csus.ecs.pc2.core.model.Language; [Ledu.csus.ecs.pc2.core.model.Language;@3749810e
221210 082305.384|INFO|Thread-3378|dumpPacket|   key: REMOTE_LOGGED_IN_USERS is: [Ledu.csus.ecs.pc2.core.model.ClientId; [Ledu.csus.ecs.pc2.core.model.ClientId;@4f29b437
221210 082305.384|INFO|Thread-3378|dumpPacket|   key: CONTEST_TIME_LIST is: [Ledu.csus.ecs.pc2.core.model.ContestTime; [Ledu.csus.ecs.pc2.core.model.ContestTime;@662a1aa0
221210 082305.384|INFO|Thread-3378|dumpPacket|   key: CONNECTION_HANDLE_ID_LIST is: [Ledu.csus.ecs.pc2.core.transport.ConnectionHandlerID; [Ledu.csus.ecs.pc2.core.transport.ConnectionHandlerID;@2d9d54af
221210 082305.384|INFO|Thread-3378|dumpPacket|   key: PROFILE is: edu.csus.ecs.pc2.core.model.Profile DryRun--5544400451244233091
221210 082305.384|INFO|Thread-3378|dumpPacket|   key: CLIENT_ID is: edu.csus.ecs.pc2.core.model.ClientId TEAM30 @ site 1
221210 082305.384|INFO|Thread-3378|dumpPacket|   key: SITE_NUMBER is: java.lang.Integer 1
221210 082305.384|INFO|Thread-3378|dumpPacket|   key: CONTEST_INFORMATION is: edu.csus.ecs.pc2.core.model.ContestInformation edu.csus.ecs.pc2.core.model.ContestInformation@5627f1e3
221210 082305.384|INFO|Thread-3378|dumpPacket|   key: SITE_LIST is: [Ledu.csus.ecs.pc2.core.model.Site; [Ledu.csus.ecs.pc2.core.model.Site;@542d7f1c
221210 082305.384|INFO|Thread-3378|dumpPacket|   key: PROBLEM_DATA_FILES is: [Ledu.csus.ecs.pc2.core.model.ProblemDataFiles; [Ledu.csus.ecs.pc2.core.model.ProblemDataFiles;@62648023
221210 082305.384|INFO|Thread-3378|dumpPacket|   key: JUDGEMENT_LIST is: [Ledu.csus.ecs.pc2.core.model.Judgement; [Ledu.csus.ecs.pc2.core.model.Judgement;@251b98ec
221210 082305.384|INFO|Thread-3378|dumpPacket|   key: PROBLEM_LIST is: [Ledu.csus.ecs.pc2.core.model.Problem; [Ledu.csus.ecs.pc2.core.model.Problem;@4cdadd45
221210 082305.384|INFO|Thread-3378|dumpPacket|   key: GROUP_LIST is: [Ledu.csus.ecs.pc2.core.model.Group; [Ledu.csus.ecs.pc2.core.model.Group;@73b09e5d
221210 082305.384|INFO|Thread-3378|dumpPacket|   key: LOCAL_LOGGED_IN_USERS is: [Ledu.csus.ecs.pc2.core.model.ClientId; [Ledu.csus.ecs.pc2.core.model.ClientId;@35937d90
221210 082305.384|INFO|Thread-3378|dumpPacket|   key: SERVER_CLOCK_OFFSET is: java.util.GregorianCalendar java.util.GregorianCalendar[time=1670682185380,areFieldsSet=true,areAllFieldsSet=false,lenient=true,zone=sun.util.calendar.ZoneInfo[id="GMT",offset=0,dstSavings=0,useDaylight=false,transitions=0,lastRule=null],firstDayOfWeek=1,minimalDaysInFirstWeek=1,ERA=1,YEAR=2022,MONTH=11,WEEK_OF_YEAR=50,WEEK_OF_MONTH=2,DAY_OF_MONTH=10,DAY_OF_YEAR=344,DAY_OF_WEEK=7,DAY_OF_WEEK_IN_MONTH=2,AM_PM=1,HOUR=2,HOUR_OF_DAY=14,MINUTE=23,SECOND=5,MILLISECOND=380,ZONE_OFFSET=0,DST_OFFSET=0]
221210 082305.384|INFO|Thread-3378|dumpPacket|   key: CONTEST_IDENTIFIER is: java.lang.String DryRun--5544400451244233091
221210 082305.384|INFO|Thread-3378|dumpPacket|   key: BALLOON_SETTINGS_LIST is: [Ledu.csus.ecs.pc2.core.model.BalloonSettings; [Ledu.csus.ecs.pc2.core.model.BalloonSettings;@4cb64f36
221210 082305.384|INFO|Thread-3378|dumpPacket|   key: RUN_LIST is: [Ledu.csus.ecs.pc2.core.model.Run; [Ledu.csus.ecs.pc2.core.model.Run;@561c8310
221210 082305.384|INFO|Thread-3378|dumpPacket|   key: ACCOUNT_ARRAY is: [Ledu.csus.ecs.pc2.core.model.Account; [Ledu.csus.ecs.pc2.core.model.Account;@2129adf8
221210 082314.789|INFO|Thread-3376|receive|public void receive(SealedObject TransportPacket, ConnectionHandlerID connectionHandlerID)
221210 082415.941|INFO|Thread-3890|run|send(Serializable)
221210 082415.956|INFO|Thread-3376|receive|public void receive(SealedObject TransportPacket, ConnectionHandlerID connectionHandlerID)
221210 082504.978|INFO|Thread-3376|receive|public void receive(SealedObject TransportPacket, ConnectionHandlerID connectionHandlerID)
221210 083216.056|INFO|Thread-3376|receive|public void receive(SealedObject TransportPacket, ConnectionHandlerID connectionHandlerID)
221210 083447.194|INFO|Thread-6834|run|send(Serializable)
221210 083447.219|INFO|Thread-3376|receive|public void receive(SealedObject TransportPacket, ConnectionHandlerID connectionHandlerID)
221210 083517.158|INFO|Thread-3376|receive|public void receive(SealedObject TransportPacket, ConnectionHandlerID connectionHandlerID)
221210 084028.490|INFO|Thread-3376|receive|public void receive(SealedObject TransportPacket, ConnectionHandlerID connectionHandlerID)
221210 124937.502|CONFIG|qtp1613095350-222734|setFileHandlers|Now logging to C:\Users\18328\Desktop\pc2\WebTeamInterface-1.1\logs directory.
221210 124937.502|INFO|qtp1613095350-222734|info|
221210 124937.502|INFO|qtp1613095350-222734|info|Version 9 () Java ver 18.0.2.1 build  Windows 11 10.0 (amd64) 
221210 124937.502|INFO|qtp1613095350-222734|info|Login: team30 (aka team30)
221210 124937.502|INFO|qtp1613095350-222734|startLog|Working directory is C:\Users\18328\Desktop\pc2\WebTeamInterface-1.1
221210 124937.502|INFO|qtp1613095350-222734|startLog|Process id is 22344@DESKTOP-D75BQTV
221210 124937.503|INFO|qtp1613095350-222734|info|Contacting server at 212.212.212.212:50002 as TEAM30 @ site 0
221210 124937.503|INFO|qtp1613095350-222734|info|sendLoginRequest start - sending from TEAM30 @ site 0
221210 124937.503|INFO|qtp1613095350-222734|sendToLocalServer|Sending packet to server Packet[LOGIN_REQUEST] #979 TEAM30 @ site 0 -> SERVER0 @ site 0
221210 124937.503|INFO|qtp1613095350-222734|sendToLocalServer|Sent    packet to server Packet[LOGIN_REQUEST] #979 TEAM30 @ site 0 -> SERVER0 @ site 0
221210 124937.503|INFO|Thread-249711|run|send(Serializable)
221210 124937.503|INFO|qtp1613095350-222734|info|sendLoginRequest end - packet sent.
221210 124937.508|INFO|Thread-249710|receive|public void receive(SealedObject TransportPacket, ConnectionHandlerID connectionHandlerID)
221210 124937.510|INFO|Thread-249712|info| receiveObject(S) start got Packet[LOGIN_SUCCESS] #7664 SERVER0 @ site 1 -> TEAM30 @ site 1
221210 124937.510|INFO|Thread-249712|dumpPacket|Packet LOGIN_SUCCESS (Seq #7664, o#7664 ) recieveObject
221210 124937.510|INFO|Thread-249712|dumpPacket|  From: SERVER0 @ site 1, oSERVER0 @ site 1 (DESKTOP-D75BQTV @ 212.212.212.212) (Contest Id: Contest-4511288556462302159)
221210 124937.510|INFO|Thread-249712|dumpPacket|    To: TEAM30 @ site 1
221210 124937.510|INFO|Thread-249712|dumpPacket|   key: PROFILE_LIST is: [Ledu.csus.ecs.pc2.core.model.Profile; [Ledu.csus.ecs.pc2.core.model.Profile;@6d2a301
221210 124937.510|INFO|Thread-249712|dumpPacket|   key: GENERAL_PROBLEM is: edu.csus.ecs.pc2.core.model.Problem General
221210 124937.510|INFO|Thread-249712|dumpPacket|   key: CLIENT_SETTINGS_LIST is: [Ledu.csus.ecs.pc2.core.model.ClientSettings; [Ledu.csus.ecs.pc2.core.model.ClientSettings;@8154dab
221210 124937.510|INFO|Thread-249712|dumpPacket|   key: CONTEST_TIME is: edu.csus.ecs.pc2.core.model.ContestTime edu.csus.ecs.pc2.core.model.ContestTime@c2ac871
221210 124937.510|INFO|Thread-249712|dumpPacket|   key: CLARIFICATION_LIST is: [Ledu.csus.ecs.pc2.core.model.Clarification; [Ledu.csus.ecs.pc2.core.model.Clarification;@49284790
221210 124937.510|INFO|Thread-249712|dumpPacket|   key: CATEGORY_LIST is: [Ledu.csus.ecs.pc2.core.model.Category; [Ledu.csus.ecs.pc2.core.model.Category;@5af12f1f
221210 124937.510|INFO|Thread-249712|dumpPacket|   key: LANGUAGE_LIST is: [Ledu.csus.ecs.pc2.core.model.Language; [Ledu.csus.ecs.pc2.core.model.Language;@782b49ff
221210 124937.510|INFO|Thread-249712|dumpPacket|   key: REMOTE_LOGGED_IN_USERS is: [Ledu.csus.ecs.pc2.core.model.ClientId; [Ledu.csus.ecs.pc2.core.model.ClientId;@22187fcb
221210 124937.510|INFO|Thread-249712|dumpPacket|   key: CONTEST_TIME_LIST is: [Ledu.csus.ecs.pc2.core.model.ContestTime; [Ledu.csus.ecs.pc2.core.model.ContestTime;@2907b8df
221210 124937.510|INFO|Thread-249712|dumpPacket|   key: CONNECTION_HANDLE_ID_LIST is: [Ledu.csus.ecs.pc2.core.transport.ConnectionHandlerID; [Ledu.csus.ecs.pc2.core.transport.ConnectionHandlerID;@7a5df337
221210 124937.510|INFO|Thread-249712|dumpPacket|   key: PROFILE is: edu.csus.ecs.pc2.core.model.Profile Contest-4511288556462302159
221210 124937.510|INFO|Thread-249712|dumpPacket|   key: CLIENT_ID is: edu.csus.ecs.pc2.core.model.ClientId TEAM30 @ site 1
221210 124937.510|INFO|Thread-249712|dumpPacket|   key: SITE_NUMBER is: java.lang.Integer 1
221210 124937.510|INFO|Thread-249712|dumpPacket|   key: CONTEST_INFORMATION is: edu.csus.ecs.pc2.core.model.ContestInformation edu.csus.ecs.pc2.core.model.ContestInformation@589b2932
221210 124937.510|INFO|Thread-249712|dumpPacket|   key: SITE_LIST is: [Ledu.csus.ecs.pc2.core.model.Site; [Ledu.csus.ecs.pc2.core.model.Site;@391cf3cd
221210 124937.510|INFO|Thread-249712|dumpPacket|   key: PROBLEM_DATA_FILES is: [Ledu.csus.ecs.pc2.core.model.ProblemDataFiles; [Ledu.csus.ecs.pc2.core.model.ProblemDataFiles;@2d496571
221210 124937.510|INFO|Thread-249712|dumpPacket|   key: JUDGEMENT_LIST is: [Ledu.csus.ecs.pc2.core.model.Judgement; [Ledu.csus.ecs.pc2.core.model.Judgement;@3818efa4
221210 124937.510|INFO|Thread-249712|dumpPacket|   key: PROBLEM_LIST is: [Ledu.csus.ecs.pc2.core.model.Problem; [Ledu.csus.ecs.pc2.core.model.Problem;@39cb932c
221210 124937.510|INFO|Thread-249712|dumpPacket|   key: GROUP_LIST is: [Ledu.csus.ecs.pc2.core.model.Group; [Ledu.csus.ecs.pc2.core.model.Group;@67179d43
221210 124937.510|INFO|Thread-249712|dumpPacket|   key: LOCAL_LOGGED_IN_USERS is: [Ledu.csus.ecs.pc2.core.model.ClientId; [Ledu.csus.ecs.pc2.core.model.ClientId;@1130e3d
221210 124937.510|INFO|Thread-249712|dumpPacket|   key: SERVER_CLOCK_OFFSET is: java.util.GregorianCalendar java.util.GregorianCalendar[time=1670698177505,areFieldsSet=true,areAllFieldsSet=false,lenient=true,zone=sun.util.calendar.ZoneInfo[id="GMT",offset=0,dstSavings=0,useDaylight=false,transitions=0,lastRule=null],firstDayOfWeek=1,minimalDaysInFirstWeek=1,ERA=1,YEAR=2022,MONTH=11,WEEK_OF_YEAR=50,WEEK_OF_MONTH=2,DAY_OF_MONTH=10,DAY_OF_YEAR=344,DAY_OF_WEEK=7,DAY_OF_WEEK_IN_MONTH=2,AM_PM=1,HOUR=6,HOUR_OF_DAY=18,MINUTE=49,SECOND=37,MILLISECOND=505,ZONE_OFFSET=0,DST_OFFSET=0]
221210 124937.510|INFO|Thread-249712|dumpPacket|   key: CONTEST_IDENTIFIER is: java.lang.String Contest-4511288556462302159
221210 124937.510|INFO|Thread-249712|dumpPacket|   key: BALLOON_SETTINGS_LIST is: [Ledu.csus.ecs.pc2.core.model.BalloonSettings; [Ledu.csus.ecs.pc2.core.model.BalloonSettings;@7e09b474
221210 124937.510|INFO|Thread-249712|dumpPacket|   key: RUN_LIST is: [Ledu.csus.ecs.pc2.core.model.Run; [Ledu.csus.ecs.pc2.core.model.Run;@1bbe0a6a
221210 124937.510|INFO|Thread-249712|dumpPacket|   key: ACCOUNT_ARRAY is: [Ledu.csus.ecs.pc2.core.model.Account; [Ledu.csus.ecs.pc2.core.model.Account;@401871db
221210 124937.510|INFO|Thread-249712|info|handlePacket start Packet[LOGIN_SUCCESS] #7664 SERVER0 @ site 1 -> TEAM30 @ site 1
221210 124937.510|INFO|Thread-249712|dumpPacket|Packet LOGIN_SUCCESS (Seq #7664, o#7664 ) handlePacket
221210 124937.510|INFO|Thread-249712|dumpPacket|  From: SERVER0 @ site 1, oSERVER0 @ site 1 (DESKTOP-D75BQTV @ 212.212.212.212) (Contest Id: Contest-4511288556462302159)
221210 124937.510|INFO|Thread-249712|dumpPacket|    To: TEAM30 @ site 1
221210 124937.510|INFO|Thread-249712|dumpPacket|   key: PROFILE_LIST is: [Ledu.csus.ecs.pc2.core.model.Profile; [Ledu.csus.ecs.pc2.core.model.Profile;@6d2a301
221210 124937.510|INFO|Thread-249712|dumpPacket|   key: GENERAL_PROBLEM is: edu.csus.ecs.pc2.core.model.Problem General
221210 124937.510|INFO|Thread-249712|dumpPacket|   key: CLIENT_SETTINGS_LIST is: [Ledu.csus.ecs.pc2.core.model.ClientSettings; [Ledu.csus.ecs.pc2.core.model.ClientSettings;@8154dab
221210 124937.510|INFO|Thread-249712|dumpPacket|   key: CONTEST_TIME is: edu.csus.ecs.pc2.core.model.ContestTime edu.csus.ecs.pc2.core.model.ContestTime@c2ac871
221210 124937.510|INFO|Thread-249712|dumpPacket|   key: CLARIFICATION_LIST is: [Ledu.csus.ecs.pc2.core.model.Clarification; [Ledu.csus.ecs.pc2.core.model.Clarification;@49284790
221210 124937.510|INFO|Thread-249712|dumpPacket|   key: CATEGORY_LIST is: [Ledu.csus.ecs.pc2.core.model.Category; [Ledu.csus.ecs.pc2.core.model.Category;@5af12f1f
221210 124937.510|INFO|Thread-249712|dumpPacket|   key: LANGUAGE_LIST is: [Ledu.csus.ecs.pc2.core.model.Language; [Ledu.csus.ecs.pc2.core.model.Language;@782b49ff
221210 124937.510|INFO|Thread-249712|dumpPacket|   key: REMOTE_LOGGED_IN_USERS is: [Ledu.csus.ecs.pc2.core.model.ClientId; [Ledu.csus.ecs.pc2.core.model.ClientId;@22187fcb
221210 124937.510|INFO|Thread-249712|dumpPacket|   key: CONTEST_TIME_LIST is: [Ledu.csus.ecs.pc2.core.model.ContestTime; [Ledu.csus.ecs.pc2.core.model.ContestTime;@2907b8df
221210 124937.510|INFO|Thread-249712|dumpPacket|   key: CONNECTION_HANDLE_ID_LIST is: [Ledu.csus.ecs.pc2.core.transport.ConnectionHandlerID; [Ledu.csus.ecs.pc2.core.transport.ConnectionHandlerID;@7a5df337
221210 124937.510|INFO|Thread-249712|dumpPacket|   key: PROFILE is: edu.csus.ecs.pc2.core.model.Profile Contest-4511288556462302159
221210 124937.510|INFO|Thread-249712|dumpPacket|   key: CLIENT_ID is: edu.csus.ecs.pc2.core.model.ClientId TEAM30 @ site 1
221210 124937.510|INFO|Thread-249712|dumpPacket|   key: SITE_NUMBER is: java.lang.Integer 1
221210 124937.510|INFO|Thread-249712|dumpPacket|   key: CONTEST_INFORMATION is: edu.csus.ecs.pc2.core.model.ContestInformation edu.csus.ecs.pc2.core.model.ContestInformation@589b2932
221210 124937.510|INFO|Thread-249712|dumpPacket|   key: SITE_LIST is: [Ledu.csus.ecs.pc2.core.model.Site; [Ledu.csus.ecs.pc2.core.model.Site;@391cf3cd
221210 124937.510|INFO|Thread-249712|dumpPacket|   key: PROBLEM_DATA_FILES is: [Ledu.csus.ecs.pc2.core.model.ProblemDataFiles; [Ledu.csus.ecs.pc2.core.model.ProblemDataFiles;@2d496571
221210 124937.510|INFO|Thread-249712|dumpPacket|   key: JUDGEMENT_LIST is: [Ledu.csus.ecs.pc2.core.model.Judgement; [Ledu.csus.ecs.pc2.core.model.Judgement;@3818efa4
221210 124937.510|INFO|Thread-249712|dumpPacket|   key: PROBLEM_LIST is: [Ledu.csus.ecs.pc2.core.model.Problem; [Ledu.csus.ecs.pc2.core.model.Problem;@39cb932c
221210 124937.510|INFO|Thread-249712|dumpPacket|   key: GROUP_LIST is: [Ledu.csus.ecs.pc2.core.model.Group; [Ledu.csus.ecs.pc2.core.model.Group;@67179d43
221210 124937.510|INFO|Thread-249712|dumpPacket|   key: LOCAL_LOGGED_IN_USERS is: [Ledu.csus.ecs.pc2.core.model.ClientId; [Ledu.csus.ecs.pc2.core.model.ClientId;@1130e3d
221210 124937.510|INFO|Thread-249712|dumpPacket|   key: SERVER_CLOCK_OFFSET is: java.util.GregorianCalendar java.util.GregorianCalendar[time=1670698177505,areFieldsSet=true,areAllFieldsSet=false,lenient=true,zone=sun.util.calendar.ZoneInfo[id="GMT",offset=0,dstSavings=0,useDaylight=false,transitions=0,lastRule=null],firstDayOfWeek=1,minimalDaysInFirstWeek=1,ERA=1,YEAR=2022,MONTH=11,WEEK_OF_YEAR=50,WEEK_OF_MONTH=2,DAY_OF_MONTH=10,DAY_OF_YEAR=344,DAY_OF_WEEK=7,DAY_OF_WEEK_IN_MONTH=2,AM_PM=1,HOUR=6,HOUR_OF_DAY=18,MINUTE=49,SECOND=37,MILLISECOND=505,ZONE_OFFSET=0,DST_OFFSET=0]
221210 124937.510|INFO|Thread-249712|dumpPacket|   key: CONTEST_IDENTIFIER is: java.lang.String Contest-4511288556462302159
221210 124937.510|INFO|Thread-249712|dumpPacket|   key: BALLOON_SETTINGS_LIST is: [Ledu.csus.ecs.pc2.core.model.BalloonSettings; [Ledu.csus.ecs.pc2.core.model.BalloonSettings;@7e09b474
221210 124937.510|INFO|Thread-249712|dumpPacket|   key: RUN_LIST is: [Ledu.csus.ecs.pc2.core.model.Run; [Ledu.csus.ecs.pc2.core.model.Run;@1bbe0a6a
221210 124937.510|INFO|Thread-249712|dumpPacket|   key: ACCOUNT_ARRAY is: [Ledu.csus.ecs.pc2.core.model.Account; [Ledu.csus.ecs.pc2.core.model.Account;@401871db
221210 150258.269|INFO|Thread-249710|connectionDropped|connectionDropped(ConnectionHandlerID myConnectionID) 
231209 082644.966|CONFIG|qtp135640095-1305|setFileHandlers|Now logging to C:\Users\18328\Desktop\pc2\WebTeamInterface-1.1\logs directory.
231209 082644.966|INFO|qtp135640095-1305|info|
231209 082644.966|INFO|qtp135640095-1305|info|Version 9 () Java ver 18.0.2.1 build  Windows 11 10.0 (amd64) 
231209 082644.966|INFO|qtp135640095-1305|info|Login: team30 (aka team30)
231209 082644.966|INFO|qtp135640095-1305|startLog|Working directory is C:\Users\18328\Desktop\pc2\WebTeamInterface-1.1
231209 082644.966|INFO|qtp135640095-1305|startLog|Process id is 15028@DESKTOP-D75BQTV
231209 082644.966|INFO|qtp135640095-1305|info|Contacting server at localhost:50002 as TEAM30 @ site 0
231209 082644.966|INFO|qtp135640095-1305|info|sendLoginRequest start - sending from TEAM30 @ site 0
231209 082644.966|INFO|qtp135640095-1305|sendToLocalServer|Sending packet to server Packet[LOGIN_REQUEST] #196 TEAM30 @ site 0 -> SERVER0 @ site 0
231209 082644.974|INFO|qtp135640095-1305|sendToLocalServer|Sent    packet to server Packet[LOGIN_REQUEST] #196 TEAM30 @ site 0 -> SERVER0 @ site 0
231209 082644.974|INFO|qtp135640095-1305|info|sendLoginRequest end - packet sent.
231209 082644.974|INFO|Thread-9312|run|send(Serializable)
231209 082644.974|INFO|Thread-9311|receive|public void receive(SealedObject TransportPacket, ConnectionHandlerID connectionHandlerID)
231209 082644.974|INFO|Thread-9313|info| receiveObject(S) start got Packet[LOGIN_FAILED] #1092 SERVER0 @ site 1 -> TEAM30 @ site 0
231209 082644.974|INFO|Thread-9313|dumpPacket|Packet LOGIN_FAILED (Seq #1092, o#1092 ) recieveObject
231209 082644.974|INFO|Thread-9313|dumpPacket|  From: SERVER0 @ site 1, oSERVER0 @ site 1 (DESKTOP-D75BQTV @ 212.212.212.212) (Contest Id: DryRun--6069080675419338087)
231209 082644.974|INFO|Thread-9313|dumpPacket|    To: TEAM30 @ site 0
231209 082644.974|INFO|Thread-9313|dumpPacket|   key: MESSAGE_STRING is: java.lang.String Invalid password
231209 082644.974|INFO|Thread-9313|info|handlePacket start Packet[LOGIN_FAILED] #1092 SERVER0 @ site 1 -> TEAM30 @ site 0
231209 082644.974|INFO|Thread-9313|dumpPacket|Packet LOGIN_FAILED (Seq #1092, o#1092 ) handlePacket
231209 082644.974|INFO|Thread-9313|dumpPacket|  From: SERVER0 @ site 1, oSERVER0 @ site 1 (DESKTOP-D75BQTV @ 212.212.212.212) (Contest Id: DryRun--6069080675419338087)
231209 082644.974|INFO|Thread-9313|dumpPacket|    To: TEAM30 @ site 0
231209 082644.974|INFO|Thread-9313|dumpPacket|   key: MESSAGE_STRING is: java.lang.String Invalid password
231209 082644.974|INFO|Thread-9313|info| receiveObject(S) end   got Packet[LOGIN_FAILED] #1092 SERVER0 @ site 1 -> TEAM30 @ site 0
231209 125144.161|INFO|Thread-9311|connectionDropped|connectionDropped(ConnectionHandlerID myConnectionID) 
