221210 075554.279|CONFIG|qtp996796369-1391|setFileHandlers|Now logging to C:\Users\18328\Desktop\pc2\WebTeamInterface-1.1\logs directory.
221210 075554.279|INFO|qtp996796369-1391|info|
221210 075554.279|INFO|qtp996796369-1391|info|Version 9 () Java ver 18.0.2.1 build  Windows 11 10.0 (amd64) 
221210 075554.279|INFO|qtp996796369-1391|info|Login: team38 (aka team38)
221210 075554.283|INFO|qtp996796369-1391|startLog|Working directory is C:\Users\18328\Desktop\pc2\WebTeamInterface-1.1
221210 075554.283|INFO|qtp996796369-1391|startLog|Process id is 20708@DESKTOP-D75BQTV
221210 075554.283|INFO|Thread-1379|getPublicKeyPacket|packet:= edu.csus.ecs.pc2.core.transport.TransportWrapper@36692956
221210 075554.283|INFO|qtp996796369-1391|info|Contacting server at 212.212.212.212:50002 as TEAM38 @ site 0
221210 075554.284|INFO|qtp996796369-1391|info|sendLoginRequest start - sending from TEAM38 @ site 0
221210 075554.284|INFO|qtp996796369-1391|sendToLocalServer|Sending packet to server Packet[LOGIN_REQUEST] #75 TEAM38 @ site 0 -> SERVER0 @ site 0
221210 075554.284|INFO|qtp996796369-1391|sendToLocalServer|Sent    packet to server Packet[LOGIN_REQUEST] #75 TEAM38 @ site 0 -> SERVER0 @ site 0
221210 075554.285|INFO|qtp996796369-1391|info|sendLoginRequest end - packet sent.
221210 075554.285|INFO|Thread-1380|run|send(Serializable)
221210 075554.300|INFO|Thread-1379|receive|public void receive(SealedObject TransportPacket, ConnectionHandlerID connectionHandlerID)
221210 075554.306|INFO|Thread-1382|info| receiveObject(S) start got Packet[LOGIN_SUCCESS] #546 SERVER0 @ site 1 -> TEAM38 @ site 1
221210 075554.306|INFO|Thread-1382|dumpPacket|Packet LOGIN_SUCCESS (Seq #546, o#546 ) recieveObject
221210 075554.306|INFO|Thread-1382|dumpPacket|  From: SERVER0 @ site 1, oSERVER0 @ site 1 (DESKTOP-D75BQTV @ 212.212.212.212) (Contest Id: DryRun--5544400451244233091)
221210 075554.306|INFO|Thread-1382|dumpPacket|    To: TEAM38 @ site 1
221210 075554.306|INFO|Thread-1382|dumpPacket|   key: PROFILE_LIST is: [Ledu.csus.ecs.pc2.core.model.Profile; [Ledu.csus.ecs.pc2.core.model.Profile;@2ff35f61
221210 075554.306|INFO|Thread-1382|dumpPacket|   key: GENERAL_PROBLEM is: edu.csus.ecs.pc2.core.model.Problem General
221210 075554.306|INFO|Thread-1382|dumpPacket|   key: CLIENT_SETTINGS_LIST is: [Ledu.csus.ecs.pc2.core.model.ClientSettings; [Ledu.csus.ecs.pc2.core.model.ClientSettings;@2134b4ef
221210 075554.306|INFO|Thread-1382|dumpPacket|   key: CONTEST_TIME is: edu.csus.ecs.pc2.core.model.ContestTime edu.csus.ecs.pc2.core.model.ContestTime@250b3411
221210 075554.306|INFO|Thread-1382|dumpPacket|   key: CLARIFICATION_LIST is: [Ledu.csus.ecs.pc2.core.model.Clarification; [Ledu.csus.ecs.pc2.core.model.Clarification;@6009bed4
221210 075554.306|INFO|Thread-1382|dumpPacket|   key: CATEGORY_LIST is: [Ledu.csus.ecs.pc2.core.model.Category; [Ledu.csus.ecs.pc2.core.model.Category;@5534ede3
221210 075554.306|INFO|Thread-1382|dumpPacket|   key: LANGUAGE_LIST is: [Ledu.csus.ecs.pc2.core.model.Language; [Ledu.csus.ecs.pc2.core.model.Language;@5123b866
221210 075554.306|INFO|Thread-1382|dumpPacket|   key: REMOTE_LOGGED_IN_USERS is: [Ledu.csus.ecs.pc2.core.model.ClientId; [Ledu.csus.ecs.pc2.core.model.ClientId;@2df4b5ef
221210 075554.306|INFO|Thread-1382|dumpPacket|   key: CONTEST_TIME_LIST is: [Ledu.csus.ecs.pc2.core.model.ContestTime; [Ledu.csus.ecs.pc2.core.model.ContestTime;@26419b
221210 075554.306|INFO|Thread-1382|dumpPacket|   key: CONNECTION_HANDLE_ID_LIST is: [Ledu.csus.ecs.pc2.core.transport.ConnectionHandlerID; [Ledu.csus.ecs.pc2.core.transport.ConnectionHandlerID;@728fff89
221210 075554.306|INFO|Thread-1382|dumpPacket|   key: PROFILE is: edu.csus.ecs.pc2.core.model.Profile DryRun--5544400451244233091
221210 075554.306|INFO|Thread-1382|dumpPacket|   key: CLIENT_ID is: edu.csus.ecs.pc2.core.model.ClientId TEAM38 @ site 1
221210 075554.306|INFO|Thread-1382|dumpPacket|   key: SITE_NUMBER is: java.lang.Integer 1
221210 075554.306|INFO|Thread-1382|dumpPacket|   key: CONTEST_INFORMATION is: edu.csus.ecs.pc2.core.model.ContestInformation edu.csus.ecs.pc2.core.model.ContestInformation@3ea39936
221210 075554.306|INFO|Thread-1382|dumpPacket|   key: SITE_LIST is: [Ledu.csus.ecs.pc2.core.model.Site; [Ledu.csus.ecs.pc2.core.model.Site;@36f018c0
221210 075554.306|INFO|Thread-1382|dumpPacket|   key: PROBLEM_DATA_FILES is: [Ledu.csus.ecs.pc2.core.model.ProblemDataFiles; [Ledu.csus.ecs.pc2.core.model.ProblemDataFiles;@468bd1c
221210 075554.306|INFO|Thread-1382|dumpPacket|   key: JUDGEMENT_LIST is: [Ledu.csus.ecs.pc2.core.model.Judgement; [Ledu.csus.ecs.pc2.core.model.Judgement;@91679af
221210 075554.306|INFO|Thread-1382|dumpPacket|   key: PROBLEM_LIST is: [Ledu.csus.ecs.pc2.core.model.Problem; [Ledu.csus.ecs.pc2.core.model.Problem;@2bde3b92
221210 075554.306|INFO|Thread-1382|dumpPacket|   key: GROUP_LIST is: [Ledu.csus.ecs.pc2.core.model.Group; [Ledu.csus.ecs.pc2.core.model.Group;@1dde0031
221210 075554.306|INFO|Thread-1382|dumpPacket|   key: LOCAL_LOGGED_IN_USERS is: [Ledu.csus.ecs.pc2.core.model.ClientId; [Ledu.csus.ecs.pc2.core.model.ClientId;@5c1fcecb
221210 075554.306|INFO|Thread-1382|dumpPacket|   key: SERVER_CLOCK_OFFSET is: java.util.GregorianCalendar java.util.GregorianCalendar[time=1670680554293,areFieldsSet=true,areAllFieldsSet=false,lenient=true,zone=sun.util.calendar.ZoneInfo[id="GMT",offset=0,dstSavings=0,useDaylight=false,transitions=0,lastRule=null],firstDayOfWeek=1,minimalDaysInFirstWeek=1,ERA=1,YEAR=2022,MONTH=11,WEEK_OF_YEAR=50,WEEK_OF_MONTH=2,DAY_OF_MONTH=10,DAY_OF_YEAR=344,DAY_OF_WEEK=7,DAY_OF_WEEK_IN_MONTH=2,AM_PM=1,HOUR=1,HOUR_OF_DAY=13,MINUTE=55,SECOND=54,MILLISECOND=293,ZONE_OFFSET=0,DST_OFFSET=0]
221210 075554.306|INFO|Thread-1382|dumpPacket|   key: CONTEST_IDENTIFIER is: java.lang.String DryRun--5544400451244233091
221210 075554.306|INFO|Thread-1382|dumpPacket|   key: BALLOON_SETTINGS_LIST is: [Ledu.csus.ecs.pc2.core.model.BalloonSettings; [Ledu.csus.ecs.pc2.core.model.BalloonSettings;@667e0fe6
221210 075554.306|INFO|Thread-1382|dumpPacket|   key: RUN_LIST is: [Ledu.csus.ecs.pc2.core.model.Run; [Ledu.csus.ecs.pc2.core.model.Run;@3c26aa10
221210 075554.306|INFO|Thread-1382|dumpPacket|   key: ACCOUNT_ARRAY is: [Ledu.csus.ecs.pc2.core.model.Account; [Ledu.csus.ecs.pc2.core.model.Account;@5194fa2d
221210 075554.306|INFO|Thread-1382|info|handlePacket start Packet[LOGIN_SUCCESS] #546 SERVER0 @ site 1 -> TEAM38 @ site 1
221210 075554.306|INFO|Thread-1382|dumpPacket|Packet LOGIN_SUCCESS (Seq #546, o#546 ) handlePacket
221210 075554.306|INFO|Thread-1382|dumpPacket|  From: SERVER0 @ site 1, oSERVER0 @ site 1 (DESKTOP-D75BQTV @ 212.212.212.212) (Contest Id: DryRun--5544400451244233091)
221210 075554.306|INFO|Thread-1382|dumpPacket|    To: TEAM38 @ site 1
221210 075554.306|INFO|Thread-1382|dumpPacket|   key: PROFILE_LIST is: [Ledu.csus.ecs.pc2.core.model.Profile; [Ledu.csus.ecs.pc2.core.model.Profile;@2ff35f61
221210 075554.306|INFO|Thread-1382|dumpPacket|   key: GENERAL_PROBLEM is: edu.csus.ecs.pc2.core.model.Problem General
221210 075554.306|INFO|Thread-1382|dumpPacket|   key: CLIENT_SETTINGS_LIST is: [Ledu.csus.ecs.pc2.core.model.ClientSettings; [Ledu.csus.ecs.pc2.core.model.ClientSettings;@2134b4ef
221210 075554.306|INFO|Thread-1382|dumpPacket|   key: CONTEST_TIME is: edu.csus.ecs.pc2.core.model.ContestTime edu.csus.ecs.pc2.core.model.ContestTime@250b3411
221210 075554.306|INFO|Thread-1382|dumpPacket|   key: CLARIFICATION_LIST is: [Ledu.csus.ecs.pc2.core.model.Clarification; [Ledu.csus.ecs.pc2.core.model.Clarification;@6009bed4
221210 075554.306|INFO|Thread-1382|dumpPacket|   key: CATEGORY_LIST is: [Ledu.csus.ecs.pc2.core.model.Category; [Ledu.csus.ecs.pc2.core.model.Category;@5534ede3
221210 075554.306|INFO|Thread-1382|dumpPacket|   key: LANGUAGE_LIST is: [Ledu.csus.ecs.pc2.core.model.Language; [Ledu.csus.ecs.pc2.core.model.Language;@5123b866
221210 075554.306|INFO|Thread-1382|dumpPacket|   key: REMOTE_LOGGED_IN_USERS is: [Ledu.csus.ecs.pc2.core.model.ClientId; [Ledu.csus.ecs.pc2.core.model.ClientId;@2df4b5ef
221210 075554.306|INFO|Thread-1382|dumpPacket|   key: CONTEST_TIME_LIST is: [Ledu.csus.ecs.pc2.core.model.ContestTime; [Ledu.csus.ecs.pc2.core.model.ContestTime;@26419b
221210 075554.306|INFO|Thread-1382|dumpPacket|   key: CONNECTION_HANDLE_ID_LIST is: [Ledu.csus.ecs.pc2.core.transport.ConnectionHandlerID; [Ledu.csus.ecs.pc2.core.transport.ConnectionHandlerID;@728fff89
221210 075554.306|INFO|Thread-1382|dumpPacket|   key: PROFILE is: edu.csus.ecs.pc2.core.model.Profile DryRun--5544400451244233091
221210 075554.306|INFO|Thread-1382|dumpPacket|   key: CLIENT_ID is: edu.csus.ecs.pc2.core.model.ClientId TEAM38 @ site 1
221210 075554.306|INFO|Thread-1382|dumpPacket|   key: SITE_NUMBER is: java.lang.Integer 1
221210 075554.306|INFO|Thread-1382|dumpPacket|   key: CONTEST_INFORMATION is: edu.csus.ecs.pc2.core.model.ContestInformation edu.csus.ecs.pc2.core.model.ContestInformation@3ea39936
221210 075554.306|INFO|Thread-1382|dumpPacket|   key: SITE_LIST is: [Ledu.csus.ecs.pc2.core.model.Site; [Ledu.csus.ecs.pc2.core.model.Site;@36f018c0
221210 075554.306|INFO|Thread-1382|dumpPacket|   key: PROBLEM_DATA_FILES is: [Ledu.csus.ecs.pc2.core.model.ProblemDataFiles; [Ledu.csus.ecs.pc2.core.model.ProblemDataFiles;@468bd1c
221210 075554.306|INFO|Thread-1382|dumpPacket|   key: JUDGEMENT_LIST is: [Ledu.csus.ecs.pc2.core.model.Judgement; [Ledu.csus.ecs.pc2.core.model.Judgement;@91679af
221210 075554.306|INFO|Thread-1382|dumpPacket|   key: PROBLEM_LIST is: [Ledu.csus.ecs.pc2.core.model.Problem; [Ledu.csus.ecs.pc2.core.model.Problem;@2bde3b92
221210 075554.306|INFO|Thread-1382|dumpPacket|   key: GROUP_LIST is: [Ledu.csus.ecs.pc2.core.model.Group; [Ledu.csus.ecs.pc2.core.model.Group;@1dde0031
221210 075554.306|INFO|Thread-1382|dumpPacket|   key: LOCAL_LOGGED_IN_USERS is: [Ledu.csus.ecs.pc2.core.model.ClientId; [Ledu.csus.ecs.pc2.core.model.ClientId;@5c1fcecb
221210 075554.306|INFO|Thread-1382|dumpPacket|   key: SERVER_CLOCK_OFFSET is: java.util.GregorianCalendar java.util.GregorianCalendar[time=1670680554293,areFieldsSet=true,areAllFieldsSet=false,lenient=true,zone=sun.util.calendar.ZoneInfo[id="GMT",offset=0,dstSavings=0,useDaylight=false,transitions=0,lastRule=null],firstDayOfWeek=1,minimalDaysInFirstWeek=1,ERA=1,YEAR=2022,MONTH=11,WEEK_OF_YEAR=50,WEEK_OF_MONTH=2,DAY_OF_MONTH=10,DAY_OF_YEAR=344,DAY_OF_WEEK=7,DAY_OF_WEEK_IN_MONTH=2,AM_PM=1,HOUR=1,HOUR_OF_DAY=13,MINUTE=55,SECOND=54,MILLISECOND=293,ZONE_OFFSET=0,DST_OFFSET=0]
221210 075554.310|INFO|Thread-1382|dumpPacket|   key: CONTEST_IDENTIFIER is: java.lang.String DryRun--5544400451244233091
221210 075554.310|INFO|Thread-1382|dumpPacket|   key: BALLOON_SETTINGS_LIST is: [Ledu.csus.ecs.pc2.core.model.BalloonSettings; [Ledu.csus.ecs.pc2.core.model.BalloonSettings;@667e0fe6
221210 075554.310|INFO|Thread-1382|dumpPacket|   key: RUN_LIST is: [Ledu.csus.ecs.pc2.core.model.Run; [Ledu.csus.ecs.pc2.core.model.Run;@3c26aa10
221210 075554.310|INFO|Thread-1382|dumpPacket|   key: ACCOUNT_ARRAY is: [Ledu.csus.ecs.pc2.core.model.Account; [Ledu.csus.ecs.pc2.core.model.Account;@5194fa2d
221210 075700.297|INFO|Thread-1379|connectionDropped|connectionDropped(ConnectionHandlerID myConnectionID) 
221210 102716.090|CONFIG|qtp1613095350-1488|setFileHandlers|Now logging to C:\Users\18328\Desktop\pc2\WebTeamInterface-1.1\logs directory.
221210 102716.090|INFO|qtp1613095350-1488|info|
221210 102716.090|INFO|qtp1613095350-1488|info|Version 9 () Java ver 18.0.2.1 build  Windows 11 10.0 (amd64) 
221210 102716.090|INFO|qtp1613095350-1488|info|Login: team38 (aka team38)
221210 102716.091|INFO|qtp1613095350-1488|startLog|Working directory is C:\Users\18328\Desktop\pc2\WebTeamInterface-1.1
221210 102716.091|INFO|qtp1613095350-1488|startLog|Process id is 22344@DESKTOP-D75BQTV
221210 102716.091|INFO|qtp1613095350-1488|info|Contacting server at 212.212.212.212:50002 as TEAM38 @ site 0
221210 102716.091|INFO|qtp1613095350-1488|info|sendLoginRequest start - sending from TEAM38 @ site 0
221210 102716.091|INFO|qtp1613095350-1488|sendToLocalServer|Sending packet to server Packet[LOGIN_REQUEST] #153 TEAM38 @ site 0 -> SERVER0 @ site 0
221210 102716.091|INFO|qtp1613095350-1488|sendToLocalServer|Sent    packet to server Packet[LOGIN_REQUEST] #153 TEAM38 @ site 0 -> SERVER0 @ site 0
221210 102716.091|INFO|qtp1613095350-1488|info|sendLoginRequest end - packet sent.
221210 102716.091|INFO|Thread-3398|run|send(Serializable)
221210 102716.095|INFO|Thread-3397|receive|public void receive(SealedObject TransportPacket, ConnectionHandlerID connectionHandlerID)
221210 102716.097|INFO|Thread-3399|info| receiveObject(S) start got Packet[LOGIN_SUCCESS] #2648 SERVER0 @ site 1 -> TEAM38 @ site 1
221210 102716.097|INFO|Thread-3399|dumpPacket|Packet LOGIN_SUCCESS (Seq #2648, o#2648 ) recieveObject
221210 102716.097|INFO|Thread-3399|dumpPacket|  From: SERVER0 @ site 1, oSERVER0 @ site 1 (DESKTOP-D75BQTV @ 212.212.212.212) (Contest Id: DryRun--5544400451244233091)
221210 102716.097|INFO|Thread-3399|dumpPacket|    To: TEAM38 @ site 1
221210 102716.097|INFO|Thread-3399|dumpPacket|   key: PROFILE_LIST is: [Ledu.csus.ecs.pc2.core.model.Profile; [Ledu.csus.ecs.pc2.core.model.Profile;@28d49a0a
221210 102716.097|INFO|Thread-3399|dumpPacket|   key: GENERAL_PROBLEM is: edu.csus.ecs.pc2.core.model.Problem General
221210 102716.097|INFO|Thread-3399|dumpPacket|   key: CLIENT_SETTINGS_LIST is: [Ledu.csus.ecs.pc2.core.model.ClientSettings; [Ledu.csus.ecs.pc2.core.model.ClientSettings;@26137160
221210 102716.097|INFO|Thread-3399|dumpPacket|   key: CONTEST_TIME is: edu.csus.ecs.pc2.core.model.ContestTime edu.csus.ecs.pc2.core.model.ContestTime@222cf17a
221210 102716.097|INFO|Thread-3399|dumpPacket|   key: CLARIFICATION_LIST is: [Ledu.csus.ecs.pc2.core.model.Clarification; [Ledu.csus.ecs.pc2.core.model.Clarification;@672e7b5b
221210 102716.097|INFO|Thread-3399|dumpPacket|   key: CATEGORY_LIST is: [Ledu.csus.ecs.pc2.core.model.Category; [Ledu.csus.ecs.pc2.core.model.Category;@6b26b97e
221210 102716.097|INFO|Thread-3399|dumpPacket|   key: LANGUAGE_LIST is: [Ledu.csus.ecs.pc2.core.model.Language; [Ledu.csus.ecs.pc2.core.model.Language;@56035d0b
221210 102716.097|INFO|Thread-3399|dumpPacket|   key: REMOTE_LOGGED_IN_USERS is: [Ledu.csus.ecs.pc2.core.model.ClientId; [Ledu.csus.ecs.pc2.core.model.ClientId;@13e1c190
221210 102716.097|INFO|Thread-3399|dumpPacket|   key: CONTEST_TIME_LIST is: [Ledu.csus.ecs.pc2.core.model.ContestTime; [Ledu.csus.ecs.pc2.core.model.ContestTime;@7018414
221210 102716.097|INFO|Thread-3399|dumpPacket|   key: CONNECTION_HANDLE_ID_LIST is: [Ledu.csus.ecs.pc2.core.transport.ConnectionHandlerID; [Ledu.csus.ecs.pc2.core.transport.ConnectionHandlerID;@59b230c3
221210 102716.097|INFO|Thread-3399|dumpPacket|   key: PROFILE is: edu.csus.ecs.pc2.core.model.Profile DryRun--5544400451244233091
221210 102716.097|INFO|Thread-3399|dumpPacket|   key: CLIENT_ID is: edu.csus.ecs.pc2.core.model.ClientId TEAM38 @ site 1
221210 102716.097|INFO|Thread-3399|dumpPacket|   key: SITE_NUMBER is: java.lang.Integer 1
221210 102716.097|INFO|Thread-3399|dumpPacket|   key: CONTEST_INFORMATION is: edu.csus.ecs.pc2.core.model.ContestInformation edu.csus.ecs.pc2.core.model.ContestInformation@1595c5fb
221210 102716.097|INFO|Thread-3399|dumpPacket|   key: SITE_LIST is: [Ledu.csus.ecs.pc2.core.model.Site; [Ledu.csus.ecs.pc2.core.model.Site;@8e56b98
221210 102716.097|INFO|Thread-3399|dumpPacket|   key: PROBLEM_DATA_FILES is: [Ledu.csus.ecs.pc2.core.model.ProblemDataFiles; [Ledu.csus.ecs.pc2.core.model.ProblemDataFiles;@34f7fb4
221210 102716.097|INFO|Thread-3399|dumpPacket|   key: JUDGEMENT_LIST is: [Ledu.csus.ecs.pc2.core.model.Judgement; [Ledu.csus.ecs.pc2.core.model.Judgement;@4b336336
221210 102716.097|INFO|Thread-3399|dumpPacket|   key: PROBLEM_LIST is: [Ledu.csus.ecs.pc2.core.model.Problem; [Ledu.csus.ecs.pc2.core.model.Problem;@7032cdb6
221210 102716.097|INFO|Thread-3399|dumpPacket|   key: GROUP_LIST is: [Ledu.csus.ecs.pc2.core.model.Group; [Ledu.csus.ecs.pc2.core.model.Group;@5328c183
221210 102716.097|INFO|Thread-3399|dumpPacket|   key: LOCAL_LOGGED_IN_USERS is: [Ledu.csus.ecs.pc2.core.model.ClientId; [Ledu.csus.ecs.pc2.core.model.ClientId;@2be2a68d
221210 102716.097|INFO|Thread-3399|dumpPacket|   key: SERVER_CLOCK_OFFSET is: java.util.GregorianCalendar java.util.GregorianCalendar[time=1670689636093,areFieldsSet=true,areAllFieldsSet=false,lenient=true,zone=sun.util.calendar.ZoneInfo[id="GMT",offset=0,dstSavings=0,useDaylight=false,transitions=0,lastRule=null],firstDayOfWeek=1,minimalDaysInFirstWeek=1,ERA=1,YEAR=2022,MONTH=11,WEEK_OF_YEAR=50,WEEK_OF_MONTH=2,DAY_OF_MONTH=10,DAY_OF_YEAR=344,DAY_OF_WEEK=7,DAY_OF_WEEK_IN_MONTH=2,AM_PM=1,HOUR=4,HOUR_OF_DAY=16,MINUTE=27,SECOND=16,MILLISECOND=93,ZONE_OFFSET=0,DST_OFFSET=0]
221210 102716.097|INFO|Thread-3399|dumpPacket|   key: CONTEST_IDENTIFIER is: java.lang.String DryRun--5544400451244233091
221210 102716.097|INFO|Thread-3399|dumpPacket|   key: BALLOON_SETTINGS_LIST is: [Ledu.csus.ecs.pc2.core.model.BalloonSettings; [Ledu.csus.ecs.pc2.core.model.BalloonSettings;@7b185a14
221210 102716.097|INFO|Thread-3399|dumpPacket|   key: RUN_LIST is: [Ledu.csus.ecs.pc2.core.model.Run; [Ledu.csus.ecs.pc2.core.model.Run;@1d2167bc
221210 102716.097|INFO|Thread-3399|dumpPacket|   key: ACCOUNT_ARRAY is: [Ledu.csus.ecs.pc2.core.model.Account; [Ledu.csus.ecs.pc2.core.model.Account;@8108942
221210 102716.097|INFO|Thread-3399|info|handlePacket start Packet[LOGIN_SUCCESS] #2648 SERVER0 @ site 1 -> TEAM38 @ site 1
221210 102716.097|INFO|Thread-3399|dumpPacket|Packet LOGIN_SUCCESS (Seq #2648, o#2648 ) handlePacket
221210 102716.097|INFO|Thread-3399|dumpPacket|  From: SERVER0 @ site 1, oSERVER0 @ site 1 (DESKTOP-D75BQTV @ 212.212.212.212) (Contest Id: DryRun--5544400451244233091)
221210 102716.097|INFO|Thread-3399|dumpPacket|    To: TEAM38 @ site 1
221210 102716.097|INFO|Thread-3399|dumpPacket|   key: PROFILE_LIST is: [Ledu.csus.ecs.pc2.core.model.Profile; [Ledu.csus.ecs.pc2.core.model.Profile;@28d49a0a
221210 102716.097|INFO|Thread-3399|dumpPacket|   key: GENERAL_PROBLEM is: edu.csus.ecs.pc2.core.model.Problem General
221210 102716.097|INFO|Thread-3399|dumpPacket|   key: CLIENT_SETTINGS_LIST is: [Ledu.csus.ecs.pc2.core.model.ClientSettings; [Ledu.csus.ecs.pc2.core.model.ClientSettings;@26137160
221210 102716.097|INFO|Thread-3399|dumpPacket|   key: CONTEST_TIME is: edu.csus.ecs.pc2.core.model.ContestTime edu.csus.ecs.pc2.core.model.ContestTime@222cf17a
221210 102716.097|INFO|Thread-3399|dumpPacket|   key: CLARIFICATION_LIST is: [Ledu.csus.ecs.pc2.core.model.Clarification; [Ledu.csus.ecs.pc2.core.model.Clarification;@672e7b5b
221210 102716.097|INFO|Thread-3399|dumpPacket|   key: CATEGORY_LIST is: [Ledu.csus.ecs.pc2.core.model.Category; [Ledu.csus.ecs.pc2.core.model.Category;@6b26b97e
221210 102716.097|INFO|Thread-3399|dumpPacket|   key: LANGUAGE_LIST is: [Ledu.csus.ecs.pc2.core.model.Language; [Ledu.csus.ecs.pc2.core.model.Language;@56035d0b
221210 102716.097|INFO|Thread-3399|dumpPacket|   key: REMOTE_LOGGED_IN_USERS is: [Ledu.csus.ecs.pc2.core.model.ClientId; [Ledu.csus.ecs.pc2.core.model.ClientId;@13e1c190
221210 102716.097|INFO|Thread-3399|dumpPacket|   key: CONTEST_TIME_LIST is: [Ledu.csus.ecs.pc2.core.model.ContestTime; [Ledu.csus.ecs.pc2.core.model.ContestTime;@7018414
221210 102716.098|INFO|Thread-3399|dumpPacket|   key: CONNECTION_HANDLE_ID_LIST is: [Ledu.csus.ecs.pc2.core.transport.ConnectionHandlerID; [Ledu.csus.ecs.pc2.core.transport.ConnectionHandlerID;@59b230c3
221210 102716.098|INFO|Thread-3399|dumpPacket|   key: PROFILE is: edu.csus.ecs.pc2.core.model.Profile DryRun--5544400451244233091
221210 102716.098|INFO|Thread-3399|dumpPacket|   key: CLIENT_ID is: edu.csus.ecs.pc2.core.model.ClientId TEAM38 @ site 1
221210 102716.098|INFO|Thread-3399|dumpPacket|   key: SITE_NUMBER is: java.lang.Integer 1
221210 102716.098|INFO|Thread-3399|dumpPacket|   key: CONTEST_INFORMATION is: edu.csus.ecs.pc2.core.model.ContestInformation edu.csus.ecs.pc2.core.model.ContestInformation@1595c5fb
221210 102716.098|INFO|Thread-3399|dumpPacket|   key: SITE_LIST is: [Ledu.csus.ecs.pc2.core.model.Site; [Ledu.csus.ecs.pc2.core.model.Site;@8e56b98
221210 102716.098|INFO|Thread-3399|dumpPacket|   key: PROBLEM_DATA_FILES is: [Ledu.csus.ecs.pc2.core.model.ProblemDataFiles; [Ledu.csus.ecs.pc2.core.model.ProblemDataFiles;@34f7fb4
221210 102716.098|INFO|Thread-3399|dumpPacket|   key: JUDGEMENT_LIST is: [Ledu.csus.ecs.pc2.core.model.Judgement; [Ledu.csus.ecs.pc2.core.model.Judgement;@4b336336
221210 102716.098|INFO|Thread-3399|dumpPacket|   key: PROBLEM_LIST is: [Ledu.csus.ecs.pc2.core.model.Problem; [Ledu.csus.ecs.pc2.core.model.Problem;@7032cdb6
221210 102716.098|INFO|Thread-3399|dumpPacket|   key: GROUP_LIST is: [Ledu.csus.ecs.pc2.core.model.Group; [Ledu.csus.ecs.pc2.core.model.Group;@5328c183
221210 102716.098|INFO|Thread-3399|dumpPacket|   key: LOCAL_LOGGED_IN_USERS is: [Ledu.csus.ecs.pc2.core.model.ClientId; [Ledu.csus.ecs.pc2.core.model.ClientId;@2be2a68d
221210 102716.098|INFO|Thread-3399|dumpPacket|   key: SERVER_CLOCK_OFFSET is: java.util.GregorianCalendar java.util.GregorianCalendar[time=1670689636093,areFieldsSet=true,areAllFieldsSet=false,lenient=true,zone=sun.util.calendar.ZoneInfo[id="GMT",offset=0,dstSavings=0,useDaylight=false,transitions=0,lastRule=null],firstDayOfWeek=1,minimalDaysInFirstWeek=1,ERA=1,YEAR=2022,MONTH=11,WEEK_OF_YEAR=50,WEEK_OF_MONTH=2,DAY_OF_MONTH=10,DAY_OF_YEAR=344,DAY_OF_WEEK=7,DAY_OF_WEEK_IN_MONTH=2,AM_PM=1,HOUR=4,HOUR_OF_DAY=16,MINUTE=27,SECOND=16,MILLISECOND=93,ZONE_OFFSET=0,DST_OFFSET=0]
221210 102716.098|INFO|Thread-3399|dumpPacket|   key: CONTEST_IDENTIFIER is: java.lang.String DryRun--5544400451244233091
221210 102716.098|INFO|Thread-3399|dumpPacket|   key: BALLOON_SETTINGS_LIST is: [Ledu.csus.ecs.pc2.core.model.BalloonSettings; [Ledu.csus.ecs.pc2.core.model.BalloonSettings;@7b185a14
221210 102716.098|INFO|Thread-3399|dumpPacket|   key: RUN_LIST is: [Ledu.csus.ecs.pc2.core.model.Run; [Ledu.csus.ecs.pc2.core.model.Run;@1d2167bc
221210 102716.098|INFO|Thread-3399|dumpPacket|   key: ACCOUNT_ARRAY is: [Ledu.csus.ecs.pc2.core.model.Account; [Ledu.csus.ecs.pc2.core.model.Account;@8108942
221210 103056.939|INFO|Thread-3397|receive|public void receive(SealedObject TransportPacket, ConnectionHandlerID connectionHandlerID)
221210 103128.748|INFO|Thread-3397|receive|public void receive(SealedObject TransportPacket, ConnectionHandlerID connectionHandlerID)
221210 103204.726|INFO|Thread-3397|receive|public void receive(SealedObject TransportPacket, ConnectionHandlerID connectionHandlerID)
221210 103220.660|INFO|Thread-3397|receive|public void receive(SealedObject TransportPacket, ConnectionHandlerID connectionHandlerID)
221210 103237.388|INFO|Thread-3397|receive|public void receive(SealedObject TransportPacket, ConnectionHandlerID connectionHandlerID)
221210 103302.537|INFO|Thread-3397|receive|public void receive(SealedObject TransportPacket, ConnectionHandlerID connectionHandlerID)
221210 104406.111|INFO|Thread-3397|receive|public void receive(SealedObject TransportPacket, ConnectionHandlerID connectionHandlerID)
221210 104406.157|INFO|Thread-3397|receive|public void receive(SealedObject TransportPacket, ConnectionHandlerID connectionHandlerID)
221210 104717.879|INFO|Thread-3397|receive|public void receive(SealedObject TransportPacket, ConnectionHandlerID connectionHandlerID)
221210 104718.639|INFO|Thread-3397|receive|public void receive(SealedObject TransportPacket, ConnectionHandlerID connectionHandlerID)
221210 104719.229|INFO|Thread-3397|receive|public void receive(SealedObject TransportPacket, ConnectionHandlerID connectionHandlerID)
221210 105819.779|INFO|Thread-3397|receive|public void receive(SealedObject TransportPacket, ConnectionHandlerID connectionHandlerID)
221210 105836.795|INFO|Thread-3397|receive|public void receive(SealedObject TransportPacket, ConnectionHandlerID connectionHandlerID)
221210 110616.456|INFO|Thread-3397|receive|public void receive(SealedObject TransportPacket, ConnectionHandlerID connectionHandlerID)
221210 110633.913|INFO|Thread-3397|receive|public void receive(SealedObject TransportPacket, ConnectionHandlerID connectionHandlerID)
221210 110940.392|INFO|Thread-3397|receive|public void receive(SealedObject TransportPacket, ConnectionHandlerID connectionHandlerID)
221210 110951.335|INFO|Thread-3397|receive|public void receive(SealedObject TransportPacket, ConnectionHandlerID connectionHandlerID)
221210 111506.517|INFO|Thread-3397|receive|public void receive(SealedObject TransportPacket, ConnectionHandlerID connectionHandlerID)
221210 111552.142|INFO|Thread-3397|receive|public void receive(SealedObject TransportPacket, ConnectionHandlerID connectionHandlerID)
221210 112222.976|INFO|Thread-3397|receive|public void receive(SealedObject TransportPacket, ConnectionHandlerID connectionHandlerID)
221210 112312.843|INFO|Thread-3397|receive|public void receive(SealedObject TransportPacket, ConnectionHandlerID connectionHandlerID)
221210 112518.679|INFO|Thread-3397|receive|public void receive(SealedObject TransportPacket, ConnectionHandlerID connectionHandlerID)
221210 112629.724|INFO|Thread-3397|receive|public void receive(SealedObject TransportPacket, ConnectionHandlerID connectionHandlerID)
221210 114703.420|INFO|Thread-3397|receive|public void receive(SealedObject TransportPacket, ConnectionHandlerID connectionHandlerID)
221210 114802.123|INFO|Thread-3397|receive|public void receive(SealedObject TransportPacket, ConnectionHandlerID connectionHandlerID)
221210 115254.894|INFO|Thread-3397|receive|public void receive(SealedObject TransportPacket, ConnectionHandlerID connectionHandlerID)
221210 115312.171|INFO|Thread-3397|receive|public void receive(SealedObject TransportPacket, ConnectionHandlerID connectionHandlerID)
221210 120724.597|INFO|Thread-3397|receive|public void receive(SealedObject TransportPacket, ConnectionHandlerID connectionHandlerID)
221210 121305.085|INFO|Thread-3397|receive|public void receive(SealedObject TransportPacket, ConnectionHandlerID connectionHandlerID)
221210 121353.600|INFO|Thread-3397|receive|public void receive(SealedObject TransportPacket, ConnectionHandlerID connectionHandlerID)
221210 122102.484|INFO|Thread-3397|receive|public void receive(SealedObject TransportPacket, ConnectionHandlerID connectionHandlerID)
221210 122125.682|INFO|Thread-3397|receive|public void receive(SealedObject TransportPacket, ConnectionHandlerID connectionHandlerID)
221210 150258.270|INFO|Thread-3397|connectionDropped|connectionDropped(ConnectionHandlerID myConnectionID) 
231209 082345.756|CONFIG|qtp135640095-2300|setFileHandlers|Now logging to C:\Users\18328\Desktop\pc2\WebTeamInterface-1.1\logs directory.
231209 082345.756|INFO|qtp135640095-2300|info|
231209 082345.756|INFO|qtp135640095-2300|info|Version 9 () Java ver 18.0.2.1 build  Windows 11 10.0 (amd64) 
231209 082345.756|INFO|qtp135640095-2300|info|Login: team38 (aka team38)
231209 082345.756|INFO|qtp135640095-2300|startLog|Working directory is C:\Users\18328\Desktop\pc2\WebTeamInterface-1.1
231209 082345.756|INFO|qtp135640095-2300|startLog|Process id is 15028@DESKTOP-D75BQTV
231209 082345.756|INFO|qtp135640095-2300|info|Contacting server at localhost:50002 as TEAM38 @ site 0
231209 082345.756|INFO|qtp135640095-2300|info|sendLoginRequest start - sending from TEAM38 @ site 0
231209 082345.756|INFO|qtp135640095-2300|sendToLocalServer|Sending packet to server Packet[LOGIN_REQUEST] #165 TEAM38 @ site 0 -> SERVER0 @ site 0
231209 082345.756|INFO|qtp135640095-2300|sendToLocalServer|Sent    packet to server Packet[LOGIN_REQUEST] #165 TEAM38 @ site 0 -> SERVER0 @ site 0
231209 082345.756|INFO|qtp135640095-2300|info|sendLoginRequest end - packet sent.
231209 082345.756|INFO|Thread-6610|run|send(Serializable)
231209 082345.769|INFO|Thread-6609|receive|public void receive(SealedObject TransportPacket, ConnectionHandlerID connectionHandlerID)
231209 082345.772|INFO|Thread-6611|info| receiveObject(S) start got Packet[LOGIN_SUCCESS] #954 SERVER0 @ site 1 -> TEAM38 @ site 1
231209 082345.772|INFO|Thread-6611|dumpPacket|Packet LOGIN_SUCCESS (Seq #954, o#954 ) recieveObject
231209 082345.772|INFO|Thread-6611|dumpPacket|  From: SERVER0 @ site 1, oSERVER0 @ site 1 (DESKTOP-D75BQTV @ 212.212.212.212) (Contest Id: DryRun--6069080675419338087)
231209 082345.772|INFO|Thread-6611|dumpPacket|    To: TEAM38 @ site 1
231209 082345.772|INFO|Thread-6611|dumpPacket|   key: PROFILE_LIST is: [Ledu.csus.ecs.pc2.core.model.Profile; [Ledu.csus.ecs.pc2.core.model.Profile;@47ff7841
231209 082345.772|INFO|Thread-6611|dumpPacket|   key: GENERAL_PROBLEM is: edu.csus.ecs.pc2.core.model.Problem General
231209 082345.772|INFO|Thread-6611|dumpPacket|   key: CLIENT_SETTINGS_LIST is: [Ledu.csus.ecs.pc2.core.model.ClientSettings; [Ledu.csus.ecs.pc2.core.model.ClientSettings;@49388ece
231209 082345.772|INFO|Thread-6611|dumpPacket|   key: CONTEST_TIME is: edu.csus.ecs.pc2.core.model.ContestTime edu.csus.ecs.pc2.core.model.ContestTime@4d071331
231209 082345.772|INFO|Thread-6611|dumpPacket|   key: CLARIFICATION_LIST is: [Ledu.csus.ecs.pc2.core.model.Clarification; [Ledu.csus.ecs.pc2.core.model.Clarification;@80584f5
231209 082345.772|INFO|Thread-6611|dumpPacket|   key: CATEGORY_LIST is: [Ledu.csus.ecs.pc2.core.model.Category; [Ledu.csus.ecs.pc2.core.model.Category;@3484d8c4
231209 082345.772|INFO|Thread-6611|dumpPacket|   key: LANGUAGE_LIST is: [Ledu.csus.ecs.pc2.core.model.Language; [Ledu.csus.ecs.pc2.core.model.Language;@39c76e64
231209 082345.772|INFO|Thread-6611|dumpPacket|   key: REMOTE_LOGGED_IN_USERS is: [Ledu.csus.ecs.pc2.core.model.ClientId; [Ledu.csus.ecs.pc2.core.model.ClientId;@4cac6cf6
231209 082345.772|INFO|Thread-6611|dumpPacket|   key: CONTEST_TIME_LIST is: [Ledu.csus.ecs.pc2.core.model.ContestTime; [Ledu.csus.ecs.pc2.core.model.ContestTime;@682a7bba
231209 082345.772|INFO|Thread-6611|dumpPacket|   key: CONNECTION_HANDLE_ID_LIST is: [Ledu.csus.ecs.pc2.core.transport.ConnectionHandlerID; [Ledu.csus.ecs.pc2.core.transport.ConnectionHandlerID;@7a7acc83
231209 082345.772|INFO|Thread-6611|dumpPacket|   key: PROFILE is: edu.csus.ecs.pc2.core.model.Profile DryRun--6069080675419338087
231209 082345.772|INFO|Thread-6611|dumpPacket|   key: CLIENT_ID is: edu.csus.ecs.pc2.core.model.ClientId TEAM38 @ site 1
231209 082345.772|INFO|Thread-6611|dumpPacket|   key: SITE_NUMBER is: java.lang.Integer 1
231209 082345.772|INFO|Thread-6611|dumpPacket|   key: CONTEST_INFORMATION is: edu.csus.ecs.pc2.core.model.ContestInformation edu.csus.ecs.pc2.core.model.ContestInformation@78cc39e6
231209 082345.772|INFO|Thread-6611|dumpPacket|   key: SITE_LIST is: [Ledu.csus.ecs.pc2.core.model.Site; [Ledu.csus.ecs.pc2.core.model.Site;@57a821d5
231209 082345.772|INFO|Thread-6611|dumpPacket|   key: PROBLEM_DATA_FILES is: [Ledu.csus.ecs.pc2.core.model.ProblemDataFiles; [Ledu.csus.ecs.pc2.core.model.ProblemDataFiles;@6c646731
231209 082345.772|INFO|Thread-6611|dumpPacket|   key: JUDGEMENT_LIST is: [Ledu.csus.ecs.pc2.core.model.Judgement; [Ledu.csus.ecs.pc2.core.model.Judgement;@40d6b0ea
231209 082345.772|INFO|Thread-6611|dumpPacket|   key: PROBLEM_LIST is: [Ledu.csus.ecs.pc2.core.model.Problem; [Ledu.csus.ecs.pc2.core.model.Problem;@59ccb21f
231209 082345.772|INFO|Thread-6611|dumpPacket|   key: GROUP_LIST is: [Ledu.csus.ecs.pc2.core.model.Group; [Ledu.csus.ecs.pc2.core.model.Group;@4ffc967a
231209 082345.772|INFO|Thread-6611|dumpPacket|   key: LOCAL_LOGGED_IN_USERS is: [Ledu.csus.ecs.pc2.core.model.ClientId; [Ledu.csus.ecs.pc2.core.model.ClientId;@6e3d5b
231209 082345.772|INFO|Thread-6611|dumpPacket|   key: SERVER_CLOCK_OFFSET is: java.util.GregorianCalendar java.util.GregorianCalendar[time=1702131825769,areFieldsSet=true,areAllFieldsSet=false,lenient=true,zone=sun.util.calendar.ZoneInfo[id="GMT",offset=0,dstSavings=0,useDaylight=false,transitions=0,lastRule=null],firstDayOfWeek=1,minimalDaysInFirstWeek=1,ERA=1,YEAR=2023,MONTH=11,WEEK_OF_YEAR=49,WEEK_OF_MONTH=2,DAY_OF_MONTH=9,DAY_OF_YEAR=343,DAY_OF_WEEK=7,DAY_OF_WEEK_IN_MONTH=2,AM_PM=1,HOUR=2,HOUR_OF_DAY=14,MINUTE=23,SECOND=45,MILLISECOND=769,ZONE_OFFSET=0,DST_OFFSET=0]
231209 082345.772|INFO|Thread-6611|dumpPacket|   key: CONTEST_IDENTIFIER is: java.lang.String DryRun--6069080675419338087
231209 082345.772|INFO|Thread-6611|dumpPacket|   key: BALLOON_SETTINGS_LIST is: [Ledu.csus.ecs.pc2.core.model.BalloonSettings; [Ledu.csus.ecs.pc2.core.model.BalloonSettings;@75ca8c5c
231209 082345.772|INFO|Thread-6611|dumpPacket|   key: RUN_LIST is: [Ledu.csus.ecs.pc2.core.model.Run; [Ledu.csus.ecs.pc2.core.model.Run;@49aa84b0
231209 082345.772|INFO|Thread-6611|dumpPacket|   key: ACCOUNT_ARRAY is: [Ledu.csus.ecs.pc2.core.model.Account; [Ledu.csus.ecs.pc2.core.model.Account;@62ce94b9
231209 082345.772|INFO|Thread-6611|info|handlePacket start Packet[LOGIN_SUCCESS] #954 SERVER0 @ site 1 -> TEAM38 @ site 1
231209 082345.772|INFO|Thread-6611|dumpPacket|Packet LOGIN_SUCCESS (Seq #954, o#954 ) handlePacket
231209 082345.772|INFO|Thread-6611|dumpPacket|  From: SERVER0 @ site 1, oSERVER0 @ site 1 (DESKTOP-D75BQTV @ 212.212.212.212) (Contest Id: DryRun--6069080675419338087)
231209 082345.772|INFO|Thread-6611|dumpPacket|    To: TEAM38 @ site 1
231209 082345.772|INFO|Thread-6611|dumpPacket|   key: PROFILE_LIST is: [Ledu.csus.ecs.pc2.core.model.Profile; [Ledu.csus.ecs.pc2.core.model.Profile;@47ff7841
231209 082345.772|INFO|Thread-6611|dumpPacket|   key: GENERAL_PROBLEM is: edu.csus.ecs.pc2.core.model.Problem General
231209 082345.772|INFO|Thread-6611|dumpPacket|   key: CLIENT_SETTINGS_LIST is: [Ledu.csus.ecs.pc2.core.model.ClientSettings; [Ledu.csus.ecs.pc2.core.model.ClientSettings;@49388ece
231209 082345.772|INFO|Thread-6611|dumpPacket|   key: CONTEST_TIME is: edu.csus.ecs.pc2.core.model.ContestTime edu.csus.ecs.pc2.core.model.ContestTime@4d071331
231209 082345.772|INFO|Thread-6611|dumpPacket|   key: CLARIFICATION_LIST is: [Ledu.csus.ecs.pc2.core.model.Clarification; [Ledu.csus.ecs.pc2.core.model.Clarification;@80584f5
231209 082345.772|INFO|Thread-6611|dumpPacket|   key: CATEGORY_LIST is: [Ledu.csus.ecs.pc2.core.model.Category; [Ledu.csus.ecs.pc2.core.model.Category;@3484d8c4
231209 082345.772|INFO|Thread-6611|dumpPacket|   key: LANGUAGE_LIST is: [Ledu.csus.ecs.pc2.core.model.Language; [Ledu.csus.ecs.pc2.core.model.Language;@39c76e64
231209 082345.772|INFO|Thread-6611|dumpPacket|   key: REMOTE_LOGGED_IN_USERS is: [Ledu.csus.ecs.pc2.core.model.ClientId; [Ledu.csus.ecs.pc2.core.model.ClientId;@4cac6cf6
231209 082345.772|INFO|Thread-6611|dumpPacket|   key: CONTEST_TIME_LIST is: [Ledu.csus.ecs.pc2.core.model.ContestTime; [Ledu.csus.ecs.pc2.core.model.ContestTime;@682a7bba
231209 082345.772|INFO|Thread-6611|dumpPacket|   key: CONNECTION_HANDLE_ID_LIST is: [Ledu.csus.ecs.pc2.core.transport.ConnectionHandlerID; [Ledu.csus.ecs.pc2.core.transport.ConnectionHandlerID;@7a7acc83
231209 082345.772|INFO|Thread-6611|dumpPacket|   key: PROFILE is: edu.csus.ecs.pc2.core.model.Profile DryRun--6069080675419338087
231209 082345.772|INFO|Thread-6611|dumpPacket|   key: CLIENT_ID is: edu.csus.ecs.pc2.core.model.ClientId TEAM38 @ site 1
231209 082345.772|INFO|Thread-6611|dumpPacket|   key: SITE_NUMBER is: java.lang.Integer 1
231209 082345.772|INFO|Thread-6611|dumpPacket|   key: CONTEST_INFORMATION is: edu.csus.ecs.pc2.core.model.ContestInformation edu.csus.ecs.pc2.core.model.ContestInformation@78cc39e6
231209 082345.772|INFO|Thread-6611|dumpPacket|   key: SITE_LIST is: [Ledu.csus.ecs.pc2.core.model.Site; [Ledu.csus.ecs.pc2.core.model.Site;@57a821d5
231209 082345.772|INFO|Thread-6611|dumpPacket|   key: PROBLEM_DATA_FILES is: [Ledu.csus.ecs.pc2.core.model.ProblemDataFiles; [Ledu.csus.ecs.pc2.core.model.ProblemDataFiles;@6c646731
231209 082345.772|INFO|Thread-6611|dumpPacket|   key: JUDGEMENT_LIST is: [Ledu.csus.ecs.pc2.core.model.Judgement; [Ledu.csus.ecs.pc2.core.model.Judgement;@40d6b0ea
231209 082345.772|INFO|Thread-6611|dumpPacket|   key: PROBLEM_LIST is: [Ledu.csus.ecs.pc2.core.model.Problem; [Ledu.csus.ecs.pc2.core.model.Problem;@59ccb21f
231209 082345.772|INFO|Thread-6611|dumpPacket|   key: GROUP_LIST is: [Ledu.csus.ecs.pc2.core.model.Group; [Ledu.csus.ecs.pc2.core.model.Group;@4ffc967a
231209 082345.772|INFO|Thread-6611|dumpPacket|   key: LOCAL_LOGGED_IN_USERS is: [Ledu.csus.ecs.pc2.core.model.ClientId; [Ledu.csus.ecs.pc2.core.model.ClientId;@6e3d5b
231209 082345.772|INFO|Thread-6611|dumpPacket|   key: SERVER_CLOCK_OFFSET is: java.util.GregorianCalendar java.util.GregorianCalendar[time=1702131825769,areFieldsSet=true,areAllFieldsSet=false,lenient=true,zone=sun.util.calendar.ZoneInfo[id="GMT",offset=0,dstSavings=0,useDaylight=false,transitions=0,lastRule=null],firstDayOfWeek=1,minimalDaysInFirstWeek=1,ERA=1,YEAR=2023,MONTH=11,WEEK_OF_YEAR=49,WEEK_OF_MONTH=2,DAY_OF_MONTH=9,DAY_OF_YEAR=343,DAY_OF_WEEK=7,DAY_OF_WEEK_IN_MONTH=2,AM_PM=1,HOUR=2,HOUR_OF_DAY=14,MINUTE=23,SECOND=45,MILLISECOND=769,ZONE_OFFSET=0,DST_OFFSET=0]
231209 082345.772|INFO|Thread-6611|dumpPacket|   key: CONTEST_IDENTIFIER is: java.lang.String DryRun--6069080675419338087
231209 082345.772|INFO|Thread-6611|dumpPacket|   key: BALLOON_SETTINGS_LIST is: [Ledu.csus.ecs.pc2.core.model.BalloonSettings; [Ledu.csus.ecs.pc2.core.model.BalloonSettings;@75ca8c5c
231209 082345.772|INFO|Thread-6611|dumpPacket|   key: RUN_LIST is: [Ledu.csus.ecs.pc2.core.model.Run; [Ledu.csus.ecs.pc2.core.model.Run;@49aa84b0
231209 082345.772|INFO|Thread-6611|dumpPacket|   key: ACCOUNT_ARRAY is: [Ledu.csus.ecs.pc2.core.model.Account; [Ledu.csus.ecs.pc2.core.model.Account;@62ce94b9
231209 083135.861|INFO|Thread-6609|connectionDropped|connectionDropped(ConnectionHandlerID myConnectionID) 
