231209 103733.762|CONFIG|qtp135640095-45243|setFileHandlers|Now logging to C:\Users\18328\Desktop\pc2\WebTeamInterface-1.1\logs directory.
231209 103733.764|INFO|qtp135640095-45243|info|
231209 103733.764|INFO|qtp135640095-45243|info|Version 9 () Java ver 18.0.2.1 build  Windows 11 10.0 (amd64) 
231209 103733.764|INFO|qtp135640095-45243|info|Login: team52 (aka team52)
231209 103733.764|INFO|qtp135640095-45243|startLog|Working directory is C:\Users\18328\Desktop\pc2\WebTeamInterface-1.1
231209 103733.764|INFO|qtp135640095-45243|startLog|Process id is 15028@DESKTOP-D75BQTV
231209 103733.767|INFO|qtp135640095-45243|info|Contacting server at localhost:50002 as TEAM52 @ site 0
231209 103733.767|INFO|qtp135640095-45243|info|sendLoginRequest start - sending from TEAM52 @ site 0
231209 103733.767|INFO|qtp135640095-45243|sendToLocalServer|Sending packet to server Packet[LOGIN_REQUEST] #579 TEAM52 @ site 0 -> SERVER0 @ site 0
231209 103733.767|INFO|qtp135640095-45243|sendToLocalServer|Sent    packet to server Packet[LOGIN_REQUEST] #579 TEAM52 @ site 0 -> SERVER0 @ site 0
231209 103733.767|INFO|qtp135640095-45243|info|sendLoginRequest end - packet sent.
231209 103733.769|INFO|Thread-49212|run|send(Serializable)
231209 103733.786|INFO|Thread-49211|receive|public void receive(SealedObject TransportPacket, ConnectionHandlerID connectionHandlerID)
231209 103733.794|INFO|Thread-49213|info| receiveObject(S) start got Packet[LOGIN_SUCCESS] #3325 SERVER0 @ site 1 -> TEAM52 @ site 1
231209 103733.794|INFO|Thread-49213|dumpPacket|Packet LOGIN_SUCCESS (Seq #3325, o#3325 ) recieveObject
231209 103733.794|INFO|Thread-49213|dumpPacket|  From: SERVER0 @ site 1, oSERVER0 @ site 1 (DESKTOP-D75BQTV @ 212.212.212.212) (Contest Id: RealDeal--1957769244132597914)
231209 103733.794|INFO|Thread-49213|dumpPacket|    To: TEAM52 @ site 1
231209 103733.794|INFO|Thread-49213|dumpPacket|   key: PROFILE_LIST is: [Ledu.csus.ecs.pc2.core.model.Profile; [Ledu.csus.ecs.pc2.core.model.Profile;@7dfd44d8
231209 103733.794|INFO|Thread-49213|dumpPacket|   key: GENERAL_PROBLEM is: edu.csus.ecs.pc2.core.model.Problem General
231209 103733.794|INFO|Thread-49213|dumpPacket|   key: CLIENT_SETTINGS_LIST is: [Ledu.csus.ecs.pc2.core.model.ClientSettings; [Ledu.csus.ecs.pc2.core.model.ClientSettings;@733aa517
231209 103733.794|INFO|Thread-49213|dumpPacket|   key: CONTEST_TIME is: edu.csus.ecs.pc2.core.model.ContestTime edu.csus.ecs.pc2.core.model.ContestTime@77052fa8
231209 103733.794|INFO|Thread-49213|dumpPacket|   key: CLARIFICATION_LIST is: [Ledu.csus.ecs.pc2.core.model.Clarification; [Ledu.csus.ecs.pc2.core.model.Clarification;@3207af2c
231209 103733.794|INFO|Thread-49213|dumpPacket|   key: CATEGORY_LIST is: [Ledu.csus.ecs.pc2.core.model.Category; [Ledu.csus.ecs.pc2.core.model.Category;@25cbf630
231209 103733.794|INFO|Thread-49213|dumpPacket|   key: LANGUAGE_LIST is: [Ledu.csus.ecs.pc2.core.model.Language; [Ledu.csus.ecs.pc2.core.model.Language;@37ffd83
231209 103733.794|INFO|Thread-49213|dumpPacket|   key: REMOTE_LOGGED_IN_USERS is: [Ledu.csus.ecs.pc2.core.model.ClientId; [Ledu.csus.ecs.pc2.core.model.ClientId;@5d59fa2b
231209 103733.794|INFO|Thread-49213|dumpPacket|   key: CONTEST_TIME_LIST is: [Ledu.csus.ecs.pc2.core.model.ContestTime; [Ledu.csus.ecs.pc2.core.model.ContestTime;@52285063
231209 103733.794|INFO|Thread-49213|dumpPacket|   key: CONNECTION_HANDLE_ID_LIST is: [Ledu.csus.ecs.pc2.core.transport.ConnectionHandlerID; [Ledu.csus.ecs.pc2.core.transport.ConnectionHandlerID;@28284660
231209 103733.794|INFO|Thread-49213|dumpPacket|   key: PROFILE is: edu.csus.ecs.pc2.core.model.Profile RealDeal--1957769244132597914
231209 103733.794|INFO|Thread-49213|dumpPacket|   key: CLIENT_ID is: edu.csus.ecs.pc2.core.model.ClientId TEAM52 @ site 1
231209 103733.794|INFO|Thread-49213|dumpPacket|   key: SITE_NUMBER is: java.lang.Integer 1
231209 103733.794|INFO|Thread-49213|dumpPacket|   key: CONTEST_INFORMATION is: edu.csus.ecs.pc2.core.model.ContestInformation edu.csus.ecs.pc2.core.model.ContestInformation@54c72503
231209 103733.794|INFO|Thread-49213|dumpPacket|   key: SITE_LIST is: [Ledu.csus.ecs.pc2.core.model.Site; [Ledu.csus.ecs.pc2.core.model.Site;@465d1512
231209 103733.794|INFO|Thread-49213|dumpPacket|   key: PROBLEM_DATA_FILES is: [Ledu.csus.ecs.pc2.core.model.ProblemDataFiles; [Ledu.csus.ecs.pc2.core.model.ProblemDataFiles;@5666eef2
231209 103733.794|INFO|Thread-49213|dumpPacket|   key: JUDGEMENT_LIST is: [Ledu.csus.ecs.pc2.core.model.Judgement; [Ledu.csus.ecs.pc2.core.model.Judgement;@3c97b918
231209 103733.794|INFO|Thread-49213|dumpPacket|   key: PROBLEM_LIST is: [Ledu.csus.ecs.pc2.core.model.Problem; [Ledu.csus.ecs.pc2.core.model.Problem;@51957cb4
231209 103733.794|INFO|Thread-49213|dumpPacket|   key: GROUP_LIST is: [Ledu.csus.ecs.pc2.core.model.Group; [Ledu.csus.ecs.pc2.core.model.Group;@7f4e0611
231209 103733.794|INFO|Thread-49213|dumpPacket|   key: LOCAL_LOGGED_IN_USERS is: [Ledu.csus.ecs.pc2.core.model.ClientId; [Ledu.csus.ecs.pc2.core.model.ClientId;@1e3e6674
231209 103733.794|INFO|Thread-49213|dumpPacket|   key: SERVER_CLOCK_OFFSET is: java.util.GregorianCalendar java.util.GregorianCalendar[time=1702139853777,areFieldsSet=true,areAllFieldsSet=false,lenient=true,zone=sun.util.calendar.ZoneInfo[id="GMT",offset=0,dstSavings=0,useDaylight=false,transitions=0,lastRule=null],firstDayOfWeek=1,minimalDaysInFirstWeek=1,ERA=1,YEAR=2023,MONTH=11,WEEK_OF_YEAR=49,WEEK_OF_MONTH=2,DAY_OF_MONTH=9,DAY_OF_YEAR=343,DAY_OF_WEEK=7,DAY_OF_WEEK_IN_MONTH=2,AM_PM=1,HOUR=4,HOUR_OF_DAY=16,MINUTE=37,SECOND=33,MILLISECOND=777,ZONE_OFFSET=0,DST_OFFSET=0]
231209 103733.794|INFO|Thread-49213|dumpPacket|   key: CONTEST_IDENTIFIER is: java.lang.String RealDeal--1957769244132597914
231209 103733.794|INFO|Thread-49213|dumpPacket|   key: BALLOON_SETTINGS_LIST is: [Ledu.csus.ecs.pc2.core.model.BalloonSettings; [Ledu.csus.ecs.pc2.core.model.BalloonSettings;@1f6043d2
231209 103733.794|INFO|Thread-49213|dumpPacket|   key: RUN_LIST is: [Ledu.csus.ecs.pc2.core.model.Run; [Ledu.csus.ecs.pc2.core.model.Run;@65eaec56
231209 103733.794|INFO|Thread-49213|dumpPacket|   key: ACCOUNT_ARRAY is: [Ledu.csus.ecs.pc2.core.model.Account; [Ledu.csus.ecs.pc2.core.model.Account;@6a9b0074
231209 103733.794|INFO|Thread-49213|info|handlePacket start Packet[LOGIN_SUCCESS] #3325 SERVER0 @ site 1 -> TEAM52 @ site 1
231209 103733.794|INFO|Thread-49213|dumpPacket|Packet LOGIN_SUCCESS (Seq #3325, o#3325 ) handlePacket
231209 103733.794|INFO|Thread-49213|dumpPacket|  From: SERVER0 @ site 1, oSERVER0 @ site 1 (DESKTOP-D75BQTV @ 212.212.212.212) (Contest Id: RealDeal--1957769244132597914)
231209 103733.794|INFO|Thread-49213|dumpPacket|    To: TEAM52 @ site 1
231209 103733.794|INFO|Thread-49213|dumpPacket|   key: PROFILE_LIST is: [Ledu.csus.ecs.pc2.core.model.Profile; [Ledu.csus.ecs.pc2.core.model.Profile;@7dfd44d8
231209 103733.794|INFO|Thread-49213|dumpPacket|   key: GENERAL_PROBLEM is: edu.csus.ecs.pc2.core.model.Problem General
231209 103733.794|INFO|Thread-49213|dumpPacket|   key: CLIENT_SETTINGS_LIST is: [Ledu.csus.ecs.pc2.core.model.ClientSettings; [Ledu.csus.ecs.pc2.core.model.ClientSettings;@733aa517
231209 103733.794|INFO|Thread-49213|dumpPacket|   key: CONTEST_TIME is: edu.csus.ecs.pc2.core.model.ContestTime edu.csus.ecs.pc2.core.model.ContestTime@77052fa8
231209 103733.794|INFO|Thread-49213|dumpPacket|   key: CLARIFICATION_LIST is: [Ledu.csus.ecs.pc2.core.model.Clarification; [Ledu.csus.ecs.pc2.core.model.Clarification;@3207af2c
231209 103733.794|INFO|Thread-49213|dumpPacket|   key: CATEGORY_LIST is: [Ledu.csus.ecs.pc2.core.model.Category; [Ledu.csus.ecs.pc2.core.model.Category;@25cbf630
231209 103733.794|INFO|Thread-49213|dumpPacket|   key: LANGUAGE_LIST is: [Ledu.csus.ecs.pc2.core.model.Language; [Ledu.csus.ecs.pc2.core.model.Language;@37ffd83
231209 103733.794|INFO|Thread-49213|dumpPacket|   key: REMOTE_LOGGED_IN_USERS is: [Ledu.csus.ecs.pc2.core.model.ClientId; [Ledu.csus.ecs.pc2.core.model.ClientId;@5d59fa2b
231209 103733.794|INFO|Thread-49213|dumpPacket|   key: CONTEST_TIME_LIST is: [Ledu.csus.ecs.pc2.core.model.ContestTime; [Ledu.csus.ecs.pc2.core.model.ContestTime;@52285063
231209 103733.794|INFO|Thread-49213|dumpPacket|   key: CONNECTION_HANDLE_ID_LIST is: [Ledu.csus.ecs.pc2.core.transport.ConnectionHandlerID; [Ledu.csus.ecs.pc2.core.transport.ConnectionHandlerID;@28284660
231209 103733.794|INFO|Thread-49213|dumpPacket|   key: PROFILE is: edu.csus.ecs.pc2.core.model.Profile RealDeal--1957769244132597914
231209 103733.794|INFO|Thread-49213|dumpPacket|   key: CLIENT_ID is: edu.csus.ecs.pc2.core.model.ClientId TEAM52 @ site 1
231209 103733.794|INFO|Thread-49213|dumpPacket|   key: SITE_NUMBER is: java.lang.Integer 1
231209 103733.794|INFO|Thread-49213|dumpPacket|   key: CONTEST_INFORMATION is: edu.csus.ecs.pc2.core.model.ContestInformation edu.csus.ecs.pc2.core.model.ContestInformation@54c72503
231209 103733.794|INFO|Thread-49213|dumpPacket|   key: SITE_LIST is: [Ledu.csus.ecs.pc2.core.model.Site; [Ledu.csus.ecs.pc2.core.model.Site;@465d1512
231209 103733.794|INFO|Thread-49213|dumpPacket|   key: PROBLEM_DATA_FILES is: [Ledu.csus.ecs.pc2.core.model.ProblemDataFiles; [Ledu.csus.ecs.pc2.core.model.ProblemDataFiles;@5666eef2
231209 103733.794|INFO|Thread-49213|dumpPacket|   key: JUDGEMENT_LIST is: [Ledu.csus.ecs.pc2.core.model.Judgement; [Ledu.csus.ecs.pc2.core.model.Judgement;@3c97b918
231209 103733.794|INFO|Thread-49213|dumpPacket|   key: PROBLEM_LIST is: [Ledu.csus.ecs.pc2.core.model.Problem; [Ledu.csus.ecs.pc2.core.model.Problem;@51957cb4
231209 103733.794|INFO|Thread-49213|dumpPacket|   key: GROUP_LIST is: [Ledu.csus.ecs.pc2.core.model.Group; [Ledu.csus.ecs.pc2.core.model.Group;@7f4e0611
231209 103733.794|INFO|Thread-49213|dumpPacket|   key: LOCAL_LOGGED_IN_USERS is: [Ledu.csus.ecs.pc2.core.model.ClientId; [Ledu.csus.ecs.pc2.core.model.ClientId;@1e3e6674
231209 103733.794|INFO|Thread-49213|dumpPacket|   key: SERVER_CLOCK_OFFSET is: java.util.GregorianCalendar java.util.GregorianCalendar[time=1702139853777,areFieldsSet=true,areAllFieldsSet=false,lenient=true,zone=sun.util.calendar.ZoneInfo[id="GMT",offset=0,dstSavings=0,useDaylight=false,transitions=0,lastRule=null],firstDayOfWeek=1,minimalDaysInFirstWeek=1,ERA=1,YEAR=2023,MONTH=11,WEEK_OF_YEAR=49,WEEK_OF_MONTH=2,DAY_OF_MONTH=9,DAY_OF_YEAR=343,DAY_OF_WEEK=7,DAY_OF_WEEK_IN_MONTH=2,AM_PM=1,HOUR=4,HOUR_OF_DAY=16,MINUTE=37,SECOND=33,MILLISECOND=777,ZONE_OFFSET=0,DST_OFFSET=0]
231209 103733.794|INFO|Thread-49213|dumpPacket|   key: CONTEST_IDENTIFIER is: java.lang.String RealDeal--1957769244132597914
231209 103733.794|INFO|Thread-49213|dumpPacket|   key: BALLOON_SETTINGS_LIST is: [Ledu.csus.ecs.pc2.core.model.BalloonSettings; [Ledu.csus.ecs.pc2.core.model.BalloonSettings;@1f6043d2
231209 103733.794|INFO|Thread-49213|dumpPacket|   key: RUN_LIST is: [Ledu.csus.ecs.pc2.core.model.Run; [Ledu.csus.ecs.pc2.core.model.Run;@65eaec56
231209 103733.794|INFO|Thread-49213|dumpPacket|   key: ACCOUNT_ARRAY is: [Ledu.csus.ecs.pc2.core.model.Account; [Ledu.csus.ecs.pc2.core.model.Account;@6a9b0074
231209 104305.457|INFO|Thread-49211|connectionDropped|connectionDropped(ConnectionHandlerID myConnectionID) 
