231209 103947.992|CONFIG|Thread-49322|setFileHandlers|Now logging to C:\Users\18328\Desktop\pc2\WebTeamInterface-1.1\logs directory.
231209 103947.992|INFO|Thread-49322|info|
231209 103947.992|INFO|Thread-49322|info|Version 9 () Java ver 18.0.2.1 build  Windows 11 10.0 (amd64) 
231209 103947.992|INFO|Thread-49322|info|Login: team50 (aka team50)
231209 103947.992|INFO|Thread-49322|startLog|Working directory is C:\Users\18328\Desktop\pc2\WebTeamInterface-1.1
231209 103947.992|INFO|Thread-49322|startLog|Process id is 15028@DESKTOP-D75BQTV
231209 103947.992|INFO|Thread-49322|info| handlePacket original LOGIN_SUCCESS after -- all settings loaded 
231209 103947.992|INFO|Thread-49322|info|handlePacket end Packet[LOGIN_SUCCESS] #3515 SERVER0 @ site 1 -> TEAM50 @ site 1
231209 103947.992|INFO|Thread-49322|info| receiveObject(S) end   got Packet[LOGIN_SUCCESS] #3515 SERVER0 @ site 1 -> TEAM50 @ site 1
231209 104340.757|INFO|Thread-49588|info| receiveObject(S) start got Packet[CLOCK_STARTED] #3869 SERVER0 @ site 1 -> SERVER0 @ site 0
231209 104340.757|INFO|Thread-49588|dumpPacket|Packet CLOCK_STARTED (Seq #3869, o#3869 ) recieveObject
231209 104340.757|INFO|Thread-49588|dumpPacket|  From: SERVER0 @ site 1, oSERVER0 @ site 1 (DESKTOP-D75BQTV @ 212.212.212.212) (Contest Id: RealDeal--1957769244132597914)
231209 104340.757|INFO|Thread-49588|dumpPacket|    To: SERVER0 @ site 0
231209 104340.757|INFO|Thread-49588|dumpPacket|   key: SITE_NUMBER is: java.lang.Integer 1
231209 104340.757|INFO|Thread-49588|dumpPacket|   key: CLIENT_ID is: edu.csus.ecs.pc2.core.model.ClientId ADMINISTRATOR1 @ site 1
231209 104340.757|INFO|Thread-49588|dumpPacket|   key: SERVER_CLOCK_OFFSET is: java.util.GregorianCalendar java.util.GregorianCalendar[time=1702140220728,areFieldsSet=true,areAllFieldsSet=false,lenient=true,zone=sun.util.calendar.ZoneInfo[id="GMT",offset=0,dstSavings=0,useDaylight=false,transitions=0,lastRule=null],firstDayOfWeek=1,minimalDaysInFirstWeek=1,ERA=1,YEAR=2023,MONTH=11,WEEK_OF_YEAR=49,WEEK_OF_MONTH=2,DAY_OF_MONTH=9,DAY_OF_YEAR=343,DAY_OF_WEEK=7,DAY_OF_WEEK_IN_MONTH=2,AM_PM=1,HOUR=4,HOUR_OF_DAY=16,MINUTE=43,SECOND=40,MILLISECOND=728,ZONE_OFFSET=0,DST_OFFSET=0]
231209 104340.757|INFO|Thread-49588|info|handlePacket start Packet[CLOCK_STARTED] #3869 SERVER0 @ site 1 -> SERVER0 @ site 0
231209 104340.757|INFO|Thread-49588|dumpPacket|Packet CLOCK_STARTED (Seq #3869, o#3869 ) handlePacket
231209 104340.757|INFO|Thread-49588|dumpPacket|  From: SERVER0 @ site 1, oSERVER0 @ site 1 (DESKTOP-D75BQTV @ 212.212.212.212) (Contest Id: RealDeal--1957769244132597914)
231209 104340.757|INFO|Thread-49588|dumpPacket|    To: SERVER0 @ site 0
231209 104340.757|INFO|Thread-49588|dumpPacket|   key: SITE_NUMBER is: java.lang.Integer 1
231209 104340.757|INFO|Thread-49588|dumpPacket|   key: CLIENT_ID is: edu.csus.ecs.pc2.core.model.ClientId ADMINISTRATOR1 @ site 1
231209 104340.757|INFO|Thread-49588|dumpPacket|   key: SERVER_CLOCK_OFFSET is: java.util.GregorianCalendar java.util.GregorianCalendar[time=1702140220728,areFieldsSet=true,areAllFieldsSet=false,lenient=true,zone=sun.util.calendar.ZoneInfo[id="GMT",offset=0,dstSavings=0,useDaylight=false,transitions=0,lastRule=null],firstDayOfWeek=1,minimalDaysInFirstWeek=1,ERA=1,YEAR=2023,MONTH=11,WEEK_OF_YEAR=49,WEEK_OF_MONTH=2,DAY_OF_MONTH=9,DAY_OF_YEAR=343,DAY_OF_WEEK=7,DAY_OF_WEEK_IN_MONTH=2,AM_PM=1,HOUR=4,HOUR_OF_DAY=16,MINUTE=43,SECOND=40,MILLISECOND=728,ZONE_OFFSET=0,DST_OFFSET=0]
231209 104340.757|INFO|Thread-49588|info|Clock for site 1 started by ADMINISTRATOR1 @ site 1 elapsed 0:00:00
231209 104340.758|INFO|Thread-49588|info| receiveObject(S) end   got Packet[CLOCK_STARTED] #3869 SERVER0 @ site 1 -> SERVER0 @ site 0
231209 104900.017|INFO|Thread-55638|info| receiveObject(S) start got Packet[CLARIFICATION_ANSWER_UPDATE] #4015 SERVER0 @ site 1 -> SERVER0 @ site 0
231209 104900.017|INFO|Thread-55638|dumpPacket|Packet CLARIFICATION_ANSWER_UPDATE (Seq #4015, o#4015 ) recieveObject
231209 104900.017|INFO|Thread-55638|dumpPacket|  From: SERVER0 @ site 1, oSERVER0 @ site 1 (DESKTOP-D75BQTV @ 212.212.212.212) (Contest Id: RealDeal--1957769244132597914)
231209 104900.017|INFO|Thread-55638|dumpPacket|    To: SERVER0 @ site 0
231209 104900.017|INFO|Thread-55638|dumpPacket|   key: CLARIFICATION is: edu.csus.ecs.pc2.core.model.Clarification Clarification 1 ANSWERED from TEAM91 @ site 1 at 4 id=Clarification--3513482260916480937
231209 104900.017|INFO|Thread-55638|dumpPacket|   key: CLARIFICATION_ANSWER is: java.lang.String No response, read problem statement
231209 104900.017|INFO|Thread-55638|dumpPacket|   key: CLIENT_ID is: edu.csus.ecs.pc2.core.model.ClientId ADMINISTRATOR1 @ site 1
231209 104900.017|INFO|Thread-55638|info|handlePacket start Packet[CLARIFICATION_ANSWER_UPDATE] #4015 SERVER0 @ site 1 -> SERVER0 @ site 0
231209 104900.017|INFO|Thread-55638|dumpPacket|Packet CLARIFICATION_ANSWER_UPDATE (Seq #4015, o#4015 ) handlePacket
231209 104900.017|INFO|Thread-55638|dumpPacket|  From: SERVER0 @ site 1, oSERVER0 @ site 1 (DESKTOP-D75BQTV @ 212.212.212.212) (Contest Id: RealDeal--1957769244132597914)
231209 104900.017|INFO|Thread-55638|dumpPacket|    To: SERVER0 @ site 0
231209 104900.017|INFO|Thread-55638|dumpPacket|   key: CLARIFICATION is: edu.csus.ecs.pc2.core.model.Clarification Clarification 1 ANSWERED from TEAM91 @ site 1 at 4 id=Clarification--3513482260916480937
231209 104900.017|INFO|Thread-55638|dumpPacket|   key: CLARIFICATION_ANSWER is: java.lang.String No response, read problem statement
231209 104900.017|INFO|Thread-55638|dumpPacket|   key: CLIENT_ID is: edu.csus.ecs.pc2.core.model.ClientId ADMINISTRATOR1 @ site 1
231209 104900.034|INFO|Thread-55638|info| receiveObject(S) end   got Packet[CLARIFICATION_ANSWER_UPDATE] #4015 SERVER0 @ site 1 -> SERVER0 @ site 0
231209 104938.157|INFO|Thread-56496|info| receiveObject(S) start got Packet[CLARIFICATION_ANSWER_UPDATE] #4032 SERVER0 @ site 1 -> SERVER0 @ site 0
231209 104938.157|INFO|Thread-56496|dumpPacket|Packet CLARIFICATION_ANSWER_UPDATE (Seq #4032, o#4032 ) recieveObject
231209 104938.157|INFO|Thread-56496|dumpPacket|  From: SERVER0 @ site 1, oSERVER0 @ site 1 (DESKTOP-D75BQTV @ 212.212.212.212) (Contest Id: RealDeal--1957769244132597914)
231209 104938.157|INFO|Thread-56496|dumpPacket|    To: SERVER0 @ site 0
231209 104938.157|INFO|Thread-56496|dumpPacket|   key: CLARIFICATION is: edu.csus.ecs.pc2.core.model.Clarification Clarification 2 ANSWERED from JUDGE3 @ site 1 at 5 id=Clarification-2100581527514594593
231209 104938.159|INFO|Thread-56496|dumpPacket|   key: CLARIFICATION_ANSWER is: java.lang.String Read above
231209 104938.159|INFO|Thread-56496|dumpPacket|   key: CLIENT_ID is: edu.csus.ecs.pc2.core.model.ClientId ADMINISTRATOR1 @ site 1
231209 104938.159|INFO|Thread-56496|info|handlePacket start Packet[CLARIFICATION_ANSWER_UPDATE] #4032 SERVER0 @ site 1 -> SERVER0 @ site 0
231209 104938.159|INFO|Thread-56496|dumpPacket|Packet CLARIFICATION_ANSWER_UPDATE (Seq #4032, o#4032 ) handlePacket
231209 104938.159|INFO|Thread-56496|dumpPacket|  From: SERVER0 @ site 1, oSERVER0 @ site 1 (DESKTOP-D75BQTV @ 212.212.212.212) (Contest Id: RealDeal--1957769244132597914)
231209 104938.159|INFO|Thread-56496|dumpPacket|    To: SERVER0 @ site 0
231209 104938.159|INFO|Thread-56496|dumpPacket|   key: CLARIFICATION is: edu.csus.ecs.pc2.core.model.Clarification Clarification 2 ANSWERED from JUDGE3 @ site 1 at 5 id=Clarification-2100581527514594593
231209 104938.159|INFO|Thread-56496|dumpPacket|   key: CLARIFICATION_ANSWER is: java.lang.String Read above
231209 104938.159|INFO|Thread-56496|dumpPacket|   key: CLIENT_ID is: edu.csus.ecs.pc2.core.model.ClientId ADMINISTRATOR1 @ site 1
231209 104938.163|INFO|Thread-56496|info| receiveObject(S) end   got Packet[CLARIFICATION_ANSWER_UPDATE] #4032 SERVER0 @ site 1 -> SERVER0 @ site 0
231209 105032.675|INFO|qtp135640095-50024|sendToLocalServer|Sending packet to server Packet[RUN_SUBMISSION] #756 TEAM50 @ site 1 -> SERVER0 @ site 1
231209 105032.675|INFO|qtp135640095-50024|sendToLocalServer|Sent    packet to server Packet[RUN_SUBMISSION] #756 TEAM50 @ site 1 -> SERVER0 @ site 1
231209 105032.713|INFO|Thread-58287|info| receiveObject(S) start got Packet[RUN_SUBMISSION_CONFIRM] #4059 SERVER0 @ site 1 -> TEAM50 @ site 1
231209 105032.713|INFO|Thread-58287|dumpPacket|Packet RUN_SUBMISSION_CONFIRM (Seq #4059, o#4059 ) recieveObject
231209 105032.713|INFO|Thread-58287|dumpPacket|  From: SERVER0 @ site 1, oSERVER0 @ site 1 (DESKTOP-D75BQTV @ 212.212.212.212) (Contest Id: RealDeal--1957769244132597914)
231209 105032.713|INFO|Thread-58287|dumpPacket|    To: TEAM50 @ site 1
231209 105032.713|INFO|Thread-58287|dumpPacket|   key: RUN is: edu.csus.ecs.pc2.core.model.Run Run 13 NEW 6 min 411954ms from TEAM50 @ site 1 id Run-145083004295581805 problem Missing_Cat--8325778690036057049 lang Java--8800253324652192008
231209 105032.713|INFO|Thread-58287|info|handlePacket start Packet[RUN_SUBMISSION_CONFIRM] #4059 SERVER0 @ site 1 -> TEAM50 @ site 1
231209 105032.713|INFO|Thread-58287|dumpPacket|Packet RUN_SUBMISSION_CONFIRM (Seq #4059, o#4059 ) handlePacket
231209 105032.713|INFO|Thread-58287|dumpPacket|  From: SERVER0 @ site 1, oSERVER0 @ site 1 (DESKTOP-D75BQTV @ 212.212.212.212) (Contest Id: RealDeal--1957769244132597914)
231209 105032.713|INFO|Thread-58287|dumpPacket|    To: TEAM50 @ site 1
231209 105032.713|INFO|Thread-58287|dumpPacket|   key: RUN is: edu.csus.ecs.pc2.core.model.Run Run 13 NEW 6 min 411954ms from TEAM50 @ site 1 id Run-145083004295581805 problem Missing_Cat--8325778690036057049 lang Java--8800253324652192008
231209 105032.713|INFO|Thread-58287|info| receiveObject(S) end   got Packet[RUN_SUBMISSION_CONFIRM] #4059 SERVER0 @ site 1 -> TEAM50 @ site 1
231209 105039.051|INFO|Thread-58641|info| receiveObject(S) start got Packet[RUN_JUDGEMENT] #4063 SERVER0 @ site 1 -> TEAM50 @ site 1
231209 105039.051|INFO|Thread-58641|dumpPacket|Packet RUN_JUDGEMENT (Seq #4063, o#4063 ) recieveObject
231209 105039.051|INFO|Thread-58641|dumpPacket|  From: SERVER0 @ site 1, oSERVER0 @ site 1 (DESKTOP-D75BQTV @ 212.212.212.212) (Contest Id: RealDeal--1957769244132597914)
231209 105039.051|INFO|Thread-58641|dumpPacket|    To: TEAM50 @ site 1
231209 105039.051|INFO|Thread-58641|dumpPacket|   key: JUDGEMENT_RECORD is: edu.csus.ecs.pc2.core.model.JudgementRecord Yes by JUDGE1 @ site 1 judgement Yes-2915828768858405923 id JudgementRecord-7896897186307405627
231209 105039.051|INFO|Thread-58641|dumpPacket|   key: RUN is: edu.csus.ecs.pc2.core.model.Run Run 13 JUDGED 6 min 411954ms from TEAM50 @ site 1 id Run-145083004295581805 problem Missing_Cat--8325778690036057049 lang Java--8800253324652192008
231209 105039.051|INFO|Thread-58641|dumpPacket|   key: CLIENT_ID is: edu.csus.ecs.pc2.core.model.ClientId SERVER0 @ site 1
231209 105039.051|INFO|Thread-58641|info|handlePacket start Packet[RUN_JUDGEMENT] #4063 SERVER0 @ site 1 -> TEAM50 @ site 1
231209 105039.051|INFO|Thread-58641|dumpPacket|Packet RUN_JUDGEMENT (Seq #4063, o#4063 ) handlePacket
231209 105039.051|INFO|Thread-58641|dumpPacket|  From: SERVER0 @ site 1, oSERVER0 @ site 1 (DESKTOP-D75BQTV @ 212.212.212.212) (Contest Id: RealDeal--1957769244132597914)
231209 105039.051|INFO|Thread-58641|dumpPacket|    To: TEAM50 @ site 1
231209 105039.051|INFO|Thread-58641|dumpPacket|   key: JUDGEMENT_RECORD is: edu.csus.ecs.pc2.core.model.JudgementRecord Yes by JUDGE1 @ site 1 judgement Yes-2915828768858405923 id JudgementRecord-7896897186307405627
231209 105039.051|INFO|Thread-58641|dumpPacket|   key: RUN is: edu.csus.ecs.pc2.core.model.Run Run 13 JUDGED 6 min 411954ms from TEAM50 @ site 1 id Run-145083004295581805 problem Missing_Cat--8325778690036057049 lang Java--8800253324652192008
231209 105039.051|INFO|Thread-58641|dumpPacket|   key: CLIENT_ID is: edu.csus.ecs.pc2.core.model.ClientId SERVER0 @ site 1
231209 105039.054|INFO|Thread-58641|info| receiveObject(S) end   got Packet[RUN_JUDGEMENT] #4063 SERVER0 @ site 1 -> TEAM50 @ site 1
231209 105758.530|INFO|Thread-64865|info| receiveObject(S) start got Packet[CLARIFICATION_ANSWER_UPDATE] #4323 SERVER0 @ site 1 -> SERVER0 @ site 0
231209 105758.530|INFO|Thread-64865|dumpPacket|Packet CLARIFICATION_ANSWER_UPDATE (Seq #4323, o#4323 ) recieveObject
231209 105758.530|INFO|Thread-64865|dumpPacket|  From: SERVER0 @ site 1, oSERVER0 @ site 1 (DESKTOP-D75BQTV @ 212.212.212.212) (Contest Id: RealDeal--1957769244132597914)
231209 105758.538|INFO|Thread-64865|dumpPacket|    To: SERVER0 @ site 0
231209 105758.538|INFO|Thread-64865|dumpPacket|   key: CLARIFICATION is: edu.csus.ecs.pc2.core.model.Clarification Clarification 3 ANSWERED from TEAM77 @ site 1 at 7 id=Clarification--6384166243320002001
231209 105758.538|INFO|Thread-64865|dumpPacket|   key: CLARIFICATION_ANSWER is: java.lang.String Its a 0.
231209 105758.538|INFO|Thread-64865|dumpPacket|   key: CLIENT_ID is: edu.csus.ecs.pc2.core.model.ClientId ADMINISTRATOR1 @ site 1
231209 105758.538|INFO|Thread-64865|info|handlePacket start Packet[CLARIFICATION_ANSWER_UPDATE] #4323 SERVER0 @ site 1 -> SERVER0 @ site 0
231209 105758.538|INFO|Thread-64865|dumpPacket|Packet CLARIFICATION_ANSWER_UPDATE (Seq #4323, o#4323 ) handlePacket
231209 105758.538|INFO|Thread-64865|dumpPacket|  From: SERVER0 @ site 1, oSERVER0 @ site 1 (DESKTOP-D75BQTV @ 212.212.212.212) (Contest Id: RealDeal--1957769244132597914)
231209 105758.538|INFO|Thread-64865|dumpPacket|    To: SERVER0 @ site 0
231209 105758.538|INFO|Thread-64865|dumpPacket|   key: CLARIFICATION is: edu.csus.ecs.pc2.core.model.Clarification Clarification 3 ANSWERED from TEAM77 @ site 1 at 7 id=Clarification--6384166243320002001
231209 105758.538|INFO|Thread-64865|dumpPacket|   key: CLARIFICATION_ANSWER is: java.lang.String Its a 0.
231209 105758.538|INFO|Thread-64865|dumpPacket|   key: CLIENT_ID is: edu.csus.ecs.pc2.core.model.ClientId ADMINISTRATOR1 @ site 1
231209 105758.544|INFO|Thread-64865|info| receiveObject(S) end   got Packet[CLARIFICATION_ANSWER_UPDATE] #4323 SERVER0 @ site 1 -> SERVER0 @ site 0
231209 110012.881|INFO|Thread-64930|info| receiveObject(S) start got Packet[CLARIFICATION_ANSWER_UPDATE] #4399 SERVER0 @ site 1 -> SERVER0 @ site 0
231209 110012.881|INFO|Thread-64930|dumpPacket|Packet CLARIFICATION_ANSWER_UPDATE (Seq #4399, o#4399 ) recieveObject
231209 110012.881|INFO|Thread-64930|dumpPacket|  From: SERVER0 @ site 1, oSERVER0 @ site 1 (DESKTOP-D75BQTV @ 212.212.212.212) (Contest Id: RealDeal--1957769244132597914)
231209 110012.881|INFO|Thread-64930|dumpPacket|    To: SERVER0 @ site 0
231209 110012.881|INFO|Thread-64930|dumpPacket|   key: CLARIFICATION is: edu.csus.ecs.pc2.core.model.Clarification Clarification 4 ANSWERED from TEAM82 @ site 1 at 14 id=Clarification-5863903242636736970
231209 110012.881|INFO|Thread-64930|dumpPacket|   key: CLARIFICATION_ANSWER is: java.lang.String Read the problem description.
231209 110012.881|INFO|Thread-64930|dumpPacket|   key: CLIENT_ID is: edu.csus.ecs.pc2.core.model.ClientId JUDGE10 @ site 1
231209 110012.881|INFO|Thread-64930|info|handlePacket start Packet[CLARIFICATION_ANSWER_UPDATE] #4399 SERVER0 @ site 1 -> SERVER0 @ site 0
231209 110012.881|INFO|Thread-64930|dumpPacket|Packet CLARIFICATION_ANSWER_UPDATE (Seq #4399, o#4399 ) handlePacket
231209 110012.881|INFO|Thread-64930|dumpPacket|  From: SERVER0 @ site 1, oSERVER0 @ site 1 (DESKTOP-D75BQTV @ 212.212.212.212) (Contest Id: RealDeal--1957769244132597914)
231209 110012.881|INFO|Thread-64930|dumpPacket|    To: SERVER0 @ site 0
231209 110012.881|INFO|Thread-64930|dumpPacket|   key: CLARIFICATION is: edu.csus.ecs.pc2.core.model.Clarification Clarification 4 ANSWERED from TEAM82 @ site 1 at 14 id=Clarification-5863903242636736970
231209 110012.881|INFO|Thread-64930|dumpPacket|   key: CLARIFICATION_ANSWER is: java.lang.String Read the problem description.
231209 110012.881|INFO|Thread-64930|dumpPacket|   key: CLIENT_ID is: edu.csus.ecs.pc2.core.model.ClientId JUDGE10 @ site 1
231209 110012.901|INFO|Thread-64930|info| receiveObject(S) end   got Packet[CLARIFICATION_ANSWER_UPDATE] #4399 SERVER0 @ site 1 -> SERVER0 @ site 0
231209 110033.870|INFO|qtp135640095-50020|sendToLocalServer|Sending packet to server Packet[CLARIFICATION_SUBMISSION] #814 TEAM50 @ site 1 -> SERVER0 @ site 1
231209 110033.870|INFO|qtp135640095-50020|sendToLocalServer|Sent    packet to server Packet[CLARIFICATION_SUBMISSION] #814 TEAM50 @ site 1 -> SERVER0 @ site 1
231209 110033.888|INFO|Thread-65015|info| receiveObject(S) start got Packet[CLARIFICATION_SUBMISSION_CONFIRM] #4420 SERVER0 @ site 1 -> TEAM50 @ site 1
231209 110033.888|INFO|Thread-65015|dumpPacket|Packet CLARIFICATION_SUBMISSION_CONFIRM (Seq #4420, o#4420 ) recieveObject
231209 110033.888|INFO|Thread-65015|dumpPacket|  From: SERVER0 @ site 1, oSERVER0 @ site 1 (DESKTOP-D75BQTV @ 212.212.212.212) (Contest Id: RealDeal--1957769244132597914)
231209 110033.888|INFO|Thread-65015|dumpPacket|    To: TEAM50 @ site 1
231209 110033.888|INFO|Thread-65015|dumpPacket|   key: CLARIFICATION is: edu.csus.ecs.pc2.core.model.Clarification Clarification 5 NEW from TEAM50 @ site 1 at 16 id=Clarification-1647212286997947126
231209 110033.888|INFO|Thread-65015|info|handlePacket start Packet[CLARIFICATION_SUBMISSION_CONFIRM] #4420 SERVER0 @ site 1 -> TEAM50 @ site 1
231209 110033.888|INFO|Thread-65015|dumpPacket|Packet CLARIFICATION_SUBMISSION_CONFIRM (Seq #4420, o#4420 ) handlePacket
231209 110033.888|INFO|Thread-65015|dumpPacket|  From: SERVER0 @ site 1, oSERVER0 @ site 1 (DESKTOP-D75BQTV @ 212.212.212.212) (Contest Id: RealDeal--1957769244132597914)
231209 110033.888|INFO|Thread-65015|dumpPacket|    To: TEAM50 @ site 1
231209 110033.888|INFO|Thread-65015|dumpPacket|   key: CLARIFICATION is: edu.csus.ecs.pc2.core.model.Clarification Clarification 5 NEW from TEAM50 @ site 1 at 16 id=Clarification-1647212286997947126
231209 110033.888|INFO|Thread-65015|info| receiveObject(S) end   got Packet[CLARIFICATION_SUBMISSION_CONFIRM] #4420 SERVER0 @ site 1 -> TEAM50 @ site 1
231209 110139.137|INFO|Thread-65067|info| receiveObject(S) start got Packet[CLARIFICATION_ANSWER_UPDATE] #4469 SERVER0 @ site 1 -> SERVER0 @ site 0
231209 110139.137|INFO|Thread-65067|dumpPacket|Packet CLARIFICATION_ANSWER_UPDATE (Seq #4469, o#4469 ) recieveObject
231209 110139.142|INFO|Thread-65067|dumpPacket|  From: SERVER0 @ site 1, oSERVER0 @ site 1 (DESKTOP-D75BQTV @ 212.212.212.212) (Contest Id: RealDeal--1957769244132597914)
231209 110139.142|INFO|Thread-65067|dumpPacket|    To: SERVER0 @ site 0
231209 110139.142|INFO|Thread-65067|dumpPacket|   key: CLARIFICATION is: edu.csus.ecs.pc2.core.model.Clarification Clarification 5 ANSWERED from TEAM50 @ site 1 at 16 id=Clarification-1647212286997947126
231209 110139.142|INFO|Thread-65067|dumpPacket|   key: CLARIFICATION_ANSWER is: java.lang.String yes
231209 110139.142|INFO|Thread-65067|dumpPacket|   key: CLIENT_ID is: edu.csus.ecs.pc2.core.model.ClientId JUDGE10 @ site 1
231209 110139.142|INFO|Thread-65067|info|handlePacket start Packet[CLARIFICATION_ANSWER_UPDATE] #4469 SERVER0 @ site 1 -> SERVER0 @ site 0
231209 110139.142|INFO|Thread-65067|dumpPacket|Packet CLARIFICATION_ANSWER_UPDATE (Seq #4469, o#4469 ) handlePacket
231209 110139.142|INFO|Thread-65067|dumpPacket|  From: SERVER0 @ site 1, oSERVER0 @ site 1 (DESKTOP-D75BQTV @ 212.212.212.212) (Contest Id: RealDeal--1957769244132597914)
231209 110139.142|INFO|Thread-65067|dumpPacket|    To: SERVER0 @ site 0
231209 110139.142|INFO|Thread-65067|dumpPacket|   key: CLARIFICATION is: edu.csus.ecs.pc2.core.model.Clarification Clarification 5 ANSWERED from TEAM50 @ site 1 at 16 id=Clarification-1647212286997947126
231209 110139.142|INFO|Thread-65067|dumpPacket|   key: CLARIFICATION_ANSWER is: java.lang.String yes
231209 110139.142|INFO|Thread-65067|dumpPacket|   key: CLIENT_ID is: edu.csus.ecs.pc2.core.model.ClientId JUDGE10 @ site 1
231209 110139.160|INFO|Thread-65067|info| receiveObject(S) end   got Packet[CLARIFICATION_ANSWER_UPDATE] #4469 SERVER0 @ site 1 -> SERVER0 @ site 0
231209 110446.739|INFO|Thread-65260|info| receiveObject(S) start got Packet[CLARIFICATION_ANSWER_UPDATE] #4608 SERVER0 @ site 1 -> SERVER0 @ site 0
231209 110446.739|INFO|Thread-65260|dumpPacket|Packet CLARIFICATION_ANSWER_UPDATE (Seq #4608, o#4608 ) recieveObject
231209 110446.739|INFO|Thread-65260|dumpPacket|  From: SERVER0 @ site 1, oSERVER0 @ site 1 (DESKTOP-D75BQTV @ 212.212.212.212) (Contest Id: RealDeal--1957769244132597914)
231209 110446.739|INFO|Thread-65260|dumpPacket|    To: SERVER0 @ site 0
231209 110446.739|INFO|Thread-65260|dumpPacket|   key: CLARIFICATION is: edu.csus.ecs.pc2.core.model.Clarification Clarification 6 ANSWERED from TEAM117 @ site 1 at 20 id=Clarification-7620427522712153602
231209 110446.739|INFO|Thread-65260|dumpPacket|   key: CLARIFICATION_ANSWER is: java.lang.String There may be.
231209 110446.739|INFO|Thread-65260|dumpPacket|   key: CLIENT_ID is: edu.csus.ecs.pc2.core.model.ClientId ADMINISTRATOR1 @ site 1
231209 110446.739|INFO|Thread-65260|info|handlePacket start Packet[CLARIFICATION_ANSWER_UPDATE] #4608 SERVER0 @ site 1 -> SERVER0 @ site 0
231209 110446.739|INFO|Thread-65260|dumpPacket|Packet CLARIFICATION_ANSWER_UPDATE (Seq #4608, o#4608 ) handlePacket
231209 110446.739|INFO|Thread-65260|dumpPacket|  From: SERVER0 @ site 1, oSERVER0 @ site 1 (DESKTOP-D75BQTV @ 212.212.212.212) (Contest Id: RealDeal--1957769244132597914)
231209 110446.739|INFO|Thread-65260|dumpPacket|    To: SERVER0 @ site 0
231209 110446.739|INFO|Thread-65260|dumpPacket|   key: CLARIFICATION is: edu.csus.ecs.pc2.core.model.Clarification Clarification 6 ANSWERED from TEAM117 @ site 1 at 20 id=Clarification-7620427522712153602
231209 110446.739|INFO|Thread-65260|dumpPacket|   key: CLARIFICATION_ANSWER is: java.lang.String There may be.
231209 110446.739|INFO|Thread-65260|dumpPacket|   key: CLIENT_ID is: edu.csus.ecs.pc2.core.model.ClientId ADMINISTRATOR1 @ site 1
231209 110446.743|INFO|Thread-65260|info| receiveObject(S) end   got Packet[CLARIFICATION_ANSWER_UPDATE] #4608 SERVER0 @ site 1 -> SERVER0 @ site 0
231209 110645.391|INFO|Thread-65372|info| receiveObject(S) start got Packet[UPDATE_SETTING] #4698 SERVER0 @ site 1 -> SERVER0 @ site 0
231209 110645.391|INFO|Thread-65372|dumpPacket|Packet UPDATE_SETTING (Seq #4698, o#139 ) recieveObject
231209 110645.391|INFO|Thread-65372|dumpPacket|  From: SERVER0 @ site 1, oADMINISTRATOR1 @ site 1 (DESKTOP-D75BQTV @ 212.212.212.212) (Contest Id: RealDeal--1957769244132597914)
231209 110645.391|INFO|Thread-65372|dumpPacket|    To: SERVER0 @ site 0
231209 110645.391|INFO|Thread-65372|dumpPacket|   key: PROBLEM is: edu.csus.ecs.pc2.core.model.Problem Shuffle
231209 110645.391|INFO|Thread-65372|info|handlePacket start Packet[UPDATE_SETTING] #4698 SERVER0 @ site 1 -> SERVER0 @ site 0
231209 110645.391|INFO|Thread-65372|dumpPacket|Packet UPDATE_SETTING (Seq #4698, o#139 ) handlePacket
231209 110645.391|INFO|Thread-65372|dumpPacket|  From: SERVER0 @ site 1, oADMINISTRATOR1 @ site 1 (DESKTOP-D75BQTV @ 212.212.212.212) (Contest Id: RealDeal--1957769244132597914)
231209 110645.391|INFO|Thread-65372|dumpPacket|    To: SERVER0 @ site 0
231209 110645.391|INFO|Thread-65372|dumpPacket|   key: PROBLEM is: edu.csus.ecs.pc2.core.model.Problem Shuffle
231209 110645.391|INFO|Thread-65372|info|handlePacket end Packet[UPDATE_SETTING] #4698 SERVER0 @ site 1 -> SERVER0 @ site 0
231209 110645.391|INFO|Thread-65372|info| receiveObject(S) end   got Packet[UPDATE_SETTING] #4698 SERVER0 @ site 1 -> SERVER0 @ site 0
231209 111041.098|INFO|qtp135640095-65322|sendToLocalServer|Sending packet to server Packet[CLARIFICATION_SUBMISSION] #881 TEAM50 @ site 1 -> SERVER0 @ site 1
231209 111041.098|INFO|qtp135640095-65322|sendToLocalServer|Sent    packet to server Packet[CLARIFICATION_SUBMISSION] #881 TEAM50 @ site 1 -> SERVER0 @ site 1
231209 111041.121|INFO|Thread-65514|info| receiveObject(S) start got Packet[CLARIFICATION_SUBMISSION_CONFIRM] #4845 SERVER0 @ site 1 -> TEAM50 @ site 1
231209 111041.121|INFO|Thread-65514|dumpPacket|Packet CLARIFICATION_SUBMISSION_CONFIRM (Seq #4845, o#4845 ) recieveObject
231209 111041.121|INFO|Thread-65514|dumpPacket|  From: SERVER0 @ site 1, oSERVER0 @ site 1 (DESKTOP-D75BQTV @ 212.212.212.212) (Contest Id: RealDeal--1957769244132597914)
231209 111041.121|INFO|Thread-65514|dumpPacket|    To: TEAM50 @ site 1
231209 111041.121|INFO|Thread-65514|dumpPacket|   key: CLARIFICATION is: edu.csus.ecs.pc2.core.model.Clarification Clarification 8 NEW from TEAM50 @ site 1 at 27 id=Clarification-6465986791141236677
231209 111041.121|INFO|Thread-65514|info|handlePacket start Packet[CLARIFICATION_SUBMISSION_CONFIRM] #4845 SERVER0 @ site 1 -> TEAM50 @ site 1
231209 111041.121|INFO|Thread-65514|dumpPacket|Packet CLARIFICATION_SUBMISSION_CONFIRM (Seq #4845, o#4845 ) handlePacket
231209 111041.121|INFO|Thread-65514|dumpPacket|  From: SERVER0 @ site 1, oSERVER0 @ site 1 (DESKTOP-D75BQTV @ 212.212.212.212) (Contest Id: RealDeal--1957769244132597914)
231209 111041.121|INFO|Thread-65514|dumpPacket|    To: TEAM50 @ site 1
231209 111041.121|INFO|Thread-65514|dumpPacket|   key: CLARIFICATION is: edu.csus.ecs.pc2.core.model.Clarification Clarification 8 NEW from TEAM50 @ site 1 at 27 id=Clarification-6465986791141236677
231209 111041.121|INFO|Thread-65514|info| receiveObject(S) end   got Packet[CLARIFICATION_SUBMISSION_CONFIRM] #4845 SERVER0 @ site 1 -> TEAM50 @ site 1
231209 111315.651|INFO|Thread-65570|info| receiveObject(S) start got Packet[CLARIFICATION_ANSWER_UPDATE] #4919 SERVER0 @ site 1 -> SERVER0 @ site 0
231209 111315.651|INFO|Thread-65570|dumpPacket|Packet CLARIFICATION_ANSWER_UPDATE (Seq #4919, o#4919 ) recieveObject
231209 111315.651|INFO|Thread-65570|dumpPacket|  From: SERVER0 @ site 1, oSERVER0 @ site 1 (DESKTOP-D75BQTV @ 212.212.212.212) (Contest Id: RealDeal--1957769244132597914)
231209 111315.651|INFO|Thread-65570|dumpPacket|    To: SERVER0 @ site 0
231209 111315.651|INFO|Thread-65570|dumpPacket|   key: CLARIFICATION is: edu.csus.ecs.pc2.core.model.Clarification Clarification 9 ANSWERED from TEAM75 @ site 1 at 27 id=Clarification-2320838978162202316
231209 111315.651|INFO|Thread-65570|dumpPacket|   key: CLARIFICATION_ANSWER is: java.lang.String No response, read problem statement
231209 111315.651|INFO|Thread-65570|dumpPacket|   key: CLIENT_ID is: edu.csus.ecs.pc2.core.model.ClientId ADMINISTRATOR1 @ site 1
231209 111315.651|INFO|Thread-65570|info|handlePacket start Packet[CLARIFICATION_ANSWER_UPDATE] #4919 SERVER0 @ site 1 -> SERVER0 @ site 0
231209 111315.651|INFO|Thread-65570|dumpPacket|Packet CLARIFICATION_ANSWER_UPDATE (Seq #4919, o#4919 ) handlePacket
231209 111315.651|INFO|Thread-65570|dumpPacket|  From: SERVER0 @ site 1, oSERVER0 @ site 1 (DESKTOP-D75BQTV @ 212.212.212.212) (Contest Id: RealDeal--1957769244132597914)
231209 111315.651|INFO|Thread-65570|dumpPacket|    To: SERVER0 @ site 0
231209 111315.651|INFO|Thread-65570|dumpPacket|   key: CLARIFICATION is: edu.csus.ecs.pc2.core.model.Clarification Clarification 9 ANSWERED from TEAM75 @ site 1 at 27 id=Clarification-2320838978162202316
231209 111315.651|INFO|Thread-65570|dumpPacket|   key: CLARIFICATION_ANSWER is: java.lang.String No response, read problem statement
231209 111315.651|INFO|Thread-65570|dumpPacket|   key: CLIENT_ID is: edu.csus.ecs.pc2.core.model.ClientId ADMINISTRATOR1 @ site 1
231209 111315.651|INFO|Thread-65570|info| receiveObject(S) end   got Packet[CLARIFICATION_ANSWER_UPDATE] #4919 SERVER0 @ site 1 -> SERVER0 @ site 0
231209 111459.829|INFO|Thread-65740|info| receiveObject(S) start got Packet[CLARIFICATION_ANSWER_UPDATE] #4991 SERVER0 @ site 1 -> SERVER0 @ site 0
231209 111459.829|INFO|Thread-65740|dumpPacket|Packet CLARIFICATION_ANSWER_UPDATE (Seq #4991, o#4991 ) recieveObject
231209 111459.829|INFO|Thread-65740|dumpPacket|  From: SERVER0 @ site 1, oSERVER0 @ site 1 (DESKTOP-D75BQTV @ 212.212.212.212) (Contest Id: RealDeal--1957769244132597914)
231209 111459.829|INFO|Thread-65740|dumpPacket|    To: SERVER0 @ site 0
231209 111459.829|INFO|Thread-65740|dumpPacket|   key: CLARIFICATION is: edu.csus.ecs.pc2.core.model.Clarification Clarification 10 ANSWERED from TEAM81 @ site 1 at 28 id=Clarification--5973036823618156599
231209 111459.829|INFO|Thread-65740|dumpPacket|   key: CLARIFICATION_ANSWER is: java.lang.String It is 3/4 a cup of butter
231209 111459.829|INFO|Thread-65740|dumpPacket|   key: CLIENT_ID is: edu.csus.ecs.pc2.core.model.ClientId JUDGE10 @ site 1
231209 111459.829|INFO|Thread-65740|info|handlePacket start Packet[CLARIFICATION_ANSWER_UPDATE] #4991 SERVER0 @ site 1 -> SERVER0 @ site 0
231209 111459.829|INFO|Thread-65740|dumpPacket|Packet CLARIFICATION_ANSWER_UPDATE (Seq #4991, o#4991 ) handlePacket
231209 111459.829|INFO|Thread-65740|dumpPacket|  From: SERVER0 @ site 1, oSERVER0 @ site 1 (DESKTOP-D75BQTV @ 212.212.212.212) (Contest Id: RealDeal--1957769244132597914)
231209 111459.829|INFO|Thread-65740|dumpPacket|    To: SERVER0 @ site 0
231209 111459.829|INFO|Thread-65740|dumpPacket|   key: CLARIFICATION is: edu.csus.ecs.pc2.core.model.Clarification Clarification 10 ANSWERED from TEAM81 @ site 1 at 28 id=Clarification--5973036823618156599
231209 111459.839|INFO|Thread-65740|dumpPacket|   key: CLARIFICATION_ANSWER is: java.lang.String It is 3/4 a cup of butter
231209 111459.839|INFO|Thread-65740|dumpPacket|   key: CLIENT_ID is: edu.csus.ecs.pc2.core.model.ClientId JUDGE10 @ site 1
231209 111459.846|INFO|Thread-65740|info| receiveObject(S) end   got Packet[CLARIFICATION_ANSWER_UPDATE] #4991 SERVER0 @ site 1 -> SERVER0 @ site 0
231209 112120.525|INFO|Thread-65915|info| receiveObject(S) start got Packet[CLARIFICATION_ANSWER_UPDATE] #5246 SERVER0 @ site 1 -> TEAM50 @ site 1
231209 112120.525|INFO|Thread-65915|dumpPacket|Packet CLARIFICATION_ANSWER_UPDATE (Seq #5246, o#5245 ) recieveObject
231209 112120.525|INFO|Thread-65915|dumpPacket|  From: SERVER0 @ site 1, oSERVER0 @ site 1 (DESKTOP-D75BQTV @ 212.212.212.212) (Contest Id: RealDeal--1957769244132597914)
231209 112120.525|INFO|Thread-65915|dumpPacket|    To: TEAM50 @ site 1
231209 112120.525|INFO|Thread-65915|dumpPacket|   key: CLARIFICATION is: edu.csus.ecs.pc2.core.model.Clarification Clarification 8 ANSWERED from TEAM50 @ site 1 at 27 id=Clarification-6465986791141236677
231209 112120.525|INFO|Thread-65915|dumpPacket|   key: CLARIFICATION_ANSWER is: java.lang.String It should be 3/4
231209 112120.525|INFO|Thread-65915|dumpPacket|   key: CLIENT_ID is: edu.csus.ecs.pc2.core.model.ClientId JUDGE10 @ site 1
231209 112120.525|INFO|Thread-65915|info|handlePacket start Packet[CLARIFICATION_ANSWER_UPDATE] #5246 SERVER0 @ site 1 -> TEAM50 @ site 1
231209 112120.525|INFO|Thread-65915|dumpPacket|Packet CLARIFICATION_ANSWER_UPDATE (Seq #5246, o#5245 ) handlePacket
231209 112120.525|INFO|Thread-65915|dumpPacket|  From: SERVER0 @ site 1, oSERVER0 @ site 1 (DESKTOP-D75BQTV @ 212.212.212.212) (Contest Id: RealDeal--1957769244132597914)
231209 112120.525|INFO|Thread-65915|dumpPacket|    To: TEAM50 @ site 1
231209 112120.525|INFO|Thread-65915|dumpPacket|   key: CLARIFICATION is: edu.csus.ecs.pc2.core.model.Clarification Clarification 8 ANSWERED from TEAM50 @ site 1 at 27 id=Clarification-6465986791141236677
231209 112120.525|INFO|Thread-65915|dumpPacket|   key: CLARIFICATION_ANSWER is: java.lang.String It should be 3/4
231209 112120.525|INFO|Thread-65915|dumpPacket|   key: CLIENT_ID is: edu.csus.ecs.pc2.core.model.ClientId JUDGE10 @ site 1
231209 112120.525|INFO|Thread-65915|info| receiveObject(S) end   got Packet[CLARIFICATION_ANSWER_UPDATE] #5246 SERVER0 @ site 1 -> TEAM50 @ site 1
231209 112633.029|INFO|qtp135640095-50020|sendToLocalServer|Sending packet to server Packet[RUN_SUBMISSION] #973 TEAM50 @ site 1 -> SERVER0 @ site 1
231209 112633.029|INFO|qtp135640095-50020|sendToLocalServer|Sent    packet to server Packet[RUN_SUBMISSION] #973 TEAM50 @ site 1 -> SERVER0 @ site 1
231209 112633.143|INFO|Thread-65997|info| receiveObject(S) start got Packet[RUN_SUBMISSION_CONFIRM] #5415 SERVER0 @ site 1 -> TEAM50 @ site 1
231209 112633.143|INFO|Thread-65997|dumpPacket|Packet RUN_SUBMISSION_CONFIRM (Seq #5415, o#5415 ) recieveObject
231209 112633.143|INFO|Thread-65997|dumpPacket|  From: SERVER0 @ site 1, oSERVER0 @ site 1 (DESKTOP-D75BQTV @ 212.212.212.212) (Contest Id: RealDeal--1957769244132597914)
231209 112633.143|INFO|Thread-65997|dumpPacket|    To: TEAM50 @ site 1
231209 112633.143|INFO|Thread-65997|dumpPacket|   key: RUN is: edu.csus.ecs.pc2.core.model.Run Run 209 NEW 42 min 2572301ms from TEAM50 @ site 1 id Run-8845037620228353304 problem Word--384876857808405789 lang Java--8800253324652192008
231209 112633.143|INFO|Thread-65997|info|handlePacket start Packet[RUN_SUBMISSION_CONFIRM] #5415 SERVER0 @ site 1 -> TEAM50 @ site 1
231209 112633.143|INFO|Thread-65997|dumpPacket|Packet RUN_SUBMISSION_CONFIRM (Seq #5415, o#5415 ) handlePacket
231209 112633.143|INFO|Thread-65997|dumpPacket|  From: SERVER0 @ site 1, oSERVER0 @ site 1 (DESKTOP-D75BQTV @ 212.212.212.212) (Contest Id: RealDeal--1957769244132597914)
231209 112633.143|INFO|Thread-65997|dumpPacket|    To: TEAM50 @ site 1
231209 112633.143|INFO|Thread-65997|dumpPacket|   key: RUN is: edu.csus.ecs.pc2.core.model.Run Run 209 NEW 42 min 2572301ms from TEAM50 @ site 1 id Run-8845037620228353304 problem Word--384876857808405789 lang Java--8800253324652192008
231209 112633.144|INFO|Thread-65997|info| receiveObject(S) end   got Packet[RUN_SUBMISSION_CONFIRM] #5415 SERVER0 @ site 1 -> TEAM50 @ site 1
231209 112643.423|INFO|Thread-66002|info| receiveObject(S) start got Packet[RUN_JUDGEMENT] #5427 SERVER0 @ site 1 -> TEAM50 @ site 1
231209 112643.423|INFO|Thread-66002|dumpPacket|Packet RUN_JUDGEMENT (Seq #5427, o#5427 ) recieveObject
231209 112643.423|INFO|Thread-66002|dumpPacket|  From: SERVER0 @ site 1, oSERVER0 @ site 1 (DESKTOP-D75BQTV @ 212.212.212.212) (Contest Id: RealDeal--1957769244132597914)
231209 112643.423|INFO|Thread-66002|dumpPacket|    To: TEAM50 @ site 1
231209 112643.423|INFO|Thread-66002|dumpPacket|   key: JUDGEMENT_RECORD is: edu.csus.ecs.pc2.core.model.JudgementRecord Yes by JUDGE3 @ site 1 judgement Yes-2915828768858405923 id JudgementRecord-4104617179699450954
231209 112643.423|INFO|Thread-66002|dumpPacket|   key: RUN is: edu.csus.ecs.pc2.core.model.Run Run 209 JUDGED 42 min 2572301ms from TEAM50 @ site 1 id Run-8845037620228353304 problem Word--384876857808405789 lang Java--8800253324652192008
231209 112643.423|INFO|Thread-66002|dumpPacket|   key: CLIENT_ID is: edu.csus.ecs.pc2.core.model.ClientId SERVER0 @ site 1
231209 112643.423|INFO|Thread-66002|info|handlePacket start Packet[RUN_JUDGEMENT] #5427 SERVER0 @ site 1 -> TEAM50 @ site 1
231209 112643.423|INFO|Thread-66002|dumpPacket|Packet RUN_JUDGEMENT (Seq #5427, o#5427 ) handlePacket
231209 112643.423|INFO|Thread-66002|dumpPacket|  From: SERVER0 @ site 1, oSERVER0 @ site 1 (DESKTOP-D75BQTV @ 212.212.212.212) (Contest Id: RealDeal--1957769244132597914)
231209 112643.423|INFO|Thread-66002|dumpPacket|    To: TEAM50 @ site 1
231209 112643.423|INFO|Thread-66002|dumpPacket|   key: JUDGEMENT_RECORD is: edu.csus.ecs.pc2.core.model.JudgementRecord Yes by JUDGE3 @ site 1 judgement Yes-2915828768858405923 id JudgementRecord-4104617179699450954
231209 112643.423|INFO|Thread-66002|dumpPacket|   key: RUN is: edu.csus.ecs.pc2.core.model.Run Run 209 JUDGED 42 min 2572301ms from TEAM50 @ site 1 id Run-8845037620228353304 problem Word--384876857808405789 lang Java--8800253324652192008
231209 112643.423|INFO|Thread-66002|dumpPacket|   key: CLIENT_ID is: edu.csus.ecs.pc2.core.model.ClientId SERVER0 @ site 1
231209 112643.423|INFO|Thread-66002|info| receiveObject(S) end   got Packet[RUN_JUDGEMENT] #5427 SERVER0 @ site 1 -> TEAM50 @ site 1
231209 115232.234|INFO|qtp135640095-66025|sendToLocalServer|Sending packet to server Packet[RUN_SUBMISSION] #1170 TEAM50 @ site 1 -> SERVER0 @ site 1
231209 115232.234|INFO|qtp135640095-66025|sendToLocalServer|Sent    packet to server Packet[RUN_SUBMISSION] #1170 TEAM50 @ site 1 -> SERVER0 @ site 1
231209 115232.434|INFO|Thread-66607|info| receiveObject(S) start got Packet[RUN_SUBMISSION_CONFIRM] #6628 SERVER0 @ site 1 -> TEAM50 @ site 1
231209 115232.434|INFO|Thread-66607|dumpPacket|Packet RUN_SUBMISSION_CONFIRM (Seq #6628, o#6628 ) recieveObject
231209 115232.434|INFO|Thread-66607|dumpPacket|  From: SERVER0 @ site 1, oSERVER0 @ site 1 (DESKTOP-D75BQTV @ 212.212.212.212) (Contest Id: RealDeal--1957769244132597914)
231209 115232.434|INFO|Thread-66607|dumpPacket|    To: TEAM50 @ site 1
231209 115232.434|INFO|Thread-66607|dumpPacket|   key: RUN is: edu.csus.ecs.pc2.core.model.Run Run 393 NEW 68 min 4131506ms from TEAM50 @ site 1 id Run-1465188539640114595 problem Slow_Math--3774445497254703998 lang Java--8800253324652192008
231209 115232.434|INFO|Thread-66607|info|handlePacket start Packet[RUN_SUBMISSION_CONFIRM] #6628 SERVER0 @ site 1 -> TEAM50 @ site 1
231209 115232.434|INFO|Thread-66607|dumpPacket|Packet RUN_SUBMISSION_CONFIRM (Seq #6628, o#6628 ) handlePacket
231209 115232.434|INFO|Thread-66607|dumpPacket|  From: SERVER0 @ site 1, oSERVER0 @ site 1 (DESKTOP-D75BQTV @ 212.212.212.212) (Contest Id: RealDeal--1957769244132597914)
231209 115232.434|INFO|Thread-66607|dumpPacket|    To: TEAM50 @ site 1
231209 115232.434|INFO|Thread-66607|dumpPacket|   key: RUN is: edu.csus.ecs.pc2.core.model.Run Run 393 NEW 68 min 4131506ms from TEAM50 @ site 1 id Run-1465188539640114595 problem Slow_Math--3774445497254703998 lang Java--8800253324652192008
231209 115232.434|INFO|Thread-66607|info| receiveObject(S) end   got Packet[RUN_SUBMISSION_CONFIRM] #6628 SERVER0 @ site 1 -> TEAM50 @ site 1
231209 115246.586|INFO|Thread-66613|info| receiveObject(S) start got Packet[RUN_JUDGEMENT] #6644 SERVER0 @ site 1 -> TEAM50 @ site 1
231209 115246.586|INFO|Thread-66613|dumpPacket|Packet RUN_JUDGEMENT (Seq #6644, o#6644 ) recieveObject
231209 115246.586|INFO|Thread-66613|dumpPacket|  From: SERVER0 @ site 1, oSERVER0 @ site 1 (DESKTOP-D75BQTV @ 212.212.212.212) (Contest Id: RealDeal--1957769244132597914)
231209 115246.586|INFO|Thread-66613|dumpPacket|    To: TEAM50 @ site 1
231209 115246.586|INFO|Thread-66613|dumpPacket|   key: JUDGEMENT_RECORD is: edu.csus.ecs.pc2.core.model.JudgementRecord No by JUDGE3 @ site 1 judgement No_-_Run-time_Error--7363172628486726021 id JudgementRecord--5852766058273813762
231209 115246.586|INFO|Thread-66613|dumpPacket|   key: RUN is: edu.csus.ecs.pc2.core.model.Run Run 393 JUDGED 68 min 4131506ms from TEAM50 @ site 1 id Run-1465188539640114595 problem Slow_Math--3774445497254703998 lang Java--8800253324652192008
231209 115246.586|INFO|Thread-66613|dumpPacket|   key: CLIENT_ID is: edu.csus.ecs.pc2.core.model.ClientId SERVER0 @ site 1
231209 115246.586|INFO|Thread-66613|info|handlePacket start Packet[RUN_JUDGEMENT] #6644 SERVER0 @ site 1 -> TEAM50 @ site 1
231209 115246.586|INFO|Thread-66613|dumpPacket|Packet RUN_JUDGEMENT (Seq #6644, o#6644 ) handlePacket
231209 115246.586|INFO|Thread-66613|dumpPacket|  From: SERVER0 @ site 1, oSERVER0 @ site 1 (DESKTOP-D75BQTV @ 212.212.212.212) (Contest Id: RealDeal--1957769244132597914)
231209 115246.586|INFO|Thread-66613|dumpPacket|    To: TEAM50 @ site 1
231209 115246.586|INFO|Thread-66613|dumpPacket|   key: JUDGEMENT_RECORD is: edu.csus.ecs.pc2.core.model.JudgementRecord No by JUDGE3 @ site 1 judgement No_-_Run-time_Error--7363172628486726021 id JudgementRecord--5852766058273813762
231209 115246.586|INFO|Thread-66613|dumpPacket|   key: RUN is: edu.csus.ecs.pc2.core.model.Run Run 393 JUDGED 68 min 4131506ms from TEAM50 @ site 1 id Run-1465188539640114595 problem Slow_Math--3774445497254703998 lang Java--8800253324652192008
231209 115246.586|INFO|Thread-66613|dumpPacket|   key: CLIENT_ID is: edu.csus.ecs.pc2.core.model.ClientId SERVER0 @ site 1
231209 115246.586|INFO|Thread-66613|info| receiveObject(S) end   got Packet[RUN_JUDGEMENT] #6644 SERVER0 @ site 1 -> TEAM50 @ site 1
231209 115431.458|INFO|Thread-66668|info| receiveObject(S) start got Packet[CLARIFICATION_ANSWER_UPDATE] #6720 SERVER0 @ site 1 -> SERVER0 @ site 0
231209 115431.458|INFO|Thread-66668|dumpPacket|Packet CLARIFICATION_ANSWER_UPDATE (Seq #6720, o#6720 ) recieveObject
231209 115431.458|INFO|Thread-66668|dumpPacket|  From: SERVER0 @ site 1, oSERVER0 @ site 1 (DESKTOP-D75BQTV @ 212.212.212.212) (Contest Id: RealDeal--1957769244132597914)
231209 115431.458|INFO|Thread-66668|dumpPacket|    To: SERVER0 @ site 0
231209 115431.458|INFO|Thread-66668|dumpPacket|   key: CLARIFICATION is: edu.csus.ecs.pc2.core.model.Clarification Clarification 20 ANSWERED from TEAM100 @ site 1 at 69 id=Clarification--4622882980912914428
231209 115431.458|INFO|Thread-66668|dumpPacket|   key: CLARIFICATION_ANSWER is: java.lang.String This is not usaco guys, brute force to your hearts content.
231209 115431.458|INFO|Thread-66668|dumpPacket|   key: CLIENT_ID is: edu.csus.ecs.pc2.core.model.ClientId ADMINISTRATOR1 @ site 1
231209 115431.465|INFO|Thread-66668|info|handlePacket start Packet[CLARIFICATION_ANSWER_UPDATE] #6720 SERVER0 @ site 1 -> SERVER0 @ site 0
231209 115431.465|INFO|Thread-66668|dumpPacket|Packet CLARIFICATION_ANSWER_UPDATE (Seq #6720, o#6720 ) handlePacket
231209 115431.465|INFO|Thread-66668|dumpPacket|  From: SERVER0 @ site 1, oSERVER0 @ site 1 (DESKTOP-D75BQTV @ 212.212.212.212) (Contest Id: RealDeal--1957769244132597914)
231209 115431.465|INFO|Thread-66668|dumpPacket|    To: SERVER0 @ site 0
231209 115431.465|INFO|Thread-66668|dumpPacket|   key: CLARIFICATION is: edu.csus.ecs.pc2.core.model.Clarification Clarification 20 ANSWERED from TEAM100 @ site 1 at 69 id=Clarification--4622882980912914428
231209 115431.465|INFO|Thread-66668|dumpPacket|   key: CLARIFICATION_ANSWER is: java.lang.String This is not usaco guys, brute force to your hearts content.
231209 115431.465|INFO|Thread-66668|dumpPacket|   key: CLIENT_ID is: edu.csus.ecs.pc2.core.model.ClientId ADMINISTRATOR1 @ site 1
231209 115431.465|INFO|Thread-66668|info| receiveObject(S) end   got Packet[CLARIFICATION_ANSWER_UPDATE] #6720 SERVER0 @ site 1 -> SERVER0 @ site 0
231209 115451.907|INFO|qtp135640095-66459|sendToLocalServer|Sending packet to server Packet[RUN_SUBMISSION] #1186 TEAM50 @ site 1 -> SERVER0 @ site 1
231209 115451.907|INFO|qtp135640095-66459|sendToLocalServer|Sent    packet to server Packet[RUN_SUBMISSION] #1186 TEAM50 @ site 1 -> SERVER0 @ site 1
231209 115452.102|INFO|Thread-66760|info| receiveObject(S) start got Packet[RUN_SUBMISSION_CONFIRM] #6727 SERVER0 @ site 1 -> TEAM50 @ site 1
231209 115452.102|INFO|Thread-66760|dumpPacket|Packet RUN_SUBMISSION_CONFIRM (Seq #6727, o#6727 ) recieveObject
231209 115452.102|INFO|Thread-66760|dumpPacket|  From: SERVER0 @ site 1, oSERVER0 @ site 1 (DESKTOP-D75BQTV @ 212.212.212.212) (Contest Id: RealDeal--1957769244132597914)
231209 115452.102|INFO|Thread-66760|dumpPacket|    To: TEAM50 @ site 1
231209 115452.102|INFO|Thread-66760|dumpPacket|   key: RUN is: edu.csus.ecs.pc2.core.model.Run Run 407 NEW 71 min 4271181ms from TEAM50 @ site 1 id Run-2732824306957368417 problem Sweater--7996986224719319199 lang Java--8800253324652192008
231209 115452.102|INFO|Thread-66760|info|handlePacket start Packet[RUN_SUBMISSION_CONFIRM] #6727 SERVER0 @ site 1 -> TEAM50 @ site 1
231209 115452.109|INFO|Thread-66760|dumpPacket|Packet RUN_SUBMISSION_CONFIRM (Seq #6727, o#6727 ) handlePacket
231209 115452.109|INFO|Thread-66760|dumpPacket|  From: SERVER0 @ site 1, oSERVER0 @ site 1 (DESKTOP-D75BQTV @ 212.212.212.212) (Contest Id: RealDeal--1957769244132597914)
231209 115452.109|INFO|Thread-66760|dumpPacket|    To: TEAM50 @ site 1
231209 115452.109|INFO|Thread-66760|dumpPacket|   key: RUN is: edu.csus.ecs.pc2.core.model.Run Run 407 NEW 71 min 4271181ms from TEAM50 @ site 1 id Run-2732824306957368417 problem Sweater--7996986224719319199 lang Java--8800253324652192008
231209 115452.109|INFO|Thread-66760|info| receiveObject(S) end   got Packet[RUN_SUBMISSION_CONFIRM] #6727 SERVER0 @ site 1 -> TEAM50 @ site 1
231209 115500.563|INFO|Thread-66765|info| receiveObject(S) start got Packet[RUN_JUDGEMENT] #6737 SERVER0 @ site 1 -> TEAM50 @ site 1
231209 115500.563|INFO|Thread-66765|dumpPacket|Packet RUN_JUDGEMENT (Seq #6737, o#6737 ) recieveObject
231209 115500.563|INFO|Thread-66765|dumpPacket|  From: SERVER0 @ site 1, oSERVER0 @ site 1 (DESKTOP-D75BQTV @ 212.212.212.212) (Contest Id: RealDeal--1957769244132597914)
231209 115500.563|INFO|Thread-66765|dumpPacket|    To: TEAM50 @ site 1
231209 115500.563|INFO|Thread-66765|dumpPacket|   key: JUDGEMENT_RECORD is: edu.csus.ecs.pc2.core.model.JudgementRecord Yes by JUDGE3 @ site 1 judgement Yes-2915828768858405923 id JudgementRecord--8161710256067291229
231209 115500.563|INFO|Thread-66765|dumpPacket|   key: RUN is: edu.csus.ecs.pc2.core.model.Run Run 407 JUDGED 71 min 4271181ms from TEAM50 @ site 1 id Run-2732824306957368417 problem Sweater--7996986224719319199 lang Java--8800253324652192008
231209 115500.563|INFO|Thread-66765|dumpPacket|   key: CLIENT_ID is: edu.csus.ecs.pc2.core.model.ClientId SERVER0 @ site 1
231209 115500.563|INFO|Thread-66765|info|handlePacket start Packet[RUN_JUDGEMENT] #6737 SERVER0 @ site 1 -> TEAM50 @ site 1
231209 115500.565|INFO|Thread-66765|dumpPacket|Packet RUN_JUDGEMENT (Seq #6737, o#6737 ) handlePacket
231209 115500.565|INFO|Thread-66765|dumpPacket|  From: SERVER0 @ site 1, oSERVER0 @ site 1 (DESKTOP-D75BQTV @ 212.212.212.212) (Contest Id: RealDeal--1957769244132597914)
231209 115500.565|INFO|Thread-66765|dumpPacket|    To: TEAM50 @ site 1
231209 115500.565|INFO|Thread-66765|dumpPacket|   key: JUDGEMENT_RECORD is: edu.csus.ecs.pc2.core.model.JudgementRecord Yes by JUDGE3 @ site 1 judgement Yes-2915828768858405923 id JudgementRecord--8161710256067291229
231209 115500.565|INFO|Thread-66765|dumpPacket|   key: RUN is: edu.csus.ecs.pc2.core.model.Run Run 407 JUDGED 71 min 4271181ms from TEAM50 @ site 1 id Run-2732824306957368417 problem Sweater--7996986224719319199 lang Java--8800253324652192008
231209 115500.565|INFO|Thread-66765|dumpPacket|   key: CLIENT_ID is: edu.csus.ecs.pc2.core.model.ClientId SERVER0 @ site 1
231209 115500.565|INFO|Thread-66765|info| receiveObject(S) end   got Packet[RUN_JUDGEMENT] #6737 SERVER0 @ site 1 -> TEAM50 @ site 1
231209 115738.676|INFO|qtp135640095-66621|sendToLocalServer|Sending packet to server Packet[RUN_SUBMISSION] #1208 TEAM50 @ site 1 -> SERVER0 @ site 1
231209 115738.676|INFO|qtp135640095-66621|sendToLocalServer|Sent    packet to server Packet[RUN_SUBMISSION] #1208 TEAM50 @ site 1 -> SERVER0 @ site 1
231209 115738.831|INFO|Thread-66824|info| receiveObject(S) start got Packet[RUN_SUBMISSION_CONFIRM] #6853 SERVER0 @ site 1 -> TEAM50 @ site 1
231209 115738.832|INFO|Thread-66824|dumpPacket|Packet RUN_SUBMISSION_CONFIRM (Seq #6853, o#6853 ) recieveObject
231209 115738.832|INFO|Thread-66824|dumpPacket|  From: SERVER0 @ site 1, oSERVER0 @ site 1 (DESKTOP-D75BQTV @ 212.212.212.212) (Contest Id: RealDeal--1957769244132597914)
231209 115738.832|INFO|Thread-66824|dumpPacket|    To: TEAM50 @ site 1
231209 115738.832|INFO|Thread-66824|dumpPacket|   key: RUN is: edu.csus.ecs.pc2.core.model.Run Run 427 NEW 73 min 4437948ms from TEAM50 @ site 1 id Run-6972689140066364643 problem Slow_Math--3774445497254703998 lang Java--8800253324652192008
231209 115738.832|INFO|Thread-66824|info|handlePacket start Packet[RUN_SUBMISSION_CONFIRM] #6853 SERVER0 @ site 1 -> TEAM50 @ site 1
231209 115738.832|INFO|Thread-66824|dumpPacket|Packet RUN_SUBMISSION_CONFIRM (Seq #6853, o#6853 ) handlePacket
231209 115738.832|INFO|Thread-66824|dumpPacket|  From: SERVER0 @ site 1, oSERVER0 @ site 1 (DESKTOP-D75BQTV @ 212.212.212.212) (Contest Id: RealDeal--1957769244132597914)
231209 115738.832|INFO|Thread-66824|dumpPacket|    To: TEAM50 @ site 1
231209 115738.832|INFO|Thread-66824|dumpPacket|   key: RUN is: edu.csus.ecs.pc2.core.model.Run Run 427 NEW 73 min 4437948ms from TEAM50 @ site 1 id Run-6972689140066364643 problem Slow_Math--3774445497254703998 lang Java--8800253324652192008
231209 115738.832|INFO|Thread-66824|info| receiveObject(S) end   got Packet[RUN_SUBMISSION_CONFIRM] #6853 SERVER0 @ site 1 -> TEAM50 @ site 1
231209 115746.696|INFO|Thread-66825|info| receiveObject(S) start got Packet[RUN_JUDGEMENT] #6857 SERVER0 @ site 1 -> TEAM50 @ site 1
231209 115746.696|INFO|Thread-66825|dumpPacket|Packet RUN_JUDGEMENT (Seq #6857, o#6857 ) recieveObject
231209 115746.696|INFO|Thread-66825|dumpPacket|  From: SERVER0 @ site 1, oSERVER0 @ site 1 (DESKTOP-D75BQTV @ 212.212.212.212) (Contest Id: RealDeal--1957769244132597914)
231209 115746.696|INFO|Thread-66825|dumpPacket|    To: TEAM50 @ site 1
231209 115746.696|INFO|Thread-66825|dumpPacket|   key: JUDGEMENT_RECORD is: edu.csus.ecs.pc2.core.model.JudgementRecord No by JUDGE3 @ site 1 judgement No_-_Run-time_Error--7363172628486726021 id JudgementRecord-3999729236828812817
231209 115746.696|INFO|Thread-66825|dumpPacket|   key: RUN is: edu.csus.ecs.pc2.core.model.Run Run 427 JUDGED 73 min 4437948ms from TEAM50 @ site 1 id Run-6972689140066364643 problem Slow_Math--3774445497254703998 lang Java--8800253324652192008
231209 115746.696|INFO|Thread-66825|dumpPacket|   key: CLIENT_ID is: edu.csus.ecs.pc2.core.model.ClientId SERVER0 @ site 1
231209 115746.696|INFO|Thread-66825|info|handlePacket start Packet[RUN_JUDGEMENT] #6857 SERVER0 @ site 1 -> TEAM50 @ site 1
231209 115746.696|INFO|Thread-66825|dumpPacket|Packet RUN_JUDGEMENT (Seq #6857, o#6857 ) handlePacket
231209 115746.696|INFO|Thread-66825|dumpPacket|  From: SERVER0 @ site 1, oSERVER0 @ site 1 (DESKTOP-D75BQTV @ 212.212.212.212) (Contest Id: RealDeal--1957769244132597914)
231209 115746.696|INFO|Thread-66825|dumpPacket|    To: TEAM50 @ site 1
231209 115746.696|INFO|Thread-66825|dumpPacket|   key: JUDGEMENT_RECORD is: edu.csus.ecs.pc2.core.model.JudgementRecord No by JUDGE3 @ site 1 judgement No_-_Run-time_Error--7363172628486726021 id JudgementRecord-3999729236828812817
231209 115746.696|INFO|Thread-66825|dumpPacket|   key: RUN is: edu.csus.ecs.pc2.core.model.Run Run 427 JUDGED 73 min 4437948ms from TEAM50 @ site 1 id Run-6972689140066364643 problem Slow_Math--3774445497254703998 lang Java--8800253324652192008
231209 115746.696|INFO|Thread-66825|dumpPacket|   key: CLIENT_ID is: edu.csus.ecs.pc2.core.model.ClientId SERVER0 @ site 1
231209 115746.696|INFO|Thread-66825|info| receiveObject(S) end   got Packet[RUN_JUDGEMENT] #6857 SERVER0 @ site 1 -> TEAM50 @ site 1
231209 120358.021|INFO|qtp135640095-66775|sendToLocalServer|Sending packet to server Packet[RUN_SUBMISSION] #1258 TEAM50 @ site 1 -> SERVER0 @ site 1
231209 120358.021|INFO|qtp135640095-66775|sendToLocalServer|Sent    packet to server Packet[RUN_SUBMISSION] #1258 TEAM50 @ site 1 -> SERVER0 @ site 1
231209 120358.230|INFO|Thread-66977|info| receiveObject(S) start got Packet[RUN_SUBMISSION_CONFIRM] #7159 SERVER0 @ site 1 -> TEAM50 @ site 1
231209 120358.230|INFO|Thread-66977|dumpPacket|Packet RUN_SUBMISSION_CONFIRM (Seq #7159, o#7159 ) recieveObject
231209 120358.230|INFO|Thread-66977|dumpPacket|  From: SERVER0 @ site 1, oSERVER0 @ site 1 (DESKTOP-D75BQTV @ 212.212.212.212) (Contest Id: RealDeal--1957769244132597914)
231209 120358.230|INFO|Thread-66977|dumpPacket|    To: TEAM50 @ site 1
231209 120358.230|INFO|Thread-66977|dumpPacket|   key: RUN is: edu.csus.ecs.pc2.core.model.Run Run 472 NEW 80 min 4817301ms from TEAM50 @ site 1 id Run--5289878777529921753 problem Espresso--8279138056088281247 lang Java--8800253324652192008
231209 120358.230|INFO|Thread-66977|info|handlePacket start Packet[RUN_SUBMISSION_CONFIRM] #7159 SERVER0 @ site 1 -> TEAM50 @ site 1
231209 120358.230|INFO|Thread-66977|dumpPacket|Packet RUN_SUBMISSION_CONFIRM (Seq #7159, o#7159 ) handlePacket
231209 120358.230|INFO|Thread-66977|dumpPacket|  From: SERVER0 @ site 1, oSERVER0 @ site 1 (DESKTOP-D75BQTV @ 212.212.212.212) (Contest Id: RealDeal--1957769244132597914)
231209 120358.230|INFO|Thread-66977|dumpPacket|    To: TEAM50 @ site 1
231209 120358.230|INFO|Thread-66977|dumpPacket|   key: RUN is: edu.csus.ecs.pc2.core.model.Run Run 472 NEW 80 min 4817301ms from TEAM50 @ site 1 id Run--5289878777529921753 problem Espresso--8279138056088281247 lang Java--8800253324652192008
231209 120358.230|INFO|Thread-66977|info| receiveObject(S) end   got Packet[RUN_SUBMISSION_CONFIRM] #7159 SERVER0 @ site 1 -> TEAM50 @ site 1
231209 120406.254|INFO|Thread-66981|info| receiveObject(S) start got Packet[RUN_JUDGEMENT] #7170 SERVER0 @ site 1 -> TEAM50 @ site 1
231209 120406.254|INFO|Thread-66981|dumpPacket|Packet RUN_JUDGEMENT (Seq #7170, o#7170 ) recieveObject
231209 120406.254|INFO|Thread-66981|dumpPacket|  From: SERVER0 @ site 1, oSERVER0 @ site 1 (DESKTOP-D75BQTV @ 212.212.212.212) (Contest Id: RealDeal--1957769244132597914)
231209 120406.254|INFO|Thread-66981|dumpPacket|    To: TEAM50 @ site 1
231209 120406.254|INFO|Thread-66981|dumpPacket|   key: JUDGEMENT_RECORD is: edu.csus.ecs.pc2.core.model.JudgementRecord No by JUDGE1 @ site 1 judgement No_-_Run-time_Error--7363172628486726021 id JudgementRecord-7736032075046319521
231209 120406.254|INFO|Thread-66981|dumpPacket|   key: RUN is: edu.csus.ecs.pc2.core.model.Run Run 472 JUDGED 80 min 4817301ms from TEAM50 @ site 1 id Run--5289878777529921753 problem Espresso--8279138056088281247 lang Java--8800253324652192008
231209 120406.254|INFO|Thread-66981|dumpPacket|   key: CLIENT_ID is: edu.csus.ecs.pc2.core.model.ClientId SERVER0 @ site 1
231209 120406.254|INFO|Thread-66981|info|handlePacket start Packet[RUN_JUDGEMENT] #7170 SERVER0 @ site 1 -> TEAM50 @ site 1
231209 120406.254|INFO|Thread-66981|dumpPacket|Packet RUN_JUDGEMENT (Seq #7170, o#7170 ) handlePacket
231209 120406.254|INFO|Thread-66981|dumpPacket|  From: SERVER0 @ site 1, oSERVER0 @ site 1 (DESKTOP-D75BQTV @ 212.212.212.212) (Contest Id: RealDeal--1957769244132597914)
231209 120406.254|INFO|Thread-66981|dumpPacket|    To: TEAM50 @ site 1
231209 120406.254|INFO|Thread-66981|dumpPacket|   key: JUDGEMENT_RECORD is: edu.csus.ecs.pc2.core.model.JudgementRecord No by JUDGE1 @ site 1 judgement No_-_Run-time_Error--7363172628486726021 id JudgementRecord-7736032075046319521
231209 120406.254|INFO|Thread-66981|dumpPacket|   key: RUN is: edu.csus.ecs.pc2.core.model.Run Run 472 JUDGED 80 min 4817301ms from TEAM50 @ site 1 id Run--5289878777529921753 problem Espresso--8279138056088281247 lang Java--8800253324652192008
231209 120406.254|INFO|Thread-66981|dumpPacket|   key: CLIENT_ID is: edu.csus.ecs.pc2.core.model.ClientId SERVER0 @ site 1
231209 120406.254|INFO|Thread-66981|info| receiveObject(S) end   got Packet[RUN_JUDGEMENT] #7170 SERVER0 @ site 1 -> TEAM50 @ site 1
231209 121350.239|INFO|qtp135640095-65675|sendToLocalServer|Sending packet to server Packet[RUN_SUBMISSION] #1339 TEAM50 @ site 1 -> SERVER0 @ site 1
231209 121350.239|INFO|qtp135640095-65675|sendToLocalServer|Sent    packet to server Packet[RUN_SUBMISSION] #1339 TEAM50 @ site 1 -> SERVER0 @ site 1
231209 121350.483|INFO|Thread-67224|info| receiveObject(S) start got Packet[RUN_SUBMISSION_CONFIRM] #7643 SERVER0 @ site 1 -> TEAM50 @ site 1
231209 121350.483|INFO|Thread-67224|dumpPacket|Packet RUN_SUBMISSION_CONFIRM (Seq #7643, o#7643 ) recieveObject
231209 121350.483|INFO|Thread-67224|dumpPacket|  From: SERVER0 @ site 1, oSERVER0 @ site 1 (DESKTOP-D75BQTV @ 212.212.212.212) (Contest Id: RealDeal--1957769244132597914)
231209 121350.483|INFO|Thread-67224|dumpPacket|    To: TEAM50 @ site 1
231209 121350.483|INFO|Thread-67224|dumpPacket|   key: RUN is: edu.csus.ecs.pc2.core.model.Run Run 544 NEW 90 min 5409519ms from TEAM50 @ site 1 id Run--1539808308814075672 problem Leftover--6791674603817565041 lang Java--8800253324652192008
231209 121350.483|INFO|Thread-67224|info|handlePacket start Packet[RUN_SUBMISSION_CONFIRM] #7643 SERVER0 @ site 1 -> TEAM50 @ site 1
231209 121350.483|INFO|Thread-67224|dumpPacket|Packet RUN_SUBMISSION_CONFIRM (Seq #7643, o#7643 ) handlePacket
231209 121350.488|INFO|Thread-67224|dumpPacket|  From: SERVER0 @ site 1, oSERVER0 @ site 1 (DESKTOP-D75BQTV @ 212.212.212.212) (Contest Id: RealDeal--1957769244132597914)
231209 121350.488|INFO|Thread-67224|dumpPacket|    To: TEAM50 @ site 1
231209 121350.488|INFO|Thread-67224|dumpPacket|   key: RUN is: edu.csus.ecs.pc2.core.model.Run Run 544 NEW 90 min 5409519ms from TEAM50 @ site 1 id Run--1539808308814075672 problem Leftover--6791674603817565041 lang Java--8800253324652192008
231209 121350.488|INFO|Thread-67224|info| receiveObject(S) end   got Packet[RUN_SUBMISSION_CONFIRM] #7643 SERVER0 @ site 1 -> TEAM50 @ site 1
231209 121404.606|INFO|Thread-67235|info| receiveObject(S) start got Packet[RUN_JUDGEMENT] #7671 SERVER0 @ site 1 -> TEAM50 @ site 1
231209 121404.606|INFO|Thread-67235|dumpPacket|Packet RUN_JUDGEMENT (Seq #7671, o#7671 ) recieveObject
231209 121404.606|INFO|Thread-67235|dumpPacket|  From: SERVER0 @ site 1, oSERVER0 @ site 1 (DESKTOP-D75BQTV @ 212.212.212.212) (Contest Id: RealDeal--1957769244132597914)
231209 121404.606|INFO|Thread-67235|dumpPacket|    To: TEAM50 @ site 1
231209 121404.606|INFO|Thread-67235|dumpPacket|   key: JUDGEMENT_RECORD is: edu.csus.ecs.pc2.core.model.JudgementRecord No by JUDGE1 @ site 1 judgement No_-_Run-time_Error--7363172628486726021 id JudgementRecord-4273713900756206473
231209 121404.606|INFO|Thread-67235|dumpPacket|   key: RUN is: edu.csus.ecs.pc2.core.model.Run Run 544 JUDGED 90 min 5409519ms from TEAM50 @ site 1 id Run--1539808308814075672 problem Leftover--6791674603817565041 lang Java--8800253324652192008
231209 121404.606|INFO|Thread-67235|dumpPacket|   key: CLIENT_ID is: edu.csus.ecs.pc2.core.model.ClientId SERVER0 @ site 1
231209 121404.606|INFO|Thread-67235|info|handlePacket start Packet[RUN_JUDGEMENT] #7671 SERVER0 @ site 1 -> TEAM50 @ site 1
231209 121404.606|INFO|Thread-67235|dumpPacket|Packet RUN_JUDGEMENT (Seq #7671, o#7671 ) handlePacket
231209 121404.606|INFO|Thread-67235|dumpPacket|  From: SERVER0 @ site 1, oSERVER0 @ site 1 (DESKTOP-D75BQTV @ 212.212.212.212) (Contest Id: RealDeal--1957769244132597914)
231209 121404.606|INFO|Thread-67235|dumpPacket|    To: TEAM50 @ site 1
231209 121404.606|INFO|Thread-67235|dumpPacket|   key: JUDGEMENT_RECORD is: edu.csus.ecs.pc2.core.model.JudgementRecord No by JUDGE1 @ site 1 judgement No_-_Run-time_Error--7363172628486726021 id JudgementRecord-4273713900756206473
231209 121404.606|INFO|Thread-67235|dumpPacket|   key: RUN is: edu.csus.ecs.pc2.core.model.Run Run 544 JUDGED 90 min 5409519ms from TEAM50 @ site 1 id Run--1539808308814075672 problem Leftover--6791674603817565041 lang Java--8800253324652192008
231209 121404.606|INFO|Thread-67235|dumpPacket|   key: CLIENT_ID is: edu.csus.ecs.pc2.core.model.ClientId SERVER0 @ site 1
231209 121404.606|INFO|Thread-67235|info| receiveObject(S) end   got Packet[RUN_JUDGEMENT] #7671 SERVER0 @ site 1 -> TEAM50 @ site 1
