231209 095914.679|CONFIG|qtp135640095-20983|setFileHandlers|Now logging to C:\Users\18328\Desktop\pc2\WebTeamInterface-1.1\logs directory.
231209 095914.679|INFO|qtp135640095-20983|info|
231209 095914.687|INFO|qtp135640095-20983|info|Version 9 () Java ver 18.0.2.1 build  Windows 11 10.0 (amd64) 
231209 095914.687|INFO|qtp135640095-20983|info|Login: team91 (aka team91)
231209 095914.687|INFO|qtp135640095-20983|startLog|Working directory is C:\Users\18328\Desktop\pc2\WebTeamInterface-1.1
231209 095914.687|INFO|qtp135640095-20983|startLog|Process id is 15028@DESKTOP-D75BQTV
231209 095914.687|INFO|qtp135640095-20983|info|Contacting server at localhost:50002 as TEAM91 @ site 0
231209 095914.687|INFO|qtp135640095-20983|info|sendLoginRequest start - sending from TEAM91 @ site 0
231209 095914.687|INFO|qtp135640095-20983|sendToLocalServer|Sending packet to server Packet[LOGIN_REQUEST] #441 TEAM91 @ site 0 -> SERVER0 @ site 0
231209 095914.687|INFO|qtp135640095-20983|sendToLocalServer|Sent    packet to server Packet[LOGIN_REQUEST] #441 TEAM91 @ site 0 -> SERVER0 @ site 0
231209 095914.687|INFO|qtp135640095-20983|info|sendLoginRequest end - packet sent.
231209 095914.687|INFO|Thread-36776|run|send(Serializable)
231209 095914.703|INFO|Thread-36775|receive|public void receive(SealedObject TransportPacket, ConnectionHandlerID connectionHandlerID)
231209 095914.703|INFO|Thread-36777|info| receiveObject(S) start got Packet[LOGIN_SUCCESS] #2440 SERVER0 @ site 1 -> TEAM91 @ site 1
231209 095914.703|INFO|Thread-36777|dumpPacket|Packet LOGIN_SUCCESS (Seq #2440, o#2440 ) recieveObject
231209 095914.703|INFO|Thread-36777|dumpPacket|  From: SERVER0 @ site 1, oSERVER0 @ site 1 (DESKTOP-D75BQTV @ 212.212.212.212) (Contest Id: DryRun--6069080675419338087)
231209 095914.703|INFO|Thread-36777|dumpPacket|    To: TEAM91 @ site 1
231209 095914.703|INFO|Thread-36777|dumpPacket|   key: PROFILE_LIST is: [Ledu.csus.ecs.pc2.core.model.Profile; [Ledu.csus.ecs.pc2.core.model.Profile;@2aad8171
231209 095914.703|INFO|Thread-36777|dumpPacket|   key: GENERAL_PROBLEM is: edu.csus.ecs.pc2.core.model.Problem General
231209 095914.703|INFO|Thread-36777|dumpPacket|   key: CLIENT_SETTINGS_LIST is: [Ledu.csus.ecs.pc2.core.model.ClientSettings; [Ledu.csus.ecs.pc2.core.model.ClientSettings;@246a7a54
231209 095914.703|INFO|Thread-36777|dumpPacket|   key: CONTEST_TIME is: edu.csus.ecs.pc2.core.model.ContestTime edu.csus.ecs.pc2.core.model.ContestTime@2055ea01
231209 095914.703|INFO|Thread-36777|dumpPacket|   key: CLARIFICATION_LIST is: [Ledu.csus.ecs.pc2.core.model.Clarification; [Ledu.csus.ecs.pc2.core.model.Clarification;@6557706f
231209 095914.703|INFO|Thread-36777|dumpPacket|   key: CATEGORY_LIST is: [Ledu.csus.ecs.pc2.core.model.Category; [Ledu.csus.ecs.pc2.core.model.Category;@23b7c3bd
231209 095914.703|INFO|Thread-36777|dumpPacket|   key: LANGUAGE_LIST is: [Ledu.csus.ecs.pc2.core.model.Language; [Ledu.csus.ecs.pc2.core.model.Language;@54f8b545
231209 095914.703|INFO|Thread-36777|dumpPacket|   key: REMOTE_LOGGED_IN_USERS is: [Ledu.csus.ecs.pc2.core.model.ClientId; [Ledu.csus.ecs.pc2.core.model.ClientId;@5bf25839
231209 095914.703|INFO|Thread-36777|dumpPacket|   key: CONTEST_TIME_LIST is: [Ledu.csus.ecs.pc2.core.model.ContestTime; [Ledu.csus.ecs.pc2.core.model.ContestTime;@5788f20
231209 095914.703|INFO|Thread-36777|dumpPacket|   key: CONNECTION_HANDLE_ID_LIST is: [Ledu.csus.ecs.pc2.core.transport.ConnectionHandlerID; [Ledu.csus.ecs.pc2.core.transport.ConnectionHandlerID;@18cf0e19
231209 095914.703|INFO|Thread-36777|dumpPacket|   key: PROFILE is: edu.csus.ecs.pc2.core.model.Profile DryRun--6069080675419338087
231209 095914.703|INFO|Thread-36777|dumpPacket|   key: CLIENT_ID is: edu.csus.ecs.pc2.core.model.ClientId TEAM91 @ site 1
231209 095914.703|INFO|Thread-36777|dumpPacket|   key: SITE_NUMBER is: java.lang.Integer 1
231209 095914.703|INFO|Thread-36777|dumpPacket|   key: CONTEST_INFORMATION is: edu.csus.ecs.pc2.core.model.ContestInformation edu.csus.ecs.pc2.core.model.ContestInformation@90cc2d8
231209 095914.703|INFO|Thread-36777|dumpPacket|   key: SITE_LIST is: [Ledu.csus.ecs.pc2.core.model.Site; [Ledu.csus.ecs.pc2.core.model.Site;@40f67050
231209 095914.703|INFO|Thread-36777|dumpPacket|   key: PROBLEM_DATA_FILES is: [Ledu.csus.ecs.pc2.core.model.ProblemDataFiles; [Ledu.csus.ecs.pc2.core.model.ProblemDataFiles;@136f6e1
231209 095914.703|INFO|Thread-36777|dumpPacket|   key: JUDGEMENT_LIST is: [Ledu.csus.ecs.pc2.core.model.Judgement; [Ledu.csus.ecs.pc2.core.model.Judgement;@61e99f18
231209 095914.703|INFO|Thread-36777|dumpPacket|   key: PROBLEM_LIST is: [Ledu.csus.ecs.pc2.core.model.Problem; [Ledu.csus.ecs.pc2.core.model.Problem;@e1c9bff
231209 095914.703|INFO|Thread-36777|dumpPacket|   key: GROUP_LIST is: [Ledu.csus.ecs.pc2.core.model.Group; [Ledu.csus.ecs.pc2.core.model.Group;@7d9b1e9c
231209 095914.703|INFO|Thread-36777|dumpPacket|   key: LOCAL_LOGGED_IN_USERS is: [Ledu.csus.ecs.pc2.core.model.ClientId; [Ledu.csus.ecs.pc2.core.model.ClientId;@4b2c7e30
231209 095914.711|INFO|Thread-36777|dumpPacket|   key: SERVER_CLOCK_OFFSET is: java.util.GregorianCalendar java.util.GregorianCalendar[time=1702137554695,areFieldsSet=true,areAllFieldsSet=false,lenient=true,zone=sun.util.calendar.ZoneInfo[id="GMT",offset=0,dstSavings=0,useDaylight=false,transitions=0,lastRule=null],firstDayOfWeek=1,minimalDaysInFirstWeek=1,ERA=1,YEAR=2023,MONTH=11,WEEK_OF_YEAR=49,WEEK_OF_MONTH=2,DAY_OF_MONTH=9,DAY_OF_YEAR=343,DAY_OF_WEEK=7,DAY_OF_WEEK_IN_MONTH=2,AM_PM=1,HOUR=3,HOUR_OF_DAY=15,MINUTE=59,SECOND=14,MILLISECOND=695,ZONE_OFFSET=0,DST_OFFSET=0]
231209 095914.711|INFO|Thread-36777|dumpPacket|   key: CONTEST_IDENTIFIER is: java.lang.String DryRun--6069080675419338087
231209 095914.711|INFO|Thread-36777|dumpPacket|   key: BALLOON_SETTINGS_LIST is: [Ledu.csus.ecs.pc2.core.model.BalloonSettings; [Ledu.csus.ecs.pc2.core.model.BalloonSettings;@66902912
231209 095914.711|INFO|Thread-36777|dumpPacket|   key: RUN_LIST is: [Ledu.csus.ecs.pc2.core.model.Run; [Ledu.csus.ecs.pc2.core.model.Run;@cb9855c
231209 095914.711|INFO|Thread-36777|dumpPacket|   key: ACCOUNT_ARRAY is: [Ledu.csus.ecs.pc2.core.model.Account; [Ledu.csus.ecs.pc2.core.model.Account;@29f305a9
231209 095914.711|INFO|Thread-36777|info|handlePacket start Packet[LOGIN_SUCCESS] #2440 SERVER0 @ site 1 -> TEAM91 @ site 1
231209 095914.711|INFO|Thread-36777|dumpPacket|Packet LOGIN_SUCCESS (Seq #2440, o#2440 ) handlePacket
231209 095914.711|INFO|Thread-36777|dumpPacket|  From: SERVER0 @ site 1, oSERVER0 @ site 1 (DESKTOP-D75BQTV @ 212.212.212.212) (Contest Id: DryRun--6069080675419338087)
231209 095914.711|INFO|Thread-36777|dumpPacket|    To: TEAM91 @ site 1
231209 095914.711|INFO|Thread-36777|dumpPacket|   key: PROFILE_LIST is: [Ledu.csus.ecs.pc2.core.model.Profile; [Ledu.csus.ecs.pc2.core.model.Profile;@2aad8171
231209 095914.711|INFO|Thread-36777|dumpPacket|   key: GENERAL_PROBLEM is: edu.csus.ecs.pc2.core.model.Problem General
231209 095914.711|INFO|Thread-36777|dumpPacket|   key: CLIENT_SETTINGS_LIST is: [Ledu.csus.ecs.pc2.core.model.ClientSettings; [Ledu.csus.ecs.pc2.core.model.ClientSettings;@246a7a54
231209 095914.711|INFO|Thread-36777|dumpPacket|   key: CONTEST_TIME is: edu.csus.ecs.pc2.core.model.ContestTime edu.csus.ecs.pc2.core.model.ContestTime@2055ea01
231209 095914.711|INFO|Thread-36777|dumpPacket|   key: CLARIFICATION_LIST is: [Ledu.csus.ecs.pc2.core.model.Clarification; [Ledu.csus.ecs.pc2.core.model.Clarification;@6557706f
231209 095914.711|INFO|Thread-36777|dumpPacket|   key: CATEGORY_LIST is: [Ledu.csus.ecs.pc2.core.model.Category; [Ledu.csus.ecs.pc2.core.model.Category;@23b7c3bd
231209 095914.711|INFO|Thread-36777|dumpPacket|   key: LANGUAGE_LIST is: [Ledu.csus.ecs.pc2.core.model.Language; [Ledu.csus.ecs.pc2.core.model.Language;@54f8b545
231209 095914.711|INFO|Thread-36777|dumpPacket|   key: REMOTE_LOGGED_IN_USERS is: [Ledu.csus.ecs.pc2.core.model.ClientId; [Ledu.csus.ecs.pc2.core.model.ClientId;@5bf25839
231209 095914.711|INFO|Thread-36777|dumpPacket|   key: CONTEST_TIME_LIST is: [Ledu.csus.ecs.pc2.core.model.ContestTime; [Ledu.csus.ecs.pc2.core.model.ContestTime;@5788f20
231209 095914.711|INFO|Thread-36777|dumpPacket|   key: CONNECTION_HANDLE_ID_LIST is: [Ledu.csus.ecs.pc2.core.transport.ConnectionHandlerID; [Ledu.csus.ecs.pc2.core.transport.ConnectionHandlerID;@18cf0e19
231209 095914.711|INFO|Thread-36777|dumpPacket|   key: PROFILE is: edu.csus.ecs.pc2.core.model.Profile DryRun--6069080675419338087
231209 095914.711|INFO|Thread-36777|dumpPacket|   key: CLIENT_ID is: edu.csus.ecs.pc2.core.model.ClientId TEAM91 @ site 1
231209 095914.711|INFO|Thread-36777|dumpPacket|   key: SITE_NUMBER is: java.lang.Integer 1
231209 095914.711|INFO|Thread-36777|dumpPacket|   key: CONTEST_INFORMATION is: edu.csus.ecs.pc2.core.model.ContestInformation edu.csus.ecs.pc2.core.model.ContestInformation@90cc2d8
231209 095914.711|INFO|Thread-36777|dumpPacket|   key: SITE_LIST is: [Ledu.csus.ecs.pc2.core.model.Site; [Ledu.csus.ecs.pc2.core.model.Site;@40f67050
231209 095914.711|INFO|Thread-36777|dumpPacket|   key: PROBLEM_DATA_FILES is: [Ledu.csus.ecs.pc2.core.model.ProblemDataFiles; [Ledu.csus.ecs.pc2.core.model.ProblemDataFiles;@136f6e1
231209 095914.711|INFO|Thread-36777|dumpPacket|   key: JUDGEMENT_LIST is: [Ledu.csus.ecs.pc2.core.model.Judgement; [Ledu.csus.ecs.pc2.core.model.Judgement;@61e99f18
231209 095914.711|INFO|Thread-36777|dumpPacket|   key: PROBLEM_LIST is: [Ledu.csus.ecs.pc2.core.model.Problem; [Ledu.csus.ecs.pc2.core.model.Problem;@e1c9bff
231209 095914.711|INFO|Thread-36777|dumpPacket|   key: GROUP_LIST is: [Ledu.csus.ecs.pc2.core.model.Group; [Ledu.csus.ecs.pc2.core.model.Group;@7d9b1e9c
231209 095914.711|INFO|Thread-36777|dumpPacket|   key: LOCAL_LOGGED_IN_USERS is: [Ledu.csus.ecs.pc2.core.model.ClientId; [Ledu.csus.ecs.pc2.core.model.ClientId;@4b2c7e30
231209 095914.711|INFO|Thread-36777|dumpPacket|   key: SERVER_CLOCK_OFFSET is: java.util.GregorianCalendar java.util.GregorianCalendar[time=1702137554695,areFieldsSet=true,areAllFieldsSet=false,lenient=true,zone=sun.util.calendar.ZoneInfo[id="GMT",offset=0,dstSavings=0,useDaylight=false,transitions=0,lastRule=null],firstDayOfWeek=1,minimalDaysInFirstWeek=1,ERA=1,YEAR=2023,MONTH=11,WEEK_OF_YEAR=49,WEEK_OF_MONTH=2,DAY_OF_MONTH=9,DAY_OF_YEAR=343,DAY_OF_WEEK=7,DAY_OF_WEEK_IN_MONTH=2,AM_PM=1,HOUR=3,HOUR_OF_DAY=15,MINUTE=59,SECOND=14,MILLISECOND=695,ZONE_OFFSET=0,DST_OFFSET=0]
231209 095914.711|INFO|Thread-36777|dumpPacket|   key: CONTEST_IDENTIFIER is: java.lang.String DryRun--6069080675419338087
231209 095914.711|INFO|Thread-36777|dumpPacket|   key: BALLOON_SETTINGS_LIST is: [Ledu.csus.ecs.pc2.core.model.BalloonSettings; [Ledu.csus.ecs.pc2.core.model.BalloonSettings;@66902912
231209 095914.711|INFO|Thread-36777|dumpPacket|   key: RUN_LIST is: [Ledu.csus.ecs.pc2.core.model.Run; [Ledu.csus.ecs.pc2.core.model.Run;@cb9855c
231209 095914.711|INFO|Thread-36777|dumpPacket|   key: ACCOUNT_ARRAY is: [Ledu.csus.ecs.pc2.core.model.Account; [Ledu.csus.ecs.pc2.core.model.Account;@29f305a9
231209 095933.900|INFO|Thread-36775|connectionDropped|connectionDropped(ConnectionHandlerID myConnectionID) 
