231209 103948.967|CONFIG|qtp135640095-44446|setFileHandlers|Now logging to C:\Users\18328\Desktop\pc2\WebTeamInterface-1.1\logs directory.
231209 103948.967|INFO|qtp135640095-44446|info|
231209 103948.968|INFO|qtp135640095-44446|info|Version 9 () Java ver 18.0.2.1 build  Windows 11 10.0 (amd64) 
231209 103948.968|INFO|qtp135640095-44446|info|Login: team17 (aka team17)
231209 103948.968|INFO|qtp135640095-44446|startLog|Working directory is C:\Users\18328\Desktop\pc2\WebTeamInterface-1.1
231209 103948.968|INFO|qtp135640095-44446|startLog|Process id is 15028@DESKTOP-D75BQTV
231209 103948.968|INFO|qtp135640095-44446|info|Contacting server at localhost:50002 as TEAM17 @ site 0
231209 103948.968|INFO|qtp135640095-44446|info|sendLoginRequest start - sending from TEAM17 @ site 0
231209 103948.968|INFO|qtp135640095-44446|sendToLocalServer|Sending packet to server Packet[LOGIN_REQUEST] #636 TEAM17 @ site 0 -> SERVER0 @ site 0
231209 103948.968|INFO|qtp135640095-44446|sendToLocalServer|Sent    packet to server Packet[LOGIN_REQUEST] #636 TEAM17 @ site 0 -> SERVER0 @ site 0
231209 103948.968|INFO|qtp135640095-44446|info|sendLoginRequest end - packet sent.
231209 103948.968|INFO|Thread-49333|run|send(Serializable)
231209 103948.983|INFO|Thread-49332|receive|public void receive(SealedObject TransportPacket, ConnectionHandlerID connectionHandlerID)
231209 103948.989|INFO|Thread-49334|info| receiveObject(S) start got Packet[LOGIN_SUCCESS] #3539 SERVER0 @ site 1 -> TEAM17 @ site 1
231209 103948.989|INFO|Thread-49334|dumpPacket|Packet LOGIN_SUCCESS (Seq #3539, o#3539 ) recieveObject
231209 103948.989|INFO|Thread-49334|dumpPacket|  From: SERVER0 @ site 1, oSERVER0 @ site 1 (DESKTOP-D75BQTV @ 212.212.212.212) (Contest Id: RealDeal--1957769244132597914)
231209 103948.989|INFO|Thread-49334|dumpPacket|    To: TEAM17 @ site 1
231209 103948.989|INFO|Thread-49334|dumpPacket|   key: PROFILE_LIST is: [Ledu.csus.ecs.pc2.core.model.Profile; [Ledu.csus.ecs.pc2.core.model.Profile;@72e5c139
231209 103948.989|INFO|Thread-49334|dumpPacket|   key: GENERAL_PROBLEM is: edu.csus.ecs.pc2.core.model.Problem General
231209 103948.989|INFO|Thread-49334|dumpPacket|   key: CLIENT_SETTINGS_LIST is: [Ledu.csus.ecs.pc2.core.model.ClientSettings; [Ledu.csus.ecs.pc2.core.model.ClientSettings;@7c222115
231209 103948.989|INFO|Thread-49334|dumpPacket|   key: CONTEST_TIME is: edu.csus.ecs.pc2.core.model.ContestTime edu.csus.ecs.pc2.core.model.ContestTime@781daa49
231209 103948.989|INFO|Thread-49334|dumpPacket|   key: CLARIFICATION_LIST is: [Ledu.csus.ecs.pc2.core.model.Clarification; [Ledu.csus.ecs.pc2.core.model.Clarification;@3d1f2b2e
231209 103948.989|INFO|Thread-49334|dumpPacket|   key: CATEGORY_LIST is: [Ledu.csus.ecs.pc2.core.model.Category; [Ledu.csus.ecs.pc2.core.model.Category;@612fc9bd
231209 103948.989|INFO|Thread-49334|dumpPacket|   key: LANGUAGE_LIST is: [Ledu.csus.ecs.pc2.core.model.Language; [Ledu.csus.ecs.pc2.core.model.Language;@c687604
231209 103948.989|INFO|Thread-49334|dumpPacket|   key: REMOTE_LOGGED_IN_USERS is: [Ledu.csus.ecs.pc2.core.model.ClientId; [Ledu.csus.ecs.pc2.core.model.ClientId;@19b2ca22
231209 103948.989|INFO|Thread-49334|dumpPacket|   key: CONTEST_TIME_LIST is: [Ledu.csus.ecs.pc2.core.model.ContestTime; [Ledu.csus.ecs.pc2.core.model.ContestTime;@5d30d461
231209 103948.989|INFO|Thread-49334|dumpPacket|   key: CONNECTION_HANDLE_ID_LIST is: [Ledu.csus.ecs.pc2.core.transport.ConnectionHandlerID; [Ledu.csus.ecs.pc2.core.transport.ConnectionHandlerID;@42cd8c5b
231209 103948.989|INFO|Thread-49334|dumpPacket|   key: PROFILE is: edu.csus.ecs.pc2.core.model.Profile RealDeal--1957769244132597914
231209 103948.989|INFO|Thread-49334|dumpPacket|   key: CLIENT_ID is: edu.csus.ecs.pc2.core.model.ClientId TEAM17 @ site 1
231209 103948.989|INFO|Thread-49334|dumpPacket|   key: SITE_NUMBER is: java.lang.Integer 1
231209 103948.989|INFO|Thread-49334|dumpPacket|   key: CONTEST_INFORMATION is: edu.csus.ecs.pc2.core.model.ContestInformation edu.csus.ecs.pc2.core.model.ContestInformation@dda0a50
231209 103948.989|INFO|Thread-49334|dumpPacket|   key: SITE_LIST is: [Ledu.csus.ecs.pc2.core.model.Site; [Ledu.csus.ecs.pc2.core.model.Site;@2b62213
231209 103948.989|INFO|Thread-49334|dumpPacket|   key: PROBLEM_DATA_FILES is: [Ledu.csus.ecs.pc2.core.model.ProblemDataFiles; [Ledu.csus.ecs.pc2.core.model.ProblemDataFiles;@597e6df8
231209 103948.989|INFO|Thread-49334|dumpPacket|   key: JUDGEMENT_LIST is: [Ledu.csus.ecs.pc2.core.model.Judgement; [Ledu.csus.ecs.pc2.core.model.Judgement;@77ff9dd8
231209 103948.989|INFO|Thread-49334|dumpPacket|   key: PROBLEM_LIST is: [Ledu.csus.ecs.pc2.core.model.Problem; [Ledu.csus.ecs.pc2.core.model.Problem;@2a2a91fd
231209 103948.989|INFO|Thread-49334|dumpPacket|   key: GROUP_LIST is: [Ledu.csus.ecs.pc2.core.model.Group; [Ledu.csus.ecs.pc2.core.model.Group;@193f8811
231209 103948.989|INFO|Thread-49334|dumpPacket|   key: LOCAL_LOGGED_IN_USERS is: [Ledu.csus.ecs.pc2.core.model.ClientId; [Ledu.csus.ecs.pc2.core.model.ClientId;@33842763
231209 103948.989|INFO|Thread-49334|dumpPacket|   key: SERVER_CLOCK_OFFSET is: java.util.GregorianCalendar java.util.GregorianCalendar[time=1702139988978,areFieldsSet=true,areAllFieldsSet=false,lenient=true,zone=sun.util.calendar.ZoneInfo[id="GMT",offset=0,dstSavings=0,useDaylight=false,transitions=0,lastRule=null],firstDayOfWeek=1,minimalDaysInFirstWeek=1,ERA=1,YEAR=2023,MONTH=11,WEEK_OF_YEAR=49,WEEK_OF_MONTH=2,DAY_OF_MONTH=9,DAY_OF_YEAR=343,DAY_OF_WEEK=7,DAY_OF_WEEK_IN_MONTH=2,AM_PM=1,HOUR=4,HOUR_OF_DAY=16,MINUTE=39,SECOND=48,MILLISECOND=978,ZONE_OFFSET=0,DST_OFFSET=0]
231209 103948.989|INFO|Thread-49334|dumpPacket|   key: CONTEST_IDENTIFIER is: java.lang.String RealDeal--1957769244132597914
231209 103948.989|INFO|Thread-49334|dumpPacket|   key: BALLOON_SETTINGS_LIST is: [Ledu.csus.ecs.pc2.core.model.BalloonSettings; [Ledu.csus.ecs.pc2.core.model.BalloonSettings;@381e6d96
231209 103948.989|INFO|Thread-49334|dumpPacket|   key: RUN_LIST is: [Ledu.csus.ecs.pc2.core.model.Run; [Ledu.csus.ecs.pc2.core.model.Run;@46c5a611
231209 103948.989|INFO|Thread-49334|dumpPacket|   key: ACCOUNT_ARRAY is: [Ledu.csus.ecs.pc2.core.model.Account; [Ledu.csus.ecs.pc2.core.model.Account;@23dfc1d8
231209 103948.989|INFO|Thread-49334|info|handlePacket start Packet[LOGIN_SUCCESS] #3539 SERVER0 @ site 1 -> TEAM17 @ site 1
231209 103948.989|INFO|Thread-49334|dumpPacket|Packet LOGIN_SUCCESS (Seq #3539, o#3539 ) handlePacket
231209 103948.989|INFO|Thread-49334|dumpPacket|  From: SERVER0 @ site 1, oSERVER0 @ site 1 (DESKTOP-D75BQTV @ 212.212.212.212) (Contest Id: RealDeal--1957769244132597914)
231209 103948.989|INFO|Thread-49334|dumpPacket|    To: TEAM17 @ site 1
231209 103948.989|INFO|Thread-49334|dumpPacket|   key: PROFILE_LIST is: [Ledu.csus.ecs.pc2.core.model.Profile; [Ledu.csus.ecs.pc2.core.model.Profile;@72e5c139
231209 103948.989|INFO|Thread-49334|dumpPacket|   key: GENERAL_PROBLEM is: edu.csus.ecs.pc2.core.model.Problem General
231209 103948.989|INFO|Thread-49334|dumpPacket|   key: CLIENT_SETTINGS_LIST is: [Ledu.csus.ecs.pc2.core.model.ClientSettings; [Ledu.csus.ecs.pc2.core.model.ClientSettings;@7c222115
231209 103948.989|INFO|Thread-49334|dumpPacket|   key: CONTEST_TIME is: edu.csus.ecs.pc2.core.model.ContestTime edu.csus.ecs.pc2.core.model.ContestTime@781daa49
231209 103948.989|INFO|Thread-49334|dumpPacket|   key: CLARIFICATION_LIST is: [Ledu.csus.ecs.pc2.core.model.Clarification; [Ledu.csus.ecs.pc2.core.model.Clarification;@3d1f2b2e
231209 103948.989|INFO|Thread-49334|dumpPacket|   key: CATEGORY_LIST is: [Ledu.csus.ecs.pc2.core.model.Category; [Ledu.csus.ecs.pc2.core.model.Category;@612fc9bd
231209 103948.989|INFO|Thread-49334|dumpPacket|   key: LANGUAGE_LIST is: [Ledu.csus.ecs.pc2.core.model.Language; [Ledu.csus.ecs.pc2.core.model.Language;@c687604
231209 103948.989|INFO|Thread-49334|dumpPacket|   key: REMOTE_LOGGED_IN_USERS is: [Ledu.csus.ecs.pc2.core.model.ClientId; [Ledu.csus.ecs.pc2.core.model.ClientId;@19b2ca22
231209 103948.989|INFO|Thread-49334|dumpPacket|   key: CONTEST_TIME_LIST is: [Ledu.csus.ecs.pc2.core.model.ContestTime; [Ledu.csus.ecs.pc2.core.model.ContestTime;@5d30d461
231209 103948.989|INFO|Thread-49334|dumpPacket|   key: CONNECTION_HANDLE_ID_LIST is: [Ledu.csus.ecs.pc2.core.transport.ConnectionHandlerID; [Ledu.csus.ecs.pc2.core.transport.ConnectionHandlerID;@42cd8c5b
231209 103948.989|INFO|Thread-49334|dumpPacket|   key: PROFILE is: edu.csus.ecs.pc2.core.model.Profile RealDeal--1957769244132597914
231209 103948.989|INFO|Thread-49334|dumpPacket|   key: CLIENT_ID is: edu.csus.ecs.pc2.core.model.ClientId TEAM17 @ site 1
231209 103948.989|INFO|Thread-49334|dumpPacket|   key: SITE_NUMBER is: java.lang.Integer 1
231209 103948.989|INFO|Thread-49334|dumpPacket|   key: CONTEST_INFORMATION is: edu.csus.ecs.pc2.core.model.ContestInformation edu.csus.ecs.pc2.core.model.ContestInformation@dda0a50
231209 103948.989|INFO|Thread-49334|dumpPacket|   key: SITE_LIST is: [Ledu.csus.ecs.pc2.core.model.Site; [Ledu.csus.ecs.pc2.core.model.Site;@2b62213
231209 103948.989|INFO|Thread-49334|dumpPacket|   key: PROBLEM_DATA_FILES is: [Ledu.csus.ecs.pc2.core.model.ProblemDataFiles; [Ledu.csus.ecs.pc2.core.model.ProblemDataFiles;@597e6df8
231209 103948.989|INFO|Thread-49334|dumpPacket|   key: JUDGEMENT_LIST is: [Ledu.csus.ecs.pc2.core.model.Judgement; [Ledu.csus.ecs.pc2.core.model.Judgement;@77ff9dd8
231209 103948.989|INFO|Thread-49334|dumpPacket|   key: PROBLEM_LIST is: [Ledu.csus.ecs.pc2.core.model.Problem; [Ledu.csus.ecs.pc2.core.model.Problem;@2a2a91fd
231209 103948.989|INFO|Thread-49334|dumpPacket|   key: GROUP_LIST is: [Ledu.csus.ecs.pc2.core.model.Group; [Ledu.csus.ecs.pc2.core.model.Group;@193f8811
231209 103948.989|INFO|Thread-49334|dumpPacket|   key: LOCAL_LOGGED_IN_USERS is: [Ledu.csus.ecs.pc2.core.model.ClientId; [Ledu.csus.ecs.pc2.core.model.ClientId;@33842763
231209 103948.989|INFO|Thread-49334|dumpPacket|   key: SERVER_CLOCK_OFFSET is: java.util.GregorianCalendar java.util.GregorianCalendar[time=1702139988978,areFieldsSet=true,areAllFieldsSet=false,lenient=true,zone=sun.util.calendar.ZoneInfo[id="GMT",offset=0,dstSavings=0,useDaylight=false,transitions=0,lastRule=null],firstDayOfWeek=1,minimalDaysInFirstWeek=1,ERA=1,YEAR=2023,MONTH=11,WEEK_OF_YEAR=49,WEEK_OF_MONTH=2,DAY_OF_MONTH=9,DAY_OF_YEAR=343,DAY_OF_WEEK=7,DAY_OF_WEEK_IN_MONTH=2,AM_PM=1,HOUR=4,HOUR_OF_DAY=16,MINUTE=39,SECOND=48,MILLISECOND=978,ZONE_OFFSET=0,DST_OFFSET=0]
231209 103948.989|INFO|Thread-49334|dumpPacket|   key: CONTEST_IDENTIFIER is: java.lang.String RealDeal--1957769244132597914
231209 103948.989|INFO|Thread-49334|dumpPacket|   key: BALLOON_SETTINGS_LIST is: [Ledu.csus.ecs.pc2.core.model.BalloonSettings; [Ledu.csus.ecs.pc2.core.model.BalloonSettings;@381e6d96
231209 103948.989|INFO|Thread-49334|dumpPacket|   key: RUN_LIST is: [Ledu.csus.ecs.pc2.core.model.Run; [Ledu.csus.ecs.pc2.core.model.Run;@46c5a611
231209 103948.989|INFO|Thread-49334|dumpPacket|   key: ACCOUNT_ARRAY is: [Ledu.csus.ecs.pc2.core.model.Account; [Ledu.csus.ecs.pc2.core.model.Account;@23dfc1d8
231209 104340.781|INFO|Thread-49332|receive|public void receive(SealedObject TransportPacket, ConnectionHandlerID connectionHandlerID)
231209 104900.059|INFO|Thread-49332|receive|public void receive(SealedObject TransportPacket, ConnectionHandlerID connectionHandlerID)
231209 104938.131|INFO|Thread-49332|receive|public void receive(SealedObject TransportPacket, ConnectionHandlerID connectionHandlerID)
231209 105758.481|INFO|Thread-49332|receive|public void receive(SealedObject TransportPacket, ConnectionHandlerID connectionHandlerID)
231209 105915.020|INFO|Thread-64889|run|send(Serializable)
231209 105915.077|INFO|Thread-49332|receive|public void receive(SealedObject TransportPacket, ConnectionHandlerID connectionHandlerID)
231209 105927.756|INFO|Thread-49332|receive|public void receive(SealedObject TransportPacket, ConnectionHandlerID connectionHandlerID)
231209 110012.924|INFO|Thread-49332|receive|public void receive(SealedObject TransportPacket, ConnectionHandlerID connectionHandlerID)
231209 110139.145|INFO|Thread-49332|receive|public void receive(SealedObject TransportPacket, ConnectionHandlerID connectionHandlerID)
231209 110446.732|INFO|Thread-49332|receive|public void receive(SealedObject TransportPacket, ConnectionHandlerID connectionHandlerID)
231209 110645.416|INFO|Thread-49332|receive|public void receive(SealedObject TransportPacket, ConnectionHandlerID connectionHandlerID)
231209 110851.352|INFO|Thread-65480|run|send(Serializable)
231209 110851.425|INFO|Thread-49332|receive|public void receive(SealedObject TransportPacket, ConnectionHandlerID connectionHandlerID)
231209 110857.440|INFO|Thread-49332|receive|public void receive(SealedObject TransportPacket, ConnectionHandlerID connectionHandlerID)
231209 111315.663|INFO|Thread-49332|receive|public void receive(SealedObject TransportPacket, ConnectionHandlerID connectionHandlerID)
231209 111459.797|INFO|Thread-49332|receive|public void receive(SealedObject TransportPacket, ConnectionHandlerID connectionHandlerID)
231209 113958.209|INFO|Thread-66286|run|send(Serializable)
231209 113958.355|INFO|Thread-49332|receive|public void receive(SealedObject TransportPacket, ConnectionHandlerID connectionHandlerID)
231209 114013.474|INFO|Thread-49332|receive|public void receive(SealedObject TransportPacket, ConnectionHandlerID connectionHandlerID)
231209 114828.999|INFO|Thread-66472|run|send(Serializable)
231209 114829.134|INFO|Thread-49332|receive|public void receive(SealedObject TransportPacket, ConnectionHandlerID connectionHandlerID)
231209 114842.517|INFO|Thread-49332|receive|public void receive(SealedObject TransportPacket, ConnectionHandlerID connectionHandlerID)
231209 115431.490|INFO|Thread-49332|receive|public void receive(SealedObject TransportPacket, ConnectionHandlerID connectionHandlerID)
231209 120550.291|INFO|Thread-67031|run|send(Serializable)
231209 120550.518|INFO|Thread-49332|receive|public void receive(SealedObject TransportPacket, ConnectionHandlerID connectionHandlerID)
231209 120605.738|INFO|Thread-49332|receive|public void receive(SealedObject TransportPacket, ConnectionHandlerID connectionHandlerID)
231209 120804.227|INFO|Thread-67064|run|send(Serializable)
231209 120804.450|INFO|Thread-49332|receive|public void receive(SealedObject TransportPacket, ConnectionHandlerID connectionHandlerID)
231209 120834.135|INFO|Thread-49332|receive|public void receive(SealedObject TransportPacket, ConnectionHandlerID connectionHandlerID)
231209 120936.141|INFO|Thread-67113|run|send(Serializable)
231209 120936.375|INFO|Thread-49332|receive|public void receive(SealedObject TransportPacket, ConnectionHandlerID connectionHandlerID)
231209 120943.069|INFO|Thread-49332|receive|public void receive(SealedObject TransportPacket, ConnectionHandlerID connectionHandlerID)
231209 121013.767|INFO|Thread-67135|run|send(Serializable)
231209 121014.004|INFO|Thread-49332|receive|public void receive(SealedObject TransportPacket, ConnectionHandlerID connectionHandlerID)
231209 121022.570|INFO|Thread-49332|receive|public void receive(SealedObject TransportPacket, ConnectionHandlerID connectionHandlerID)
231209 125144.079|INFO|Thread-49332|connectionDropped|connectionDropped(ConnectionHandlerID myConnectionID) 
