230921 151657.665|CONFIG|qtp18242360-27|setFileHandlers|Now logging to C:\Users\18328\Desktop\pc2\WebTeamInterface-1.1\logs directory.
230921 151657.665|INFO|qtp18242360-27|info|
230921 151657.666|INFO|qtp18242360-27|info|Version 9 () Java ver 18.0.2.1 build  Windows 11 10.0 (amd64) 
230921 151657.667|INFO|qtp18242360-27|info|Login: team9 (aka team9)
230921 151657.667|INFO|qtp18242360-27|startLog|Working directory is C:\Users\18328\Desktop\pc2\WebTeamInterface-1.1
230921 151657.667|INFO|qtp18242360-27|startLog|Process id is 1544@DESKTOP-D75BQTV
230921 151657.667|INFO|Thread-191|receiveUnencrypted|receiveUnencrypted Made a secret key for Socket[addr=localhost/127.0.0.1,port=50002,localport=56674]--8123958817436310093 key is com.sun.crypto.provider.DESKey@1876b
230921 151657.667|INFO|Thread-191|getPublicKeyPacket|Generating Unencrypted Public Key Packet
230921 151657.667|INFO|qtp18242360-27|info|Contacting server at localhost:50002 as TEAM9 @ site 0
230921 151657.667|INFO|Thread-191|getPublicKeyPacket|checking key:= SunJCE Diffie-Hellman Public Key:
y:
    bb9267e4 d6f9cfc1 c3339b15 065fea46 dba7bfa1 547e8851 94d391a4 319f862d
    dec467f0 44a9a7b5 99a72004 60365cb4 6554fb9c 286bacd2 9322670a 9f1f4917
    2eb2b373 a4a25ed1 bcbd1a4b fd587f7e a6bd426e e91d27e1 96e2233c cbc48a6a
    b3425f02 4d260ab1 33aeedca 9008d5c3 9e0df5f6 d0404614 48065a0b 7d286f46
p:
    f488fd58 4e49dbcd 20b49de4 9107366b 336c380d 451d0f7c 88b31c7c 5b2d8ef6
    f3c923c0 43f0a55b 188d8ebb 558cb85d 38d334fd 7c175743 a31d186c de33212c
    b52aff3c e1b12940 18118d7c 84a70a72 d686c403 19c80729 7aca950c d9969fab
    d00a509b 0246d308 3d66a45d 419f9c7c bd894b22 1926baab a25ec355 e92f78c7
g:
    02
l:
    512
230921 151657.667|INFO|Thread-191|getPublicKeyPacket|packet:= edu.csus.ecs.pc2.core.transport.TransportWrapper@1495403f
230921 151657.671|INFO|qtp18242360-27|info|sendLoginRequest start - sending from TEAM9 @ site 0
230921 151657.671|INFO|qtp18242360-27|sendToLocalServer|Sending packet to server Packet[LOGIN_REQUEST] #44 TEAM9 @ site 0 -> SERVER0 @ site 0
230921 151657.671|INFO|qtp18242360-27|sendToLocalServer|Sent    packet to server Packet[LOGIN_REQUEST] #44 TEAM9 @ site 0 -> SERVER0 @ site 0
230921 151657.671|INFO|qtp18242360-27|info|sendLoginRequest end - packet sent.
230921 151657.671|INFO|Thread-192|run|send(Serializable)
230921 151657.684|INFO|Thread-191|receive|public void receive(SealedObject TransportPacket, ConnectionHandlerID connectionHandlerID)
230921 151657.690|INFO|Thread-193|info| receiveObject(S) start got Packet[LOGIN_SUCCESS] #144 SERVER0 @ site 1 -> TEAM9 @ site 1
230921 151657.690|INFO|Thread-193|dumpPacket|Packet LOGIN_SUCCESS (Seq #144, o#144 ) recieveObject
230921 151657.690|INFO|Thread-193|dumpPacket|  From: SERVER0 @ site 1, oSERVER0 @ site 1 (DESKTOP-D75BQTV @ 192.168.1.8) (Contest Id: Test2Novice-8167312297676738178)
230921 151657.690|INFO|Thread-193|dumpPacket|    To: TEAM9 @ site 1
230921 151657.690|INFO|Thread-193|dumpPacket|   key: PROFILE_LIST is: [Ledu.csus.ecs.pc2.core.model.Profile; [Ledu.csus.ecs.pc2.core.model.Profile;@57dcd1f6
230921 151657.690|INFO|Thread-193|dumpPacket|   key: GENERAL_PROBLEM is: edu.csus.ecs.pc2.core.model.Problem General
230921 151657.690|INFO|Thread-193|dumpPacket|   key: CLIENT_SETTINGS_LIST is: [Ledu.csus.ecs.pc2.core.model.ClientSettings; [Ledu.csus.ecs.pc2.core.model.ClientSettings;@591b257d
230921 151657.690|INFO|Thread-193|dumpPacket|   key: CONTEST_TIME is: edu.csus.ecs.pc2.core.model.ContestTime edu.csus.ecs.pc2.core.model.ContestTime@5d24ba86
230921 151657.690|INFO|Thread-193|dumpPacket|   key: CLARIFICATION_LIST is: [Ledu.csus.ecs.pc2.core.model.Clarification; [Ledu.csus.ecs.pc2.core.model.Clarification;@18262f46
230921 151657.690|INFO|Thread-193|dumpPacket|   key: CATEGORY_LIST is: [Ledu.csus.ecs.pc2.core.model.Category; [Ledu.csus.ecs.pc2.core.model.Category;@29c40ed5
230921 151657.690|INFO|Thread-193|dumpPacket|   key: LANGUAGE_LIST is: [Ledu.csus.ecs.pc2.core.model.Language; [Ledu.csus.ecs.pc2.core.model.Language;@29f4f65d
230921 151657.690|INFO|Thread-193|dumpPacket|   key: REMOTE_LOGGED_IN_USERS is: [Ledu.csus.ecs.pc2.core.model.ClientId; [Ledu.csus.ecs.pc2.core.model.ClientId;@51fc896f
230921 151657.690|INFO|Thread-193|dumpPacket|   key: CONTEST_TIME_LIST is: [Ledu.csus.ecs.pc2.core.model.ContestTime; [Ledu.csus.ecs.pc2.core.model.ContestTime;@7809d009
230921 151657.690|INFO|Thread-193|dumpPacket|   key: CONNECTION_HANDLE_ID_LIST is: [Ledu.csus.ecs.pc2.core.transport.ConnectionHandlerID; [Ledu.csus.ecs.pc2.core.transport.ConnectionHandlerID;@71b2cb7b
230921 151657.690|INFO|Thread-193|dumpPacket|   key: PROFILE is: edu.csus.ecs.pc2.core.model.Profile Test2Novice-8167312297676738178
230921 151657.690|INFO|Thread-193|dumpPacket|   key: CLIENT_ID is: edu.csus.ecs.pc2.core.model.ClientId TEAM9 @ site 1
230921 151657.690|INFO|Thread-193|dumpPacket|   key: SITE_NUMBER is: java.lang.Integer 1
230921 151657.690|INFO|Thread-193|dumpPacket|   key: CONTEST_INFORMATION is: edu.csus.ecs.pc2.core.model.ContestInformation edu.csus.ecs.pc2.core.model.ContestInformation@7f7a9d0e
230921 151657.690|INFO|Thread-193|dumpPacket|   key: SITE_LIST is: [Ledu.csus.ecs.pc2.core.model.Site; [Ledu.csus.ecs.pc2.core.model.Site;@4af8c47f
230921 151657.690|INFO|Thread-193|dumpPacket|   key: PROBLEM_DATA_FILES is: [Ledu.csus.ecs.pc2.core.model.ProblemDataFiles; [Ledu.csus.ecs.pc2.core.model.ProblemDataFiles;@7c47ccb1
230921 151657.690|INFO|Thread-193|dumpPacket|   key: JUDGEMENT_LIST is: [Ledu.csus.ecs.pc2.core.model.Judgement; [Ledu.csus.ecs.pc2.core.model.Judgement;@1b492951
230921 151657.690|INFO|Thread-193|dumpPacket|   key: PROBLEM_LIST is: [Ledu.csus.ecs.pc2.core.model.Problem; [Ledu.csus.ecs.pc2.core.model.Problem;@30f055db
230921 151657.690|INFO|Thread-193|dumpPacket|   key: GROUP_LIST is: [Ledu.csus.ecs.pc2.core.model.Group; [Ledu.csus.ecs.pc2.core.model.Group;@3c27b486
230921 151657.690|INFO|Thread-193|dumpPacket|   key: LOCAL_LOGGED_IN_USERS is: [Ledu.csus.ecs.pc2.core.model.ClientId; [Ledu.csus.ecs.pc2.core.model.ClientId;@7ec7d5f7
230921 151657.690|INFO|Thread-193|dumpPacket|   key: SERVER_CLOCK_OFFSET is: java.util.GregorianCalendar java.util.GregorianCalendar[time=1695327417682,areFieldsSet=true,areAllFieldsSet=false,lenient=true,zone=sun.util.calendar.ZoneInfo[id="GMT",offset=0,dstSavings=0,useDaylight=false,transitions=0,lastRule=null],firstDayOfWeek=1,minimalDaysInFirstWeek=1,ERA=1,YEAR=2023,MONTH=8,WEEK_OF_YEAR=38,WEEK_OF_MONTH=4,DAY_OF_MONTH=21,DAY_OF_YEAR=264,DAY_OF_WEEK=5,DAY_OF_WEEK_IN_MONTH=3,AM_PM=1,HOUR=8,HOUR_OF_DAY=20,MINUTE=16,SECOND=57,MILLISECOND=682,ZONE_OFFSET=0,DST_OFFSET=0]
230921 151657.690|INFO|Thread-193|dumpPacket|   key: CONTEST_IDENTIFIER is: java.lang.String Test2Novice-8167312297676738178
230921 151657.690|INFO|Thread-193|dumpPacket|   key: BALLOON_SETTINGS_LIST is: [Ledu.csus.ecs.pc2.core.model.BalloonSettings; [Ledu.csus.ecs.pc2.core.model.BalloonSettings;@2c9668df
230921 151657.690|INFO|Thread-193|dumpPacket|   key: RUN_LIST is: [Ledu.csus.ecs.pc2.core.model.Run; [Ledu.csus.ecs.pc2.core.model.Run;@1e7aae1b
230921 151657.690|INFO|Thread-193|dumpPacket|   key: ACCOUNT_ARRAY is: [Ledu.csus.ecs.pc2.core.model.Account; [Ledu.csus.ecs.pc2.core.model.Account;@1ff8aad6
230921 151657.690|INFO|Thread-193|info|handlePacket start Packet[LOGIN_SUCCESS] #144 SERVER0 @ site 1 -> TEAM9 @ site 1
230921 151657.697|INFO|Thread-193|dumpPacket|Packet LOGIN_SUCCESS (Seq #144, o#144 ) handlePacket
230921 151657.697|INFO|Thread-193|dumpPacket|  From: SERVER0 @ site 1, oSERVER0 @ site 1 (DESKTOP-D75BQTV @ 192.168.1.8) (Contest Id: Test2Novice-8167312297676738178)
230921 151657.697|INFO|Thread-193|dumpPacket|    To: TEAM9 @ site 1
230921 151657.697|INFO|Thread-193|dumpPacket|   key: PROFILE_LIST is: [Ledu.csus.ecs.pc2.core.model.Profile; [Ledu.csus.ecs.pc2.core.model.Profile;@57dcd1f6
230921 151657.697|INFO|Thread-193|dumpPacket|   key: GENERAL_PROBLEM is: edu.csus.ecs.pc2.core.model.Problem General
230921 151657.697|INFO|Thread-193|dumpPacket|   key: CLIENT_SETTINGS_LIST is: [Ledu.csus.ecs.pc2.core.model.ClientSettings; [Ledu.csus.ecs.pc2.core.model.ClientSettings;@591b257d
230921 151657.697|INFO|Thread-193|dumpPacket|   key: CONTEST_TIME is: edu.csus.ecs.pc2.core.model.ContestTime edu.csus.ecs.pc2.core.model.ContestTime@5d24ba86
230921 151657.697|INFO|Thread-193|dumpPacket|   key: CLARIFICATION_LIST is: [Ledu.csus.ecs.pc2.core.model.Clarification; [Ledu.csus.ecs.pc2.core.model.Clarification;@18262f46
230921 151657.697|INFO|Thread-193|dumpPacket|   key: CATEGORY_LIST is: [Ledu.csus.ecs.pc2.core.model.Category; [Ledu.csus.ecs.pc2.core.model.Category;@29c40ed5
230921 151657.697|INFO|Thread-193|dumpPacket|   key: LANGUAGE_LIST is: [Ledu.csus.ecs.pc2.core.model.Language; [Ledu.csus.ecs.pc2.core.model.Language;@29f4f65d
230921 151657.697|INFO|Thread-193|dumpPacket|   key: REMOTE_LOGGED_IN_USERS is: [Ledu.csus.ecs.pc2.core.model.ClientId; [Ledu.csus.ecs.pc2.core.model.ClientId;@51fc896f
230921 151657.697|INFO|Thread-193|dumpPacket|   key: CONTEST_TIME_LIST is: [Ledu.csus.ecs.pc2.core.model.ContestTime; [Ledu.csus.ecs.pc2.core.model.ContestTime;@7809d009
230921 151657.697|INFO|Thread-193|dumpPacket|   key: CONNECTION_HANDLE_ID_LIST is: [Ledu.csus.ecs.pc2.core.transport.ConnectionHandlerID; [Ledu.csus.ecs.pc2.core.transport.ConnectionHandlerID;@71b2cb7b
230921 151657.697|INFO|Thread-193|dumpPacket|   key: PROFILE is: edu.csus.ecs.pc2.core.model.Profile Test2Novice-8167312297676738178
230921 151657.697|INFO|Thread-193|dumpPacket|   key: CLIENT_ID is: edu.csus.ecs.pc2.core.model.ClientId TEAM9 @ site 1
230921 151657.697|INFO|Thread-193|dumpPacket|   key: SITE_NUMBER is: java.lang.Integer 1
230921 151657.697|INFO|Thread-193|dumpPacket|   key: CONTEST_INFORMATION is: edu.csus.ecs.pc2.core.model.ContestInformation edu.csus.ecs.pc2.core.model.ContestInformation@7f7a9d0e
230921 151657.697|INFO|Thread-193|dumpPacket|   key: SITE_LIST is: [Ledu.csus.ecs.pc2.core.model.Site; [Ledu.csus.ecs.pc2.core.model.Site;@4af8c47f
230921 151657.697|INFO|Thread-193|dumpPacket|   key: PROBLEM_DATA_FILES is: [Ledu.csus.ecs.pc2.core.model.ProblemDataFiles; [Ledu.csus.ecs.pc2.core.model.ProblemDataFiles;@7c47ccb1
230921 151657.697|INFO|Thread-193|dumpPacket|   key: JUDGEMENT_LIST is: [Ledu.csus.ecs.pc2.core.model.Judgement; [Ledu.csus.ecs.pc2.core.model.Judgement;@1b492951
230921 151657.697|INFO|Thread-193|dumpPacket|   key: PROBLEM_LIST is: [Ledu.csus.ecs.pc2.core.model.Problem; [Ledu.csus.ecs.pc2.core.model.Problem;@30f055db
230921 151657.697|INFO|Thread-193|dumpPacket|   key: GROUP_LIST is: [Ledu.csus.ecs.pc2.core.model.Group; [Ledu.csus.ecs.pc2.core.model.Group;@3c27b486
230921 151657.697|INFO|Thread-193|dumpPacket|   key: LOCAL_LOGGED_IN_USERS is: [Ledu.csus.ecs.pc2.core.model.ClientId; [Ledu.csus.ecs.pc2.core.model.ClientId;@7ec7d5f7
230921 151657.697|INFO|Thread-193|dumpPacket|   key: SERVER_CLOCK_OFFSET is: java.util.GregorianCalendar java.util.GregorianCalendar[time=1695327417682,areFieldsSet=true,areAllFieldsSet=false,lenient=true,zone=sun.util.calendar.ZoneInfo[id="GMT",offset=0,dstSavings=0,useDaylight=false,transitions=0,lastRule=null],firstDayOfWeek=1,minimalDaysInFirstWeek=1,ERA=1,YEAR=2023,MONTH=8,WEEK_OF_YEAR=38,WEEK_OF_MONTH=4,DAY_OF_MONTH=21,DAY_OF_YEAR=264,DAY_OF_WEEK=5,DAY_OF_WEEK_IN_MONTH=3,AM_PM=1,HOUR=8,HOUR_OF_DAY=20,MINUTE=16,SECOND=57,MILLISECOND=682,ZONE_OFFSET=0,DST_OFFSET=0]
230921 151657.697|INFO|Thread-193|dumpPacket|   key: CONTEST_IDENTIFIER is: java.lang.String Test2Novice-8167312297676738178
230921 151657.697|INFO|Thread-193|dumpPacket|   key: BALLOON_SETTINGS_LIST is: [Ledu.csus.ecs.pc2.core.model.BalloonSettings; [Ledu.csus.ecs.pc2.core.model.BalloonSettings;@2c9668df
230921 151657.697|INFO|Thread-193|dumpPacket|   key: RUN_LIST is: [Ledu.csus.ecs.pc2.core.model.Run; [Ledu.csus.ecs.pc2.core.model.Run;@1e7aae1b
230921 151657.697|INFO|Thread-193|dumpPacket|   key: ACCOUNT_ARRAY is: [Ledu.csus.ecs.pc2.core.model.Account; [Ledu.csus.ecs.pc2.core.model.Account;@1ff8aad6
230921 154324.209|INFO|Thread-191|receive|public void receive(SealedObject TransportPacket, ConnectionHandlerID connectionHandlerID)
230921 154759.113|INFO|Thread-191|connectionDropped|connectionDropped(ConnectionHandlerID myConnectionID) 
