231209 101335.227|CONFIG|Thread-45188|setFileHandlers|Now logging to C:\Users\18328\Desktop\pc2\WebTeamInterface-1.1\logs directory.
231209 101335.227|INFO|Thread-45188|info|
231209 101335.227|INFO|Thread-45188|info|Version 9 () Java ver 18.0.2.1 build  Windows 11 10.0 (amd64) 
231209 101335.227|INFO|Thread-45188|info|Login: team38 (aka team38)
231209 101335.227|INFO|Thread-45188|startLog|Working directory is C:\Users\18328\Desktop\pc2\WebTeamInterface-1.1
231209 101335.235|INFO|Thread-45188|startLog|Process id is 15028@DESKTOP-D75BQTV
231209 101335.235|INFO|Thread-45188|info| handlePacket original LOGIN_SUCCESS after -- all settings loaded 
231209 101335.235|INFO|Thread-45188|info|handlePacket end Packet[LOGIN_SUCCESS] #2698 SERVER0 @ site 1 -> TEAM38 @ site 1
231209 101335.235|INFO|Thread-45188|info| receiveObject(S) end   got Packet[LOGIN_SUCCESS] #2698 SERVER0 @ site 1 -> TEAM38 @ site 1
231209 103352.632|INFO|Thread-46366|info| receiveObject(S) start got Packet[CLOCK_STOPPED] #2861 SERVER0 @ site 1 -> SERVER0 @ site 0
231209 103352.632|INFO|Thread-46366|dumpPacket|Packet CLOCK_STOPPED (Seq #2861, o#2861 ) recieveObject
231209 103352.632|INFO|Thread-46366|dumpPacket|  From: SERVER0 @ site 1, oSERVER0 @ site 1 (DESKTOP-D75BQTV @ 212.212.212.212) (Contest Id: DryRun--6069080675419338087)
231209 103352.632|INFO|Thread-46366|dumpPacket|    To: SERVER0 @ site 0
231209 103352.632|INFO|Thread-46366|dumpPacket|   key: SITE_NUMBER is: java.lang.Integer 1
231209 103352.632|INFO|Thread-46366|dumpPacket|   key: CLIENT_ID is: edu.csus.ecs.pc2.core.model.ClientId ADMINISTRATOR1 @ site 1
231209 103352.632|INFO|Thread-46366|info|handlePacket start Packet[CLOCK_STOPPED] #2861 SERVER0 @ site 1 -> SERVER0 @ site 0
231209 103352.632|INFO|Thread-46366|dumpPacket|Packet CLOCK_STOPPED (Seq #2861, o#2861 ) handlePacket
231209 103352.632|INFO|Thread-46366|dumpPacket|  From: SERVER0 @ site 1, oSERVER0 @ site 1 (DESKTOP-D75BQTV @ 212.212.212.212) (Contest Id: DryRun--6069080675419338087)
231209 103352.632|INFO|Thread-46366|dumpPacket|    To: SERVER0 @ site 0
231209 103352.632|INFO|Thread-46366|dumpPacket|   key: SITE_NUMBER is: java.lang.Integer 1
231209 103352.632|INFO|Thread-46366|dumpPacket|   key: CLIENT_ID is: edu.csus.ecs.pc2.core.model.ClientId ADMINISTRATOR1 @ site 1
231209 103352.632|INFO|Thread-46366|info|Clock for site 1 stopped by ADMINISTRATOR1 @ site 1 elapsed 2:52:54
231209 103352.639|INFO|Thread-46366|info| receiveObject(S) end   got Packet[CLOCK_STOPPED] #2861 SERVER0 @ site 1 -> SERVER0 @ site 0
231209 103353.800|INFO|Thread-46727|info| receiveObject(S) start got Packet[CLOCK_STOPPED] #2862 SERVER0 @ site 1 -> SERVER0 @ site 0
231209 103353.800|INFO|Thread-46727|dumpPacket|Packet CLOCK_STOPPED (Seq #2862, o#2862 ) recieveObject
231209 103353.800|INFO|Thread-46727|dumpPacket|  From: SERVER0 @ site 1, oSERVER0 @ site 1 (DESKTOP-D75BQTV @ 212.212.212.212) (Contest Id: DryRun--6069080675419338087)
231209 103353.800|INFO|Thread-46727|dumpPacket|    To: SERVER0 @ site 0
231209 103353.800|INFO|Thread-46727|dumpPacket|   key: SITE_NUMBER is: java.lang.Integer 1
231209 103353.800|INFO|Thread-46727|dumpPacket|   key: CLIENT_ID is: edu.csus.ecs.pc2.core.model.ClientId ADMINISTRATOR1 @ site 1
231209 103353.800|INFO|Thread-46727|info|handlePacket start Packet[CLOCK_STOPPED] #2862 SERVER0 @ site 1 -> SERVER0 @ site 0
231209 103353.800|INFO|Thread-46727|dumpPacket|Packet CLOCK_STOPPED (Seq #2862, o#2862 ) handlePacket
231209 103353.800|INFO|Thread-46727|dumpPacket|  From: SERVER0 @ site 1, oSERVER0 @ site 1 (DESKTOP-D75BQTV @ 212.212.212.212) (Contest Id: DryRun--6069080675419338087)
231209 103353.800|INFO|Thread-46727|dumpPacket|    To: SERVER0 @ site 0
231209 103353.800|INFO|Thread-46727|dumpPacket|   key: SITE_NUMBER is: java.lang.Integer 1
231209 103353.800|INFO|Thread-46727|dumpPacket|   key: CLIENT_ID is: edu.csus.ecs.pc2.core.model.ClientId ADMINISTRATOR1 @ site 1
231209 103353.801|INFO|Thread-46727|info|Clock for site 1 stopped by ADMINISTRATOR1 @ site 1 elapsed 2:52:54
231209 103353.832|INFO|Thread-46727|info| receiveObject(S) end   got Packet[CLOCK_STOPPED] #2862 SERVER0 @ site 1 -> SERVER0 @ site 0
231209 103356.356|INFO|Thread-47089|info| receiveObject(S) start got Packet[CLOCK_STOPPED] #2863 SERVER0 @ site 1 -> SERVER0 @ site 0
231209 103356.356|INFO|Thread-47089|dumpPacket|Packet CLOCK_STOPPED (Seq #2863, o#2863 ) recieveObject
231209 103356.356|INFO|Thread-47089|dumpPacket|  From: SERVER0 @ site 1, oSERVER0 @ site 1 (DESKTOP-D75BQTV @ 212.212.212.212) (Contest Id: DryRun--6069080675419338087)
231209 103356.356|INFO|Thread-47089|dumpPacket|    To: SERVER0 @ site 0
231209 103356.363|INFO|Thread-47089|dumpPacket|   key: SITE_NUMBER is: java.lang.Integer 1
231209 103356.363|INFO|Thread-47089|dumpPacket|   key: CLIENT_ID is: edu.csus.ecs.pc2.core.model.ClientId ADMINISTRATOR1 @ site 1
231209 103356.363|INFO|Thread-47089|info|handlePacket start Packet[CLOCK_STOPPED] #2863 SERVER0 @ site 1 -> SERVER0 @ site 0
231209 103356.363|INFO|Thread-47089|dumpPacket|Packet CLOCK_STOPPED (Seq #2863, o#2863 ) handlePacket
231209 103356.363|INFO|Thread-47089|dumpPacket|  From: SERVER0 @ site 1, oSERVER0 @ site 1 (DESKTOP-D75BQTV @ 212.212.212.212) (Contest Id: DryRun--6069080675419338087)
231209 103356.363|INFO|Thread-47089|dumpPacket|    To: SERVER0 @ site 0
231209 103356.363|INFO|Thread-47089|dumpPacket|   key: SITE_NUMBER is: java.lang.Integer 1
231209 103356.363|INFO|Thread-47089|dumpPacket|   key: CLIENT_ID is: edu.csus.ecs.pc2.core.model.ClientId ADMINISTRATOR1 @ site 1
231209 103356.363|INFO|Thread-47089|info|Clock for site 1 stopped by ADMINISTRATOR1 @ site 1 elapsed 2:52:54
231209 103356.363|INFO|Thread-47089|info| receiveObject(S) end   got Packet[CLOCK_STOPPED] #2863 SERVER0 @ site 1 -> SERVER0 @ site 0
231209 103358.709|INFO|Thread-47425|info| receiveObject(S) start got Packet[CLOCK_STOPPED] #2864 SERVER0 @ site 1 -> SERVER0 @ site 0
231209 103358.709|INFO|Thread-47425|dumpPacket|Packet CLOCK_STOPPED (Seq #2864, o#2864 ) recieveObject
231209 103358.709|INFO|Thread-47425|dumpPacket|  From: SERVER0 @ site 1, oSERVER0 @ site 1 (DESKTOP-D75BQTV @ 212.212.212.212) (Contest Id: DryRun--6069080675419338087)
231209 103358.709|INFO|Thread-47425|dumpPacket|    To: SERVER0 @ site 0
231209 103358.709|INFO|Thread-47425|dumpPacket|   key: SITE_NUMBER is: java.lang.Integer 1
231209 103358.709|INFO|Thread-47425|dumpPacket|   key: CLIENT_ID is: edu.csus.ecs.pc2.core.model.ClientId ADMINISTRATOR1 @ site 1
231209 103358.709|INFO|Thread-47425|info|handlePacket start Packet[CLOCK_STOPPED] #2864 SERVER0 @ site 1 -> SERVER0 @ site 0
231209 103358.709|INFO|Thread-47425|dumpPacket|Packet CLOCK_STOPPED (Seq #2864, o#2864 ) handlePacket
231209 103358.709|INFO|Thread-47425|dumpPacket|  From: SERVER0 @ site 1, oSERVER0 @ site 1 (DESKTOP-D75BQTV @ 212.212.212.212) (Contest Id: DryRun--6069080675419338087)
231209 103358.709|INFO|Thread-47425|dumpPacket|    To: SERVER0 @ site 0
231209 103358.709|INFO|Thread-47425|dumpPacket|   key: SITE_NUMBER is: java.lang.Integer 1
231209 103358.709|INFO|Thread-47425|dumpPacket|   key: CLIENT_ID is: edu.csus.ecs.pc2.core.model.ClientId ADMINISTRATOR1 @ site 1
231209 103358.709|INFO|Thread-47425|info|Clock for site 1 stopped by ADMINISTRATOR1 @ site 1 elapsed 2:52:54
231209 103358.718|INFO|Thread-47425|info| receiveObject(S) end   got Packet[CLOCK_STOPPED] #2864 SERVER0 @ site 1 -> SERVER0 @ site 0
231209 103358.931|INFO|Thread-47816|info| receiveObject(S) start got Packet[CLOCK_STOPPED] #2865 SERVER0 @ site 1 -> SERVER0 @ site 0
231209 103358.931|INFO|Thread-47816|dumpPacket|Packet CLOCK_STOPPED (Seq #2865, o#2865 ) recieveObject
231209 103358.931|INFO|Thread-47816|dumpPacket|  From: SERVER0 @ site 1, oSERVER0 @ site 1 (DESKTOP-D75BQTV @ 212.212.212.212) (Contest Id: DryRun--6069080675419338087)
231209 103358.931|INFO|Thread-47816|dumpPacket|    To: SERVER0 @ site 0
231209 103358.931|INFO|Thread-47816|dumpPacket|   key: SITE_NUMBER is: java.lang.Integer 1
231209 103358.931|INFO|Thread-47816|dumpPacket|   key: CLIENT_ID is: edu.csus.ecs.pc2.core.model.ClientId ADMINISTRATOR1 @ site 1
231209 103358.931|INFO|Thread-47816|info|handlePacket start Packet[CLOCK_STOPPED] #2865 SERVER0 @ site 1 -> SERVER0 @ site 0
231209 103358.931|INFO|Thread-47816|dumpPacket|Packet CLOCK_STOPPED (Seq #2865, o#2865 ) handlePacket
231209 103358.931|INFO|Thread-47816|dumpPacket|  From: SERVER0 @ site 1, oSERVER0 @ site 1 (DESKTOP-D75BQTV @ 212.212.212.212) (Contest Id: DryRun--6069080675419338087)
231209 103358.931|INFO|Thread-47816|dumpPacket|    To: SERVER0 @ site 0
231209 103358.936|INFO|Thread-47816|dumpPacket|   key: SITE_NUMBER is: java.lang.Integer 1
231209 103358.936|INFO|Thread-47816|dumpPacket|   key: CLIENT_ID is: edu.csus.ecs.pc2.core.model.ClientId ADMINISTRATOR1 @ site 1
231209 103358.936|INFO|Thread-47816|info|Clock for site 1 stopped by ADMINISTRATOR1 @ site 1 elapsed 2:52:54
231209 103358.937|INFO|Thread-47816|info| receiveObject(S) end   got Packet[CLOCK_STOPPED] #2865 SERVER0 @ site 1 -> SERVER0 @ site 0
231209 103359.132|INFO|Thread-48228|info| receiveObject(S) start got Packet[CLOCK_STOPPED] #2866 SERVER0 @ site 1 -> SERVER0 @ site 0
231209 103359.132|INFO|Thread-48228|dumpPacket|Packet CLOCK_STOPPED (Seq #2866, o#2866 ) recieveObject
231209 103359.132|INFO|Thread-48228|dumpPacket|  From: SERVER0 @ site 1, oSERVER0 @ site 1 (DESKTOP-D75BQTV @ 212.212.212.212) (Contest Id: DryRun--6069080675419338087)
231209 103359.132|INFO|Thread-48228|dumpPacket|    To: SERVER0 @ site 0
231209 103359.132|INFO|Thread-48228|dumpPacket|   key: SITE_NUMBER is: java.lang.Integer 1
231209 103359.132|INFO|Thread-48228|dumpPacket|   key: CLIENT_ID is: edu.csus.ecs.pc2.core.model.ClientId ADMINISTRATOR1 @ site 1
231209 103359.132|INFO|Thread-48228|info|handlePacket start Packet[CLOCK_STOPPED] #2866 SERVER0 @ site 1 -> SERVER0 @ site 0
231209 103359.132|INFO|Thread-48228|dumpPacket|Packet CLOCK_STOPPED (Seq #2866, o#2866 ) handlePacket
231209 103359.132|INFO|Thread-48228|dumpPacket|  From: SERVER0 @ site 1, oSERVER0 @ site 1 (DESKTOP-D75BQTV @ 212.212.212.212) (Contest Id: DryRun--6069080675419338087)
231209 103359.132|INFO|Thread-48228|dumpPacket|    To: SERVER0 @ site 0
231209 103359.132|INFO|Thread-48228|dumpPacket|   key: SITE_NUMBER is: java.lang.Integer 1
231209 103359.132|INFO|Thread-48228|dumpPacket|   key: CLIENT_ID is: edu.csus.ecs.pc2.core.model.ClientId ADMINISTRATOR1 @ site 1
231209 103359.132|INFO|Thread-48228|info|Clock for site 1 stopped by ADMINISTRATOR1 @ site 1 elapsed 2:52:54
231209 103359.157|INFO|Thread-48228|info| receiveObject(S) end   got Packet[CLOCK_STOPPED] #2866 SERVER0 @ site 1 -> SERVER0 @ site 0
231209 103359.265|INFO|Thread-48551|info| receiveObject(S) start got Packet[CLOCK_STOPPED] #2867 SERVER0 @ site 1 -> SERVER0 @ site 0
231209 103359.265|INFO|Thread-48551|dumpPacket|Packet CLOCK_STOPPED (Seq #2867, o#2867 ) recieveObject
231209 103359.265|INFO|Thread-48551|dumpPacket|  From: SERVER0 @ site 1, oSERVER0 @ site 1 (DESKTOP-D75BQTV @ 212.212.212.212) (Contest Id: DryRun--6069080675419338087)
231209 103359.265|INFO|Thread-48551|dumpPacket|    To: SERVER0 @ site 0
231209 103359.265|INFO|Thread-48551|dumpPacket|   key: SITE_NUMBER is: java.lang.Integer 1
231209 103359.265|INFO|Thread-48551|dumpPacket|   key: CLIENT_ID is: edu.csus.ecs.pc2.core.model.ClientId ADMINISTRATOR1 @ site 1
231209 103359.265|INFO|Thread-48551|info|handlePacket start Packet[CLOCK_STOPPED] #2867 SERVER0 @ site 1 -> SERVER0 @ site 0
231209 103359.265|INFO|Thread-48551|dumpPacket|Packet CLOCK_STOPPED (Seq #2867, o#2867 ) handlePacket
231209 103359.265|INFO|Thread-48551|dumpPacket|  From: SERVER0 @ site 1, oSERVER0 @ site 1 (DESKTOP-D75BQTV @ 212.212.212.212) (Contest Id: DryRun--6069080675419338087)
231209 103359.265|INFO|Thread-48551|dumpPacket|    To: SERVER0 @ site 0
231209 103359.265|INFO|Thread-48551|dumpPacket|   key: SITE_NUMBER is: java.lang.Integer 1
231209 103359.265|INFO|Thread-48551|dumpPacket|   key: CLIENT_ID is: edu.csus.ecs.pc2.core.model.ClientId ADMINISTRATOR1 @ site 1
231209 103359.265|INFO|Thread-48551|info|Clock for site 1 stopped by ADMINISTRATOR1 @ site 1 elapsed 2:52:54
231209 103359.265|INFO|Thread-48551|info| receiveObject(S) end   got Packet[CLOCK_STOPPED] #2867 SERVER0 @ site 1 -> SERVER0 @ site 0
231209 103412.625|INFO|Thread-48922|info| receiveObject(S) start got Packet[UPDATE_CLIENT_PROFILE] #2935 SERVER0 @ site 1 -> TEAM38 @ site 1
231209 103412.625|INFO|Thread-48922|dumpPacket|Packet UPDATE_CLIENT_PROFILE (Seq #2935, o#2935 ) recieveObject
231209 103412.625|INFO|Thread-48922|dumpPacket|  From: SERVER0 @ site 1, oSERVER0 @ site 1 (DESKTOP-D75BQTV @ 212.212.212.212) (Contest Id: BackupWoods-7963625928462800615)
231209 103412.625|INFO|Thread-48922|dumpPacket|    To: TEAM38 @ site 1
231209 103412.625|INFO|Thread-48922|dumpPacket|   key: PROFILE_LIST is: [Ledu.csus.ecs.pc2.core.model.Profile; [Ledu.csus.ecs.pc2.core.model.Profile;@3f436b1c
231209 103412.625|INFO|Thread-48922|dumpPacket|   key: GENERAL_PROBLEM is: edu.csus.ecs.pc2.core.model.Problem General
231209 103412.625|INFO|Thread-48922|dumpPacket|   key: CONTEST_TIME is: edu.csus.ecs.pc2.core.model.ContestTime edu.csus.ecs.pc2.core.model.ContestTime@31848284
231209 103412.625|INFO|Thread-48922|dumpPacket|   key: CLIENT_SETTINGS_LIST is: [Ledu.csus.ecs.pc2.core.model.ClientSettings; [Ledu.csus.ecs.pc2.core.model.ClientSettings;@35bb006c
231209 103412.625|INFO|Thread-48922|dumpPacket|   key: CLARIFICATION_LIST is: [Ledu.csus.ecs.pc2.core.model.Clarification; [Ledu.csus.ecs.pc2.core.model.Clarification;@70b988bf
231209 103412.625|INFO|Thread-48922|dumpPacket|   key: CATEGORY_LIST is: [Ledu.csus.ecs.pc2.core.model.Category; [Ledu.csus.ecs.pc2.core.model.Category;@5406163f
231209 103412.625|INFO|Thread-48922|dumpPacket|   key: LANGUAGE_LIST is: [Ledu.csus.ecs.pc2.core.model.Language; [Ledu.csus.ecs.pc2.core.model.Language;@41833e99
231209 103412.625|INFO|Thread-48922|dumpPacket|   key: REMOTE_LOGGED_IN_USERS is: [Ledu.csus.ecs.pc2.core.model.ClientId; [Ledu.csus.ecs.pc2.core.model.ClientId;@2cd6fea5
231209 103412.625|INFO|Thread-48922|dumpPacket|   key: CONTEST_TIME_LIST is: [Ledu.csus.ecs.pc2.core.model.ContestTime; [Ledu.csus.ecs.pc2.core.model.ContestTime;@109677f0
231209 103412.625|INFO|Thread-48922|dumpPacket|   key: CONNECTION_HANDLE_ID_LIST is: [Ledu.csus.ecs.pc2.core.transport.ConnectionHandlerID; [Ledu.csus.ecs.pc2.core.transport.ConnectionHandlerID;@74c53c33
231209 103412.625|INFO|Thread-48922|dumpPacket|   key: PROFILE is: edu.csus.ecs.pc2.core.model.Profile BackupWoods-7963625928462800615
231209 103412.625|INFO|Thread-48922|dumpPacket|   key: CLIENT_ID is: edu.csus.ecs.pc2.core.model.ClientId TEAM38 @ site 1
231209 103412.625|INFO|Thread-48922|dumpPacket|   key: SITE_NUMBER is: java.lang.Integer 1
231209 103412.625|INFO|Thread-48922|dumpPacket|   key: CONTEST_INFORMATION is: edu.csus.ecs.pc2.core.model.ContestInformation edu.csus.ecs.pc2.core.model.ContestInformation@2c6ab3c4
231209 103412.625|INFO|Thread-48922|dumpPacket|   key: SITE_LIST is: [Ledu.csus.ecs.pc2.core.model.Site; [Ledu.csus.ecs.pc2.core.model.Site;@37d2533a
231209 103412.625|INFO|Thread-48922|dumpPacket|   key: PROBLEM_DATA_FILES is: [Ledu.csus.ecs.pc2.core.model.ProblemDataFiles; [Ledu.csus.ecs.pc2.core.model.ProblemDataFiles;@14d88bc7
231209 103412.625|INFO|Thread-48922|dumpPacket|   key: JUDGEMENT_LIST is: [Ledu.csus.ecs.pc2.core.model.Judgement; [Ledu.csus.ecs.pc2.core.model.Judgement;@49a109cb
231209 103412.625|INFO|Thread-48922|dumpPacket|   key: PROBLEM_LIST is: [Ledu.csus.ecs.pc2.core.model.Problem; [Ledu.csus.ecs.pc2.core.model.Problem;@30ac67a8
231209 103412.625|INFO|Thread-48922|dumpPacket|   key: GROUP_LIST is: [Ledu.csus.ecs.pc2.core.model.Group; [Ledu.csus.ecs.pc2.core.model.Group;@1542b904
231209 103412.625|INFO|Thread-48922|dumpPacket|   key: LOCAL_LOGGED_IN_USERS is: [Ledu.csus.ecs.pc2.core.model.ClientId; [Ledu.csus.ecs.pc2.core.model.ClientId;@45148ed8
231209 103412.625|INFO|Thread-48922|dumpPacket|   key: SERVER_CLOCK_OFFSET is: java.util.GregorianCalendar java.util.GregorianCalendar[time=1702139652243,areFieldsSet=true,areAllFieldsSet=false,lenient=true,zone=sun.util.calendar.ZoneInfo[id="GMT",offset=0,dstSavings=0,useDaylight=false,transitions=0,lastRule=null],firstDayOfWeek=1,minimalDaysInFirstWeek=1,ERA=1,YEAR=2023,MONTH=11,WEEK_OF_YEAR=49,WEEK_OF_MONTH=2,DAY_OF_MONTH=9,DAY_OF_YEAR=343,DAY_OF_WEEK=7,DAY_OF_WEEK_IN_MONTH=2,AM_PM=1,HOUR=4,HOUR_OF_DAY=16,MINUTE=34,SECOND=12,MILLISECOND=243,ZONE_OFFSET=0,DST_OFFSET=0]
231209 103412.625|INFO|Thread-48922|dumpPacket|   key: NEW_PROFILE is: edu.csus.ecs.pc2.core.model.Profile BackupWoods-7963625928462800615
231209 103412.625|INFO|Thread-48922|dumpPacket|   key: CONTEST_IDENTIFIER is: java.lang.String BackupWoods-7963625928462800615
231209 103412.625|INFO|Thread-48922|dumpPacket|   key: BALLOON_SETTINGS_LIST is: [Ledu.csus.ecs.pc2.core.model.BalloonSettings; [Ledu.csus.ecs.pc2.core.model.BalloonSettings;@4ba28e0
231209 103412.625|INFO|Thread-48922|dumpPacket|   key: RUN_LIST is: [Ledu.csus.ecs.pc2.core.model.Run; [Ledu.csus.ecs.pc2.core.model.Run;@57f88ef8
231209 103412.625|INFO|Thread-48922|dumpPacket|   key: ACCOUNT_ARRAY is: [Ledu.csus.ecs.pc2.core.model.Account; [Ledu.csus.ecs.pc2.core.model.Account;@5772979a
231209 103412.625|INFO|Thread-48922|info|handlePacket start Packet[UPDATE_CLIENT_PROFILE] #2935 SERVER0 @ site 1 -> TEAM38 @ site 1
231209 103412.625|INFO|Thread-48922|dumpPacket|Packet UPDATE_CLIENT_PROFILE (Seq #2935, o#2935 ) handlePacket
231209 103412.625|INFO|Thread-48922|dumpPacket|  From: SERVER0 @ site 1, oSERVER0 @ site 1 (DESKTOP-D75BQTV @ 212.212.212.212) (Contest Id: BackupWoods-7963625928462800615)
231209 103412.625|INFO|Thread-48922|dumpPacket|    To: TEAM38 @ site 1
231209 103412.625|INFO|Thread-48922|dumpPacket|   key: PROFILE_LIST is: [Ledu.csus.ecs.pc2.core.model.Profile; [Ledu.csus.ecs.pc2.core.model.Profile;@3f436b1c
231209 103412.625|INFO|Thread-48922|dumpPacket|   key: GENERAL_PROBLEM is: edu.csus.ecs.pc2.core.model.Problem General
231209 103412.625|INFO|Thread-48922|dumpPacket|   key: CONTEST_TIME is: edu.csus.ecs.pc2.core.model.ContestTime edu.csus.ecs.pc2.core.model.ContestTime@31848284
231209 103412.625|INFO|Thread-48922|dumpPacket|   key: CLIENT_SETTINGS_LIST is: [Ledu.csus.ecs.pc2.core.model.ClientSettings; [Ledu.csus.ecs.pc2.core.model.ClientSettings;@35bb006c
231209 103412.625|INFO|Thread-48922|dumpPacket|   key: CLARIFICATION_LIST is: [Ledu.csus.ecs.pc2.core.model.Clarification; [Ledu.csus.ecs.pc2.core.model.Clarification;@70b988bf
231209 103412.625|INFO|Thread-48922|dumpPacket|   key: CATEGORY_LIST is: [Ledu.csus.ecs.pc2.core.model.Category; [Ledu.csus.ecs.pc2.core.model.Category;@5406163f
231209 103412.625|INFO|Thread-48922|dumpPacket|   key: LANGUAGE_LIST is: [Ledu.csus.ecs.pc2.core.model.Language; [Ledu.csus.ecs.pc2.core.model.Language;@41833e99
231209 103412.625|INFO|Thread-48922|dumpPacket|   key: REMOTE_LOGGED_IN_USERS is: [Ledu.csus.ecs.pc2.core.model.ClientId; [Ledu.csus.ecs.pc2.core.model.ClientId;@2cd6fea5
231209 103412.625|INFO|Thread-48922|dumpPacket|   key: CONTEST_TIME_LIST is: [Ledu.csus.ecs.pc2.core.model.ContestTime; [Ledu.csus.ecs.pc2.core.model.ContestTime;@109677f0
231209 103412.625|INFO|Thread-48922|dumpPacket|   key: CONNECTION_HANDLE_ID_LIST is: [Ledu.csus.ecs.pc2.core.transport.ConnectionHandlerID; [Ledu.csus.ecs.pc2.core.transport.ConnectionHandlerID;@74c53c33
231209 103412.625|INFO|Thread-48922|dumpPacket|   key: PROFILE is: edu.csus.ecs.pc2.core.model.Profile BackupWoods-7963625928462800615
231209 103412.625|INFO|Thread-48922|dumpPacket|   key: CLIENT_ID is: edu.csus.ecs.pc2.core.model.ClientId TEAM38 @ site 1
231209 103412.625|INFO|Thread-48922|dumpPacket|   key: SITE_NUMBER is: java.lang.Integer 1
231209 103412.625|INFO|Thread-48922|dumpPacket|   key: CONTEST_INFORMATION is: edu.csus.ecs.pc2.core.model.ContestInformation edu.csus.ecs.pc2.core.model.ContestInformation@2c6ab3c4
231209 103412.625|INFO|Thread-48922|dumpPacket|   key: SITE_LIST is: [Ledu.csus.ecs.pc2.core.model.Site; [Ledu.csus.ecs.pc2.core.model.Site;@37d2533a
231209 103412.625|INFO|Thread-48922|dumpPacket|   key: PROBLEM_DATA_FILES is: [Ledu.csus.ecs.pc2.core.model.ProblemDataFiles; [Ledu.csus.ecs.pc2.core.model.ProblemDataFiles;@14d88bc7
231209 103412.625|INFO|Thread-48922|dumpPacket|   key: JUDGEMENT_LIST is: [Ledu.csus.ecs.pc2.core.model.Judgement; [Ledu.csus.ecs.pc2.core.model.Judgement;@49a109cb
231209 103412.625|INFO|Thread-48922|dumpPacket|   key: PROBLEM_LIST is: [Ledu.csus.ecs.pc2.core.model.Problem; [Ledu.csus.ecs.pc2.core.model.Problem;@30ac67a8
231209 103412.625|INFO|Thread-48922|dumpPacket|   key: GROUP_LIST is: [Ledu.csus.ecs.pc2.core.model.Group; [Ledu.csus.ecs.pc2.core.model.Group;@1542b904
231209 103412.625|INFO|Thread-48922|dumpPacket|   key: LOCAL_LOGGED_IN_USERS is: [Ledu.csus.ecs.pc2.core.model.ClientId; [Ledu.csus.ecs.pc2.core.model.ClientId;@45148ed8
231209 103412.625|INFO|Thread-48922|dumpPacket|   key: SERVER_CLOCK_OFFSET is: java.util.GregorianCalendar java.util.GregorianCalendar[time=1702139652243,areFieldsSet=true,areAllFieldsSet=false,lenient=true,zone=sun.util.calendar.ZoneInfo[id="GMT",offset=0,dstSavings=0,useDaylight=false,transitions=0,lastRule=null],firstDayOfWeek=1,minimalDaysInFirstWeek=1,ERA=1,YEAR=2023,MONTH=11,WEEK_OF_YEAR=49,WEEK_OF_MONTH=2,DAY_OF_MONTH=9,DAY_OF_YEAR=343,DAY_OF_WEEK=7,DAY_OF_WEEK_IN_MONTH=2,AM_PM=1,HOUR=4,HOUR_OF_DAY=16,MINUTE=34,SECOND=12,MILLISECOND=243,ZONE_OFFSET=0,DST_OFFSET=0]
231209 103412.625|INFO|Thread-48922|dumpPacket|   key: NEW_PROFILE is: edu.csus.ecs.pc2.core.model.Profile BackupWoods-7963625928462800615
231209 103412.625|INFO|Thread-48922|dumpPacket|   key: CONTEST_IDENTIFIER is: java.lang.String BackupWoods-7963625928462800615
231209 103412.625|INFO|Thread-48922|dumpPacket|   key: BALLOON_SETTINGS_LIST is: [Ledu.csus.ecs.pc2.core.model.BalloonSettings; [Ledu.csus.ecs.pc2.core.model.BalloonSettings;@4ba28e0
231209 103412.625|INFO|Thread-48922|dumpPacket|   key: RUN_LIST is: [Ledu.csus.ecs.pc2.core.model.Run; [Ledu.csus.ecs.pc2.core.model.Run;@57f88ef8
231209 103412.625|INFO|Thread-48922|dumpPacket|   key: ACCOUNT_ARRAY is: [Ledu.csus.ecs.pc2.core.model.Account; [Ledu.csus.ecs.pc2.core.model.Account;@5772979a
231209 103412.625|INFO|Thread-48922|reRegisterPlugins|plugin.setContestAndController for API Contest class
231209 103412.625|INFO|Thread-48922|info|handleUpdateClientProfile fireAllRefreshEvents start
231209 103412.657|SEVERE|Thread-48922|error|java.lang.NullPointerException: Cannot invoke "edu.csus.ecs.pc2.core.model.Run.isDeleted()" because "this.run" is null
|java.lang.NullPointerException: Cannot invoke "edu.csus.ecs.pc2.core.model.Run.isDeleted()" because "this.run" is null
|    at edu.csus.ecs.pc2.api.implementation.RunImplementation.<init> (RunImplementation.java:118)
|    at edu.csus.ecs.pc2.api.implementation.RunListenerList.fireRunListener (RunListenerList.java:33)
|    at edu.csus.ecs.pc2.api.implementation.RunListenerList.access$000 (RunListenerList.java:22)
|    at edu.csus.ecs.pc2.api.implementation.RunListenerList$Listener.refreshRuns (RunListenerList.java:150)
|    at edu.csus.ecs.pc2.core.model.InternalContest.fireRunListener (InternalContest.java:434)
|    at edu.csus.ecs.pc2.core.model.InternalContest.fireAllRefreshEvents (InternalContest.java:2880)
|    at edu.csus.ecs.pc2.core.PacketHandler.handleUpdateClientProfile (PacketHandler.java:996)
|    at edu.csus.ecs.pc2.core.PacketHandler.handleOtherPacketTypes (PacketHandler.java:413)
|    at edu.csus.ecs.pc2.core.PacketHandler.handlePacket (PacketHandler.java:267)
|    at edu.csus.ecs.pc2.core.InternalController.receiveObject (InternalController.java:2441)
|    at edu.csus.ecs.pc2.core.transport.TransportManager$2.run (TransportManager.java:343)
|    at java.lang.Thread.run (Thread.java:833)
231209 103412.657|INFO|Thread-48922|info| receiveObject(S) end   got Packet[UPDATE_CLIENT_PROFILE] #2935 SERVER0 @ site 1 -> TEAM38 @ site 1
231209 103439.579|INFO|Thread-49019|info| receiveObject(S) start got Packet[UPDATE_CLIENT_PROFILE] #3047 SERVER0 @ site 1 -> TEAM38 @ site 1
231209 103439.579|INFO|Thread-49019|dumpPacket|Packet UPDATE_CLIENT_PROFILE (Seq #3047, o#3047 ) recieveObject
231209 103439.579|INFO|Thread-49019|dumpPacket|  From: SERVER0 @ site 1, oSERVER0 @ site 1 (DESKTOP-D75BQTV @ 212.212.212.212) (Contest Id: RealDeal--1957769244132597914)
231209 103439.579|INFO|Thread-49019|dumpPacket|    To: TEAM38 @ site 1
231209 103439.584|INFO|Thread-49019|dumpPacket|   key: PROFILE_LIST is: [Ledu.csus.ecs.pc2.core.model.Profile; [Ledu.csus.ecs.pc2.core.model.Profile;@1aeb18dd
231209 103439.584|INFO|Thread-49019|dumpPacket|   key: GENERAL_PROBLEM is: edu.csus.ecs.pc2.core.model.Problem General
231209 103439.584|INFO|Thread-49019|dumpPacket|   key: CONTEST_TIME is: edu.csus.ecs.pc2.core.model.ContestTime edu.csus.ecs.pc2.core.model.ContestTime@142ce5f0
231209 103439.584|INFO|Thread-49019|dumpPacket|   key: CLIENT_SETTINGS_LIST is: [Ledu.csus.ecs.pc2.core.model.ClientSettings; [Ledu.csus.ecs.pc2.core.model.ClientSettings;@101373ad
231209 103439.584|INFO|Thread-49019|dumpPacket|   key: CLARIFICATION_LIST is: [Ledu.csus.ecs.pc2.core.model.Clarification; [Ledu.csus.ecs.pc2.core.model.Clarification;@5511efcb
231209 103439.584|INFO|Thread-49019|dumpPacket|   key: CATEGORY_LIST is: [Ledu.csus.ecs.pc2.core.model.Category; [Ledu.csus.ecs.pc2.core.model.Category;@177e2844
231209 103439.584|INFO|Thread-49019|dumpPacket|   key: LANGUAGE_LIST is: [Ledu.csus.ecs.pc2.core.model.Language; [Ledu.csus.ecs.pc2.core.model.Language;@648e5c3e
231209 103439.584|INFO|Thread-49019|dumpPacket|   key: REMOTE_LOGGED_IN_USERS is: [Ledu.csus.ecs.pc2.core.model.ClientId; [Ledu.csus.ecs.pc2.core.model.ClientId;@6f0bc519
231209 103439.584|INFO|Thread-49019|dumpPacket|   key: CONTEST_TIME_LIST is: [Ledu.csus.ecs.pc2.core.model.ContestTime; [Ledu.csus.ecs.pc2.core.model.ContestTime;@353e1084
231209 103439.584|INFO|Thread-49019|dumpPacket|   key: CONNECTION_HANDLE_ID_LIST is: [Ledu.csus.ecs.pc2.core.transport.ConnectionHandlerID; [Ledu.csus.ecs.pc2.core.transport.ConnectionHandlerID;@5364226f
231209 103439.584|INFO|Thread-49019|dumpPacket|   key: PROFILE is: edu.csus.ecs.pc2.core.model.Profile RealDeal--1957769244132597914
231209 103439.584|INFO|Thread-49019|dumpPacket|   key: CLIENT_ID is: edu.csus.ecs.pc2.core.model.ClientId TEAM38 @ site 1
231209 103439.584|INFO|Thread-49019|dumpPacket|   key: SITE_NUMBER is: java.lang.Integer 1
231209 103439.584|INFO|Thread-49019|dumpPacket|   key: CONTEST_INFORMATION is: edu.csus.ecs.pc2.core.model.ContestInformation edu.csus.ecs.pc2.core.model.ContestInformation@451deb91
231209 103439.584|INFO|Thread-49019|dumpPacket|   key: SITE_LIST is: [Ledu.csus.ecs.pc2.core.model.Site; [Ledu.csus.ecs.pc2.core.model.Site;@740fcd26
231209 103439.584|INFO|Thread-49019|dumpPacket|   key: PROBLEM_DATA_FILES is: [Ledu.csus.ecs.pc2.core.model.ProblemDataFiles; [Ledu.csus.ecs.pc2.core.model.ProblemDataFiles;@31704913
231209 103439.584|INFO|Thread-49019|dumpPacket|   key: JUDGEMENT_LIST is: [Ledu.csus.ecs.pc2.core.model.Judgement; [Ledu.csus.ecs.pc2.core.model.Judgement;@43757208
231209 103439.584|INFO|Thread-49019|dumpPacket|   key: PROBLEM_LIST is: [Ledu.csus.ecs.pc2.core.model.Problem; [Ledu.csus.ecs.pc2.core.model.Problem;@699e4894
231209 103439.584|INFO|Thread-49019|dumpPacket|   key: GROUP_LIST is: [Ledu.csus.ecs.pc2.core.model.Group; [Ledu.csus.ecs.pc2.core.model.Group;@63f2de7c
231209 103439.584|INFO|Thread-49019|dumpPacket|   key: LOCAL_LOGGED_IN_USERS is: [Ledu.csus.ecs.pc2.core.model.ClientId; [Ledu.csus.ecs.pc2.core.model.ClientId;@50f93bc0
231209 103439.584|INFO|Thread-49019|dumpPacket|   key: SERVER_CLOCK_OFFSET is: java.util.GregorianCalendar java.util.GregorianCalendar[time=1702139679212,areFieldsSet=true,areAllFieldsSet=false,lenient=true,zone=sun.util.calendar.ZoneInfo[id="GMT",offset=0,dstSavings=0,useDaylight=false,transitions=0,lastRule=null],firstDayOfWeek=1,minimalDaysInFirstWeek=1,ERA=1,YEAR=2023,MONTH=11,WEEK_OF_YEAR=49,WEEK_OF_MONTH=2,DAY_OF_MONTH=9,DAY_OF_YEAR=343,DAY_OF_WEEK=7,DAY_OF_WEEK_IN_MONTH=2,AM_PM=1,HOUR=4,HOUR_OF_DAY=16,MINUTE=34,SECOND=39,MILLISECOND=212,ZONE_OFFSET=0,DST_OFFSET=0]
231209 103439.584|INFO|Thread-49019|dumpPacket|   key: NEW_PROFILE is: edu.csus.ecs.pc2.core.model.Profile RealDeal--1957769244132597914
231209 103439.584|INFO|Thread-49019|dumpPacket|   key: CONTEST_IDENTIFIER is: java.lang.String RealDeal--1957769244132597914
231209 103439.584|INFO|Thread-49019|dumpPacket|   key: BALLOON_SETTINGS_LIST is: [Ledu.csus.ecs.pc2.core.model.BalloonSettings; [Ledu.csus.ecs.pc2.core.model.BalloonSettings;@3874e6e5
231209 103439.584|INFO|Thread-49019|dumpPacket|   key: RUN_LIST is: [Ledu.csus.ecs.pc2.core.model.Run; [Ledu.csus.ecs.pc2.core.model.Run;@2335d397
231209 103439.584|INFO|Thread-49019|dumpPacket|   key: ACCOUNT_ARRAY is: [Ledu.csus.ecs.pc2.core.model.Account; [Ledu.csus.ecs.pc2.core.model.Account;@56c1f8b3
231209 103439.584|INFO|Thread-49019|info|handlePacket start Packet[UPDATE_CLIENT_PROFILE] #3047 SERVER0 @ site 1 -> TEAM38 @ site 1
231209 103439.584|INFO|Thread-49019|dumpPacket|Packet UPDATE_CLIENT_PROFILE (Seq #3047, o#3047 ) handlePacket
231209 103439.584|INFO|Thread-49019|dumpPacket|  From: SERVER0 @ site 1, oSERVER0 @ site 1 (DESKTOP-D75BQTV @ 212.212.212.212) (Contest Id: RealDeal--1957769244132597914)
231209 103439.584|INFO|Thread-49019|dumpPacket|    To: TEAM38 @ site 1
231209 103439.584|INFO|Thread-49019|dumpPacket|   key: PROFILE_LIST is: [Ledu.csus.ecs.pc2.core.model.Profile; [Ledu.csus.ecs.pc2.core.model.Profile;@1aeb18dd
231209 103439.584|INFO|Thread-49019|dumpPacket|   key: GENERAL_PROBLEM is: edu.csus.ecs.pc2.core.model.Problem General
231209 103439.584|INFO|Thread-49019|dumpPacket|   key: CONTEST_TIME is: edu.csus.ecs.pc2.core.model.ContestTime edu.csus.ecs.pc2.core.model.ContestTime@142ce5f0
231209 103439.584|INFO|Thread-49019|dumpPacket|   key: CLIENT_SETTINGS_LIST is: [Ledu.csus.ecs.pc2.core.model.ClientSettings; [Ledu.csus.ecs.pc2.core.model.ClientSettings;@101373ad
231209 103439.584|INFO|Thread-49019|dumpPacket|   key: CLARIFICATION_LIST is: [Ledu.csus.ecs.pc2.core.model.Clarification; [Ledu.csus.ecs.pc2.core.model.Clarification;@5511efcb
231209 103439.585|INFO|Thread-49019|dumpPacket|   key: CATEGORY_LIST is: [Ledu.csus.ecs.pc2.core.model.Category; [Ledu.csus.ecs.pc2.core.model.Category;@177e2844
231209 103439.585|INFO|Thread-49019|dumpPacket|   key: LANGUAGE_LIST is: [Ledu.csus.ecs.pc2.core.model.Language; [Ledu.csus.ecs.pc2.core.model.Language;@648e5c3e
231209 103439.585|INFO|Thread-49019|dumpPacket|   key: REMOTE_LOGGED_IN_USERS is: [Ledu.csus.ecs.pc2.core.model.ClientId; [Ledu.csus.ecs.pc2.core.model.ClientId;@6f0bc519
231209 103439.585|INFO|Thread-49019|dumpPacket|   key: CONTEST_TIME_LIST is: [Ledu.csus.ecs.pc2.core.model.ContestTime; [Ledu.csus.ecs.pc2.core.model.ContestTime;@353e1084
231209 103439.585|INFO|Thread-49019|dumpPacket|   key: CONNECTION_HANDLE_ID_LIST is: [Ledu.csus.ecs.pc2.core.transport.ConnectionHandlerID; [Ledu.csus.ecs.pc2.core.transport.ConnectionHandlerID;@5364226f
231209 103439.585|INFO|Thread-49019|dumpPacket|   key: PROFILE is: edu.csus.ecs.pc2.core.model.Profile RealDeal--1957769244132597914
231209 103439.585|INFO|Thread-49019|dumpPacket|   key: CLIENT_ID is: edu.csus.ecs.pc2.core.model.ClientId TEAM38 @ site 1
231209 103439.585|INFO|Thread-49019|dumpPacket|   key: SITE_NUMBER is: java.lang.Integer 1
231209 103439.585|INFO|Thread-49019|dumpPacket|   key: CONTEST_INFORMATION is: edu.csus.ecs.pc2.core.model.ContestInformation edu.csus.ecs.pc2.core.model.ContestInformation@451deb91
231209 103439.585|INFO|Thread-49019|dumpPacket|   key: SITE_LIST is: [Ledu.csus.ecs.pc2.core.model.Site; [Ledu.csus.ecs.pc2.core.model.Site;@740fcd26
231209 103439.585|INFO|Thread-49019|dumpPacket|   key: PROBLEM_DATA_FILES is: [Ledu.csus.ecs.pc2.core.model.ProblemDataFiles; [Ledu.csus.ecs.pc2.core.model.ProblemDataFiles;@31704913
231209 103439.585|INFO|Thread-49019|dumpPacket|   key: JUDGEMENT_LIST is: [Ledu.csus.ecs.pc2.core.model.Judgement; [Ledu.csus.ecs.pc2.core.model.Judgement;@43757208
231209 103439.585|INFO|Thread-49019|dumpPacket|   key: PROBLEM_LIST is: [Ledu.csus.ecs.pc2.core.model.Problem; [Ledu.csus.ecs.pc2.core.model.Problem;@699e4894
231209 103439.585|INFO|Thread-49019|dumpPacket|   key: GROUP_LIST is: [Ledu.csus.ecs.pc2.core.model.Group; [Ledu.csus.ecs.pc2.core.model.Group;@63f2de7c
231209 103439.585|INFO|Thread-49019|dumpPacket|   key: LOCAL_LOGGED_IN_USERS is: [Ledu.csus.ecs.pc2.core.model.ClientId; [Ledu.csus.ecs.pc2.core.model.ClientId;@50f93bc0
231209 103439.585|INFO|Thread-49019|dumpPacket|   key: SERVER_CLOCK_OFFSET is: java.util.GregorianCalendar java.util.GregorianCalendar[time=1702139679212,areFieldsSet=true,areAllFieldsSet=false,lenient=true,zone=sun.util.calendar.ZoneInfo[id="GMT",offset=0,dstSavings=0,useDaylight=false,transitions=0,lastRule=null],firstDayOfWeek=1,minimalDaysInFirstWeek=1,ERA=1,YEAR=2023,MONTH=11,WEEK_OF_YEAR=49,WEEK_OF_MONTH=2,DAY_OF_MONTH=9,DAY_OF_YEAR=343,DAY_OF_WEEK=7,DAY_OF_WEEK_IN_MONTH=2,AM_PM=1,HOUR=4,HOUR_OF_DAY=16,MINUTE=34,SECOND=39,MILLISECOND=212,ZONE_OFFSET=0,DST_OFFSET=0]
231209 103439.585|INFO|Thread-49019|dumpPacket|   key: NEW_PROFILE is: edu.csus.ecs.pc2.core.model.Profile RealDeal--1957769244132597914
231209 103439.585|INFO|Thread-49019|dumpPacket|   key: CONTEST_IDENTIFIER is: java.lang.String RealDeal--1957769244132597914
231209 103439.585|INFO|Thread-49019|dumpPacket|   key: BALLOON_SETTINGS_LIST is: [Ledu.csus.ecs.pc2.core.model.BalloonSettings; [Ledu.csus.ecs.pc2.core.model.BalloonSettings;@3874e6e5
231209 103439.585|INFO|Thread-49019|dumpPacket|   key: RUN_LIST is: [Ledu.csus.ecs.pc2.core.model.Run; [Ledu.csus.ecs.pc2.core.model.Run;@2335d397
231209 103439.585|INFO|Thread-49019|dumpPacket|   key: ACCOUNT_ARRAY is: [Ledu.csus.ecs.pc2.core.model.Account; [Ledu.csus.ecs.pc2.core.model.Account;@56c1f8b3
231209 103439.585|INFO|Thread-49019|reRegisterPlugins|plugin.setContestAndController for API Contest class
231209 103439.585|INFO|Thread-49019|info|handleUpdateClientProfile fireAllRefreshEvents start
231209 103439.595|SEVERE|Thread-49019|error|java.lang.NullPointerException: Cannot invoke "edu.csus.ecs.pc2.core.model.Run.isDeleted()" because "this.run" is null
|java.lang.NullPointerException: Cannot invoke "edu.csus.ecs.pc2.core.model.Run.isDeleted()" because "this.run" is null
|    at edu.csus.ecs.pc2.api.implementation.RunImplementation.<init> (RunImplementation.java:118)
|    at edu.csus.ecs.pc2.api.implementation.RunListenerList.fireRunListener (RunListenerList.java:33)
|    at edu.csus.ecs.pc2.api.implementation.RunListenerList.access$000 (RunListenerList.java:22)
|    at edu.csus.ecs.pc2.api.implementation.RunListenerList$Listener.refreshRuns (RunListenerList.java:150)
|    at edu.csus.ecs.pc2.core.model.InternalContest.fireRunListener (InternalContest.java:434)
|    at edu.csus.ecs.pc2.core.model.InternalContest.fireAllRefreshEvents (InternalContest.java:2880)
|    at edu.csus.ecs.pc2.core.PacketHandler.handleUpdateClientProfile (PacketHandler.java:996)
|    at edu.csus.ecs.pc2.core.PacketHandler.handleOtherPacketTypes (PacketHandler.java:413)
|    at edu.csus.ecs.pc2.core.PacketHandler.handlePacket (PacketHandler.java:267)
|    at edu.csus.ecs.pc2.core.InternalController.receiveObject (InternalController.java:2441)
|    at edu.csus.ecs.pc2.core.transport.TransportManager$2.run (TransportManager.java:343)
|    at java.lang.Thread.run (Thread.java:833)
231209 103439.620|INFO|Thread-49019|info| receiveObject(S) end   got Packet[UPDATE_CLIENT_PROFILE] #3047 SERVER0 @ site 1 -> TEAM38 @ site 1
231209 104340.840|INFO|Thread-49618|info| receiveObject(S) start got Packet[CLOCK_STARTED] #3869 SERVER0 @ site 1 -> SERVER0 @ site 0
231209 104340.840|INFO|Thread-49618|dumpPacket|Packet CLOCK_STARTED (Seq #3869, o#3869 ) recieveObject
231209 104340.840|INFO|Thread-49618|dumpPacket|  From: SERVER0 @ site 1, oSERVER0 @ site 1 (DESKTOP-D75BQTV @ 212.212.212.212) (Contest Id: RealDeal--1957769244132597914)
231209 104340.840|INFO|Thread-49618|dumpPacket|    To: SERVER0 @ site 0
231209 104340.840|INFO|Thread-49618|dumpPacket|   key: SITE_NUMBER is: java.lang.Integer 1
231209 104340.840|INFO|Thread-49618|dumpPacket|   key: CLIENT_ID is: edu.csus.ecs.pc2.core.model.ClientId ADMINISTRATOR1 @ site 1
231209 104340.840|INFO|Thread-49618|dumpPacket|   key: SERVER_CLOCK_OFFSET is: java.util.GregorianCalendar java.util.GregorianCalendar[time=1702140220728,areFieldsSet=true,areAllFieldsSet=false,lenient=true,zone=sun.util.calendar.ZoneInfo[id="GMT",offset=0,dstSavings=0,useDaylight=false,transitions=0,lastRule=null],firstDayOfWeek=1,minimalDaysInFirstWeek=1,ERA=1,YEAR=2023,MONTH=11,WEEK_OF_YEAR=49,WEEK_OF_MONTH=2,DAY_OF_MONTH=9,DAY_OF_YEAR=343,DAY_OF_WEEK=7,DAY_OF_WEEK_IN_MONTH=2,AM_PM=1,HOUR=4,HOUR_OF_DAY=16,MINUTE=43,SECOND=40,MILLISECOND=728,ZONE_OFFSET=0,DST_OFFSET=0]
231209 104340.840|INFO|Thread-49618|info|handlePacket start Packet[CLOCK_STARTED] #3869 SERVER0 @ site 1 -> SERVER0 @ site 0
231209 104340.840|INFO|Thread-49618|dumpPacket|Packet CLOCK_STARTED (Seq #3869, o#3869 ) handlePacket
231209 104340.840|INFO|Thread-49618|dumpPacket|  From: SERVER0 @ site 1, oSERVER0 @ site 1 (DESKTOP-D75BQTV @ 212.212.212.212) (Contest Id: RealDeal--1957769244132597914)
231209 104340.840|INFO|Thread-49618|dumpPacket|    To: SERVER0 @ site 0
231209 104340.840|INFO|Thread-49618|dumpPacket|   key: SITE_NUMBER is: java.lang.Integer 1
231209 104340.840|INFO|Thread-49618|dumpPacket|   key: CLIENT_ID is: edu.csus.ecs.pc2.core.model.ClientId ADMINISTRATOR1 @ site 1
231209 104340.840|INFO|Thread-49618|dumpPacket|   key: SERVER_CLOCK_OFFSET is: java.util.GregorianCalendar java.util.GregorianCalendar[time=1702140220728,areFieldsSet=true,areAllFieldsSet=false,lenient=true,zone=sun.util.calendar.ZoneInfo[id="GMT",offset=0,dstSavings=0,useDaylight=false,transitions=0,lastRule=null],firstDayOfWeek=1,minimalDaysInFirstWeek=1,ERA=1,YEAR=2023,MONTH=11,WEEK_OF_YEAR=49,WEEK_OF_MONTH=2,DAY_OF_MONTH=9,DAY_OF_YEAR=343,DAY_OF_WEEK=7,DAY_OF_WEEK_IN_MONTH=2,AM_PM=1,HOUR=4,HOUR_OF_DAY=16,MINUTE=43,SECOND=40,MILLISECOND=728,ZONE_OFFSET=0,DST_OFFSET=0]
231209 104340.840|INFO|Thread-49618|info|Clock for site 1 started by ADMINISTRATOR1 @ site 1 elapsed 0:00:00
231209 104340.843|INFO|Thread-49618|info| receiveObject(S) end   got Packet[CLOCK_STARTED] #3869 SERVER0 @ site 1 -> SERVER0 @ site 0
231209 104900.045|INFO|Thread-55663|info| receiveObject(S) start got Packet[CLARIFICATION_ANSWER_UPDATE] #4015 SERVER0 @ site 1 -> SERVER0 @ site 0
231209 104900.045|INFO|Thread-55663|dumpPacket|Packet CLARIFICATION_ANSWER_UPDATE (Seq #4015, o#4015 ) recieveObject
231209 104900.045|INFO|Thread-55663|dumpPacket|  From: SERVER0 @ site 1, oSERVER0 @ site 1 (DESKTOP-D75BQTV @ 212.212.212.212) (Contest Id: RealDeal--1957769244132597914)
231209 104900.045|INFO|Thread-55663|dumpPacket|    To: SERVER0 @ site 0
231209 104900.045|INFO|Thread-55663|dumpPacket|   key: CLARIFICATION is: edu.csus.ecs.pc2.core.model.Clarification Clarification 1 ANSWERED from TEAM91 @ site 1 at 4 id=Clarification--3513482260916480937
231209 104900.045|INFO|Thread-55663|dumpPacket|   key: CLARIFICATION_ANSWER is: java.lang.String No response, read problem statement
231209 104900.045|INFO|Thread-55663|dumpPacket|   key: CLIENT_ID is: edu.csus.ecs.pc2.core.model.ClientId ADMINISTRATOR1 @ site 1
231209 104900.045|INFO|Thread-55663|info|handlePacket start Packet[CLARIFICATION_ANSWER_UPDATE] #4015 SERVER0 @ site 1 -> SERVER0 @ site 0
231209 104900.045|INFO|Thread-55663|dumpPacket|Packet CLARIFICATION_ANSWER_UPDATE (Seq #4015, o#4015 ) handlePacket
231209 104900.045|INFO|Thread-55663|dumpPacket|  From: SERVER0 @ site 1, oSERVER0 @ site 1 (DESKTOP-D75BQTV @ 212.212.212.212) (Contest Id: RealDeal--1957769244132597914)
231209 104900.045|INFO|Thread-55663|dumpPacket|    To: SERVER0 @ site 0
231209 104900.045|INFO|Thread-55663|dumpPacket|   key: CLARIFICATION is: edu.csus.ecs.pc2.core.model.Clarification Clarification 1 ANSWERED from TEAM91 @ site 1 at 4 id=Clarification--3513482260916480937
231209 104900.045|INFO|Thread-55663|dumpPacket|   key: CLARIFICATION_ANSWER is: java.lang.String No response, read problem statement
231209 104900.045|INFO|Thread-55663|dumpPacket|   key: CLIENT_ID is: edu.csus.ecs.pc2.core.model.ClientId ADMINISTRATOR1 @ site 1
231209 104900.057|INFO|Thread-55663|info| receiveObject(S) end   got Packet[CLARIFICATION_ANSWER_UPDATE] #4015 SERVER0 @ site 1 -> SERVER0 @ site 0
231209 104938.160|INFO|Thread-56501|info| receiveObject(S) start got Packet[CLARIFICATION_ANSWER_UPDATE] #4032 SERVER0 @ site 1 -> SERVER0 @ site 0
231209 104938.160|INFO|Thread-56501|dumpPacket|Packet CLARIFICATION_ANSWER_UPDATE (Seq #4032, o#4032 ) recieveObject
231209 104938.160|INFO|Thread-56501|dumpPacket|  From: SERVER0 @ site 1, oSERVER0 @ site 1 (DESKTOP-D75BQTV @ 212.212.212.212) (Contest Id: RealDeal--1957769244132597914)
231209 104938.160|INFO|Thread-56501|dumpPacket|    To: SERVER0 @ site 0
231209 104938.160|INFO|Thread-56501|dumpPacket|   key: CLARIFICATION is: edu.csus.ecs.pc2.core.model.Clarification Clarification 2 ANSWERED from JUDGE3 @ site 1 at 5 id=Clarification-2100581527514594593
231209 104938.160|INFO|Thread-56501|dumpPacket|   key: CLARIFICATION_ANSWER is: java.lang.String Read above
231209 104938.160|INFO|Thread-56501|dumpPacket|   key: CLIENT_ID is: edu.csus.ecs.pc2.core.model.ClientId ADMINISTRATOR1 @ site 1
231209 104938.160|INFO|Thread-56501|info|handlePacket start Packet[CLARIFICATION_ANSWER_UPDATE] #4032 SERVER0 @ site 1 -> SERVER0 @ site 0
231209 104938.160|INFO|Thread-56501|dumpPacket|Packet CLARIFICATION_ANSWER_UPDATE (Seq #4032, o#4032 ) handlePacket
231209 104938.160|INFO|Thread-56501|dumpPacket|  From: SERVER0 @ site 1, oSERVER0 @ site 1 (DESKTOP-D75BQTV @ 212.212.212.212) (Contest Id: RealDeal--1957769244132597914)
231209 104938.160|INFO|Thread-56501|dumpPacket|    To: SERVER0 @ site 0
231209 104938.160|INFO|Thread-56501|dumpPacket|   key: CLARIFICATION is: edu.csus.ecs.pc2.core.model.Clarification Clarification 2 ANSWERED from JUDGE3 @ site 1 at 5 id=Clarification-2100581527514594593
231209 104938.160|INFO|Thread-56501|dumpPacket|   key: CLARIFICATION_ANSWER is: java.lang.String Read above
231209 104938.160|INFO|Thread-56501|dumpPacket|   key: CLIENT_ID is: edu.csus.ecs.pc2.core.model.ClientId ADMINISTRATOR1 @ site 1
231209 104938.162|INFO|Thread-56501|info| receiveObject(S) end   got Packet[CLARIFICATION_ANSWER_UPDATE] #4032 SERVER0 @ site 1 -> SERVER0 @ site 0
231209 105758.544|INFO|Thread-64859|info| receiveObject(S) start got Packet[CLARIFICATION_ANSWER_UPDATE] #4323 SERVER0 @ site 1 -> SERVER0 @ site 0
231209 105758.546|INFO|Thread-64859|dumpPacket|Packet CLARIFICATION_ANSWER_UPDATE (Seq #4323, o#4323 ) recieveObject
231209 105758.546|INFO|Thread-64859|dumpPacket|  From: SERVER0 @ site 1, oSERVER0 @ site 1 (DESKTOP-D75BQTV @ 212.212.212.212) (Contest Id: RealDeal--1957769244132597914)
231209 105758.546|INFO|Thread-64859|dumpPacket|    To: SERVER0 @ site 0
231209 105758.546|INFO|Thread-64859|dumpPacket|   key: CLARIFICATION is: edu.csus.ecs.pc2.core.model.Clarification Clarification 3 ANSWERED from TEAM77 @ site 1 at 7 id=Clarification--6384166243320002001
231209 105758.546|INFO|Thread-64859|dumpPacket|   key: CLARIFICATION_ANSWER is: java.lang.String Its a 0.
231209 105758.546|INFO|Thread-64859|dumpPacket|   key: CLIENT_ID is: edu.csus.ecs.pc2.core.model.ClientId ADMINISTRATOR1 @ site 1
231209 105758.546|INFO|Thread-64859|info|handlePacket start Packet[CLARIFICATION_ANSWER_UPDATE] #4323 SERVER0 @ site 1 -> SERVER0 @ site 0
231209 105758.546|INFO|Thread-64859|dumpPacket|Packet CLARIFICATION_ANSWER_UPDATE (Seq #4323, o#4323 ) handlePacket
231209 105758.546|INFO|Thread-64859|dumpPacket|  From: SERVER0 @ site 1, oSERVER0 @ site 1 (DESKTOP-D75BQTV @ 212.212.212.212) (Contest Id: RealDeal--1957769244132597914)
231209 105758.546|INFO|Thread-64859|dumpPacket|    To: SERVER0 @ site 0
231209 105758.546|INFO|Thread-64859|dumpPacket|   key: CLARIFICATION is: edu.csus.ecs.pc2.core.model.Clarification Clarification 3 ANSWERED from TEAM77 @ site 1 at 7 id=Clarification--6384166243320002001
231209 105758.546|INFO|Thread-64859|dumpPacket|   key: CLARIFICATION_ANSWER is: java.lang.String Its a 0.
231209 105758.546|INFO|Thread-64859|dumpPacket|   key: CLIENT_ID is: edu.csus.ecs.pc2.core.model.ClientId ADMINISTRATOR1 @ site 1
231209 105758.546|INFO|Thread-64859|info| receiveObject(S) end   got Packet[CLARIFICATION_ANSWER_UPDATE] #4323 SERVER0 @ site 1 -> SERVER0 @ site 0
231209 110012.939|INFO|Thread-64964|info| receiveObject(S) start got Packet[CLARIFICATION_ANSWER_UPDATE] #4399 SERVER0 @ site 1 -> SERVER0 @ site 0
231209 110012.939|INFO|Thread-64964|dumpPacket|Packet CLARIFICATION_ANSWER_UPDATE (Seq #4399, o#4399 ) recieveObject
231209 110012.939|INFO|Thread-64964|dumpPacket|  From: SERVER0 @ site 1, oSERVER0 @ site 1 (DESKTOP-D75BQTV @ 212.212.212.212) (Contest Id: RealDeal--1957769244132597914)
231209 110012.939|INFO|Thread-64964|dumpPacket|    To: SERVER0 @ site 0
231209 110012.939|INFO|Thread-64964|dumpPacket|   key: CLARIFICATION is: edu.csus.ecs.pc2.core.model.Clarification Clarification 4 ANSWERED from TEAM82 @ site 1 at 14 id=Clarification-5863903242636736970
231209 110012.939|INFO|Thread-64964|dumpPacket|   key: CLARIFICATION_ANSWER is: java.lang.String Read the problem description.
231209 110012.939|INFO|Thread-64964|dumpPacket|   key: CLIENT_ID is: edu.csus.ecs.pc2.core.model.ClientId JUDGE10 @ site 1
231209 110012.939|INFO|Thread-64964|info|handlePacket start Packet[CLARIFICATION_ANSWER_UPDATE] #4399 SERVER0 @ site 1 -> SERVER0 @ site 0
231209 110012.939|INFO|Thread-64964|dumpPacket|Packet CLARIFICATION_ANSWER_UPDATE (Seq #4399, o#4399 ) handlePacket
231209 110012.939|INFO|Thread-64964|dumpPacket|  From: SERVER0 @ site 1, oSERVER0 @ site 1 (DESKTOP-D75BQTV @ 212.212.212.212) (Contest Id: RealDeal--1957769244132597914)
231209 110012.939|INFO|Thread-64964|dumpPacket|    To: SERVER0 @ site 0
231209 110012.939|INFO|Thread-64964|dumpPacket|   key: CLARIFICATION is: edu.csus.ecs.pc2.core.model.Clarification Clarification 4 ANSWERED from TEAM82 @ site 1 at 14 id=Clarification-5863903242636736970
231209 110012.939|INFO|Thread-64964|dumpPacket|   key: CLARIFICATION_ANSWER is: java.lang.String Read the problem description.
231209 110012.939|INFO|Thread-64964|dumpPacket|   key: CLIENT_ID is: edu.csus.ecs.pc2.core.model.ClientId JUDGE10 @ site 1
231209 110012.948|INFO|Thread-64964|info| receiveObject(S) end   got Packet[CLARIFICATION_ANSWER_UPDATE] #4399 SERVER0 @ site 1 -> SERVER0 @ site 0
231209 110139.167|INFO|Thread-65131|info| receiveObject(S) start got Packet[CLARIFICATION_ANSWER_UPDATE] #4469 SERVER0 @ site 1 -> SERVER0 @ site 0
231209 110139.168|INFO|Thread-65131|dumpPacket|Packet CLARIFICATION_ANSWER_UPDATE (Seq #4469, o#4469 ) recieveObject
231209 110139.168|INFO|Thread-65131|dumpPacket|  From: SERVER0 @ site 1, oSERVER0 @ site 1 (DESKTOP-D75BQTV @ 212.212.212.212) (Contest Id: RealDeal--1957769244132597914)
231209 110139.168|INFO|Thread-65131|dumpPacket|    To: SERVER0 @ site 0
231209 110139.168|INFO|Thread-65131|dumpPacket|   key: CLARIFICATION is: edu.csus.ecs.pc2.core.model.Clarification Clarification 5 ANSWERED from TEAM50 @ site 1 at 16 id=Clarification-1647212286997947126
231209 110139.170|INFO|Thread-65131|dumpPacket|   key: CLARIFICATION_ANSWER is: java.lang.String yes
231209 110139.171|INFO|Thread-65131|dumpPacket|   key: CLIENT_ID is: edu.csus.ecs.pc2.core.model.ClientId JUDGE10 @ site 1
231209 110139.171|INFO|Thread-65131|info|handlePacket start Packet[CLARIFICATION_ANSWER_UPDATE] #4469 SERVER0 @ site 1 -> SERVER0 @ site 0
231209 110139.171|INFO|Thread-65131|dumpPacket|Packet CLARIFICATION_ANSWER_UPDATE (Seq #4469, o#4469 ) handlePacket
231209 110139.171|INFO|Thread-65131|dumpPacket|  From: SERVER0 @ site 1, oSERVER0 @ site 1 (DESKTOP-D75BQTV @ 212.212.212.212) (Contest Id: RealDeal--1957769244132597914)
231209 110139.171|INFO|Thread-65131|dumpPacket|    To: SERVER0 @ site 0
231209 110139.171|INFO|Thread-65131|dumpPacket|   key: CLARIFICATION is: edu.csus.ecs.pc2.core.model.Clarification Clarification 5 ANSWERED from TEAM50 @ site 1 at 16 id=Clarification-1647212286997947126
231209 110139.171|INFO|Thread-65131|dumpPacket|   key: CLARIFICATION_ANSWER is: java.lang.String yes
231209 110139.171|INFO|Thread-65131|dumpPacket|   key: CLIENT_ID is: edu.csus.ecs.pc2.core.model.ClientId JUDGE10 @ site 1
231209 110139.183|INFO|Thread-65131|info| receiveObject(S) end   got Packet[CLARIFICATION_ANSWER_UPDATE] #4469 SERVER0 @ site 1 -> SERVER0 @ site 0
231209 110446.757|INFO|Thread-65263|info| receiveObject(S) start got Packet[CLARIFICATION_ANSWER_UPDATE] #4608 SERVER0 @ site 1 -> SERVER0 @ site 0
231209 110446.757|INFO|Thread-65263|dumpPacket|Packet CLARIFICATION_ANSWER_UPDATE (Seq #4608, o#4608 ) recieveObject
231209 110446.757|INFO|Thread-65263|dumpPacket|  From: SERVER0 @ site 1, oSERVER0 @ site 1 (DESKTOP-D75BQTV @ 212.212.212.212) (Contest Id: RealDeal--1957769244132597914)
231209 110446.757|INFO|Thread-65263|dumpPacket|    To: SERVER0 @ site 0
231209 110446.757|INFO|Thread-65263|dumpPacket|   key: CLARIFICATION is: edu.csus.ecs.pc2.core.model.Clarification Clarification 6 ANSWERED from TEAM117 @ site 1 at 20 id=Clarification-7620427522712153602
231209 110446.757|INFO|Thread-65263|dumpPacket|   key: CLARIFICATION_ANSWER is: java.lang.String There may be.
231209 110446.757|INFO|Thread-65263|dumpPacket|   key: CLIENT_ID is: edu.csus.ecs.pc2.core.model.ClientId ADMINISTRATOR1 @ site 1
231209 110446.757|INFO|Thread-65263|info|handlePacket start Packet[CLARIFICATION_ANSWER_UPDATE] #4608 SERVER0 @ site 1 -> SERVER0 @ site 0
231209 110446.757|INFO|Thread-65263|dumpPacket|Packet CLARIFICATION_ANSWER_UPDATE (Seq #4608, o#4608 ) handlePacket
231209 110446.757|INFO|Thread-65263|dumpPacket|  From: SERVER0 @ site 1, oSERVER0 @ site 1 (DESKTOP-D75BQTV @ 212.212.212.212) (Contest Id: RealDeal--1957769244132597914)
231209 110446.757|INFO|Thread-65263|dumpPacket|    To: SERVER0 @ site 0
231209 110446.757|INFO|Thread-65263|dumpPacket|   key: CLARIFICATION is: edu.csus.ecs.pc2.core.model.Clarification Clarification 6 ANSWERED from TEAM117 @ site 1 at 20 id=Clarification-7620427522712153602
231209 110446.757|INFO|Thread-65263|dumpPacket|   key: CLARIFICATION_ANSWER is: java.lang.String There may be.
231209 110446.757|INFO|Thread-65263|dumpPacket|   key: CLIENT_ID is: edu.csus.ecs.pc2.core.model.ClientId ADMINISTRATOR1 @ site 1
231209 110446.760|INFO|Thread-65263|info| receiveObject(S) end   got Packet[CLARIFICATION_ANSWER_UPDATE] #4608 SERVER0 @ site 1 -> SERVER0 @ site 0
231209 110645.421|INFO|Thread-65403|info| receiveObject(S) start got Packet[UPDATE_SETTING] #4698 SERVER0 @ site 1 -> SERVER0 @ site 0
231209 110645.421|INFO|Thread-65403|dumpPacket|Packet UPDATE_SETTING (Seq #4698, o#139 ) recieveObject
231209 110645.421|INFO|Thread-65403|dumpPacket|  From: SERVER0 @ site 1, oADMINISTRATOR1 @ site 1 (DESKTOP-D75BQTV @ 212.212.212.212) (Contest Id: RealDeal--1957769244132597914)
231209 110645.421|INFO|Thread-65403|dumpPacket|    To: SERVER0 @ site 0
231209 110645.421|INFO|Thread-65403|dumpPacket|   key: PROBLEM is: edu.csus.ecs.pc2.core.model.Problem Shuffle
231209 110645.421|INFO|Thread-65403|info|handlePacket start Packet[UPDATE_SETTING] #4698 SERVER0 @ site 1 -> SERVER0 @ site 0
231209 110645.421|INFO|Thread-65403|dumpPacket|Packet UPDATE_SETTING (Seq #4698, o#139 ) handlePacket
231209 110645.421|INFO|Thread-65403|dumpPacket|  From: SERVER0 @ site 1, oADMINISTRATOR1 @ site 1 (DESKTOP-D75BQTV @ 212.212.212.212) (Contest Id: RealDeal--1957769244132597914)
231209 110645.421|INFO|Thread-65403|dumpPacket|    To: SERVER0 @ site 0
231209 110645.421|INFO|Thread-65403|dumpPacket|   key: PROBLEM is: edu.csus.ecs.pc2.core.model.Problem Shuffle
231209 110645.421|INFO|Thread-65403|info|handlePacket end Packet[UPDATE_SETTING] #4698 SERVER0 @ site 1 -> SERVER0 @ site 0
231209 110645.432|INFO|Thread-65403|info| receiveObject(S) end   got Packet[UPDATE_SETTING] #4698 SERVER0 @ site 1 -> SERVER0 @ site 0
231209 111315.692|INFO|Thread-65604|info| receiveObject(S) start got Packet[CLARIFICATION_ANSWER_UPDATE] #4919 SERVER0 @ site 1 -> SERVER0 @ site 0
231209 111315.692|INFO|Thread-65604|dumpPacket|Packet CLARIFICATION_ANSWER_UPDATE (Seq #4919, o#4919 ) recieveObject
231209 111315.693|INFO|Thread-65604|dumpPacket|  From: SERVER0 @ site 1, oSERVER0 @ site 1 (DESKTOP-D75BQTV @ 212.212.212.212) (Contest Id: RealDeal--1957769244132597914)
231209 111315.693|INFO|Thread-65604|dumpPacket|    To: SERVER0 @ site 0
231209 111315.693|INFO|Thread-65604|dumpPacket|   key: CLARIFICATION is: edu.csus.ecs.pc2.core.model.Clarification Clarification 9 ANSWERED from TEAM75 @ site 1 at 27 id=Clarification-2320838978162202316
231209 111315.693|INFO|Thread-65604|dumpPacket|   key: CLARIFICATION_ANSWER is: java.lang.String No response, read problem statement
231209 111315.693|INFO|Thread-65604|dumpPacket|   key: CLIENT_ID is: edu.csus.ecs.pc2.core.model.ClientId ADMINISTRATOR1 @ site 1
231209 111315.693|INFO|Thread-65604|info|handlePacket start Packet[CLARIFICATION_ANSWER_UPDATE] #4919 SERVER0 @ site 1 -> SERVER0 @ site 0
231209 111315.693|INFO|Thread-65604|dumpPacket|Packet CLARIFICATION_ANSWER_UPDATE (Seq #4919, o#4919 ) handlePacket
231209 111315.693|INFO|Thread-65604|dumpPacket|  From: SERVER0 @ site 1, oSERVER0 @ site 1 (DESKTOP-D75BQTV @ 212.212.212.212) (Contest Id: RealDeal--1957769244132597914)
231209 111315.693|INFO|Thread-65604|dumpPacket|    To: SERVER0 @ site 0
231209 111315.693|INFO|Thread-65604|dumpPacket|   key: CLARIFICATION is: edu.csus.ecs.pc2.core.model.Clarification Clarification 9 ANSWERED from TEAM75 @ site 1 at 27 id=Clarification-2320838978162202316
231209 111315.693|INFO|Thread-65604|dumpPacket|   key: CLARIFICATION_ANSWER is: java.lang.String No response, read problem statement
231209 111315.693|INFO|Thread-65604|dumpPacket|   key: CLIENT_ID is: edu.csus.ecs.pc2.core.model.ClientId ADMINISTRATOR1 @ site 1
231209 111315.694|INFO|Thread-65604|info| receiveObject(S) end   got Packet[CLARIFICATION_ANSWER_UPDATE] #4919 SERVER0 @ site 1 -> SERVER0 @ site 0
231209 111459.824|INFO|Thread-65747|info| receiveObject(S) start got Packet[CLARIFICATION_ANSWER_UPDATE] #4991 SERVER0 @ site 1 -> SERVER0 @ site 0
231209 111459.824|INFO|Thread-65747|dumpPacket|Packet CLARIFICATION_ANSWER_UPDATE (Seq #4991, o#4991 ) recieveObject
231209 111459.824|INFO|Thread-65747|dumpPacket|  From: SERVER0 @ site 1, oSERVER0 @ site 1 (DESKTOP-D75BQTV @ 212.212.212.212) (Contest Id: RealDeal--1957769244132597914)
231209 111459.824|INFO|Thread-65747|dumpPacket|    To: SERVER0 @ site 0
231209 111459.824|INFO|Thread-65747|dumpPacket|   key: CLARIFICATION is: edu.csus.ecs.pc2.core.model.Clarification Clarification 10 ANSWERED from TEAM81 @ site 1 at 28 id=Clarification--5973036823618156599
231209 111459.824|INFO|Thread-65747|dumpPacket|   key: CLARIFICATION_ANSWER is: java.lang.String It is 3/4 a cup of butter
231209 111459.824|INFO|Thread-65747|dumpPacket|   key: CLIENT_ID is: edu.csus.ecs.pc2.core.model.ClientId JUDGE10 @ site 1
231209 111459.824|INFO|Thread-65747|info|handlePacket start Packet[CLARIFICATION_ANSWER_UPDATE] #4991 SERVER0 @ site 1 -> SERVER0 @ site 0
231209 111459.824|INFO|Thread-65747|dumpPacket|Packet CLARIFICATION_ANSWER_UPDATE (Seq #4991, o#4991 ) handlePacket
231209 111459.824|INFO|Thread-65747|dumpPacket|  From: SERVER0 @ site 1, oSERVER0 @ site 1 (DESKTOP-D75BQTV @ 212.212.212.212) (Contest Id: RealDeal--1957769244132597914)
231209 111459.824|INFO|Thread-65747|dumpPacket|    To: SERVER0 @ site 0
231209 111459.824|INFO|Thread-65747|dumpPacket|   key: CLARIFICATION is: edu.csus.ecs.pc2.core.model.Clarification Clarification 10 ANSWERED from TEAM81 @ site 1 at 28 id=Clarification--5973036823618156599
231209 111459.824|INFO|Thread-65747|dumpPacket|   key: CLARIFICATION_ANSWER is: java.lang.String It is 3/4 a cup of butter
231209 111459.824|INFO|Thread-65747|dumpPacket|   key: CLIENT_ID is: edu.csus.ecs.pc2.core.model.ClientId JUDGE10 @ site 1
231209 111459.841|INFO|Thread-65747|info| receiveObject(S) end   got Packet[CLARIFICATION_ANSWER_UPDATE] #4991 SERVER0 @ site 1 -> SERVER0 @ site 0
231209 115431.490|INFO|Thread-66704|info| receiveObject(S) start got Packet[CLARIFICATION_ANSWER_UPDATE] #6720 SERVER0 @ site 1 -> SERVER0 @ site 0
231209 115431.490|INFO|Thread-66704|dumpPacket|Packet CLARIFICATION_ANSWER_UPDATE (Seq #6720, o#6720 ) recieveObject
231209 115431.490|INFO|Thread-66704|dumpPacket|  From: SERVER0 @ site 1, oSERVER0 @ site 1 (DESKTOP-D75BQTV @ 212.212.212.212) (Contest Id: RealDeal--1957769244132597914)
231209 115431.490|INFO|Thread-66704|dumpPacket|    To: SERVER0 @ site 0
231209 115431.490|INFO|Thread-66704|dumpPacket|   key: CLARIFICATION is: edu.csus.ecs.pc2.core.model.Clarification Clarification 20 ANSWERED from TEAM100 @ site 1 at 69 id=Clarification--4622882980912914428
231209 115431.490|INFO|Thread-66704|dumpPacket|   key: CLARIFICATION_ANSWER is: java.lang.String This is not usaco guys, brute force to your hearts content.
231209 115431.490|INFO|Thread-66704|dumpPacket|   key: CLIENT_ID is: edu.csus.ecs.pc2.core.model.ClientId ADMINISTRATOR1 @ site 1
231209 115431.490|INFO|Thread-66704|info|handlePacket start Packet[CLARIFICATION_ANSWER_UPDATE] #6720 SERVER0 @ site 1 -> SERVER0 @ site 0
231209 115431.490|INFO|Thread-66704|dumpPacket|Packet CLARIFICATION_ANSWER_UPDATE (Seq #6720, o#6720 ) handlePacket
231209 115431.490|INFO|Thread-66704|dumpPacket|  From: SERVER0 @ site 1, oSERVER0 @ site 1 (DESKTOP-D75BQTV @ 212.212.212.212) (Contest Id: RealDeal--1957769244132597914)
231209 115431.490|INFO|Thread-66704|dumpPacket|    To: SERVER0 @ site 0
231209 115431.490|INFO|Thread-66704|dumpPacket|   key: CLARIFICATION is: edu.csus.ecs.pc2.core.model.Clarification Clarification 20 ANSWERED from TEAM100 @ site 1 at 69 id=Clarification--4622882980912914428
231209 115431.490|INFO|Thread-66704|dumpPacket|   key: CLARIFICATION_ANSWER is: java.lang.String This is not usaco guys, brute force to your hearts content.
231209 115431.490|INFO|Thread-66704|dumpPacket|   key: CLIENT_ID is: edu.csus.ecs.pc2.core.model.ClientId ADMINISTRATOR1 @ site 1
231209 115431.557|INFO|Thread-66704|info| receiveObject(S) end   got Packet[CLARIFICATION_ANSWER_UPDATE] #6720 SERVER0 @ site 1 -> SERVER0 @ site 0
