221210 104107.427|CONFIG|Thread-4132|setFileHandlers|Now logging to C:\Users\18328\Desktop\pc2\WebTeamInterface-1.1\logs directory.
221210 104107.427|INFO|Thread-4132|info|
221210 104107.427|INFO|Thread-4132|info|Version 9 () Java ver 18.0.2.1 build  Windows 11 10.0 (amd64) 
221210 104107.427|INFO|Thread-4132|info|Login: team58 (aka team58)
221210 104107.428|INFO|Thread-4132|startLog|Working directory is C:\Users\18328\Desktop\pc2\WebTeamInterface-1.1
221210 104107.428|INFO|Thread-4132|startLog|Process id is 22344@DESKTOP-D75BQTV
221210 104107.428|INFO|Thread-4132|info| handlePacket original LOGIN_SUCCESS after -- all settings loaded 
221210 104107.428|INFO|Thread-4132|info|handlePacket end Packet[LOGIN_SUCCESS] #3049 SERVER0 @ site 1 -> TEAM58 @ site 1
221210 104107.428|INFO|Thread-4132|info| receiveObject(S) end   got Packet[LOGIN_SUCCESS] #3049 SERVER0 @ site 1 -> TEAM58 @ site 1
221210 104406.092|INFO|Thread-4232|info| receiveObject(S) start got Packet[UPDATE_SETTING] #3140 SERVER0 @ site 1 -> SERVER0 @ site 0
221210 104406.092|INFO|Thread-4232|dumpPacket|Packet UPDATE_SETTING (Seq #3140, o#140 ) recieveObject
221210 104406.092|INFO|Thread-4232|dumpPacket|  From: SERVER0 @ site 1, oADMINISTRATOR1 @ site 1 (DESKTOP-D75BQTV @ 212.212.212.212) (Contest Id: Contest-4511288556462302159)
221210 104406.092|INFO|Thread-4232|dumpPacket|    To: SERVER0 @ site 0
221210 104406.092|INFO|Thread-4232|dumpPacket|   key: CONTEST_TIME is: edu.csus.ecs.pc2.core.model.ContestTime edu.csus.ecs.pc2.core.model.ContestTime@5e7a0c35
221210 104406.092|INFO|Thread-4232|info|handlePacket start Packet[UPDATE_SETTING] #3140 SERVER0 @ site 1 -> SERVER0 @ site 0
221210 104406.092|INFO|Thread-4232|dumpPacket|Packet UPDATE_SETTING (Seq #3140, o#140 ) handlePacket
221210 104406.092|INFO|Thread-4232|dumpPacket|  From: SERVER0 @ site 1, oADMINISTRATOR1 @ site 1 (DESKTOP-D75BQTV @ 212.212.212.212) (Contest Id: Contest-4511288556462302159)
221210 104406.092|INFO|Thread-4232|dumpPacket|    To: SERVER0 @ site 0
221210 104406.092|INFO|Thread-4232|dumpPacket|   key: CONTEST_TIME is: edu.csus.ecs.pc2.core.model.ContestTime edu.csus.ecs.pc2.core.model.ContestTime@5e7a0c35
221210 104406.093|INFO|Thread-4232|info|handlePacket end Packet[UPDATE_SETTING] #3140 SERVER0 @ site 1 -> SERVER0 @ site 0
221210 104406.093|INFO|Thread-4232|info| receiveObject(S) end   got Packet[UPDATE_SETTING] #3140 SERVER0 @ site 1 -> SERVER0 @ site 0
221210 104406.207|INFO|Thread-4475|info| receiveObject(S) start got Packet[UPDATE_SETTING] #3141 SERVER0 @ site 1 -> SERVER0 @ site 0
221210 104406.207|INFO|Thread-4475|dumpPacket|Packet UPDATE_SETTING (Seq #3141, o#141 ) recieveObject
221210 104406.207|INFO|Thread-4475|dumpPacket|  From: SERVER0 @ site 1, oADMINISTRATOR1 @ site 1 (DESKTOP-D75BQTV @ 212.212.212.212) (Contest Id: Contest-4511288556462302159)
221210 104406.207|INFO|Thread-4475|dumpPacket|    To: SERVER0 @ site 0
221210 104406.207|INFO|Thread-4475|dumpPacket|   key: CONTEST_INFORMATION is: edu.csus.ecs.pc2.core.model.ContestInformation edu.csus.ecs.pc2.core.model.ContestInformation@65744f69
221210 104406.207|INFO|Thread-4475|info|handlePacket start Packet[UPDATE_SETTING] #3141 SERVER0 @ site 1 -> SERVER0 @ site 0
221210 104406.207|INFO|Thread-4475|dumpPacket|Packet UPDATE_SETTING (Seq #3141, o#141 ) handlePacket
221210 104406.207|INFO|Thread-4475|dumpPacket|  From: SERVER0 @ site 1, oADMINISTRATOR1 @ site 1 (DESKTOP-D75BQTV @ 212.212.212.212) (Contest Id: Contest-4511288556462302159)
221210 104406.207|INFO|Thread-4475|dumpPacket|    To: SERVER0 @ site 0
221210 104406.207|INFO|Thread-4475|dumpPacket|   key: CONTEST_INFORMATION is: edu.csus.ecs.pc2.core.model.ContestInformation edu.csus.ecs.pc2.core.model.ContestInformation@65744f69
221210 104406.207|INFO|Thread-4475|info|handlePacket end Packet[UPDATE_SETTING] #3141 SERVER0 @ site 1 -> SERVER0 @ site 0
221210 104406.208|INFO|Thread-4475|info| receiveObject(S) end   got Packet[UPDATE_SETTING] #3141 SERVER0 @ site 1 -> SERVER0 @ site 0
221210 104717.869|INFO|Thread-4719|info| receiveObject(S) start got Packet[CLOCK_STARTED] #3170 SERVER0 @ site 1 -> SERVER0 @ site 0
221210 104717.869|INFO|Thread-4719|dumpPacket|Packet CLOCK_STARTED (Seq #3170, o#3170 ) recieveObject
221210 104717.869|INFO|Thread-4719|dumpPacket|  From: SERVER0 @ site 1, oSERVER0 @ site 1 (DESKTOP-D75BQTV @ 212.212.212.212) (Contest Id: Contest-4511288556462302159)
221210 104717.869|INFO|Thread-4719|dumpPacket|    To: SERVER0 @ site 0
221210 104717.869|INFO|Thread-4719|dumpPacket|   key: SITE_NUMBER is: java.lang.Integer 1
221210 104717.869|INFO|Thread-4719|dumpPacket|   key: CLIENT_ID is: edu.csus.ecs.pc2.core.model.ClientId ADMINISTRATOR1 @ site 1
221210 104717.869|INFO|Thread-4719|dumpPacket|   key: SERVER_CLOCK_OFFSET is: java.util.GregorianCalendar java.util.GregorianCalendar[time=1670690837864,areFieldsSet=true,areAllFieldsSet=false,lenient=true,zone=sun.util.calendar.ZoneInfo[id="GMT",offset=0,dstSavings=0,useDaylight=false,transitions=0,lastRule=null],firstDayOfWeek=1,minimalDaysInFirstWeek=1,ERA=1,YEAR=2022,MONTH=11,WEEK_OF_YEAR=50,WEEK_OF_MONTH=2,DAY_OF_MONTH=10,DAY_OF_YEAR=344,DAY_OF_WEEK=7,DAY_OF_WEEK_IN_MONTH=2,AM_PM=1,HOUR=4,HOUR_OF_DAY=16,MINUTE=47,SECOND=17,MILLISECOND=864,ZONE_OFFSET=0,DST_OFFSET=0]
221210 104717.869|INFO|Thread-4719|info|handlePacket start Packet[CLOCK_STARTED] #3170 SERVER0 @ site 1 -> SERVER0 @ site 0
221210 104717.869|INFO|Thread-4719|dumpPacket|Packet CLOCK_STARTED (Seq #3170, o#3170 ) handlePacket
221210 104717.869|INFO|Thread-4719|dumpPacket|  From: SERVER0 @ site 1, oSERVER0 @ site 1 (DESKTOP-D75BQTV @ 212.212.212.212) (Contest Id: Contest-4511288556462302159)
221210 104717.869|INFO|Thread-4719|dumpPacket|    To: SERVER0 @ site 0
221210 104717.869|INFO|Thread-4719|dumpPacket|   key: SITE_NUMBER is: java.lang.Integer 1
221210 104717.869|INFO|Thread-4719|dumpPacket|   key: CLIENT_ID is: edu.csus.ecs.pc2.core.model.ClientId ADMINISTRATOR1 @ site 1
221210 104717.869|INFO|Thread-4719|dumpPacket|   key: SERVER_CLOCK_OFFSET is: java.util.GregorianCalendar java.util.GregorianCalendar[time=1670690837864,areFieldsSet=true,areAllFieldsSet=false,lenient=true,zone=sun.util.calendar.ZoneInfo[id="GMT",offset=0,dstSavings=0,useDaylight=false,transitions=0,lastRule=null],firstDayOfWeek=1,minimalDaysInFirstWeek=1,ERA=1,YEAR=2022,MONTH=11,WEEK_OF_YEAR=50,WEEK_OF_MONTH=2,DAY_OF_MONTH=10,DAY_OF_YEAR=344,DAY_OF_WEEK=7,DAY_OF_WEEK_IN_MONTH=2,AM_PM=1,HOUR=4,HOUR_OF_DAY=16,MINUTE=47,SECOND=17,MILLISECOND=864,ZONE_OFFSET=0,DST_OFFSET=0]
221210 104717.869|INFO|Thread-4719|info|Clock for site 1 started by ADMINISTRATOR1 @ site 1 elapsed 0:00:00
221210 104717.870|INFO|Thread-4719|info| receiveObject(S) end   got Packet[CLOCK_STARTED] #3170 SERVER0 @ site 1 -> SERVER0 @ site 0
221210 104718.625|INFO|Thread-4966|info| receiveObject(S) start got Packet[CLOCK_STARTED] #3171 SERVER0 @ site 1 -> SERVER0 @ site 0
221210 104718.625|INFO|Thread-4966|dumpPacket|Packet CLOCK_STARTED (Seq #3171, o#3171 ) recieveObject
221210 104718.625|INFO|Thread-4966|dumpPacket|  From: SERVER0 @ site 1, oSERVER0 @ site 1 (DESKTOP-D75BQTV @ 212.212.212.212) (Contest Id: Contest-4511288556462302159)
221210 104718.625|INFO|Thread-4966|dumpPacket|    To: SERVER0 @ site 0
221210 104718.625|INFO|Thread-4966|dumpPacket|   key: SITE_NUMBER is: java.lang.Integer 1
221210 104718.625|INFO|Thread-4966|dumpPacket|   key: CLIENT_ID is: edu.csus.ecs.pc2.core.model.ClientId ADMINISTRATOR1 @ site 1
221210 104718.625|INFO|Thread-4966|dumpPacket|   key: SERVER_CLOCK_OFFSET is: java.util.GregorianCalendar java.util.GregorianCalendar[time=1670690838621,areFieldsSet=true,areAllFieldsSet=false,lenient=true,zone=sun.util.calendar.ZoneInfo[id="GMT",offset=0,dstSavings=0,useDaylight=false,transitions=0,lastRule=null],firstDayOfWeek=1,minimalDaysInFirstWeek=1,ERA=1,YEAR=2022,MONTH=11,WEEK_OF_YEAR=50,WEEK_OF_MONTH=2,DAY_OF_MONTH=10,DAY_OF_YEAR=344,DAY_OF_WEEK=7,DAY_OF_WEEK_IN_MONTH=2,AM_PM=1,HOUR=4,HOUR_OF_DAY=16,MINUTE=47,SECOND=18,MILLISECOND=621,ZONE_OFFSET=0,DST_OFFSET=0]
221210 104718.625|INFO|Thread-4966|info|handlePacket start Packet[CLOCK_STARTED] #3171 SERVER0 @ site 1 -> SERVER0 @ site 0
221210 104718.625|INFO|Thread-4966|dumpPacket|Packet CLOCK_STARTED (Seq #3171, o#3171 ) handlePacket
221210 104718.625|INFO|Thread-4966|dumpPacket|  From: SERVER0 @ site 1, oSERVER0 @ site 1 (DESKTOP-D75BQTV @ 212.212.212.212) (Contest Id: Contest-4511288556462302159)
221210 104718.625|INFO|Thread-4966|dumpPacket|    To: SERVER0 @ site 0
221210 104718.626|INFO|Thread-4966|dumpPacket|   key: SITE_NUMBER is: java.lang.Integer 1
221210 104718.626|INFO|Thread-4966|dumpPacket|   key: CLIENT_ID is: edu.csus.ecs.pc2.core.model.ClientId ADMINISTRATOR1 @ site 1
221210 104718.626|INFO|Thread-4966|dumpPacket|   key: SERVER_CLOCK_OFFSET is: java.util.GregorianCalendar java.util.GregorianCalendar[time=1670690838621,areFieldsSet=true,areAllFieldsSet=false,lenient=true,zone=sun.util.calendar.ZoneInfo[id="GMT",offset=0,dstSavings=0,useDaylight=false,transitions=0,lastRule=null],firstDayOfWeek=1,minimalDaysInFirstWeek=1,ERA=1,YEAR=2022,MONTH=11,WEEK_OF_YEAR=50,WEEK_OF_MONTH=2,DAY_OF_MONTH=10,DAY_OF_YEAR=344,DAY_OF_WEEK=7,DAY_OF_WEEK_IN_MONTH=2,AM_PM=1,HOUR=4,HOUR_OF_DAY=16,MINUTE=47,SECOND=18,MILLISECOND=621,ZONE_OFFSET=0,DST_OFFSET=0]
221210 104718.626|INFO|Thread-4966|info|Clock for site 1 started by ADMINISTRATOR1 @ site 1 elapsed 0:00:00
221210 104718.635|INFO|Thread-4966|info| receiveObject(S) end   got Packet[CLOCK_STARTED] #3171 SERVER0 @ site 1 -> SERVER0 @ site 0
221210 104719.208|INFO|Thread-5216|info| receiveObject(S) start got Packet[CLOCK_STARTED] #3172 SERVER0 @ site 1 -> SERVER0 @ site 0
221210 104719.209|INFO|Thread-5216|dumpPacket|Packet CLOCK_STARTED (Seq #3172, o#3172 ) recieveObject
221210 104719.209|INFO|Thread-5216|dumpPacket|  From: SERVER0 @ site 1, oSERVER0 @ site 1 (DESKTOP-D75BQTV @ 212.212.212.212) (Contest Id: Contest-4511288556462302159)
221210 104719.209|INFO|Thread-5216|dumpPacket|    To: SERVER0 @ site 0
221210 104719.209|INFO|Thread-5216|dumpPacket|   key: SITE_NUMBER is: java.lang.Integer 1
221210 104719.209|INFO|Thread-5216|dumpPacket|   key: CLIENT_ID is: edu.csus.ecs.pc2.core.model.ClientId ADMINISTRATOR1 @ site 1
221210 104719.209|INFO|Thread-5216|dumpPacket|   key: SERVER_CLOCK_OFFSET is: java.util.GregorianCalendar java.util.GregorianCalendar[time=1670690839204,areFieldsSet=true,areAllFieldsSet=false,lenient=true,zone=sun.util.calendar.ZoneInfo[id="GMT",offset=0,dstSavings=0,useDaylight=false,transitions=0,lastRule=null],firstDayOfWeek=1,minimalDaysInFirstWeek=1,ERA=1,YEAR=2022,MONTH=11,WEEK_OF_YEAR=50,WEEK_OF_MONTH=2,DAY_OF_MONTH=10,DAY_OF_YEAR=344,DAY_OF_WEEK=7,DAY_OF_WEEK_IN_MONTH=2,AM_PM=1,HOUR=4,HOUR_OF_DAY=16,MINUTE=47,SECOND=19,MILLISECOND=204,ZONE_OFFSET=0,DST_OFFSET=0]
221210 104719.209|INFO|Thread-5216|info|handlePacket start Packet[CLOCK_STARTED] #3172 SERVER0 @ site 1 -> SERVER0 @ site 0
221210 104719.209|INFO|Thread-5216|dumpPacket|Packet CLOCK_STARTED (Seq #3172, o#3172 ) handlePacket
221210 104719.209|INFO|Thread-5216|dumpPacket|  From: SERVER0 @ site 1, oSERVER0 @ site 1 (DESKTOP-D75BQTV @ 212.212.212.212) (Contest Id: Contest-4511288556462302159)
221210 104719.209|INFO|Thread-5216|dumpPacket|    To: SERVER0 @ site 0
221210 104719.209|INFO|Thread-5216|dumpPacket|   key: SITE_NUMBER is: java.lang.Integer 1
221210 104719.209|INFO|Thread-5216|dumpPacket|   key: CLIENT_ID is: edu.csus.ecs.pc2.core.model.ClientId ADMINISTRATOR1 @ site 1
221210 104719.209|INFO|Thread-5216|dumpPacket|   key: SERVER_CLOCK_OFFSET is: java.util.GregorianCalendar java.util.GregorianCalendar[time=1670690839204,areFieldsSet=true,areAllFieldsSet=false,lenient=true,zone=sun.util.calendar.ZoneInfo[id="GMT",offset=0,dstSavings=0,useDaylight=false,transitions=0,lastRule=null],firstDayOfWeek=1,minimalDaysInFirstWeek=1,ERA=1,YEAR=2022,MONTH=11,WEEK_OF_YEAR=50,WEEK_OF_MONTH=2,DAY_OF_MONTH=10,DAY_OF_YEAR=344,DAY_OF_WEEK=7,DAY_OF_WEEK_IN_MONTH=2,AM_PM=1,HOUR=4,HOUR_OF_DAY=16,MINUTE=47,SECOND=19,MILLISECOND=204,ZONE_OFFSET=0,DST_OFFSET=0]
221210 104719.209|INFO|Thread-5216|info|Clock for site 1 started by ADMINISTRATOR1 @ site 1 elapsed 0:00:01
221210 104719.209|INFO|Thread-5216|info| receiveObject(S) end   got Packet[CLOCK_STARTED] #3172 SERVER0 @ site 1 -> SERVER0 @ site 0
221210 110551.246|INFO|qtp1613095350-4160|sendToLocalServer|Sending packet to server Packet[RUN_SUBMISSION] #302 TEAM58 @ site 1 -> SERVER0 @ site 1
221210 110551.247|INFO|qtp1613095350-4160|sendToLocalServer|Sent    packet to server Packet[RUN_SUBMISSION] #302 TEAM58 @ site 1 -> SERVER0 @ site 1
221210 110551.259|INFO|Thread-24638|info| receiveObject(S) start got Packet[RUN_SUBMISSION_CONFIRM] #3642 SERVER0 @ site 1 -> TEAM58 @ site 1
221210 110551.259|INFO|Thread-24638|dumpPacket|Packet RUN_SUBMISSION_CONFIRM (Seq #3642, o#3642 ) recieveObject
221210 110551.259|INFO|Thread-24638|dumpPacket|  From: SERVER0 @ site 1, oSERVER0 @ site 1 (DESKTOP-D75BQTV @ 212.212.212.212) (Contest Id: Contest-4511288556462302159)
221210 110551.259|INFO|Thread-24638|dumpPacket|    To: TEAM58 @ site 1
221210 110551.260|INFO|Thread-24638|dumpPacket|   key: RUN is: edu.csus.ecs.pc2.core.model.Run Run 64 NEW 18 min 1113384ms from TEAM58 @ site 1 id Run-1899460657116607830 problem kat-6555164518704360822 lang Java-8995311559554510087
221210 110551.260|INFO|Thread-24638|info|handlePacket start Packet[RUN_SUBMISSION_CONFIRM] #3642 SERVER0 @ site 1 -> TEAM58 @ site 1
221210 110551.260|INFO|Thread-24638|dumpPacket|Packet RUN_SUBMISSION_CONFIRM (Seq #3642, o#3642 ) handlePacket
221210 110551.260|INFO|Thread-24638|dumpPacket|  From: SERVER0 @ site 1, oSERVER0 @ site 1 (DESKTOP-D75BQTV @ 212.212.212.212) (Contest Id: Contest-4511288556462302159)
221210 110551.260|INFO|Thread-24638|dumpPacket|    To: TEAM58 @ site 1
221210 110551.260|INFO|Thread-24638|dumpPacket|   key: RUN is: edu.csus.ecs.pc2.core.model.Run Run 64 NEW 18 min 1113384ms from TEAM58 @ site 1 id Run-1899460657116607830 problem kat-6555164518704360822 lang Java-8995311559554510087
221210 110551.260|INFO|Thread-24638|info| receiveObject(S) end   got Packet[RUN_SUBMISSION_CONFIRM] #3642 SERVER0 @ site 1 -> TEAM58 @ site 1
221210 110613.270|INFO|Thread-25304|info| receiveObject(S) start got Packet[RUN_JUDGEMENT] #3666 SERVER0 @ site 1 -> TEAM58 @ site 1
221210 110613.270|INFO|Thread-25304|dumpPacket|Packet RUN_JUDGEMENT (Seq #3666, o#3666 ) recieveObject
221210 110613.270|INFO|Thread-25304|dumpPacket|  From: SERVER0 @ site 1, oSERVER0 @ site 1 (DESKTOP-D75BQTV @ 212.212.212.212) (Contest Id: Contest-4511288556462302159)
221210 110613.270|INFO|Thread-25304|dumpPacket|    To: TEAM58 @ site 1
221210 110613.270|INFO|Thread-25304|dumpPacket|   key: JUDGEMENT_RECORD is: edu.csus.ecs.pc2.core.model.JudgementRecord No by JUDGE9 @ site 1 judgement No_-_Wrong_Answer-6447267484138471978 id JudgementRecord--5569408422862809801
221210 110613.270|INFO|Thread-25304|dumpPacket|   key: RUN is: edu.csus.ecs.pc2.core.model.Run Run 64 JUDGED 18 min 1113384ms from TEAM58 @ site 1 id Run-1899460657116607830 problem kat-6555164518704360822 lang Java-8995311559554510087
221210 110613.270|INFO|Thread-25304|dumpPacket|   key: CLIENT_ID is: edu.csus.ecs.pc2.core.model.ClientId SERVER0 @ site 1
221210 110613.270|INFO|Thread-25304|info|handlePacket start Packet[RUN_JUDGEMENT] #3666 SERVER0 @ site 1 -> TEAM58 @ site 1
221210 110613.270|INFO|Thread-25304|dumpPacket|Packet RUN_JUDGEMENT (Seq #3666, o#3666 ) handlePacket
221210 110613.270|INFO|Thread-25304|dumpPacket|  From: SERVER0 @ site 1, oSERVER0 @ site 1 (DESKTOP-D75BQTV @ 212.212.212.212) (Contest Id: Contest-4511288556462302159)
221210 110613.270|INFO|Thread-25304|dumpPacket|    To: TEAM58 @ site 1
221210 110613.270|INFO|Thread-25304|dumpPacket|   key: JUDGEMENT_RECORD is: edu.csus.ecs.pc2.core.model.JudgementRecord No by JUDGE9 @ site 1 judgement No_-_Wrong_Answer-6447267484138471978 id JudgementRecord--5569408422862809801
221210 110613.270|INFO|Thread-25304|dumpPacket|   key: RUN is: edu.csus.ecs.pc2.core.model.Run Run 64 JUDGED 18 min 1113384ms from TEAM58 @ site 1 id Run-1899460657116607830 problem kat-6555164518704360822 lang Java-8995311559554510087
221210 110613.270|INFO|Thread-25304|dumpPacket|   key: CLIENT_ID is: edu.csus.ecs.pc2.core.model.ClientId SERVER0 @ site 1
221210 110613.270|INFO|Thread-25304|info| receiveObject(S) end   got Packet[RUN_JUDGEMENT] #3666 SERVER0 @ site 1 -> TEAM58 @ site 1
221210 112631.353|INFO|qtp1613095350-52851|sendToLocalServer|Sending packet to server Packet[RUN_SUBMISSION] #427 TEAM58 @ site 1 -> SERVER0 @ site 1
221210 112631.354|INFO|qtp1613095350-52851|sendToLocalServer|Sent    packet to server Packet[RUN_SUBMISSION] #427 TEAM58 @ site 1 -> SERVER0 @ site 1
221210 112631.382|INFO|Thread-62694|info| receiveObject(S) start got Packet[RUN_SUBMISSION_CONFIRM] #4411 SERVER0 @ site 1 -> TEAM58 @ site 1
221210 112631.382|INFO|Thread-62694|dumpPacket|Packet RUN_SUBMISSION_CONFIRM (Seq #4411, o#4411 ) recieveObject
221210 112631.382|INFO|Thread-62694|dumpPacket|  From: SERVER0 @ site 1, oSERVER0 @ site 1 (DESKTOP-D75BQTV @ 212.212.212.212) (Contest Id: Contest-4511288556462302159)
221210 112631.382|INFO|Thread-62694|dumpPacket|    To: TEAM58 @ site 1
221210 112631.382|INFO|Thread-62694|dumpPacket|   key: RUN is: edu.csus.ecs.pc2.core.model.Run Run 172 NEW 39 min 2353493ms from TEAM58 @ site 1 id Run-8326781901929904936 problem joenathan-1253509444049781839 lang Java-8995311559554510087
221210 112631.382|INFO|Thread-62694|info|handlePacket start Packet[RUN_SUBMISSION_CONFIRM] #4411 SERVER0 @ site 1 -> TEAM58 @ site 1
221210 112631.383|INFO|Thread-62694|dumpPacket|Packet RUN_SUBMISSION_CONFIRM (Seq #4411, o#4411 ) handlePacket
221210 112631.383|INFO|Thread-62694|dumpPacket|  From: SERVER0 @ site 1, oSERVER0 @ site 1 (DESKTOP-D75BQTV @ 212.212.212.212) (Contest Id: Contest-4511288556462302159)
221210 112631.383|INFO|Thread-62694|dumpPacket|    To: TEAM58 @ site 1
221210 112631.383|INFO|Thread-62694|dumpPacket|   key: RUN is: edu.csus.ecs.pc2.core.model.Run Run 172 NEW 39 min 2353493ms from TEAM58 @ site 1 id Run-8326781901929904936 problem joenathan-1253509444049781839 lang Java-8995311559554510087
221210 112631.383|INFO|Thread-62694|info| receiveObject(S) end   got Packet[RUN_SUBMISSION_CONFIRM] #4411 SERVER0 @ site 1 -> TEAM58 @ site 1
221210 112708.995|INFO|Thread-63229|info| receiveObject(S) start got Packet[RUN_JUDGEMENT] #4422 SERVER0 @ site 1 -> TEAM58 @ site 1
221210 112708.995|INFO|Thread-63229|dumpPacket|Packet RUN_JUDGEMENT (Seq #4422, o#4422 ) recieveObject
221210 112708.995|INFO|Thread-63229|dumpPacket|  From: SERVER0 @ site 1, oSERVER0 @ site 1 (DESKTOP-D75BQTV @ 212.212.212.212) (Contest Id: Contest-4511288556462302159)
221210 112708.995|INFO|Thread-63229|dumpPacket|    To: TEAM58 @ site 1
221210 112708.996|INFO|Thread-63229|dumpPacket|   key: JUDGEMENT_RECORD is: edu.csus.ecs.pc2.core.model.JudgementRecord Yes by JUDGE1 @ site 1 judgement Yes-448420548528869030 id JudgementRecord--6267076601540879785
221210 112708.996|INFO|Thread-63229|dumpPacket|   key: RUN is: edu.csus.ecs.pc2.core.model.Run Run 172 JUDGED 39 min 2353493ms from TEAM58 @ site 1 id Run-8326781901929904936 problem joenathan-1253509444049781839 lang Java-8995311559554510087
221210 112708.996|INFO|Thread-63229|dumpPacket|   key: CLIENT_ID is: edu.csus.ecs.pc2.core.model.ClientId SERVER0 @ site 1
221210 112708.996|INFO|Thread-63229|info|handlePacket start Packet[RUN_JUDGEMENT] #4422 SERVER0 @ site 1 -> TEAM58 @ site 1
221210 112708.996|INFO|Thread-63229|dumpPacket|Packet RUN_JUDGEMENT (Seq #4422, o#4422 ) handlePacket
221210 112708.996|INFO|Thread-63229|dumpPacket|  From: SERVER0 @ site 1, oSERVER0 @ site 1 (DESKTOP-D75BQTV @ 212.212.212.212) (Contest Id: Contest-4511288556462302159)
221210 112708.996|INFO|Thread-63229|dumpPacket|    To: TEAM58 @ site 1
221210 112708.996|INFO|Thread-63229|dumpPacket|   key: JUDGEMENT_RECORD is: edu.csus.ecs.pc2.core.model.JudgementRecord Yes by JUDGE1 @ site 1 judgement Yes-448420548528869030 id JudgementRecord--6267076601540879785
221210 112708.996|INFO|Thread-63229|dumpPacket|   key: RUN is: edu.csus.ecs.pc2.core.model.Run Run 172 JUDGED 39 min 2353493ms from TEAM58 @ site 1 id Run-8326781901929904936 problem joenathan-1253509444049781839 lang Java-8995311559554510087
221210 112708.996|INFO|Thread-63229|dumpPacket|   key: CLIENT_ID is: edu.csus.ecs.pc2.core.model.ClientId SERVER0 @ site 1
221210 112708.996|INFO|Thread-63229|info| receiveObject(S) end   got Packet[RUN_JUDGEMENT] #4422 SERVER0 @ site 1 -> TEAM58 @ site 1
221210 112853.407|INFO|qtp1613095350-4214|sendToLocalServer|Sending packet to server Packet[RUN_SUBMISSION] #440 TEAM58 @ site 1 -> SERVER0 @ site 1
221210 112853.408|INFO|qtp1613095350-4214|sendToLocalServer|Sent    packet to server Packet[RUN_SUBMISSION] #440 TEAM58 @ site 1 -> SERVER0 @ site 1
221210 112853.438|INFO|Thread-67127|info| receiveObject(S) start got Packet[RUN_SUBMISSION_CONFIRM] #4493 SERVER0 @ site 1 -> TEAM58 @ site 1
221210 112853.438|INFO|Thread-67127|dumpPacket|Packet RUN_SUBMISSION_CONFIRM (Seq #4493, o#4493 ) recieveObject
221210 112853.438|INFO|Thread-67127|dumpPacket|  From: SERVER0 @ site 1, oSERVER0 @ site 1 (DESKTOP-D75BQTV @ 212.212.212.212) (Contest Id: Contest-4511288556462302159)
221210 112853.438|INFO|Thread-67127|dumpPacket|    To: TEAM58 @ site 1
221210 112853.438|INFO|Thread-67127|dumpPacket|   key: RUN is: edu.csus.ecs.pc2.core.model.Run Run 185 NEW 41 min 2495546ms from TEAM58 @ site 1 id Run-4464967849632535982 problem trianguls-3533366483522833389 lang Java-8995311559554510087
221210 112853.438|INFO|Thread-67127|info|handlePacket start Packet[RUN_SUBMISSION_CONFIRM] #4493 SERVER0 @ site 1 -> TEAM58 @ site 1
221210 112853.439|INFO|Thread-67127|dumpPacket|Packet RUN_SUBMISSION_CONFIRM (Seq #4493, o#4493 ) handlePacket
221210 112853.439|INFO|Thread-67127|dumpPacket|  From: SERVER0 @ site 1, oSERVER0 @ site 1 (DESKTOP-D75BQTV @ 212.212.212.212) (Contest Id: Contest-4511288556462302159)
221210 112853.439|INFO|Thread-67127|dumpPacket|    To: TEAM58 @ site 1
221210 112853.439|INFO|Thread-67127|dumpPacket|   key: RUN is: edu.csus.ecs.pc2.core.model.Run Run 185 NEW 41 min 2495546ms from TEAM58 @ site 1 id Run-4464967849632535982 problem trianguls-3533366483522833389 lang Java-8995311559554510087
221210 112853.439|INFO|Thread-67127|info| receiveObject(S) end   got Packet[RUN_SUBMISSION_CONFIRM] #4493 SERVER0 @ site 1 -> TEAM58 @ site 1
221210 112919.443|INFO|Thread-67480|info| receiveObject(S) start got Packet[RUN_JUDGEMENT] #4499 SERVER0 @ site 1 -> TEAM58 @ site 1
221210 112919.443|INFO|Thread-67480|dumpPacket|Packet RUN_JUDGEMENT (Seq #4499, o#4499 ) recieveObject
221210 112919.443|INFO|Thread-67480|dumpPacket|  From: SERVER0 @ site 1, oSERVER0 @ site 1 (DESKTOP-D75BQTV @ 212.212.212.212) (Contest Id: Contest-4511288556462302159)
221210 112919.443|INFO|Thread-67480|dumpPacket|    To: TEAM58 @ site 1
221210 112919.443|INFO|Thread-67480|dumpPacket|   key: JUDGEMENT_RECORD is: edu.csus.ecs.pc2.core.model.JudgementRecord Yes by JUDGE7 @ site 1 judgement Yes-448420548528869030 id JudgementRecord-1186036672580399971
221210 112919.443|INFO|Thread-67480|dumpPacket|   key: RUN is: edu.csus.ecs.pc2.core.model.Run Run 185 JUDGED 41 min 2495546ms from TEAM58 @ site 1 id Run-4464967849632535982 problem trianguls-3533366483522833389 lang Java-8995311559554510087
221210 112919.443|INFO|Thread-67480|dumpPacket|   key: CLIENT_ID is: edu.csus.ecs.pc2.core.model.ClientId SERVER0 @ site 1
221210 112919.443|INFO|Thread-67480|info|handlePacket start Packet[RUN_JUDGEMENT] #4499 SERVER0 @ site 1 -> TEAM58 @ site 1
221210 112919.443|INFO|Thread-67480|dumpPacket|Packet RUN_JUDGEMENT (Seq #4499, o#4499 ) handlePacket
221210 112919.443|INFO|Thread-67480|dumpPacket|  From: SERVER0 @ site 1, oSERVER0 @ site 1 (DESKTOP-D75BQTV @ 212.212.212.212) (Contest Id: Contest-4511288556462302159)
221210 112919.443|INFO|Thread-67480|dumpPacket|    To: TEAM58 @ site 1
221210 112919.443|INFO|Thread-67480|dumpPacket|   key: JUDGEMENT_RECORD is: edu.csus.ecs.pc2.core.model.JudgementRecord Yes by JUDGE7 @ site 1 judgement Yes-448420548528869030 id JudgementRecord-1186036672580399971
221210 112919.443|INFO|Thread-67480|dumpPacket|   key: RUN is: edu.csus.ecs.pc2.core.model.Run Run 185 JUDGED 41 min 2495546ms from TEAM58 @ site 1 id Run-4464967849632535982 problem trianguls-3533366483522833389 lang Java-8995311559554510087
221210 112919.443|INFO|Thread-67480|dumpPacket|   key: CLIENT_ID is: edu.csus.ecs.pc2.core.model.ClientId SERVER0 @ site 1
221210 112919.443|INFO|Thread-67480|info| receiveObject(S) end   got Packet[RUN_JUDGEMENT] #4499 SERVER0 @ site 1 -> TEAM58 @ site 1
221210 113157.593|INFO|qtp1613095350-53547|sendToLocalServer|Sending packet to server Packet[RUN_SUBMISSION] #463 TEAM58 @ site 1 -> SERVER0 @ site 1
221210 113157.593|INFO|qtp1613095350-53547|sendToLocalServer|Sent    packet to server Packet[RUN_SUBMISSION] #463 TEAM58 @ site 1 -> SERVER0 @ site 1
221210 113157.622|INFO|Thread-74260|info| receiveObject(S) start got Packet[RUN_SUBMISSION_CONFIRM] #4622 SERVER0 @ site 1 -> TEAM58 @ site 1
221210 113157.622|INFO|Thread-74260|dumpPacket|Packet RUN_SUBMISSION_CONFIRM (Seq #4622, o#4622 ) recieveObject
221210 113157.622|INFO|Thread-74260|dumpPacket|  From: SERVER0 @ site 1, oSERVER0 @ site 1 (DESKTOP-D75BQTV @ 212.212.212.212) (Contest Id: Contest-4511288556462302159)
221210 113157.622|INFO|Thread-74260|dumpPacket|    To: TEAM58 @ site 1
221210 113157.622|INFO|Thread-74260|dumpPacket|   key: RUN is: edu.csus.ecs.pc2.core.model.Run Run 206 NEW 44 min 2679732ms from TEAM58 @ site 1 id Run-7220060253772594990 problem kat-6555164518704360822 lang Java-8995311559554510087
221210 113157.622|INFO|Thread-74260|info|handlePacket start Packet[RUN_SUBMISSION_CONFIRM] #4622 SERVER0 @ site 1 -> TEAM58 @ site 1
221210 113157.622|INFO|Thread-74260|dumpPacket|Packet RUN_SUBMISSION_CONFIRM (Seq #4622, o#4622 ) handlePacket
221210 113157.622|INFO|Thread-74260|dumpPacket|  From: SERVER0 @ site 1, oSERVER0 @ site 1 (DESKTOP-D75BQTV @ 212.212.212.212) (Contest Id: Contest-4511288556462302159)
221210 113157.622|INFO|Thread-74260|dumpPacket|    To: TEAM58 @ site 1
221210 113157.622|INFO|Thread-74260|dumpPacket|   key: RUN is: edu.csus.ecs.pc2.core.model.Run Run 206 NEW 44 min 2679732ms from TEAM58 @ site 1 id Run-7220060253772594990 problem kat-6555164518704360822 lang Java-8995311559554510087
221210 113157.623|INFO|Thread-74260|info| receiveObject(S) end   got Packet[RUN_SUBMISSION_CONFIRM] #4622 SERVER0 @ site 1 -> TEAM58 @ site 1
221210 113231.931|INFO|Thread-76042|info| receiveObject(S) start got Packet[RUN_JUDGEMENT] #4653 SERVER0 @ site 1 -> TEAM58 @ site 1
221210 113231.931|INFO|Thread-76042|dumpPacket|Packet RUN_JUDGEMENT (Seq #4653, o#4653 ) recieveObject
221210 113231.931|INFO|Thread-76042|dumpPacket|  From: SERVER0 @ site 1, oSERVER0 @ site 1 (DESKTOP-D75BQTV @ 212.212.212.212) (Contest Id: Contest-4511288556462302159)
221210 113231.931|INFO|Thread-76042|dumpPacket|    To: TEAM58 @ site 1
221210 113231.931|INFO|Thread-76042|dumpPacket|   key: JUDGEMENT_RECORD is: edu.csus.ecs.pc2.core.model.JudgementRecord Yes by JUDGE3 @ site 1 judgement Yes-448420548528869030 id JudgementRecord--467732559341297250
221210 113231.931|INFO|Thread-76042|dumpPacket|   key: RUN is: edu.csus.ecs.pc2.core.model.Run Run 206 JUDGED 44 min 2679732ms from TEAM58 @ site 1 id Run-7220060253772594990 problem kat-6555164518704360822 lang Java-8995311559554510087
221210 113231.931|INFO|Thread-76042|dumpPacket|   key: CLIENT_ID is: edu.csus.ecs.pc2.core.model.ClientId SERVER0 @ site 1
221210 113231.931|INFO|Thread-76042|info|handlePacket start Packet[RUN_JUDGEMENT] #4653 SERVER0 @ site 1 -> TEAM58 @ site 1
221210 113231.931|INFO|Thread-76042|dumpPacket|Packet RUN_JUDGEMENT (Seq #4653, o#4653 ) handlePacket
221210 113231.931|INFO|Thread-76042|dumpPacket|  From: SERVER0 @ site 1, oSERVER0 @ site 1 (DESKTOP-D75BQTV @ 212.212.212.212) (Contest Id: Contest-4511288556462302159)
221210 113231.931|INFO|Thread-76042|dumpPacket|    To: TEAM58 @ site 1
221210 113231.931|INFO|Thread-76042|dumpPacket|   key: JUDGEMENT_RECORD is: edu.csus.ecs.pc2.core.model.JudgementRecord Yes by JUDGE3 @ site 1 judgement Yes-448420548528869030 id JudgementRecord--467732559341297250
221210 113231.931|INFO|Thread-76042|dumpPacket|   key: RUN is: edu.csus.ecs.pc2.core.model.Run Run 206 JUDGED 44 min 2679732ms from TEAM58 @ site 1 id Run-7220060253772594990 problem kat-6555164518704360822 lang Java-8995311559554510087
221210 113231.931|INFO|Thread-76042|dumpPacket|   key: CLIENT_ID is: edu.csus.ecs.pc2.core.model.ClientId SERVER0 @ site 1
221210 113231.931|INFO|Thread-76042|info| receiveObject(S) end   got Packet[RUN_JUDGEMENT] #4653 SERVER0 @ site 1 -> TEAM58 @ site 1
221210 114607.879|INFO|qtp1613095350-70352|sendToLocalServer|Sending packet to server Packet[RUN_SUBMISSION] #562 TEAM58 @ site 1 -> SERVER0 @ site 1
221210 114607.880|INFO|qtp1613095350-70352|sendToLocalServer|Sent    packet to server Packet[RUN_SUBMISSION] #562 TEAM58 @ site 1 -> SERVER0 @ site 1
221210 114607.920|INFO|Thread-107017|info| receiveObject(S) start got Packet[RUN_SUBMISSION_CONFIRM] #5221 SERVER0 @ site 1 -> TEAM58 @ site 1
221210 114607.920|INFO|Thread-107017|dumpPacket|Packet RUN_SUBMISSION_CONFIRM (Seq #5221, o#5221 ) recieveObject
221210 114607.920|INFO|Thread-107017|dumpPacket|  From: SERVER0 @ site 1, oSERVER0 @ site 1 (DESKTOP-D75BQTV @ 212.212.212.212) (Contest Id: Contest-4511288556462302159)
221210 114607.920|INFO|Thread-107017|dumpPacket|    To: TEAM58 @ site 1
221210 114607.920|INFO|Thread-107017|dumpPacket|   key: RUN is: edu.csus.ecs.pc2.core.model.Run Run 297 NEW 58 min 3530019ms from TEAM58 @ site 1 id Run-8026654100761783270 problem loanur--1521127695391573182 lang Java-8995311559554510087
221210 114607.920|INFO|Thread-107017|info|handlePacket start Packet[RUN_SUBMISSION_CONFIRM] #5221 SERVER0 @ site 1 -> TEAM58 @ site 1
221210 114607.920|INFO|Thread-107017|dumpPacket|Packet RUN_SUBMISSION_CONFIRM (Seq #5221, o#5221 ) handlePacket
221210 114607.920|INFO|Thread-107017|dumpPacket|  From: SERVER0 @ site 1, oSERVER0 @ site 1 (DESKTOP-D75BQTV @ 212.212.212.212) (Contest Id: Contest-4511288556462302159)
221210 114607.920|INFO|Thread-107017|dumpPacket|    To: TEAM58 @ site 1
221210 114607.920|INFO|Thread-107017|dumpPacket|   key: RUN is: edu.csus.ecs.pc2.core.model.Run Run 297 NEW 58 min 3530019ms from TEAM58 @ site 1 id Run-8026654100761783270 problem loanur--1521127695391573182 lang Java-8995311559554510087
221210 114607.920|INFO|Thread-107017|info| receiveObject(S) end   got Packet[RUN_SUBMISSION_CONFIRM] #5221 SERVER0 @ site 1 -> TEAM58 @ site 1
221210 114714.674|INFO|Thread-108498|info| receiveObject(S) start got Packet[RUN_JUDGEMENT] #5252 SERVER0 @ site 1 -> TEAM58 @ site 1
221210 114714.674|INFO|Thread-108498|dumpPacket|Packet RUN_JUDGEMENT (Seq #5252, o#5252 ) recieveObject
221210 114714.674|INFO|Thread-108498|dumpPacket|  From: SERVER0 @ site 1, oSERVER0 @ site 1 (DESKTOP-D75BQTV @ 212.212.212.212) (Contest Id: Contest-4511288556462302159)
221210 114714.674|INFO|Thread-108498|dumpPacket|    To: TEAM58 @ site 1
221210 114714.674|INFO|Thread-108498|dumpPacket|   key: JUDGEMENT_RECORD is: edu.csus.ecs.pc2.core.model.JudgementRecord Yes by JUDGE10 @ site 1 judgement Yes-448420548528869030 id JudgementRecord-77569587093095314
221210 114714.674|INFO|Thread-108498|dumpPacket|   key: RUN is: edu.csus.ecs.pc2.core.model.Run Run 297 JUDGED 58 min 3530019ms from TEAM58 @ site 1 id Run-8026654100761783270 problem loanur--1521127695391573182 lang Java-8995311559554510087
221210 114714.674|INFO|Thread-108498|dumpPacket|   key: CLIENT_ID is: edu.csus.ecs.pc2.core.model.ClientId SERVER0 @ site 1
221210 114714.674|INFO|Thread-108498|info|handlePacket start Packet[RUN_JUDGEMENT] #5252 SERVER0 @ site 1 -> TEAM58 @ site 1
221210 114714.674|INFO|Thread-108498|dumpPacket|Packet RUN_JUDGEMENT (Seq #5252, o#5252 ) handlePacket
221210 114714.674|INFO|Thread-108498|dumpPacket|  From: SERVER0 @ site 1, oSERVER0 @ site 1 (DESKTOP-D75BQTV @ 212.212.212.212) (Contest Id: Contest-4511288556462302159)
221210 114714.674|INFO|Thread-108498|dumpPacket|    To: TEAM58 @ site 1
221210 114714.674|INFO|Thread-108498|dumpPacket|   key: JUDGEMENT_RECORD is: edu.csus.ecs.pc2.core.model.JudgementRecord Yes by JUDGE10 @ site 1 judgement Yes-448420548528869030 id JudgementRecord-77569587093095314
221210 114714.674|INFO|Thread-108498|dumpPacket|   key: RUN is: edu.csus.ecs.pc2.core.model.Run Run 297 JUDGED 58 min 3530019ms from TEAM58 @ site 1 id Run-8026654100761783270 problem loanur--1521127695391573182 lang Java-8995311559554510087
221210 114714.674|INFO|Thread-108498|dumpPacket|   key: CLIENT_ID is: edu.csus.ecs.pc2.core.model.ClientId SERVER0 @ site 1
221210 114714.674|INFO|Thread-108498|info| receiveObject(S) end   got Packet[RUN_JUDGEMENT] #5252 SERVER0 @ site 1 -> TEAM58 @ site 1
221210 115334.444|INFO|qtp1613095350-93246|sendToLocalServer|Sending packet to server Packet[RUN_SUBMISSION] #607 TEAM58 @ site 1 -> SERVER0 @ site 1
221210 115334.444|INFO|qtp1613095350-93246|sendToLocalServer|Sent    packet to server Packet[RUN_SUBMISSION] #607 TEAM58 @ site 1 -> SERVER0 @ site 1
221210 115334.484|INFO|Thread-122254|info| receiveObject(S) start got Packet[RUN_SUBMISSION_CONFIRM] #5490 SERVER0 @ site 1 -> TEAM58 @ site 1
221210 115334.484|INFO|Thread-122254|dumpPacket|Packet RUN_SUBMISSION_CONFIRM (Seq #5490, o#5490 ) recieveObject
221210 115334.484|INFO|Thread-122254|dumpPacket|  From: SERVER0 @ site 1, oSERVER0 @ site 1 (DESKTOP-D75BQTV @ 212.212.212.212) (Contest Id: Contest-4511288556462302159)
221210 115334.484|INFO|Thread-122254|dumpPacket|    To: TEAM58 @ site 1
221210 115334.484|INFO|Thread-122254|dumpPacket|   key: RUN is: edu.csus.ecs.pc2.core.model.Run Run 338 NEW 66 min 3976582ms from TEAM58 @ site 1 id Run-5513408633648771229 problem hashbroun--674302307081013706 lang Java-8995311559554510087
221210 115334.484|INFO|Thread-122254|info|handlePacket start Packet[RUN_SUBMISSION_CONFIRM] #5490 SERVER0 @ site 1 -> TEAM58 @ site 1
221210 115334.484|INFO|Thread-122254|dumpPacket|Packet RUN_SUBMISSION_CONFIRM (Seq #5490, o#5490 ) handlePacket
221210 115334.484|INFO|Thread-122254|dumpPacket|  From: SERVER0 @ site 1, oSERVER0 @ site 1 (DESKTOP-D75BQTV @ 212.212.212.212) (Contest Id: Contest-4511288556462302159)
221210 115334.484|INFO|Thread-122254|dumpPacket|    To: TEAM58 @ site 1
221210 115334.484|INFO|Thread-122254|dumpPacket|   key: RUN is: edu.csus.ecs.pc2.core.model.Run Run 338 NEW 66 min 3976582ms from TEAM58 @ site 1 id Run-5513408633648771229 problem hashbroun--674302307081013706 lang Java-8995311559554510087
221210 115334.484|INFO|Thread-122254|info| receiveObject(S) end   got Packet[RUN_SUBMISSION_CONFIRM] #5490 SERVER0 @ site 1 -> TEAM58 @ site 1
221210 115353.390|INFO|Thread-123186|info| receiveObject(S) start got Packet[RUN_JUDGEMENT] #5508 SERVER0 @ site 1 -> TEAM58 @ site 1
221210 115353.390|INFO|Thread-123186|dumpPacket|Packet RUN_JUDGEMENT (Seq #5508, o#5508 ) recieveObject
221210 115353.390|INFO|Thread-123186|dumpPacket|  From: SERVER0 @ site 1, oSERVER0 @ site 1 (DESKTOP-D75BQTV @ 212.212.212.212) (Contest Id: Contest-4511288556462302159)
221210 115353.390|INFO|Thread-123186|dumpPacket|    To: TEAM58 @ site 1
221210 115353.390|INFO|Thread-123186|dumpPacket|   key: JUDGEMENT_RECORD is: edu.csus.ecs.pc2.core.model.JudgementRecord Yes by JUDGE7 @ site 1 judgement Yes-448420548528869030 id JudgementRecord--8527778390327044804
221210 115353.390|INFO|Thread-123186|dumpPacket|   key: RUN is: edu.csus.ecs.pc2.core.model.Run Run 338 JUDGED 66 min 3976582ms from TEAM58 @ site 1 id Run-5513408633648771229 problem hashbroun--674302307081013706 lang Java-8995311559554510087
221210 115353.390|INFO|Thread-123186|dumpPacket|   key: CLIENT_ID is: edu.csus.ecs.pc2.core.model.ClientId SERVER0 @ site 1
221210 115353.390|INFO|Thread-123186|info|handlePacket start Packet[RUN_JUDGEMENT] #5508 SERVER0 @ site 1 -> TEAM58 @ site 1
221210 115353.390|INFO|Thread-123186|dumpPacket|Packet RUN_JUDGEMENT (Seq #5508, o#5508 ) handlePacket
221210 115353.391|INFO|Thread-123186|dumpPacket|  From: SERVER0 @ site 1, oSERVER0 @ site 1 (DESKTOP-D75BQTV @ 212.212.212.212) (Contest Id: Contest-4511288556462302159)
221210 115353.391|INFO|Thread-123186|dumpPacket|    To: TEAM58 @ site 1
221210 115353.391|INFO|Thread-123186|dumpPacket|   key: JUDGEMENT_RECORD is: edu.csus.ecs.pc2.core.model.JudgementRecord Yes by JUDGE7 @ site 1 judgement Yes-448420548528869030 id JudgementRecord--8527778390327044804
221210 115353.391|INFO|Thread-123186|dumpPacket|   key: RUN is: edu.csus.ecs.pc2.core.model.Run Run 338 JUDGED 66 min 3976582ms from TEAM58 @ site 1 id Run-5513408633648771229 problem hashbroun--674302307081013706 lang Java-8995311559554510087
221210 115353.391|INFO|Thread-123186|dumpPacket|   key: CLIENT_ID is: edu.csus.ecs.pc2.core.model.ClientId SERVER0 @ site 1
221210 115353.391|INFO|Thread-123186|info| receiveObject(S) end   got Packet[RUN_JUDGEMENT] #5508 SERVER0 @ site 1 -> TEAM58 @ site 1
221210 120724.628|INFO|Thread-150019|info| receiveObject(S) start got Packet[CLARIFICATION_ANSWER_UPDATE] #5991 SERVER0 @ site 1 -> SERVER0 @ site 0
221210 120724.628|INFO|Thread-150019|dumpPacket|Packet CLARIFICATION_ANSWER_UPDATE (Seq #5991, o#5991 ) recieveObject
221210 120724.628|INFO|Thread-150019|dumpPacket|  From: SERVER0 @ site 1, oSERVER0 @ site 1 (DESKTOP-D75BQTV @ 212.212.212.212) (Contest Id: Contest-4511288556462302159)
221210 120724.628|INFO|Thread-150019|dumpPacket|    To: SERVER0 @ site 0
221210 120724.628|INFO|Thread-150019|dumpPacket|   key: CLARIFICATION is: edu.csus.ecs.pc2.core.model.Clarification Clarification 6 ANSWERED from JUDGE1 @ site 1 at 35 id=Clarification-692195316381636229
221210 120724.628|INFO|Thread-150019|dumpPacket|   key: CLARIFICATION_ANSWER is: java.lang.String No response, read problem statement
221210 120724.628|INFO|Thread-150019|dumpPacket|   key: CLIENT_ID is: edu.csus.ecs.pc2.core.model.ClientId JUDGE9 @ site 1
221210 120724.628|INFO|Thread-150019|info|handlePacket start Packet[CLARIFICATION_ANSWER_UPDATE] #5991 SERVER0 @ site 1 -> SERVER0 @ site 0
221210 120724.628|INFO|Thread-150019|dumpPacket|Packet CLARIFICATION_ANSWER_UPDATE (Seq #5991, o#5991 ) handlePacket
221210 120724.628|INFO|Thread-150019|dumpPacket|  From: SERVER0 @ site 1, oSERVER0 @ site 1 (DESKTOP-D75BQTV @ 212.212.212.212) (Contest Id: Contest-4511288556462302159)
221210 120724.628|INFO|Thread-150019|dumpPacket|    To: SERVER0 @ site 0
221210 120724.628|INFO|Thread-150019|dumpPacket|   key: CLARIFICATION is: edu.csus.ecs.pc2.core.model.Clarification Clarification 6 ANSWERED from JUDGE1 @ site 1 at 35 id=Clarification-692195316381636229
221210 120724.628|INFO|Thread-150019|dumpPacket|   key: CLARIFICATION_ANSWER is: java.lang.String No response, read problem statement
221210 120724.628|INFO|Thread-150019|dumpPacket|   key: CLIENT_ID is: edu.csus.ecs.pc2.core.model.ClientId JUDGE9 @ site 1
221210 120724.629|INFO|Thread-150019|info| receiveObject(S) end   got Packet[CLARIFICATION_ANSWER_UPDATE] #5991 SERVER0 @ site 1 -> SERVER0 @ site 0
221210 121508.109|INFO|qtp1613095350-70352|sendToLocalServer|Sending packet to server Packet[RUN_SUBMISSION] #729 TEAM58 @ site 1 -> SERVER0 @ site 1
221210 121508.110|INFO|qtp1613095350-70352|sendToLocalServer|Sent    packet to server Packet[RUN_SUBMISSION] #729 TEAM58 @ site 1 -> SERVER0 @ site 1
221210 121508.162|INFO|Thread-165343|info| receiveObject(S) start got Packet[RUN_SUBMISSION_CONFIRM] #6253 SERVER0 @ site 1 -> TEAM58 @ site 1
221210 121508.162|INFO|Thread-165343|dumpPacket|Packet RUN_SUBMISSION_CONFIRM (Seq #6253, o#6253 ) recieveObject
221210 121508.162|INFO|Thread-165343|dumpPacket|  From: SERVER0 @ site 1, oSERVER0 @ site 1 (DESKTOP-D75BQTV @ 212.212.212.212) (Contest Id: Contest-4511288556462302159)
221210 121508.162|INFO|Thread-165343|dumpPacket|    To: TEAM58 @ site 1
221210 121508.162|INFO|Thread-165343|dumpPacket|   key: RUN is: edu.csus.ecs.pc2.core.model.Run Run 449 NEW 87 min 5270249ms from TEAM58 @ site 1 id Run-1864187537043340297 problem throatpunch-9036032191564691104 lang Java-8995311559554510087
221210 121508.162|INFO|Thread-165343|info|handlePacket start Packet[RUN_SUBMISSION_CONFIRM] #6253 SERVER0 @ site 1 -> TEAM58 @ site 1
221210 121508.162|INFO|Thread-165343|dumpPacket|Packet RUN_SUBMISSION_CONFIRM (Seq #6253, o#6253 ) handlePacket
221210 121508.162|INFO|Thread-165343|dumpPacket|  From: SERVER0 @ site 1, oSERVER0 @ site 1 (DESKTOP-D75BQTV @ 212.212.212.212) (Contest Id: Contest-4511288556462302159)
221210 121508.162|INFO|Thread-165343|dumpPacket|    To: TEAM58 @ site 1
221210 121508.162|INFO|Thread-165343|dumpPacket|   key: RUN is: edu.csus.ecs.pc2.core.model.Run Run 449 NEW 87 min 5270249ms from TEAM58 @ site 1 id Run-1864187537043340297 problem throatpunch-9036032191564691104 lang Java-8995311559554510087
221210 121508.162|INFO|Thread-165343|info| receiveObject(S) end   got Packet[RUN_SUBMISSION_CONFIRM] #6253 SERVER0 @ site 1 -> TEAM58 @ site 1
221210 121613.120|INFO|Thread-166698|info| receiveObject(S) start got Packet[RUN_JUDGEMENT] #6279 SERVER0 @ site 1 -> TEAM58 @ site 1
221210 121613.120|INFO|Thread-166698|dumpPacket|Packet RUN_JUDGEMENT (Seq #6279, o#6279 ) recieveObject
221210 121613.120|INFO|Thread-166698|dumpPacket|  From: SERVER0 @ site 1, oSERVER0 @ site 1 (DESKTOP-D75BQTV @ 212.212.212.212) (Contest Id: Contest-4511288556462302159)
221210 121613.120|INFO|Thread-166698|dumpPacket|    To: TEAM58 @ site 1
221210 121613.120|INFO|Thread-166698|dumpPacket|   key: JUDGEMENT_RECORD is: edu.csus.ecs.pc2.core.model.JudgementRecord No by JUDGE9 @ site 1 judgement No_-_Wrong_Answer-6447267484138471978 id JudgementRecord--3396462680381622519
221210 121613.120|INFO|Thread-166698|dumpPacket|   key: RUN is: edu.csus.ecs.pc2.core.model.Run Run 449 JUDGED 87 min 5270249ms from TEAM58 @ site 1 id Run-1864187537043340297 problem throatpunch-9036032191564691104 lang Java-8995311559554510087
221210 121613.120|INFO|Thread-166698|dumpPacket|   key: CLIENT_ID is: edu.csus.ecs.pc2.core.model.ClientId SERVER0 @ site 1
221210 121613.120|INFO|Thread-166698|info|handlePacket start Packet[RUN_JUDGEMENT] #6279 SERVER0 @ site 1 -> TEAM58 @ site 1
221210 121613.120|INFO|Thread-166698|dumpPacket|Packet RUN_JUDGEMENT (Seq #6279, o#6279 ) handlePacket
221210 121613.120|INFO|Thread-166698|dumpPacket|  From: SERVER0 @ site 1, oSERVER0 @ site 1 (DESKTOP-D75BQTV @ 212.212.212.212) (Contest Id: Contest-4511288556462302159)
221210 121613.120|INFO|Thread-166698|dumpPacket|    To: TEAM58 @ site 1
221210 121613.120|INFO|Thread-166698|dumpPacket|   key: JUDGEMENT_RECORD is: edu.csus.ecs.pc2.core.model.JudgementRecord No by JUDGE9 @ site 1 judgement No_-_Wrong_Answer-6447267484138471978 id JudgementRecord--3396462680381622519
221210 121613.120|INFO|Thread-166698|dumpPacket|   key: RUN is: edu.csus.ecs.pc2.core.model.Run Run 449 JUDGED 87 min 5270249ms from TEAM58 @ site 1 id Run-1864187537043340297 problem throatpunch-9036032191564691104 lang Java-8995311559554510087
221210 121613.120|INFO|Thread-166698|dumpPacket|   key: CLIENT_ID is: edu.csus.ecs.pc2.core.model.ClientId SERVER0 @ site 1
221210 121613.120|INFO|Thread-166698|info| receiveObject(S) end   got Packet[RUN_JUDGEMENT] #6279 SERVER0 @ site 1 -> TEAM58 @ site 1
221210 122223.467|INFO|qtp1613095350-171558|sendToLocalServer|Sending packet to server Packet[RUN_SUBMISSION] #770 TEAM58 @ site 1 -> SERVER0 @ site 1
221210 122223.467|INFO|qtp1613095350-171558|sendToLocalServer|Sent    packet to server Packet[RUN_SUBMISSION] #770 TEAM58 @ site 1 -> SERVER0 @ site 1
221210 122223.523|INFO|Thread-179368|info| receiveObject(S) start got Packet[RUN_SUBMISSION_CONFIRM] #6510 SERVER0 @ site 1 -> TEAM58 @ site 1
221210 122223.523|INFO|Thread-179368|dumpPacket|Packet RUN_SUBMISSION_CONFIRM (Seq #6510, o#6510 ) recieveObject
221210 122223.523|INFO|Thread-179368|dumpPacket|  From: SERVER0 @ site 1, oSERVER0 @ site 1 (DESKTOP-D75BQTV @ 212.212.212.212) (Contest Id: Contest-4511288556462302159)
221210 122223.523|INFO|Thread-179368|dumpPacket|    To: TEAM58 @ site 1
221210 122223.523|INFO|Thread-179368|dumpPacket|   key: RUN is: edu.csus.ecs.pc2.core.model.Run Run 485 NEW 95 min 5705606ms from TEAM58 @ site 1 id Run-3240586924859397642 problem sillybilly-5332239293027507371 lang Java-8995311559554510087
221210 122223.524|INFO|Thread-179368|info|handlePacket start Packet[RUN_SUBMISSION_CONFIRM] #6510 SERVER0 @ site 1 -> TEAM58 @ site 1
221210 122223.524|INFO|Thread-179368|dumpPacket|Packet RUN_SUBMISSION_CONFIRM (Seq #6510, o#6510 ) handlePacket
221210 122223.524|INFO|Thread-179368|dumpPacket|  From: SERVER0 @ site 1, oSERVER0 @ site 1 (DESKTOP-D75BQTV @ 212.212.212.212) (Contest Id: Contest-4511288556462302159)
221210 122223.524|INFO|Thread-179368|dumpPacket|    To: TEAM58 @ site 1
221210 122223.524|INFO|Thread-179368|dumpPacket|   key: RUN is: edu.csus.ecs.pc2.core.model.Run Run 485 NEW 95 min 5705606ms from TEAM58 @ site 1 id Run-3240586924859397642 problem sillybilly-5332239293027507371 lang Java-8995311559554510087
221210 122223.524|INFO|Thread-179368|info| receiveObject(S) end   got Packet[RUN_SUBMISSION_CONFIRM] #6510 SERVER0 @ site 1 -> TEAM58 @ site 1
221210 122307.010|INFO|qtp1613095350-150111|sendToLocalServer|Sending packet to server Packet[RUN_SUBMISSION] #774 TEAM58 @ site 1 -> SERVER0 @ site 1
221210 122307.011|INFO|qtp1613095350-150111|sendToLocalServer|Sent    packet to server Packet[RUN_SUBMISSION] #774 TEAM58 @ site 1 -> SERVER0 @ site 1
221210 122307.087|INFO|Thread-180552|info| receiveObject(S) start got Packet[RUN_SUBMISSION_CONFIRM] #6533 SERVER0 @ site 1 -> TEAM58 @ site 1
221210 122307.087|INFO|Thread-180552|dumpPacket|Packet RUN_SUBMISSION_CONFIRM (Seq #6533, o#6533 ) recieveObject
221210 122307.087|INFO|Thread-180552|dumpPacket|  From: SERVER0 @ site 1, oSERVER0 @ site 1 (DESKTOP-D75BQTV @ 212.212.212.212) (Contest Id: Contest-4511288556462302159)
221210 122307.087|INFO|Thread-180552|dumpPacket|    To: TEAM58 @ site 1
221210 122307.087|INFO|Thread-180552|dumpPacket|   key: RUN is: edu.csus.ecs.pc2.core.model.Run Run 489 NEW 95 min 5749150ms from TEAM58 @ site 1 id Run--583346932959175458 problem throatpunch-9036032191564691104 lang Java-8995311559554510087
221210 122307.088|INFO|Thread-180552|info|handlePacket start Packet[RUN_SUBMISSION_CONFIRM] #6533 SERVER0 @ site 1 -> TEAM58 @ site 1
221210 122307.088|INFO|Thread-180552|dumpPacket|Packet RUN_SUBMISSION_CONFIRM (Seq #6533, o#6533 ) handlePacket
221210 122307.088|INFO|Thread-180552|dumpPacket|  From: SERVER0 @ site 1, oSERVER0 @ site 1 (DESKTOP-D75BQTV @ 212.212.212.212) (Contest Id: Contest-4511288556462302159)
221210 122307.088|INFO|Thread-180552|dumpPacket|    To: TEAM58 @ site 1
221210 122307.088|INFO|Thread-180552|dumpPacket|   key: RUN is: edu.csus.ecs.pc2.core.model.Run Run 489 NEW 95 min 5749150ms from TEAM58 @ site 1 id Run--583346932959175458 problem throatpunch-9036032191564691104 lang Java-8995311559554510087
221210 122307.088|INFO|Thread-180552|info| receiveObject(S) end   got Packet[RUN_SUBMISSION_CONFIRM] #6533 SERVER0 @ site 1 -> TEAM58 @ site 1
221210 122315.357|INFO|Thread-180947|info| receiveObject(S) start got Packet[RUN_JUDGEMENT] #6543 SERVER0 @ site 1 -> TEAM58 @ site 1
221210 122315.357|INFO|Thread-180947|dumpPacket|Packet RUN_JUDGEMENT (Seq #6543, o#6543 ) recieveObject
221210 122315.357|INFO|Thread-180947|dumpPacket|  From: SERVER0 @ site 1, oSERVER0 @ site 1 (DESKTOP-D75BQTV @ 212.212.212.212) (Contest Id: Contest-4511288556462302159)
221210 122315.357|INFO|Thread-180947|dumpPacket|    To: TEAM58 @ site 1
221210 122315.357|INFO|Thread-180947|dumpPacket|   key: JUDGEMENT_RECORD is: edu.csus.ecs.pc2.core.model.JudgementRecord Yes by JUDGE1 @ site 1 judgement Yes-448420548528869030 id JudgementRecord-3603120665550792790
221210 122315.357|INFO|Thread-180947|dumpPacket|   key: RUN is: edu.csus.ecs.pc2.core.model.Run Run 489 JUDGED 95 min 5749150ms from TEAM58 @ site 1 id Run--583346932959175458 problem throatpunch-9036032191564691104 lang Java-8995311559554510087
221210 122315.357|INFO|Thread-180947|dumpPacket|   key: CLIENT_ID is: edu.csus.ecs.pc2.core.model.ClientId SERVER0 @ site 1
221210 122315.357|INFO|Thread-180947|info|handlePacket start Packet[RUN_JUDGEMENT] #6543 SERVER0 @ site 1 -> TEAM58 @ site 1
221210 122315.357|INFO|Thread-180947|dumpPacket|Packet RUN_JUDGEMENT (Seq #6543, o#6543 ) handlePacket
221210 122315.357|INFO|Thread-180947|dumpPacket|  From: SERVER0 @ site 1, oSERVER0 @ site 1 (DESKTOP-D75BQTV @ 212.212.212.212) (Contest Id: Contest-4511288556462302159)
221210 122315.357|INFO|Thread-180947|dumpPacket|    To: TEAM58 @ site 1
221210 122315.357|INFO|Thread-180947|dumpPacket|   key: JUDGEMENT_RECORD is: edu.csus.ecs.pc2.core.model.JudgementRecord Yes by JUDGE1 @ site 1 judgement Yes-448420548528869030 id JudgementRecord-3603120665550792790
221210 122315.357|INFO|Thread-180947|dumpPacket|   key: RUN is: edu.csus.ecs.pc2.core.model.Run Run 489 JUDGED 95 min 5749150ms from TEAM58 @ site 1 id Run--583346932959175458 problem throatpunch-9036032191564691104 lang Java-8995311559554510087
221210 122315.357|INFO|Thread-180947|dumpPacket|   key: CLIENT_ID is: edu.csus.ecs.pc2.core.model.ClientId SERVER0 @ site 1
221210 122315.357|INFO|Thread-180947|info| receiveObject(S) end   got Packet[RUN_JUDGEMENT] #6543 SERVER0 @ site 1 -> TEAM58 @ site 1
221210 122453.767|INFO|Thread-184098|info| receiveObject(S) start got Packet[RUN_JUDGEMENT] #6599 SERVER0 @ site 1 -> TEAM58 @ site 1
221210 122453.767|INFO|Thread-184098|dumpPacket|Packet RUN_JUDGEMENT (Seq #6599, o#6599 ) recieveObject
221210 122453.767|INFO|Thread-184098|dumpPacket|  From: SERVER0 @ site 1, oSERVER0 @ site 1 (DESKTOP-D75BQTV @ 212.212.212.212) (Contest Id: Contest-4511288556462302159)
221210 122453.767|INFO|Thread-184098|dumpPacket|    To: TEAM58 @ site 1
221210 122453.767|INFO|Thread-184098|dumpPacket|   key: JUDGEMENT_RECORD is: edu.csus.ecs.pc2.core.model.JudgementRecord No by JUDGE2 @ site 1 judgement No_-_Wrong_Answer-6447267484138471978 id JudgementRecord--2250999062068215004
221210 122453.767|INFO|Thread-184098|dumpPacket|   key: RUN is: edu.csus.ecs.pc2.core.model.Run Run 485 JUDGED 95 min 5705606ms from TEAM58 @ site 1 id Run-3240586924859397642 problem sillybilly-5332239293027507371 lang Java-8995311559554510087
221210 122453.767|INFO|Thread-184098|dumpPacket|   key: CLIENT_ID is: edu.csus.ecs.pc2.core.model.ClientId SERVER0 @ site 1
221210 122453.767|INFO|Thread-184098|info|handlePacket start Packet[RUN_JUDGEMENT] #6599 SERVER0 @ site 1 -> TEAM58 @ site 1
221210 122453.767|INFO|Thread-184098|dumpPacket|Packet RUN_JUDGEMENT (Seq #6599, o#6599 ) handlePacket
221210 122453.767|INFO|Thread-184098|dumpPacket|  From: SERVER0 @ site 1, oSERVER0 @ site 1 (DESKTOP-D75BQTV @ 212.212.212.212) (Contest Id: Contest-4511288556462302159)
221210 122453.767|INFO|Thread-184098|dumpPacket|    To: TEAM58 @ site 1
221210 122453.767|INFO|Thread-184098|dumpPacket|   key: JUDGEMENT_RECORD is: edu.csus.ecs.pc2.core.model.JudgementRecord No by JUDGE2 @ site 1 judgement No_-_Wrong_Answer-6447267484138471978 id JudgementRecord--2250999062068215004
221210 122453.767|INFO|Thread-184098|dumpPacket|   key: RUN is: edu.csus.ecs.pc2.core.model.Run Run 485 JUDGED 95 min 5705606ms from TEAM58 @ site 1 id Run-3240586924859397642 problem sillybilly-5332239293027507371 lang Java-8995311559554510087
221210 122453.767|INFO|Thread-184098|dumpPacket|   key: CLIENT_ID is: edu.csus.ecs.pc2.core.model.ClientId SERVER0 @ site 1
221210 122453.767|INFO|Thread-184098|info| receiveObject(S) end   got Packet[RUN_JUDGEMENT] #6599 SERVER0 @ site 1 -> TEAM58 @ site 1
221210 122651.271|INFO|qtp1613095350-70352|sendToLocalServer|Sending packet to server Packet[RUN_SUBMISSION] #792 TEAM58 @ site 1 -> SERVER0 @ site 1
221210 122651.271|INFO|qtp1613095350-70352|sendToLocalServer|Sent    packet to server Packet[RUN_SUBMISSION] #792 TEAM58 @ site 1 -> SERVER0 @ site 1
221210 122651.336|INFO|Thread-187650|info| receiveObject(S) start got Packet[RUN_SUBMISSION_CONFIRM] #6653 SERVER0 @ site 1 -> TEAM58 @ site 1
221210 122651.336|INFO|Thread-187650|dumpPacket|Packet RUN_SUBMISSION_CONFIRM (Seq #6653, o#6653 ) recieveObject
221210 122651.336|INFO|Thread-187650|dumpPacket|  From: SERVER0 @ site 1, oSERVER0 @ site 1 (DESKTOP-D75BQTV @ 212.212.212.212) (Contest Id: Contest-4511288556462302159)
221210 122651.336|INFO|Thread-187650|dumpPacket|    To: TEAM58 @ site 1
221210 122651.336|INFO|Thread-187650|dumpPacket|   key: RUN is: edu.csus.ecs.pc2.core.model.Run Run 506 NEW 99 min 5973410ms from TEAM58 @ site 1 id Run--1707741505261773576 problem chikhen--7199110387462942549 lang Java-8995311559554510087
221210 122651.337|INFO|Thread-187650|info|handlePacket start Packet[RUN_SUBMISSION_CONFIRM] #6653 SERVER0 @ site 1 -> TEAM58 @ site 1
221210 122651.337|INFO|Thread-187650|dumpPacket|Packet RUN_SUBMISSION_CONFIRM (Seq #6653, o#6653 ) handlePacket
221210 122651.337|INFO|Thread-187650|dumpPacket|  From: SERVER0 @ site 1, oSERVER0 @ site 1 (DESKTOP-D75BQTV @ 212.212.212.212) (Contest Id: Contest-4511288556462302159)
221210 122651.337|INFO|Thread-187650|dumpPacket|    To: TEAM58 @ site 1
221210 122651.337|INFO|Thread-187650|dumpPacket|   key: RUN is: edu.csus.ecs.pc2.core.model.Run Run 506 NEW 99 min 5973410ms from TEAM58 @ site 1 id Run--1707741505261773576 problem chikhen--7199110387462942549 lang Java-8995311559554510087
221210 122651.337|INFO|Thread-187650|info| receiveObject(S) end   got Packet[RUN_SUBMISSION_CONFIRM] #6653 SERVER0 @ site 1 -> TEAM58 @ site 1
221210 122801.511|INFO|Thread-189624|info| receiveObject(S) start got Packet[RUN_JUDGEMENT] #6685 SERVER0 @ site 1 -> TEAM58 @ site 1
221210 122801.511|INFO|Thread-189624|dumpPacket|Packet RUN_JUDGEMENT (Seq #6685, o#6685 ) recieveObject
221210 122801.511|INFO|Thread-189624|dumpPacket|  From: SERVER0 @ site 1, oSERVER0 @ site 1 (DESKTOP-D75BQTV @ 212.212.212.212) (Contest Id: Contest-4511288556462302159)
221210 122801.511|INFO|Thread-189624|dumpPacket|    To: TEAM58 @ site 1
221210 122801.511|INFO|Thread-189624|dumpPacket|   key: JUDGEMENT_RECORD is: edu.csus.ecs.pc2.core.model.JudgementRecord Yes by JUDGE7 @ site 1 judgement Yes-448420548528869030 id JudgementRecord-7518124894345041389
221210 122801.511|INFO|Thread-189624|dumpPacket|   key: RUN is: edu.csus.ecs.pc2.core.model.Run Run 506 JUDGED 99 min 5973410ms from TEAM58 @ site 1 id Run--1707741505261773576 problem chikhen--7199110387462942549 lang Java-8995311559554510087
221210 122801.511|INFO|Thread-189624|dumpPacket|   key: CLIENT_ID is: edu.csus.ecs.pc2.core.model.ClientId SERVER0 @ site 1
221210 122801.511|INFO|Thread-189624|info|handlePacket start Packet[RUN_JUDGEMENT] #6685 SERVER0 @ site 1 -> TEAM58 @ site 1
221210 122801.511|INFO|Thread-189624|dumpPacket|Packet RUN_JUDGEMENT (Seq #6685, o#6685 ) handlePacket
221210 122801.511|INFO|Thread-189624|dumpPacket|  From: SERVER0 @ site 1, oSERVER0 @ site 1 (DESKTOP-D75BQTV @ 212.212.212.212) (Contest Id: Contest-4511288556462302159)
221210 122801.511|INFO|Thread-189624|dumpPacket|    To: TEAM58 @ site 1
221210 122801.512|INFO|Thread-189624|dumpPacket|   key: JUDGEMENT_RECORD is: edu.csus.ecs.pc2.core.model.JudgementRecord Yes by JUDGE7 @ site 1 judgement Yes-448420548528869030 id JudgementRecord-7518124894345041389
221210 122801.512|INFO|Thread-189624|dumpPacket|   key: RUN is: edu.csus.ecs.pc2.core.model.Run Run 506 JUDGED 99 min 5973410ms from TEAM58 @ site 1 id Run--1707741505261773576 problem chikhen--7199110387462942549 lang Java-8995311559554510087
221210 122801.512|INFO|Thread-189624|dumpPacket|   key: CLIENT_ID is: edu.csus.ecs.pc2.core.model.ClientId SERVER0 @ site 1
221210 122801.512|INFO|Thread-189624|info| receiveObject(S) end   got Packet[RUN_JUDGEMENT] #6685 SERVER0 @ site 1 -> TEAM58 @ site 1
221210 123415.286|INFO|qtp1613095350-171165|sendToLocalServer|Sending packet to server Packet[RUN_SUBMISSION] #839 TEAM58 @ site 1 -> SERVER0 @ site 1
221210 123415.286|INFO|qtp1613095350-171165|sendToLocalServer|Sent    packet to server Packet[RUN_SUBMISSION] #839 TEAM58 @ site 1 -> SERVER0 @ site 1
221210 123415.370|INFO|Thread-204371|info| receiveObject(S) start got Packet[RUN_SUBMISSION_CONFIRM] #6921 SERVER0 @ site 1 -> TEAM58 @ site 1
221210 123415.370|INFO|Thread-204371|dumpPacket|Packet RUN_SUBMISSION_CONFIRM (Seq #6921, o#6921 ) recieveObject
221210 123415.370|INFO|Thread-204371|dumpPacket|  From: SERVER0 @ site 1, oSERVER0 @ site 1 (DESKTOP-D75BQTV @ 212.212.212.212) (Contest Id: Contest-4511288556462302159)
221210 123415.370|INFO|Thread-204371|dumpPacket|    To: TEAM58 @ site 1
221210 123415.370|INFO|Thread-204371|dumpPacket|   key: RUN is: edu.csus.ecs.pc2.core.model.Run Run 547 NEW 106 min 6417424ms from TEAM58 @ site 1 id Run-5082445974670385450 problem sillybilly-5332239293027507371 lang Java-8995311559554510087
221210 123415.370|INFO|Thread-204371|info|handlePacket start Packet[RUN_SUBMISSION_CONFIRM] #6921 SERVER0 @ site 1 -> TEAM58 @ site 1
221210 123415.370|INFO|Thread-204371|dumpPacket|Packet RUN_SUBMISSION_CONFIRM (Seq #6921, o#6921 ) handlePacket
221210 123415.370|INFO|Thread-204371|dumpPacket|  From: SERVER0 @ site 1, oSERVER0 @ site 1 (DESKTOP-D75BQTV @ 212.212.212.212) (Contest Id: Contest-4511288556462302159)
221210 123415.370|INFO|Thread-204371|dumpPacket|    To: TEAM58 @ site 1
221210 123415.370|INFO|Thread-204371|dumpPacket|   key: RUN is: edu.csus.ecs.pc2.core.model.Run Run 547 NEW 106 min 6417424ms from TEAM58 @ site 1 id Run-5082445974670385450 problem sillybilly-5332239293027507371 lang Java-8995311559554510087
221210 123415.370|INFO|Thread-204371|info| receiveObject(S) end   got Packet[RUN_SUBMISSION_CONFIRM] #6921 SERVER0 @ site 1 -> TEAM58 @ site 1
221210 123428.834|INFO|Thread-204971|info| receiveObject(S) start got Packet[RUN_JUDGEMENT] #6932 SERVER0 @ site 1 -> TEAM58 @ site 1
221210 123428.834|INFO|Thread-204971|dumpPacket|Packet RUN_JUDGEMENT (Seq #6932, o#6932 ) recieveObject
221210 123428.834|INFO|Thread-204971|dumpPacket|  From: SERVER0 @ site 1, oSERVER0 @ site 1 (DESKTOP-D75BQTV @ 212.212.212.212) (Contest Id: Contest-4511288556462302159)
221210 123428.834|INFO|Thread-204971|dumpPacket|    To: TEAM58 @ site 1
221210 123428.834|INFO|Thread-204971|dumpPacket|   key: JUDGEMENT_RECORD is: edu.csus.ecs.pc2.core.model.JudgementRecord No by JUDGE3 @ site 1 judgement No_-_Wrong_Answer-6447267484138471978 id JudgementRecord-5797930874794916018
221210 123428.834|INFO|Thread-204971|dumpPacket|   key: RUN is: edu.csus.ecs.pc2.core.model.Run Run 547 JUDGED 106 min 6417424ms from TEAM58 @ site 1 id Run-5082445974670385450 problem sillybilly-5332239293027507371 lang Java-8995311559554510087
221210 123428.834|INFO|Thread-204971|dumpPacket|   key: CLIENT_ID is: edu.csus.ecs.pc2.core.model.ClientId SERVER0 @ site 1
221210 123428.834|INFO|Thread-204971|info|handlePacket start Packet[RUN_JUDGEMENT] #6932 SERVER0 @ site 1 -> TEAM58 @ site 1
221210 123428.834|INFO|Thread-204971|dumpPacket|Packet RUN_JUDGEMENT (Seq #6932, o#6932 ) handlePacket
221210 123428.834|INFO|Thread-204971|dumpPacket|  From: SERVER0 @ site 1, oSERVER0 @ site 1 (DESKTOP-D75BQTV @ 212.212.212.212) (Contest Id: Contest-4511288556462302159)
221210 123428.834|INFO|Thread-204971|dumpPacket|    To: TEAM58 @ site 1
221210 123428.834|INFO|Thread-204971|dumpPacket|   key: JUDGEMENT_RECORD is: edu.csus.ecs.pc2.core.model.JudgementRecord No by JUDGE3 @ site 1 judgement No_-_Wrong_Answer-6447267484138471978 id JudgementRecord-5797930874794916018
221210 123428.834|INFO|Thread-204971|dumpPacket|   key: RUN is: edu.csus.ecs.pc2.core.model.Run Run 547 JUDGED 106 min 6417424ms from TEAM58 @ site 1 id Run-5082445974670385450 problem sillybilly-5332239293027507371 lang Java-8995311559554510087
221210 123428.834|INFO|Thread-204971|dumpPacket|   key: CLIENT_ID is: edu.csus.ecs.pc2.core.model.ClientId SERVER0 @ site 1
221210 123428.834|INFO|Thread-204971|info| receiveObject(S) end   got Packet[RUN_JUDGEMENT] #6932 SERVER0 @ site 1 -> TEAM58 @ site 1
221210 124500.445|INFO|qtp1613095350-231516|sendToLocalServer|Sending packet to server Packet[RUN_SUBMISSION] #923 TEAM58 @ site 1 -> SERVER0 @ site 1
221210 124500.445|INFO|qtp1613095350-231516|sendToLocalServer|Sent    packet to server Packet[RUN_SUBMISSION] #923 TEAM58 @ site 1 -> SERVER0 @ site 1
221210 124500.526|INFO|Thread-233961|info| receiveObject(S) start got Packet[RUN_SUBMISSION_CONFIRM] #7407 SERVER0 @ site 1 -> TEAM58 @ site 1
221210 124500.526|INFO|Thread-233961|dumpPacket|Packet RUN_SUBMISSION_CONFIRM (Seq #7407, o#7407 ) recieveObject
221210 124500.526|INFO|Thread-233961|dumpPacket|  From: SERVER0 @ site 1, oSERVER0 @ site 1 (DESKTOP-D75BQTV @ 212.212.212.212) (Contest Id: Contest-4511288556462302159)
221210 124500.526|INFO|Thread-233961|dumpPacket|    To: TEAM58 @ site 1
221210 124500.526|INFO|Thread-233961|dumpPacket|   key: RUN is: edu.csus.ecs.pc2.core.model.Run Run 623 NEW 117 min 7062583ms from TEAM58 @ site 1 id Run--6093654653756027886 problem jaireme-3282298763918088793 lang Java-8995311559554510087
221210 124500.526|INFO|Thread-233961|info|handlePacket start Packet[RUN_SUBMISSION_CONFIRM] #7407 SERVER0 @ site 1 -> TEAM58 @ site 1
221210 124500.526|INFO|Thread-233961|dumpPacket|Packet RUN_SUBMISSION_CONFIRM (Seq #7407, o#7407 ) handlePacket
221210 124500.526|INFO|Thread-233961|dumpPacket|  From: SERVER0 @ site 1, oSERVER0 @ site 1 (DESKTOP-D75BQTV @ 212.212.212.212) (Contest Id: Contest-4511288556462302159)
221210 124500.526|INFO|Thread-233961|dumpPacket|    To: TEAM58 @ site 1
221210 124500.526|INFO|Thread-233961|dumpPacket|   key: RUN is: edu.csus.ecs.pc2.core.model.Run Run 623 NEW 117 min 7062583ms from TEAM58 @ site 1 id Run--6093654653756027886 problem jaireme-3282298763918088793 lang Java-8995311559554510087
221210 124500.526|INFO|Thread-233961|info| receiveObject(S) end   got Packet[RUN_SUBMISSION_CONFIRM] #7407 SERVER0 @ site 1 -> TEAM58 @ site 1
221210 124510.965|INFO|Thread-234989|info| receiveObject(S) start got Packet[RUN_JUDGEMENT] #7424 SERVER0 @ site 1 -> TEAM58 @ site 1
221210 124510.965|INFO|Thread-234989|dumpPacket|Packet RUN_JUDGEMENT (Seq #7424, o#7424 ) recieveObject
221210 124510.965|INFO|Thread-234989|dumpPacket|  From: SERVER0 @ site 1, oSERVER0 @ site 1 (DESKTOP-D75BQTV @ 212.212.212.212) (Contest Id: Contest-4511288556462302159)
221210 124510.965|INFO|Thread-234989|dumpPacket|    To: TEAM58 @ site 1
221210 124510.965|INFO|Thread-234989|dumpPacket|   key: JUDGEMENT_RECORD is: edu.csus.ecs.pc2.core.model.JudgementRecord Yes by JUDGE3 @ site 1 judgement Yes-448420548528869030 id JudgementRecord--66011055207772169
221210 124510.965|INFO|Thread-234989|dumpPacket|   key: RUN is: edu.csus.ecs.pc2.core.model.Run Run 623 JUDGED 117 min 7062583ms from TEAM58 @ site 1 id Run--6093654653756027886 problem jaireme-3282298763918088793 lang Java-8995311559554510087
221210 124510.965|INFO|Thread-234989|dumpPacket|   key: CLIENT_ID is: edu.csus.ecs.pc2.core.model.ClientId SERVER0 @ site 1
221210 124510.965|INFO|Thread-234989|info|handlePacket start Packet[RUN_JUDGEMENT] #7424 SERVER0 @ site 1 -> TEAM58 @ site 1
221210 124510.965|INFO|Thread-234989|dumpPacket|Packet RUN_JUDGEMENT (Seq #7424, o#7424 ) handlePacket
221210 124510.965|INFO|Thread-234989|dumpPacket|  From: SERVER0 @ site 1, oSERVER0 @ site 1 (DESKTOP-D75BQTV @ 212.212.212.212) (Contest Id: Contest-4511288556462302159)
221210 124510.965|INFO|Thread-234989|dumpPacket|    To: TEAM58 @ site 1
221210 124510.965|INFO|Thread-234989|dumpPacket|   key: JUDGEMENT_RECORD is: edu.csus.ecs.pc2.core.model.JudgementRecord Yes by JUDGE3 @ site 1 judgement Yes-448420548528869030 id JudgementRecord--66011055207772169
221210 124510.965|INFO|Thread-234989|dumpPacket|   key: RUN is: edu.csus.ecs.pc2.core.model.Run Run 623 JUDGED 117 min 7062583ms from TEAM58 @ site 1 id Run--6093654653756027886 problem jaireme-3282298763918088793 lang Java-8995311559554510087
221210 124510.966|INFO|Thread-234989|dumpPacket|   key: CLIENT_ID is: edu.csus.ecs.pc2.core.model.ClientId SERVER0 @ site 1
221210 124510.966|INFO|Thread-234989|info| receiveObject(S) end   got Packet[RUN_JUDGEMENT] #7424 SERVER0 @ site 1 -> TEAM58 @ site 1
231209 115905.030|CONFIG|Thread-66863|setFileHandlers|Now logging to C:\Users\18328\Desktop\pc2\WebTeamInterface-1.1\logs directory.
231209 115905.030|INFO|Thread-66863|info|
231209 115905.030|INFO|Thread-66863|info|Version 9 () Java ver 18.0.2.1 build  Windows 11 10.0 (amd64) 
231209 115905.030|INFO|Thread-66863|info|Login: team58 (aka team58)
231209 115905.030|INFO|Thread-66863|startLog|Working directory is C:\Users\18328\Desktop\pc2\WebTeamInterface-1.1
231209 115905.030|INFO|Thread-66863|startLog|Process id is 15028@DESKTOP-D75BQTV
231209 115905.030|INFO|Thread-66863|info| handlePacket original LOGIN_SUCCESS after -- all settings loaded 
231209 115905.030|INFO|Thread-66863|info|handlePacket end Packet[LOGIN_SUCCESS] #6934 SERVER0 @ site 1 -> TEAM58 @ site 1
231209 115905.038|INFO|Thread-66863|info| receiveObject(S) end   got Packet[LOGIN_SUCCESS] #6934 SERVER0 @ site 1 -> TEAM58 @ site 1
231209 115909.373|INFO|Thread-66866|info| receiveObject(S) start got Packet[RUN_JUDGEMENT] #6938 SERVER0 @ site 1 -> TEAM58 @ site 1
231209 115909.373|INFO|Thread-66866|dumpPacket|Packet RUN_JUDGEMENT (Seq #6938, o#6938 ) recieveObject
231209 115909.373|INFO|Thread-66866|dumpPacket|  From: SERVER0 @ site 1, oSERVER0 @ site 1 (DESKTOP-D75BQTV @ 212.212.212.212) (Contest Id: RealDeal--1957769244132597914)
231209 115909.373|INFO|Thread-66866|dumpPacket|    To: TEAM58 @ site 1
231209 115909.373|INFO|Thread-66866|dumpPacket|   key: JUDGEMENT_RECORD is: edu.csus.ecs.pc2.core.model.JudgementRecord No by JUDGE10 @ site 1 judgement No_-_Run-time_Error--7363172628486726021 id JudgementRecord-109992986063963733
231209 115909.373|INFO|Thread-66866|dumpPacket|   key: RUN is: edu.csus.ecs.pc2.core.model.Run Run 437 JUDGED 75 min 4511816ms from TEAM58 @ site 1 id Run--4369807607064068225 problem Ingredients--2504522835383961953 lang Java--8800253324652192008
231209 115909.373|INFO|Thread-66866|dumpPacket|   key: CLIENT_ID is: edu.csus.ecs.pc2.core.model.ClientId SERVER0 @ site 1
231209 115909.373|INFO|Thread-66866|info|handlePacket start Packet[RUN_JUDGEMENT] #6938 SERVER0 @ site 1 -> TEAM58 @ site 1
231209 115909.373|INFO|Thread-66866|dumpPacket|Packet RUN_JUDGEMENT (Seq #6938, o#6938 ) handlePacket
231209 115909.373|INFO|Thread-66866|dumpPacket|  From: SERVER0 @ site 1, oSERVER0 @ site 1 (DESKTOP-D75BQTV @ 212.212.212.212) (Contest Id: RealDeal--1957769244132597914)
231209 115909.373|INFO|Thread-66866|dumpPacket|    To: TEAM58 @ site 1
231209 115909.373|INFO|Thread-66866|dumpPacket|   key: JUDGEMENT_RECORD is: edu.csus.ecs.pc2.core.model.JudgementRecord No by JUDGE10 @ site 1 judgement No_-_Run-time_Error--7363172628486726021 id JudgementRecord-109992986063963733
231209 115909.373|INFO|Thread-66866|dumpPacket|   key: RUN is: edu.csus.ecs.pc2.core.model.Run Run 437 JUDGED 75 min 4511816ms from TEAM58 @ site 1 id Run--4369807607064068225 problem Ingredients--2504522835383961953 lang Java--8800253324652192008
231209 115909.373|INFO|Thread-66866|dumpPacket|   key: CLIENT_ID is: edu.csus.ecs.pc2.core.model.ClientId SERVER0 @ site 1
231209 115909.373|INFO|Thread-66866|info| receiveObject(S) end   got Packet[RUN_JUDGEMENT] #6938 SERVER0 @ site 1 -> TEAM58 @ site 1
231209 120307.673|INFO|qtp135640095-66929|sendToLocalServer|Sending packet to server Packet[RUN_SUBMISSION] #1253 TEAM58 @ site 1 -> SERVER0 @ site 1
231209 120307.681|INFO|qtp135640095-66929|sendToLocalServer|Sent    packet to server Packet[RUN_SUBMISSION] #1253 TEAM58 @ site 1 -> SERVER0 @ site 1
231209 120307.882|INFO|Thread-66961|info| receiveObject(S) start got Packet[RUN_SUBMISSION_CONFIRM] #7129 SERVER0 @ site 1 -> TEAM58 @ site 1
231209 120307.882|INFO|Thread-66961|dumpPacket|Packet RUN_SUBMISSION_CONFIRM (Seq #7129, o#7129 ) recieveObject
231209 120307.882|INFO|Thread-66961|dumpPacket|  From: SERVER0 @ site 1, oSERVER0 @ site 1 (DESKTOP-D75BQTV @ 212.212.212.212) (Contest Id: RealDeal--1957769244132597914)
231209 120307.882|INFO|Thread-66961|dumpPacket|    To: TEAM58 @ site 1
231209 120307.882|INFO|Thread-66961|dumpPacket|   key: RUN is: edu.csus.ecs.pc2.core.model.Run Run 467 NEW 79 min 4766953ms from TEAM58 @ site 1 id Run-8703489963846100816 problem Ingredients--2504522835383961953 lang Java--8800253324652192008
231209 120307.882|INFO|Thread-66961|info|handlePacket start Packet[RUN_SUBMISSION_CONFIRM] #7129 SERVER0 @ site 1 -> TEAM58 @ site 1
231209 120307.882|INFO|Thread-66961|dumpPacket|Packet RUN_SUBMISSION_CONFIRM (Seq #7129, o#7129 ) handlePacket
231209 120307.882|INFO|Thread-66961|dumpPacket|  From: SERVER0 @ site 1, oSERVER0 @ site 1 (DESKTOP-D75BQTV @ 212.212.212.212) (Contest Id: RealDeal--1957769244132597914)
231209 120307.882|INFO|Thread-66961|dumpPacket|    To: TEAM58 @ site 1
231209 120307.882|INFO|Thread-66961|dumpPacket|   key: RUN is: edu.csus.ecs.pc2.core.model.Run Run 467 NEW 79 min 4766953ms from TEAM58 @ site 1 id Run-8703489963846100816 problem Ingredients--2504522835383961953 lang Java--8800253324652192008
231209 120307.886|INFO|Thread-66961|info| receiveObject(S) end   got Packet[RUN_SUBMISSION_CONFIRM] #7129 SERVER0 @ site 1 -> TEAM58 @ site 1
231209 120318.947|INFO|Thread-66965|info| receiveObject(S) start got Packet[RUN_JUDGEMENT] #7139 SERVER0 @ site 1 -> TEAM58 @ site 1
231209 120318.947|INFO|Thread-66965|dumpPacket|Packet RUN_JUDGEMENT (Seq #7139, o#7139 ) recieveObject
231209 120318.947|INFO|Thread-66965|dumpPacket|  From: SERVER0 @ site 1, oSERVER0 @ site 1 (DESKTOP-D75BQTV @ 212.212.212.212) (Contest Id: RealDeal--1957769244132597914)
231209 120318.947|INFO|Thread-66965|dumpPacket|    To: TEAM58 @ site 1
231209 120318.947|INFO|Thread-66965|dumpPacket|   key: JUDGEMENT_RECORD is: edu.csus.ecs.pc2.core.model.JudgementRecord No by JUDGE3 @ site 1 judgement No_-_Wrong_Answer-7097647880754622437 id JudgementRecord--3250632707437643145
231209 120318.947|INFO|Thread-66965|dumpPacket|   key: RUN is: edu.csus.ecs.pc2.core.model.Run Run 467 JUDGED 79 min 4766953ms from TEAM58 @ site 1 id Run-8703489963846100816 problem Ingredients--2504522835383961953 lang Java--8800253324652192008
231209 120318.948|INFO|Thread-66965|dumpPacket|   key: CLIENT_ID is: edu.csus.ecs.pc2.core.model.ClientId SERVER0 @ site 1
231209 120318.948|INFO|Thread-66965|info|handlePacket start Packet[RUN_JUDGEMENT] #7139 SERVER0 @ site 1 -> TEAM58 @ site 1
231209 120318.948|INFO|Thread-66965|dumpPacket|Packet RUN_JUDGEMENT (Seq #7139, o#7139 ) handlePacket
231209 120318.948|INFO|Thread-66965|dumpPacket|  From: SERVER0 @ site 1, oSERVER0 @ site 1 (DESKTOP-D75BQTV @ 212.212.212.212) (Contest Id: RealDeal--1957769244132597914)
231209 120318.948|INFO|Thread-66965|dumpPacket|    To: TEAM58 @ site 1
231209 120318.948|INFO|Thread-66965|dumpPacket|   key: JUDGEMENT_RECORD is: edu.csus.ecs.pc2.core.model.JudgementRecord No by JUDGE3 @ site 1 judgement No_-_Wrong_Answer-7097647880754622437 id JudgementRecord--3250632707437643145
231209 120318.948|INFO|Thread-66965|dumpPacket|   key: RUN is: edu.csus.ecs.pc2.core.model.Run Run 467 JUDGED 79 min 4766953ms from TEAM58 @ site 1 id Run-8703489963846100816 problem Ingredients--2504522835383961953 lang Java--8800253324652192008
231209 120318.948|INFO|Thread-66965|dumpPacket|   key: CLIENT_ID is: edu.csus.ecs.pc2.core.model.ClientId SERVER0 @ site 1
231209 120318.948|INFO|Thread-66965|info| receiveObject(S) end   got Packet[RUN_JUDGEMENT] #7139 SERVER0 @ site 1 -> TEAM58 @ site 1
231209 122754.227|INFO|qtp135640095-67104|sendToLocalServer|Sending packet to server Packet[RUN_SUBMISSION] #1452 TEAM58 @ site 1 -> SERVER0 @ site 1
231209 122754.227|INFO|qtp135640095-67104|sendToLocalServer|Sent    packet to server Packet[RUN_SUBMISSION] #1452 TEAM58 @ site 1 -> SERVER0 @ site 1
231209 122754.520|INFO|Thread-67570|info| receiveObject(S) start got Packet[RUN_SUBMISSION_CONFIRM] #8340 SERVER0 @ site 1 -> TEAM58 @ site 1
231209 122754.520|INFO|Thread-67570|dumpPacket|Packet RUN_SUBMISSION_CONFIRM (Seq #8340, o#8340 ) recieveObject
231209 122754.520|INFO|Thread-67570|dumpPacket|  From: SERVER0 @ site 1, oSERVER0 @ site 1 (DESKTOP-D75BQTV @ 212.212.212.212) (Contest Id: RealDeal--1957769244132597914)
231209 122754.520|INFO|Thread-67570|dumpPacket|    To: TEAM58 @ site 1
231209 122754.522|INFO|Thread-67570|dumpPacket|   key: RUN is: edu.csus.ecs.pc2.core.model.Run Run 647 NEW 104 min 6253509ms from TEAM58 @ site 1 id Run-3373041678123978141 problem Leftover--6791674603817565041 lang Java--8800253324652192008
231209 122754.522|INFO|Thread-67570|info|handlePacket start Packet[RUN_SUBMISSION_CONFIRM] #8340 SERVER0 @ site 1 -> TEAM58 @ site 1
231209 122754.522|INFO|Thread-67570|dumpPacket|Packet RUN_SUBMISSION_CONFIRM (Seq #8340, o#8340 ) handlePacket
231209 122754.522|INFO|Thread-67570|dumpPacket|  From: SERVER0 @ site 1, oSERVER0 @ site 1 (DESKTOP-D75BQTV @ 212.212.212.212) (Contest Id: RealDeal--1957769244132597914)
231209 122754.522|INFO|Thread-67570|dumpPacket|    To: TEAM58 @ site 1
231209 122754.522|INFO|Thread-67570|dumpPacket|   key: RUN is: edu.csus.ecs.pc2.core.model.Run Run 647 NEW 104 min 6253509ms from TEAM58 @ site 1 id Run-3373041678123978141 problem Leftover--6791674603817565041 lang Java--8800253324652192008
231209 122754.522|INFO|Thread-67570|info| receiveObject(S) end   got Packet[RUN_SUBMISSION_CONFIRM] #8340 SERVER0 @ site 1 -> TEAM58 @ site 1
231209 122815.979|INFO|Thread-67581|info| receiveObject(S) start got Packet[RUN_JUDGEMENT] #8364 SERVER0 @ site 1 -> TEAM58 @ site 1
231209 122815.980|INFO|Thread-67581|dumpPacket|Packet RUN_JUDGEMENT (Seq #8364, o#8364 ) recieveObject
231209 122815.980|INFO|Thread-67581|dumpPacket|  From: SERVER0 @ site 1, oSERVER0 @ site 1 (DESKTOP-D75BQTV @ 212.212.212.212) (Contest Id: RealDeal--1957769244132597914)
231209 122815.980|INFO|Thread-67581|dumpPacket|    To: TEAM58 @ site 1
231209 122815.980|INFO|Thread-67581|dumpPacket|   key: JUDGEMENT_RECORD is: edu.csus.ecs.pc2.core.model.JudgementRecord Yes by JUDGE1 @ site 1 judgement Yes-2915828768858405923 id JudgementRecord-4729179474822736447
231209 122815.980|INFO|Thread-67581|dumpPacket|   key: RUN is: edu.csus.ecs.pc2.core.model.Run Run 647 JUDGED 104 min 6253509ms from TEAM58 @ site 1 id Run-3373041678123978141 problem Leftover--6791674603817565041 lang Java--8800253324652192008
231209 122815.980|INFO|Thread-67581|dumpPacket|   key: CLIENT_ID is: edu.csus.ecs.pc2.core.model.ClientId SERVER0 @ site 1
231209 122815.980|INFO|Thread-67581|info|handlePacket start Packet[RUN_JUDGEMENT] #8364 SERVER0 @ site 1 -> TEAM58 @ site 1
231209 122815.980|INFO|Thread-67581|dumpPacket|Packet RUN_JUDGEMENT (Seq #8364, o#8364 ) handlePacket
231209 122815.980|INFO|Thread-67581|dumpPacket|  From: SERVER0 @ site 1, oSERVER0 @ site 1 (DESKTOP-D75BQTV @ 212.212.212.212) (Contest Id: RealDeal--1957769244132597914)
231209 122815.980|INFO|Thread-67581|dumpPacket|    To: TEAM58 @ site 1
231209 122815.980|INFO|Thread-67581|dumpPacket|   key: JUDGEMENT_RECORD is: edu.csus.ecs.pc2.core.model.JudgementRecord Yes by JUDGE1 @ site 1 judgement Yes-2915828768858405923 id JudgementRecord-4729179474822736447
231209 122815.980|INFO|Thread-67581|dumpPacket|   key: RUN is: edu.csus.ecs.pc2.core.model.Run Run 647 JUDGED 104 min 6253509ms from TEAM58 @ site 1 id Run-3373041678123978141 problem Leftover--6791674603817565041 lang Java--8800253324652192008
231209 122815.980|INFO|Thread-67581|dumpPacket|   key: CLIENT_ID is: edu.csus.ecs.pc2.core.model.ClientId SERVER0 @ site 1
231209 122815.980|INFO|Thread-67581|info| receiveObject(S) end   got Packet[RUN_JUDGEMENT] #8364 SERVER0 @ site 1 -> TEAM58 @ site 1
231209 123423.834|INFO|qtp135640095-67558|sendToLocalServer|Sending packet to server Packet[RUN_SUBMISSION] #1505 TEAM58 @ site 1 -> SERVER0 @ site 1
231209 123423.842|INFO|qtp135640095-67558|sendToLocalServer|Sent    packet to server Packet[RUN_SUBMISSION] #1505 TEAM58 @ site 1 -> SERVER0 @ site 1
231209 123424.230|INFO|Thread-67731|info| receiveObject(S) start got Packet[RUN_SUBMISSION_CONFIRM] #8678 SERVER0 @ site 1 -> TEAM58 @ site 1
231209 123424.230|INFO|Thread-67731|dumpPacket|Packet RUN_SUBMISSION_CONFIRM (Seq #8678, o#8678 ) recieveObject
231209 123424.230|INFO|Thread-67731|dumpPacket|  From: SERVER0 @ site 1, oSERVER0 @ site 1 (DESKTOP-D75BQTV @ 212.212.212.212) (Contest Id: RealDeal--1957769244132597914)
231209 123424.230|INFO|Thread-67731|dumpPacket|    To: TEAM58 @ site 1
231209 123424.230|INFO|Thread-67731|dumpPacket|   key: RUN is: edu.csus.ecs.pc2.core.model.Run Run 699 NEW 110 min 6643114ms from TEAM58 @ site 1 id Run-3319129486985603445 problem Ingredients--2504522835383961953 lang Java--8800253324652192008
231209 123424.230|INFO|Thread-67731|info|handlePacket start Packet[RUN_SUBMISSION_CONFIRM] #8678 SERVER0 @ site 1 -> TEAM58 @ site 1
231209 123424.230|INFO|Thread-67731|dumpPacket|Packet RUN_SUBMISSION_CONFIRM (Seq #8678, o#8678 ) handlePacket
231209 123424.230|INFO|Thread-67731|dumpPacket|  From: SERVER0 @ site 1, oSERVER0 @ site 1 (DESKTOP-D75BQTV @ 212.212.212.212) (Contest Id: RealDeal--1957769244132597914)
231209 123424.230|INFO|Thread-67731|dumpPacket|    To: TEAM58 @ site 1
231209 123424.230|INFO|Thread-67731|dumpPacket|   key: RUN is: edu.csus.ecs.pc2.core.model.Run Run 699 NEW 110 min 6643114ms from TEAM58 @ site 1 id Run-3319129486985603445 problem Ingredients--2504522835383961953 lang Java--8800253324652192008
231209 123424.230|INFO|Thread-67731|info| receiveObject(S) end   got Packet[RUN_SUBMISSION_CONFIRM] #8678 SERVER0 @ site 1 -> TEAM58 @ site 1
231209 123436.199|INFO|Thread-67737|info| receiveObject(S) start got Packet[RUN_JUDGEMENT] #8696 SERVER0 @ site 1 -> TEAM58 @ site 1
231209 123436.199|INFO|Thread-67737|dumpPacket|Packet RUN_JUDGEMENT (Seq #8696, o#8696 ) recieveObject
231209 123436.199|INFO|Thread-67737|dumpPacket|  From: SERVER0 @ site 1, oSERVER0 @ site 1 (DESKTOP-D75BQTV @ 212.212.212.212) (Contest Id: RealDeal--1957769244132597914)
231209 123436.199|INFO|Thread-67737|dumpPacket|    To: TEAM58 @ site 1
231209 123436.199|INFO|Thread-67737|dumpPacket|   key: JUDGEMENT_RECORD is: edu.csus.ecs.pc2.core.model.JudgementRecord Yes by JUDGE3 @ site 1 judgement Yes-2915828768858405923 id JudgementRecord--8207434765546620535
231209 123436.199|INFO|Thread-67737|dumpPacket|   key: RUN is: edu.csus.ecs.pc2.core.model.Run Run 699 JUDGED 110 min 6643114ms from TEAM58 @ site 1 id Run-3319129486985603445 problem Ingredients--2504522835383961953 lang Java--8800253324652192008
231209 123436.201|INFO|Thread-67737|dumpPacket|   key: CLIENT_ID is: edu.csus.ecs.pc2.core.model.ClientId SERVER0 @ site 1
231209 123436.201|INFO|Thread-67737|info|handlePacket start Packet[RUN_JUDGEMENT] #8696 SERVER0 @ site 1 -> TEAM58 @ site 1
231209 123436.201|INFO|Thread-67737|dumpPacket|Packet RUN_JUDGEMENT (Seq #8696, o#8696 ) handlePacket
231209 123436.201|INFO|Thread-67737|dumpPacket|  From: SERVER0 @ site 1, oSERVER0 @ site 1 (DESKTOP-D75BQTV @ 212.212.212.212) (Contest Id: RealDeal--1957769244132597914)
231209 123436.201|INFO|Thread-67737|dumpPacket|    To: TEAM58 @ site 1
231209 123436.201|INFO|Thread-67737|dumpPacket|   key: JUDGEMENT_RECORD is: edu.csus.ecs.pc2.core.model.JudgementRecord Yes by JUDGE3 @ site 1 judgement Yes-2915828768858405923 id JudgementRecord--8207434765546620535
231209 123436.201|INFO|Thread-67737|dumpPacket|   key: RUN is: edu.csus.ecs.pc2.core.model.Run Run 699 JUDGED 110 min 6643114ms from TEAM58 @ site 1 id Run-3319129486985603445 problem Ingredients--2504522835383961953 lang Java--8800253324652192008
231209 123436.201|INFO|Thread-67737|dumpPacket|   key: CLIENT_ID is: edu.csus.ecs.pc2.core.model.ClientId SERVER0 @ site 1
231209 123436.201|INFO|Thread-67737|info| receiveObject(S) end   got Packet[RUN_JUDGEMENT] #8696 SERVER0 @ site 1 -> TEAM58 @ site 1
