221210 080812.957|CONFIG|qtp996796369-1690|setFileHandlers|Now logging to C:\Users\18328\Desktop\pc2\WebTeamInterface-1.1\logs directory.
221210 080812.958|INFO|qtp996796369-1690|info|
221210 080812.958|INFO|qtp996796369-1690|info|Version 9 () Java ver 18.0.2.1 build  Windows 11 10.0 (amd64) 
221210 080812.958|INFO|qtp996796369-1690|info|Login: team67 (aka team67)
221210 080812.958|INFO|qtp996796369-1690|startLog|Working directory is C:\Users\18328\Desktop\pc2\WebTeamInterface-1.1
221210 080812.958|INFO|qtp996796369-1690|startLog|Process id is 20708@DESKTOP-D75BQTV
221210 080812.958|INFO|qtp996796369-1690|info|Contacting server at 212.212.212.212:50002 as TEAM67 @ site 0
221210 080812.959|INFO|qtp996796369-1690|info|sendLoginRequest start - sending from TEAM67 @ site 0
221210 080812.959|INFO|qtp996796369-1690|sendToLocalServer|Sending packet to server Packet[LOGIN_REQUEST] #98 TEAM67 @ site 0 -> SERVER0 @ site 0
221210 080812.959|INFO|qtp996796369-1690|sendToLocalServer|Sent    packet to server Packet[LOGIN_REQUEST] #98 TEAM67 @ site 0 -> SERVER0 @ site 0
221210 080812.959|INFO|qtp996796369-1690|info|sendLoginRequest end - packet sent.
221210 080812.959|INFO|Thread-1832|run|send(Serializable)
221210 080812.963|INFO|Thread-1831|receive|public void receive(SealedObject TransportPacket, ConnectionHandlerID connectionHandlerID)
221210 080812.964|INFO|Thread-1833|info| receiveObject(S) start got Packet[LOGIN_SUCCESS] #699 SERVER0 @ site 1 -> TEAM67 @ site 1
221210 080812.964|INFO|Thread-1833|dumpPacket|Packet LOGIN_SUCCESS (Seq #699, o#699 ) recieveObject
221210 080812.964|INFO|Thread-1833|dumpPacket|  From: SERVER0 @ site 1, oSERVER0 @ site 1 (DESKTOP-D75BQTV @ 212.212.212.212) (Contest Id: DryRun--5544400451244233091)
221210 080812.964|INFO|Thread-1833|dumpPacket|    To: TEAM67 @ site 1
221210 080812.964|INFO|Thread-1833|dumpPacket|   key: PROFILE_LIST is: [Ledu.csus.ecs.pc2.core.model.Profile; [Ledu.csus.ecs.pc2.core.model.Profile;@53cc346a
221210 080812.964|INFO|Thread-1833|dumpPacket|   key: GENERAL_PROBLEM is: edu.csus.ecs.pc2.core.model.Problem General
221210 080812.964|INFO|Thread-1833|dumpPacket|   key: CLIENT_SETTINGS_LIST is: [Ledu.csus.ecs.pc2.core.model.ClientSettings; [Ledu.csus.ecs.pc2.core.model.ClientSettings;@5d0bd063
221210 080812.964|INFO|Thread-1833|dumpPacket|   key: CONTEST_TIME is: edu.csus.ecs.pc2.core.model.ContestTime edu.csus.ecs.pc2.core.model.ContestTime@59345f1a
221210 080812.964|INFO|Thread-1833|dumpPacket|   key: CLARIFICATION_LIST is: [Ledu.csus.ecs.pc2.core.model.Clarification; [Ledu.csus.ecs.pc2.core.model.Clarification;@1c36da58
221210 080812.964|INFO|Thread-1833|dumpPacket|   key: CATEGORY_LIST is: [Ledu.csus.ecs.pc2.core.model.Category; [Ledu.csus.ecs.pc2.core.model.Category;@2eebd2d0
221210 080812.964|INFO|Thread-1833|dumpPacket|   key: LANGUAGE_LIST is: [Ledu.csus.ecs.pc2.core.model.Language; [Ledu.csus.ecs.pc2.core.model.Language;@2d6087a6
221210 080812.964|INFO|Thread-1833|dumpPacket|   key: REMOTE_LOGGED_IN_USERS is: [Ledu.csus.ecs.pc2.core.model.ClientId; [Ledu.csus.ecs.pc2.core.model.ClientId;@5657d19f
221210 080812.964|INFO|Thread-1833|dumpPacket|   key: CONTEST_TIME_LIST is: [Ledu.csus.ecs.pc2.core.model.ContestTime; [Ledu.csus.ecs.pc2.core.model.ContestTime;@7c192517
221210 080812.964|INFO|Thread-1833|dumpPacket|   key: CONNECTION_HANDLE_ID_LIST is: [Ledu.csus.ecs.pc2.core.transport.ConnectionHandlerID; [Ledu.csus.ecs.pc2.core.transport.ConnectionHandlerID;@c941516
221210 080812.965|INFO|Thread-1833|dumpPacket|   key: PROFILE is: edu.csus.ecs.pc2.core.model.Profile DryRun--5544400451244233091
221210 080812.965|INFO|Thread-1833|dumpPacket|   key: CLIENT_ID is: edu.csus.ecs.pc2.core.model.ClientId TEAM67 @ site 1
221210 080812.965|INFO|Thread-1833|dumpPacket|   key: SITE_NUMBER is: java.lang.Integer 1
221210 080812.965|INFO|Thread-1833|dumpPacket|   key: CONTEST_INFORMATION is: edu.csus.ecs.pc2.core.model.ContestInformation edu.csus.ecs.pc2.core.model.ContestInformation@2560fe95
221210 080812.965|INFO|Thread-1833|dumpPacket|   key: SITE_LIST is: [Ledu.csus.ecs.pc2.core.model.Site; [Ledu.csus.ecs.pc2.core.model.Site;@4d53188f
221210 080812.965|INFO|Thread-1833|dumpPacket|   key: PROBLEM_DATA_FILES is: [Ledu.csus.ecs.pc2.core.model.ProblemDataFiles; [Ledu.csus.ecs.pc2.core.model.ProblemDataFiles;@7857bdaf
221210 080812.965|INFO|Thread-1833|dumpPacket|   key: JUDGEMENT_LIST is: [Ledu.csus.ecs.pc2.core.model.Judgement; [Ledu.csus.ecs.pc2.core.model.Judgement;@54c72b16
221210 080812.965|INFO|Thread-1833|dumpPacket|   key: PROBLEM_LIST is: [Ledu.csus.ecs.pc2.core.model.Problem; [Ledu.csus.ecs.pc2.core.model.Problem;@76f1f34d
221210 080812.965|INFO|Thread-1833|dumpPacket|   key: GROUP_LIST is: [Ledu.csus.ecs.pc2.core.model.Group; [Ledu.csus.ecs.pc2.core.model.Group;@23b30a7c
221210 080812.965|INFO|Thread-1833|dumpPacket|   key: LOCAL_LOGGED_IN_USERS is: [Ledu.csus.ecs.pc2.core.model.ClientId; [Ledu.csus.ecs.pc2.core.model.ClientId;@66cc6160
221210 080812.965|INFO|Thread-1833|dumpPacket|   key: SERVER_CLOCK_OFFSET is: java.util.GregorianCalendar java.util.GregorianCalendar[time=1670681292961,areFieldsSet=true,areAllFieldsSet=false,lenient=true,zone=sun.util.calendar.ZoneInfo[id="GMT",offset=0,dstSavings=0,useDaylight=false,transitions=0,lastRule=null],firstDayOfWeek=1,minimalDaysInFirstWeek=1,ERA=1,YEAR=2022,MONTH=11,WEEK_OF_YEAR=50,WEEK_OF_MONTH=2,DAY_OF_MONTH=10,DAY_OF_YEAR=344,DAY_OF_WEEK=7,DAY_OF_WEEK_IN_MONTH=2,AM_PM=1,HOUR=2,HOUR_OF_DAY=14,MINUTE=8,SECOND=12,MILLISECOND=961,ZONE_OFFSET=0,DST_OFFSET=0]
221210 080812.965|INFO|Thread-1833|dumpPacket|   key: CONTEST_IDENTIFIER is: java.lang.String DryRun--5544400451244233091
221210 080812.965|INFO|Thread-1833|dumpPacket|   key: BALLOON_SETTINGS_LIST is: [Ledu.csus.ecs.pc2.core.model.BalloonSettings; [Ledu.csus.ecs.pc2.core.model.BalloonSettings;@bbe6934
221210 080812.965|INFO|Thread-1833|dumpPacket|   key: RUN_LIST is: [Ledu.csus.ecs.pc2.core.model.Run; [Ledu.csus.ecs.pc2.core.model.Run;@722c8895
221210 080812.965|INFO|Thread-1833|dumpPacket|   key: ACCOUNT_ARRAY is: [Ledu.csus.ecs.pc2.core.model.Account; [Ledu.csus.ecs.pc2.core.model.Account;@49f78c46
221210 080812.965|INFO|Thread-1833|info|handlePacket start Packet[LOGIN_SUCCESS] #699 SERVER0 @ site 1 -> TEAM67 @ site 1
221210 080812.965|INFO|Thread-1833|dumpPacket|Packet LOGIN_SUCCESS (Seq #699, o#699 ) handlePacket
221210 080812.965|INFO|Thread-1833|dumpPacket|  From: SERVER0 @ site 1, oSERVER0 @ site 1 (DESKTOP-D75BQTV @ 212.212.212.212) (Contest Id: DryRun--5544400451244233091)
221210 080812.965|INFO|Thread-1833|dumpPacket|    To: TEAM67 @ site 1
221210 080812.965|INFO|Thread-1833|dumpPacket|   key: PROFILE_LIST is: [Ledu.csus.ecs.pc2.core.model.Profile; [Ledu.csus.ecs.pc2.core.model.Profile;@53cc346a
221210 080812.965|INFO|Thread-1833|dumpPacket|   key: GENERAL_PROBLEM is: edu.csus.ecs.pc2.core.model.Problem General
221210 080812.965|INFO|Thread-1833|dumpPacket|   key: CLIENT_SETTINGS_LIST is: [Ledu.csus.ecs.pc2.core.model.ClientSettings; [Ledu.csus.ecs.pc2.core.model.ClientSettings;@5d0bd063
221210 080812.965|INFO|Thread-1833|dumpPacket|   key: CONTEST_TIME is: edu.csus.ecs.pc2.core.model.ContestTime edu.csus.ecs.pc2.core.model.ContestTime@59345f1a
221210 080812.965|INFO|Thread-1833|dumpPacket|   key: CLARIFICATION_LIST is: [Ledu.csus.ecs.pc2.core.model.Clarification; [Ledu.csus.ecs.pc2.core.model.Clarification;@1c36da58
221210 080812.965|INFO|Thread-1833|dumpPacket|   key: CATEGORY_LIST is: [Ledu.csus.ecs.pc2.core.model.Category; [Ledu.csus.ecs.pc2.core.model.Category;@2eebd2d0
221210 080812.965|INFO|Thread-1833|dumpPacket|   key: LANGUAGE_LIST is: [Ledu.csus.ecs.pc2.core.model.Language; [Ledu.csus.ecs.pc2.core.model.Language;@2d6087a6
221210 080812.965|INFO|Thread-1833|dumpPacket|   key: REMOTE_LOGGED_IN_USERS is: [Ledu.csus.ecs.pc2.core.model.ClientId; [Ledu.csus.ecs.pc2.core.model.ClientId;@5657d19f
221210 080812.965|INFO|Thread-1833|dumpPacket|   key: CONTEST_TIME_LIST is: [Ledu.csus.ecs.pc2.core.model.ContestTime; [Ledu.csus.ecs.pc2.core.model.ContestTime;@7c192517
221210 080812.965|INFO|Thread-1833|dumpPacket|   key: CONNECTION_HANDLE_ID_LIST is: [Ledu.csus.ecs.pc2.core.transport.ConnectionHandlerID; [Ledu.csus.ecs.pc2.core.transport.ConnectionHandlerID;@c941516
221210 080812.965|INFO|Thread-1833|dumpPacket|   key: PROFILE is: edu.csus.ecs.pc2.core.model.Profile DryRun--5544400451244233091
221210 080812.965|INFO|Thread-1833|dumpPacket|   key: CLIENT_ID is: edu.csus.ecs.pc2.core.model.ClientId TEAM67 @ site 1
221210 080812.965|INFO|Thread-1833|dumpPacket|   key: SITE_NUMBER is: java.lang.Integer 1
221210 080812.965|INFO|Thread-1833|dumpPacket|   key: CONTEST_INFORMATION is: edu.csus.ecs.pc2.core.model.ContestInformation edu.csus.ecs.pc2.core.model.ContestInformation@2560fe95
221210 080812.965|INFO|Thread-1833|dumpPacket|   key: SITE_LIST is: [Ledu.csus.ecs.pc2.core.model.Site; [Ledu.csus.ecs.pc2.core.model.Site;@4d53188f
221210 080812.965|INFO|Thread-1833|dumpPacket|   key: PROBLEM_DATA_FILES is: [Ledu.csus.ecs.pc2.core.model.ProblemDataFiles; [Ledu.csus.ecs.pc2.core.model.ProblemDataFiles;@7857bdaf
221210 080812.965|INFO|Thread-1833|dumpPacket|   key: JUDGEMENT_LIST is: [Ledu.csus.ecs.pc2.core.model.Judgement; [Ledu.csus.ecs.pc2.core.model.Judgement;@54c72b16
221210 080812.965|INFO|Thread-1833|dumpPacket|   key: PROBLEM_LIST is: [Ledu.csus.ecs.pc2.core.model.Problem; [Ledu.csus.ecs.pc2.core.model.Problem;@76f1f34d
221210 080812.965|INFO|Thread-1833|dumpPacket|   key: GROUP_LIST is: [Ledu.csus.ecs.pc2.core.model.Group; [Ledu.csus.ecs.pc2.core.model.Group;@23b30a7c
221210 080812.965|INFO|Thread-1833|dumpPacket|   key: LOCAL_LOGGED_IN_USERS is: [Ledu.csus.ecs.pc2.core.model.ClientId; [Ledu.csus.ecs.pc2.core.model.ClientId;@66cc6160
221210 080812.965|INFO|Thread-1833|dumpPacket|   key: SERVER_CLOCK_OFFSET is: java.util.GregorianCalendar java.util.GregorianCalendar[time=1670681292961,areFieldsSet=true,areAllFieldsSet=false,lenient=true,zone=sun.util.calendar.ZoneInfo[id="GMT",offset=0,dstSavings=0,useDaylight=false,transitions=0,lastRule=null],firstDayOfWeek=1,minimalDaysInFirstWeek=1,ERA=1,YEAR=2022,MONTH=11,WEEK_OF_YEAR=50,WEEK_OF_MONTH=2,DAY_OF_MONTH=10,DAY_OF_YEAR=344,DAY_OF_WEEK=7,DAY_OF_WEEK_IN_MONTH=2,AM_PM=1,HOUR=2,HOUR_OF_DAY=14,MINUTE=8,SECOND=12,MILLISECOND=961,ZONE_OFFSET=0,DST_OFFSET=0]
221210 080812.965|INFO|Thread-1833|dumpPacket|   key: CONTEST_IDENTIFIER is: java.lang.String DryRun--5544400451244233091
221210 080812.965|INFO|Thread-1833|dumpPacket|   key: BALLOON_SETTINGS_LIST is: [Ledu.csus.ecs.pc2.core.model.BalloonSettings; [Ledu.csus.ecs.pc2.core.model.BalloonSettings;@bbe6934
221210 080812.965|INFO|Thread-1833|dumpPacket|   key: RUN_LIST is: [Ledu.csus.ecs.pc2.core.model.Run; [Ledu.csus.ecs.pc2.core.model.Run;@722c8895
221210 080812.965|INFO|Thread-1833|dumpPacket|   key: ACCOUNT_ARRAY is: [Ledu.csus.ecs.pc2.core.model.Account; [Ledu.csus.ecs.pc2.core.model.Account;@49f78c46
221210 082019.525|INFO|Thread-2645|run|send(Serializable)
221210 082019.538|INFO|Thread-1831|receive|public void receive(SealedObject TransportPacket, ConnectionHandlerID connectionHandlerID)
221210 082148.145|INFO|Thread-1831|receive|public void receive(SealedObject TransportPacket, ConnectionHandlerID connectionHandlerID)
221210 082304.437|INFO|Thread-3313|run|send(Serializable)
221210 082304.448|INFO|Thread-1831|receive|public void receive(SealedObject TransportPacket, ConnectionHandlerID connectionHandlerID)
221210 082341.579|INFO|Thread-1831|receive|public void receive(SealedObject TransportPacket, ConnectionHandlerID connectionHandlerID)
221210 083216.050|INFO|Thread-1831|receive|public void receive(SealedObject TransportPacket, ConnectionHandlerID connectionHandlerID)
221210 084028.475|INFO|Thread-1831|receive|public void receive(SealedObject TransportPacket, ConnectionHandlerID connectionHandlerID)
221210 095710.676|INFO|Thread-1831|connectionDropped|connectionDropped(ConnectionHandlerID myConnectionID) 
221210 101150.850|CONFIG|qtp1613095350-100|setFileHandlers|Now logging to C:\Users\18328\Desktop\pc2\WebTeamInterface-1.1\logs directory.
221210 101150.850|INFO|qtp1613095350-100|info|
221210 101150.850|INFO|qtp1613095350-100|info|Version 9 () Java ver 18.0.2.1 build  Windows 11 10.0 (amd64) 
221210 101150.850|INFO|qtp1613095350-100|info|Login: team67 (aka team67)
221210 101150.850|INFO|qtp1613095350-100|startLog|Working directory is C:\Users\18328\Desktop\pc2\WebTeamInterface-1.1
221210 101150.850|INFO|qtp1613095350-100|startLog|Process id is 22344@DESKTOP-D75BQTV
221210 101150.850|INFO|qtp1613095350-100|info|Contacting server at 212.212.212.212:50002 as TEAM67 @ site 0
221210 101150.851|INFO|qtp1613095350-100|info|sendLoginRequest start - sending from TEAM67 @ site 0
221210 101150.851|INFO|qtp1613095350-100|sendToLocalServer|Sending packet to server Packet[LOGIN_REQUEST] #84 TEAM67 @ site 0 -> SERVER0 @ site 0
221210 101150.851|INFO|qtp1613095350-100|sendToLocalServer|Sent    packet to server Packet[LOGIN_REQUEST] #84 TEAM67 @ site 0 -> SERVER0 @ site 0
221210 101150.851|INFO|qtp1613095350-100|info|sendLoginRequest end - packet sent.
221210 101150.851|INFO|Thread-779|run|send(Serializable)
221210 101150.853|INFO|Thread-778|receive|public void receive(SealedObject TransportPacket, ConnectionHandlerID connectionHandlerID)
221210 101150.854|INFO|Thread-780|info| receiveObject(S) start got Packet[LOGIN_FAILED] #2340 SERVER0 @ site 1 -> TEAM67 @ site 0
221210 101150.854|INFO|Thread-780|dumpPacket|Packet LOGIN_FAILED (Seq #2340, o#2340 ) recieveObject
221210 101150.854|INFO|Thread-780|dumpPacket|  From: SERVER0 @ site 1, oSERVER0 @ site 1 (DESKTOP-D75BQTV @ 212.212.212.212) (Contest Id: DryRun--5544400451244233091)
221210 101150.854|INFO|Thread-780|dumpPacket|    To: TEAM67 @ site 0
221210 101150.854|INFO|Thread-780|dumpPacket|   key: MESSAGE_STRING is: java.lang.String Invalid password
221210 101150.854|INFO|Thread-780|info|handlePacket start Packet[LOGIN_FAILED] #2340 SERVER0 @ site 1 -> TEAM67 @ site 0
221210 101150.854|INFO|Thread-780|dumpPacket|Packet LOGIN_FAILED (Seq #2340, o#2340 ) handlePacket
221210 101150.854|INFO|Thread-780|dumpPacket|  From: SERVER0 @ site 1, oSERVER0 @ site 1 (DESKTOP-D75BQTV @ 212.212.212.212) (Contest Id: DryRun--5544400451244233091)
221210 101150.854|INFO|Thread-780|dumpPacket|    To: TEAM67 @ site 0
221210 101150.854|INFO|Thread-780|dumpPacket|   key: MESSAGE_STRING is: java.lang.String Invalid password
221210 101150.854|INFO|Thread-780|info| receiveObject(S) end   got Packet[LOGIN_FAILED] #2340 SERVER0 @ site 1 -> TEAM67 @ site 0
221210 150258.438|INFO|Thread-778|connectionDropped|connectionDropped(ConnectionHandlerID myConnectionID) 
231209 075850.940|CONFIG|qtp135640095-380|setFileHandlers|Now logging to C:\Users\18328\Desktop\pc2\WebTeamInterface-1.1\logs directory.
231209 075850.940|INFO|qtp135640095-380|info|
231209 075850.940|INFO|qtp135640095-380|info|Version 9 () Java ver 18.0.2.1 build  Windows 11 10.0 (amd64) 
231209 075850.940|INFO|qtp135640095-380|info|Login: team67 (aka team67)
231209 075850.940|INFO|qtp135640095-380|startLog|Working directory is C:\Users\18328\Desktop\pc2\WebTeamInterface-1.1
231209 075850.940|INFO|qtp135640095-380|startLog|Process id is 15028@DESKTOP-D75BQTV
231209 075850.940|INFO|qtp135640095-380|info|Contacting server at localhost:50002 as TEAM67 @ site 0
231209 075850.940|INFO|qtp135640095-380|info|sendLoginRequest start - sending from TEAM67 @ site 0
231209 075850.940|INFO|qtp135640095-380|sendToLocalServer|Sending packet to server Packet[LOGIN_REQUEST] #38 TEAM67 @ site 0 -> SERVER0 @ site 0
231209 075850.940|INFO|qtp135640095-380|sendToLocalServer|Sent    packet to server Packet[LOGIN_REQUEST] #38 TEAM67 @ site 0 -> SERVER0 @ site 0
231209 075850.940|INFO|qtp135640095-380|info|sendLoginRequest end - packet sent.
231209 075850.940|INFO|Thread-484|run|send(Serializable)
231209 075850.956|INFO|Thread-483|receive|public void receive(SealedObject TransportPacket, ConnectionHandlerID connectionHandlerID)
231209 075850.956|INFO|Thread-485|info| receiveObject(S) start got Packet[LOGIN_SUCCESS] #341 SERVER0 @ site 1 -> TEAM67 @ site 1
231209 075850.964|INFO|Thread-485|dumpPacket|Packet LOGIN_SUCCESS (Seq #341, o#341 ) recieveObject
231209 075850.964|INFO|Thread-485|dumpPacket|  From: SERVER0 @ site 1, oSERVER0 @ site 1 (DESKTOP-D75BQTV @ 212.212.212.212) (Contest Id: DryRun--6069080675419338087)
231209 075850.964|INFO|Thread-485|dumpPacket|    To: TEAM67 @ site 1
231209 075850.964|INFO|Thread-485|dumpPacket|   key: PROFILE_LIST is: [Ledu.csus.ecs.pc2.core.model.Profile; [Ledu.csus.ecs.pc2.core.model.Profile;@73ec8be
231209 075850.964|INFO|Thread-485|dumpPacket|   key: GENERAL_PROBLEM is: edu.csus.ecs.pc2.core.model.Problem General
231209 075850.964|INFO|Thread-485|dumpPacket|   key: CLIENT_SETTINGS_LIST is: [Ledu.csus.ecs.pc2.core.model.ClientSettings; [Ledu.csus.ecs.pc2.core.model.ClientSettings;@9f93629
231209 075850.964|INFO|Thread-485|dumpPacket|   key: CONTEST_TIME is: edu.csus.ecs.pc2.core.model.ContestTime edu.csus.ecs.pc2.core.model.ContestTime@dc6a3ce
231209 075850.964|INFO|Thread-485|dumpPacket|   key: CLARIFICATION_LIST is: [Ledu.csus.ecs.pc2.core.model.Clarification; [Ledu.csus.ecs.pc2.core.model.Clarification;@48c43c12
231209 075850.964|INFO|Thread-485|dumpPacket|   key: CATEGORY_LIST is: [Ledu.csus.ecs.pc2.core.model.Category; [Ledu.csus.ecs.pc2.core.model.Category;@394e668c
231209 075850.964|INFO|Thread-485|dumpPacket|   key: LANGUAGE_LIST is: [Ledu.csus.ecs.pc2.core.model.Language; [Ledu.csus.ecs.pc2.core.model.Language;@794657f2
231209 075850.964|INFO|Thread-485|dumpPacket|   key: REMOTE_LOGGED_IN_USERS is: [Ledu.csus.ecs.pc2.core.model.ClientId; [Ledu.csus.ecs.pc2.core.model.ClientId;@412653c7
231209 075850.964|INFO|Thread-485|dumpPacket|   key: CONTEST_TIME_LIST is: [Ledu.csus.ecs.pc2.core.model.ContestTime; [Ledu.csus.ecs.pc2.core.model.ContestTime;@28ebc35d
231209 075850.964|INFO|Thread-485|dumpPacket|   key: CONNECTION_HANDLE_ID_LIST is: [Ledu.csus.ecs.pc2.core.transport.ConnectionHandlerID; [Ledu.csus.ecs.pc2.core.transport.ConnectionHandlerID;@62dbbaca
231209 075850.964|INFO|Thread-485|dumpPacket|   key: PROFILE is: edu.csus.ecs.pc2.core.model.Profile DryRun--6069080675419338087
231209 075850.964|INFO|Thread-485|dumpPacket|   key: CLIENT_ID is: edu.csus.ecs.pc2.core.model.ClientId TEAM67 @ site 1
231209 075850.964|INFO|Thread-485|dumpPacket|   key: SITE_NUMBER is: java.lang.Integer 1
231209 075850.964|INFO|Thread-485|dumpPacket|   key: CONTEST_INFORMATION is: edu.csus.ecs.pc2.core.model.ContestInformation edu.csus.ecs.pc2.core.model.ContestInformation@296988a4
231209 075850.964|INFO|Thread-485|dumpPacket|   key: SITE_LIST is: [Ledu.csus.ecs.pc2.core.model.Site; [Ledu.csus.ecs.pc2.core.model.Site;@5a225e25
231209 075850.964|INFO|Thread-485|dumpPacket|   key: PROBLEM_DATA_FILES is: [Ledu.csus.ecs.pc2.core.model.ProblemDataFiles; [Ledu.csus.ecs.pc2.core.model.ProblemDataFiles;@2ca59f17
231209 075850.964|INFO|Thread-485|dumpPacket|   key: JUDGEMENT_LIST is: [Ledu.csus.ecs.pc2.core.model.Judgement; [Ledu.csus.ecs.pc2.core.model.Judgement;@13176da3
231209 075850.964|INFO|Thread-485|dumpPacket|   key: PROBLEM_LIST is: [Ledu.csus.ecs.pc2.core.model.Problem; [Ledu.csus.ecs.pc2.core.model.Problem;@765eebcd
231209 075850.964|INFO|Thread-485|dumpPacket|   key: GROUP_LIST is: [Ledu.csus.ecs.pc2.core.model.Group; [Ledu.csus.ecs.pc2.core.model.Group;@3e454055
231209 075850.964|INFO|Thread-485|dumpPacket|   key: LOCAL_LOGGED_IN_USERS is: [Ledu.csus.ecs.pc2.core.model.ClientId; [Ledu.csus.ecs.pc2.core.model.ClientId;@3e982dad
231209 075850.964|INFO|Thread-485|dumpPacket|   key: SERVER_CLOCK_OFFSET is: java.util.GregorianCalendar java.util.GregorianCalendar[time=1702130330952,areFieldsSet=true,areAllFieldsSet=false,lenient=true,zone=sun.util.calendar.ZoneInfo[id="GMT",offset=0,dstSavings=0,useDaylight=false,transitions=0,lastRule=null],firstDayOfWeek=1,minimalDaysInFirstWeek=1,ERA=1,YEAR=2023,MONTH=11,WEEK_OF_YEAR=49,WEEK_OF_MONTH=2,DAY_OF_MONTH=9,DAY_OF_YEAR=343,DAY_OF_WEEK=7,DAY_OF_WEEK_IN_MONTH=2,AM_PM=1,HOUR=1,HOUR_OF_DAY=13,MINUTE=58,SECOND=50,MILLISECOND=952,ZONE_OFFSET=0,DST_OFFSET=0]
231209 075850.964|INFO|Thread-485|dumpPacket|   key: CONTEST_IDENTIFIER is: java.lang.String DryRun--6069080675419338087
231209 075850.964|INFO|Thread-485|dumpPacket|   key: BALLOON_SETTINGS_LIST is: [Ledu.csus.ecs.pc2.core.model.BalloonSettings; [Ledu.csus.ecs.pc2.core.model.BalloonSettings;@164a25a8
231209 075850.964|INFO|Thread-485|dumpPacket|   key: RUN_LIST is: [Ledu.csus.ecs.pc2.core.model.Run; [Ledu.csus.ecs.pc2.core.model.Run;@17cbb42f
231209 075850.964|INFO|Thread-485|dumpPacket|   key: ACCOUNT_ARRAY is: [Ledu.csus.ecs.pc2.core.model.Account; [Ledu.csus.ecs.pc2.core.model.Account;@318196b
231209 075850.964|INFO|Thread-485|info|handlePacket start Packet[LOGIN_SUCCESS] #341 SERVER0 @ site 1 -> TEAM67 @ site 1
231209 075850.964|INFO|Thread-485|dumpPacket|Packet LOGIN_SUCCESS (Seq #341, o#341 ) handlePacket
231209 075850.964|INFO|Thread-485|dumpPacket|  From: SERVER0 @ site 1, oSERVER0 @ site 1 (DESKTOP-D75BQTV @ 212.212.212.212) (Contest Id: DryRun--6069080675419338087)
231209 075850.964|INFO|Thread-485|dumpPacket|    To: TEAM67 @ site 1
231209 075850.964|INFO|Thread-485|dumpPacket|   key: PROFILE_LIST is: [Ledu.csus.ecs.pc2.core.model.Profile; [Ledu.csus.ecs.pc2.core.model.Profile;@73ec8be
231209 075850.964|INFO|Thread-485|dumpPacket|   key: GENERAL_PROBLEM is: edu.csus.ecs.pc2.core.model.Problem General
231209 075850.964|INFO|Thread-485|dumpPacket|   key: CLIENT_SETTINGS_LIST is: [Ledu.csus.ecs.pc2.core.model.ClientSettings; [Ledu.csus.ecs.pc2.core.model.ClientSettings;@9f93629
231209 075850.964|INFO|Thread-485|dumpPacket|   key: CONTEST_TIME is: edu.csus.ecs.pc2.core.model.ContestTime edu.csus.ecs.pc2.core.model.ContestTime@dc6a3ce
231209 075850.964|INFO|Thread-485|dumpPacket|   key: CLARIFICATION_LIST is: [Ledu.csus.ecs.pc2.core.model.Clarification; [Ledu.csus.ecs.pc2.core.model.Clarification;@48c43c12
231209 075850.964|INFO|Thread-485|dumpPacket|   key: CATEGORY_LIST is: [Ledu.csus.ecs.pc2.core.model.Category; [Ledu.csus.ecs.pc2.core.model.Category;@394e668c
231209 075850.964|INFO|Thread-485|dumpPacket|   key: LANGUAGE_LIST is: [Ledu.csus.ecs.pc2.core.model.Language; [Ledu.csus.ecs.pc2.core.model.Language;@794657f2
231209 075850.964|INFO|Thread-485|dumpPacket|   key: REMOTE_LOGGED_IN_USERS is: [Ledu.csus.ecs.pc2.core.model.ClientId; [Ledu.csus.ecs.pc2.core.model.ClientId;@412653c7
231209 075850.964|INFO|Thread-485|dumpPacket|   key: CONTEST_TIME_LIST is: [Ledu.csus.ecs.pc2.core.model.ContestTime; [Ledu.csus.ecs.pc2.core.model.ContestTime;@28ebc35d
231209 075850.964|INFO|Thread-485|dumpPacket|   key: CONNECTION_HANDLE_ID_LIST is: [Ledu.csus.ecs.pc2.core.transport.ConnectionHandlerID; [Ledu.csus.ecs.pc2.core.transport.ConnectionHandlerID;@62dbbaca
231209 075850.964|INFO|Thread-485|dumpPacket|   key: PROFILE is: edu.csus.ecs.pc2.core.model.Profile DryRun--6069080675419338087
231209 075850.964|INFO|Thread-485|dumpPacket|   key: CLIENT_ID is: edu.csus.ecs.pc2.core.model.ClientId TEAM67 @ site 1
231209 075850.964|INFO|Thread-485|dumpPacket|   key: SITE_NUMBER is: java.lang.Integer 1
231209 075850.964|INFO|Thread-485|dumpPacket|   key: CONTEST_INFORMATION is: edu.csus.ecs.pc2.core.model.ContestInformation edu.csus.ecs.pc2.core.model.ContestInformation@296988a4
231209 075850.964|INFO|Thread-485|dumpPacket|   key: SITE_LIST is: [Ledu.csus.ecs.pc2.core.model.Site; [Ledu.csus.ecs.pc2.core.model.Site;@5a225e25
231209 075850.964|INFO|Thread-485|dumpPacket|   key: PROBLEM_DATA_FILES is: [Ledu.csus.ecs.pc2.core.model.ProblemDataFiles; [Ledu.csus.ecs.pc2.core.model.ProblemDataFiles;@2ca59f17
231209 075850.964|INFO|Thread-485|dumpPacket|   key: JUDGEMENT_LIST is: [Ledu.csus.ecs.pc2.core.model.Judgement; [Ledu.csus.ecs.pc2.core.model.Judgement;@13176da3
231209 075850.964|INFO|Thread-485|dumpPacket|   key: PROBLEM_LIST is: [Ledu.csus.ecs.pc2.core.model.Problem; [Ledu.csus.ecs.pc2.core.model.Problem;@765eebcd
231209 075850.964|INFO|Thread-485|dumpPacket|   key: GROUP_LIST is: [Ledu.csus.ecs.pc2.core.model.Group; [Ledu.csus.ecs.pc2.core.model.Group;@3e454055
231209 075850.964|INFO|Thread-485|dumpPacket|   key: LOCAL_LOGGED_IN_USERS is: [Ledu.csus.ecs.pc2.core.model.ClientId; [Ledu.csus.ecs.pc2.core.model.ClientId;@3e982dad
231209 075850.964|INFO|Thread-485|dumpPacket|   key: SERVER_CLOCK_OFFSET is: java.util.GregorianCalendar java.util.GregorianCalendar[time=1702130330952,areFieldsSet=true,areAllFieldsSet=false,lenient=true,zone=sun.util.calendar.ZoneInfo[id="GMT",offset=0,dstSavings=0,useDaylight=false,transitions=0,lastRule=null],firstDayOfWeek=1,minimalDaysInFirstWeek=1,ERA=1,YEAR=2023,MONTH=11,WEEK_OF_YEAR=49,WEEK_OF_MONTH=2,DAY_OF_MONTH=9,DAY_OF_YEAR=343,DAY_OF_WEEK=7,DAY_OF_WEEK_IN_MONTH=2,AM_PM=1,HOUR=1,HOUR_OF_DAY=13,MINUTE=58,SECOND=50,MILLISECOND=952,ZONE_OFFSET=0,DST_OFFSET=0]
231209 075850.964|INFO|Thread-485|dumpPacket|   key: CONTEST_IDENTIFIER is: java.lang.String DryRun--6069080675419338087
231209 075850.964|INFO|Thread-485|dumpPacket|   key: BALLOON_SETTINGS_LIST is: [Ledu.csus.ecs.pc2.core.model.BalloonSettings; [Ledu.csus.ecs.pc2.core.model.BalloonSettings;@164a25a8
231209 075850.964|INFO|Thread-485|dumpPacket|   key: RUN_LIST is: [Ledu.csus.ecs.pc2.core.model.Run; [Ledu.csus.ecs.pc2.core.model.Run;@17cbb42f
231209 075850.964|INFO|Thread-485|dumpPacket|   key: ACCOUNT_ARRAY is: [Ledu.csus.ecs.pc2.core.model.Account; [Ledu.csus.ecs.pc2.core.model.Account;@318196b
231209 081555.657|INFO|Thread-2417|run|send(Serializable)
231209 081555.696|INFO|Thread-483|receive|public void receive(SealedObject TransportPacket, ConnectionHandlerID connectionHandlerID)
231209 081557.584|INFO|Thread-2537|run|send(Serializable)
231209 081557.584|INFO|Thread-2538|run|send(Serializable)
231209 081557.624|INFO|Thread-483|receive|public void receive(SealedObject TransportPacket, ConnectionHandlerID connectionHandlerID)
231209 081557.636|INFO|Thread-483|receive|public void receive(SealedObject TransportPacket, ConnectionHandlerID connectionHandlerID)
231209 081647.953|INFO|Thread-483|receive|public void receive(SealedObject TransportPacket, ConnectionHandlerID connectionHandlerID)
231209 081713.083|INFO|Thread-483|receive|public void receive(SealedObject TransportPacket, ConnectionHandlerID connectionHandlerID)
231209 081724.124|INFO|Thread-483|receive|public void receive(SealedObject TransportPacket, ConnectionHandlerID connectionHandlerID)
231209 103352.607|INFO|Thread-483|receive|public void receive(SealedObject TransportPacket, ConnectionHandlerID connectionHandlerID)
231209 103353.740|INFO|Thread-483|receive|public void receive(SealedObject TransportPacket, ConnectionHandlerID connectionHandlerID)
231209 103356.348|INFO|Thread-483|receive|public void receive(SealedObject TransportPacket, ConnectionHandlerID connectionHandlerID)
231209 103358.758|INFO|Thread-483|receive|public void receive(SealedObject TransportPacket, ConnectionHandlerID connectionHandlerID)
231209 103358.961|INFO|Thread-483|receive|public void receive(SealedObject TransportPacket, ConnectionHandlerID connectionHandlerID)
231209 103359.075|INFO|Thread-483|receive|public void receive(SealedObject TransportPacket, ConnectionHandlerID connectionHandlerID)
231209 103359.222|INFO|Thread-483|receive|public void receive(SealedObject TransportPacket, ConnectionHandlerID connectionHandlerID)
231209 103412.321|INFO|Thread-483|receive|public void receive(SealedObject TransportPacket, ConnectionHandlerID connectionHandlerID)
231209 103439.414|INFO|Thread-483|receive|public void receive(SealedObject TransportPacket, ConnectionHandlerID connectionHandlerID)
231209 103556.825|INFO|Thread-49131|run|send(Serializable)
231209 103556.834|INFO|Thread-483|connectionDropped|connectionDropped(ConnectionHandlerID myConnectionID) 
231209 103949.941|CONFIG|qtp135640095-46303|setFileHandlers|Now logging to C:\Users\18328\Desktop\pc2\WebTeamInterface-1.1\logs directory.
231209 103949.941|INFO|qtp135640095-46303|info|
231209 103949.941|INFO|qtp135640095-46303|info|Version 9 () Java ver 18.0.2.1 build  Windows 11 10.0 (amd64) 
231209 103949.941|INFO|qtp135640095-46303|info|Login: team67 (aka team67)
231209 103949.941|INFO|qtp135640095-46303|startLog|Working directory is C:\Users\18328\Desktop\pc2\WebTeamInterface-1.1
231209 103949.941|INFO|qtp135640095-46303|startLog|Process id is 15028@DESKTOP-D75BQTV
231209 103949.941|INFO|qtp135640095-46303|info|Contacting server at localhost:50002 as TEAM67 @ site 0
231209 103949.941|INFO|qtp135640095-46303|info|sendLoginRequest start - sending from TEAM67 @ site 0
231209 103949.941|INFO|qtp135640095-46303|sendToLocalServer|Sending packet to server Packet[LOGIN_REQUEST] #641 TEAM67 @ site 0 -> SERVER0 @ site 0
231209 103949.941|INFO|qtp135640095-46303|sendToLocalServer|Sent    packet to server Packet[LOGIN_REQUEST] #641 TEAM67 @ site 0 -> SERVER0 @ site 0
231209 103949.941|INFO|qtp135640095-46303|info|sendLoginRequest end - packet sent.
231209 103949.941|INFO|Thread-49344|run|send(Serializable)
231209 103949.957|INFO|Thread-49343|receive|public void receive(SealedObject TransportPacket, ConnectionHandlerID connectionHandlerID)
231209 103949.957|INFO|Thread-49345|info| receiveObject(S) start got Packet[LOGIN_SUCCESS] #3555 SERVER0 @ site 1 -> TEAM67 @ site 1
231209 103949.957|INFO|Thread-49345|dumpPacket|Packet LOGIN_SUCCESS (Seq #3555, o#3555 ) recieveObject
231209 103949.957|INFO|Thread-49345|dumpPacket|  From: SERVER0 @ site 1, oSERVER0 @ site 1 (DESKTOP-D75BQTV @ 212.212.212.212) (Contest Id: RealDeal--1957769244132597914)
231209 103949.957|INFO|Thread-49345|dumpPacket|    To: TEAM67 @ site 1
231209 103949.957|INFO|Thread-49345|dumpPacket|   key: PROFILE_LIST is: [Ledu.csus.ecs.pc2.core.model.Profile; [Ledu.csus.ecs.pc2.core.model.Profile;@3eff414d
231209 103949.957|INFO|Thread-49345|dumpPacket|   key: GENERAL_PROBLEM is: edu.csus.ecs.pc2.core.model.Problem General
231209 103949.957|INFO|Thread-49345|dumpPacket|   key: CLIENT_SETTINGS_LIST is: [Ledu.csus.ecs.pc2.core.model.ClientSettings; [Ledu.csus.ecs.pc2.core.model.ClientSettings;@3038a8e2
231209 103949.957|INFO|Thread-49345|dumpPacket|   key: CONTEST_TIME is: edu.csus.ecs.pc2.core.model.ContestTime edu.csus.ecs.pc2.core.model.ContestTime@34072a3d
231209 103949.957|INFO|Thread-49345|dumpPacket|   key: CLARIFICATION_LIST is: [Ledu.csus.ecs.pc2.core.model.Clarification; [Ledu.csus.ecs.pc2.core.model.Clarification;@7105a2d9
231209 103949.957|INFO|Thread-49345|dumpPacket|   key: CATEGORY_LIST is: [Ledu.csus.ecs.pc2.core.model.Category; [Ledu.csus.ecs.pc2.core.model.Category;@35b4709d
231209 103949.957|INFO|Thread-49345|dumpPacket|   key: LANGUAGE_LIST is: [Ledu.csus.ecs.pc2.core.model.Language; [Ledu.csus.ecs.pc2.core.model.Language;@403eb171
231209 103949.957|INFO|Thread-49345|dumpPacket|   key: REMOTE_LOGGED_IN_USERS is: [Ledu.csus.ecs.pc2.core.model.ClientId; [Ledu.csus.ecs.pc2.core.model.ClientId;@4d653d89
231209 103949.957|INFO|Thread-49345|dumpPacket|   key: CONTEST_TIME_LIST is: [Ledu.csus.ecs.pc2.core.model.ContestTime; [Ledu.csus.ecs.pc2.core.model.ContestTime;@112a5d96
231209 103949.957|INFO|Thread-49345|dumpPacket|   key: CONNECTION_HANDLE_ID_LIST is: [Ledu.csus.ecs.pc2.core.transport.ConnectionHandlerID; [Ledu.csus.ecs.pc2.core.transport.ConnectionHandlerID;@78ce7b6
231209 103949.957|INFO|Thread-49345|dumpPacket|   key: PROFILE is: edu.csus.ecs.pc2.core.model.Profile RealDeal--1957769244132597914
231209 103949.957|INFO|Thread-49345|dumpPacket|   key: CLIENT_ID is: edu.csus.ecs.pc2.core.model.ClientId TEAM67 @ site 1
231209 103949.957|INFO|Thread-49345|dumpPacket|   key: SITE_NUMBER is: java.lang.Integer 1
231209 103949.957|INFO|Thread-49345|dumpPacket|   key: CONTEST_INFORMATION is: edu.csus.ecs.pc2.core.model.ContestInformation edu.csus.ecs.pc2.core.model.ContestInformation@320c6b0f
231209 103949.957|INFO|Thread-49345|dumpPacket|   key: SITE_LIST is: [Ledu.csus.ecs.pc2.core.model.Site; [Ledu.csus.ecs.pc2.core.model.Site;@566191b2
231209 103949.957|INFO|Thread-49345|dumpPacket|   key: PROBLEM_DATA_FILES is: [Ledu.csus.ecs.pc2.core.model.ProblemDataFiles; [Ledu.csus.ecs.pc2.core.model.ProblemDataFiles;@1564a005
231209 103949.957|INFO|Thread-49345|dumpPacket|   key: JUDGEMENT_LIST is: [Ledu.csus.ecs.pc2.core.model.Judgement; [Ledu.csus.ecs.pc2.core.model.Judgement;@75b54448
231209 103949.957|INFO|Thread-49345|dumpPacket|   key: PROBLEM_LIST is: [Ledu.csus.ecs.pc2.core.model.Problem; [Ledu.csus.ecs.pc2.core.model.Problem;@24b00de2
231209 103949.957|INFO|Thread-49345|dumpPacket|   key: GROUP_LIST is: [Ledu.csus.ecs.pc2.core.model.Group; [Ledu.csus.ecs.pc2.core.model.Group;@7e86e4c7
231209 103949.957|INFO|Thread-49345|dumpPacket|   key: LOCAL_LOGGED_IN_USERS is: [Ledu.csus.ecs.pc2.core.model.ClientId; [Ledu.csus.ecs.pc2.core.model.ClientId;@4ed2179a
231209 103949.957|INFO|Thread-49345|dumpPacket|   key: SERVER_CLOCK_OFFSET is: java.util.GregorianCalendar java.util.GregorianCalendar[time=1702139989953,areFieldsSet=true,areAllFieldsSet=false,lenient=true,zone=sun.util.calendar.ZoneInfo[id="GMT",offset=0,dstSavings=0,useDaylight=false,transitions=0,lastRule=null],firstDayOfWeek=1,minimalDaysInFirstWeek=1,ERA=1,YEAR=2023,MONTH=11,WEEK_OF_YEAR=49,WEEK_OF_MONTH=2,DAY_OF_MONTH=9,DAY_OF_YEAR=343,DAY_OF_WEEK=7,DAY_OF_WEEK_IN_MONTH=2,AM_PM=1,HOUR=4,HOUR_OF_DAY=16,MINUTE=39,SECOND=49,MILLISECOND=953,ZONE_OFFSET=0,DST_OFFSET=0]
231209 103949.957|INFO|Thread-49345|dumpPacket|   key: CONTEST_IDENTIFIER is: java.lang.String RealDeal--1957769244132597914
231209 103949.957|INFO|Thread-49345|dumpPacket|   key: BALLOON_SETTINGS_LIST is: [Ledu.csus.ecs.pc2.core.model.BalloonSettings; [Ledu.csus.ecs.pc2.core.model.BalloonSettings;@119a9d0c
231209 103949.957|INFO|Thread-49345|dumpPacket|   key: RUN_LIST is: [Ledu.csus.ecs.pc2.core.model.Run; [Ledu.csus.ecs.pc2.core.model.Run;@35e15dc0
231209 103949.957|INFO|Thread-49345|dumpPacket|   key: ACCOUNT_ARRAY is: [Ledu.csus.ecs.pc2.core.model.Account; [Ledu.csus.ecs.pc2.core.model.Account;@7c883767
231209 103949.957|INFO|Thread-49345|info|handlePacket start Packet[LOGIN_SUCCESS] #3555 SERVER0 @ site 1 -> TEAM67 @ site 1
231209 103949.957|INFO|Thread-49345|dumpPacket|Packet LOGIN_SUCCESS (Seq #3555, o#3555 ) handlePacket
231209 103949.957|INFO|Thread-49345|dumpPacket|  From: SERVER0 @ site 1, oSERVER0 @ site 1 (DESKTOP-D75BQTV @ 212.212.212.212) (Contest Id: RealDeal--1957769244132597914)
231209 103949.957|INFO|Thread-49345|dumpPacket|    To: TEAM67 @ site 1
231209 103949.965|INFO|Thread-49345|dumpPacket|   key: PROFILE_LIST is: [Ledu.csus.ecs.pc2.core.model.Profile; [Ledu.csus.ecs.pc2.core.model.Profile;@3eff414d
231209 103949.965|INFO|Thread-49345|dumpPacket|   key: GENERAL_PROBLEM is: edu.csus.ecs.pc2.core.model.Problem General
231209 103949.965|INFO|Thread-49345|dumpPacket|   key: CLIENT_SETTINGS_LIST is: [Ledu.csus.ecs.pc2.core.model.ClientSettings; [Ledu.csus.ecs.pc2.core.model.ClientSettings;@3038a8e2
231209 103949.965|INFO|Thread-49345|dumpPacket|   key: CONTEST_TIME is: edu.csus.ecs.pc2.core.model.ContestTime edu.csus.ecs.pc2.core.model.ContestTime@34072a3d
231209 103949.965|INFO|Thread-49345|dumpPacket|   key: CLARIFICATION_LIST is: [Ledu.csus.ecs.pc2.core.model.Clarification; [Ledu.csus.ecs.pc2.core.model.Clarification;@7105a2d9
231209 103949.965|INFO|Thread-49345|dumpPacket|   key: CATEGORY_LIST is: [Ledu.csus.ecs.pc2.core.model.Category; [Ledu.csus.ecs.pc2.core.model.Category;@35b4709d
231209 103949.965|INFO|Thread-49345|dumpPacket|   key: LANGUAGE_LIST is: [Ledu.csus.ecs.pc2.core.model.Language; [Ledu.csus.ecs.pc2.core.model.Language;@403eb171
231209 103949.965|INFO|Thread-49345|dumpPacket|   key: REMOTE_LOGGED_IN_USERS is: [Ledu.csus.ecs.pc2.core.model.ClientId; [Ledu.csus.ecs.pc2.core.model.ClientId;@4d653d89
231209 103949.965|INFO|Thread-49345|dumpPacket|   key: CONTEST_TIME_LIST is: [Ledu.csus.ecs.pc2.core.model.ContestTime; [Ledu.csus.ecs.pc2.core.model.ContestTime;@112a5d96
231209 103949.965|INFO|Thread-49345|dumpPacket|   key: CONNECTION_HANDLE_ID_LIST is: [Ledu.csus.ecs.pc2.core.transport.ConnectionHandlerID; [Ledu.csus.ecs.pc2.core.transport.ConnectionHandlerID;@78ce7b6
231209 103949.965|INFO|Thread-49345|dumpPacket|   key: PROFILE is: edu.csus.ecs.pc2.core.model.Profile RealDeal--1957769244132597914
231209 103949.965|INFO|Thread-49345|dumpPacket|   key: CLIENT_ID is: edu.csus.ecs.pc2.core.model.ClientId TEAM67 @ site 1
231209 103949.965|INFO|Thread-49345|dumpPacket|   key: SITE_NUMBER is: java.lang.Integer 1
231209 103949.966|INFO|Thread-49345|dumpPacket|   key: CONTEST_INFORMATION is: edu.csus.ecs.pc2.core.model.ContestInformation edu.csus.ecs.pc2.core.model.ContestInformation@320c6b0f
231209 103949.966|INFO|Thread-49345|dumpPacket|   key: SITE_LIST is: [Ledu.csus.ecs.pc2.core.model.Site; [Ledu.csus.ecs.pc2.core.model.Site;@566191b2
231209 103949.966|INFO|Thread-49345|dumpPacket|   key: PROBLEM_DATA_FILES is: [Ledu.csus.ecs.pc2.core.model.ProblemDataFiles; [Ledu.csus.ecs.pc2.core.model.ProblemDataFiles;@1564a005
231209 103949.966|INFO|Thread-49345|dumpPacket|   key: JUDGEMENT_LIST is: [Ledu.csus.ecs.pc2.core.model.Judgement; [Ledu.csus.ecs.pc2.core.model.Judgement;@75b54448
231209 103949.966|INFO|Thread-49345|dumpPacket|   key: PROBLEM_LIST is: [Ledu.csus.ecs.pc2.core.model.Problem; [Ledu.csus.ecs.pc2.core.model.Problem;@24b00de2
231209 103949.966|INFO|Thread-49345|dumpPacket|   key: GROUP_LIST is: [Ledu.csus.ecs.pc2.core.model.Group; [Ledu.csus.ecs.pc2.core.model.Group;@7e86e4c7
231209 103949.966|INFO|Thread-49345|dumpPacket|   key: LOCAL_LOGGED_IN_USERS is: [Ledu.csus.ecs.pc2.core.model.ClientId; [Ledu.csus.ecs.pc2.core.model.ClientId;@4ed2179a
231209 103949.966|INFO|Thread-49345|dumpPacket|   key: SERVER_CLOCK_OFFSET is: java.util.GregorianCalendar java.util.GregorianCalendar[time=1702139989953,areFieldsSet=true,areAllFieldsSet=false,lenient=true,zone=sun.util.calendar.ZoneInfo[id="GMT",offset=0,dstSavings=0,useDaylight=false,transitions=0,lastRule=null],firstDayOfWeek=1,minimalDaysInFirstWeek=1,ERA=1,YEAR=2023,MONTH=11,WEEK_OF_YEAR=49,WEEK_OF_MONTH=2,DAY_OF_MONTH=9,DAY_OF_YEAR=343,DAY_OF_WEEK=7,DAY_OF_WEEK_IN_MONTH=2,AM_PM=1,HOUR=4,HOUR_OF_DAY=16,MINUTE=39,SECOND=49,MILLISECOND=953,ZONE_OFFSET=0,DST_OFFSET=0]
231209 103949.966|INFO|Thread-49345|dumpPacket|   key: CONTEST_IDENTIFIER is: java.lang.String RealDeal--1957769244132597914
231209 103949.966|INFO|Thread-49345|dumpPacket|   key: BALLOON_SETTINGS_LIST is: [Ledu.csus.ecs.pc2.core.model.BalloonSettings; [Ledu.csus.ecs.pc2.core.model.BalloonSettings;@119a9d0c
231209 103949.966|INFO|Thread-49345|dumpPacket|   key: RUN_LIST is: [Ledu.csus.ecs.pc2.core.model.Run; [Ledu.csus.ecs.pc2.core.model.Run;@35e15dc0
231209 103949.966|INFO|Thread-49345|dumpPacket|   key: ACCOUNT_ARRAY is: [Ledu.csus.ecs.pc2.core.model.Account; [Ledu.csus.ecs.pc2.core.model.Account;@7c883767
231209 104340.758|INFO|Thread-49343|receive|public void receive(SealedObject TransportPacket, ConnectionHandlerID connectionHandlerID)
231209 104900.034|INFO|Thread-49343|receive|public void receive(SealedObject TransportPacket, ConnectionHandlerID connectionHandlerID)
231209 104938.098|INFO|Thread-49343|receive|public void receive(SealedObject TransportPacket, ConnectionHandlerID connectionHandlerID)
231209 105758.473|INFO|Thread-49343|receive|public void receive(SealedObject TransportPacket, ConnectionHandlerID connectionHandlerID)
231209 105839.045|INFO|Thread-64881|run|send(Serializable)
231209 105839.089|INFO|Thread-49343|receive|public void receive(SealedObject TransportPacket, ConnectionHandlerID connectionHandlerID)
231209 105850.518|INFO|Thread-49343|receive|public void receive(SealedObject TransportPacket, ConnectionHandlerID connectionHandlerID)
231209 110012.881|INFO|Thread-49343|receive|public void receive(SealedObject TransportPacket, ConnectionHandlerID connectionHandlerID)
231209 110139.135|INFO|Thread-49343|receive|public void receive(SealedObject TransportPacket, ConnectionHandlerID connectionHandlerID)
231209 110255.086|INFO|Thread-65167|run|send(Serializable)
231209 110255.150|INFO|Thread-49343|receive|public void receive(SealedObject TransportPacket, ConnectionHandlerID connectionHandlerID)
231209 110300.827|INFO|Thread-49343|receive|public void receive(SealedObject TransportPacket, ConnectionHandlerID connectionHandlerID)
231209 110446.757|INFO|Thread-49343|receive|public void receive(SealedObject TransportPacket, ConnectionHandlerID connectionHandlerID)
231209 110531.035|INFO|Thread-65320|run|send(Serializable)
231209 110531.107|INFO|Thread-49343|receive|public void receive(SealedObject TransportPacket, ConnectionHandlerID connectionHandlerID)
231209 110546.026|INFO|Thread-49343|receive|public void receive(SealedObject TransportPacket, ConnectionHandlerID connectionHandlerID)
231209 110645.385|INFO|Thread-49343|receive|public void receive(SealedObject TransportPacket, ConnectionHandlerID connectionHandlerID)
231209 111315.651|INFO|Thread-49343|receive|public void receive(SealedObject TransportPacket, ConnectionHandlerID connectionHandlerID)
231209 111459.727|INFO|Thread-49343|receive|public void receive(SealedObject TransportPacket, ConnectionHandlerID connectionHandlerID)
231209 111931.444|INFO|Thread-65872|run|send(Serializable)
231209 111931.546|INFO|Thread-49343|receive|public void receive(SealedObject TransportPacket, ConnectionHandlerID connectionHandlerID)
231209 111939.002|INFO|Thread-49343|receive|public void receive(SealedObject TransportPacket, ConnectionHandlerID connectionHandlerID)
231209 112044.358|INFO|Thread-65889|run|send(Serializable)
231209 112044.456|INFO|Thread-49343|receive|public void receive(SealedObject TransportPacket, ConnectionHandlerID connectionHandlerID)
231209 112054.137|INFO|Thread-49343|receive|public void receive(SealedObject TransportPacket, ConnectionHandlerID connectionHandlerID)
231209 112346.828|INFO|Thread-65947|run|send(Serializable)
231209 112346.853|INFO|Thread-49343|receive|public void receive(SealedObject TransportPacket, ConnectionHandlerID connectionHandlerID)
231209 112437.537|INFO|Thread-49343|receive|public void receive(SealedObject TransportPacket, ConnectionHandlerID connectionHandlerID)
231209 113245.334|INFO|Thread-66130|run|send(Serializable)
231209 113245.351|INFO|Thread-49343|receive|public void receive(SealedObject TransportPacket, ConnectionHandlerID connectionHandlerID)
231209 113313.398|INFO|Thread-66139|run|send(Serializable)
231209 113313.548|INFO|Thread-49343|receive|public void receive(SealedObject TransportPacket, ConnectionHandlerID connectionHandlerID)
231209 113324.086|INFO|Thread-49343|receive|public void receive(SealedObject TransportPacket, ConnectionHandlerID connectionHandlerID)
231209 113338.010|INFO|Thread-49343|receive|public void receive(SealedObject TransportPacket, ConnectionHandlerID connectionHandlerID)
231209 115431.484|INFO|Thread-49343|receive|public void receive(SealedObject TransportPacket, ConnectionHandlerID connectionHandlerID)
231209 120337.184|INFO|Thread-66970|run|send(Serializable)
231209 120337.395|INFO|Thread-49343|receive|public void receive(SealedObject TransportPacket, ConnectionHandlerID connectionHandlerID)
231209 120342.602|INFO|Thread-49343|receive|public void receive(SealedObject TransportPacket, ConnectionHandlerID connectionHandlerID)
231209 120531.141|INFO|Thread-67013|run|send(Serializable)
231209 120531.355|INFO|Thread-49343|receive|public void receive(SealedObject TransportPacket, ConnectionHandlerID connectionHandlerID)
231209 120539.544|INFO|Thread-49343|receive|public void receive(SealedObject TransportPacket, ConnectionHandlerID connectionHandlerID)
231209 120708.095|INFO|Thread-67050|run|send(Serializable)
231209 120708.307|INFO|Thread-49343|receive|public void receive(SealedObject TransportPacket, ConnectionHandlerID connectionHandlerID)
231209 120719.263|INFO|Thread-49343|receive|public void receive(SealedObject TransportPacket, ConnectionHandlerID connectionHandlerID)
231209 120810.421|INFO|Thread-67066|run|send(Serializable)
231209 120810.637|INFO|Thread-49343|receive|public void receive(SealedObject TransportPacket, ConnectionHandlerID connectionHandlerID)
231209 120816.043|INFO|Thread-49343|receive|public void receive(SealedObject TransportPacket, ConnectionHandlerID connectionHandlerID)
231209 121747.656|INFO|Thread-67308|run|send(Serializable)
231209 121747.984|INFO|Thread-49343|receive|public void receive(SealedObject TransportPacket, ConnectionHandlerID connectionHandlerID)
231209 121758.582|INFO|Thread-49343|receive|public void receive(SealedObject TransportPacket, ConnectionHandlerID connectionHandlerID)
231209 121940.866|INFO|Thread-67371|run|send(Serializable)
231209 121941.149|INFO|Thread-49343|receive|public void receive(SealedObject TransportPacket, ConnectionHandlerID connectionHandlerID)
231209 121946.549|INFO|Thread-49343|receive|public void receive(SealedObject TransportPacket, ConnectionHandlerID connectionHandlerID)
231209 123323.545|INFO|Thread-67702|run|send(Serializable)
231209 123323.868|INFO|Thread-49343|receive|public void receive(SealedObject TransportPacket, ConnectionHandlerID connectionHandlerID)
231209 123331.072|INFO|Thread-49343|receive|public void receive(SealedObject TransportPacket, ConnectionHandlerID connectionHandlerID)
231209 124114.941|INFO|Thread-67994|run|send(Serializable)
231209 124115.231|INFO|Thread-49343|receive|public void receive(SealedObject TransportPacket, ConnectionHandlerID connectionHandlerID)
231209 124122.717|INFO|Thread-49343|receive|public void receive(SealedObject TransportPacket, ConnectionHandlerID connectionHandlerID)
231209 125144.036|INFO|Thread-49343|connectionDropped|connectionDropped(ConnectionHandlerID myConnectionID) 
