231209 083939.890|CONFIG|qtp135640095-6001|setFileHandlers|Now logging to C:\Users\18328\Desktop\pc2\WebTeamInterface-1.1\logs directory.
231209 083939.890|INFO|qtp135640095-6001|info|
231209 083939.890|INFO|qtp135640095-6001|info|Version 9 () Java ver 18.0.2.1 build  Windows 11 10.0 (amd64) 
231209 083939.890|INFO|qtp135640095-6001|info|Login: team32 (aka team32)
231209 083939.890|INFO|qtp135640095-6001|startLog|Working directory is C:\Users\18328\Desktop\pc2\WebTeamInterface-1.1
231209 083939.890|INFO|qtp135640095-6001|startLog|Process id is 15028@DESKTOP-D75BQTV
231209 083939.890|INFO|qtp135640095-6001|info|Contacting server at localhost:50002 as TEAM32 @ site 0
231209 083939.890|INFO|Thread-19751|getPublicKeyPacket|checking key:= SunJCE Diffie-Hellman Public Key:
y:
    9024520a fcc613c3 bee9e62a c5d01f1e 6d3ce9ef 3bd05606 c5fcd6b1 3ea7ce94
    992cec54 8648c021 e1c25357 bde3e0d8 1a6af3ce e5b4131b adc37186 423e5a03
    df014e53 6f97e135 5199ad04 e00ada96 8068bde5 4dcf6e1f 4f739744 30350fc7
    bc222faf 3ec0dd8c b7f9ab62 3b2ea76b 1e772e7a 8ac8f33a e31f08f1 59dc5b9c
p:
    f488fd58 4e49dbcd 20b49de4 9107366b 336c380d 451d0f7c 88b31c7c 5b2d8ef6
    f3c923c0 43f0a55b 188d8ebb 558cb85d 38d334fd 7c175743 a31d186c de33212c
    b52aff3c e1b12940 18118d7c 84a70a72 d686c403 19c80729 7aca950c d9969fab
    d00a509b 0246d308 3d66a45d 419f9c7c bd894b22 1926baab a25ec355 e92f78c7
g:
    02
l:
    512
231209 083939.890|INFO|qtp135640095-6001|info|sendLoginRequest start - sending from TEAM32 @ site 0
231209 083939.890|INFO|Thread-19751|getPublicKeyPacket|packet:= edu.csus.ecs.pc2.core.transport.TransportWrapper@5f4fa7d7
231209 083939.890|INFO|qtp135640095-6001|sendToLocalServer|Sending packet to server Packet[LOGIN_REQUEST] #293 TEAM32 @ site 0 -> SERVER0 @ site 0
231209 083939.890|INFO|qtp135640095-6001|sendToLocalServer|Sent    packet to server Packet[LOGIN_REQUEST] #293 TEAM32 @ site 0 -> SERVER0 @ site 0
231209 083939.890|INFO|qtp135640095-6001|info|sendLoginRequest end - packet sent.
231209 083939.890|INFO|Thread-19752|run|send(Serializable)
231209 083939.906|INFO|Thread-19751|receive|public void receive(SealedObject TransportPacket, ConnectionHandlerID connectionHandlerID)
231209 083939.906|INFO|Thread-19753|info| receiveObject(S) start got Packet[LOGIN_SUCCESS] #1601 SERVER0 @ site 1 -> TEAM32 @ site 1
231209 083939.906|INFO|Thread-19753|dumpPacket|Packet LOGIN_SUCCESS (Seq #1601, o#1601 ) recieveObject
231209 083939.906|INFO|Thread-19753|dumpPacket|  From: SERVER0 @ site 1, oSERVER0 @ site 1 (DESKTOP-D75BQTV @ 212.212.212.212) (Contest Id: DryRun--6069080675419338087)
231209 083939.906|INFO|Thread-19753|dumpPacket|    To: TEAM32 @ site 1
231209 083939.906|INFO|Thread-19753|dumpPacket|   key: PROFILE_LIST is: [Ledu.csus.ecs.pc2.core.model.Profile; [Ledu.csus.ecs.pc2.core.model.Profile;@7f441852
231209 083939.906|INFO|Thread-19753|dumpPacket|   key: GENERAL_PROBLEM is: edu.csus.ecs.pc2.core.model.Problem General
231209 083939.906|INFO|Thread-19753|dumpPacket|   key: CLIENT_SETTINGS_LIST is: [Ledu.csus.ecs.pc2.core.model.ClientSettings; [Ledu.csus.ecs.pc2.core.model.ClientSettings;@7183f9ca
231209 083939.906|INFO|Thread-19753|dumpPacket|   key: CONTEST_TIME is: edu.csus.ecs.pc2.core.model.ContestTime edu.csus.ecs.pc2.core.model.ContestTime@75bc7322
231209 083939.906|INFO|Thread-19753|dumpPacket|   key: CLARIFICATION_LIST is: [Ledu.csus.ecs.pc2.core.model.Clarification; [Ledu.csus.ecs.pc2.core.model.Clarification;@30bef3f1
231209 083939.906|INFO|Thread-19753|dumpPacket|   key: CATEGORY_LIST is: [Ledu.csus.ecs.pc2.core.model.Category; [Ledu.csus.ecs.pc2.core.model.Category;@6fe7fb3c
231209 083939.906|INFO|Thread-19753|dumpPacket|   key: LANGUAGE_LIST is: [Ledu.csus.ecs.pc2.core.model.Language; [Ledu.csus.ecs.pc2.core.model.Language;@1c402a3
231209 083939.906|INFO|Thread-19753|dumpPacket|   key: REMOTE_LOGGED_IN_USERS is: [Ledu.csus.ecs.pc2.core.model.ClientId; [Ledu.csus.ecs.pc2.core.model.ClientId;@177754da
231209 083939.906|INFO|Thread-19753|dumpPacket|   key: CONTEST_TIME_LIST is: [Ledu.csus.ecs.pc2.core.model.ContestTime; [Ledu.csus.ecs.pc2.core.model.ContestTime;@50910cbe
231209 083939.906|INFO|Thread-19753|dumpPacket|   key: CONNECTION_HANDLE_ID_LIST is: [Ledu.csus.ecs.pc2.core.transport.ConnectionHandlerID; [Ledu.csus.ecs.pc2.core.transport.ConnectionHandlerID;@7f338b
231209 083939.906|INFO|Thread-19753|dumpPacket|   key: PROFILE is: edu.csus.ecs.pc2.core.model.Profile DryRun--6069080675419338087
231209 083939.906|INFO|Thread-19753|dumpPacket|   key: CLIENT_ID is: edu.csus.ecs.pc2.core.model.ClientId TEAM32 @ site 1
231209 083939.906|INFO|Thread-19753|dumpPacket|   key: SITE_NUMBER is: java.lang.Integer 1
231209 083939.914|INFO|Thread-19753|dumpPacket|   key: CONTEST_INFORMATION is: edu.csus.ecs.pc2.core.model.ContestInformation edu.csus.ecs.pc2.core.model.ContestInformation@210ff83d
231209 083939.914|INFO|Thread-19753|dumpPacket|   key: SITE_LIST is: [Ledu.csus.ecs.pc2.core.model.Site; [Ledu.csus.ecs.pc2.core.model.Site;@c73b942
231209 083939.914|INFO|Thread-19753|dumpPacket|   key: PROBLEM_DATA_FILES is: [Ledu.csus.ecs.pc2.core.model.ProblemDataFiles; [Ledu.csus.ecs.pc2.core.model.ProblemDataFiles;@54dfb08e
231209 083939.914|INFO|Thread-19753|dumpPacket|   key: JUDGEMENT_LIST is: [Ledu.csus.ecs.pc2.core.model.Judgement; [Ledu.csus.ecs.pc2.core.model.Judgement;@2dc532f5
231209 083939.914|INFO|Thread-19753|dumpPacket|   key: PROBLEM_LIST is: [Ledu.csus.ecs.pc2.core.model.Problem; [Ledu.csus.ecs.pc2.core.model.Problem;@73d5f960
231209 083939.914|INFO|Thread-19753|dumpPacket|   key: GROUP_LIST is: [Ledu.csus.ecs.pc2.core.model.Group; [Ledu.csus.ecs.pc2.core.model.Group;@62fde7f1
231209 083939.914|INFO|Thread-19753|dumpPacket|   key: LOCAL_LOGGED_IN_USERS is: [Ledu.csus.ecs.pc2.core.model.ClientId; [Ledu.csus.ecs.pc2.core.model.ClientId;@4b0f60e0
231209 083939.914|INFO|Thread-19753|dumpPacket|   key: SERVER_CLOCK_OFFSET is: java.util.GregorianCalendar java.util.GregorianCalendar[time=1702132779898,areFieldsSet=true,areAllFieldsSet=false,lenient=true,zone=sun.util.calendar.ZoneInfo[id="GMT",offset=0,dstSavings=0,useDaylight=false,transitions=0,lastRule=null],firstDayOfWeek=1,minimalDaysInFirstWeek=1,ERA=1,YEAR=2023,MONTH=11,WEEK_OF_YEAR=49,WEEK_OF_MONTH=2,DAY_OF_MONTH=9,DAY_OF_YEAR=343,DAY_OF_WEEK=7,DAY_OF_WEEK_IN_MONTH=2,AM_PM=1,HOUR=2,HOUR_OF_DAY=14,MINUTE=39,SECOND=39,MILLISECOND=898,ZONE_OFFSET=0,DST_OFFSET=0]
231209 083939.914|INFO|Thread-19753|dumpPacket|   key: CONTEST_IDENTIFIER is: java.lang.String DryRun--6069080675419338087
231209 083939.914|INFO|Thread-19753|dumpPacket|   key: BALLOON_SETTINGS_LIST is: [Ledu.csus.ecs.pc2.core.model.BalloonSettings; [Ledu.csus.ecs.pc2.core.model.BalloonSettings;@4fd9a1ee
231209 083939.914|INFO|Thread-19753|dumpPacket|   key: RUN_LIST is: [Ledu.csus.ecs.pc2.core.model.Run; [Ledu.csus.ecs.pc2.core.model.Run;@131b5f8c
231209 083939.914|INFO|Thread-19753|dumpPacket|   key: ACCOUNT_ARRAY is: [Ledu.csus.ecs.pc2.core.model.Account; [Ledu.csus.ecs.pc2.core.model.Account;@1ed4f071
231209 083939.914|INFO|Thread-19753|info|handlePacket start Packet[LOGIN_SUCCESS] #1601 SERVER0 @ site 1 -> TEAM32 @ site 1
231209 083939.914|INFO|Thread-19753|dumpPacket|Packet LOGIN_SUCCESS (Seq #1601, o#1601 ) handlePacket
231209 083939.914|INFO|Thread-19753|dumpPacket|  From: SERVER0 @ site 1, oSERVER0 @ site 1 (DESKTOP-D75BQTV @ 212.212.212.212) (Contest Id: DryRun--6069080675419338087)
231209 083939.914|INFO|Thread-19753|dumpPacket|    To: TEAM32 @ site 1
231209 083939.914|INFO|Thread-19753|dumpPacket|   key: PROFILE_LIST is: [Ledu.csus.ecs.pc2.core.model.Profile; [Ledu.csus.ecs.pc2.core.model.Profile;@7f441852
231209 083939.914|INFO|Thread-19753|dumpPacket|   key: GENERAL_PROBLEM is: edu.csus.ecs.pc2.core.model.Problem General
231209 083939.914|INFO|Thread-19753|dumpPacket|   key: CLIENT_SETTINGS_LIST is: [Ledu.csus.ecs.pc2.core.model.ClientSettings; [Ledu.csus.ecs.pc2.core.model.ClientSettings;@7183f9ca
231209 083939.914|INFO|Thread-19753|dumpPacket|   key: CONTEST_TIME is: edu.csus.ecs.pc2.core.model.ContestTime edu.csus.ecs.pc2.core.model.ContestTime@75bc7322
231209 083939.914|INFO|Thread-19753|dumpPacket|   key: CLARIFICATION_LIST is: [Ledu.csus.ecs.pc2.core.model.Clarification; [Ledu.csus.ecs.pc2.core.model.Clarification;@30bef3f1
231209 083939.914|INFO|Thread-19753|dumpPacket|   key: CATEGORY_LIST is: [Ledu.csus.ecs.pc2.core.model.Category; [Ledu.csus.ecs.pc2.core.model.Category;@6fe7fb3c
231209 083939.914|INFO|Thread-19753|dumpPacket|   key: LANGUAGE_LIST is: [Ledu.csus.ecs.pc2.core.model.Language; [Ledu.csus.ecs.pc2.core.model.Language;@1c402a3
231209 083939.914|INFO|Thread-19753|dumpPacket|   key: REMOTE_LOGGED_IN_USERS is: [Ledu.csus.ecs.pc2.core.model.ClientId; [Ledu.csus.ecs.pc2.core.model.ClientId;@177754da
231209 083939.914|INFO|Thread-19753|dumpPacket|   key: CONTEST_TIME_LIST is: [Ledu.csus.ecs.pc2.core.model.ContestTime; [Ledu.csus.ecs.pc2.core.model.ContestTime;@50910cbe
231209 083939.914|INFO|Thread-19753|dumpPacket|   key: CONNECTION_HANDLE_ID_LIST is: [Ledu.csus.ecs.pc2.core.transport.ConnectionHandlerID; [Ledu.csus.ecs.pc2.core.transport.ConnectionHandlerID;@7f338b
231209 083939.914|INFO|Thread-19753|dumpPacket|   key: PROFILE is: edu.csus.ecs.pc2.core.model.Profile DryRun--6069080675419338087
231209 083939.914|INFO|Thread-19753|dumpPacket|   key: CLIENT_ID is: edu.csus.ecs.pc2.core.model.ClientId TEAM32 @ site 1
231209 083939.914|INFO|Thread-19753|dumpPacket|   key: SITE_NUMBER is: java.lang.Integer 1
231209 083939.914|INFO|Thread-19753|dumpPacket|   key: CONTEST_INFORMATION is: edu.csus.ecs.pc2.core.model.ContestInformation edu.csus.ecs.pc2.core.model.ContestInformation@210ff83d
231209 083939.914|INFO|Thread-19753|dumpPacket|   key: SITE_LIST is: [Ledu.csus.ecs.pc2.core.model.Site; [Ledu.csus.ecs.pc2.core.model.Site;@c73b942
231209 083939.914|INFO|Thread-19753|dumpPacket|   key: PROBLEM_DATA_FILES is: [Ledu.csus.ecs.pc2.core.model.ProblemDataFiles; [Ledu.csus.ecs.pc2.core.model.ProblemDataFiles;@54dfb08e
231209 083939.914|INFO|Thread-19753|dumpPacket|   key: JUDGEMENT_LIST is: [Ledu.csus.ecs.pc2.core.model.Judgement; [Ledu.csus.ecs.pc2.core.model.Judgement;@2dc532f5
231209 083939.914|INFO|Thread-19753|dumpPacket|   key: PROBLEM_LIST is: [Ledu.csus.ecs.pc2.core.model.Problem; [Ledu.csus.ecs.pc2.core.model.Problem;@73d5f960
231209 083939.914|INFO|Thread-19753|dumpPacket|   key: GROUP_LIST is: [Ledu.csus.ecs.pc2.core.model.Group; [Ledu.csus.ecs.pc2.core.model.Group;@62fde7f1
231209 083939.914|INFO|Thread-19753|dumpPacket|   key: LOCAL_LOGGED_IN_USERS is: [Ledu.csus.ecs.pc2.core.model.ClientId; [Ledu.csus.ecs.pc2.core.model.ClientId;@4b0f60e0
231209 083939.914|INFO|Thread-19753|dumpPacket|   key: SERVER_CLOCK_OFFSET is: java.util.GregorianCalendar java.util.GregorianCalendar[time=1702132779898,areFieldsSet=true,areAllFieldsSet=false,lenient=true,zone=sun.util.calendar.ZoneInfo[id="GMT",offset=0,dstSavings=0,useDaylight=false,transitions=0,lastRule=null],firstDayOfWeek=1,minimalDaysInFirstWeek=1,ERA=1,YEAR=2023,MONTH=11,WEEK_OF_YEAR=49,WEEK_OF_MONTH=2,DAY_OF_MONTH=9,DAY_OF_YEAR=343,DAY_OF_WEEK=7,DAY_OF_WEEK_IN_MONTH=2,AM_PM=1,HOUR=2,HOUR_OF_DAY=14,MINUTE=39,SECOND=39,MILLISECOND=898,ZONE_OFFSET=0,DST_OFFSET=0]
231209 083939.914|INFO|Thread-19753|dumpPacket|   key: CONTEST_IDENTIFIER is: java.lang.String DryRun--6069080675419338087
231209 083939.914|INFO|Thread-19753|dumpPacket|   key: BALLOON_SETTINGS_LIST is: [Ledu.csus.ecs.pc2.core.model.BalloonSettings; [Ledu.csus.ecs.pc2.core.model.BalloonSettings;@4fd9a1ee
231209 083939.914|INFO|Thread-19753|dumpPacket|   key: RUN_LIST is: [Ledu.csus.ecs.pc2.core.model.Run; [Ledu.csus.ecs.pc2.core.model.Run;@131b5f8c
231209 083939.914|INFO|Thread-19753|dumpPacket|   key: ACCOUNT_ARRAY is: [Ledu.csus.ecs.pc2.core.model.Account; [Ledu.csus.ecs.pc2.core.model.Account;@1ed4f071
231209 084058.514|INFO|Thread-19908|run|send(Serializable)
231209 084058.588|INFO|Thread-19751|receive|public void receive(SealedObject TransportPacket, ConnectionHandlerID connectionHandlerID)
231209 084139.388|INFO|Thread-20053|run|send(Serializable)
231209 084139.468|INFO|Thread-19751|receive|public void receive(SealedObject TransportPacket, ConnectionHandlerID connectionHandlerID)
231209 084205.318|INFO|Thread-19751|receive|public void receive(SealedObject TransportPacket, ConnectionHandlerID connectionHandlerID)
231209 084234.407|INFO|Thread-19751|receive|public void receive(SealedObject TransportPacket, ConnectionHandlerID connectionHandlerID)
231209 094145.702|INFO|Thread-22435|run|send(Serializable)
231209 094145.764|INFO|Thread-19751|receive|public void receive(SealedObject TransportPacket, ConnectionHandlerID connectionHandlerID)
231209 094239.071|INFO|Thread-19751|receive|public void receive(SealedObject TransportPacket, ConnectionHandlerID connectionHandlerID)
231209 094506.626|INFO|Thread-25016|run|send(Serializable)
231209 094506.698|INFO|Thread-19751|receive|public void receive(SealedObject TransportPacket, ConnectionHandlerID connectionHandlerID)
231209 094529.429|INFO|Thread-19751|receive|public void receive(SealedObject TransportPacket, ConnectionHandlerID connectionHandlerID)
231209 103352.598|INFO|Thread-19751|receive|public void receive(SealedObject TransportPacket, ConnectionHandlerID connectionHandlerID)
231209 103353.731|INFO|Thread-19751|receive|public void receive(SealedObject TransportPacket, ConnectionHandlerID connectionHandlerID)
231209 103356.306|INFO|Thread-19751|receive|public void receive(SealedObject TransportPacket, ConnectionHandlerID connectionHandlerID)
231209 103358.701|INFO|Thread-19751|receive|public void receive(SealedObject TransportPacket, ConnectionHandlerID connectionHandlerID)
231209 103358.888|INFO|Thread-19751|receive|public void receive(SealedObject TransportPacket, ConnectionHandlerID connectionHandlerID)
231209 103359.067|INFO|Thread-19751|receive|public void receive(SealedObject TransportPacket, ConnectionHandlerID connectionHandlerID)
231209 103359.222|INFO|Thread-19751|receive|public void receive(SealedObject TransportPacket, ConnectionHandlerID connectionHandlerID)
231209 103412.349|INFO|Thread-19751|receive|public void receive(SealedObject TransportPacket, ConnectionHandlerID connectionHandlerID)
231209 103439.219|INFO|Thread-19751|receive|public void receive(SealedObject TransportPacket, ConnectionHandlerID connectionHandlerID)
231209 103946.973|INFO|Thread-49312|run|send(Serializable)
231209 103946.975|INFO|Thread-19751|connectionDropped|connectionDropped(ConnectionHandlerID myConnectionID) 
