221210 083300.124|CONFIG|qtp996796369-4847|setFileHandlers|Now logging to C:\Users\18328\Desktop\pc2\WebTeamInterface-1.1\logs directory.
221210 083300.124|INFO|qtp996796369-4847|info|
221210 083300.124|INFO|qtp996796369-4847|info|Version 9 () Java ver 18.0.2.1 build  Windows 11 10.0 (amd64) 
221210 083300.124|INFO|qtp996796369-4847|info|Login: team37 (aka team37)
221210 083300.125|INFO|qtp996796369-4847|startLog|Working directory is C:\Users\18328\Desktop\pc2\WebTeamInterface-1.1
221210 083300.125|INFO|qtp996796369-4847|startLog|Process id is 20708@DESKTOP-D75BQTV
221210 083300.125|INFO|Thread-6418|getPublicKeyPacket|packet:= edu.csus.ecs.pc2.core.transport.TransportWrapper@28d3c17f
221210 083300.125|INFO|qtp996796369-4847|info|Contacting server at 212.212.212.212:50002 as TEAM37 @ site 0
221210 083300.125|INFO|qtp996796369-4847|info|sendLoginRequest start - sending from TEAM37 @ site 0
221210 083300.125|INFO|qtp996796369-4847|sendToLocalServer|Sending packet to server Packet[LOGIN_REQUEST] #177 TEAM37 @ site 0 -> SERVER0 @ site 0
221210 083300.125|INFO|qtp996796369-4847|sendToLocalServer|Sent    packet to server Packet[LOGIN_REQUEST] #177 TEAM37 @ site 0 -> SERVER0 @ site 0
221210 083300.125|INFO|qtp996796369-4847|info|sendLoginRequest end - packet sent.
221210 083300.125|INFO|Thread-6419|run|send(Serializable)
221210 083300.129|INFO|Thread-6418|receive|public void receive(SealedObject TransportPacket, ConnectionHandlerID connectionHandlerID)
221210 083300.131|INFO|Thread-6420|info| receiveObject(S) start got Packet[LOGIN_SUCCESS] #1139 SERVER0 @ site 1 -> TEAM37 @ site 1
221210 083300.131|INFO|Thread-6420|dumpPacket|Packet LOGIN_SUCCESS (Seq #1139, o#1139 ) recieveObject
221210 083300.131|INFO|Thread-6420|dumpPacket|  From: SERVER0 @ site 1, oSERVER0 @ site 1 (DESKTOP-D75BQTV @ 212.212.212.212) (Contest Id: DryRun--5544400451244233091)
221210 083300.131|INFO|Thread-6420|dumpPacket|    To: TEAM37 @ site 1
221210 083300.131|INFO|Thread-6420|dumpPacket|   key: PROFILE_LIST is: [Ledu.csus.ecs.pc2.core.model.Profile; [Ledu.csus.ecs.pc2.core.model.Profile;@292c14e1
221210 083300.131|INFO|Thread-6420|dumpPacket|   key: GENERAL_PROBLEM is: edu.csus.ecs.pc2.core.model.Problem General
221210 083300.131|INFO|Thread-6420|dumpPacket|   key: CLIENT_SETTINGS_LIST is: [Ledu.csus.ecs.pc2.core.model.ClientSettings; [Ledu.csus.ecs.pc2.core.model.ClientSettings;@27ebffb4
221210 083300.131|INFO|Thread-6420|dumpPacket|   key: CONTEST_TIME is: edu.csus.ecs.pc2.core.model.ContestTime edu.csus.ecs.pc2.core.model.ContestTime@23d47f91
221210 083300.131|INFO|Thread-6420|dumpPacket|   key: CLARIFICATION_LIST is: [Ledu.csus.ecs.pc2.core.model.Clarification; [Ledu.csus.ecs.pc2.core.model.Clarification;@66d6f58f
221210 083300.131|INFO|Thread-6420|dumpPacket|   key: CATEGORY_LIST is: [Ledu.csus.ecs.pc2.core.model.Category; [Ledu.csus.ecs.pc2.core.model.Category;@2f946ea8
221210 083300.131|INFO|Thread-6420|dumpPacket|   key: LANGUAGE_LIST is: [Ledu.csus.ecs.pc2.core.model.Language; [Ledu.csus.ecs.pc2.core.model.Language;@57fa32b1
221210 083300.131|INFO|Thread-6420|dumpPacket|   key: REMOTE_LOGGED_IN_USERS is: [Ledu.csus.ecs.pc2.core.model.ClientId; [Ledu.csus.ecs.pc2.core.model.ClientId;@5752f728
221210 083300.131|INFO|Thread-6420|dumpPacket|   key: CONTEST_TIME_LIST is: [Ledu.csus.ecs.pc2.core.model.ContestTime; [Ledu.csus.ecs.pc2.core.model.ContestTime;@6f90ac0
221210 083300.131|INFO|Thread-6420|dumpPacket|   key: CONNECTION_HANDLE_ID_LIST is: [Ledu.csus.ecs.pc2.core.transport.ConnectionHandlerID; [Ledu.csus.ecs.pc2.core.transport.ConnectionHandlerID;@a14d599
221210 083300.131|INFO|Thread-6420|dumpPacket|   key: PROFILE is: edu.csus.ecs.pc2.core.model.Profile DryRun--5544400451244233091
221210 083300.131|INFO|Thread-6420|dumpPacket|   key: CLIENT_ID is: edu.csus.ecs.pc2.core.model.ClientId TEAM37 @ site 1
221210 083300.131|INFO|Thread-6420|dumpPacket|   key: SITE_NUMBER is: java.lang.Integer 1
221210 083300.131|INFO|Thread-6420|dumpPacket|   key: CONTEST_INFORMATION is: edu.csus.ecs.pc2.core.model.ContestInformation edu.csus.ecs.pc2.core.model.ContestInformation@c7d11d0
221210 083300.131|INFO|Thread-6420|dumpPacket|   key: SITE_LIST is: [Ledu.csus.ecs.pc2.core.model.Site; [Ledu.csus.ecs.pc2.core.model.Site;@4c565cc0
221210 083300.131|INFO|Thread-6420|dumpPacket|   key: PROBLEM_DATA_FILES is: [Ledu.csus.ecs.pc2.core.model.ProblemDataFiles; [Ledu.csus.ecs.pc2.core.model.ProblemDataFiles;@2b7f080
221210 083300.131|INFO|Thread-6420|dumpPacket|   key: JUDGEMENT_LIST is: [Ledu.csus.ecs.pc2.core.model.Judgement; [Ledu.csus.ecs.pc2.core.model.Judgement;@2e235552
221210 083300.131|INFO|Thread-6420|dumpPacket|   key: PROBLEM_LIST is: [Ledu.csus.ecs.pc2.core.model.Problem; [Ledu.csus.ecs.pc2.core.model.Problem;@4ab432d7
221210 083300.131|INFO|Thread-6420|dumpPacket|   key: GROUP_LIST is: [Ledu.csus.ecs.pc2.core.model.Group; [Ledu.csus.ecs.pc2.core.model.Group;@34fad71d
221210 083300.131|INFO|Thread-6420|dumpPacket|   key: LOCAL_LOGGED_IN_USERS is: [Ledu.csus.ecs.pc2.core.model.ClientId; [Ledu.csus.ecs.pc2.core.model.ClientId;@97402f2
221210 083300.131|INFO|Thread-6420|dumpPacket|   key: SERVER_CLOCK_OFFSET is: java.util.GregorianCalendar java.util.GregorianCalendar[time=1670682780127,areFieldsSet=true,areAllFieldsSet=false,lenient=true,zone=sun.util.calendar.ZoneInfo[id="GMT",offset=0,dstSavings=0,useDaylight=false,transitions=0,lastRule=null],firstDayOfWeek=1,minimalDaysInFirstWeek=1,ERA=1,YEAR=2022,MONTH=11,WEEK_OF_YEAR=50,WEEK_OF_MONTH=2,DAY_OF_MONTH=10,DAY_OF_YEAR=344,DAY_OF_WEEK=7,DAY_OF_WEEK_IN_MONTH=2,AM_PM=1,HOUR=2,HOUR_OF_DAY=14,MINUTE=33,SECOND=0,MILLISECOND=127,ZONE_OFFSET=0,DST_OFFSET=0]
221210 083300.131|INFO|Thread-6420|dumpPacket|   key: CONTEST_IDENTIFIER is: java.lang.String DryRun--5544400451244233091
221210 083300.131|INFO|Thread-6420|dumpPacket|   key: BALLOON_SETTINGS_LIST is: [Ledu.csus.ecs.pc2.core.model.BalloonSettings; [Ledu.csus.ecs.pc2.core.model.BalloonSettings;@3dc94f4b
221210 083300.131|INFO|Thread-6420|dumpPacket|   key: RUN_LIST is: [Ledu.csus.ecs.pc2.core.model.Run; [Ledu.csus.ecs.pc2.core.model.Run;@5600e0af
221210 083300.131|INFO|Thread-6420|dumpPacket|   key: ACCOUNT_ARRAY is: [Ledu.csus.ecs.pc2.core.model.Account; [Ledu.csus.ecs.pc2.core.model.Account;@3420874d
221210 083300.131|INFO|Thread-6420|info|handlePacket start Packet[LOGIN_SUCCESS] #1139 SERVER0 @ site 1 -> TEAM37 @ site 1
221210 083300.131|INFO|Thread-6420|dumpPacket|Packet LOGIN_SUCCESS (Seq #1139, o#1139 ) handlePacket
221210 083300.132|INFO|Thread-6420|dumpPacket|  From: SERVER0 @ site 1, oSERVER0 @ site 1 (DESKTOP-D75BQTV @ 212.212.212.212) (Contest Id: DryRun--5544400451244233091)
221210 083300.132|INFO|Thread-6420|dumpPacket|    To: TEAM37 @ site 1
221210 083300.132|INFO|Thread-6420|dumpPacket|   key: PROFILE_LIST is: [Ledu.csus.ecs.pc2.core.model.Profile; [Ledu.csus.ecs.pc2.core.model.Profile;@292c14e1
221210 083300.132|INFO|Thread-6420|dumpPacket|   key: GENERAL_PROBLEM is: edu.csus.ecs.pc2.core.model.Problem General
221210 083300.132|INFO|Thread-6420|dumpPacket|   key: CLIENT_SETTINGS_LIST is: [Ledu.csus.ecs.pc2.core.model.ClientSettings; [Ledu.csus.ecs.pc2.core.model.ClientSettings;@27ebffb4
221210 083300.132|INFO|Thread-6420|dumpPacket|   key: CONTEST_TIME is: edu.csus.ecs.pc2.core.model.ContestTime edu.csus.ecs.pc2.core.model.ContestTime@23d47f91
221210 083300.132|INFO|Thread-6420|dumpPacket|   key: CLARIFICATION_LIST is: [Ledu.csus.ecs.pc2.core.model.Clarification; [Ledu.csus.ecs.pc2.core.model.Clarification;@66d6f58f
221210 083300.132|INFO|Thread-6420|dumpPacket|   key: CATEGORY_LIST is: [Ledu.csus.ecs.pc2.core.model.Category; [Ledu.csus.ecs.pc2.core.model.Category;@2f946ea8
221210 083300.132|INFO|Thread-6420|dumpPacket|   key: LANGUAGE_LIST is: [Ledu.csus.ecs.pc2.core.model.Language; [Ledu.csus.ecs.pc2.core.model.Language;@57fa32b1
221210 083300.132|INFO|Thread-6420|dumpPacket|   key: REMOTE_LOGGED_IN_USERS is: [Ledu.csus.ecs.pc2.core.model.ClientId; [Ledu.csus.ecs.pc2.core.model.ClientId;@5752f728
221210 083300.132|INFO|Thread-6420|dumpPacket|   key: CONTEST_TIME_LIST is: [Ledu.csus.ecs.pc2.core.model.ContestTime; [Ledu.csus.ecs.pc2.core.model.ContestTime;@6f90ac0
221210 083300.132|INFO|Thread-6420|dumpPacket|   key: CONNECTION_HANDLE_ID_LIST is: [Ledu.csus.ecs.pc2.core.transport.ConnectionHandlerID; [Ledu.csus.ecs.pc2.core.transport.ConnectionHandlerID;@a14d599
221210 083300.132|INFO|Thread-6420|dumpPacket|   key: PROFILE is: edu.csus.ecs.pc2.core.model.Profile DryRun--5544400451244233091
221210 083300.132|INFO|Thread-6420|dumpPacket|   key: CLIENT_ID is: edu.csus.ecs.pc2.core.model.ClientId TEAM37 @ site 1
221210 083300.132|INFO|Thread-6420|dumpPacket|   key: SITE_NUMBER is: java.lang.Integer 1
221210 083300.132|INFO|Thread-6420|dumpPacket|   key: CONTEST_INFORMATION is: edu.csus.ecs.pc2.core.model.ContestInformation edu.csus.ecs.pc2.core.model.ContestInformation@c7d11d0
221210 083300.132|INFO|Thread-6420|dumpPacket|   key: SITE_LIST is: [Ledu.csus.ecs.pc2.core.model.Site; [Ledu.csus.ecs.pc2.core.model.Site;@4c565cc0
221210 083300.132|INFO|Thread-6420|dumpPacket|   key: PROBLEM_DATA_FILES is: [Ledu.csus.ecs.pc2.core.model.ProblemDataFiles; [Ledu.csus.ecs.pc2.core.model.ProblemDataFiles;@2b7f080
221210 083300.132|INFO|Thread-6420|dumpPacket|   key: JUDGEMENT_LIST is: [Ledu.csus.ecs.pc2.core.model.Judgement; [Ledu.csus.ecs.pc2.core.model.Judgement;@2e235552
221210 083300.132|INFO|Thread-6420|dumpPacket|   key: PROBLEM_LIST is: [Ledu.csus.ecs.pc2.core.model.Problem; [Ledu.csus.ecs.pc2.core.model.Problem;@4ab432d7
221210 083300.132|INFO|Thread-6420|dumpPacket|   key: GROUP_LIST is: [Ledu.csus.ecs.pc2.core.model.Group; [Ledu.csus.ecs.pc2.core.model.Group;@34fad71d
221210 083300.132|INFO|Thread-6420|dumpPacket|   key: LOCAL_LOGGED_IN_USERS is: [Ledu.csus.ecs.pc2.core.model.ClientId; [Ledu.csus.ecs.pc2.core.model.ClientId;@97402f2
221210 083300.132|INFO|Thread-6420|dumpPacket|   key: SERVER_CLOCK_OFFSET is: java.util.GregorianCalendar java.util.GregorianCalendar[time=1670682780127,areFieldsSet=true,areAllFieldsSet=false,lenient=true,zone=sun.util.calendar.ZoneInfo[id="GMT",offset=0,dstSavings=0,useDaylight=false,transitions=0,lastRule=null],firstDayOfWeek=1,minimalDaysInFirstWeek=1,ERA=1,YEAR=2022,MONTH=11,WEEK_OF_YEAR=50,WEEK_OF_MONTH=2,DAY_OF_MONTH=10,DAY_OF_YEAR=344,DAY_OF_WEEK=7,DAY_OF_WEEK_IN_MONTH=2,AM_PM=1,HOUR=2,HOUR_OF_DAY=14,MINUTE=33,SECOND=0,MILLISECOND=127,ZONE_OFFSET=0,DST_OFFSET=0]
221210 083300.132|INFO|Thread-6420|dumpPacket|   key: CONTEST_IDENTIFIER is: java.lang.String DryRun--5544400451244233091
221210 083300.132|INFO|Thread-6420|dumpPacket|   key: BALLOON_SETTINGS_LIST is: [Ledu.csus.ecs.pc2.core.model.BalloonSettings; [Ledu.csus.ecs.pc2.core.model.BalloonSettings;@3dc94f4b
221210 083300.132|INFO|Thread-6420|dumpPacket|   key: RUN_LIST is: [Ledu.csus.ecs.pc2.core.model.Run; [Ledu.csus.ecs.pc2.core.model.Run;@5600e0af
221210 083300.132|INFO|Thread-6420|dumpPacket|   key: ACCOUNT_ARRAY is: [Ledu.csus.ecs.pc2.core.model.Account; [Ledu.csus.ecs.pc2.core.model.Account;@3420874d
221210 084028.488|INFO|Thread-6418|receive|public void receive(SealedObject TransportPacket, ConnectionHandlerID connectionHandlerID)
221210 084438.920|INFO|Thread-13449|run|send(Serializable)
221210 084438.943|INFO|Thread-6418|receive|public void receive(SealedObject TransportPacket, ConnectionHandlerID connectionHandlerID)
221210 084608.588|INFO|Thread-6418|receive|public void receive(SealedObject TransportPacket, ConnectionHandlerID connectionHandlerID)
221210 095618.400|INFO|Thread-16314|run|send(Serializable)
221210 095618.415|INFO|Thread-6418|receive|public void receive(SealedObject TransportPacket, ConnectionHandlerID connectionHandlerID)
221210 095908.162|INFO|Thread-6418|receive|public void receive(SealedObject TransportPacket, ConnectionHandlerID connectionHandlerID)
221210 095957.460|INFO|Thread-6418|connectionDropped|connectionDropped(ConnectionHandlerID myConnectionID) 
221210 100506.011|CONFIG|qtp1613095350-21|setFileHandlers|Now logging to C:\Users\18328\Desktop\pc2\WebTeamInterface-1.1\logs directory.
221210 100506.011|INFO|qtp1613095350-21|info|
221210 100506.011|INFO|qtp1613095350-21|info|Version 9 () Java ver 18.0.2.1 build  Windows 11 10.0 (amd64) 
221210 100506.012|INFO|qtp1613095350-21|info|Login: team37 (aka team37)
221210 100506.012|INFO|qtp1613095350-21|startLog|Working directory is C:\Users\18328\Desktop\pc2\WebTeamInterface-1.1
221210 100506.012|INFO|qtp1613095350-21|startLog|Process id is 22344@DESKTOP-D75BQTV
221210 100506.012|INFO|qtp1613095350-21|info|Contacting server at 212.212.212.212:50002 as TEAM37 @ site 0
221210 100506.012|INFO|qtp1613095350-21|info|sendLoginRequest start - sending from TEAM37 @ site 0
221210 100506.012|INFO|qtp1613095350-21|sendToLocalServer|Sending packet to server Packet[LOGIN_REQUEST] #5 TEAM37 @ site 0 -> SERVER0 @ site 0
221210 100506.013|INFO|qtp1613095350-21|sendToLocalServer|Sent    packet to server Packet[LOGIN_REQUEST] #5 TEAM37 @ site 0 -> SERVER0 @ site 0
221210 100506.013|INFO|Thread-44|run|send(Serializable)
221210 100506.013|INFO|qtp1613095350-21|info|sendLoginRequest end - packet sent.
221210 100506.013|INFO|Thread-43|receiveUnencrypted|receiveUnencrypted Made a secret key for Socket[addr=/212.212.212.212,port=50002,localport=55481]--3624787076211662820 key is com.sun.crypto.provider.DESKey@fffe7a16
221210 100506.013|INFO|Thread-43|getPublicKeyPacket|Generating Unencrypted Public Key Packet
221210 100506.013|INFO|Thread-43|getPublicKeyPacket|checking key:= SunJCE Diffie-Hellman Public Key:
y:
    e617b66e e23fcd85 e6397ba5 a49aa547 ae0eedee d523a318 f67f789d fd064445
    4cb18a5e 7f8bb33b 425dc3c2 ef0fa275 4cd418c1 6432296f 8401c7f9 f5df939b
    a5b9f3f5 47447478 7eaa2550 e15f94c5 f256d110 895ecf5b eae8daba 8387f63a
    250bf87d 7efb9466 ba8b0bba 78c3cb2d fb231868 ccad35f3 7916ae49 827162f0
p:
    f488fd58 4e49dbcd 20b49de4 9107366b 336c380d 451d0f7c 88b31c7c 5b2d8ef6
    f3c923c0 43f0a55b 188d8ebb 558cb85d 38d334fd 7c175743 a31d186c de33212c
    b52aff3c e1b12940 18118d7c 84a70a72 d686c403 19c80729 7aca950c d9969fab
    d00a509b 0246d308 3d66a45d 419f9c7c bd894b22 1926baab a25ec355 e92f78c7
g:
    02
l:
    512
221210 100506.013|INFO|Thread-43|getPublicKeyPacket|packet:= edu.csus.ecs.pc2.core.transport.TransportWrapper@32e90080
221210 100506.018|INFO|Thread-43|receive|public void receive(SealedObject TransportPacket, ConnectionHandlerID connectionHandlerID)
221210 100506.022|INFO|Thread-45|info| receiveObject(S) start got Packet[LOGIN_SUCCESS] #2026 SERVER0 @ site 1 -> TEAM37 @ site 1
221210 100506.023|INFO|Thread-45|dumpPacket|Packet LOGIN_SUCCESS (Seq #2026, o#2026 ) recieveObject
221210 100506.023|INFO|Thread-45|dumpPacket|  From: SERVER0 @ site 1, oSERVER0 @ site 1 (DESKTOP-D75BQTV @ 212.212.212.212) (Contest Id: DryRun--5544400451244233091)
221210 100506.023|INFO|Thread-45|dumpPacket|    To: TEAM37 @ site 1
221210 100506.023|INFO|Thread-45|dumpPacket|   key: PROFILE_LIST is: [Ledu.csus.ecs.pc2.core.model.Profile; [Ledu.csus.ecs.pc2.core.model.Profile;@687bfd0d
221210 100506.023|INFO|Thread-45|dumpPacket|   key: GENERAL_PROBLEM is: edu.csus.ecs.pc2.core.model.Problem General
221210 100506.023|INFO|Thread-45|dumpPacket|   key: CLIENT_SETTINGS_LIST is: [Ledu.csus.ecs.pc2.core.model.ClientSettings; [Ledu.csus.ecs.pc2.core.model.ClientSettings;@66bc1e72
221210 100506.023|INFO|Thread-45|dumpPacket|   key: CONTEST_TIME is: edu.csus.ecs.pc2.core.model.ContestTime edu.csus.ecs.pc2.core.model.ContestTime@6283967d
221210 100506.023|INFO|Thread-45|dumpPacket|   key: CLARIFICATION_LIST is: [Ledu.csus.ecs.pc2.core.model.Clarification; [Ledu.csus.ecs.pc2.core.model.Clarification;@27811449
221210 100506.023|INFO|Thread-45|dumpPacket|   key: CATEGORY_LIST is: [Ledu.csus.ecs.pc2.core.model.Category; [Ledu.csus.ecs.pc2.core.model.Category;@10251621
221210 100506.023|INFO|Thread-45|dumpPacket|   key: LANGUAGE_LIST is: [Ledu.csus.ecs.pc2.core.model.Language; [Ledu.csus.ecs.pc2.core.model.Language;@16ecd5d9
221210 100506.023|INFO|Thread-45|dumpPacket|   key: REMOTE_LOGGED_IN_USERS is: [Ledu.csus.ecs.pc2.core.model.ClientId; [Ledu.csus.ecs.pc2.core.model.ClientId;@68a28907
221210 100506.023|INFO|Thread-45|dumpPacket|   key: CONTEST_TIME_LIST is: [Ledu.csus.ecs.pc2.core.model.ContestTime; [Ledu.csus.ecs.pc2.core.model.ContestTime;@47aeeb06
221210 100506.023|INFO|Thread-45|dumpPacket|   key: CONNECTION_HANDLE_ID_LIST is: [Ledu.csus.ecs.pc2.core.transport.ConnectionHandlerID; [Ledu.csus.ecs.pc2.core.transport.ConnectionHandlerID;@7f0279cc
221210 100506.023|INFO|Thread-45|dumpPacket|   key: PROFILE is: edu.csus.ecs.pc2.core.model.Profile DryRun--5544400451244233091
221210 100506.023|INFO|Thread-45|dumpPacket|   key: CLIENT_ID is: edu.csus.ecs.pc2.core.model.ClientId TEAM37 @ site 1
221210 100506.023|INFO|Thread-45|dumpPacket|   key: SITE_NUMBER is: java.lang.Integer 1
221210 100506.024|INFO|Thread-45|dumpPacket|   key: CONTEST_INFORMATION is: edu.csus.ecs.pc2.core.model.ContestInformation edu.csus.ecs.pc2.core.model.ContestInformation@fb039e8
221210 100506.024|INFO|Thread-45|dumpPacket|   key: SITE_LIST is: [Ledu.csus.ecs.pc2.core.model.Site; [Ledu.csus.ecs.pc2.core.model.Site;@73a663a8
221210 100506.024|INFO|Thread-45|dumpPacket|   key: PROBLEM_DATA_FILES is: [Ledu.csus.ecs.pc2.core.model.ProblemDataFiles; [Ledu.csus.ecs.pc2.core.model.ProblemDataFiles;@43e05001
221210 100506.024|INFO|Thread-45|dumpPacket|   key: JUDGEMENT_LIST is: [Ledu.csus.ecs.pc2.core.model.Judgement; [Ledu.csus.ecs.pc2.core.model.Judgement;@2fc08da8
221210 100506.024|INFO|Thread-45|dumpPacket|   key: PROBLEM_LIST is: [Ledu.csus.ecs.pc2.core.model.Problem; [Ledu.csus.ecs.pc2.core.model.Problem;@21319ec1
221210 100506.024|INFO|Thread-45|dumpPacket|   key: GROUP_LIST is: [Ledu.csus.ecs.pc2.core.model.Group; [Ledu.csus.ecs.pc2.core.model.Group;@614a026c
221210 100506.024|INFO|Thread-45|dumpPacket|   key: LOCAL_LOGGED_IN_USERS is: [Ledu.csus.ecs.pc2.core.model.ClientId; [Ledu.csus.ecs.pc2.core.model.ClientId;@206b261c
221210 100506.024|INFO|Thread-45|dumpPacket|   key: SERVER_CLOCK_OFFSET is: java.util.GregorianCalendar java.util.GregorianCalendar[time=1670688306015,areFieldsSet=true,areAllFieldsSet=false,lenient=true,zone=sun.util.calendar.ZoneInfo[id="GMT",offset=0,dstSavings=0,useDaylight=false,transitions=0,lastRule=null],firstDayOfWeek=1,minimalDaysInFirstWeek=1,ERA=1,YEAR=2022,MONTH=11,WEEK_OF_YEAR=50,WEEK_OF_MONTH=2,DAY_OF_MONTH=10,DAY_OF_YEAR=344,DAY_OF_WEEK=7,DAY_OF_WEEK_IN_MONTH=2,AM_PM=1,HOUR=4,HOUR_OF_DAY=16,MINUTE=5,SECOND=6,MILLISECOND=15,ZONE_OFFSET=0,DST_OFFSET=0]
221210 100506.024|INFO|Thread-45|dumpPacket|   key: CONTEST_IDENTIFIER is: java.lang.String DryRun--5544400451244233091
221210 100506.024|INFO|Thread-45|dumpPacket|   key: BALLOON_SETTINGS_LIST is: [Ledu.csus.ecs.pc2.core.model.BalloonSettings; [Ledu.csus.ecs.pc2.core.model.BalloonSettings;@b6d5274
221210 100506.024|INFO|Thread-45|dumpPacket|   key: RUN_LIST is: [Ledu.csus.ecs.pc2.core.model.Run; [Ledu.csus.ecs.pc2.core.model.Run;@2607024e
221210 100506.024|INFO|Thread-45|dumpPacket|   key: ACCOUNT_ARRAY is: [Ledu.csus.ecs.pc2.core.model.Account; [Ledu.csus.ecs.pc2.core.model.Account;@17ef2d80
221210 100506.024|INFO|Thread-45|info|handlePacket start Packet[LOGIN_SUCCESS] #2026 SERVER0 @ site 1 -> TEAM37 @ site 1
221210 100506.024|INFO|Thread-45|dumpPacket|Packet LOGIN_SUCCESS (Seq #2026, o#2026 ) handlePacket
221210 100506.024|INFO|Thread-45|dumpPacket|  From: SERVER0 @ site 1, oSERVER0 @ site 1 (DESKTOP-D75BQTV @ 212.212.212.212) (Contest Id: DryRun--5544400451244233091)
221210 100506.024|INFO|Thread-45|dumpPacket|    To: TEAM37 @ site 1
221210 100506.024|INFO|Thread-45|dumpPacket|   key: PROFILE_LIST is: [Ledu.csus.ecs.pc2.core.model.Profile; [Ledu.csus.ecs.pc2.core.model.Profile;@687bfd0d
221210 100506.024|INFO|Thread-45|dumpPacket|   key: GENERAL_PROBLEM is: edu.csus.ecs.pc2.core.model.Problem General
221210 100506.024|INFO|Thread-45|dumpPacket|   key: CLIENT_SETTINGS_LIST is: [Ledu.csus.ecs.pc2.core.model.ClientSettings; [Ledu.csus.ecs.pc2.core.model.ClientSettings;@66bc1e72
221210 100506.024|INFO|Thread-45|dumpPacket|   key: CONTEST_TIME is: edu.csus.ecs.pc2.core.model.ContestTime edu.csus.ecs.pc2.core.model.ContestTime@6283967d
221210 100506.024|INFO|Thread-45|dumpPacket|   key: CLARIFICATION_LIST is: [Ledu.csus.ecs.pc2.core.model.Clarification; [Ledu.csus.ecs.pc2.core.model.Clarification;@27811449
221210 100506.024|INFO|Thread-45|dumpPacket|   key: CATEGORY_LIST is: [Ledu.csus.ecs.pc2.core.model.Category; [Ledu.csus.ecs.pc2.core.model.Category;@10251621
221210 100506.024|INFO|Thread-45|dumpPacket|   key: LANGUAGE_LIST is: [Ledu.csus.ecs.pc2.core.model.Language; [Ledu.csus.ecs.pc2.core.model.Language;@16ecd5d9
221210 100506.025|INFO|Thread-45|dumpPacket|   key: REMOTE_LOGGED_IN_USERS is: [Ledu.csus.ecs.pc2.core.model.ClientId; [Ledu.csus.ecs.pc2.core.model.ClientId;@68a28907
221210 100506.025|INFO|Thread-45|dumpPacket|   key: CONTEST_TIME_LIST is: [Ledu.csus.ecs.pc2.core.model.ContestTime; [Ledu.csus.ecs.pc2.core.model.ContestTime;@47aeeb06
221210 100506.025|INFO|Thread-45|dumpPacket|   key: CONNECTION_HANDLE_ID_LIST is: [Ledu.csus.ecs.pc2.core.transport.ConnectionHandlerID; [Ledu.csus.ecs.pc2.core.transport.ConnectionHandlerID;@7f0279cc
221210 100506.025|INFO|Thread-45|dumpPacket|   key: PROFILE is: edu.csus.ecs.pc2.core.model.Profile DryRun--5544400451244233091
221210 100506.025|INFO|Thread-45|dumpPacket|   key: CLIENT_ID is: edu.csus.ecs.pc2.core.model.ClientId TEAM37 @ site 1
221210 100506.025|INFO|Thread-45|dumpPacket|   key: SITE_NUMBER is: java.lang.Integer 1
221210 100506.025|INFO|Thread-45|dumpPacket|   key: CONTEST_INFORMATION is: edu.csus.ecs.pc2.core.model.ContestInformation edu.csus.ecs.pc2.core.model.ContestInformation@fb039e8
221210 100506.025|INFO|Thread-45|dumpPacket|   key: SITE_LIST is: [Ledu.csus.ecs.pc2.core.model.Site; [Ledu.csus.ecs.pc2.core.model.Site;@73a663a8
221210 100506.025|INFO|Thread-45|dumpPacket|   key: PROBLEM_DATA_FILES is: [Ledu.csus.ecs.pc2.core.model.ProblemDataFiles; [Ledu.csus.ecs.pc2.core.model.ProblemDataFiles;@43e05001
221210 100506.025|INFO|Thread-45|dumpPacket|   key: JUDGEMENT_LIST is: [Ledu.csus.ecs.pc2.core.model.Judgement; [Ledu.csus.ecs.pc2.core.model.Judgement;@2fc08da8
221210 100506.025|INFO|Thread-45|dumpPacket|   key: PROBLEM_LIST is: [Ledu.csus.ecs.pc2.core.model.Problem; [Ledu.csus.ecs.pc2.core.model.Problem;@21319ec1
221210 100506.025|INFO|Thread-45|dumpPacket|   key: GROUP_LIST is: [Ledu.csus.ecs.pc2.core.model.Group; [Ledu.csus.ecs.pc2.core.model.Group;@614a026c
221210 100506.025|INFO|Thread-45|dumpPacket|   key: LOCAL_LOGGED_IN_USERS is: [Ledu.csus.ecs.pc2.core.model.ClientId; [Ledu.csus.ecs.pc2.core.model.ClientId;@206b261c
221210 100506.025|INFO|Thread-45|dumpPacket|   key: SERVER_CLOCK_OFFSET is: java.util.GregorianCalendar java.util.GregorianCalendar[time=1670688306015,areFieldsSet=true,areAllFieldsSet=false,lenient=true,zone=sun.util.calendar.ZoneInfo[id="GMT",offset=0,dstSavings=0,useDaylight=false,transitions=0,lastRule=null],firstDayOfWeek=1,minimalDaysInFirstWeek=1,ERA=1,YEAR=2022,MONTH=11,WEEK_OF_YEAR=50,WEEK_OF_MONTH=2,DAY_OF_MONTH=10,DAY_OF_YEAR=344,DAY_OF_WEEK=7,DAY_OF_WEEK_IN_MONTH=2,AM_PM=1,HOUR=4,HOUR_OF_DAY=16,MINUTE=5,SECOND=6,MILLISECOND=15,ZONE_OFFSET=0,DST_OFFSET=0]
221210 100506.025|INFO|Thread-45|dumpPacket|   key: CONTEST_IDENTIFIER is: java.lang.String DryRun--5544400451244233091
221210 100506.025|INFO|Thread-45|dumpPacket|   key: BALLOON_SETTINGS_LIST is: [Ledu.csus.ecs.pc2.core.model.BalloonSettings; [Ledu.csus.ecs.pc2.core.model.BalloonSettings;@b6d5274
221210 100506.025|INFO|Thread-45|dumpPacket|   key: RUN_LIST is: [Ledu.csus.ecs.pc2.core.model.Run; [Ledu.csus.ecs.pc2.core.model.Run;@2607024e
221210 100506.025|INFO|Thread-45|dumpPacket|   key: ACCOUNT_ARRAY is: [Ledu.csus.ecs.pc2.core.model.Account; [Ledu.csus.ecs.pc2.core.model.Account;@17ef2d80
221210 100516.079|INFO|Thread-47|run|send(Serializable)
221210 100516.102|INFO|Thread-43|receive|public void receive(SealedObject TransportPacket, ConnectionHandlerID connectionHandlerID)
221210 100555.030|INFO|Thread-43|receive|public void receive(SealedObject TransportPacket, ConnectionHandlerID connectionHandlerID)
221210 100642.154|INFO|Thread-85|run|send(Serializable)
221210 100642.180|INFO|Thread-43|receive|public void receive(SealedObject TransportPacket, ConnectionHandlerID connectionHandlerID)
221210 100723.334|INFO|Thread-43|receive|public void receive(SealedObject TransportPacket, ConnectionHandlerID connectionHandlerID)
221210 100815.622|INFO|Thread-175|run|send(Serializable)
221210 100815.647|INFO|Thread-43|receive|public void receive(SealedObject TransportPacket, ConnectionHandlerID connectionHandlerID)
221210 100836.032|INFO|Thread-43|receive|public void receive(SealedObject TransportPacket, ConnectionHandlerID connectionHandlerID)
221210 100916.871|INFO|Thread-239|run|send(Serializable)
221210 100916.898|INFO|Thread-43|receive|public void receive(SealedObject TransportPacket, ConnectionHandlerID connectionHandlerID)
221210 100938.177|INFO|Thread-43|receive|public void receive(SealedObject TransportPacket, ConnectionHandlerID connectionHandlerID)
221210 101040.308|INFO|Thread-485|run|send(Serializable)
221210 101040.329|INFO|Thread-43|receive|public void receive(SealedObject TransportPacket, ConnectionHandlerID connectionHandlerID)
221210 101107.420|INFO|Thread-43|receive|public void receive(SealedObject TransportPacket, ConnectionHandlerID connectionHandlerID)
221210 101403.601|INFO|Thread-1125|run|send(Serializable)
221210 101403.628|INFO|Thread-43|receive|public void receive(SealedObject TransportPacket, ConnectionHandlerID connectionHandlerID)
221210 101422.935|INFO|Thread-43|receive|public void receive(SealedObject TransportPacket, ConnectionHandlerID connectionHandlerID)
221210 101515.921|INFO|Thread-1331|run|send(Serializable)
221210 101515.949|INFO|Thread-43|receive|public void receive(SealedObject TransportPacket, ConnectionHandlerID connectionHandlerID)
221210 101533.483|INFO|Thread-43|receive|public void receive(SealedObject TransportPacket, ConnectionHandlerID connectionHandlerID)
221210 101540.063|INFO|Thread-43|receive|public void receive(SealedObject TransportPacket, ConnectionHandlerID connectionHandlerID)
221210 101853.583|INFO|Thread-43|receive|public void receive(SealedObject TransportPacket, ConnectionHandlerID connectionHandlerID)
221210 102050.106|INFO|Thread-2396|run|send(Serializable)
221210 102050.130|INFO|Thread-43|receive|public void receive(SealedObject TransportPacket, ConnectionHandlerID connectionHandlerID)
221210 102139.254|INFO|Thread-43|receive|public void receive(SealedObject TransportPacket, ConnectionHandlerID connectionHandlerID)
221210 103056.918|INFO|Thread-43|receive|public void receive(SealedObject TransportPacket, ConnectionHandlerID connectionHandlerID)
221210 103128.756|INFO|Thread-43|receive|public void receive(SealedObject TransportPacket, ConnectionHandlerID connectionHandlerID)
221210 103204.758|INFO|Thread-43|receive|public void receive(SealedObject TransportPacket, ConnectionHandlerID connectionHandlerID)
221210 103220.678|INFO|Thread-43|receive|public void receive(SealedObject TransportPacket, ConnectionHandlerID connectionHandlerID)
221210 103237.365|INFO|Thread-43|receive|public void receive(SealedObject TransportPacket, ConnectionHandlerID connectionHandlerID)
221210 103302.545|INFO|Thread-43|receive|public void receive(SealedObject TransportPacket, ConnectionHandlerID connectionHandlerID)
221210 104406.109|INFO|Thread-43|receive|public void receive(SealedObject TransportPacket, ConnectionHandlerID connectionHandlerID)
221210 104406.199|INFO|Thread-43|receive|public void receive(SealedObject TransportPacket, ConnectionHandlerID connectionHandlerID)
221210 104717.879|INFO|Thread-43|receive|public void receive(SealedObject TransportPacket, ConnectionHandlerID connectionHandlerID)
221210 104718.636|INFO|Thread-43|receive|public void receive(SealedObject TransportPacket, ConnectionHandlerID connectionHandlerID)
221210 104719.219|INFO|Thread-43|receive|public void receive(SealedObject TransportPacket, ConnectionHandlerID connectionHandlerID)
221210 111557.093|INFO|Thread-42463|run|send(Serializable)
221210 111557.117|INFO|Thread-43|receive|public void receive(SealedObject TransportPacket, ConnectionHandlerID connectionHandlerID)
221210 111619.444|INFO|Thread-43|receive|public void receive(SealedObject TransportPacket, ConnectionHandlerID connectionHandlerID)
221210 111926.813|INFO|Thread-48654|run|send(Serializable)
221210 111926.840|INFO|Thread-43|receive|public void receive(SealedObject TransportPacket, ConnectionHandlerID connectionHandlerID)
221210 112004.798|INFO|Thread-43|receive|public void receive(SealedObject TransportPacket, ConnectionHandlerID connectionHandlerID)
221210 112332.162|INFO|Thread-55284|run|send(Serializable)
221210 112332.187|INFO|Thread-43|receive|public void receive(SealedObject TransportPacket, ConnectionHandlerID connectionHandlerID)
221210 112510.475|INFO|Thread-43|receive|public void receive(SealedObject TransportPacket, ConnectionHandlerID connectionHandlerID)
221210 112730.271|INFO|Thread-64293|run|send(Serializable)
221210 112730.300|INFO|Thread-43|receive|public void receive(SealedObject TransportPacket, ConnectionHandlerID connectionHandlerID)
221210 112756.037|INFO|Thread-43|receive|public void receive(SealedObject TransportPacket, ConnectionHandlerID connectionHandlerID)
221210 113156.503|INFO|Thread-74082|run|send(Serializable)
221210 113156.533|INFO|Thread-43|receive|public void receive(SealedObject TransportPacket, ConnectionHandlerID connectionHandlerID)
221210 113312.159|INFO|Thread-43|receive|public void receive(SealedObject TransportPacket, ConnectionHandlerID connectionHandlerID)
221210 113551.857|INFO|Thread-85498|run|send(Serializable)
221210 113551.894|INFO|Thread-43|receive|public void receive(SealedObject TransportPacket, ConnectionHandlerID connectionHandlerID)
221210 113607.447|INFO|Thread-43|receive|public void receive(SealedObject TransportPacket, ConnectionHandlerID connectionHandlerID)
221210 114037.612|INFO|Thread-94856|run|send(Serializable)
221210 114037.647|INFO|Thread-43|receive|public void receive(SealedObject TransportPacket, ConnectionHandlerID connectionHandlerID)
221210 114103.334|INFO|Thread-43|receive|public void receive(SealedObject TransportPacket, ConnectionHandlerID connectionHandlerID)
221210 114143.052|INFO|Thread-97556|run|send(Serializable)
221210 114143.087|INFO|Thread-43|receive|public void receive(SealedObject TransportPacket, ConnectionHandlerID connectionHandlerID)
221210 114152.744|INFO|Thread-43|receive|public void receive(SealedObject TransportPacket, ConnectionHandlerID connectionHandlerID)
221210 114428.540|INFO|Thread-103177|run|send(Serializable)
221210 114428.571|INFO|Thread-43|receive|public void receive(SealedObject TransportPacket, ConnectionHandlerID connectionHandlerID)
221210 114455.356|INFO|Thread-43|receive|public void receive(SealedObject TransportPacket, ConnectionHandlerID connectionHandlerID)
221210 114939.765|INFO|Thread-115545|run|send(Serializable)
221210 114939.804|INFO|Thread-43|receive|public void receive(SealedObject TransportPacket, ConnectionHandlerID connectionHandlerID)
221210 114952.606|INFO|Thread-43|receive|public void receive(SealedObject TransportPacket, ConnectionHandlerID connectionHandlerID)
221210 115522.958|INFO|Thread-125611|run|send(Serializable)
221210 115522.996|INFO|Thread-43|receive|public void receive(SealedObject TransportPacket, ConnectionHandlerID connectionHandlerID)
221210 115547.064|INFO|Thread-43|receive|public void receive(SealedObject TransportPacket, ConnectionHandlerID connectionHandlerID)
221210 120400.932|INFO|Thread-143083|run|send(Serializable)
221210 120400.976|INFO|Thread-43|receive|public void receive(SealedObject TransportPacket, ConnectionHandlerID connectionHandlerID)
221210 120421.218|INFO|Thread-43|receive|public void receive(SealedObject TransportPacket, ConnectionHandlerID connectionHandlerID)
221210 120724.592|INFO|Thread-43|receive|public void receive(SealedObject TransportPacket, ConnectionHandlerID connectionHandlerID)
221210 121153.691|INFO|Thread-158577|run|send(Serializable)
221210 121153.735|INFO|Thread-43|receive|public void receive(SealedObject TransportPacket, ConnectionHandlerID connectionHandlerID)
221210 121205.292|INFO|Thread-43|receive|public void receive(SealedObject TransportPacket, ConnectionHandlerID connectionHandlerID)
221210 122810.988|INFO|Thread-189819|run|send(Serializable)
221210 122811.039|INFO|Thread-43|receive|public void receive(SealedObject TransportPacket, ConnectionHandlerID connectionHandlerID)
221210 122824.245|INFO|Thread-43|receive|public void receive(SealedObject TransportPacket, ConnectionHandlerID connectionHandlerID)
221210 123229.190|INFO|Thread-200168|run|send(Serializable)
221210 123229.242|INFO|Thread-43|receive|public void receive(SealedObject TransportPacket, ConnectionHandlerID connectionHandlerID)
221210 123244.404|INFO|Thread-43|receive|public void receive(SealedObject TransportPacket, ConnectionHandlerID connectionHandlerID)
221210 123511.695|INFO|Thread-206368|run|send(Serializable)
221210 123511.759|INFO|Thread-43|receive|public void receive(SealedObject TransportPacket, ConnectionHandlerID connectionHandlerID)
221210 123525.411|INFO|Thread-43|receive|public void receive(SealedObject TransportPacket, ConnectionHandlerID connectionHandlerID)
221210 124153.542|INFO|Thread-222716|run|send(Serializable)
221210 124153.602|INFO|Thread-43|receive|public void receive(SealedObject TransportPacket, ConnectionHandlerID connectionHandlerID)
221210 124211.856|INFO|Thread-43|receive|public void receive(SealedObject TransportPacket, ConnectionHandlerID connectionHandlerID)
221210 150258.300|INFO|Thread-43|connectionDropped|connectionDropped(ConnectionHandlerID myConnectionID) 
231209 082205.040|CONFIG|qtp135640095-279|setFileHandlers|Now logging to C:\Users\18328\Desktop\pc2\WebTeamInterface-1.1\logs directory.
231209 082205.043|INFO|qtp135640095-279|info|
231209 082205.044|INFO|qtp135640095-279|info|Version 9 () Java ver 18.0.2.1 build  Windows 11 10.0 (amd64) 
231209 082205.044|INFO|qtp135640095-279|info|Login: team37 (aka team37)
231209 082205.044|INFO|qtp135640095-279|startLog|Working directory is C:\Users\18328\Desktop\pc2\WebTeamInterface-1.1
231209 082205.044|INFO|qtp135640095-279|startLog|Process id is 15028@DESKTOP-D75BQTV
231209 082205.045|INFO|qtp135640095-279|info|Contacting server at localhost:50002 as TEAM37 @ site 0
231209 082205.045|INFO|qtp135640095-279|info|sendLoginRequest start - sending from TEAM37 @ site 0
231209 082205.045|INFO|qtp135640095-279|sendToLocalServer|Sending packet to server Packet[LOGIN_REQUEST] #145 TEAM37 @ site 0 -> SERVER0 @ site 0
231209 082205.045|INFO|qtp135640095-279|sendToLocalServer|Sent    packet to server Packet[LOGIN_REQUEST] #145 TEAM37 @ site 0 -> SERVER0 @ site 0
231209 082205.045|INFO|qtp135640095-279|info|sendLoginRequest end - packet sent.
231209 082205.045|INFO|Thread-5655|run|send(Serializable)
231209 082205.045|INFO|Thread-5654|receive|public void receive(SealedObject TransportPacket, ConnectionHandlerID connectionHandlerID)
231209 082205.051|INFO|Thread-5656|info| receiveObject(S) start got Packet[LOGIN_FAILED] #878 SERVER0 @ site 1 -> TEAM37 @ site 0
231209 082205.051|INFO|Thread-5656|dumpPacket|Packet LOGIN_FAILED (Seq #878, o#878 ) recieveObject
231209 082205.051|INFO|Thread-5656|dumpPacket|  From: SERVER0 @ site 1, oSERVER0 @ site 1 (DESKTOP-D75BQTV @ 212.212.212.212) (Contest Id: DryRun--6069080675419338087)
231209 082205.051|INFO|Thread-5656|dumpPacket|    To: TEAM37 @ site 0
231209 082205.051|INFO|Thread-5656|dumpPacket|   key: MESSAGE_STRING is: java.lang.String Invalid password
231209 082205.051|INFO|Thread-5656|info|handlePacket start Packet[LOGIN_FAILED] #878 SERVER0 @ site 1 -> TEAM37 @ site 0
231209 082205.051|INFO|Thread-5656|dumpPacket|Packet LOGIN_FAILED (Seq #878, o#878 ) handlePacket
231209 082205.051|INFO|Thread-5656|dumpPacket|  From: SERVER0 @ site 1, oSERVER0 @ site 1 (DESKTOP-D75BQTV @ 212.212.212.212) (Contest Id: DryRun--6069080675419338087)
231209 082205.051|INFO|Thread-5656|dumpPacket|    To: TEAM37 @ site 0
231209 082205.051|INFO|Thread-5656|dumpPacket|   key: MESSAGE_STRING is: java.lang.String Invalid password
231209 082205.051|INFO|Thread-5656|info| receiveObject(S) end   got Packet[LOGIN_FAILED] #878 SERVER0 @ site 1 -> TEAM37 @ site 0
231209 125144.077|INFO|Thread-5654|connectionDropped|connectionDropped(ConnectionHandlerID myConnectionID) 
