221210 081945.535|CONFIG|qtp996796369-1842|setFileHandlers|Now logging to C:\Users\18328\Desktop\pc2\WebTeamInterface-1.1\logs directory.
221210 081945.536|INFO|qtp996796369-1842|info|
221210 081945.536|INFO|qtp996796369-1842|info|Version 9 () Java ver 18.0.2.1 build  Windows 11 10.0 (amd64) 
221210 081945.536|INFO|qtp996796369-1842|info|Login: team28 (aka team28)
221210 081945.536|INFO|qtp996796369-1842|startLog|Working directory is C:\Users\18328\Desktop\pc2\WebTeamInterface-1.1
221210 081945.536|INFO|qtp996796369-1842|startLog|Process id is 20708@DESKTOP-D75BQTV
221210 081945.536|INFO|qtp996796369-1842|info|Contacting server at 212.212.212.212:50002 as TEAM28 @ site 0
221210 081945.536|INFO|qtp996796369-1842|info|sendLoginRequest start - sending from TEAM28 @ site 0
221210 081945.536|INFO|qtp996796369-1842|sendToLocalServer|Sending packet to server Packet[LOGIN_REQUEST] #124 TEAM28 @ site 0 -> SERVER0 @ site 0
221210 081945.537|INFO|qtp996796369-1842|sendToLocalServer|Sent    packet to server Packet[LOGIN_REQUEST] #124 TEAM28 @ site 0 -> SERVER0 @ site 0
221210 081945.537|INFO|Thread-2636|run|send(Serializable)
221210 081945.537|INFO|qtp996796369-1842|info|sendLoginRequest end - packet sent.
221210 081945.540|INFO|Thread-2635|receive|public void receive(SealedObject TransportPacket, ConnectionHandlerID connectionHandlerID)
221210 081945.542|INFO|Thread-2637|info| receiveObject(S) start got Packet[LOGIN_SUCCESS] #858 SERVER0 @ site 1 -> TEAM28 @ site 1
221210 081945.542|INFO|Thread-2637|dumpPacket|Packet LOGIN_SUCCESS (Seq #858, o#858 ) recieveObject
221210 081945.542|INFO|Thread-2637|dumpPacket|  From: SERVER0 @ site 1, oSERVER0 @ site 1 (DESKTOP-D75BQTV @ 212.212.212.212) (Contest Id: DryRun--5544400451244233091)
221210 081945.542|INFO|Thread-2637|dumpPacket|    To: TEAM28 @ site 1
221210 081945.542|INFO|Thread-2637|dumpPacket|   key: PROFILE_LIST is: [Ledu.csus.ecs.pc2.core.model.Profile; [Ledu.csus.ecs.pc2.core.model.Profile;@bbcb141
221210 081945.542|INFO|Thread-2637|dumpPacket|   key: GENERAL_PROBLEM is: edu.csus.ecs.pc2.core.model.Problem General
221210 081945.542|INFO|Thread-2637|dumpPacket|   key: CLIENT_SETTINGS_LIST is: [Ledu.csus.ecs.pc2.core.model.ClientSettings; [Ledu.csus.ecs.pc2.core.model.ClientSettings;@57b5e46
221210 081945.542|INFO|Thread-2637|dumpPacket|   key: CONTEST_TIME is: edu.csus.ecs.pc2.core.model.ContestTime edu.csus.ecs.pc2.core.model.ContestTime@144da31
221210 081945.542|INFO|Thread-2637|dumpPacket|   key: CLARIFICATION_LIST is: [Ledu.csus.ecs.pc2.core.model.Clarification; [Ledu.csus.ecs.pc2.core.model.Clarification;@4446547d
221210 081945.542|INFO|Thread-2637|dumpPacket|   key: CATEGORY_LIST is: [Ledu.csus.ecs.pc2.core.model.Category; [Ledu.csus.ecs.pc2.core.model.Category;@2a1ed30d
221210 081945.542|INFO|Thread-2637|dumpPacket|   key: LANGUAGE_LIST is: [Ledu.csus.ecs.pc2.core.model.Language; [Ledu.csus.ecs.pc2.core.model.Language;@75483166
221210 081945.542|INFO|Thread-2637|dumpPacket|   key: REMOTE_LOGGED_IN_USERS is: [Ledu.csus.ecs.pc2.core.model.ClientId; [Ledu.csus.ecs.pc2.core.model.ClientId;@52fae8ac
221210 081945.542|INFO|Thread-2637|dumpPacket|   key: CONTEST_TIME_LIST is: [Ledu.csus.ecs.pc2.core.model.ContestTime; [Ledu.csus.ecs.pc2.core.model.ContestTime;@2469ab32
221210 081945.542|INFO|Thread-2637|dumpPacket|   key: CONNECTION_HANDLE_ID_LIST is: [Ledu.csus.ecs.pc2.core.transport.ConnectionHandlerID; [Ledu.csus.ecs.pc2.core.transport.ConnectionHandlerID;@78338209
221210 081945.542|INFO|Thread-2637|dumpPacket|   key: PROFILE is: edu.csus.ecs.pc2.core.model.Profile DryRun--5544400451244233091
221210 081945.542|INFO|Thread-2637|dumpPacket|   key: CLIENT_ID is: edu.csus.ecs.pc2.core.model.ClientId TEAM28 @ site 1
221210 081945.542|INFO|Thread-2637|dumpPacket|   key: SITE_NUMBER is: java.lang.Integer 1
221210 081945.542|INFO|Thread-2637|dumpPacket|   key: CONTEST_INFORMATION is: edu.csus.ecs.pc2.core.model.ContestInformation edu.csus.ecs.pc2.core.model.ContestInformation@4c444f68
221210 081945.542|INFO|Thread-2637|dumpPacket|   key: SITE_LIST is: [Ledu.csus.ecs.pc2.core.model.Site; [Ledu.csus.ecs.pc2.core.model.Site;@49fe61c4
221210 081945.542|INFO|Thread-2637|dumpPacket|   key: PROBLEM_DATA_FILES is: [Ledu.csus.ecs.pc2.core.model.ProblemDataFiles; [Ledu.csus.ecs.pc2.core.model.ProblemDataFiles;@202773f2
221210 081945.542|INFO|Thread-2637|dumpPacket|   key: JUDGEMENT_LIST is: [Ledu.csus.ecs.pc2.core.model.Judgement; [Ledu.csus.ecs.pc2.core.model.Judgement;@44e09e35
221210 081945.542|INFO|Thread-2637|dumpPacket|   key: PROBLEM_LIST is: [Ledu.csus.ecs.pc2.core.model.Problem; [Ledu.csus.ecs.pc2.core.model.Problem;@2a31b6ce
221210 081945.542|INFO|Thread-2637|dumpPacket|   key: GROUP_LIST is: [Ledu.csus.ecs.pc2.core.model.Group; [Ledu.csus.ecs.pc2.core.model.Group;@10fb020d
221210 081945.542|INFO|Thread-2637|dumpPacket|   key: LOCAL_LOGGED_IN_USERS is: [Ledu.csus.ecs.pc2.core.model.ClientId; [Ledu.csus.ecs.pc2.core.model.ClientId;@b585b03
221210 081945.542|INFO|Thread-2637|dumpPacket|   key: SERVER_CLOCK_OFFSET is: java.util.GregorianCalendar java.util.GregorianCalendar[time=1670681985538,areFieldsSet=true,areAllFieldsSet=false,lenient=true,zone=sun.util.calendar.ZoneInfo[id="GMT",offset=0,dstSavings=0,useDaylight=false,transitions=0,lastRule=null],firstDayOfWeek=1,minimalDaysInFirstWeek=1,ERA=1,YEAR=2022,MONTH=11,WEEK_OF_YEAR=50,WEEK_OF_MONTH=2,DAY_OF_MONTH=10,DAY_OF_YEAR=344,DAY_OF_WEEK=7,DAY_OF_WEEK_IN_MONTH=2,AM_PM=1,HOUR=2,HOUR_OF_DAY=14,MINUTE=19,SECOND=45,MILLISECOND=538,ZONE_OFFSET=0,DST_OFFSET=0]
221210 081945.542|INFO|Thread-2637|dumpPacket|   key: CONTEST_IDENTIFIER is: java.lang.String DryRun--5544400451244233091
221210 081945.542|INFO|Thread-2637|dumpPacket|   key: BALLOON_SETTINGS_LIST is: [Ledu.csus.ecs.pc2.core.model.BalloonSettings; [Ledu.csus.ecs.pc2.core.model.BalloonSettings;@4b897d6b
221210 081945.542|INFO|Thread-2637|dumpPacket|   key: RUN_LIST is: [Ledu.csus.ecs.pc2.core.model.Run; [Ledu.csus.ecs.pc2.core.model.Run;@6ca92512
221210 081945.542|INFO|Thread-2637|dumpPacket|   key: ACCOUNT_ARRAY is: [Ledu.csus.ecs.pc2.core.model.Account; [Ledu.csus.ecs.pc2.core.model.Account;@248aa9e0
221210 081945.542|INFO|Thread-2637|info|handlePacket start Packet[LOGIN_SUCCESS] #858 SERVER0 @ site 1 -> TEAM28 @ site 1
221210 081945.542|INFO|Thread-2637|dumpPacket|Packet LOGIN_SUCCESS (Seq #858, o#858 ) handlePacket
221210 081945.542|INFO|Thread-2637|dumpPacket|  From: SERVER0 @ site 1, oSERVER0 @ site 1 (DESKTOP-D75BQTV @ 212.212.212.212) (Contest Id: DryRun--5544400451244233091)
221210 081945.542|INFO|Thread-2637|dumpPacket|    To: TEAM28 @ site 1
221210 081945.542|INFO|Thread-2637|dumpPacket|   key: PROFILE_LIST is: [Ledu.csus.ecs.pc2.core.model.Profile; [Ledu.csus.ecs.pc2.core.model.Profile;@bbcb141
221210 081945.542|INFO|Thread-2637|dumpPacket|   key: GENERAL_PROBLEM is: edu.csus.ecs.pc2.core.model.Problem General
221210 081945.542|INFO|Thread-2637|dumpPacket|   key: CLIENT_SETTINGS_LIST is: [Ledu.csus.ecs.pc2.core.model.ClientSettings; [Ledu.csus.ecs.pc2.core.model.ClientSettings;@57b5e46
221210 081945.542|INFO|Thread-2637|dumpPacket|   key: CONTEST_TIME is: edu.csus.ecs.pc2.core.model.ContestTime edu.csus.ecs.pc2.core.model.ContestTime@144da31
221210 081945.542|INFO|Thread-2637|dumpPacket|   key: CLARIFICATION_LIST is: [Ledu.csus.ecs.pc2.core.model.Clarification; [Ledu.csus.ecs.pc2.core.model.Clarification;@4446547d
221210 081945.542|INFO|Thread-2637|dumpPacket|   key: CATEGORY_LIST is: [Ledu.csus.ecs.pc2.core.model.Category; [Ledu.csus.ecs.pc2.core.model.Category;@2a1ed30d
221210 081945.542|INFO|Thread-2637|dumpPacket|   key: LANGUAGE_LIST is: [Ledu.csus.ecs.pc2.core.model.Language; [Ledu.csus.ecs.pc2.core.model.Language;@75483166
221210 081945.542|INFO|Thread-2637|dumpPacket|   key: REMOTE_LOGGED_IN_USERS is: [Ledu.csus.ecs.pc2.core.model.ClientId; [Ledu.csus.ecs.pc2.core.model.ClientId;@52fae8ac
221210 081945.542|INFO|Thread-2637|dumpPacket|   key: CONTEST_TIME_LIST is: [Ledu.csus.ecs.pc2.core.model.ContestTime; [Ledu.csus.ecs.pc2.core.model.ContestTime;@2469ab32
221210 081945.542|INFO|Thread-2637|dumpPacket|   key: CONNECTION_HANDLE_ID_LIST is: [Ledu.csus.ecs.pc2.core.transport.ConnectionHandlerID; [Ledu.csus.ecs.pc2.core.transport.ConnectionHandlerID;@78338209
221210 081945.542|INFO|Thread-2637|dumpPacket|   key: PROFILE is: edu.csus.ecs.pc2.core.model.Profile DryRun--5544400451244233091
221210 081945.542|INFO|Thread-2637|dumpPacket|   key: CLIENT_ID is: edu.csus.ecs.pc2.core.model.ClientId TEAM28 @ site 1
221210 081945.542|INFO|Thread-2637|dumpPacket|   key: SITE_NUMBER is: java.lang.Integer 1
221210 081945.542|INFO|Thread-2637|dumpPacket|   key: CONTEST_INFORMATION is: edu.csus.ecs.pc2.core.model.ContestInformation edu.csus.ecs.pc2.core.model.ContestInformation@4c444f68
221210 081945.542|INFO|Thread-2637|dumpPacket|   key: SITE_LIST is: [Ledu.csus.ecs.pc2.core.model.Site; [Ledu.csus.ecs.pc2.core.model.Site;@49fe61c4
221210 081945.542|INFO|Thread-2637|dumpPacket|   key: PROBLEM_DATA_FILES is: [Ledu.csus.ecs.pc2.core.model.ProblemDataFiles; [Ledu.csus.ecs.pc2.core.model.ProblemDataFiles;@202773f2
221210 081945.542|INFO|Thread-2637|dumpPacket|   key: JUDGEMENT_LIST is: [Ledu.csus.ecs.pc2.core.model.Judgement; [Ledu.csus.ecs.pc2.core.model.Judgement;@44e09e35
221210 081945.542|INFO|Thread-2637|dumpPacket|   key: PROBLEM_LIST is: [Ledu.csus.ecs.pc2.core.model.Problem; [Ledu.csus.ecs.pc2.core.model.Problem;@2a31b6ce
221210 081945.542|INFO|Thread-2637|dumpPacket|   key: GROUP_LIST is: [Ledu.csus.ecs.pc2.core.model.Group; [Ledu.csus.ecs.pc2.core.model.Group;@10fb020d
221210 081945.542|INFO|Thread-2637|dumpPacket|   key: LOCAL_LOGGED_IN_USERS is: [Ledu.csus.ecs.pc2.core.model.ClientId; [Ledu.csus.ecs.pc2.core.model.ClientId;@b585b03
221210 081945.542|INFO|Thread-2637|dumpPacket|   key: SERVER_CLOCK_OFFSET is: java.util.GregorianCalendar java.util.GregorianCalendar[time=1670681985538,areFieldsSet=true,areAllFieldsSet=false,lenient=true,zone=sun.util.calendar.ZoneInfo[id="GMT",offset=0,dstSavings=0,useDaylight=false,transitions=0,lastRule=null],firstDayOfWeek=1,minimalDaysInFirstWeek=1,ERA=1,YEAR=2022,MONTH=11,WEEK_OF_YEAR=50,WEEK_OF_MONTH=2,DAY_OF_MONTH=10,DAY_OF_YEAR=344,DAY_OF_WEEK=7,DAY_OF_WEEK_IN_MONTH=2,AM_PM=1,HOUR=2,HOUR_OF_DAY=14,MINUTE=19,SECOND=45,MILLISECOND=538,ZONE_OFFSET=0,DST_OFFSET=0]
221210 081945.542|INFO|Thread-2637|dumpPacket|   key: CONTEST_IDENTIFIER is: java.lang.String DryRun--5544400451244233091
221210 081945.542|INFO|Thread-2637|dumpPacket|   key: BALLOON_SETTINGS_LIST is: [Ledu.csus.ecs.pc2.core.model.BalloonSettings; [Ledu.csus.ecs.pc2.core.model.BalloonSettings;@4b897d6b
221210 081945.542|INFO|Thread-2637|dumpPacket|   key: RUN_LIST is: [Ledu.csus.ecs.pc2.core.model.Run; [Ledu.csus.ecs.pc2.core.model.Run;@6ca92512
221210 081945.542|INFO|Thread-2637|dumpPacket|   key: ACCOUNT_ARRAY is: [Ledu.csus.ecs.pc2.core.model.Account; [Ledu.csus.ecs.pc2.core.model.Account;@248aa9e0
221210 082349.560|INFO|Thread-3697|run|send(Serializable)
221210 082349.575|INFO|Thread-2635|receive|public void receive(SealedObject TransportPacket, ConnectionHandlerID connectionHandlerID)
221210 082403.726|INFO|Thread-2635|receive|public void receive(SealedObject TransportPacket, ConnectionHandlerID connectionHandlerID)
221210 083216.060|INFO|Thread-2635|receive|public void receive(SealedObject TransportPacket, ConnectionHandlerID connectionHandlerID)
221210 084028.489|INFO|Thread-2635|receive|public void receive(SealedObject TransportPacket, ConnectionHandlerID connectionHandlerID)
221210 101018.142|CONFIG|qtp1613095350-27|setFileHandlers|Now logging to C:\Users\18328\Desktop\pc2\WebTeamInterface-1.1\logs directory.
221210 101018.143|INFO|qtp1613095350-27|info|
221210 101018.143|INFO|qtp1613095350-27|info|Version 9 () Java ver 18.0.2.1 build  Windows 11 10.0 (amd64) 
221210 101018.143|INFO|qtp1613095350-27|info|Login: team28 (aka team28)
221210 101018.143|INFO|qtp1613095350-27|startLog|Working directory is C:\Users\18328\Desktop\pc2\WebTeamInterface-1.1
221210 101018.143|INFO|qtp1613095350-27|startLog|Process id is 22344@DESKTOP-D75BQTV
221210 101018.143|INFO|qtp1613095350-27|info|Contacting server at 212.212.212.212:50002 as TEAM28 @ site 0
221210 101018.144|INFO|qtp1613095350-27|info|sendLoginRequest start - sending from TEAM28 @ site 0
221210 101018.144|INFO|qtp1613095350-27|sendToLocalServer|Sending packet to server Packet[LOGIN_REQUEST] #60 TEAM28 @ site 0 -> SERVER0 @ site 0
221210 101018.144|INFO|qtp1613095350-27|sendToLocalServer|Sent    packet to server Packet[LOGIN_REQUEST] #60 TEAM28 @ site 0 -> SERVER0 @ site 0
221210 101018.144|INFO|qtp1613095350-27|info|sendLoginRequest end - packet sent.
221210 101018.144|INFO|Thread-426|run|send(Serializable)
221210 101018.147|INFO|Thread-425|receive|public void receive(SealedObject TransportPacket, ConnectionHandlerID connectionHandlerID)
221210 101018.150|INFO|Thread-427|info| receiveObject(S) start got Packet[LOGIN_SUCCESS] #2226 SERVER0 @ site 1 -> TEAM28 @ site 1
221210 101018.150|INFO|Thread-427|dumpPacket|Packet LOGIN_SUCCESS (Seq #2226, o#2226 ) recieveObject
221210 101018.150|INFO|Thread-427|dumpPacket|  From: SERVER0 @ site 1, oSERVER0 @ site 1 (DESKTOP-D75BQTV @ 212.212.212.212) (Contest Id: DryRun--5544400451244233091)
221210 101018.150|INFO|Thread-427|dumpPacket|    To: TEAM28 @ site 1
221210 101018.150|INFO|Thread-427|dumpPacket|   key: PROFILE_LIST is: [Ledu.csus.ecs.pc2.core.model.Profile; [Ledu.csus.ecs.pc2.core.model.Profile;@557429bd
221210 101018.150|INFO|Thread-427|dumpPacket|   key: GENERAL_PROBLEM is: edu.csus.ecs.pc2.core.model.Problem General
221210 101018.150|INFO|Thread-427|dumpPacket|   key: CLIENT_SETTINGS_LIST is: [Ledu.csus.ecs.pc2.core.model.ClientSettings; [Ledu.csus.ecs.pc2.core.model.ClientSettings;@5bb3cd63
221210 101018.150|INFO|Thread-427|dumpPacket|   key: CONTEST_TIME is: edu.csus.ecs.pc2.core.model.ContestTime edu.csus.ecs.pc2.core.model.ContestTime@5f8c42cd
221210 101018.150|INFO|Thread-427|dumpPacket|   key: CLARIFICATION_LIST is: [Ledu.csus.ecs.pc2.core.model.Clarification; [Ledu.csus.ecs.pc2.core.model.Clarification;@1a8ec758
221210 101018.150|INFO|Thread-427|dumpPacket|   key: CATEGORY_LIST is: [Ledu.csus.ecs.pc2.core.model.Category; [Ledu.csus.ecs.pc2.core.model.Category;@6ec33c75
221210 101018.150|INFO|Thread-427|dumpPacket|   key: LANGUAGE_LIST is: [Ledu.csus.ecs.pc2.core.model.Language; [Ledu.csus.ecs.pc2.core.model.Language;@2bde3c1b
221210 101018.150|INFO|Thread-427|dumpPacket|   key: REMOTE_LOGGED_IN_USERS is: [Ledu.csus.ecs.pc2.core.model.ClientId; [Ledu.csus.ecs.pc2.core.model.ClientId;@16799987
221210 101018.150|INFO|Thread-427|dumpPacket|   key: CONTEST_TIME_LIST is: [Ledu.csus.ecs.pc2.core.model.ContestTime; [Ledu.csus.ecs.pc2.core.model.ContestTime;@7aa13817
221210 101018.150|INFO|Thread-427|dumpPacket|   key: CONNECTION_HANDLE_ID_LIST is: [Ledu.csus.ecs.pc2.core.transport.ConnectionHandlerID; [Ledu.csus.ecs.pc2.core.transport.ConnectionHandlerID;@df693a2
221210 101018.150|INFO|Thread-427|dumpPacket|   key: PROFILE is: edu.csus.ecs.pc2.core.model.Profile DryRun--5544400451244233091
221210 101018.150|INFO|Thread-427|dumpPacket|   key: CLIENT_ID is: edu.csus.ecs.pc2.core.model.ClientId TEAM28 @ site 1
221210 101018.150|INFO|Thread-427|dumpPacket|   key: SITE_NUMBER is: java.lang.Integer 1
221210 101018.150|INFO|Thread-427|dumpPacket|   key: CONTEST_INFORMATION is: edu.csus.ecs.pc2.core.model.ContestInformation edu.csus.ecs.pc2.core.model.ContestInformation@579258e3
221210 101018.150|INFO|Thread-427|dumpPacket|   key: SITE_LIST is: [Ledu.csus.ecs.pc2.core.model.Site; [Ledu.csus.ecs.pc2.core.model.Site;@d7d5637
221210 101018.150|INFO|Thread-427|dumpPacket|   key: PROBLEM_DATA_FILES is: [Ledu.csus.ecs.pc2.core.model.ProblemDataFiles; [Ledu.csus.ecs.pc2.core.model.ProblemDataFiles;@7eefa60f
221210 101018.150|INFO|Thread-427|dumpPacket|   key: JUDGEMENT_LIST is: [Ledu.csus.ecs.pc2.core.model.Judgement; [Ledu.csus.ecs.pc2.core.model.Judgement;@47bd41f3
221210 101018.150|INFO|Thread-427|dumpPacket|   key: PROBLEM_LIST is: [Ledu.csus.ecs.pc2.core.model.Problem; [Ledu.csus.ecs.pc2.core.model.Problem;@2ad5ca7
221210 101018.150|INFO|Thread-427|dumpPacket|   key: GROUP_LIST is: [Ledu.csus.ecs.pc2.core.model.Group; [Ledu.csus.ecs.pc2.core.model.Group;@65067e2b
221210 101018.150|INFO|Thread-427|dumpPacket|   key: LOCAL_LOGGED_IN_USERS is: [Ledu.csus.ecs.pc2.core.model.ClientId; [Ledu.csus.ecs.pc2.core.model.ClientId;@66da735a
221210 101018.150|INFO|Thread-427|dumpPacket|   key: SERVER_CLOCK_OFFSET is: java.util.GregorianCalendar java.util.GregorianCalendar[time=1670688618146,areFieldsSet=true,areAllFieldsSet=false,lenient=true,zone=sun.util.calendar.ZoneInfo[id="GMT",offset=0,dstSavings=0,useDaylight=false,transitions=0,lastRule=null],firstDayOfWeek=1,minimalDaysInFirstWeek=1,ERA=1,YEAR=2022,MONTH=11,WEEK_OF_YEAR=50,WEEK_OF_MONTH=2,DAY_OF_MONTH=10,DAY_OF_YEAR=344,DAY_OF_WEEK=7,DAY_OF_WEEK_IN_MONTH=2,AM_PM=1,HOUR=4,HOUR_OF_DAY=16,MINUTE=10,SECOND=18,MILLISECOND=146,ZONE_OFFSET=0,DST_OFFSET=0]
221210 101018.150|INFO|Thread-427|dumpPacket|   key: CONTEST_IDENTIFIER is: java.lang.String DryRun--5544400451244233091
221210 101018.150|INFO|Thread-427|dumpPacket|   key: BALLOON_SETTINGS_LIST is: [Ledu.csus.ecs.pc2.core.model.BalloonSettings; [Ledu.csus.ecs.pc2.core.model.BalloonSettings;@4bc514ab
221210 101018.150|INFO|Thread-427|dumpPacket|   key: RUN_LIST is: [Ledu.csus.ecs.pc2.core.model.Run; [Ledu.csus.ecs.pc2.core.model.Run;@23e52110
221210 101018.150|INFO|Thread-427|dumpPacket|   key: ACCOUNT_ARRAY is: [Ledu.csus.ecs.pc2.core.model.Account; [Ledu.csus.ecs.pc2.core.model.Account;@7544e461
221210 101018.150|INFO|Thread-427|info|handlePacket start Packet[LOGIN_SUCCESS] #2226 SERVER0 @ site 1 -> TEAM28 @ site 1
221210 101018.150|INFO|Thread-427|dumpPacket|Packet LOGIN_SUCCESS (Seq #2226, o#2226 ) handlePacket
221210 101018.150|INFO|Thread-427|dumpPacket|  From: SERVER0 @ site 1, oSERVER0 @ site 1 (DESKTOP-D75BQTV @ 212.212.212.212) (Contest Id: DryRun--5544400451244233091)
221210 101018.150|INFO|Thread-427|dumpPacket|    To: TEAM28 @ site 1
221210 101018.150|INFO|Thread-427|dumpPacket|   key: PROFILE_LIST is: [Ledu.csus.ecs.pc2.core.model.Profile; [Ledu.csus.ecs.pc2.core.model.Profile;@557429bd
221210 101018.150|INFO|Thread-427|dumpPacket|   key: GENERAL_PROBLEM is: edu.csus.ecs.pc2.core.model.Problem General
221210 101018.150|INFO|Thread-427|dumpPacket|   key: CLIENT_SETTINGS_LIST is: [Ledu.csus.ecs.pc2.core.model.ClientSettings; [Ledu.csus.ecs.pc2.core.model.ClientSettings;@5bb3cd63
221210 101018.150|INFO|Thread-427|dumpPacket|   key: CONTEST_TIME is: edu.csus.ecs.pc2.core.model.ContestTime edu.csus.ecs.pc2.core.model.ContestTime@5f8c42cd
221210 101018.150|INFO|Thread-427|dumpPacket|   key: CLARIFICATION_LIST is: [Ledu.csus.ecs.pc2.core.model.Clarification; [Ledu.csus.ecs.pc2.core.model.Clarification;@1a8ec758
221210 101018.150|INFO|Thread-427|dumpPacket|   key: CATEGORY_LIST is: [Ledu.csus.ecs.pc2.core.model.Category; [Ledu.csus.ecs.pc2.core.model.Category;@6ec33c75
221210 101018.150|INFO|Thread-427|dumpPacket|   key: LANGUAGE_LIST is: [Ledu.csus.ecs.pc2.core.model.Language; [Ledu.csus.ecs.pc2.core.model.Language;@2bde3c1b
221210 101018.150|INFO|Thread-427|dumpPacket|   key: REMOTE_LOGGED_IN_USERS is: [Ledu.csus.ecs.pc2.core.model.ClientId; [Ledu.csus.ecs.pc2.core.model.ClientId;@16799987
221210 101018.150|INFO|Thread-427|dumpPacket|   key: CONTEST_TIME_LIST is: [Ledu.csus.ecs.pc2.core.model.ContestTime; [Ledu.csus.ecs.pc2.core.model.ContestTime;@7aa13817
221210 101018.150|INFO|Thread-427|dumpPacket|   key: CONNECTION_HANDLE_ID_LIST is: [Ledu.csus.ecs.pc2.core.transport.ConnectionHandlerID; [Ledu.csus.ecs.pc2.core.transport.ConnectionHandlerID;@df693a2
221210 101018.150|INFO|Thread-427|dumpPacket|   key: PROFILE is: edu.csus.ecs.pc2.core.model.Profile DryRun--5544400451244233091
221210 101018.150|INFO|Thread-427|dumpPacket|   key: CLIENT_ID is: edu.csus.ecs.pc2.core.model.ClientId TEAM28 @ site 1
221210 101018.150|INFO|Thread-427|dumpPacket|   key: SITE_NUMBER is: java.lang.Integer 1
221210 101018.150|INFO|Thread-427|dumpPacket|   key: CONTEST_INFORMATION is: edu.csus.ecs.pc2.core.model.ContestInformation edu.csus.ecs.pc2.core.model.ContestInformation@579258e3
221210 101018.150|INFO|Thread-427|dumpPacket|   key: SITE_LIST is: [Ledu.csus.ecs.pc2.core.model.Site; [Ledu.csus.ecs.pc2.core.model.Site;@d7d5637
221210 101018.151|INFO|Thread-427|dumpPacket|   key: PROBLEM_DATA_FILES is: [Ledu.csus.ecs.pc2.core.model.ProblemDataFiles; [Ledu.csus.ecs.pc2.core.model.ProblemDataFiles;@7eefa60f
221210 101018.151|INFO|Thread-427|dumpPacket|   key: JUDGEMENT_LIST is: [Ledu.csus.ecs.pc2.core.model.Judgement; [Ledu.csus.ecs.pc2.core.model.Judgement;@47bd41f3
221210 101018.151|INFO|Thread-427|dumpPacket|   key: PROBLEM_LIST is: [Ledu.csus.ecs.pc2.core.model.Problem; [Ledu.csus.ecs.pc2.core.model.Problem;@2ad5ca7
221210 101018.151|INFO|Thread-427|dumpPacket|   key: GROUP_LIST is: [Ledu.csus.ecs.pc2.core.model.Group; [Ledu.csus.ecs.pc2.core.model.Group;@65067e2b
221210 101018.151|INFO|Thread-427|dumpPacket|   key: LOCAL_LOGGED_IN_USERS is: [Ledu.csus.ecs.pc2.core.model.ClientId; [Ledu.csus.ecs.pc2.core.model.ClientId;@66da735a
221210 101018.151|INFO|Thread-427|dumpPacket|   key: SERVER_CLOCK_OFFSET is: java.util.GregorianCalendar java.util.GregorianCalendar[time=1670688618146,areFieldsSet=true,areAllFieldsSet=false,lenient=true,zone=sun.util.calendar.ZoneInfo[id="GMT",offset=0,dstSavings=0,useDaylight=false,transitions=0,lastRule=null],firstDayOfWeek=1,minimalDaysInFirstWeek=1,ERA=1,YEAR=2022,MONTH=11,WEEK_OF_YEAR=50,WEEK_OF_MONTH=2,DAY_OF_MONTH=10,DAY_OF_YEAR=344,DAY_OF_WEEK=7,DAY_OF_WEEK_IN_MONTH=2,AM_PM=1,HOUR=4,HOUR_OF_DAY=16,MINUTE=10,SECOND=18,MILLISECOND=146,ZONE_OFFSET=0,DST_OFFSET=0]
221210 101018.151|INFO|Thread-427|dumpPacket|   key: CONTEST_IDENTIFIER is: java.lang.String DryRun--5544400451244233091
221210 101018.151|INFO|Thread-427|dumpPacket|   key: BALLOON_SETTINGS_LIST is: [Ledu.csus.ecs.pc2.core.model.BalloonSettings; [Ledu.csus.ecs.pc2.core.model.BalloonSettings;@4bc514ab
221210 101018.151|INFO|Thread-427|dumpPacket|   key: RUN_LIST is: [Ledu.csus.ecs.pc2.core.model.Run; [Ledu.csus.ecs.pc2.core.model.Run;@23e52110
221210 101018.151|INFO|Thread-427|dumpPacket|   key: ACCOUNT_ARRAY is: [Ledu.csus.ecs.pc2.core.model.Account; [Ledu.csus.ecs.pc2.core.model.Account;@7544e461
221210 101533.469|INFO|Thread-425|receive|public void receive(SealedObject TransportPacket, ConnectionHandlerID connectionHandlerID)
221210 101853.577|INFO|Thread-425|receive|public void receive(SealedObject TransportPacket, ConnectionHandlerID connectionHandlerID)
221210 103056.919|INFO|Thread-425|receive|public void receive(SealedObject TransportPacket, ConnectionHandlerID connectionHandlerID)
221210 103128.701|INFO|Thread-425|receive|public void receive(SealedObject TransportPacket, ConnectionHandlerID connectionHandlerID)
221210 103204.704|INFO|Thread-425|receive|public void receive(SealedObject TransportPacket, ConnectionHandlerID connectionHandlerID)
221210 103220.632|INFO|Thread-425|receive|public void receive(SealedObject TransportPacket, ConnectionHandlerID connectionHandlerID)
221210 103237.281|INFO|Thread-425|receive|public void receive(SealedObject TransportPacket, ConnectionHandlerID connectionHandlerID)
221210 103302.534|INFO|Thread-425|receive|public void receive(SealedObject TransportPacket, ConnectionHandlerID connectionHandlerID)
221210 104406.103|INFO|Thread-425|receive|public void receive(SealedObject TransportPacket, ConnectionHandlerID connectionHandlerID)
221210 104406.168|INFO|Thread-425|receive|public void receive(SealedObject TransportPacket, ConnectionHandlerID connectionHandlerID)
221210 104717.875|INFO|Thread-425|receive|public void receive(SealedObject TransportPacket, ConnectionHandlerID connectionHandlerID)
221210 104718.631|INFO|Thread-425|receive|public void receive(SealedObject TransportPacket, ConnectionHandlerID connectionHandlerID)
221210 104719.214|INFO|Thread-425|receive|public void receive(SealedObject TransportPacket, ConnectionHandlerID connectionHandlerID)
221210 105348.478|INFO|Thread-6684|run|send(Serializable)
221210 105348.490|INFO|Thread-425|receive|public void receive(SealedObject TransportPacket, ConnectionHandlerID connectionHandlerID)
221210 105447.747|INFO|Thread-425|receive|public void receive(SealedObject TransportPacket, ConnectionHandlerID connectionHandlerID)
221210 105742.013|INFO|Thread-10231|run|send(Serializable)
221210 105742.026|INFO|Thread-425|receive|public void receive(SealedObject TransportPacket, ConnectionHandlerID connectionHandlerID)
221210 105800.125|INFO|Thread-425|receive|public void receive(SealedObject TransportPacket, ConnectionHandlerID connectionHandlerID)
221210 105840.898|INFO|Thread-11466|run|send(Serializable)
221210 105840.912|INFO|Thread-425|receive|public void receive(SealedObject TransportPacket, ConnectionHandlerID connectionHandlerID)
221210 105904.038|INFO|Thread-425|receive|public void receive(SealedObject TransportPacket, ConnectionHandlerID connectionHandlerID)
221210 110031.160|INFO|Thread-15048|run|send(Serializable)
221210 110031.175|INFO|Thread-425|receive|public void receive(SealedObject TransportPacket, ConnectionHandlerID connectionHandlerID)
221210 110045.258|INFO|Thread-425|receive|public void receive(SealedObject TransportPacket, ConnectionHandlerID connectionHandlerID)
221210 110331.283|INFO|Thread-19763|run|send(Serializable)
221210 110331.302|INFO|Thread-425|receive|public void receive(SealedObject TransportPacket, ConnectionHandlerID connectionHandlerID)
221210 110355.664|INFO|Thread-425|receive|public void receive(SealedObject TransportPacket, ConnectionHandlerID connectionHandlerID)
221210 110430.609|INFO|Thread-21056|run|send(Serializable)
221210 110430.625|INFO|Thread-425|receive|public void receive(SealedObject TransportPacket, ConnectionHandlerID connectionHandlerID)
221210 110451.025|INFO|Thread-425|receive|public void receive(SealedObject TransportPacket, ConnectionHandlerID connectionHandlerID)
221210 111119.196|INFO|Thread-425|receive|public void receive(SealedObject TransportPacket, ConnectionHandlerID connectionHandlerID)
221210 111130.128|INFO|Thread-425|receive|public void receive(SealedObject TransportPacket, ConnectionHandlerID connectionHandlerID)
221210 111609.760|INFO|Thread-425|receive|public void receive(SealedObject TransportPacket, ConnectionHandlerID connectionHandlerID)
221210 111618.382|INFO|Thread-425|receive|public void receive(SealedObject TransportPacket, ConnectionHandlerID connectionHandlerID)
221210 111825.575|INFO|Thread-425|receive|public void receive(SealedObject TransportPacket, ConnectionHandlerID connectionHandlerID)
221210 111835.517|INFO|Thread-425|receive|public void receive(SealedObject TransportPacket, ConnectionHandlerID connectionHandlerID)
221210 112341.154|INFO|Thread-425|receive|public void receive(SealedObject TransportPacket, ConnectionHandlerID connectionHandlerID)
221210 112354.203|INFO|Thread-425|receive|public void receive(SealedObject TransportPacket, ConnectionHandlerID connectionHandlerID)
221210 112651.419|INFO|Thread-425|receive|public void receive(SealedObject TransportPacket, ConnectionHandlerID connectionHandlerID)
221210 112733.355|INFO|Thread-425|receive|public void receive(SealedObject TransportPacket, ConnectionHandlerID connectionHandlerID)
221210 112946.855|INFO|Thread-425|receive|public void receive(SealedObject TransportPacket, ConnectionHandlerID connectionHandlerID)
221210 113014.796|INFO|Thread-425|receive|public void receive(SealedObject TransportPacket, ConnectionHandlerID connectionHandlerID)
221210 113231.099|INFO|Thread-425|receive|public void receive(SealedObject TransportPacket, ConnectionHandlerID connectionHandlerID)
221210 113237.653|INFO|Thread-425|receive|public void receive(SealedObject TransportPacket, ConnectionHandlerID connectionHandlerID)
221210 114110.486|INFO|Thread-425|receive|public void receive(SealedObject TransportPacket, ConnectionHandlerID connectionHandlerID)
221210 114115.759|INFO|Thread-425|receive|public void receive(SealedObject TransportPacket, ConnectionHandlerID connectionHandlerID)
221210 114501.607|INFO|Thread-425|receive|public void receive(SealedObject TransportPacket, ConnectionHandlerID connectionHandlerID)
221210 114507.455|INFO|Thread-425|receive|public void receive(SealedObject TransportPacket, ConnectionHandlerID connectionHandlerID)
221210 115222.481|INFO|Thread-425|receive|public void receive(SealedObject TransportPacket, ConnectionHandlerID connectionHandlerID)
221210 115302.236|INFO|Thread-425|receive|public void receive(SealedObject TransportPacket, ConnectionHandlerID connectionHandlerID)
221210 115455.242|INFO|Thread-425|receive|public void receive(SealedObject TransportPacket, ConnectionHandlerID connectionHandlerID)
221210 115508.039|INFO|Thread-425|receive|public void receive(SealedObject TransportPacket, ConnectionHandlerID connectionHandlerID)
221210 120349.349|INFO|Thread-425|receive|public void receive(SealedObject TransportPacket, ConnectionHandlerID connectionHandlerID)
221210 120411.594|INFO|Thread-425|receive|public void receive(SealedObject TransportPacket, ConnectionHandlerID connectionHandlerID)
221210 120724.568|INFO|Thread-425|receive|public void receive(SealedObject TransportPacket, ConnectionHandlerID connectionHandlerID)
221210 120925.737|INFO|Thread-425|receive|public void receive(SealedObject TransportPacket, ConnectionHandlerID connectionHandlerID)
221210 120951.927|INFO|Thread-425|receive|public void receive(SealedObject TransportPacket, ConnectionHandlerID connectionHandlerID)
221210 121446.905|INFO|Thread-425|receive|public void receive(SealedObject TransportPacket, ConnectionHandlerID connectionHandlerID)
221210 121458.381|INFO|Thread-425|receive|public void receive(SealedObject TransportPacket, ConnectionHandlerID connectionHandlerID)
221210 123052.947|INFO|Thread-425|receive|public void receive(SealedObject TransportPacket, ConnectionHandlerID connectionHandlerID)
221210 123209.935|INFO|Thread-425|receive|public void receive(SealedObject TransportPacket, ConnectionHandlerID connectionHandlerID)
221210 123242.503|INFO|Thread-425|receive|public void receive(SealedObject TransportPacket, ConnectionHandlerID connectionHandlerID)
221210 123338.637|INFO|Thread-425|receive|public void receive(SealedObject TransportPacket, ConnectionHandlerID connectionHandlerID)
221210 123524.219|INFO|Thread-425|receive|public void receive(SealedObject TransportPacket, ConnectionHandlerID connectionHandlerID)
221210 123548.012|INFO|Thread-425|receive|public void receive(SealedObject TransportPacket, ConnectionHandlerID connectionHandlerID)
221210 123805.107|INFO|Thread-425|receive|public void receive(SealedObject TransportPacket, ConnectionHandlerID connectionHandlerID)
221210 123827.018|INFO|Thread-425|receive|public void receive(SealedObject TransportPacket, ConnectionHandlerID connectionHandlerID)
221210 124059.095|INFO|Thread-425|receive|public void receive(SealedObject TransportPacket, ConnectionHandlerID connectionHandlerID)
221210 124108.647|INFO|Thread-425|receive|public void receive(SealedObject TransportPacket, ConnectionHandlerID connectionHandlerID)
221210 124320.439|INFO|Thread-425|receive|public void receive(SealedObject TransportPacket, ConnectionHandlerID connectionHandlerID)
221210 124338.953|INFO|Thread-425|receive|public void receive(SealedObject TransportPacket, ConnectionHandlerID connectionHandlerID)
221210 150258.269|INFO|Thread-425|connectionDropped|connectionDropped(ConnectionHandlerID myConnectionID) 
230921 151800.105|CONFIG|qtp18242360-82|setFileHandlers|Now logging to C:\Users\18328\Desktop\pc2\WebTeamInterface-1.1\logs directory.
230921 151800.105|INFO|qtp18242360-82|info|
230921 151800.105|INFO|qtp18242360-82|info|Version 9 () Java ver 18.0.2.1 build  Windows 11 10.0 (amd64) 
230921 151800.105|INFO|qtp18242360-82|info|Login: team28 (aka team28)
230921 151800.105|INFO|qtp18242360-82|startLog|Working directory is C:\Users\18328\Desktop\pc2\WebTeamInterface-1.1
230921 151800.105|INFO|qtp18242360-82|startLog|Process id is 1544@DESKTOP-D75BQTV
230921 151800.105|INFO|qtp18242360-82|info|Contacting server at localhost:50002 as TEAM28 @ site 0
230921 151800.105|INFO|qtp18242360-82|info|sendLoginRequest start - sending from TEAM28 @ site 0
230921 151800.105|INFO|qtp18242360-82|sendToLocalServer|Sending packet to server Packet[LOGIN_REQUEST] #46 TEAM28 @ site 0 -> SERVER0 @ site 0
230921 151800.105|INFO|qtp18242360-82|sendToLocalServer|Sent    packet to server Packet[LOGIN_REQUEST] #46 TEAM28 @ site 0 -> SERVER0 @ site 0
230921 151800.105|INFO|qtp18242360-82|info|sendLoginRequest end - packet sent.
230921 151800.105|INFO|Thread-199|run|send(Serializable)
230921 151800.120|INFO|Thread-198|receive|public void receive(SealedObject TransportPacket, ConnectionHandlerID connectionHandlerID)
230921 151800.128|INFO|Thread-200|info| receiveObject(S) start got Packet[LOGIN_SUCCESS] #153 SERVER0 @ site 1 -> TEAM28 @ site 1
230921 151800.128|INFO|Thread-200|dumpPacket|Packet LOGIN_SUCCESS (Seq #153, o#153 ) recieveObject
230921 151800.128|INFO|Thread-200|dumpPacket|  From: SERVER0 @ site 1, oSERVER0 @ site 1 (DESKTOP-D75BQTV @ 192.168.1.8) (Contest Id: Test2Novice-8167312297676738178)
230921 151800.128|INFO|Thread-200|dumpPacket|    To: TEAM28 @ site 1
230921 151800.128|INFO|Thread-200|dumpPacket|   key: PROFILE_LIST is: [Ledu.csus.ecs.pc2.core.model.Profile; [Ledu.csus.ecs.pc2.core.model.Profile;@2e200e0b
230921 151800.128|INFO|Thread-200|dumpPacket|   key: GENERAL_PROBLEM is: edu.csus.ecs.pc2.core.model.Problem General
230921 151800.128|INFO|Thread-200|dumpPacket|   key: CLIENT_SETTINGS_LIST is: [Ledu.csus.ecs.pc2.core.model.ClientSettings; [Ledu.csus.ecs.pc2.core.model.ClientSettings;@20e7e5bf
230921 151800.128|INFO|Thread-200|dumpPacket|   key: CONTEST_TIME is: edu.csus.ecs.pc2.core.model.ContestTime edu.csus.ecs.pc2.core.model.ContestTime@24d8657b
230921 151800.128|INFO|Thread-200|dumpPacket|   key: CLARIFICATION_LIST is: [Ledu.csus.ecs.pc2.core.model.Clarification; [Ledu.csus.ecs.pc2.core.model.Clarification;@61daef84
230921 151800.128|INFO|Thread-200|dumpPacket|   key: CATEGORY_LIST is: [Ledu.csus.ecs.pc2.core.model.Category; [Ledu.csus.ecs.pc2.core.model.Category;@4f24e5e2
230921 151800.128|INFO|Thread-200|dumpPacket|   key: LANGUAGE_LIST is: [Ledu.csus.ecs.pc2.core.model.Language; [Ledu.csus.ecs.pc2.core.model.Language;@50f12ba4
230921 151800.128|INFO|Thread-200|dumpPacket|   key: REMOTE_LOGGED_IN_USERS is: [Ledu.csus.ecs.pc2.core.model.ClientId; [Ledu.csus.ecs.pc2.core.model.ClientId;@37e57f7c
230921 151800.128|INFO|Thread-200|dumpPacket|   key: CONTEST_TIME_LIST is: [Ledu.csus.ecs.pc2.core.model.ContestTime; [Ledu.csus.ecs.pc2.core.model.ContestTime;@1f510cb
230921 151800.128|INFO|Thread-200|dumpPacket|   key: CONNECTION_HANDLE_ID_LIST is: [Ledu.csus.ecs.pc2.core.transport.ConnectionHandlerID; [Ledu.csus.ecs.pc2.core.transport.ConnectionHandlerID;@6916fee2
230921 151800.128|INFO|Thread-200|dumpPacket|   key: PROFILE is: edu.csus.ecs.pc2.core.model.Profile Test2Novice-8167312297676738178
230921 151800.128|INFO|Thread-200|dumpPacket|   key: CLIENT_ID is: edu.csus.ecs.pc2.core.model.ClientId TEAM28 @ site 1
230921 151800.128|INFO|Thread-200|dumpPacket|   key: SITE_NUMBER is: java.lang.Integer 1
230921 151800.128|INFO|Thread-200|dumpPacket|   key: CONTEST_INFORMATION is: edu.csus.ecs.pc2.core.model.ContestInformation edu.csus.ecs.pc2.core.model.ContestInformation@30e3546f
230921 151800.128|INFO|Thread-200|dumpPacket|   key: SITE_LIST is: [Ledu.csus.ecs.pc2.core.model.Site; [Ledu.csus.ecs.pc2.core.model.Site;@2ce1d390
230921 151800.128|INFO|Thread-200|dumpPacket|   key: PROBLEM_DATA_FILES is: [Ledu.csus.ecs.pc2.core.model.ProblemDataFiles; [Ledu.csus.ecs.pc2.core.model.ProblemDataFiles;@5bbed8f
230921 151800.128|INFO|Thread-200|dumpPacket|   key: JUDGEMENT_LIST is: [Ledu.csus.ecs.pc2.core.model.Judgement; [Ledu.csus.ecs.pc2.core.model.Judgement;@5b84e234
230921 151800.128|INFO|Thread-200|dumpPacket|   key: PROBLEM_LIST is: [Ledu.csus.ecs.pc2.core.model.Problem; [Ledu.csus.ecs.pc2.core.model.Problem;@71ee9507
230921 151800.128|INFO|Thread-200|dumpPacket|   key: GROUP_LIST is: [Ledu.csus.ecs.pc2.core.model.Group; [Ledu.csus.ecs.pc2.core.model.Group;@53b1a5f9
230921 151800.128|INFO|Thread-200|dumpPacket|   key: LOCAL_LOGGED_IN_USERS is: [Ledu.csus.ecs.pc2.core.model.ClientId; [Ledu.csus.ecs.pc2.core.model.ClientId;@9bcfd95
230921 151800.128|INFO|Thread-200|dumpPacket|   key: SERVER_CLOCK_OFFSET is: java.util.GregorianCalendar java.util.GregorianCalendar[time=1695327480105,areFieldsSet=true,areAllFieldsSet=false,lenient=true,zone=sun.util.calendar.ZoneInfo[id="GMT",offset=0,dstSavings=0,useDaylight=false,transitions=0,lastRule=null],firstDayOfWeek=1,minimalDaysInFirstWeek=1,ERA=1,YEAR=2023,MONTH=8,WEEK_OF_YEAR=38,WEEK_OF_MONTH=4,DAY_OF_MONTH=21,DAY_OF_YEAR=264,DAY_OF_WEEK=5,DAY_OF_WEEK_IN_MONTH=3,AM_PM=1,HOUR=8,HOUR_OF_DAY=20,MINUTE=18,SECOND=0,MILLISECOND=105,ZONE_OFFSET=0,DST_OFFSET=0]
230921 151800.128|INFO|Thread-200|dumpPacket|   key: CONTEST_IDENTIFIER is: java.lang.String Test2Novice-8167312297676738178
230921 151800.128|INFO|Thread-200|dumpPacket|   key: BALLOON_SETTINGS_LIST is: [Ledu.csus.ecs.pc2.core.model.BalloonSettings; [Ledu.csus.ecs.pc2.core.model.BalloonSettings;@75d52bd4
230921 151800.128|INFO|Thread-200|dumpPacket|   key: RUN_LIST is: [Ledu.csus.ecs.pc2.core.model.Run; [Ledu.csus.ecs.pc2.core.model.Run;@7016dec4
230921 151800.128|INFO|Thread-200|dumpPacket|   key: ACCOUNT_ARRAY is: [Ledu.csus.ecs.pc2.core.model.Account; [Ledu.csus.ecs.pc2.core.model.Account;@2ed62352
230921 151800.128|INFO|Thread-200|info|handlePacket start Packet[LOGIN_SUCCESS] #153 SERVER0 @ site 1 -> TEAM28 @ site 1
230921 151800.128|INFO|Thread-200|dumpPacket|Packet LOGIN_SUCCESS (Seq #153, o#153 ) handlePacket
230921 151800.128|INFO|Thread-200|dumpPacket|  From: SERVER0 @ site 1, oSERVER0 @ site 1 (DESKTOP-D75BQTV @ 192.168.1.8) (Contest Id: Test2Novice-8167312297676738178)
230921 151800.128|INFO|Thread-200|dumpPacket|    To: TEAM28 @ site 1
230921 151800.128|INFO|Thread-200|dumpPacket|   key: PROFILE_LIST is: [Ledu.csus.ecs.pc2.core.model.Profile; [Ledu.csus.ecs.pc2.core.model.Profile;@2e200e0b
230921 151800.128|INFO|Thread-200|dumpPacket|   key: GENERAL_PROBLEM is: edu.csus.ecs.pc2.core.model.Problem General
230921 151800.128|INFO|Thread-200|dumpPacket|   key: CLIENT_SETTINGS_LIST is: [Ledu.csus.ecs.pc2.core.model.ClientSettings; [Ledu.csus.ecs.pc2.core.model.ClientSettings;@20e7e5bf
230921 151800.128|INFO|Thread-200|dumpPacket|   key: CONTEST_TIME is: edu.csus.ecs.pc2.core.model.ContestTime edu.csus.ecs.pc2.core.model.ContestTime@24d8657b
230921 151800.128|INFO|Thread-200|dumpPacket|   key: CLARIFICATION_LIST is: [Ledu.csus.ecs.pc2.core.model.Clarification; [Ledu.csus.ecs.pc2.core.model.Clarification;@61daef84
230921 151800.128|INFO|Thread-200|dumpPacket|   key: CATEGORY_LIST is: [Ledu.csus.ecs.pc2.core.model.Category; [Ledu.csus.ecs.pc2.core.model.Category;@4f24e5e2
230921 151800.128|INFO|Thread-200|dumpPacket|   key: LANGUAGE_LIST is: [Ledu.csus.ecs.pc2.core.model.Language; [Ledu.csus.ecs.pc2.core.model.Language;@50f12ba4
230921 151800.128|INFO|Thread-200|dumpPacket|   key: REMOTE_LOGGED_IN_USERS is: [Ledu.csus.ecs.pc2.core.model.ClientId; [Ledu.csus.ecs.pc2.core.model.ClientId;@37e57f7c
230921 151800.128|INFO|Thread-200|dumpPacket|   key: CONTEST_TIME_LIST is: [Ledu.csus.ecs.pc2.core.model.ContestTime; [Ledu.csus.ecs.pc2.core.model.ContestTime;@1f510cb
230921 151800.128|INFO|Thread-200|dumpPacket|   key: CONNECTION_HANDLE_ID_LIST is: [Ledu.csus.ecs.pc2.core.transport.ConnectionHandlerID; [Ledu.csus.ecs.pc2.core.transport.ConnectionHandlerID;@6916fee2
230921 151800.128|INFO|Thread-200|dumpPacket|   key: PROFILE is: edu.csus.ecs.pc2.core.model.Profile Test2Novice-8167312297676738178
230921 151800.128|INFO|Thread-200|dumpPacket|   key: CLIENT_ID is: edu.csus.ecs.pc2.core.model.ClientId TEAM28 @ site 1
230921 151800.128|INFO|Thread-200|dumpPacket|   key: SITE_NUMBER is: java.lang.Integer 1
230921 151800.128|INFO|Thread-200|dumpPacket|   key: CONTEST_INFORMATION is: edu.csus.ecs.pc2.core.model.ContestInformation edu.csus.ecs.pc2.core.model.ContestInformation@30e3546f
230921 151800.128|INFO|Thread-200|dumpPacket|   key: SITE_LIST is: [Ledu.csus.ecs.pc2.core.model.Site; [Ledu.csus.ecs.pc2.core.model.Site;@2ce1d390
230921 151800.128|INFO|Thread-200|dumpPacket|   key: PROBLEM_DATA_FILES is: [Ledu.csus.ecs.pc2.core.model.ProblemDataFiles; [Ledu.csus.ecs.pc2.core.model.ProblemDataFiles;@5bbed8f
230921 151800.128|INFO|Thread-200|dumpPacket|   key: JUDGEMENT_LIST is: [Ledu.csus.ecs.pc2.core.model.Judgement; [Ledu.csus.ecs.pc2.core.model.Judgement;@5b84e234
230921 151800.128|INFO|Thread-200|dumpPacket|   key: PROBLEM_LIST is: [Ledu.csus.ecs.pc2.core.model.Problem; [Ledu.csus.ecs.pc2.core.model.Problem;@71ee9507
230921 151800.128|INFO|Thread-200|dumpPacket|   key: GROUP_LIST is: [Ledu.csus.ecs.pc2.core.model.Group; [Ledu.csus.ecs.pc2.core.model.Group;@53b1a5f9
230921 151800.128|INFO|Thread-200|dumpPacket|   key: LOCAL_LOGGED_IN_USERS is: [Ledu.csus.ecs.pc2.core.model.ClientId; [Ledu.csus.ecs.pc2.core.model.ClientId;@9bcfd95
230921 151800.128|INFO|Thread-200|dumpPacket|   key: SERVER_CLOCK_OFFSET is: java.util.GregorianCalendar java.util.GregorianCalendar[time=1695327480105,areFieldsSet=true,areAllFieldsSet=false,lenient=true,zone=sun.util.calendar.ZoneInfo[id="GMT",offset=0,dstSavings=0,useDaylight=false,transitions=0,lastRule=null],firstDayOfWeek=1,minimalDaysInFirstWeek=1,ERA=1,YEAR=2023,MONTH=8,WEEK_OF_YEAR=38,WEEK_OF_MONTH=4,DAY_OF_MONTH=21,DAY_OF_YEAR=264,DAY_OF_WEEK=5,DAY_OF_WEEK_IN_MONTH=3,AM_PM=1,HOUR=8,HOUR_OF_DAY=20,MINUTE=18,SECOND=0,MILLISECOND=105,ZONE_OFFSET=0,DST_OFFSET=0]
230921 151800.128|INFO|Thread-200|dumpPacket|   key: CONTEST_IDENTIFIER is: java.lang.String Test2Novice-8167312297676738178
230921 151800.128|INFO|Thread-200|dumpPacket|   key: BALLOON_SETTINGS_LIST is: [Ledu.csus.ecs.pc2.core.model.BalloonSettings; [Ledu.csus.ecs.pc2.core.model.BalloonSettings;@75d52bd4
230921 151800.128|INFO|Thread-200|dumpPacket|   key: RUN_LIST is: [Ledu.csus.ecs.pc2.core.model.Run; [Ledu.csus.ecs.pc2.core.model.Run;@7016dec4
230921 151800.128|INFO|Thread-200|dumpPacket|   key: ACCOUNT_ARRAY is: [Ledu.csus.ecs.pc2.core.model.Account; [Ledu.csus.ecs.pc2.core.model.Account;@2ed62352
230921 154324.263|INFO|Thread-198|receive|public void receive(SealedObject TransportPacket, ConnectionHandlerID connectionHandlerID)
230921 155029.350|INFO|Thread-198|receive|public void receive(SealedObject TransportPacket, ConnectionHandlerID connectionHandlerID)
230921 155506.016|INFO|Thread-198|receive|public void receive(SealedObject TransportPacket, ConnectionHandlerID connectionHandlerID)
230921 162208.359|INFO|Thread-198|receive|public void receive(SealedObject TransportPacket, ConnectionHandlerID connectionHandlerID)
230921 162931.116|INFO|Thread-198|receive|public void receive(SealedObject TransportPacket, ConnectionHandlerID connectionHandlerID)
230921 162938.871|INFO|Thread-198|receive|public void receive(SealedObject TransportPacket, ConnectionHandlerID connectionHandlerID)
230921 162943.473|INFO|Thread-198|receive|public void receive(SealedObject TransportPacket, ConnectionHandlerID connectionHandlerID)
230921 162953.431|INFO|Thread-198|receive|public void receive(SealedObject TransportPacket, ConnectionHandlerID connectionHandlerID)
230921 163001.619|INFO|Thread-198|receive|public void receive(SealedObject TransportPacket, ConnectionHandlerID connectionHandlerID)
230921 163006.987|INFO|Thread-198|receive|public void receive(SealedObject TransportPacket, ConnectionHandlerID connectionHandlerID)
230921 163018.710|INFO|Thread-198|receive|public void receive(SealedObject TransportPacket, ConnectionHandlerID connectionHandlerID)
230921 165528.092|INFO|Thread-198|connectionDropped|connectionDropped(ConnectionHandlerID myConnectionID) 
