231209 095618.926|CONFIG|qtp135640095-21299|setFileHandlers|Now logging to C:\Users\18328\Desktop\pc2\WebTeamInterface-1.1\logs directory.
231209 095618.926|INFO|qtp135640095-21299|info|
231209 095618.926|INFO|qtp135640095-21299|info|Version 9 () Java ver 18.0.2.1 build  Windows 11 10.0 (amd64) 
231209 095618.926|INFO|qtp135640095-21299|info|Login: team84 (aka team84)
231209 095618.926|INFO|qtp135640095-21299|startLog|Working directory is C:\Users\18328\Desktop\pc2\WebTeamInterface-1.1
231209 095618.926|INFO|qtp135640095-21299|startLog|Process id is 15028@DESKTOP-D75BQTV
231209 095618.926|INFO|qtp135640095-21299|info|Contacting server at localhost:50002 as TEAM84 @ site 0
231209 095618.934|INFO|qtp135640095-21299|info|sendLoginRequest start - sending from TEAM84 @ site 0
231209 095618.934|INFO|qtp135640095-21299|sendToLocalServer|Sending packet to server Packet[LOGIN_REQUEST] #421 TEAM84 @ site 0 -> SERVER0 @ site 0
231209 095618.934|INFO|qtp135640095-21299|sendToLocalServer|Sent    packet to server Packet[LOGIN_REQUEST] #421 TEAM84 @ site 0 -> SERVER0 @ site 0
231209 095618.934|INFO|qtp135640095-21299|info|sendLoginRequest end - packet sent.
231209 095618.934|INFO|Thread-33657|receiveUnencrypted|receiveUnencrypted(TransportWrapper, ConnectionHandlerID=Socket[addr=localhost/127.0.0.1,port=50002,localport=51668]-3369891816190293526)
231209 095618.934|INFO|Thread-33658|run|send(Serializable)
231209 095618.934|INFO|Thread-33657|receiveUnencrypted|receiveUnencrypted Made a secret key for Socket[addr=localhost/127.0.0.1,port=50002,localport=51668]-3369891816190293526 key is com.sun.crypto.provider.DESKey@fffe73d0
231209 095618.934|INFO|Thread-33657|getPublicKeyPacket|Generating Unencrypted Public Key Packet
231209 095618.934|INFO|Thread-33657|getPublicKeyPacket|checking key:= SunJCE Diffie-Hellman Public Key:
y:
    457e1531 1f929677 0fe9fb79 23d08251 ba5c80f4 4efbe1ed 5b85f51f f4b6879b
    263e74ed c6970c46 41fe85f2 d23e3155 2c71bb0f 373c99d5 f29add47 ed2111ec
    6793e3eb a549151b 07c81249 17dd62aa 296c87ac b8db2095 109f986a 35bbc547
    1a451b58 80665991 2a380cca 079656d3 622163f7 6ec6fcac ace14a4f 9f44ed08
p:
    f488fd58 4e49dbcd 20b49de4 9107366b 336c380d 451d0f7c 88b31c7c 5b2d8ef6
    f3c923c0 43f0a55b 188d8ebb 558cb85d 38d334fd 7c175743 a31d186c de33212c
    b52aff3c e1b12940 18118d7c 84a70a72 d686c403 19c80729 7aca950c d9969fab
    d00a509b 0246d308 3d66a45d 419f9c7c bd894b22 1926baab a25ec355 e92f78c7
g:
    02
l:
    512
231209 095618.934|INFO|Thread-33657|getPublicKeyPacket|packet:= edu.csus.ecs.pc2.core.transport.TransportWrapper@53ccd096
231209 095618.942|INFO|Thread-33657|receive|public void receive(SealedObject TransportPacket, ConnectionHandlerID connectionHandlerID)
231209 095618.942|INFO|Thread-33659|info| receiveObject(S) start got Packet[LOGIN_FAILED] #2336 SERVER0 @ site 1 -> TEAM84 @ site 0
231209 095618.942|INFO|Thread-33659|dumpPacket|Packet LOGIN_FAILED (Seq #2336, o#2336 ) recieveObject
231209 095618.942|INFO|Thread-33659|dumpPacket|  From: SERVER0 @ site 1, oSERVER0 @ site 1 (DESKTOP-D75BQTV @ 212.212.212.212) (Contest Id: DryRun--6069080675419338087)
231209 095618.942|INFO|Thread-33659|dumpPacket|    To: TEAM84 @ site 0
231209 095618.942|INFO|Thread-33659|dumpPacket|   key: MESSAGE_STRING is: java.lang.String Invalid password
231209 095618.942|INFO|Thread-33659|info|handlePacket start Packet[LOGIN_FAILED] #2336 SERVER0 @ site 1 -> TEAM84 @ site 0
231209 095618.942|INFO|Thread-33659|dumpPacket|Packet LOGIN_FAILED (Seq #2336, o#2336 ) handlePacket
231209 095618.942|INFO|Thread-33659|dumpPacket|  From: SERVER0 @ site 1, oSERVER0 @ site 1 (DESKTOP-D75BQTV @ 212.212.212.212) (Contest Id: DryRun--6069080675419338087)
231209 095618.942|INFO|Thread-33659|dumpPacket|    To: TEAM84 @ site 0
231209 095618.942|INFO|Thread-33659|dumpPacket|   key: MESSAGE_STRING is: java.lang.String Invalid password
231209 095618.942|INFO|Thread-33659|info| receiveObject(S) end   got Packet[LOGIN_FAILED] #2336 SERVER0 @ site 1 -> TEAM84 @ site 0
231209 125144.161|INFO|Thread-33657|connectionDropped|connectionDropped(ConnectionHandlerID myConnectionID) 
