231209 104022.466|CONFIG|Thread-49499|setFileHandlers|Now logging to C:\Users\18328\Desktop\pc2\WebTeamInterface-1.1\logs directory.
231209 104022.466|INFO|Thread-49499|info|
231209 104022.466|INFO|Thread-49499|info|Version 9 () Java ver 18.0.2.1 build  Windows 11 10.0 (amd64) 
231209 104022.466|INFO|Thread-49499|info|Login: team108 (aka team108)
231209 104022.474|INFO|Thread-49499|startLog|Working directory is C:\Users\18328\Desktop\pc2\WebTeamInterface-1.1
231209 104022.474|INFO|Thread-49499|startLog|Process id is 15028@DESKTOP-D75BQTV
231209 104022.474|INFO|Thread-49499|info| handlePacket original LOGIN_SUCCESS after -- all settings loaded 
231209 104022.474|INFO|Thread-49499|info|handlePacket end Packet[LOGIN_SUCCESS] #3777 SERVER0 @ site 1 -> TEAM108 @ site 1
231209 104022.474|INFO|Thread-49499|info| receiveObject(S) end   got Packet[LOGIN_SUCCESS] #3777 SERVER0 @ site 1 -> TEAM108 @ site 1
231209 104340.831|INFO|Thread-49636|info| receiveObject(S) start got Packet[CLOCK_STARTED] #3869 SERVER0 @ site 1 -> SERVER0 @ site 0
231209 104340.831|INFO|Thread-49636|dumpPacket|Packet CLOCK_STARTED (Seq #3869, o#3869 ) recieveObject
231209 104340.831|INFO|Thread-49636|dumpPacket|  From: SERVER0 @ site 1, oSERVER0 @ site 1 (DESKTOP-D75BQTV @ 212.212.212.212) (Contest Id: RealDeal--1957769244132597914)
231209 104340.831|INFO|Thread-49636|dumpPacket|    To: SERVER0 @ site 0
231209 104340.831|INFO|Thread-49636|dumpPacket|   key: SITE_NUMBER is: java.lang.Integer 1
231209 104340.831|INFO|Thread-49636|dumpPacket|   key: CLIENT_ID is: edu.csus.ecs.pc2.core.model.ClientId ADMINISTRATOR1 @ site 1
231209 104340.831|INFO|Thread-49636|dumpPacket|   key: SERVER_CLOCK_OFFSET is: java.util.GregorianCalendar java.util.GregorianCalendar[time=1702140220728,areFieldsSet=true,areAllFieldsSet=false,lenient=true,zone=sun.util.calendar.ZoneInfo[id="GMT",offset=0,dstSavings=0,useDaylight=false,transitions=0,lastRule=null],firstDayOfWeek=1,minimalDaysInFirstWeek=1,ERA=1,YEAR=2023,MONTH=11,WEEK_OF_YEAR=49,WEEK_OF_MONTH=2,DAY_OF_MONTH=9,DAY_OF_YEAR=343,DAY_OF_WEEK=7,DAY_OF_WEEK_IN_MONTH=2,AM_PM=1,HOUR=4,HOUR_OF_DAY=16,MINUTE=43,SECOND=40,MILLISECOND=728,ZONE_OFFSET=0,DST_OFFSET=0]
231209 104340.831|INFO|Thread-49636|info|handlePacket start Packet[CLOCK_STARTED] #3869 SERVER0 @ site 1 -> SERVER0 @ site 0
231209 104340.831|INFO|Thread-49636|dumpPacket|Packet CLOCK_STARTED (Seq #3869, o#3869 ) handlePacket
231209 104340.831|INFO|Thread-49636|dumpPacket|  From: SERVER0 @ site 1, oSERVER0 @ site 1 (DESKTOP-D75BQTV @ 212.212.212.212) (Contest Id: RealDeal--1957769244132597914)
231209 104340.831|INFO|Thread-49636|dumpPacket|    To: SERVER0 @ site 0
231209 104340.831|INFO|Thread-49636|dumpPacket|   key: SITE_NUMBER is: java.lang.Integer 1
231209 104340.833|INFO|Thread-49636|dumpPacket|   key: CLIENT_ID is: edu.csus.ecs.pc2.core.model.ClientId ADMINISTRATOR1 @ site 1
231209 104340.833|INFO|Thread-49636|dumpPacket|   key: SERVER_CLOCK_OFFSET is: java.util.GregorianCalendar java.util.GregorianCalendar[time=1702140220728,areFieldsSet=true,areAllFieldsSet=false,lenient=true,zone=sun.util.calendar.ZoneInfo[id="GMT",offset=0,dstSavings=0,useDaylight=false,transitions=0,lastRule=null],firstDayOfWeek=1,minimalDaysInFirstWeek=1,ERA=1,YEAR=2023,MONTH=11,WEEK_OF_YEAR=49,WEEK_OF_MONTH=2,DAY_OF_MONTH=9,DAY_OF_YEAR=343,DAY_OF_WEEK=7,DAY_OF_WEEK_IN_MONTH=2,AM_PM=1,HOUR=4,HOUR_OF_DAY=16,MINUTE=43,SECOND=40,MILLISECOND=728,ZONE_OFFSET=0,DST_OFFSET=0]
231209 104340.833|INFO|Thread-49636|info|Clock for site 1 started by ADMINISTRATOR1 @ site 1 elapsed 0:00:00
231209 104340.835|INFO|Thread-49636|info| receiveObject(S) end   got Packet[CLOCK_STARTED] #3869 SERVER0 @ site 1 -> SERVER0 @ site 0
231209 104900.086|INFO|Thread-55706|info| receiveObject(S) start got Packet[CLARIFICATION_ANSWER_UPDATE] #4015 SERVER0 @ site 1 -> SERVER0 @ site 0
231209 104900.087|INFO|Thread-55706|dumpPacket|Packet CLARIFICATION_ANSWER_UPDATE (Seq #4015, o#4015 ) recieveObject
231209 104900.087|INFO|Thread-55706|dumpPacket|  From: SERVER0 @ site 1, oSERVER0 @ site 1 (DESKTOP-D75BQTV @ 212.212.212.212) (Contest Id: RealDeal--1957769244132597914)
231209 104900.087|INFO|Thread-55706|dumpPacket|    To: SERVER0 @ site 0
231209 104900.087|INFO|Thread-55706|dumpPacket|   key: CLARIFICATION is: edu.csus.ecs.pc2.core.model.Clarification Clarification 1 ANSWERED from TEAM91 @ site 1 at 4 id=Clarification--3513482260916480937
231209 104900.087|INFO|Thread-55706|dumpPacket|   key: CLARIFICATION_ANSWER is: java.lang.String No response, read problem statement
231209 104900.087|INFO|Thread-55706|dumpPacket|   key: CLIENT_ID is: edu.csus.ecs.pc2.core.model.ClientId ADMINISTRATOR1 @ site 1
231209 104900.087|INFO|Thread-55706|info|handlePacket start Packet[CLARIFICATION_ANSWER_UPDATE] #4015 SERVER0 @ site 1 -> SERVER0 @ site 0
231209 104900.087|INFO|Thread-55706|dumpPacket|Packet CLARIFICATION_ANSWER_UPDATE (Seq #4015, o#4015 ) handlePacket
231209 104900.087|INFO|Thread-55706|dumpPacket|  From: SERVER0 @ site 1, oSERVER0 @ site 1 (DESKTOP-D75BQTV @ 212.212.212.212) (Contest Id: RealDeal--1957769244132597914)
231209 104900.087|INFO|Thread-55706|dumpPacket|    To: SERVER0 @ site 0
231209 104900.087|INFO|Thread-55706|dumpPacket|   key: CLARIFICATION is: edu.csus.ecs.pc2.core.model.Clarification Clarification 1 ANSWERED from TEAM91 @ site 1 at 4 id=Clarification--3513482260916480937
231209 104900.087|INFO|Thread-55706|dumpPacket|   key: CLARIFICATION_ANSWER is: java.lang.String No response, read problem statement
231209 104900.088|INFO|Thread-55706|dumpPacket|   key: CLIENT_ID is: edu.csus.ecs.pc2.core.model.ClientId ADMINISTRATOR1 @ site 1
231209 104900.095|INFO|Thread-55706|info| receiveObject(S) end   got Packet[CLARIFICATION_ANSWER_UPDATE] #4015 SERVER0 @ site 1 -> SERVER0 @ site 0
231209 104938.154|INFO|Thread-56487|info| receiveObject(S) start got Packet[CLARIFICATION_ANSWER_UPDATE] #4032 SERVER0 @ site 1 -> SERVER0 @ site 0
231209 104938.154|INFO|Thread-56487|dumpPacket|Packet CLARIFICATION_ANSWER_UPDATE (Seq #4032, o#4032 ) recieveObject
231209 104938.154|INFO|Thread-56487|dumpPacket|  From: SERVER0 @ site 1, oSERVER0 @ site 1 (DESKTOP-D75BQTV @ 212.212.212.212) (Contest Id: RealDeal--1957769244132597914)
231209 104938.154|INFO|Thread-56487|dumpPacket|    To: SERVER0 @ site 0
231209 104938.155|INFO|Thread-56487|dumpPacket|   key: CLARIFICATION is: edu.csus.ecs.pc2.core.model.Clarification Clarification 2 ANSWERED from JUDGE3 @ site 1 at 5 id=Clarification-2100581527514594593
231209 104938.155|INFO|Thread-56487|dumpPacket|   key: CLARIFICATION_ANSWER is: java.lang.String Read above
231209 104938.155|INFO|Thread-56487|dumpPacket|   key: CLIENT_ID is: edu.csus.ecs.pc2.core.model.ClientId ADMINISTRATOR1 @ site 1
231209 104938.155|INFO|Thread-56487|info|handlePacket start Packet[CLARIFICATION_ANSWER_UPDATE] #4032 SERVER0 @ site 1 -> SERVER0 @ site 0
231209 104938.155|INFO|Thread-56487|dumpPacket|Packet CLARIFICATION_ANSWER_UPDATE (Seq #4032, o#4032 ) handlePacket
231209 104938.155|INFO|Thread-56487|dumpPacket|  From: SERVER0 @ site 1, oSERVER0 @ site 1 (DESKTOP-D75BQTV @ 212.212.212.212) (Contest Id: RealDeal--1957769244132597914)
231209 104938.155|INFO|Thread-56487|dumpPacket|    To: SERVER0 @ site 0
231209 104938.155|INFO|Thread-56487|dumpPacket|   key: CLARIFICATION is: edu.csus.ecs.pc2.core.model.Clarification Clarification 2 ANSWERED from JUDGE3 @ site 1 at 5 id=Clarification-2100581527514594593
231209 104938.155|INFO|Thread-56487|dumpPacket|   key: CLARIFICATION_ANSWER is: java.lang.String Read above
231209 104938.155|INFO|Thread-56487|dumpPacket|   key: CLIENT_ID is: edu.csus.ecs.pc2.core.model.ClientId ADMINISTRATOR1 @ site 1
231209 104938.155|INFO|Thread-56487|info| receiveObject(S) end   got Packet[CLARIFICATION_ANSWER_UPDATE] #4032 SERVER0 @ site 1 -> SERVER0 @ site 0
231209 105230.398|INFO|qtp135640095-50023|sendToLocalServer|Sending packet to server Packet[RUN_SUBMISSION] #762 TEAM108 @ site 1 -> SERVER0 @ site 1
231209 105230.398|INFO|qtp135640095-50023|sendToLocalServer|Sent    packet to server Packet[RUN_SUBMISSION] #762 TEAM108 @ site 1 -> SERVER0 @ site 1
231209 105230.431|INFO|Thread-61127|info| receiveObject(S) start got Packet[RUN_SUBMISSION_CONFIRM] #4090 SERVER0 @ site 1 -> TEAM108 @ site 1
231209 105230.437|INFO|Thread-61127|dumpPacket|Packet RUN_SUBMISSION_CONFIRM (Seq #4090, o#4090 ) recieveObject
231209 105230.437|INFO|Thread-61127|dumpPacket|  From: SERVER0 @ site 1, oSERVER0 @ site 1 (DESKTOP-D75BQTV @ 212.212.212.212) (Contest Id: RealDeal--1957769244132597914)
231209 105230.437|INFO|Thread-61127|dumpPacket|    To: TEAM108 @ site 1
231209 105230.437|INFO|Thread-61127|dumpPacket|   key: RUN is: edu.csus.ecs.pc2.core.model.Run Run 18 NEW 8 min 529670ms from TEAM108 @ site 1 id Run--4982289856913576766 problem Missing_Cat--8325778690036057049 lang Java--8800253324652192008
231209 105230.437|INFO|Thread-61127|info|handlePacket start Packet[RUN_SUBMISSION_CONFIRM] #4090 SERVER0 @ site 1 -> TEAM108 @ site 1
231209 105230.437|INFO|Thread-61127|dumpPacket|Packet RUN_SUBMISSION_CONFIRM (Seq #4090, o#4090 ) handlePacket
231209 105230.437|INFO|Thread-61127|dumpPacket|  From: SERVER0 @ site 1, oSERVER0 @ site 1 (DESKTOP-D75BQTV @ 212.212.212.212) (Contest Id: RealDeal--1957769244132597914)
231209 105230.437|INFO|Thread-61127|dumpPacket|    To: TEAM108 @ site 1
231209 105230.437|INFO|Thread-61127|dumpPacket|   key: RUN is: edu.csus.ecs.pc2.core.model.Run Run 18 NEW 8 min 529670ms from TEAM108 @ site 1 id Run--4982289856913576766 problem Missing_Cat--8325778690036057049 lang Java--8800253324652192008
231209 105230.437|INFO|Thread-61127|info| receiveObject(S) end   got Packet[RUN_SUBMISSION_CONFIRM] #4090 SERVER0 @ site 1 -> TEAM108 @ site 1
231209 105246.637|INFO|Thread-62545|info| receiveObject(S) start got Packet[RUN_JUDGEMENT] #4104 SERVER0 @ site 1 -> TEAM108 @ site 1
231209 105246.637|INFO|Thread-62545|dumpPacket|Packet RUN_JUDGEMENT (Seq #4104, o#4104 ) recieveObject
231209 105246.637|INFO|Thread-62545|dumpPacket|  From: SERVER0 @ site 1, oSERVER0 @ site 1 (DESKTOP-D75BQTV @ 212.212.212.212) (Contest Id: RealDeal--1957769244132597914)
231209 105246.637|INFO|Thread-62545|dumpPacket|    To: TEAM108 @ site 1
231209 105246.637|INFO|Thread-62545|dumpPacket|   key: JUDGEMENT_RECORD is: edu.csus.ecs.pc2.core.model.JudgementRecord Yes by JUDGE10 @ site 1 judgement Yes-2915828768858405923 id JudgementRecord-2620854912162844571
231209 105246.637|INFO|Thread-62545|dumpPacket|   key: RUN is: edu.csus.ecs.pc2.core.model.Run Run 18 JUDGED 8 min 529670ms from TEAM108 @ site 1 id Run--4982289856913576766 problem Missing_Cat--8325778690036057049 lang Java--8800253324652192008
231209 105246.637|INFO|Thread-62545|dumpPacket|   key: CLIENT_ID is: edu.csus.ecs.pc2.core.model.ClientId SERVER0 @ site 1
231209 105246.637|INFO|Thread-62545|info|handlePacket start Packet[RUN_JUDGEMENT] #4104 SERVER0 @ site 1 -> TEAM108 @ site 1
231209 105246.637|INFO|Thread-62545|dumpPacket|Packet RUN_JUDGEMENT (Seq #4104, o#4104 ) handlePacket
231209 105246.637|INFO|Thread-62545|dumpPacket|  From: SERVER0 @ site 1, oSERVER0 @ site 1 (DESKTOP-D75BQTV @ 212.212.212.212) (Contest Id: RealDeal--1957769244132597914)
231209 105246.637|INFO|Thread-62545|dumpPacket|    To: TEAM108 @ site 1
231209 105246.637|INFO|Thread-62545|dumpPacket|   key: JUDGEMENT_RECORD is: edu.csus.ecs.pc2.core.model.JudgementRecord Yes by JUDGE10 @ site 1 judgement Yes-2915828768858405923 id JudgementRecord-2620854912162844571
231209 105246.637|INFO|Thread-62545|dumpPacket|   key: RUN is: edu.csus.ecs.pc2.core.model.Run Run 18 JUDGED 8 min 529670ms from TEAM108 @ site 1 id Run--4982289856913576766 problem Missing_Cat--8325778690036057049 lang Java--8800253324652192008
231209 105246.637|INFO|Thread-62545|dumpPacket|   key: CLIENT_ID is: edu.csus.ecs.pc2.core.model.ClientId SERVER0 @ site 1
231209 105246.640|INFO|Thread-62545|info| receiveObject(S) end   got Packet[RUN_JUDGEMENT] #4104 SERVER0 @ site 1 -> TEAM108 @ site 1
231209 105758.505|INFO|Thread-64844|info| receiveObject(S) start got Packet[CLARIFICATION_ANSWER_UPDATE] #4323 SERVER0 @ site 1 -> SERVER0 @ site 0
231209 105758.505|INFO|Thread-64844|dumpPacket|Packet CLARIFICATION_ANSWER_UPDATE (Seq #4323, o#4323 ) recieveObject
231209 105758.505|INFO|Thread-64844|dumpPacket|  From: SERVER0 @ site 1, oSERVER0 @ site 1 (DESKTOP-D75BQTV @ 212.212.212.212) (Contest Id: RealDeal--1957769244132597914)
231209 105758.505|INFO|Thread-64844|dumpPacket|    To: SERVER0 @ site 0
231209 105758.513|INFO|Thread-64844|dumpPacket|   key: CLARIFICATION is: edu.csus.ecs.pc2.core.model.Clarification Clarification 3 ANSWERED from TEAM77 @ site 1 at 7 id=Clarification--6384166243320002001
231209 105758.513|INFO|Thread-64844|dumpPacket|   key: CLARIFICATION_ANSWER is: java.lang.String Its a 0.
231209 105758.513|INFO|Thread-64844|dumpPacket|   key: CLIENT_ID is: edu.csus.ecs.pc2.core.model.ClientId ADMINISTRATOR1 @ site 1
231209 105758.513|INFO|Thread-64844|info|handlePacket start Packet[CLARIFICATION_ANSWER_UPDATE] #4323 SERVER0 @ site 1 -> SERVER0 @ site 0
231209 105758.513|INFO|Thread-64844|dumpPacket|Packet CLARIFICATION_ANSWER_UPDATE (Seq #4323, o#4323 ) handlePacket
231209 105758.513|INFO|Thread-64844|dumpPacket|  From: SERVER0 @ site 1, oSERVER0 @ site 1 (DESKTOP-D75BQTV @ 212.212.212.212) (Contest Id: RealDeal--1957769244132597914)
231209 105758.513|INFO|Thread-64844|dumpPacket|    To: SERVER0 @ site 0
231209 105758.513|INFO|Thread-64844|dumpPacket|   key: CLARIFICATION is: edu.csus.ecs.pc2.core.model.Clarification Clarification 3 ANSWERED from TEAM77 @ site 1 at 7 id=Clarification--6384166243320002001
231209 105758.513|INFO|Thread-64844|dumpPacket|   key: CLARIFICATION_ANSWER is: java.lang.String Its a 0.
231209 105758.513|INFO|Thread-64844|dumpPacket|   key: CLIENT_ID is: edu.csus.ecs.pc2.core.model.ClientId ADMINISTRATOR1 @ site 1
231209 105758.546|INFO|Thread-64844|info| receiveObject(S) end   got Packet[CLARIFICATION_ANSWER_UPDATE] #4323 SERVER0 @ site 1 -> SERVER0 @ site 0
231209 110012.937|INFO|Thread-64996|info| receiveObject(S) start got Packet[CLARIFICATION_ANSWER_UPDATE] #4399 SERVER0 @ site 1 -> SERVER0 @ site 0
231209 110012.937|INFO|Thread-64996|dumpPacket|Packet CLARIFICATION_ANSWER_UPDATE (Seq #4399, o#4399 ) recieveObject
231209 110012.937|INFO|Thread-64996|dumpPacket|  From: SERVER0 @ site 1, oSERVER0 @ site 1 (DESKTOP-D75BQTV @ 212.212.212.212) (Contest Id: RealDeal--1957769244132597914)
231209 110012.937|INFO|Thread-64996|dumpPacket|    To: SERVER0 @ site 0
231209 110012.937|INFO|Thread-64996|dumpPacket|   key: CLARIFICATION is: edu.csus.ecs.pc2.core.model.Clarification Clarification 4 ANSWERED from TEAM82 @ site 1 at 14 id=Clarification-5863903242636736970
231209 110012.937|INFO|Thread-64996|dumpPacket|   key: CLARIFICATION_ANSWER is: java.lang.String Read the problem description.
231209 110012.937|INFO|Thread-64996|dumpPacket|   key: CLIENT_ID is: edu.csus.ecs.pc2.core.model.ClientId JUDGE10 @ site 1
231209 110012.937|INFO|Thread-64996|info|handlePacket start Packet[CLARIFICATION_ANSWER_UPDATE] #4399 SERVER0 @ site 1 -> SERVER0 @ site 0
231209 110012.937|INFO|Thread-64996|dumpPacket|Packet CLARIFICATION_ANSWER_UPDATE (Seq #4399, o#4399 ) handlePacket
231209 110012.937|INFO|Thread-64996|dumpPacket|  From: SERVER0 @ site 1, oSERVER0 @ site 1 (DESKTOP-D75BQTV @ 212.212.212.212) (Contest Id: RealDeal--1957769244132597914)
231209 110012.937|INFO|Thread-64996|dumpPacket|    To: SERVER0 @ site 0
231209 110012.937|INFO|Thread-64996|dumpPacket|   key: CLARIFICATION is: edu.csus.ecs.pc2.core.model.Clarification Clarification 4 ANSWERED from TEAM82 @ site 1 at 14 id=Clarification-5863903242636736970
231209 110012.937|INFO|Thread-64996|dumpPacket|   key: CLARIFICATION_ANSWER is: java.lang.String Read the problem description.
231209 110012.937|INFO|Thread-64996|dumpPacket|   key: CLIENT_ID is: edu.csus.ecs.pc2.core.model.ClientId JUDGE10 @ site 1
231209 110012.937|INFO|Thread-64996|info| receiveObject(S) end   got Packet[CLARIFICATION_ANSWER_UPDATE] #4399 SERVER0 @ site 1 -> SERVER0 @ site 0
231209 110139.175|INFO|Thread-65103|info| receiveObject(S) start got Packet[CLARIFICATION_ANSWER_UPDATE] #4469 SERVER0 @ site 1 -> SERVER0 @ site 0
231209 110139.175|INFO|Thread-65103|dumpPacket|Packet CLARIFICATION_ANSWER_UPDATE (Seq #4469, o#4469 ) recieveObject
231209 110139.175|INFO|Thread-65103|dumpPacket|  From: SERVER0 @ site 1, oSERVER0 @ site 1 (DESKTOP-D75BQTV @ 212.212.212.212) (Contest Id: RealDeal--1957769244132597914)
231209 110139.175|INFO|Thread-65103|dumpPacket|    To: SERVER0 @ site 0
231209 110139.175|INFO|Thread-65103|dumpPacket|   key: CLARIFICATION is: edu.csus.ecs.pc2.core.model.Clarification Clarification 5 ANSWERED from TEAM50 @ site 1 at 16 id=Clarification-1647212286997947126
231209 110139.175|INFO|Thread-65103|dumpPacket|   key: CLARIFICATION_ANSWER is: java.lang.String yes
231209 110139.175|INFO|Thread-65103|dumpPacket|   key: CLIENT_ID is: edu.csus.ecs.pc2.core.model.ClientId JUDGE10 @ site 1
231209 110139.175|INFO|Thread-65103|info|handlePacket start Packet[CLARIFICATION_ANSWER_UPDATE] #4469 SERVER0 @ site 1 -> SERVER0 @ site 0
231209 110139.175|INFO|Thread-65103|dumpPacket|Packet CLARIFICATION_ANSWER_UPDATE (Seq #4469, o#4469 ) handlePacket
231209 110139.175|INFO|Thread-65103|dumpPacket|  From: SERVER0 @ site 1, oSERVER0 @ site 1 (DESKTOP-D75BQTV @ 212.212.212.212) (Contest Id: RealDeal--1957769244132597914)
231209 110139.176|INFO|Thread-65103|dumpPacket|    To: SERVER0 @ site 0
231209 110139.176|INFO|Thread-65103|dumpPacket|   key: CLARIFICATION is: edu.csus.ecs.pc2.core.model.Clarification Clarification 5 ANSWERED from TEAM50 @ site 1 at 16 id=Clarification-1647212286997947126
231209 110139.176|INFO|Thread-65103|dumpPacket|   key: CLARIFICATION_ANSWER is: java.lang.String yes
231209 110139.176|INFO|Thread-65103|dumpPacket|   key: CLIENT_ID is: edu.csus.ecs.pc2.core.model.ClientId JUDGE10 @ site 1
231209 110139.176|INFO|Thread-65103|info| receiveObject(S) end   got Packet[CLARIFICATION_ANSWER_UPDATE] #4469 SERVER0 @ site 1 -> SERVER0 @ site 0
231209 110446.768|INFO|Thread-65277|info| receiveObject(S) start got Packet[CLARIFICATION_ANSWER_UPDATE] #4608 SERVER0 @ site 1 -> SERVER0 @ site 0
231209 110446.768|INFO|Thread-65277|dumpPacket|Packet CLARIFICATION_ANSWER_UPDATE (Seq #4608, o#4608 ) recieveObject
231209 110446.768|INFO|Thread-65277|dumpPacket|  From: SERVER0 @ site 1, oSERVER0 @ site 1 (DESKTOP-D75BQTV @ 212.212.212.212) (Contest Id: RealDeal--1957769244132597914)
231209 110446.768|INFO|Thread-65277|dumpPacket|    To: SERVER0 @ site 0
231209 110446.768|INFO|Thread-65277|dumpPacket|   key: CLARIFICATION is: edu.csus.ecs.pc2.core.model.Clarification Clarification 6 ANSWERED from TEAM117 @ site 1 at 20 id=Clarification-7620427522712153602
231209 110446.768|INFO|Thread-65277|dumpPacket|   key: CLARIFICATION_ANSWER is: java.lang.String There may be.
231209 110446.768|INFO|Thread-65277|dumpPacket|   key: CLIENT_ID is: edu.csus.ecs.pc2.core.model.ClientId ADMINISTRATOR1 @ site 1
231209 110446.768|INFO|Thread-65277|info|handlePacket start Packet[CLARIFICATION_ANSWER_UPDATE] #4608 SERVER0 @ site 1 -> SERVER0 @ site 0
231209 110446.768|INFO|Thread-65277|dumpPacket|Packet CLARIFICATION_ANSWER_UPDATE (Seq #4608, o#4608 ) handlePacket
231209 110446.768|INFO|Thread-65277|dumpPacket|  From: SERVER0 @ site 1, oSERVER0 @ site 1 (DESKTOP-D75BQTV @ 212.212.212.212) (Contest Id: RealDeal--1957769244132597914)
231209 110446.768|INFO|Thread-65277|dumpPacket|    To: SERVER0 @ site 0
231209 110446.768|INFO|Thread-65277|dumpPacket|   key: CLARIFICATION is: edu.csus.ecs.pc2.core.model.Clarification Clarification 6 ANSWERED from TEAM117 @ site 1 at 20 id=Clarification-7620427522712153602
231209 110446.768|INFO|Thread-65277|dumpPacket|   key: CLARIFICATION_ANSWER is: java.lang.String There may be.
231209 110446.768|INFO|Thread-65277|dumpPacket|   key: CLIENT_ID is: edu.csus.ecs.pc2.core.model.ClientId ADMINISTRATOR1 @ site 1
231209 110446.772|INFO|Thread-65277|info| receiveObject(S) end   got Packet[CLARIFICATION_ANSWER_UPDATE] #4608 SERVER0 @ site 1 -> SERVER0 @ site 0
231209 110645.385|INFO|Thread-65380|info| receiveObject(S) start got Packet[UPDATE_SETTING] #4698 SERVER0 @ site 1 -> SERVER0 @ site 0
231209 110645.385|INFO|Thread-65380|dumpPacket|Packet UPDATE_SETTING (Seq #4698, o#139 ) recieveObject
231209 110645.385|INFO|Thread-65380|dumpPacket|  From: SERVER0 @ site 1, oADMINISTRATOR1 @ site 1 (DESKTOP-D75BQTV @ 212.212.212.212) (Contest Id: RealDeal--1957769244132597914)
231209 110645.385|INFO|Thread-65380|dumpPacket|    To: SERVER0 @ site 0
231209 110645.385|INFO|Thread-65380|dumpPacket|   key: PROBLEM is: edu.csus.ecs.pc2.core.model.Problem Shuffle
231209 110645.385|INFO|Thread-65380|info|handlePacket start Packet[UPDATE_SETTING] #4698 SERVER0 @ site 1 -> SERVER0 @ site 0
231209 110645.385|INFO|Thread-65380|dumpPacket|Packet UPDATE_SETTING (Seq #4698, o#139 ) handlePacket
231209 110645.385|INFO|Thread-65380|dumpPacket|  From: SERVER0 @ site 1, oADMINISTRATOR1 @ site 1 (DESKTOP-D75BQTV @ 212.212.212.212) (Contest Id: RealDeal--1957769244132597914)
231209 110645.385|INFO|Thread-65380|dumpPacket|    To: SERVER0 @ site 0
231209 110645.385|INFO|Thread-65380|dumpPacket|   key: PROBLEM is: edu.csus.ecs.pc2.core.model.Problem Shuffle
231209 110645.385|INFO|Thread-65380|info|handlePacket end Packet[UPDATE_SETTING] #4698 SERVER0 @ site 1 -> SERVER0 @ site 0
231209 110645.385|INFO|Thread-65380|info| receiveObject(S) end   got Packet[UPDATE_SETTING] #4698 SERVER0 @ site 1 -> SERVER0 @ site 0
231209 111315.697|INFO|Thread-65628|info| receiveObject(S) start got Packet[CLARIFICATION_ANSWER_UPDATE] #4919 SERVER0 @ site 1 -> SERVER0 @ site 0
231209 111315.697|INFO|Thread-65628|dumpPacket|Packet CLARIFICATION_ANSWER_UPDATE (Seq #4919, o#4919 ) recieveObject
231209 111315.697|INFO|Thread-65628|dumpPacket|  From: SERVER0 @ site 1, oSERVER0 @ site 1 (DESKTOP-D75BQTV @ 212.212.212.212) (Contest Id: RealDeal--1957769244132597914)
231209 111315.697|INFO|Thread-65628|dumpPacket|    To: SERVER0 @ site 0
231209 111315.697|INFO|Thread-65628|dumpPacket|   key: CLARIFICATION is: edu.csus.ecs.pc2.core.model.Clarification Clarification 9 ANSWERED from TEAM75 @ site 1 at 27 id=Clarification-2320838978162202316
231209 111315.697|INFO|Thread-65628|dumpPacket|   key: CLARIFICATION_ANSWER is: java.lang.String No response, read problem statement
231209 111315.697|INFO|Thread-65628|dumpPacket|   key: CLIENT_ID is: edu.csus.ecs.pc2.core.model.ClientId ADMINISTRATOR1 @ site 1
231209 111315.697|INFO|Thread-65628|info|handlePacket start Packet[CLARIFICATION_ANSWER_UPDATE] #4919 SERVER0 @ site 1 -> SERVER0 @ site 0
231209 111315.697|INFO|Thread-65628|dumpPacket|Packet CLARIFICATION_ANSWER_UPDATE (Seq #4919, o#4919 ) handlePacket
231209 111315.697|INFO|Thread-65628|dumpPacket|  From: SERVER0 @ site 1, oSERVER0 @ site 1 (DESKTOP-D75BQTV @ 212.212.212.212) (Contest Id: RealDeal--1957769244132597914)
231209 111315.697|INFO|Thread-65628|dumpPacket|    To: SERVER0 @ site 0
231209 111315.697|INFO|Thread-65628|dumpPacket|   key: CLARIFICATION is: edu.csus.ecs.pc2.core.model.Clarification Clarification 9 ANSWERED from TEAM75 @ site 1 at 27 id=Clarification-2320838978162202316
231209 111315.697|INFO|Thread-65628|dumpPacket|   key: CLARIFICATION_ANSWER is: java.lang.String No response, read problem statement
231209 111315.697|INFO|Thread-65628|dumpPacket|   key: CLIENT_ID is: edu.csus.ecs.pc2.core.model.ClientId ADMINISTRATOR1 @ site 1
231209 111315.700|INFO|Thread-65628|info| receiveObject(S) end   got Packet[CLARIFICATION_ANSWER_UPDATE] #4919 SERVER0 @ site 1 -> SERVER0 @ site 0
231209 111459.783|INFO|Thread-65765|info| receiveObject(S) start got Packet[CLARIFICATION_ANSWER_UPDATE] #4991 SERVER0 @ site 1 -> SERVER0 @ site 0
231209 111459.783|INFO|Thread-65765|dumpPacket|Packet CLARIFICATION_ANSWER_UPDATE (Seq #4991, o#4991 ) recieveObject
231209 111459.783|INFO|Thread-65765|dumpPacket|  From: SERVER0 @ site 1, oSERVER0 @ site 1 (DESKTOP-D75BQTV @ 212.212.212.212) (Contest Id: RealDeal--1957769244132597914)
231209 111459.783|INFO|Thread-65765|dumpPacket|    To: SERVER0 @ site 0
231209 111459.783|INFO|Thread-65765|dumpPacket|   key: CLARIFICATION is: edu.csus.ecs.pc2.core.model.Clarification Clarification 10 ANSWERED from TEAM81 @ site 1 at 28 id=Clarification--5973036823618156599
231209 111459.783|INFO|Thread-65765|dumpPacket|   key: CLARIFICATION_ANSWER is: java.lang.String It is 3/4 a cup of butter
231209 111459.783|INFO|Thread-65765|dumpPacket|   key: CLIENT_ID is: edu.csus.ecs.pc2.core.model.ClientId JUDGE10 @ site 1
231209 111459.783|INFO|Thread-65765|info|handlePacket start Packet[CLARIFICATION_ANSWER_UPDATE] #4991 SERVER0 @ site 1 -> SERVER0 @ site 0
231209 111459.783|INFO|Thread-65765|dumpPacket|Packet CLARIFICATION_ANSWER_UPDATE (Seq #4991, o#4991 ) handlePacket
231209 111459.783|INFO|Thread-65765|dumpPacket|  From: SERVER0 @ site 1, oSERVER0 @ site 1 (DESKTOP-D75BQTV @ 212.212.212.212) (Contest Id: RealDeal--1957769244132597914)
231209 111459.783|INFO|Thread-65765|dumpPacket|    To: SERVER0 @ site 0
231209 111459.783|INFO|Thread-65765|dumpPacket|   key: CLARIFICATION is: edu.csus.ecs.pc2.core.model.Clarification Clarification 10 ANSWERED from TEAM81 @ site 1 at 28 id=Clarification--5973036823618156599
231209 111459.783|INFO|Thread-65765|dumpPacket|   key: CLARIFICATION_ANSWER is: java.lang.String It is 3/4 a cup of butter
231209 111459.783|INFO|Thread-65765|dumpPacket|   key: CLIENT_ID is: edu.csus.ecs.pc2.core.model.ClientId JUDGE10 @ site 1
231209 111459.798|INFO|Thread-65765|info| receiveObject(S) end   got Packet[CLARIFICATION_ANSWER_UPDATE] #4991 SERVER0 @ site 1 -> SERVER0 @ site 0
231209 115431.549|INFO|Thread-66721|info| receiveObject(S) start got Packet[CLARIFICATION_ANSWER_UPDATE] #6720 SERVER0 @ site 1 -> SERVER0 @ site 0
231209 115431.549|INFO|Thread-66721|dumpPacket|Packet CLARIFICATION_ANSWER_UPDATE (Seq #6720, o#6720 ) recieveObject
231209 115431.549|INFO|Thread-66721|dumpPacket|  From: SERVER0 @ site 1, oSERVER0 @ site 1 (DESKTOP-D75BQTV @ 212.212.212.212) (Contest Id: RealDeal--1957769244132597914)
231209 115431.549|INFO|Thread-66721|dumpPacket|    To: SERVER0 @ site 0
231209 115431.549|INFO|Thread-66721|dumpPacket|   key: CLARIFICATION is: edu.csus.ecs.pc2.core.model.Clarification Clarification 20 ANSWERED from TEAM100 @ site 1 at 69 id=Clarification--4622882980912914428
231209 115431.549|INFO|Thread-66721|dumpPacket|   key: CLARIFICATION_ANSWER is: java.lang.String This is not usaco guys, brute force to your hearts content.
231209 115431.549|INFO|Thread-66721|dumpPacket|   key: CLIENT_ID is: edu.csus.ecs.pc2.core.model.ClientId ADMINISTRATOR1 @ site 1
231209 115431.549|INFO|Thread-66721|info|handlePacket start Packet[CLARIFICATION_ANSWER_UPDATE] #6720 SERVER0 @ site 1 -> SERVER0 @ site 0
231209 115431.549|INFO|Thread-66721|dumpPacket|Packet CLARIFICATION_ANSWER_UPDATE (Seq #6720, o#6720 ) handlePacket
231209 115431.549|INFO|Thread-66721|dumpPacket|  From: SERVER0 @ site 1, oSERVER0 @ site 1 (DESKTOP-D75BQTV @ 212.212.212.212) (Contest Id: RealDeal--1957769244132597914)
231209 115431.549|INFO|Thread-66721|dumpPacket|    To: SERVER0 @ site 0
231209 115431.549|INFO|Thread-66721|dumpPacket|   key: CLARIFICATION is: edu.csus.ecs.pc2.core.model.Clarification Clarification 20 ANSWERED from TEAM100 @ site 1 at 69 id=Clarification--4622882980912914428
231209 115431.549|INFO|Thread-66721|dumpPacket|   key: CLARIFICATION_ANSWER is: java.lang.String This is not usaco guys, brute force to your hearts content.
231209 115431.549|INFO|Thread-66721|dumpPacket|   key: CLIENT_ID is: edu.csus.ecs.pc2.core.model.ClientId ADMINISTRATOR1 @ site 1
231209 115431.549|INFO|Thread-66721|info| receiveObject(S) end   got Packet[CLARIFICATION_ANSWER_UPDATE] #6720 SERVER0 @ site 1 -> SERVER0 @ site 0
231209 124325.367|INFO|qtp135640095-66621|sendToLocalServer|Sending packet to server Packet[RUN_SUBMISSION] #1622 TEAM108 @ site 1 -> SERVER0 @ site 1
231209 124325.367|INFO|qtp135640095-66621|sendToLocalServer|Sent    packet to server Packet[RUN_SUBMISSION] #1622 TEAM108 @ site 1 -> SERVER0 @ site 1
231209 124325.715|INFO|Thread-68096|info| receiveObject(S) start got Packet[RUN_SUBMISSION_CONFIRM] #9420 SERVER0 @ site 1 -> TEAM108 @ site 1
231209 124325.715|INFO|Thread-68096|dumpPacket|Packet RUN_SUBMISSION_CONFIRM (Seq #9420, o#9420 ) recieveObject
231209 124325.716|INFO|Thread-68096|dumpPacket|  From: SERVER0 @ site 1, oSERVER0 @ site 1 (DESKTOP-D75BQTV @ 212.212.212.212) (Contest Id: RealDeal--1957769244132597914)
231209 124325.716|INFO|Thread-68096|dumpPacket|    To: TEAM108 @ site 1
231209 124325.716|INFO|Thread-68096|dumpPacket|   key: RUN is: edu.csus.ecs.pc2.core.model.Run Run 810 NEW 119 min 7184645ms from TEAM108 @ site 1 id Run-8410851749705261184 problem Cookies--3371486220318345026 lang Java--8800253324652192008
231209 124325.716|INFO|Thread-68096|info|handlePacket start Packet[RUN_SUBMISSION_CONFIRM] #9420 SERVER0 @ site 1 -> TEAM108 @ site 1
231209 124325.716|INFO|Thread-68096|dumpPacket|Packet RUN_SUBMISSION_CONFIRM (Seq #9420, o#9420 ) handlePacket
231209 124325.716|INFO|Thread-68096|dumpPacket|  From: SERVER0 @ site 1, oSERVER0 @ site 1 (DESKTOP-D75BQTV @ 212.212.212.212) (Contest Id: RealDeal--1957769244132597914)
231209 124325.716|INFO|Thread-68096|dumpPacket|    To: TEAM108 @ site 1
231209 124325.716|INFO|Thread-68096|dumpPacket|   key: RUN is: edu.csus.ecs.pc2.core.model.Run Run 810 NEW 119 min 7184645ms from TEAM108 @ site 1 id Run-8410851749705261184 problem Cookies--3371486220318345026 lang Java--8800253324652192008
231209 124325.716|INFO|Thread-68096|info| receiveObject(S) end   got Packet[RUN_SUBMISSION_CONFIRM] #9420 SERVER0 @ site 1 -> TEAM108 @ site 1
231209 124346.915|INFO|Thread-68106|info| receiveObject(S) start got Packet[RUN_JUDGEMENT] #9443 SERVER0 @ site 1 -> TEAM108 @ site 1
231209 124346.915|INFO|Thread-68106|dumpPacket|Packet RUN_JUDGEMENT (Seq #9443, o#9443 ) recieveObject
231209 124346.915|INFO|Thread-68106|dumpPacket|  From: SERVER0 @ site 1, oSERVER0 @ site 1 (DESKTOP-D75BQTV @ 212.212.212.212) (Contest Id: RealDeal--1957769244132597914)
231209 124346.915|INFO|Thread-68106|dumpPacket|    To: TEAM108 @ site 1
231209 124346.915|INFO|Thread-68106|dumpPacket|   key: JUDGEMENT_RECORD is: edu.csus.ecs.pc2.core.model.JudgementRecord No by JUDGE2 @ site 1 judgement No_-_Wrong_Answer-7097647880754622437 id JudgementRecord--1219351618552305529
231209 124346.915|INFO|Thread-68106|dumpPacket|   key: RUN is: edu.csus.ecs.pc2.core.model.Run Run 810 JUDGED 119 min 7184645ms from TEAM108 @ site 1 id Run-8410851749705261184 problem Cookies--3371486220318345026 lang Java--8800253324652192008
231209 124346.915|INFO|Thread-68106|dumpPacket|   key: CLIENT_ID is: edu.csus.ecs.pc2.core.model.ClientId SERVER0 @ site 1
231209 124346.915|INFO|Thread-68106|info|handlePacket start Packet[RUN_JUDGEMENT] #9443 SERVER0 @ site 1 -> TEAM108 @ site 1
231209 124346.915|INFO|Thread-68106|dumpPacket|Packet RUN_JUDGEMENT (Seq #9443, o#9443 ) handlePacket
231209 124346.915|INFO|Thread-68106|dumpPacket|  From: SERVER0 @ site 1, oSERVER0 @ site 1 (DESKTOP-D75BQTV @ 212.212.212.212) (Contest Id: RealDeal--1957769244132597914)
231209 124346.915|INFO|Thread-68106|dumpPacket|    To: TEAM108 @ site 1
231209 124346.915|INFO|Thread-68106|dumpPacket|   key: JUDGEMENT_RECORD is: edu.csus.ecs.pc2.core.model.JudgementRecord No by JUDGE2 @ site 1 judgement No_-_Wrong_Answer-7097647880754622437 id JudgementRecord--1219351618552305529
231209 124346.915|INFO|Thread-68106|dumpPacket|   key: RUN is: edu.csus.ecs.pc2.core.model.Run Run 810 JUDGED 119 min 7184645ms from TEAM108 @ site 1 id Run-8410851749705261184 problem Cookies--3371486220318345026 lang Java--8800253324652192008
231209 124346.915|INFO|Thread-68106|dumpPacket|   key: CLIENT_ID is: edu.csus.ecs.pc2.core.model.ClientId SERVER0 @ site 1
231209 124346.915|INFO|Thread-68106|info| receiveObject(S) end   got Packet[RUN_JUDGEMENT] #9443 SERVER0 @ site 1 -> TEAM108 @ site 1
