221210 073815.970|CONFIG|qtp996796369-775|setFileHandlers|Now logging to C:\Users\18328\Desktop\pc2\WebTeamInterface-1.1\logs directory.
221210 073815.970|INFO|qtp996796369-775|info|
221210 073815.970|INFO|qtp996796369-775|info|Version 9 () Java ver 18.0.2.1 build  Windows 11 10.0 (amd64) 
221210 073815.970|INFO|qtp996796369-775|info|Login: team48 (aka team48)
221210 073815.970|INFO|qtp996796369-775|startLog|Working directory is C:\Users\18328\Desktop\pc2\WebTeamInterface-1.1
221210 073815.970|INFO|qtp996796369-775|startLog|Process id is 20708@DESKTOP-D75BQTV
221210 073815.970|INFO|qtp996796369-775|info|Contacting server at 212.212.212.212:50002 as TEAM48 @ site 0
221210 073815.970|INFO|Thread-863|getPublicKeyPacket|packet:= edu.csus.ecs.pc2.core.transport.TransportWrapper@2fcaef6b
221210 073815.970|INFO|qtp996796369-775|info|sendLoginRequest start - sending from TEAM48 @ site 0
221210 073815.970|INFO|qtp996796369-775|sendToLocalServer|Sending packet to server Packet[LOGIN_REQUEST] #51 TEAM48 @ site 0 -> SERVER0 @ site 0
221210 073815.970|INFO|qtp996796369-775|sendToLocalServer|Sent    packet to server Packet[LOGIN_REQUEST] #51 TEAM48 @ site 0 -> SERVER0 @ site 0
221210 073815.974|INFO|qtp996796369-775|info|sendLoginRequest end - packet sent.
221210 073815.974|INFO|Thread-864|run|send(Serializable)
221210 073815.989|INFO|Thread-863|receive|public void receive(SealedObject TransportPacket, ConnectionHandlerID connectionHandlerID)
221210 073815.997|INFO|Thread-865|info| receiveObject(S) start got Packet[LOGIN_SUCCESS] #364 SERVER0 @ site 1 -> TEAM48 @ site 1
221210 073815.997|INFO|Thread-865|dumpPacket|Packet LOGIN_SUCCESS (Seq #364, o#364 ) recieveObject
221210 073815.997|INFO|Thread-865|dumpPacket|  From: SERVER0 @ site 1, oSERVER0 @ site 1 (DESKTOP-D75BQTV @ 212.212.212.212) (Contest Id: Test-2009995449253116953)
221210 073815.997|INFO|Thread-865|dumpPacket|    To: TEAM48 @ site 1
221210 073815.997|INFO|Thread-865|dumpPacket|   key: PROFILE_LIST is: [Ledu.csus.ecs.pc2.core.model.Profile; [Ledu.csus.ecs.pc2.core.model.Profile;@676086d9
221210 073815.997|INFO|Thread-865|dumpPacket|   key: GENERAL_PROBLEM is: edu.csus.ecs.pc2.core.model.Problem General
221210 073815.997|INFO|Thread-865|dumpPacket|   key: CLIENT_SETTINGS_LIST is: [Ledu.csus.ecs.pc2.core.model.ClientSettings; [Ledu.csus.ecs.pc2.core.model.ClientSettings;@69a76445
221210 073815.997|INFO|Thread-865|dumpPacket|   key: CONTEST_TIME is: edu.csus.ecs.pc2.core.model.ContestTime edu.csus.ecs.pc2.core.model.ContestTime@6d98eda9
221210 073815.997|INFO|Thread-865|dumpPacket|   key: CLARIFICATION_LIST is: [Ledu.csus.ecs.pc2.core.model.Clarification; [Ledu.csus.ecs.pc2.core.model.Clarification;@289a6e7e
221210 073815.997|INFO|Thread-865|dumpPacket|   key: CATEGORY_LIST is: [Ledu.csus.ecs.pc2.core.model.Category; [Ledu.csus.ecs.pc2.core.model.Category;@4b2f73fa
221210 073815.997|INFO|Thread-865|dumpPacket|   key: LANGUAGE_LIST is: [Ledu.csus.ecs.pc2.core.model.Language; [Ledu.csus.ecs.pc2.core.model.Language;@19f8a396
221210 073815.997|INFO|Thread-865|dumpPacket|   key: REMOTE_LOGGED_IN_USERS is: [Ledu.csus.ecs.pc2.core.model.ClientId; [Ledu.csus.ecs.pc2.core.model.ClientId;@33a7e0a5
221210 073815.997|INFO|Thread-865|dumpPacket|   key: CONTEST_TIME_LIST is: [Ledu.csus.ecs.pc2.core.model.ContestTime; [Ledu.csus.ecs.pc2.core.model.ContestTime;@48b59131
221210 073815.997|INFO|Thread-865|dumpPacket|   key: CONNECTION_HANDLE_ID_LIST is: [Ledu.csus.ecs.pc2.core.transport.ConnectionHandlerID; [Ledu.csus.ecs.pc2.core.transport.ConnectionHandlerID;@78b59b7e
221210 073815.997|INFO|Thread-865|dumpPacket|   key: PROFILE is: edu.csus.ecs.pc2.core.model.Profile Test-2009995449253116953
221210 073815.997|INFO|Thread-865|dumpPacket|   key: CLIENT_ID is: edu.csus.ecs.pc2.core.model.ClientId TEAM48 @ site 1
221210 073815.997|INFO|Thread-865|dumpPacket|   key: SITE_NUMBER is: java.lang.Integer 1
221210 073815.997|INFO|Thread-865|dumpPacket|   key: CONTEST_INFORMATION is: edu.csus.ecs.pc2.core.model.ContestInformation edu.csus.ecs.pc2.core.model.ContestInformation@240d63ed
221210 073816.001|INFO|Thread-865|dumpPacket|   key: SITE_LIST is: [Ledu.csus.ecs.pc2.core.model.Site; [Ledu.csus.ecs.pc2.core.model.Site;@28a30d01
221210 073816.001|INFO|Thread-865|dumpPacket|   key: PROBLEM_DATA_FILES is: [Ledu.csus.ecs.pc2.core.model.ProblemDataFiles; [Ledu.csus.ecs.pc2.core.model.ProblemDataFiles;@4cfb2d3d
221210 073816.001|INFO|Thread-865|dumpPacket|   key: JUDGEMENT_LIST is: [Ledu.csus.ecs.pc2.core.model.Judgement; [Ledu.csus.ecs.pc2.core.model.Judgement;@184121b7
221210 073816.001|INFO|Thread-865|dumpPacket|   key: PROBLEM_LIST is: [Ledu.csus.ecs.pc2.core.model.Problem; [Ledu.csus.ecs.pc2.core.model.Problem;@571c2b59
221210 073816.001|INFO|Thread-865|dumpPacket|   key: GROUP_LIST is: [Ledu.csus.ecs.pc2.core.model.Group; [Ledu.csus.ecs.pc2.core.model.Group;@67e7ffbe
221210 073816.001|INFO|Thread-865|dumpPacket|   key: LOCAL_LOGGED_IN_USERS is: [Ledu.csus.ecs.pc2.core.model.ClientId; [Ledu.csus.ecs.pc2.core.model.ClientId;@72e0b4ba
221210 073816.001|INFO|Thread-865|dumpPacket|   key: SERVER_CLOCK_OFFSET is: java.util.GregorianCalendar java.util.GregorianCalendar[time=1670679495982,areFieldsSet=true,areAllFieldsSet=false,lenient=true,zone=sun.util.calendar.ZoneInfo[id="GMT",offset=0,dstSavings=0,useDaylight=false,transitions=0,lastRule=null],firstDayOfWeek=1,minimalDaysInFirstWeek=1,ERA=1,YEAR=2022,MONTH=11,WEEK_OF_YEAR=50,WEEK_OF_MONTH=2,DAY_OF_MONTH=10,DAY_OF_YEAR=344,DAY_OF_WEEK=7,DAY_OF_WEEK_IN_MONTH=2,AM_PM=1,HOUR=1,HOUR_OF_DAY=13,MINUTE=38,SECOND=15,MILLISECOND=982,ZONE_OFFSET=0,DST_OFFSET=0]
221210 073816.001|INFO|Thread-865|dumpPacket|   key: CONTEST_IDENTIFIER is: java.lang.String Test-2009995449253116953
221210 073816.001|INFO|Thread-865|dumpPacket|   key: BALLOON_SETTINGS_LIST is: [Ledu.csus.ecs.pc2.core.model.BalloonSettings; [Ledu.csus.ecs.pc2.core.model.BalloonSettings;@633d6fc8
221210 073816.001|INFO|Thread-865|dumpPacket|   key: RUN_LIST is: [Ledu.csus.ecs.pc2.core.model.Run; [Ledu.csus.ecs.pc2.core.model.Run;@554dd615
221210 073816.001|INFO|Thread-865|dumpPacket|   key: ACCOUNT_ARRAY is: [Ledu.csus.ecs.pc2.core.model.Account; [Ledu.csus.ecs.pc2.core.model.Account;@d8fd90d
221210 073816.001|INFO|Thread-865|info|handlePacket start Packet[LOGIN_SUCCESS] #364 SERVER0 @ site 1 -> TEAM48 @ site 1
221210 073816.001|INFO|Thread-865|dumpPacket|Packet LOGIN_SUCCESS (Seq #364, o#364 ) handlePacket
221210 073816.001|INFO|Thread-865|dumpPacket|  From: SERVER0 @ site 1, oSERVER0 @ site 1 (DESKTOP-D75BQTV @ 212.212.212.212) (Contest Id: Test-2009995449253116953)
221210 073816.001|INFO|Thread-865|dumpPacket|    To: TEAM48 @ site 1
221210 073816.001|INFO|Thread-865|dumpPacket|   key: PROFILE_LIST is: [Ledu.csus.ecs.pc2.core.model.Profile; [Ledu.csus.ecs.pc2.core.model.Profile;@676086d9
221210 073816.001|INFO|Thread-865|dumpPacket|   key: GENERAL_PROBLEM is: edu.csus.ecs.pc2.core.model.Problem General
221210 073816.001|INFO|Thread-865|dumpPacket|   key: CLIENT_SETTINGS_LIST is: [Ledu.csus.ecs.pc2.core.model.ClientSettings; [Ledu.csus.ecs.pc2.core.model.ClientSettings;@69a76445
221210 073816.001|INFO|Thread-865|dumpPacket|   key: CONTEST_TIME is: edu.csus.ecs.pc2.core.model.ContestTime edu.csus.ecs.pc2.core.model.ContestTime@6d98eda9
221210 073816.001|INFO|Thread-865|dumpPacket|   key: CLARIFICATION_LIST is: [Ledu.csus.ecs.pc2.core.model.Clarification; [Ledu.csus.ecs.pc2.core.model.Clarification;@289a6e7e
221210 073816.001|INFO|Thread-865|dumpPacket|   key: CATEGORY_LIST is: [Ledu.csus.ecs.pc2.core.model.Category; [Ledu.csus.ecs.pc2.core.model.Category;@4b2f73fa
221210 073816.001|INFO|Thread-865|dumpPacket|   key: LANGUAGE_LIST is: [Ledu.csus.ecs.pc2.core.model.Language; [Ledu.csus.ecs.pc2.core.model.Language;@19f8a396
221210 073816.001|INFO|Thread-865|dumpPacket|   key: REMOTE_LOGGED_IN_USERS is: [Ledu.csus.ecs.pc2.core.model.ClientId; [Ledu.csus.ecs.pc2.core.model.ClientId;@33a7e0a5
221210 073816.001|INFO|Thread-865|dumpPacket|   key: CONTEST_TIME_LIST is: [Ledu.csus.ecs.pc2.core.model.ContestTime; [Ledu.csus.ecs.pc2.core.model.ContestTime;@48b59131
221210 073816.001|INFO|Thread-865|dumpPacket|   key: CONNECTION_HANDLE_ID_LIST is: [Ledu.csus.ecs.pc2.core.transport.ConnectionHandlerID; [Ledu.csus.ecs.pc2.core.transport.ConnectionHandlerID;@78b59b7e
221210 073816.001|INFO|Thread-865|dumpPacket|   key: PROFILE is: edu.csus.ecs.pc2.core.model.Profile Test-2009995449253116953
221210 073816.001|INFO|Thread-865|dumpPacket|   key: CLIENT_ID is: edu.csus.ecs.pc2.core.model.ClientId TEAM48 @ site 1
221210 073816.001|INFO|Thread-865|dumpPacket|   key: SITE_NUMBER is: java.lang.Integer 1
221210 073816.001|INFO|Thread-865|dumpPacket|   key: CONTEST_INFORMATION is: edu.csus.ecs.pc2.core.model.ContestInformation edu.csus.ecs.pc2.core.model.ContestInformation@240d63ed
221210 073816.001|INFO|Thread-865|dumpPacket|   key: SITE_LIST is: [Ledu.csus.ecs.pc2.core.model.Site; [Ledu.csus.ecs.pc2.core.model.Site;@28a30d01
221210 073816.001|INFO|Thread-865|dumpPacket|   key: PROBLEM_DATA_FILES is: [Ledu.csus.ecs.pc2.core.model.ProblemDataFiles; [Ledu.csus.ecs.pc2.core.model.ProblemDataFiles;@4cfb2d3d
221210 073816.001|INFO|Thread-865|dumpPacket|   key: JUDGEMENT_LIST is: [Ledu.csus.ecs.pc2.core.model.Judgement; [Ledu.csus.ecs.pc2.core.model.Judgement;@184121b7
221210 073816.001|INFO|Thread-865|dumpPacket|   key: PROBLEM_LIST is: [Ledu.csus.ecs.pc2.core.model.Problem; [Ledu.csus.ecs.pc2.core.model.Problem;@571c2b59
221210 073816.001|INFO|Thread-865|dumpPacket|   key: GROUP_LIST is: [Ledu.csus.ecs.pc2.core.model.Group; [Ledu.csus.ecs.pc2.core.model.Group;@67e7ffbe
221210 073816.001|INFO|Thread-865|dumpPacket|   key: LOCAL_LOGGED_IN_USERS is: [Ledu.csus.ecs.pc2.core.model.ClientId; [Ledu.csus.ecs.pc2.core.model.ClientId;@72e0b4ba
221210 073816.001|INFO|Thread-865|dumpPacket|   key: SERVER_CLOCK_OFFSET is: java.util.GregorianCalendar java.util.GregorianCalendar[time=1670679495982,areFieldsSet=true,areAllFieldsSet=false,lenient=true,zone=sun.util.calendar.ZoneInfo[id="GMT",offset=0,dstSavings=0,useDaylight=false,transitions=0,lastRule=null],firstDayOfWeek=1,minimalDaysInFirstWeek=1,ERA=1,YEAR=2022,MONTH=11,WEEK_OF_YEAR=50,WEEK_OF_MONTH=2,DAY_OF_MONTH=10,DAY_OF_YEAR=344,DAY_OF_WEEK=7,DAY_OF_WEEK_IN_MONTH=2,AM_PM=1,HOUR=1,HOUR_OF_DAY=13,MINUTE=38,SECOND=15,MILLISECOND=982,ZONE_OFFSET=0,DST_OFFSET=0]
221210 073816.001|INFO|Thread-865|dumpPacket|   key: CONTEST_IDENTIFIER is: java.lang.String Test-2009995449253116953
221210 073816.001|INFO|Thread-865|dumpPacket|   key: BALLOON_SETTINGS_LIST is: [Ledu.csus.ecs.pc2.core.model.BalloonSettings; [Ledu.csus.ecs.pc2.core.model.BalloonSettings;@633d6fc8
221210 073816.001|INFO|Thread-865|dumpPacket|   key: RUN_LIST is: [Ledu.csus.ecs.pc2.core.model.Run; [Ledu.csus.ecs.pc2.core.model.Run;@554dd615
221210 073816.001|INFO|Thread-865|dumpPacket|   key: ACCOUNT_ARRAY is: [Ledu.csus.ecs.pc2.core.model.Account; [Ledu.csus.ecs.pc2.core.model.Account;@d8fd90d
221210 073817.834|INFO|Thread-863|receive|public void receive(SealedObject TransportPacket, ConnectionHandlerID connectionHandlerID)
221210 073947.969|INFO|Thread-863|receive|public void receive(SealedObject TransportPacket, ConnectionHandlerID connectionHandlerID)
221210 074541.604|INFO|Thread-863|receive|public void receive(SealedObject TransportPacket, ConnectionHandlerID connectionHandlerID)
221210 074541.919|INFO|Thread-863|receive|public void receive(SealedObject TransportPacket, ConnectionHandlerID connectionHandlerID)
221210 074542.133|INFO|Thread-863|receive|public void receive(SealedObject TransportPacket, ConnectionHandlerID connectionHandlerID)
221210 074542.348|INFO|Thread-863|receive|public void receive(SealedObject TransportPacket, ConnectionHandlerID connectionHandlerID)
221210 074620.360|INFO|Thread-863|receive|public void receive(SealedObject TransportPacket, ConnectionHandlerID connectionHandlerID)
221210 074620.562|INFO|Thread-863|receive|public void receive(SealedObject TransportPacket, ConnectionHandlerID connectionHandlerID)
221210 074620.776|INFO|Thread-863|receive|public void receive(SealedObject TransportPacket, ConnectionHandlerID connectionHandlerID)
221210 074621.000|INFO|Thread-863|receive|public void receive(SealedObject TransportPacket, ConnectionHandlerID connectionHandlerID)
221210 074654.157|INFO|Thread-863|receive|public void receive(SealedObject TransportPacket, ConnectionHandlerID connectionHandlerID)
221210 074703.873|INFO|Thread-863|receive|public void receive(SealedObject TransportPacket, ConnectionHandlerID connectionHandlerID)
221210 074703.929|INFO|Thread-863|receive|public void receive(SealedObject TransportPacket, ConnectionHandlerID connectionHandlerID)
221210 074703.956|INFO|Thread-863|receive|public void receive(SealedObject TransportPacket, ConnectionHandlerID connectionHandlerID)
221210 074703.981|INFO|Thread-863|receive|public void receive(SealedObject TransportPacket, ConnectionHandlerID connectionHandlerID)
221210 074714.469|INFO|Thread-863|receive|public void receive(SealedObject TransportPacket, ConnectionHandlerID connectionHandlerID)
221210 074724.543|INFO|Thread-863|receive|public void receive(SealedObject TransportPacket, ConnectionHandlerID connectionHandlerID)
221210 074951.113|INFO|Thread-1224|run|send(Serializable)
221210 074951.135|INFO|Thread-863|receive|public void receive(SealedObject TransportPacket, ConnectionHandlerID connectionHandlerID)
221210 075009.204|INFO|Thread-863|connectionDropped|connectionDropped(ConnectionHandlerID myConnectionID) 
221210 100950.478|CONFIG|qtp1613095350-31|setFileHandlers|Now logging to C:\Users\18328\Desktop\pc2\WebTeamInterface-1.1\logs directory.
221210 100950.478|INFO|qtp1613095350-31|info|
221210 100950.479|INFO|qtp1613095350-31|info|Version 9 () Java ver 18.0.2.1 build  Windows 11 10.0 (amd64) 
221210 100950.479|INFO|qtp1613095350-31|info|Login: team48 (aka team48)
221210 100950.479|INFO|qtp1613095350-31|startLog|Working directory is C:\Users\18328\Desktop\pc2\WebTeamInterface-1.1
221210 100950.479|INFO|qtp1613095350-31|startLog|Process id is 22344@DESKTOP-D75BQTV
221210 100950.479|INFO|qtp1613095350-31|info|Contacting server at 212.212.212.212:50002 as TEAM48 @ site 0
221210 100950.479|INFO|qtp1613095350-31|info|sendLoginRequest start - sending from TEAM48 @ site 0
221210 100950.479|INFO|qtp1613095350-31|sendToLocalServer|Sending packet to server Packet[LOGIN_REQUEST] #49 TEAM48 @ site 0 -> SERVER0 @ site 0
221210 100950.479|INFO|qtp1613095350-31|sendToLocalServer|Sent    packet to server Packet[LOGIN_REQUEST] #49 TEAM48 @ site 0 -> SERVER0 @ site 0
221210 100950.480|INFO|qtp1613095350-31|info|sendLoginRequest end - packet sent.
221210 100950.480|INFO|Thread-357|run|send(Serializable)
221210 100950.483|INFO|Thread-356|receive|public void receive(SealedObject TransportPacket, ConnectionHandlerID connectionHandlerID)
221210 100950.486|INFO|Thread-358|info| receiveObject(S) start got Packet[LOGIN_SUCCESS] #2189 SERVER0 @ site 1 -> TEAM48 @ site 1
221210 100950.486|INFO|Thread-358|dumpPacket|Packet LOGIN_SUCCESS (Seq #2189, o#2189 ) recieveObject
221210 100950.486|INFO|Thread-358|dumpPacket|  From: SERVER0 @ site 1, oSERVER0 @ site 1 (DESKTOP-D75BQTV @ 212.212.212.212) (Contest Id: DryRun--5544400451244233091)
221210 100950.486|INFO|Thread-358|dumpPacket|    To: TEAM48 @ site 1
221210 100950.486|INFO|Thread-358|dumpPacket|   key: PROFILE_LIST is: [Ledu.csus.ecs.pc2.core.model.Profile; [Ledu.csus.ecs.pc2.core.model.Profile;@ab378f9
221210 100950.486|INFO|Thread-358|dumpPacket|   key: GENERAL_PROBLEM is: edu.csus.ecs.pc2.core.model.Problem General
221210 100950.486|INFO|Thread-358|dumpPacket|   key: CLIENT_SETTINGS_LIST is: [Ledu.csus.ecs.pc2.core.model.ClientSettings; [Ledu.csus.ecs.pc2.core.model.ClientSettings;@47487df
221210 100950.486|INFO|Thread-358|dumpPacket|   key: CONTEST_TIME is: edu.csus.ecs.pc2.core.model.ContestTime edu.csus.ecs.pc2.core.model.ContestTime@4b1389
221210 100950.486|INFO|Thread-358|dumpPacket|   key: CLARIFICATION_LIST is: [Ledu.csus.ecs.pc2.core.model.Clarification; [Ledu.csus.ecs.pc2.core.model.Clarification;@45498de4
221210 100950.486|INFO|Thread-358|dumpPacket|   key: CATEGORY_LIST is: [Ledu.csus.ecs.pc2.core.model.Category; [Ledu.csus.ecs.pc2.core.model.Category;@54ac5104
221210 100950.486|INFO|Thread-358|dumpPacket|   key: LANGUAGE_LIST is: [Ledu.csus.ecs.pc2.core.model.Language; [Ledu.csus.ecs.pc2.core.model.Language;@74c66e31
221210 100950.486|INFO|Thread-358|dumpPacket|   key: REMOTE_LOGGED_IN_USERS is: [Ledu.csus.ecs.pc2.core.model.ClientId; [Ledu.csus.ecs.pc2.core.model.ClientId;@2cc9ec7b
221210 100950.486|INFO|Thread-358|dumpPacket|   key: CONTEST_TIME_LIST is: [Ledu.csus.ecs.pc2.core.model.ContestTime; [Ledu.csus.ecs.pc2.core.model.ContestTime;@256672ab
221210 100950.486|INFO|Thread-358|dumpPacket|   key: CONNECTION_HANDLE_ID_LIST is: [Ledu.csus.ecs.pc2.core.transport.ConnectionHandlerID; [Ledu.csus.ecs.pc2.core.transport.ConnectionHandlerID;@13742372
221210 100950.486|INFO|Thread-358|dumpPacket|   key: PROFILE is: edu.csus.ecs.pc2.core.model.Profile DryRun--5544400451244233091
221210 100950.486|INFO|Thread-358|dumpPacket|   key: CLIENT_ID is: edu.csus.ecs.pc2.core.model.ClientId TEAM48 @ site 1
221210 100950.486|INFO|Thread-358|dumpPacket|   key: SITE_NUMBER is: java.lang.Integer 1
221210 100950.486|INFO|Thread-358|dumpPacket|   key: CONTEST_INFORMATION is: edu.csus.ecs.pc2.core.model.ContestInformation edu.csus.ecs.pc2.core.model.ContestInformation@548470cb
221210 100950.486|INFO|Thread-358|dumpPacket|   key: SITE_LIST is: [Ledu.csus.ecs.pc2.core.model.Site; [Ledu.csus.ecs.pc2.core.model.Site;@37cde414
221210 100950.486|INFO|Thread-358|dumpPacket|   key: PROBLEM_DATA_FILES is: [Ledu.csus.ecs.pc2.core.model.ProblemDataFiles; [Ledu.csus.ecs.pc2.core.model.ProblemDataFiles;@21282b6c
221210 100950.486|INFO|Thread-358|dumpPacket|   key: JUDGEMENT_LIST is: [Ledu.csus.ecs.pc2.core.model.Judgement; [Ledu.csus.ecs.pc2.core.model.Judgement;@13f5e388
221210 100950.486|INFO|Thread-358|dumpPacket|   key: PROBLEM_LIST is: [Ledu.csus.ecs.pc2.core.model.Problem; [Ledu.csus.ecs.pc2.core.model.Problem;@6480cb15
221210 100950.486|INFO|Thread-358|dumpPacket|   key: GROUP_LIST is: [Ledu.csus.ecs.pc2.core.model.Group; [Ledu.csus.ecs.pc2.core.model.Group;@3cb56ed5
221210 100950.486|INFO|Thread-358|dumpPacket|   key: LOCAL_LOGGED_IN_USERS is: [Ledu.csus.ecs.pc2.core.model.ClientId; [Ledu.csus.ecs.pc2.core.model.ClientId;@5c264164
221210 100950.486|INFO|Thread-358|dumpPacket|   key: SERVER_CLOCK_OFFSET is: java.util.GregorianCalendar java.util.GregorianCalendar[time=1670688590482,areFieldsSet=true,areAllFieldsSet=false,lenient=true,zone=sun.util.calendar.ZoneInfo[id="GMT",offset=0,dstSavings=0,useDaylight=false,transitions=0,lastRule=null],firstDayOfWeek=1,minimalDaysInFirstWeek=1,ERA=1,YEAR=2022,MONTH=11,WEEK_OF_YEAR=50,WEEK_OF_MONTH=2,DAY_OF_MONTH=10,DAY_OF_YEAR=344,DAY_OF_WEEK=7,DAY_OF_WEEK_IN_MONTH=2,AM_PM=1,HOUR=4,HOUR_OF_DAY=16,MINUTE=9,SECOND=50,MILLISECOND=482,ZONE_OFFSET=0,DST_OFFSET=0]
221210 100950.486|INFO|Thread-358|dumpPacket|   key: CONTEST_IDENTIFIER is: java.lang.String DryRun--5544400451244233091
221210 100950.486|INFO|Thread-358|dumpPacket|   key: BALLOON_SETTINGS_LIST is: [Ledu.csus.ecs.pc2.core.model.BalloonSettings; [Ledu.csus.ecs.pc2.core.model.BalloonSettings;@607300cb
221210 100950.486|INFO|Thread-358|dumpPacket|   key: RUN_LIST is: [Ledu.csus.ecs.pc2.core.model.Run; [Ledu.csus.ecs.pc2.core.model.Run;@2c9a7b3
221210 100950.486|INFO|Thread-358|dumpPacket|   key: ACCOUNT_ARRAY is: [Ledu.csus.ecs.pc2.core.model.Account; [Ledu.csus.ecs.pc2.core.model.Account;@151db2f9
221210 100950.486|INFO|Thread-358|info|handlePacket start Packet[LOGIN_SUCCESS] #2189 SERVER0 @ site 1 -> TEAM48 @ site 1
221210 100950.486|INFO|Thread-358|dumpPacket|Packet LOGIN_SUCCESS (Seq #2189, o#2189 ) handlePacket
221210 100950.486|INFO|Thread-358|dumpPacket|  From: SERVER0 @ site 1, oSERVER0 @ site 1 (DESKTOP-D75BQTV @ 212.212.212.212) (Contest Id: DryRun--5544400451244233091)
221210 100950.486|INFO|Thread-358|dumpPacket|    To: TEAM48 @ site 1
221210 100950.486|INFO|Thread-358|dumpPacket|   key: PROFILE_LIST is: [Ledu.csus.ecs.pc2.core.model.Profile; [Ledu.csus.ecs.pc2.core.model.Profile;@ab378f9
221210 100950.486|INFO|Thread-358|dumpPacket|   key: GENERAL_PROBLEM is: edu.csus.ecs.pc2.core.model.Problem General
221210 100950.486|INFO|Thread-358|dumpPacket|   key: CLIENT_SETTINGS_LIST is: [Ledu.csus.ecs.pc2.core.model.ClientSettings; [Ledu.csus.ecs.pc2.core.model.ClientSettings;@47487df
221210 100950.486|INFO|Thread-358|dumpPacket|   key: CONTEST_TIME is: edu.csus.ecs.pc2.core.model.ContestTime edu.csus.ecs.pc2.core.model.ContestTime@4b1389
221210 100950.486|INFO|Thread-358|dumpPacket|   key: CLARIFICATION_LIST is: [Ledu.csus.ecs.pc2.core.model.Clarification; [Ledu.csus.ecs.pc2.core.model.Clarification;@45498de4
221210 100950.486|INFO|Thread-358|dumpPacket|   key: CATEGORY_LIST is: [Ledu.csus.ecs.pc2.core.model.Category; [Ledu.csus.ecs.pc2.core.model.Category;@54ac5104
221210 100950.486|INFO|Thread-358|dumpPacket|   key: LANGUAGE_LIST is: [Ledu.csus.ecs.pc2.core.model.Language; [Ledu.csus.ecs.pc2.core.model.Language;@74c66e31
221210 100950.486|INFO|Thread-358|dumpPacket|   key: REMOTE_LOGGED_IN_USERS is: [Ledu.csus.ecs.pc2.core.model.ClientId; [Ledu.csus.ecs.pc2.core.model.ClientId;@2cc9ec7b
221210 100950.486|INFO|Thread-358|dumpPacket|   key: CONTEST_TIME_LIST is: [Ledu.csus.ecs.pc2.core.model.ContestTime; [Ledu.csus.ecs.pc2.core.model.ContestTime;@256672ab
221210 100950.486|INFO|Thread-358|dumpPacket|   key: CONNECTION_HANDLE_ID_LIST is: [Ledu.csus.ecs.pc2.core.transport.ConnectionHandlerID; [Ledu.csus.ecs.pc2.core.transport.ConnectionHandlerID;@13742372
221210 100950.486|INFO|Thread-358|dumpPacket|   key: PROFILE is: edu.csus.ecs.pc2.core.model.Profile DryRun--5544400451244233091
221210 100950.486|INFO|Thread-358|dumpPacket|   key: CLIENT_ID is: edu.csus.ecs.pc2.core.model.ClientId TEAM48 @ site 1
221210 100950.486|INFO|Thread-358|dumpPacket|   key: SITE_NUMBER is: java.lang.Integer 1
221210 100950.486|INFO|Thread-358|dumpPacket|   key: CONTEST_INFORMATION is: edu.csus.ecs.pc2.core.model.ContestInformation edu.csus.ecs.pc2.core.model.ContestInformation@548470cb
221210 100950.486|INFO|Thread-358|dumpPacket|   key: SITE_LIST is: [Ledu.csus.ecs.pc2.core.model.Site; [Ledu.csus.ecs.pc2.core.model.Site;@37cde414
221210 100950.486|INFO|Thread-358|dumpPacket|   key: PROBLEM_DATA_FILES is: [Ledu.csus.ecs.pc2.core.model.ProblemDataFiles; [Ledu.csus.ecs.pc2.core.model.ProblemDataFiles;@21282b6c
221210 100950.486|INFO|Thread-358|dumpPacket|   key: JUDGEMENT_LIST is: [Ledu.csus.ecs.pc2.core.model.Judgement; [Ledu.csus.ecs.pc2.core.model.Judgement;@13f5e388
221210 100950.486|INFO|Thread-358|dumpPacket|   key: PROBLEM_LIST is: [Ledu.csus.ecs.pc2.core.model.Problem; [Ledu.csus.ecs.pc2.core.model.Problem;@6480cb15
221210 100950.486|INFO|Thread-358|dumpPacket|   key: GROUP_LIST is: [Ledu.csus.ecs.pc2.core.model.Group; [Ledu.csus.ecs.pc2.core.model.Group;@3cb56ed5
221210 100950.486|INFO|Thread-358|dumpPacket|   key: LOCAL_LOGGED_IN_USERS is: [Ledu.csus.ecs.pc2.core.model.ClientId; [Ledu.csus.ecs.pc2.core.model.ClientId;@5c264164
221210 100950.487|INFO|Thread-358|dumpPacket|   key: SERVER_CLOCK_OFFSET is: java.util.GregorianCalendar java.util.GregorianCalendar[time=1670688590482,areFieldsSet=true,areAllFieldsSet=false,lenient=true,zone=sun.util.calendar.ZoneInfo[id="GMT",offset=0,dstSavings=0,useDaylight=false,transitions=0,lastRule=null],firstDayOfWeek=1,minimalDaysInFirstWeek=1,ERA=1,YEAR=2022,MONTH=11,WEEK_OF_YEAR=50,WEEK_OF_MONTH=2,DAY_OF_MONTH=10,DAY_OF_YEAR=344,DAY_OF_WEEK=7,DAY_OF_WEEK_IN_MONTH=2,AM_PM=1,HOUR=4,HOUR_OF_DAY=16,MINUTE=9,SECOND=50,MILLISECOND=482,ZONE_OFFSET=0,DST_OFFSET=0]
221210 100950.487|INFO|Thread-358|dumpPacket|   key: CONTEST_IDENTIFIER is: java.lang.String DryRun--5544400451244233091
221210 100950.487|INFO|Thread-358|dumpPacket|   key: BALLOON_SETTINGS_LIST is: [Ledu.csus.ecs.pc2.core.model.BalloonSettings; [Ledu.csus.ecs.pc2.core.model.BalloonSettings;@607300cb
221210 100950.487|INFO|Thread-358|dumpPacket|   key: RUN_LIST is: [Ledu.csus.ecs.pc2.core.model.Run; [Ledu.csus.ecs.pc2.core.model.Run;@2c9a7b3
221210 100950.487|INFO|Thread-358|dumpPacket|   key: ACCOUNT_ARRAY is: [Ledu.csus.ecs.pc2.core.model.Account; [Ledu.csus.ecs.pc2.core.model.Account;@151db2f9
221210 101117.965|INFO|Thread-356|connectionDropped|connectionDropped(ConnectionHandlerID myConnectionID) 
231209 082243.959|CONFIG|qtp135640095-279|setFileHandlers|Now logging to C:\Users\18328\Desktop\pc2\WebTeamInterface-1.1\logs directory.
231209 082243.959|INFO|qtp135640095-279|info|
231209 082243.959|INFO|qtp135640095-279|info|Version 9 () Java ver 18.0.2.1 build  Windows 11 10.0 (amd64) 
231209 082243.959|INFO|qtp135640095-279|info|Login: team48 (aka team48)
231209 082243.959|INFO|qtp135640095-279|startLog|Working directory is C:\Users\18328\Desktop\pc2\WebTeamInterface-1.1
231209 082243.959|INFO|qtp135640095-279|startLog|Process id is 15028@DESKTOP-D75BQTV
231209 082243.959|INFO|qtp135640095-279|info|Contacting server at localhost:50002 as TEAM48 @ site 0
231209 082243.959|INFO|qtp135640095-279|info|sendLoginRequest start - sending from TEAM48 @ site 0
231209 082243.959|INFO|qtp135640095-279|sendToLocalServer|Sending packet to server Packet[LOGIN_REQUEST] #153 TEAM48 @ site 0 -> SERVER0 @ site 0
231209 082243.959|INFO|qtp135640095-279|sendToLocalServer|Sent    packet to server Packet[LOGIN_REQUEST] #153 TEAM48 @ site 0 -> SERVER0 @ site 0
231209 082243.959|INFO|qtp135640095-279|info|sendLoginRequest end - packet sent.
231209 082243.959|INFO|Thread-6234|run|send(Serializable)
231209 082243.968|INFO|Thread-6233|receive|public void receive(SealedObject TransportPacket, ConnectionHandlerID connectionHandlerID)
231209 082243.969|INFO|Thread-6235|info| receiveObject(S) start got Packet[LOGIN_FAILED] #915 SERVER0 @ site 1 -> TEAM48 @ site 0
231209 082243.969|INFO|Thread-6235|dumpPacket|Packet LOGIN_FAILED (Seq #915, o#915 ) recieveObject
231209 082243.969|INFO|Thread-6235|dumpPacket|  From: SERVER0 @ site 1, oSERVER0 @ site 1 (DESKTOP-D75BQTV @ 212.212.212.212) (Contest Id: DryRun--6069080675419338087)
231209 082243.969|INFO|Thread-6235|dumpPacket|    To: TEAM48 @ site 0
231209 082243.969|INFO|Thread-6235|dumpPacket|   key: MESSAGE_STRING is: java.lang.String Invalid password
231209 082243.969|INFO|Thread-6235|info|handlePacket start Packet[LOGIN_FAILED] #915 SERVER0 @ site 1 -> TEAM48 @ site 0
231209 082243.969|INFO|Thread-6235|dumpPacket|Packet LOGIN_FAILED (Seq #915, o#915 ) handlePacket
231209 082243.969|INFO|Thread-6235|dumpPacket|  From: SERVER0 @ site 1, oSERVER0 @ site 1 (DESKTOP-D75BQTV @ 212.212.212.212) (Contest Id: DryRun--6069080675419338087)
231209 082243.969|INFO|Thread-6235|dumpPacket|    To: TEAM48 @ site 0
231209 082243.969|INFO|Thread-6235|dumpPacket|   key: MESSAGE_STRING is: java.lang.String Invalid password
231209 082243.969|INFO|Thread-6235|info| receiveObject(S) end   got Packet[LOGIN_FAILED] #915 SERVER0 @ site 1 -> TEAM48 @ site 0
231209 125144.096|INFO|Thread-6233|connectionDropped|connectionDropped(ConnectionHandlerID myConnectionID) 
