231209 103554.979|CONFIG|qtp135640095-21784|setFileHandlers|Now logging to C:\Users\18328\Desktop\pc2\WebTeamInterface-1.1\logs directory.
231209 103554.979|INFO|qtp135640095-21784|info|
231209 103554.979|INFO|qtp135640095-21784|info|Version 9 () Java ver 18.0.2.1 build  Windows 11 10.0 (amd64) 
231209 103554.979|INFO|qtp135640095-21784|info|Login: team88 (aka team88)
231209 103554.979|INFO|qtp135640095-21784|startLog|Working directory is C:\Users\18328\Desktop\pc2\WebTeamInterface-1.1
231209 103554.979|INFO|qtp135640095-21784|startLog|Process id is 15028@DESKTOP-D75BQTV
231209 103554.979|INFO|qtp135640095-21784|info|Contacting server at localhost:50002 as TEAM88 @ site 0
231209 103554.979|INFO|qtp135640095-21784|info|sendLoginRequest start - sending from TEAM88 @ site 0
231209 103554.979|INFO|qtp135640095-21784|sendToLocalServer|Sending packet to server Packet[LOGIN_REQUEST] #543 TEAM88 @ site 0 -> SERVER0 @ site 0
231209 103554.987|INFO|qtp135640095-21784|sendToLocalServer|Sent    packet to server Packet[LOGIN_REQUEST] #543 TEAM88 @ site 0 -> SERVER0 @ site 0
231209 103554.987|INFO|qtp135640095-21784|info|sendLoginRequest end - packet sent.
231209 103554.987|INFO|Thread-49128|run|send(Serializable)
231209 103554.995|INFO|Thread-49127|receive|public void receive(SealedObject TransportPacket, ConnectionHandlerID connectionHandlerID)
231209 103555.003|INFO|Thread-49129|info| receiveObject(S) start got Packet[LOGIN_SUCCESS] #3191 SERVER0 @ site 1 -> TEAM88 @ site 1
231209 103555.003|INFO|Thread-49129|dumpPacket|Packet LOGIN_SUCCESS (Seq #3191, o#3191 ) recieveObject
231209 103555.003|INFO|Thread-49129|dumpPacket|  From: SERVER0 @ site 1, oSERVER0 @ site 1 (DESKTOP-D75BQTV @ 212.212.212.212) (Contest Id: RealDeal--1957769244132597914)
231209 103555.003|INFO|Thread-49129|dumpPacket|    To: TEAM88 @ site 1
231209 103555.003|INFO|Thread-49129|dumpPacket|   key: PROFILE_LIST is: [Ledu.csus.ecs.pc2.core.model.Profile; [Ledu.csus.ecs.pc2.core.model.Profile;@7352731
231209 103555.003|INFO|Thread-49129|dumpPacket|   key: GENERAL_PROBLEM is: edu.csus.ecs.pc2.core.model.Problem General
231209 103555.003|INFO|Thread-49129|dumpPacket|   key: CLIENT_SETTINGS_LIST is: [Ledu.csus.ecs.pc2.core.model.ClientSettings; [Ledu.csus.ecs.pc2.core.model.ClientSettings;@9f2d9a7
231209 103555.003|INFO|Thread-49129|dumpPacket|   key: CONTEST_TIME is: edu.csus.ecs.pc2.core.model.ContestTime edu.csus.ecs.pc2.core.model.ContestTime@dcd4c41
231209 103555.003|INFO|Thread-49129|dumpPacket|   key: CLARIFICATION_LIST is: [Ledu.csus.ecs.pc2.core.model.Clarification; [Ledu.csus.ecs.pc2.core.model.Clarification;@48cfd39c
231209 103555.003|INFO|Thread-49129|dumpPacket|   key: CATEGORY_LIST is: [Ledu.csus.ecs.pc2.core.model.Category; [Ledu.csus.ecs.pc2.core.model.Category;@666d691b
231209 103555.003|INFO|Thread-49129|dumpPacket|   key: LANGUAGE_LIST is: [Ledu.csus.ecs.pc2.core.model.Language; [Ledu.csus.ecs.pc2.core.model.Language;@794dbb90
231209 103555.003|INFO|Thread-49129|dumpPacket|   key: REMOTE_LOGGED_IN_USERS is: [Ledu.csus.ecs.pc2.core.model.ClientId; [Ledu.csus.ecs.pc2.core.model.ClientId;@1e055fbc
231209 103555.003|INFO|Thread-49129|dumpPacket|   key: CONTEST_TIME_LIST is: [Ledu.csus.ecs.pc2.core.model.ContestTime; [Ledu.csus.ecs.pc2.core.model.ContestTime;@28e02cd3
231209 103555.003|INFO|Thread-49129|dumpPacket|   key: CONNECTION_HANDLE_ID_LIST is: [Ledu.csus.ecs.pc2.core.transport.ConnectionHandlerID; [Ledu.csus.ecs.pc2.core.transport.ConnectionHandlerID;@25c8bd65
231209 103555.003|INFO|Thread-49129|dumpPacket|   key: PROFILE is: edu.csus.ecs.pc2.core.model.Profile RealDeal--1957769244132597914
231209 103555.003|INFO|Thread-49129|dumpPacket|   key: CLIENT_ID is: edu.csus.ecs.pc2.core.model.ClientId TEAM88 @ site 1
231209 103555.003|INFO|Thread-49129|dumpPacket|   key: SITE_NUMBER is: java.lang.Integer 1
231209 103555.003|INFO|Thread-49129|dumpPacket|   key: CONTEST_INFORMATION is: edu.csus.ecs.pc2.core.model.ContestInformation edu.csus.ecs.pc2.core.model.ContestInformation@314d1377
231209 103555.003|INFO|Thread-49129|dumpPacket|   key: SITE_LIST is: [Ledu.csus.ecs.pc2.core.model.Site; [Ledu.csus.ecs.pc2.core.model.Site;@501525d
231209 103555.003|INFO|Thread-49129|dumpPacket|   key: PROBLEM_DATA_FILES is: [Ledu.csus.ecs.pc2.core.model.ProblemDataFiles; [Ledu.csus.ecs.pc2.core.model.ProblemDataFiles;@2cae709a
231209 103555.003|INFO|Thread-49129|dumpPacket|   key: JUDGEMENT_LIST is: [Ledu.csus.ecs.pc2.core.model.Judgement; [Ledu.csus.ecs.pc2.core.model.Judgement;@4cedd3ff
231209 103555.003|INFO|Thread-49129|dumpPacket|   key: PROBLEM_LIST is: [Ledu.csus.ecs.pc2.core.model.Problem; [Ledu.csus.ecs.pc2.core.model.Problem;@1562b7be
231209 103555.003|INFO|Thread-49129|dumpPacket|   key: GROUP_LIST is: [Ledu.csus.ecs.pc2.core.model.Group; [Ledu.csus.ecs.pc2.core.model.Group;@1a7e8cf5
231209 103555.003|INFO|Thread-49129|dumpPacket|   key: LOCAL_LOGGED_IN_USERS is: [Ledu.csus.ecs.pc2.core.model.ClientId; [Ledu.csus.ecs.pc2.core.model.ClientId;@458b0580
231209 103555.003|INFO|Thread-49129|dumpPacket|   key: SERVER_CLOCK_OFFSET is: java.util.GregorianCalendar java.util.GregorianCalendar[time=1702139754987,areFieldsSet=true,areAllFieldsSet=false,lenient=true,zone=sun.util.calendar.ZoneInfo[id="GMT",offset=0,dstSavings=0,useDaylight=false,transitions=0,lastRule=null],firstDayOfWeek=1,minimalDaysInFirstWeek=1,ERA=1,YEAR=2023,MONTH=11,WEEK_OF_YEAR=49,WEEK_OF_MONTH=2,DAY_OF_MONTH=9,DAY_OF_YEAR=343,DAY_OF_WEEK=7,DAY_OF_WEEK_IN_MONTH=2,AM_PM=1,HOUR=4,HOUR_OF_DAY=16,MINUTE=35,SECOND=54,MILLISECOND=987,ZONE_OFFSET=0,DST_OFFSET=0]
231209 103555.003|INFO|Thread-49129|dumpPacket|   key: CONTEST_IDENTIFIER is: java.lang.String RealDeal--1957769244132597914
231209 103555.003|INFO|Thread-49129|dumpPacket|   key: BALLOON_SETTINGS_LIST is: [Ledu.csus.ecs.pc2.core.model.BalloonSettings; [Ledu.csus.ecs.pc2.core.model.BalloonSettings;@675b44e5
231209 103555.003|INFO|Thread-49129|dumpPacket|   key: RUN_LIST is: [Ledu.csus.ecs.pc2.core.model.Run; [Ledu.csus.ecs.pc2.core.model.Run;@6704d0f7
231209 103555.003|INFO|Thread-49129|dumpPacket|   key: ACCOUNT_ARRAY is: [Ledu.csus.ecs.pc2.core.model.Account; [Ledu.csus.ecs.pc2.core.model.Account;@9f3f1c6
231209 103555.003|INFO|Thread-49129|info|handlePacket start Packet[LOGIN_SUCCESS] #3191 SERVER0 @ site 1 -> TEAM88 @ site 1
231209 103555.003|INFO|Thread-49129|dumpPacket|Packet LOGIN_SUCCESS (Seq #3191, o#3191 ) handlePacket
231209 103555.003|INFO|Thread-49129|dumpPacket|  From: SERVER0 @ site 1, oSERVER0 @ site 1 (DESKTOP-D75BQTV @ 212.212.212.212) (Contest Id: RealDeal--1957769244132597914)
231209 103555.003|INFO|Thread-49129|dumpPacket|    To: TEAM88 @ site 1
231209 103555.003|INFO|Thread-49129|dumpPacket|   key: PROFILE_LIST is: [Ledu.csus.ecs.pc2.core.model.Profile; [Ledu.csus.ecs.pc2.core.model.Profile;@7352731
231209 103555.003|INFO|Thread-49129|dumpPacket|   key: GENERAL_PROBLEM is: edu.csus.ecs.pc2.core.model.Problem General
231209 103555.003|INFO|Thread-49129|dumpPacket|   key: CLIENT_SETTINGS_LIST is: [Ledu.csus.ecs.pc2.core.model.ClientSettings; [Ledu.csus.ecs.pc2.core.model.ClientSettings;@9f2d9a7
231209 103555.003|INFO|Thread-49129|dumpPacket|   key: CONTEST_TIME is: edu.csus.ecs.pc2.core.model.ContestTime edu.csus.ecs.pc2.core.model.ContestTime@dcd4c41
231209 103555.003|INFO|Thread-49129|dumpPacket|   key: CLARIFICATION_LIST is: [Ledu.csus.ecs.pc2.core.model.Clarification; [Ledu.csus.ecs.pc2.core.model.Clarification;@48cfd39c
231209 103555.003|INFO|Thread-49129|dumpPacket|   key: CATEGORY_LIST is: [Ledu.csus.ecs.pc2.core.model.Category; [Ledu.csus.ecs.pc2.core.model.Category;@666d691b
231209 103555.003|INFO|Thread-49129|dumpPacket|   key: LANGUAGE_LIST is: [Ledu.csus.ecs.pc2.core.model.Language; [Ledu.csus.ecs.pc2.core.model.Language;@794dbb90
231209 103555.003|INFO|Thread-49129|dumpPacket|   key: REMOTE_LOGGED_IN_USERS is: [Ledu.csus.ecs.pc2.core.model.ClientId; [Ledu.csus.ecs.pc2.core.model.ClientId;@1e055fbc
231209 103555.003|INFO|Thread-49129|dumpPacket|   key: CONTEST_TIME_LIST is: [Ledu.csus.ecs.pc2.core.model.ContestTime; [Ledu.csus.ecs.pc2.core.model.ContestTime;@28e02cd3
231209 103555.003|INFO|Thread-49129|dumpPacket|   key: CONNECTION_HANDLE_ID_LIST is: [Ledu.csus.ecs.pc2.core.transport.ConnectionHandlerID; [Ledu.csus.ecs.pc2.core.transport.ConnectionHandlerID;@25c8bd65
231209 103555.003|INFO|Thread-49129|dumpPacket|   key: PROFILE is: edu.csus.ecs.pc2.core.model.Profile RealDeal--1957769244132597914
231209 103555.003|INFO|Thread-49129|dumpPacket|   key: CLIENT_ID is: edu.csus.ecs.pc2.core.model.ClientId TEAM88 @ site 1
231209 103555.003|INFO|Thread-49129|dumpPacket|   key: SITE_NUMBER is: java.lang.Integer 1
231209 103555.003|INFO|Thread-49129|dumpPacket|   key: CONTEST_INFORMATION is: edu.csus.ecs.pc2.core.model.ContestInformation edu.csus.ecs.pc2.core.model.ContestInformation@314d1377
231209 103555.003|INFO|Thread-49129|dumpPacket|   key: SITE_LIST is: [Ledu.csus.ecs.pc2.core.model.Site; [Ledu.csus.ecs.pc2.core.model.Site;@501525d
231209 103555.003|INFO|Thread-49129|dumpPacket|   key: PROBLEM_DATA_FILES is: [Ledu.csus.ecs.pc2.core.model.ProblemDataFiles; [Ledu.csus.ecs.pc2.core.model.ProblemDataFiles;@2cae709a
231209 103555.003|INFO|Thread-49129|dumpPacket|   key: JUDGEMENT_LIST is: [Ledu.csus.ecs.pc2.core.model.Judgement; [Ledu.csus.ecs.pc2.core.model.Judgement;@4cedd3ff
231209 103555.003|INFO|Thread-49129|dumpPacket|   key: PROBLEM_LIST is: [Ledu.csus.ecs.pc2.core.model.Problem; [Ledu.csus.ecs.pc2.core.model.Problem;@1562b7be
231209 103555.003|INFO|Thread-49129|dumpPacket|   key: GROUP_LIST is: [Ledu.csus.ecs.pc2.core.model.Group; [Ledu.csus.ecs.pc2.core.model.Group;@1a7e8cf5
231209 103555.003|INFO|Thread-49129|dumpPacket|   key: LOCAL_LOGGED_IN_USERS is: [Ledu.csus.ecs.pc2.core.model.ClientId; [Ledu.csus.ecs.pc2.core.model.ClientId;@458b0580
231209 103555.003|INFO|Thread-49129|dumpPacket|   key: SERVER_CLOCK_OFFSET is: java.util.GregorianCalendar java.util.GregorianCalendar[time=1702139754987,areFieldsSet=true,areAllFieldsSet=false,lenient=true,zone=sun.util.calendar.ZoneInfo[id="GMT",offset=0,dstSavings=0,useDaylight=false,transitions=0,lastRule=null],firstDayOfWeek=1,minimalDaysInFirstWeek=1,ERA=1,YEAR=2023,MONTH=11,WEEK_OF_YEAR=49,WEEK_OF_MONTH=2,DAY_OF_MONTH=9,DAY_OF_YEAR=343,DAY_OF_WEEK=7,DAY_OF_WEEK_IN_MONTH=2,AM_PM=1,HOUR=4,HOUR_OF_DAY=16,MINUTE=35,SECOND=54,MILLISECOND=987,ZONE_OFFSET=0,DST_OFFSET=0]
231209 103555.003|INFO|Thread-49129|dumpPacket|   key: CONTEST_IDENTIFIER is: java.lang.String RealDeal--1957769244132597914
231209 103555.003|INFO|Thread-49129|dumpPacket|   key: BALLOON_SETTINGS_LIST is: [Ledu.csus.ecs.pc2.core.model.BalloonSettings; [Ledu.csus.ecs.pc2.core.model.BalloonSettings;@675b44e5
231209 103555.011|INFO|Thread-49129|dumpPacket|   key: RUN_LIST is: [Ledu.csus.ecs.pc2.core.model.Run; [Ledu.csus.ecs.pc2.core.model.Run;@6704d0f7
231209 103555.011|INFO|Thread-49129|dumpPacket|   key: ACCOUNT_ARRAY is: [Ledu.csus.ecs.pc2.core.model.Account; [Ledu.csus.ecs.pc2.core.model.Account;@9f3f1c6
231209 103601.227|INFO|Thread-49138|run|send(Serializable)
231209 103601.227|INFO|Thread-49127|connectionDropped|connectionDropped(ConnectionHandlerID myConnectionID) 
