231208 165239.111|CONFIG|qtp1423561005-465|setFileHandlers|Now logging to C:\Users\18328\Desktop\pc2\WebTeamInterface-1.1\logs directory.
231208 165239.111|INFO|qtp1423561005-465|info|
231208 165239.111|INFO|qtp1423561005-465|info|Version 9 () Java ver 18.0.2.1 build  Windows 11 10.0 (amd64) 
231208 165239.111|INFO|qtp1423561005-465|info|Login: team72 (aka team72)
231208 165239.119|INFO|qtp1423561005-465|startLog|Working directory is C:\Users\18328\Desktop\pc2\WebTeamInterface-1.1
231208 165239.119|INFO|qtp1423561005-465|startLog|Process id is 14880@DESKTOP-D75BQTV
231208 165239.119|INFO|qtp1423561005-465|info|Contacting server at localhost:50002 as TEAM72 @ site 0
231208 165239.119|INFO|Thread-1722|receiveUnencrypted|receiveUnencrypted Made a secret key for Socket[addr=localhost/127.0.0.1,port=50002,localport=51136]--5033864583731951948 key is com.sun.crypto.provider.DESKey@18c34
231208 165239.119|INFO|Thread-1722|getPublicKeyPacket|Generating Unencrypted Public Key Packet
231208 165239.119|INFO|qtp1423561005-465|info|sendLoginRequest start - sending from TEAM72 @ site 0
231208 165239.119|INFO|qtp1423561005-465|sendToLocalServer|Sending packet to server Packet[LOGIN_REQUEST] #107 TEAM72 @ site 0 -> SERVER0 @ site 0
231208 165239.119|INFO|Thread-1722|getPublicKeyPacket|checking key:= SunJCE Diffie-Hellman Public Key:
y:
    6b4f4e21 787fa739 6cdd0199 998c787a 379e0a52 109a69c3 be00509e 42e7d7f1
    10753b56 e21b1481 ec23c0b5 1213237f e3a161ee 689e8810 50806db5 f62ecd33
    84bacfea ffc7de60 59f3b09b 2353ef23 99ef44b5 ce07a745 8831e9ac f1308658
    7d9c82f7 60a81b6e 06ef64f5 8ae6ddb2 38405227 38757a1f 09ec25ea e08a15af
p:
    f488fd58 4e49dbcd 20b49de4 9107366b 336c380d 451d0f7c 88b31c7c 5b2d8ef6
    f3c923c0 43f0a55b 188d8ebb 558cb85d 38d334fd 7c175743 a31d186c de33212c
    b52aff3c e1b12940 18118d7c 84a70a72 d686c403 19c80729 7aca950c d9969fab
    d00a509b 0246d308 3d66a45d 419f9c7c bd894b22 1926baab a25ec355 e92f78c7
g:
    02
l:
    512
231208 165239.119|INFO|Thread-1722|getPublicKeyPacket|packet:= edu.csus.ecs.pc2.core.transport.TransportWrapper@66b17e3b
231208 165239.119|INFO|qtp1423561005-465|sendToLocalServer|Sent    packet to server Packet[LOGIN_REQUEST] #107 TEAM72 @ site 0 -> SERVER0 @ site 0
231208 165239.119|INFO|qtp1423561005-465|info|sendLoginRequest end - packet sent.
231208 165239.119|INFO|Thread-1723|run|send(Serializable)
231208 165239.147|INFO|Thread-1722|receive|public void receive(SealedObject TransportPacket, ConnectionHandlerID connectionHandlerID)
231208 165239.156|INFO|Thread-1724|info| receiveObject(S) start got Packet[LOGIN_SUCCESS] #639 SERVER0 @ site 1 -> TEAM72 @ site 1
231208 165239.156|INFO|Thread-1724|dumpPacket|Packet LOGIN_SUCCESS (Seq #639, o#639 ) recieveObject
231208 165239.156|INFO|Thread-1724|dumpPacket|  From: SERVER0 @ site 1, oSERVER0 @ site 1 (DESKTOP-D75BQTV @ 212.212.212.212) (Contest Id: TEST3--3311704722457753279)
231208 165239.156|INFO|Thread-1724|dumpPacket|    To: TEAM72 @ site 1
231208 165239.156|INFO|Thread-1724|dumpPacket|   key: PROFILE_LIST is: [Ledu.csus.ecs.pc2.core.model.Profile; [Ledu.csus.ecs.pc2.core.model.Profile;@158146ac
231208 165239.156|INFO|Thread-1724|dumpPacket|   key: GENERAL_PROBLEM is: edu.csus.ecs.pc2.core.model.Problem General
231208 165239.156|INFO|Thread-1724|dumpPacket|   key: CLIENT_SETTINGS_LIST is: [Ledu.csus.ecs.pc2.core.model.ClientSettings; [Ledu.csus.ecs.pc2.core.model.ClientSettings;@1b46aa6c
231208 165239.156|INFO|Thread-1724|dumpPacket|   key: CONTEST_TIME is: edu.csus.ecs.pc2.core.model.ContestTime edu.csus.ecs.pc2.core.model.ContestTime@1f792ddc
231208 165239.156|INFO|Thread-1724|dumpPacket|   key: CLARIFICATION_LIST is: [Ledu.csus.ecs.pc2.core.model.Clarification; [Ledu.csus.ecs.pc2.core.model.Clarification;@5a7ba057
231208 165239.156|INFO|Thread-1724|dumpPacket|   key: CATEGORY_LIST is: [Ledu.csus.ecs.pc2.core.model.Category; [Ledu.csus.ecs.pc2.core.model.Category;@45503992
231208 165239.156|INFO|Thread-1724|dumpPacket|   key: LANGUAGE_LIST is: [Ledu.csus.ecs.pc2.core.model.Language; [Ledu.csus.ecs.pc2.core.model.Language;@6b6bfe9e
231208 165239.156|INFO|Thread-1724|dumpPacket|   key: REMOTE_LOGGED_IN_USERS is: [Ledu.csus.ecs.pc2.core.model.ClientId; [Ledu.csus.ecs.pc2.core.model.ClientId;@3daa39e2
231208 165239.156|INFO|Thread-1724|dumpPacket|   key: CONTEST_TIME_LIST is: [Ledu.csus.ecs.pc2.core.model.ContestTime; [Ledu.csus.ecs.pc2.core.model.ContestTime;@3a545f18
231208 165239.156|INFO|Thread-1724|dumpPacket|   key: CONNECTION_HANDLE_ID_LIST is: [Ledu.csus.ecs.pc2.core.transport.ConnectionHandlerID; [Ledu.csus.ecs.pc2.core.transport.ConnectionHandlerID;@7e8c7d69
231208 165239.156|INFO|Thread-1724|dumpPacket|   key: PROFILE is: edu.csus.ecs.pc2.core.model.Profile TEST3--3311704722457753279
231208 165239.156|INFO|Thread-1724|dumpPacket|   key: CLIENT_ID is: edu.csus.ecs.pc2.core.model.ClientId TEAM72 @ site 1
231208 165239.156|INFO|Thread-1724|dumpPacket|   key: SITE_NUMBER is: java.lang.Integer 1
231208 165239.156|INFO|Thread-1724|dumpPacket|   key: CONTEST_INFORMATION is: edu.csus.ecs.pc2.core.model.ContestInformation edu.csus.ecs.pc2.core.model.ContestInformation@4aa7f328
231208 165239.156|INFO|Thread-1724|dumpPacket|   key: SITE_LIST is: [Ledu.csus.ecs.pc2.core.model.Site; [Ledu.csus.ecs.pc2.core.model.Site;@26aeb6b7
231208 165239.156|INFO|Thread-1724|dumpPacket|   key: PROBLEM_DATA_FILES is: [Ledu.csus.ecs.pc2.core.model.ProblemDataFiles; [Ledu.csus.ecs.pc2.core.model.ProblemDataFiles;@3e1a81e5
231208 165239.156|INFO|Thread-1724|dumpPacket|   key: JUDGEMENT_LIST is: [Ledu.csus.ecs.pc2.core.model.Judgement; [Ledu.csus.ecs.pc2.core.model.Judgement;@23e0d47a
231208 165239.156|INFO|Thread-1724|dumpPacket|   key: PROBLEM_LIST is: [Ledu.csus.ecs.pc2.core.model.Problem; [Ledu.csus.ecs.pc2.core.model.Problem;@56ab4d9d
231208 165239.156|INFO|Thread-1724|dumpPacket|   key: GROUP_LIST is: [Ledu.csus.ecs.pc2.core.model.Group; [Ledu.csus.ecs.pc2.core.model.Group;@5e342f1
231208 165239.156|INFO|Thread-1724|dumpPacket|   key: LOCAL_LOGGED_IN_USERS is: [Ledu.csus.ecs.pc2.core.model.ClientId; [Ledu.csus.ecs.pc2.core.model.ClientId;@6f1cee01
231208 165239.156|INFO|Thread-1724|dumpPacket|   key: SERVER_CLOCK_OFFSET is: java.util.GregorianCalendar java.util.GregorianCalendar[time=1702075959132,areFieldsSet=true,areAllFieldsSet=false,lenient=true,zone=sun.util.calendar.ZoneInfo[id="GMT",offset=0,dstSavings=0,useDaylight=false,transitions=0,lastRule=null],firstDayOfWeek=1,minimalDaysInFirstWeek=1,ERA=1,YEAR=2023,MONTH=11,WEEK_OF_YEAR=49,WEEK_OF_MONTH=2,DAY_OF_MONTH=8,DAY_OF_YEAR=342,DAY_OF_WEEK=6,DAY_OF_WEEK_IN_MONTH=2,AM_PM=1,HOUR=10,HOUR_OF_DAY=22,MINUTE=52,SECOND=39,MILLISECOND=132,ZONE_OFFSET=0,DST_OFFSET=0]
231208 165239.156|INFO|Thread-1724|dumpPacket|   key: CONTEST_IDENTIFIER is: java.lang.String TEST3--3311704722457753279
231208 165239.156|INFO|Thread-1724|dumpPacket|   key: BALLOON_SETTINGS_LIST is: [Ledu.csus.ecs.pc2.core.model.BalloonSettings; [Ledu.csus.ecs.pc2.core.model.BalloonSettings;@4afaa49c
231208 165239.156|INFO|Thread-1724|dumpPacket|   key: RUN_LIST is: [Ledu.csus.ecs.pc2.core.model.Run; [Ledu.csus.ecs.pc2.core.model.Run;@46b1dffb
231208 165239.156|INFO|Thread-1724|dumpPacket|   key: ACCOUNT_ARRAY is: [Ledu.csus.ecs.pc2.core.model.Account; [Ledu.csus.ecs.pc2.core.model.Account;@59dae916
231208 165239.156|INFO|Thread-1724|info|handlePacket start Packet[LOGIN_SUCCESS] #639 SERVER0 @ site 1 -> TEAM72 @ site 1
231208 165239.156|INFO|Thread-1724|dumpPacket|Packet LOGIN_SUCCESS (Seq #639, o#639 ) handlePacket
231208 165239.156|INFO|Thread-1724|dumpPacket|  From: SERVER0 @ site 1, oSERVER0 @ site 1 (DESKTOP-D75BQTV @ 212.212.212.212) (Contest Id: TEST3--3311704722457753279)
231208 165239.156|INFO|Thread-1724|dumpPacket|    To: TEAM72 @ site 1
231208 165239.156|INFO|Thread-1724|dumpPacket|   key: PROFILE_LIST is: [Ledu.csus.ecs.pc2.core.model.Profile; [Ledu.csus.ecs.pc2.core.model.Profile;@158146ac
231208 165239.156|INFO|Thread-1724|dumpPacket|   key: GENERAL_PROBLEM is: edu.csus.ecs.pc2.core.model.Problem General
231208 165239.156|INFO|Thread-1724|dumpPacket|   key: CLIENT_SETTINGS_LIST is: [Ledu.csus.ecs.pc2.core.model.ClientSettings; [Ledu.csus.ecs.pc2.core.model.ClientSettings;@1b46aa6c
231208 165239.156|INFO|Thread-1724|dumpPacket|   key: CONTEST_TIME is: edu.csus.ecs.pc2.core.model.ContestTime edu.csus.ecs.pc2.core.model.ContestTime@1f792ddc
231208 165239.156|INFO|Thread-1724|dumpPacket|   key: CLARIFICATION_LIST is: [Ledu.csus.ecs.pc2.core.model.Clarification; [Ledu.csus.ecs.pc2.core.model.Clarification;@5a7ba057
231208 165239.156|INFO|Thread-1724|dumpPacket|   key: CATEGORY_LIST is: [Ledu.csus.ecs.pc2.core.model.Category; [Ledu.csus.ecs.pc2.core.model.Category;@45503992
231208 165239.156|INFO|Thread-1724|dumpPacket|   key: LANGUAGE_LIST is: [Ledu.csus.ecs.pc2.core.model.Language; [Ledu.csus.ecs.pc2.core.model.Language;@6b6bfe9e
231208 165239.156|INFO|Thread-1724|dumpPacket|   key: REMOTE_LOGGED_IN_USERS is: [Ledu.csus.ecs.pc2.core.model.ClientId; [Ledu.csus.ecs.pc2.core.model.ClientId;@3daa39e2
231208 165239.156|INFO|Thread-1724|dumpPacket|   key: CONTEST_TIME_LIST is: [Ledu.csus.ecs.pc2.core.model.ContestTime; [Ledu.csus.ecs.pc2.core.model.ContestTime;@3a545f18
231208 165239.156|INFO|Thread-1724|dumpPacket|   key: CONNECTION_HANDLE_ID_LIST is: [Ledu.csus.ecs.pc2.core.transport.ConnectionHandlerID; [Ledu.csus.ecs.pc2.core.transport.ConnectionHandlerID;@7e8c7d69
231208 165239.156|INFO|Thread-1724|dumpPacket|   key: PROFILE is: edu.csus.ecs.pc2.core.model.Profile TEST3--3311704722457753279
231208 165239.156|INFO|Thread-1724|dumpPacket|   key: CLIENT_ID is: edu.csus.ecs.pc2.core.model.ClientId TEAM72 @ site 1
231208 165239.156|INFO|Thread-1724|dumpPacket|   key: SITE_NUMBER is: java.lang.Integer 1
231208 165239.156|INFO|Thread-1724|dumpPacket|   key: CONTEST_INFORMATION is: edu.csus.ecs.pc2.core.model.ContestInformation edu.csus.ecs.pc2.core.model.ContestInformation@4aa7f328
231208 165239.156|INFO|Thread-1724|dumpPacket|   key: SITE_LIST is: [Ledu.csus.ecs.pc2.core.model.Site; [Ledu.csus.ecs.pc2.core.model.Site;@26aeb6b7
231208 165239.156|INFO|Thread-1724|dumpPacket|   key: PROBLEM_DATA_FILES is: [Ledu.csus.ecs.pc2.core.model.ProblemDataFiles; [Ledu.csus.ecs.pc2.core.model.ProblemDataFiles;@3e1a81e5
231208 165239.156|INFO|Thread-1724|dumpPacket|   key: JUDGEMENT_LIST is: [Ledu.csus.ecs.pc2.core.model.Judgement; [Ledu.csus.ecs.pc2.core.model.Judgement;@23e0d47a
231208 165239.156|INFO|Thread-1724|dumpPacket|   key: PROBLEM_LIST is: [Ledu.csus.ecs.pc2.core.model.Problem; [Ledu.csus.ecs.pc2.core.model.Problem;@56ab4d9d
231208 165239.156|INFO|Thread-1724|dumpPacket|   key: GROUP_LIST is: [Ledu.csus.ecs.pc2.core.model.Group; [Ledu.csus.ecs.pc2.core.model.Group;@5e342f1
231208 165239.156|INFO|Thread-1724|dumpPacket|   key: LOCAL_LOGGED_IN_USERS is: [Ledu.csus.ecs.pc2.core.model.ClientId; [Ledu.csus.ecs.pc2.core.model.ClientId;@6f1cee01
231208 165239.156|INFO|Thread-1724|dumpPacket|   key: SERVER_CLOCK_OFFSET is: java.util.GregorianCalendar java.util.GregorianCalendar[time=1702075959132,areFieldsSet=true,areAllFieldsSet=false,lenient=true,zone=sun.util.calendar.ZoneInfo[id="GMT",offset=0,dstSavings=0,useDaylight=false,transitions=0,lastRule=null],firstDayOfWeek=1,minimalDaysInFirstWeek=1,ERA=1,YEAR=2023,MONTH=11,WEEK_OF_YEAR=49,WEEK_OF_MONTH=2,DAY_OF_MONTH=8,DAY_OF_YEAR=342,DAY_OF_WEEK=6,DAY_OF_WEEK_IN_MONTH=2,AM_PM=1,HOUR=10,HOUR_OF_DAY=22,MINUTE=52,SECOND=39,MILLISECOND=132,ZONE_OFFSET=0,DST_OFFSET=0]
231208 165239.156|INFO|Thread-1724|dumpPacket|   key: CONTEST_IDENTIFIER is: java.lang.String TEST3--3311704722457753279
231208 165239.156|INFO|Thread-1724|dumpPacket|   key: BALLOON_SETTINGS_LIST is: [Ledu.csus.ecs.pc2.core.model.BalloonSettings; [Ledu.csus.ecs.pc2.core.model.BalloonSettings;@4afaa49c
231208 165239.156|INFO|Thread-1724|dumpPacket|   key: RUN_LIST is: [Ledu.csus.ecs.pc2.core.model.Run; [Ledu.csus.ecs.pc2.core.model.Run;@46b1dffb
231208 165239.156|INFO|Thread-1724|dumpPacket|   key: ACCOUNT_ARRAY is: [Ledu.csus.ecs.pc2.core.model.Account; [Ledu.csus.ecs.pc2.core.model.Account;@59dae916
231208 171131.697|INFO|Thread-1722|receive|public void receive(SealedObject TransportPacket, ConnectionHandlerID connectionHandlerID)
231208 171217.990|INFO|Thread-1722|receive|public void receive(SealedObject TransportPacket, ConnectionHandlerID connectionHandlerID)
231208 171419.473|INFO|Thread-1722|connectionDropped|connectionDropped(ConnectionHandlerID myConnectionID) 
