231209 124934.374|CONFIG|qtp135640095-67476|setFileHandlers|Now logging to C:\Users\18328\Desktop\pc2\WebTeamInterface-1.1\logs directory.
231209 124934.374|INFO|qtp135640095-67476|info|
231209 124934.374|INFO|qtp135640095-67476|info|Version 9 () Java ver 18.0.2.1 build  Windows 11 10.0 (amd64) 
231209 124934.374|INFO|qtp135640095-67476|info|Login: team52 (aka team52)
231209 124934.383|INFO|qtp135640095-67476|startLog|Working directory is C:\Users\18328\Desktop\pc2\WebTeamInterface-1.1
231209 124934.383|INFO|qtp135640095-67476|startLog|Process id is 15028@DESKTOP-D75BQTV
231209 124934.384|INFO|qtp135640095-67476|info|Contacting server at localhost:50002 as TEAM52 @ site 0
231209 124934.384|INFO|qtp135640095-67476|info|sendLoginRequest start - sending from TEAM52 @ site 0
231209 124934.384|INFO|qtp135640095-67476|sendToLocalServer|Sending packet to server Packet[LOGIN_REQUEST] #1655 TEAM52 @ site 0 -> SERVER0 @ site 0
231209 124934.385|INFO|qtp135640095-67476|sendToLocalServer|Sent    packet to server Packet[LOGIN_REQUEST] #1655 TEAM52 @ site 0 -> SERVER0 @ site 0
231209 124934.385|INFO|qtp135640095-67476|info|sendLoginRequest end - packet sent.
231209 124934.385|INFO|Thread-68192|run|send(Serializable)
231209 124934.400|INFO|Thread-68191|receive|public void receive(SealedObject TransportPacket, ConnectionHandlerID connectionHandlerID)
231209 124934.407|INFO|Thread-68193|info| receiveObject(S) start got Packet[LOGIN_SUCCESS] #9594 SERVER0 @ site 1 -> TEAM52 @ site 1
231209 124934.407|INFO|Thread-68193|dumpPacket|Packet LOGIN_SUCCESS (Seq #9594, o#9594 ) recieveObject
231209 124934.407|INFO|Thread-68193|dumpPacket|  From: SERVER0 @ site 1, oSERVER0 @ site 1 (DESKTOP-D75BQTV @ 212.212.212.212) (Contest Id: RealDeal--1957769244132597914)
231209 124934.407|INFO|Thread-68193|dumpPacket|    To: TEAM52 @ site 1
231209 124934.407|INFO|Thread-68193|dumpPacket|   key: PROFILE_LIST is: [Ledu.csus.ecs.pc2.core.model.Profile; [Ledu.csus.ecs.pc2.core.model.Profile;@12083bb0
231209 124934.407|INFO|Thread-68193|dumpPacket|   key: GENERAL_PROBLEM is: edu.csus.ecs.pc2.core.model.Problem General
231209 124934.407|INFO|Thread-68193|dumpPacket|   key: CLIENT_SETTINGS_LIST is: [Ledu.csus.ecs.pc2.core.model.ClientSettings; [Ledu.csus.ecs.pc2.core.model.ClientSettings;@1ccfc781
231209 124934.407|INFO|Thread-68193|dumpPacket|   key: CONTEST_TIME is: edu.csus.ecs.pc2.core.model.ContestTime edu.csus.ecs.pc2.core.model.ContestTime@18f050c0
231209 124934.407|INFO|Thread-68193|dumpPacket|   key: CLARIFICATION_LIST is: [Ledu.csus.ecs.pc2.core.model.Clarification; [Ledu.csus.ecs.pc2.core.model.Clarification;@5df2cdba
231209 124934.407|INFO|Thread-68193|dumpPacket|   key: CATEGORY_LIST is: [Ledu.csus.ecs.pc2.core.model.Category; [Ledu.csus.ecs.pc2.core.model.Category;@e74b80f
231209 124934.415|INFO|Thread-68193|dumpPacket|   key: LANGUAGE_LIST is: [Ledu.csus.ecs.pc2.core.model.Language; [Ledu.csus.ecs.pc2.core.model.Language;@6c65958f
231209 124934.415|INFO|Thread-68193|dumpPacket|   key: REMOTE_LOGGED_IN_USERS is: [Ledu.csus.ecs.pc2.core.model.ClientId; [Ledu.csus.ecs.pc2.core.model.ClientId;@7609be93
231209 124934.415|INFO|Thread-68193|dumpPacket|   key: CONTEST_TIME_LIST is: [Ledu.csus.ecs.pc2.core.model.ContestTime; [Ledu.csus.ecs.pc2.core.model.ContestTime;@3ddd32f5
231209 124934.415|INFO|Thread-68193|dumpPacket|   key: CONNECTION_HANDLE_ID_LIST is: [Ledu.csus.ecs.pc2.core.transport.ConnectionHandlerID; [Ledu.csus.ecs.pc2.core.transport.ConnectionHandlerID;@16424181
231209 124934.415|INFO|Thread-68193|dumpPacket|   key: PROFILE is: edu.csus.ecs.pc2.core.model.Profile RealDeal--1957769244132597914
231209 124934.415|INFO|Thread-68193|dumpPacket|   key: CLIENT_ID is: edu.csus.ecs.pc2.core.model.ClientId TEAM52 @ site 1
231209 124934.415|INFO|Thread-68193|dumpPacket|   key: SITE_NUMBER is: java.lang.Integer 1
231209 124934.415|INFO|Thread-68193|dumpPacket|   key: CONTEST_INFORMATION is: edu.csus.ecs.pc2.core.model.ContestInformation edu.csus.ecs.pc2.core.model.ContestInformation@56cb672b
231209 124934.415|INFO|Thread-68193|dumpPacket|   key: SITE_LIST is: [Ledu.csus.ecs.pc2.core.model.Site; [Ledu.csus.ecs.pc2.core.model.Site;@6d0db647
231209 124934.415|INFO|Thread-68193|dumpPacket|   key: PROBLEM_DATA_FILES is: [Ledu.csus.ecs.pc2.core.model.ProblemDataFiles; [Ledu.csus.ecs.pc2.core.model.ProblemDataFiles;@39936b89
231209 124934.415|INFO|Thread-68193|dumpPacket|   key: JUDGEMENT_LIST is: [Ledu.csus.ecs.pc2.core.model.Judgement; [Ledu.csus.ecs.pc2.core.model.Judgement;@3dd97b73
231209 124934.415|INFO|Thread-68193|dumpPacket|   key: PROBLEM_LIST is: [Ledu.csus.ecs.pc2.core.model.Problem; [Ledu.csus.ecs.pc2.core.model.Problem;@3026a1dc
231209 124934.415|INFO|Thread-68193|dumpPacket|   key: GROUP_LIST is: [Ledu.csus.ecs.pc2.core.model.Group; [Ledu.csus.ecs.pc2.core.model.Group;@30998611
231209 124934.415|INFO|Thread-68193|dumpPacket|   key: LOCAL_LOGGED_IN_USERS is: [Ledu.csus.ecs.pc2.core.model.ClientId; [Ledu.csus.ecs.pc2.core.model.ClientId;@12747ca8
231209 124934.415|INFO|Thread-68193|dumpPacket|   key: SERVER_CLOCK_OFFSET is: java.util.GregorianCalendar java.util.GregorianCalendar[time=1702147774390,areFieldsSet=true,areAllFieldsSet=false,lenient=true,zone=sun.util.calendar.ZoneInfo[id="GMT",offset=0,dstSavings=0,useDaylight=false,transitions=0,lastRule=null],firstDayOfWeek=1,minimalDaysInFirstWeek=1,ERA=1,YEAR=2023,MONTH=11,WEEK_OF_YEAR=49,WEEK_OF_MONTH=2,DAY_OF_MONTH=9,DAY_OF_YEAR=343,DAY_OF_WEEK=7,DAY_OF_WEEK_IN_MONTH=2,AM_PM=1,HOUR=6,HOUR_OF_DAY=18,MINUTE=49,SECOND=34,MILLISECOND=390,ZONE_OFFSET=0,DST_OFFSET=0]
231209 124934.415|INFO|Thread-68193|dumpPacket|   key: CONTEST_IDENTIFIER is: java.lang.String RealDeal--1957769244132597914
231209 124934.415|INFO|Thread-68193|dumpPacket|   key: BALLOON_SETTINGS_LIST is: [Ledu.csus.ecs.pc2.core.model.BalloonSettings; [Ledu.csus.ecs.pc2.core.model.BalloonSettings;@64008f76
231209 124934.415|INFO|Thread-68193|dumpPacket|   key: RUN_LIST is: [Ledu.csus.ecs.pc2.core.model.Run; [Ledu.csus.ecs.pc2.core.model.Run;@61adfa6b
231209 124934.415|INFO|Thread-68193|dumpPacket|   key: ACCOUNT_ARRAY is: [Ledu.csus.ecs.pc2.core.model.Account; [Ledu.csus.ecs.pc2.core.model.Account;@1d785141
231209 124934.415|INFO|Thread-68193|info|handlePacket start Packet[LOGIN_SUCCESS] #9594 SERVER0 @ site 1 -> TEAM52 @ site 1
231209 124934.415|INFO|Thread-68193|dumpPacket|Packet LOGIN_SUCCESS (Seq #9594, o#9594 ) handlePacket
231209 124934.415|INFO|Thread-68193|dumpPacket|  From: SERVER0 @ site 1, oSERVER0 @ site 1 (DESKTOP-D75BQTV @ 212.212.212.212) (Contest Id: RealDeal--1957769244132597914)
231209 124934.415|INFO|Thread-68193|dumpPacket|    To: TEAM52 @ site 1
231209 124934.415|INFO|Thread-68193|dumpPacket|   key: PROFILE_LIST is: [Ledu.csus.ecs.pc2.core.model.Profile; [Ledu.csus.ecs.pc2.core.model.Profile;@12083bb0
231209 124934.415|INFO|Thread-68193|dumpPacket|   key: GENERAL_PROBLEM is: edu.csus.ecs.pc2.core.model.Problem General
231209 124934.415|INFO|Thread-68193|dumpPacket|   key: CLIENT_SETTINGS_LIST is: [Ledu.csus.ecs.pc2.core.model.ClientSettings; [Ledu.csus.ecs.pc2.core.model.ClientSettings;@1ccfc781
231209 124934.415|INFO|Thread-68193|dumpPacket|   key: CONTEST_TIME is: edu.csus.ecs.pc2.core.model.ContestTime edu.csus.ecs.pc2.core.model.ContestTime@18f050c0
231209 124934.415|INFO|Thread-68193|dumpPacket|   key: CLARIFICATION_LIST is: [Ledu.csus.ecs.pc2.core.model.Clarification; [Ledu.csus.ecs.pc2.core.model.Clarification;@5df2cdba
231209 124934.415|INFO|Thread-68193|dumpPacket|   key: CATEGORY_LIST is: [Ledu.csus.ecs.pc2.core.model.Category; [Ledu.csus.ecs.pc2.core.model.Category;@e74b80f
231209 124934.415|INFO|Thread-68193|dumpPacket|   key: LANGUAGE_LIST is: [Ledu.csus.ecs.pc2.core.model.Language; [Ledu.csus.ecs.pc2.core.model.Language;@6c65958f
231209 124934.415|INFO|Thread-68193|dumpPacket|   key: REMOTE_LOGGED_IN_USERS is: [Ledu.csus.ecs.pc2.core.model.ClientId; [Ledu.csus.ecs.pc2.core.model.ClientId;@7609be93
231209 124934.415|INFO|Thread-68193|dumpPacket|   key: CONTEST_TIME_LIST is: [Ledu.csus.ecs.pc2.core.model.ContestTime; [Ledu.csus.ecs.pc2.core.model.ContestTime;@3ddd32f5
231209 124934.415|INFO|Thread-68193|dumpPacket|   key: CONNECTION_HANDLE_ID_LIST is: [Ledu.csus.ecs.pc2.core.transport.ConnectionHandlerID; [Ledu.csus.ecs.pc2.core.transport.ConnectionHandlerID;@16424181
231209 124934.415|INFO|Thread-68193|dumpPacket|   key: PROFILE is: edu.csus.ecs.pc2.core.model.Profile RealDeal--1957769244132597914
231209 124934.415|INFO|Thread-68193|dumpPacket|   key: CLIENT_ID is: edu.csus.ecs.pc2.core.model.ClientId TEAM52 @ site 1
231209 124934.415|INFO|Thread-68193|dumpPacket|   key: SITE_NUMBER is: java.lang.Integer 1
231209 124934.415|INFO|Thread-68193|dumpPacket|   key: CONTEST_INFORMATION is: edu.csus.ecs.pc2.core.model.ContestInformation edu.csus.ecs.pc2.core.model.ContestInformation@56cb672b
231209 124934.415|INFO|Thread-68193|dumpPacket|   key: SITE_LIST is: [Ledu.csus.ecs.pc2.core.model.Site; [Ledu.csus.ecs.pc2.core.model.Site;@6d0db647
231209 124934.415|INFO|Thread-68193|dumpPacket|   key: PROBLEM_DATA_FILES is: [Ledu.csus.ecs.pc2.core.model.ProblemDataFiles; [Ledu.csus.ecs.pc2.core.model.ProblemDataFiles;@39936b89
231209 124934.415|INFO|Thread-68193|dumpPacket|   key: JUDGEMENT_LIST is: [Ledu.csus.ecs.pc2.core.model.Judgement; [Ledu.csus.ecs.pc2.core.model.Judgement;@3dd97b73
231209 124934.415|INFO|Thread-68193|dumpPacket|   key: PROBLEM_LIST is: [Ledu.csus.ecs.pc2.core.model.Problem; [Ledu.csus.ecs.pc2.core.model.Problem;@3026a1dc
231209 124934.415|INFO|Thread-68193|dumpPacket|   key: GROUP_LIST is: [Ledu.csus.ecs.pc2.core.model.Group; [Ledu.csus.ecs.pc2.core.model.Group;@30998611
231209 124934.415|INFO|Thread-68193|dumpPacket|   key: LOCAL_LOGGED_IN_USERS is: [Ledu.csus.ecs.pc2.core.model.ClientId; [Ledu.csus.ecs.pc2.core.model.ClientId;@12747ca8
231209 124934.415|INFO|Thread-68193|dumpPacket|   key: SERVER_CLOCK_OFFSET is: java.util.GregorianCalendar java.util.GregorianCalendar[time=1702147774390,areFieldsSet=true,areAllFieldsSet=false,lenient=true,zone=sun.util.calendar.ZoneInfo[id="GMT",offset=0,dstSavings=0,useDaylight=false,transitions=0,lastRule=null],firstDayOfWeek=1,minimalDaysInFirstWeek=1,ERA=1,YEAR=2023,MONTH=11,WEEK_OF_YEAR=49,WEEK_OF_MONTH=2,DAY_OF_MONTH=9,DAY_OF_YEAR=343,DAY_OF_WEEK=7,DAY_OF_WEEK_IN_MONTH=2,AM_PM=1,HOUR=6,HOUR_OF_DAY=18,MINUTE=49,SECOND=34,MILLISECOND=390,ZONE_OFFSET=0,DST_OFFSET=0]
231209 124934.415|INFO|Thread-68193|dumpPacket|   key: CONTEST_IDENTIFIER is: java.lang.String RealDeal--1957769244132597914
231209 124934.415|INFO|Thread-68193|dumpPacket|   key: BALLOON_SETTINGS_LIST is: [Ledu.csus.ecs.pc2.core.model.BalloonSettings; [Ledu.csus.ecs.pc2.core.model.BalloonSettings;@64008f76
231209 124934.415|INFO|Thread-68193|dumpPacket|   key: RUN_LIST is: [Ledu.csus.ecs.pc2.core.model.Run; [Ledu.csus.ecs.pc2.core.model.Run;@61adfa6b
231209 124934.415|INFO|Thread-68193|dumpPacket|   key: ACCOUNT_ARRAY is: [Ledu.csus.ecs.pc2.core.model.Account; [Ledu.csus.ecs.pc2.core.model.Account;@1d785141
231209 124952.155|INFO|Thread-68191|connectionDropped|connectionDropped(ConnectionHandlerID myConnectionID) 
