221210 084349.188|CONFIG|qtp996796369-855|setFileHandlers|Now logging to C:\Users\18328\Desktop\pc2\WebTeamInterface-1.1\logs directory.
221210 084349.188|INFO|qtp996796369-855|info|
221210 084349.188|INFO|qtp996796369-855|info|Version 9 () Java ver 18.0.2.1 build  Windows 11 10.0 (amd64) 
221210 084349.188|INFO|qtp996796369-855|info|Login: team17 (aka team17)
221210 084349.189|INFO|qtp996796369-855|startLog|Working directory is C:\Users\18328\Desktop\pc2\WebTeamInterface-1.1
221210 084349.189|INFO|qtp996796369-855|startLog|Process id is 20708@DESKTOP-D75BQTV
221210 084349.189|INFO|qtp996796369-855|info|Contacting server at 212.212.212.212:50002 as TEAM17 @ site 0
221210 084349.189|INFO|qtp996796369-855|info|sendLoginRequest start - sending from TEAM17 @ site 0
221210 084349.189|INFO|qtp996796369-855|sendToLocalServer|Sending packet to server Packet[LOGIN_REQUEST] #246 TEAM17 @ site 0 -> SERVER0 @ site 0
221210 084349.189|INFO|qtp996796369-855|sendToLocalServer|Sent    packet to server Packet[LOGIN_REQUEST] #246 TEAM17 @ site 0 -> SERVER0 @ site 0
221210 084349.190|INFO|qtp996796369-855|info|sendLoginRequest end - packet sent.
221210 084349.190|INFO|Thread-13232|run|send(Serializable)
221210 084349.193|INFO|Thread-13231|receive|public void receive(SealedObject TransportPacket, ConnectionHandlerID connectionHandlerID)
221210 084349.195|INFO|Thread-13233|info| receiveObject(S) start got Packet[LOGIN_SUCCESS] #1508 SERVER0 @ site 1 -> TEAM17 @ site 1
221210 084349.195|INFO|Thread-13233|dumpPacket|Packet LOGIN_SUCCESS (Seq #1508, o#1508 ) recieveObject
221210 084349.195|INFO|Thread-13233|dumpPacket|  From: SERVER0 @ site 1, oSERVER0 @ site 1 (DESKTOP-D75BQTV @ 212.212.212.212) (Contest Id: DryRun--5544400451244233091)
221210 084349.195|INFO|Thread-13233|dumpPacket|    To: TEAM17 @ site 1
221210 084349.195|INFO|Thread-13233|dumpPacket|   key: PROFILE_LIST is: [Ledu.csus.ecs.pc2.core.model.Profile; [Ledu.csus.ecs.pc2.core.model.Profile;@2febb611
221210 084349.195|INFO|Thread-13233|dumpPacket|   key: GENERAL_PROBLEM is: edu.csus.ecs.pc2.core.model.Problem General
221210 084349.195|INFO|Thread-13233|dumpPacket|   key: CLIENT_SETTINGS_LIST is: [Ledu.csus.ecs.pc2.core.model.ClientSettings; [Ledu.csus.ecs.pc2.core.model.ClientSettings;@212c4d9c
221210 084349.195|INFO|Thread-13233|dumpPacket|   key: CONTEST_TIME is: edu.csus.ecs.pc2.core.model.ContestTime edu.csus.ecs.pc2.core.model.ContestTime@2513dd61
221210 084349.195|INFO|Thread-13233|dumpPacket|   key: CLARIFICATION_LIST is: [Ledu.csus.ecs.pc2.core.model.Clarification; [Ledu.csus.ecs.pc2.core.model.Clarification;@601147a7
221210 084349.195|INFO|Thread-13233|dumpPacket|   key: CATEGORY_LIST is: [Ledu.csus.ecs.pc2.core.model.Category; [Ledu.csus.ecs.pc2.core.model.Category;@12383e8a
221210 084349.195|INFO|Thread-13233|dumpPacket|   key: LANGUAGE_LIST is: [Ledu.csus.ecs.pc2.core.model.Language; [Ledu.csus.ecs.pc2.core.model.Language;@51bbc1fc
221210 084349.195|INFO|Thread-13233|dumpPacket|   key: REMOTE_LOGGED_IN_USERS is: [Ledu.csus.ecs.pc2.core.model.ClientId; [Ledu.csus.ecs.pc2.core.model.ClientId;@6a78e67f
221210 084349.195|INFO|Thread-13233|dumpPacket|   key: CONTEST_TIME_LIST is: [Ledu.csus.ecs.pc2.core.model.ContestTime; [Ledu.csus.ecs.pc2.core.model.ContestTime;@3eb8e8
221210 084349.195|INFO|Thread-13233|dumpPacket|   key: CONNECTION_HANDLE_ID_LIST is: [Ledu.csus.ecs.pc2.core.transport.ConnectionHandlerID; [Ledu.csus.ecs.pc2.core.transport.ConnectionHandlerID;@53a11a0b
221210 084349.195|INFO|Thread-13233|dumpPacket|   key: PROFILE is: edu.csus.ecs.pc2.core.model.Profile DryRun--5544400451244233091
221210 084349.195|INFO|Thread-13233|dumpPacket|   key: CLIENT_ID is: edu.csus.ecs.pc2.core.model.ClientId TEAM17 @ site 1
221210 084349.195|INFO|Thread-13233|dumpPacket|   key: SITE_NUMBER is: java.lang.Integer 1
221210 084349.195|INFO|Thread-13233|dumpPacket|   key: CONTEST_INFORMATION is: edu.csus.ecs.pc2.core.model.ContestInformation edu.csus.ecs.pc2.core.model.ContestInformation@5c9a85a2
221210 084349.195|INFO|Thread-13233|dumpPacket|   key: SITE_LIST is: [Ledu.csus.ecs.pc2.core.model.Site; [Ledu.csus.ecs.pc2.core.model.Site;@717ccb50
221210 084349.195|INFO|Thread-13233|dumpPacket|   key: PROBLEM_DATA_FILES is: [Ledu.csus.ecs.pc2.core.model.ProblemDataFiles; [Ledu.csus.ecs.pc2.core.model.ProblemDataFiles;@470c46f
221210 084349.195|INFO|Thread-13233|dumpPacket|   key: JUDGEMENT_LIST is: [Ledu.csus.ecs.pc2.core.model.Judgement; [Ledu.csus.ecs.pc2.core.model.Judgement;@5f5ae7a8
221210 084349.195|INFO|Thread-13233|dumpPacket|   key: PROBLEM_LIST is: [Ledu.csus.ecs.pc2.core.model.Problem; [Ledu.csus.ecs.pc2.core.model.Problem;@57e5de74
221210 084349.195|INFO|Thread-13233|dumpPacket|   key: GROUP_LIST is: [Ledu.csus.ecs.pc2.core.model.Group; [Ledu.csus.ecs.pc2.core.model.Group;@4054a993
221210 084349.195|INFO|Thread-13233|dumpPacket|   key: LOCAL_LOGGED_IN_USERS is: [Ledu.csus.ecs.pc2.core.model.ClientId; [Ledu.csus.ecs.pc2.core.model.ClientId;@42054e4a
221210 084349.195|INFO|Thread-13233|dumpPacket|   key: SERVER_CLOCK_OFFSET is: java.util.GregorianCalendar java.util.GregorianCalendar[time=1670683429191,areFieldsSet=true,areAllFieldsSet=false,lenient=true,zone=sun.util.calendar.ZoneInfo[id="GMT",offset=0,dstSavings=0,useDaylight=false,transitions=0,lastRule=null],firstDayOfWeek=1,minimalDaysInFirstWeek=1,ERA=1,YEAR=2022,MONTH=11,WEEK_OF_YEAR=50,WEEK_OF_MONTH=2,DAY_OF_MONTH=10,DAY_OF_YEAR=344,DAY_OF_WEEK=7,DAY_OF_WEEK_IN_MONTH=2,AM_PM=1,HOUR=2,HOUR_OF_DAY=14,MINUTE=43,SECOND=49,MILLISECOND=191,ZONE_OFFSET=0,DST_OFFSET=0]
221210 084349.195|INFO|Thread-13233|dumpPacket|   key: CONTEST_IDENTIFIER is: java.lang.String DryRun--5544400451244233091
221210 084349.195|INFO|Thread-13233|dumpPacket|   key: BALLOON_SETTINGS_LIST is: [Ledu.csus.ecs.pc2.core.model.BalloonSettings; [Ledu.csus.ecs.pc2.core.model.BalloonSettings;@4a6a8605
221210 084349.195|INFO|Thread-13233|dumpPacket|   key: RUN_LIST is: [Ledu.csus.ecs.pc2.core.model.Run; [Ledu.csus.ecs.pc2.core.model.Run;@3385e742
221210 084349.195|INFO|Thread-13233|dumpPacket|   key: ACCOUNT_ARRAY is: [Ledu.csus.ecs.pc2.core.model.Account; [Ledu.csus.ecs.pc2.core.model.Account;@5678d890
221210 084349.195|INFO|Thread-13233|info|handlePacket start Packet[LOGIN_SUCCESS] #1508 SERVER0 @ site 1 -> TEAM17 @ site 1
221210 084349.195|INFO|Thread-13233|dumpPacket|Packet LOGIN_SUCCESS (Seq #1508, o#1508 ) handlePacket
221210 084349.195|INFO|Thread-13233|dumpPacket|  From: SERVER0 @ site 1, oSERVER0 @ site 1 (DESKTOP-D75BQTV @ 212.212.212.212) (Contest Id: DryRun--5544400451244233091)
221210 084349.196|INFO|Thread-13233|dumpPacket|    To: TEAM17 @ site 1
221210 084349.196|INFO|Thread-13233|dumpPacket|   key: PROFILE_LIST is: [Ledu.csus.ecs.pc2.core.model.Profile; [Ledu.csus.ecs.pc2.core.model.Profile;@2febb611
221210 084349.196|INFO|Thread-13233|dumpPacket|   key: GENERAL_PROBLEM is: edu.csus.ecs.pc2.core.model.Problem General
221210 084349.196|INFO|Thread-13233|dumpPacket|   key: CLIENT_SETTINGS_LIST is: [Ledu.csus.ecs.pc2.core.model.ClientSettings; [Ledu.csus.ecs.pc2.core.model.ClientSettings;@212c4d9c
221210 084349.196|INFO|Thread-13233|dumpPacket|   key: CONTEST_TIME is: edu.csus.ecs.pc2.core.model.ContestTime edu.csus.ecs.pc2.core.model.ContestTime@2513dd61
221210 084349.196|INFO|Thread-13233|dumpPacket|   key: CLARIFICATION_LIST is: [Ledu.csus.ecs.pc2.core.model.Clarification; [Ledu.csus.ecs.pc2.core.model.Clarification;@601147a7
221210 084349.196|INFO|Thread-13233|dumpPacket|   key: CATEGORY_LIST is: [Ledu.csus.ecs.pc2.core.model.Category; [Ledu.csus.ecs.pc2.core.model.Category;@12383e8a
221210 084349.196|INFO|Thread-13233|dumpPacket|   key: LANGUAGE_LIST is: [Ledu.csus.ecs.pc2.core.model.Language; [Ledu.csus.ecs.pc2.core.model.Language;@51bbc1fc
221210 084349.196|INFO|Thread-13233|dumpPacket|   key: REMOTE_LOGGED_IN_USERS is: [Ledu.csus.ecs.pc2.core.model.ClientId; [Ledu.csus.ecs.pc2.core.model.ClientId;@6a78e67f
221210 084349.196|INFO|Thread-13233|dumpPacket|   key: CONTEST_TIME_LIST is: [Ledu.csus.ecs.pc2.core.model.ContestTime; [Ledu.csus.ecs.pc2.core.model.ContestTime;@3eb8e8
221210 084349.196|INFO|Thread-13233|dumpPacket|   key: CONNECTION_HANDLE_ID_LIST is: [Ledu.csus.ecs.pc2.core.transport.ConnectionHandlerID; [Ledu.csus.ecs.pc2.core.transport.ConnectionHandlerID;@53a11a0b
221210 084349.196|INFO|Thread-13233|dumpPacket|   key: PROFILE is: edu.csus.ecs.pc2.core.model.Profile DryRun--5544400451244233091
221210 084349.196|INFO|Thread-13233|dumpPacket|   key: CLIENT_ID is: edu.csus.ecs.pc2.core.model.ClientId TEAM17 @ site 1
221210 084349.196|INFO|Thread-13233|dumpPacket|   key: SITE_NUMBER is: java.lang.Integer 1
221210 084349.196|INFO|Thread-13233|dumpPacket|   key: CONTEST_INFORMATION is: edu.csus.ecs.pc2.core.model.ContestInformation edu.csus.ecs.pc2.core.model.ContestInformation@5c9a85a2
221210 084349.196|INFO|Thread-13233|dumpPacket|   key: SITE_LIST is: [Ledu.csus.ecs.pc2.core.model.Site; [Ledu.csus.ecs.pc2.core.model.Site;@717ccb50
221210 084349.196|INFO|Thread-13233|dumpPacket|   key: PROBLEM_DATA_FILES is: [Ledu.csus.ecs.pc2.core.model.ProblemDataFiles; [Ledu.csus.ecs.pc2.core.model.ProblemDataFiles;@470c46f
221210 084349.196|INFO|Thread-13233|dumpPacket|   key: JUDGEMENT_LIST is: [Ledu.csus.ecs.pc2.core.model.Judgement; [Ledu.csus.ecs.pc2.core.model.Judgement;@5f5ae7a8
221210 084349.196|INFO|Thread-13233|dumpPacket|   key: PROBLEM_LIST is: [Ledu.csus.ecs.pc2.core.model.Problem; [Ledu.csus.ecs.pc2.core.model.Problem;@57e5de74
221210 084349.196|INFO|Thread-13233|dumpPacket|   key: GROUP_LIST is: [Ledu.csus.ecs.pc2.core.model.Group; [Ledu.csus.ecs.pc2.core.model.Group;@4054a993
221210 084349.196|INFO|Thread-13233|dumpPacket|   key: LOCAL_LOGGED_IN_USERS is: [Ledu.csus.ecs.pc2.core.model.ClientId; [Ledu.csus.ecs.pc2.core.model.ClientId;@42054e4a
221210 084349.196|INFO|Thread-13233|dumpPacket|   key: SERVER_CLOCK_OFFSET is: java.util.GregorianCalendar java.util.GregorianCalendar[time=1670683429191,areFieldsSet=true,areAllFieldsSet=false,lenient=true,zone=sun.util.calendar.ZoneInfo[id="GMT",offset=0,dstSavings=0,useDaylight=false,transitions=0,lastRule=null],firstDayOfWeek=1,minimalDaysInFirstWeek=1,ERA=1,YEAR=2022,MONTH=11,WEEK_OF_YEAR=50,WEEK_OF_MONTH=2,DAY_OF_MONTH=10,DAY_OF_YEAR=344,DAY_OF_WEEK=7,DAY_OF_WEEK_IN_MONTH=2,AM_PM=1,HOUR=2,HOUR_OF_DAY=14,MINUTE=43,SECOND=49,MILLISECOND=191,ZONE_OFFSET=0,DST_OFFSET=0]
221210 084349.196|INFO|Thread-13233|dumpPacket|   key: CONTEST_IDENTIFIER is: java.lang.String DryRun--5544400451244233091
221210 084349.196|INFO|Thread-13233|dumpPacket|   key: BALLOON_SETTINGS_LIST is: [Ledu.csus.ecs.pc2.core.model.BalloonSettings; [Ledu.csus.ecs.pc2.core.model.BalloonSettings;@4a6a8605
221210 084349.196|INFO|Thread-13233|dumpPacket|   key: RUN_LIST is: [Ledu.csus.ecs.pc2.core.model.Run; [Ledu.csus.ecs.pc2.core.model.Run;@3385e742
221210 084349.196|INFO|Thread-13233|dumpPacket|   key: ACCOUNT_ARRAY is: [Ledu.csus.ecs.pc2.core.model.Account; [Ledu.csus.ecs.pc2.core.model.Account;@5678d890
221210 100625.177|CONFIG|qtp1613095350-25|setFileHandlers|Now logging to C:\Users\18328\Desktop\pc2\WebTeamInterface-1.1\logs directory.
221210 100625.178|INFO|qtp1613095350-25|info|
221210 100625.178|INFO|qtp1613095350-25|info|Version 9 () Java ver 18.0.2.1 build  Windows 11 10.0 (amd64) 
221210 100625.178|INFO|qtp1613095350-25|info|Login: team17 (aka team17)
221210 100625.178|INFO|qtp1613095350-25|startLog|Working directory is C:\Users\18328\Desktop\pc2\WebTeamInterface-1.1
221210 100625.178|INFO|qtp1613095350-25|startLog|Process id is 22344@DESKTOP-D75BQTV
221210 100625.178|INFO|qtp1613095350-25|info|Contacting server at 212.212.212.212:50002 as TEAM17 @ site 0
221210 100625.178|INFO|qtp1613095350-25|info|sendLoginRequest start - sending from TEAM17 @ site 0
221210 100625.178|INFO|qtp1613095350-25|sendToLocalServer|Sending packet to server Packet[LOGIN_REQUEST] #12 TEAM17 @ site 0 -> SERVER0 @ site 0
221210 100625.179|INFO|qtp1613095350-25|sendToLocalServer|Sent    packet to server Packet[LOGIN_REQUEST] #12 TEAM17 @ site 0 -> SERVER0 @ site 0
221210 100625.179|INFO|qtp1613095350-25|info|sendLoginRequest end - packet sent.
221210 100625.179|INFO|Thread-83|run|send(Serializable)
221210 100625.182|INFO|Thread-82|receive|public void receive(SealedObject TransportPacket, ConnectionHandlerID connectionHandlerID)
221210 100625.184|INFO|Thread-84|info| receiveObject(S) start got Packet[LOGIN_SUCCESS] #2056 SERVER0 @ site 1 -> TEAM17 @ site 1
221210 100625.184|INFO|Thread-84|dumpPacket|Packet LOGIN_SUCCESS (Seq #2056, o#2056 ) recieveObject
221210 100625.184|INFO|Thread-84|dumpPacket|  From: SERVER0 @ site 1, oSERVER0 @ site 1 (DESKTOP-D75BQTV @ 212.212.212.212) (Contest Id: DryRun--5544400451244233091)
221210 100625.184|INFO|Thread-84|dumpPacket|    To: TEAM17 @ site 1
221210 100625.184|INFO|Thread-84|dumpPacket|   key: PROFILE_LIST is: [Ledu.csus.ecs.pc2.core.model.Profile; [Ledu.csus.ecs.pc2.core.model.Profile;@5a66441f
221210 100625.184|INFO|Thread-84|dumpPacket|   key: GENERAL_PROBLEM is: edu.csus.ecs.pc2.core.model.Problem General
221210 100625.184|INFO|Thread-84|dumpPacket|   key: CLIENT_SETTINGS_LIST is: [Ledu.csus.ecs.pc2.core.model.ClientSettings; [Ledu.csus.ecs.pc2.core.model.ClientSettings;@54a1b123
221210 100625.184|INFO|Thread-84|dumpPacket|   key: CONTEST_TIME is: edu.csus.ecs.pc2.core.model.ContestTime edu.csus.ecs.pc2.core.model.ContestTime@509e2f6f
221210 100625.184|INFO|Thread-84|dumpPacket|   key: CLARIFICATION_LIST is: [Ledu.csus.ecs.pc2.core.model.Clarification; [Ledu.csus.ecs.pc2.core.model.Clarification;@159cbb18
221210 100625.184|INFO|Thread-84|dumpPacket|   key: CATEGORY_LIST is: [Ledu.csus.ecs.pc2.core.model.Category; [Ledu.csus.ecs.pc2.core.model.Category;@7db25308
221210 100625.184|INFO|Thread-84|dumpPacket|   key: LANGUAGE_LIST is: [Ledu.csus.ecs.pc2.core.model.Language; [Ledu.csus.ecs.pc2.core.model.Language;@2443cd34
221210 100625.184|INFO|Thread-84|dumpPacket|   key: REMOTE_LOGGED_IN_USERS is: [Ledu.csus.ecs.pc2.core.model.ClientId; [Ledu.csus.ecs.pc2.core.model.ClientId;@5877b84
221210 100625.184|INFO|Thread-84|dumpPacket|   key: CONTEST_TIME_LIST is: [Ledu.csus.ecs.pc2.core.model.ContestTime; [Ledu.csus.ecs.pc2.core.model.ContestTime;@75b34457
221210 100625.184|INFO|Thread-84|dumpPacket|   key: CONNECTION_HANDLE_ID_LIST is: [Ledu.csus.ecs.pc2.core.transport.ConnectionHandlerID; [Ledu.csus.ecs.pc2.core.transport.ConnectionHandlerID;@1af673fa
221210 100625.184|INFO|Thread-84|dumpPacket|   key: PROFILE is: edu.csus.ecs.pc2.core.model.Profile DryRun--5544400451244233091
221210 100625.185|INFO|Thread-84|dumpPacket|   key: CLIENT_ID is: edu.csus.ecs.pc2.core.model.ClientId TEAM17 @ site 1
221210 100625.185|INFO|Thread-84|dumpPacket|   key: SITE_NUMBER is: java.lang.Integer 1
221210 100625.185|INFO|Thread-84|dumpPacket|   key: CONTEST_INFORMATION is: edu.csus.ecs.pc2.core.model.ContestInformation edu.csus.ecs.pc2.core.model.ContestInformation@20e637fd
221210 100625.185|INFO|Thread-84|dumpPacket|   key: SITE_LIST is: [Ledu.csus.ecs.pc2.core.model.Site; [Ledu.csus.ecs.pc2.core.model.Site;@1e83333e
221210 100625.185|INFO|Thread-84|dumpPacket|   key: PROBLEM_DATA_FILES is: [Ledu.csus.ecs.pc2.core.model.ProblemDataFiles; [Ledu.csus.ecs.pc2.core.model.ProblemDataFiles;@71fd5d45
221210 100625.185|INFO|Thread-84|dumpPacket|   key: JUDGEMENT_LIST is: [Ledu.csus.ecs.pc2.core.model.Judgement; [Ledu.csus.ecs.pc2.core.model.Judgement;@583d8923
221210 100625.185|INFO|Thread-84|dumpPacket|   key: PROBLEM_LIST is: [Ledu.csus.ecs.pc2.core.model.Problem; [Ledu.csus.ecs.pc2.core.model.Problem;@49750406
221210 100625.185|INFO|Thread-84|dumpPacket|   key: GROUP_LIST is: [Ledu.csus.ecs.pc2.core.model.Group; [Ledu.csus.ecs.pc2.core.model.Group;@4e68d4d5
221210 100625.185|INFO|Thread-84|dumpPacket|   key: LOCAL_LOGGED_IN_USERS is: [Ledu.csus.ecs.pc2.core.model.ClientId; [Ledu.csus.ecs.pc2.core.model.ClientId;@5564bf28
221210 100625.185|INFO|Thread-84|dumpPacket|   key: SERVER_CLOCK_OFFSET is: java.util.GregorianCalendar java.util.GregorianCalendar[time=1670688385181,areFieldsSet=true,areAllFieldsSet=false,lenient=true,zone=sun.util.calendar.ZoneInfo[id="GMT",offset=0,dstSavings=0,useDaylight=false,transitions=0,lastRule=null],firstDayOfWeek=1,minimalDaysInFirstWeek=1,ERA=1,YEAR=2022,MONTH=11,WEEK_OF_YEAR=50,WEEK_OF_MONTH=2,DAY_OF_MONTH=10,DAY_OF_YEAR=344,DAY_OF_WEEK=7,DAY_OF_WEEK_IN_MONTH=2,AM_PM=1,HOUR=4,HOUR_OF_DAY=16,MINUTE=6,SECOND=25,MILLISECOND=181,ZONE_OFFSET=0,DST_OFFSET=0]
221210 100625.185|INFO|Thread-84|dumpPacket|   key: CONTEST_IDENTIFIER is: java.lang.String DryRun--5544400451244233091
221210 100625.185|INFO|Thread-84|dumpPacket|   key: BALLOON_SETTINGS_LIST is: [Ledu.csus.ecs.pc2.core.model.BalloonSettings; [Ledu.csus.ecs.pc2.core.model.BalloonSettings;@61a45036
221210 100625.185|INFO|Thread-84|dumpPacket|   key: RUN_LIST is: [Ledu.csus.ecs.pc2.core.model.Run; [Ledu.csus.ecs.pc2.core.model.Run;@102d30
221210 100625.185|INFO|Thread-84|dumpPacket|   key: ACCOUNT_ARRAY is: [Ledu.csus.ecs.pc2.core.model.Account; [Ledu.csus.ecs.pc2.core.model.Account;@8d69f9b
221210 100625.185|INFO|Thread-84|info|handlePacket start Packet[LOGIN_SUCCESS] #2056 SERVER0 @ site 1 -> TEAM17 @ site 1
221210 100625.185|INFO|Thread-84|dumpPacket|Packet LOGIN_SUCCESS (Seq #2056, o#2056 ) handlePacket
221210 100625.185|INFO|Thread-84|dumpPacket|  From: SERVER0 @ site 1, oSERVER0 @ site 1 (DESKTOP-D75BQTV @ 212.212.212.212) (Contest Id: DryRun--5544400451244233091)
221210 100625.185|INFO|Thread-84|dumpPacket|    To: TEAM17 @ site 1
221210 100625.185|INFO|Thread-84|dumpPacket|   key: PROFILE_LIST is: [Ledu.csus.ecs.pc2.core.model.Profile; [Ledu.csus.ecs.pc2.core.model.Profile;@5a66441f
221210 100625.185|INFO|Thread-84|dumpPacket|   key: GENERAL_PROBLEM is: edu.csus.ecs.pc2.core.model.Problem General
221210 100625.185|INFO|Thread-84|dumpPacket|   key: CLIENT_SETTINGS_LIST is: [Ledu.csus.ecs.pc2.core.model.ClientSettings; [Ledu.csus.ecs.pc2.core.model.ClientSettings;@54a1b123
221210 100625.185|INFO|Thread-84|dumpPacket|   key: CONTEST_TIME is: edu.csus.ecs.pc2.core.model.ContestTime edu.csus.ecs.pc2.core.model.ContestTime@509e2f6f
221210 100625.185|INFO|Thread-84|dumpPacket|   key: CLARIFICATION_LIST is: [Ledu.csus.ecs.pc2.core.model.Clarification; [Ledu.csus.ecs.pc2.core.model.Clarification;@159cbb18
221210 100625.185|INFO|Thread-84|dumpPacket|   key: CATEGORY_LIST is: [Ledu.csus.ecs.pc2.core.model.Category; [Ledu.csus.ecs.pc2.core.model.Category;@7db25308
221210 100625.185|INFO|Thread-84|dumpPacket|   key: LANGUAGE_LIST is: [Ledu.csus.ecs.pc2.core.model.Language; [Ledu.csus.ecs.pc2.core.model.Language;@2443cd34
221210 100625.185|INFO|Thread-84|dumpPacket|   key: REMOTE_LOGGED_IN_USERS is: [Ledu.csus.ecs.pc2.core.model.ClientId; [Ledu.csus.ecs.pc2.core.model.ClientId;@5877b84
221210 100625.185|INFO|Thread-84|dumpPacket|   key: CONTEST_TIME_LIST is: [Ledu.csus.ecs.pc2.core.model.ContestTime; [Ledu.csus.ecs.pc2.core.model.ContestTime;@75b34457
221210 100625.185|INFO|Thread-84|dumpPacket|   key: CONNECTION_HANDLE_ID_LIST is: [Ledu.csus.ecs.pc2.core.transport.ConnectionHandlerID; [Ledu.csus.ecs.pc2.core.transport.ConnectionHandlerID;@1af673fa
221210 100625.185|INFO|Thread-84|dumpPacket|   key: PROFILE is: edu.csus.ecs.pc2.core.model.Profile DryRun--5544400451244233091
221210 100625.185|INFO|Thread-84|dumpPacket|   key: CLIENT_ID is: edu.csus.ecs.pc2.core.model.ClientId TEAM17 @ site 1
221210 100625.185|INFO|Thread-84|dumpPacket|   key: SITE_NUMBER is: java.lang.Integer 1
221210 100625.185|INFO|Thread-84|dumpPacket|   key: CONTEST_INFORMATION is: edu.csus.ecs.pc2.core.model.ContestInformation edu.csus.ecs.pc2.core.model.ContestInformation@20e637fd
221210 100625.185|INFO|Thread-84|dumpPacket|   key: SITE_LIST is: [Ledu.csus.ecs.pc2.core.model.Site; [Ledu.csus.ecs.pc2.core.model.Site;@1e83333e
221210 100625.186|INFO|Thread-84|dumpPacket|   key: PROBLEM_DATA_FILES is: [Ledu.csus.ecs.pc2.core.model.ProblemDataFiles; [Ledu.csus.ecs.pc2.core.model.ProblemDataFiles;@71fd5d45
221210 100625.186|INFO|Thread-84|dumpPacket|   key: JUDGEMENT_LIST is: [Ledu.csus.ecs.pc2.core.model.Judgement; [Ledu.csus.ecs.pc2.core.model.Judgement;@583d8923
221210 100625.186|INFO|Thread-84|dumpPacket|   key: PROBLEM_LIST is: [Ledu.csus.ecs.pc2.core.model.Problem; [Ledu.csus.ecs.pc2.core.model.Problem;@49750406
221210 100625.186|INFO|Thread-84|dumpPacket|   key: GROUP_LIST is: [Ledu.csus.ecs.pc2.core.model.Group; [Ledu.csus.ecs.pc2.core.model.Group;@4e68d4d5
221210 100625.186|INFO|Thread-84|dumpPacket|   key: LOCAL_LOGGED_IN_USERS is: [Ledu.csus.ecs.pc2.core.model.ClientId; [Ledu.csus.ecs.pc2.core.model.ClientId;@5564bf28
221210 100625.186|INFO|Thread-84|dumpPacket|   key: SERVER_CLOCK_OFFSET is: java.util.GregorianCalendar java.util.GregorianCalendar[time=1670688385181,areFieldsSet=true,areAllFieldsSet=false,lenient=true,zone=sun.util.calendar.ZoneInfo[id="GMT",offset=0,dstSavings=0,useDaylight=false,transitions=0,lastRule=null],firstDayOfWeek=1,minimalDaysInFirstWeek=1,ERA=1,YEAR=2022,MONTH=11,WEEK_OF_YEAR=50,WEEK_OF_MONTH=2,DAY_OF_MONTH=10,DAY_OF_YEAR=344,DAY_OF_WEEK=7,DAY_OF_WEEK_IN_MONTH=2,AM_PM=1,HOUR=4,HOUR_OF_DAY=16,MINUTE=6,SECOND=25,MILLISECOND=181,ZONE_OFFSET=0,DST_OFFSET=0]
221210 100625.186|INFO|Thread-84|dumpPacket|   key: CONTEST_IDENTIFIER is: java.lang.String DryRun--5544400451244233091
221210 100625.186|INFO|Thread-84|dumpPacket|   key: BALLOON_SETTINGS_LIST is: [Ledu.csus.ecs.pc2.core.model.BalloonSettings; [Ledu.csus.ecs.pc2.core.model.BalloonSettings;@61a45036
221210 100625.186|INFO|Thread-84|dumpPacket|   key: RUN_LIST is: [Ledu.csus.ecs.pc2.core.model.Run; [Ledu.csus.ecs.pc2.core.model.Run;@102d30
221210 100625.186|INFO|Thread-84|dumpPacket|   key: ACCOUNT_ARRAY is: [Ledu.csus.ecs.pc2.core.model.Account; [Ledu.csus.ecs.pc2.core.model.Account;@8d69f9b
221210 100750.305|INFO|Thread-139|run|send(Serializable)
221210 100750.325|INFO|Thread-82|receive|public void receive(SealedObject TransportPacket, ConnectionHandlerID connectionHandlerID)
221210 100820.250|INFO|Thread-82|connectionDropped|connectionDropped(ConnectionHandlerID myConnectionID) 
231209 082041.864|CONFIG|qtp135640095-2300|setFileHandlers|Now logging to C:\Users\18328\Desktop\pc2\WebTeamInterface-1.1\logs directory.
231209 082041.872|INFO|qtp135640095-2300|info|
231209 082041.872|INFO|qtp135640095-2300|info|Version 9 () Java ver 18.0.2.1 build  Windows 11 10.0 (amd64) 
231209 082041.872|INFO|qtp135640095-2300|info|Login: team17 (aka team17)
231209 082041.872|INFO|qtp135640095-2300|startLog|Working directory is C:\Users\18328\Desktop\pc2\WebTeamInterface-1.1
231209 082041.872|INFO|qtp135640095-2300|startLog|Process id is 15028@DESKTOP-D75BQTV
231209 082041.872|INFO|qtp135640095-2300|info|Contacting server at localhost:50002 as TEAM17 @ site 0
231209 082041.872|INFO|qtp135640095-2300|info|sendLoginRequest start - sending from TEAM17 @ site 0
231209 082041.872|INFO|qtp135640095-2300|sendToLocalServer|Sending packet to server Packet[LOGIN_REQUEST] #131 TEAM17 @ site 0 -> SERVER0 @ site 0
231209 082041.872|INFO|qtp135640095-2300|sendToLocalServer|Sent    packet to server Packet[LOGIN_REQUEST] #131 TEAM17 @ site 0 -> SERVER0 @ site 0
231209 082041.872|INFO|qtp135640095-2300|info|sendLoginRequest end - packet sent.
231209 082041.872|INFO|Thread-4776|run|send(Serializable)
231209 082041.885|INFO|Thread-4775|receive|public void receive(SealedObject TransportPacket, ConnectionHandlerID connectionHandlerID)
231209 082041.890|INFO|Thread-4777|info| receiveObject(S) start got Packet[LOGIN_SUCCESS] #808 SERVER0 @ site 1 -> TEAM17 @ site 1
231209 082041.890|INFO|Thread-4777|dumpPacket|Packet LOGIN_SUCCESS (Seq #808, o#808 ) recieveObject
231209 082041.890|INFO|Thread-4777|dumpPacket|  From: SERVER0 @ site 1, oSERVER0 @ site 1 (DESKTOP-D75BQTV @ 212.212.212.212) (Contest Id: DryRun--6069080675419338087)
231209 082041.890|INFO|Thread-4777|dumpPacket|    To: TEAM17 @ site 1
231209 082041.890|INFO|Thread-4777|dumpPacket|   key: PROFILE_LIST is: [Ledu.csus.ecs.pc2.core.model.Profile; [Ledu.csus.ecs.pc2.core.model.Profile;@16f977c0
231209 082041.890|INFO|Thread-4777|dumpPacket|   key: GENERAL_PROBLEM is: edu.csus.ecs.pc2.core.model.Problem General
231209 082041.890|INFO|Thread-4777|dumpPacket|   key: CLIENT_SETTINGS_LIST is: [Ledu.csus.ecs.pc2.core.model.ClientSettings; [Ledu.csus.ecs.pc2.core.model.ClientSettings;@183e9b6f
231209 082041.890|INFO|Thread-4777|dumpPacket|   key: CONTEST_TIME is: edu.csus.ecs.pc2.core.model.ContestTime edu.csus.ecs.pc2.core.model.ContestTime@1c011cb0
231209 082041.890|INFO|Thread-4777|dumpPacket|   key: CLARIFICATION_LIST is: [Ledu.csus.ecs.pc2.core.model.Clarification; [Ledu.csus.ecs.pc2.core.model.Clarification;@59039154
231209 082041.890|INFO|Thread-4777|dumpPacket|   key: CATEGORY_LIST is: [Ledu.csus.ecs.pc2.core.model.Category; [Ledu.csus.ecs.pc2.core.model.Category;@419aac3
231209 082041.890|INFO|Thread-4777|dumpPacket|   key: LANGUAGE_LIST is: [Ledu.csus.ecs.pc2.core.model.Language; [Ledu.csus.ecs.pc2.core.model.Language;@6810accc
231209 082041.890|INFO|Thread-4777|dumpPacket|   key: REMOTE_LOGGED_IN_USERS is: [Ledu.csus.ecs.pc2.core.model.ClientId; [Ledu.csus.ecs.pc2.core.model.ClientId;@7ce0c9e2
231209 082041.890|INFO|Thread-4777|dumpPacket|   key: CONTEST_TIME_LIST is: [Ledu.csus.ecs.pc2.core.model.ContestTime; [Ledu.csus.ecs.pc2.core.model.ContestTime;@392c6e1b
231209 082041.890|INFO|Thread-4777|dumpPacket|   key: CONNECTION_HANDLE_ID_LIST is: [Ledu.csus.ecs.pc2.core.transport.ConnectionHandlerID; [Ledu.csus.ecs.pc2.core.transport.ConnectionHandlerID;@70aa844f
231209 082041.890|INFO|Thread-4777|dumpPacket|   key: PROFILE is: edu.csus.ecs.pc2.core.model.Profile DryRun--6069080675419338087
231209 082041.890|INFO|Thread-4777|dumpPacket|   key: CLIENT_ID is: edu.csus.ecs.pc2.core.model.ClientId TEAM17 @ site 1
231209 082041.890|INFO|Thread-4777|dumpPacket|   key: SITE_NUMBER is: java.lang.Integer 1
231209 082041.890|INFO|Thread-4777|dumpPacket|   key: CONTEST_INFORMATION is: edu.csus.ecs.pc2.core.model.ContestInformation edu.csus.ecs.pc2.core.model.ContestInformation@1db1305a
231209 082041.890|INFO|Thread-4777|dumpPacket|   key: SITE_LIST is: [Ledu.csus.ecs.pc2.core.model.Site; [Ledu.csus.ecs.pc2.core.model.Site;@67e445d7
231209 082041.890|INFO|Thread-4777|dumpPacket|   key: PROBLEM_DATA_FILES is: [Ledu.csus.ecs.pc2.core.model.ProblemDataFiles; [Ledu.csus.ecs.pc2.core.model.ProblemDataFiles;@3d62b386
231209 082041.890|INFO|Thread-4777|dumpPacket|   key: JUDGEMENT_LIST is: [Ledu.csus.ecs.pc2.core.model.Judgement; [Ledu.csus.ecs.pc2.core.model.Judgement;@19cec099
231209 082041.890|INFO|Thread-4777|dumpPacket|   key: PROBLEM_LIST is: [Ledu.csus.ecs.pc2.core.model.Problem; [Ledu.csus.ecs.pc2.core.model.Problem;@d69101a
231209 082041.890|INFO|Thread-4777|dumpPacket|   key: GROUP_LIST is: [Ledu.csus.ecs.pc2.core.model.Group; [Ledu.csus.ecs.pc2.core.model.Group;@4866369d
231209 082041.890|INFO|Thread-4777|dumpPacket|   key: LOCAL_LOGGED_IN_USERS is: [Ledu.csus.ecs.pc2.core.model.ClientId; [Ledu.csus.ecs.pc2.core.model.ClientId;@60b04294
231209 082041.890|INFO|Thread-4777|dumpPacket|   key: SERVER_CLOCK_OFFSET is: java.util.GregorianCalendar java.util.GregorianCalendar[time=1702131641881,areFieldsSet=true,areAllFieldsSet=false,lenient=true,zone=sun.util.calendar.ZoneInfo[id="GMT",offset=0,dstSavings=0,useDaylight=false,transitions=0,lastRule=null],firstDayOfWeek=1,minimalDaysInFirstWeek=1,ERA=1,YEAR=2023,MONTH=11,WEEK_OF_YEAR=49,WEEK_OF_MONTH=2,DAY_OF_MONTH=9,DAY_OF_YEAR=343,DAY_OF_WEEK=7,DAY_OF_WEEK_IN_MONTH=2,AM_PM=1,HOUR=2,HOUR_OF_DAY=14,MINUTE=20,SECOND=41,MILLISECOND=881,ZONE_OFFSET=0,DST_OFFSET=0]
231209 082041.890|INFO|Thread-4777|dumpPacket|   key: CONTEST_IDENTIFIER is: java.lang.String DryRun--6069080675419338087
231209 082041.890|INFO|Thread-4777|dumpPacket|   key: BALLOON_SETTINGS_LIST is: [Ledu.csus.ecs.pc2.core.model.BalloonSettings; [Ledu.csus.ecs.pc2.core.model.BalloonSettings;@f158c13
231209 082041.890|INFO|Thread-4777|dumpPacket|   key: RUN_LIST is: [Ledu.csus.ecs.pc2.core.model.Run; [Ledu.csus.ecs.pc2.core.model.Run;@4a39a42b
231209 082041.890|INFO|Thread-4777|dumpPacket|   key: ACCOUNT_ARRAY is: [Ledu.csus.ecs.pc2.core.model.Account; [Ledu.csus.ecs.pc2.core.model.Account;@3392b12f
231209 082041.890|INFO|Thread-4777|info|handlePacket start Packet[LOGIN_SUCCESS] #808 SERVER0 @ site 1 -> TEAM17 @ site 1
231209 082041.890|INFO|Thread-4777|dumpPacket|Packet LOGIN_SUCCESS (Seq #808, o#808 ) handlePacket
231209 082041.890|INFO|Thread-4777|dumpPacket|  From: SERVER0 @ site 1, oSERVER0 @ site 1 (DESKTOP-D75BQTV @ 212.212.212.212) (Contest Id: DryRun--6069080675419338087)
231209 082041.890|INFO|Thread-4777|dumpPacket|    To: TEAM17 @ site 1
231209 082041.890|INFO|Thread-4777|dumpPacket|   key: PROFILE_LIST is: [Ledu.csus.ecs.pc2.core.model.Profile; [Ledu.csus.ecs.pc2.core.model.Profile;@16f977c0
231209 082041.890|INFO|Thread-4777|dumpPacket|   key: GENERAL_PROBLEM is: edu.csus.ecs.pc2.core.model.Problem General
231209 082041.890|INFO|Thread-4777|dumpPacket|   key: CLIENT_SETTINGS_LIST is: [Ledu.csus.ecs.pc2.core.model.ClientSettings; [Ledu.csus.ecs.pc2.core.model.ClientSettings;@183e9b6f
231209 082041.896|INFO|Thread-4777|dumpPacket|   key: CONTEST_TIME is: edu.csus.ecs.pc2.core.model.ContestTime edu.csus.ecs.pc2.core.model.ContestTime@1c011cb0
231209 082041.896|INFO|Thread-4777|dumpPacket|   key: CLARIFICATION_LIST is: [Ledu.csus.ecs.pc2.core.model.Clarification; [Ledu.csus.ecs.pc2.core.model.Clarification;@59039154
231209 082041.896|INFO|Thread-4777|dumpPacket|   key: CATEGORY_LIST is: [Ledu.csus.ecs.pc2.core.model.Category; [Ledu.csus.ecs.pc2.core.model.Category;@419aac3
231209 082041.896|INFO|Thread-4777|dumpPacket|   key: LANGUAGE_LIST is: [Ledu.csus.ecs.pc2.core.model.Language; [Ledu.csus.ecs.pc2.core.model.Language;@6810accc
231209 082041.896|INFO|Thread-4777|dumpPacket|   key: REMOTE_LOGGED_IN_USERS is: [Ledu.csus.ecs.pc2.core.model.ClientId; [Ledu.csus.ecs.pc2.core.model.ClientId;@7ce0c9e2
231209 082041.896|INFO|Thread-4777|dumpPacket|   key: CONTEST_TIME_LIST is: [Ledu.csus.ecs.pc2.core.model.ContestTime; [Ledu.csus.ecs.pc2.core.model.ContestTime;@392c6e1b
231209 082041.896|INFO|Thread-4777|dumpPacket|   key: CONNECTION_HANDLE_ID_LIST is: [Ledu.csus.ecs.pc2.core.transport.ConnectionHandlerID; [Ledu.csus.ecs.pc2.core.transport.ConnectionHandlerID;@70aa844f
231209 082041.896|INFO|Thread-4777|dumpPacket|   key: PROFILE is: edu.csus.ecs.pc2.core.model.Profile DryRun--6069080675419338087
231209 082041.896|INFO|Thread-4777|dumpPacket|   key: CLIENT_ID is: edu.csus.ecs.pc2.core.model.ClientId TEAM17 @ site 1
231209 082041.896|INFO|Thread-4777|dumpPacket|   key: SITE_NUMBER is: java.lang.Integer 1
231209 082041.896|INFO|Thread-4777|dumpPacket|   key: CONTEST_INFORMATION is: edu.csus.ecs.pc2.core.model.ContestInformation edu.csus.ecs.pc2.core.model.ContestInformation@1db1305a
231209 082041.896|INFO|Thread-4777|dumpPacket|   key: SITE_LIST is: [Ledu.csus.ecs.pc2.core.model.Site; [Ledu.csus.ecs.pc2.core.model.Site;@67e445d7
231209 082041.896|INFO|Thread-4777|dumpPacket|   key: PROBLEM_DATA_FILES is: [Ledu.csus.ecs.pc2.core.model.ProblemDataFiles; [Ledu.csus.ecs.pc2.core.model.ProblemDataFiles;@3d62b386
231209 082041.896|INFO|Thread-4777|dumpPacket|   key: JUDGEMENT_LIST is: [Ledu.csus.ecs.pc2.core.model.Judgement; [Ledu.csus.ecs.pc2.core.model.Judgement;@19cec099
231209 082041.896|INFO|Thread-4777|dumpPacket|   key: PROBLEM_LIST is: [Ledu.csus.ecs.pc2.core.model.Problem; [Ledu.csus.ecs.pc2.core.model.Problem;@d69101a
231209 082041.896|INFO|Thread-4777|dumpPacket|   key: GROUP_LIST is: [Ledu.csus.ecs.pc2.core.model.Group; [Ledu.csus.ecs.pc2.core.model.Group;@4866369d
231209 082041.896|INFO|Thread-4777|dumpPacket|   key: LOCAL_LOGGED_IN_USERS is: [Ledu.csus.ecs.pc2.core.model.ClientId; [Ledu.csus.ecs.pc2.core.model.ClientId;@60b04294
231209 082041.896|INFO|Thread-4777|dumpPacket|   key: SERVER_CLOCK_OFFSET is: java.util.GregorianCalendar java.util.GregorianCalendar[time=1702131641881,areFieldsSet=true,areAllFieldsSet=false,lenient=true,zone=sun.util.calendar.ZoneInfo[id="GMT",offset=0,dstSavings=0,useDaylight=false,transitions=0,lastRule=null],firstDayOfWeek=1,minimalDaysInFirstWeek=1,ERA=1,YEAR=2023,MONTH=11,WEEK_OF_YEAR=49,WEEK_OF_MONTH=2,DAY_OF_MONTH=9,DAY_OF_YEAR=343,DAY_OF_WEEK=7,DAY_OF_WEEK_IN_MONTH=2,AM_PM=1,HOUR=2,HOUR_OF_DAY=14,MINUTE=20,SECOND=41,MILLISECOND=881,ZONE_OFFSET=0,DST_OFFSET=0]
231209 082041.896|INFO|Thread-4777|dumpPacket|   key: CONTEST_IDENTIFIER is: java.lang.String DryRun--6069080675419338087
231209 082041.896|INFO|Thread-4777|dumpPacket|   key: BALLOON_SETTINGS_LIST is: [Ledu.csus.ecs.pc2.core.model.BalloonSettings; [Ledu.csus.ecs.pc2.core.model.BalloonSettings;@f158c13
231209 082041.896|INFO|Thread-4777|dumpPacket|   key: RUN_LIST is: [Ledu.csus.ecs.pc2.core.model.Run; [Ledu.csus.ecs.pc2.core.model.Run;@4a39a42b
231209 082041.896|INFO|Thread-4777|dumpPacket|   key: ACCOUNT_ARRAY is: [Ledu.csus.ecs.pc2.core.model.Account; [Ledu.csus.ecs.pc2.core.model.Account;@3392b12f
231209 082747.981|INFO|Thread-10155|run|send(Serializable)
231209 082748.021|INFO|Thread-4775|receive|public void receive(SealedObject TransportPacket, ConnectionHandlerID connectionHandlerID)
231209 082805.114|INFO|Thread-4775|receive|public void receive(SealedObject TransportPacket, ConnectionHandlerID connectionHandlerID)
231209 103309.514|INFO|Thread-4775|connectionDropped|connectionDropped(ConnectionHandlerID myConnectionID) 
