231209 124555.085|CONFIG|qtp135640095-68092|setFileHandlers|Now logging to C:\Users\18328\Desktop\pc2\WebTeamInterface-1.1\logs directory.
231209 124555.085|INFO|qtp135640095-68092|info|
231209 124555.085|INFO|qtp135640095-68092|info|Version 9 () Java ver 18.0.2.1 build  Windows 11 10.0 (amd64) 
231209 124555.085|INFO|qtp135640095-68092|info|Login: team89 (aka team89)
231209 124555.085|INFO|qtp135640095-68092|startLog|Working directory is C:\Users\18328\Desktop\pc2\WebTeamInterface-1.1
231209 124555.085|INFO|qtp135640095-68092|startLog|Process id is 15028@DESKTOP-D75BQTV
231209 124555.085|INFO|qtp135640095-68092|info|Contacting server at localhost:50002 as TEAM89 @ site 0
231209 124555.085|INFO|qtp135640095-68092|info|sendLoginRequest start - sending from TEAM89 @ site 0
231209 124555.085|INFO|qtp135640095-68092|sendToLocalServer|Sending packet to server Packet[LOGIN_REQUEST] #1641 TEAM89 @ site 0 -> SERVER0 @ site 0
231209 124555.085|INFO|qtp135640095-68092|sendToLocalServer|Sent    packet to server Packet[LOGIN_REQUEST] #1641 TEAM89 @ site 0 -> SERVER0 @ site 0
231209 124555.085|INFO|qtp135640095-68092|info|sendLoginRequest end - packet sent.
231209 124555.085|INFO|Thread-68149|run|send(Serializable)
231209 124555.101|INFO|Thread-68148|receive|public void receive(SealedObject TransportPacket, ConnectionHandlerID connectionHandlerID)
231209 124555.108|INFO|Thread-68150|info| receiveObject(S) start got Packet[LOGIN_SUCCESS] #9511 SERVER0 @ site 1 -> TEAM89 @ site 1
231209 124555.108|INFO|Thread-68150|dumpPacket|Packet LOGIN_SUCCESS (Seq #9511, o#9511 ) recieveObject
231209 124555.108|INFO|Thread-68150|dumpPacket|  From: SERVER0 @ site 1, oSERVER0 @ site 1 (DESKTOP-D75BQTV @ 212.212.212.212) (Contest Id: RealDeal--1957769244132597914)
231209 124555.108|INFO|Thread-68150|dumpPacket|    To: TEAM89 @ site 1
231209 124555.108|INFO|Thread-68150|dumpPacket|   key: PROFILE_LIST is: [Ledu.csus.ecs.pc2.core.model.Profile; [Ledu.csus.ecs.pc2.core.model.Profile;@6a880bca
231209 124555.108|INFO|Thread-68150|dumpPacket|   key: GENERAL_PROBLEM is: edu.csus.ecs.pc2.core.model.Problem General
231209 124555.108|INFO|Thread-68150|dumpPacket|   key: CLIENT_SETTINGS_LIST is: [Ledu.csus.ecs.pc2.core.model.ClientSettings; [Ledu.csus.ecs.pc2.core.model.ClientSettings;@644fe8eb
231209 124555.108|INFO|Thread-68150|dumpPacket|   key: CONTEST_TIME is: edu.csus.ecs.pc2.core.model.ContestTime edu.csus.ecs.pc2.core.model.ContestTime@607060ba
231209 124555.108|INFO|Thread-68150|dumpPacket|   key: CLARIFICATION_LIST is: [Ledu.csus.ecs.pc2.core.model.Clarification; [Ledu.csus.ecs.pc2.core.model.Clarification;@2572e2d0
231209 124555.108|INFO|Thread-68150|dumpPacket|   key: CATEGORY_LIST is: [Ledu.csus.ecs.pc2.core.model.Category; [Ledu.csus.ecs.pc2.core.model.Category;@f0e6bef
231209 124555.108|INFO|Thread-68150|dumpPacket|   key: LANGUAGE_LIST is: [Ledu.csus.ecs.pc2.core.model.Language; [Ledu.csus.ecs.pc2.core.model.Language;@141dc255
231209 124555.108|INFO|Thread-68150|dumpPacket|   key: REMOTE_LOGGED_IN_USERS is: [Ledu.csus.ecs.pc2.core.model.ClientId; [Ledu.csus.ecs.pc2.core.model.ClientId;@778b15dc
231209 124555.108|INFO|Thread-68150|dumpPacket|   key: CONTEST_TIME_LIST is: [Ledu.csus.ecs.pc2.core.model.ContestTime; [Ledu.csus.ecs.pc2.core.model.ContestTime;@455d1d9f
231209 124555.108|INFO|Thread-68150|dumpPacket|   key: CONNECTION_HANDLE_ID_LIST is: [Ledu.csus.ecs.pc2.core.transport.ConnectionHandlerID; [Ledu.csus.ecs.pc2.core.transport.ConnectionHandlerID;@39f047c8
231209 124555.108|INFO|Thread-68150|dumpPacket|   key: PROFILE is: edu.csus.ecs.pc2.core.model.Profile RealDeal--1957769244132597914
231209 124555.108|INFO|Thread-68150|dumpPacket|   key: CLIENT_ID is: edu.csus.ecs.pc2.core.model.ClientId TEAM89 @ site 1
231209 124555.108|INFO|Thread-68150|dumpPacket|   key: SITE_NUMBER is: java.lang.Integer 1
231209 124555.108|INFO|Thread-68150|dumpPacket|   key: CONTEST_INFORMATION is: edu.csus.ecs.pc2.core.model.ContestInformation edu.csus.ecs.pc2.core.model.ContestInformation@438525c9
231209 124555.108|INFO|Thread-68150|dumpPacket|   key: SITE_LIST is: [Ledu.csus.ecs.pc2.core.model.Site; [Ledu.csus.ecs.pc2.core.model.Site;@6c8ffd90
231209 124555.108|INFO|Thread-68150|dumpPacket|   key: PROBLEM_DATA_FILES is: [Ledu.csus.ecs.pc2.core.model.ProblemDataFiles; [Ledu.csus.ecs.pc2.core.model.ProblemDataFiles;@4113a47b
231209 124555.108|INFO|Thread-68150|dumpPacket|   key: JUDGEMENT_LIST is: [Ledu.csus.ecs.pc2.core.model.Judgement; [Ledu.csus.ecs.pc2.core.model.Judgement;@7a666596
231209 124555.114|INFO|Thread-68150|dumpPacket|   key: PROBLEM_LIST is: [Ledu.csus.ecs.pc2.core.model.Problem; [Ledu.csus.ecs.pc2.core.model.Problem;@10a7bc7e
231209 124555.114|INFO|Thread-68150|dumpPacket|   key: GROUP_LIST is: [Ledu.csus.ecs.pc2.core.model.Group; [Ledu.csus.ecs.pc2.core.model.Group;@3d7b087
231209 124555.114|INFO|Thread-68150|dumpPacket|   key: LOCAL_LOGGED_IN_USERS is: [Ledu.csus.ecs.pc2.core.model.ClientId; [Ledu.csus.ecs.pc2.core.model.ClientId;@5f3becfa
231209 124555.114|INFO|Thread-68150|dumpPacket|   key: SERVER_CLOCK_OFFSET is: java.util.GregorianCalendar java.util.GregorianCalendar[time=1702147555093,areFieldsSet=true,areAllFieldsSet=false,lenient=true,zone=sun.util.calendar.ZoneInfo[id="GMT",offset=0,dstSavings=0,useDaylight=false,transitions=0,lastRule=null],firstDayOfWeek=1,minimalDaysInFirstWeek=1,ERA=1,YEAR=2023,MONTH=11,WEEK_OF_YEAR=49,WEEK_OF_MONTH=2,DAY_OF_MONTH=9,DAY_OF_YEAR=343,DAY_OF_WEEK=7,DAY_OF_WEEK_IN_MONTH=2,AM_PM=1,HOUR=6,HOUR_OF_DAY=18,MINUTE=45,SECOND=55,MILLISECOND=93,ZONE_OFFSET=0,DST_OFFSET=0]
231209 124555.114|INFO|Thread-68150|dumpPacket|   key: CONTEST_IDENTIFIER is: java.lang.String RealDeal--1957769244132597914
231209 124555.114|INFO|Thread-68150|dumpPacket|   key: BALLOON_SETTINGS_LIST is: [Ledu.csus.ecs.pc2.core.model.BalloonSettings; [Ledu.csus.ecs.pc2.core.model.BalloonSettings;@16b8785e
231209 124555.114|INFO|Thread-68150|dumpPacket|   key: RUN_LIST is: [Ledu.csus.ecs.pc2.core.model.Run; [Ledu.csus.ecs.pc2.core.model.Run;@3b5162bb
231209 124555.114|INFO|Thread-68150|dumpPacket|   key: ACCOUNT_ARRAY is: [Ledu.csus.ecs.pc2.core.model.Account; [Ledu.csus.ecs.pc2.core.model.Account;@53cbede
231209 124555.114|INFO|Thread-68150|info|handlePacket start Packet[LOGIN_SUCCESS] #9511 SERVER0 @ site 1 -> TEAM89 @ site 1
231209 124555.114|INFO|Thread-68150|dumpPacket|Packet LOGIN_SUCCESS (Seq #9511, o#9511 ) handlePacket
231209 124555.114|INFO|Thread-68150|dumpPacket|  From: SERVER0 @ site 1, oSERVER0 @ site 1 (DESKTOP-D75BQTV @ 212.212.212.212) (Contest Id: RealDeal--1957769244132597914)
231209 124555.114|INFO|Thread-68150|dumpPacket|    To: TEAM89 @ site 1
231209 124555.114|INFO|Thread-68150|dumpPacket|   key: PROFILE_LIST is: [Ledu.csus.ecs.pc2.core.model.Profile; [Ledu.csus.ecs.pc2.core.model.Profile;@6a880bca
231209 124555.114|INFO|Thread-68150|dumpPacket|   key: GENERAL_PROBLEM is: edu.csus.ecs.pc2.core.model.Problem General
231209 124555.114|INFO|Thread-68150|dumpPacket|   key: CLIENT_SETTINGS_LIST is: [Ledu.csus.ecs.pc2.core.model.ClientSettings; [Ledu.csus.ecs.pc2.core.model.ClientSettings;@644fe8eb
231209 124555.114|INFO|Thread-68150|dumpPacket|   key: CONTEST_TIME is: edu.csus.ecs.pc2.core.model.ContestTime edu.csus.ecs.pc2.core.model.ContestTime@607060ba
231209 124555.114|INFO|Thread-68150|dumpPacket|   key: CLARIFICATION_LIST is: [Ledu.csus.ecs.pc2.core.model.Clarification; [Ledu.csus.ecs.pc2.core.model.Clarification;@2572e2d0
231209 124555.114|INFO|Thread-68150|dumpPacket|   key: CATEGORY_LIST is: [Ledu.csus.ecs.pc2.core.model.Category; [Ledu.csus.ecs.pc2.core.model.Category;@f0e6bef
231209 124555.114|INFO|Thread-68150|dumpPacket|   key: LANGUAGE_LIST is: [Ledu.csus.ecs.pc2.core.model.Language; [Ledu.csus.ecs.pc2.core.model.Language;@141dc255
231209 124555.114|INFO|Thread-68150|dumpPacket|   key: REMOTE_LOGGED_IN_USERS is: [Ledu.csus.ecs.pc2.core.model.ClientId; [Ledu.csus.ecs.pc2.core.model.ClientId;@778b15dc
231209 124555.114|INFO|Thread-68150|dumpPacket|   key: CONTEST_TIME_LIST is: [Ledu.csus.ecs.pc2.core.model.ContestTime; [Ledu.csus.ecs.pc2.core.model.ContestTime;@455d1d9f
231209 124555.114|INFO|Thread-68150|dumpPacket|   key: CONNECTION_HANDLE_ID_LIST is: [Ledu.csus.ecs.pc2.core.transport.ConnectionHandlerID; [Ledu.csus.ecs.pc2.core.transport.ConnectionHandlerID;@39f047c8
231209 124555.114|INFO|Thread-68150|dumpPacket|   key: PROFILE is: edu.csus.ecs.pc2.core.model.Profile RealDeal--1957769244132597914
231209 124555.114|INFO|Thread-68150|dumpPacket|   key: CLIENT_ID is: edu.csus.ecs.pc2.core.model.ClientId TEAM89 @ site 1
231209 124555.114|INFO|Thread-68150|dumpPacket|   key: SITE_NUMBER is: java.lang.Integer 1
231209 124555.114|INFO|Thread-68150|dumpPacket|   key: CONTEST_INFORMATION is: edu.csus.ecs.pc2.core.model.ContestInformation edu.csus.ecs.pc2.core.model.ContestInformation@438525c9
231209 124555.114|INFO|Thread-68150|dumpPacket|   key: SITE_LIST is: [Ledu.csus.ecs.pc2.core.model.Site; [Ledu.csus.ecs.pc2.core.model.Site;@6c8ffd90
231209 124555.114|INFO|Thread-68150|dumpPacket|   key: PROBLEM_DATA_FILES is: [Ledu.csus.ecs.pc2.core.model.ProblemDataFiles; [Ledu.csus.ecs.pc2.core.model.ProblemDataFiles;@4113a47b
231209 124555.114|INFO|Thread-68150|dumpPacket|   key: JUDGEMENT_LIST is: [Ledu.csus.ecs.pc2.core.model.Judgement; [Ledu.csus.ecs.pc2.core.model.Judgement;@7a666596
231209 124555.114|INFO|Thread-68150|dumpPacket|   key: PROBLEM_LIST is: [Ledu.csus.ecs.pc2.core.model.Problem; [Ledu.csus.ecs.pc2.core.model.Problem;@10a7bc7e
231209 124555.114|INFO|Thread-68150|dumpPacket|   key: GROUP_LIST is: [Ledu.csus.ecs.pc2.core.model.Group; [Ledu.csus.ecs.pc2.core.model.Group;@3d7b087
231209 124555.114|INFO|Thread-68150|dumpPacket|   key: LOCAL_LOGGED_IN_USERS is: [Ledu.csus.ecs.pc2.core.model.ClientId; [Ledu.csus.ecs.pc2.core.model.ClientId;@5f3becfa
231209 124555.114|INFO|Thread-68150|dumpPacket|   key: SERVER_CLOCK_OFFSET is: java.util.GregorianCalendar java.util.GregorianCalendar[time=1702147555093,areFieldsSet=true,areAllFieldsSet=false,lenient=true,zone=sun.util.calendar.ZoneInfo[id="GMT",offset=0,dstSavings=0,useDaylight=false,transitions=0,lastRule=null],firstDayOfWeek=1,minimalDaysInFirstWeek=1,ERA=1,YEAR=2023,MONTH=11,WEEK_OF_YEAR=49,WEEK_OF_MONTH=2,DAY_OF_MONTH=9,DAY_OF_YEAR=343,DAY_OF_WEEK=7,DAY_OF_WEEK_IN_MONTH=2,AM_PM=1,HOUR=6,HOUR_OF_DAY=18,MINUTE=45,SECOND=55,MILLISECOND=93,ZONE_OFFSET=0,DST_OFFSET=0]
231209 124555.114|INFO|Thread-68150|dumpPacket|   key: CONTEST_IDENTIFIER is: java.lang.String RealDeal--1957769244132597914
231209 124555.114|INFO|Thread-68150|dumpPacket|   key: BALLOON_SETTINGS_LIST is: [Ledu.csus.ecs.pc2.core.model.BalloonSettings; [Ledu.csus.ecs.pc2.core.model.BalloonSettings;@16b8785e
231209 124555.114|INFO|Thread-68150|dumpPacket|   key: RUN_LIST is: [Ledu.csus.ecs.pc2.core.model.Run; [Ledu.csus.ecs.pc2.core.model.Run;@3b5162bb
231209 124555.114|INFO|Thread-68150|dumpPacket|   key: ACCOUNT_ARRAY is: [Ledu.csus.ecs.pc2.core.model.Account; [Ledu.csus.ecs.pc2.core.model.Account;@53cbede
231209 124639.838|INFO|Thread-68148|connectionDropped|connectionDropped(ConnectionHandlerID myConnectionID) 
