231209 075808.418|CONFIG|Thread-453|setFileHandlers|Now logging to C:\Users\18328\Desktop\pc2\WebTeamInterface-1.1\logs directory.
231209 075808.418|INFO|Thread-453|info|
231209 075808.420|INFO|Thread-453|info|Version 9 () Java ver 18.0.2.1 build  Windows 11 10.0 (amd64) 
231209 075808.421|INFO|Thread-453|info|Login: team62 (aka team62)
231209 075808.421|INFO|Thread-453|startLog|Working directory is C:\Users\18328\Desktop\pc2\WebTeamInterface-1.1
231209 075808.422|INFO|Thread-453|startLog|Process id is 15028@DESKTOP-D75BQTV
231209 075808.422|INFO|Thread-453|info| handlePacket original LOGIN_SUCCESS after -- all settings loaded 
231209 075808.435|INFO|Thread-453|info|handlePacket end Packet[LOGIN_SUCCESS] #332 SERVER0 @ site 1 -> TEAM62 @ site 1
231209 075808.436|INFO|Thread-453|info| receiveObject(S) end   got Packet[LOGIN_SUCCESS] #332 SERVER0 @ site 1 -> TEAM62 @ site 1
231209 075851.083|INFO|Thread-486|info| receiveObject(S) start got Packet[RUN_JUDGEMENT] #343 SERVER0 @ site 1 -> TEAM62 @ site 1
231209 075851.083|INFO|Thread-486|dumpPacket|Packet RUN_JUDGEMENT (Seq #343, o#343 ) recieveObject
231209 075851.083|INFO|Thread-486|dumpPacket|  From: SERVER0 @ site 1, oSERVER0 @ site 1 (DESKTOP-D75BQTV @ 212.212.212.212) (Contest Id: DryRun--6069080675419338087)
231209 075851.083|INFO|Thread-486|dumpPacket|    To: TEAM62 @ site 1
231209 075851.083|INFO|Thread-486|dumpPacket|   key: JUDGEMENT_RECORD is: edu.csus.ecs.pc2.core.model.JudgementRecord Yes by JUDGE3 @ site 1 judgement Yes-2915828768858405923 id JudgementRecord-8028116788427976848
231209 075851.083|INFO|Thread-486|dumpPacket|   key: RUN is: edu.csus.ecs.pc2.core.model.Run Run 2 JUDGED 16 min 1019326ms from TEAM62 @ site 1 id Run-3018184817164139463 problem DryRun--5056188413862619659 lang Java--8800253324652192008
231209 075851.083|INFO|Thread-486|dumpPacket|   key: CLIENT_ID is: edu.csus.ecs.pc2.core.model.ClientId SERVER0 @ site 1
231209 075851.083|INFO|Thread-486|info|handlePacket start Packet[RUN_JUDGEMENT] #343 SERVER0 @ site 1 -> TEAM62 @ site 1
231209 075851.083|INFO|Thread-486|dumpPacket|Packet RUN_JUDGEMENT (Seq #343, o#343 ) handlePacket
231209 075851.083|INFO|Thread-486|dumpPacket|  From: SERVER0 @ site 1, oSERVER0 @ site 1 (DESKTOP-D75BQTV @ 212.212.212.212) (Contest Id: DryRun--6069080675419338087)
231209 075851.083|INFO|Thread-486|dumpPacket|    To: TEAM62 @ site 1
231209 075851.083|INFO|Thread-486|dumpPacket|   key: JUDGEMENT_RECORD is: edu.csus.ecs.pc2.core.model.JudgementRecord Yes by JUDGE3 @ site 1 judgement Yes-2915828768858405923 id JudgementRecord-8028116788427976848
231209 075851.083|INFO|Thread-486|dumpPacket|   key: RUN is: edu.csus.ecs.pc2.core.model.Run Run 2 JUDGED 16 min 1019326ms from TEAM62 @ site 1 id Run-3018184817164139463 problem DryRun--5056188413862619659 lang Java--8800253324652192008
231209 075851.083|INFO|Thread-486|dumpPacket|   key: CLIENT_ID is: edu.csus.ecs.pc2.core.model.ClientId SERVER0 @ site 1
231209 075851.090|INFO|Thread-486|info| receiveObject(S) end   got Packet[RUN_JUDGEMENT] #343 SERVER0 @ site 1 -> TEAM62 @ site 1
231209 103352.647|INFO|Thread-46365|info| receiveObject(S) start got Packet[CLOCK_STOPPED] #2861 SERVER0 @ site 1 -> SERVER0 @ site 0
231209 103352.647|INFO|Thread-46365|dumpPacket|Packet CLOCK_STOPPED (Seq #2861, o#2861 ) recieveObject
231209 103352.647|INFO|Thread-46365|dumpPacket|  From: SERVER0 @ site 1, oSERVER0 @ site 1 (DESKTOP-D75BQTV @ 212.212.212.212) (Contest Id: DryRun--6069080675419338087)
231209 103352.647|INFO|Thread-46365|dumpPacket|    To: SERVER0 @ site 0
231209 103352.647|INFO|Thread-46365|dumpPacket|   key: SITE_NUMBER is: java.lang.Integer 1
231209 103352.647|INFO|Thread-46365|dumpPacket|   key: CLIENT_ID is: edu.csus.ecs.pc2.core.model.ClientId ADMINISTRATOR1 @ site 1
231209 103352.650|INFO|Thread-46365|info|handlePacket start Packet[CLOCK_STOPPED] #2861 SERVER0 @ site 1 -> SERVER0 @ site 0
231209 103352.650|INFO|Thread-46365|dumpPacket|Packet CLOCK_STOPPED (Seq #2861, o#2861 ) handlePacket
231209 103352.650|INFO|Thread-46365|dumpPacket|  From: SERVER0 @ site 1, oSERVER0 @ site 1 (DESKTOP-D75BQTV @ 212.212.212.212) (Contest Id: DryRun--6069080675419338087)
231209 103352.650|INFO|Thread-46365|dumpPacket|    To: SERVER0 @ site 0
231209 103352.650|INFO|Thread-46365|dumpPacket|   key: SITE_NUMBER is: java.lang.Integer 1
231209 103352.650|INFO|Thread-46365|dumpPacket|   key: CLIENT_ID is: edu.csus.ecs.pc2.core.model.ClientId ADMINISTRATOR1 @ site 1
231209 103352.650|INFO|Thread-46365|info|Clock for site 1 stopped by ADMINISTRATOR1 @ site 1 elapsed 2:52:54
231209 103352.681|INFO|Thread-46365|info| receiveObject(S) end   got Packet[CLOCK_STOPPED] #2861 SERVER0 @ site 1 -> SERVER0 @ site 0
231209 103353.790|INFO|Thread-46733|info| receiveObject(S) start got Packet[CLOCK_STOPPED] #2862 SERVER0 @ site 1 -> SERVER0 @ site 0
231209 103353.790|INFO|Thread-46733|dumpPacket|Packet CLOCK_STOPPED (Seq #2862, o#2862 ) recieveObject
231209 103353.790|INFO|Thread-46733|dumpPacket|  From: SERVER0 @ site 1, oSERVER0 @ site 1 (DESKTOP-D75BQTV @ 212.212.212.212) (Contest Id: DryRun--6069080675419338087)
231209 103353.790|INFO|Thread-46733|dumpPacket|    To: SERVER0 @ site 0
231209 103353.790|INFO|Thread-46733|dumpPacket|   key: SITE_NUMBER is: java.lang.Integer 1
231209 103353.790|INFO|Thread-46733|dumpPacket|   key: CLIENT_ID is: edu.csus.ecs.pc2.core.model.ClientId ADMINISTRATOR1 @ site 1
231209 103353.790|INFO|Thread-46733|info|handlePacket start Packet[CLOCK_STOPPED] #2862 SERVER0 @ site 1 -> SERVER0 @ site 0
231209 103353.790|INFO|Thread-46733|dumpPacket|Packet CLOCK_STOPPED (Seq #2862, o#2862 ) handlePacket
231209 103353.790|INFO|Thread-46733|dumpPacket|  From: SERVER0 @ site 1, oSERVER0 @ site 1 (DESKTOP-D75BQTV @ 212.212.212.212) (Contest Id: DryRun--6069080675419338087)
231209 103353.790|INFO|Thread-46733|dumpPacket|    To: SERVER0 @ site 0
231209 103353.790|INFO|Thread-46733|dumpPacket|   key: SITE_NUMBER is: java.lang.Integer 1
231209 103353.790|INFO|Thread-46733|dumpPacket|   key: CLIENT_ID is: edu.csus.ecs.pc2.core.model.ClientId ADMINISTRATOR1 @ site 1
231209 103353.790|INFO|Thread-46733|info|Clock for site 1 stopped by ADMINISTRATOR1 @ site 1 elapsed 2:52:54
231209 103353.808|INFO|Thread-46733|info| receiveObject(S) end   got Packet[CLOCK_STOPPED] #2862 SERVER0 @ site 1 -> SERVER0 @ site 0
231209 103356.365|INFO|Thread-47086|info| receiveObject(S) start got Packet[CLOCK_STOPPED] #2863 SERVER0 @ site 1 -> SERVER0 @ site 0
231209 103356.365|INFO|Thread-47086|dumpPacket|Packet CLOCK_STOPPED (Seq #2863, o#2863 ) recieveObject
231209 103356.365|INFO|Thread-47086|dumpPacket|  From: SERVER0 @ site 1, oSERVER0 @ site 1 (DESKTOP-D75BQTV @ 212.212.212.212) (Contest Id: DryRun--6069080675419338087)
231209 103356.365|INFO|Thread-47086|dumpPacket|    To: SERVER0 @ site 0
231209 103356.365|INFO|Thread-47086|dumpPacket|   key: SITE_NUMBER is: java.lang.Integer 1
231209 103356.365|INFO|Thread-47086|dumpPacket|   key: CLIENT_ID is: edu.csus.ecs.pc2.core.model.ClientId ADMINISTRATOR1 @ site 1
231209 103356.365|INFO|Thread-47086|info|handlePacket start Packet[CLOCK_STOPPED] #2863 SERVER0 @ site 1 -> SERVER0 @ site 0
231209 103356.365|INFO|Thread-47086|dumpPacket|Packet CLOCK_STOPPED (Seq #2863, o#2863 ) handlePacket
231209 103356.365|INFO|Thread-47086|dumpPacket|  From: SERVER0 @ site 1, oSERVER0 @ site 1 (DESKTOP-D75BQTV @ 212.212.212.212) (Contest Id: DryRun--6069080675419338087)
231209 103356.365|INFO|Thread-47086|dumpPacket|    To: SERVER0 @ site 0
231209 103356.365|INFO|Thread-47086|dumpPacket|   key: SITE_NUMBER is: java.lang.Integer 1
231209 103356.365|INFO|Thread-47086|dumpPacket|   key: CLIENT_ID is: edu.csus.ecs.pc2.core.model.ClientId ADMINISTRATOR1 @ site 1
231209 103356.365|INFO|Thread-47086|info|Clock for site 1 stopped by ADMINISTRATOR1 @ site 1 elapsed 2:52:54
231209 103356.421|INFO|Thread-47086|info| receiveObject(S) end   got Packet[CLOCK_STOPPED] #2863 SERVER0 @ site 1 -> SERVER0 @ site 0
231209 103358.744|INFO|Thread-47452|info| receiveObject(S) start got Packet[CLOCK_STOPPED] #2864 SERVER0 @ site 1 -> SERVER0 @ site 0
231209 103358.744|INFO|Thread-47452|dumpPacket|Packet CLOCK_STOPPED (Seq #2864, o#2864 ) recieveObject
231209 103358.744|INFO|Thread-47452|dumpPacket|  From: SERVER0 @ site 1, oSERVER0 @ site 1 (DESKTOP-D75BQTV @ 212.212.212.212) (Contest Id: DryRun--6069080675419338087)
231209 103358.744|INFO|Thread-47452|dumpPacket|    To: SERVER0 @ site 0
231209 103358.744|INFO|Thread-47452|dumpPacket|   key: SITE_NUMBER is: java.lang.Integer 1
231209 103358.744|INFO|Thread-47452|dumpPacket|   key: CLIENT_ID is: edu.csus.ecs.pc2.core.model.ClientId ADMINISTRATOR1 @ site 1
231209 103358.744|INFO|Thread-47452|info|handlePacket start Packet[CLOCK_STOPPED] #2864 SERVER0 @ site 1 -> SERVER0 @ site 0
231209 103358.744|INFO|Thread-47452|dumpPacket|Packet CLOCK_STOPPED (Seq #2864, o#2864 ) handlePacket
231209 103358.744|INFO|Thread-47452|dumpPacket|  From: SERVER0 @ site 1, oSERVER0 @ site 1 (DESKTOP-D75BQTV @ 212.212.212.212) (Contest Id: DryRun--6069080675419338087)
231209 103358.744|INFO|Thread-47452|dumpPacket|    To: SERVER0 @ site 0
231209 103358.744|INFO|Thread-47452|dumpPacket|   key: SITE_NUMBER is: java.lang.Integer 1
231209 103358.744|INFO|Thread-47452|dumpPacket|   key: CLIENT_ID is: edu.csus.ecs.pc2.core.model.ClientId ADMINISTRATOR1 @ site 1
231209 103358.744|INFO|Thread-47452|info|Clock for site 1 stopped by ADMINISTRATOR1 @ site 1 elapsed 2:52:54
231209 103358.765|INFO|Thread-47452|info| receiveObject(S) end   got Packet[CLOCK_STOPPED] #2864 SERVER0 @ site 1 -> SERVER0 @ site 0
231209 103358.937|INFO|Thread-47807|info| receiveObject(S) start got Packet[CLOCK_STOPPED] #2865 SERVER0 @ site 1 -> SERVER0 @ site 0
231209 103358.937|INFO|Thread-47807|dumpPacket|Packet CLOCK_STOPPED (Seq #2865, o#2865 ) recieveObject
231209 103358.937|INFO|Thread-47807|dumpPacket|  From: SERVER0 @ site 1, oSERVER0 @ site 1 (DESKTOP-D75BQTV @ 212.212.212.212) (Contest Id: DryRun--6069080675419338087)
231209 103358.937|INFO|Thread-47807|dumpPacket|    To: SERVER0 @ site 0
231209 103358.937|INFO|Thread-47807|dumpPacket|   key: SITE_NUMBER is: java.lang.Integer 1
231209 103358.937|INFO|Thread-47807|dumpPacket|   key: CLIENT_ID is: edu.csus.ecs.pc2.core.model.ClientId ADMINISTRATOR1 @ site 1
231209 103358.937|INFO|Thread-47807|info|handlePacket start Packet[CLOCK_STOPPED] #2865 SERVER0 @ site 1 -> SERVER0 @ site 0
231209 103358.937|INFO|Thread-47807|dumpPacket|Packet CLOCK_STOPPED (Seq #2865, o#2865 ) handlePacket
231209 103358.937|INFO|Thread-47807|dumpPacket|  From: SERVER0 @ site 1, oSERVER0 @ site 1 (DESKTOP-D75BQTV @ 212.212.212.212) (Contest Id: DryRun--6069080675419338087)
231209 103358.937|INFO|Thread-47807|dumpPacket|    To: SERVER0 @ site 0
231209 103358.937|INFO|Thread-47807|dumpPacket|   key: SITE_NUMBER is: java.lang.Integer 1
231209 103358.937|INFO|Thread-47807|dumpPacket|   key: CLIENT_ID is: edu.csus.ecs.pc2.core.model.ClientId ADMINISTRATOR1 @ site 1
231209 103358.937|INFO|Thread-47807|info|Clock for site 1 stopped by ADMINISTRATOR1 @ site 1 elapsed 2:52:54
231209 103358.949|INFO|Thread-47807|info| receiveObject(S) end   got Packet[CLOCK_STOPPED] #2865 SERVER0 @ site 1 -> SERVER0 @ site 0
231209 103359.132|INFO|Thread-48227|info| receiveObject(S) start got Packet[CLOCK_STOPPED] #2866 SERVER0 @ site 1 -> SERVER0 @ site 0
231209 103359.132|INFO|Thread-48227|dumpPacket|Packet CLOCK_STOPPED (Seq #2866, o#2866 ) recieveObject
231209 103359.132|INFO|Thread-48227|dumpPacket|  From: SERVER0 @ site 1, oSERVER0 @ site 1 (DESKTOP-D75BQTV @ 212.212.212.212) (Contest Id: DryRun--6069080675419338087)
231209 103359.132|INFO|Thread-48227|dumpPacket|    To: SERVER0 @ site 0
231209 103359.132|INFO|Thread-48227|dumpPacket|   key: SITE_NUMBER is: java.lang.Integer 1
231209 103359.132|INFO|Thread-48227|dumpPacket|   key: CLIENT_ID is: edu.csus.ecs.pc2.core.model.ClientId ADMINISTRATOR1 @ site 1
231209 103359.132|INFO|Thread-48227|info|handlePacket start Packet[CLOCK_STOPPED] #2866 SERVER0 @ site 1 -> SERVER0 @ site 0
231209 103359.132|INFO|Thread-48227|dumpPacket|Packet CLOCK_STOPPED (Seq #2866, o#2866 ) handlePacket
231209 103359.132|INFO|Thread-48227|dumpPacket|  From: SERVER0 @ site 1, oSERVER0 @ site 1 (DESKTOP-D75BQTV @ 212.212.212.212) (Contest Id: DryRun--6069080675419338087)
231209 103359.132|INFO|Thread-48227|dumpPacket|    To: SERVER0 @ site 0
231209 103359.132|INFO|Thread-48227|dumpPacket|   key: SITE_NUMBER is: java.lang.Integer 1
231209 103359.132|INFO|Thread-48227|dumpPacket|   key: CLIENT_ID is: edu.csus.ecs.pc2.core.model.ClientId ADMINISTRATOR1 @ site 1
231209 103359.132|INFO|Thread-48227|info|Clock for site 1 stopped by ADMINISTRATOR1 @ site 1 elapsed 2:52:54
231209 103359.157|INFO|Thread-48227|info| receiveObject(S) end   got Packet[CLOCK_STOPPED] #2866 SERVER0 @ site 1 -> SERVER0 @ site 0
231209 103359.288|INFO|Thread-48550|info| receiveObject(S) start got Packet[CLOCK_STOPPED] #2867 SERVER0 @ site 1 -> SERVER0 @ site 0
231209 103359.288|INFO|Thread-48550|dumpPacket|Packet CLOCK_STOPPED (Seq #2867, o#2867 ) recieveObject
231209 103359.288|INFO|Thread-48550|dumpPacket|  From: SERVER0 @ site 1, oSERVER0 @ site 1 (DESKTOP-D75BQTV @ 212.212.212.212) (Contest Id: DryRun--6069080675419338087)
231209 103359.288|INFO|Thread-48550|dumpPacket|    To: SERVER0 @ site 0
231209 103359.288|INFO|Thread-48550|dumpPacket|   key: SITE_NUMBER is: java.lang.Integer 1
231209 103359.288|INFO|Thread-48550|dumpPacket|   key: CLIENT_ID is: edu.csus.ecs.pc2.core.model.ClientId ADMINISTRATOR1 @ site 1
231209 103359.288|INFO|Thread-48550|info|handlePacket start Packet[CLOCK_STOPPED] #2867 SERVER0 @ site 1 -> SERVER0 @ site 0
231209 103359.288|INFO|Thread-48550|dumpPacket|Packet CLOCK_STOPPED (Seq #2867, o#2867 ) handlePacket
231209 103359.288|INFO|Thread-48550|dumpPacket|  From: SERVER0 @ site 1, oSERVER0 @ site 1 (DESKTOP-D75BQTV @ 212.212.212.212) (Contest Id: DryRun--6069080675419338087)
231209 103359.288|INFO|Thread-48550|dumpPacket|    To: SERVER0 @ site 0
231209 103359.288|INFO|Thread-48550|dumpPacket|   key: SITE_NUMBER is: java.lang.Integer 1
231209 103359.288|INFO|Thread-48550|dumpPacket|   key: CLIENT_ID is: edu.csus.ecs.pc2.core.model.ClientId ADMINISTRATOR1 @ site 1
231209 103359.288|INFO|Thread-48550|info|Clock for site 1 stopped by ADMINISTRATOR1 @ site 1 elapsed 2:52:54
231209 103359.288|INFO|Thread-48550|info| receiveObject(S) end   got Packet[CLOCK_STOPPED] #2867 SERVER0 @ site 1 -> SERVER0 @ site 0
231209 103412.633|INFO|Thread-48917|info| receiveObject(S) start got Packet[UPDATE_CLIENT_PROFILE] #2930 SERVER0 @ site 1 -> TEAM62 @ site 1
231209 103412.633|INFO|Thread-48917|dumpPacket|Packet UPDATE_CLIENT_PROFILE (Seq #2930, o#2930 ) recieveObject
231209 103412.633|INFO|Thread-48917|dumpPacket|  From: SERVER0 @ site 1, oSERVER0 @ site 1 (DESKTOP-D75BQTV @ 212.212.212.212) (Contest Id: BackupWoods-7963625928462800615)
231209 103412.633|INFO|Thread-48917|dumpPacket|    To: TEAM62 @ site 1
231209 103412.633|INFO|Thread-48917|dumpPacket|   key: PROFILE_LIST is: [Ledu.csus.ecs.pc2.core.model.Profile; [Ledu.csus.ecs.pc2.core.model.Profile;@73e6555f
231209 103412.633|INFO|Thread-48917|dumpPacket|   key: GENERAL_PROBLEM is: edu.csus.ecs.pc2.core.model.Problem General
231209 103412.633|INFO|Thread-48917|dumpPacket|   key: CONTEST_TIME is: edu.csus.ecs.pc2.core.model.ContestTime edu.csus.ecs.pc2.core.model.ContestTime@7d21a553
231209 103412.633|INFO|Thread-48917|dumpPacket|   key: CLIENT_SETTINGS_LIST is: [Ledu.csus.ecs.pc2.core.model.ClientSettings; [Ledu.csus.ecs.pc2.core.model.ClientSettings;@791e3e2f
231209 103412.633|INFO|Thread-48917|dumpPacket|   key: CLARIFICATION_LIST is: [Ledu.csus.ecs.pc2.core.model.Clarification; [Ledu.csus.ecs.pc2.core.model.Clarification;@3c1caf68
231209 103412.633|INFO|Thread-48917|dumpPacket|   key: CATEGORY_LIST is: [Ledu.csus.ecs.pc2.core.model.Category; [Ledu.csus.ecs.pc2.core.model.Category;@7d115919
231209 103412.633|INFO|Thread-48917|dumpPacket|   key: LANGUAGE_LIST is: [Ledu.csus.ecs.pc2.core.model.Language; [Ledu.csus.ecs.pc2.core.model.Language;@dea70d5
231209 103412.633|INFO|Thread-48917|dumpPacket|   key: REMOTE_LOGGED_IN_USERS is: [Ledu.csus.ecs.pc2.core.model.ClientId; [Ledu.csus.ecs.pc2.core.model.ClientId;@50dd801
231209 103412.633|INFO|Thread-48917|dumpPacket|   key: CONTEST_TIME_LIST is: [Ledu.csus.ecs.pc2.core.model.ContestTime; [Ledu.csus.ecs.pc2.core.model.ContestTime;@5c335027
231209 103412.633|INFO|Thread-48917|dumpPacket|   key: CONNECTION_HANDLE_ID_LIST is: [Ledu.csus.ecs.pc2.core.transport.ConnectionHandlerID; [Ledu.csus.ecs.pc2.core.transport.ConnectionHandlerID;@2b9d1329
231209 103412.633|INFO|Thread-48917|dumpPacket|   key: PROFILE is: edu.csus.ecs.pc2.core.model.Profile BackupWoods-7963625928462800615
231209 103412.633|INFO|Thread-48917|dumpPacket|   key: CLIENT_ID is: edu.csus.ecs.pc2.core.model.ClientId TEAM62 @ site 1
231209 103412.633|INFO|Thread-48917|dumpPacket|   key: SITE_NUMBER is: java.lang.Integer 1
231209 103412.633|INFO|Thread-48917|dumpPacket|   key: CONTEST_INFORMATION is: edu.csus.ecs.pc2.core.model.ContestInformation edu.csus.ecs.pc2.core.model.ContestInformation@75afa257
231209 103412.633|INFO|Thread-48917|dumpPacket|   key: SITE_LIST is: [Ledu.csus.ecs.pc2.core.model.Site; [Ledu.csus.ecs.pc2.core.model.Site;@1e09b133
231209 103412.633|INFO|Thread-48917|dumpPacket|   key: PROBLEM_DATA_FILES is: [Ledu.csus.ecs.pc2.core.model.ProblemDataFiles; [Ledu.csus.ecs.pc2.core.model.ProblemDataFiles;@587d68bd
231209 103412.633|INFO|Thread-48917|dumpPacket|   key: JUDGEMENT_LIST is: [Ledu.csus.ecs.pc2.core.model.Judgement; [Ledu.csus.ecs.pc2.core.model.Judgement;@1bba2cc0
231209 103412.633|INFO|Thread-48917|dumpPacket|   key: PROBLEM_LIST is: [Ledu.csus.ecs.pc2.core.model.Problem; [Ledu.csus.ecs.pc2.core.model.Problem;@130f88fa
231209 103412.633|INFO|Thread-48917|dumpPacket|   key: GROUP_LIST is: [Ledu.csus.ecs.pc2.core.model.Group; [Ledu.csus.ecs.pc2.core.model.Group;@40dc2381
231209 103412.633|INFO|Thread-48917|dumpPacket|   key: LOCAL_LOGGED_IN_USERS is: [Ledu.csus.ecs.pc2.core.model.ClientId; [Ledu.csus.ecs.pc2.core.model.ClientId;@73d793a7
231209 103412.633|INFO|Thread-48917|dumpPacket|   key: SERVER_CLOCK_OFFSET is: java.util.GregorianCalendar java.util.GregorianCalendar[time=1702139652233,areFieldsSet=true,areAllFieldsSet=false,lenient=true,zone=sun.util.calendar.ZoneInfo[id="GMT",offset=0,dstSavings=0,useDaylight=false,transitions=0,lastRule=null],firstDayOfWeek=1,minimalDaysInFirstWeek=1,ERA=1,YEAR=2023,MONTH=11,WEEK_OF_YEAR=49,WEEK_OF_MONTH=2,DAY_OF_MONTH=9,DAY_OF_YEAR=343,DAY_OF_WEEK=7,DAY_OF_WEEK_IN_MONTH=2,AM_PM=1,HOUR=4,HOUR_OF_DAY=16,MINUTE=34,SECOND=12,MILLISECOND=233,ZONE_OFFSET=0,DST_OFFSET=0]
231209 103412.633|INFO|Thread-48917|dumpPacket|   key: NEW_PROFILE is: edu.csus.ecs.pc2.core.model.Profile BackupWoods-7963625928462800615
231209 103412.633|INFO|Thread-48917|dumpPacket|   key: CONTEST_IDENTIFIER is: java.lang.String BackupWoods-7963625928462800615
231209 103412.633|INFO|Thread-48917|dumpPacket|   key: BALLOON_SETTINGS_LIST is: [Ledu.csus.ecs.pc2.core.model.BalloonSettings; [Ledu.csus.ecs.pc2.core.model.BalloonSettings;@39c16d31
231209 103412.633|INFO|Thread-48917|dumpPacket|   key: RUN_LIST is: [Ledu.csus.ecs.pc2.core.model.Run; [Ledu.csus.ecs.pc2.core.model.Run;@56e66aab
231209 103412.633|INFO|Thread-48917|dumpPacket|   key: ACCOUNT_ARRAY is: [Ledu.csus.ecs.pc2.core.model.Account; [Ledu.csus.ecs.pc2.core.model.Account;@77879bdd
231209 103412.633|INFO|Thread-48917|info|handlePacket start Packet[UPDATE_CLIENT_PROFILE] #2930 SERVER0 @ site 1 -> TEAM62 @ site 1
231209 103412.633|INFO|Thread-48917|dumpPacket|Packet UPDATE_CLIENT_PROFILE (Seq #2930, o#2930 ) handlePacket
231209 103412.633|INFO|Thread-48917|dumpPacket|  From: SERVER0 @ site 1, oSERVER0 @ site 1 (DESKTOP-D75BQTV @ 212.212.212.212) (Contest Id: BackupWoods-7963625928462800615)
231209 103412.633|INFO|Thread-48917|dumpPacket|    To: TEAM62 @ site 1
231209 103412.633|INFO|Thread-48917|dumpPacket|   key: PROFILE_LIST is: [Ledu.csus.ecs.pc2.core.model.Profile; [Ledu.csus.ecs.pc2.core.model.Profile;@73e6555f
231209 103412.633|INFO|Thread-48917|dumpPacket|   key: GENERAL_PROBLEM is: edu.csus.ecs.pc2.core.model.Problem General
231209 103412.633|INFO|Thread-48917|dumpPacket|   key: CONTEST_TIME is: edu.csus.ecs.pc2.core.model.ContestTime edu.csus.ecs.pc2.core.model.ContestTime@7d21a553
231209 103412.633|INFO|Thread-48917|dumpPacket|   key: CLIENT_SETTINGS_LIST is: [Ledu.csus.ecs.pc2.core.model.ClientSettings; [Ledu.csus.ecs.pc2.core.model.ClientSettings;@791e3e2f
231209 103412.633|INFO|Thread-48917|dumpPacket|   key: CLARIFICATION_LIST is: [Ledu.csus.ecs.pc2.core.model.Clarification; [Ledu.csus.ecs.pc2.core.model.Clarification;@3c1caf68
231209 103412.633|INFO|Thread-48917|dumpPacket|   key: CATEGORY_LIST is: [Ledu.csus.ecs.pc2.core.model.Category; [Ledu.csus.ecs.pc2.core.model.Category;@7d115919
231209 103412.633|INFO|Thread-48917|dumpPacket|   key: LANGUAGE_LIST is: [Ledu.csus.ecs.pc2.core.model.Language; [Ledu.csus.ecs.pc2.core.model.Language;@dea70d5
231209 103412.633|INFO|Thread-48917|dumpPacket|   key: REMOTE_LOGGED_IN_USERS is: [Ledu.csus.ecs.pc2.core.model.ClientId; [Ledu.csus.ecs.pc2.core.model.ClientId;@50dd801
231209 103412.633|INFO|Thread-48917|dumpPacket|   key: CONTEST_TIME_LIST is: [Ledu.csus.ecs.pc2.core.model.ContestTime; [Ledu.csus.ecs.pc2.core.model.ContestTime;@5c335027
231209 103412.633|INFO|Thread-48917|dumpPacket|   key: CONNECTION_HANDLE_ID_LIST is: [Ledu.csus.ecs.pc2.core.transport.ConnectionHandlerID; [Ledu.csus.ecs.pc2.core.transport.ConnectionHandlerID;@2b9d1329
231209 103412.633|INFO|Thread-48917|dumpPacket|   key: PROFILE is: edu.csus.ecs.pc2.core.model.Profile BackupWoods-7963625928462800615
231209 103412.633|INFO|Thread-48917|dumpPacket|   key: CLIENT_ID is: edu.csus.ecs.pc2.core.model.ClientId TEAM62 @ site 1
231209 103412.633|INFO|Thread-48917|dumpPacket|   key: SITE_NUMBER is: java.lang.Integer 1
231209 103412.633|INFO|Thread-48917|dumpPacket|   key: CONTEST_INFORMATION is: edu.csus.ecs.pc2.core.model.ContestInformation edu.csus.ecs.pc2.core.model.ContestInformation@75afa257
231209 103412.633|INFO|Thread-48917|dumpPacket|   key: SITE_LIST is: [Ledu.csus.ecs.pc2.core.model.Site; [Ledu.csus.ecs.pc2.core.model.Site;@1e09b133
231209 103412.633|INFO|Thread-48917|dumpPacket|   key: PROBLEM_DATA_FILES is: [Ledu.csus.ecs.pc2.core.model.ProblemDataFiles; [Ledu.csus.ecs.pc2.core.model.ProblemDataFiles;@587d68bd
231209 103412.633|INFO|Thread-48917|dumpPacket|   key: JUDGEMENT_LIST is: [Ledu.csus.ecs.pc2.core.model.Judgement; [Ledu.csus.ecs.pc2.core.model.Judgement;@1bba2cc0
231209 103412.633|INFO|Thread-48917|dumpPacket|   key: PROBLEM_LIST is: [Ledu.csus.ecs.pc2.core.model.Problem; [Ledu.csus.ecs.pc2.core.model.Problem;@130f88fa
231209 103412.633|INFO|Thread-48917|dumpPacket|   key: GROUP_LIST is: [Ledu.csus.ecs.pc2.core.model.Group; [Ledu.csus.ecs.pc2.core.model.Group;@40dc2381
231209 103412.633|INFO|Thread-48917|dumpPacket|   key: LOCAL_LOGGED_IN_USERS is: [Ledu.csus.ecs.pc2.core.model.ClientId; [Ledu.csus.ecs.pc2.core.model.ClientId;@73d793a7
231209 103412.633|INFO|Thread-48917|dumpPacket|   key: SERVER_CLOCK_OFFSET is: java.util.GregorianCalendar java.util.GregorianCalendar[time=1702139652233,areFieldsSet=true,areAllFieldsSet=false,lenient=true,zone=sun.util.calendar.ZoneInfo[id="GMT",offset=0,dstSavings=0,useDaylight=false,transitions=0,lastRule=null],firstDayOfWeek=1,minimalDaysInFirstWeek=1,ERA=1,YEAR=2023,MONTH=11,WEEK_OF_YEAR=49,WEEK_OF_MONTH=2,DAY_OF_MONTH=9,DAY_OF_YEAR=343,DAY_OF_WEEK=7,DAY_OF_WEEK_IN_MONTH=2,AM_PM=1,HOUR=4,HOUR_OF_DAY=16,MINUTE=34,SECOND=12,MILLISECOND=233,ZONE_OFFSET=0,DST_OFFSET=0]
231209 103412.633|INFO|Thread-48917|dumpPacket|   key: NEW_PROFILE is: edu.csus.ecs.pc2.core.model.Profile BackupWoods-7963625928462800615
231209 103412.633|INFO|Thread-48917|dumpPacket|   key: CONTEST_IDENTIFIER is: java.lang.String BackupWoods-7963625928462800615
231209 103412.633|INFO|Thread-48917|dumpPacket|   key: BALLOON_SETTINGS_LIST is: [Ledu.csus.ecs.pc2.core.model.BalloonSettings; [Ledu.csus.ecs.pc2.core.model.BalloonSettings;@39c16d31
231209 103412.633|INFO|Thread-48917|dumpPacket|   key: RUN_LIST is: [Ledu.csus.ecs.pc2.core.model.Run; [Ledu.csus.ecs.pc2.core.model.Run;@56e66aab
231209 103412.633|INFO|Thread-48917|dumpPacket|   key: ACCOUNT_ARRAY is: [Ledu.csus.ecs.pc2.core.model.Account; [Ledu.csus.ecs.pc2.core.model.Account;@77879bdd
231209 103412.633|INFO|Thread-48917|reRegisterPlugins|plugin.setContestAndController for API Contest class
231209 103412.633|INFO|Thread-48917|info|handleUpdateClientProfile fireAllRefreshEvents start
231209 103412.657|SEVERE|Thread-48917|error|java.lang.NullPointerException: Cannot invoke "edu.csus.ecs.pc2.core.model.Run.isDeleted()" because "this.run" is null
|java.lang.NullPointerException: Cannot invoke "edu.csus.ecs.pc2.core.model.Run.isDeleted()" because "this.run" is null
|    at edu.csus.ecs.pc2.api.implementation.RunImplementation.<init> (RunImplementation.java:118)
|    at edu.csus.ecs.pc2.api.implementation.RunListenerList.fireRunListener (RunListenerList.java:33)
|    at edu.csus.ecs.pc2.api.implementation.RunListenerList.access$000 (RunListenerList.java:22)
|    at edu.csus.ecs.pc2.api.implementation.RunListenerList$Listener.refreshRuns (RunListenerList.java:150)
|    at edu.csus.ecs.pc2.core.model.InternalContest.fireRunListener (InternalContest.java:434)
|    at edu.csus.ecs.pc2.core.model.InternalContest.fireAllRefreshEvents (InternalContest.java:2880)
|    at edu.csus.ecs.pc2.core.PacketHandler.handleUpdateClientProfile (PacketHandler.java:996)
|    at edu.csus.ecs.pc2.core.PacketHandler.handleOtherPacketTypes (PacketHandler.java:413)
|    at edu.csus.ecs.pc2.core.PacketHandler.handlePacket (PacketHandler.java:267)
|    at edu.csus.ecs.pc2.core.InternalController.receiveObject (InternalController.java:2441)
|    at edu.csus.ecs.pc2.core.transport.TransportManager$2.run (TransportManager.java:343)
|    at java.lang.Thread.run (Thread.java:833)
231209 103412.657|INFO|Thread-48917|info| receiveObject(S) end   got Packet[UPDATE_CLIENT_PROFILE] #2930 SERVER0 @ site 1 -> TEAM62 @ site 1
231209 103439.676|INFO|Thread-49030|info| receiveObject(S) start got Packet[UPDATE_CLIENT_PROFILE] #3042 SERVER0 @ site 1 -> TEAM62 @ site 1
231209 103439.676|INFO|Thread-49030|dumpPacket|Packet UPDATE_CLIENT_PROFILE (Seq #3042, o#3042 ) recieveObject
231209 103439.676|INFO|Thread-49030|dumpPacket|  From: SERVER0 @ site 1, oSERVER0 @ site 1 (DESKTOP-D75BQTV @ 212.212.212.212) (Contest Id: RealDeal--1957769244132597914)
231209 103439.676|INFO|Thread-49030|dumpPacket|    To: TEAM62 @ site 1
231209 103439.676|INFO|Thread-49030|dumpPacket|   key: PROFILE_LIST is: [Ledu.csus.ecs.pc2.core.model.Profile; [Ledu.csus.ecs.pc2.core.model.Profile;@6d772117
231209 103439.676|INFO|Thread-49030|dumpPacket|   key: GENERAL_PROBLEM is: edu.csus.ecs.pc2.core.model.Problem General
231209 103439.676|INFO|Thread-49030|dumpPacket|   key: CONTEST_TIME is: edu.csus.ecs.pc2.core.model.ContestTime edu.csus.ecs.pc2.core.model.ContestTime@63b0c2c9
231209 103439.676|INFO|Thread-49030|dumpPacket|   key: CLIENT_SETTINGS_LIST is: [Ledu.csus.ecs.pc2.core.model.ClientSettings; [Ledu.csus.ecs.pc2.core.model.ClientSettings;@678f4a67
231209 103439.676|INFO|Thread-49030|dumpPacket|   key: CLARIFICATION_LIST is: [Ledu.csus.ecs.pc2.core.model.Clarification; [Ledu.csus.ecs.pc2.core.model.Clarification;@228dc8f2
231209 103439.676|INFO|Thread-49030|dumpPacket|   key: CATEGORY_LIST is: [Ledu.csus.ecs.pc2.core.model.Category; [Ledu.csus.ecs.pc2.core.model.Category;@76a62a2d
231209 103439.676|INFO|Thread-49030|dumpPacket|   key: LANGUAGE_LIST is: [Ledu.csus.ecs.pc2.core.model.Language; [Ledu.csus.ecs.pc2.core.model.Language;@13e508ba
231209 103439.676|INFO|Thread-49030|dumpPacket|   key: REMOTE_LOGGED_IN_USERS is: [Ledu.csus.ecs.pc2.core.model.ClientId; [Ledu.csus.ecs.pc2.core.model.ClientId;@e24b4d3
231209 103439.676|INFO|Thread-49030|dumpPacket|   key: CONTEST_TIME_LIST is: [Ledu.csus.ecs.pc2.core.model.ContestTime; [Ledu.csus.ecs.pc2.core.model.ContestTime;@42a237bd
231209 103439.676|INFO|Thread-49030|dumpPacket|   key: CONNECTION_HANDLE_ID_LIST is: [Ledu.csus.ecs.pc2.core.transport.ConnectionHandlerID; [Ledu.csus.ecs.pc2.core.transport.ConnectionHandlerID;@5129a86
231209 103439.676|INFO|Thread-49030|dumpPacket|   key: PROFILE is: edu.csus.ecs.pc2.core.model.Profile RealDeal--1957769244132597914
231209 103439.676|INFO|Thread-49030|dumpPacket|   key: CLIENT_ID is: edu.csus.ecs.pc2.core.model.ClientId TEAM62 @ site 1
231209 103439.676|INFO|Thread-49030|dumpPacket|   key: SITE_NUMBER is: java.lang.Integer 1
231209 103439.676|INFO|Thread-49030|dumpPacket|   key: CONTEST_INFORMATION is: edu.csus.ecs.pc2.core.model.ContestInformation edu.csus.ecs.pc2.core.model.ContestInformation@3e09f246
231209 103439.676|INFO|Thread-49030|dumpPacket|   key: SITE_LIST is: [Ledu.csus.ecs.pc2.core.model.Site; [Ledu.csus.ecs.pc2.core.model.Site;@15205b78
231209 103439.676|INFO|Thread-49030|dumpPacket|   key: PROBLEM_DATA_FILES is: [Ledu.csus.ecs.pc2.core.model.ProblemDataFiles; [Ledu.csus.ecs.pc2.core.model.ProblemDataFiles;@46ec89be
231209 103439.676|INFO|Thread-49030|dumpPacket|   key: JUDGEMENT_LIST is: [Ledu.csus.ecs.pc2.core.model.Judgement; [Ledu.csus.ecs.pc2.core.model.Judgement;@573bed4f
231209 103439.676|INFO|Thread-49030|dumpPacket|   key: PROBLEM_LIST is: [Ledu.csus.ecs.pc2.core.model.Problem; [Ledu.csus.ecs.pc2.core.model.Problem;@26d1be2c
231209 103439.676|INFO|Thread-49030|dumpPacket|   key: GROUP_LIST is: [Ledu.csus.ecs.pc2.core.model.Group; [Ledu.csus.ecs.pc2.core.model.Group;@31bdda15
231209 103439.676|INFO|Thread-49030|dumpPacket|   key: LOCAL_LOGGED_IN_USERS is: [Ledu.csus.ecs.pc2.core.model.ClientId; [Ledu.csus.ecs.pc2.core.model.ClientId;@133e14e5
231209 103439.676|INFO|Thread-49030|dumpPacket|   key: SERVER_CLOCK_OFFSET is: java.util.GregorianCalendar java.util.GregorianCalendar[time=1702139679212,areFieldsSet=true,areAllFieldsSet=false,lenient=true,zone=sun.util.calendar.ZoneInfo[id="GMT",offset=0,dstSavings=0,useDaylight=false,transitions=0,lastRule=null],firstDayOfWeek=1,minimalDaysInFirstWeek=1,ERA=1,YEAR=2023,MONTH=11,WEEK_OF_YEAR=49,WEEK_OF_MONTH=2,DAY_OF_MONTH=9,DAY_OF_YEAR=343,DAY_OF_WEEK=7,DAY_OF_WEEK_IN_MONTH=2,AM_PM=1,HOUR=4,HOUR_OF_DAY=16,MINUTE=34,SECOND=39,MILLISECOND=212,ZONE_OFFSET=0,DST_OFFSET=0]
231209 103439.676|INFO|Thread-49030|dumpPacket|   key: NEW_PROFILE is: edu.csus.ecs.pc2.core.model.Profile RealDeal--1957769244132597914
231209 103439.676|INFO|Thread-49030|dumpPacket|   key: CONTEST_IDENTIFIER is: java.lang.String RealDeal--1957769244132597914
231209 103439.676|INFO|Thread-49030|dumpPacket|   key: BALLOON_SETTINGS_LIST is: [Ledu.csus.ecs.pc2.core.model.BalloonSettings; [Ledu.csus.ecs.pc2.core.model.BalloonSettings;@1be7c258
231209 103439.693|INFO|Thread-49030|dumpPacket|   key: RUN_LIST is: [Ledu.csus.ecs.pc2.core.model.Run; [Ledu.csus.ecs.pc2.core.model.Run;@306c3fd6
231209 103439.693|INFO|Thread-49030|dumpPacket|   key: ACCOUNT_ARRAY is: [Ledu.csus.ecs.pc2.core.model.Account; [Ledu.csus.ecs.pc2.core.model.Account;@6f5e36bc
231209 103439.693|INFO|Thread-49030|info|handlePacket start Packet[UPDATE_CLIENT_PROFILE] #3042 SERVER0 @ site 1 -> TEAM62 @ site 1
231209 103439.693|INFO|Thread-49030|dumpPacket|Packet UPDATE_CLIENT_PROFILE (Seq #3042, o#3042 ) handlePacket
231209 103439.693|INFO|Thread-49030|dumpPacket|  From: SERVER0 @ site 1, oSERVER0 @ site 1 (DESKTOP-D75BQTV @ 212.212.212.212) (Contest Id: RealDeal--1957769244132597914)
231209 103439.693|INFO|Thread-49030|dumpPacket|    To: TEAM62 @ site 1
231209 103439.693|INFO|Thread-49030|dumpPacket|   key: PROFILE_LIST is: [Ledu.csus.ecs.pc2.core.model.Profile; [Ledu.csus.ecs.pc2.core.model.Profile;@6d772117
231209 103439.693|INFO|Thread-49030|dumpPacket|   key: GENERAL_PROBLEM is: edu.csus.ecs.pc2.core.model.Problem General
231209 103439.693|INFO|Thread-49030|dumpPacket|   key: CONTEST_TIME is: edu.csus.ecs.pc2.core.model.ContestTime edu.csus.ecs.pc2.core.model.ContestTime@63b0c2c9
231209 103439.693|INFO|Thread-49030|dumpPacket|   key: CLIENT_SETTINGS_LIST is: [Ledu.csus.ecs.pc2.core.model.ClientSettings; [Ledu.csus.ecs.pc2.core.model.ClientSettings;@678f4a67
231209 103439.693|INFO|Thread-49030|dumpPacket|   key: CLARIFICATION_LIST is: [Ledu.csus.ecs.pc2.core.model.Clarification; [Ledu.csus.ecs.pc2.core.model.Clarification;@228dc8f2
231209 103439.693|INFO|Thread-49030|dumpPacket|   key: CATEGORY_LIST is: [Ledu.csus.ecs.pc2.core.model.Category; [Ledu.csus.ecs.pc2.core.model.Category;@76a62a2d
231209 103439.693|INFO|Thread-49030|dumpPacket|   key: LANGUAGE_LIST is: [Ledu.csus.ecs.pc2.core.model.Language; [Ledu.csus.ecs.pc2.core.model.Language;@13e508ba
231209 103439.693|INFO|Thread-49030|dumpPacket|   key: REMOTE_LOGGED_IN_USERS is: [Ledu.csus.ecs.pc2.core.model.ClientId; [Ledu.csus.ecs.pc2.core.model.ClientId;@e24b4d3
231209 103439.693|INFO|Thread-49030|dumpPacket|   key: CONTEST_TIME_LIST is: [Ledu.csus.ecs.pc2.core.model.ContestTime; [Ledu.csus.ecs.pc2.core.model.ContestTime;@42a237bd
231209 103439.693|INFO|Thread-49030|dumpPacket|   key: CONNECTION_HANDLE_ID_LIST is: [Ledu.csus.ecs.pc2.core.transport.ConnectionHandlerID; [Ledu.csus.ecs.pc2.core.transport.ConnectionHandlerID;@5129a86
231209 103439.693|INFO|Thread-49030|dumpPacket|   key: PROFILE is: edu.csus.ecs.pc2.core.model.Profile RealDeal--1957769244132597914
231209 103439.693|INFO|Thread-49030|dumpPacket|   key: CLIENT_ID is: edu.csus.ecs.pc2.core.model.ClientId TEAM62 @ site 1
231209 103439.693|INFO|Thread-49030|dumpPacket|   key: SITE_NUMBER is: java.lang.Integer 1
231209 103439.693|INFO|Thread-49030|dumpPacket|   key: CONTEST_INFORMATION is: edu.csus.ecs.pc2.core.model.ContestInformation edu.csus.ecs.pc2.core.model.ContestInformation@3e09f246
231209 103439.693|INFO|Thread-49030|dumpPacket|   key: SITE_LIST is: [Ledu.csus.ecs.pc2.core.model.Site; [Ledu.csus.ecs.pc2.core.model.Site;@15205b78
231209 103439.693|INFO|Thread-49030|dumpPacket|   key: PROBLEM_DATA_FILES is: [Ledu.csus.ecs.pc2.core.model.ProblemDataFiles; [Ledu.csus.ecs.pc2.core.model.ProblemDataFiles;@46ec89be
231209 103439.693|INFO|Thread-49030|dumpPacket|   key: JUDGEMENT_LIST is: [Ledu.csus.ecs.pc2.core.model.Judgement; [Ledu.csus.ecs.pc2.core.model.Judgement;@573bed4f
231209 103439.693|INFO|Thread-49030|dumpPacket|   key: PROBLEM_LIST is: [Ledu.csus.ecs.pc2.core.model.Problem; [Ledu.csus.ecs.pc2.core.model.Problem;@26d1be2c
231209 103439.693|INFO|Thread-49030|dumpPacket|   key: GROUP_LIST is: [Ledu.csus.ecs.pc2.core.model.Group; [Ledu.csus.ecs.pc2.core.model.Group;@31bdda15
231209 103439.693|INFO|Thread-49030|dumpPacket|   key: LOCAL_LOGGED_IN_USERS is: [Ledu.csus.ecs.pc2.core.model.ClientId; [Ledu.csus.ecs.pc2.core.model.ClientId;@133e14e5
231209 103439.693|INFO|Thread-49030|dumpPacket|   key: SERVER_CLOCK_OFFSET is: java.util.GregorianCalendar java.util.GregorianCalendar[time=1702139679212,areFieldsSet=true,areAllFieldsSet=false,lenient=true,zone=sun.util.calendar.ZoneInfo[id="GMT",offset=0,dstSavings=0,useDaylight=false,transitions=0,lastRule=null],firstDayOfWeek=1,minimalDaysInFirstWeek=1,ERA=1,YEAR=2023,MONTH=11,WEEK_OF_YEAR=49,WEEK_OF_MONTH=2,DAY_OF_MONTH=9,DAY_OF_YEAR=343,DAY_OF_WEEK=7,DAY_OF_WEEK_IN_MONTH=2,AM_PM=1,HOUR=4,HOUR_OF_DAY=16,MINUTE=34,SECOND=39,MILLISECOND=212,ZONE_OFFSET=0,DST_OFFSET=0]
231209 103439.693|INFO|Thread-49030|dumpPacket|   key: NEW_PROFILE is: edu.csus.ecs.pc2.core.model.Profile RealDeal--1957769244132597914
231209 103439.693|INFO|Thread-49030|dumpPacket|   key: CONTEST_IDENTIFIER is: java.lang.String RealDeal--1957769244132597914
231209 103439.693|INFO|Thread-49030|dumpPacket|   key: BALLOON_SETTINGS_LIST is: [Ledu.csus.ecs.pc2.core.model.BalloonSettings; [Ledu.csus.ecs.pc2.core.model.BalloonSettings;@1be7c258
231209 103439.693|INFO|Thread-49030|dumpPacket|   key: RUN_LIST is: [Ledu.csus.ecs.pc2.core.model.Run; [Ledu.csus.ecs.pc2.core.model.Run;@306c3fd6
231209 103439.693|INFO|Thread-49030|dumpPacket|   key: ACCOUNT_ARRAY is: [Ledu.csus.ecs.pc2.core.model.Account; [Ledu.csus.ecs.pc2.core.model.Account;@6f5e36bc
231209 103439.693|INFO|Thread-49030|reRegisterPlugins|plugin.setContestAndController for API Contest class
231209 103439.693|INFO|Thread-49030|info|handleUpdateClientProfile fireAllRefreshEvents start
231209 103439.709|SEVERE|Thread-49030|error|java.lang.NullPointerException: Cannot invoke "edu.csus.ecs.pc2.core.model.Run.isDeleted()" because "this.run" is null
|java.lang.NullPointerException: Cannot invoke "edu.csus.ecs.pc2.core.model.Run.isDeleted()" because "this.run" is null
|    at edu.csus.ecs.pc2.api.implementation.RunImplementation.<init> (RunImplementation.java:118)
|    at edu.csus.ecs.pc2.api.implementation.RunListenerList.fireRunListener (RunListenerList.java:33)
|    at edu.csus.ecs.pc2.api.implementation.RunListenerList.access$000 (RunListenerList.java:22)
|    at edu.csus.ecs.pc2.api.implementation.RunListenerList$Listener.refreshRuns (RunListenerList.java:150)
|    at edu.csus.ecs.pc2.core.model.InternalContest.fireRunListener (InternalContest.java:434)
|    at edu.csus.ecs.pc2.core.model.InternalContest.fireAllRefreshEvents (InternalContest.java:2880)
|    at edu.csus.ecs.pc2.core.PacketHandler.handleUpdateClientProfile (PacketHandler.java:996)
|    at edu.csus.ecs.pc2.core.PacketHandler.handleOtherPacketTypes (PacketHandler.java:413)
|    at edu.csus.ecs.pc2.core.PacketHandler.handlePacket (PacketHandler.java:267)
|    at edu.csus.ecs.pc2.core.InternalController.receiveObject (InternalController.java:2441)
|    at edu.csus.ecs.pc2.core.transport.TransportManager$2.run (TransportManager.java:343)
|    at java.lang.Thread.run (Thread.java:833)
231209 103439.713|INFO|Thread-49030|info| receiveObject(S) end   got Packet[UPDATE_CLIENT_PROFILE] #3042 SERVER0 @ site 1 -> TEAM62 @ site 1
231209 103547.405|INFO|qtp135640095-46322|sendToLocalServer|Sending packet to server Packet[LOGOUT] #537 TEAM62 @ site 1 -> SERVER0 @ site 1
231209 103547.405|INFO|qtp135640095-46322|sendToLocalServer|Sent    packet to server Packet[LOGOUT] #537 TEAM62 @ site 1 -> SERVER0 @ site 1
