221210 074642.756|CONFIG|qtp996796369-187|setFileHandlers|Now logging to C:\Users\18328\Desktop\pc2\WebTeamInterface-1.1\logs directory.
221210 074642.756|INFO|qtp996796369-187|info|
221210 074642.760|INFO|qtp996796369-187|info|Version 9 () Java ver 18.0.2.1 build  Windows 11 10.0 (amd64) 
221210 074642.761|INFO|qtp996796369-187|info|Login: team100 (aka team100)
221210 074642.761|INFO|qtp996796369-187|startLog|Working directory is C:\Users\18328\Desktop\pc2\WebTeamInterface-1.1
221210 074642.761|INFO|qtp996796369-187|startLog|Process id is 20708@DESKTOP-D75BQTV
221210 074642.761|INFO|qtp996796369-187|info|Contacting server at 212.212.212.212:50002 as TEAM100 @ site 0
221210 074642.761|INFO|qtp996796369-187|info|sendLoginRequest start - sending from TEAM100 @ site 0
221210 074642.761|INFO|qtp996796369-187|sendToLocalServer|Sending packet to server Packet[LOGIN_REQUEST] #57 TEAM100 @ site 0 -> SERVER0 @ site 0
221210 074642.761|INFO|qtp996796369-187|sendToLocalServer|Sent    packet to server Packet[LOGIN_REQUEST] #57 TEAM100 @ site 0 -> SERVER0 @ site 0
221210 074642.761|INFO|qtp996796369-187|info|sendLoginRequest end - packet sent.
221210 074642.761|INFO|Thread-1074|run|send(Serializable)
221210 074642.806|INFO|Thread-1073|receive|public void receive(SealedObject TransportPacket, ConnectionHandlerID connectionHandlerID)
221210 074642.817|INFO|Thread-1075|info| receiveObject(S) start got Packet[LOGIN_SUCCESS] #425 SERVER0 @ site 1 -> TEAM100 @ site 1
221210 074642.818|INFO|Thread-1075|dumpPacket|Packet LOGIN_SUCCESS (Seq #425, o#425 ) recieveObject
221210 074642.818|INFO|Thread-1075|dumpPacket|  From: SERVER0 @ site 1, oSERVER0 @ site 1 (DESKTOP-D75BQTV @ 212.212.212.212) (Contest Id: Template--4588011539998560318)
221210 074642.818|INFO|Thread-1075|dumpPacket|    To: TEAM100 @ site 1
221210 074642.818|INFO|Thread-1075|dumpPacket|   key: PROFILE_LIST is: [Ledu.csus.ecs.pc2.core.model.Profile; [Ledu.csus.ecs.pc2.core.model.Profile;@22f79d65
221210 074642.818|INFO|Thread-1075|dumpPacket|   key: GENERAL_PROBLEM is: edu.csus.ecs.pc2.core.model.Problem General
221210 074642.818|INFO|Thread-1075|dumpPacket|   key: CLIENT_SETTINGS_LIST is: [Ledu.csus.ecs.pc2.core.model.ClientSettings; [Ledu.csus.ecs.pc2.core.model.ClientSettings;@2c30674b
221210 074642.818|INFO|Thread-1075|dumpPacket|   key: CONTEST_TIME is: edu.csus.ecs.pc2.core.model.ContestTime edu.csus.ecs.pc2.core.model.ContestTime@280ff615
221210 074642.818|INFO|Thread-1075|dumpPacket|   key: CLARIFICATION_LIST is: [Ledu.csus.ecs.pc2.core.model.Clarification; [Ledu.csus.ecs.pc2.core.model.Clarification;@6d0d6d70
221210 074642.818|INFO|Thread-1075|dumpPacket|   key: CATEGORY_LIST is: [Ledu.csus.ecs.pc2.core.model.Category; [Ledu.csus.ecs.pc2.core.model.Category;@738fd901
221210 074642.818|INFO|Thread-1075|dumpPacket|   key: LANGUAGE_LIST is: [Ledu.csus.ecs.pc2.core.model.Language; [Ledu.csus.ecs.pc2.core.model.Language;@5caae204
221210 074642.819|INFO|Thread-1075|dumpPacket|   key: REMOTE_LOGGED_IN_USERS is: [Ledu.csus.ecs.pc2.core.model.ClientId; [Ledu.csus.ecs.pc2.core.model.ClientId;@bc208da
221210 074642.819|INFO|Thread-1075|dumpPacket|   key: CONTEST_TIME_LIST is: [Ledu.csus.ecs.pc2.core.model.ContestTime; [Ledu.csus.ecs.pc2.core.model.ContestTime;@d22923f
221210 074642.819|INFO|Thread-1075|dumpPacket|   key: CONNECTION_HANDLE_ID_LIST is: [Ledu.csus.ecs.pc2.core.transport.ConnectionHandlerID; [Ledu.csus.ecs.pc2.core.transport.ConnectionHandlerID;@68054b
221210 074642.819|INFO|Thread-1075|dumpPacket|   key: PROFILE is: edu.csus.ecs.pc2.core.model.Profile Template--4588011539998560318
221210 074642.819|INFO|Thread-1075|dumpPacket|   key: CLIENT_ID is: edu.csus.ecs.pc2.core.model.ClientId TEAM100 @ site 1
221210 074642.819|INFO|Thread-1075|dumpPacket|   key: SITE_NUMBER is: java.lang.Integer 1
221210 074642.819|INFO|Thread-1075|dumpPacket|   key: CONTEST_INFORMATION is: edu.csus.ecs.pc2.core.model.ContestInformation edu.csus.ecs.pc2.core.model.ContestInformation@bd97d80
221210 074642.819|INFO|Thread-1075|dumpPacket|   key: SITE_LIST is: [Ledu.csus.ecs.pc2.core.model.Site; [Ledu.csus.ecs.pc2.core.model.Site;@10c620f9
221210 074642.819|INFO|Thread-1075|dumpPacket|   key: PROBLEM_DATA_FILES is: [Ledu.csus.ecs.pc2.core.model.ProblemDataFiles; [Ledu.csus.ecs.pc2.core.model.ProblemDataFiles;@96cebb4
221210 074642.819|INFO|Thread-1075|dumpPacket|   key: JUDGEMENT_LIST is: [Ledu.csus.ecs.pc2.core.model.Judgement; [Ledu.csus.ecs.pc2.core.model.Judgement;@496ee58f
221210 074642.819|INFO|Thread-1075|dumpPacket|   key: PROBLEM_LIST is: [Ledu.csus.ecs.pc2.core.model.Problem; [Ledu.csus.ecs.pc2.core.model.Problem;@99bb45f
221210 074642.819|INFO|Thread-1075|dumpPacket|   key: GROUP_LIST is: [Ledu.csus.ecs.pc2.core.model.Group; [Ledu.csus.ecs.pc2.core.model.Group;@28fb9c7d
221210 074642.819|INFO|Thread-1075|dumpPacket|   key: LOCAL_LOGGED_IN_USERS is: [Ledu.csus.ecs.pc2.core.model.ClientId; [Ledu.csus.ecs.pc2.core.model.ClientId;@4624f39d
221210 074642.819|INFO|Thread-1075|dumpPacket|   key: SERVER_CLOCK_OFFSET is: java.util.GregorianCalendar java.util.GregorianCalendar[time=1670680002782,areFieldsSet=true,areAllFieldsSet=false,lenient=true,zone=sun.util.calendar.ZoneInfo[id="GMT",offset=0,dstSavings=0,useDaylight=false,transitions=0,lastRule=null],firstDayOfWeek=1,minimalDaysInFirstWeek=1,ERA=1,YEAR=2022,MONTH=11,WEEK_OF_YEAR=50,WEEK_OF_MONTH=2,DAY_OF_MONTH=10,DAY_OF_YEAR=344,DAY_OF_WEEK=7,DAY_OF_WEEK_IN_MONTH=2,AM_PM=1,HOUR=1,HOUR_OF_DAY=13,MINUTE=46,SECOND=42,MILLISECOND=782,ZONE_OFFSET=0,DST_OFFSET=0]
221210 074642.819|INFO|Thread-1075|dumpPacket|   key: CONTEST_IDENTIFIER is: java.lang.String Template--4588011539998560318
221210 074642.819|INFO|Thread-1075|dumpPacket|   key: BALLOON_SETTINGS_LIST is: [Ledu.csus.ecs.pc2.core.model.BalloonSettings; [Ledu.csus.ecs.pc2.core.model.BalloonSettings;@78d8244b
221210 074642.819|INFO|Thread-1075|dumpPacket|   key: RUN_LIST is: [Ledu.csus.ecs.pc2.core.model.Run; [Ledu.csus.ecs.pc2.core.model.Run;@2c354e43
221210 074642.819|INFO|Thread-1075|dumpPacket|   key: ACCOUNT_ARRAY is: [Ledu.csus.ecs.pc2.core.model.Account; [Ledu.csus.ecs.pc2.core.model.Account;@585927cc
221210 074642.819|INFO|Thread-1075|info|handlePacket start Packet[LOGIN_SUCCESS] #425 SERVER0 @ site 1 -> TEAM100 @ site 1
221210 074642.819|INFO|Thread-1075|dumpPacket|Packet LOGIN_SUCCESS (Seq #425, o#425 ) handlePacket
221210 074642.819|INFO|Thread-1075|dumpPacket|  From: SERVER0 @ site 1, oSERVER0 @ site 1 (DESKTOP-D75BQTV @ 212.212.212.212) (Contest Id: Template--4588011539998560318)
221210 074642.819|INFO|Thread-1075|dumpPacket|    To: TEAM100 @ site 1
221210 074642.819|INFO|Thread-1075|dumpPacket|   key: PROFILE_LIST is: [Ledu.csus.ecs.pc2.core.model.Profile; [Ledu.csus.ecs.pc2.core.model.Profile;@22f79d65
221210 074642.819|INFO|Thread-1075|dumpPacket|   key: GENERAL_PROBLEM is: edu.csus.ecs.pc2.core.model.Problem General
221210 074642.819|INFO|Thread-1075|dumpPacket|   key: CLIENT_SETTINGS_LIST is: [Ledu.csus.ecs.pc2.core.model.ClientSettings; [Ledu.csus.ecs.pc2.core.model.ClientSettings;@2c30674b
221210 074642.819|INFO|Thread-1075|dumpPacket|   key: CONTEST_TIME is: edu.csus.ecs.pc2.core.model.ContestTime edu.csus.ecs.pc2.core.model.ContestTime@280ff615
221210 074642.819|INFO|Thread-1075|dumpPacket|   key: CLARIFICATION_LIST is: [Ledu.csus.ecs.pc2.core.model.Clarification; [Ledu.csus.ecs.pc2.core.model.Clarification;@6d0d6d70
221210 074642.819|INFO|Thread-1075|dumpPacket|   key: CATEGORY_LIST is: [Ledu.csus.ecs.pc2.core.model.Category; [Ledu.csus.ecs.pc2.core.model.Category;@738fd901
221210 074642.819|INFO|Thread-1075|dumpPacket|   key: LANGUAGE_LIST is: [Ledu.csus.ecs.pc2.core.model.Language; [Ledu.csus.ecs.pc2.core.model.Language;@5caae204
221210 074642.819|INFO|Thread-1075|dumpPacket|   key: REMOTE_LOGGED_IN_USERS is: [Ledu.csus.ecs.pc2.core.model.ClientId; [Ledu.csus.ecs.pc2.core.model.ClientId;@bc208da
221210 074642.819|INFO|Thread-1075|dumpPacket|   key: CONTEST_TIME_LIST is: [Ledu.csus.ecs.pc2.core.model.ContestTime; [Ledu.csus.ecs.pc2.core.model.ContestTime;@d22923f
221210 074642.819|INFO|Thread-1075|dumpPacket|   key: CONNECTION_HANDLE_ID_LIST is: [Ledu.csus.ecs.pc2.core.transport.ConnectionHandlerID; [Ledu.csus.ecs.pc2.core.transport.ConnectionHandlerID;@68054b
221210 074642.819|INFO|Thread-1075|dumpPacket|   key: PROFILE is: edu.csus.ecs.pc2.core.model.Profile Template--4588011539998560318
221210 074642.819|INFO|Thread-1075|dumpPacket|   key: CLIENT_ID is: edu.csus.ecs.pc2.core.model.ClientId TEAM100 @ site 1
221210 074642.819|INFO|Thread-1075|dumpPacket|   key: SITE_NUMBER is: java.lang.Integer 1
221210 074642.819|INFO|Thread-1075|dumpPacket|   key: CONTEST_INFORMATION is: edu.csus.ecs.pc2.core.model.ContestInformation edu.csus.ecs.pc2.core.model.ContestInformation@bd97d80
221210 074642.819|INFO|Thread-1075|dumpPacket|   key: SITE_LIST is: [Ledu.csus.ecs.pc2.core.model.Site; [Ledu.csus.ecs.pc2.core.model.Site;@10c620f9
221210 074642.819|INFO|Thread-1075|dumpPacket|   key: PROBLEM_DATA_FILES is: [Ledu.csus.ecs.pc2.core.model.ProblemDataFiles; [Ledu.csus.ecs.pc2.core.model.ProblemDataFiles;@96cebb4
221210 074642.819|INFO|Thread-1075|dumpPacket|   key: JUDGEMENT_LIST is: [Ledu.csus.ecs.pc2.core.model.Judgement; [Ledu.csus.ecs.pc2.core.model.Judgement;@496ee58f
221210 074642.819|INFO|Thread-1075|dumpPacket|   key: PROBLEM_LIST is: [Ledu.csus.ecs.pc2.core.model.Problem; [Ledu.csus.ecs.pc2.core.model.Problem;@99bb45f
221210 074642.819|INFO|Thread-1075|dumpPacket|   key: GROUP_LIST is: [Ledu.csus.ecs.pc2.core.model.Group; [Ledu.csus.ecs.pc2.core.model.Group;@28fb9c7d
221210 074642.819|INFO|Thread-1075|dumpPacket|   key: LOCAL_LOGGED_IN_USERS is: [Ledu.csus.ecs.pc2.core.model.ClientId; [Ledu.csus.ecs.pc2.core.model.ClientId;@4624f39d
221210 074642.819|INFO|Thread-1075|dumpPacket|   key: SERVER_CLOCK_OFFSET is: java.util.GregorianCalendar java.util.GregorianCalendar[time=1670680002782,areFieldsSet=true,areAllFieldsSet=false,lenient=true,zone=sun.util.calendar.ZoneInfo[id="GMT",offset=0,dstSavings=0,useDaylight=false,transitions=0,lastRule=null],firstDayOfWeek=1,minimalDaysInFirstWeek=1,ERA=1,YEAR=2022,MONTH=11,WEEK_OF_YEAR=50,WEEK_OF_MONTH=2,DAY_OF_MONTH=10,DAY_OF_YEAR=344,DAY_OF_WEEK=7,DAY_OF_WEEK_IN_MONTH=2,AM_PM=1,HOUR=1,HOUR_OF_DAY=13,MINUTE=46,SECOND=42,MILLISECOND=782,ZONE_OFFSET=0,DST_OFFSET=0]
221210 074642.819|INFO|Thread-1075|dumpPacket|   key: CONTEST_IDENTIFIER is: java.lang.String Template--4588011539998560318
221210 074642.819|INFO|Thread-1075|dumpPacket|   key: BALLOON_SETTINGS_LIST is: [Ledu.csus.ecs.pc2.core.model.BalloonSettings; [Ledu.csus.ecs.pc2.core.model.BalloonSettings;@78d8244b
221210 074642.819|INFO|Thread-1075|dumpPacket|   key: RUN_LIST is: [Ledu.csus.ecs.pc2.core.model.Run; [Ledu.csus.ecs.pc2.core.model.Run;@2c354e43
221210 074642.819|INFO|Thread-1075|dumpPacket|   key: ACCOUNT_ARRAY is: [Ledu.csus.ecs.pc2.core.model.Account; [Ledu.csus.ecs.pc2.core.model.Account;@585927cc
221210 074652.271|INFO|Thread-1076|run|send(Serializable)
221210 074652.279|INFO|Thread-1073|connectionDropped|connectionDropped(ConnectionHandlerID myConnectionID) 
221210 100231.653|CONFIG|qtp996796369-16694|setFileHandlers|Now logging to C:\Users\18328\Desktop\pc2\WebTeamInterface-1.1\logs directory.
221210 100231.653|INFO|qtp996796369-16694|info|
221210 100231.653|INFO|qtp996796369-16694|info|Version 9 () Java ver 18.0.2.1 build  Windows 11 10.0 (amd64) 
221210 100231.653|INFO|qtp996796369-16694|info|Login: team100 (aka team100)
221210 100231.653|INFO|qtp996796369-16694|startLog|Working directory is C:\Users\18328\Desktop\pc2\WebTeamInterface-1.1
221210 100231.653|INFO|qtp996796369-16694|startLog|Process id is 20708@DESKTOP-D75BQTV
221210 100231.653|INFO|qtp996796369-16694|info|Contacting server at 212.212.212.212:50002 as TEAM100 @ site 0
221210 100231.653|INFO|Thread-18005|receiveUnencrypted|receiveUnencrypted Made a secret key for Socket[addr=/212.212.212.212,port=50002,localport=55192]-7331275256880687647 key is com.sun.crypto.provider.DESKey@fffe7ad9
221210 100231.653|INFO|qtp996796369-16694|info|sendLoginRequest start - sending from TEAM100 @ site 0
221210 100231.653|INFO|Thread-18005|getPublicKeyPacket|Generating Unencrypted Public Key Packet
221210 100231.654|INFO|qtp996796369-16694|sendToLocalServer|Sending packet to server Packet[LOGIN_REQUEST] #306 TEAM100 @ site 0 -> SERVER0 @ site 0
221210 100231.654|INFO|Thread-18005|getPublicKeyPacket|checking key:= SunJCE Diffie-Hellman Public Key:
y:
    38669756 04a07681 c0ebe796 cd4f6dfd 413bd181 7be7e95d e5f5e9c8 758e36ce
    89f6293f 1be16851 b27d8abe 6ad2cfd5 c7c627cc c93e7654 fc8fbd9f ecce1cd3
    d27bfe7c 3524d860 0e389a91 eddee5ac f1a433c4 b2b99da6 6c5fa972 0daa80b3
    6166a5cb af68ec3c 11d7c521 afdbfe2b bd0d1283 de11ebcb 29a0b3fa 15171e8a
p:
    f488fd58 4e49dbcd 20b49de4 9107366b 336c380d 451d0f7c 88b31c7c 5b2d8ef6
    f3c923c0 43f0a55b 188d8ebb 558cb85d 38d334fd 7c175743 a31d186c de33212c
    b52aff3c e1b12940 18118d7c 84a70a72 d686c403 19c80729 7aca950c d9969fab
    d00a509b 0246d308 3d66a45d 419f9c7c bd894b22 1926baab a25ec355 e92f78c7
g:
    02
l:
    512
221210 100231.654|INFO|qtp996796369-16694|sendToLocalServer|Sent    packet to server Packet[LOGIN_REQUEST] #306 TEAM100 @ site 0 -> SERVER0 @ site 0
221210 100231.654|INFO|Thread-18005|getPublicKeyPacket|packet:= edu.csus.ecs.pc2.core.transport.TransportWrapper@244dcee2
221210 100231.654|INFO|qtp996796369-16694|info|sendLoginRequest end - packet sent.
221210 100231.654|INFO|Thread-18006|run|send(Serializable)
221210 100231.658|INFO|Thread-18005|receive|public void receive(SealedObject TransportPacket, ConnectionHandlerID connectionHandlerID)
221210 100231.660|INFO|Thread-18007|info| receiveObject(S) start got Packet[LOGIN_SUCCESS] #1811 SERVER0 @ site 1 -> TEAM100 @ site 1
221210 100231.660|INFO|Thread-18007|dumpPacket|Packet LOGIN_SUCCESS (Seq #1811, o#1811 ) recieveObject
221210 100231.660|INFO|Thread-18007|dumpPacket|  From: SERVER0 @ site 1, oSERVER0 @ site 1 (DESKTOP-D75BQTV @ 212.212.212.212) (Contest Id: DryRun--5544400451244233091)
221210 100231.660|INFO|Thread-18007|dumpPacket|    To: TEAM100 @ site 1
221210 100231.660|INFO|Thread-18007|dumpPacket|   key: PROFILE_LIST is: [Ledu.csus.ecs.pc2.core.model.Profile; [Ledu.csus.ecs.pc2.core.model.Profile;@60cec51a
221210 100231.660|INFO|Thread-18007|dumpPacket|   key: GENERAL_PROBLEM is: edu.csus.ecs.pc2.core.model.Problem General
221210 100231.660|INFO|Thread-18007|dumpPacket|   key: CLIENT_SETTINGS_LIST is: [Ledu.csus.ecs.pc2.core.model.ClientSettings; [Ledu.csus.ecs.pc2.core.model.ClientSettings;@6e093773
221210 100231.660|INFO|Thread-18007|dumpPacket|   key: CONTEST_TIME is: edu.csus.ecs.pc2.core.model.ContestTime edu.csus.ecs.pc2.core.model.ContestTime@6a36ae6a
221210 100231.660|INFO|Thread-18007|dumpPacket|   key: CLARIFICATION_LIST is: [Ledu.csus.ecs.pc2.core.model.Clarification; [Ledu.csus.ecs.pc2.core.model.Clarification;@2f343d48
221210 100231.660|INFO|Thread-18007|dumpPacket|   key: CATEGORY_LIST is: [Ledu.csus.ecs.pc2.core.model.Category; [Ledu.csus.ecs.pc2.core.model.Category;@39c4dba1
221210 100231.660|INFO|Thread-18007|dumpPacket|   key: LANGUAGE_LIST is: [Ledu.csus.ecs.pc2.core.model.Language; [Ledu.csus.ecs.pc2.core.model.Language;@1ed1d145
221210 100231.660|INFO|Thread-18007|dumpPacket|   key: REMOTE_LOGGED_IN_USERS is: [Ledu.csus.ecs.pc2.core.model.ClientId; [Ledu.csus.ecs.pc2.core.model.ClientId;@41cb690b
221210 100231.660|INFO|Thread-18007|dumpPacket|   key: CONTEST_TIME_LIST is: [Ledu.csus.ecs.pc2.core.model.ContestTime; [Ledu.csus.ecs.pc2.core.model.ContestTime;@4f1bc207
221210 100231.660|INFO|Thread-18007|dumpPacket|   key: CONNECTION_HANDLE_ID_LIST is: [Ledu.csus.ecs.pc2.core.transport.ConnectionHandlerID; [Ledu.csus.ecs.pc2.core.transport.ConnectionHandlerID;@509d0196
221210 100231.660|INFO|Thread-18007|dumpPacket|   key: PROFILE is: edu.csus.ecs.pc2.core.model.Profile DryRun--5544400451244233091
221210 100231.660|INFO|Thread-18007|dumpPacket|   key: CLIENT_ID is: edu.csus.ecs.pc2.core.model.ClientId TEAM100 @ site 1
221210 100231.660|INFO|Thread-18007|dumpPacket|   key: SITE_NUMBER is: java.lang.Integer 1
221210 100231.660|INFO|Thread-18007|dumpPacket|   key: CONTEST_INFORMATION is: edu.csus.ecs.pc2.core.model.ContestInformation edu.csus.ecs.pc2.core.model.ContestInformation@4056b939
221210 100231.661|INFO|Thread-18007|dumpPacket|   key: SITE_LIST is: [Ledu.csus.ecs.pc2.core.model.Site; [Ledu.csus.ecs.pc2.core.model.Site;@5acf0309
221210 100231.661|INFO|Thread-18007|dumpPacket|   key: PROBLEM_DATA_FILES is: [Ledu.csus.ecs.pc2.core.model.ProblemDataFiles; [Ledu.csus.ecs.pc2.core.model.ProblemDataFiles;@4b55f9ad
221210 100231.661|INFO|Thread-18007|dumpPacket|   key: JUDGEMENT_LIST is: [Ledu.csus.ecs.pc2.core.model.Judgement; [Ledu.csus.ecs.pc2.core.model.Judgement;@73fcc0e0
221210 100231.661|INFO|Thread-18007|dumpPacket|   key: PROBLEM_LIST is: [Ledu.csus.ecs.pc2.core.model.Problem; [Ledu.csus.ecs.pc2.core.model.Problem;@69630d7
221210 100231.661|INFO|Thread-18007|dumpPacket|   key: GROUP_LIST is: [Ledu.csus.ecs.pc2.core.model.Group; [Ledu.csus.ecs.pc2.core.model.Group;@2463ac47
221210 100231.661|INFO|Thread-18007|dumpPacket|   key: LOCAL_LOGGED_IN_USERS is: [Ledu.csus.ecs.pc2.core.model.ClientId; [Ledu.csus.ecs.pc2.core.model.ClientId;@409fa1f7
221210 100231.661|INFO|Thread-18007|dumpPacket|   key: SERVER_CLOCK_OFFSET is: java.util.GregorianCalendar java.util.GregorianCalendar[time=1670688151657,areFieldsSet=true,areAllFieldsSet=false,lenient=true,zone=sun.util.calendar.ZoneInfo[id="GMT",offset=0,dstSavings=0,useDaylight=false,transitions=0,lastRule=null],firstDayOfWeek=1,minimalDaysInFirstWeek=1,ERA=1,YEAR=2022,MONTH=11,WEEK_OF_YEAR=50,WEEK_OF_MONTH=2,DAY_OF_MONTH=10,DAY_OF_YEAR=344,DAY_OF_WEEK=7,DAY_OF_WEEK_IN_MONTH=2,AM_PM=1,HOUR=4,HOUR_OF_DAY=16,MINUTE=2,SECOND=31,MILLISECOND=657,ZONE_OFFSET=0,DST_OFFSET=0]
221210 100231.661|INFO|Thread-18007|dumpPacket|   key: CONTEST_IDENTIFIER is: java.lang.String DryRun--5544400451244233091
221210 100231.661|INFO|Thread-18007|dumpPacket|   key: BALLOON_SETTINGS_LIST is: [Ledu.csus.ecs.pc2.core.model.BalloonSettings; [Ledu.csus.ecs.pc2.core.model.BalloonSettings;@557192c4
221210 100231.661|INFO|Thread-18007|dumpPacket|   key: RUN_LIST is: [Ledu.csus.ecs.pc2.core.model.Run; [Ledu.csus.ecs.pc2.core.model.Run;@62d60035
221210 100231.661|INFO|Thread-18007|dumpPacket|   key: ACCOUNT_ARRAY is: [Ledu.csus.ecs.pc2.core.model.Account; [Ledu.csus.ecs.pc2.core.model.Account;@5bee89bc
221210 100231.661|INFO|Thread-18007|info|handlePacket start Packet[LOGIN_SUCCESS] #1811 SERVER0 @ site 1 -> TEAM100 @ site 1
221210 100231.661|INFO|Thread-18007|dumpPacket|Packet LOGIN_SUCCESS (Seq #1811, o#1811 ) handlePacket
221210 100231.661|INFO|Thread-18007|dumpPacket|  From: SERVER0 @ site 1, oSERVER0 @ site 1 (DESKTOP-D75BQTV @ 212.212.212.212) (Contest Id: DryRun--5544400451244233091)
221210 100231.661|INFO|Thread-18007|dumpPacket|    To: TEAM100 @ site 1
221210 100231.661|INFO|Thread-18007|dumpPacket|   key: PROFILE_LIST is: [Ledu.csus.ecs.pc2.core.model.Profile; [Ledu.csus.ecs.pc2.core.model.Profile;@60cec51a
221210 100231.661|INFO|Thread-18007|dumpPacket|   key: GENERAL_PROBLEM is: edu.csus.ecs.pc2.core.model.Problem General
221210 100231.661|INFO|Thread-18007|dumpPacket|   key: CLIENT_SETTINGS_LIST is: [Ledu.csus.ecs.pc2.core.model.ClientSettings; [Ledu.csus.ecs.pc2.core.model.ClientSettings;@6e093773
221210 100231.661|INFO|Thread-18007|dumpPacket|   key: CONTEST_TIME is: edu.csus.ecs.pc2.core.model.ContestTime edu.csus.ecs.pc2.core.model.ContestTime@6a36ae6a
221210 100231.661|INFO|Thread-18007|dumpPacket|   key: CLARIFICATION_LIST is: [Ledu.csus.ecs.pc2.core.model.Clarification; [Ledu.csus.ecs.pc2.core.model.Clarification;@2f343d48
221210 100231.661|INFO|Thread-18007|dumpPacket|   key: CATEGORY_LIST is: [Ledu.csus.ecs.pc2.core.model.Category; [Ledu.csus.ecs.pc2.core.model.Category;@39c4dba1
221210 100231.661|INFO|Thread-18007|dumpPacket|   key: LANGUAGE_LIST is: [Ledu.csus.ecs.pc2.core.model.Language; [Ledu.csus.ecs.pc2.core.model.Language;@1ed1d145
221210 100231.661|INFO|Thread-18007|dumpPacket|   key: REMOTE_LOGGED_IN_USERS is: [Ledu.csus.ecs.pc2.core.model.ClientId; [Ledu.csus.ecs.pc2.core.model.ClientId;@41cb690b
221210 100231.661|INFO|Thread-18007|dumpPacket|   key: CONTEST_TIME_LIST is: [Ledu.csus.ecs.pc2.core.model.ContestTime; [Ledu.csus.ecs.pc2.core.model.ContestTime;@4f1bc207
221210 100231.661|INFO|Thread-18007|dumpPacket|   key: CONNECTION_HANDLE_ID_LIST is: [Ledu.csus.ecs.pc2.core.transport.ConnectionHandlerID; [Ledu.csus.ecs.pc2.core.transport.ConnectionHandlerID;@509d0196
221210 100231.661|INFO|Thread-18007|dumpPacket|   key: PROFILE is: edu.csus.ecs.pc2.core.model.Profile DryRun--5544400451244233091
221210 100231.661|INFO|Thread-18007|dumpPacket|   key: CLIENT_ID is: edu.csus.ecs.pc2.core.model.ClientId TEAM100 @ site 1
221210 100231.661|INFO|Thread-18007|dumpPacket|   key: SITE_NUMBER is: java.lang.Integer 1
221210 100231.661|INFO|Thread-18007|dumpPacket|   key: CONTEST_INFORMATION is: edu.csus.ecs.pc2.core.model.ContestInformation edu.csus.ecs.pc2.core.model.ContestInformation@4056b939
221210 100231.661|INFO|Thread-18007|dumpPacket|   key: SITE_LIST is: [Ledu.csus.ecs.pc2.core.model.Site; [Ledu.csus.ecs.pc2.core.model.Site;@5acf0309
221210 100231.661|INFO|Thread-18007|dumpPacket|   key: PROBLEM_DATA_FILES is: [Ledu.csus.ecs.pc2.core.model.ProblemDataFiles; [Ledu.csus.ecs.pc2.core.model.ProblemDataFiles;@4b55f9ad
221210 100231.661|INFO|Thread-18007|dumpPacket|   key: JUDGEMENT_LIST is: [Ledu.csus.ecs.pc2.core.model.Judgement; [Ledu.csus.ecs.pc2.core.model.Judgement;@73fcc0e0
221210 100231.661|INFO|Thread-18007|dumpPacket|   key: PROBLEM_LIST is: [Ledu.csus.ecs.pc2.core.model.Problem; [Ledu.csus.ecs.pc2.core.model.Problem;@69630d7
221210 100231.661|INFO|Thread-18007|dumpPacket|   key: GROUP_LIST is: [Ledu.csus.ecs.pc2.core.model.Group; [Ledu.csus.ecs.pc2.core.model.Group;@2463ac47
221210 100231.661|INFO|Thread-18007|dumpPacket|   key: LOCAL_LOGGED_IN_USERS is: [Ledu.csus.ecs.pc2.core.model.ClientId; [Ledu.csus.ecs.pc2.core.model.ClientId;@409fa1f7
221210 100231.661|INFO|Thread-18007|dumpPacket|   key: SERVER_CLOCK_OFFSET is: java.util.GregorianCalendar java.util.GregorianCalendar[time=1670688151657,areFieldsSet=true,areAllFieldsSet=false,lenient=true,zone=sun.util.calendar.ZoneInfo[id="GMT",offset=0,dstSavings=0,useDaylight=false,transitions=0,lastRule=null],firstDayOfWeek=1,minimalDaysInFirstWeek=1,ERA=1,YEAR=2022,MONTH=11,WEEK_OF_YEAR=50,WEEK_OF_MONTH=2,DAY_OF_MONTH=10,DAY_OF_YEAR=344,DAY_OF_WEEK=7,DAY_OF_WEEK_IN_MONTH=2,AM_PM=1,HOUR=4,HOUR_OF_DAY=16,MINUTE=2,SECOND=31,MILLISECOND=657,ZONE_OFFSET=0,DST_OFFSET=0]
221210 100231.661|INFO|Thread-18007|dumpPacket|   key: CONTEST_IDENTIFIER is: java.lang.String DryRun--5544400451244233091
221210 100231.661|INFO|Thread-18007|dumpPacket|   key: BALLOON_SETTINGS_LIST is: [Ledu.csus.ecs.pc2.core.model.BalloonSettings; [Ledu.csus.ecs.pc2.core.model.BalloonSettings;@557192c4
221210 100231.661|INFO|Thread-18007|dumpPacket|   key: RUN_LIST is: [Ledu.csus.ecs.pc2.core.model.Run; [Ledu.csus.ecs.pc2.core.model.Run;@62d60035
221210 100231.661|INFO|Thread-18007|dumpPacket|   key: ACCOUNT_ARRAY is: [Ledu.csus.ecs.pc2.core.model.Account; [Ledu.csus.ecs.pc2.core.model.Account;@5bee89bc
221210 100236.650|INFO|Thread-18005|connectionDropped|connectionDropped(ConnectionHandlerID myConnectionID) 
221210 104056.778|CONFIG|qtp1613095350-1896|setFileHandlers|Now logging to C:\Users\18328\Desktop\pc2\WebTeamInterface-1.1\logs directory.
221210 104056.779|INFO|qtp1613095350-1896|info|
221210 104056.779|INFO|qtp1613095350-1896|info|Version 9 () Java ver 18.0.2.1 build  Windows 11 10.0 (amd64) 
221210 104056.779|INFO|qtp1613095350-1896|info|Login: team100 (aka team100)
221210 104056.779|INFO|qtp1613095350-1896|startLog|Working directory is C:\Users\18328\Desktop\pc2\WebTeamInterface-1.1
221210 104056.779|INFO|qtp1613095350-1896|startLog|Process id is 22344@DESKTOP-D75BQTV
221210 104056.779|INFO|qtp1613095350-1896|info|Contacting server at 212.212.212.212:50002 as TEAM100 @ site 0
221210 104056.779|INFO|qtp1613095350-1896|info|sendLoginRequest start - sending from TEAM100 @ site 0
221210 104056.779|INFO|qtp1613095350-1896|sendToLocalServer|Sending packet to server Packet[LOGIN_REQUEST] #185 TEAM100 @ site 0 -> SERVER0 @ site 0
221210 104056.780|INFO|qtp1613095350-1896|sendToLocalServer|Sent    packet to server Packet[LOGIN_REQUEST] #185 TEAM100 @ site 0 -> SERVER0 @ site 0
221210 104056.780|INFO|Thread-4128|run|send(Serializable)
221210 104056.780|INFO|qtp1613095350-1896|info|sendLoginRequest end - packet sent.
221210 104056.783|INFO|Thread-4127|receive|public void receive(SealedObject TransportPacket, ConnectionHandlerID connectionHandlerID)
221210 104056.785|INFO|Thread-4129|info| receiveObject(S) start got Packet[LOGIN_SUCCESS] #3046 SERVER0 @ site 1 -> TEAM100 @ site 1
221210 104056.785|INFO|Thread-4129|dumpPacket|Packet LOGIN_SUCCESS (Seq #3046, o#3046 ) recieveObject
221210 104056.785|INFO|Thread-4129|dumpPacket|  From: SERVER0 @ site 1, oSERVER0 @ site 1 (DESKTOP-D75BQTV @ 212.212.212.212) (Contest Id: Contest-4511288556462302159)
221210 104056.785|INFO|Thread-4129|dumpPacket|    To: TEAM100 @ site 1
221210 104056.785|INFO|Thread-4129|dumpPacket|   key: PROFILE_LIST is: [Ledu.csus.ecs.pc2.core.model.Profile; [Ledu.csus.ecs.pc2.core.model.Profile;@6c46071f
221210 104056.785|INFO|Thread-4129|dumpPacket|   key: GENERAL_PROBLEM is: edu.csus.ecs.pc2.core.model.Problem General
221210 104056.785|INFO|Thread-4129|dumpPacket|   key: CLIENT_SETTINGS_LIST is: [Ledu.csus.ecs.pc2.core.model.ClientSettings; [Ledu.csus.ecs.pc2.core.model.ClientSettings;@6281e4e7
221210 104056.785|INFO|Thread-4129|dumpPacket|   key: CONTEST_TIME is: edu.csus.ecs.pc2.core.model.ContestTime edu.csus.ecs.pc2.core.model.ContestTime@66be6c6f
221210 104056.785|INFO|Thread-4129|dumpPacket|   key: CLARIFICATION_LIST is: [Ledu.csus.ecs.pc2.core.model.Clarification; [Ledu.csus.ecs.pc2.core.model.Clarification;@23bceedc
221210 104056.785|INFO|Thread-4129|dumpPacket|   key: CATEGORY_LIST is: [Ledu.csus.ecs.pc2.core.model.Category; [Ledu.csus.ecs.pc2.core.model.Category;@7f1e6b4b
221210 104056.785|INFO|Thread-4129|dumpPacket|   key: LANGUAGE_LIST is: [Ledu.csus.ecs.pc2.core.model.Language; [Ledu.csus.ecs.pc2.core.model.Language;@12d50e93
221210 104056.785|INFO|Thread-4129|dumpPacket|   key: REMOTE_LOGGED_IN_USERS is: [Ledu.csus.ecs.pc2.core.model.ClientId; [Ledu.csus.ecs.pc2.core.model.ClientId;@79dd5b2
221210 104056.785|INFO|Thread-4129|dumpPacket|   key: CONTEST_TIME_LIST is: [Ledu.csus.ecs.pc2.core.model.ContestTime; [Ledu.csus.ecs.pc2.core.model.ContestTime;@43931193
221210 104056.785|INFO|Thread-4129|dumpPacket|   key: CONNECTION_HANDLE_ID_LIST is: [Ledu.csus.ecs.pc2.core.transport.ConnectionHandlerID; [Ledu.csus.ecs.pc2.core.transport.ConnectionHandlerID;@4fdb7e99
221210 104056.786|INFO|Thread-4129|dumpPacket|   key: PROFILE is: edu.csus.ecs.pc2.core.model.Profile Contest-4511288556462302159
221210 104056.786|INFO|Thread-4129|dumpPacket|   key: CLIENT_ID is: edu.csus.ecs.pc2.core.model.ClientId TEAM100 @ site 1
221210 104056.786|INFO|Thread-4129|dumpPacket|   key: SITE_NUMBER is: java.lang.Integer 1
221210 104056.786|INFO|Thread-4129|dumpPacket|   key: CONTEST_INFORMATION is: edu.csus.ecs.pc2.core.model.ContestInformation edu.csus.ecs.pc2.core.model.ContestInformation@75405067
221210 104056.786|INFO|Thread-4129|dumpPacket|   key: SITE_LIST is: [Ledu.csus.ecs.pc2.core.model.Site; [Ledu.csus.ecs.pc2.core.model.Site;@1c993b38
221210 104056.786|INFO|Thread-4129|dumpPacket|   key: PROBLEM_DATA_FILES is: [Ledu.csus.ecs.pc2.core.model.ProblemDataFiles; [Ledu.csus.ecs.pc2.core.model.ProblemDataFiles;@47ddaeb1
221210 104056.786|INFO|Thread-4129|dumpPacket|   key: JUDGEMENT_LIST is: [Ledu.csus.ecs.pc2.core.model.Judgement; [Ledu.csus.ecs.pc2.core.model.Judgement;@53e63f65
221210 104056.786|INFO|Thread-4129|dumpPacket|   key: PROBLEM_LIST is: [Ledu.csus.ecs.pc2.core.model.Problem; [Ledu.csus.ecs.pc2.core.model.Problem;@24d29e16
221210 104056.786|INFO|Thread-4129|dumpPacket|   key: GROUP_LIST is: [Ledu.csus.ecs.pc2.core.model.Group; [Ledu.csus.ecs.pc2.core.model.Group;@7147314f
221210 104056.786|INFO|Thread-4129|dumpPacket|   key: LOCAL_LOGGED_IN_USERS is: [Ledu.csus.ecs.pc2.core.model.ClientId; [Ledu.csus.ecs.pc2.core.model.ClientId;@5b45b1f0
221210 104056.786|INFO|Thread-4129|dumpPacket|   key: SERVER_CLOCK_OFFSET is: java.util.GregorianCalendar java.util.GregorianCalendar[time=1670690456781,areFieldsSet=true,areAllFieldsSet=false,lenient=true,zone=sun.util.calendar.ZoneInfo[id="GMT",offset=0,dstSavings=0,useDaylight=false,transitions=0,lastRule=null],firstDayOfWeek=1,minimalDaysInFirstWeek=1,ERA=1,YEAR=2022,MONTH=11,WEEK_OF_YEAR=50,WEEK_OF_MONTH=2,DAY_OF_MONTH=10,DAY_OF_YEAR=344,DAY_OF_WEEK=7,DAY_OF_WEEK_IN_MONTH=2,AM_PM=1,HOUR=4,HOUR_OF_DAY=16,MINUTE=40,SECOND=56,MILLISECOND=781,ZONE_OFFSET=0,DST_OFFSET=0]
221210 104056.786|INFO|Thread-4129|dumpPacket|   key: CONTEST_IDENTIFIER is: java.lang.String Contest-4511288556462302159
221210 104056.786|INFO|Thread-4129|dumpPacket|   key: BALLOON_SETTINGS_LIST is: [Ledu.csus.ecs.pc2.core.model.BalloonSettings; [Ledu.csus.ecs.pc2.core.model.BalloonSettings;@393aa0ea
221210 104056.786|INFO|Thread-4129|dumpPacket|   key: RUN_LIST is: [Ledu.csus.ecs.pc2.core.model.Run; [Ledu.csus.ecs.pc2.core.model.Run;@928bbf5
221210 104056.786|INFO|Thread-4129|dumpPacket|   key: ACCOUNT_ARRAY is: [Ledu.csus.ecs.pc2.core.model.Account; [Ledu.csus.ecs.pc2.core.model.Account;@41ad2ed6
221210 104056.786|INFO|Thread-4129|info|handlePacket start Packet[LOGIN_SUCCESS] #3046 SERVER0 @ site 1 -> TEAM100 @ site 1
221210 104056.786|INFO|Thread-4129|dumpPacket|Packet LOGIN_SUCCESS (Seq #3046, o#3046 ) handlePacket
221210 104056.786|INFO|Thread-4129|dumpPacket|  From: SERVER0 @ site 1, oSERVER0 @ site 1 (DESKTOP-D75BQTV @ 212.212.212.212) (Contest Id: Contest-4511288556462302159)
221210 104056.786|INFO|Thread-4129|dumpPacket|    To: TEAM100 @ site 1
221210 104056.786|INFO|Thread-4129|dumpPacket|   key: PROFILE_LIST is: [Ledu.csus.ecs.pc2.core.model.Profile; [Ledu.csus.ecs.pc2.core.model.Profile;@6c46071f
221210 104056.786|INFO|Thread-4129|dumpPacket|   key: GENERAL_PROBLEM is: edu.csus.ecs.pc2.core.model.Problem General
221210 104056.786|INFO|Thread-4129|dumpPacket|   key: CLIENT_SETTINGS_LIST is: [Ledu.csus.ecs.pc2.core.model.ClientSettings; [Ledu.csus.ecs.pc2.core.model.ClientSettings;@6281e4e7
221210 104056.786|INFO|Thread-4129|dumpPacket|   key: CONTEST_TIME is: edu.csus.ecs.pc2.core.model.ContestTime edu.csus.ecs.pc2.core.model.ContestTime@66be6c6f
221210 104056.786|INFO|Thread-4129|dumpPacket|   key: CLARIFICATION_LIST is: [Ledu.csus.ecs.pc2.core.model.Clarification; [Ledu.csus.ecs.pc2.core.model.Clarification;@23bceedc
221210 104056.786|INFO|Thread-4129|dumpPacket|   key: CATEGORY_LIST is: [Ledu.csus.ecs.pc2.core.model.Category; [Ledu.csus.ecs.pc2.core.model.Category;@7f1e6b4b
221210 104056.786|INFO|Thread-4129|dumpPacket|   key: LANGUAGE_LIST is: [Ledu.csus.ecs.pc2.core.model.Language; [Ledu.csus.ecs.pc2.core.model.Language;@12d50e93
221210 104056.786|INFO|Thread-4129|dumpPacket|   key: REMOTE_LOGGED_IN_USERS is: [Ledu.csus.ecs.pc2.core.model.ClientId; [Ledu.csus.ecs.pc2.core.model.ClientId;@79dd5b2
221210 104056.786|INFO|Thread-4129|dumpPacket|   key: CONTEST_TIME_LIST is: [Ledu.csus.ecs.pc2.core.model.ContestTime; [Ledu.csus.ecs.pc2.core.model.ContestTime;@43931193
221210 104056.786|INFO|Thread-4129|dumpPacket|   key: CONNECTION_HANDLE_ID_LIST is: [Ledu.csus.ecs.pc2.core.transport.ConnectionHandlerID; [Ledu.csus.ecs.pc2.core.transport.ConnectionHandlerID;@4fdb7e99
221210 104056.786|INFO|Thread-4129|dumpPacket|   key: PROFILE is: edu.csus.ecs.pc2.core.model.Profile Contest-4511288556462302159
221210 104056.786|INFO|Thread-4129|dumpPacket|   key: CLIENT_ID is: edu.csus.ecs.pc2.core.model.ClientId TEAM100 @ site 1
221210 104056.786|INFO|Thread-4129|dumpPacket|   key: SITE_NUMBER is: java.lang.Integer 1
221210 104056.786|INFO|Thread-4129|dumpPacket|   key: CONTEST_INFORMATION is: edu.csus.ecs.pc2.core.model.ContestInformation edu.csus.ecs.pc2.core.model.ContestInformation@75405067
221210 104056.786|INFO|Thread-4129|dumpPacket|   key: SITE_LIST is: [Ledu.csus.ecs.pc2.core.model.Site; [Ledu.csus.ecs.pc2.core.model.Site;@1c993b38
221210 104056.786|INFO|Thread-4129|dumpPacket|   key: PROBLEM_DATA_FILES is: [Ledu.csus.ecs.pc2.core.model.ProblemDataFiles; [Ledu.csus.ecs.pc2.core.model.ProblemDataFiles;@47ddaeb1
221210 104056.786|INFO|Thread-4129|dumpPacket|   key: JUDGEMENT_LIST is: [Ledu.csus.ecs.pc2.core.model.Judgement; [Ledu.csus.ecs.pc2.core.model.Judgement;@53e63f65
221210 104056.786|INFO|Thread-4129|dumpPacket|   key: PROBLEM_LIST is: [Ledu.csus.ecs.pc2.core.model.Problem; [Ledu.csus.ecs.pc2.core.model.Problem;@24d29e16
221210 104056.786|INFO|Thread-4129|dumpPacket|   key: GROUP_LIST is: [Ledu.csus.ecs.pc2.core.model.Group; [Ledu.csus.ecs.pc2.core.model.Group;@7147314f
221210 104056.786|INFO|Thread-4129|dumpPacket|   key: LOCAL_LOGGED_IN_USERS is: [Ledu.csus.ecs.pc2.core.model.ClientId; [Ledu.csus.ecs.pc2.core.model.ClientId;@5b45b1f0
221210 104056.786|INFO|Thread-4129|dumpPacket|   key: SERVER_CLOCK_OFFSET is: java.util.GregorianCalendar java.util.GregorianCalendar[time=1670690456781,areFieldsSet=true,areAllFieldsSet=false,lenient=true,zone=sun.util.calendar.ZoneInfo[id="GMT",offset=0,dstSavings=0,useDaylight=false,transitions=0,lastRule=null],firstDayOfWeek=1,minimalDaysInFirstWeek=1,ERA=1,YEAR=2022,MONTH=11,WEEK_OF_YEAR=50,WEEK_OF_MONTH=2,DAY_OF_MONTH=10,DAY_OF_YEAR=344,DAY_OF_WEEK=7,DAY_OF_WEEK_IN_MONTH=2,AM_PM=1,HOUR=4,HOUR_OF_DAY=16,MINUTE=40,SECOND=56,MILLISECOND=781,ZONE_OFFSET=0,DST_OFFSET=0]
221210 104056.786|INFO|Thread-4129|dumpPacket|   key: CONTEST_IDENTIFIER is: java.lang.String Contest-4511288556462302159
221210 104056.786|INFO|Thread-4129|dumpPacket|   key: BALLOON_SETTINGS_LIST is: [Ledu.csus.ecs.pc2.core.model.BalloonSettings; [Ledu.csus.ecs.pc2.core.model.BalloonSettings;@393aa0ea
221210 104056.786|INFO|Thread-4129|dumpPacket|   key: RUN_LIST is: [Ledu.csus.ecs.pc2.core.model.Run; [Ledu.csus.ecs.pc2.core.model.Run;@928bbf5
221210 104056.786|INFO|Thread-4129|dumpPacket|   key: ACCOUNT_ARRAY is: [Ledu.csus.ecs.pc2.core.model.Account; [Ledu.csus.ecs.pc2.core.model.Account;@41ad2ed6
221210 104212.338|INFO|Thread-4200|run|send(Serializable)
221210 104212.340|INFO|Thread-4127|connectionDropped|connectionDropped(ConnectionHandlerID myConnectionID) 
221210 110307.820|CONFIG|qtp1613095350-5231|setFileHandlers|Now logging to C:\Users\18328\Desktop\pc2\WebTeamInterface-1.1\logs directory.
221210 110307.820|INFO|qtp1613095350-5231|info|
221210 110307.820|INFO|qtp1613095350-5231|info|Version 9 () Java ver 18.0.2.1 build  Windows 11 10.0 (amd64) 
221210 110307.820|INFO|qtp1613095350-5231|info|Login: team100 (aka team100)
221210 110307.821|INFO|qtp1613095350-5231|startLog|Working directory is C:\Users\18328\Desktop\pc2\WebTeamInterface-1.1
221210 110307.821|INFO|qtp1613095350-5231|startLog|Process id is 22344@DESKTOP-D75BQTV
221210 110307.821|INFO|qtp1613095350-5231|info|Contacting server at 212.212.212.212:50002 as TEAM100 @ site 0
221210 110307.821|INFO|Thread-19437|getPublicKeyPacket|packet:= edu.csus.ecs.pc2.core.transport.TransportWrapper@36664afc
221210 110307.821|INFO|qtp1613095350-5231|info|sendLoginRequest start - sending from TEAM100 @ site 0
221210 110307.821|INFO|qtp1613095350-5231|sendToLocalServer|Sending packet to server Packet[LOGIN_REQUEST] #279 TEAM100 @ site 0 -> SERVER0 @ site 0
221210 110307.821|INFO|qtp1613095350-5231|sendToLocalServer|Sent    packet to server Packet[LOGIN_REQUEST] #279 TEAM100 @ site 0 -> SERVER0 @ site 0
221210 110307.821|INFO|qtp1613095350-5231|info|sendLoginRequest end - packet sent.
221210 110307.822|INFO|Thread-19438|run|send(Serializable)
221210 110307.825|INFO|Thread-19437|receive|public void receive(SealedObject TransportPacket, ConnectionHandlerID connectionHandlerID)
221210 110307.827|INFO|Thread-19439|info| receiveObject(S) start got Packet[LOGIN_SUCCESS] #3514 SERVER0 @ site 1 -> TEAM100 @ site 1
221210 110307.828|INFO|Thread-19439|dumpPacket|Packet LOGIN_SUCCESS (Seq #3514, o#3514 ) recieveObject
221210 110307.828|INFO|Thread-19439|dumpPacket|  From: SERVER0 @ site 1, oSERVER0 @ site 1 (DESKTOP-D75BQTV @ 212.212.212.212) (Contest Id: Contest-4511288556462302159)
221210 110307.828|INFO|Thread-19439|dumpPacket|    To: TEAM100 @ site 1
221210 110307.828|INFO|Thread-19439|dumpPacket|   key: PROFILE_LIST is: [Ledu.csus.ecs.pc2.core.model.Profile; [Ledu.csus.ecs.pc2.core.model.Profile;@6ef08c8e
221210 110307.828|INFO|Thread-19439|dumpPacket|   key: GENERAL_PROBLEM is: edu.csus.ecs.pc2.core.model.Problem General
221210 110307.828|INFO|Thread-19439|dumpPacket|   key: CLIENT_SETTINGS_LIST is: [Ledu.csus.ecs.pc2.core.model.ClientSettings; [Ledu.csus.ecs.pc2.core.model.ClientSettings;@60376f20
221210 110307.828|INFO|Thread-19439|dumpPacket|   key: CONTEST_TIME is: edu.csus.ecs.pc2.core.model.ContestTime edu.csus.ecs.pc2.core.model.ContestTime@6408e7fe
221210 110307.828|INFO|Thread-19439|dumpPacket|   key: CLARIFICATION_LIST is: [Ledu.csus.ecs.pc2.core.model.Clarification; [Ledu.csus.ecs.pc2.core.model.Clarification;@210a651b
221210 110307.828|INFO|Thread-19439|dumpPacket|   key: CATEGORY_LIST is: [Ledu.csus.ecs.pc2.core.model.Category; [Ledu.csus.ecs.pc2.core.model.Category;@4bf40948
221210 110307.828|INFO|Thread-19439|dumpPacket|   key: LANGUAGE_LIST is: [Ledu.csus.ecs.pc2.core.model.Language; [Ledu.csus.ecs.pc2.core.model.Language;@10612179
221210 110307.828|INFO|Thread-19439|dumpPacket|   key: REMOTE_LOGGED_IN_USERS is: [Ledu.csus.ecs.pc2.core.model.ClientId; [Ledu.csus.ecs.pc2.core.model.ClientId;@3375139c
221210 110307.828|INFO|Thread-19439|dumpPacket|   key: CONTEST_TIME_LIST is: [Ledu.csus.ecs.pc2.core.model.ContestTime; [Ledu.csus.ecs.pc2.core.model.ContestTime;@41259a54
221210 110307.828|INFO|Thread-19439|dumpPacket|   key: CONNECTION_HANDLE_ID_LIST is: [Ledu.csus.ecs.pc2.core.transport.ConnectionHandlerID; [Ledu.csus.ecs.pc2.core.transport.ConnectionHandlerID;@2a707571
221210 110307.828|INFO|Thread-19439|dumpPacket|   key: PROFILE is: edu.csus.ecs.pc2.core.model.Profile Contest-4511288556462302159
221210 110307.828|INFO|Thread-19439|dumpPacket|   key: CLIENT_ID is: edu.csus.ecs.pc2.core.model.ClientId TEAM100 @ site 1
221210 110307.828|INFO|Thread-19439|dumpPacket|   key: SITE_NUMBER is: java.lang.Integer 1
221210 110307.828|INFO|Thread-19439|dumpPacket|   key: CONTEST_INFORMATION is: edu.csus.ecs.pc2.core.model.ContestInformation edu.csus.ecs.pc2.core.model.ContestInformation@3383f3af
221210 110307.828|INFO|Thread-19439|dumpPacket|   key: SITE_LIST is: [Ledu.csus.ecs.pc2.core.model.Site; [Ledu.csus.ecs.pc2.core.model.Site;@2871ffb0
221210 110307.828|INFO|Thread-19439|dumpPacket|   key: PROBLEM_DATA_FILES is: [Ledu.csus.ecs.pc2.core.model.ProblemDataFiles; [Ledu.csus.ecs.pc2.core.model.ProblemDataFiles;@456b27d0
221210 110307.828|INFO|Thread-19439|dumpPacket|   key: JUDGEMENT_LIST is: [Ledu.csus.ecs.pc2.core.model.Judgement; [Ledu.csus.ecs.pc2.core.model.Judgement;@6c1909f1
221210 110307.828|INFO|Thread-19439|dumpPacket|   key: PROBLEM_LIST is: [Ledu.csus.ecs.pc2.core.model.Problem; [Ledu.csus.ecs.pc2.core.model.Problem;@40ab8156
221210 110307.828|INFO|Thread-19439|dumpPacket|   key: GROUP_LIST is: [Ledu.csus.ecs.pc2.core.model.Group; [Ledu.csus.ecs.pc2.core.model.Group;@67007a8c
221210 110307.828|INFO|Thread-19439|dumpPacket|   key: LOCAL_LOGGED_IN_USERS is: [Ledu.csus.ecs.pc2.core.model.ClientId; [Ledu.csus.ecs.pc2.core.model.ClientId;@7b49841b
221210 110307.828|INFO|Thread-19439|dumpPacket|   key: SERVER_CLOCK_OFFSET is: java.util.GregorianCalendar java.util.GregorianCalendar[time=1670691787823,areFieldsSet=true,areAllFieldsSet=false,lenient=true,zone=sun.util.calendar.ZoneInfo[id="GMT",offset=0,dstSavings=0,useDaylight=false,transitions=0,lastRule=null],firstDayOfWeek=1,minimalDaysInFirstWeek=1,ERA=1,YEAR=2022,MONTH=11,WEEK_OF_YEAR=50,WEEK_OF_MONTH=2,DAY_OF_MONTH=10,DAY_OF_YEAR=344,DAY_OF_WEEK=7,DAY_OF_WEEK_IN_MONTH=2,AM_PM=1,HOUR=5,HOUR_OF_DAY=17,MINUTE=3,SECOND=7,MILLISECOND=823,ZONE_OFFSET=0,DST_OFFSET=0]
221210 110307.828|INFO|Thread-19439|dumpPacket|   key: CONTEST_IDENTIFIER is: java.lang.String Contest-4511288556462302159
221210 110307.828|INFO|Thread-19439|dumpPacket|   key: BALLOON_SETTINGS_LIST is: [Ledu.csus.ecs.pc2.core.model.BalloonSettings; [Ledu.csus.ecs.pc2.core.model.BalloonSettings;@5f3b5c02
221210 110307.828|INFO|Thread-19439|dumpPacket|   key: RUN_LIST is: [Ledu.csus.ecs.pc2.core.model.Run; [Ledu.csus.ecs.pc2.core.model.Run;@4386c782
221210 110307.828|INFO|Thread-19439|dumpPacket|   key: ACCOUNT_ARRAY is: [Ledu.csus.ecs.pc2.core.model.Account; [Ledu.csus.ecs.pc2.core.model.Account;@27360164
221210 110307.828|INFO|Thread-19439|info|handlePacket start Packet[LOGIN_SUCCESS] #3514 SERVER0 @ site 1 -> TEAM100 @ site 1
221210 110307.828|INFO|Thread-19439|dumpPacket|Packet LOGIN_SUCCESS (Seq #3514, o#3514 ) handlePacket
221210 110307.828|INFO|Thread-19439|dumpPacket|  From: SERVER0 @ site 1, oSERVER0 @ site 1 (DESKTOP-D75BQTV @ 212.212.212.212) (Contest Id: Contest-4511288556462302159)
221210 110307.828|INFO|Thread-19439|dumpPacket|    To: TEAM100 @ site 1
221210 110307.828|INFO|Thread-19439|dumpPacket|   key: PROFILE_LIST is: [Ledu.csus.ecs.pc2.core.model.Profile; [Ledu.csus.ecs.pc2.core.model.Profile;@6ef08c8e
221210 110307.828|INFO|Thread-19439|dumpPacket|   key: GENERAL_PROBLEM is: edu.csus.ecs.pc2.core.model.Problem General
221210 110307.828|INFO|Thread-19439|dumpPacket|   key: CLIENT_SETTINGS_LIST is: [Ledu.csus.ecs.pc2.core.model.ClientSettings; [Ledu.csus.ecs.pc2.core.model.ClientSettings;@60376f20
221210 110307.828|INFO|Thread-19439|dumpPacket|   key: CONTEST_TIME is: edu.csus.ecs.pc2.core.model.ContestTime edu.csus.ecs.pc2.core.model.ContestTime@6408e7fe
221210 110307.828|INFO|Thread-19439|dumpPacket|   key: CLARIFICATION_LIST is: [Ledu.csus.ecs.pc2.core.model.Clarification; [Ledu.csus.ecs.pc2.core.model.Clarification;@210a651b
221210 110307.828|INFO|Thread-19439|dumpPacket|   key: CATEGORY_LIST is: [Ledu.csus.ecs.pc2.core.model.Category; [Ledu.csus.ecs.pc2.core.model.Category;@4bf40948
221210 110307.828|INFO|Thread-19439|dumpPacket|   key: LANGUAGE_LIST is: [Ledu.csus.ecs.pc2.core.model.Language; [Ledu.csus.ecs.pc2.core.model.Language;@10612179
221210 110307.828|INFO|Thread-19439|dumpPacket|   key: REMOTE_LOGGED_IN_USERS is: [Ledu.csus.ecs.pc2.core.model.ClientId; [Ledu.csus.ecs.pc2.core.model.ClientId;@3375139c
221210 110307.828|INFO|Thread-19439|dumpPacket|   key: CONTEST_TIME_LIST is: [Ledu.csus.ecs.pc2.core.model.ContestTime; [Ledu.csus.ecs.pc2.core.model.ContestTime;@41259a54
221210 110307.828|INFO|Thread-19439|dumpPacket|   key: CONNECTION_HANDLE_ID_LIST is: [Ledu.csus.ecs.pc2.core.transport.ConnectionHandlerID; [Ledu.csus.ecs.pc2.core.transport.ConnectionHandlerID;@2a707571
221210 110307.828|INFO|Thread-19439|dumpPacket|   key: PROFILE is: edu.csus.ecs.pc2.core.model.Profile Contest-4511288556462302159
221210 110307.828|INFO|Thread-19439|dumpPacket|   key: CLIENT_ID is: edu.csus.ecs.pc2.core.model.ClientId TEAM100 @ site 1
221210 110307.828|INFO|Thread-19439|dumpPacket|   key: SITE_NUMBER is: java.lang.Integer 1
221210 110307.828|INFO|Thread-19439|dumpPacket|   key: CONTEST_INFORMATION is: edu.csus.ecs.pc2.core.model.ContestInformation edu.csus.ecs.pc2.core.model.ContestInformation@3383f3af
221210 110307.828|INFO|Thread-19439|dumpPacket|   key: SITE_LIST is: [Ledu.csus.ecs.pc2.core.model.Site; [Ledu.csus.ecs.pc2.core.model.Site;@2871ffb0
221210 110307.828|INFO|Thread-19439|dumpPacket|   key: PROBLEM_DATA_FILES is: [Ledu.csus.ecs.pc2.core.model.ProblemDataFiles; [Ledu.csus.ecs.pc2.core.model.ProblemDataFiles;@456b27d0
221210 110307.828|INFO|Thread-19439|dumpPacket|   key: JUDGEMENT_LIST is: [Ledu.csus.ecs.pc2.core.model.Judgement; [Ledu.csus.ecs.pc2.core.model.Judgement;@6c1909f1
221210 110307.828|INFO|Thread-19439|dumpPacket|   key: PROBLEM_LIST is: [Ledu.csus.ecs.pc2.core.model.Problem; [Ledu.csus.ecs.pc2.core.model.Problem;@40ab8156
221210 110307.828|INFO|Thread-19439|dumpPacket|   key: GROUP_LIST is: [Ledu.csus.ecs.pc2.core.model.Group; [Ledu.csus.ecs.pc2.core.model.Group;@67007a8c
221210 110307.828|INFO|Thread-19439|dumpPacket|   key: LOCAL_LOGGED_IN_USERS is: [Ledu.csus.ecs.pc2.core.model.ClientId; [Ledu.csus.ecs.pc2.core.model.ClientId;@7b49841b
221210 110307.828|INFO|Thread-19439|dumpPacket|   key: SERVER_CLOCK_OFFSET is: java.util.GregorianCalendar java.util.GregorianCalendar[time=1670691787823,areFieldsSet=true,areAllFieldsSet=false,lenient=true,zone=sun.util.calendar.ZoneInfo[id="GMT",offset=0,dstSavings=0,useDaylight=false,transitions=0,lastRule=null],firstDayOfWeek=1,minimalDaysInFirstWeek=1,ERA=1,YEAR=2022,MONTH=11,WEEK_OF_YEAR=50,WEEK_OF_MONTH=2,DAY_OF_MONTH=10,DAY_OF_YEAR=344,DAY_OF_WEEK=7,DAY_OF_WEEK_IN_MONTH=2,AM_PM=1,HOUR=5,HOUR_OF_DAY=17,MINUTE=3,SECOND=7,MILLISECOND=823,ZONE_OFFSET=0,DST_OFFSET=0]
221210 110307.828|INFO|Thread-19439|dumpPacket|   key: CONTEST_IDENTIFIER is: java.lang.String Contest-4511288556462302159
221210 110307.828|INFO|Thread-19439|dumpPacket|   key: BALLOON_SETTINGS_LIST is: [Ledu.csus.ecs.pc2.core.model.BalloonSettings; [Ledu.csus.ecs.pc2.core.model.BalloonSettings;@5f3b5c02
221210 110307.828|INFO|Thread-19439|dumpPacket|   key: RUN_LIST is: [Ledu.csus.ecs.pc2.core.model.Run; [Ledu.csus.ecs.pc2.core.model.Run;@4386c782
221210 110307.828|INFO|Thread-19439|dumpPacket|   key: ACCOUNT_ARRAY is: [Ledu.csus.ecs.pc2.core.model.Account; [Ledu.csus.ecs.pc2.core.model.Account;@27360164
221210 120724.598|INFO|Thread-19437|receive|public void receive(SealedObject TransportPacket, ConnectionHandlerID connectionHandlerID)
221210 150258.270|INFO|Thread-19437|connectionDropped|connectionDropped(ConnectionHandlerID myConnectionID) 
