221210 081013.617|CONFIG|Thread-2003|setFileHandlers|Now logging to C:\Users\18328\Desktop\pc2\WebTeamInterface-1.1\logs directory.
221210 081013.617|INFO|Thread-2003|info|
221210 081013.617|INFO|Thread-2003|info|Version 9 () Java ver 18.0.2.1 build  Windows 11 10.0 (amd64) 
221210 081013.617|INFO|Thread-2003|info|Login: team68 (aka team68)
221210 081013.618|INFO|Thread-2003|startLog|Working directory is C:\Users\18328\Desktop\pc2\WebTeamInterface-1.1
221210 081013.618|INFO|Thread-2003|startLog|Process id is 20708@DESKTOP-D75BQTV
221210 081013.618|INFO|Thread-2003|info| handlePacket original LOGIN_SUCCESS after -- all settings loaded 
221210 081013.618|INFO|Thread-2003|info|handlePacket end Packet[LOGIN_SUCCESS] #728 SERVER0 @ site 1 -> TEAM68 @ site 1
221210 081013.618|INFO|Thread-2003|info| receiveObject(S) end   got Packet[LOGIN_SUCCESS] #728 SERVER0 @ site 1 -> TEAM68 @ site 1
221210 081103.874|INFO|Thread-2006|info| receiveObject(S) start got Packet[RUN_JUDGEMENT] #737 SERVER0 @ site 1 -> TEAM68 @ site 1
221210 081103.874|INFO|Thread-2006|dumpPacket|Packet RUN_JUDGEMENT (Seq #737, o#737 ) recieveObject
221210 081103.874|INFO|Thread-2006|dumpPacket|  From: SERVER0 @ site 1, oSERVER0 @ site 1 (DESKTOP-D75BQTV @ 212.212.212.212) (Contest Id: DryRun--5544400451244233091)
221210 081103.874|INFO|Thread-2006|dumpPacket|    To: TEAM68 @ site 1
221210 081103.874|INFO|Thread-2006|dumpPacket|   key: JUDGEMENT_RECORD is: edu.csus.ecs.pc2.core.model.JudgementRecord Yes by JUDGE2 @ site 1 judgement Yes-448420548528869030 id JudgementRecord-8606343306480515916
221210 081103.874|INFO|Thread-2006|dumpPacket|   key: RUN is: edu.csus.ecs.pc2.core.model.Run Run 11 JUDGED 22 min 1329567ms from TEAM68 @ site 1 id Run-3293137135490528398 problem dryrun--3838966659325508604 lang Java-9059947720623527775
221210 081103.874|INFO|Thread-2006|dumpPacket|   key: CLIENT_ID is: edu.csus.ecs.pc2.core.model.ClientId SERVER0 @ site 1
221210 081103.874|INFO|Thread-2006|info|handlePacket start Packet[RUN_JUDGEMENT] #737 SERVER0 @ site 1 -> TEAM68 @ site 1
221210 081103.874|INFO|Thread-2006|dumpPacket|Packet RUN_JUDGEMENT (Seq #737, o#737 ) handlePacket
221210 081103.875|INFO|Thread-2006|dumpPacket|  From: SERVER0 @ site 1, oSERVER0 @ site 1 (DESKTOP-D75BQTV @ 212.212.212.212) (Contest Id: DryRun--5544400451244233091)
221210 081103.875|INFO|Thread-2006|dumpPacket|    To: TEAM68 @ site 1
221210 081103.875|INFO|Thread-2006|dumpPacket|   key: JUDGEMENT_RECORD is: edu.csus.ecs.pc2.core.model.JudgementRecord Yes by JUDGE2 @ site 1 judgement Yes-448420548528869030 id JudgementRecord-8606343306480515916
221210 081103.875|INFO|Thread-2006|dumpPacket|   key: RUN is: edu.csus.ecs.pc2.core.model.Run Run 11 JUDGED 22 min 1329567ms from TEAM68 @ site 1 id Run-3293137135490528398 problem dryrun--3838966659325508604 lang Java-9059947720623527775
221210 081103.875|INFO|Thread-2006|dumpPacket|   key: CLIENT_ID is: edu.csus.ecs.pc2.core.model.ClientId SERVER0 @ site 1
221210 081103.875|INFO|Thread-2006|info| receiveObject(S) end   got Packet[RUN_JUDGEMENT] #737 SERVER0 @ site 1 -> TEAM68 @ site 1
221210 083216.058|INFO|Thread-6223|info| receiveObject(S) start got Packet[CLARIFICATION_ANSWER_UPDATE] #1121 SERVER0 @ site 1 -> SERVER0 @ site 0
221210 083216.058|INFO|Thread-6223|dumpPacket|Packet CLARIFICATION_ANSWER_UPDATE (Seq #1121, o#1121 ) recieveObject
221210 083216.058|INFO|Thread-6223|dumpPacket|  From: SERVER0 @ site 1, oSERVER0 @ site 1 (DESKTOP-D75BQTV @ 212.212.212.212) (Contest Id: DryRun--5544400451244233091)
221210 083216.058|INFO|Thread-6223|dumpPacket|    To: SERVER0 @ site 0
221210 083216.058|INFO|Thread-6223|dumpPacket|   key: CLARIFICATION is: edu.csus.ecs.pc2.core.model.Clarification Clarification 1 ANSWERED from JUDGE1 @ site 1 at 44 id=Clarification--3557425780297126467
221210 083216.058|INFO|Thread-6223|dumpPacket|   key: CLARIFICATION_ANSWER is: java.lang.String No response, read problem statement
221210 083216.058|INFO|Thread-6223|dumpPacket|   key: CLIENT_ID is: edu.csus.ecs.pc2.core.model.ClientId JUDGE9 @ site 1
221210 083216.058|INFO|Thread-6223|info|handlePacket start Packet[CLARIFICATION_ANSWER_UPDATE] #1121 SERVER0 @ site 1 -> SERVER0 @ site 0
221210 083216.058|INFO|Thread-6223|dumpPacket|Packet CLARIFICATION_ANSWER_UPDATE (Seq #1121, o#1121 ) handlePacket
221210 083216.058|INFO|Thread-6223|dumpPacket|  From: SERVER0 @ site 1, oSERVER0 @ site 1 (DESKTOP-D75BQTV @ 212.212.212.212) (Contest Id: DryRun--5544400451244233091)
221210 083216.058|INFO|Thread-6223|dumpPacket|    To: SERVER0 @ site 0
221210 083216.058|INFO|Thread-6223|dumpPacket|   key: CLARIFICATION is: edu.csus.ecs.pc2.core.model.Clarification Clarification 1 ANSWERED from JUDGE1 @ site 1 at 44 id=Clarification--3557425780297126467
221210 083216.058|INFO|Thread-6223|dumpPacket|   key: CLARIFICATION_ANSWER is: java.lang.String No response, read problem statement
221210 083216.058|INFO|Thread-6223|dumpPacket|   key: CLIENT_ID is: edu.csus.ecs.pc2.core.model.ClientId JUDGE9 @ site 1
221210 083216.062|INFO|Thread-6223|info| receiveObject(S) end   got Packet[CLARIFICATION_ANSWER_UPDATE] #1121 SERVER0 @ site 1 -> SERVER0 @ site 0
221210 084028.481|INFO|Thread-10276|info| receiveObject(S) start got Packet[CLARIFICATION_ANSWER_UPDATE] #1383 SERVER0 @ site 1 -> SERVER0 @ site 0
221210 084028.481|INFO|Thread-10276|dumpPacket|Packet CLARIFICATION_ANSWER_UPDATE (Seq #1383, o#1383 ) recieveObject
221210 084028.481|INFO|Thread-10276|dumpPacket|  From: SERVER0 @ site 1, oSERVER0 @ site 1 (DESKTOP-D75BQTV @ 212.212.212.212) (Contest Id: DryRun--5544400451244233091)
221210 084028.481|INFO|Thread-10276|dumpPacket|    To: SERVER0 @ site 0
221210 084028.481|INFO|Thread-10276|dumpPacket|   key: CLARIFICATION is: edu.csus.ecs.pc2.core.model.Clarification Clarification 2 ANSWERED from TEAM36 @ site 1 at 51 id=Clarification--2605015397721620792
221210 084028.481|INFO|Thread-10276|dumpPacket|   key: CLARIFICATION_ANSWER is: java.lang.String Dont use System.in, use file input
221210 084028.481|INFO|Thread-10276|dumpPacket|   key: CLIENT_ID is: edu.csus.ecs.pc2.core.model.ClientId JUDGE5 @ site 1
221210 084028.481|INFO|Thread-10276|info|handlePacket start Packet[CLARIFICATION_ANSWER_UPDATE] #1383 SERVER0 @ site 1 -> SERVER0 @ site 0
221210 084028.481|INFO|Thread-10276|dumpPacket|Packet CLARIFICATION_ANSWER_UPDATE (Seq #1383, o#1383 ) handlePacket
221210 084028.481|INFO|Thread-10276|dumpPacket|  From: SERVER0 @ site 1, oSERVER0 @ site 1 (DESKTOP-D75BQTV @ 212.212.212.212) (Contest Id: DryRun--5544400451244233091)
221210 084028.481|INFO|Thread-10276|dumpPacket|    To: SERVER0 @ site 0
221210 084028.481|INFO|Thread-10276|dumpPacket|   key: CLARIFICATION is: edu.csus.ecs.pc2.core.model.Clarification Clarification 2 ANSWERED from TEAM36 @ site 1 at 51 id=Clarification--2605015397721620792
221210 084028.481|INFO|Thread-10276|dumpPacket|   key: CLARIFICATION_ANSWER is: java.lang.String Dont use System.in, use file input
221210 084028.482|INFO|Thread-10276|dumpPacket|   key: CLIENT_ID is: edu.csus.ecs.pc2.core.model.ClientId JUDGE5 @ site 1
221210 084028.482|INFO|Thread-10276|info| receiveObject(S) end   got Packet[CLARIFICATION_ANSWER_UPDATE] #1383 SERVER0 @ site 1 -> SERVER0 @ site 0
221210 104209.200|CONFIG|Thread-4199|setFileHandlers|Now logging to C:\Users\18328\Desktop\pc2\WebTeamInterface-1.1\logs directory.
221210 104209.200|INFO|Thread-4199|info|
221210 104209.200|INFO|Thread-4199|info|Version 9 () Java ver 18.0.2.1 build  Windows 11 10.0 (amd64) 
221210 104209.200|INFO|Thread-4199|info|Login: team68 (aka team68)
221210 104209.200|INFO|Thread-4199|startLog|Working directory is C:\Users\18328\Desktop\pc2\WebTeamInterface-1.1
221210 104209.200|INFO|Thread-4199|startLog|Process id is 22344@DESKTOP-D75BQTV
221210 104209.200|INFO|Thread-4199|info| handlePacket original LOGIN_SUCCESS after -- all settings loaded 
221210 104209.200|INFO|Thread-4199|info|handlePacket end Packet[LOGIN_SUCCESS] #3109 SERVER0 @ site 1 -> TEAM68 @ site 1
221210 104209.201|INFO|Thread-4199|info| receiveObject(S) end   got Packet[LOGIN_SUCCESS] #3109 SERVER0 @ site 1 -> TEAM68 @ site 1
221210 104406.115|INFO|Thread-4339|info| receiveObject(S) start got Packet[UPDATE_SETTING] #3140 SERVER0 @ site 1 -> SERVER0 @ site 0
221210 104406.115|INFO|Thread-4339|dumpPacket|Packet UPDATE_SETTING (Seq #3140, o#140 ) recieveObject
221210 104406.115|INFO|Thread-4339|dumpPacket|  From: SERVER0 @ site 1, oADMINISTRATOR1 @ site 1 (DESKTOP-D75BQTV @ 212.212.212.212) (Contest Id: Contest-4511288556462302159)
221210 104406.115|INFO|Thread-4339|dumpPacket|    To: SERVER0 @ site 0
221210 104406.115|INFO|Thread-4339|dumpPacket|   key: CONTEST_TIME is: edu.csus.ecs.pc2.core.model.ContestTime edu.csus.ecs.pc2.core.model.ContestTime@1b6ebb79
221210 104406.115|INFO|Thread-4339|info|handlePacket start Packet[UPDATE_SETTING] #3140 SERVER0 @ site 1 -> SERVER0 @ site 0
221210 104406.115|INFO|Thread-4339|dumpPacket|Packet UPDATE_SETTING (Seq #3140, o#140 ) handlePacket
221210 104406.115|INFO|Thread-4339|dumpPacket|  From: SERVER0 @ site 1, oADMINISTRATOR1 @ site 1 (DESKTOP-D75BQTV @ 212.212.212.212) (Contest Id: Contest-4511288556462302159)
221210 104406.115|INFO|Thread-4339|dumpPacket|    To: SERVER0 @ site 0
221210 104406.115|INFO|Thread-4339|dumpPacket|   key: CONTEST_TIME is: edu.csus.ecs.pc2.core.model.ContestTime edu.csus.ecs.pc2.core.model.ContestTime@1b6ebb79
221210 104406.115|INFO|Thread-4339|info|handlePacket end Packet[UPDATE_SETTING] #3140 SERVER0 @ site 1 -> SERVER0 @ site 0
221210 104406.115|INFO|Thread-4339|info| receiveObject(S) end   got Packet[UPDATE_SETTING] #3140 SERVER0 @ site 1 -> SERVER0 @ site 0
221210 104406.204|INFO|Thread-4487|info| receiveObject(S) start got Packet[UPDATE_SETTING] #3141 SERVER0 @ site 1 -> SERVER0 @ site 0
221210 104406.204|INFO|Thread-4487|dumpPacket|Packet UPDATE_SETTING (Seq #3141, o#141 ) recieveObject
221210 104406.204|INFO|Thread-4487|dumpPacket|  From: SERVER0 @ site 1, oADMINISTRATOR1 @ site 1 (DESKTOP-D75BQTV @ 212.212.212.212) (Contest Id: Contest-4511288556462302159)
221210 104406.204|INFO|Thread-4487|dumpPacket|    To: SERVER0 @ site 0
221210 104406.204|INFO|Thread-4487|dumpPacket|   key: CONTEST_INFORMATION is: edu.csus.ecs.pc2.core.model.ContestInformation edu.csus.ecs.pc2.core.model.ContestInformation@326eddc7
221210 104406.204|INFO|Thread-4487|info|handlePacket start Packet[UPDATE_SETTING] #3141 SERVER0 @ site 1 -> SERVER0 @ site 0
221210 104406.204|INFO|Thread-4487|dumpPacket|Packet UPDATE_SETTING (Seq #3141, o#141 ) handlePacket
221210 104406.204|INFO|Thread-4487|dumpPacket|  From: SERVER0 @ site 1, oADMINISTRATOR1 @ site 1 (DESKTOP-D75BQTV @ 212.212.212.212) (Contest Id: Contest-4511288556462302159)
221210 104406.204|INFO|Thread-4487|dumpPacket|    To: SERVER0 @ site 0
221210 104406.204|INFO|Thread-4487|dumpPacket|   key: CONTEST_INFORMATION is: edu.csus.ecs.pc2.core.model.ContestInformation edu.csus.ecs.pc2.core.model.ContestInformation@326eddc7
221210 104406.204|INFO|Thread-4487|info|handlePacket end Packet[UPDATE_SETTING] #3141 SERVER0 @ site 1 -> SERVER0 @ site 0
221210 104406.212|INFO|Thread-4487|info| receiveObject(S) end   got Packet[UPDATE_SETTING] #3141 SERVER0 @ site 1 -> SERVER0 @ site 0
221210 104717.876|INFO|Thread-4757|info| receiveObject(S) start got Packet[CLOCK_STARTED] #3170 SERVER0 @ site 1 -> SERVER0 @ site 0
221210 104717.876|INFO|Thread-4757|dumpPacket|Packet CLOCK_STARTED (Seq #3170, o#3170 ) recieveObject
221210 104717.876|INFO|Thread-4757|dumpPacket|  From: SERVER0 @ site 1, oSERVER0 @ site 1 (DESKTOP-D75BQTV @ 212.212.212.212) (Contest Id: Contest-4511288556462302159)
221210 104717.876|INFO|Thread-4757|dumpPacket|    To: SERVER0 @ site 0
221210 104717.876|INFO|Thread-4757|dumpPacket|   key: SITE_NUMBER is: java.lang.Integer 1
221210 104717.876|INFO|Thread-4757|dumpPacket|   key: CLIENT_ID is: edu.csus.ecs.pc2.core.model.ClientId ADMINISTRATOR1 @ site 1
221210 104717.876|INFO|Thread-4757|dumpPacket|   key: SERVER_CLOCK_OFFSET is: java.util.GregorianCalendar java.util.GregorianCalendar[time=1670690837864,areFieldsSet=true,areAllFieldsSet=false,lenient=true,zone=sun.util.calendar.ZoneInfo[id="GMT",offset=0,dstSavings=0,useDaylight=false,transitions=0,lastRule=null],firstDayOfWeek=1,minimalDaysInFirstWeek=1,ERA=1,YEAR=2022,MONTH=11,WEEK_OF_YEAR=50,WEEK_OF_MONTH=2,DAY_OF_MONTH=10,DAY_OF_YEAR=344,DAY_OF_WEEK=7,DAY_OF_WEEK_IN_MONTH=2,AM_PM=1,HOUR=4,HOUR_OF_DAY=16,MINUTE=47,SECOND=17,MILLISECOND=864,ZONE_OFFSET=0,DST_OFFSET=0]
221210 104717.876|INFO|Thread-4757|info|handlePacket start Packet[CLOCK_STARTED] #3170 SERVER0 @ site 1 -> SERVER0 @ site 0
221210 104717.876|INFO|Thread-4757|dumpPacket|Packet CLOCK_STARTED (Seq #3170, o#3170 ) handlePacket
221210 104717.876|INFO|Thread-4757|dumpPacket|  From: SERVER0 @ site 1, oSERVER0 @ site 1 (DESKTOP-D75BQTV @ 212.212.212.212) (Contest Id: Contest-4511288556462302159)
221210 104717.876|INFO|Thread-4757|dumpPacket|    To: SERVER0 @ site 0
221210 104717.876|INFO|Thread-4757|dumpPacket|   key: SITE_NUMBER is: java.lang.Integer 1
221210 104717.876|INFO|Thread-4757|dumpPacket|   key: CLIENT_ID is: edu.csus.ecs.pc2.core.model.ClientId ADMINISTRATOR1 @ site 1
221210 104717.876|INFO|Thread-4757|dumpPacket|   key: SERVER_CLOCK_OFFSET is: java.util.GregorianCalendar java.util.GregorianCalendar[time=1670690837864,areFieldsSet=true,areAllFieldsSet=false,lenient=true,zone=sun.util.calendar.ZoneInfo[id="GMT",offset=0,dstSavings=0,useDaylight=false,transitions=0,lastRule=null],firstDayOfWeek=1,minimalDaysInFirstWeek=1,ERA=1,YEAR=2022,MONTH=11,WEEK_OF_YEAR=50,WEEK_OF_MONTH=2,DAY_OF_MONTH=10,DAY_OF_YEAR=344,DAY_OF_WEEK=7,DAY_OF_WEEK_IN_MONTH=2,AM_PM=1,HOUR=4,HOUR_OF_DAY=16,MINUTE=47,SECOND=17,MILLISECOND=864,ZONE_OFFSET=0,DST_OFFSET=0]
221210 104717.876|INFO|Thread-4757|info|Clock for site 1 started by ADMINISTRATOR1 @ site 1 elapsed 0:00:00
221210 104717.880|INFO|Thread-4757|info| receiveObject(S) end   got Packet[CLOCK_STARTED] #3170 SERVER0 @ site 1 -> SERVER0 @ site 0
221210 104718.683|INFO|Thread-5069|info| receiveObject(S) start got Packet[CLOCK_STARTED] #3171 SERVER0 @ site 1 -> SERVER0 @ site 0
221210 104718.683|INFO|Thread-5069|dumpPacket|Packet CLOCK_STARTED (Seq #3171, o#3171 ) recieveObject
221210 104718.683|INFO|Thread-5069|dumpPacket|  From: SERVER0 @ site 1, oSERVER0 @ site 1 (DESKTOP-D75BQTV @ 212.212.212.212) (Contest Id: Contest-4511288556462302159)
221210 104718.683|INFO|Thread-5069|dumpPacket|    To: SERVER0 @ site 0
221210 104718.683|INFO|Thread-5069|dumpPacket|   key: SITE_NUMBER is: java.lang.Integer 1
221210 104718.683|INFO|Thread-5069|dumpPacket|   key: CLIENT_ID is: edu.csus.ecs.pc2.core.model.ClientId ADMINISTRATOR1 @ site 1
221210 104718.683|INFO|Thread-5069|dumpPacket|   key: SERVER_CLOCK_OFFSET is: java.util.GregorianCalendar java.util.GregorianCalendar[time=1670690838621,areFieldsSet=true,areAllFieldsSet=false,lenient=true,zone=sun.util.calendar.ZoneInfo[id="GMT",offset=0,dstSavings=0,useDaylight=false,transitions=0,lastRule=null],firstDayOfWeek=1,minimalDaysInFirstWeek=1,ERA=1,YEAR=2022,MONTH=11,WEEK_OF_YEAR=50,WEEK_OF_MONTH=2,DAY_OF_MONTH=10,DAY_OF_YEAR=344,DAY_OF_WEEK=7,DAY_OF_WEEK_IN_MONTH=2,AM_PM=1,HOUR=4,HOUR_OF_DAY=16,MINUTE=47,SECOND=18,MILLISECOND=621,ZONE_OFFSET=0,DST_OFFSET=0]
221210 104718.683|INFO|Thread-5069|info|handlePacket start Packet[CLOCK_STARTED] #3171 SERVER0 @ site 1 -> SERVER0 @ site 0
221210 104718.683|INFO|Thread-5069|dumpPacket|Packet CLOCK_STARTED (Seq #3171, o#3171 ) handlePacket
221210 104718.683|INFO|Thread-5069|dumpPacket|  From: SERVER0 @ site 1, oSERVER0 @ site 1 (DESKTOP-D75BQTV @ 212.212.212.212) (Contest Id: Contest-4511288556462302159)
221210 104718.683|INFO|Thread-5069|dumpPacket|    To: SERVER0 @ site 0
221210 104718.683|INFO|Thread-5069|dumpPacket|   key: SITE_NUMBER is: java.lang.Integer 1
221210 104718.683|INFO|Thread-5069|dumpPacket|   key: CLIENT_ID is: edu.csus.ecs.pc2.core.model.ClientId ADMINISTRATOR1 @ site 1
221210 104718.683|INFO|Thread-5069|dumpPacket|   key: SERVER_CLOCK_OFFSET is: java.util.GregorianCalendar java.util.GregorianCalendar[time=1670690838621,areFieldsSet=true,areAllFieldsSet=false,lenient=true,zone=sun.util.calendar.ZoneInfo[id="GMT",offset=0,dstSavings=0,useDaylight=false,transitions=0,lastRule=null],firstDayOfWeek=1,minimalDaysInFirstWeek=1,ERA=1,YEAR=2022,MONTH=11,WEEK_OF_YEAR=50,WEEK_OF_MONTH=2,DAY_OF_MONTH=10,DAY_OF_YEAR=344,DAY_OF_WEEK=7,DAY_OF_WEEK_IN_MONTH=2,AM_PM=1,HOUR=4,HOUR_OF_DAY=16,MINUTE=47,SECOND=18,MILLISECOND=621,ZONE_OFFSET=0,DST_OFFSET=0]
221210 104718.683|INFO|Thread-5069|info|Clock for site 1 started by ADMINISTRATOR1 @ site 1 elapsed 0:00:00
221210 104718.683|INFO|Thread-5069|info| receiveObject(S) end   got Packet[CLOCK_STARTED] #3171 SERVER0 @ site 1 -> SERVER0 @ site 0
221210 104719.215|INFO|Thread-5249|info| receiveObject(S) start got Packet[CLOCK_STARTED] #3172 SERVER0 @ site 1 -> SERVER0 @ site 0
221210 104719.215|INFO|Thread-5249|dumpPacket|Packet CLOCK_STARTED (Seq #3172, o#3172 ) recieveObject
221210 104719.215|INFO|Thread-5249|dumpPacket|  From: SERVER0 @ site 1, oSERVER0 @ site 1 (DESKTOP-D75BQTV @ 212.212.212.212) (Contest Id: Contest-4511288556462302159)
221210 104719.215|INFO|Thread-5249|dumpPacket|    To: SERVER0 @ site 0
221210 104719.215|INFO|Thread-5249|dumpPacket|   key: SITE_NUMBER is: java.lang.Integer 1
221210 104719.215|INFO|Thread-5249|dumpPacket|   key: CLIENT_ID is: edu.csus.ecs.pc2.core.model.ClientId ADMINISTRATOR1 @ site 1
221210 104719.215|INFO|Thread-5249|dumpPacket|   key: SERVER_CLOCK_OFFSET is: java.util.GregorianCalendar java.util.GregorianCalendar[time=1670690839204,areFieldsSet=true,areAllFieldsSet=false,lenient=true,zone=sun.util.calendar.ZoneInfo[id="GMT",offset=0,dstSavings=0,useDaylight=false,transitions=0,lastRule=null],firstDayOfWeek=1,minimalDaysInFirstWeek=1,ERA=1,YEAR=2022,MONTH=11,WEEK_OF_YEAR=50,WEEK_OF_MONTH=2,DAY_OF_MONTH=10,DAY_OF_YEAR=344,DAY_OF_WEEK=7,DAY_OF_WEEK_IN_MONTH=2,AM_PM=1,HOUR=4,HOUR_OF_DAY=16,MINUTE=47,SECOND=19,MILLISECOND=204,ZONE_OFFSET=0,DST_OFFSET=0]
221210 104719.215|INFO|Thread-5249|info|handlePacket start Packet[CLOCK_STARTED] #3172 SERVER0 @ site 1 -> SERVER0 @ site 0
221210 104719.215|INFO|Thread-5249|dumpPacket|Packet CLOCK_STARTED (Seq #3172, o#3172 ) handlePacket
221210 104719.215|INFO|Thread-5249|dumpPacket|  From: SERVER0 @ site 1, oSERVER0 @ site 1 (DESKTOP-D75BQTV @ 212.212.212.212) (Contest Id: Contest-4511288556462302159)
221210 104719.215|INFO|Thread-5249|dumpPacket|    To: SERVER0 @ site 0
221210 104719.215|INFO|Thread-5249|dumpPacket|   key: SITE_NUMBER is: java.lang.Integer 1
221210 104719.215|INFO|Thread-5249|dumpPacket|   key: CLIENT_ID is: edu.csus.ecs.pc2.core.model.ClientId ADMINISTRATOR1 @ site 1
221210 104719.215|INFO|Thread-5249|dumpPacket|   key: SERVER_CLOCK_OFFSET is: java.util.GregorianCalendar java.util.GregorianCalendar[time=1670690839204,areFieldsSet=true,areAllFieldsSet=false,lenient=true,zone=sun.util.calendar.ZoneInfo[id="GMT",offset=0,dstSavings=0,useDaylight=false,transitions=0,lastRule=null],firstDayOfWeek=1,minimalDaysInFirstWeek=1,ERA=1,YEAR=2022,MONTH=11,WEEK_OF_YEAR=50,WEEK_OF_MONTH=2,DAY_OF_MONTH=10,DAY_OF_YEAR=344,DAY_OF_WEEK=7,DAY_OF_WEEK_IN_MONTH=2,AM_PM=1,HOUR=4,HOUR_OF_DAY=16,MINUTE=47,SECOND=19,MILLISECOND=204,ZONE_OFFSET=0,DST_OFFSET=0]
221210 104719.215|INFO|Thread-5249|info|Clock for site 1 started by ADMINISTRATOR1 @ site 1 elapsed 0:00:01
221210 104719.217|INFO|Thread-5249|info| receiveObject(S) end   got Packet[CLOCK_STARTED] #3172 SERVER0 @ site 1 -> SERVER0 @ site 0
221210 105851.238|INFO|Thread-11930|info| receiveObject(S) start got Packet[RUN_SUBMISSION_CONFIRM] #3344 SERVER0 @ site 1 -> TEAM68 @ site 1
221210 105851.238|INFO|Thread-11930|dumpPacket|Packet RUN_SUBMISSION_CONFIRM (Seq #3344, o#3344 ) recieveObject
221210 105851.238|INFO|Thread-11930|dumpPacket|  From: SERVER0 @ site 1, oSERVER0 @ site 1 (DESKTOP-D75BQTV @ 212.212.212.212) (Contest Id: Contest-4511288556462302159)
221210 105851.238|INFO|Thread-11930|dumpPacket|    To: TEAM68 @ site 1
221210 105851.238|INFO|Thread-11930|dumpPacket|   key: RUN is: edu.csus.ecs.pc2.core.model.Run Run 24 NEW 11 min 693367ms from TEAM68 @ site 1 id Run-8026697896886371518 problem joenathan-1253509444049781839 lang Java-8995311559554510087
221210 105851.238|INFO|Thread-11930|info|handlePacket start Packet[RUN_SUBMISSION_CONFIRM] #3344 SERVER0 @ site 1 -> TEAM68 @ site 1
221210 105851.238|INFO|Thread-11930|dumpPacket|Packet RUN_SUBMISSION_CONFIRM (Seq #3344, o#3344 ) handlePacket
221210 105851.238|INFO|Thread-11930|dumpPacket|  From: SERVER0 @ site 1, oSERVER0 @ site 1 (DESKTOP-D75BQTV @ 212.212.212.212) (Contest Id: Contest-4511288556462302159)
221210 105851.238|INFO|Thread-11930|dumpPacket|    To: TEAM68 @ site 1
221210 105851.238|INFO|Thread-11930|dumpPacket|   key: RUN is: edu.csus.ecs.pc2.core.model.Run Run 24 NEW 11 min 693367ms from TEAM68 @ site 1 id Run-8026697896886371518 problem joenathan-1253509444049781839 lang Java-8995311559554510087
221210 105851.238|INFO|Thread-11930|info| receiveObject(S) end   got Packet[RUN_SUBMISSION_CONFIRM] #3344 SERVER0 @ site 1 -> TEAM68 @ site 1
221210 105900.739|INFO|Thread-12245|info| receiveObject(S) start got Packet[RUN_JUDGEMENT] #3357 SERVER0 @ site 1 -> TEAM68 @ site 1
221210 105900.739|INFO|Thread-12245|dumpPacket|Packet RUN_JUDGEMENT (Seq #3357, o#3357 ) recieveObject
221210 105900.740|INFO|Thread-12245|dumpPacket|  From: SERVER0 @ site 1, oSERVER0 @ site 1 (DESKTOP-D75BQTV @ 212.212.212.212) (Contest Id: Contest-4511288556462302159)
221210 105900.740|INFO|Thread-12245|dumpPacket|    To: TEAM68 @ site 1
221210 105900.740|INFO|Thread-12245|dumpPacket|   key: JUDGEMENT_RECORD is: edu.csus.ecs.pc2.core.model.JudgementRecord Yes by ADMINISTRATOR1 @ site 1 judgement Yes-448420548528869030 id JudgementRecord-5964015544100879788
221210 105900.740|INFO|Thread-12245|dumpPacket|   key: RUN is: edu.csus.ecs.pc2.core.model.Run Run 24 JUDGED 11 min 693367ms from TEAM68 @ site 1 id Run-8026697896886371518 problem joenathan-1253509444049781839 lang Java-8995311559554510087
221210 105900.740|INFO|Thread-12245|dumpPacket|   key: CLIENT_ID is: edu.csus.ecs.pc2.core.model.ClientId SERVER0 @ site 1
221210 105900.740|INFO|Thread-12245|info|handlePacket start Packet[RUN_JUDGEMENT] #3357 SERVER0 @ site 1 -> TEAM68 @ site 1
221210 105900.740|INFO|Thread-12245|dumpPacket|Packet RUN_JUDGEMENT (Seq #3357, o#3357 ) handlePacket
221210 105900.740|INFO|Thread-12245|dumpPacket|  From: SERVER0 @ site 1, oSERVER0 @ site 1 (DESKTOP-D75BQTV @ 212.212.212.212) (Contest Id: Contest-4511288556462302159)
221210 105900.740|INFO|Thread-12245|dumpPacket|    To: TEAM68 @ site 1
221210 105900.740|INFO|Thread-12245|dumpPacket|   key: JUDGEMENT_RECORD is: edu.csus.ecs.pc2.core.model.JudgementRecord Yes by ADMINISTRATOR1 @ site 1 judgement Yes-448420548528869030 id JudgementRecord-5964015544100879788
221210 105900.740|INFO|Thread-12245|dumpPacket|   key: RUN is: edu.csus.ecs.pc2.core.model.Run Run 24 JUDGED 11 min 693367ms from TEAM68 @ site 1 id Run-8026697896886371518 problem joenathan-1253509444049781839 lang Java-8995311559554510087
221210 105900.740|INFO|Thread-12245|dumpPacket|   key: CLIENT_ID is: edu.csus.ecs.pc2.core.model.ClientId SERVER0 @ site 1
221210 105900.740|INFO|Thread-12245|info| receiveObject(S) end   got Packet[RUN_JUDGEMENT] #3357 SERVER0 @ site 1 -> TEAM68 @ site 1
221210 110127.138|INFO|Thread-17070|info| receiveObject(S) start got Packet[RUN_SUBMISSION_CONFIRM] #3455 SERVER0 @ site 1 -> TEAM68 @ site 1
221210 110127.138|INFO|Thread-17070|dumpPacket|Packet RUN_SUBMISSION_CONFIRM (Seq #3455, o#3455 ) recieveObject
221210 110127.138|INFO|Thread-17070|dumpPacket|  From: SERVER0 @ site 1, oSERVER0 @ site 1 (DESKTOP-D75BQTV @ 212.212.212.212) (Contest Id: Contest-4511288556462302159)
221210 110127.138|INFO|Thread-17070|dumpPacket|    To: TEAM68 @ site 1
221210 110127.138|INFO|Thread-17070|dumpPacket|   key: RUN is: edu.csus.ecs.pc2.core.model.Run Run 39 NEW 14 min 849258ms from TEAM68 @ site 1 id Run--3950982860083749597 problem chikhen--7199110387462942549 lang Java-8995311559554510087
221210 110127.138|INFO|Thread-17070|info|handlePacket start Packet[RUN_SUBMISSION_CONFIRM] #3455 SERVER0 @ site 1 -> TEAM68 @ site 1
221210 110127.138|INFO|Thread-17070|dumpPacket|Packet RUN_SUBMISSION_CONFIRM (Seq #3455, o#3455 ) handlePacket
221210 110127.138|INFO|Thread-17070|dumpPacket|  From: SERVER0 @ site 1, oSERVER0 @ site 1 (DESKTOP-D75BQTV @ 212.212.212.212) (Contest Id: Contest-4511288556462302159)
221210 110127.138|INFO|Thread-17070|dumpPacket|    To: TEAM68 @ site 1
221210 110127.138|INFO|Thread-17070|dumpPacket|   key: RUN is: edu.csus.ecs.pc2.core.model.Run Run 39 NEW 14 min 849258ms from TEAM68 @ site 1 id Run--3950982860083749597 problem chikhen--7199110387462942549 lang Java-8995311559554510087
221210 110127.138|INFO|Thread-17070|info| receiveObject(S) end   got Packet[RUN_SUBMISSION_CONFIRM] #3455 SERVER0 @ site 1 -> TEAM68 @ site 1
221210 110154.753|INFO|Thread-17696|info| receiveObject(S) start got Packet[RUN_JUDGEMENT] #3470 SERVER0 @ site 1 -> TEAM68 @ site 1
221210 110154.753|INFO|Thread-17696|dumpPacket|Packet RUN_JUDGEMENT (Seq #3470, o#3470 ) recieveObject
221210 110154.753|INFO|Thread-17696|dumpPacket|  From: SERVER0 @ site 1, oSERVER0 @ site 1 (DESKTOP-D75BQTV @ 212.212.212.212) (Contest Id: Contest-4511288556462302159)
221210 110154.753|INFO|Thread-17696|dumpPacket|    To: TEAM68 @ site 1
221210 110154.753|INFO|Thread-17696|dumpPacket|   key: JUDGEMENT_RECORD is: edu.csus.ecs.pc2.core.model.JudgementRecord Yes by JUDGE7 @ site 1 judgement Yes-448420548528869030 id JudgementRecord-6081568362187582733
221210 110154.753|INFO|Thread-17696|dumpPacket|   key: RUN is: edu.csus.ecs.pc2.core.model.Run Run 39 JUDGED 14 min 849258ms from TEAM68 @ site 1 id Run--3950982860083749597 problem chikhen--7199110387462942549 lang Java-8995311559554510087
221210 110154.753|INFO|Thread-17696|dumpPacket|   key: CLIENT_ID is: edu.csus.ecs.pc2.core.model.ClientId SERVER0 @ site 1
221210 110154.753|INFO|Thread-17696|info|handlePacket start Packet[RUN_JUDGEMENT] #3470 SERVER0 @ site 1 -> TEAM68 @ site 1
221210 110154.753|INFO|Thread-17696|dumpPacket|Packet RUN_JUDGEMENT (Seq #3470, o#3470 ) handlePacket
221210 110154.753|INFO|Thread-17696|dumpPacket|  From: SERVER0 @ site 1, oSERVER0 @ site 1 (DESKTOP-D75BQTV @ 212.212.212.212) (Contest Id: Contest-4511288556462302159)
221210 110154.753|INFO|Thread-17696|dumpPacket|    To: TEAM68 @ site 1
221210 110154.753|INFO|Thread-17696|dumpPacket|   key: JUDGEMENT_RECORD is: edu.csus.ecs.pc2.core.model.JudgementRecord Yes by JUDGE7 @ site 1 judgement Yes-448420548528869030 id JudgementRecord-6081568362187582733
221210 110154.753|INFO|Thread-17696|dumpPacket|   key: RUN is: edu.csus.ecs.pc2.core.model.Run Run 39 JUDGED 14 min 849258ms from TEAM68 @ site 1 id Run--3950982860083749597 problem chikhen--7199110387462942549 lang Java-8995311559554510087
221210 110154.753|INFO|Thread-17696|dumpPacket|   key: CLIENT_ID is: edu.csus.ecs.pc2.core.model.ClientId SERVER0 @ site 1
221210 110154.753|INFO|Thread-17696|info| receiveObject(S) end   got Packet[RUN_JUDGEMENT] #3470 SERVER0 @ site 1 -> TEAM68 @ site 1
221210 111135.772|INFO|Thread-34660|info| receiveObject(S) start got Packet[RUN_SUBMISSION_CONFIRM] #3847 SERVER0 @ site 1 -> TEAM68 @ site 1
221210 111135.772|INFO|Thread-34660|dumpPacket|Packet RUN_SUBMISSION_CONFIRM (Seq #3847, o#3847 ) recieveObject
221210 111135.772|INFO|Thread-34660|dumpPacket|  From: SERVER0 @ site 1, oSERVER0 @ site 1 (DESKTOP-D75BQTV @ 212.212.212.212) (Contest Id: Contest-4511288556462302159)
221210 111135.772|INFO|Thread-34660|dumpPacket|    To: TEAM68 @ site 1
221210 111135.773|INFO|Thread-34660|dumpPacket|   key: RUN is: edu.csus.ecs.pc2.core.model.Run Run 92 NEW 24 min 1457889ms from TEAM68 @ site 1 id Run-2247756456434361002 problem hashbroun--674302307081013706 lang Java-8995311559554510087
221210 111135.773|INFO|Thread-34660|info|handlePacket start Packet[RUN_SUBMISSION_CONFIRM] #3847 SERVER0 @ site 1 -> TEAM68 @ site 1
221210 111135.773|INFO|Thread-34660|dumpPacket|Packet RUN_SUBMISSION_CONFIRM (Seq #3847, o#3847 ) handlePacket
221210 111135.773|INFO|Thread-34660|dumpPacket|  From: SERVER0 @ site 1, oSERVER0 @ site 1 (DESKTOP-D75BQTV @ 212.212.212.212) (Contest Id: Contest-4511288556462302159)
221210 111135.773|INFO|Thread-34660|dumpPacket|    To: TEAM68 @ site 1
221210 111135.773|INFO|Thread-34660|dumpPacket|   key: RUN is: edu.csus.ecs.pc2.core.model.Run Run 92 NEW 24 min 1457889ms from TEAM68 @ site 1 id Run-2247756456434361002 problem hashbroun--674302307081013706 lang Java-8995311559554510087
221210 111135.773|INFO|Thread-34660|info| receiveObject(S) end   got Packet[RUN_SUBMISSION_CONFIRM] #3847 SERVER0 @ site 1 -> TEAM68 @ site 1
221210 111159.381|INFO|Thread-35161|info| receiveObject(S) start got Packet[RUN_JUDGEMENT] #3858 SERVER0 @ site 1 -> TEAM68 @ site 1
221210 111159.381|INFO|Thread-35161|dumpPacket|Packet RUN_JUDGEMENT (Seq #3858, o#3858 ) recieveObject
221210 111159.381|INFO|Thread-35161|dumpPacket|  From: SERVER0 @ site 1, oSERVER0 @ site 1 (DESKTOP-D75BQTV @ 212.212.212.212) (Contest Id: Contest-4511288556462302159)
221210 111159.381|INFO|Thread-35161|dumpPacket|    To: TEAM68 @ site 1
221210 111159.381|INFO|Thread-35161|dumpPacket|   key: JUDGEMENT_RECORD is: edu.csus.ecs.pc2.core.model.JudgementRecord No by JUDGE3 @ site 1 judgement No_-_Time_Limit_Exceeded-3373294756080773907 id JudgementRecord-1906119323881775473
221210 111159.381|INFO|Thread-35161|dumpPacket|   key: RUN is: edu.csus.ecs.pc2.core.model.Run Run 92 JUDGED 24 min 1457889ms from TEAM68 @ site 1 id Run-2247756456434361002 problem hashbroun--674302307081013706 lang Java-8995311559554510087
221210 111159.381|INFO|Thread-35161|dumpPacket|   key: CLIENT_ID is: edu.csus.ecs.pc2.core.model.ClientId SERVER0 @ site 1
221210 111159.381|INFO|Thread-35161|info|handlePacket start Packet[RUN_JUDGEMENT] #3858 SERVER0 @ site 1 -> TEAM68 @ site 1
221210 111159.381|INFO|Thread-35161|dumpPacket|Packet RUN_JUDGEMENT (Seq #3858, o#3858 ) handlePacket
221210 111159.381|INFO|Thread-35161|dumpPacket|  From: SERVER0 @ site 1, oSERVER0 @ site 1 (DESKTOP-D75BQTV @ 212.212.212.212) (Contest Id: Contest-4511288556462302159)
221210 111159.381|INFO|Thread-35161|dumpPacket|    To: TEAM68 @ site 1
221210 111159.381|INFO|Thread-35161|dumpPacket|   key: JUDGEMENT_RECORD is: edu.csus.ecs.pc2.core.model.JudgementRecord No by JUDGE3 @ site 1 judgement No_-_Time_Limit_Exceeded-3373294756080773907 id JudgementRecord-1906119323881775473
221210 111159.381|INFO|Thread-35161|dumpPacket|   key: RUN is: edu.csus.ecs.pc2.core.model.Run Run 92 JUDGED 24 min 1457889ms from TEAM68 @ site 1 id Run-2247756456434361002 problem hashbroun--674302307081013706 lang Java-8995311559554510087
221210 111159.381|INFO|Thread-35161|dumpPacket|   key: CLIENT_ID is: edu.csus.ecs.pc2.core.model.ClientId SERVER0 @ site 1
221210 111159.381|INFO|Thread-35161|info| receiveObject(S) end   got Packet[RUN_JUDGEMENT] #3858 SERVER0 @ site 1 -> TEAM68 @ site 1
221210 111450.848|INFO|Thread-38534|info| receiveObject(S) start got Packet[RUN_SUBMISSION_CONFIRM] #3937 SERVER0 @ site 1 -> TEAM68 @ site 1
221210 111450.849|INFO|Thread-38534|dumpPacket|Packet RUN_SUBMISSION_CONFIRM (Seq #3937, o#3937 ) recieveObject
221210 111450.849|INFO|Thread-38534|dumpPacket|  From: SERVER0 @ site 1, oSERVER0 @ site 1 (DESKTOP-D75BQTV @ 212.212.212.212) (Contest Id: Contest-4511288556462302159)
221210 111450.849|INFO|Thread-38534|dumpPacket|    To: TEAM68 @ site 1
221210 111450.849|INFO|Thread-38534|dumpPacket|   key: RUN is: edu.csus.ecs.pc2.core.model.Run Run 105 NEW 27 min 1652967ms from TEAM68 @ site 1 id Run-8203214980410738674 problem hashbroun--674302307081013706 lang Java-8995311559554510087
221210 111450.849|INFO|Thread-38534|info|handlePacket start Packet[RUN_SUBMISSION_CONFIRM] #3937 SERVER0 @ site 1 -> TEAM68 @ site 1
221210 111450.849|INFO|Thread-38534|dumpPacket|Packet RUN_SUBMISSION_CONFIRM (Seq #3937, o#3937 ) handlePacket
221210 111450.849|INFO|Thread-38534|dumpPacket|  From: SERVER0 @ site 1, oSERVER0 @ site 1 (DESKTOP-D75BQTV @ 212.212.212.212) (Contest Id: Contest-4511288556462302159)
221210 111450.849|INFO|Thread-38534|dumpPacket|    To: TEAM68 @ site 1
221210 111450.849|INFO|Thread-38534|dumpPacket|   key: RUN is: edu.csus.ecs.pc2.core.model.Run Run 105 NEW 27 min 1652967ms from TEAM68 @ site 1 id Run-8203214980410738674 problem hashbroun--674302307081013706 lang Java-8995311559554510087
221210 111450.849|INFO|Thread-38534|info| receiveObject(S) end   got Packet[RUN_SUBMISSION_CONFIRM] #3937 SERVER0 @ site 1 -> TEAM68 @ site 1
221210 111504.077|INFO|Thread-39557|info| receiveObject(S) start got Packet[RUN_JUDGEMENT] #3958 SERVER0 @ site 1 -> TEAM68 @ site 1
221210 111504.077|INFO|Thread-39557|dumpPacket|Packet RUN_JUDGEMENT (Seq #3958, o#3958 ) recieveObject
221210 111504.077|INFO|Thread-39557|dumpPacket|  From: SERVER0 @ site 1, oSERVER0 @ site 1 (DESKTOP-D75BQTV @ 212.212.212.212) (Contest Id: Contest-4511288556462302159)
221210 111504.077|INFO|Thread-39557|dumpPacket|    To: TEAM68 @ site 1
221210 111504.077|INFO|Thread-39557|dumpPacket|   key: JUDGEMENT_RECORD is: edu.csus.ecs.pc2.core.model.JudgementRecord Yes by JUDGE6 @ site 1 judgement Yes-448420548528869030 id JudgementRecord-5636302843417783371
221210 111504.077|INFO|Thread-39557|dumpPacket|   key: RUN is: edu.csus.ecs.pc2.core.model.Run Run 105 JUDGED 27 min 1652967ms from TEAM68 @ site 1 id Run-8203214980410738674 problem hashbroun--674302307081013706 lang Java-8995311559554510087
221210 111504.077|INFO|Thread-39557|dumpPacket|   key: CLIENT_ID is: edu.csus.ecs.pc2.core.model.ClientId SERVER0 @ site 1
221210 111504.077|INFO|Thread-39557|info|handlePacket start Packet[RUN_JUDGEMENT] #3958 SERVER0 @ site 1 -> TEAM68 @ site 1
221210 111504.077|INFO|Thread-39557|dumpPacket|Packet RUN_JUDGEMENT (Seq #3958, o#3958 ) handlePacket
221210 111504.077|INFO|Thread-39557|dumpPacket|  From: SERVER0 @ site 1, oSERVER0 @ site 1 (DESKTOP-D75BQTV @ 212.212.212.212) (Contest Id: Contest-4511288556462302159)
221210 111504.077|INFO|Thread-39557|dumpPacket|    To: TEAM68 @ site 1
221210 111504.077|INFO|Thread-39557|dumpPacket|   key: JUDGEMENT_RECORD is: edu.csus.ecs.pc2.core.model.JudgementRecord Yes by JUDGE6 @ site 1 judgement Yes-448420548528869030 id JudgementRecord-5636302843417783371
221210 111504.077|INFO|Thread-39557|dumpPacket|   key: RUN is: edu.csus.ecs.pc2.core.model.Run Run 105 JUDGED 27 min 1652967ms from TEAM68 @ site 1 id Run-8203214980410738674 problem hashbroun--674302307081013706 lang Java-8995311559554510087
221210 111504.077|INFO|Thread-39557|dumpPacket|   key: CLIENT_ID is: edu.csus.ecs.pc2.core.model.ClientId SERVER0 @ site 1
221210 111504.078|INFO|Thread-39557|info| receiveObject(S) end   got Packet[RUN_JUDGEMENT] #3958 SERVER0 @ site 1 -> TEAM68 @ site 1
221210 112933.195|INFO|Thread-67839|info| receiveObject(S) start got Packet[RUN_SUBMISSION_CONFIRM] #4504 SERVER0 @ site 1 -> TEAM68 @ site 1
221210 112933.195|INFO|Thread-67839|dumpPacket|Packet RUN_SUBMISSION_CONFIRM (Seq #4504, o#4504 ) recieveObject
221210 112933.195|INFO|Thread-67839|dumpPacket|  From: SERVER0 @ site 1, oSERVER0 @ site 1 (DESKTOP-D75BQTV @ 212.212.212.212) (Contest Id: Contest-4511288556462302159)
221210 112933.195|INFO|Thread-67839|dumpPacket|    To: TEAM68 @ site 1
221210 112933.195|INFO|Thread-67839|dumpPacket|   key: RUN is: edu.csus.ecs.pc2.core.model.Run Run 186 NEW 42 min 2535309ms from TEAM68 @ site 1 id Run-7381895420837943658 problem loanur--1521127695391573182 lang Java-8995311559554510087
221210 112933.195|INFO|Thread-67839|info|handlePacket start Packet[RUN_SUBMISSION_CONFIRM] #4504 SERVER0 @ site 1 -> TEAM68 @ site 1
221210 112933.195|INFO|Thread-67839|dumpPacket|Packet RUN_SUBMISSION_CONFIRM (Seq #4504, o#4504 ) handlePacket
221210 112933.195|INFO|Thread-67839|dumpPacket|  From: SERVER0 @ site 1, oSERVER0 @ site 1 (DESKTOP-D75BQTV @ 212.212.212.212) (Contest Id: Contest-4511288556462302159)
221210 112933.195|INFO|Thread-67839|dumpPacket|    To: TEAM68 @ site 1
221210 112933.195|INFO|Thread-67839|dumpPacket|   key: RUN is: edu.csus.ecs.pc2.core.model.Run Run 186 NEW 42 min 2535309ms from TEAM68 @ site 1 id Run-7381895420837943658 problem loanur--1521127695391573182 lang Java-8995311559554510087
221210 112933.195|INFO|Thread-67839|info| receiveObject(S) end   got Packet[RUN_SUBMISSION_CONFIRM] #4504 SERVER0 @ site 1 -> TEAM68 @ site 1
221210 113103.563|INFO|Thread-71588|info| receiveObject(S) start got Packet[RUN_JUDGEMENT] #4577 SERVER0 @ site 1 -> TEAM68 @ site 1
221210 113103.563|INFO|Thread-71588|dumpPacket|Packet RUN_JUDGEMENT (Seq #4577, o#4577 ) recieveObject
221210 113103.563|INFO|Thread-71588|dumpPacket|  From: SERVER0 @ site 1, oSERVER0 @ site 1 (DESKTOP-D75BQTV @ 212.212.212.212) (Contest Id: Contest-4511288556462302159)
221210 113103.563|INFO|Thread-71588|dumpPacket|    To: TEAM68 @ site 1
221210 113103.563|INFO|Thread-71588|dumpPacket|   key: JUDGEMENT_RECORD is: edu.csus.ecs.pc2.core.model.JudgementRecord Yes by JUDGE3 @ site 1 judgement Yes-448420548528869030 id JudgementRecord-2409840225772282094
221210 113103.563|INFO|Thread-71588|dumpPacket|   key: RUN is: edu.csus.ecs.pc2.core.model.Run Run 186 JUDGED 42 min 2535309ms from TEAM68 @ site 1 id Run-7381895420837943658 problem loanur--1521127695391573182 lang Java-8995311559554510087
221210 113103.563|INFO|Thread-71588|dumpPacket|   key: CLIENT_ID is: edu.csus.ecs.pc2.core.model.ClientId SERVER0 @ site 1
221210 113103.563|INFO|Thread-71588|info|handlePacket start Packet[RUN_JUDGEMENT] #4577 SERVER0 @ site 1 -> TEAM68 @ site 1
221210 113103.563|INFO|Thread-71588|dumpPacket|Packet RUN_JUDGEMENT (Seq #4577, o#4577 ) handlePacket
221210 113103.563|INFO|Thread-71588|dumpPacket|  From: SERVER0 @ site 1, oSERVER0 @ site 1 (DESKTOP-D75BQTV @ 212.212.212.212) (Contest Id: Contest-4511288556462302159)
221210 113103.563|INFO|Thread-71588|dumpPacket|    To: TEAM68 @ site 1
221210 113103.563|INFO|Thread-71588|dumpPacket|   key: JUDGEMENT_RECORD is: edu.csus.ecs.pc2.core.model.JudgementRecord Yes by JUDGE3 @ site 1 judgement Yes-448420548528869030 id JudgementRecord-2409840225772282094
221210 113103.563|INFO|Thread-71588|dumpPacket|   key: RUN is: edu.csus.ecs.pc2.core.model.Run Run 186 JUDGED 42 min 2535309ms from TEAM68 @ site 1 id Run-7381895420837943658 problem loanur--1521127695391573182 lang Java-8995311559554510087
221210 113103.563|INFO|Thread-71588|dumpPacket|   key: CLIENT_ID is: edu.csus.ecs.pc2.core.model.ClientId SERVER0 @ site 1
221210 113103.564|INFO|Thread-71588|info| receiveObject(S) end   got Packet[RUN_JUDGEMENT] #4577 SERVER0 @ site 1 -> TEAM68 @ site 1
221210 113335.984|INFO|Thread-78185|info| receiveObject(S) start got Packet[RUN_SUBMISSION_CONFIRM] #4696 SERVER0 @ site 1 -> TEAM68 @ site 1
221210 113335.984|INFO|Thread-78185|dumpPacket|Packet RUN_SUBMISSION_CONFIRM (Seq #4696, o#4696 ) recieveObject
221210 113335.984|INFO|Thread-78185|dumpPacket|  From: SERVER0 @ site 1, oSERVER0 @ site 1 (DESKTOP-D75BQTV @ 212.212.212.212) (Contest Id: Contest-4511288556462302159)
221210 113335.984|INFO|Thread-78185|dumpPacket|    To: TEAM68 @ site 1
221210 113335.984|INFO|Thread-78185|dumpPacket|   key: RUN is: edu.csus.ecs.pc2.core.model.Run Run 217 NEW 46 min 2778095ms from TEAM68 @ site 1 id Run--1671724028598493000 problem sillybilly-5332239293027507371 lang Java-8995311559554510087
221210 113335.984|INFO|Thread-78185|info|handlePacket start Packet[RUN_SUBMISSION_CONFIRM] #4696 SERVER0 @ site 1 -> TEAM68 @ site 1
221210 113335.984|INFO|Thread-78185|dumpPacket|Packet RUN_SUBMISSION_CONFIRM (Seq #4696, o#4696 ) handlePacket
221210 113335.984|INFO|Thread-78185|dumpPacket|  From: SERVER0 @ site 1, oSERVER0 @ site 1 (DESKTOP-D75BQTV @ 212.212.212.212) (Contest Id: Contest-4511288556462302159)
221210 113335.984|INFO|Thread-78185|dumpPacket|    To: TEAM68 @ site 1
221210 113335.984|INFO|Thread-78185|dumpPacket|   key: RUN is: edu.csus.ecs.pc2.core.model.Run Run 217 NEW 46 min 2778095ms from TEAM68 @ site 1 id Run--1671724028598493000 problem sillybilly-5332239293027507371 lang Java-8995311559554510087
221210 113335.984|INFO|Thread-78185|info| receiveObject(S) end   got Packet[RUN_SUBMISSION_CONFIRM] #4696 SERVER0 @ site 1 -> TEAM68 @ site 1
221210 113408.426|INFO|Thread-80321|info| receiveObject(S) start got Packet[RUN_JUDGEMENT] #4732 SERVER0 @ site 1 -> TEAM68 @ site 1
221210 113408.426|INFO|Thread-80321|dumpPacket|Packet RUN_JUDGEMENT (Seq #4732, o#4732 ) recieveObject
221210 113408.426|INFO|Thread-80321|dumpPacket|  From: SERVER0 @ site 1, oSERVER0 @ site 1 (DESKTOP-D75BQTV @ 212.212.212.212) (Contest Id: Contest-4511288556462302159)
221210 113408.426|INFO|Thread-80321|dumpPacket|    To: TEAM68 @ site 1
221210 113408.426|INFO|Thread-80321|dumpPacket|   key: JUDGEMENT_RECORD is: edu.csus.ecs.pc2.core.model.JudgementRecord Yes by JUDGE2 @ site 1 judgement Yes-448420548528869030 id JudgementRecord-5599945750216744690
221210 113408.426|INFO|Thread-80321|dumpPacket|   key: RUN is: edu.csus.ecs.pc2.core.model.Run Run 217 JUDGED 46 min 2778095ms from TEAM68 @ site 1 id Run--1671724028598493000 problem sillybilly-5332239293027507371 lang Java-8995311559554510087
221210 113408.426|INFO|Thread-80321|dumpPacket|   key: CLIENT_ID is: edu.csus.ecs.pc2.core.model.ClientId SERVER0 @ site 1
221210 113408.426|INFO|Thread-80321|info|handlePacket start Packet[RUN_JUDGEMENT] #4732 SERVER0 @ site 1 -> TEAM68 @ site 1
221210 113408.426|INFO|Thread-80321|dumpPacket|Packet RUN_JUDGEMENT (Seq #4732, o#4732 ) handlePacket
221210 113408.426|INFO|Thread-80321|dumpPacket|  From: SERVER0 @ site 1, oSERVER0 @ site 1 (DESKTOP-D75BQTV @ 212.212.212.212) (Contest Id: Contest-4511288556462302159)
221210 113408.427|INFO|Thread-80321|dumpPacket|    To: TEAM68 @ site 1
221210 113408.427|INFO|Thread-80321|dumpPacket|   key: JUDGEMENT_RECORD is: edu.csus.ecs.pc2.core.model.JudgementRecord Yes by JUDGE2 @ site 1 judgement Yes-448420548528869030 id JudgementRecord-5599945750216744690
221210 113408.427|INFO|Thread-80321|dumpPacket|   key: RUN is: edu.csus.ecs.pc2.core.model.Run Run 217 JUDGED 46 min 2778095ms from TEAM68 @ site 1 id Run--1671724028598493000 problem sillybilly-5332239293027507371 lang Java-8995311559554510087
221210 113408.427|INFO|Thread-80321|dumpPacket|   key: CLIENT_ID is: edu.csus.ecs.pc2.core.model.ClientId SERVER0 @ site 1
221210 113408.427|INFO|Thread-80321|info| receiveObject(S) end   got Packet[RUN_JUDGEMENT] #4732 SERVER0 @ site 1 -> TEAM68 @ site 1
221210 113912.877|INFO|Thread-93408|info| receiveObject(S) start got Packet[RUN_SUBMISSION_CONFIRM] #4963 SERVER0 @ site 1 -> TEAM68 @ site 1
221210 113912.877|INFO|Thread-93408|dumpPacket|Packet RUN_SUBMISSION_CONFIRM (Seq #4963, o#4963 ) recieveObject
221210 113912.877|INFO|Thread-93408|dumpPacket|  From: SERVER0 @ site 1, oSERVER0 @ site 1 (DESKTOP-D75BQTV @ 212.212.212.212) (Contest Id: Contest-4511288556462302159)
221210 113912.877|INFO|Thread-93408|dumpPacket|    To: TEAM68 @ site 1
221210 113912.877|INFO|Thread-93408|dumpPacket|   key: RUN is: edu.csus.ecs.pc2.core.model.Run Run 258 NEW 51 min 3114979ms from TEAM68 @ site 1 id Run--1549715047802674321 problem jaireme-3282298763918088793 lang Java-8995311559554510087
221210 113912.877|INFO|Thread-93408|info|handlePacket start Packet[RUN_SUBMISSION_CONFIRM] #4963 SERVER0 @ site 1 -> TEAM68 @ site 1
221210 113912.877|INFO|Thread-93408|dumpPacket|Packet RUN_SUBMISSION_CONFIRM (Seq #4963, o#4963 ) handlePacket
221210 113912.877|INFO|Thread-93408|dumpPacket|  From: SERVER0 @ site 1, oSERVER0 @ site 1 (DESKTOP-D75BQTV @ 212.212.212.212) (Contest Id: Contest-4511288556462302159)
221210 113912.877|INFO|Thread-93408|dumpPacket|    To: TEAM68 @ site 1
221210 113912.877|INFO|Thread-93408|dumpPacket|   key: RUN is: edu.csus.ecs.pc2.core.model.Run Run 258 NEW 51 min 3114979ms from TEAM68 @ site 1 id Run--1549715047802674321 problem jaireme-3282298763918088793 lang Java-8995311559554510087
221210 113912.877|INFO|Thread-93408|info| receiveObject(S) end   got Packet[RUN_SUBMISSION_CONFIRM] #4963 SERVER0 @ site 1 -> TEAM68 @ site 1
221210 113918.836|INFO|Thread-93589|info| receiveObject(S) start got Packet[RUN_JUDGEMENT] #4967 SERVER0 @ site 1 -> TEAM68 @ site 1
221210 113918.836|INFO|Thread-93589|dumpPacket|Packet RUN_JUDGEMENT (Seq #4967, o#4967 ) recieveObject
221210 113918.836|INFO|Thread-93589|dumpPacket|  From: SERVER0 @ site 1, oSERVER0 @ site 1 (DESKTOP-D75BQTV @ 212.212.212.212) (Contest Id: Contest-4511288556462302159)
221210 113918.836|INFO|Thread-93589|dumpPacket|    To: TEAM68 @ site 1
221210 113918.837|INFO|Thread-93589|dumpPacket|   key: JUDGEMENT_RECORD is: edu.csus.ecs.pc2.core.model.JudgementRecord Yes by JUDGE1 @ site 1 judgement Yes-448420548528869030 id JudgementRecord--1963241168750584628
221210 113918.837|INFO|Thread-93589|dumpPacket|   key: RUN is: edu.csus.ecs.pc2.core.model.Run Run 258 JUDGED 51 min 3114979ms from TEAM68 @ site 1 id Run--1549715047802674321 problem jaireme-3282298763918088793 lang Java-8995311559554510087
221210 113918.837|INFO|Thread-93589|dumpPacket|   key: CLIENT_ID is: edu.csus.ecs.pc2.core.model.ClientId SERVER0 @ site 1
221210 113918.837|INFO|Thread-93589|info|handlePacket start Packet[RUN_JUDGEMENT] #4967 SERVER0 @ site 1 -> TEAM68 @ site 1
221210 113918.837|INFO|Thread-93589|dumpPacket|Packet RUN_JUDGEMENT (Seq #4967, o#4967 ) handlePacket
221210 113918.837|INFO|Thread-93589|dumpPacket|  From: SERVER0 @ site 1, oSERVER0 @ site 1 (DESKTOP-D75BQTV @ 212.212.212.212) (Contest Id: Contest-4511288556462302159)
221210 113918.837|INFO|Thread-93589|dumpPacket|    To: TEAM68 @ site 1
221210 113918.837|INFO|Thread-93589|dumpPacket|   key: JUDGEMENT_RECORD is: edu.csus.ecs.pc2.core.model.JudgementRecord Yes by JUDGE1 @ site 1 judgement Yes-448420548528869030 id JudgementRecord--1963241168750584628
221210 113918.837|INFO|Thread-93589|dumpPacket|   key: RUN is: edu.csus.ecs.pc2.core.model.Run Run 258 JUDGED 51 min 3114979ms from TEAM68 @ site 1 id Run--1549715047802674321 problem jaireme-3282298763918088793 lang Java-8995311559554510087
221210 113918.837|INFO|Thread-93589|dumpPacket|   key: CLIENT_ID is: edu.csus.ecs.pc2.core.model.ClientId SERVER0 @ site 1
221210 113918.837|INFO|Thread-93589|info| receiveObject(S) end   got Packet[RUN_JUDGEMENT] #4967 SERVER0 @ site 1 -> TEAM68 @ site 1
221210 114425.908|INFO|Thread-102816|info| receiveObject(S) start got Packet[RUN_SUBMISSION_CONFIRM] #5139 SERVER0 @ site 1 -> TEAM68 @ site 1
221210 114425.908|INFO|Thread-102816|dumpPacket|Packet RUN_SUBMISSION_CONFIRM (Seq #5139, o#5139 ) recieveObject
221210 114425.908|INFO|Thread-102816|dumpPacket|  From: SERVER0 @ site 1, oSERVER0 @ site 1 (DESKTOP-D75BQTV @ 212.212.212.212) (Contest Id: Contest-4511288556462302159)
221210 114425.908|INFO|Thread-102816|dumpPacket|    To: TEAM68 @ site 1
221210 114425.908|INFO|Thread-102816|dumpPacket|   key: RUN is: edu.csus.ecs.pc2.core.model.Run Run 285 NEW 57 min 3428012ms from TEAM68 @ site 1 id Run--325799422811732015 problem beerds--4157002276539467704 lang Java-8995311559554510087
221210 114425.908|INFO|Thread-102816|info|handlePacket start Packet[RUN_SUBMISSION_CONFIRM] #5139 SERVER0 @ site 1 -> TEAM68 @ site 1
221210 114425.908|INFO|Thread-102816|dumpPacket|Packet RUN_SUBMISSION_CONFIRM (Seq #5139, o#5139 ) handlePacket
221210 114425.908|INFO|Thread-102816|dumpPacket|  From: SERVER0 @ site 1, oSERVER0 @ site 1 (DESKTOP-D75BQTV @ 212.212.212.212) (Contest Id: Contest-4511288556462302159)
221210 114425.908|INFO|Thread-102816|dumpPacket|    To: TEAM68 @ site 1
221210 114425.908|INFO|Thread-102816|dumpPacket|   key: RUN is: edu.csus.ecs.pc2.core.model.Run Run 285 NEW 57 min 3428012ms from TEAM68 @ site 1 id Run--325799422811732015 problem beerds--4157002276539467704 lang Java-8995311559554510087
221210 114425.908|INFO|Thread-102816|info| receiveObject(S) end   got Packet[RUN_SUBMISSION_CONFIRM] #5139 SERVER0 @ site 1 -> TEAM68 @ site 1
221210 114435.518|INFO|Thread-103357|info| receiveObject(S) start got Packet[RUN_JUDGEMENT] #5147 SERVER0 @ site 1 -> TEAM68 @ site 1
221210 114435.518|INFO|Thread-103357|dumpPacket|Packet RUN_JUDGEMENT (Seq #5147, o#5147 ) recieveObject
221210 114435.518|INFO|Thread-103357|dumpPacket|  From: SERVER0 @ site 1, oSERVER0 @ site 1 (DESKTOP-D75BQTV @ 212.212.212.212) (Contest Id: Contest-4511288556462302159)
221210 114435.518|INFO|Thread-103357|dumpPacket|    To: TEAM68 @ site 1
221210 114435.518|INFO|Thread-103357|dumpPacket|   key: JUDGEMENT_RECORD is: edu.csus.ecs.pc2.core.model.JudgementRecord Yes by JUDGE3 @ site 1 judgement Yes-448420548528869030 id JudgementRecord--4650431571774252104
221210 114435.518|INFO|Thread-103357|dumpPacket|   key: RUN is: edu.csus.ecs.pc2.core.model.Run Run 285 JUDGED 57 min 3428012ms from TEAM68 @ site 1 id Run--325799422811732015 problem beerds--4157002276539467704 lang Java-8995311559554510087
221210 114435.519|INFO|Thread-103357|dumpPacket|   key: CLIENT_ID is: edu.csus.ecs.pc2.core.model.ClientId SERVER0 @ site 1
221210 114435.519|INFO|Thread-103357|info|handlePacket start Packet[RUN_JUDGEMENT] #5147 SERVER0 @ site 1 -> TEAM68 @ site 1
221210 114435.519|INFO|Thread-103357|dumpPacket|Packet RUN_JUDGEMENT (Seq #5147, o#5147 ) handlePacket
221210 114435.519|INFO|Thread-103357|dumpPacket|  From: SERVER0 @ site 1, oSERVER0 @ site 1 (DESKTOP-D75BQTV @ 212.212.212.212) (Contest Id: Contest-4511288556462302159)
221210 114435.519|INFO|Thread-103357|dumpPacket|    To: TEAM68 @ site 1
221210 114435.519|INFO|Thread-103357|dumpPacket|   key: JUDGEMENT_RECORD is: edu.csus.ecs.pc2.core.model.JudgementRecord Yes by JUDGE3 @ site 1 judgement Yes-448420548528869030 id JudgementRecord--4650431571774252104
221210 114435.519|INFO|Thread-103357|dumpPacket|   key: RUN is: edu.csus.ecs.pc2.core.model.Run Run 285 JUDGED 57 min 3428012ms from TEAM68 @ site 1 id Run--325799422811732015 problem beerds--4157002276539467704 lang Java-8995311559554510087
221210 114435.519|INFO|Thread-103357|dumpPacket|   key: CLIENT_ID is: edu.csus.ecs.pc2.core.model.ClientId SERVER0 @ site 1
221210 114435.519|INFO|Thread-103357|info| receiveObject(S) end   got Packet[RUN_JUDGEMENT] #5147 SERVER0 @ site 1 -> TEAM68 @ site 1
221210 114827.715|INFO|Thread-113498|info| receiveObject(S) start got Packet[RUN_SUBMISSION_CONFIRM] #5341 SERVER0 @ site 1 -> TEAM68 @ site 1
221210 114827.715|INFO|Thread-113498|dumpPacket|Packet RUN_SUBMISSION_CONFIRM (Seq #5341, o#5341 ) recieveObject
221210 114827.715|INFO|Thread-113498|dumpPacket|  From: SERVER0 @ site 1, oSERVER0 @ site 1 (DESKTOP-D75BQTV @ 212.212.212.212) (Contest Id: Contest-4511288556462302159)
221210 114827.715|INFO|Thread-113498|dumpPacket|    To: TEAM68 @ site 1
221210 114827.715|INFO|Thread-113498|dumpPacket|   key: RUN is: edu.csus.ecs.pc2.core.model.Run Run 314 NEW 61 min 3669813ms from TEAM68 @ site 1 id Run--3347695324463761010 problem trianguls-3533366483522833389 lang Java-8995311559554510087
221210 114827.715|INFO|Thread-113498|info|handlePacket start Packet[RUN_SUBMISSION_CONFIRM] #5341 SERVER0 @ site 1 -> TEAM68 @ site 1
221210 114827.716|INFO|Thread-113498|dumpPacket|Packet RUN_SUBMISSION_CONFIRM (Seq #5341, o#5341 ) handlePacket
221210 114827.716|INFO|Thread-113498|dumpPacket|  From: SERVER0 @ site 1, oSERVER0 @ site 1 (DESKTOP-D75BQTV @ 212.212.212.212) (Contest Id: Contest-4511288556462302159)
221210 114827.716|INFO|Thread-113498|dumpPacket|    To: TEAM68 @ site 1
221210 114827.716|INFO|Thread-113498|dumpPacket|   key: RUN is: edu.csus.ecs.pc2.core.model.Run Run 314 NEW 61 min 3669813ms from TEAM68 @ site 1 id Run--3347695324463761010 problem trianguls-3533366483522833389 lang Java-8995311559554510087
221210 114827.716|INFO|Thread-113498|info| receiveObject(S) end   got Packet[RUN_SUBMISSION_CONFIRM] #5341 SERVER0 @ site 1 -> TEAM68 @ site 1
221210 114839.405|INFO|Thread-114241|info| receiveObject(S) start got Packet[RUN_JUDGEMENT] #5353 SERVER0 @ site 1 -> TEAM68 @ site 1
221210 114839.405|INFO|Thread-114241|dumpPacket|Packet RUN_JUDGEMENT (Seq #5353, o#5353 ) recieveObject
221210 114839.405|INFO|Thread-114241|dumpPacket|  From: SERVER0 @ site 1, oSERVER0 @ site 1 (DESKTOP-D75BQTV @ 212.212.212.212) (Contest Id: Contest-4511288556462302159)
221210 114839.405|INFO|Thread-114241|dumpPacket|    To: TEAM68 @ site 1
221210 114839.405|INFO|Thread-114241|dumpPacket|   key: JUDGEMENT_RECORD is: edu.csus.ecs.pc2.core.model.JudgementRecord Yes by JUDGE7 @ site 1 judgement Yes-448420548528869030 id JudgementRecord--1493050007042060426
221210 114839.405|INFO|Thread-114241|dumpPacket|   key: RUN is: edu.csus.ecs.pc2.core.model.Run Run 314 JUDGED 61 min 3669813ms from TEAM68 @ site 1 id Run--3347695324463761010 problem trianguls-3533366483522833389 lang Java-8995311559554510087
221210 114839.405|INFO|Thread-114241|dumpPacket|   key: CLIENT_ID is: edu.csus.ecs.pc2.core.model.ClientId SERVER0 @ site 1
221210 114839.405|INFO|Thread-114241|info|handlePacket start Packet[RUN_JUDGEMENT] #5353 SERVER0 @ site 1 -> TEAM68 @ site 1
221210 114839.405|INFO|Thread-114241|dumpPacket|Packet RUN_JUDGEMENT (Seq #5353, o#5353 ) handlePacket
221210 114839.405|INFO|Thread-114241|dumpPacket|  From: SERVER0 @ site 1, oSERVER0 @ site 1 (DESKTOP-D75BQTV @ 212.212.212.212) (Contest Id: Contest-4511288556462302159)
221210 114839.405|INFO|Thread-114241|dumpPacket|    To: TEAM68 @ site 1
221210 114839.405|INFO|Thread-114241|dumpPacket|   key: JUDGEMENT_RECORD is: edu.csus.ecs.pc2.core.model.JudgementRecord Yes by JUDGE7 @ site 1 judgement Yes-448420548528869030 id JudgementRecord--1493050007042060426
221210 114839.405|INFO|Thread-114241|dumpPacket|   key: RUN is: edu.csus.ecs.pc2.core.model.Run Run 314 JUDGED 61 min 3669813ms from TEAM68 @ site 1 id Run--3347695324463761010 problem trianguls-3533366483522833389 lang Java-8995311559554510087
221210 114839.405|INFO|Thread-114241|dumpPacket|   key: CLIENT_ID is: edu.csus.ecs.pc2.core.model.ClientId SERVER0 @ site 1
221210 114839.406|INFO|Thread-114241|info| receiveObject(S) end   got Packet[RUN_JUDGEMENT] #5353 SERVER0 @ site 1 -> TEAM68 @ site 1
221210 120503.553|INFO|Thread-145353|info| receiveObject(S) start got Packet[RUN_SUBMISSION_CONFIRM] #5894 SERVER0 @ site 1 -> TEAM68 @ site 1
221210 120503.553|INFO|Thread-145353|dumpPacket|Packet RUN_SUBMISSION_CONFIRM (Seq #5894, o#5894 ) recieveObject
221210 120503.553|INFO|Thread-145353|dumpPacket|  From: SERVER0 @ site 1, oSERVER0 @ site 1 (DESKTOP-D75BQTV @ 212.212.212.212) (Contest Id: Contest-4511288556462302159)
221210 120503.553|INFO|Thread-145353|dumpPacket|    To: TEAM68 @ site 1
221210 120503.553|INFO|Thread-145353|dumpPacket|   key: RUN is: edu.csus.ecs.pc2.core.model.Run Run 398 NEW 77 min 4665640ms from TEAM68 @ site 1 id Run-4188703035567126308 problem tabuls-511449974924280205 lang Java-8995311559554510087
221210 120503.553|INFO|Thread-145353|info|handlePacket start Packet[RUN_SUBMISSION_CONFIRM] #5894 SERVER0 @ site 1 -> TEAM68 @ site 1
221210 120503.553|INFO|Thread-145353|dumpPacket|Packet RUN_SUBMISSION_CONFIRM (Seq #5894, o#5894 ) handlePacket
221210 120503.553|INFO|Thread-145353|dumpPacket|  From: SERVER0 @ site 1, oSERVER0 @ site 1 (DESKTOP-D75BQTV @ 212.212.212.212) (Contest Id: Contest-4511288556462302159)
221210 120503.553|INFO|Thread-145353|dumpPacket|    To: TEAM68 @ site 1
221210 120503.553|INFO|Thread-145353|dumpPacket|   key: RUN is: edu.csus.ecs.pc2.core.model.Run Run 398 NEW 77 min 4665640ms from TEAM68 @ site 1 id Run-4188703035567126308 problem tabuls-511449974924280205 lang Java-8995311559554510087
221210 120503.553|INFO|Thread-145353|info| receiveObject(S) end   got Packet[RUN_SUBMISSION_CONFIRM] #5894 SERVER0 @ site 1 -> TEAM68 @ site 1
221210 120537.487|INFO|Thread-146881|info| receiveObject(S) start got Packet[RUN_JUDGEMENT] #5927 SERVER0 @ site 1 -> TEAM68 @ site 1
221210 120537.487|INFO|Thread-146881|dumpPacket|Packet RUN_JUDGEMENT (Seq #5927, o#5927 ) recieveObject
221210 120537.487|INFO|Thread-146881|dumpPacket|  From: SERVER0 @ site 1, oSERVER0 @ site 1 (DESKTOP-D75BQTV @ 212.212.212.212) (Contest Id: Contest-4511288556462302159)
221210 120537.487|INFO|Thread-146881|dumpPacket|    To: TEAM68 @ site 1
221210 120537.487|INFO|Thread-146881|dumpPacket|   key: JUDGEMENT_RECORD is: edu.csus.ecs.pc2.core.model.JudgementRecord No by JUDGE9 @ site 1 judgement No_-_Wrong_Answer-6447267484138471978 id JudgementRecord-5595343446314443814
221210 120537.487|INFO|Thread-146881|dumpPacket|   key: RUN is: edu.csus.ecs.pc2.core.model.Run Run 398 JUDGED 77 min 4665640ms from TEAM68 @ site 1 id Run-4188703035567126308 problem tabuls-511449974924280205 lang Java-8995311559554510087
221210 120537.487|INFO|Thread-146881|dumpPacket|   key: CLIENT_ID is: edu.csus.ecs.pc2.core.model.ClientId SERVER0 @ site 1
221210 120537.487|INFO|Thread-146881|info|handlePacket start Packet[RUN_JUDGEMENT] #5927 SERVER0 @ site 1 -> TEAM68 @ site 1
221210 120537.488|INFO|Thread-146881|dumpPacket|Packet RUN_JUDGEMENT (Seq #5927, o#5927 ) handlePacket
221210 120537.488|INFO|Thread-146881|dumpPacket|  From: SERVER0 @ site 1, oSERVER0 @ site 1 (DESKTOP-D75BQTV @ 212.212.212.212) (Contest Id: Contest-4511288556462302159)
221210 120537.488|INFO|Thread-146881|dumpPacket|    To: TEAM68 @ site 1
221210 120537.488|INFO|Thread-146881|dumpPacket|   key: JUDGEMENT_RECORD is: edu.csus.ecs.pc2.core.model.JudgementRecord No by JUDGE9 @ site 1 judgement No_-_Wrong_Answer-6447267484138471978 id JudgementRecord-5595343446314443814
221210 120537.488|INFO|Thread-146881|dumpPacket|   key: RUN is: edu.csus.ecs.pc2.core.model.Run Run 398 JUDGED 77 min 4665640ms from TEAM68 @ site 1 id Run-4188703035567126308 problem tabuls-511449974924280205 lang Java-8995311559554510087
221210 120537.488|INFO|Thread-146881|dumpPacket|   key: CLIENT_ID is: edu.csus.ecs.pc2.core.model.ClientId SERVER0 @ site 1
221210 120537.489|INFO|Thread-146881|info| receiveObject(S) end   got Packet[RUN_JUDGEMENT] #5927 SERVER0 @ site 1 -> TEAM68 @ site 1
221210 120724.612|INFO|Thread-150056|info| receiveObject(S) start got Packet[CLARIFICATION_ANSWER_UPDATE] #5991 SERVER0 @ site 1 -> SERVER0 @ site 0
221210 120724.612|INFO|Thread-150056|dumpPacket|Packet CLARIFICATION_ANSWER_UPDATE (Seq #5991, o#5991 ) recieveObject
221210 120724.612|INFO|Thread-150056|dumpPacket|  From: SERVER0 @ site 1, oSERVER0 @ site 1 (DESKTOP-D75BQTV @ 212.212.212.212) (Contest Id: Contest-4511288556462302159)
221210 120724.612|INFO|Thread-150056|dumpPacket|    To: SERVER0 @ site 0
221210 120724.612|INFO|Thread-150056|dumpPacket|   key: CLARIFICATION is: edu.csus.ecs.pc2.core.model.Clarification Clarification 6 ANSWERED from JUDGE1 @ site 1 at 35 id=Clarification-692195316381636229
221210 120724.612|INFO|Thread-150056|dumpPacket|   key: CLARIFICATION_ANSWER is: java.lang.String No response, read problem statement
221210 120724.612|INFO|Thread-150056|dumpPacket|   key: CLIENT_ID is: edu.csus.ecs.pc2.core.model.ClientId JUDGE9 @ site 1
221210 120724.612|INFO|Thread-150056|info|handlePacket start Packet[CLARIFICATION_ANSWER_UPDATE] #5991 SERVER0 @ site 1 -> SERVER0 @ site 0
221210 120724.612|INFO|Thread-150056|dumpPacket|Packet CLARIFICATION_ANSWER_UPDATE (Seq #5991, o#5991 ) handlePacket
221210 120724.612|INFO|Thread-150056|dumpPacket|  From: SERVER0 @ site 1, oSERVER0 @ site 1 (DESKTOP-D75BQTV @ 212.212.212.212) (Contest Id: Contest-4511288556462302159)
221210 120724.612|INFO|Thread-150056|dumpPacket|    To: SERVER0 @ site 0
221210 120724.612|INFO|Thread-150056|dumpPacket|   key: CLARIFICATION is: edu.csus.ecs.pc2.core.model.Clarification Clarification 6 ANSWERED from JUDGE1 @ site 1 at 35 id=Clarification-692195316381636229
221210 120724.612|INFO|Thread-150056|dumpPacket|   key: CLARIFICATION_ANSWER is: java.lang.String No response, read problem statement
221210 120724.612|INFO|Thread-150056|dumpPacket|   key: CLIENT_ID is: edu.csus.ecs.pc2.core.model.ClientId JUDGE9 @ site 1
221210 120724.612|INFO|Thread-150056|info| receiveObject(S) end   got Packet[CLARIFICATION_ANSWER_UPDATE] #5991 SERVER0 @ site 1 -> SERVER0 @ site 0
221210 121322.121|INFO|Thread-161864|info| receiveObject(S) start got Packet[RUN_SUBMISSION_CONFIRM] #6194 SERVER0 @ site 1 -> TEAM68 @ site 1
221210 121322.121|INFO|Thread-161864|dumpPacket|Packet RUN_SUBMISSION_CONFIRM (Seq #6194, o#6194 ) recieveObject
221210 121322.121|INFO|Thread-161864|dumpPacket|  From: SERVER0 @ site 1, oSERVER0 @ site 1 (DESKTOP-D75BQTV @ 212.212.212.212) (Contest Id: Contest-4511288556462302159)
221210 121322.121|INFO|Thread-161864|dumpPacket|    To: TEAM68 @ site 1
221210 121322.121|INFO|Thread-161864|dumpPacket|   key: RUN is: edu.csus.ecs.pc2.core.model.Run Run 440 NEW 86 min 5164208ms from TEAM68 @ site 1 id Run-8399584974602398362 problem throatpunch-9036032191564691104 lang Java-8995311559554510087
221210 121322.121|INFO|Thread-161864|info|handlePacket start Packet[RUN_SUBMISSION_CONFIRM] #6194 SERVER0 @ site 1 -> TEAM68 @ site 1
221210 121322.121|INFO|Thread-161864|dumpPacket|Packet RUN_SUBMISSION_CONFIRM (Seq #6194, o#6194 ) handlePacket
221210 121322.121|INFO|Thread-161864|dumpPacket|  From: SERVER0 @ site 1, oSERVER0 @ site 1 (DESKTOP-D75BQTV @ 212.212.212.212) (Contest Id: Contest-4511288556462302159)
221210 121322.121|INFO|Thread-161864|dumpPacket|    To: TEAM68 @ site 1
221210 121322.121|INFO|Thread-161864|dumpPacket|   key: RUN is: edu.csus.ecs.pc2.core.model.Run Run 440 NEW 86 min 5164208ms from TEAM68 @ site 1 id Run-8399584974602398362 problem throatpunch-9036032191564691104 lang Java-8995311559554510087
221210 121322.121|INFO|Thread-161864|info| receiveObject(S) end   got Packet[RUN_SUBMISSION_CONFIRM] #6194 SERVER0 @ site 1 -> TEAM68 @ site 1
221210 121343.731|INFO|Thread-162256|info| receiveObject(S) start got Packet[RUN_JUDGEMENT] #6203 SERVER0 @ site 1 -> TEAM68 @ site 1
221210 121343.731|INFO|Thread-162256|dumpPacket|Packet RUN_JUDGEMENT (Seq #6203, o#6203 ) recieveObject
221210 121343.731|INFO|Thread-162256|dumpPacket|  From: SERVER0 @ site 1, oSERVER0 @ site 1 (DESKTOP-D75BQTV @ 212.212.212.212) (Contest Id: Contest-4511288556462302159)
221210 121343.731|INFO|Thread-162256|dumpPacket|    To: TEAM68 @ site 1
221210 121343.731|INFO|Thread-162256|dumpPacket|   key: JUDGEMENT_RECORD is: edu.csus.ecs.pc2.core.model.JudgementRecord Yes by JUDGE7 @ site 1 judgement Yes-448420548528869030 id JudgementRecord-4358785889920736180
221210 121343.731|INFO|Thread-162256|dumpPacket|   key: RUN is: edu.csus.ecs.pc2.core.model.Run Run 440 JUDGED 86 min 5164208ms from TEAM68 @ site 1 id Run-8399584974602398362 problem throatpunch-9036032191564691104 lang Java-8995311559554510087
221210 121343.731|INFO|Thread-162256|dumpPacket|   key: CLIENT_ID is: edu.csus.ecs.pc2.core.model.ClientId SERVER0 @ site 1
221210 121343.731|INFO|Thread-162256|info|handlePacket start Packet[RUN_JUDGEMENT] #6203 SERVER0 @ site 1 -> TEAM68 @ site 1
221210 121343.731|INFO|Thread-162256|dumpPacket|Packet RUN_JUDGEMENT (Seq #6203, o#6203 ) handlePacket
221210 121343.731|INFO|Thread-162256|dumpPacket|  From: SERVER0 @ site 1, oSERVER0 @ site 1 (DESKTOP-D75BQTV @ 212.212.212.212) (Contest Id: Contest-4511288556462302159)
221210 121343.731|INFO|Thread-162256|dumpPacket|    To: TEAM68 @ site 1
221210 121343.731|INFO|Thread-162256|dumpPacket|   key: JUDGEMENT_RECORD is: edu.csus.ecs.pc2.core.model.JudgementRecord Yes by JUDGE7 @ site 1 judgement Yes-448420548528869030 id JudgementRecord-4358785889920736180
221210 121343.731|INFO|Thread-162256|dumpPacket|   key: RUN is: edu.csus.ecs.pc2.core.model.Run Run 440 JUDGED 86 min 5164208ms from TEAM68 @ site 1 id Run-8399584974602398362 problem throatpunch-9036032191564691104 lang Java-8995311559554510087
221210 121343.731|INFO|Thread-162256|dumpPacket|   key: CLIENT_ID is: edu.csus.ecs.pc2.core.model.ClientId SERVER0 @ site 1
221210 121343.731|INFO|Thread-162256|info| receiveObject(S) end   got Packet[RUN_JUDGEMENT] #6203 SERVER0 @ site 1 -> TEAM68 @ site 1
231209 085114.064|CONFIG|Thread-20644|setFileHandlers|Now logging to C:\Users\18328\Desktop\pc2\WebTeamInterface-1.1\logs directory.
231209 085114.064|INFO|Thread-20644|info|
231209 085114.064|INFO|Thread-20644|info|Version 9 () Java ver 18.0.2.1 build  Windows 11 10.0 (amd64) 
231209 085114.064|INFO|Thread-20644|info|Login: team68 (aka team68)
231209 085114.064|INFO|Thread-20644|startLog|Working directory is C:\Users\18328\Desktop\pc2\WebTeamInterface-1.1
231209 085114.070|INFO|Thread-20644|startLog|Process id is 15028@DESKTOP-D75BQTV
231209 085114.070|INFO|Thread-20644|info| handlePacket original LOGIN_SUCCESS after -- all settings loaded 
231209 085114.070|INFO|Thread-20644|info|handlePacket end Packet[LOGIN_SUCCESS] #1649 SERVER0 @ site 1 -> TEAM68 @ site 1
231209 085114.071|INFO|Thread-20644|info| receiveObject(S) end   got Packet[LOGIN_SUCCESS] #1649 SERVER0 @ site 1 -> TEAM68 @ site 1
231209 085254.094|INFO|qtp135640095-20648|sendToLocalServer|Sending packet to server Packet[RUN_SUBMISSION] #302 TEAM68 @ site 1 -> SERVER0 @ site 1
231209 085254.094|INFO|qtp135640095-20648|sendToLocalServer|Sent    packet to server Packet[RUN_SUBMISSION] #302 TEAM68 @ site 1 -> SERVER0 @ site 1
231209 085254.182|INFO|Thread-20652|info| receiveObject(S) start got Packet[RUN_SUBMISSION_CONFIRM] #1655 SERVER0 @ site 1 -> TEAM68 @ site 1
231209 085254.182|INFO|Thread-20652|dumpPacket|Packet RUN_SUBMISSION_CONFIRM (Seq #1655, o#1655 ) recieveObject
231209 085254.182|INFO|Thread-20652|dumpPacket|  From: SERVER0 @ site 1, oSERVER0 @ site 1 (DESKTOP-D75BQTV @ 212.212.212.212) (Contest Id: DryRun--6069080675419338087)
231209 085254.182|INFO|Thread-20652|dumpPacket|    To: TEAM68 @ site 1
231209 085254.182|INFO|Thread-20652|dumpPacket|   key: RUN is: edu.csus.ecs.pc2.core.model.Run Run 110 NEW 71 min 4315710ms from TEAM68 @ site 1 id Run-2537432711408215899 problem DryRun--5056188413862619659 lang Java--8800253324652192008
231209 085254.182|INFO|Thread-20652|info|handlePacket start Packet[RUN_SUBMISSION_CONFIRM] #1655 SERVER0 @ site 1 -> TEAM68 @ site 1
231209 085254.182|INFO|Thread-20652|dumpPacket|Packet RUN_SUBMISSION_CONFIRM (Seq #1655, o#1655 ) handlePacket
231209 085254.182|INFO|Thread-20652|dumpPacket|  From: SERVER0 @ site 1, oSERVER0 @ site 1 (DESKTOP-D75BQTV @ 212.212.212.212) (Contest Id: DryRun--6069080675419338087)
231209 085254.182|INFO|Thread-20652|dumpPacket|    To: TEAM68 @ site 1
231209 085254.182|INFO|Thread-20652|dumpPacket|   key: RUN is: edu.csus.ecs.pc2.core.model.Run Run 110 NEW 71 min 4315710ms from TEAM68 @ site 1 id Run-2537432711408215899 problem DryRun--5056188413862619659 lang Java--8800253324652192008
231209 085254.182|INFO|Thread-20652|info| receiveObject(S) end   got Packet[RUN_SUBMISSION_CONFIRM] #1655 SERVER0 @ site 1 -> TEAM68 @ site 1
231209 085816.807|INFO|Thread-20803|info| receiveObject(S) start got Packet[RUN_JUDGEMENT] #1662 SERVER0 @ site 1 -> TEAM68 @ site 1
231209 085816.807|INFO|Thread-20803|dumpPacket|Packet RUN_JUDGEMENT (Seq #1662, o#1662 ) recieveObject
231209 085816.807|INFO|Thread-20803|dumpPacket|  From: SERVER0 @ site 1, oSERVER0 @ site 1 (DESKTOP-D75BQTV @ 212.212.212.212) (Contest Id: DryRun--6069080675419338087)
231209 085816.807|INFO|Thread-20803|dumpPacket|    To: TEAM68 @ site 1
231209 085816.807|INFO|Thread-20803|dumpPacket|   key: JUDGEMENT_RECORD is: edu.csus.ecs.pc2.core.model.JudgementRecord Yes by JUDGE1 @ site 1 judgement Yes-2915828768858405923 id JudgementRecord-7764409477001014125
231209 085816.807|INFO|Thread-20803|dumpPacket|   key: RUN is: edu.csus.ecs.pc2.core.model.Run Run 110 JUDGED 71 min 4315710ms from TEAM68 @ site 1 id Run-2537432711408215899 problem DryRun--5056188413862619659 lang Java--8800253324652192008
231209 085816.807|INFO|Thread-20803|dumpPacket|   key: CLIENT_ID is: edu.csus.ecs.pc2.core.model.ClientId SERVER0 @ site 1
231209 085816.807|INFO|Thread-20803|info|handlePacket start Packet[RUN_JUDGEMENT] #1662 SERVER0 @ site 1 -> TEAM68 @ site 1
231209 085816.807|INFO|Thread-20803|dumpPacket|Packet RUN_JUDGEMENT (Seq #1662, o#1662 ) handlePacket
231209 085816.807|INFO|Thread-20803|dumpPacket|  From: SERVER0 @ site 1, oSERVER0 @ site 1 (DESKTOP-D75BQTV @ 212.212.212.212) (Contest Id: DryRun--6069080675419338087)
231209 085816.807|INFO|Thread-20803|dumpPacket|    To: TEAM68 @ site 1
231209 085816.807|INFO|Thread-20803|dumpPacket|   key: JUDGEMENT_RECORD is: edu.csus.ecs.pc2.core.model.JudgementRecord Yes by JUDGE1 @ site 1 judgement Yes-2915828768858405923 id JudgementRecord-7764409477001014125
231209 085816.808|INFO|Thread-20803|dumpPacket|   key: RUN is: edu.csus.ecs.pc2.core.model.Run Run 110 JUDGED 71 min 4315710ms from TEAM68 @ site 1 id Run-2537432711408215899 problem DryRun--5056188413862619659 lang Java--8800253324652192008
231209 085816.808|INFO|Thread-20803|dumpPacket|   key: CLIENT_ID is: edu.csus.ecs.pc2.core.model.ClientId SERVER0 @ site 1
231209 085816.808|INFO|Thread-20803|info| receiveObject(S) end   got Packet[RUN_JUDGEMENT] #1662 SERVER0 @ site 1 -> TEAM68 @ site 1
