221208 164321.205|CONFIG|qtp1423561005-23|setFileHandlers|Now logging to C:\Users\18328\Desktop\pc2\WebTeamInterface-1.1\logs directory.
221208 164321.206|INFO|qtp1423561005-23|info|
221208 164321.206|INFO|qtp1423561005-23|info|Version 9 () Java ver 18.0.2.1 build  Windows 11 10.0 (amd64) 
221208 164321.206|INFO|qtp1423561005-23|info|Login: team93 (aka team93)
221208 164321.206|INFO|qtp1423561005-23|startLog|Working directory is C:\Users\18328\Desktop\pc2\WebTeamInterface-1.1
221208 164321.206|INFO|qtp1423561005-23|startLog|Process id is 13836@DESKTOP-D75BQTV
221208 164321.206|INFO|qtp1423561005-23|info|Contacting server at 212.212.212.212:50002 as TEAM93 @ site 0
221208 164321.206|INFO|qtp1423561005-23|info|sendLoginRequest start - sending from TEAM93 @ site 0
221208 164321.206|INFO|Thread-45|receiveUnencrypted|receiveUnencrypted Made a secret key for Socket[addr=/212.212.212.212,port=50002,localport=55978]-1823706179268422637 key is com.sun.crypto.provider.DESKey@18443
221208 164321.206|INFO|qtp1423561005-23|sendToLocalServer|Sending packet to server Packet[LOGIN_REQUEST] #5 TEAM93 @ site 0 -> SERVER0 @ site 0
221208 164321.206|INFO|Thread-45|getPublicKeyPacket|Generating Unencrypted Public Key Packet
221208 164321.206|INFO|qtp1423561005-23|sendToLocalServer|Sent    packet to server Packet[LOGIN_REQUEST] #5 TEAM93 @ site 0 -> SERVER0 @ site 0
221208 164321.212|INFO|Thread-46|run|send(Serializable)
221208 164321.212|INFO|qtp1423561005-23|info|sendLoginRequest end - packet sent.
221208 164321.212|INFO|Thread-45|getPublicKeyPacket|checking key:= SunJCE Diffie-Hellman Public Key:
y:
    ac66a031 b66dea05 1e76bb27 739a8b59 c123eb90 cc2210c6 9f9f0a99 7048fe42
    9e296c08 f550097e 0f91fd82 26199e4d 0ee294bd 9ce411ce 75974c27 d2104e08
    3a85d675 0af4321a 97f01461 cf1d9897 7f1925e6 16cb6c13 7e7ef754 d20b289b
    4fbe1611 ec303e58 7f22423a 5f93af4b 3dca748d 24298c32 e8e6bd48 68c279bd
p:
    f488fd58 4e49dbcd 20b49de4 9107366b 336c380d 451d0f7c 88b31c7c 5b2d8ef6
    f3c923c0 43f0a55b 188d8ebb 558cb85d 38d334fd 7c175743 a31d186c de33212c
    b52aff3c e1b12940 18118d7c 84a70a72 d686c403 19c80729 7aca950c d9969fab
    d00a509b 0246d308 3d66a45d 419f9c7c bd894b22 1926baab a25ec355 e92f78c7
g:
    02
l:
    512
221208 164321.213|INFO|Thread-45|getPublicKeyPacket|packet:= edu.csus.ecs.pc2.core.transport.TransportWrapper@2d0c00e7
221208 164321.230|INFO|Thread-45|receive|public void receive(SealedObject TransportPacket, ConnectionHandlerID connectionHandlerID)
221208 164321.237|INFO|Thread-47|info| receiveObject(S) start got Packet[LOGIN_SUCCESS] #91 SERVER0 @ site 1 -> TEAM93 @ site 1
221208 164321.237|INFO|Thread-47|dumpPacket|Packet LOGIN_SUCCESS (Seq #91, o#91 ) recieveObject
221208 164321.237|INFO|Thread-47|dumpPacket|  From: SERVER0 @ site 1, oSERVER0 @ site 1 (DESKTOP-D75BQTV @ 212.212.212.212) (Contest Id: Test-6294725081230606225)
221208 164321.237|INFO|Thread-47|dumpPacket|    To: TEAM93 @ site 1
221208 164321.237|INFO|Thread-47|dumpPacket|   key: PROFILE_LIST is: [Ledu.csus.ecs.pc2.core.model.Profile; [Ledu.csus.ecs.pc2.core.model.Profile;@75cffe74
221208 164321.237|INFO|Thread-47|dumpPacket|   key: GENERAL_PROBLEM is: edu.csus.ecs.pc2.core.model.Problem General
221208 164321.237|INFO|Thread-47|dumpPacket|   key: CLIENT_SETTINGS_LIST is: [Ledu.csus.ecs.pc2.core.model.ClientSettings; [Ledu.csus.ecs.pc2.core.model.ClientSettings;@7b080ebd
221208 164321.237|INFO|Thread-47|dumpPacket|   key: CONTEST_TIME is: edu.csus.ecs.pc2.core.model.ContestTime edu.csus.ecs.pc2.core.model.ContestTime@7f379504
221208 164321.237|INFO|Thread-47|dumpPacket|   key: CLARIFICATION_LIST is: [Ledu.csus.ecs.pc2.core.model.Clarification; [Ledu.csus.ecs.pc2.core.model.Clarification;@3a350486
221208 164321.237|INFO|Thread-47|dumpPacket|   key: CATEGORY_LIST is: [Ledu.csus.ecs.pc2.core.model.Category; [Ledu.csus.ecs.pc2.core.model.Category;@300371ea
221208 164321.237|INFO|Thread-47|dumpPacket|   key: LANGUAGE_LIST is: [Ledu.csus.ecs.pc2.core.model.Language; [Ledu.csus.ecs.pc2.core.model.Language;@bc5fcb1
221208 164321.237|INFO|Thread-47|dumpPacket|   key: REMOTE_LOGGED_IN_USERS is: [Ledu.csus.ecs.pc2.core.model.ClientId; [Ledu.csus.ecs.pc2.core.model.ClientId;@4819d778
221208 164321.237|INFO|Thread-47|dumpPacket|   key: CONTEST_TIME_LIST is: [Ledu.csus.ecs.pc2.core.model.ContestTime; [Ledu.csus.ecs.pc2.core.model.ContestTime;@5a1afbc9
221208 164321.237|INFO|Thread-47|dumpPacket|   key: CONNECTION_HANDLE_ID_LIST is: [Ledu.csus.ecs.pc2.core.transport.ConnectionHandlerID; [Ledu.csus.ecs.pc2.core.transport.ConnectionHandlerID;@713d5d41
221208 164321.237|INFO|Thread-47|dumpPacket|   key: PROFILE is: edu.csus.ecs.pc2.core.model.Profile Test-6294725081230606225
221208 164321.237|INFO|Thread-47|dumpPacket|   key: CLIENT_ID is: edu.csus.ecs.pc2.core.model.ClientId TEAM93 @ site 1
221208 164321.237|INFO|Thread-47|dumpPacket|   key: SITE_NUMBER is: java.lang.Integer 1
221208 164321.237|INFO|Thread-47|dumpPacket|   key: CONTEST_INFORMATION is: edu.csus.ecs.pc2.core.model.ContestInformation edu.csus.ecs.pc2.core.model.ContestInformation@553917a3
221208 164321.237|INFO|Thread-47|dumpPacket|   key: SITE_LIST is: [Ledu.csus.ecs.pc2.core.model.Site; [Ledu.csus.ecs.pc2.core.model.Site;@531db86b
221208 164321.237|INFO|Thread-47|dumpPacket|   key: PROBLEM_DATA_FILES is: [Ledu.csus.ecs.pc2.core.model.ProblemDataFiles; [Ledu.csus.ecs.pc2.core.model.ProblemDataFiles;@5e54c572
221208 164321.237|INFO|Thread-47|dumpPacket|   key: JUDGEMENT_LIST is: [Ledu.csus.ecs.pc2.core.model.Judgement; [Ledu.csus.ecs.pc2.core.model.Judgement;@45985cac
221208 164321.237|INFO|Thread-47|dumpPacket|   key: PROBLEM_LIST is: [Ledu.csus.ecs.pc2.core.model.Problem; [Ledu.csus.ecs.pc2.core.model.Problem;@5801cfb3
221208 164321.237|INFO|Thread-47|dumpPacket|   key: GROUP_LIST is: [Ledu.csus.ecs.pc2.core.model.Group; [Ledu.csus.ecs.pc2.core.model.Group;@6661ea38
221208 164321.237|INFO|Thread-47|dumpPacket|   key: LOCAL_LOGGED_IN_USERS is: [Ledu.csus.ecs.pc2.core.model.ClientId; [Ledu.csus.ecs.pc2.core.model.ClientId;@1e66ccd3
221208 164321.237|INFO|Thread-47|dumpPacket|   key: SERVER_CLOCK_OFFSET is: java.util.GregorianCalendar java.util.GregorianCalendar[time=1670539401223,areFieldsSet=true,areAllFieldsSet=false,lenient=true,zone=sun.util.calendar.ZoneInfo[id="GMT",offset=0,dstSavings=0,useDaylight=false,transitions=0,lastRule=null],firstDayOfWeek=1,minimalDaysInFirstWeek=1,ERA=1,YEAR=2022,MONTH=11,WEEK_OF_YEAR=50,WEEK_OF_MONTH=2,DAY_OF_MONTH=8,DAY_OF_YEAR=342,DAY_OF_WEEK=5,DAY_OF_WEEK_IN_MONTH=2,AM_PM=1,HOUR=10,HOUR_OF_DAY=22,MINUTE=43,SECOND=21,MILLISECOND=223,ZONE_OFFSET=0,DST_OFFSET=0]
221208 164321.237|INFO|Thread-47|dumpPacket|   key: CONTEST_IDENTIFIER is: java.lang.String Test-6294725081230606225
221208 164321.237|INFO|Thread-47|dumpPacket|   key: BALLOON_SETTINGS_LIST is: [Ledu.csus.ecs.pc2.core.model.BalloonSettings; [Ledu.csus.ecs.pc2.core.model.BalloonSettings;@191c8e8f
221208 164321.237|INFO|Thread-47|dumpPacket|   key: RUN_LIST is: [Ledu.csus.ecs.pc2.core.model.Run; [Ledu.csus.ecs.pc2.core.model.Run;@4fb6a648
221208 164321.237|INFO|Thread-47|dumpPacket|   key: ACCOUNT_ARRAY is: [Ledu.csus.ecs.pc2.core.model.Account; [Ledu.csus.ecs.pc2.core.model.Account;@26efa5ac
221208 164321.237|INFO|Thread-47|info|handlePacket start Packet[LOGIN_SUCCESS] #91 SERVER0 @ site 1 -> TEAM93 @ site 1
221208 164321.237|INFO|Thread-47|dumpPacket|Packet LOGIN_SUCCESS (Seq #91, o#91 ) handlePacket
221208 164321.237|INFO|Thread-47|dumpPacket|  From: SERVER0 @ site 1, oSERVER0 @ site 1 (DESKTOP-D75BQTV @ 212.212.212.212) (Contest Id: Test-6294725081230606225)
221208 164321.237|INFO|Thread-47|dumpPacket|    To: TEAM93 @ site 1
221208 164321.237|INFO|Thread-47|dumpPacket|   key: PROFILE_LIST is: [Ledu.csus.ecs.pc2.core.model.Profile; [Ledu.csus.ecs.pc2.core.model.Profile;@75cffe74
221208 164321.237|INFO|Thread-47|dumpPacket|   key: GENERAL_PROBLEM is: edu.csus.ecs.pc2.core.model.Problem General
221208 164321.237|INFO|Thread-47|dumpPacket|   key: CLIENT_SETTINGS_LIST is: [Ledu.csus.ecs.pc2.core.model.ClientSettings; [Ledu.csus.ecs.pc2.core.model.ClientSettings;@7b080ebd
221208 164321.237|INFO|Thread-47|dumpPacket|   key: CONTEST_TIME is: edu.csus.ecs.pc2.core.model.ContestTime edu.csus.ecs.pc2.core.model.ContestTime@7f379504
221208 164321.245|INFO|Thread-47|dumpPacket|   key: CLARIFICATION_LIST is: [Ledu.csus.ecs.pc2.core.model.Clarification; [Ledu.csus.ecs.pc2.core.model.Clarification;@3a350486
221208 164321.245|INFO|Thread-47|dumpPacket|   key: CATEGORY_LIST is: [Ledu.csus.ecs.pc2.core.model.Category; [Ledu.csus.ecs.pc2.core.model.Category;@300371ea
221208 164321.245|INFO|Thread-47|dumpPacket|   key: LANGUAGE_LIST is: [Ledu.csus.ecs.pc2.core.model.Language; [Ledu.csus.ecs.pc2.core.model.Language;@bc5fcb1
221208 164321.245|INFO|Thread-47|dumpPacket|   key: REMOTE_LOGGED_IN_USERS is: [Ledu.csus.ecs.pc2.core.model.ClientId; [Ledu.csus.ecs.pc2.core.model.ClientId;@4819d778
221208 164321.245|INFO|Thread-47|dumpPacket|   key: CONTEST_TIME_LIST is: [Ledu.csus.ecs.pc2.core.model.ContestTime; [Ledu.csus.ecs.pc2.core.model.ContestTime;@5a1afbc9
221208 164321.245|INFO|Thread-47|dumpPacket|   key: CONNECTION_HANDLE_ID_LIST is: [Ledu.csus.ecs.pc2.core.transport.ConnectionHandlerID; [Ledu.csus.ecs.pc2.core.transport.ConnectionHandlerID;@713d5d41
221208 164321.245|INFO|Thread-47|dumpPacket|   key: PROFILE is: edu.csus.ecs.pc2.core.model.Profile Test-6294725081230606225
221208 164321.245|INFO|Thread-47|dumpPacket|   key: CLIENT_ID is: edu.csus.ecs.pc2.core.model.ClientId TEAM93 @ site 1
221208 164321.245|INFO|Thread-47|dumpPacket|   key: SITE_NUMBER is: java.lang.Integer 1
221208 164321.245|INFO|Thread-47|dumpPacket|   key: CONTEST_INFORMATION is: edu.csus.ecs.pc2.core.model.ContestInformation edu.csus.ecs.pc2.core.model.ContestInformation@553917a3
221208 164321.245|INFO|Thread-47|dumpPacket|   key: SITE_LIST is: [Ledu.csus.ecs.pc2.core.model.Site; [Ledu.csus.ecs.pc2.core.model.Site;@531db86b
221208 164321.245|INFO|Thread-47|dumpPacket|   key: PROBLEM_DATA_FILES is: [Ledu.csus.ecs.pc2.core.model.ProblemDataFiles; [Ledu.csus.ecs.pc2.core.model.ProblemDataFiles;@5e54c572
221208 164321.245|INFO|Thread-47|dumpPacket|   key: JUDGEMENT_LIST is: [Ledu.csus.ecs.pc2.core.model.Judgement; [Ledu.csus.ecs.pc2.core.model.Judgement;@45985cac
221208 164321.245|INFO|Thread-47|dumpPacket|   key: PROBLEM_LIST is: [Ledu.csus.ecs.pc2.core.model.Problem; [Ledu.csus.ecs.pc2.core.model.Problem;@5801cfb3
221208 164321.245|INFO|Thread-47|dumpPacket|   key: GROUP_LIST is: [Ledu.csus.ecs.pc2.core.model.Group; [Ledu.csus.ecs.pc2.core.model.Group;@6661ea38
221208 164321.245|INFO|Thread-47|dumpPacket|   key: LOCAL_LOGGED_IN_USERS is: [Ledu.csus.ecs.pc2.core.model.ClientId; [Ledu.csus.ecs.pc2.core.model.ClientId;@1e66ccd3
221208 164321.245|INFO|Thread-47|dumpPacket|   key: SERVER_CLOCK_OFFSET is: java.util.GregorianCalendar java.util.GregorianCalendar[time=1670539401223,areFieldsSet=true,areAllFieldsSet=false,lenient=true,zone=sun.util.calendar.ZoneInfo[id="GMT",offset=0,dstSavings=0,useDaylight=false,transitions=0,lastRule=null],firstDayOfWeek=1,minimalDaysInFirstWeek=1,ERA=1,YEAR=2022,MONTH=11,WEEK_OF_YEAR=50,WEEK_OF_MONTH=2,DAY_OF_MONTH=8,DAY_OF_YEAR=342,DAY_OF_WEEK=5,DAY_OF_WEEK_IN_MONTH=2,AM_PM=1,HOUR=10,HOUR_OF_DAY=22,MINUTE=43,SECOND=21,MILLISECOND=223,ZONE_OFFSET=0,DST_OFFSET=0]
221208 164321.245|INFO|Thread-47|dumpPacket|   key: CONTEST_IDENTIFIER is: java.lang.String Test-6294725081230606225
221208 164321.245|INFO|Thread-47|dumpPacket|   key: BALLOON_SETTINGS_LIST is: [Ledu.csus.ecs.pc2.core.model.BalloonSettings; [Ledu.csus.ecs.pc2.core.model.BalloonSettings;@191c8e8f
221208 164321.245|INFO|Thread-47|dumpPacket|   key: RUN_LIST is: [Ledu.csus.ecs.pc2.core.model.Run; [Ledu.csus.ecs.pc2.core.model.Run;@4fb6a648
221208 164321.245|INFO|Thread-47|dumpPacket|   key: ACCOUNT_ARRAY is: [Ledu.csus.ecs.pc2.core.model.Account; [Ledu.csus.ecs.pc2.core.model.Account;@26efa5ac
221208 164428.899|INFO|Thread-45|connectionDropped|connectionDropped(ConnectionHandlerID myConnectionID) 
231209 081029.349|CONFIG|qtp135640095-385|setFileHandlers|Now logging to C:\Users\18328\Desktop\pc2\WebTeamInterface-1.1\logs directory.
231209 081029.349|INFO|qtp135640095-385|info|
231209 081029.352|INFO|qtp135640095-385|info|Version 9 () Java ver 18.0.2.1 build  Windows 11 10.0 (amd64) 
231209 081029.352|INFO|qtp135640095-385|info|Login: team93 (aka team93)
231209 081029.352|INFO|qtp135640095-385|startLog|Working directory is C:\Users\18328\Desktop\pc2\WebTeamInterface-1.1
231209 081029.352|INFO|qtp135640095-385|startLog|Process id is 15028@DESKTOP-D75BQTV
231209 081029.352|INFO|qtp135640095-385|info|Contacting server at localhost:50002 as TEAM93 @ site 0
231209 081029.352|INFO|qtp135640095-385|info|sendLoginRequest start - sending from TEAM93 @ site 0
231209 081029.352|INFO|qtp135640095-385|sendToLocalServer|Sending packet to server Packet[LOGIN_REQUEST] #69 TEAM93 @ site 0 -> SERVER0 @ site 0
231209 081029.352|INFO|qtp135640095-385|sendToLocalServer|Sent    packet to server Packet[LOGIN_REQUEST] #69 TEAM93 @ site 0 -> SERVER0 @ site 0
231209 081029.352|INFO|qtp135640095-385|info|sendLoginRequest end - packet sent.
231209 081029.352|INFO|Thread-1290|run|send(Serializable)
231209 081029.368|INFO|Thread-1289|receive|public void receive(SealedObject TransportPacket, ConnectionHandlerID connectionHandlerID)
231209 081029.373|INFO|Thread-1291|info| receiveObject(S) start got Packet[LOGIN_SUCCESS] #500 SERVER0 @ site 1 -> TEAM93 @ site 1
231209 081029.373|INFO|Thread-1291|dumpPacket|Packet LOGIN_SUCCESS (Seq #500, o#500 ) recieveObject
231209 081029.373|INFO|Thread-1291|dumpPacket|  From: SERVER0 @ site 1, oSERVER0 @ site 1 (DESKTOP-D75BQTV @ 212.212.212.212) (Contest Id: DryRun--6069080675419338087)
231209 081029.373|INFO|Thread-1291|dumpPacket|    To: TEAM93 @ site 1
231209 081029.373|INFO|Thread-1291|dumpPacket|   key: PROFILE_LIST is: [Ledu.csus.ecs.pc2.core.model.Profile; [Ledu.csus.ecs.pc2.core.model.Profile;@3585d63a
231209 081029.373|INFO|Thread-1291|dumpPacket|   key: GENERAL_PROBLEM is: edu.csus.ecs.pc2.core.model.Problem General
231209 081029.373|INFO|Thread-1291|dumpPacket|   key: CLIENT_SETTINGS_LIST is: [Ledu.csus.ecs.pc2.core.model.ClientSettings; [Ledu.csus.ecs.pc2.core.model.ClientSettings;@3b423efa
231209 081029.373|INFO|Thread-1291|dumpPacket|   key: CONTEST_TIME is: edu.csus.ecs.pc2.core.model.ContestTime edu.csus.ecs.pc2.core.model.ContestTime@3f7dbd4a
231209 081029.373|INFO|Thread-1291|dumpPacket|   key: CLARIFICATION_LIST is: [Ledu.csus.ecs.pc2.core.model.Clarification; [Ledu.csus.ecs.pc2.core.model.Clarification;@7a7f34c1
231209 081029.373|INFO|Thread-1291|dumpPacket|   key: CATEGORY_LIST is: [Ledu.csus.ecs.pc2.core.model.Category; [Ledu.csus.ecs.pc2.core.model.Category;@61d009b2
231209 081029.373|INFO|Thread-1291|dumpPacket|   key: LANGUAGE_LIST is: [Ledu.csus.ecs.pc2.core.model.Language; [Ledu.csus.ecs.pc2.core.model.Language;@4b4f4e9c
231209 081029.373|INFO|Thread-1291|dumpPacket|   key: REMOTE_LOGGED_IN_USERS is: [Ledu.csus.ecs.pc2.core.model.ClientId; [Ledu.csus.ecs.pc2.core.model.ClientId;@190a2d52
231209 081029.373|INFO|Thread-1291|dumpPacket|   key: CONTEST_TIME_LIST is: [Ledu.csus.ecs.pc2.core.model.ContestTime; [Ledu.csus.ecs.pc2.core.model.ContestTime;@1a50cb8e
231209 081029.373|INFO|Thread-1291|dumpPacket|   key: CONNECTION_HANDLE_ID_LIST is: [Ledu.csus.ecs.pc2.core.transport.ConnectionHandlerID; [Ledu.csus.ecs.pc2.core.transport.ConnectionHandlerID;@7bacdcef
231209 081029.373|INFO|Thread-1291|dumpPacket|   key: PROFILE is: edu.csus.ecs.pc2.core.model.Profile DryRun--6069080675419338087
231209 081029.373|INFO|Thread-1291|dumpPacket|   key: CLIENT_ID is: edu.csus.ecs.pc2.core.model.ClientId TEAM93 @ site 1
231209 081029.373|INFO|Thread-1291|dumpPacket|   key: SITE_NUMBER is: java.lang.Integer 1
231209 081029.373|INFO|Thread-1291|dumpPacket|   key: CONTEST_INFORMATION is: edu.csus.ecs.pc2.core.model.ContestInformation edu.csus.ecs.pc2.core.model.ContestInformation@4a2656a8
231209 081029.373|INFO|Thread-1291|dumpPacket|   key: SITE_LIST is: [Ledu.csus.ecs.pc2.core.model.Site; [Ledu.csus.ecs.pc2.core.model.Site;@20e8203
231209 081029.373|INFO|Thread-1291|dumpPacket|   key: PROBLEM_DATA_FILES is: [Ledu.csus.ecs.pc2.core.model.ProblemDataFiles; [Ledu.csus.ecs.pc2.core.model.ProblemDataFiles;@1e1e3577
231209 081029.373|INFO|Thread-1291|dumpPacket|   key: JUDGEMENT_LIST is: [Ledu.csus.ecs.pc2.core.model.Judgement; [Ledu.csus.ecs.pc2.core.model.Judgement;@3c8d9ff
231209 081029.373|INFO|Thread-1291|dumpPacket|   key: PROBLEM_LIST is: [Ledu.csus.ecs.pc2.core.model.Problem; [Ledu.csus.ecs.pc2.core.model.Problem;@7b234c38
231209 081029.373|INFO|Thread-1291|dumpPacket|   key: GROUP_LIST is: [Ledu.csus.ecs.pc2.core.model.Group; [Ledu.csus.ecs.pc2.core.model.Group;@d4bd7c5
231209 081029.373|INFO|Thread-1291|dumpPacket|   key: LOCAL_LOGGED_IN_USERS is: [Ledu.csus.ecs.pc2.core.model.ClientId; [Ledu.csus.ecs.pc2.core.model.ClientId;@6211fe96
231209 081029.373|INFO|Thread-1291|dumpPacket|   key: SERVER_CLOCK_OFFSET is: java.util.GregorianCalendar java.util.GregorianCalendar[time=1702131029357,areFieldsSet=true,areAllFieldsSet=false,lenient=true,zone=sun.util.calendar.ZoneInfo[id="GMT",offset=0,dstSavings=0,useDaylight=false,transitions=0,lastRule=null],firstDayOfWeek=1,minimalDaysInFirstWeek=1,ERA=1,YEAR=2023,MONTH=11,WEEK_OF_YEAR=49,WEEK_OF_MONTH=2,DAY_OF_MONTH=9,DAY_OF_YEAR=343,DAY_OF_WEEK=7,DAY_OF_WEEK_IN_MONTH=2,AM_PM=1,HOUR=2,HOUR_OF_DAY=14,MINUTE=10,SECOND=29,MILLISECOND=357,ZONE_OFFSET=0,DST_OFFSET=0]
231209 081029.373|INFO|Thread-1291|dumpPacket|   key: CONTEST_IDENTIFIER is: java.lang.String DryRun--6069080675419338087
231209 081029.373|INFO|Thread-1291|dumpPacket|   key: BALLOON_SETTINGS_LIST is: [Ledu.csus.ecs.pc2.core.model.BalloonSettings; [Ledu.csus.ecs.pc2.core.model.BalloonSettings;@27d3d40a
231209 081029.373|INFO|Thread-1291|dumpPacket|   key: RUN_LIST is: [Ledu.csus.ecs.pc2.core.model.Run; [Ledu.csus.ecs.pc2.core.model.Run;@46700e44
231209 081029.373|INFO|Thread-1291|dumpPacket|   key: ACCOUNT_ARRAY is: [Ledu.csus.ecs.pc2.core.model.Account; [Ledu.csus.ecs.pc2.core.model.Account;@15560cb0
231209 081029.373|INFO|Thread-1291|info|handlePacket start Packet[LOGIN_SUCCESS] #500 SERVER0 @ site 1 -> TEAM93 @ site 1
231209 081029.373|INFO|Thread-1291|dumpPacket|Packet LOGIN_SUCCESS (Seq #500, o#500 ) handlePacket
231209 081029.373|INFO|Thread-1291|dumpPacket|  From: SERVER0 @ site 1, oSERVER0 @ site 1 (DESKTOP-D75BQTV @ 212.212.212.212) (Contest Id: DryRun--6069080675419338087)
231209 081029.373|INFO|Thread-1291|dumpPacket|    To: TEAM93 @ site 1
231209 081029.373|INFO|Thread-1291|dumpPacket|   key: PROFILE_LIST is: [Ledu.csus.ecs.pc2.core.model.Profile; [Ledu.csus.ecs.pc2.core.model.Profile;@3585d63a
231209 081029.373|INFO|Thread-1291|dumpPacket|   key: GENERAL_PROBLEM is: edu.csus.ecs.pc2.core.model.Problem General
231209 081029.373|INFO|Thread-1291|dumpPacket|   key: CLIENT_SETTINGS_LIST is: [Ledu.csus.ecs.pc2.core.model.ClientSettings; [Ledu.csus.ecs.pc2.core.model.ClientSettings;@3b423efa
231209 081029.373|INFO|Thread-1291|dumpPacket|   key: CONTEST_TIME is: edu.csus.ecs.pc2.core.model.ContestTime edu.csus.ecs.pc2.core.model.ContestTime@3f7dbd4a
231209 081029.373|INFO|Thread-1291|dumpPacket|   key: CLARIFICATION_LIST is: [Ledu.csus.ecs.pc2.core.model.Clarification; [Ledu.csus.ecs.pc2.core.model.Clarification;@7a7f34c1
231209 081029.373|INFO|Thread-1291|dumpPacket|   key: CATEGORY_LIST is: [Ledu.csus.ecs.pc2.core.model.Category; [Ledu.csus.ecs.pc2.core.model.Category;@61d009b2
231209 081029.373|INFO|Thread-1291|dumpPacket|   key: LANGUAGE_LIST is: [Ledu.csus.ecs.pc2.core.model.Language; [Ledu.csus.ecs.pc2.core.model.Language;@4b4f4e9c
231209 081029.373|INFO|Thread-1291|dumpPacket|   key: REMOTE_LOGGED_IN_USERS is: [Ledu.csus.ecs.pc2.core.model.ClientId; [Ledu.csus.ecs.pc2.core.model.ClientId;@190a2d52
231209 081029.373|INFO|Thread-1291|dumpPacket|   key: CONTEST_TIME_LIST is: [Ledu.csus.ecs.pc2.core.model.ContestTime; [Ledu.csus.ecs.pc2.core.model.ContestTime;@1a50cb8e
231209 081029.373|INFO|Thread-1291|dumpPacket|   key: CONNECTION_HANDLE_ID_LIST is: [Ledu.csus.ecs.pc2.core.transport.ConnectionHandlerID; [Ledu.csus.ecs.pc2.core.transport.ConnectionHandlerID;@7bacdcef
231209 081029.373|INFO|Thread-1291|dumpPacket|   key: PROFILE is: edu.csus.ecs.pc2.core.model.Profile DryRun--6069080675419338087
231209 081029.373|INFO|Thread-1291|dumpPacket|   key: CLIENT_ID is: edu.csus.ecs.pc2.core.model.ClientId TEAM93 @ site 1
231209 081029.373|INFO|Thread-1291|dumpPacket|   key: SITE_NUMBER is: java.lang.Integer 1
231209 081029.373|INFO|Thread-1291|dumpPacket|   key: CONTEST_INFORMATION is: edu.csus.ecs.pc2.core.model.ContestInformation edu.csus.ecs.pc2.core.model.ContestInformation@4a2656a8
231209 081029.373|INFO|Thread-1291|dumpPacket|   key: SITE_LIST is: [Ledu.csus.ecs.pc2.core.model.Site; [Ledu.csus.ecs.pc2.core.model.Site;@20e8203
231209 081029.373|INFO|Thread-1291|dumpPacket|   key: PROBLEM_DATA_FILES is: [Ledu.csus.ecs.pc2.core.model.ProblemDataFiles; [Ledu.csus.ecs.pc2.core.model.ProblemDataFiles;@1e1e3577
231209 081029.373|INFO|Thread-1291|dumpPacket|   key: JUDGEMENT_LIST is: [Ledu.csus.ecs.pc2.core.model.Judgement; [Ledu.csus.ecs.pc2.core.model.Judgement;@3c8d9ff
231209 081029.373|INFO|Thread-1291|dumpPacket|   key: PROBLEM_LIST is: [Ledu.csus.ecs.pc2.core.model.Problem; [Ledu.csus.ecs.pc2.core.model.Problem;@7b234c38
231209 081029.373|INFO|Thread-1291|dumpPacket|   key: GROUP_LIST is: [Ledu.csus.ecs.pc2.core.model.Group; [Ledu.csus.ecs.pc2.core.model.Group;@d4bd7c5
231209 081029.373|INFO|Thread-1291|dumpPacket|   key: LOCAL_LOGGED_IN_USERS is: [Ledu.csus.ecs.pc2.core.model.ClientId; [Ledu.csus.ecs.pc2.core.model.ClientId;@6211fe96
231209 081029.373|INFO|Thread-1291|dumpPacket|   key: SERVER_CLOCK_OFFSET is: java.util.GregorianCalendar java.util.GregorianCalendar[time=1702131029357,areFieldsSet=true,areAllFieldsSet=false,lenient=true,zone=sun.util.calendar.ZoneInfo[id="GMT",offset=0,dstSavings=0,useDaylight=false,transitions=0,lastRule=null],firstDayOfWeek=1,minimalDaysInFirstWeek=1,ERA=1,YEAR=2023,MONTH=11,WEEK_OF_YEAR=49,WEEK_OF_MONTH=2,DAY_OF_MONTH=9,DAY_OF_YEAR=343,DAY_OF_WEEK=7,DAY_OF_WEEK_IN_MONTH=2,AM_PM=1,HOUR=2,HOUR_OF_DAY=14,MINUTE=10,SECOND=29,MILLISECOND=357,ZONE_OFFSET=0,DST_OFFSET=0]
231209 081029.373|INFO|Thread-1291|dumpPacket|   key: CONTEST_IDENTIFIER is: java.lang.String DryRun--6069080675419338087
231209 081029.373|INFO|Thread-1291|dumpPacket|   key: BALLOON_SETTINGS_LIST is: [Ledu.csus.ecs.pc2.core.model.BalloonSettings; [Ledu.csus.ecs.pc2.core.model.BalloonSettings;@27d3d40a
231209 081029.373|INFO|Thread-1291|dumpPacket|   key: RUN_LIST is: [Ledu.csus.ecs.pc2.core.model.Run; [Ledu.csus.ecs.pc2.core.model.Run;@46700e44
231209 081029.373|INFO|Thread-1291|dumpPacket|   key: ACCOUNT_ARRAY is: [Ledu.csus.ecs.pc2.core.model.Account; [Ledu.csus.ecs.pc2.core.model.Account;@15560cb0
231209 081527.045|INFO|Thread-2293|run|send(Serializable)
231209 081527.086|INFO|Thread-1289|receive|public void receive(SealedObject TransportPacket, ConnectionHandlerID connectionHandlerID)
231209 081913.968|INFO|Thread-1289|receive|public void receive(SealedObject TransportPacket, ConnectionHandlerID connectionHandlerID)
231209 082148.856|INFO|Thread-5494|run|send(Serializable)
231209 082148.890|INFO|Thread-1289|receive|public void receive(SealedObject TransportPacket, ConnectionHandlerID connectionHandlerID)
231209 082157.262|INFO|Thread-1289|receive|public void receive(SealedObject TransportPacket, ConnectionHandlerID connectionHandlerID)
231209 082916.512|INFO|Thread-12222|run|send(Serializable)
231209 082916.552|INFO|Thread-1289|receive|public void receive(SealedObject TransportPacket, ConnectionHandlerID connectionHandlerID)
231209 082946.733|INFO|Thread-1289|receive|public void receive(SealedObject TransportPacket, ConnectionHandlerID connectionHandlerID)
231209 103352.632|INFO|Thread-1289|receive|public void receive(SealedObject TransportPacket, ConnectionHandlerID connectionHandlerID)
231209 103353.772|INFO|Thread-1289|receive|public void receive(SealedObject TransportPacket, ConnectionHandlerID connectionHandlerID)
231209 103356.411|INFO|Thread-1289|receive|public void receive(SealedObject TransportPacket, ConnectionHandlerID connectionHandlerID)
231209 103358.734|INFO|Thread-1289|receive|public void receive(SealedObject TransportPacket, ConnectionHandlerID connectionHandlerID)
231209 103358.965|INFO|Thread-1289|receive|public void receive(SealedObject TransportPacket, ConnectionHandlerID connectionHandlerID)
231209 103359.104|INFO|Thread-1289|receive|public void receive(SealedObject TransportPacket, ConnectionHandlerID connectionHandlerID)
231209 103359.265|INFO|Thread-1289|receive|public void receive(SealedObject TransportPacket, ConnectionHandlerID connectionHandlerID)
231209 103412.563|INFO|Thread-1289|receive|public void receive(SealedObject TransportPacket, ConnectionHandlerID connectionHandlerID)
231209 103439.497|INFO|Thread-1289|receive|public void receive(SealedObject TransportPacket, ConnectionHandlerID connectionHandlerID)
231209 104340.793|INFO|Thread-1289|receive|public void receive(SealedObject TransportPacket, ConnectionHandlerID connectionHandlerID)
231209 104625.472|INFO|Thread-1289|connectionDropped|connectionDropped(ConnectionHandlerID myConnectionID) 
