221210 102048.650|CONFIG|qtp1613095350-79|setFileHandlers|Now logging to C:\Users\18328\Desktop\pc2\WebTeamInterface-1.1\logs directory.
221210 102048.651|INFO|qtp1613095350-79|info|
221210 102048.651|INFO|qtp1613095350-79|info|Version 9 () Java ver 18.0.2.1 build  Windows 11 10.0 (amd64) 
221210 102048.651|INFO|qtp1613095350-79|info|Login: team14 (aka team14)
221210 102048.651|INFO|qtp1613095350-79|startLog|Working directory is C:\Users\18328\Desktop\pc2\WebTeamInterface-1.1
221210 102048.651|INFO|qtp1613095350-79|startLog|Process id is 22344@DESKTOP-D75BQTV
221210 102048.651|INFO|qtp1613095350-79|info|Contacting server at 212.212.212.212:50002 as TEAM14 @ site 0
221210 102048.652|INFO|qtp1613095350-79|info|sendLoginRequest start - sending from TEAM14 @ site 0
221210 102048.652|INFO|qtp1613095350-79|sendToLocalServer|Sending packet to server Packet[LOGIN_REQUEST] #121 TEAM14 @ site 0 -> SERVER0 @ site 0
221210 102048.652|INFO|qtp1613095350-79|sendToLocalServer|Sent    packet to server Packet[LOGIN_REQUEST] #121 TEAM14 @ site 0 -> SERVER0 @ site 0
221210 102048.652|INFO|qtp1613095350-79|info|sendLoginRequest end - packet sent.
221210 102048.652|INFO|Thread-2393|run|send(Serializable)
221210 102048.656|INFO|Thread-2392|receive|public void receive(SealedObject TransportPacket, ConnectionHandlerID connectionHandlerID)
221210 102048.657|INFO|Thread-2394|info| receiveObject(S) start got Packet[LOGIN_SUCCESS] #2525 SERVER0 @ site 1 -> TEAM14 @ site 1
221210 102048.657|INFO|Thread-2394|dumpPacket|Packet LOGIN_SUCCESS (Seq #2525, o#2525 ) recieveObject
221210 102048.657|INFO|Thread-2394|dumpPacket|  From: SERVER0 @ site 1, oSERVER0 @ site 1 (DESKTOP-D75BQTV @ 212.212.212.212) (Contest Id: DryRun--5544400451244233091)
221210 102048.657|INFO|Thread-2394|dumpPacket|    To: TEAM14 @ site 1
221210 102048.657|INFO|Thread-2394|dumpPacket|   key: PROFILE_LIST is: [Ledu.csus.ecs.pc2.core.model.Profile; [Ledu.csus.ecs.pc2.core.model.Profile;@7060bf77
221210 102048.657|INFO|Thread-2394|dumpPacket|   key: GENERAL_PROBLEM is: edu.csus.ecs.pc2.core.model.Problem General
221210 102048.657|INFO|Thread-2394|dumpPacket|   key: CLIENT_SETTINGS_LIST is: [Ledu.csus.ecs.pc2.core.model.ClientSettings; [Ledu.csus.ecs.pc2.core.model.ClientSettings;@7ea75f0b
221210 102048.657|INFO|Thread-2394|dumpPacket|   key: CONTEST_TIME is: edu.csus.ecs.pc2.core.model.ContestTime edu.csus.ecs.pc2.core.model.ContestTime@7a98d407
221210 102048.657|INFO|Thread-2394|dumpPacket|   key: CLARIFICATION_LIST is: [Ledu.csus.ecs.pc2.core.model.Clarification; [Ledu.csus.ecs.pc2.core.model.Clarification;@3f9a5530
221210 102048.657|INFO|Thread-2394|dumpPacket|   key: CATEGORY_LIST is: [Ledu.csus.ecs.pc2.core.model.Category; [Ledu.csus.ecs.pc2.core.model.Category;@4af4ceb3
221210 102048.657|INFO|Thread-2394|dumpPacket|   key: LANGUAGE_LIST is: [Ledu.csus.ecs.pc2.core.model.Language; [Ledu.csus.ecs.pc2.core.model.Language;@eef8fe1
221210 102048.657|INFO|Thread-2394|dumpPacket|   key: REMOTE_LOGGED_IN_USERS is: [Ledu.csus.ecs.pc2.core.model.ClientId; [Ledu.csus.ecs.pc2.core.model.ClientId;@326b4ad7
221210 102048.657|INFO|Thread-2394|dumpPacket|   key: CONTEST_TIME_LIST is: [Ledu.csus.ecs.pc2.core.model.ContestTime; [Ledu.csus.ecs.pc2.core.model.ContestTime;@5fb5aa7f
221210 102048.657|INFO|Thread-2394|dumpPacket|   key: CONNECTION_HANDLE_ID_LIST is: [Ledu.csus.ecs.pc2.core.transport.ConnectionHandlerID; [Ledu.csus.ecs.pc2.core.transport.ConnectionHandlerID;@3358666c
221210 102048.657|INFO|Thread-2394|dumpPacket|   key: PROFILE is: edu.csus.ecs.pc2.core.model.Profile DryRun--5544400451244233091
221210 102048.657|INFO|Thread-2394|dumpPacket|   key: CLIENT_ID is: edu.csus.ecs.pc2.core.model.ClientId TEAM14 @ site 1
221210 102048.657|INFO|Thread-2394|dumpPacket|   key: SITE_NUMBER is: java.lang.Integer 1
221210 102048.657|INFO|Thread-2394|dumpPacket|   key: CONTEST_INFORMATION is: edu.csus.ecs.pc2.core.model.ContestInformation edu.csus.ecs.pc2.core.model.ContestInformation@413a6761
221210 102048.658|INFO|Thread-2394|dumpPacket|   key: SITE_LIST is: [Ledu.csus.ecs.pc2.core.model.Site; [Ledu.csus.ecs.pc2.core.model.Site;@296fa063
221210 102048.658|INFO|Thread-2394|dumpPacket|   key: PROBLEM_DATA_FILES is: [Ledu.csus.ecs.pc2.core.model.ProblemDataFiles; [Ledu.csus.ecs.pc2.core.model.ProblemDataFiles;@5bfb1163
221210 102048.658|INFO|Thread-2394|dumpPacket|   key: JUDGEMENT_LIST is: [Ledu.csus.ecs.pc2.core.model.Judgement; [Ledu.csus.ecs.pc2.core.model.Judgement;@2be07776
221210 102048.658|INFO|Thread-2394|dumpPacket|   key: PROBLEM_LIST is: [Ledu.csus.ecs.pc2.core.model.Problem; [Ledu.csus.ecs.pc2.core.model.Problem;@39731c04
221210 102048.658|INFO|Thread-2394|dumpPacket|   key: GROUP_LIST is: [Ledu.csus.ecs.pc2.core.model.Group; [Ledu.csus.ecs.pc2.core.model.Group;@6d4bdff1
221210 102048.658|INFO|Thread-2394|dumpPacket|   key: LOCAL_LOGGED_IN_USERS is: [Ledu.csus.ecs.pc2.core.model.ClientId; [Ledu.csus.ecs.pc2.core.model.ClientId;@6eb8bb32
221210 102048.658|INFO|Thread-2394|dumpPacket|   key: SERVER_CLOCK_OFFSET is: java.util.GregorianCalendar java.util.GregorianCalendar[time=1670689248654,areFieldsSet=true,areAllFieldsSet=false,lenient=true,zone=sun.util.calendar.ZoneInfo[id="GMT",offset=0,dstSavings=0,useDaylight=false,transitions=0,lastRule=null],firstDayOfWeek=1,minimalDaysInFirstWeek=1,ERA=1,YEAR=2022,MONTH=11,WEEK_OF_YEAR=50,WEEK_OF_MONTH=2,DAY_OF_MONTH=10,DAY_OF_YEAR=344,DAY_OF_WEEK=7,DAY_OF_WEEK_IN_MONTH=2,AM_PM=1,HOUR=4,HOUR_OF_DAY=16,MINUTE=20,SECOND=48,MILLISECOND=654,ZONE_OFFSET=0,DST_OFFSET=0]
221210 102048.658|INFO|Thread-2394|dumpPacket|   key: CONTEST_IDENTIFIER is: java.lang.String DryRun--5544400451244233091
221210 102048.658|INFO|Thread-2394|dumpPacket|   key: BALLOON_SETTINGS_LIST is: [Ledu.csus.ecs.pc2.core.model.BalloonSettings; [Ledu.csus.ecs.pc2.core.model.BalloonSettings;@46cb2a54
221210 102048.658|INFO|Thread-2394|dumpPacket|   key: RUN_LIST is: [Ledu.csus.ecs.pc2.core.model.Run; [Ledu.csus.ecs.pc2.core.model.Run;@67798db5
221210 102048.658|INFO|Thread-2394|dumpPacket|   key: ACCOUNT_ARRAY is: [Ledu.csus.ecs.pc2.core.model.Account; [Ledu.csus.ecs.pc2.core.model.Account;@547e62fc
221210 102048.658|INFO|Thread-2394|info|handlePacket start Packet[LOGIN_SUCCESS] #2525 SERVER0 @ site 1 -> TEAM14 @ site 1
221210 102048.658|INFO|Thread-2394|dumpPacket|Packet LOGIN_SUCCESS (Seq #2525, o#2525 ) handlePacket
221210 102048.658|INFO|Thread-2394|dumpPacket|  From: SERVER0 @ site 1, oSERVER0 @ site 1 (DESKTOP-D75BQTV @ 212.212.212.212) (Contest Id: DryRun--5544400451244233091)
221210 102048.658|INFO|Thread-2394|dumpPacket|    To: TEAM14 @ site 1
221210 102048.658|INFO|Thread-2394|dumpPacket|   key: PROFILE_LIST is: [Ledu.csus.ecs.pc2.core.model.Profile; [Ledu.csus.ecs.pc2.core.model.Profile;@7060bf77
221210 102048.658|INFO|Thread-2394|dumpPacket|   key: GENERAL_PROBLEM is: edu.csus.ecs.pc2.core.model.Problem General
221210 102048.658|INFO|Thread-2394|dumpPacket|   key: CLIENT_SETTINGS_LIST is: [Ledu.csus.ecs.pc2.core.model.ClientSettings; [Ledu.csus.ecs.pc2.core.model.ClientSettings;@7ea75f0b
221210 102048.658|INFO|Thread-2394|dumpPacket|   key: CONTEST_TIME is: edu.csus.ecs.pc2.core.model.ContestTime edu.csus.ecs.pc2.core.model.ContestTime@7a98d407
221210 102048.658|INFO|Thread-2394|dumpPacket|   key: CLARIFICATION_LIST is: [Ledu.csus.ecs.pc2.core.model.Clarification; [Ledu.csus.ecs.pc2.core.model.Clarification;@3f9a5530
221210 102048.658|INFO|Thread-2394|dumpPacket|   key: CATEGORY_LIST is: [Ledu.csus.ecs.pc2.core.model.Category; [Ledu.csus.ecs.pc2.core.model.Category;@4af4ceb3
221210 102048.658|INFO|Thread-2394|dumpPacket|   key: LANGUAGE_LIST is: [Ledu.csus.ecs.pc2.core.model.Language; [Ledu.csus.ecs.pc2.core.model.Language;@eef8fe1
221210 102048.658|INFO|Thread-2394|dumpPacket|   key: REMOTE_LOGGED_IN_USERS is: [Ledu.csus.ecs.pc2.core.model.ClientId; [Ledu.csus.ecs.pc2.core.model.ClientId;@326b4ad7
221210 102048.658|INFO|Thread-2394|dumpPacket|   key: CONTEST_TIME_LIST is: [Ledu.csus.ecs.pc2.core.model.ContestTime; [Ledu.csus.ecs.pc2.core.model.ContestTime;@5fb5aa7f
221210 102048.658|INFO|Thread-2394|dumpPacket|   key: CONNECTION_HANDLE_ID_LIST is: [Ledu.csus.ecs.pc2.core.transport.ConnectionHandlerID; [Ledu.csus.ecs.pc2.core.transport.ConnectionHandlerID;@3358666c
221210 102048.658|INFO|Thread-2394|dumpPacket|   key: PROFILE is: edu.csus.ecs.pc2.core.model.Profile DryRun--5544400451244233091
221210 102048.658|INFO|Thread-2394|dumpPacket|   key: CLIENT_ID is: edu.csus.ecs.pc2.core.model.ClientId TEAM14 @ site 1
221210 102048.658|INFO|Thread-2394|dumpPacket|   key: SITE_NUMBER is: java.lang.Integer 1
221210 102048.658|INFO|Thread-2394|dumpPacket|   key: CONTEST_INFORMATION is: edu.csus.ecs.pc2.core.model.ContestInformation edu.csus.ecs.pc2.core.model.ContestInformation@413a6761
221210 102048.658|INFO|Thread-2394|dumpPacket|   key: SITE_LIST is: [Ledu.csus.ecs.pc2.core.model.Site; [Ledu.csus.ecs.pc2.core.model.Site;@296fa063
221210 102048.658|INFO|Thread-2394|dumpPacket|   key: PROBLEM_DATA_FILES is: [Ledu.csus.ecs.pc2.core.model.ProblemDataFiles; [Ledu.csus.ecs.pc2.core.model.ProblemDataFiles;@5bfb1163
221210 102048.658|INFO|Thread-2394|dumpPacket|   key: JUDGEMENT_LIST is: [Ledu.csus.ecs.pc2.core.model.Judgement; [Ledu.csus.ecs.pc2.core.model.Judgement;@2be07776
221210 102048.658|INFO|Thread-2394|dumpPacket|   key: PROBLEM_LIST is: [Ledu.csus.ecs.pc2.core.model.Problem; [Ledu.csus.ecs.pc2.core.model.Problem;@39731c04
221210 102048.658|INFO|Thread-2394|dumpPacket|   key: GROUP_LIST is: [Ledu.csus.ecs.pc2.core.model.Group; [Ledu.csus.ecs.pc2.core.model.Group;@6d4bdff1
221210 102048.658|INFO|Thread-2394|dumpPacket|   key: LOCAL_LOGGED_IN_USERS is: [Ledu.csus.ecs.pc2.core.model.ClientId; [Ledu.csus.ecs.pc2.core.model.ClientId;@6eb8bb32
221210 102048.658|INFO|Thread-2394|dumpPacket|   key: SERVER_CLOCK_OFFSET is: java.util.GregorianCalendar java.util.GregorianCalendar[time=1670689248654,areFieldsSet=true,areAllFieldsSet=false,lenient=true,zone=sun.util.calendar.ZoneInfo[id="GMT",offset=0,dstSavings=0,useDaylight=false,transitions=0,lastRule=null],firstDayOfWeek=1,minimalDaysInFirstWeek=1,ERA=1,YEAR=2022,MONTH=11,WEEK_OF_YEAR=50,WEEK_OF_MONTH=2,DAY_OF_MONTH=10,DAY_OF_YEAR=344,DAY_OF_WEEK=7,DAY_OF_WEEK_IN_MONTH=2,AM_PM=1,HOUR=4,HOUR_OF_DAY=16,MINUTE=20,SECOND=48,MILLISECOND=654,ZONE_OFFSET=0,DST_OFFSET=0]
221210 102048.658|INFO|Thread-2394|dumpPacket|   key: CONTEST_IDENTIFIER is: java.lang.String DryRun--5544400451244233091
221210 102048.658|INFO|Thread-2394|dumpPacket|   key: BALLOON_SETTINGS_LIST is: [Ledu.csus.ecs.pc2.core.model.BalloonSettings; [Ledu.csus.ecs.pc2.core.model.BalloonSettings;@46cb2a54
221210 102048.658|INFO|Thread-2394|dumpPacket|   key: RUN_LIST is: [Ledu.csus.ecs.pc2.core.model.Run; [Ledu.csus.ecs.pc2.core.model.Run;@67798db5
221210 102048.658|INFO|Thread-2394|dumpPacket|   key: ACCOUNT_ARRAY is: [Ledu.csus.ecs.pc2.core.model.Account; [Ledu.csus.ecs.pc2.core.model.Account;@547e62fc
221210 103056.919|INFO|Thread-2392|receive|public void receive(SealedObject TransportPacket, ConnectionHandlerID connectionHandlerID)
221210 150258.350|INFO|Thread-2392|connectionDropped|connectionDropped(ConnectionHandlerID myConnectionID) 
231209 081120.140|CONFIG|qtp135640095-380|setFileHandlers|Now logging to C:\Users\18328\Desktop\pc2\WebTeamInterface-1.1\logs directory.
231209 081120.140|INFO|qtp135640095-380|info|
231209 081120.140|INFO|qtp135640095-380|info|Version 9 () Java ver 18.0.2.1 build  Windows 11 10.0 (amd64) 
231209 081120.140|INFO|qtp135640095-380|info|Login: team14 (aka team14)
231209 081120.144|INFO|qtp135640095-380|startLog|Working directory is C:\Users\18328\Desktop\pc2\WebTeamInterface-1.1
231209 081120.144|INFO|qtp135640095-380|startLog|Process id is 15028@DESKTOP-D75BQTV
231209 081120.144|INFO|qtp135640095-380|info|Contacting server at localhost:50002 as TEAM14 @ site 0
231209 081120.144|INFO|qtp135640095-380|info|sendLoginRequest start - sending from TEAM14 @ site 0
231209 081120.144|INFO|qtp135640095-380|sendToLocalServer|Sending packet to server Packet[LOGIN_REQUEST] #72 TEAM14 @ site 0 -> SERVER0 @ site 0
231209 081120.144|INFO|qtp135640095-380|sendToLocalServer|Sent    packet to server Packet[LOGIN_REQUEST] #72 TEAM14 @ site 0 -> SERVER0 @ site 0
231209 081120.144|INFO|qtp135640095-380|info|sendLoginRequest end - packet sent.
231209 081120.144|INFO|Thread-1390|run|send(Serializable)
231209 081120.174|INFO|Thread-1389|receive|public void receive(SealedObject TransportPacket, ConnectionHandlerID connectionHandlerID)
231209 081120.178|INFO|Thread-1391|info| receiveObject(S) start got Packet[LOGIN_SUCCESS] #512 SERVER0 @ site 1 -> TEAM14 @ site 1
231209 081120.178|INFO|Thread-1391|dumpPacket|Packet LOGIN_SUCCESS (Seq #512, o#512 ) recieveObject
231209 081120.178|INFO|Thread-1391|dumpPacket|  From: SERVER0 @ site 1, oSERVER0 @ site 1 (DESKTOP-D75BQTV @ 212.212.212.212) (Contest Id: DryRun--6069080675419338087)
231209 081120.178|INFO|Thread-1391|dumpPacket|    To: TEAM14 @ site 1
231209 081120.178|INFO|Thread-1391|dumpPacket|   key: PROFILE_LIST is: [Ledu.csus.ecs.pc2.core.model.Profile; [Ledu.csus.ecs.pc2.core.model.Profile;@2e79ccec
231209 081120.178|INFO|Thread-1391|dumpPacket|   key: GENERAL_PROBLEM is: edu.csus.ecs.pc2.core.model.Problem General
231209 081120.178|INFO|Thread-1391|dumpPacket|   key: CLIENT_SETTINGS_LIST is: [Ledu.csus.ecs.pc2.core.model.ClientSettings; [Ledu.csus.ecs.pc2.core.model.ClientSettings;@20be2753
231209 081120.178|INFO|Thread-1391|dumpPacket|   key: CONTEST_TIME is: edu.csus.ecs.pc2.core.model.ContestTime edu.csus.ecs.pc2.core.model.ContestTime@2481a79c
231209 081120.178|INFO|Thread-1391|dumpPacket|   key: CLARIFICATION_LIST is: [Ledu.csus.ecs.pc2.core.model.Clarification; [Ledu.csus.ecs.pc2.core.model.Clarification;@61832d68
231209 081120.178|INFO|Thread-1391|dumpPacket|   key: CATEGORY_LIST is: [Ledu.csus.ecs.pc2.core.model.Category; [Ledu.csus.ecs.pc2.core.model.Category;@1fd9318
231209 081120.178|INFO|Thread-1391|dumpPacket|   key: LANGUAGE_LIST is: [Ledu.csus.ecs.pc2.core.model.Language; [Ledu.csus.ecs.pc2.core.model.Language;@50a8a8cb
231209 081120.178|INFO|Thread-1391|dumpPacket|   key: REMOTE_LOGGED_IN_USERS is: [Ledu.csus.ecs.pc2.core.model.ClientId; [Ledu.csus.ecs.pc2.core.model.ClientId;@793c4805
231209 081120.178|INFO|Thread-1391|dumpPacket|   key: CONTEST_TIME_LIST is: [Ledu.csus.ecs.pc2.core.model.ContestTime; [Ledu.csus.ecs.pc2.core.model.ContestTime;@1acd227
231209 081120.178|INFO|Thread-1391|dumpPacket|   key: CONNECTION_HANDLE_ID_LIST is: [Ledu.csus.ecs.pc2.core.transport.ConnectionHandlerID; [Ledu.csus.ecs.pc2.core.transport.ConnectionHandlerID;@6c24f459
231209 081120.179|INFO|Thread-1391|dumpPacket|   key: PROFILE is: edu.csus.ecs.pc2.core.model.Profile DryRun--6069080675419338087
231209 081120.179|INFO|Thread-1391|dumpPacket|   key: CLIENT_ID is: edu.csus.ecs.pc2.core.model.ClientId TEAM14 @ site 1
231209 081120.179|INFO|Thread-1391|dumpPacket|   key: SITE_NUMBER is: java.lang.Integer 1
231209 081120.179|INFO|Thread-1391|dumpPacket|   key: CONTEST_INFORMATION is: edu.csus.ecs.pc2.core.model.ContestInformation edu.csus.ecs.pc2.core.model.ContestInformation@795fe7e6
231209 081120.179|INFO|Thread-1391|dumpPacket|   key: SITE_LIST is: [Ledu.csus.ecs.pc2.core.model.Site; [Ledu.csus.ecs.pc2.core.model.Site;@6238e4a8
231209 081120.179|INFO|Thread-1391|dumpPacket|   key: PROBLEM_DATA_FILES is: [Ledu.csus.ecs.pc2.core.model.ProblemDataFiles; [Ledu.csus.ecs.pc2.core.model.ProblemDataFiles;@5e22f22
231209 081120.179|INFO|Thread-1391|dumpPacket|   key: JUDGEMENT_LIST is: [Ledu.csus.ecs.pc2.core.model.Judgement; [Ledu.csus.ecs.pc2.core.model.Judgement;@4e2f95fb
231209 081120.179|INFO|Thread-1391|dumpPacket|   key: PROBLEM_LIST is: [Ledu.csus.ecs.pc2.core.model.Problem; [Ledu.csus.ecs.pc2.core.model.Problem;@48492b0f
231209 081120.179|INFO|Thread-1391|dumpPacket|   key: GROUP_LIST is: [Ledu.csus.ecs.pc2.core.model.Group; [Ledu.csus.ecs.pc2.core.model.Group;@6d719b0a
231209 081120.179|INFO|Thread-1391|dumpPacket|   key: LOCAL_LOGGED_IN_USERS is: [Ledu.csus.ecs.pc2.core.model.ClientId; [Ledu.csus.ecs.pc2.core.model.ClientId;@79fe32b9
231209 081120.179|INFO|Thread-1391|dumpPacket|   key: SERVER_CLOCK_OFFSET is: java.util.GregorianCalendar java.util.GregorianCalendar[time=1702131080154,areFieldsSet=true,areAllFieldsSet=false,lenient=true,zone=sun.util.calendar.ZoneInfo[id="GMT",offset=0,dstSavings=0,useDaylight=false,transitions=0,lastRule=null],firstDayOfWeek=1,minimalDaysInFirstWeek=1,ERA=1,YEAR=2023,MONTH=11,WEEK_OF_YEAR=49,WEEK_OF_MONTH=2,DAY_OF_MONTH=9,DAY_OF_YEAR=343,DAY_OF_WEEK=7,DAY_OF_WEEK_IN_MONTH=2,AM_PM=1,HOUR=2,HOUR_OF_DAY=14,MINUTE=11,SECOND=20,MILLISECOND=154,ZONE_OFFSET=0,DST_OFFSET=0]
231209 081120.179|INFO|Thread-1391|dumpPacket|   key: CONTEST_IDENTIFIER is: java.lang.String DryRun--6069080675419338087
231209 081120.179|INFO|Thread-1391|dumpPacket|   key: BALLOON_SETTINGS_LIST is: [Ledu.csus.ecs.pc2.core.model.BalloonSettings; [Ledu.csus.ecs.pc2.core.model.BalloonSettings;@4b4cf030
231209 081120.179|INFO|Thread-1391|dumpPacket|   key: RUN_LIST is: [Ledu.csus.ecs.pc2.core.model.Run; [Ledu.csus.ecs.pc2.core.model.Run;@4a5cbb05
231209 081120.179|INFO|Thread-1391|dumpPacket|   key: ACCOUNT_ARRAY is: [Ledu.csus.ecs.pc2.core.model.Account; [Ledu.csus.ecs.pc2.core.model.Account;@2b14d08f
231209 081120.179|INFO|Thread-1391|info|handlePacket start Packet[LOGIN_SUCCESS] #512 SERVER0 @ site 1 -> TEAM14 @ site 1
231209 081120.179|INFO|Thread-1391|dumpPacket|Packet LOGIN_SUCCESS (Seq #512, o#512 ) handlePacket
231209 081120.179|INFO|Thread-1391|dumpPacket|  From: SERVER0 @ site 1, oSERVER0 @ site 1 (DESKTOP-D75BQTV @ 212.212.212.212) (Contest Id: DryRun--6069080675419338087)
231209 081120.179|INFO|Thread-1391|dumpPacket|    To: TEAM14 @ site 1
231209 081120.179|INFO|Thread-1391|dumpPacket|   key: PROFILE_LIST is: [Ledu.csus.ecs.pc2.core.model.Profile; [Ledu.csus.ecs.pc2.core.model.Profile;@2e79ccec
231209 081120.179|INFO|Thread-1391|dumpPacket|   key: GENERAL_PROBLEM is: edu.csus.ecs.pc2.core.model.Problem General
231209 081120.179|INFO|Thread-1391|dumpPacket|   key: CLIENT_SETTINGS_LIST is: [Ledu.csus.ecs.pc2.core.model.ClientSettings; [Ledu.csus.ecs.pc2.core.model.ClientSettings;@20be2753
231209 081120.179|INFO|Thread-1391|dumpPacket|   key: CONTEST_TIME is: edu.csus.ecs.pc2.core.model.ContestTime edu.csus.ecs.pc2.core.model.ContestTime@2481a79c
231209 081120.179|INFO|Thread-1391|dumpPacket|   key: CLARIFICATION_LIST is: [Ledu.csus.ecs.pc2.core.model.Clarification; [Ledu.csus.ecs.pc2.core.model.Clarification;@61832d68
231209 081120.179|INFO|Thread-1391|dumpPacket|   key: CATEGORY_LIST is: [Ledu.csus.ecs.pc2.core.model.Category; [Ledu.csus.ecs.pc2.core.model.Category;@1fd9318
231209 081120.179|INFO|Thread-1391|dumpPacket|   key: LANGUAGE_LIST is: [Ledu.csus.ecs.pc2.core.model.Language; [Ledu.csus.ecs.pc2.core.model.Language;@50a8a8cb
231209 081120.179|INFO|Thread-1391|dumpPacket|   key: REMOTE_LOGGED_IN_USERS is: [Ledu.csus.ecs.pc2.core.model.ClientId; [Ledu.csus.ecs.pc2.core.model.ClientId;@793c4805
231209 081120.179|INFO|Thread-1391|dumpPacket|   key: CONTEST_TIME_LIST is: [Ledu.csus.ecs.pc2.core.model.ContestTime; [Ledu.csus.ecs.pc2.core.model.ContestTime;@1acd227
231209 081120.180|INFO|Thread-1391|dumpPacket|   key: CONNECTION_HANDLE_ID_LIST is: [Ledu.csus.ecs.pc2.core.transport.ConnectionHandlerID; [Ledu.csus.ecs.pc2.core.transport.ConnectionHandlerID;@6c24f459
231209 081120.180|INFO|Thread-1391|dumpPacket|   key: PROFILE is: edu.csus.ecs.pc2.core.model.Profile DryRun--6069080675419338087
231209 081120.180|INFO|Thread-1391|dumpPacket|   key: CLIENT_ID is: edu.csus.ecs.pc2.core.model.ClientId TEAM14 @ site 1
231209 081120.180|INFO|Thread-1391|dumpPacket|   key: SITE_NUMBER is: java.lang.Integer 1
231209 081120.180|INFO|Thread-1391|dumpPacket|   key: CONTEST_INFORMATION is: edu.csus.ecs.pc2.core.model.ContestInformation edu.csus.ecs.pc2.core.model.ContestInformation@795fe7e6
231209 081120.180|INFO|Thread-1391|dumpPacket|   key: SITE_LIST is: [Ledu.csus.ecs.pc2.core.model.Site; [Ledu.csus.ecs.pc2.core.model.Site;@6238e4a8
231209 081120.180|INFO|Thread-1391|dumpPacket|   key: PROBLEM_DATA_FILES is: [Ledu.csus.ecs.pc2.core.model.ProblemDataFiles; [Ledu.csus.ecs.pc2.core.model.ProblemDataFiles;@5e22f22
231209 081120.180|INFO|Thread-1391|dumpPacket|   key: JUDGEMENT_LIST is: [Ledu.csus.ecs.pc2.core.model.Judgement; [Ledu.csus.ecs.pc2.core.model.Judgement;@4e2f95fb
231209 081120.180|INFO|Thread-1391|dumpPacket|   key: PROBLEM_LIST is: [Ledu.csus.ecs.pc2.core.model.Problem; [Ledu.csus.ecs.pc2.core.model.Problem;@48492b0f
231209 081120.180|INFO|Thread-1391|dumpPacket|   key: GROUP_LIST is: [Ledu.csus.ecs.pc2.core.model.Group; [Ledu.csus.ecs.pc2.core.model.Group;@6d719b0a
231209 081120.180|INFO|Thread-1391|dumpPacket|   key: LOCAL_LOGGED_IN_USERS is: [Ledu.csus.ecs.pc2.core.model.ClientId; [Ledu.csus.ecs.pc2.core.model.ClientId;@79fe32b9
231209 081120.180|INFO|Thread-1391|dumpPacket|   key: SERVER_CLOCK_OFFSET is: java.util.GregorianCalendar java.util.GregorianCalendar[time=1702131080154,areFieldsSet=true,areAllFieldsSet=false,lenient=true,zone=sun.util.calendar.ZoneInfo[id="GMT",offset=0,dstSavings=0,useDaylight=false,transitions=0,lastRule=null],firstDayOfWeek=1,minimalDaysInFirstWeek=1,ERA=1,YEAR=2023,MONTH=11,WEEK_OF_YEAR=49,WEEK_OF_MONTH=2,DAY_OF_MONTH=9,DAY_OF_YEAR=343,DAY_OF_WEEK=7,DAY_OF_WEEK_IN_MONTH=2,AM_PM=1,HOUR=2,HOUR_OF_DAY=14,MINUTE=11,SECOND=20,MILLISECOND=154,ZONE_OFFSET=0,DST_OFFSET=0]
231209 081120.180|INFO|Thread-1391|dumpPacket|   key: CONTEST_IDENTIFIER is: java.lang.String DryRun--6069080675419338087
231209 081120.180|INFO|Thread-1391|dumpPacket|   key: BALLOON_SETTINGS_LIST is: [Ledu.csus.ecs.pc2.core.model.BalloonSettings; [Ledu.csus.ecs.pc2.core.model.BalloonSettings;@4b4cf030
231209 081120.180|INFO|Thread-1391|dumpPacket|   key: RUN_LIST is: [Ledu.csus.ecs.pc2.core.model.Run; [Ledu.csus.ecs.pc2.core.model.Run;@4a5cbb05
231209 081120.180|INFO|Thread-1391|dumpPacket|   key: ACCOUNT_ARRAY is: [Ledu.csus.ecs.pc2.core.model.Account; [Ledu.csus.ecs.pc2.core.model.Account;@2b14d08f
231209 081219.607|INFO|Thread-1935|run|send(Serializable)
231209 081219.631|INFO|Thread-1389|receive|public void receive(SealedObject TransportPacket, ConnectionHandlerID connectionHandlerID)
231209 081632.548|INFO|Thread-1389|receive|public void receive(SealedObject TransportPacket, ConnectionHandlerID connectionHandlerID)
231209 103304.471|INFO|Thread-1389|connectionDropped|connectionDropped(ConnectionHandlerID myConnectionID) 
