221210 102358.533|CONFIG|qtp1613095350-27|setFileHandlers|Now logging to C:\Users\18328\Desktop\pc2\WebTeamInterface-1.1\logs directory.
221210 102358.533|INFO|qtp1613095350-27|info|
221210 102358.533|INFO|qtp1613095350-27|info|Version 9 () Java ver 18.0.2.1 build  Windows 11 10.0 (amd64) 
221210 102358.533|INFO|qtp1613095350-27|info|Login: team65 (aka team65)
221210 102358.534|INFO|qtp1613095350-27|startLog|Working directory is C:\Users\18328\Desktop\pc2\WebTeamInterface-1.1
221210 102358.534|INFO|qtp1613095350-27|startLog|Process id is 22344@DESKTOP-D75BQTV
221210 102358.534|INFO|qtp1613095350-27|info|Contacting server at 212.212.212.212:50002 as TEAM65 @ site 0
221210 102358.534|INFO|qtp1613095350-27|info|sendLoginRequest start - sending from TEAM65 @ site 0
221210 102358.534|INFO|qtp1613095350-27|sendToLocalServer|Sending packet to server Packet[LOGIN_REQUEST] #138 TEAM65 @ site 0 -> SERVER0 @ site 0
221210 102358.534|INFO|qtp1613095350-27|sendToLocalServer|Sent    packet to server Packet[LOGIN_REQUEST] #138 TEAM65 @ site 0 -> SERVER0 @ site 0
221210 102358.534|INFO|qtp1613095350-27|info|sendLoginRequest end - packet sent.
221210 102358.534|INFO|Thread-2913|run|send(Serializable)
221210 102358.538|INFO|Thread-2912|receive|public void receive(SealedObject TransportPacket, ConnectionHandlerID connectionHandlerID)
221210 102358.540|INFO|Thread-2914|info| receiveObject(S) start got Packet[LOGIN_SUCCESS] #2589 SERVER0 @ site 1 -> TEAM65 @ site 1
221210 102358.540|INFO|Thread-2914|dumpPacket|Packet LOGIN_SUCCESS (Seq #2589, o#2589 ) recieveObject
221210 102358.540|INFO|Thread-2914|dumpPacket|  From: SERVER0 @ site 1, oSERVER0 @ site 1 (DESKTOP-D75BQTV @ 212.212.212.212) (Contest Id: DryRun--5544400451244233091)
221210 102358.540|INFO|Thread-2914|dumpPacket|    To: TEAM65 @ site 1
221210 102358.540|INFO|Thread-2914|dumpPacket|   key: PROFILE_LIST is: [Ledu.csus.ecs.pc2.core.model.Profile; [Ledu.csus.ecs.pc2.core.model.Profile;@6c08268a
221210 102358.540|INFO|Thread-2914|dumpPacket|   key: GENERAL_PROBLEM is: edu.csus.ecs.pc2.core.model.Problem General
221210 102358.540|INFO|Thread-2914|dumpPacket|   key: CLIENT_SETTINGS_LIST is: [Ledu.csus.ecs.pc2.core.model.ClientSettings; [Ledu.csus.ecs.pc2.core.model.ClientSettings;@62cfd57b
221210 102358.540|INFO|Thread-2914|dumpPacket|   key: CONTEST_TIME is: edu.csus.ecs.pc2.core.model.ContestTime edu.csus.ecs.pc2.core.model.ContestTime@66f04dfa
221210 102358.540|INFO|Thread-2914|dumpPacket|   key: CLARIFICATION_LIST is: [Ledu.csus.ecs.pc2.core.model.Clarification; [Ledu.csus.ecs.pc2.core.model.Clarification;@23f2df40
221210 102358.540|INFO|Thread-2914|dumpPacket|   key: CATEGORY_LIST is: [Ledu.csus.ecs.pc2.core.model.Category; [Ledu.csus.ecs.pc2.core.model.Category;@ee381c2
221210 102358.540|INFO|Thread-2914|dumpPacket|   key: LANGUAGE_LIST is: [Ledu.csus.ecs.pc2.core.model.Language; [Ledu.csus.ecs.pc2.core.model.Language;@121bf968
221210 102358.540|INFO|Thread-2914|dumpPacket|   key: REMOTE_LOGGED_IN_USERS is: [Ledu.csus.ecs.pc2.core.model.ClientId; [Ledu.csus.ecs.pc2.core.model.ClientId;@76e0f94c
221210 102358.540|INFO|Thread-2914|dumpPacket|   key: CONTEST_TIME_LIST is: [Ledu.csus.ecs.pc2.core.model.ContestTime; [Ledu.csus.ecs.pc2.core.model.ContestTime;@43dd200f
221210 102358.540|INFO|Thread-2914|dumpPacket|   key: CONNECTION_HANDLE_ID_LIST is: [Ledu.csus.ecs.pc2.core.transport.ConnectionHandlerID; [Ledu.csus.ecs.pc2.core.transport.ConnectionHandlerID;@51a25427
221210 102358.540|INFO|Thread-2914|dumpPacket|   key: PROFILE is: edu.csus.ecs.pc2.core.model.Profile DryRun--5544400451244233091
221210 102358.540|INFO|Thread-2914|dumpPacket|   key: CLIENT_ID is: edu.csus.ecs.pc2.core.model.ClientId TEAM65 @ site 1
221210 102358.540|INFO|Thread-2914|dumpPacket|   key: SITE_NUMBER is: java.lang.Integer 1
221210 102358.540|INFO|Thread-2914|dumpPacket|   key: CONTEST_INFORMATION is: edu.csus.ecs.pc2.core.model.ContestInformation edu.csus.ecs.pc2.core.model.ContestInformation@1cbf27c2
221210 102358.540|INFO|Thread-2914|dumpPacket|   key: SITE_LIST is: [Ledu.csus.ecs.pc2.core.model.Site; [Ledu.csus.ecs.pc2.core.model.Site;@6de49780
221210 102358.540|INFO|Thread-2914|dumpPacket|   key: PROBLEM_DATA_FILES is: [Ledu.csus.ecs.pc2.core.model.ProblemDataFiles; [Ledu.csus.ecs.pc2.core.model.ProblemDataFiles;@47931f6b
221210 102358.540|INFO|Thread-2914|dumpPacket|   key: JUDGEMENT_LIST is: [Ledu.csus.ecs.pc2.core.model.Judgement; [Ledu.csus.ecs.pc2.core.model.Judgement;@45368d2
221210 102358.540|INFO|Thread-2914|dumpPacket|   key: PROBLEM_LIST is: [Ledu.csus.ecs.pc2.core.model.Problem; [Ledu.csus.ecs.pc2.core.model.Problem;@6137dead
221210 102358.540|INFO|Thread-2914|dumpPacket|   key: GROUP_LIST is: [Ledu.csus.ecs.pc2.core.model.Group; [Ledu.csus.ecs.pc2.core.model.Group;@28260d9c
221210 102358.540|INFO|Thread-2914|dumpPacket|   key: LOCAL_LOGGED_IN_USERS is: [Ledu.csus.ecs.pc2.core.model.ClientId; [Ledu.csus.ecs.pc2.core.model.ClientId;@771137b4
221210 102358.540|INFO|Thread-2914|dumpPacket|   key: SERVER_CLOCK_OFFSET is: java.util.GregorianCalendar java.util.GregorianCalendar[time=1670689438536,areFieldsSet=true,areAllFieldsSet=false,lenient=true,zone=sun.util.calendar.ZoneInfo[id="GMT",offset=0,dstSavings=0,useDaylight=false,transitions=0,lastRule=null],firstDayOfWeek=1,minimalDaysInFirstWeek=1,ERA=1,YEAR=2022,MONTH=11,WEEK_OF_YEAR=50,WEEK_OF_MONTH=2,DAY_OF_MONTH=10,DAY_OF_YEAR=344,DAY_OF_WEEK=7,DAY_OF_WEEK_IN_MONTH=2,AM_PM=1,HOUR=4,HOUR_OF_DAY=16,MINUTE=23,SECOND=58,MILLISECOND=536,ZONE_OFFSET=0,DST_OFFSET=0]
221210 102358.540|INFO|Thread-2914|dumpPacket|   key: CONTEST_IDENTIFIER is: java.lang.String DryRun--5544400451244233091
221210 102358.540|INFO|Thread-2914|dumpPacket|   key: BALLOON_SETTINGS_LIST is: [Ledu.csus.ecs.pc2.core.model.BalloonSettings; [Ledu.csus.ecs.pc2.core.model.BalloonSettings;@689bc47c
221210 102358.540|INFO|Thread-2914|dumpPacket|   key: RUN_LIST is: [Ledu.csus.ecs.pc2.core.model.Run; [Ledu.csus.ecs.pc2.core.model.Run;@3706bd74
221210 102358.540|INFO|Thread-2914|dumpPacket|   key: ACCOUNT_ARRAY is: [Ledu.csus.ecs.pc2.core.model.Account; [Ledu.csus.ecs.pc2.core.model.Account;@2fd41ce5
221210 102358.540|INFO|Thread-2914|info|handlePacket start Packet[LOGIN_SUCCESS] #2589 SERVER0 @ site 1 -> TEAM65 @ site 1
221210 102358.540|INFO|Thread-2914|dumpPacket|Packet LOGIN_SUCCESS (Seq #2589, o#2589 ) handlePacket
221210 102358.540|INFO|Thread-2914|dumpPacket|  From: SERVER0 @ site 1, oSERVER0 @ site 1 (DESKTOP-D75BQTV @ 212.212.212.212) (Contest Id: DryRun--5544400451244233091)
221210 102358.540|INFO|Thread-2914|dumpPacket|    To: TEAM65 @ site 1
221210 102358.540|INFO|Thread-2914|dumpPacket|   key: PROFILE_LIST is: [Ledu.csus.ecs.pc2.core.model.Profile; [Ledu.csus.ecs.pc2.core.model.Profile;@6c08268a
221210 102358.540|INFO|Thread-2914|dumpPacket|   key: GENERAL_PROBLEM is: edu.csus.ecs.pc2.core.model.Problem General
221210 102358.540|INFO|Thread-2914|dumpPacket|   key: CLIENT_SETTINGS_LIST is: [Ledu.csus.ecs.pc2.core.model.ClientSettings; [Ledu.csus.ecs.pc2.core.model.ClientSettings;@62cfd57b
221210 102358.540|INFO|Thread-2914|dumpPacket|   key: CONTEST_TIME is: edu.csus.ecs.pc2.core.model.ContestTime edu.csus.ecs.pc2.core.model.ContestTime@66f04dfa
221210 102358.540|INFO|Thread-2914|dumpPacket|   key: CLARIFICATION_LIST is: [Ledu.csus.ecs.pc2.core.model.Clarification; [Ledu.csus.ecs.pc2.core.model.Clarification;@23f2df40
221210 102358.540|INFO|Thread-2914|dumpPacket|   key: CATEGORY_LIST is: [Ledu.csus.ecs.pc2.core.model.Category; [Ledu.csus.ecs.pc2.core.model.Category;@ee381c2
221210 102358.540|INFO|Thread-2914|dumpPacket|   key: LANGUAGE_LIST is: [Ledu.csus.ecs.pc2.core.model.Language; [Ledu.csus.ecs.pc2.core.model.Language;@121bf968
221210 102358.540|INFO|Thread-2914|dumpPacket|   key: REMOTE_LOGGED_IN_USERS is: [Ledu.csus.ecs.pc2.core.model.ClientId; [Ledu.csus.ecs.pc2.core.model.ClientId;@76e0f94c
221210 102358.540|INFO|Thread-2914|dumpPacket|   key: CONTEST_TIME_LIST is: [Ledu.csus.ecs.pc2.core.model.ContestTime; [Ledu.csus.ecs.pc2.core.model.ContestTime;@43dd200f
221210 102358.540|INFO|Thread-2914|dumpPacket|   key: CONNECTION_HANDLE_ID_LIST is: [Ledu.csus.ecs.pc2.core.transport.ConnectionHandlerID; [Ledu.csus.ecs.pc2.core.transport.ConnectionHandlerID;@51a25427
221210 102358.540|INFO|Thread-2914|dumpPacket|   key: PROFILE is: edu.csus.ecs.pc2.core.model.Profile DryRun--5544400451244233091
221210 102358.540|INFO|Thread-2914|dumpPacket|   key: CLIENT_ID is: edu.csus.ecs.pc2.core.model.ClientId TEAM65 @ site 1
221210 102358.540|INFO|Thread-2914|dumpPacket|   key: SITE_NUMBER is: java.lang.Integer 1
221210 102358.540|INFO|Thread-2914|dumpPacket|   key: CONTEST_INFORMATION is: edu.csus.ecs.pc2.core.model.ContestInformation edu.csus.ecs.pc2.core.model.ContestInformation@1cbf27c2
221210 102358.540|INFO|Thread-2914|dumpPacket|   key: SITE_LIST is: [Ledu.csus.ecs.pc2.core.model.Site; [Ledu.csus.ecs.pc2.core.model.Site;@6de49780
221210 102358.540|INFO|Thread-2914|dumpPacket|   key: PROBLEM_DATA_FILES is: [Ledu.csus.ecs.pc2.core.model.ProblemDataFiles; [Ledu.csus.ecs.pc2.core.model.ProblemDataFiles;@47931f6b
221210 102358.540|INFO|Thread-2914|dumpPacket|   key: JUDGEMENT_LIST is: [Ledu.csus.ecs.pc2.core.model.Judgement; [Ledu.csus.ecs.pc2.core.model.Judgement;@45368d2
221210 102358.540|INFO|Thread-2914|dumpPacket|   key: PROBLEM_LIST is: [Ledu.csus.ecs.pc2.core.model.Problem; [Ledu.csus.ecs.pc2.core.model.Problem;@6137dead
221210 102358.540|INFO|Thread-2914|dumpPacket|   key: GROUP_LIST is: [Ledu.csus.ecs.pc2.core.model.Group; [Ledu.csus.ecs.pc2.core.model.Group;@28260d9c
221210 102358.540|INFO|Thread-2914|dumpPacket|   key: LOCAL_LOGGED_IN_USERS is: [Ledu.csus.ecs.pc2.core.model.ClientId; [Ledu.csus.ecs.pc2.core.model.ClientId;@771137b4
221210 102358.540|INFO|Thread-2914|dumpPacket|   key: SERVER_CLOCK_OFFSET is: java.util.GregorianCalendar java.util.GregorianCalendar[time=1670689438536,areFieldsSet=true,areAllFieldsSet=false,lenient=true,zone=sun.util.calendar.ZoneInfo[id="GMT",offset=0,dstSavings=0,useDaylight=false,transitions=0,lastRule=null],firstDayOfWeek=1,minimalDaysInFirstWeek=1,ERA=1,YEAR=2022,MONTH=11,WEEK_OF_YEAR=50,WEEK_OF_MONTH=2,DAY_OF_MONTH=10,DAY_OF_YEAR=344,DAY_OF_WEEK=7,DAY_OF_WEEK_IN_MONTH=2,AM_PM=1,HOUR=4,HOUR_OF_DAY=16,MINUTE=23,SECOND=58,MILLISECOND=536,ZONE_OFFSET=0,DST_OFFSET=0]
221210 102358.540|INFO|Thread-2914|dumpPacket|   key: CONTEST_IDENTIFIER is: java.lang.String DryRun--5544400451244233091
221210 102358.540|INFO|Thread-2914|dumpPacket|   key: BALLOON_SETTINGS_LIST is: [Ledu.csus.ecs.pc2.core.model.BalloonSettings; [Ledu.csus.ecs.pc2.core.model.BalloonSettings;@689bc47c
221210 102358.540|INFO|Thread-2914|dumpPacket|   key: RUN_LIST is: [Ledu.csus.ecs.pc2.core.model.Run; [Ledu.csus.ecs.pc2.core.model.Run;@3706bd74
221210 102358.540|INFO|Thread-2914|dumpPacket|   key: ACCOUNT_ARRAY is: [Ledu.csus.ecs.pc2.core.model.Account; [Ledu.csus.ecs.pc2.core.model.Account;@2fd41ce5
221210 103056.917|INFO|Thread-2912|receive|public void receive(SealedObject TransportPacket, ConnectionHandlerID connectionHandlerID)
221210 150258.320|INFO|Thread-2912|connectionDropped|connectionDropped(ConnectionHandlerID myConnectionID) 
231209 103800.873|CONFIG|qtp135640095-46322|setFileHandlers|Now logging to C:\Users\18328\Desktop\pc2\WebTeamInterface-1.1\logs directory.
231209 103800.874|INFO|qtp135640095-46322|info|
231209 103800.874|INFO|qtp135640095-46322|info|Version 9 () Java ver 18.0.2.1 build  Windows 11 10.0 (amd64) 
231209 103800.874|INFO|qtp135640095-46322|info|Login: team65 (aka team65)
231209 103800.874|INFO|qtp135640095-46322|startLog|Working directory is C:\Users\18328\Desktop\pc2\WebTeamInterface-1.1
231209 103800.874|INFO|qtp135640095-46322|startLog|Process id is 15028@DESKTOP-D75BQTV
231209 103800.874|INFO|qtp135640095-46322|info|Contacting server at localhost:50002 as TEAM65 @ site 0
231209 103800.877|INFO|qtp135640095-46322|info|sendLoginRequest start - sending from TEAM65 @ site 0
231209 103800.877|INFO|qtp135640095-46322|sendToLocalServer|Sending packet to server Packet[LOGIN_REQUEST] #587 TEAM65 @ site 0 -> SERVER0 @ site 0
231209 103800.877|INFO|qtp135640095-46322|sendToLocalServer|Sent    packet to server Packet[LOGIN_REQUEST] #587 TEAM65 @ site 0 -> SERVER0 @ site 0
231209 103800.877|INFO|qtp135640095-46322|info|sendLoginRequest end - packet sent.
231209 103800.877|INFO|Thread-49234|run|send(Serializable)
231209 103800.892|INFO|Thread-49233|receive|public void receive(SealedObject TransportPacket, ConnectionHandlerID connectionHandlerID)
231209 103800.897|INFO|Thread-49235|info| receiveObject(S) start got Packet[LOGIN_SUCCESS] #3369 SERVER0 @ site 1 -> TEAM65 @ site 1
231209 103800.897|INFO|Thread-49235|dumpPacket|Packet LOGIN_SUCCESS (Seq #3369, o#3369 ) recieveObject
231209 103800.897|INFO|Thread-49235|dumpPacket|  From: SERVER0 @ site 1, oSERVER0 @ site 1 (DESKTOP-D75BQTV @ 212.212.212.212) (Contest Id: RealDeal--1957769244132597914)
231209 103800.897|INFO|Thread-49235|dumpPacket|    To: TEAM65 @ site 1
231209 103800.897|INFO|Thread-49235|dumpPacket|   key: PROFILE_LIST is: [Ledu.csus.ecs.pc2.core.model.Profile; [Ledu.csus.ecs.pc2.core.model.Profile;@33801697
231209 103800.897|INFO|Thread-49235|dumpPacket|   key: GENERAL_PROBLEM is: edu.csus.ecs.pc2.core.model.Problem General
231209 103800.897|INFO|Thread-49235|dumpPacket|   key: CLIENT_SETTINGS_LIST is: [Ledu.csus.ecs.pc2.core.model.ClientSettings; [Ledu.csus.ecs.pc2.core.model.ClientSettings;@3d47ee97
231209 103800.897|INFO|Thread-49235|dumpPacket|   key: CONTEST_TIME is: edu.csus.ecs.pc2.core.model.ContestTime edu.csus.ecs.pc2.core.model.ContestTime@39787de7
231209 103800.897|INFO|Thread-49235|dumpPacket|   key: CLARIFICATION_LIST is: [Ledu.csus.ecs.pc2.core.model.Clarification; [Ledu.csus.ecs.pc2.core.model.Clarification;@7c7ae4ac
231209 103800.897|INFO|Thread-49235|dumpPacket|   key: CATEGORY_LIST is: [Ledu.csus.ecs.pc2.core.model.Category; [Ledu.csus.ecs.pc2.core.model.Category;@4f7d611a
231209 103800.897|INFO|Thread-49235|dumpPacket|   key: LANGUAGE_LIST is: [Ledu.csus.ecs.pc2.core.model.Language; [Ledu.csus.ecs.pc2.core.model.Language;@4dcc1d34
231209 103800.897|INFO|Thread-49235|dumpPacket|   key: REMOTE_LOGGED_IN_USERS is: [Ledu.csus.ecs.pc2.core.model.ClientId; [Ledu.csus.ecs.pc2.core.model.ClientId;@3721c62f
231209 103800.897|INFO|Thread-49235|dumpPacket|   key: CONTEST_TIME_LIST is: [Ledu.csus.ecs.pc2.core.model.ContestTime; [Ledu.csus.ecs.pc2.core.model.ContestTime;@1c551be3
231209 103800.897|INFO|Thread-49235|dumpPacket|   key: CONNECTION_HANDLE_ID_LIST is: [Ledu.csus.ecs.pc2.core.transport.ConnectionHandlerID; [Ledu.csus.ecs.pc2.core.transport.ConnectionHandlerID;@3804dcc2
231209 103800.897|INFO|Thread-49235|dumpPacket|   key: PROFILE is: edu.csus.ecs.pc2.core.model.Profile RealDeal--1957769244132597914
231209 103800.897|INFO|Thread-49235|dumpPacket|   key: CLIENT_ID is: edu.csus.ecs.pc2.core.model.ClientId TEAM65 @ site 1
231209 103800.897|INFO|Thread-49235|dumpPacket|   key: SITE_NUMBER is: java.lang.Integer 1
231209 103800.897|INFO|Thread-49235|dumpPacket|   key: CONTEST_INFORMATION is: edu.csus.ecs.pc2.core.model.ContestInformation edu.csus.ecs.pc2.core.model.ContestInformation@150c434b
231209 103800.897|INFO|Thread-49235|dumpPacket|   key: SITE_LIST is: [Ledu.csus.ecs.pc2.core.model.Site; [Ledu.csus.ecs.pc2.core.model.Site;@2c25ef7b
231209 103800.897|INFO|Thread-49235|dumpPacket|   key: PROBLEM_DATA_FILES is: [Ledu.csus.ecs.pc2.core.model.ProblemDataFiles; [Ledu.csus.ecs.pc2.core.model.ProblemDataFiles;@181b631f
231209 103800.897|INFO|Thread-49235|dumpPacket|   key: JUDGEMENT_LIST is: [Ledu.csus.ecs.pc2.core.model.Judgement; [Ledu.csus.ecs.pc2.core.model.Judgement;@6e75e12
231209 103800.897|INFO|Thread-49235|dumpPacket|   key: PROBLEM_LIST is: [Ledu.csus.ecs.pc2.core.model.Problem; [Ledu.csus.ecs.pc2.core.model.Problem;@7186439e
231209 103800.897|INFO|Thread-49235|dumpPacket|   key: GROUP_LIST is: [Ledu.csus.ecs.pc2.core.model.Group; [Ledu.csus.ecs.pc2.core.model.Group;@72db34e2
231209 103800.897|INFO|Thread-49235|dumpPacket|   key: LOCAL_LOGGED_IN_USERS is: [Ledu.csus.ecs.pc2.core.model.ClientId; [Ledu.csus.ecs.pc2.core.model.ClientId;@319bb23d
231209 103800.897|INFO|Thread-49235|dumpPacket|   key: SERVER_CLOCK_OFFSET is: java.util.GregorianCalendar java.util.GregorianCalendar[time=1702139880885,areFieldsSet=true,areAllFieldsSet=false,lenient=true,zone=sun.util.calendar.ZoneInfo[id="GMT",offset=0,dstSavings=0,useDaylight=false,transitions=0,lastRule=null],firstDayOfWeek=1,minimalDaysInFirstWeek=1,ERA=1,YEAR=2023,MONTH=11,WEEK_OF_YEAR=49,WEEK_OF_MONTH=2,DAY_OF_MONTH=9,DAY_OF_YEAR=343,DAY_OF_WEEK=7,DAY_OF_WEEK_IN_MONTH=2,AM_PM=1,HOUR=4,HOUR_OF_DAY=16,MINUTE=38,SECOND=0,MILLISECOND=885,ZONE_OFFSET=0,DST_OFFSET=0]
231209 103800.897|INFO|Thread-49235|dumpPacket|   key: CONTEST_IDENTIFIER is: java.lang.String RealDeal--1957769244132597914
231209 103800.897|INFO|Thread-49235|dumpPacket|   key: BALLOON_SETTINGS_LIST is: [Ledu.csus.ecs.pc2.core.model.BalloonSettings; [Ledu.csus.ecs.pc2.core.model.BalloonSettings;@d307dd2
231209 103800.897|INFO|Thread-49235|dumpPacket|   key: RUN_LIST is: [Ledu.csus.ecs.pc2.core.model.Run; [Ledu.csus.ecs.pc2.core.model.Run;@4e695559
231209 103800.897|INFO|Thread-49235|dumpPacket|   key: ACCOUNT_ARRAY is: [Ledu.csus.ecs.pc2.core.model.Account; [Ledu.csus.ecs.pc2.core.model.Account;@653e1452
231209 103800.897|INFO|Thread-49235|info|handlePacket start Packet[LOGIN_SUCCESS] #3369 SERVER0 @ site 1 -> TEAM65 @ site 1
231209 103800.897|INFO|Thread-49235|dumpPacket|Packet LOGIN_SUCCESS (Seq #3369, o#3369 ) handlePacket
231209 103800.897|INFO|Thread-49235|dumpPacket|  From: SERVER0 @ site 1, oSERVER0 @ site 1 (DESKTOP-D75BQTV @ 212.212.212.212) (Contest Id: RealDeal--1957769244132597914)
231209 103800.897|INFO|Thread-49235|dumpPacket|    To: TEAM65 @ site 1
231209 103800.900|INFO|Thread-49235|dumpPacket|   key: PROFILE_LIST is: [Ledu.csus.ecs.pc2.core.model.Profile; [Ledu.csus.ecs.pc2.core.model.Profile;@33801697
231209 103800.900|INFO|Thread-49235|dumpPacket|   key: GENERAL_PROBLEM is: edu.csus.ecs.pc2.core.model.Problem General
231209 103800.900|INFO|Thread-49235|dumpPacket|   key: CLIENT_SETTINGS_LIST is: [Ledu.csus.ecs.pc2.core.model.ClientSettings; [Ledu.csus.ecs.pc2.core.model.ClientSettings;@3d47ee97
231209 103800.900|INFO|Thread-49235|dumpPacket|   key: CONTEST_TIME is: edu.csus.ecs.pc2.core.model.ContestTime edu.csus.ecs.pc2.core.model.ContestTime@39787de7
231209 103800.900|INFO|Thread-49235|dumpPacket|   key: CLARIFICATION_LIST is: [Ledu.csus.ecs.pc2.core.model.Clarification; [Ledu.csus.ecs.pc2.core.model.Clarification;@7c7ae4ac
231209 103800.900|INFO|Thread-49235|dumpPacket|   key: CATEGORY_LIST is: [Ledu.csus.ecs.pc2.core.model.Category; [Ledu.csus.ecs.pc2.core.model.Category;@4f7d611a
231209 103800.900|INFO|Thread-49235|dumpPacket|   key: LANGUAGE_LIST is: [Ledu.csus.ecs.pc2.core.model.Language; [Ledu.csus.ecs.pc2.core.model.Language;@4dcc1d34
231209 103800.900|INFO|Thread-49235|dumpPacket|   key: REMOTE_LOGGED_IN_USERS is: [Ledu.csus.ecs.pc2.core.model.ClientId; [Ledu.csus.ecs.pc2.core.model.ClientId;@3721c62f
231209 103800.900|INFO|Thread-49235|dumpPacket|   key: CONTEST_TIME_LIST is: [Ledu.csus.ecs.pc2.core.model.ContestTime; [Ledu.csus.ecs.pc2.core.model.ContestTime;@1c551be3
231209 103800.900|INFO|Thread-49235|dumpPacket|   key: CONNECTION_HANDLE_ID_LIST is: [Ledu.csus.ecs.pc2.core.transport.ConnectionHandlerID; [Ledu.csus.ecs.pc2.core.transport.ConnectionHandlerID;@3804dcc2
231209 103800.900|INFO|Thread-49235|dumpPacket|   key: PROFILE is: edu.csus.ecs.pc2.core.model.Profile RealDeal--1957769244132597914
231209 103800.900|INFO|Thread-49235|dumpPacket|   key: CLIENT_ID is: edu.csus.ecs.pc2.core.model.ClientId TEAM65 @ site 1
231209 103800.900|INFO|Thread-49235|dumpPacket|   key: SITE_NUMBER is: java.lang.Integer 1
231209 103800.900|INFO|Thread-49235|dumpPacket|   key: CONTEST_INFORMATION is: edu.csus.ecs.pc2.core.model.ContestInformation edu.csus.ecs.pc2.core.model.ContestInformation@150c434b
231209 103800.900|INFO|Thread-49235|dumpPacket|   key: SITE_LIST is: [Ledu.csus.ecs.pc2.core.model.Site; [Ledu.csus.ecs.pc2.core.model.Site;@2c25ef7b
231209 103800.900|INFO|Thread-49235|dumpPacket|   key: PROBLEM_DATA_FILES is: [Ledu.csus.ecs.pc2.core.model.ProblemDataFiles; [Ledu.csus.ecs.pc2.core.model.ProblemDataFiles;@181b631f
231209 103800.900|INFO|Thread-49235|dumpPacket|   key: JUDGEMENT_LIST is: [Ledu.csus.ecs.pc2.core.model.Judgement; [Ledu.csus.ecs.pc2.core.model.Judgement;@6e75e12
231209 103800.900|INFO|Thread-49235|dumpPacket|   key: PROBLEM_LIST is: [Ledu.csus.ecs.pc2.core.model.Problem; [Ledu.csus.ecs.pc2.core.model.Problem;@7186439e
231209 103800.900|INFO|Thread-49235|dumpPacket|   key: GROUP_LIST is: [Ledu.csus.ecs.pc2.core.model.Group; [Ledu.csus.ecs.pc2.core.model.Group;@72db34e2
231209 103800.900|INFO|Thread-49235|dumpPacket|   key: LOCAL_LOGGED_IN_USERS is: [Ledu.csus.ecs.pc2.core.model.ClientId; [Ledu.csus.ecs.pc2.core.model.ClientId;@319bb23d
231209 103800.900|INFO|Thread-49235|dumpPacket|   key: SERVER_CLOCK_OFFSET is: java.util.GregorianCalendar java.util.GregorianCalendar[time=1702139880885,areFieldsSet=true,areAllFieldsSet=false,lenient=true,zone=sun.util.calendar.ZoneInfo[id="GMT",offset=0,dstSavings=0,useDaylight=false,transitions=0,lastRule=null],firstDayOfWeek=1,minimalDaysInFirstWeek=1,ERA=1,YEAR=2023,MONTH=11,WEEK_OF_YEAR=49,WEEK_OF_MONTH=2,DAY_OF_MONTH=9,DAY_OF_YEAR=343,DAY_OF_WEEK=7,DAY_OF_WEEK_IN_MONTH=2,AM_PM=1,HOUR=4,HOUR_OF_DAY=16,MINUTE=38,SECOND=0,MILLISECOND=885,ZONE_OFFSET=0,DST_OFFSET=0]
231209 103800.900|INFO|Thread-49235|dumpPacket|   key: CONTEST_IDENTIFIER is: java.lang.String RealDeal--1957769244132597914
231209 103800.900|INFO|Thread-49235|dumpPacket|   key: BALLOON_SETTINGS_LIST is: [Ledu.csus.ecs.pc2.core.model.BalloonSettings; [Ledu.csus.ecs.pc2.core.model.BalloonSettings;@d307dd2
231209 103800.900|INFO|Thread-49235|dumpPacket|   key: RUN_LIST is: [Ledu.csus.ecs.pc2.core.model.Run; [Ledu.csus.ecs.pc2.core.model.Run;@4e695559
231209 103800.900|INFO|Thread-49235|dumpPacket|   key: ACCOUNT_ARRAY is: [Ledu.csus.ecs.pc2.core.model.Account; [Ledu.csus.ecs.pc2.core.model.Account;@653e1452
231209 103947.579|INFO|Thread-49233|connectionDropped|connectionDropped(ConnectionHandlerID myConnectionID) 
