221210 101028.771|CONFIG|qtp1613095350-23|setFileHandlers|Now logging to C:\Users\18328\Desktop\pc2\WebTeamInterface-1.1\logs directory.
221210 101028.771|INFO|qtp1613095350-23|info|
221210 101028.771|INFO|qtp1613095350-23|info|Version 9 () Java ver 18.0.2.1 build  Windows 11 10.0 (amd64) 
221210 101028.771|INFO|qtp1613095350-23|info|Login: team11 (aka team11)
221210 101028.772|INFO|qtp1613095350-23|startLog|Working directory is C:\Users\18328\Desktop\pc2\WebTeamInterface-1.1
221210 101028.772|INFO|qtp1613095350-23|startLog|Process id is 22344@DESKTOP-D75BQTV
221210 101028.772|INFO|qtp1613095350-23|info|Contacting server at 212.212.212.212:50002 as TEAM11 @ site 0
221210 101028.772|INFO|qtp1613095350-23|info|sendLoginRequest start - sending from TEAM11 @ site 0
221210 101028.772|INFO|qtp1613095350-23|sendToLocalServer|Sending packet to server Packet[LOGIN_REQUEST] #64 TEAM11 @ site 0 -> SERVER0 @ site 0
221210 101028.772|INFO|qtp1613095350-23|sendToLocalServer|Sent    packet to server Packet[LOGIN_REQUEST] #64 TEAM11 @ site 0 -> SERVER0 @ site 0
221210 101028.772|INFO|qtp1613095350-23|info|sendLoginRequest end - packet sent.
221210 101028.772|INFO|Thread-476|run|send(Serializable)
221210 101028.777|INFO|Thread-475|receive|public void receive(SealedObject TransportPacket, ConnectionHandlerID connectionHandlerID)
221210 101028.779|INFO|Thread-477|info| receiveObject(S) start got Packet[LOGIN_SUCCESS] #2243 SERVER0 @ site 1 -> TEAM11 @ site 1
221210 101028.779|INFO|Thread-477|dumpPacket|Packet LOGIN_SUCCESS (Seq #2243, o#2243 ) recieveObject
221210 101028.779|INFO|Thread-477|dumpPacket|  From: SERVER0 @ site 1, oSERVER0 @ site 1 (DESKTOP-D75BQTV @ 212.212.212.212) (Contest Id: DryRun--5544400451244233091)
221210 101028.779|INFO|Thread-477|dumpPacket|    To: TEAM11 @ site 1
221210 101028.779|INFO|Thread-477|dumpPacket|   key: PROFILE_LIST is: [Ledu.csus.ecs.pc2.core.model.Profile; [Ledu.csus.ecs.pc2.core.model.Profile;@592709d5
221210 101028.779|INFO|Thread-477|dumpPacket|   key: GENERAL_PROBLEM is: edu.csus.ecs.pc2.core.model.Problem General
221210 101028.779|INFO|Thread-477|dumpPacket|   key: CLIENT_SETTINGS_LIST is: [Ledu.csus.ecs.pc2.core.model.ClientSettings; [Ledu.csus.ecs.pc2.core.model.ClientSettings;@57e0ec81
221210 101028.779|INFO|Thread-477|dumpPacket|   key: CONTEST_TIME is: edu.csus.ecs.pc2.core.model.ContestTime edu.csus.ecs.pc2.core.model.ContestTime@53df62a5
221210 101028.779|INFO|Thread-477|dumpPacket|   key: CLARIFICATION_LIST is: [Ledu.csus.ecs.pc2.core.model.Clarification; [Ledu.csus.ecs.pc2.core.model.Clarification;@16dde6ba
221210 101028.779|INFO|Thread-477|dumpPacket|   key: CATEGORY_LIST is: [Ledu.csus.ecs.pc2.core.model.Category; [Ledu.csus.ecs.pc2.core.model.Category;@77552c15
221210 101028.779|INFO|Thread-477|dumpPacket|   key: LANGUAGE_LIST is: [Ledu.csus.ecs.pc2.core.model.Language; [Ledu.csus.ecs.pc2.core.model.Language;@2781529a
221210 101028.779|INFO|Thread-477|dumpPacket|   key: REMOTE_LOGGED_IN_USERS is: [Ledu.csus.ecs.pc2.core.model.ClientId; [Ledu.csus.ecs.pc2.core.model.ClientId;@fe3c685
221210 101028.779|INFO|Thread-477|dumpPacket|   key: CONTEST_TIME_LIST is: [Ledu.csus.ecs.pc2.core.model.ContestTime; [Ledu.csus.ecs.pc2.core.model.ContestTime;@76f219f5
221210 101028.779|INFO|Thread-477|dumpPacket|   key: CONNECTION_HANDLE_ID_LIST is: [Ledu.csus.ecs.pc2.core.transport.ConnectionHandlerID; [Ledu.csus.ecs.pc2.core.transport.ConnectionHandlerID;@2899b6ba
221210 101028.779|INFO|Thread-477|dumpPacket|   key: PROFILE is: edu.csus.ecs.pc2.core.model.Profile DryRun--5544400451244233091
221210 101028.779|INFO|Thread-477|dumpPacket|   key: CLIENT_ID is: edu.csus.ecs.pc2.core.model.ClientId TEAM11 @ site 1
221210 101028.779|INFO|Thread-477|dumpPacket|   key: SITE_NUMBER is: java.lang.Integer 1
221210 101028.779|INFO|Thread-477|dumpPacket|   key: CONTEST_INFORMATION is: edu.csus.ecs.pc2.core.model.ContestInformation edu.csus.ecs.pc2.core.model.ContestInformation@52134b1
221210 101028.779|INFO|Thread-477|dumpPacket|   key: SITE_LIST is: [Ledu.csus.ecs.pc2.core.model.Site; [Ledu.csus.ecs.pc2.core.model.Site;@14e70d7e
221210 101028.779|INFO|Thread-477|dumpPacket|   key: PROBLEM_DATA_FILES is: [Ledu.csus.ecs.pc2.core.model.ProblemDataFiles; [Ledu.csus.ecs.pc2.core.model.ProblemDataFiles;@72bc83a6
221210 101028.779|INFO|Thread-477|dumpPacket|   key: JUDGEMENT_LIST is: [Ledu.csus.ecs.pc2.core.model.Judgement; [Ledu.csus.ecs.pc2.core.model.Judgement;@17f5c72d
221210 101028.779|INFO|Thread-477|dumpPacket|   key: PROBLEM_LIST is: [Ledu.csus.ecs.pc2.core.model.Problem; [Ledu.csus.ecs.pc2.core.model.Problem;@1b7dfdde
221210 101028.779|INFO|Thread-477|dumpPacket|   key: GROUP_LIST is: [Ledu.csus.ecs.pc2.core.model.Group; [Ledu.csus.ecs.pc2.core.model.Group;@37dd8f32
221210 101028.779|INFO|Thread-477|dumpPacket|   key: LOCAL_LOGGED_IN_USERS is: [Ledu.csus.ecs.pc2.core.model.ClientId; [Ledu.csus.ecs.pc2.core.model.ClientId;@21ea9bdc
221210 101028.779|INFO|Thread-477|dumpPacket|   key: SERVER_CLOCK_OFFSET is: java.util.GregorianCalendar java.util.GregorianCalendar[time=1670688628775,areFieldsSet=true,areAllFieldsSet=false,lenient=true,zone=sun.util.calendar.ZoneInfo[id="GMT",offset=0,dstSavings=0,useDaylight=false,transitions=0,lastRule=null],firstDayOfWeek=1,minimalDaysInFirstWeek=1,ERA=1,YEAR=2022,MONTH=11,WEEK_OF_YEAR=50,WEEK_OF_MONTH=2,DAY_OF_MONTH=10,DAY_OF_YEAR=344,DAY_OF_WEEK=7,DAY_OF_WEEK_IN_MONTH=2,AM_PM=1,HOUR=4,HOUR_OF_DAY=16,MINUTE=10,SECOND=28,MILLISECOND=775,ZONE_OFFSET=0,DST_OFFSET=0]
221210 101028.779|INFO|Thread-477|dumpPacket|   key: CONTEST_IDENTIFIER is: java.lang.String DryRun--5544400451244233091
221210 101028.779|INFO|Thread-477|dumpPacket|   key: BALLOON_SETTINGS_LIST is: [Ledu.csus.ecs.pc2.core.model.BalloonSettings; [Ledu.csus.ecs.pc2.core.model.BalloonSettings;@189fec63
221210 101028.779|INFO|Thread-477|dumpPacket|   key: RUN_LIST is: [Ledu.csus.ecs.pc2.core.model.Run; [Ledu.csus.ecs.pc2.core.model.Run;@6cf871a3
221210 101028.779|INFO|Thread-477|dumpPacket|   key: ACCOUNT_ARRAY is: [Ledu.csus.ecs.pc2.core.model.Account; [Ledu.csus.ecs.pc2.core.model.Account;@3787d711
221210 101028.779|INFO|Thread-477|info|handlePacket start Packet[LOGIN_SUCCESS] #2243 SERVER0 @ site 1 -> TEAM11 @ site 1
221210 101028.779|INFO|Thread-477|dumpPacket|Packet LOGIN_SUCCESS (Seq #2243, o#2243 ) handlePacket
221210 101028.779|INFO|Thread-477|dumpPacket|  From: SERVER0 @ site 1, oSERVER0 @ site 1 (DESKTOP-D75BQTV @ 212.212.212.212) (Contest Id: DryRun--5544400451244233091)
221210 101028.779|INFO|Thread-477|dumpPacket|    To: TEAM11 @ site 1
221210 101028.779|INFO|Thread-477|dumpPacket|   key: PROFILE_LIST is: [Ledu.csus.ecs.pc2.core.model.Profile; [Ledu.csus.ecs.pc2.core.model.Profile;@592709d5
221210 101028.779|INFO|Thread-477|dumpPacket|   key: GENERAL_PROBLEM is: edu.csus.ecs.pc2.core.model.Problem General
221210 101028.779|INFO|Thread-477|dumpPacket|   key: CLIENT_SETTINGS_LIST is: [Ledu.csus.ecs.pc2.core.model.ClientSettings; [Ledu.csus.ecs.pc2.core.model.ClientSettings;@57e0ec81
221210 101028.779|INFO|Thread-477|dumpPacket|   key: CONTEST_TIME is: edu.csus.ecs.pc2.core.model.ContestTime edu.csus.ecs.pc2.core.model.ContestTime@53df62a5
221210 101028.779|INFO|Thread-477|dumpPacket|   key: CLARIFICATION_LIST is: [Ledu.csus.ecs.pc2.core.model.Clarification; [Ledu.csus.ecs.pc2.core.model.Clarification;@16dde6ba
221210 101028.779|INFO|Thread-477|dumpPacket|   key: CATEGORY_LIST is: [Ledu.csus.ecs.pc2.core.model.Category; [Ledu.csus.ecs.pc2.core.model.Category;@77552c15
221210 101028.779|INFO|Thread-477|dumpPacket|   key: LANGUAGE_LIST is: [Ledu.csus.ecs.pc2.core.model.Language; [Ledu.csus.ecs.pc2.core.model.Language;@2781529a
221210 101028.779|INFO|Thread-477|dumpPacket|   key: REMOTE_LOGGED_IN_USERS is: [Ledu.csus.ecs.pc2.core.model.ClientId; [Ledu.csus.ecs.pc2.core.model.ClientId;@fe3c685
221210 101028.779|INFO|Thread-477|dumpPacket|   key: CONTEST_TIME_LIST is: [Ledu.csus.ecs.pc2.core.model.ContestTime; [Ledu.csus.ecs.pc2.core.model.ContestTime;@76f219f5
221210 101028.779|INFO|Thread-477|dumpPacket|   key: CONNECTION_HANDLE_ID_LIST is: [Ledu.csus.ecs.pc2.core.transport.ConnectionHandlerID; [Ledu.csus.ecs.pc2.core.transport.ConnectionHandlerID;@2899b6ba
221210 101028.780|INFO|Thread-477|dumpPacket|   key: PROFILE is: edu.csus.ecs.pc2.core.model.Profile DryRun--5544400451244233091
221210 101028.780|INFO|Thread-477|dumpPacket|   key: CLIENT_ID is: edu.csus.ecs.pc2.core.model.ClientId TEAM11 @ site 1
221210 101028.780|INFO|Thread-477|dumpPacket|   key: SITE_NUMBER is: java.lang.Integer 1
221210 101028.780|INFO|Thread-477|dumpPacket|   key: CONTEST_INFORMATION is: edu.csus.ecs.pc2.core.model.ContestInformation edu.csus.ecs.pc2.core.model.ContestInformation@52134b1
221210 101028.780|INFO|Thread-477|dumpPacket|   key: SITE_LIST is: [Ledu.csus.ecs.pc2.core.model.Site; [Ledu.csus.ecs.pc2.core.model.Site;@14e70d7e
221210 101028.780|INFO|Thread-477|dumpPacket|   key: PROBLEM_DATA_FILES is: [Ledu.csus.ecs.pc2.core.model.ProblemDataFiles; [Ledu.csus.ecs.pc2.core.model.ProblemDataFiles;@72bc83a6
221210 101028.780|INFO|Thread-477|dumpPacket|   key: JUDGEMENT_LIST is: [Ledu.csus.ecs.pc2.core.model.Judgement; [Ledu.csus.ecs.pc2.core.model.Judgement;@17f5c72d
221210 101028.780|INFO|Thread-477|dumpPacket|   key: PROBLEM_LIST is: [Ledu.csus.ecs.pc2.core.model.Problem; [Ledu.csus.ecs.pc2.core.model.Problem;@1b7dfdde
221210 101028.780|INFO|Thread-477|dumpPacket|   key: GROUP_LIST is: [Ledu.csus.ecs.pc2.core.model.Group; [Ledu.csus.ecs.pc2.core.model.Group;@37dd8f32
221210 101028.780|INFO|Thread-477|dumpPacket|   key: LOCAL_LOGGED_IN_USERS is: [Ledu.csus.ecs.pc2.core.model.ClientId; [Ledu.csus.ecs.pc2.core.model.ClientId;@21ea9bdc
221210 101028.780|INFO|Thread-477|dumpPacket|   key: SERVER_CLOCK_OFFSET is: java.util.GregorianCalendar java.util.GregorianCalendar[time=1670688628775,areFieldsSet=true,areAllFieldsSet=false,lenient=true,zone=sun.util.calendar.ZoneInfo[id="GMT",offset=0,dstSavings=0,useDaylight=false,transitions=0,lastRule=null],firstDayOfWeek=1,minimalDaysInFirstWeek=1,ERA=1,YEAR=2022,MONTH=11,WEEK_OF_YEAR=50,WEEK_OF_MONTH=2,DAY_OF_MONTH=10,DAY_OF_YEAR=344,DAY_OF_WEEK=7,DAY_OF_WEEK_IN_MONTH=2,AM_PM=1,HOUR=4,HOUR_OF_DAY=16,MINUTE=10,SECOND=28,MILLISECOND=775,ZONE_OFFSET=0,DST_OFFSET=0]
221210 101028.780|INFO|Thread-477|dumpPacket|   key: CONTEST_IDENTIFIER is: java.lang.String DryRun--5544400451244233091
221210 101028.780|INFO|Thread-477|dumpPacket|   key: BALLOON_SETTINGS_LIST is: [Ledu.csus.ecs.pc2.core.model.BalloonSettings; [Ledu.csus.ecs.pc2.core.model.BalloonSettings;@189fec63
221210 101028.780|INFO|Thread-477|dumpPacket|   key: RUN_LIST is: [Ledu.csus.ecs.pc2.core.model.Run; [Ledu.csus.ecs.pc2.core.model.Run;@6cf871a3
221210 101028.780|INFO|Thread-477|dumpPacket|   key: ACCOUNT_ARRAY is: [Ledu.csus.ecs.pc2.core.model.Account; [Ledu.csus.ecs.pc2.core.model.Account;@3787d711
221210 101533.467|INFO|Thread-475|receive|public void receive(SealedObject TransportPacket, ConnectionHandlerID connectionHandlerID)
221210 101853.573|INFO|Thread-475|receive|public void receive(SealedObject TransportPacket, ConnectionHandlerID connectionHandlerID)
221210 103056.912|INFO|Thread-475|receive|public void receive(SealedObject TransportPacket, ConnectionHandlerID connectionHandlerID)
221210 103128.707|INFO|Thread-475|receive|public void receive(SealedObject TransportPacket, ConnectionHandlerID connectionHandlerID)
221210 103204.729|INFO|Thread-475|receive|public void receive(SealedObject TransportPacket, ConnectionHandlerID connectionHandlerID)
221210 103220.584|INFO|Thread-475|receive|public void receive(SealedObject TransportPacket, ConnectionHandlerID connectionHandlerID)
221210 103237.307|INFO|Thread-475|receive|public void receive(SealedObject TransportPacket, ConnectionHandlerID connectionHandlerID)
221210 103302.534|INFO|Thread-475|receive|public void receive(SealedObject TransportPacket, ConnectionHandlerID connectionHandlerID)
221210 104406.097|INFO|Thread-475|receive|public void receive(SealedObject TransportPacket, ConnectionHandlerID connectionHandlerID)
221210 104406.165|INFO|Thread-475|receive|public void receive(SealedObject TransportPacket, ConnectionHandlerID connectionHandlerID)
221210 104717.867|INFO|Thread-475|receive|public void receive(SealedObject TransportPacket, ConnectionHandlerID connectionHandlerID)
221210 104718.622|INFO|Thread-475|receive|public void receive(SealedObject TransportPacket, ConnectionHandlerID connectionHandlerID)
221210 104719.209|INFO|Thread-475|receive|public void receive(SealedObject TransportPacket, ConnectionHandlerID connectionHandlerID)
221210 105342.396|INFO|Thread-6377|run|send(Serializable)
221210 105342.406|INFO|Thread-475|receive|public void receive(SealedObject TransportPacket, ConnectionHandlerID connectionHandlerID)
221210 105404.183|INFO|Thread-475|receive|public void receive(SealedObject TransportPacket, ConnectionHandlerID connectionHandlerID)
221210 105704.954|INFO|Thread-9612|run|send(Serializable)
221210 105704.971|INFO|Thread-475|receive|public void receive(SealedObject TransportPacket, ConnectionHandlerID connectionHandlerID)
221210 105713.071|INFO|Thread-475|receive|public void receive(SealedObject TransportPacket, ConnectionHandlerID connectionHandlerID)
221210 110512.009|INFO|Thread-22351|run|send(Serializable)
221210 110512.026|INFO|Thread-475|receive|public void receive(SealedObject TransportPacket, ConnectionHandlerID connectionHandlerID)
221210 110525.629|INFO|Thread-475|receive|public void receive(SealedObject TransportPacket, ConnectionHandlerID connectionHandlerID)
221210 111726.757|INFO|Thread-45200|run|send(Serializable)
221210 111726.780|INFO|Thread-475|receive|public void receive(SealedObject TransportPacket, ConnectionHandlerID connectionHandlerID)
221210 111740.304|INFO|Thread-475|receive|public void receive(SealedObject TransportPacket, ConnectionHandlerID connectionHandlerID)
221210 113214.118|INFO|Thread-75327|run|send(Serializable)
221210 113214.148|INFO|Thread-475|receive|public void receive(SealedObject TransportPacket, ConnectionHandlerID connectionHandlerID)
221210 113230.293|INFO|Thread-475|receive|public void receive(SealedObject TransportPacket, ConnectionHandlerID connectionHandlerID)
221210 114416.826|INFO|Thread-102093|run|send(Serializable)
221210 114416.879|INFO|Thread-475|receive|public void receive(SealedObject TransportPacket, ConnectionHandlerID connectionHandlerID)
221210 114451.634|INFO|Thread-475|receive|public void receive(SealedObject TransportPacket, ConnectionHandlerID connectionHandlerID)
221210 115958.243|INFO|Thread-135182|run|send(Serializable)
221210 115958.287|INFO|Thread-475|receive|public void receive(SealedObject TransportPacket, ConnectionHandlerID connectionHandlerID)
221210 120024.863|INFO|Thread-475|receive|public void receive(SealedObject TransportPacket, ConnectionHandlerID connectionHandlerID)
221210 120352.560|INFO|Thread-142707|run|send(Serializable)
221210 120352.603|INFO|Thread-475|receive|public void receive(SealedObject TransportPacket, ConnectionHandlerID connectionHandlerID)
221210 120428.571|INFO|Thread-475|receive|public void receive(SealedObject TransportPacket, ConnectionHandlerID connectionHandlerID)
221210 120724.593|INFO|Thread-475|receive|public void receive(SealedObject TransportPacket, ConnectionHandlerID connectionHandlerID)
221210 120819.323|INFO|Thread-152211|run|send(Serializable)
221210 120819.371|INFO|Thread-475|receive|public void receive(SealedObject TransportPacket, ConnectionHandlerID connectionHandlerID)
221210 120841.212|INFO|Thread-475|receive|public void receive(SealedObject TransportPacket, ConnectionHandlerID connectionHandlerID)
221210 121424.170|INFO|Thread-163219|run|send(Serializable)
221210 121424.223|INFO|Thread-475|receive|public void receive(SealedObject TransportPacket, ConnectionHandlerID connectionHandlerID)
221210 121431.559|INFO|Thread-475|receive|public void receive(SealedObject TransportPacket, ConnectionHandlerID connectionHandlerID)
221210 121923.235|INFO|Thread-174652|run|send(Serializable)
221210 121923.296|INFO|Thread-475|receive|public void receive(SealedObject TransportPacket, ConnectionHandlerID connectionHandlerID)
221210 121933.904|INFO|Thread-475|receive|public void receive(SealedObject TransportPacket, ConnectionHandlerID connectionHandlerID)
221210 122357.595|INFO|Thread-182522|run|send(Serializable)
221210 122357.648|INFO|Thread-475|receive|public void receive(SealedObject TransportPacket, ConnectionHandlerID connectionHandlerID)
221210 122411.088|INFO|Thread-475|receive|public void receive(SealedObject TransportPacket, ConnectionHandlerID connectionHandlerID)
221210 122615.900|INFO|Thread-185876|run|send(Serializable)
221210 122615.948|INFO|Thread-475|receive|public void receive(SealedObject TransportPacket, ConnectionHandlerID connectionHandlerID)
221210 122622.560|INFO|Thread-475|receive|public void receive(SealedObject TransportPacket, ConnectionHandlerID connectionHandlerID)
221210 123703.433|INFO|Thread-212184|run|send(Serializable)
221210 123703.495|INFO|Thread-475|receive|public void receive(SealedObject TransportPacket, ConnectionHandlerID connectionHandlerID)
221210 123713.617|INFO|Thread-475|receive|public void receive(SealedObject TransportPacket, ConnectionHandlerID connectionHandlerID)
221210 124616.052|INFO|Thread-240536|run|send(Serializable)
221210 124616.117|INFO|Thread-475|receive|public void receive(SealedObject TransportPacket, ConnectionHandlerID connectionHandlerID)
221210 124621.967|INFO|Thread-475|receive|public void receive(SealedObject TransportPacket, ConnectionHandlerID connectionHandlerID)
221210 124649.362|INFO|Thread-244045|run|send(Serializable)
221210 124649.449|INFO|Thread-475|receive|public void receive(SealedObject TransportPacket, ConnectionHandlerID connectionHandlerID)
221210 124656.861|INFO|Thread-475|receive|public void receive(SealedObject TransportPacket, ConnectionHandlerID connectionHandlerID)
221210 150258.320|INFO|Thread-475|connectionDropped|connectionDropped(ConnectionHandlerID myConnectionID) 
231209 095847.473|CONFIG|qtp135640095-21290|setFileHandlers|Now logging to C:\Users\18328\Desktop\pc2\WebTeamInterface-1.1\logs directory.
231209 095847.474|INFO|qtp135640095-21290|info|
231209 095847.474|INFO|qtp135640095-21290|info|Version 9 () Java ver 18.0.2.1 build  Windows 11 10.0 (amd64) 
231209 095847.474|INFO|qtp135640095-21290|info|Login: team11 (aka team11)
231209 095847.474|INFO|qtp135640095-21290|startLog|Working directory is C:\Users\18328\Desktop\pc2\WebTeamInterface-1.1
231209 095847.474|INFO|qtp135640095-21290|startLog|Process id is 15028@DESKTOP-D75BQTV
231209 095847.474|INFO|qtp135640095-21290|info|Contacting server at localhost:50002 as TEAM11 @ site 0
231209 095847.474|INFO|qtp135640095-21290|info|sendLoginRequest start - sending from TEAM11 @ site 0
231209 095847.474|INFO|qtp135640095-21290|sendToLocalServer|Sending packet to server Packet[LOGIN_REQUEST] #435 TEAM11 @ site 0 -> SERVER0 @ site 0
231209 095847.474|INFO|qtp135640095-21290|sendToLocalServer|Sent    packet to server Packet[LOGIN_REQUEST] #435 TEAM11 @ site 0 -> SERVER0 @ site 0
231209 095847.478|INFO|qtp135640095-21290|info|sendLoginRequest end - packet sent.
231209 095847.478|INFO|Thread-36313|run|send(Serializable)
231209 095847.486|INFO|Thread-36312|receive|public void receive(SealedObject TransportPacket, ConnectionHandlerID connectionHandlerID)
231209 095847.490|INFO|Thread-36314|info| receiveObject(S) start got Packet[LOGIN_SUCCESS] #2412 SERVER0 @ site 1 -> TEAM11 @ site 1
231209 095847.490|INFO|Thread-36314|dumpPacket|Packet LOGIN_SUCCESS (Seq #2412, o#2412 ) recieveObject
231209 095847.490|INFO|Thread-36314|dumpPacket|  From: SERVER0 @ site 1, oSERVER0 @ site 1 (DESKTOP-D75BQTV @ 212.212.212.212) (Contest Id: DryRun--6069080675419338087)
231209 095847.490|INFO|Thread-36314|dumpPacket|    To: TEAM11 @ site 1
231209 095847.490|INFO|Thread-36314|dumpPacket|   key: PROFILE_LIST is: [Ledu.csus.ecs.pc2.core.model.Profile; [Ledu.csus.ecs.pc2.core.model.Profile;@67663963
231209 095847.490|INFO|Thread-36314|dumpPacket|   key: GENERAL_PROBLEM is: edu.csus.ecs.pc2.core.model.Problem General
231209 095847.494|INFO|Thread-36314|dumpPacket|   key: CLIENT_SETTINGS_LIST is: [Ledu.csus.ecs.pc2.core.model.ClientSettings; [Ledu.csus.ecs.pc2.core.model.ClientSettings;@69a1dbff
231209 095847.494|INFO|Thread-36314|dumpPacket|   key: CONTEST_TIME is: edu.csus.ecs.pc2.core.model.ContestTime edu.csus.ecs.pc2.core.model.ContestTime@6d9e5213
231209 095847.494|INFO|Thread-36314|dumpPacket|   key: CLARIFICATION_LIST is: [Ledu.csus.ecs.pc2.core.model.Clarification; [Ledu.csus.ecs.pc2.core.model.Clarification;@289cd1c4
231209 095847.494|INFO|Thread-36314|dumpPacket|   key: CATEGORY_LIST is: [Ledu.csus.ecs.pc2.core.model.Category; [Ledu.csus.ecs.pc2.core.model.Category;@7ee75895
231209 095847.494|INFO|Thread-36314|dumpPacket|   key: LANGUAGE_LIST is: [Ledu.csus.ecs.pc2.core.model.Language; [Ledu.csus.ecs.pc2.core.model.Language;@19fe1a95
231209 095847.494|INFO|Thread-36314|dumpPacket|   key: REMOTE_LOGGED_IN_USERS is: [Ledu.csus.ecs.pc2.core.model.ClientId; [Ledu.csus.ecs.pc2.core.model.ClientId;@66fcd73
231209 095847.494|INFO|Thread-36314|dumpPacket|   key: CONTEST_TIME_LIST is: [Ledu.csus.ecs.pc2.core.model.ContestTime; [Ledu.csus.ecs.pc2.core.model.ContestTime;@48b32e8b
231209 095847.494|INFO|Thread-36314|dumpPacket|   key: CONNECTION_HANDLE_ID_LIST is: [Ledu.csus.ecs.pc2.core.transport.ConnectionHandlerID; [Ledu.csus.ecs.pc2.core.transport.ConnectionHandlerID;@c54e4f8
231209 095847.494|INFO|Thread-36314|dumpPacket|   key: PROFILE is: edu.csus.ecs.pc2.core.model.Profile DryRun--6069080675419338087
231209 095847.494|INFO|Thread-36314|dumpPacket|   key: CLIENT_ID is: edu.csus.ecs.pc2.core.model.ClientId TEAM11 @ site 1
231209 095847.494|INFO|Thread-36314|dumpPacket|   key: SITE_NUMBER is: java.lang.Integer 1
231209 095847.494|INFO|Thread-36314|dumpPacket|   key: CONTEST_INFORMATION is: edu.csus.ecs.pc2.core.model.ContestInformation edu.csus.ecs.pc2.core.model.ContestInformation@65177d55
231209 095847.494|INFO|Thread-36314|dumpPacket|   key: SITE_LIST is: [Ledu.csus.ecs.pc2.core.model.Site; [Ledu.csus.ecs.pc2.core.model.Site;@1d6b20d1
231209 095847.494|INFO|Thread-36314|dumpPacket|   key: PROBLEM_DATA_FILES is: [Ledu.csus.ecs.pc2.core.model.ProblemDataFiles; [Ledu.csus.ecs.pc2.core.model.ProblemDataFiles;@4cfd9281
231209 095847.494|INFO|Thread-36314|dumpPacket|   key: JUDGEMENT_LIST is: [Ledu.csus.ecs.pc2.core.model.Judgement; [Ledu.csus.ecs.pc2.core.model.Judgement;@6725ccc2
231209 095847.494|INFO|Thread-36314|dumpPacket|   key: PROBLEM_LIST is: [Ledu.csus.ecs.pc2.core.model.Problem; [Ledu.csus.ecs.pc2.core.model.Problem;@3906f8a6
231209 095847.494|INFO|Thread-36314|dumpPacket|   key: GROUP_LIST is: [Ledu.csus.ecs.pc2.core.model.Group; [Ledu.csus.ecs.pc2.core.model.Group;@7d2f3aff
231209 095847.494|INFO|Thread-36314|dumpPacket|   key: LOCAL_LOGGED_IN_USERS is: [Ledu.csus.ecs.pc2.core.model.ClientId; [Ledu.csus.ecs.pc2.core.model.ClientId;@5de6c641
231209 095847.494|INFO|Thread-36314|dumpPacket|   key: SERVER_CLOCK_OFFSET is: java.util.GregorianCalendar java.util.GregorianCalendar[time=1702137527483,areFieldsSet=true,areAllFieldsSet=false,lenient=true,zone=sun.util.calendar.ZoneInfo[id="GMT",offset=0,dstSavings=0,useDaylight=false,transitions=0,lastRule=null],firstDayOfWeek=1,minimalDaysInFirstWeek=1,ERA=1,YEAR=2023,MONTH=11,WEEK_OF_YEAR=49,WEEK_OF_MONTH=2,DAY_OF_MONTH=9,DAY_OF_YEAR=343,DAY_OF_WEEK=7,DAY_OF_WEEK_IN_MONTH=2,AM_PM=1,HOUR=3,HOUR_OF_DAY=15,MINUTE=58,SECOND=47,MILLISECOND=483,ZONE_OFFSET=0,DST_OFFSET=0]
231209 095847.494|INFO|Thread-36314|dumpPacket|   key: CONTEST_IDENTIFIER is: java.lang.String DryRun--6069080675419338087
231209 095847.494|INFO|Thread-36314|dumpPacket|   key: BALLOON_SETTINGS_LIST is: [Ledu.csus.ecs.pc2.core.model.BalloonSettings; [Ledu.csus.ecs.pc2.core.model.BalloonSettings;@146c42e3
231209 095847.494|INFO|Thread-36314|dumpPacket|   key: RUN_LIST is: [Ledu.csus.ecs.pc2.core.model.Run; [Ledu.csus.ecs.pc2.core.model.Run;@1aa14b00
231209 095847.494|INFO|Thread-36314|dumpPacket|   key: ACCOUNT_ARRAY is: [Ledu.csus.ecs.pc2.core.model.Account; [Ledu.csus.ecs.pc2.core.model.Account;@1e5d7269
231209 095847.494|INFO|Thread-36314|info|handlePacket start Packet[LOGIN_SUCCESS] #2412 SERVER0 @ site 1 -> TEAM11 @ site 1
231209 095847.494|INFO|Thread-36314|dumpPacket|Packet LOGIN_SUCCESS (Seq #2412, o#2412 ) handlePacket
231209 095847.494|INFO|Thread-36314|dumpPacket|  From: SERVER0 @ site 1, oSERVER0 @ site 1 (DESKTOP-D75BQTV @ 212.212.212.212) (Contest Id: DryRun--6069080675419338087)
231209 095847.494|INFO|Thread-36314|dumpPacket|    To: TEAM11 @ site 1
231209 095847.494|INFO|Thread-36314|dumpPacket|   key: PROFILE_LIST is: [Ledu.csus.ecs.pc2.core.model.Profile; [Ledu.csus.ecs.pc2.core.model.Profile;@67663963
231209 095847.494|INFO|Thread-36314|dumpPacket|   key: GENERAL_PROBLEM is: edu.csus.ecs.pc2.core.model.Problem General
231209 095847.494|INFO|Thread-36314|dumpPacket|   key: CLIENT_SETTINGS_LIST is: [Ledu.csus.ecs.pc2.core.model.ClientSettings; [Ledu.csus.ecs.pc2.core.model.ClientSettings;@69a1dbff
231209 095847.494|INFO|Thread-36314|dumpPacket|   key: CONTEST_TIME is: edu.csus.ecs.pc2.core.model.ContestTime edu.csus.ecs.pc2.core.model.ContestTime@6d9e5213
231209 095847.494|INFO|Thread-36314|dumpPacket|   key: CLARIFICATION_LIST is: [Ledu.csus.ecs.pc2.core.model.Clarification; [Ledu.csus.ecs.pc2.core.model.Clarification;@289cd1c4
231209 095847.494|INFO|Thread-36314|dumpPacket|   key: CATEGORY_LIST is: [Ledu.csus.ecs.pc2.core.model.Category; [Ledu.csus.ecs.pc2.core.model.Category;@7ee75895
231209 095847.494|INFO|Thread-36314|dumpPacket|   key: LANGUAGE_LIST is: [Ledu.csus.ecs.pc2.core.model.Language; [Ledu.csus.ecs.pc2.core.model.Language;@19fe1a95
231209 095847.494|INFO|Thread-36314|dumpPacket|   key: REMOTE_LOGGED_IN_USERS is: [Ledu.csus.ecs.pc2.core.model.ClientId; [Ledu.csus.ecs.pc2.core.model.ClientId;@66fcd73
231209 095847.494|INFO|Thread-36314|dumpPacket|   key: CONTEST_TIME_LIST is: [Ledu.csus.ecs.pc2.core.model.ContestTime; [Ledu.csus.ecs.pc2.core.model.ContestTime;@48b32e8b
231209 095847.494|INFO|Thread-36314|dumpPacket|   key: CONNECTION_HANDLE_ID_LIST is: [Ledu.csus.ecs.pc2.core.transport.ConnectionHandlerID; [Ledu.csus.ecs.pc2.core.transport.ConnectionHandlerID;@c54e4f8
231209 095847.494|INFO|Thread-36314|dumpPacket|   key: PROFILE is: edu.csus.ecs.pc2.core.model.Profile DryRun--6069080675419338087
231209 095847.494|INFO|Thread-36314|dumpPacket|   key: CLIENT_ID is: edu.csus.ecs.pc2.core.model.ClientId TEAM11 @ site 1
231209 095847.494|INFO|Thread-36314|dumpPacket|   key: SITE_NUMBER is: java.lang.Integer 1
231209 095847.494|INFO|Thread-36314|dumpPacket|   key: CONTEST_INFORMATION is: edu.csus.ecs.pc2.core.model.ContestInformation edu.csus.ecs.pc2.core.model.ContestInformation@65177d55
231209 095847.494|INFO|Thread-36314|dumpPacket|   key: SITE_LIST is: [Ledu.csus.ecs.pc2.core.model.Site; [Ledu.csus.ecs.pc2.core.model.Site;@1d6b20d1
231209 095847.494|INFO|Thread-36314|dumpPacket|   key: PROBLEM_DATA_FILES is: [Ledu.csus.ecs.pc2.core.model.ProblemDataFiles; [Ledu.csus.ecs.pc2.core.model.ProblemDataFiles;@4cfd9281
231209 095847.494|INFO|Thread-36314|dumpPacket|   key: JUDGEMENT_LIST is: [Ledu.csus.ecs.pc2.core.model.Judgement; [Ledu.csus.ecs.pc2.core.model.Judgement;@6725ccc2
231209 095847.494|INFO|Thread-36314|dumpPacket|   key: PROBLEM_LIST is: [Ledu.csus.ecs.pc2.core.model.Problem; [Ledu.csus.ecs.pc2.core.model.Problem;@3906f8a6
231209 095847.494|INFO|Thread-36314|dumpPacket|   key: GROUP_LIST is: [Ledu.csus.ecs.pc2.core.model.Group; [Ledu.csus.ecs.pc2.core.model.Group;@7d2f3aff
231209 095847.494|INFO|Thread-36314|dumpPacket|   key: LOCAL_LOGGED_IN_USERS is: [Ledu.csus.ecs.pc2.core.model.ClientId; [Ledu.csus.ecs.pc2.core.model.ClientId;@5de6c641
231209 095847.494|INFO|Thread-36314|dumpPacket|   key: SERVER_CLOCK_OFFSET is: java.util.GregorianCalendar java.util.GregorianCalendar[time=1702137527483,areFieldsSet=true,areAllFieldsSet=false,lenient=true,zone=sun.util.calendar.ZoneInfo[id="GMT",offset=0,dstSavings=0,useDaylight=false,transitions=0,lastRule=null],firstDayOfWeek=1,minimalDaysInFirstWeek=1,ERA=1,YEAR=2023,MONTH=11,WEEK_OF_YEAR=49,WEEK_OF_MONTH=2,DAY_OF_MONTH=9,DAY_OF_YEAR=343,DAY_OF_WEEK=7,DAY_OF_WEEK_IN_MONTH=2,AM_PM=1,HOUR=3,HOUR_OF_DAY=15,MINUTE=58,SECOND=47,MILLISECOND=483,ZONE_OFFSET=0,DST_OFFSET=0]
231209 095847.494|INFO|Thread-36314|dumpPacket|   key: CONTEST_IDENTIFIER is: java.lang.String DryRun--6069080675419338087
231209 095847.494|INFO|Thread-36314|dumpPacket|   key: BALLOON_SETTINGS_LIST is: [Ledu.csus.ecs.pc2.core.model.BalloonSettings; [Ledu.csus.ecs.pc2.core.model.BalloonSettings;@146c42e3
231209 095847.494|INFO|Thread-36314|dumpPacket|   key: RUN_LIST is: [Ledu.csus.ecs.pc2.core.model.Run; [Ledu.csus.ecs.pc2.core.model.Run;@1aa14b00
231209 095847.494|INFO|Thread-36314|dumpPacket|   key: ACCOUNT_ARRAY is: [Ledu.csus.ecs.pc2.core.model.Account; [Ledu.csus.ecs.pc2.core.model.Account;@1e5d7269
231209 095946.486|INFO|Thread-36312|receive|public void receive(SealedObject TransportPacket, ConnectionHandlerID connectionHandlerID)
231209 100246.172|INFO|Thread-40318|run|send(Serializable)
231209 100246.286|INFO|Thread-36312|receive|public void receive(SealedObject TransportPacket, ConnectionHandlerID connectionHandlerID)
231209 100455.012|INFO|Thread-36312|receive|public void receive(SealedObject TransportPacket, ConnectionHandlerID connectionHandlerID)
231209 100529.704|INFO|Thread-42232|run|send(Serializable)
231209 100529.802|INFO|Thread-36312|receive|public void receive(SealedObject TransportPacket, ConnectionHandlerID connectionHandlerID)
231209 100549.227|INFO|Thread-36312|receive|public void receive(SealedObject TransportPacket, ConnectionHandlerID connectionHandlerID)
231209 103352.616|INFO|Thread-36312|receive|public void receive(SealedObject TransportPacket, ConnectionHandlerID connectionHandlerID)
231209 103353.749|INFO|Thread-36312|receive|public void receive(SealedObject TransportPacket, ConnectionHandlerID connectionHandlerID)
231209 103356.387|INFO|Thread-36312|receive|public void receive(SealedObject TransportPacket, ConnectionHandlerID connectionHandlerID)
231209 103358.718|INFO|Thread-36312|receive|public void receive(SealedObject TransportPacket, ConnectionHandlerID connectionHandlerID)
231209 103358.904|INFO|Thread-36312|receive|public void receive(SealedObject TransportPacket, ConnectionHandlerID connectionHandlerID)
231209 103359.124|INFO|Thread-36312|receive|public void receive(SealedObject TransportPacket, ConnectionHandlerID connectionHandlerID)
231209 103359.247|INFO|Thread-36312|receive|public void receive(SealedObject TransportPacket, ConnectionHandlerID connectionHandlerID)
231209 103412.261|INFO|Thread-36312|receive|public void receive(SealedObject TransportPacket, ConnectionHandlerID connectionHandlerID)
231209 103439.448|INFO|Thread-36312|receive|public void receive(SealedObject TransportPacket, ConnectionHandlerID connectionHandlerID)
231209 103549.063|INFO|Thread-49116|run|send(Serializable)
231209 103549.063|INFO|Thread-36312|connectionDropped|connectionDropped(ConnectionHandlerID myConnectionID) 
