221210 075604.619|CONFIG|qtp996796369-1042|setFileHandlers|Now logging to C:\Users\18328\Desktop\pc2\WebTeamInterface-1.1\logs directory.
221210 075604.619|INFO|qtp996796369-1042|info|
221210 075604.619|INFO|qtp996796369-1042|info|Version 9 () Java ver 18.0.2.1 build  Windows 11 10.0 (amd64) 
221210 075604.627|INFO|qtp996796369-1042|info|Login: team69 (aka team69)
221210 075604.627|INFO|qtp996796369-1042|startLog|Working directory is C:\Users\18328\Desktop\pc2\WebTeamInterface-1.1
221210 075604.627|INFO|qtp996796369-1042|startLog|Process id is 20708@DESKTOP-D75BQTV
221210 075604.627|INFO|qtp996796369-1042|info|Contacting server at 212.212.212.212:50002 as TEAM69 @ site 0
221210 075604.627|INFO|qtp996796369-1042|info|sendLoginRequest start - sending from TEAM69 @ site 0
221210 075604.627|INFO|qtp996796369-1042|sendToLocalServer|Sending packet to server Packet[LOGIN_REQUEST] #76 TEAM69 @ site 0 -> SERVER0 @ site 0
221210 075604.627|INFO|qtp996796369-1042|sendToLocalServer|Sent    packet to server Packet[LOGIN_REQUEST] #76 TEAM69 @ site 0 -> SERVER0 @ site 0
221210 075604.627|INFO|qtp996796369-1042|info|sendLoginRequest end - packet sent.
221210 075604.627|INFO|Thread-1384|run|send(Serializable)
221210 075604.634|INFO|Thread-1383|receive|public void receive(SealedObject TransportPacket, ConnectionHandlerID connectionHandlerID)
221210 075604.641|INFO|Thread-1386|info| receiveObject(S) start got Packet[LOGIN_SUCCESS] #550 SERVER0 @ site 1 -> TEAM69 @ site 1
221210 075604.641|INFO|Thread-1386|dumpPacket|Packet LOGIN_SUCCESS (Seq #550, o#550 ) recieveObject
221210 075604.641|INFO|Thread-1386|dumpPacket|  From: SERVER0 @ site 1, oSERVER0 @ site 1 (DESKTOP-D75BQTV @ 212.212.212.212) (Contest Id: DryRun--5544400451244233091)
221210 075604.641|INFO|Thread-1386|dumpPacket|    To: TEAM69 @ site 1
221210 075604.641|INFO|Thread-1386|dumpPacket|   key: PROFILE_LIST is: [Ledu.csus.ecs.pc2.core.model.Profile; [Ledu.csus.ecs.pc2.core.model.Profile;@6ba97d72
221210 075604.641|INFO|Thread-1386|dumpPacket|   key: GENERAL_PROBLEM is: edu.csus.ecs.pc2.core.model.Problem General
221210 075604.641|INFO|Thread-1386|dumpPacket|   key: CLIENT_SETTINGS_LIST is: [Ledu.csus.ecs.pc2.core.model.ClientSettings; [Ledu.csus.ecs.pc2.core.model.ClientSettings;@656e8e77
221210 075604.641|INFO|Thread-1386|dumpPacket|   key: CONTEST_TIME is: edu.csus.ecs.pc2.core.model.ContestTime edu.csus.ecs.pc2.core.model.ContestTime@61511602
221210 075604.641|INFO|Thread-1386|dumpPacket|   key: CLARIFICATION_LIST is: [Ledu.csus.ecs.pc2.core.model.Clarification; [Ledu.csus.ecs.pc2.core.model.Clarification;@2453844c
221210 075604.641|INFO|Thread-1386|dumpPacket|   key: CATEGORY_LIST is: [Ledu.csus.ecs.pc2.core.model.Category; [Ledu.csus.ecs.pc2.core.model.Category;@4313f59
221210 075604.641|INFO|Thread-1386|dumpPacket|   key: LANGUAGE_LIST is: [Ledu.csus.ecs.pc2.core.model.Language; [Ledu.csus.ecs.pc2.core.model.Language;@15bd049e
221210 075604.641|INFO|Thread-1386|dumpPacket|   key: REMOTE_LOGGED_IN_USERS is: [Ledu.csus.ecs.pc2.core.model.ClientId; [Ledu.csus.ecs.pc2.core.model.ClientId;@7c35e12d
221210 075604.641|INFO|Thread-1386|dumpPacket|   key: CONTEST_TIME_LIST is: [Ledu.csus.ecs.pc2.core.model.ContestTime; [Ledu.csus.ecs.pc2.core.model.ContestTime;@447c7b03
221210 075604.641|INFO|Thread-1386|dumpPacket|   key: CONNECTION_HANDLE_ID_LIST is: [Ledu.csus.ecs.pc2.core.transport.ConnectionHandlerID; [Ledu.csus.ecs.pc2.core.transport.ConnectionHandlerID;@49ba4f22
221210 075604.641|INFO|Thread-1386|dumpPacket|   key: PROFILE is: edu.csus.ecs.pc2.core.model.Profile DryRun--5544400451244233091
221210 075604.641|INFO|Thread-1386|dumpPacket|   key: CLIENT_ID is: edu.csus.ecs.pc2.core.model.ClientId TEAM69 @ site 1
221210 075604.641|INFO|Thread-1386|dumpPacket|   key: SITE_NUMBER is: java.lang.Integer 1
221210 075604.641|INFO|Thread-1386|dumpPacket|   key: CONTEST_INFORMATION is: edu.csus.ecs.pc2.core.model.ContestInformation edu.csus.ecs.pc2.core.model.ContestInformation@34de2b7f
221210 075604.641|INFO|Thread-1386|dumpPacket|   key: SITE_LIST is: [Ledu.csus.ecs.pc2.core.model.Site; [Ledu.csus.ecs.pc2.core.model.Site;@67318840
221210 075604.641|INFO|Thread-1386|dumpPacket|   key: PROBLEM_DATA_FILES is: [Ledu.csus.ecs.pc2.core.model.ProblemDataFiles; [Ledu.csus.ecs.pc2.core.model.ProblemDataFiles;@403243c6
221210 075604.641|INFO|Thread-1386|dumpPacket|   key: JUDGEMENT_LIST is: [Ledu.csus.ecs.pc2.core.model.Judgement; [Ledu.csus.ecs.pc2.core.model.Judgement;@5b6ac7bd
221210 075604.641|INFO|Thread-1386|dumpPacket|   key: PROBLEM_LIST is: [Ledu.csus.ecs.pc2.core.model.Problem; [Ledu.csus.ecs.pc2.core.model.Problem;@1eaa9a7c
221210 075604.641|INFO|Thread-1386|dumpPacket|   key: GROUP_LIST is: [Ledu.csus.ecs.pc2.core.model.Group; [Ledu.csus.ecs.pc2.core.model.Group;@75326261
221210 075604.641|INFO|Thread-1386|dumpPacket|   key: LOCAL_LOGGED_IN_USERS is: [Ledu.csus.ecs.pc2.core.model.ClientId; [Ledu.csus.ecs.pc2.core.model.ClientId;@274c2372
221210 075604.641|INFO|Thread-1386|dumpPacket|   key: SERVER_CLOCK_OFFSET is: java.util.GregorianCalendar java.util.GregorianCalendar[time=1670680564634,areFieldsSet=true,areAllFieldsSet=false,lenient=true,zone=sun.util.calendar.ZoneInfo[id="GMT",offset=0,dstSavings=0,useDaylight=false,transitions=0,lastRule=null],firstDayOfWeek=1,minimalDaysInFirstWeek=1,ERA=1,YEAR=2022,MONTH=11,WEEK_OF_YEAR=50,WEEK_OF_MONTH=2,DAY_OF_MONTH=10,DAY_OF_YEAR=344,DAY_OF_WEEK=7,DAY_OF_WEEK_IN_MONTH=2,AM_PM=1,HOUR=1,HOUR_OF_DAY=13,MINUTE=56,SECOND=4,MILLISECOND=634,ZONE_OFFSET=0,DST_OFFSET=0]
221210 075604.641|INFO|Thread-1386|dumpPacket|   key: CONTEST_IDENTIFIER is: java.lang.String DryRun--5544400451244233091
221210 075604.641|INFO|Thread-1386|dumpPacket|   key: BALLOON_SETTINGS_LIST is: [Ledu.csus.ecs.pc2.core.model.BalloonSettings; [Ledu.csus.ecs.pc2.core.model.BalloonSettings;@2a164f09
221210 075604.641|INFO|Thread-1386|dumpPacket|   key: RUN_LIST is: [Ledu.csus.ecs.pc2.core.model.Run; [Ledu.csus.ecs.pc2.core.model.Run;@6025594d
221210 075604.641|INFO|Thread-1386|dumpPacket|   key: ACCOUNT_ARRAY is: [Ledu.csus.ecs.pc2.core.model.Account; [Ledu.csus.ecs.pc2.core.model.Account;@6620e42
221210 075604.641|INFO|Thread-1386|info|handlePacket start Packet[LOGIN_SUCCESS] #550 SERVER0 @ site 1 -> TEAM69 @ site 1
221210 075604.641|INFO|Thread-1386|dumpPacket|Packet LOGIN_SUCCESS (Seq #550, o#550 ) handlePacket
221210 075604.641|INFO|Thread-1386|dumpPacket|  From: SERVER0 @ site 1, oSERVER0 @ site 1 (DESKTOP-D75BQTV @ 212.212.212.212) (Contest Id: DryRun--5544400451244233091)
221210 075604.641|INFO|Thread-1386|dumpPacket|    To: TEAM69 @ site 1
221210 075604.641|INFO|Thread-1386|dumpPacket|   key: PROFILE_LIST is: [Ledu.csus.ecs.pc2.core.model.Profile; [Ledu.csus.ecs.pc2.core.model.Profile;@6ba97d72
221210 075604.641|INFO|Thread-1386|dumpPacket|   key: GENERAL_PROBLEM is: edu.csus.ecs.pc2.core.model.Problem General
221210 075604.641|INFO|Thread-1386|dumpPacket|   key: CLIENT_SETTINGS_LIST is: [Ledu.csus.ecs.pc2.core.model.ClientSettings; [Ledu.csus.ecs.pc2.core.model.ClientSettings;@656e8e77
221210 075604.641|INFO|Thread-1386|dumpPacket|   key: CONTEST_TIME is: edu.csus.ecs.pc2.core.model.ContestTime edu.csus.ecs.pc2.core.model.ContestTime@61511602
221210 075604.641|INFO|Thread-1386|dumpPacket|   key: CLARIFICATION_LIST is: [Ledu.csus.ecs.pc2.core.model.Clarification; [Ledu.csus.ecs.pc2.core.model.Clarification;@2453844c
221210 075604.641|INFO|Thread-1386|dumpPacket|   key: CATEGORY_LIST is: [Ledu.csus.ecs.pc2.core.model.Category; [Ledu.csus.ecs.pc2.core.model.Category;@4313f59
221210 075604.641|INFO|Thread-1386|dumpPacket|   key: LANGUAGE_LIST is: [Ledu.csus.ecs.pc2.core.model.Language; [Ledu.csus.ecs.pc2.core.model.Language;@15bd049e
221210 075604.641|INFO|Thread-1386|dumpPacket|   key: REMOTE_LOGGED_IN_USERS is: [Ledu.csus.ecs.pc2.core.model.ClientId; [Ledu.csus.ecs.pc2.core.model.ClientId;@7c35e12d
221210 075604.645|INFO|Thread-1386|dumpPacket|   key: CONTEST_TIME_LIST is: [Ledu.csus.ecs.pc2.core.model.ContestTime; [Ledu.csus.ecs.pc2.core.model.ContestTime;@447c7b03
221210 075604.645|INFO|Thread-1386|dumpPacket|   key: CONNECTION_HANDLE_ID_LIST is: [Ledu.csus.ecs.pc2.core.transport.ConnectionHandlerID; [Ledu.csus.ecs.pc2.core.transport.ConnectionHandlerID;@49ba4f22
221210 075604.645|INFO|Thread-1386|dumpPacket|   key: PROFILE is: edu.csus.ecs.pc2.core.model.Profile DryRun--5544400451244233091
221210 075604.645|INFO|Thread-1386|dumpPacket|   key: CLIENT_ID is: edu.csus.ecs.pc2.core.model.ClientId TEAM69 @ site 1
221210 075604.645|INFO|Thread-1386|dumpPacket|   key: SITE_NUMBER is: java.lang.Integer 1
221210 075604.645|INFO|Thread-1386|dumpPacket|   key: CONTEST_INFORMATION is: edu.csus.ecs.pc2.core.model.ContestInformation edu.csus.ecs.pc2.core.model.ContestInformation@34de2b7f
221210 075604.645|INFO|Thread-1386|dumpPacket|   key: SITE_LIST is: [Ledu.csus.ecs.pc2.core.model.Site; [Ledu.csus.ecs.pc2.core.model.Site;@67318840
221210 075604.645|INFO|Thread-1386|dumpPacket|   key: PROBLEM_DATA_FILES is: [Ledu.csus.ecs.pc2.core.model.ProblemDataFiles; [Ledu.csus.ecs.pc2.core.model.ProblemDataFiles;@403243c6
221210 075604.645|INFO|Thread-1386|dumpPacket|   key: JUDGEMENT_LIST is: [Ledu.csus.ecs.pc2.core.model.Judgement; [Ledu.csus.ecs.pc2.core.model.Judgement;@5b6ac7bd
221210 075604.645|INFO|Thread-1386|dumpPacket|   key: PROBLEM_LIST is: [Ledu.csus.ecs.pc2.core.model.Problem; [Ledu.csus.ecs.pc2.core.model.Problem;@1eaa9a7c
221210 075604.645|INFO|Thread-1386|dumpPacket|   key: GROUP_LIST is: [Ledu.csus.ecs.pc2.core.model.Group; [Ledu.csus.ecs.pc2.core.model.Group;@75326261
221210 075604.645|INFO|Thread-1386|dumpPacket|   key: LOCAL_LOGGED_IN_USERS is: [Ledu.csus.ecs.pc2.core.model.ClientId; [Ledu.csus.ecs.pc2.core.model.ClientId;@274c2372
221210 075604.645|INFO|Thread-1386|dumpPacket|   key: SERVER_CLOCK_OFFSET is: java.util.GregorianCalendar java.util.GregorianCalendar[time=1670680564634,areFieldsSet=true,areAllFieldsSet=false,lenient=true,zone=sun.util.calendar.ZoneInfo[id="GMT",offset=0,dstSavings=0,useDaylight=false,transitions=0,lastRule=null],firstDayOfWeek=1,minimalDaysInFirstWeek=1,ERA=1,YEAR=2022,MONTH=11,WEEK_OF_YEAR=50,WEEK_OF_MONTH=2,DAY_OF_MONTH=10,DAY_OF_YEAR=344,DAY_OF_WEEK=7,DAY_OF_WEEK_IN_MONTH=2,AM_PM=1,HOUR=1,HOUR_OF_DAY=13,MINUTE=56,SECOND=4,MILLISECOND=634,ZONE_OFFSET=0,DST_OFFSET=0]
221210 075604.645|INFO|Thread-1386|dumpPacket|   key: CONTEST_IDENTIFIER is: java.lang.String DryRun--5544400451244233091
221210 075604.645|INFO|Thread-1386|dumpPacket|   key: BALLOON_SETTINGS_LIST is: [Ledu.csus.ecs.pc2.core.model.BalloonSettings; [Ledu.csus.ecs.pc2.core.model.BalloonSettings;@2a164f09
221210 075604.645|INFO|Thread-1386|dumpPacket|   key: RUN_LIST is: [Ledu.csus.ecs.pc2.core.model.Run; [Ledu.csus.ecs.pc2.core.model.Run;@6025594d
221210 075604.645|INFO|Thread-1386|dumpPacket|   key: ACCOUNT_ARRAY is: [Ledu.csus.ecs.pc2.core.model.Account; [Ledu.csus.ecs.pc2.core.model.Account;@6620e42
221210 080835.582|INFO|Thread-1836|run|send(Serializable)
221210 080835.594|INFO|Thread-1383|receive|public void receive(SealedObject TransportPacket, ConnectionHandlerID connectionHandlerID)
221210 082449.480|INFO|Thread-1383|receive|public void receive(SealedObject TransportPacket, ConnectionHandlerID connectionHandlerID)
221210 083216.047|INFO|Thread-1383|receive|public void receive(SealedObject TransportPacket, ConnectionHandlerID connectionHandlerID)
221210 084028.473|INFO|Thread-1383|receive|public void receive(SealedObject TransportPacket, ConnectionHandlerID connectionHandlerID)
221210 100929.563|CONFIG|qtp1613095350-23|setFileHandlers|Now logging to C:\Users\18328\Desktop\pc2\WebTeamInterface-1.1\logs directory.
221210 100929.564|INFO|qtp1613095350-23|info|
221210 100929.564|INFO|qtp1613095350-23|info|Version 9 () Java ver 18.0.2.1 build  Windows 11 10.0 (amd64) 
221210 100929.564|INFO|qtp1613095350-23|info|Login: team69 (aka team69)
221210 100929.564|INFO|qtp1613095350-23|startLog|Working directory is C:\Users\18328\Desktop\pc2\WebTeamInterface-1.1
221210 100929.564|INFO|qtp1613095350-23|startLog|Process id is 22344@DESKTOP-D75BQTV
221210 100929.564|INFO|qtp1613095350-23|info|Contacting server at 212.212.212.212:50002 as TEAM69 @ site 0
221210 100929.565|INFO|qtp1613095350-23|info|sendLoginRequest start - sending from TEAM69 @ site 0
221210 100929.565|INFO|qtp1613095350-23|sendToLocalServer|Sending packet to server Packet[LOGIN_REQUEST] #38 TEAM69 @ site 0 -> SERVER0 @ site 0
221210 100929.565|INFO|qtp1613095350-23|sendToLocalServer|Sent    packet to server Packet[LOGIN_REQUEST] #38 TEAM69 @ site 0 -> SERVER0 @ site 0
221210 100929.565|INFO|qtp1613095350-23|info|sendLoginRequest end - packet sent.
221210 100929.565|INFO|Thread-275|run|send(Serializable)
221210 100929.569|INFO|Thread-274|receive|public void receive(SealedObject TransportPacket, ConnectionHandlerID connectionHandlerID)
221210 100929.571|INFO|Thread-276|info| receiveObject(S) start got Packet[LOGIN_SUCCESS] #2155 SERVER0 @ site 1 -> TEAM69 @ site 1
221210 100929.571|INFO|Thread-276|dumpPacket|Packet LOGIN_SUCCESS (Seq #2155, o#2155 ) recieveObject
221210 100929.571|INFO|Thread-276|dumpPacket|  From: SERVER0 @ site 1, oSERVER0 @ site 1 (DESKTOP-D75BQTV @ 212.212.212.212) (Contest Id: DryRun--5544400451244233091)
221210 100929.571|INFO|Thread-276|dumpPacket|    To: TEAM69 @ site 1
221210 100929.571|INFO|Thread-276|dumpPacket|   key: PROFILE_LIST is: [Ledu.csus.ecs.pc2.core.model.Profile; [Ledu.csus.ecs.pc2.core.model.Profile;@19385298
221210 100929.571|INFO|Thread-276|dumpPacket|   key: GENERAL_PROBLEM is: edu.csus.ecs.pc2.core.model.Problem General
221210 100929.571|INFO|Thread-276|dumpPacket|   key: CLIENT_SETTINGS_LIST is: [Ledu.csus.ecs.pc2.core.model.ClientSettings; [Ledu.csus.ecs.pc2.core.model.ClientSettings;@17ffafcf
221210 100929.571|INFO|Thread-276|dumpPacket|   key: CONTEST_TIME is: edu.csus.ecs.pc2.core.model.ContestTime edu.csus.ecs.pc2.core.model.ContestTime@13c039e8
221210 100929.571|INFO|Thread-276|dumpPacket|   key: CLARIFICATION_LIST is: [Ledu.csus.ecs.pc2.core.model.Clarification; [Ledu.csus.ecs.pc2.core.model.Clarification;@56c2a5f4
221210 100929.571|INFO|Thread-276|dumpPacket|   key: CATEGORY_LIST is: [Ledu.csus.ecs.pc2.core.model.Category; [Ledu.csus.ecs.pc2.core.model.Category;@db58126
221210 100929.571|INFO|Thread-276|dumpPacket|   key: LANGUAGE_LIST is: [Ledu.csus.ecs.pc2.core.model.Language; [Ledu.csus.ecs.pc2.core.model.Language;@675ed688
221210 100929.571|INFO|Thread-276|dumpPacket|   key: REMOTE_LOGGED_IN_USERS is: [Ledu.csus.ecs.pc2.core.model.ClientId; [Ledu.csus.ecs.pc2.core.model.ClientId;@75c3acf2
221210 100929.571|INFO|Thread-276|dumpPacket|   key: CONTEST_TIME_LIST is: [Ledu.csus.ecs.pc2.core.model.ContestTime; [Ledu.csus.ecs.pc2.core.model.ContestTime;@36ed5abb
221210 100929.571|INFO|Thread-276|dumpPacket|   key: CONNECTION_HANDLE_ID_LIST is: [Ledu.csus.ecs.pc2.core.transport.ConnectionHandlerID; [Ledu.csus.ecs.pc2.core.transport.ConnectionHandlerID;@17f051f1
221210 100929.571|INFO|Thread-276|dumpPacket|   key: PROFILE is: edu.csus.ecs.pc2.core.model.Profile DryRun--5544400451244233091
221210 100929.571|INFO|Thread-276|dumpPacket|   key: CLIENT_ID is: edu.csus.ecs.pc2.core.model.ClientId TEAM69 @ site 1
221210 100929.571|INFO|Thread-276|dumpPacket|   key: SITE_NUMBER is: java.lang.Integer 1
221210 100929.571|INFO|Thread-276|dumpPacket|   key: CONTEST_INFORMATION is: edu.csus.ecs.pc2.core.model.ContestInformation edu.csus.ecs.pc2.core.model.ContestInformation@68b3f11
221210 100929.571|INFO|Thread-276|dumpPacket|   key: SITE_LIST is: [Ledu.csus.ecs.pc2.core.model.Site; [Ledu.csus.ecs.pc2.core.model.Site;@6ec7a70e
221210 100929.571|INFO|Thread-276|dumpPacket|   key: PROBLEM_DATA_FILES is: [Ledu.csus.ecs.pc2.core.model.ProblemDataFiles; [Ledu.csus.ecs.pc2.core.model.ProblemDataFiles;@32a300ef
221210 100929.571|INFO|Thread-276|dumpPacket|   key: JUDGEMENT_LIST is: [Ledu.csus.ecs.pc2.core.model.Judgement; [Ledu.csus.ecs.pc2.core.model.Judgement;@27c9b093
221210 100929.571|INFO|Thread-276|dumpPacket|   key: PROBLEM_LIST is: [Ledu.csus.ecs.pc2.core.model.Problem; [Ledu.csus.ecs.pc2.core.model.Problem;@78e560cc
221210 100929.571|INFO|Thread-276|dumpPacket|   key: GROUP_LIST is: [Ledu.csus.ecs.pc2.core.model.Group; [Ledu.csus.ecs.pc2.core.model.Group;@2bc95709
221210 100929.571|INFO|Thread-276|dumpPacket|   key: LOCAL_LOGGED_IN_USERS is: [Ledu.csus.ecs.pc2.core.model.ClientId; [Ledu.csus.ecs.pc2.core.model.ClientId;@1c78ee7
221210 100929.571|INFO|Thread-276|dumpPacket|   key: SERVER_CLOCK_OFFSET is: java.util.GregorianCalendar java.util.GregorianCalendar[time=1670688569567,areFieldsSet=true,areAllFieldsSet=false,lenient=true,zone=sun.util.calendar.ZoneInfo[id="GMT",offset=0,dstSavings=0,useDaylight=false,transitions=0,lastRule=null],firstDayOfWeek=1,minimalDaysInFirstWeek=1,ERA=1,YEAR=2022,MONTH=11,WEEK_OF_YEAR=50,WEEK_OF_MONTH=2,DAY_OF_MONTH=10,DAY_OF_YEAR=344,DAY_OF_WEEK=7,DAY_OF_WEEK_IN_MONTH=2,AM_PM=1,HOUR=4,HOUR_OF_DAY=16,MINUTE=9,SECOND=29,MILLISECOND=567,ZONE_OFFSET=0,DST_OFFSET=0]
221210 100929.571|INFO|Thread-276|dumpPacket|   key: CONTEST_IDENTIFIER is: java.lang.String DryRun--5544400451244233091
221210 100929.571|INFO|Thread-276|dumpPacket|   key: BALLOON_SETTINGS_LIST is: [Ledu.csus.ecs.pc2.core.model.BalloonSettings; [Ledu.csus.ecs.pc2.core.model.BalloonSettings;@6b60fb64
221210 100929.571|INFO|Thread-276|dumpPacket|   key: RUN_LIST is: [Ledu.csus.ecs.pc2.core.model.Run; [Ledu.csus.ecs.pc2.core.model.Run;@385015c4
221210 100929.571|INFO|Thread-276|dumpPacket|   key: ACCOUNT_ARRAY is: [Ledu.csus.ecs.pc2.core.model.Account; [Ledu.csus.ecs.pc2.core.model.Account;@59406cd8
221210 100929.571|INFO|Thread-276|info|handlePacket start Packet[LOGIN_SUCCESS] #2155 SERVER0 @ site 1 -> TEAM69 @ site 1
221210 100929.571|INFO|Thread-276|dumpPacket|Packet LOGIN_SUCCESS (Seq #2155, o#2155 ) handlePacket
221210 100929.571|INFO|Thread-276|dumpPacket|  From: SERVER0 @ site 1, oSERVER0 @ site 1 (DESKTOP-D75BQTV @ 212.212.212.212) (Contest Id: DryRun--5544400451244233091)
221210 100929.571|INFO|Thread-276|dumpPacket|    To: TEAM69 @ site 1
221210 100929.571|INFO|Thread-276|dumpPacket|   key: PROFILE_LIST is: [Ledu.csus.ecs.pc2.core.model.Profile; [Ledu.csus.ecs.pc2.core.model.Profile;@19385298
221210 100929.572|INFO|Thread-276|dumpPacket|   key: GENERAL_PROBLEM is: edu.csus.ecs.pc2.core.model.Problem General
221210 100929.572|INFO|Thread-276|dumpPacket|   key: CLIENT_SETTINGS_LIST is: [Ledu.csus.ecs.pc2.core.model.ClientSettings; [Ledu.csus.ecs.pc2.core.model.ClientSettings;@17ffafcf
221210 100929.572|INFO|Thread-276|dumpPacket|   key: CONTEST_TIME is: edu.csus.ecs.pc2.core.model.ContestTime edu.csus.ecs.pc2.core.model.ContestTime@13c039e8
221210 100929.572|INFO|Thread-276|dumpPacket|   key: CLARIFICATION_LIST is: [Ledu.csus.ecs.pc2.core.model.Clarification; [Ledu.csus.ecs.pc2.core.model.Clarification;@56c2a5f4
221210 100929.572|INFO|Thread-276|dumpPacket|   key: CATEGORY_LIST is: [Ledu.csus.ecs.pc2.core.model.Category; [Ledu.csus.ecs.pc2.core.model.Category;@db58126
221210 100929.572|INFO|Thread-276|dumpPacket|   key: LANGUAGE_LIST is: [Ledu.csus.ecs.pc2.core.model.Language; [Ledu.csus.ecs.pc2.core.model.Language;@675ed688
221210 100929.572|INFO|Thread-276|dumpPacket|   key: REMOTE_LOGGED_IN_USERS is: [Ledu.csus.ecs.pc2.core.model.ClientId; [Ledu.csus.ecs.pc2.core.model.ClientId;@75c3acf2
221210 100929.572|INFO|Thread-276|dumpPacket|   key: CONTEST_TIME_LIST is: [Ledu.csus.ecs.pc2.core.model.ContestTime; [Ledu.csus.ecs.pc2.core.model.ContestTime;@36ed5abb
221210 100929.572|INFO|Thread-276|dumpPacket|   key: CONNECTION_HANDLE_ID_LIST is: [Ledu.csus.ecs.pc2.core.transport.ConnectionHandlerID; [Ledu.csus.ecs.pc2.core.transport.ConnectionHandlerID;@17f051f1
221210 100929.572|INFO|Thread-276|dumpPacket|   key: PROFILE is: edu.csus.ecs.pc2.core.model.Profile DryRun--5544400451244233091
221210 100929.572|INFO|Thread-276|dumpPacket|   key: CLIENT_ID is: edu.csus.ecs.pc2.core.model.ClientId TEAM69 @ site 1
221210 100929.572|INFO|Thread-276|dumpPacket|   key: SITE_NUMBER is: java.lang.Integer 1
221210 100929.572|INFO|Thread-276|dumpPacket|   key: CONTEST_INFORMATION is: edu.csus.ecs.pc2.core.model.ContestInformation edu.csus.ecs.pc2.core.model.ContestInformation@68b3f11
221210 100929.572|INFO|Thread-276|dumpPacket|   key: SITE_LIST is: [Ledu.csus.ecs.pc2.core.model.Site; [Ledu.csus.ecs.pc2.core.model.Site;@6ec7a70e
221210 100929.572|INFO|Thread-276|dumpPacket|   key: PROBLEM_DATA_FILES is: [Ledu.csus.ecs.pc2.core.model.ProblemDataFiles; [Ledu.csus.ecs.pc2.core.model.ProblemDataFiles;@32a300ef
221210 100929.572|INFO|Thread-276|dumpPacket|   key: JUDGEMENT_LIST is: [Ledu.csus.ecs.pc2.core.model.Judgement; [Ledu.csus.ecs.pc2.core.model.Judgement;@27c9b093
221210 100929.572|INFO|Thread-276|dumpPacket|   key: PROBLEM_LIST is: [Ledu.csus.ecs.pc2.core.model.Problem; [Ledu.csus.ecs.pc2.core.model.Problem;@78e560cc
221210 100929.572|INFO|Thread-276|dumpPacket|   key: GROUP_LIST is: [Ledu.csus.ecs.pc2.core.model.Group; [Ledu.csus.ecs.pc2.core.model.Group;@2bc95709
221210 100929.572|INFO|Thread-276|dumpPacket|   key: LOCAL_LOGGED_IN_USERS is: [Ledu.csus.ecs.pc2.core.model.ClientId; [Ledu.csus.ecs.pc2.core.model.ClientId;@1c78ee7
221210 100929.572|INFO|Thread-276|dumpPacket|   key: SERVER_CLOCK_OFFSET is: java.util.GregorianCalendar java.util.GregorianCalendar[time=1670688569567,areFieldsSet=true,areAllFieldsSet=false,lenient=true,zone=sun.util.calendar.ZoneInfo[id="GMT",offset=0,dstSavings=0,useDaylight=false,transitions=0,lastRule=null],firstDayOfWeek=1,minimalDaysInFirstWeek=1,ERA=1,YEAR=2022,MONTH=11,WEEK_OF_YEAR=50,WEEK_OF_MONTH=2,DAY_OF_MONTH=10,DAY_OF_YEAR=344,DAY_OF_WEEK=7,DAY_OF_WEEK_IN_MONTH=2,AM_PM=1,HOUR=4,HOUR_OF_DAY=16,MINUTE=9,SECOND=29,MILLISECOND=567,ZONE_OFFSET=0,DST_OFFSET=0]
221210 100929.572|INFO|Thread-276|dumpPacket|   key: CONTEST_IDENTIFIER is: java.lang.String DryRun--5544400451244233091
221210 100929.572|INFO|Thread-276|dumpPacket|   key: BALLOON_SETTINGS_LIST is: [Ledu.csus.ecs.pc2.core.model.BalloonSettings; [Ledu.csus.ecs.pc2.core.model.BalloonSettings;@6b60fb64
221210 100929.572|INFO|Thread-276|dumpPacket|   key: RUN_LIST is: [Ledu.csus.ecs.pc2.core.model.Run; [Ledu.csus.ecs.pc2.core.model.Run;@385015c4
221210 100929.572|INFO|Thread-276|dumpPacket|   key: ACCOUNT_ARRAY is: [Ledu.csus.ecs.pc2.core.model.Account; [Ledu.csus.ecs.pc2.core.model.Account;@59406cd8
221210 101533.479|INFO|Thread-274|receive|public void receive(SealedObject TransportPacket, ConnectionHandlerID connectionHandlerID)
221210 101853.586|INFO|Thread-274|receive|public void receive(SealedObject TransportPacket, ConnectionHandlerID connectionHandlerID)
221210 103056.938|INFO|Thread-274|receive|public void receive(SealedObject TransportPacket, ConnectionHandlerID connectionHandlerID)
221210 103128.752|INFO|Thread-274|receive|public void receive(SealedObject TransportPacket, ConnectionHandlerID connectionHandlerID)
221210 103204.776|INFO|Thread-274|receive|public void receive(SealedObject TransportPacket, ConnectionHandlerID connectionHandlerID)
221210 103220.684|INFO|Thread-274|receive|public void receive(SealedObject TransportPacket, ConnectionHandlerID connectionHandlerID)
221210 103237.379|INFO|Thread-274|receive|public void receive(SealedObject TransportPacket, ConnectionHandlerID connectionHandlerID)
221210 103302.548|INFO|Thread-274|receive|public void receive(SealedObject TransportPacket, ConnectionHandlerID connectionHandlerID)
221210 104406.112|INFO|Thread-274|receive|public void receive(SealedObject TransportPacket, ConnectionHandlerID connectionHandlerID)
221210 104406.193|INFO|Thread-274|receive|public void receive(SealedObject TransportPacket, ConnectionHandlerID connectionHandlerID)
221210 104717.883|INFO|Thread-274|receive|public void receive(SealedObject TransportPacket, ConnectionHandlerID connectionHandlerID)
221210 104718.639|INFO|Thread-274|receive|public void receive(SealedObject TransportPacket, ConnectionHandlerID connectionHandlerID)
221210 104719.229|INFO|Thread-274|receive|public void receive(SealedObject TransportPacket, ConnectionHandlerID connectionHandlerID)
221210 110154.766|INFO|Thread-274|receive|public void receive(SealedObject TransportPacket, ConnectionHandlerID connectionHandlerID)
221210 110238.596|INFO|Thread-274|receive|public void receive(SealedObject TransportPacket, ConnectionHandlerID connectionHandlerID)
221210 112946.772|INFO|Thread-274|receive|public void receive(SealedObject TransportPacket, ConnectionHandlerID connectionHandlerID)
221210 112958.867|INFO|Thread-274|receive|public void receive(SealedObject TransportPacket, ConnectionHandlerID connectionHandlerID)
221210 113222.194|INFO|Thread-274|receive|public void receive(SealedObject TransportPacket, ConnectionHandlerID connectionHandlerID)
221210 113242.568|INFO|Thread-274|receive|public void receive(SealedObject TransportPacket, ConnectionHandlerID connectionHandlerID)
221210 113713.086|INFO|Thread-274|receive|public void receive(SealedObject TransportPacket, ConnectionHandlerID connectionHandlerID)
221210 113722.481|INFO|Thread-274|receive|public void receive(SealedObject TransportPacket, ConnectionHandlerID connectionHandlerID)
221210 114544.263|INFO|Thread-274|receive|public void receive(SealedObject TransportPacket, ConnectionHandlerID connectionHandlerID)
221210 114618.820|INFO|Thread-274|receive|public void receive(SealedObject TransportPacket, ConnectionHandlerID connectionHandlerID)
221210 115216.903|INFO|Thread-274|receive|public void receive(SealedObject TransportPacket, ConnectionHandlerID connectionHandlerID)
221210 115222.963|INFO|Thread-274|receive|public void receive(SealedObject TransportPacket, ConnectionHandlerID connectionHandlerID)
221210 115614.566|INFO|Thread-274|receive|public void receive(SealedObject TransportPacket, ConnectionHandlerID connectionHandlerID)
221210 115652.130|INFO|Thread-274|receive|public void receive(SealedObject TransportPacket, ConnectionHandlerID connectionHandlerID)
221210 120724.573|INFO|Thread-274|receive|public void receive(SealedObject TransportPacket, ConnectionHandlerID connectionHandlerID)
221210 120745.169|INFO|Thread-274|receive|public void receive(SealedObject TransportPacket, ConnectionHandlerID connectionHandlerID)
221210 120800.503|INFO|Thread-274|receive|public void receive(SealedObject TransportPacket, ConnectionHandlerID connectionHandlerID)
221210 121639.379|INFO|Thread-274|receive|public void receive(SealedObject TransportPacket, ConnectionHandlerID connectionHandlerID)
221210 121656.528|INFO|Thread-274|receive|public void receive(SealedObject TransportPacket, ConnectionHandlerID connectionHandlerID)
221210 122134.492|INFO|Thread-274|receive|public void receive(SealedObject TransportPacket, ConnectionHandlerID connectionHandlerID)
221210 122158.112|INFO|Thread-274|receive|public void receive(SealedObject TransportPacket, ConnectionHandlerID connectionHandlerID)
221210 123428.612|INFO|Thread-274|receive|public void receive(SealedObject TransportPacket, ConnectionHandlerID connectionHandlerID)
221210 123512.791|INFO|Thread-274|receive|public void receive(SealedObject TransportPacket, ConnectionHandlerID connectionHandlerID)
221210 123512.975|INFO|Thread-274|receive|public void receive(SealedObject TransportPacket, ConnectionHandlerID connectionHandlerID)
221210 123538.510|INFO|Thread-274|receive|public void receive(SealedObject TransportPacket, ConnectionHandlerID connectionHandlerID)
221210 123635.849|INFO|Thread-274|receive|public void receive(SealedObject TransportPacket, ConnectionHandlerID connectionHandlerID)
221210 123642.619|INFO|Thread-274|receive|public void receive(SealedObject TransportPacket, ConnectionHandlerID connectionHandlerID)
221210 150258.305|INFO|Thread-274|connectionDropped|connectionDropped(ConnectionHandlerID myConnectionID) 
231209 080323.266|CONFIG|qtp135640095-572|setFileHandlers|Now logging to C:\Users\18328\Desktop\pc2\WebTeamInterface-1.1\logs directory.
231209 080323.266|INFO|qtp135640095-572|info|
231209 080323.266|INFO|qtp135640095-572|info|Version 9 () Java ver 18.0.2.1 build  Windows 11 10.0 (amd64) 
231209 080323.266|INFO|qtp135640095-572|info|Login: team69 (aka team69)
231209 080323.266|INFO|qtp135640095-572|startLog|Working directory is C:\Users\18328\Desktop\pc2\WebTeamInterface-1.1
231209 080323.266|INFO|qtp135640095-572|startLog|Process id is 15028@DESKTOP-D75BQTV
231209 080323.266|INFO|qtp135640095-572|info|Contacting server at localhost:50002 as TEAM69 @ site 0
231209 080323.266|INFO|qtp135640095-572|info|sendLoginRequest start - sending from TEAM69 @ site 0
231209 080323.266|INFO|qtp135640095-572|sendToLocalServer|Sending packet to server Packet[LOGIN_REQUEST] #54 TEAM69 @ site 0 -> SERVER0 @ site 0
231209 080323.266|INFO|qtp135640095-572|sendToLocalServer|Sent    packet to server Packet[LOGIN_REQUEST] #54 TEAM69 @ site 0 -> SERVER0 @ site 0
231209 080323.266|INFO|qtp135640095-572|info|sendLoginRequest end - packet sent.
231209 080323.266|INFO|Thread-833|run|send(Serializable)
231209 080323.282|INFO|Thread-832|receive|public void receive(SealedObject TransportPacket, ConnectionHandlerID connectionHandlerID)
231209 080323.293|INFO|Thread-834|info| receiveObject(S) start got Packet[LOGIN_SUCCESS] #429 SERVER0 @ site 1 -> TEAM69 @ site 1
231209 080323.293|INFO|Thread-834|dumpPacket|Packet LOGIN_SUCCESS (Seq #429, o#429 ) recieveObject
231209 080323.293|INFO|Thread-834|dumpPacket|  From: SERVER0 @ site 1, oSERVER0 @ site 1 (DESKTOP-D75BQTV @ 212.212.212.212) (Contest Id: DryRun--6069080675419338087)
231209 080323.293|INFO|Thread-834|dumpPacket|    To: TEAM69 @ site 1
231209 080323.293|INFO|Thread-834|dumpPacket|   key: PROFILE_LIST is: [Ledu.csus.ecs.pc2.core.model.Profile; [Ledu.csus.ecs.pc2.core.model.Profile;@7ea58e17
231209 080323.293|INFO|Thread-834|dumpPacket|   key: GENERAL_PROBLEM is: edu.csus.ecs.pc2.core.model.Problem General
231209 080323.293|INFO|Thread-834|dumpPacket|   key: CLIENT_SETTINGS_LIST is: [Ledu.csus.ecs.pc2.core.model.ClientSettings; [Ledu.csus.ecs.pc2.core.model.ClientSettings;@70627fb3
231209 080323.293|INFO|Thread-834|dumpPacket|   key: CONTEST_TIME is: edu.csus.ecs.pc2.core.model.ContestTime edu.csus.ecs.pc2.core.model.ContestTime@745de567
231209 080323.293|INFO|Thread-834|dumpPacket|   key: CLARIFICATION_LIST is: [Ledu.csus.ecs.pc2.core.model.Clarification; [Ledu.csus.ecs.pc2.core.model.Clarification;@315f7588
231209 080323.293|INFO|Thread-834|dumpPacket|   key: CATEGORY_LIST is: [Ledu.csus.ecs.pc2.core.model.Category; [Ledu.csus.ecs.pc2.core.model.Category;@63d88082
231209 080323.293|INFO|Thread-834|dumpPacket|   key: LANGUAGE_LIST is: [Ledu.csus.ecs.pc2.core.model.Language; [Ledu.csus.ecs.pc2.core.model.Language;@a4e4ad
231209 080323.293|INFO|Thread-834|dumpPacket|   key: REMOTE_LOGGED_IN_USERS is: [Ledu.csus.ecs.pc2.core.model.ClientId; [Ledu.csus.ecs.pc2.core.model.ClientId;@1bc94f03
231209 080323.293|INFO|Thread-834|dumpPacket|   key: CONTEST_TIME_LIST is: [Ledu.csus.ecs.pc2.core.model.ContestTime; [Ledu.csus.ecs.pc2.core.model.ContestTime;@51708ac7
231209 080323.293|INFO|Thread-834|dumpPacket|   key: CONNECTION_HANDLE_ID_LIST is: [Ledu.csus.ecs.pc2.core.transport.ConnectionHandlerID; [Ledu.csus.ecs.pc2.core.transport.ConnectionHandlerID;@768bccfb
231209 080323.293|INFO|Thread-834|dumpPacket|   key: PROFILE is: edu.csus.ecs.pc2.core.model.Profile DryRun--6069080675419338087
231209 080323.293|INFO|Thread-834|dumpPacket|   key: CLIENT_ID is: edu.csus.ecs.pc2.core.model.ClientId TEAM69 @ site 1
231209 080323.293|INFO|Thread-834|dumpPacket|   key: SITE_NUMBER is: java.lang.Integer 1
231209 080323.293|INFO|Thread-834|dumpPacket|   key: CONTEST_INFORMATION is: edu.csus.ecs.pc2.core.model.ContestInformation edu.csus.ecs.pc2.core.model.ContestInformation@512dcf0b
231209 080323.293|INFO|Thread-834|dumpPacket|   key: SITE_LIST is: [Ledu.csus.ecs.pc2.core.model.Site; [Ledu.csus.ecs.pc2.core.model.Site;@cd237a
231209 080323.293|INFO|Thread-834|dumpPacket|   key: PROBLEM_DATA_FILES is: [Ledu.csus.ecs.pc2.core.model.ProblemDataFiles; [Ledu.csus.ecs.pc2.core.model.ProblemDataFiles;@553eb716
231209 080323.293|INFO|Thread-834|dumpPacket|   key: JUDGEMENT_LIST is: [Ledu.csus.ecs.pc2.core.model.Judgement; [Ledu.csus.ecs.pc2.core.model.Judgement;@7dfa555e
231209 080323.293|INFO|Thread-834|dumpPacket|   key: PROBLEM_LIST is: [Ledu.csus.ecs.pc2.core.model.Problem; [Ledu.csus.ecs.pc2.core.model.Problem;@4290887d
231209 080323.293|INFO|Thread-834|dumpPacket|   key: GROUP_LIST is: [Ledu.csus.ecs.pc2.core.model.Group; [Ledu.csus.ecs.pc2.core.model.Group;@2b2fb5a6
231209 080323.293|INFO|Thread-834|dumpPacket|   key: LOCAL_LOGGED_IN_USERS is: [Ledu.csus.ecs.pc2.core.model.ClientId; [Ledu.csus.ecs.pc2.core.model.ClientId;@b8921d2
231209 080323.293|INFO|Thread-834|dumpPacket|   key: SERVER_CLOCK_OFFSET is: java.util.GregorianCalendar java.util.GregorianCalendar[time=1702130603276,areFieldsSet=true,areAllFieldsSet=false,lenient=true,zone=sun.util.calendar.ZoneInfo[id="GMT",offset=0,dstSavings=0,useDaylight=false,transitions=0,lastRule=null],firstDayOfWeek=1,minimalDaysInFirstWeek=1,ERA=1,YEAR=2023,MONTH=11,WEEK_OF_YEAR=49,WEEK_OF_MONTH=2,DAY_OF_MONTH=9,DAY_OF_YEAR=343,DAY_OF_WEEK=7,DAY_OF_WEEK_IN_MONTH=2,AM_PM=1,HOUR=2,HOUR_OF_DAY=14,MINUTE=3,SECOND=23,MILLISECOND=276,ZONE_OFFSET=0,DST_OFFSET=0]
231209 080323.293|INFO|Thread-834|dumpPacket|   key: CONTEST_IDENTIFIER is: java.lang.String DryRun--6069080675419338087
231209 080323.293|INFO|Thread-834|dumpPacket|   key: BALLOON_SETTINGS_LIST is: [Ledu.csus.ecs.pc2.core.model.BalloonSettings; [Ledu.csus.ecs.pc2.core.model.BalloonSettings;@24f6c558
231209 080323.293|INFO|Thread-834|dumpPacket|   key: RUN_LIST is: [Ledu.csus.ecs.pc2.core.model.Run; [Ledu.csus.ecs.pc2.core.model.Run;@626362db
231209 080323.293|INFO|Thread-834|dumpPacket|   key: ACCOUNT_ARRAY is: [Ledu.csus.ecs.pc2.core.model.Account; [Ledu.csus.ecs.pc2.core.model.Account;@343779b4
231209 080323.293|INFO|Thread-834|info|handlePacket start Packet[LOGIN_SUCCESS] #429 SERVER0 @ site 1 -> TEAM69 @ site 1
231209 080323.293|INFO|Thread-834|dumpPacket|Packet LOGIN_SUCCESS (Seq #429, o#429 ) handlePacket
231209 080323.293|INFO|Thread-834|dumpPacket|  From: SERVER0 @ site 1, oSERVER0 @ site 1 (DESKTOP-D75BQTV @ 212.212.212.212) (Contest Id: DryRun--6069080675419338087)
231209 080323.293|INFO|Thread-834|dumpPacket|    To: TEAM69 @ site 1
231209 080323.296|INFO|Thread-834|dumpPacket|   key: PROFILE_LIST is: [Ledu.csus.ecs.pc2.core.model.Profile; [Ledu.csus.ecs.pc2.core.model.Profile;@7ea58e17
231209 080323.296|INFO|Thread-834|dumpPacket|   key: GENERAL_PROBLEM is: edu.csus.ecs.pc2.core.model.Problem General
231209 080323.296|INFO|Thread-834|dumpPacket|   key: CLIENT_SETTINGS_LIST is: [Ledu.csus.ecs.pc2.core.model.ClientSettings; [Ledu.csus.ecs.pc2.core.model.ClientSettings;@70627fb3
231209 080323.296|INFO|Thread-834|dumpPacket|   key: CONTEST_TIME is: edu.csus.ecs.pc2.core.model.ContestTime edu.csus.ecs.pc2.core.model.ContestTime@745de567
231209 080323.296|INFO|Thread-834|dumpPacket|   key: CLARIFICATION_LIST is: [Ledu.csus.ecs.pc2.core.model.Clarification; [Ledu.csus.ecs.pc2.core.model.Clarification;@315f7588
231209 080323.296|INFO|Thread-834|dumpPacket|   key: CATEGORY_LIST is: [Ledu.csus.ecs.pc2.core.model.Category; [Ledu.csus.ecs.pc2.core.model.Category;@63d88082
231209 080323.296|INFO|Thread-834|dumpPacket|   key: LANGUAGE_LIST is: [Ledu.csus.ecs.pc2.core.model.Language; [Ledu.csus.ecs.pc2.core.model.Language;@a4e4ad
231209 080323.296|INFO|Thread-834|dumpPacket|   key: REMOTE_LOGGED_IN_USERS is: [Ledu.csus.ecs.pc2.core.model.ClientId; [Ledu.csus.ecs.pc2.core.model.ClientId;@1bc94f03
231209 080323.296|INFO|Thread-834|dumpPacket|   key: CONTEST_TIME_LIST is: [Ledu.csus.ecs.pc2.core.model.ContestTime; [Ledu.csus.ecs.pc2.core.model.ContestTime;@51708ac7
231209 080323.296|INFO|Thread-834|dumpPacket|   key: CONNECTION_HANDLE_ID_LIST is: [Ledu.csus.ecs.pc2.core.transport.ConnectionHandlerID; [Ledu.csus.ecs.pc2.core.transport.ConnectionHandlerID;@768bccfb
231209 080323.296|INFO|Thread-834|dumpPacket|   key: PROFILE is: edu.csus.ecs.pc2.core.model.Profile DryRun--6069080675419338087
231209 080323.296|INFO|Thread-834|dumpPacket|   key: CLIENT_ID is: edu.csus.ecs.pc2.core.model.ClientId TEAM69 @ site 1
231209 080323.296|INFO|Thread-834|dumpPacket|   key: SITE_NUMBER is: java.lang.Integer 1
231209 080323.296|INFO|Thread-834|dumpPacket|   key: CONTEST_INFORMATION is: edu.csus.ecs.pc2.core.model.ContestInformation edu.csus.ecs.pc2.core.model.ContestInformation@512dcf0b
231209 080323.296|INFO|Thread-834|dumpPacket|   key: SITE_LIST is: [Ledu.csus.ecs.pc2.core.model.Site; [Ledu.csus.ecs.pc2.core.model.Site;@cd237a
231209 080323.296|INFO|Thread-834|dumpPacket|   key: PROBLEM_DATA_FILES is: [Ledu.csus.ecs.pc2.core.model.ProblemDataFiles; [Ledu.csus.ecs.pc2.core.model.ProblemDataFiles;@553eb716
231209 080323.296|INFO|Thread-834|dumpPacket|   key: JUDGEMENT_LIST is: [Ledu.csus.ecs.pc2.core.model.Judgement; [Ledu.csus.ecs.pc2.core.model.Judgement;@7dfa555e
231209 080323.296|INFO|Thread-834|dumpPacket|   key: PROBLEM_LIST is: [Ledu.csus.ecs.pc2.core.model.Problem; [Ledu.csus.ecs.pc2.core.model.Problem;@4290887d
231209 080323.296|INFO|Thread-834|dumpPacket|   key: GROUP_LIST is: [Ledu.csus.ecs.pc2.core.model.Group; [Ledu.csus.ecs.pc2.core.model.Group;@2b2fb5a6
231209 080323.296|INFO|Thread-834|dumpPacket|   key: LOCAL_LOGGED_IN_USERS is: [Ledu.csus.ecs.pc2.core.model.ClientId; [Ledu.csus.ecs.pc2.core.model.ClientId;@b8921d2
231209 080323.296|INFO|Thread-834|dumpPacket|   key: SERVER_CLOCK_OFFSET is: java.util.GregorianCalendar java.util.GregorianCalendar[time=1702130603276,areFieldsSet=true,areAllFieldsSet=false,lenient=true,zone=sun.util.calendar.ZoneInfo[id="GMT",offset=0,dstSavings=0,useDaylight=false,transitions=0,lastRule=null],firstDayOfWeek=1,minimalDaysInFirstWeek=1,ERA=1,YEAR=2023,MONTH=11,WEEK_OF_YEAR=49,WEEK_OF_MONTH=2,DAY_OF_MONTH=9,DAY_OF_YEAR=343,DAY_OF_WEEK=7,DAY_OF_WEEK_IN_MONTH=2,AM_PM=1,HOUR=2,HOUR_OF_DAY=14,MINUTE=3,SECOND=23,MILLISECOND=276,ZONE_OFFSET=0,DST_OFFSET=0]
231209 080323.296|INFO|Thread-834|dumpPacket|   key: CONTEST_IDENTIFIER is: java.lang.String DryRun--6069080675419338087
231209 080323.296|INFO|Thread-834|dumpPacket|   key: BALLOON_SETTINGS_LIST is: [Ledu.csus.ecs.pc2.core.model.BalloonSettings; [Ledu.csus.ecs.pc2.core.model.BalloonSettings;@24f6c558
231209 080323.296|INFO|Thread-834|dumpPacket|   key: RUN_LIST is: [Ledu.csus.ecs.pc2.core.model.Run; [Ledu.csus.ecs.pc2.core.model.Run;@626362db
231209 080323.296|INFO|Thread-834|dumpPacket|   key: ACCOUNT_ARRAY is: [Ledu.csus.ecs.pc2.core.model.Account; [Ledu.csus.ecs.pc2.core.model.Account;@343779b4
231209 080544.153|INFO|Thread-1009|run|send(Serializable)
231209 080544.177|INFO|Thread-832|receive|public void receive(SealedObject TransportPacket, ConnectionHandlerID connectionHandlerID)
231209 080607.982|INFO|Thread-832|receive|public void receive(SealedObject TransportPacket, ConnectionHandlerID connectionHandlerID)
231209 103352.663|INFO|Thread-832|receive|public void receive(SealedObject TransportPacket, ConnectionHandlerID connectionHandlerID)
231209 103353.759|INFO|Thread-832|receive|public void receive(SealedObject TransportPacket, ConnectionHandlerID connectionHandlerID)
231209 103356.339|INFO|Thread-832|receive|public void receive(SealedObject TransportPacket, ConnectionHandlerID connectionHandlerID)
231209 103358.750|INFO|Thread-832|receive|public void receive(SealedObject TransportPacket, ConnectionHandlerID connectionHandlerID)
231209 103358.970|INFO|Thread-832|receive|public void receive(SealedObject TransportPacket, ConnectionHandlerID connectionHandlerID)
231209 103359.100|INFO|Thread-832|receive|public void receive(SealedObject TransportPacket, ConnectionHandlerID connectionHandlerID)
231209 103359.250|INFO|Thread-832|receive|public void receive(SealedObject TransportPacket, ConnectionHandlerID connectionHandlerID)
231209 103412.495|INFO|Thread-832|receive|public void receive(SealedObject TransportPacket, ConnectionHandlerID connectionHandlerID)
231209 103439.504|INFO|Thread-832|receive|public void receive(SealedObject TransportPacket, ConnectionHandlerID connectionHandlerID)
231209 103546.969|INFO|Thread-832|connectionDropped|connectionDropped(ConnectionHandlerID myConnectionID) 
