221210 084039.878|CONFIG|Thread-10616|setFileHandlers|Now logging to C:\Users\18328\Desktop\pc2\WebTeamInterface-1.1\logs directory.
221210 084039.878|INFO|Thread-10616|info|
221210 084039.878|INFO|Thread-10616|info|Version 9 () Java ver 18.0.2.1 build  Windows 11 10.0 (amd64) 
221210 084039.879|INFO|Thread-10616|info|Login: team51 (aka team51)
221210 084039.879|INFO|Thread-10616|startLog|Working directory is C:\Users\18328\Desktop\pc2\WebTeamInterface-1.1
221210 084039.879|INFO|Thread-10616|startLog|Process id is 20708@DESKTOP-D75BQTV
221210 084039.879|INFO|Thread-10616|info| handlePacket original LOGIN_SUCCESS after -- all settings loaded 
221210 084039.879|INFO|Thread-10616|info|handlePacket end Packet[LOGIN_SUCCESS] #1391 SERVER0 @ site 1 -> TEAM51 @ site 1
221210 084039.879|INFO|Thread-10616|info| receiveObject(S) end   got Packet[LOGIN_SUCCESS] #1391 SERVER0 @ site 1 -> TEAM51 @ site 1
221210 100707.800|CONFIG|Thread-96|setFileHandlers|Now logging to C:\Users\18328\Desktop\pc2\WebTeamInterface-1.1\logs directory.
221210 100707.800|INFO|Thread-96|info|
221210 100707.800|INFO|Thread-96|info|Version 9 () Java ver 18.0.2.1 build  Windows 11 10.0 (amd64) 
221210 100707.800|INFO|Thread-96|info|Login: team51 (aka team51)
221210 100707.800|INFO|Thread-96|startLog|Working directory is C:\Users\18328\Desktop\pc2\WebTeamInterface-1.1
221210 100707.800|INFO|Thread-96|startLog|Process id is 22344@DESKTOP-D75BQTV
221210 100707.801|INFO|Thread-96|info| handlePacket original LOGIN_SUCCESS after -- all settings loaded 
221210 100707.801|INFO|Thread-96|info|handlePacket end Packet[LOGIN_SUCCESS] #2063 SERVER0 @ site 1 -> TEAM51 @ site 1
221210 100707.801|INFO|Thread-96|info| receiveObject(S) end   got Packet[LOGIN_SUCCESS] #2063 SERVER0 @ site 1 -> TEAM51 @ site 1
221210 100812.961|INFO|qtp1613095350-20|sendToLocalServer|Sending packet to server Packet[RUN_SUBMISSION] #20 TEAM51 @ site 1 -> SERVER0 @ site 1
221210 100812.962|INFO|qtp1613095350-20|sendToLocalServer|Sent    packet to server Packet[RUN_SUBMISSION] #20 TEAM51 @ site 1 -> SERVER0 @ site 1
221210 100812.985|INFO|Thread-164|info| receiveObject(S) start got Packet[RUN_SUBMISSION_CONFIRM] #2088 SERVER0 @ site 1 -> TEAM51 @ site 1
221210 100812.985|INFO|Thread-164|dumpPacket|Packet RUN_SUBMISSION_CONFIRM (Seq #2088, o#2088 ) recieveObject
221210 100812.985|INFO|Thread-164|dumpPacket|  From: SERVER0 @ site 1, oSERVER0 @ site 1 (DESKTOP-D75BQTV @ 212.212.212.212) (Contest Id: DryRun--5544400451244233091)
221210 100812.986|INFO|Thread-164|dumpPacket|    To: TEAM51 @ site 1
221210 100812.986|INFO|Thread-164|dumpPacket|   key: RUN is: edu.csus.ecs.pc2.core.model.Run Run 103 NEW 140 min 8448427ms from TEAM51 @ site 1 id Run--7432035341990733130 problem dryrun--3838966659325508604 lang Java-9059947720623527775
221210 100812.986|INFO|Thread-164|info|handlePacket start Packet[RUN_SUBMISSION_CONFIRM] #2088 SERVER0 @ site 1 -> TEAM51 @ site 1
221210 100812.986|INFO|Thread-164|dumpPacket|Packet RUN_SUBMISSION_CONFIRM (Seq #2088, o#2088 ) handlePacket
221210 100812.986|INFO|Thread-164|dumpPacket|  From: SERVER0 @ site 1, oSERVER0 @ site 1 (DESKTOP-D75BQTV @ 212.212.212.212) (Contest Id: DryRun--5544400451244233091)
221210 100812.986|INFO|Thread-164|dumpPacket|    To: TEAM51 @ site 1
221210 100812.986|INFO|Thread-164|dumpPacket|   key: RUN is: edu.csus.ecs.pc2.core.model.Run Run 103 NEW 140 min 8448427ms from TEAM51 @ site 1 id Run--7432035341990733130 problem dryrun--3838966659325508604 lang Java-9059947720623527775
221210 100812.986|INFO|Thread-164|info| receiveObject(S) end   got Packet[RUN_SUBMISSION_CONFIRM] #2088 SERVER0 @ site 1 -> TEAM51 @ site 1
221210 100856.686|INFO|qtp1613095350-24|sendToLocalServer|Sending packet to server Packet[LOGOUT] #24 TEAM51 @ site 1 -> SERVER0 @ site 1
221210 100856.686|INFO|qtp1613095350-24|sendToLocalServer|Sent    packet to server Packet[LOGOUT] #24 TEAM51 @ site 1 -> SERVER0 @ site 1
221210 101146.233|CONFIG|Thread-777|setFileHandlers|Now logging to C:\Users\18328\Desktop\pc2\WebTeamInterface-1.1\logs directory.
221210 101146.234|INFO|Thread-777|info|
221210 101146.234|INFO|Thread-777|info|Version 9 () Java ver 18.0.2.1 build  Windows 11 10.0 (amd64) 
221210 101146.234|INFO|Thread-777|info|Login: team51 (aka team51)
221210 101146.234|INFO|Thread-777|startLog|Working directory is C:\Users\18328\Desktop\pc2\WebTeamInterface-1.1
221210 101146.234|INFO|Thread-777|startLog|Process id is 22344@DESKTOP-D75BQTV
221210 101146.234|INFO|Thread-777|info| handlePacket original LOGIN_SUCCESS after -- all settings loaded 
221210 101146.234|INFO|Thread-777|info|handlePacket end Packet[LOGIN_SUCCESS] #2337 SERVER0 @ site 1 -> TEAM51 @ site 1
221210 101146.234|INFO|Thread-777|info| receiveObject(S) end   got Packet[LOGIN_SUCCESS] #2337 SERVER0 @ site 1 -> TEAM51 @ site 1
221210 101243.149|INFO|qtp1613095350-117|sendToLocalServer|Sending packet to server Packet[LOGOUT] #93 TEAM51 @ site 1 -> SERVER0 @ site 1
221210 101243.150|INFO|qtp1613095350-117|sendToLocalServer|Sent    packet to server Packet[LOGOUT] #93 TEAM51 @ site 1 -> SERVER0 @ site 1
221210 104112.873|CONFIG|Thread-4138|setFileHandlers|Now logging to C:\Users\18328\Desktop\pc2\WebTeamInterface-1.1\logs directory.
221210 104112.874|INFO|Thread-4138|info|
221210 104112.874|INFO|Thread-4138|info|Version 9 () Java ver 18.0.2.1 build  Windows 11 10.0 (amd64) 
221210 104112.874|INFO|Thread-4138|info|Login: team51 (aka team51)
221210 104112.874|INFO|Thread-4138|startLog|Working directory is C:\Users\18328\Desktop\pc2\WebTeamInterface-1.1
221210 104112.874|INFO|Thread-4138|startLog|Process id is 22344@DESKTOP-D75BQTV
221210 104112.874|INFO|Thread-4138|info| handlePacket original LOGIN_SUCCESS after -- all settings loaded 
221210 104112.874|INFO|Thread-4138|info|handlePacket end Packet[LOGIN_SUCCESS] #3055 SERVER0 @ site 1 -> TEAM51 @ site 1
221210 104112.874|INFO|Thread-4138|info| receiveObject(S) end   got Packet[LOGIN_SUCCESS] #3055 SERVER0 @ site 1 -> TEAM51 @ site 1
221210 104406.144|INFO|Thread-4298|info| receiveObject(S) start got Packet[UPDATE_SETTING] #3140 SERVER0 @ site 1 -> SERVER0 @ site 0
221210 104406.144|INFO|Thread-4298|dumpPacket|Packet UPDATE_SETTING (Seq #3140, o#140 ) recieveObject
221210 104406.144|INFO|Thread-4298|dumpPacket|  From: SERVER0 @ site 1, oADMINISTRATOR1 @ site 1 (DESKTOP-D75BQTV @ 212.212.212.212) (Contest Id: Contest-4511288556462302159)
221210 104406.144|INFO|Thread-4298|dumpPacket|    To: SERVER0 @ site 0
221210 104406.144|INFO|Thread-4298|dumpPacket|   key: CONTEST_TIME is: edu.csus.ecs.pc2.core.model.ContestTime edu.csus.ecs.pc2.core.model.ContestTime@7c33d089
221210 104406.144|INFO|Thread-4298|info|handlePacket start Packet[UPDATE_SETTING] #3140 SERVER0 @ site 1 -> SERVER0 @ site 0
221210 104406.144|INFO|Thread-4298|dumpPacket|Packet UPDATE_SETTING (Seq #3140, o#140 ) handlePacket
221210 104406.144|INFO|Thread-4298|dumpPacket|  From: SERVER0 @ site 1, oADMINISTRATOR1 @ site 1 (DESKTOP-D75BQTV @ 212.212.212.212) (Contest Id: Contest-4511288556462302159)
221210 104406.144|INFO|Thread-4298|dumpPacket|    To: SERVER0 @ site 0
221210 104406.144|INFO|Thread-4298|dumpPacket|   key: CONTEST_TIME is: edu.csus.ecs.pc2.core.model.ContestTime edu.csus.ecs.pc2.core.model.ContestTime@7c33d089
221210 104406.144|INFO|Thread-4298|info|handlePacket end Packet[UPDATE_SETTING] #3140 SERVER0 @ site 1 -> SERVER0 @ site 0
221210 104406.144|INFO|Thread-4298|info| receiveObject(S) end   got Packet[UPDATE_SETTING] #3140 SERVER0 @ site 1 -> SERVER0 @ site 0
221210 104406.207|INFO|Thread-4468|info| receiveObject(S) start got Packet[UPDATE_SETTING] #3141 SERVER0 @ site 1 -> SERVER0 @ site 0
221210 104406.207|INFO|Thread-4468|dumpPacket|Packet UPDATE_SETTING (Seq #3141, o#141 ) recieveObject
221210 104406.207|INFO|Thread-4468|dumpPacket|  From: SERVER0 @ site 1, oADMINISTRATOR1 @ site 1 (DESKTOP-D75BQTV @ 212.212.212.212) (Contest Id: Contest-4511288556462302159)
221210 104406.207|INFO|Thread-4468|dumpPacket|    To: SERVER0 @ site 0
221210 104406.207|INFO|Thread-4468|dumpPacket|   key: CONTEST_INFORMATION is: edu.csus.ecs.pc2.core.model.ContestInformation edu.csus.ecs.pc2.core.model.ContestInformation@63463cc9
221210 104406.208|INFO|Thread-4468|info|handlePacket start Packet[UPDATE_SETTING] #3141 SERVER0 @ site 1 -> SERVER0 @ site 0
221210 104406.208|INFO|Thread-4468|dumpPacket|Packet UPDATE_SETTING (Seq #3141, o#141 ) handlePacket
221210 104406.208|INFO|Thread-4468|dumpPacket|  From: SERVER0 @ site 1, oADMINISTRATOR1 @ site 1 (DESKTOP-D75BQTV @ 212.212.212.212) (Contest Id: Contest-4511288556462302159)
221210 104406.208|INFO|Thread-4468|dumpPacket|    To: SERVER0 @ site 0
221210 104406.208|INFO|Thread-4468|dumpPacket|   key: CONTEST_INFORMATION is: edu.csus.ecs.pc2.core.model.ContestInformation edu.csus.ecs.pc2.core.model.ContestInformation@63463cc9
221210 104406.208|INFO|Thread-4468|info|handlePacket end Packet[UPDATE_SETTING] #3141 SERVER0 @ site 1 -> SERVER0 @ site 0
221210 104406.208|INFO|Thread-4468|info| receiveObject(S) end   got Packet[UPDATE_SETTING] #3141 SERVER0 @ site 1 -> SERVER0 @ site 0
221210 104717.871|INFO|Thread-4732|info| receiveObject(S) start got Packet[CLOCK_STARTED] #3170 SERVER0 @ site 1 -> SERVER0 @ site 0
221210 104717.871|INFO|Thread-4732|dumpPacket|Packet CLOCK_STARTED (Seq #3170, o#3170 ) recieveObject
221210 104717.871|INFO|Thread-4732|dumpPacket|  From: SERVER0 @ site 1, oSERVER0 @ site 1 (DESKTOP-D75BQTV @ 212.212.212.212) (Contest Id: Contest-4511288556462302159)
221210 104717.871|INFO|Thread-4732|dumpPacket|    To: SERVER0 @ site 0
221210 104717.871|INFO|Thread-4732|dumpPacket|   key: SITE_NUMBER is: java.lang.Integer 1
221210 104717.871|INFO|Thread-4732|dumpPacket|   key: CLIENT_ID is: edu.csus.ecs.pc2.core.model.ClientId ADMINISTRATOR1 @ site 1
221210 104717.871|INFO|Thread-4732|dumpPacket|   key: SERVER_CLOCK_OFFSET is: java.util.GregorianCalendar java.util.GregorianCalendar[time=1670690837864,areFieldsSet=true,areAllFieldsSet=false,lenient=true,zone=sun.util.calendar.ZoneInfo[id="GMT",offset=0,dstSavings=0,useDaylight=false,transitions=0,lastRule=null],firstDayOfWeek=1,minimalDaysInFirstWeek=1,ERA=1,YEAR=2022,MONTH=11,WEEK_OF_YEAR=50,WEEK_OF_MONTH=2,DAY_OF_MONTH=10,DAY_OF_YEAR=344,DAY_OF_WEEK=7,DAY_OF_WEEK_IN_MONTH=2,AM_PM=1,HOUR=4,HOUR_OF_DAY=16,MINUTE=47,SECOND=17,MILLISECOND=864,ZONE_OFFSET=0,DST_OFFSET=0]
221210 104717.871|INFO|Thread-4732|info|handlePacket start Packet[CLOCK_STARTED] #3170 SERVER0 @ site 1 -> SERVER0 @ site 0
221210 104717.871|INFO|Thread-4732|dumpPacket|Packet CLOCK_STARTED (Seq #3170, o#3170 ) handlePacket
221210 104717.871|INFO|Thread-4732|dumpPacket|  From: SERVER0 @ site 1, oSERVER0 @ site 1 (DESKTOP-D75BQTV @ 212.212.212.212) (Contest Id: Contest-4511288556462302159)
221210 104717.871|INFO|Thread-4732|dumpPacket|    To: SERVER0 @ site 0
221210 104717.871|INFO|Thread-4732|dumpPacket|   key: SITE_NUMBER is: java.lang.Integer 1
221210 104717.871|INFO|Thread-4732|dumpPacket|   key: CLIENT_ID is: edu.csus.ecs.pc2.core.model.ClientId ADMINISTRATOR1 @ site 1
221210 104717.871|INFO|Thread-4732|dumpPacket|   key: SERVER_CLOCK_OFFSET is: java.util.GregorianCalendar java.util.GregorianCalendar[time=1670690837864,areFieldsSet=true,areAllFieldsSet=false,lenient=true,zone=sun.util.calendar.ZoneInfo[id="GMT",offset=0,dstSavings=0,useDaylight=false,transitions=0,lastRule=null],firstDayOfWeek=1,minimalDaysInFirstWeek=1,ERA=1,YEAR=2022,MONTH=11,WEEK_OF_YEAR=50,WEEK_OF_MONTH=2,DAY_OF_MONTH=10,DAY_OF_YEAR=344,DAY_OF_WEEK=7,DAY_OF_WEEK_IN_MONTH=2,AM_PM=1,HOUR=4,HOUR_OF_DAY=16,MINUTE=47,SECOND=17,MILLISECOND=864,ZONE_OFFSET=0,DST_OFFSET=0]
221210 104717.871|INFO|Thread-4732|info|Clock for site 1 started by ADMINISTRATOR1 @ site 1 elapsed 0:00:00
221210 104717.872|INFO|Thread-4732|info| receiveObject(S) end   got Packet[CLOCK_STARTED] #3170 SERVER0 @ site 1 -> SERVER0 @ site 0
221210 104718.626|INFO|Thread-4977|info| receiveObject(S) start got Packet[CLOCK_STARTED] #3171 SERVER0 @ site 1 -> SERVER0 @ site 0
221210 104718.626|INFO|Thread-4977|dumpPacket|Packet CLOCK_STARTED (Seq #3171, o#3171 ) recieveObject
221210 104718.626|INFO|Thread-4977|dumpPacket|  From: SERVER0 @ site 1, oSERVER0 @ site 1 (DESKTOP-D75BQTV @ 212.212.212.212) (Contest Id: Contest-4511288556462302159)
221210 104718.626|INFO|Thread-4977|dumpPacket|    To: SERVER0 @ site 0
221210 104718.626|INFO|Thread-4977|dumpPacket|   key: SITE_NUMBER is: java.lang.Integer 1
221210 104718.626|INFO|Thread-4977|dumpPacket|   key: CLIENT_ID is: edu.csus.ecs.pc2.core.model.ClientId ADMINISTRATOR1 @ site 1
221210 104718.626|INFO|Thread-4977|dumpPacket|   key: SERVER_CLOCK_OFFSET is: java.util.GregorianCalendar java.util.GregorianCalendar[time=1670690838621,areFieldsSet=true,areAllFieldsSet=false,lenient=true,zone=sun.util.calendar.ZoneInfo[id="GMT",offset=0,dstSavings=0,useDaylight=false,transitions=0,lastRule=null],firstDayOfWeek=1,minimalDaysInFirstWeek=1,ERA=1,YEAR=2022,MONTH=11,WEEK_OF_YEAR=50,WEEK_OF_MONTH=2,DAY_OF_MONTH=10,DAY_OF_YEAR=344,DAY_OF_WEEK=7,DAY_OF_WEEK_IN_MONTH=2,AM_PM=1,HOUR=4,HOUR_OF_DAY=16,MINUTE=47,SECOND=18,MILLISECOND=621,ZONE_OFFSET=0,DST_OFFSET=0]
221210 104718.626|INFO|Thread-4977|info|handlePacket start Packet[CLOCK_STARTED] #3171 SERVER0 @ site 1 -> SERVER0 @ site 0
221210 104718.626|INFO|Thread-4977|dumpPacket|Packet CLOCK_STARTED (Seq #3171, o#3171 ) handlePacket
221210 104718.626|INFO|Thread-4977|dumpPacket|  From: SERVER0 @ site 1, oSERVER0 @ site 1 (DESKTOP-D75BQTV @ 212.212.212.212) (Contest Id: Contest-4511288556462302159)
221210 104718.626|INFO|Thread-4977|dumpPacket|    To: SERVER0 @ site 0
221210 104718.626|INFO|Thread-4977|dumpPacket|   key: SITE_NUMBER is: java.lang.Integer 1
221210 104718.626|INFO|Thread-4977|dumpPacket|   key: CLIENT_ID is: edu.csus.ecs.pc2.core.model.ClientId ADMINISTRATOR1 @ site 1
221210 104718.626|INFO|Thread-4977|dumpPacket|   key: SERVER_CLOCK_OFFSET is: java.util.GregorianCalendar java.util.GregorianCalendar[time=1670690838621,areFieldsSet=true,areAllFieldsSet=false,lenient=true,zone=sun.util.calendar.ZoneInfo[id="GMT",offset=0,dstSavings=0,useDaylight=false,transitions=0,lastRule=null],firstDayOfWeek=1,minimalDaysInFirstWeek=1,ERA=1,YEAR=2022,MONTH=11,WEEK_OF_YEAR=50,WEEK_OF_MONTH=2,DAY_OF_MONTH=10,DAY_OF_YEAR=344,DAY_OF_WEEK=7,DAY_OF_WEEK_IN_MONTH=2,AM_PM=1,HOUR=4,HOUR_OF_DAY=16,MINUTE=47,SECOND=18,MILLISECOND=621,ZONE_OFFSET=0,DST_OFFSET=0]
221210 104718.627|INFO|Thread-4977|info|Clock for site 1 started by ADMINISTRATOR1 @ site 1 elapsed 0:00:00
221210 104718.632|INFO|Thread-4977|info| receiveObject(S) end   got Packet[CLOCK_STARTED] #3171 SERVER0 @ site 1 -> SERVER0 @ site 0
221210 104719.254|INFO|Thread-5456|info| receiveObject(S) start got Packet[CLOCK_STARTED] #3172 SERVER0 @ site 1 -> SERVER0 @ site 0
221210 104719.254|INFO|Thread-5456|dumpPacket|Packet CLOCK_STARTED (Seq #3172, o#3172 ) recieveObject
221210 104719.255|INFO|Thread-5456|dumpPacket|  From: SERVER0 @ site 1, oSERVER0 @ site 1 (DESKTOP-D75BQTV @ 212.212.212.212) (Contest Id: Contest-4511288556462302159)
221210 104719.255|INFO|Thread-5456|dumpPacket|    To: SERVER0 @ site 0
221210 104719.255|INFO|Thread-5456|dumpPacket|   key: SITE_NUMBER is: java.lang.Integer 1
221210 104719.255|INFO|Thread-5456|dumpPacket|   key: CLIENT_ID is: edu.csus.ecs.pc2.core.model.ClientId ADMINISTRATOR1 @ site 1
221210 104719.255|INFO|Thread-5456|dumpPacket|   key: SERVER_CLOCK_OFFSET is: java.util.GregorianCalendar java.util.GregorianCalendar[time=1670690839204,areFieldsSet=true,areAllFieldsSet=false,lenient=true,zone=sun.util.calendar.ZoneInfo[id="GMT",offset=0,dstSavings=0,useDaylight=false,transitions=0,lastRule=null],firstDayOfWeek=1,minimalDaysInFirstWeek=1,ERA=1,YEAR=2022,MONTH=11,WEEK_OF_YEAR=50,WEEK_OF_MONTH=2,DAY_OF_MONTH=10,DAY_OF_YEAR=344,DAY_OF_WEEK=7,DAY_OF_WEEK_IN_MONTH=2,AM_PM=1,HOUR=4,HOUR_OF_DAY=16,MINUTE=47,SECOND=19,MILLISECOND=204,ZONE_OFFSET=0,DST_OFFSET=0]
221210 104719.255|INFO|Thread-5456|info|handlePacket start Packet[CLOCK_STARTED] #3172 SERVER0 @ site 1 -> SERVER0 @ site 0
221210 104719.255|INFO|Thread-5456|dumpPacket|Packet CLOCK_STARTED (Seq #3172, o#3172 ) handlePacket
221210 104719.255|INFO|Thread-5456|dumpPacket|  From: SERVER0 @ site 1, oSERVER0 @ site 1 (DESKTOP-D75BQTV @ 212.212.212.212) (Contest Id: Contest-4511288556462302159)
221210 104719.255|INFO|Thread-5456|dumpPacket|    To: SERVER0 @ site 0
221210 104719.255|INFO|Thread-5456|dumpPacket|   key: SITE_NUMBER is: java.lang.Integer 1
221210 104719.255|INFO|Thread-5456|dumpPacket|   key: CLIENT_ID is: edu.csus.ecs.pc2.core.model.ClientId ADMINISTRATOR1 @ site 1
221210 104719.255|INFO|Thread-5456|dumpPacket|   key: SERVER_CLOCK_OFFSET is: java.util.GregorianCalendar java.util.GregorianCalendar[time=1670690839204,areFieldsSet=true,areAllFieldsSet=false,lenient=true,zone=sun.util.calendar.ZoneInfo[id="GMT",offset=0,dstSavings=0,useDaylight=false,transitions=0,lastRule=null],firstDayOfWeek=1,minimalDaysInFirstWeek=1,ERA=1,YEAR=2022,MONTH=11,WEEK_OF_YEAR=50,WEEK_OF_MONTH=2,DAY_OF_MONTH=10,DAY_OF_YEAR=344,DAY_OF_WEEK=7,DAY_OF_WEEK_IN_MONTH=2,AM_PM=1,HOUR=4,HOUR_OF_DAY=16,MINUTE=47,SECOND=19,MILLISECOND=204,ZONE_OFFSET=0,DST_OFFSET=0]
221210 104719.255|INFO|Thread-5456|info|Clock for site 1 started by ADMINISTRATOR1 @ site 1 elapsed 0:00:01
221210 104719.255|INFO|Thread-5456|info| receiveObject(S) end   got Packet[CLOCK_STARTED] #3172 SERVER0 @ site 1 -> SERVER0 @ site 0
221210 110018.039|INFO|qtp1613095350-4160|sendToLocalServer|Sending packet to server Packet[RUN_SUBMISSION] #261 TEAM51 @ site 1 -> SERVER0 @ site 1
221210 110018.039|INFO|qtp1613095350-4160|sendToLocalServer|Sent    packet to server Packet[RUN_SUBMISSION] #261 TEAM51 @ site 1 -> SERVER0 @ site 1
221210 110018.048|INFO|Thread-14115|info| receiveObject(S) start got Packet[RUN_SUBMISSION_CONFIRM] #3398 SERVER0 @ site 1 -> TEAM51 @ site 1
221210 110018.048|INFO|Thread-14115|dumpPacket|Packet RUN_SUBMISSION_CONFIRM (Seq #3398, o#3398 ) recieveObject
221210 110018.048|INFO|Thread-14115|dumpPacket|  From: SERVER0 @ site 1, oSERVER0 @ site 1 (DESKTOP-D75BQTV @ 212.212.212.212) (Contest Id: Contest-4511288556462302159)
221210 110018.048|INFO|Thread-14115|dumpPacket|    To: TEAM51 @ site 1
221210 110018.048|INFO|Thread-14115|dumpPacket|   key: RUN is: edu.csus.ecs.pc2.core.model.Run Run 31 NEW 13 min 780177ms from TEAM51 @ site 1 id Run--2323548145825447585 problem trianguls-3533366483522833389 lang Java-8995311559554510087
221210 110018.048|INFO|Thread-14115|info|handlePacket start Packet[RUN_SUBMISSION_CONFIRM] #3398 SERVER0 @ site 1 -> TEAM51 @ site 1
221210 110018.048|INFO|Thread-14115|dumpPacket|Packet RUN_SUBMISSION_CONFIRM (Seq #3398, o#3398 ) handlePacket
221210 110018.048|INFO|Thread-14115|dumpPacket|  From: SERVER0 @ site 1, oSERVER0 @ site 1 (DESKTOP-D75BQTV @ 212.212.212.212) (Contest Id: Contest-4511288556462302159)
221210 110018.049|INFO|Thread-14115|dumpPacket|    To: TEAM51 @ site 1
221210 110018.049|INFO|Thread-14115|dumpPacket|   key: RUN is: edu.csus.ecs.pc2.core.model.Run Run 31 NEW 13 min 780177ms from TEAM51 @ site 1 id Run--2323548145825447585 problem trianguls-3533366483522833389 lang Java-8995311559554510087
221210 110018.049|INFO|Thread-14115|info| receiveObject(S) end   got Packet[RUN_SUBMISSION_CONFIRM] #3398 SERVER0 @ site 1 -> TEAM51 @ site 1
221210 110055.654|INFO|Thread-16136|info| receiveObject(S) start got Packet[RUN_JUDGEMENT] #3436 SERVER0 @ site 1 -> TEAM51 @ site 1
221210 110055.654|INFO|Thread-16136|dumpPacket|Packet RUN_JUDGEMENT (Seq #3436, o#3436 ) recieveObject
221210 110055.654|INFO|Thread-16136|dumpPacket|  From: SERVER0 @ site 1, oSERVER0 @ site 1 (DESKTOP-D75BQTV @ 212.212.212.212) (Contest Id: Contest-4511288556462302159)
221210 110055.654|INFO|Thread-16136|dumpPacket|    To: TEAM51 @ site 1
221210 110055.654|INFO|Thread-16136|dumpPacket|   key: JUDGEMENT_RECORD is: edu.csus.ecs.pc2.core.model.JudgementRecord No by ADMINISTRATOR1 @ site 1 judgement No_-_Wrong_Answer-6447267484138471978 id JudgementRecord--2257615501809204573
221210 110055.654|INFO|Thread-16136|dumpPacket|   key: RUN is: edu.csus.ecs.pc2.core.model.Run Run 31 JUDGED 13 min 780177ms from TEAM51 @ site 1 id Run--2323548145825447585 problem trianguls-3533366483522833389 lang Java-8995311559554510087
221210 110055.654|INFO|Thread-16136|dumpPacket|   key: CLIENT_ID is: edu.csus.ecs.pc2.core.model.ClientId SERVER0 @ site 1
221210 110055.654|INFO|Thread-16136|info|handlePacket start Packet[RUN_JUDGEMENT] #3436 SERVER0 @ site 1 -> TEAM51 @ site 1
221210 110055.654|INFO|Thread-16136|dumpPacket|Packet RUN_JUDGEMENT (Seq #3436, o#3436 ) handlePacket
221210 110055.654|INFO|Thread-16136|dumpPacket|  From: SERVER0 @ site 1, oSERVER0 @ site 1 (DESKTOP-D75BQTV @ 212.212.212.212) (Contest Id: Contest-4511288556462302159)
221210 110055.655|INFO|Thread-16136|dumpPacket|    To: TEAM51 @ site 1
221210 110055.655|INFO|Thread-16136|dumpPacket|   key: JUDGEMENT_RECORD is: edu.csus.ecs.pc2.core.model.JudgementRecord No by ADMINISTRATOR1 @ site 1 judgement No_-_Wrong_Answer-6447267484138471978 id JudgementRecord--2257615501809204573
221210 110055.655|INFO|Thread-16136|dumpPacket|   key: RUN is: edu.csus.ecs.pc2.core.model.Run Run 31 JUDGED 13 min 780177ms from TEAM51 @ site 1 id Run--2323548145825447585 problem trianguls-3533366483522833389 lang Java-8995311559554510087
221210 110055.655|INFO|Thread-16136|dumpPacket|   key: CLIENT_ID is: edu.csus.ecs.pc2.core.model.ClientId SERVER0 @ site 1
221210 110055.655|INFO|Thread-16136|info| receiveObject(S) end   got Packet[RUN_JUDGEMENT] #3436 SERVER0 @ site 1 -> TEAM51 @ site 1
221210 110836.045|INFO|qtp1613095350-4117|sendToLocalServer|Sending packet to server Packet[RUN_SUBMISSION] #316 TEAM51 @ site 1 -> SERVER0 @ site 1
221210 110836.045|INFO|qtp1613095350-4117|sendToLocalServer|Sent    packet to server Packet[RUN_SUBMISSION] #316 TEAM51 @ site 1 -> SERVER0 @ site 1
221210 110836.094|INFO|Thread-29145|info| receiveObject(S) start got Packet[RUN_SUBMISSION_CONFIRM] #3739 SERVER0 @ site 1 -> TEAM51 @ site 1
221210 110836.094|INFO|Thread-29145|dumpPacket|Packet RUN_SUBMISSION_CONFIRM (Seq #3739, o#3739 ) recieveObject
221210 110836.094|INFO|Thread-29145|dumpPacket|  From: SERVER0 @ site 1, oSERVER0 @ site 1 (DESKTOP-D75BQTV @ 212.212.212.212) (Contest Id: Contest-4511288556462302159)
221210 110836.094|INFO|Thread-29145|dumpPacket|    To: TEAM51 @ site 1
221210 110836.094|INFO|Thread-29145|dumpPacket|   key: RUN is: edu.csus.ecs.pc2.core.model.Run Run 75 NEW 21 min 1278184ms from TEAM51 @ site 1 id Run--3683598362605254160 problem chikhen--7199110387462942549 lang Java-8995311559554510087
221210 110836.094|INFO|Thread-29145|info|handlePacket start Packet[RUN_SUBMISSION_CONFIRM] #3739 SERVER0 @ site 1 -> TEAM51 @ site 1
221210 110836.094|INFO|Thread-29145|dumpPacket|Packet RUN_SUBMISSION_CONFIRM (Seq #3739, o#3739 ) handlePacket
221210 110836.094|INFO|Thread-29145|dumpPacket|  From: SERVER0 @ site 1, oSERVER0 @ site 1 (DESKTOP-D75BQTV @ 212.212.212.212) (Contest Id: Contest-4511288556462302159)
221210 110836.094|INFO|Thread-29145|dumpPacket|    To: TEAM51 @ site 1
221210 110836.094|INFO|Thread-29145|dumpPacket|   key: RUN is: edu.csus.ecs.pc2.core.model.Run Run 75 NEW 21 min 1278184ms from TEAM51 @ site 1 id Run--3683598362605254160 problem chikhen--7199110387462942549 lang Java-8995311559554510087
221210 110836.094|INFO|Thread-29145|info| receiveObject(S) end   got Packet[RUN_SUBMISSION_CONFIRM] #3739 SERVER0 @ site 1 -> TEAM51 @ site 1
221210 110846.001|INFO|Thread-29480|info| receiveObject(S) start got Packet[RUN_JUDGEMENT] #3748 SERVER0 @ site 1 -> TEAM51 @ site 1
221210 110846.001|INFO|Thread-29480|dumpPacket|Packet RUN_JUDGEMENT (Seq #3748, o#3748 ) recieveObject
221210 110846.001|INFO|Thread-29480|dumpPacket|  From: SERVER0 @ site 1, oSERVER0 @ site 1 (DESKTOP-D75BQTV @ 212.212.212.212) (Contest Id: Contest-4511288556462302159)
221210 110846.001|INFO|Thread-29480|dumpPacket|    To: TEAM51 @ site 1
221210 110846.001|INFO|Thread-29480|dumpPacket|   key: JUDGEMENT_RECORD is: edu.csus.ecs.pc2.core.model.JudgementRecord No by JUDGE3 @ site 1 judgement No_-_Run-time_Error-1684107503433947064 id JudgementRecord--6688878670028580014
221210 110846.001|INFO|Thread-29480|dumpPacket|   key: RUN is: edu.csus.ecs.pc2.core.model.Run Run 75 JUDGED 21 min 1278184ms from TEAM51 @ site 1 id Run--3683598362605254160 problem chikhen--7199110387462942549 lang Java-8995311559554510087
221210 110846.001|INFO|Thread-29480|dumpPacket|   key: CLIENT_ID is: edu.csus.ecs.pc2.core.model.ClientId SERVER0 @ site 1
221210 110846.001|INFO|Thread-29480|info|handlePacket start Packet[RUN_JUDGEMENT] #3748 SERVER0 @ site 1 -> TEAM51 @ site 1
221210 110846.001|INFO|Thread-29480|dumpPacket|Packet RUN_JUDGEMENT (Seq #3748, o#3748 ) handlePacket
221210 110846.001|INFO|Thread-29480|dumpPacket|  From: SERVER0 @ site 1, oSERVER0 @ site 1 (DESKTOP-D75BQTV @ 212.212.212.212) (Contest Id: Contest-4511288556462302159)
221210 110846.001|INFO|Thread-29480|dumpPacket|    To: TEAM51 @ site 1
221210 110846.001|INFO|Thread-29480|dumpPacket|   key: JUDGEMENT_RECORD is: edu.csus.ecs.pc2.core.model.JudgementRecord No by JUDGE3 @ site 1 judgement No_-_Run-time_Error-1684107503433947064 id JudgementRecord--6688878670028580014
221210 110846.001|INFO|Thread-29480|dumpPacket|   key: RUN is: edu.csus.ecs.pc2.core.model.Run Run 75 JUDGED 21 min 1278184ms from TEAM51 @ site 1 id Run--3683598362605254160 problem chikhen--7199110387462942549 lang Java-8995311559554510087
221210 110846.001|INFO|Thread-29480|dumpPacket|   key: CLIENT_ID is: edu.csus.ecs.pc2.core.model.ClientId SERVER0 @ site 1
221210 110846.001|INFO|Thread-29480|info| receiveObject(S) end   got Packet[RUN_JUDGEMENT] #3748 SERVER0 @ site 1 -> TEAM51 @ site 1
221210 110956.877|INFO|qtp1613095350-3538|sendToLocalServer|Sending packet to server Packet[RUN_SUBMISSION] #324 TEAM51 @ site 1 -> SERVER0 @ site 1
221210 110956.877|INFO|qtp1613095350-3538|sendToLocalServer|Sent    packet to server Packet[RUN_SUBMISSION] #324 TEAM51 @ site 1 -> SERVER0 @ site 1
221210 110956.999|INFO|Thread-31815|info| receiveObject(S) start got Packet[RUN_SUBMISSION_CONFIRM] #3789 SERVER0 @ site 1 -> TEAM51 @ site 1
221210 110957.000|INFO|Thread-31815|dumpPacket|Packet RUN_SUBMISSION_CONFIRM (Seq #3789, o#3789 ) recieveObject
221210 110957.000|INFO|Thread-31815|dumpPacket|  From: SERVER0 @ site 1, oSERVER0 @ site 1 (DESKTOP-D75BQTV @ 212.212.212.212) (Contest Id: Contest-4511288556462302159)
221210 110957.000|INFO|Thread-31815|dumpPacket|    To: TEAM51 @ site 1
221210 110957.000|INFO|Thread-31815|dumpPacket|   key: RUN is: edu.csus.ecs.pc2.core.model.Run Run 83 NEW 22 min 1359021ms from TEAM51 @ site 1 id Run--4786303046846262136 problem trianguls-3533366483522833389 lang Java-8995311559554510087
221210 110957.000|INFO|Thread-31815|info|handlePacket start Packet[RUN_SUBMISSION_CONFIRM] #3789 SERVER0 @ site 1 -> TEAM51 @ site 1
221210 110957.000|INFO|Thread-31815|dumpPacket|Packet RUN_SUBMISSION_CONFIRM (Seq #3789, o#3789 ) handlePacket
221210 110957.000|INFO|Thread-31815|dumpPacket|  From: SERVER0 @ site 1, oSERVER0 @ site 1 (DESKTOP-D75BQTV @ 212.212.212.212) (Contest Id: Contest-4511288556462302159)
221210 110957.000|INFO|Thread-31815|dumpPacket|    To: TEAM51 @ site 1
221210 110957.000|INFO|Thread-31815|dumpPacket|   key: RUN is: edu.csus.ecs.pc2.core.model.Run Run 83 NEW 22 min 1359021ms from TEAM51 @ site 1 id Run--4786303046846262136 problem trianguls-3533366483522833389 lang Java-8995311559554510087
221210 110957.079|INFO|Thread-31815|info| receiveObject(S) end   got Packet[RUN_SUBMISSION_CONFIRM] #3789 SERVER0 @ site 1 -> TEAM51 @ site 1
221210 111016.596|INFO|Thread-32486|info| receiveObject(S) start got Packet[RUN_JUDGEMENT] #3805 SERVER0 @ site 1 -> TEAM51 @ site 1
221210 111016.596|INFO|Thread-32486|dumpPacket|Packet RUN_JUDGEMENT (Seq #3805, o#3805 ) recieveObject
221210 111016.596|INFO|Thread-32486|dumpPacket|  From: SERVER0 @ site 1, oSERVER0 @ site 1 (DESKTOP-D75BQTV @ 212.212.212.212) (Contest Id: Contest-4511288556462302159)
221210 111016.596|INFO|Thread-32486|dumpPacket|    To: TEAM51 @ site 1
221210 111016.596|INFO|Thread-32486|dumpPacket|   key: JUDGEMENT_RECORD is: edu.csus.ecs.pc2.core.model.JudgementRecord No by JUDGE1 @ site 1 judgement No_-_Wrong_Answer-6447267484138471978 id JudgementRecord-7786042328736816997
221210 111016.596|INFO|Thread-32486|dumpPacket|   key: RUN is: edu.csus.ecs.pc2.core.model.Run Run 83 JUDGED 22 min 1359021ms from TEAM51 @ site 1 id Run--4786303046846262136 problem trianguls-3533366483522833389 lang Java-8995311559554510087
221210 111016.596|INFO|Thread-32486|dumpPacket|   key: CLIENT_ID is: edu.csus.ecs.pc2.core.model.ClientId SERVER0 @ site 1
221210 111016.596|INFO|Thread-32486|info|handlePacket start Packet[RUN_JUDGEMENT] #3805 SERVER0 @ site 1 -> TEAM51 @ site 1
221210 111016.596|INFO|Thread-32486|dumpPacket|Packet RUN_JUDGEMENT (Seq #3805, o#3805 ) handlePacket
221210 111016.596|INFO|Thread-32486|dumpPacket|  From: SERVER0 @ site 1, oSERVER0 @ site 1 (DESKTOP-D75BQTV @ 212.212.212.212) (Contest Id: Contest-4511288556462302159)
221210 111016.596|INFO|Thread-32486|dumpPacket|    To: TEAM51 @ site 1
221210 111016.596|INFO|Thread-32486|dumpPacket|   key: JUDGEMENT_RECORD is: edu.csus.ecs.pc2.core.model.JudgementRecord No by JUDGE1 @ site 1 judgement No_-_Wrong_Answer-6447267484138471978 id JudgementRecord-7786042328736816997
221210 111016.596|INFO|Thread-32486|dumpPacket|   key: RUN is: edu.csus.ecs.pc2.core.model.Run Run 83 JUDGED 22 min 1359021ms from TEAM51 @ site 1 id Run--4786303046846262136 problem trianguls-3533366483522833389 lang Java-8995311559554510087
221210 111016.596|INFO|Thread-32486|dumpPacket|   key: CLIENT_ID is: edu.csus.ecs.pc2.core.model.ClientId SERVER0 @ site 1
221210 111016.596|INFO|Thread-32486|info| receiveObject(S) end   got Packet[RUN_JUDGEMENT] #3805 SERVER0 @ site 1 -> TEAM51 @ site 1
221210 111755.400|INFO|qtp1613095350-30166|sendToLocalServer|Sending packet to server Packet[RUN_SUBMISSION] #372 TEAM51 @ site 1 -> SERVER0 @ site 1
221210 111755.400|INFO|qtp1613095350-30166|sendToLocalServer|Sent    packet to server Packet[RUN_SUBMISSION] #372 TEAM51 @ site 1 -> SERVER0 @ site 1
221210 111755.425|INFO|Thread-46059|info| receiveObject(S) start got Packet[RUN_SUBMISSION_CONFIRM] #4082 SERVER0 @ site 1 -> TEAM51 @ site 1
221210 111755.425|INFO|Thread-46059|dumpPacket|Packet RUN_SUBMISSION_CONFIRM (Seq #4082, o#4082 ) recieveObject
221210 111755.425|INFO|Thread-46059|dumpPacket|  From: SERVER0 @ site 1, oSERVER0 @ site 1 (DESKTOP-D75BQTV @ 212.212.212.212) (Contest Id: Contest-4511288556462302159)
221210 111755.425|INFO|Thread-46059|dumpPacket|    To: TEAM51 @ site 1
221210 111755.425|INFO|Thread-46059|dumpPacket|   key: RUN is: edu.csus.ecs.pc2.core.model.Run Run 125 NEW 30 min 1837538ms from TEAM51 @ site 1 id Run-5929722713957436089 problem chikhen--7199110387462942549 lang Java-8995311559554510087
221210 111755.425|INFO|Thread-46059|info|handlePacket start Packet[RUN_SUBMISSION_CONFIRM] #4082 SERVER0 @ site 1 -> TEAM51 @ site 1
221210 111755.425|INFO|Thread-46059|dumpPacket|Packet RUN_SUBMISSION_CONFIRM (Seq #4082, o#4082 ) handlePacket
221210 111755.425|INFO|Thread-46059|dumpPacket|  From: SERVER0 @ site 1, oSERVER0 @ site 1 (DESKTOP-D75BQTV @ 212.212.212.212) (Contest Id: Contest-4511288556462302159)
221210 111755.425|INFO|Thread-46059|dumpPacket|    To: TEAM51 @ site 1
221210 111755.425|INFO|Thread-46059|dumpPacket|   key: RUN is: edu.csus.ecs.pc2.core.model.Run Run 125 NEW 30 min 1837538ms from TEAM51 @ site 1 id Run-5929722713957436089 problem chikhen--7199110387462942549 lang Java-8995311559554510087
221210 111755.426|INFO|Thread-46059|info| receiveObject(S) end   got Packet[RUN_SUBMISSION_CONFIRM] #4082 SERVER0 @ site 1 -> TEAM51 @ site 1
221210 111818.192|INFO|Thread-46401|info| receiveObject(S) start got Packet[RUN_JUDGEMENT] #4088 SERVER0 @ site 1 -> TEAM51 @ site 1
221210 111818.192|INFO|Thread-46401|dumpPacket|Packet RUN_JUDGEMENT (Seq #4088, o#4088 ) recieveObject
221210 111818.192|INFO|Thread-46401|dumpPacket|  From: SERVER0 @ site 1, oSERVER0 @ site 1 (DESKTOP-D75BQTV @ 212.212.212.212) (Contest Id: Contest-4511288556462302159)
221210 111818.192|INFO|Thread-46401|dumpPacket|    To: TEAM51 @ site 1
221210 111818.192|INFO|Thread-46401|dumpPacket|   key: JUDGEMENT_RECORD is: edu.csus.ecs.pc2.core.model.JudgementRecord No by JUDGE2 @ site 1 judgement No_-_Wrong_Answer-6447267484138471978 id JudgementRecord-5399543828281014892
221210 111818.192|INFO|Thread-46401|dumpPacket|   key: RUN is: edu.csus.ecs.pc2.core.model.Run Run 125 JUDGED 30 min 1837538ms from TEAM51 @ site 1 id Run-5929722713957436089 problem chikhen--7199110387462942549 lang Java-8995311559554510087
221210 111818.192|INFO|Thread-46401|dumpPacket|   key: CLIENT_ID is: edu.csus.ecs.pc2.core.model.ClientId SERVER0 @ site 1
221210 111818.192|INFO|Thread-46401|info|handlePacket start Packet[RUN_JUDGEMENT] #4088 SERVER0 @ site 1 -> TEAM51 @ site 1
221210 111818.192|INFO|Thread-46401|dumpPacket|Packet RUN_JUDGEMENT (Seq #4088, o#4088 ) handlePacket
221210 111818.192|INFO|Thread-46401|dumpPacket|  From: SERVER0 @ site 1, oSERVER0 @ site 1 (DESKTOP-D75BQTV @ 212.212.212.212) (Contest Id: Contest-4511288556462302159)
221210 111818.192|INFO|Thread-46401|dumpPacket|    To: TEAM51 @ site 1
221210 111818.192|INFO|Thread-46401|dumpPacket|   key: JUDGEMENT_RECORD is: edu.csus.ecs.pc2.core.model.JudgementRecord No by JUDGE2 @ site 1 judgement No_-_Wrong_Answer-6447267484138471978 id JudgementRecord-5399543828281014892
221210 111818.192|INFO|Thread-46401|dumpPacket|   key: RUN is: edu.csus.ecs.pc2.core.model.Run Run 125 JUDGED 30 min 1837538ms from TEAM51 @ site 1 id Run-5929722713957436089 problem chikhen--7199110387462942549 lang Java-8995311559554510087
221210 111818.192|INFO|Thread-46401|dumpPacket|   key: CLIENT_ID is: edu.csus.ecs.pc2.core.model.ClientId SERVER0 @ site 1
221210 111818.192|INFO|Thread-46401|info| receiveObject(S) end   got Packet[RUN_JUDGEMENT] #4088 SERVER0 @ site 1 -> TEAM51 @ site 1
221210 113136.157|INFO|qtp1613095350-3538|sendToLocalServer|Sending packet to server Packet[RUN_SUBMISSION] #459 TEAM51 @ site 1 -> SERVER0 @ site 1
221210 113136.158|INFO|qtp1613095350-3538|sendToLocalServer|Sent    packet to server Packet[RUN_SUBMISSION] #459 TEAM51 @ site 1 -> SERVER0 @ site 1
221210 113136.191|INFO|Thread-73370|info| receiveObject(S) start got Packet[RUN_SUBMISSION_CONFIRM] #4606 SERVER0 @ site 1 -> TEAM51 @ site 1
221210 113136.191|INFO|Thread-73370|dumpPacket|Packet RUN_SUBMISSION_CONFIRM (Seq #4606, o#4606 ) recieveObject
221210 113136.191|INFO|Thread-73370|dumpPacket|  From: SERVER0 @ site 1, oSERVER0 @ site 1 (DESKTOP-D75BQTV @ 212.212.212.212) (Contest Id: Contest-4511288556462302159)
221210 113136.191|INFO|Thread-73370|dumpPacket|    To: TEAM51 @ site 1
221210 113136.191|INFO|Thread-73370|dumpPacket|   key: RUN is: edu.csus.ecs.pc2.core.model.Run Run 202 NEW 44 min 2658297ms from TEAM51 @ site 1 id Run--2680473879413453115 problem chikhen--7199110387462942549 lang Java-8995311559554510087
221210 113136.191|INFO|Thread-73370|info|handlePacket start Packet[RUN_SUBMISSION_CONFIRM] #4606 SERVER0 @ site 1 -> TEAM51 @ site 1
221210 113136.191|INFO|Thread-73370|dumpPacket|Packet RUN_SUBMISSION_CONFIRM (Seq #4606, o#4606 ) handlePacket
221210 113136.191|INFO|Thread-73370|dumpPacket|  From: SERVER0 @ site 1, oSERVER0 @ site 1 (DESKTOP-D75BQTV @ 212.212.212.212) (Contest Id: Contest-4511288556462302159)
221210 113136.191|INFO|Thread-73370|dumpPacket|    To: TEAM51 @ site 1
221210 113136.191|INFO|Thread-73370|dumpPacket|   key: RUN is: edu.csus.ecs.pc2.core.model.Run Run 202 NEW 44 min 2658297ms from TEAM51 @ site 1 id Run--2680473879413453115 problem chikhen--7199110387462942549 lang Java-8995311559554510087
221210 113136.191|INFO|Thread-73370|info| receiveObject(S) end   got Packet[RUN_SUBMISSION_CONFIRM] #4606 SERVER0 @ site 1 -> TEAM51 @ site 1
221210 113144.716|INFO|Thread-73547|info| receiveObject(S) start got Packet[RUN_JUDGEMENT] #4610 SERVER0 @ site 1 -> TEAM51 @ site 1
221210 113144.716|INFO|Thread-73547|dumpPacket|Packet RUN_JUDGEMENT (Seq #4610, o#4610 ) recieveObject
221210 113144.716|INFO|Thread-73547|dumpPacket|  From: SERVER0 @ site 1, oSERVER0 @ site 1 (DESKTOP-D75BQTV @ 212.212.212.212) (Contest Id: Contest-4511288556462302159)
221210 113144.716|INFO|Thread-73547|dumpPacket|    To: TEAM51 @ site 1
221210 113144.716|INFO|Thread-73547|dumpPacket|   key: JUDGEMENT_RECORD is: edu.csus.ecs.pc2.core.model.JudgementRecord Yes by JUDGE1 @ site 1 judgement Yes-448420548528869030 id JudgementRecord-6270012758474854987
221210 113144.716|INFO|Thread-73547|dumpPacket|   key: RUN is: edu.csus.ecs.pc2.core.model.Run Run 202 JUDGED 44 min 2658297ms from TEAM51 @ site 1 id Run--2680473879413453115 problem chikhen--7199110387462942549 lang Java-8995311559554510087
221210 113144.716|INFO|Thread-73547|dumpPacket|   key: CLIENT_ID is: edu.csus.ecs.pc2.core.model.ClientId SERVER0 @ site 1
221210 113144.716|INFO|Thread-73547|info|handlePacket start Packet[RUN_JUDGEMENT] #4610 SERVER0 @ site 1 -> TEAM51 @ site 1
221210 113144.716|INFO|Thread-73547|dumpPacket|Packet RUN_JUDGEMENT (Seq #4610, o#4610 ) handlePacket
221210 113144.716|INFO|Thread-73547|dumpPacket|  From: SERVER0 @ site 1, oSERVER0 @ site 1 (DESKTOP-D75BQTV @ 212.212.212.212) (Contest Id: Contest-4511288556462302159)
221210 113144.716|INFO|Thread-73547|dumpPacket|    To: TEAM51 @ site 1
221210 113144.716|INFO|Thread-73547|dumpPacket|   key: JUDGEMENT_RECORD is: edu.csus.ecs.pc2.core.model.JudgementRecord Yes by JUDGE1 @ site 1 judgement Yes-448420548528869030 id JudgementRecord-6270012758474854987
221210 113144.716|INFO|Thread-73547|dumpPacket|   key: RUN is: edu.csus.ecs.pc2.core.model.Run Run 202 JUDGED 44 min 2658297ms from TEAM51 @ site 1 id Run--2680473879413453115 problem chikhen--7199110387462942549 lang Java-8995311559554510087
221210 113144.716|INFO|Thread-73547|dumpPacket|   key: CLIENT_ID is: edu.csus.ecs.pc2.core.model.ClientId SERVER0 @ site 1
221210 113144.716|INFO|Thread-73547|info| receiveObject(S) end   got Packet[RUN_JUDGEMENT] #4610 SERVER0 @ site 1 -> TEAM51 @ site 1
221210 114303.017|INFO|qtp1613095350-3538|sendToLocalServer|Sending packet to server Packet[RUN_SUBMISSION] #538 TEAM51 @ site 1 -> SERVER0 @ site 1
221210 114303.017|INFO|qtp1613095350-3538|sendToLocalServer|Sent    packet to server Packet[RUN_SUBMISSION] #538 TEAM51 @ site 1 -> SERVER0 @ site 1
221210 114303.060|INFO|Thread-99736|info| receiveObject(S) start got Packet[RUN_SUBMISSION_CONFIRM] #5083 SERVER0 @ site 1 -> TEAM51 @ site 1
221210 114303.061|INFO|Thread-99736|dumpPacket|Packet RUN_SUBMISSION_CONFIRM (Seq #5083, o#5083 ) recieveObject
221210 114303.061|INFO|Thread-99736|dumpPacket|  From: SERVER0 @ site 1, oSERVER0 @ site 1 (DESKTOP-D75BQTV @ 212.212.212.212) (Contest Id: Contest-4511288556462302159)
221210 114303.061|INFO|Thread-99736|dumpPacket|    To: TEAM51 @ site 1
221210 114303.061|INFO|Thread-99736|dumpPacket|   key: RUN is: edu.csus.ecs.pc2.core.model.Run Run 276 NEW 55 min 3345156ms from TEAM51 @ site 1 id Run-6383549446307292650 problem loanur--1521127695391573182 lang Java-8995311559554510087
221210 114303.061|INFO|Thread-99736|info|handlePacket start Packet[RUN_SUBMISSION_CONFIRM] #5083 SERVER0 @ site 1 -> TEAM51 @ site 1
221210 114303.061|INFO|Thread-99736|dumpPacket|Packet RUN_SUBMISSION_CONFIRM (Seq #5083, o#5083 ) handlePacket
221210 114303.061|INFO|Thread-99736|dumpPacket|  From: SERVER0 @ site 1, oSERVER0 @ site 1 (DESKTOP-D75BQTV @ 212.212.212.212) (Contest Id: Contest-4511288556462302159)
221210 114303.061|INFO|Thread-99736|dumpPacket|    To: TEAM51 @ site 1
221210 114303.061|INFO|Thread-99736|dumpPacket|   key: RUN is: edu.csus.ecs.pc2.core.model.Run Run 276 NEW 55 min 3345156ms from TEAM51 @ site 1 id Run-6383549446307292650 problem loanur--1521127695391573182 lang Java-8995311559554510087
221210 114303.061|INFO|Thread-99736|info| receiveObject(S) end   got Packet[RUN_SUBMISSION_CONFIRM] #5083 SERVER0 @ site 1 -> TEAM51 @ site 1
221210 114317.734|INFO|Thread-100102|info| receiveObject(S) start got Packet[RUN_JUDGEMENT] #5093 SERVER0 @ site 1 -> TEAM51 @ site 1
221210 114317.734|INFO|Thread-100102|dumpPacket|Packet RUN_JUDGEMENT (Seq #5093, o#5093 ) recieveObject
221210 114317.734|INFO|Thread-100102|dumpPacket|  From: SERVER0 @ site 1, oSERVER0 @ site 1 (DESKTOP-D75BQTV @ 212.212.212.212) (Contest Id: Contest-4511288556462302159)
221210 114317.734|INFO|Thread-100102|dumpPacket|    To: TEAM51 @ site 1
221210 114317.734|INFO|Thread-100102|dumpPacket|   key: JUDGEMENT_RECORD is: edu.csus.ecs.pc2.core.model.JudgementRecord Yes by JUDGE6 @ site 1 judgement Yes-448420548528869030 id JudgementRecord--5158959754095073951
221210 114317.734|INFO|Thread-100102|dumpPacket|   key: RUN is: edu.csus.ecs.pc2.core.model.Run Run 276 JUDGED 55 min 3345156ms from TEAM51 @ site 1 id Run-6383549446307292650 problem loanur--1521127695391573182 lang Java-8995311559554510087
221210 114317.734|INFO|Thread-100102|dumpPacket|   key: CLIENT_ID is: edu.csus.ecs.pc2.core.model.ClientId SERVER0 @ site 1
221210 114317.734|INFO|Thread-100102|info|handlePacket start Packet[RUN_JUDGEMENT] #5093 SERVER0 @ site 1 -> TEAM51 @ site 1
221210 114317.734|INFO|Thread-100102|dumpPacket|Packet RUN_JUDGEMENT (Seq #5093, o#5093 ) handlePacket
221210 114317.734|INFO|Thread-100102|dumpPacket|  From: SERVER0 @ site 1, oSERVER0 @ site 1 (DESKTOP-D75BQTV @ 212.212.212.212) (Contest Id: Contest-4511288556462302159)
221210 114317.734|INFO|Thread-100102|dumpPacket|    To: TEAM51 @ site 1
221210 114317.734|INFO|Thread-100102|dumpPacket|   key: JUDGEMENT_RECORD is: edu.csus.ecs.pc2.core.model.JudgementRecord Yes by JUDGE6 @ site 1 judgement Yes-448420548528869030 id JudgementRecord--5158959754095073951
221210 114317.734|INFO|Thread-100102|dumpPacket|   key: RUN is: edu.csus.ecs.pc2.core.model.Run Run 276 JUDGED 55 min 3345156ms from TEAM51 @ site 1 id Run-6383549446307292650 problem loanur--1521127695391573182 lang Java-8995311559554510087
221210 114317.734|INFO|Thread-100102|dumpPacket|   key: CLIENT_ID is: edu.csus.ecs.pc2.core.model.ClientId SERVER0 @ site 1
221210 114317.734|INFO|Thread-100102|info| receiveObject(S) end   got Packet[RUN_JUDGEMENT] #5093 SERVER0 @ site 1 -> TEAM51 @ site 1
221210 120724.610|INFO|Thread-150005|info| receiveObject(S) start got Packet[CLARIFICATION_ANSWER_UPDATE] #5991 SERVER0 @ site 1 -> SERVER0 @ site 0
221210 120724.610|INFO|Thread-150005|dumpPacket|Packet CLARIFICATION_ANSWER_UPDATE (Seq #5991, o#5991 ) recieveObject
221210 120724.610|INFO|Thread-150005|dumpPacket|  From: SERVER0 @ site 1, oSERVER0 @ site 1 (DESKTOP-D75BQTV @ 212.212.212.212) (Contest Id: Contest-4511288556462302159)
221210 120724.610|INFO|Thread-150005|dumpPacket|    To: SERVER0 @ site 0
221210 120724.610|INFO|Thread-150005|dumpPacket|   key: CLARIFICATION is: edu.csus.ecs.pc2.core.model.Clarification Clarification 6 ANSWERED from JUDGE1 @ site 1 at 35 id=Clarification-692195316381636229
221210 120724.610|INFO|Thread-150005|dumpPacket|   key: CLARIFICATION_ANSWER is: java.lang.String No response, read problem statement
221210 120724.610|INFO|Thread-150005|dumpPacket|   key: CLIENT_ID is: edu.csus.ecs.pc2.core.model.ClientId JUDGE9 @ site 1
221210 120724.610|INFO|Thread-150005|info|handlePacket start Packet[CLARIFICATION_ANSWER_UPDATE] #5991 SERVER0 @ site 1 -> SERVER0 @ site 0
221210 120724.610|INFO|Thread-150005|dumpPacket|Packet CLARIFICATION_ANSWER_UPDATE (Seq #5991, o#5991 ) handlePacket
221210 120724.610|INFO|Thread-150005|dumpPacket|  From: SERVER0 @ site 1, oSERVER0 @ site 1 (DESKTOP-D75BQTV @ 212.212.212.212) (Contest Id: Contest-4511288556462302159)
221210 120724.610|INFO|Thread-150005|dumpPacket|    To: SERVER0 @ site 0
221210 120724.610|INFO|Thread-150005|dumpPacket|   key: CLARIFICATION is: edu.csus.ecs.pc2.core.model.Clarification Clarification 6 ANSWERED from JUDGE1 @ site 1 at 35 id=Clarification-692195316381636229
221210 120724.610|INFO|Thread-150005|dumpPacket|   key: CLARIFICATION_ANSWER is: java.lang.String No response, read problem statement
221210 120724.610|INFO|Thread-150005|dumpPacket|   key: CLIENT_ID is: edu.csus.ecs.pc2.core.model.ClientId JUDGE9 @ site 1
221210 120724.611|INFO|Thread-150005|info| receiveObject(S) end   got Packet[CLARIFICATION_ANSWER_UPDATE] #5991 SERVER0 @ site 1 -> SERVER0 @ site 0
221210 121506.308|INFO|qtp1613095350-93246|sendToLocalServer|Sending packet to server Packet[RUN_SUBMISSION] #728 TEAM51 @ site 1 -> SERVER0 @ site 1
221210 121506.309|INFO|qtp1613095350-93246|sendToLocalServer|Sent    packet to server Packet[RUN_SUBMISSION] #728 TEAM51 @ site 1 -> SERVER0 @ site 1
221210 121506.356|INFO|Thread-165149|info| receiveObject(S) start got Packet[RUN_SUBMISSION_CONFIRM] #6249 SERVER0 @ site 1 -> TEAM51 @ site 1
221210 121506.356|INFO|Thread-165149|dumpPacket|Packet RUN_SUBMISSION_CONFIRM (Seq #6249, o#6249 ) recieveObject
221210 121506.356|INFO|Thread-165149|dumpPacket|  From: SERVER0 @ site 1, oSERVER0 @ site 1 (DESKTOP-D75BQTV @ 212.212.212.212) (Contest Id: Contest-4511288556462302159)
221210 121506.356|INFO|Thread-165149|dumpPacket|    To: TEAM51 @ site 1
221210 121506.356|INFO|Thread-165149|dumpPacket|   key: RUN is: edu.csus.ecs.pc2.core.model.Run Run 448 NEW 87 min 5268448ms from TEAM51 @ site 1 id Run-8606424388531023326 problem joenathan-1253509444049781839 lang Java-8995311559554510087
221210 121506.356|INFO|Thread-165149|info|handlePacket start Packet[RUN_SUBMISSION_CONFIRM] #6249 SERVER0 @ site 1 -> TEAM51 @ site 1
221210 121506.356|INFO|Thread-165149|dumpPacket|Packet RUN_SUBMISSION_CONFIRM (Seq #6249, o#6249 ) handlePacket
221210 121506.356|INFO|Thread-165149|dumpPacket|  From: SERVER0 @ site 1, oSERVER0 @ site 1 (DESKTOP-D75BQTV @ 212.212.212.212) (Contest Id: Contest-4511288556462302159)
221210 121506.356|INFO|Thread-165149|dumpPacket|    To: TEAM51 @ site 1
221210 121506.356|INFO|Thread-165149|dumpPacket|   key: RUN is: edu.csus.ecs.pc2.core.model.Run Run 448 NEW 87 min 5268448ms from TEAM51 @ site 1 id Run-8606424388531023326 problem joenathan-1253509444049781839 lang Java-8995311559554510087
221210 121506.356|INFO|Thread-165149|info| receiveObject(S) end   got Packet[RUN_SUBMISSION_CONFIRM] #6249 SERVER0 @ site 1 -> TEAM51 @ site 1
221210 121704.605|INFO|Thread-169407|info| receiveObject(S) start got Packet[RUN_JUDGEMENT] #6327 SERVER0 @ site 1 -> TEAM51 @ site 1
221210 121704.605|INFO|Thread-169407|dumpPacket|Packet RUN_JUDGEMENT (Seq #6327, o#6327 ) recieveObject
221210 121704.605|INFO|Thread-169407|dumpPacket|  From: SERVER0 @ site 1, oSERVER0 @ site 1 (DESKTOP-D75BQTV @ 212.212.212.212) (Contest Id: Contest-4511288556462302159)
221210 121704.605|INFO|Thread-169407|dumpPacket|    To: TEAM51 @ site 1
221210 121704.605|INFO|Thread-169407|dumpPacket|   key: JUDGEMENT_RECORD is: edu.csus.ecs.pc2.core.model.JudgementRecord Yes by JUDGE6 @ site 1 judgement Yes-448420548528869030 id JudgementRecord--5536940301655596953
221210 121704.605|INFO|Thread-169407|dumpPacket|   key: RUN is: edu.csus.ecs.pc2.core.model.Run Run 448 JUDGED 87 min 5268448ms from TEAM51 @ site 1 id Run-8606424388531023326 problem joenathan-1253509444049781839 lang Java-8995311559554510087
221210 121704.605|INFO|Thread-169407|dumpPacket|   key: CLIENT_ID is: edu.csus.ecs.pc2.core.model.ClientId SERVER0 @ site 1
221210 121704.605|INFO|Thread-169407|info|handlePacket start Packet[RUN_JUDGEMENT] #6327 SERVER0 @ site 1 -> TEAM51 @ site 1
221210 121704.605|INFO|Thread-169407|dumpPacket|Packet RUN_JUDGEMENT (Seq #6327, o#6327 ) handlePacket
221210 121704.605|INFO|Thread-169407|dumpPacket|  From: SERVER0 @ site 1, oSERVER0 @ site 1 (DESKTOP-D75BQTV @ 212.212.212.212) (Contest Id: Contest-4511288556462302159)
221210 121704.605|INFO|Thread-169407|dumpPacket|    To: TEAM51 @ site 1
221210 121704.605|INFO|Thread-169407|dumpPacket|   key: JUDGEMENT_RECORD is: edu.csus.ecs.pc2.core.model.JudgementRecord Yes by JUDGE6 @ site 1 judgement Yes-448420548528869030 id JudgementRecord--5536940301655596953
221210 121704.605|INFO|Thread-169407|dumpPacket|   key: RUN is: edu.csus.ecs.pc2.core.model.Run Run 448 JUDGED 87 min 5268448ms from TEAM51 @ site 1 id Run-8606424388531023326 problem joenathan-1253509444049781839 lang Java-8995311559554510087
221210 121704.605|INFO|Thread-169407|dumpPacket|   key: CLIENT_ID is: edu.csus.ecs.pc2.core.model.ClientId SERVER0 @ site 1
221210 121704.605|INFO|Thread-169407|info| receiveObject(S) end   got Packet[RUN_JUDGEMENT] #6327 SERVER0 @ site 1 -> TEAM51 @ site 1
221210 122555.388|INFO|qtp1613095350-150110|sendToLocalServer|Sending packet to server Packet[RUN_SUBMISSION] #784 TEAM51 @ site 1 -> SERVER0 @ site 1
221210 122555.388|INFO|qtp1613095350-150110|sendToLocalServer|Sent    packet to server Packet[RUN_SUBMISSION] #784 TEAM51 @ site 1 -> SERVER0 @ site 1
221210 122555.452|INFO|Thread-184888|info| receiveObject(S) start got Packet[RUN_SUBMISSION_CONFIRM] #6609 SERVER0 @ site 1 -> TEAM51 @ site 1
221210 122555.452|INFO|Thread-184888|dumpPacket|Packet RUN_SUBMISSION_CONFIRM (Seq #6609, o#6609 ) recieveObject
221210 122555.452|INFO|Thread-184888|dumpPacket|  From: SERVER0 @ site 1, oSERVER0 @ site 1 (DESKTOP-D75BQTV @ 212.212.212.212) (Contest Id: Contest-4511288556462302159)
221210 122555.452|INFO|Thread-184888|dumpPacket|    To: TEAM51 @ site 1
221210 122555.452|INFO|Thread-184888|dumpPacket|   key: RUN is: edu.csus.ecs.pc2.core.model.Run Run 498 NEW 98 min 5917525ms from TEAM51 @ site 1 id Run-6569574252898816998 problem throatpunch-9036032191564691104 lang Java-8995311559554510087
221210 122555.452|INFO|Thread-184888|info|handlePacket start Packet[RUN_SUBMISSION_CONFIRM] #6609 SERVER0 @ site 1 -> TEAM51 @ site 1
221210 122555.452|INFO|Thread-184888|dumpPacket|Packet RUN_SUBMISSION_CONFIRM (Seq #6609, o#6609 ) handlePacket
221210 122555.452|INFO|Thread-184888|dumpPacket|  From: SERVER0 @ site 1, oSERVER0 @ site 1 (DESKTOP-D75BQTV @ 212.212.212.212) (Contest Id: Contest-4511288556462302159)
221210 122555.452|INFO|Thread-184888|dumpPacket|    To: TEAM51 @ site 1
221210 122555.452|INFO|Thread-184888|dumpPacket|   key: RUN is: edu.csus.ecs.pc2.core.model.Run Run 498 NEW 98 min 5917525ms from TEAM51 @ site 1 id Run-6569574252898816998 problem throatpunch-9036032191564691104 lang Java-8995311559554510087
221210 122555.452|INFO|Thread-184888|info| receiveObject(S) end   got Packet[RUN_SUBMISSION_CONFIRM] #6609 SERVER0 @ site 1 -> TEAM51 @ site 1
221210 122604.882|INFO|Thread-185284|info| receiveObject(S) start got Packet[RUN_JUDGEMENT] #6617 SERVER0 @ site 1 -> TEAM51 @ site 1
221210 122604.882|INFO|Thread-185284|dumpPacket|Packet RUN_JUDGEMENT (Seq #6617, o#6617 ) recieveObject
221210 122604.882|INFO|Thread-185284|dumpPacket|  From: SERVER0 @ site 1, oSERVER0 @ site 1 (DESKTOP-D75BQTV @ 212.212.212.212) (Contest Id: Contest-4511288556462302159)
221210 122604.882|INFO|Thread-185284|dumpPacket|    To: TEAM51 @ site 1
221210 122604.882|INFO|Thread-185284|dumpPacket|   key: JUDGEMENT_RECORD is: edu.csus.ecs.pc2.core.model.JudgementRecord Yes by JUDGE3 @ site 1 judgement Yes-448420548528869030 id JudgementRecord--5148634278889768448
221210 122604.882|INFO|Thread-185284|dumpPacket|   key: RUN is: edu.csus.ecs.pc2.core.model.Run Run 498 JUDGED 98 min 5917525ms from TEAM51 @ site 1 id Run-6569574252898816998 problem throatpunch-9036032191564691104 lang Java-8995311559554510087
221210 122604.882|INFO|Thread-185284|dumpPacket|   key: CLIENT_ID is: edu.csus.ecs.pc2.core.model.ClientId SERVER0 @ site 1
221210 122604.882|INFO|Thread-185284|info|handlePacket start Packet[RUN_JUDGEMENT] #6617 SERVER0 @ site 1 -> TEAM51 @ site 1
221210 122604.882|INFO|Thread-185284|dumpPacket|Packet RUN_JUDGEMENT (Seq #6617, o#6617 ) handlePacket
221210 122604.882|INFO|Thread-185284|dumpPacket|  From: SERVER0 @ site 1, oSERVER0 @ site 1 (DESKTOP-D75BQTV @ 212.212.212.212) (Contest Id: Contest-4511288556462302159)
221210 122604.882|INFO|Thread-185284|dumpPacket|    To: TEAM51 @ site 1
221210 122604.882|INFO|Thread-185284|dumpPacket|   key: JUDGEMENT_RECORD is: edu.csus.ecs.pc2.core.model.JudgementRecord Yes by JUDGE3 @ site 1 judgement Yes-448420548528869030 id JudgementRecord--5148634278889768448
221210 122604.882|INFO|Thread-185284|dumpPacket|   key: RUN is: edu.csus.ecs.pc2.core.model.Run Run 498 JUDGED 98 min 5917525ms from TEAM51 @ site 1 id Run-6569574252898816998 problem throatpunch-9036032191564691104 lang Java-8995311559554510087
221210 122604.882|INFO|Thread-185284|dumpPacket|   key: CLIENT_ID is: edu.csus.ecs.pc2.core.model.ClientId SERVER0 @ site 1
221210 122604.883|INFO|Thread-185284|info| receiveObject(S) end   got Packet[RUN_JUDGEMENT] #6617 SERVER0 @ site 1 -> TEAM51 @ site 1
231208 162112.858|CONFIG|Thread-86|setFileHandlers|Now logging to C:\Users\18328\Desktop\pc2\WebTeamInterface-1.1\logs directory.
231208 162112.866|INFO|Thread-86|info|
231208 162112.866|INFO|Thread-86|info|Version 9 () Java ver 18.0.2.1 build  Windows 11 10.0 (amd64) 
231208 162112.866|INFO|Thread-86|info|Login: team51 (aka team51)
231208 162112.866|INFO|Thread-86|startLog|Working directory is C:\Users\18328\Desktop\pc2\WebTeamInterface-1.1
231208 162112.866|INFO|Thread-86|startLog|Process id is 14880@DESKTOP-D75BQTV
231208 162112.866|INFO|Thread-86|info| handlePacket original LOGIN_SUCCESS after -- all settings loaded 
231208 162112.866|INFO|Thread-86|info|handlePacket end Packet[LOGIN_SUCCESS] #84 SERVER0 @ site 1 -> TEAM51 @ site 1
231208 162112.866|INFO|Thread-86|info| receiveObject(S) end   got Packet[LOGIN_SUCCESS] #84 SERVER0 @ site 1 -> TEAM51 @ site 1
231208 162117.079|INFO|Thread-91|info| receiveObject(S) start got Packet[UPDATE_CLIENT_PROFILE] #92 SERVER0 @ site 1 -> TEAM51 @ site 1
231208 162117.079|INFO|Thread-91|dumpPacket|Packet UPDATE_CLIENT_PROFILE (Seq #92, o#92 ) recieveObject
231208 162117.079|INFO|Thread-91|dumpPacket|  From: SERVER0 @ site 1, oSERVER0 @ site 1 (DESKTOP-D75BQTV @ 212.212.212.212) (Contest Id: TEST3--3311704722457753279)
231208 162117.079|INFO|Thread-91|dumpPacket|    To: TEAM51 @ site 1
231208 162117.079|INFO|Thread-91|dumpPacket|   key: PROFILE_LIST is: [Ledu.csus.ecs.pc2.core.model.Profile; [Ledu.csus.ecs.pc2.core.model.Profile;@2db719b8
231208 162117.079|INFO|Thread-91|dumpPacket|   key: GENERAL_PROBLEM is: edu.csus.ecs.pc2.core.model.Problem General
231208 162117.079|INFO|Thread-91|dumpPacket|   key: CONTEST_TIME is: edu.csus.ecs.pc2.core.model.ContestTime edu.csus.ecs.pc2.core.model.ContestTime@2370f27e
231208 162117.079|INFO|Thread-91|dumpPacket|   key: CLIENT_SETTINGS_LIST is: [Ledu.csus.ecs.pc2.core.model.ClientSettings; [Ledu.csus.ecs.pc2.core.model.ClientSettings;@274f72c8
231208 162117.079|INFO|Thread-91|dumpPacket|   key: CLARIFICATION_LIST is: [Ledu.csus.ecs.pc2.core.model.Clarification; [Ledu.csus.ecs.pc2.core.model.Clarification;@624df845
231208 162117.079|INFO|Thread-91|dumpPacket|   key: CATEGORY_LIST is: [Ledu.csus.ecs.pc2.core.model.Category; [Ledu.csus.ecs.pc2.core.model.Category;@7722576d
231208 162117.079|INFO|Thread-91|dumpPacket|   key: LANGUAGE_LIST is: [Ledu.csus.ecs.pc2.core.model.Language; [Ledu.csus.ecs.pc2.core.model.Language;@5365b8f5
231208 162117.079|INFO|Thread-91|dumpPacket|   key: REMOTE_LOGGED_IN_USERS is: [Ledu.csus.ecs.pc2.core.model.ClientId; [Ledu.csus.ecs.pc2.core.model.ClientId;@fe04963
231208 162117.079|INFO|Thread-91|dumpPacket|   key: CONTEST_TIME_LIST is: [Ledu.csus.ecs.pc2.core.model.ContestTime; [Ledu.csus.ecs.pc2.core.model.ContestTime;@262070a
231208 162117.079|INFO|Thread-91|dumpPacket|   key: CONNECTION_HANDLE_ID_LIST is: [Ledu.csus.ecs.pc2.core.transport.ConnectionHandlerID; [Ledu.csus.ecs.pc2.core.transport.ConnectionHandlerID;@679eb114
231208 162117.091|INFO|Thread-91|dumpPacket|   key: PROFILE is: edu.csus.ecs.pc2.core.model.Profile TEST3--3311704722457753279
231208 162117.091|INFO|Thread-91|dumpPacket|   key: CLIENT_ID is: edu.csus.ecs.pc2.core.model.ClientId TEAM51 @ site 1
231208 162117.091|INFO|Thread-91|dumpPacket|   key: SITE_NUMBER is: java.lang.Integer 1
231208 162117.091|INFO|Thread-91|dumpPacket|   key: CONTEST_INFORMATION is: edu.csus.ecs.pc2.core.model.ContestInformation edu.csus.ecs.pc2.core.model.ContestInformation@19c21f02
231208 162117.091|INFO|Thread-91|dumpPacket|   key: SITE_LIST is: [Ledu.csus.ecs.pc2.core.model.Site; [Ledu.csus.ecs.pc2.core.model.Site;@14e4e608
231208 162117.091|INFO|Thread-91|dumpPacket|   key: PROBLEM_DATA_FILES is: [Ledu.csus.ecs.pc2.core.model.ProblemDataFiles; [Ledu.csus.ecs.pc2.core.model.ProblemDataFiles;@62cf9c9
231208 162117.094|INFO|Thread-91|dumpPacket|   key: JUDGEMENT_LIST is: [Ledu.csus.ecs.pc2.core.model.Judgement; [Ledu.csus.ecs.pc2.core.model.Judgement;@1428fe09
231208 162117.094|INFO|Thread-91|dumpPacket|   key: PROBLEM_LIST is: [Ledu.csus.ecs.pc2.core.model.Problem; [Ledu.csus.ecs.pc2.core.model.Problem;@1d1bc981
231208 162117.094|INFO|Thread-91|dumpPacket|   key: GROUP_LIST is: [Ledu.csus.ecs.pc2.core.model.Group; [Ledu.csus.ecs.pc2.core.model.Group;@2e7cb88c
231208 162117.094|INFO|Thread-91|dumpPacket|   key: LOCAL_LOGGED_IN_USERS is: [Ledu.csus.ecs.pc2.core.model.ClientId; [Ledu.csus.ecs.pc2.core.model.ClientId;@4ffffe3b
231208 162117.094|INFO|Thread-91|dumpPacket|   key: SERVER_CLOCK_OFFSET is: java.util.GregorianCalendar java.util.GregorianCalendar[time=1702074077047,areFieldsSet=true,areAllFieldsSet=false,lenient=true,zone=sun.util.calendar.ZoneInfo[id="GMT",offset=0,dstSavings=0,useDaylight=false,transitions=0,lastRule=null],firstDayOfWeek=1,minimalDaysInFirstWeek=1,ERA=1,YEAR=2023,MONTH=11,WEEK_OF_YEAR=49,WEEK_OF_MONTH=2,DAY_OF_MONTH=8,DAY_OF_YEAR=342,DAY_OF_WEEK=6,DAY_OF_WEEK_IN_MONTH=2,AM_PM=1,HOUR=10,HOUR_OF_DAY=22,MINUTE=21,SECOND=17,MILLISECOND=47,ZONE_OFFSET=0,DST_OFFSET=0]
231208 162117.094|INFO|Thread-91|dumpPacket|   key: NEW_PROFILE is: edu.csus.ecs.pc2.core.model.Profile TEST3--3311704722457753279
231208 162117.094|INFO|Thread-91|dumpPacket|   key: CONTEST_IDENTIFIER is: java.lang.String TEST3--3311704722457753279
231208 162117.094|INFO|Thread-91|dumpPacket|   key: BALLOON_SETTINGS_LIST is: [Ledu.csus.ecs.pc2.core.model.BalloonSettings; [Ledu.csus.ecs.pc2.core.model.BalloonSettings;@1c74897b
231208 162117.094|INFO|Thread-91|dumpPacket|   key: RUN_LIST is: [Ledu.csus.ecs.pc2.core.model.Run; [Ledu.csus.ecs.pc2.core.model.Run;@5fe00cb5
231208 162117.094|INFO|Thread-91|dumpPacket|   key: ACCOUNT_ARRAY is: [Ledu.csus.ecs.pc2.core.model.Account; [Ledu.csus.ecs.pc2.core.model.Account;@1413671d
231208 162117.094|INFO|Thread-91|info|handlePacket start Packet[UPDATE_CLIENT_PROFILE] #92 SERVER0 @ site 1 -> TEAM51 @ site 1
231208 162117.094|INFO|Thread-91|dumpPacket|Packet UPDATE_CLIENT_PROFILE (Seq #92, o#92 ) handlePacket
231208 162117.094|INFO|Thread-91|dumpPacket|  From: SERVER0 @ site 1, oSERVER0 @ site 1 (DESKTOP-D75BQTV @ 212.212.212.212) (Contest Id: TEST3--3311704722457753279)
231208 162117.094|INFO|Thread-91|dumpPacket|    To: TEAM51 @ site 1
231208 162117.094|INFO|Thread-91|dumpPacket|   key: PROFILE_LIST is: [Ledu.csus.ecs.pc2.core.model.Profile; [Ledu.csus.ecs.pc2.core.model.Profile;@2db719b8
231208 162117.094|INFO|Thread-91|dumpPacket|   key: GENERAL_PROBLEM is: edu.csus.ecs.pc2.core.model.Problem General
231208 162117.094|INFO|Thread-91|dumpPacket|   key: CONTEST_TIME is: edu.csus.ecs.pc2.core.model.ContestTime edu.csus.ecs.pc2.core.model.ContestTime@2370f27e
231208 162117.094|INFO|Thread-91|dumpPacket|   key: CLIENT_SETTINGS_LIST is: [Ledu.csus.ecs.pc2.core.model.ClientSettings; [Ledu.csus.ecs.pc2.core.model.ClientSettings;@274f72c8
231208 162117.094|INFO|Thread-91|dumpPacket|   key: CLARIFICATION_LIST is: [Ledu.csus.ecs.pc2.core.model.Clarification; [Ledu.csus.ecs.pc2.core.model.Clarification;@624df845
231208 162117.094|INFO|Thread-91|dumpPacket|   key: CATEGORY_LIST is: [Ledu.csus.ecs.pc2.core.model.Category; [Ledu.csus.ecs.pc2.core.model.Category;@7722576d
231208 162117.094|INFO|Thread-91|dumpPacket|   key: LANGUAGE_LIST is: [Ledu.csus.ecs.pc2.core.model.Language; [Ledu.csus.ecs.pc2.core.model.Language;@5365b8f5
231208 162117.094|INFO|Thread-91|dumpPacket|   key: REMOTE_LOGGED_IN_USERS is: [Ledu.csus.ecs.pc2.core.model.ClientId; [Ledu.csus.ecs.pc2.core.model.ClientId;@fe04963
231208 162117.094|INFO|Thread-91|dumpPacket|   key: CONTEST_TIME_LIST is: [Ledu.csus.ecs.pc2.core.model.ContestTime; [Ledu.csus.ecs.pc2.core.model.ContestTime;@262070a
231208 162117.094|INFO|Thread-91|dumpPacket|   key: CONNECTION_HANDLE_ID_LIST is: [Ledu.csus.ecs.pc2.core.transport.ConnectionHandlerID; [Ledu.csus.ecs.pc2.core.transport.ConnectionHandlerID;@679eb114
231208 162117.094|INFO|Thread-91|dumpPacket|   key: PROFILE is: edu.csus.ecs.pc2.core.model.Profile TEST3--3311704722457753279
231208 162117.094|INFO|Thread-91|dumpPacket|   key: CLIENT_ID is: edu.csus.ecs.pc2.core.model.ClientId TEAM51 @ site 1
231208 162117.094|INFO|Thread-91|dumpPacket|   key: SITE_NUMBER is: java.lang.Integer 1
231208 162117.094|INFO|Thread-91|dumpPacket|   key: CONTEST_INFORMATION is: edu.csus.ecs.pc2.core.model.ContestInformation edu.csus.ecs.pc2.core.model.ContestInformation@19c21f02
231208 162117.094|INFO|Thread-91|dumpPacket|   key: SITE_LIST is: [Ledu.csus.ecs.pc2.core.model.Site; [Ledu.csus.ecs.pc2.core.model.Site;@14e4e608
231208 162117.094|INFO|Thread-91|dumpPacket|   key: PROBLEM_DATA_FILES is: [Ledu.csus.ecs.pc2.core.model.ProblemDataFiles; [Ledu.csus.ecs.pc2.core.model.ProblemDataFiles;@62cf9c9
231208 162117.094|INFO|Thread-91|dumpPacket|   key: JUDGEMENT_LIST is: [Ledu.csus.ecs.pc2.core.model.Judgement; [Ledu.csus.ecs.pc2.core.model.Judgement;@1428fe09
231208 162117.096|INFO|Thread-91|dumpPacket|   key: PROBLEM_LIST is: [Ledu.csus.ecs.pc2.core.model.Problem; [Ledu.csus.ecs.pc2.core.model.Problem;@1d1bc981
231208 162117.096|INFO|Thread-91|dumpPacket|   key: GROUP_LIST is: [Ledu.csus.ecs.pc2.core.model.Group; [Ledu.csus.ecs.pc2.core.model.Group;@2e7cb88c
231208 162117.096|INFO|Thread-91|dumpPacket|   key: LOCAL_LOGGED_IN_USERS is: [Ledu.csus.ecs.pc2.core.model.ClientId; [Ledu.csus.ecs.pc2.core.model.ClientId;@4ffffe3b
231208 162117.096|INFO|Thread-91|dumpPacket|   key: SERVER_CLOCK_OFFSET is: java.util.GregorianCalendar java.util.GregorianCalendar[time=1702074077047,areFieldsSet=true,areAllFieldsSet=false,lenient=true,zone=sun.util.calendar.ZoneInfo[id="GMT",offset=0,dstSavings=0,useDaylight=false,transitions=0,lastRule=null],firstDayOfWeek=1,minimalDaysInFirstWeek=1,ERA=1,YEAR=2023,MONTH=11,WEEK_OF_YEAR=49,WEEK_OF_MONTH=2,DAY_OF_MONTH=8,DAY_OF_YEAR=342,DAY_OF_WEEK=6,DAY_OF_WEEK_IN_MONTH=2,AM_PM=1,HOUR=10,HOUR_OF_DAY=22,MINUTE=21,SECOND=17,MILLISECOND=47,ZONE_OFFSET=0,DST_OFFSET=0]
231208 162117.096|INFO|Thread-91|dumpPacket|   key: NEW_PROFILE is: edu.csus.ecs.pc2.core.model.Profile TEST3--3311704722457753279
231208 162117.096|INFO|Thread-91|dumpPacket|   key: CONTEST_IDENTIFIER is: java.lang.String TEST3--3311704722457753279
231208 162117.096|INFO|Thread-91|dumpPacket|   key: BALLOON_SETTINGS_LIST is: [Ledu.csus.ecs.pc2.core.model.BalloonSettings; [Ledu.csus.ecs.pc2.core.model.BalloonSettings;@1c74897b
231208 162117.096|INFO|Thread-91|dumpPacket|   key: RUN_LIST is: [Ledu.csus.ecs.pc2.core.model.Run; [Ledu.csus.ecs.pc2.core.model.Run;@5fe00cb5
231208 162117.096|INFO|Thread-91|dumpPacket|   key: ACCOUNT_ARRAY is: [Ledu.csus.ecs.pc2.core.model.Account; [Ledu.csus.ecs.pc2.core.model.Account;@1413671d
231208 162117.104|INFO|Thread-91|reRegisterPlugins|plugin.setContestAndController for API Contest class
231208 162117.104|INFO|Thread-91|info|handleUpdateClientProfile fireAllRefreshEvents start
231208 162117.133|SEVERE|Thread-91|error|java.lang.NullPointerException: Cannot invoke "edu.csus.ecs.pc2.core.model.Run.isDeleted()" because "this.run" is null
|java.lang.NullPointerException: Cannot invoke "edu.csus.ecs.pc2.core.model.Run.isDeleted()" because "this.run" is null
|    at edu.csus.ecs.pc2.api.implementation.RunImplementation.<init> (RunImplementation.java:118)
|    at edu.csus.ecs.pc2.api.implementation.RunListenerList.fireRunListener (RunListenerList.java:33)
|    at edu.csus.ecs.pc2.api.implementation.RunListenerList.access$000 (RunListenerList.java:22)
|    at edu.csus.ecs.pc2.api.implementation.RunListenerList$Listener.refreshRuns (RunListenerList.java:150)
|    at edu.csus.ecs.pc2.core.model.InternalContest.fireRunListener (InternalContest.java:434)
|    at edu.csus.ecs.pc2.core.model.InternalContest.fireAllRefreshEvents (InternalContest.java:2880)
|    at edu.csus.ecs.pc2.core.PacketHandler.handleUpdateClientProfile (PacketHandler.java:996)
|    at edu.csus.ecs.pc2.core.PacketHandler.handleOtherPacketTypes (PacketHandler.java:413)
|    at edu.csus.ecs.pc2.core.PacketHandler.handlePacket (PacketHandler.java:267)
|    at edu.csus.ecs.pc2.core.InternalController.receiveObject (InternalController.java:2441)
|    at edu.csus.ecs.pc2.core.transport.TransportManager$2.run (TransportManager.java:343)
|    at java.lang.Thread.run (Thread.java:833)
231208 162117.145|INFO|Thread-91|info| receiveObject(S) end   got Packet[UPDATE_CLIENT_PROFILE] #92 SERVER0 @ site 1 -> TEAM51 @ site 1
231208 162122.763|INFO|Thread-95|info| receiveObject(S) start got Packet[CLOCK_STARTED] #94 SERVER0 @ site 1 -> SERVER0 @ site 0
231208 162122.763|INFO|Thread-95|dumpPacket|Packet CLOCK_STARTED (Seq #94, o#94 ) recieveObject
231208 162122.763|INFO|Thread-95|dumpPacket|  From: SERVER0 @ site 1, oSERVER0 @ site 1 (DESKTOP-D75BQTV @ 212.212.212.212) (Contest Id: TEST3--3311704722457753279)
231208 162122.763|INFO|Thread-95|dumpPacket|    To: SERVER0 @ site 0
231208 162122.763|INFO|Thread-95|dumpPacket|   key: SITE_NUMBER is: java.lang.Integer 1
231208 162122.763|INFO|Thread-95|dumpPacket|   key: CLIENT_ID is: edu.csus.ecs.pc2.core.model.ClientId ADMINISTRATOR1 @ site 1
231208 162122.763|INFO|Thread-95|dumpPacket|   key: SERVER_CLOCK_OFFSET is: java.util.GregorianCalendar java.util.GregorianCalendar[time=1702074082752,areFieldsSet=true,areAllFieldsSet=false,lenient=true,zone=sun.util.calendar.ZoneInfo[id="GMT",offset=0,dstSavings=0,useDaylight=false,transitions=0,lastRule=null],firstDayOfWeek=1,minimalDaysInFirstWeek=1,ERA=1,YEAR=2023,MONTH=11,WEEK_OF_YEAR=49,WEEK_OF_MONTH=2,DAY_OF_MONTH=8,DAY_OF_YEAR=342,DAY_OF_WEEK=6,DAY_OF_WEEK_IN_MONTH=2,AM_PM=1,HOUR=10,HOUR_OF_DAY=22,MINUTE=21,SECOND=22,MILLISECOND=752,ZONE_OFFSET=0,DST_OFFSET=0]
231208 162122.763|INFO|Thread-95|info|handlePacket start Packet[CLOCK_STARTED] #94 SERVER0 @ site 1 -> SERVER0 @ site 0
231208 162122.763|INFO|Thread-95|dumpPacket|Packet CLOCK_STARTED (Seq #94, o#94 ) handlePacket
231208 162122.763|INFO|Thread-95|dumpPacket|  From: SERVER0 @ site 1, oSERVER0 @ site 1 (DESKTOP-D75BQTV @ 212.212.212.212) (Contest Id: TEST3--3311704722457753279)
231208 162122.763|INFO|Thread-95|dumpPacket|    To: SERVER0 @ site 0
231208 162122.763|INFO|Thread-95|dumpPacket|   key: SITE_NUMBER is: java.lang.Integer 1
231208 162122.763|INFO|Thread-95|dumpPacket|   key: CLIENT_ID is: edu.csus.ecs.pc2.core.model.ClientId ADMINISTRATOR1 @ site 1
231208 162122.763|INFO|Thread-95|dumpPacket|   key: SERVER_CLOCK_OFFSET is: java.util.GregorianCalendar java.util.GregorianCalendar[time=1702074082752,areFieldsSet=true,areAllFieldsSet=false,lenient=true,zone=sun.util.calendar.ZoneInfo[id="GMT",offset=0,dstSavings=0,useDaylight=false,transitions=0,lastRule=null],firstDayOfWeek=1,minimalDaysInFirstWeek=1,ERA=1,YEAR=2023,MONTH=11,WEEK_OF_YEAR=49,WEEK_OF_MONTH=2,DAY_OF_MONTH=8,DAY_OF_YEAR=342,DAY_OF_WEEK=6,DAY_OF_WEEK_IN_MONTH=2,AM_PM=1,HOUR=10,HOUR_OF_DAY=22,MINUTE=21,SECOND=22,MILLISECOND=752,ZONE_OFFSET=0,DST_OFFSET=0]
231208 162122.767|INFO|Thread-95|info|Clock for site 1 started by ADMINISTRATOR1 @ site 1 elapsed 0:00:00
231208 162122.769|INFO|Thread-95|info| receiveObject(S) end   got Packet[CLOCK_STARTED] #94 SERVER0 @ site 1 -> SERVER0 @ site 0
231208 162356.171|INFO|qtp1423561005-30|sendToLocalServer|Sending packet to server Packet[RUN_SUBMISSION] #11 TEAM51 @ site 1 -> SERVER0 @ site 1
231208 162356.171|INFO|qtp1423561005-30|sendToLocalServer|Sent    packet to server Packet[RUN_SUBMISSION] #11 TEAM51 @ site 1 -> SERVER0 @ site 1
231208 162356.204|INFO|Thread-109|info| receiveObject(S) start got Packet[RUN_SUBMISSION_CONFIRM] #102 SERVER0 @ site 1 -> TEAM51 @ site 1
231208 162356.204|INFO|Thread-109|dumpPacket|Packet RUN_SUBMISSION_CONFIRM (Seq #102, o#102 ) recieveObject
231208 162356.204|INFO|Thread-109|dumpPacket|  From: SERVER0 @ site 1, oSERVER0 @ site 1 (DESKTOP-D75BQTV @ 212.212.212.212) (Contest Id: TEST3--3311704722457753279)
231208 162356.204|INFO|Thread-109|dumpPacket|    To: TEAM51 @ site 1
231208 162356.204|INFO|Thread-109|dumpPacket|   key: RUN is: edu.csus.ecs.pc2.core.model.Run Run 1 NEW 2 min 153442ms from TEAM51 @ site 1 id Run-5776740438598010927 problem Sus_Brownie--7431778038142015700 lang Java--8800253324652192008
231208 162356.204|INFO|Thread-109|info|handlePacket start Packet[RUN_SUBMISSION_CONFIRM] #102 SERVER0 @ site 1 -> TEAM51 @ site 1
231208 162356.204|INFO|Thread-109|dumpPacket|Packet RUN_SUBMISSION_CONFIRM (Seq #102, o#102 ) handlePacket
231208 162356.204|INFO|Thread-109|dumpPacket|  From: SERVER0 @ site 1, oSERVER0 @ site 1 (DESKTOP-D75BQTV @ 212.212.212.212) (Contest Id: TEST3--3311704722457753279)
231208 162356.204|INFO|Thread-109|dumpPacket|    To: TEAM51 @ site 1
231208 162356.204|INFO|Thread-109|dumpPacket|   key: RUN is: edu.csus.ecs.pc2.core.model.Run Run 1 NEW 2 min 153442ms from TEAM51 @ site 1 id Run-5776740438598010927 problem Sus_Brownie--7431778038142015700 lang Java--8800253324652192008
231208 162356.204|INFO|Thread-109|info| receiveObject(S) end   got Packet[RUN_SUBMISSION_CONFIRM] #102 SERVER0 @ site 1 -> TEAM51 @ site 1
231208 162404.996|INFO|qtp1423561005-99|sendToLocalServer|Sending packet to server Packet[RUN_SUBMISSION] #12 TEAM51 @ site 1 -> SERVER0 @ site 1
231208 162404.996|INFO|qtp1423561005-99|sendToLocalServer|Sent    packet to server Packet[RUN_SUBMISSION] #12 TEAM51 @ site 1 -> SERVER0 @ site 1
231208 162405.029|INFO|Thread-115|info| receiveObject(S) start got Packet[RUN_SUBMISSION_CONFIRM] #104 SERVER0 @ site 1 -> TEAM51 @ site 1
231208 162405.029|INFO|Thread-115|dumpPacket|Packet RUN_SUBMISSION_CONFIRM (Seq #104, o#104 ) recieveObject
231208 162405.029|INFO|Thread-115|dumpPacket|  From: SERVER0 @ site 1, oSERVER0 @ site 1 (DESKTOP-D75BQTV @ 212.212.212.212) (Contest Id: TEST3--3311704722457753279)
231208 162405.029|INFO|Thread-115|dumpPacket|    To: TEAM51 @ site 1
231208 162405.029|INFO|Thread-115|dumpPacket|   key: RUN is: edu.csus.ecs.pc2.core.model.Run Run 2 NEW 2 min 162259ms from TEAM51 @ site 1 id Run-1904015504826577949 problem Decoder-5254587599883649173 lang Java--8800253324652192008
231208 162405.029|INFO|Thread-115|info|handlePacket start Packet[RUN_SUBMISSION_CONFIRM] #104 SERVER0 @ site 1 -> TEAM51 @ site 1
231208 162405.029|INFO|Thread-115|dumpPacket|Packet RUN_SUBMISSION_CONFIRM (Seq #104, o#104 ) handlePacket
231208 162405.029|INFO|Thread-115|dumpPacket|  From: SERVER0 @ site 1, oSERVER0 @ site 1 (DESKTOP-D75BQTV @ 212.212.212.212) (Contest Id: TEST3--3311704722457753279)
231208 162405.029|INFO|Thread-115|dumpPacket|    To: TEAM51 @ site 1
231208 162405.029|INFO|Thread-115|dumpPacket|   key: RUN is: edu.csus.ecs.pc2.core.model.Run Run 2 NEW 2 min 162259ms from TEAM51 @ site 1 id Run-1904015504826577949 problem Decoder-5254587599883649173 lang Java--8800253324652192008
231208 162405.029|INFO|Thread-115|info| receiveObject(S) end   got Packet[RUN_SUBMISSION_CONFIRM] #104 SERVER0 @ site 1 -> TEAM51 @ site 1
231208 162427.940|INFO|qtp1423561005-23|sendToLocalServer|Sending packet to server Packet[RUN_SUBMISSION] #13 TEAM51 @ site 1 -> SERVER0 @ site 1
231208 162427.940|INFO|qtp1423561005-23|sendToLocalServer|Sent    packet to server Packet[RUN_SUBMISSION] #13 TEAM51 @ site 1 -> SERVER0 @ site 1
231208 162427.981|INFO|Thread-122|info| receiveObject(S) start got Packet[RUN_SUBMISSION_CONFIRM] #108 SERVER0 @ site 1 -> TEAM51 @ site 1
231208 162427.981|INFO|Thread-122|dumpPacket|Packet RUN_SUBMISSION_CONFIRM (Seq #108, o#108 ) recieveObject
231208 162427.981|INFO|Thread-122|dumpPacket|  From: SERVER0 @ site 1, oSERVER0 @ site 1 (DESKTOP-D75BQTV @ 212.212.212.212) (Contest Id: TEST3--3311704722457753279)
231208 162427.981|INFO|Thread-122|dumpPacket|    To: TEAM51 @ site 1
231208 162427.981|INFO|Thread-122|dumpPacket|   key: RUN is: edu.csus.ecs.pc2.core.model.Run Run 3 NEW 3 min 185202ms from TEAM51 @ site 1 id Run-6649239752465086865 problem Sus_Brownie--7431778038142015700 lang Java--8800253324652192008
231208 162427.981|INFO|Thread-122|info|handlePacket start Packet[RUN_SUBMISSION_CONFIRM] #108 SERVER0 @ site 1 -> TEAM51 @ site 1
231208 162427.981|INFO|Thread-122|dumpPacket|Packet RUN_SUBMISSION_CONFIRM (Seq #108, o#108 ) handlePacket
231208 162427.981|INFO|Thread-122|dumpPacket|  From: SERVER0 @ site 1, oSERVER0 @ site 1 (DESKTOP-D75BQTV @ 212.212.212.212) (Contest Id: TEST3--3311704722457753279)
231208 162427.981|INFO|Thread-122|dumpPacket|    To: TEAM51 @ site 1
231208 162427.981|INFO|Thread-122|dumpPacket|   key: RUN is: edu.csus.ecs.pc2.core.model.Run Run 3 NEW 3 min 185202ms from TEAM51 @ site 1 id Run-6649239752465086865 problem Sus_Brownie--7431778038142015700 lang Java--8800253324652192008
231208 162427.981|INFO|Thread-122|info| receiveObject(S) end   got Packet[RUN_SUBMISSION_CONFIRM] #108 SERVER0 @ site 1 -> TEAM51 @ site 1
231208 162451.684|INFO|Thread-133|info| receiveObject(S) start got Packet[RUN_JUDGEMENT] #112 SERVER0 @ site 1 -> TEAM51 @ site 1
231208 162451.684|INFO|Thread-133|dumpPacket|Packet RUN_JUDGEMENT (Seq #112, o#112 ) recieveObject
231208 162451.684|INFO|Thread-133|dumpPacket|  From: SERVER0 @ site 1, oSERVER0 @ site 1 (DESKTOP-D75BQTV @ 212.212.212.212) (Contest Id: TEST3--3311704722457753279)
231208 162451.684|INFO|Thread-133|dumpPacket|    To: TEAM51 @ site 1
231208 162451.684|INFO|Thread-133|dumpPacket|   key: JUDGEMENT_RECORD is: edu.csus.ecs.pc2.core.model.JudgementRecord No by ADMINISTRATOR1 @ site 1 judgement No_-_Run-time_Error--7363172628486726021 id JudgementRecord-4528441621918735402
231208 162451.684|INFO|Thread-133|dumpPacket|   key: RUN is: edu.csus.ecs.pc2.core.model.Run Run 1 JUDGED 2 min 153442ms from TEAM51 @ site 1 id Run-5776740438598010927 problem Sus_Brownie--7431778038142015700 lang Java--8800253324652192008
231208 162451.684|INFO|Thread-133|dumpPacket|   key: CLIENT_ID is: edu.csus.ecs.pc2.core.model.ClientId SERVER0 @ site 1
231208 162451.684|INFO|Thread-133|info|handlePacket start Packet[RUN_JUDGEMENT] #112 SERVER0 @ site 1 -> TEAM51 @ site 1
231208 162451.684|INFO|Thread-133|dumpPacket|Packet RUN_JUDGEMENT (Seq #112, o#112 ) handlePacket
231208 162451.684|INFO|Thread-133|dumpPacket|  From: SERVER0 @ site 1, oSERVER0 @ site 1 (DESKTOP-D75BQTV @ 212.212.212.212) (Contest Id: TEST3--3311704722457753279)
231208 162451.684|INFO|Thread-133|dumpPacket|    To: TEAM51 @ site 1
231208 162451.684|INFO|Thread-133|dumpPacket|   key: JUDGEMENT_RECORD is: edu.csus.ecs.pc2.core.model.JudgementRecord No by ADMINISTRATOR1 @ site 1 judgement No_-_Run-time_Error--7363172628486726021 id JudgementRecord-4528441621918735402
231208 162451.684|INFO|Thread-133|dumpPacket|   key: RUN is: edu.csus.ecs.pc2.core.model.Run Run 1 JUDGED 2 min 153442ms from TEAM51 @ site 1 id Run-5776740438598010927 problem Sus_Brownie--7431778038142015700 lang Java--8800253324652192008
231208 162451.684|INFO|Thread-133|dumpPacket|   key: CLIENT_ID is: edu.csus.ecs.pc2.core.model.ClientId SERVER0 @ site 1
231208 162451.687|INFO|Thread-133|info| receiveObject(S) end   got Packet[RUN_JUDGEMENT] #112 SERVER0 @ site 1 -> TEAM51 @ site 1
231208 162458.039|INFO|Thread-139|info| receiveObject(S) start got Packet[RUN_JUDGEMENT] #116 SERVER0 @ site 1 -> TEAM51 @ site 1
231208 162458.039|INFO|Thread-139|dumpPacket|Packet RUN_JUDGEMENT (Seq #116, o#116 ) recieveObject
231208 162458.039|INFO|Thread-139|dumpPacket|  From: SERVER0 @ site 1, oSERVER0 @ site 1 (DESKTOP-D75BQTV @ 212.212.212.212) (Contest Id: TEST3--3311704722457753279)
231208 162458.039|INFO|Thread-139|dumpPacket|    To: TEAM51 @ site 1
231208 162458.039|INFO|Thread-139|dumpPacket|   key: JUDGEMENT_RECORD is: edu.csus.ecs.pc2.core.model.JudgementRecord Yes by ADMINISTRATOR1 @ site 1 judgement Yes-2915828768858405923 id JudgementRecord-4279696428226338466
231208 162458.039|INFO|Thread-139|dumpPacket|   key: RUN is: edu.csus.ecs.pc2.core.model.Run Run 2 JUDGED 2 min 162259ms from TEAM51 @ site 1 id Run-1904015504826577949 problem Decoder-5254587599883649173 lang Java--8800253324652192008
231208 162458.039|INFO|Thread-139|dumpPacket|   key: CLIENT_ID is: edu.csus.ecs.pc2.core.model.ClientId SERVER0 @ site 1
231208 162458.039|INFO|Thread-139|info|handlePacket start Packet[RUN_JUDGEMENT] #116 SERVER0 @ site 1 -> TEAM51 @ site 1
231208 162458.039|INFO|Thread-139|dumpPacket|Packet RUN_JUDGEMENT (Seq #116, o#116 ) handlePacket
231208 162458.039|INFO|Thread-139|dumpPacket|  From: SERVER0 @ site 1, oSERVER0 @ site 1 (DESKTOP-D75BQTV @ 212.212.212.212) (Contest Id: TEST3--3311704722457753279)
231208 162458.039|INFO|Thread-139|dumpPacket|    To: TEAM51 @ site 1
231208 162458.039|INFO|Thread-139|dumpPacket|   key: JUDGEMENT_RECORD is: edu.csus.ecs.pc2.core.model.JudgementRecord Yes by ADMINISTRATOR1 @ site 1 judgement Yes-2915828768858405923 id JudgementRecord-4279696428226338466
231208 162458.044|INFO|Thread-139|dumpPacket|   key: RUN is: edu.csus.ecs.pc2.core.model.Run Run 2 JUDGED 2 min 162259ms from TEAM51 @ site 1 id Run-1904015504826577949 problem Decoder-5254587599883649173 lang Java--8800253324652192008
231208 162458.044|INFO|Thread-139|dumpPacket|   key: CLIENT_ID is: edu.csus.ecs.pc2.core.model.ClientId SERVER0 @ site 1
231208 162458.049|INFO|Thread-139|info| receiveObject(S) end   got Packet[RUN_JUDGEMENT] #116 SERVER0 @ site 1 -> TEAM51 @ site 1
231208 162502.081|INFO|Thread-145|info| receiveObject(S) start got Packet[RUN_JUDGEMENT] #120 SERVER0 @ site 1 -> TEAM51 @ site 1
231208 162502.081|INFO|Thread-145|dumpPacket|Packet RUN_JUDGEMENT (Seq #120, o#120 ) recieveObject
231208 162502.081|INFO|Thread-145|dumpPacket|  From: SERVER0 @ site 1, oSERVER0 @ site 1 (DESKTOP-D75BQTV @ 212.212.212.212) (Contest Id: TEST3--3311704722457753279)
231208 162502.081|INFO|Thread-145|dumpPacket|    To: TEAM51 @ site 1
231208 162502.081|INFO|Thread-145|dumpPacket|   key: JUDGEMENT_RECORD is: edu.csus.ecs.pc2.core.model.JudgementRecord Yes by ADMINISTRATOR1 @ site 1 judgement Yes-2915828768858405923 id JudgementRecord-7618826861647739053
231208 162502.081|INFO|Thread-145|dumpPacket|   key: RUN is: edu.csus.ecs.pc2.core.model.Run Run 3 JUDGED 3 min 185202ms from TEAM51 @ site 1 id Run-6649239752465086865 problem Sus_Brownie--7431778038142015700 lang Java--8800253324652192008
231208 162502.081|INFO|Thread-145|dumpPacket|   key: CLIENT_ID is: edu.csus.ecs.pc2.core.model.ClientId SERVER0 @ site 1
231208 162502.081|INFO|Thread-145|info|handlePacket start Packet[RUN_JUDGEMENT] #120 SERVER0 @ site 1 -> TEAM51 @ site 1
231208 162502.081|INFO|Thread-145|dumpPacket|Packet RUN_JUDGEMENT (Seq #120, o#120 ) handlePacket
231208 162502.081|INFO|Thread-145|dumpPacket|  From: SERVER0 @ site 1, oSERVER0 @ site 1 (DESKTOP-D75BQTV @ 212.212.212.212) (Contest Id: TEST3--3311704722457753279)
231208 162502.081|INFO|Thread-145|dumpPacket|    To: TEAM51 @ site 1
231208 162502.081|INFO|Thread-145|dumpPacket|   key: JUDGEMENT_RECORD is: edu.csus.ecs.pc2.core.model.JudgementRecord Yes by ADMINISTRATOR1 @ site 1 judgement Yes-2915828768858405923 id JudgementRecord-7618826861647739053
231208 162502.081|INFO|Thread-145|dumpPacket|   key: RUN is: edu.csus.ecs.pc2.core.model.Run Run 3 JUDGED 3 min 185202ms from TEAM51 @ site 1 id Run-6649239752465086865 problem Sus_Brownie--7431778038142015700 lang Java--8800253324652192008
231208 162502.081|INFO|Thread-145|dumpPacket|   key: CLIENT_ID is: edu.csus.ecs.pc2.core.model.ClientId SERVER0 @ site 1
231208 162502.089|INFO|Thread-145|info| receiveObject(S) end   got Packet[RUN_JUDGEMENT] #120 SERVER0 @ site 1 -> TEAM51 @ site 1
231208 162539.316|INFO|qtp1423561005-108|sendToLocalServer|Sending packet to server Packet[CLARIFICATION_SUBMISSION] #15 TEAM51 @ site 1 -> SERVER0 @ site 1
231208 162539.316|INFO|qtp1423561005-108|sendToLocalServer|Sent    packet to server Packet[CLARIFICATION_SUBMISSION] #15 TEAM51 @ site 1 -> SERVER0 @ site 1
231208 162539.351|INFO|Thread-157|info| receiveObject(S) start got Packet[CLARIFICATION_SUBMISSION_CONFIRM] #126 SERVER0 @ site 1 -> TEAM51 @ site 1
231208 162539.351|INFO|Thread-157|dumpPacket|Packet CLARIFICATION_SUBMISSION_CONFIRM (Seq #126, o#126 ) recieveObject
231208 162539.351|INFO|Thread-157|dumpPacket|  From: SERVER0 @ site 1, oSERVER0 @ site 1 (DESKTOP-D75BQTV @ 212.212.212.212) (Contest Id: TEST3--3311704722457753279)
231208 162539.351|INFO|Thread-157|dumpPacket|    To: TEAM51 @ site 1
231208 162539.351|INFO|Thread-157|dumpPacket|   key: CLARIFICATION is: edu.csus.ecs.pc2.core.model.Clarification Clarification 1 NEW from TEAM51 @ site 1 at 4 id=Clarification--451634843442016208
231208 162539.351|INFO|Thread-157|info|handlePacket start Packet[CLARIFICATION_SUBMISSION_CONFIRM] #126 SERVER0 @ site 1 -> TEAM51 @ site 1
231208 162539.351|INFO|Thread-157|dumpPacket|Packet CLARIFICATION_SUBMISSION_CONFIRM (Seq #126, o#126 ) handlePacket
231208 162539.351|INFO|Thread-157|dumpPacket|  From: SERVER0 @ site 1, oSERVER0 @ site 1 (DESKTOP-D75BQTV @ 212.212.212.212) (Contest Id: TEST3--3311704722457753279)
231208 162539.351|INFO|Thread-157|dumpPacket|    To: TEAM51 @ site 1
231208 162539.351|INFO|Thread-157|dumpPacket|   key: CLARIFICATION is: edu.csus.ecs.pc2.core.model.Clarification Clarification 1 NEW from TEAM51 @ site 1 at 4 id=Clarification--451634843442016208
231208 162539.351|INFO|Thread-157|info| receiveObject(S) end   got Packet[CLARIFICATION_SUBMISSION_CONFIRM] #126 SERVER0 @ site 1 -> TEAM51 @ site 1
231208 162611.771|INFO|qtp1423561005-21|sendToLocalServer|Sending packet to server Packet[RUN_SUBMISSION] #16 TEAM51 @ site 1 -> SERVER0 @ site 1
231208 162611.779|INFO|qtp1423561005-21|sendToLocalServer|Sent    packet to server Packet[RUN_SUBMISSION] #16 TEAM51 @ site 1 -> SERVER0 @ site 1
231208 162611.812|INFO|Thread-162|info| receiveObject(S) start got Packet[RUN_SUBMISSION_CONFIRM] #128 SERVER0 @ site 1 -> TEAM51 @ site 1
231208 162611.812|INFO|Thread-162|dumpPacket|Packet RUN_SUBMISSION_CONFIRM (Seq #128, o#128 ) recieveObject
231208 162611.812|INFO|Thread-162|dumpPacket|  From: SERVER0 @ site 1, oSERVER0 @ site 1 (DESKTOP-D75BQTV @ 212.212.212.212) (Contest Id: TEST3--3311704722457753279)
231208 162611.812|INFO|Thread-162|dumpPacket|    To: TEAM51 @ site 1
231208 162611.812|INFO|Thread-162|dumpPacket|   key: RUN is: edu.csus.ecs.pc2.core.model.Run Run 5 NEW 4 min 289041ms from TEAM51 @ site 1 id Run-8375405916206873913 problem JingleBells-7387847219581938395 lang Java--8800253324652192008
231208 162611.812|INFO|Thread-162|info|handlePacket start Packet[RUN_SUBMISSION_CONFIRM] #128 SERVER0 @ site 1 -> TEAM51 @ site 1
231208 162611.812|INFO|Thread-162|dumpPacket|Packet RUN_SUBMISSION_CONFIRM (Seq #128, o#128 ) handlePacket
231208 162611.812|INFO|Thread-162|dumpPacket|  From: SERVER0 @ site 1, oSERVER0 @ site 1 (DESKTOP-D75BQTV @ 212.212.212.212) (Contest Id: TEST3--3311704722457753279)
231208 162611.812|INFO|Thread-162|dumpPacket|    To: TEAM51 @ site 1
231208 162611.812|INFO|Thread-162|dumpPacket|   key: RUN is: edu.csus.ecs.pc2.core.model.Run Run 5 NEW 4 min 289041ms from TEAM51 @ site 1 id Run-8375405916206873913 problem JingleBells-7387847219581938395 lang Java--8800253324652192008
231208 162611.812|INFO|Thread-162|info| receiveObject(S) end   got Packet[RUN_SUBMISSION_CONFIRM] #128 SERVER0 @ site 1 -> TEAM51 @ site 1
231208 162628.587|INFO|Thread-175|info| receiveObject(S) start got Packet[CLARIFICATION_ANSWER_UPDATE] #134 SERVER0 @ site 1 -> SERVER0 @ site 0
231208 162628.587|INFO|Thread-175|dumpPacket|Packet CLARIFICATION_ANSWER_UPDATE (Seq #134, o#134 ) recieveObject
231208 162628.587|INFO|Thread-175|dumpPacket|  From: SERVER0 @ site 1, oSERVER0 @ site 1 (DESKTOP-D75BQTV @ 212.212.212.212) (Contest Id: TEST3--3311704722457753279)
231208 162628.587|INFO|Thread-175|dumpPacket|    To: SERVER0 @ site 0
231208 162628.587|INFO|Thread-175|dumpPacket|   key: CLARIFICATION is: edu.csus.ecs.pc2.core.model.Clarification Clarification 1 ANSWERED from TEAM51 @ site 1 at 4 id=Clarification--451634843442016208
231208 162628.587|INFO|Thread-175|dumpPacket|   key: CLARIFICATION_ANSWER is: java.lang.String it works, also stop submitting the wrong files 
231208 162628.587|INFO|Thread-175|dumpPacket|   key: CLIENT_ID is: edu.csus.ecs.pc2.core.model.ClientId ADMINISTRATOR1 @ site 1
231208 162628.587|INFO|Thread-175|info|handlePacket start Packet[CLARIFICATION_ANSWER_UPDATE] #134 SERVER0 @ site 1 -> SERVER0 @ site 0
231208 162628.587|INFO|Thread-175|dumpPacket|Packet CLARIFICATION_ANSWER_UPDATE (Seq #134, o#134 ) handlePacket
231208 162628.587|INFO|Thread-175|dumpPacket|  From: SERVER0 @ site 1, oSERVER0 @ site 1 (DESKTOP-D75BQTV @ 212.212.212.212) (Contest Id: TEST3--3311704722457753279)
231208 162628.587|INFO|Thread-175|dumpPacket|    To: SERVER0 @ site 0
231208 162628.587|INFO|Thread-175|dumpPacket|   key: CLARIFICATION is: edu.csus.ecs.pc2.core.model.Clarification Clarification 1 ANSWERED from TEAM51 @ site 1 at 4 id=Clarification--451634843442016208
231208 162628.587|INFO|Thread-175|dumpPacket|   key: CLARIFICATION_ANSWER is: java.lang.String it works, also stop submitting the wrong files 
231208 162628.587|INFO|Thread-175|dumpPacket|   key: CLIENT_ID is: edu.csus.ecs.pc2.core.model.ClientId ADMINISTRATOR1 @ site 1
231208 162628.587|INFO|Thread-175|info| receiveObject(S) end   got Packet[CLARIFICATION_ANSWER_UPDATE] #134 SERVER0 @ site 1 -> SERVER0 @ site 0
