221210 081457.771|CONFIG|Thread-2307|setFileHandlers|Now logging to C:\Users\18328\Desktop\pc2\WebTeamInterface-1.1\logs directory.
221210 081457.771|INFO|Thread-2307|info|
221210 081457.772|INFO|Thread-2307|info|Version 9 () Java ver 18.0.2.1 build  Windows 11 10.0 (amd64) 
221210 081457.772|INFO|Thread-2307|info|Login: team70 (aka team70)
221210 081457.772|INFO|Thread-2307|startLog|Working directory is C:\Users\18328\Desktop\pc2\WebTeamInterface-1.1
221210 081457.772|INFO|Thread-2307|startLog|Process id is 20708@DESKTOP-D75BQTV
221210 081457.772|INFO|Thread-2307|info| handlePacket original LOGIN_SUCCESS after -- all settings loaded 
221210 081457.772|INFO|Thread-2307|info|handlePacket end Packet[LOGIN_SUCCESS] #792 SERVER0 @ site 1 -> TEAM70 @ site 1
221210 081457.772|INFO|Thread-2307|info| receiveObject(S) end   got Packet[LOGIN_SUCCESS] #792 SERVER0 @ site 1 -> TEAM70 @ site 1
221210 083216.060|INFO|Thread-6244|info| receiveObject(S) start got Packet[CLARIFICATION_ANSWER_UPDATE] #1121 SERVER0 @ site 1 -> SERVER0 @ site 0
221210 083216.060|INFO|Thread-6244|dumpPacket|Packet CLARIFICATION_ANSWER_UPDATE (Seq #1121, o#1121 ) recieveObject
221210 083216.060|INFO|Thread-6244|dumpPacket|  From: SERVER0 @ site 1, oSERVER0 @ site 1 (DESKTOP-D75BQTV @ 212.212.212.212) (Contest Id: DryRun--5544400451244233091)
221210 083216.060|INFO|Thread-6244|dumpPacket|    To: SERVER0 @ site 0
221210 083216.061|INFO|Thread-6244|dumpPacket|   key: CLARIFICATION is: edu.csus.ecs.pc2.core.model.Clarification Clarification 1 ANSWERED from JUDGE1 @ site 1 at 44 id=Clarification--3557425780297126467
221210 083216.061|INFO|Thread-6244|dumpPacket|   key: CLARIFICATION_ANSWER is: java.lang.String No response, read problem statement
221210 083216.061|INFO|Thread-6244|dumpPacket|   key: CLIENT_ID is: edu.csus.ecs.pc2.core.model.ClientId JUDGE9 @ site 1
221210 083216.061|INFO|Thread-6244|info|handlePacket start Packet[CLARIFICATION_ANSWER_UPDATE] #1121 SERVER0 @ site 1 -> SERVER0 @ site 0
221210 083216.061|INFO|Thread-6244|dumpPacket|Packet CLARIFICATION_ANSWER_UPDATE (Seq #1121, o#1121 ) handlePacket
221210 083216.061|INFO|Thread-6244|dumpPacket|  From: SERVER0 @ site 1, oSERVER0 @ site 1 (DESKTOP-D75BQTV @ 212.212.212.212) (Contest Id: DryRun--5544400451244233091)
221210 083216.061|INFO|Thread-6244|dumpPacket|    To: SERVER0 @ site 0
221210 083216.061|INFO|Thread-6244|dumpPacket|   key: CLARIFICATION is: edu.csus.ecs.pc2.core.model.Clarification Clarification 1 ANSWERED from JUDGE1 @ site 1 at 44 id=Clarification--3557425780297126467
221210 083216.061|INFO|Thread-6244|dumpPacket|   key: CLARIFICATION_ANSWER is: java.lang.String No response, read problem statement
221210 083216.061|INFO|Thread-6244|dumpPacket|   key: CLIENT_ID is: edu.csus.ecs.pc2.core.model.ClientId JUDGE9 @ site 1
221210 083216.061|INFO|Thread-6244|info| receiveObject(S) end   got Packet[CLARIFICATION_ANSWER_UPDATE] #1121 SERVER0 @ site 1 -> SERVER0 @ site 0
221210 084028.483|INFO|Thread-10295|info| receiveObject(S) start got Packet[CLARIFICATION_ANSWER_UPDATE] #1383 SERVER0 @ site 1 -> SERVER0 @ site 0
221210 084028.483|INFO|Thread-10295|dumpPacket|Packet CLARIFICATION_ANSWER_UPDATE (Seq #1383, o#1383 ) recieveObject
221210 084028.483|INFO|Thread-10295|dumpPacket|  From: SERVER0 @ site 1, oSERVER0 @ site 1 (DESKTOP-D75BQTV @ 212.212.212.212) (Contest Id: DryRun--5544400451244233091)
221210 084028.483|INFO|Thread-10295|dumpPacket|    To: SERVER0 @ site 0
221210 084028.483|INFO|Thread-10295|dumpPacket|   key: CLARIFICATION is: edu.csus.ecs.pc2.core.model.Clarification Clarification 2 ANSWERED from TEAM36 @ site 1 at 51 id=Clarification--2605015397721620792
221210 084028.483|INFO|Thread-10295|dumpPacket|   key: CLARIFICATION_ANSWER is: java.lang.String Dont use System.in, use file input
221210 084028.483|INFO|Thread-10295|dumpPacket|   key: CLIENT_ID is: edu.csus.ecs.pc2.core.model.ClientId JUDGE5 @ site 1
221210 084028.483|INFO|Thread-10295|info|handlePacket start Packet[CLARIFICATION_ANSWER_UPDATE] #1383 SERVER0 @ site 1 -> SERVER0 @ site 0
221210 084028.483|INFO|Thread-10295|dumpPacket|Packet CLARIFICATION_ANSWER_UPDATE (Seq #1383, o#1383 ) handlePacket
221210 084028.483|INFO|Thread-10295|dumpPacket|  From: SERVER0 @ site 1, oSERVER0 @ site 1 (DESKTOP-D75BQTV @ 212.212.212.212) (Contest Id: DryRun--5544400451244233091)
221210 084028.483|INFO|Thread-10295|dumpPacket|    To: SERVER0 @ site 0
221210 084028.483|INFO|Thread-10295|dumpPacket|   key: CLARIFICATION is: edu.csus.ecs.pc2.core.model.Clarification Clarification 2 ANSWERED from TEAM36 @ site 1 at 51 id=Clarification--2605015397721620792
221210 084028.483|INFO|Thread-10295|dumpPacket|   key: CLARIFICATION_ANSWER is: java.lang.String Dont use System.in, use file input
221210 084028.483|INFO|Thread-10295|dumpPacket|   key: CLIENT_ID is: edu.csus.ecs.pc2.core.model.ClientId JUDGE5 @ site 1
221210 084028.485|INFO|Thread-10295|info| receiveObject(S) end   got Packet[CLARIFICATION_ANSWER_UPDATE] #1383 SERVER0 @ site 1 -> SERVER0 @ site 0
221210 101926.028|CONFIG|Thread-2071|setFileHandlers|Now logging to C:\Users\18328\Desktop\pc2\WebTeamInterface-1.1\logs directory.
221210 101926.029|INFO|Thread-2071|info|
221210 101926.029|INFO|Thread-2071|info|Version 9 () Java ver 18.0.2.1 build  Windows 11 10.0 (amd64) 
221210 101926.029|INFO|Thread-2071|info|Login: team70 (aka team70)
221210 101926.029|INFO|Thread-2071|startLog|Working directory is C:\Users\18328\Desktop\pc2\WebTeamInterface-1.1
221210 101926.029|INFO|Thread-2071|startLog|Process id is 22344@DESKTOP-D75BQTV
221210 101926.029|INFO|Thread-2071|info| handlePacket original LOGIN_SUCCESS after -- all settings loaded 
221210 101926.029|INFO|Thread-2071|info|handlePacket end Packet[LOGIN_SUCCESS] #2495 SERVER0 @ site 1 -> TEAM70 @ site 1
221210 101926.029|INFO|Thread-2071|info| receiveObject(S) end   got Packet[LOGIN_SUCCESS] #2495 SERVER0 @ site 1 -> TEAM70 @ site 1
221210 103056.945|INFO|Thread-3573|info| receiveObject(S) start got Packet[CLOCK_STOPPED] #2696 SERVER0 @ site 1 -> SERVER0 @ site 0
221210 103056.945|INFO|Thread-3573|dumpPacket|Packet CLOCK_STOPPED (Seq #2696, o#2696 ) recieveObject
221210 103056.945|INFO|Thread-3573|dumpPacket|  From: SERVER0 @ site 1, oSERVER0 @ site 1 (DESKTOP-D75BQTV @ 212.212.212.212) (Contest Id: DryRun--5544400451244233091)
221210 103056.945|INFO|Thread-3573|dumpPacket|    To: SERVER0 @ site 0
221210 103056.945|INFO|Thread-3573|dumpPacket|   key: SITE_NUMBER is: java.lang.Integer 1
221210 103056.945|INFO|Thread-3573|dumpPacket|   key: CLIENT_ID is: edu.csus.ecs.pc2.core.model.ClientId SERVER0 @ site 1
221210 103056.945|INFO|Thread-3573|info|handlePacket start Packet[CLOCK_STOPPED] #2696 SERVER0 @ site 1 -> SERVER0 @ site 0
221210 103056.945|INFO|Thread-3573|dumpPacket|Packet CLOCK_STOPPED (Seq #2696, o#2696 ) handlePacket
221210 103056.945|INFO|Thread-3573|dumpPacket|  From: SERVER0 @ site 1, oSERVER0 @ site 1 (DESKTOP-D75BQTV @ 212.212.212.212) (Contest Id: DryRun--5544400451244233091)
221210 103056.945|INFO|Thread-3573|dumpPacket|    To: SERVER0 @ site 0
221210 103056.945|INFO|Thread-3573|dumpPacket|   key: SITE_NUMBER is: java.lang.Integer 1
221210 103056.945|INFO|Thread-3573|dumpPacket|   key: CLIENT_ID is: edu.csus.ecs.pc2.core.model.ClientId SERVER0 @ site 1
221210 103056.945|INFO|Thread-3573|info|Clock for site 1 stopped by SERVER0 @ site 1 elapsed 2:43:32
221210 103056.956|INFO|Thread-3573|info| receiveObject(S) end   got Packet[CLOCK_STOPPED] #2696 SERVER0 @ site 1 -> SERVER0 @ site 0
231209 083226.051|CONFIG|Thread-16911|setFileHandlers|Now logging to C:\Users\18328\Desktop\pc2\WebTeamInterface-1.1\logs directory.
231209 083226.051|INFO|Thread-16911|info|
231209 083226.051|INFO|Thread-16911|info|Version 9 () Java ver 18.0.2.1 build  Windows 11 10.0 (amd64) 
231209 083226.051|INFO|Thread-16911|info|Login: team70 (aka team70)
231209 083226.051|INFO|Thread-16911|startLog|Working directory is C:\Users\18328\Desktop\pc2\WebTeamInterface-1.1
231209 083226.051|INFO|Thread-16911|startLog|Process id is 15028@DESKTOP-D75BQTV
231209 083226.051|INFO|Thread-16911|info| handlePacket original LOGIN_SUCCESS after -- all settings loaded 
231209 083226.051|INFO|Thread-16911|info|handlePacket end Packet[LOGIN_SUCCESS] #1510 SERVER0 @ site 1 -> TEAM70 @ site 1
231209 083226.051|INFO|Thread-16911|info| receiveObject(S) end   got Packet[LOGIN_SUCCESS] #1510 SERVER0 @ site 1 -> TEAM70 @ site 1
231209 083236.544|INFO|qtp135640095-6001|sendToLocalServer|Sending packet to server Packet[RUN_SUBMISSION] #277 TEAM70 @ site 1 -> SERVER0 @ site 1
231209 083236.552|INFO|qtp135640095-6001|sendToLocalServer|Sent    packet to server Packet[RUN_SUBMISSION] #277 TEAM70 @ site 1 -> SERVER0 @ site 1
231209 083236.592|INFO|Thread-17189|info| receiveObject(S) start got Packet[RUN_SUBMISSION_CONFIRM] #1516 SERVER0 @ site 1 -> TEAM70 @ site 1
231209 083236.592|INFO|Thread-17189|dumpPacket|Packet RUN_SUBMISSION_CONFIRM (Seq #1516, o#1516 ) recieveObject
231209 083236.592|INFO|Thread-17189|dumpPacket|  From: SERVER0 @ site 1, oSERVER0 @ site 1 (DESKTOP-D75BQTV @ 212.212.212.212) (Contest Id: DryRun--6069080675419338087)
231209 083236.592|INFO|Thread-17189|dumpPacket|    To: TEAM70 @ site 1
231209 083236.592|INFO|Thread-17189|dumpPacket|   key: RUN is: edu.csus.ecs.pc2.core.model.Run Run 99 NEW 51 min 3098160ms from TEAM70 @ site 1 id Run-3448770873724745783 problem DryRun--5056188413862619659 lang Java--8800253324652192008
231209 083236.592|INFO|Thread-17189|info|handlePacket start Packet[RUN_SUBMISSION_CONFIRM] #1516 SERVER0 @ site 1 -> TEAM70 @ site 1
231209 083236.592|INFO|Thread-17189|dumpPacket|Packet RUN_SUBMISSION_CONFIRM (Seq #1516, o#1516 ) handlePacket
231209 083236.592|INFO|Thread-17189|dumpPacket|  From: SERVER0 @ site 1, oSERVER0 @ site 1 (DESKTOP-D75BQTV @ 212.212.212.212) (Contest Id: DryRun--6069080675419338087)
231209 083236.592|INFO|Thread-17189|dumpPacket|    To: TEAM70 @ site 1
231209 083236.592|INFO|Thread-17189|dumpPacket|   key: RUN is: edu.csus.ecs.pc2.core.model.Run Run 99 NEW 51 min 3098160ms from TEAM70 @ site 1 id Run-3448770873724745783 problem DryRun--5056188413862619659 lang Java--8800253324652192008
231209 083236.593|INFO|Thread-17189|info| receiveObject(S) end   got Packet[RUN_SUBMISSION_CONFIRM] #1516 SERVER0 @ site 1 -> TEAM70 @ site 1
231209 083330.982|INFO|Thread-17894|info| receiveObject(S) start got Packet[RUN_JUDGEMENT] #1541 SERVER0 @ site 1 -> TEAM70 @ site 1
231209 083330.982|INFO|Thread-17894|dumpPacket|Packet RUN_JUDGEMENT (Seq #1541, o#1541 ) recieveObject
231209 083330.982|INFO|Thread-17894|dumpPacket|  From: SERVER0 @ site 1, oSERVER0 @ site 1 (DESKTOP-D75BQTV @ 212.212.212.212) (Contest Id: DryRun--6069080675419338087)
231209 083330.982|INFO|Thread-17894|dumpPacket|    To: TEAM70 @ site 1
231209 083330.982|INFO|Thread-17894|dumpPacket|   key: JUDGEMENT_RECORD is: edu.csus.ecs.pc2.core.model.JudgementRecord Yes by JUDGE3 @ site 1 judgement Yes-2915828768858405923 id JudgementRecord-3476412887266846920
231209 083330.982|INFO|Thread-17894|dumpPacket|   key: RUN is: edu.csus.ecs.pc2.core.model.Run Run 99 JUDGED 51 min 3098160ms from TEAM70 @ site 1 id Run-3448770873724745783 problem DryRun--5056188413862619659 lang Java--8800253324652192008
231209 083330.982|INFO|Thread-17894|dumpPacket|   key: CLIENT_ID is: edu.csus.ecs.pc2.core.model.ClientId SERVER0 @ site 1
231209 083330.982|INFO|Thread-17894|info|handlePacket start Packet[RUN_JUDGEMENT] #1541 SERVER0 @ site 1 -> TEAM70 @ site 1
231209 083330.982|INFO|Thread-17894|dumpPacket|Packet RUN_JUDGEMENT (Seq #1541, o#1541 ) handlePacket
231209 083330.982|INFO|Thread-17894|dumpPacket|  From: SERVER0 @ site 1, oSERVER0 @ site 1 (DESKTOP-D75BQTV @ 212.212.212.212) (Contest Id: DryRun--6069080675419338087)
231209 083330.982|INFO|Thread-17894|dumpPacket|    To: TEAM70 @ site 1
231209 083330.982|INFO|Thread-17894|dumpPacket|   key: JUDGEMENT_RECORD is: edu.csus.ecs.pc2.core.model.JudgementRecord Yes by JUDGE3 @ site 1 judgement Yes-2915828768858405923 id JudgementRecord-3476412887266846920
231209 083330.982|INFO|Thread-17894|dumpPacket|   key: RUN is: edu.csus.ecs.pc2.core.model.Run Run 99 JUDGED 51 min 3098160ms from TEAM70 @ site 1 id Run-3448770873724745783 problem DryRun--5056188413862619659 lang Java--8800253324652192008
231209 083330.983|INFO|Thread-17894|dumpPacket|   key: CLIENT_ID is: edu.csus.ecs.pc2.core.model.ClientId SERVER0 @ site 1
231209 083330.983|INFO|Thread-17894|info| receiveObject(S) end   got Packet[RUN_JUDGEMENT] #1541 SERVER0 @ site 1 -> TEAM70 @ site 1
