231209 082659.665|CONFIG|qtp135640095-2006|setFileHandlers|Now logging to C:\Users\18328\Desktop\pc2\WebTeamInterface-1.1\logs directory.
231209 082659.665|INFO|qtp135640095-2006|info|
231209 082659.665|INFO|qtp135640095-2006|info|Version 9 () Java ver 18.0.2.1 build  Windows 11 10.0 (amd64) 
231209 082659.665|INFO|qtp135640095-2006|info|Login: team112 (aka team112)
231209 082659.665|INFO|qtp135640095-2006|startLog|Working directory is C:\Users\18328\Desktop\pc2\WebTeamInterface-1.1
231209 082659.665|INFO|qtp135640095-2006|startLog|Process id is 15028@DESKTOP-D75BQTV
231209 082659.665|INFO|qtp135640095-2006|info|Contacting server at localhost:50002 as TEAM112 @ site 0
231209 082659.669|INFO|qtp135640095-2006|info|sendLoginRequest start - sending from TEAM112 @ site 0
231209 082659.669|INFO|qtp135640095-2006|sendToLocalServer|Sending packet to server Packet[LOGIN_REQUEST] #203 TEAM112 @ site 0 -> SERVER0 @ site 0
231209 082659.669|INFO|qtp135640095-2006|sendToLocalServer|Sent    packet to server Packet[LOGIN_REQUEST] #203 TEAM112 @ site 0 -> SERVER0 @ site 0
231209 082659.669|INFO|qtp135640095-2006|info|sendLoginRequest end - packet sent.
231209 082659.669|INFO|Thread-9826|run|send(Serializable)
231209 082659.675|INFO|Thread-9825|receive|public void receive(SealedObject TransportPacket, ConnectionHandlerID connectionHandlerID)
231209 082659.682|INFO|Thread-9827|info| receiveObject(S) start got Packet[LOGIN_SUCCESS] #1114 SERVER0 @ site 1 -> TEAM112 @ site 1
231209 082659.682|INFO|Thread-9827|dumpPacket|Packet LOGIN_SUCCESS (Seq #1114, o#1114 ) recieveObject
231209 082659.682|INFO|Thread-9827|dumpPacket|  From: SERVER0 @ site 1, oSERVER0 @ site 1 (DESKTOP-D75BQTV @ 212.212.212.212) (Contest Id: DryRun--6069080675419338087)
231209 082659.682|INFO|Thread-9827|dumpPacket|    To: TEAM112 @ site 1
231209 082659.682|INFO|Thread-9827|dumpPacket|   key: PROFILE_LIST is: [Ledu.csus.ecs.pc2.core.model.Profile; [Ledu.csus.ecs.pc2.core.model.Profile;@672961e8
231209 082659.682|INFO|Thread-9827|dumpPacket|   key: GENERAL_PROBLEM is: edu.csus.ecs.pc2.core.model.Problem General
231209 082659.682|INFO|Thread-9827|dumpPacket|   key: CLIENT_SETTINGS_LIST is: [Ledu.csus.ecs.pc2.core.model.ClientSettings; [Ledu.csus.ecs.pc2.core.model.ClientSettings;@69ee937d
231209 082659.682|INFO|Thread-9827|dumpPacket|   key: CONTEST_TIME is: edu.csus.ecs.pc2.core.model.ContestTime edu.csus.ecs.pc2.core.model.ContestTime@6dd10a98
231209 082659.682|INFO|Thread-9827|dumpPacket|   key: CLARIFICATION_LIST is: [Ledu.csus.ecs.pc2.core.model.Clarification; [Ledu.csus.ecs.pc2.core.model.Clarification;@28d39946
231209 082659.682|INFO|Thread-9827|dumpPacket|   key: CATEGORY_LIST is: [Ledu.csus.ecs.pc2.core.model.Category; [Ledu.csus.ecs.pc2.core.model.Category;@4d98b95
231209 082659.682|INFO|Thread-9827|dumpPacket|   key: LANGUAGE_LIST is: [Ledu.csus.ecs.pc2.core.model.Language; [Ledu.csus.ecs.pc2.core.model.Language;@19319508
231209 082659.682|INFO|Thread-9827|dumpPacket|   key: REMOTE_LOGGED_IN_USERS is: [Ledu.csus.ecs.pc2.core.model.ClientId; [Ledu.csus.ecs.pc2.core.model.ClientId;@7cd1d97c
231209 082659.682|INFO|Thread-9827|dumpPacket|   key: CONTEST_TIME_LIST is: [Ledu.csus.ecs.pc2.core.model.ContestTime; [Ledu.csus.ecs.pc2.core.model.ContestTime;@48fc6609
231209 082659.682|INFO|Thread-9827|dumpPacket|   key: CONNECTION_HANDLE_ID_LIST is: [Ledu.csus.ecs.pc2.core.transport.ConnectionHandlerID; [Ledu.csus.ecs.pc2.core.transport.ConnectionHandlerID;@31c9a0
231209 082659.682|INFO|Thread-9827|dumpPacket|   key: PROFILE is: edu.csus.ecs.pc2.core.model.Profile DryRun--6069080675419338087
231209 082659.682|INFO|Thread-9827|dumpPacket|   key: CLIENT_ID is: edu.csus.ecs.pc2.core.model.ClientId TEAM112 @ site 1
231209 082659.682|INFO|Thread-9827|dumpPacket|   key: SITE_NUMBER is: java.lang.Integer 1
231209 082659.682|INFO|Thread-9827|dumpPacket|   key: CONTEST_INFORMATION is: edu.csus.ecs.pc2.core.model.ContestInformation edu.csus.ecs.pc2.core.model.ContestInformation@153d857b
231209 082659.682|INFO|Thread-9827|dumpPacket|   key: SITE_LIST is: [Ledu.csus.ecs.pc2.core.model.Site; [Ledu.csus.ecs.pc2.core.model.Site;@67d5b499
231209 082659.682|INFO|Thread-9827|dumpPacket|   key: PROBLEM_DATA_FILES is: [Ledu.csus.ecs.pc2.core.model.ProblemDataFiles; [Ledu.csus.ecs.pc2.core.model.ProblemDataFiles;@4cb25a44
231209 082659.682|INFO|Thread-9827|dumpPacket|   key: JUDGEMENT_LIST is: [Ledu.csus.ecs.pc2.core.model.Judgement; [Ledu.csus.ecs.pc2.core.model.Judgement;@4240f6bb
231209 082659.682|INFO|Thread-9827|dumpPacket|   key: PROBLEM_LIST is: [Ledu.csus.ecs.pc2.core.model.Problem; [Ledu.csus.ecs.pc2.core.model.Problem;@3b2fb5d5
231209 082659.682|INFO|Thread-9827|dumpPacket|   key: GROUP_LIST is: [Ledu.csus.ecs.pc2.core.model.Group; [Ledu.csus.ecs.pc2.core.model.Group;@7194bf55
231209 082659.682|INFO|Thread-9827|dumpPacket|   key: LOCAL_LOGGED_IN_USERS is: [Ledu.csus.ecs.pc2.core.model.ClientId; [Ledu.csus.ecs.pc2.core.model.ClientId;@2faabb59
231209 082659.682|INFO|Thread-9827|dumpPacket|   key: SERVER_CLOCK_OFFSET is: java.util.GregorianCalendar java.util.GregorianCalendar[time=1702132019675,areFieldsSet=true,areAllFieldsSet=false,lenient=true,zone=sun.util.calendar.ZoneInfo[id="GMT",offset=0,dstSavings=0,useDaylight=false,transitions=0,lastRule=null],firstDayOfWeek=1,minimalDaysInFirstWeek=1,ERA=1,YEAR=2023,MONTH=11,WEEK_OF_YEAR=49,WEEK_OF_MONTH=2,DAY_OF_MONTH=9,DAY_OF_YEAR=343,DAY_OF_WEEK=7,DAY_OF_WEEK_IN_MONTH=2,AM_PM=1,HOUR=2,HOUR_OF_DAY=14,MINUTE=26,SECOND=59,MILLISECOND=675,ZONE_OFFSET=0,DST_OFFSET=0]
231209 082659.682|INFO|Thread-9827|dumpPacket|   key: CONTEST_IDENTIFIER is: java.lang.String DryRun--6069080675419338087
231209 082659.682|INFO|Thread-9827|dumpPacket|   key: BALLOON_SETTINGS_LIST is: [Ledu.csus.ecs.pc2.core.model.BalloonSettings; [Ledu.csus.ecs.pc2.core.model.BalloonSettings;@6a1a7539
231209 082659.682|INFO|Thread-9827|dumpPacket|   key: RUN_LIST is: [Ledu.csus.ecs.pc2.core.model.Run; [Ledu.csus.ecs.pc2.core.model.Run;@2cddf4b2
231209 082659.682|INFO|Thread-9827|dumpPacket|   key: ACCOUNT_ARRAY is: [Ledu.csus.ecs.pc2.core.model.Account; [Ledu.csus.ecs.pc2.core.model.Account;@78e7986b
231209 082659.682|INFO|Thread-9827|info|handlePacket start Packet[LOGIN_SUCCESS] #1114 SERVER0 @ site 1 -> TEAM112 @ site 1
231209 082659.682|INFO|Thread-9827|dumpPacket|Packet LOGIN_SUCCESS (Seq #1114, o#1114 ) handlePacket
231209 082659.682|INFO|Thread-9827|dumpPacket|  From: SERVER0 @ site 1, oSERVER0 @ site 1 (DESKTOP-D75BQTV @ 212.212.212.212) (Contest Id: DryRun--6069080675419338087)
231209 082659.682|INFO|Thread-9827|dumpPacket|    To: TEAM112 @ site 1
231209 082659.682|INFO|Thread-9827|dumpPacket|   key: PROFILE_LIST is: [Ledu.csus.ecs.pc2.core.model.Profile; [Ledu.csus.ecs.pc2.core.model.Profile;@672961e8
231209 082659.682|INFO|Thread-9827|dumpPacket|   key: GENERAL_PROBLEM is: edu.csus.ecs.pc2.core.model.Problem General
231209 082659.682|INFO|Thread-9827|dumpPacket|   key: CLIENT_SETTINGS_LIST is: [Ledu.csus.ecs.pc2.core.model.ClientSettings; [Ledu.csus.ecs.pc2.core.model.ClientSettings;@69ee937d
231209 082659.682|INFO|Thread-9827|dumpPacket|   key: CONTEST_TIME is: edu.csus.ecs.pc2.core.model.ContestTime edu.csus.ecs.pc2.core.model.ContestTime@6dd10a98
231209 082659.682|INFO|Thread-9827|dumpPacket|   key: CLARIFICATION_LIST is: [Ledu.csus.ecs.pc2.core.model.Clarification; [Ledu.csus.ecs.pc2.core.model.Clarification;@28d39946
231209 082659.682|INFO|Thread-9827|dumpPacket|   key: CATEGORY_LIST is: [Ledu.csus.ecs.pc2.core.model.Category; [Ledu.csus.ecs.pc2.core.model.Category;@4d98b95
231209 082659.682|INFO|Thread-9827|dumpPacket|   key: LANGUAGE_LIST is: [Ledu.csus.ecs.pc2.core.model.Language; [Ledu.csus.ecs.pc2.core.model.Language;@19319508
231209 082659.682|INFO|Thread-9827|dumpPacket|   key: REMOTE_LOGGED_IN_USERS is: [Ledu.csus.ecs.pc2.core.model.ClientId; [Ledu.csus.ecs.pc2.core.model.ClientId;@7cd1d97c
231209 082659.682|INFO|Thread-9827|dumpPacket|   key: CONTEST_TIME_LIST is: [Ledu.csus.ecs.pc2.core.model.ContestTime; [Ledu.csus.ecs.pc2.core.model.ContestTime;@48fc6609
231209 082659.682|INFO|Thread-9827|dumpPacket|   key: CONNECTION_HANDLE_ID_LIST is: [Ledu.csus.ecs.pc2.core.transport.ConnectionHandlerID; [Ledu.csus.ecs.pc2.core.transport.ConnectionHandlerID;@31c9a0
231209 082659.682|INFO|Thread-9827|dumpPacket|   key: PROFILE is: edu.csus.ecs.pc2.core.model.Profile DryRun--6069080675419338087
231209 082659.682|INFO|Thread-9827|dumpPacket|   key: CLIENT_ID is: edu.csus.ecs.pc2.core.model.ClientId TEAM112 @ site 1
231209 082659.682|INFO|Thread-9827|dumpPacket|   key: SITE_NUMBER is: java.lang.Integer 1
231209 082659.682|INFO|Thread-9827|dumpPacket|   key: CONTEST_INFORMATION is: edu.csus.ecs.pc2.core.model.ContestInformation edu.csus.ecs.pc2.core.model.ContestInformation@153d857b
231209 082659.682|INFO|Thread-9827|dumpPacket|   key: SITE_LIST is: [Ledu.csus.ecs.pc2.core.model.Site; [Ledu.csus.ecs.pc2.core.model.Site;@67d5b499
231209 082659.682|INFO|Thread-9827|dumpPacket|   key: PROBLEM_DATA_FILES is: [Ledu.csus.ecs.pc2.core.model.ProblemDataFiles; [Ledu.csus.ecs.pc2.core.model.ProblemDataFiles;@4cb25a44
231209 082659.682|INFO|Thread-9827|dumpPacket|   key: JUDGEMENT_LIST is: [Ledu.csus.ecs.pc2.core.model.Judgement; [Ledu.csus.ecs.pc2.core.model.Judgement;@4240f6bb
231209 082659.682|INFO|Thread-9827|dumpPacket|   key: PROBLEM_LIST is: [Ledu.csus.ecs.pc2.core.model.Problem; [Ledu.csus.ecs.pc2.core.model.Problem;@3b2fb5d5
231209 082659.682|INFO|Thread-9827|dumpPacket|   key: GROUP_LIST is: [Ledu.csus.ecs.pc2.core.model.Group; [Ledu.csus.ecs.pc2.core.model.Group;@7194bf55
231209 082659.682|INFO|Thread-9827|dumpPacket|   key: LOCAL_LOGGED_IN_USERS is: [Ledu.csus.ecs.pc2.core.model.ClientId; [Ledu.csus.ecs.pc2.core.model.ClientId;@2faabb59
231209 082659.682|INFO|Thread-9827|dumpPacket|   key: SERVER_CLOCK_OFFSET is: java.util.GregorianCalendar java.util.GregorianCalendar[time=1702132019675,areFieldsSet=true,areAllFieldsSet=false,lenient=true,zone=sun.util.calendar.ZoneInfo[id="GMT",offset=0,dstSavings=0,useDaylight=false,transitions=0,lastRule=null],firstDayOfWeek=1,minimalDaysInFirstWeek=1,ERA=1,YEAR=2023,MONTH=11,WEEK_OF_YEAR=49,WEEK_OF_MONTH=2,DAY_OF_MONTH=9,DAY_OF_YEAR=343,DAY_OF_WEEK=7,DAY_OF_WEEK_IN_MONTH=2,AM_PM=1,HOUR=2,HOUR_OF_DAY=14,MINUTE=26,SECOND=59,MILLISECOND=675,ZONE_OFFSET=0,DST_OFFSET=0]
231209 082659.682|INFO|Thread-9827|dumpPacket|   key: CONTEST_IDENTIFIER is: java.lang.String DryRun--6069080675419338087
231209 082659.682|INFO|Thread-9827|dumpPacket|   key: BALLOON_SETTINGS_LIST is: [Ledu.csus.ecs.pc2.core.model.BalloonSettings; [Ledu.csus.ecs.pc2.core.model.BalloonSettings;@6a1a7539
231209 082659.682|INFO|Thread-9827|dumpPacket|   key: RUN_LIST is: [Ledu.csus.ecs.pc2.core.model.Run; [Ledu.csus.ecs.pc2.core.model.Run;@2cddf4b2
231209 082659.682|INFO|Thread-9827|dumpPacket|   key: ACCOUNT_ARRAY is: [Ledu.csus.ecs.pc2.core.model.Account; [Ledu.csus.ecs.pc2.core.model.Account;@78e7986b
231209 082811.562|INFO|Thread-9825|receive|public void receive(SealedObject TransportPacket, ConnectionHandlerID connectionHandlerID)
231209 094517.511|INFO|Thread-9825|connectionDropped|connectionDropped(ConnectionHandlerID myConnectionID) 
