221210 130255.317|CONFIG|qtp1613095350-219686|setFileHandlers|Now logging to C:\Users\18328\Desktop\pc2\WebTeamInterface-1.1\logs directory.
221210 130255.317|INFO|qtp1613095350-219686|info|
221210 130255.317|INFO|qtp1613095350-219686|info|Version 9 () Java ver 18.0.2.1 build  Windows 11 10.0 (amd64) 
221210 130255.318|INFO|qtp1613095350-219686|info|Login: team41 (aka team41)
221210 130255.318|INFO|qtp1613095350-219686|startLog|Working directory is C:\Users\18328\Desktop\pc2\WebTeamInterface-1.1
221210 130255.318|INFO|qtp1613095350-219686|startLog|Process id is 22344@DESKTOP-D75BQTV
221210 130255.318|INFO|qtp1613095350-219686|info|Contacting server at 212.212.212.212:50002 as TEAM41 @ site 0
221210 130255.318|INFO|qtp1613095350-219686|info|sendLoginRequest start - sending from TEAM41 @ site 0
221210 130255.318|INFO|qtp1613095350-219686|sendToLocalServer|Sending packet to server Packet[LOGIN_REQUEST] #993 TEAM41 @ site 0 -> SERVER0 @ site 0
221210 130255.318|INFO|qtp1613095350-219686|sendToLocalServer|Sent    packet to server Packet[LOGIN_REQUEST] #993 TEAM41 @ site 0 -> SERVER0 @ site 0
221210 130255.319|INFO|qtp1613095350-219686|info|sendLoginRequest end - packet sent.
221210 130255.319|INFO|Thread-250633|run|send(Serializable)
221210 130255.323|INFO|Thread-250632|receive|public void receive(SealedObject TransportPacket, ConnectionHandlerID connectionHandlerID)
221210 130255.325|INFO|Thread-250634|info| receiveObject(S) start got Packet[LOGIN_SUCCESS] #7717 SERVER0 @ site 1 -> TEAM41 @ site 1
221210 130255.325|INFO|Thread-250634|dumpPacket|Packet LOGIN_SUCCESS (Seq #7717, o#7717 ) recieveObject
221210 130255.325|INFO|Thread-250634|dumpPacket|  From: SERVER0 @ site 1, oSERVER0 @ site 1 (DESKTOP-D75BQTV @ 212.212.212.212) (Contest Id: Contest-4511288556462302159)
221210 130255.325|INFO|Thread-250634|dumpPacket|    To: TEAM41 @ site 1
221210 130255.325|INFO|Thread-250634|dumpPacket|   key: PROFILE_LIST is: [Ledu.csus.ecs.pc2.core.model.Profile; [Ledu.csus.ecs.pc2.core.model.Profile;@5727a054
221210 130255.325|INFO|Thread-250634|dumpPacket|   key: GENERAL_PROBLEM is: edu.csus.ecs.pc2.core.model.Problem General
221210 130255.325|INFO|Thread-250634|dumpPacket|   key: CLIENT_SETTINGS_LIST is: [Ledu.csus.ecs.pc2.core.model.ClientSettings; [Ledu.csus.ecs.pc2.core.model.ClientSettings;@59e054c0
221210 130255.325|INFO|Thread-250634|dumpPacket|   key: CONTEST_TIME is: edu.csus.ecs.pc2.core.model.ContestTime edu.csus.ecs.pc2.core.model.ContestTime@5ddfcb24
221210 130255.325|INFO|Thread-250634|dumpPacket|   key: CLARIFICATION_LIST is: [Ledu.csus.ecs.pc2.core.model.Clarification; [Ledu.csus.ecs.pc2.core.model.Clarification;@18dd5efb
221210 130255.325|INFO|Thread-250634|dumpPacket|   key: CATEGORY_LIST is: [Ledu.csus.ecs.pc2.core.model.Category; [Ledu.csus.ecs.pc2.core.model.Category;@729268b4
221210 130255.325|INFO|Thread-250634|dumpPacket|   key: LANGUAGE_LIST is: [Ledu.csus.ecs.pc2.core.model.Language; [Ledu.csus.ecs.pc2.core.model.Language;@290f6472
221210 130255.325|INFO|Thread-250634|dumpPacket|   key: REMOTE_LOGGED_IN_USERS is: [Ledu.csus.ecs.pc2.core.model.ClientId; [Ledu.csus.ecs.pc2.core.model.ClientId;@aaa0c9c
221210 130255.325|INFO|Thread-250634|dumpPacket|   key: CONTEST_TIME_LIST is: [Ledu.csus.ecs.pc2.core.model.ContestTime; [Ledu.csus.ecs.pc2.core.model.ContestTime;@78f2a1b4
221210 130255.325|INFO|Thread-250634|dumpPacket|   key: CONNECTION_HANDLE_ID_LIST is: [Ledu.csus.ecs.pc2.core.transport.ConnectionHandlerID; [Ledu.csus.ecs.pc2.core.transport.ConnectionHandlerID;@1944b1d6
221210 130255.325|INFO|Thread-250634|dumpPacket|   key: PROFILE is: edu.csus.ecs.pc2.core.model.Profile Contest-4511288556462302159
221210 130255.325|INFO|Thread-250634|dumpPacket|   key: CLIENT_ID is: edu.csus.ecs.pc2.core.model.ClientId TEAM41 @ site 1
221210 130255.325|INFO|Thread-250634|dumpPacket|   key: SITE_NUMBER is: java.lang.Integer 1
221210 130255.325|INFO|Thread-250634|dumpPacket|   key: CONTEST_INFORMATION is: edu.csus.ecs.pc2.core.model.ContestInformation edu.csus.ecs.pc2.core.model.ContestInformation@4b3a6a78
221210 130255.325|INFO|Thread-250634|dumpPacket|   key: SITE_LIST is: [Ledu.csus.ecs.pc2.core.model.Site; [Ledu.csus.ecs.pc2.core.model.Site;@11ae416f
221210 130255.325|INFO|Thread-250634|dumpPacket|   key: PROBLEM_DATA_FILES is: [Ledu.csus.ecs.pc2.core.model.ProblemDataFiles; [Ledu.csus.ecs.pc2.core.model.ProblemDataFiles;@7cbcbdef
221210 130255.325|INFO|Thread-250634|dumpPacket|   key: JUDGEMENT_LIST is: [Ledu.csus.ecs.pc2.core.model.Judgement; [Ledu.csus.ecs.pc2.core.model.Judgement;@404a69af
221210 130255.325|INFO|Thread-250634|dumpPacket|   key: PROBLEM_LIST is: [Ledu.csus.ecs.pc2.core.model.Problem; [Ledu.csus.ecs.pc2.core.model.Problem;@58bbb274
221210 130255.325|INFO|Thread-250634|dumpPacket|   key: GROUP_LIST is: [Ledu.csus.ecs.pc2.core.model.Group; [Ledu.csus.ecs.pc2.core.model.Group;@3b7d2535
221210 130255.325|INFO|Thread-250634|dumpPacket|   key: LOCAL_LOGGED_IN_USERS is: [Ledu.csus.ecs.pc2.core.model.ClientId; [Ledu.csus.ecs.pc2.core.model.ClientId;@2237b470
221210 130255.325|INFO|Thread-250634|dumpPacket|   key: SERVER_CLOCK_OFFSET is: java.util.GregorianCalendar java.util.GregorianCalendar[time=1670698975320,areFieldsSet=true,areAllFieldsSet=false,lenient=true,zone=sun.util.calendar.ZoneInfo[id="GMT",offset=0,dstSavings=0,useDaylight=false,transitions=0,lastRule=null],firstDayOfWeek=1,minimalDaysInFirstWeek=1,ERA=1,YEAR=2022,MONTH=11,WEEK_OF_YEAR=50,WEEK_OF_MONTH=2,DAY_OF_MONTH=10,DAY_OF_YEAR=344,DAY_OF_WEEK=7,DAY_OF_WEEK_IN_MONTH=2,AM_PM=1,HOUR=7,HOUR_OF_DAY=19,MINUTE=2,SECOND=55,MILLISECOND=320,ZONE_OFFSET=0,DST_OFFSET=0]
221210 130255.325|INFO|Thread-250634|dumpPacket|   key: CONTEST_IDENTIFIER is: java.lang.String Contest-4511288556462302159
221210 130255.325|INFO|Thread-250634|dumpPacket|   key: BALLOON_SETTINGS_LIST is: [Ledu.csus.ecs.pc2.core.model.BalloonSettings; [Ledu.csus.ecs.pc2.core.model.BalloonSettings;@31a3a688
221210 130255.325|INFO|Thread-250634|dumpPacket|   key: RUN_LIST is: [Ledu.csus.ecs.pc2.core.model.Run; [Ledu.csus.ecs.pc2.core.model.Run;@340e8ada
221210 130255.325|INFO|Thread-250634|dumpPacket|   key: ACCOUNT_ARRAY is: [Ledu.csus.ecs.pc2.core.model.Account; [Ledu.csus.ecs.pc2.core.model.Account;@668855e3
221210 130255.325|INFO|Thread-250634|info|handlePacket start Packet[LOGIN_SUCCESS] #7717 SERVER0 @ site 1 -> TEAM41 @ site 1
221210 130255.325|INFO|Thread-250634|dumpPacket|Packet LOGIN_SUCCESS (Seq #7717, o#7717 ) handlePacket
221210 130255.325|INFO|Thread-250634|dumpPacket|  From: SERVER0 @ site 1, oSERVER0 @ site 1 (DESKTOP-D75BQTV @ 212.212.212.212) (Contest Id: Contest-4511288556462302159)
221210 130255.325|INFO|Thread-250634|dumpPacket|    To: TEAM41 @ site 1
221210 130255.325|INFO|Thread-250634|dumpPacket|   key: PROFILE_LIST is: [Ledu.csus.ecs.pc2.core.model.Profile; [Ledu.csus.ecs.pc2.core.model.Profile;@5727a054
221210 130255.325|INFO|Thread-250634|dumpPacket|   key: GENERAL_PROBLEM is: edu.csus.ecs.pc2.core.model.Problem General
221210 130255.325|INFO|Thread-250634|dumpPacket|   key: CLIENT_SETTINGS_LIST is: [Ledu.csus.ecs.pc2.core.model.ClientSettings; [Ledu.csus.ecs.pc2.core.model.ClientSettings;@59e054c0
221210 130255.325|INFO|Thread-250634|dumpPacket|   key: CONTEST_TIME is: edu.csus.ecs.pc2.core.model.ContestTime edu.csus.ecs.pc2.core.model.ContestTime@5ddfcb24
221210 130255.325|INFO|Thread-250634|dumpPacket|   key: CLARIFICATION_LIST is: [Ledu.csus.ecs.pc2.core.model.Clarification; [Ledu.csus.ecs.pc2.core.model.Clarification;@18dd5efb
221210 130255.325|INFO|Thread-250634|dumpPacket|   key: CATEGORY_LIST is: [Ledu.csus.ecs.pc2.core.model.Category; [Ledu.csus.ecs.pc2.core.model.Category;@729268b4
221210 130255.325|INFO|Thread-250634|dumpPacket|   key: LANGUAGE_LIST is: [Ledu.csus.ecs.pc2.core.model.Language; [Ledu.csus.ecs.pc2.core.model.Language;@290f6472
221210 130255.325|INFO|Thread-250634|dumpPacket|   key: REMOTE_LOGGED_IN_USERS is: [Ledu.csus.ecs.pc2.core.model.ClientId; [Ledu.csus.ecs.pc2.core.model.ClientId;@aaa0c9c
221210 130255.325|INFO|Thread-250634|dumpPacket|   key: CONTEST_TIME_LIST is: [Ledu.csus.ecs.pc2.core.model.ContestTime; [Ledu.csus.ecs.pc2.core.model.ContestTime;@78f2a1b4
221210 130255.325|INFO|Thread-250634|dumpPacket|   key: CONNECTION_HANDLE_ID_LIST is: [Ledu.csus.ecs.pc2.core.transport.ConnectionHandlerID; [Ledu.csus.ecs.pc2.core.transport.ConnectionHandlerID;@1944b1d6
221210 130255.325|INFO|Thread-250634|dumpPacket|   key: PROFILE is: edu.csus.ecs.pc2.core.model.Profile Contest-4511288556462302159
221210 130255.325|INFO|Thread-250634|dumpPacket|   key: CLIENT_ID is: edu.csus.ecs.pc2.core.model.ClientId TEAM41 @ site 1
221210 130255.325|INFO|Thread-250634|dumpPacket|   key: SITE_NUMBER is: java.lang.Integer 1
221210 130255.325|INFO|Thread-250634|dumpPacket|   key: CONTEST_INFORMATION is: edu.csus.ecs.pc2.core.model.ContestInformation edu.csus.ecs.pc2.core.model.ContestInformation@4b3a6a78
221210 130255.325|INFO|Thread-250634|dumpPacket|   key: SITE_LIST is: [Ledu.csus.ecs.pc2.core.model.Site; [Ledu.csus.ecs.pc2.core.model.Site;@11ae416f
221210 130255.325|INFO|Thread-250634|dumpPacket|   key: PROBLEM_DATA_FILES is: [Ledu.csus.ecs.pc2.core.model.ProblemDataFiles; [Ledu.csus.ecs.pc2.core.model.ProblemDataFiles;@7cbcbdef
221210 130255.325|INFO|Thread-250634|dumpPacket|   key: JUDGEMENT_LIST is: [Ledu.csus.ecs.pc2.core.model.Judgement; [Ledu.csus.ecs.pc2.core.model.Judgement;@404a69af
221210 130255.325|INFO|Thread-250634|dumpPacket|   key: PROBLEM_LIST is: [Ledu.csus.ecs.pc2.core.model.Problem; [Ledu.csus.ecs.pc2.core.model.Problem;@58bbb274
221210 130255.325|INFO|Thread-250634|dumpPacket|   key: GROUP_LIST is: [Ledu.csus.ecs.pc2.core.model.Group; [Ledu.csus.ecs.pc2.core.model.Group;@3b7d2535
221210 130255.325|INFO|Thread-250634|dumpPacket|   key: LOCAL_LOGGED_IN_USERS is: [Ledu.csus.ecs.pc2.core.model.ClientId; [Ledu.csus.ecs.pc2.core.model.ClientId;@2237b470
221210 130255.325|INFO|Thread-250634|dumpPacket|   key: SERVER_CLOCK_OFFSET is: java.util.GregorianCalendar java.util.GregorianCalendar[time=1670698975320,areFieldsSet=true,areAllFieldsSet=false,lenient=true,zone=sun.util.calendar.ZoneInfo[id="GMT",offset=0,dstSavings=0,useDaylight=false,transitions=0,lastRule=null],firstDayOfWeek=1,minimalDaysInFirstWeek=1,ERA=1,YEAR=2022,MONTH=11,WEEK_OF_YEAR=50,WEEK_OF_MONTH=2,DAY_OF_MONTH=10,DAY_OF_YEAR=344,DAY_OF_WEEK=7,DAY_OF_WEEK_IN_MONTH=2,AM_PM=1,HOUR=7,HOUR_OF_DAY=19,MINUTE=2,SECOND=55,MILLISECOND=320,ZONE_OFFSET=0,DST_OFFSET=0]
221210 130255.325|INFO|Thread-250634|dumpPacket|   key: CONTEST_IDENTIFIER is: java.lang.String Contest-4511288556462302159
221210 130255.325|INFO|Thread-250634|dumpPacket|   key: BALLOON_SETTINGS_LIST is: [Ledu.csus.ecs.pc2.core.model.BalloonSettings; [Ledu.csus.ecs.pc2.core.model.BalloonSettings;@31a3a688
221210 130255.325|INFO|Thread-250634|dumpPacket|   key: RUN_LIST is: [Ledu.csus.ecs.pc2.core.model.Run; [Ledu.csus.ecs.pc2.core.model.Run;@340e8ada
221210 130255.325|INFO|Thread-250634|dumpPacket|   key: ACCOUNT_ARRAY is: [Ledu.csus.ecs.pc2.core.model.Account; [Ledu.csus.ecs.pc2.core.model.Account;@668855e3
221210 150258.438|INFO|Thread-250632|connectionDropped|connectionDropped(ConnectionHandlerID myConnectionID) 
231209 104000.447|CONFIG|qtp135640095-46323|setFileHandlers|Now logging to C:\Users\18328\Desktop\pc2\WebTeamInterface-1.1\logs directory.
231209 104000.447|INFO|qtp135640095-46323|info|
231209 104000.447|INFO|qtp135640095-46323|info|Version 9 () Java ver 18.0.2.1 build  Windows 11 10.0 (amd64) 
231209 104000.447|INFO|qtp135640095-46323|info|Login: team41 (aka team41)
231209 104000.447|INFO|qtp135640095-46323|startLog|Working directory is C:\Users\18328\Desktop\pc2\WebTeamInterface-1.1
231209 104000.447|INFO|qtp135640095-46323|startLog|Process id is 15028@DESKTOP-D75BQTV
231209 104000.447|INFO|qtp135640095-46323|info|Contacting server at localhost:50002 as TEAM41 @ site 0
231209 104000.447|INFO|qtp135640095-46323|info|sendLoginRequest start - sending from TEAM41 @ site 0
231209 104000.455|INFO|qtp135640095-46323|sendToLocalServer|Sending packet to server Packet[LOGIN_REQUEST] #670 TEAM41 @ site 0 -> SERVER0 @ site 0
231209 104000.455|INFO|qtp135640095-46323|sendToLocalServer|Sent    packet to server Packet[LOGIN_REQUEST] #670 TEAM41 @ site 0 -> SERVER0 @ site 0
231209 104000.455|INFO|qtp135640095-46323|info|sendLoginRequest end - packet sent.
231209 104000.455|INFO|Thread-49425|run|send(Serializable)
231209 104000.464|INFO|Thread-49424|receive|public void receive(SealedObject TransportPacket, ConnectionHandlerID connectionHandlerID)
231209 104000.464|INFO|Thread-49426|info| receiveObject(S) start got Packet[LOGIN_SUCCESS] #3666 SERVER0 @ site 1 -> TEAM41 @ site 1
231209 104000.464|INFO|Thread-49426|dumpPacket|Packet LOGIN_SUCCESS (Seq #3666, o#3666 ) recieveObject
231209 104000.464|INFO|Thread-49426|dumpPacket|  From: SERVER0 @ site 1, oSERVER0 @ site 1 (DESKTOP-D75BQTV @ 212.212.212.212) (Contest Id: RealDeal--1957769244132597914)
231209 104000.464|INFO|Thread-49426|dumpPacket|    To: TEAM41 @ site 1
231209 104000.464|INFO|Thread-49426|dumpPacket|   key: PROFILE_LIST is: [Ledu.csus.ecs.pc2.core.model.Profile; [Ledu.csus.ecs.pc2.core.model.Profile;@702644cb
231209 104000.464|INFO|Thread-49426|dumpPacket|   key: GENERAL_PROBLEM is: edu.csus.ecs.pc2.core.model.Problem General
231209 104000.464|INFO|Thread-49426|dumpPacket|   key: CLIENT_SETTINGS_LIST is: [Ledu.csus.ecs.pc2.core.model.ClientSettings; [Ledu.csus.ecs.pc2.core.model.ClientSettings;@7ee1a4bf
231209 104000.464|INFO|Thread-49426|dumpPacket|   key: CONTEST_TIME is: edu.csus.ecs.pc2.core.model.ContestTime edu.csus.ecs.pc2.core.model.ContestTime@7ade2fbb
231209 104000.464|INFO|Thread-49426|dumpPacket|   key: CLARIFICATION_LIST is: [Ledu.csus.ecs.pc2.core.model.Clarification; [Ledu.csus.ecs.pc2.core.model.Clarification;@3fdcae84
231209 104000.464|INFO|Thread-49426|dumpPacket|   key: CATEGORY_LIST is: [Ledu.csus.ecs.pc2.core.model.Category; [Ledu.csus.ecs.pc2.core.model.Category;@7d1eb5a8
231209 104000.464|INFO|Thread-49426|dumpPacket|   key: LANGUAGE_LIST is: [Ledu.csus.ecs.pc2.core.model.Language; [Ledu.csus.ecs.pc2.core.model.Language;@ea932e8
231209 104000.464|INFO|Thread-49426|dumpPacket|   key: REMOTE_LOGGED_IN_USERS is: [Ledu.csus.ecs.pc2.core.model.ClientId; [Ledu.csus.ecs.pc2.core.model.ClientId;@5817771
231209 104000.464|INFO|Thread-49426|dumpPacket|   key: CONTEST_TIME_LIST is: [Ledu.csus.ecs.pc2.core.model.ContestTime; [Ledu.csus.ecs.pc2.core.model.ContestTime;@5ff351cb
231209 104000.464|INFO|Thread-49426|dumpPacket|   key: CONNECTION_HANDLE_ID_LIST is: [Ledu.csus.ecs.pc2.core.transport.ConnectionHandlerID; [Ledu.csus.ecs.pc2.core.transport.ConnectionHandlerID;@57480c68
231209 104000.464|INFO|Thread-49426|dumpPacket|   key: PROFILE is: edu.csus.ecs.pc2.core.model.Profile RealDeal--1957769244132597914
231209 104000.464|INFO|Thread-49426|dumpPacket|   key: CLIENT_ID is: edu.csus.ecs.pc2.core.model.ClientId TEAM41 @ site 1
231209 104000.464|INFO|Thread-49426|dumpPacket|   key: SITE_NUMBER is: java.lang.Integer 1
231209 104000.464|INFO|Thread-49426|dumpPacket|   key: CONTEST_INFORMATION is: edu.csus.ecs.pc2.core.model.ContestInformation edu.csus.ecs.pc2.core.model.ContestInformation@10b15a1b
231209 104000.464|INFO|Thread-49426|dumpPacket|   key: SITE_LIST is: [Ledu.csus.ecs.pc2.core.model.Site; [Ledu.csus.ecs.pc2.core.model.Site;@1e859d83
231209 104000.464|INFO|Thread-49426|dumpPacket|   key: PROBLEM_DATA_FILES is: [Ledu.csus.ecs.pc2.core.model.ProblemDataFiles; [Ledu.csus.ecs.pc2.core.model.ProblemDataFiles;@5bbdea91
231209 104000.464|INFO|Thread-49426|dumpPacket|   key: JUDGEMENT_LIST is: [Ledu.csus.ecs.pc2.core.model.Judgement; [Ledu.csus.ecs.pc2.core.model.Judgement;@4c0186c2
231209 104000.464|INFO|Thread-49426|dumpPacket|   key: PROBLEM_LIST is: [Ledu.csus.ecs.pc2.core.model.Problem; [Ledu.csus.ecs.pc2.core.model.Problem;@56fa7cdb
231209 104000.464|INFO|Thread-49426|dumpPacket|   key: GROUP_LIST is: [Ledu.csus.ecs.pc2.core.model.Group; [Ledu.csus.ecs.pc2.core.model.Group;@64a19a02
231209 104000.464|INFO|Thread-49426|dumpPacket|   key: LOCAL_LOGGED_IN_USERS is: [Ledu.csus.ecs.pc2.core.model.ClientId; [Ledu.csus.ecs.pc2.core.model.ClientId;@50fc1d65
231209 104000.464|INFO|Thread-49426|dumpPacket|   key: SERVER_CLOCK_OFFSET is: java.util.GregorianCalendar java.util.GregorianCalendar[time=1702140000455,areFieldsSet=true,areAllFieldsSet=false,lenient=true,zone=sun.util.calendar.ZoneInfo[id="GMT",offset=0,dstSavings=0,useDaylight=false,transitions=0,lastRule=null],firstDayOfWeek=1,minimalDaysInFirstWeek=1,ERA=1,YEAR=2023,MONTH=11,WEEK_OF_YEAR=49,WEEK_OF_MONTH=2,DAY_OF_MONTH=9,DAY_OF_YEAR=343,DAY_OF_WEEK=7,DAY_OF_WEEK_IN_MONTH=2,AM_PM=1,HOUR=4,HOUR_OF_DAY=16,MINUTE=40,SECOND=0,MILLISECOND=455,ZONE_OFFSET=0,DST_OFFSET=0]
231209 104000.464|INFO|Thread-49426|dumpPacket|   key: CONTEST_IDENTIFIER is: java.lang.String RealDeal--1957769244132597914
231209 104000.464|INFO|Thread-49426|dumpPacket|   key: BALLOON_SETTINGS_LIST is: [Ledu.csus.ecs.pc2.core.model.BalloonSettings; [Ledu.csus.ecs.pc2.core.model.BalloonSettings;@100ba62e
231209 104000.464|INFO|Thread-49426|dumpPacket|   key: RUN_LIST is: [Ledu.csus.ecs.pc2.core.model.Run; [Ledu.csus.ecs.pc2.core.model.Run;@15921c50
231209 104000.464|INFO|Thread-49426|dumpPacket|   key: ACCOUNT_ARRAY is: [Ledu.csus.ecs.pc2.core.model.Account; [Ledu.csus.ecs.pc2.core.model.Account;@7d8bf56a
231209 104000.464|INFO|Thread-49426|info|handlePacket start Packet[LOGIN_SUCCESS] #3666 SERVER0 @ site 1 -> TEAM41 @ site 1
231209 104000.464|INFO|Thread-49426|dumpPacket|Packet LOGIN_SUCCESS (Seq #3666, o#3666 ) handlePacket
231209 104000.464|INFO|Thread-49426|dumpPacket|  From: SERVER0 @ site 1, oSERVER0 @ site 1 (DESKTOP-D75BQTV @ 212.212.212.212) (Contest Id: RealDeal--1957769244132597914)
231209 104000.464|INFO|Thread-49426|dumpPacket|    To: TEAM41 @ site 1
231209 104000.464|INFO|Thread-49426|dumpPacket|   key: PROFILE_LIST is: [Ledu.csus.ecs.pc2.core.model.Profile; [Ledu.csus.ecs.pc2.core.model.Profile;@702644cb
231209 104000.464|INFO|Thread-49426|dumpPacket|   key: GENERAL_PROBLEM is: edu.csus.ecs.pc2.core.model.Problem General
231209 104000.464|INFO|Thread-49426|dumpPacket|   key: CLIENT_SETTINGS_LIST is: [Ledu.csus.ecs.pc2.core.model.ClientSettings; [Ledu.csus.ecs.pc2.core.model.ClientSettings;@7ee1a4bf
231209 104000.464|INFO|Thread-49426|dumpPacket|   key: CONTEST_TIME is: edu.csus.ecs.pc2.core.model.ContestTime edu.csus.ecs.pc2.core.model.ContestTime@7ade2fbb
231209 104000.464|INFO|Thread-49426|dumpPacket|   key: CLARIFICATION_LIST is: [Ledu.csus.ecs.pc2.core.model.Clarification; [Ledu.csus.ecs.pc2.core.model.Clarification;@3fdcae84
231209 104000.464|INFO|Thread-49426|dumpPacket|   key: CATEGORY_LIST is: [Ledu.csus.ecs.pc2.core.model.Category; [Ledu.csus.ecs.pc2.core.model.Category;@7d1eb5a8
231209 104000.464|INFO|Thread-49426|dumpPacket|   key: LANGUAGE_LIST is: [Ledu.csus.ecs.pc2.core.model.Language; [Ledu.csus.ecs.pc2.core.model.Language;@ea932e8
231209 104000.464|INFO|Thread-49426|dumpPacket|   key: REMOTE_LOGGED_IN_USERS is: [Ledu.csus.ecs.pc2.core.model.ClientId; [Ledu.csus.ecs.pc2.core.model.ClientId;@5817771
231209 104000.464|INFO|Thread-49426|dumpPacket|   key: CONTEST_TIME_LIST is: [Ledu.csus.ecs.pc2.core.model.ContestTime; [Ledu.csus.ecs.pc2.core.model.ContestTime;@5ff351cb
231209 104000.464|INFO|Thread-49426|dumpPacket|   key: CONNECTION_HANDLE_ID_LIST is: [Ledu.csus.ecs.pc2.core.transport.ConnectionHandlerID; [Ledu.csus.ecs.pc2.core.transport.ConnectionHandlerID;@57480c68
231209 104000.464|INFO|Thread-49426|dumpPacket|   key: PROFILE is: edu.csus.ecs.pc2.core.model.Profile RealDeal--1957769244132597914
231209 104000.464|INFO|Thread-49426|dumpPacket|   key: CLIENT_ID is: edu.csus.ecs.pc2.core.model.ClientId TEAM41 @ site 1
231209 104000.464|INFO|Thread-49426|dumpPacket|   key: SITE_NUMBER is: java.lang.Integer 1
231209 104000.464|INFO|Thread-49426|dumpPacket|   key: CONTEST_INFORMATION is: edu.csus.ecs.pc2.core.model.ContestInformation edu.csus.ecs.pc2.core.model.ContestInformation@10b15a1b
231209 104000.464|INFO|Thread-49426|dumpPacket|   key: SITE_LIST is: [Ledu.csus.ecs.pc2.core.model.Site; [Ledu.csus.ecs.pc2.core.model.Site;@1e859d83
231209 104000.464|INFO|Thread-49426|dumpPacket|   key: PROBLEM_DATA_FILES is: [Ledu.csus.ecs.pc2.core.model.ProblemDataFiles; [Ledu.csus.ecs.pc2.core.model.ProblemDataFiles;@5bbdea91
231209 104000.464|INFO|Thread-49426|dumpPacket|   key: JUDGEMENT_LIST is: [Ledu.csus.ecs.pc2.core.model.Judgement; [Ledu.csus.ecs.pc2.core.model.Judgement;@4c0186c2
231209 104000.464|INFO|Thread-49426|dumpPacket|   key: PROBLEM_LIST is: [Ledu.csus.ecs.pc2.core.model.Problem; [Ledu.csus.ecs.pc2.core.model.Problem;@56fa7cdb
231209 104000.464|INFO|Thread-49426|dumpPacket|   key: GROUP_LIST is: [Ledu.csus.ecs.pc2.core.model.Group; [Ledu.csus.ecs.pc2.core.model.Group;@64a19a02
231209 104000.464|INFO|Thread-49426|dumpPacket|   key: LOCAL_LOGGED_IN_USERS is: [Ledu.csus.ecs.pc2.core.model.ClientId; [Ledu.csus.ecs.pc2.core.model.ClientId;@50fc1d65
231209 104000.464|INFO|Thread-49426|dumpPacket|   key: SERVER_CLOCK_OFFSET is: java.util.GregorianCalendar java.util.GregorianCalendar[time=1702140000455,areFieldsSet=true,areAllFieldsSet=false,lenient=true,zone=sun.util.calendar.ZoneInfo[id="GMT",offset=0,dstSavings=0,useDaylight=false,transitions=0,lastRule=null],firstDayOfWeek=1,minimalDaysInFirstWeek=1,ERA=1,YEAR=2023,MONTH=11,WEEK_OF_YEAR=49,WEEK_OF_MONTH=2,DAY_OF_MONTH=9,DAY_OF_YEAR=343,DAY_OF_WEEK=7,DAY_OF_WEEK_IN_MONTH=2,AM_PM=1,HOUR=4,HOUR_OF_DAY=16,MINUTE=40,SECOND=0,MILLISECOND=455,ZONE_OFFSET=0,DST_OFFSET=0]
231209 104000.464|INFO|Thread-49426|dumpPacket|   key: CONTEST_IDENTIFIER is: java.lang.String RealDeal--1957769244132597914
231209 104000.464|INFO|Thread-49426|dumpPacket|   key: BALLOON_SETTINGS_LIST is: [Ledu.csus.ecs.pc2.core.model.BalloonSettings; [Ledu.csus.ecs.pc2.core.model.BalloonSettings;@100ba62e
231209 104000.464|INFO|Thread-49426|dumpPacket|   key: RUN_LIST is: [Ledu.csus.ecs.pc2.core.model.Run; [Ledu.csus.ecs.pc2.core.model.Run;@15921c50
231209 104000.464|INFO|Thread-49426|dumpPacket|   key: ACCOUNT_ARRAY is: [Ledu.csus.ecs.pc2.core.model.Account; [Ledu.csus.ecs.pc2.core.model.Account;@7d8bf56a
231209 104016.938|INFO|Thread-49487|run|send(Serializable)
231209 104016.946|INFO|Thread-49424|connectionDropped|connectionDropped(ConnectionHandlerID myConnectionID) 
