221210 075700.293|CONFIG|qtp996796369-922|setFileHandlers|Now logging to C:\Users\18328\Desktop\pc2\WebTeamInterface-1.1\logs directory.
221210 075700.294|INFO|qtp996796369-922|info|
221210 075700.294|INFO|qtp996796369-922|info|Version 9 () Java ver 18.0.2.1 build  Windows 11 10.0 (amd64) 
221210 075700.294|INFO|qtp996796369-922|info|Login: team38 (aka team38)
221210 075700.294|INFO|qtp996796369-922|startLog|Working directory is C:\Users\18328\Desktop\pc2\WebTeamInterface-1.1
221210 075700.294|INFO|qtp996796369-922|startLog|Process id is 20708@DESKTOP-D75BQTV
221210 075700.294|INFO|qtp996796369-922|info|Contacting server at 212.212.212.212:50002 as TEAM38 @ site 0
221210 075700.294|INFO|qtp996796369-922|info|sendLoginRequest start - sending from TEAM38 @ site 0
221210 075700.294|INFO|qtp996796369-922|sendToLocalServer|Sending packet to server Packet[LOGIN_REQUEST] #81 TEAM38 @ site 0 -> SERVER0 @ site 0
221210 075700.294|INFO|qtp996796369-922|sendToLocalServer|Sent    packet to server Packet[LOGIN_REQUEST] #81 TEAM38 @ site 0 -> SERVER0 @ site 0
221210 075700.294|INFO|qtp996796369-922|info|sendLoginRequest end - packet sent.
221210 075700.295|INFO|Thread-1404|run|send(Serializable)
221210 075700.300|INFO|Thread-1403|receive|public void receive(SealedObject TransportPacket, ConnectionHandlerID connectionHandlerID)
221210 075700.301|INFO|Thread-1406|info| receiveObject(S) start got Packet[LOGIN_SUCCESS] #572 SERVER0 @ site 1 -> TEAM38 @ site 1
221210 075700.301|INFO|Thread-1406|dumpPacket|Packet LOGIN_SUCCESS (Seq #572, o#572 ) recieveObject
221210 075700.301|INFO|Thread-1406|dumpPacket|  From: SERVER0 @ site 1, oSERVER0 @ site 1 (DESKTOP-D75BQTV @ 212.212.212.212) (Contest Id: DryRun--5544400451244233091)
221210 075700.301|INFO|Thread-1406|dumpPacket|    To: TEAM38 @ site 1
221210 075700.301|INFO|Thread-1406|dumpPacket|   key: PROFILE_LIST is: [Ledu.csus.ecs.pc2.core.model.Profile; [Ledu.csus.ecs.pc2.core.model.Profile;@66f1de9e
221210 075700.301|INFO|Thread-1406|dumpPacket|   key: GENERAL_PROBLEM is: edu.csus.ecs.pc2.core.model.Problem General
221210 075700.301|INFO|Thread-1406|dumpPacket|   key: CLIENT_SETTINGS_LIST is: [Ledu.csus.ecs.pc2.core.model.ClientSettings; [Ledu.csus.ecs.pc2.core.model.ClientSettings;@68362c30
221210 075700.301|INFO|Thread-1406|dumpPacket|   key: CONTEST_TIME is: edu.csus.ecs.pc2.core.model.ContestTime edu.csus.ecs.pc2.core.model.ContestTime@6c09b5ee
221210 075700.301|INFO|Thread-1406|dumpPacket|   key: CLARIFICATION_LIST is: [Ledu.csus.ecs.pc2.core.model.Clarification; [Ledu.csus.ecs.pc2.core.model.Clarification;@290b260b
221210 075700.301|INFO|Thread-1406|dumpPacket|   key: CATEGORY_LIST is: [Ledu.csus.ecs.pc2.core.model.Category; [Ledu.csus.ecs.pc2.core.model.Category;@41e6189a
221210 075700.301|INFO|Thread-1406|dumpPacket|   key: LANGUAGE_LIST is: [Ledu.csus.ecs.pc2.core.model.Language; [Ledu.csus.ecs.pc2.core.model.Language;@18e8eb3a
221210 075700.301|INFO|Thread-1406|dumpPacket|   key: REMOTE_LOGGED_IN_USERS is: [Ledu.csus.ecs.pc2.core.model.ClientId; [Ledu.csus.ecs.pc2.core.model.ClientId;@39ef8b0c
221210 075700.301|INFO|Thread-1406|dumpPacket|   key: CONTEST_TIME_LIST is: [Ledu.csus.ecs.pc2.core.model.ContestTime; [Ledu.csus.ecs.pc2.core.model.ContestTime;@4924d944
221210 075700.301|INFO|Thread-1406|dumpPacket|   key: CONNECTION_HANDLE_ID_LIST is: [Ledu.csus.ecs.pc2.core.transport.ConnectionHandlerID; [Ledu.csus.ecs.pc2.core.transport.ConnectionHandlerID;@38773a32
221210 075700.301|INFO|Thread-1406|dumpPacket|   key: PROFILE is: edu.csus.ecs.pc2.core.model.Profile DryRun--5544400451244233091
221210 075700.301|INFO|Thread-1406|dumpPacket|   key: CLIENT_ID is: edu.csus.ecs.pc2.core.model.ClientId TEAM38 @ site 1
221210 075700.301|INFO|Thread-1406|dumpPacket|   key: SITE_NUMBER is: java.lang.Integer 1
221210 075700.301|INFO|Thread-1406|dumpPacket|   key: CONTEST_INFORMATION is: edu.csus.ecs.pc2.core.model.ContestInformation edu.csus.ecs.pc2.core.model.ContestInformation@6799b73d
221210 075700.301|INFO|Thread-1406|dumpPacket|   key: SITE_LIST is: [Ledu.csus.ecs.pc2.core.model.Site; [Ledu.csus.ecs.pc2.core.model.Site;@22ebe729
221210 075700.301|INFO|Thread-1406|dumpPacket|   key: PROBLEM_DATA_FILES is: [Ledu.csus.ecs.pc2.core.model.ProblemDataFiles; [Ledu.csus.ecs.pc2.core.model.ProblemDataFiles;@4d6ae4c9
221210 075700.301|INFO|Thread-1406|dumpPacket|   key: JUDGEMENT_LIST is: [Ledu.csus.ecs.pc2.core.model.Judgement; [Ledu.csus.ecs.pc2.core.model.Judgement;@4c4df1fc
221210 075700.301|INFO|Thread-1406|dumpPacket|   key: PROBLEM_LIST is: [Ledu.csus.ecs.pc2.core.model.Problem; [Ledu.csus.ecs.pc2.core.model.Problem;@66c78717
221210 075700.301|INFO|Thread-1406|dumpPacket|   key: GROUP_LIST is: [Ledu.csus.ecs.pc2.core.model.Group; [Ledu.csus.ecs.pc2.core.model.Group;@1be8e649
221210 075700.302|INFO|Thread-1406|dumpPacket|   key: LOCAL_LOGGED_IN_USERS is: [Ledu.csus.ecs.pc2.core.model.ClientId; [Ledu.csus.ecs.pc2.core.model.ClientId;@13e0551
221210 075700.302|INFO|Thread-1406|dumpPacket|   key: SERVER_CLOCK_OFFSET is: java.util.GregorianCalendar java.util.GregorianCalendar[time=1670680620297,areFieldsSet=true,areAllFieldsSet=false,lenient=true,zone=sun.util.calendar.ZoneInfo[id="GMT",offset=0,dstSavings=0,useDaylight=false,transitions=0,lastRule=null],firstDayOfWeek=1,minimalDaysInFirstWeek=1,ERA=1,YEAR=2022,MONTH=11,WEEK_OF_YEAR=50,WEEK_OF_MONTH=2,DAY_OF_MONTH=10,DAY_OF_YEAR=344,DAY_OF_WEEK=7,DAY_OF_WEEK_IN_MONTH=2,AM_PM=1,HOUR=1,HOUR_OF_DAY=13,MINUTE=57,SECOND=0,MILLISECOND=297,ZONE_OFFSET=0,DST_OFFSET=0]
221210 075700.302|INFO|Thread-1406|dumpPacket|   key: CONTEST_IDENTIFIER is: java.lang.String DryRun--5544400451244233091
221210 075700.302|INFO|Thread-1406|dumpPacket|   key: BALLOON_SETTINGS_LIST is: [Ledu.csus.ecs.pc2.core.model.BalloonSettings; [Ledu.csus.ecs.pc2.core.model.BalloonSettings;@22dfc69b
221210 075700.302|INFO|Thread-1406|dumpPacket|   key: RUN_LIST is: [Ledu.csus.ecs.pc2.core.model.Run; [Ledu.csus.ecs.pc2.core.model.Run;@78fa12e8
221210 075700.302|INFO|Thread-1406|dumpPacket|   key: ACCOUNT_ARRAY is: [Ledu.csus.ecs.pc2.core.model.Account; [Ledu.csus.ecs.pc2.core.model.Account;@247c6910
221210 075700.302|INFO|Thread-1406|info|handlePacket start Packet[LOGIN_SUCCESS] #572 SERVER0 @ site 1 -> TEAM38 @ site 1
221210 075700.302|INFO|Thread-1406|dumpPacket|Packet LOGIN_SUCCESS (Seq #572, o#572 ) handlePacket
221210 075700.302|INFO|Thread-1406|dumpPacket|  From: SERVER0 @ site 1, oSERVER0 @ site 1 (DESKTOP-D75BQTV @ 212.212.212.212) (Contest Id: DryRun--5544400451244233091)
221210 075700.302|INFO|Thread-1406|dumpPacket|    To: TEAM38 @ site 1
221210 075700.302|INFO|Thread-1406|dumpPacket|   key: PROFILE_LIST is: [Ledu.csus.ecs.pc2.core.model.Profile; [Ledu.csus.ecs.pc2.core.model.Profile;@66f1de9e
221210 075700.302|INFO|Thread-1406|dumpPacket|   key: GENERAL_PROBLEM is: edu.csus.ecs.pc2.core.model.Problem General
221210 075700.302|INFO|Thread-1406|dumpPacket|   key: CLIENT_SETTINGS_LIST is: [Ledu.csus.ecs.pc2.core.model.ClientSettings; [Ledu.csus.ecs.pc2.core.model.ClientSettings;@68362c30
221210 075700.302|INFO|Thread-1406|dumpPacket|   key: CONTEST_TIME is: edu.csus.ecs.pc2.core.model.ContestTime edu.csus.ecs.pc2.core.model.ContestTime@6c09b5ee
221210 075700.302|INFO|Thread-1406|dumpPacket|   key: CLARIFICATION_LIST is: [Ledu.csus.ecs.pc2.core.model.Clarification; [Ledu.csus.ecs.pc2.core.model.Clarification;@290b260b
221210 075700.302|INFO|Thread-1406|dumpPacket|   key: CATEGORY_LIST is: [Ledu.csus.ecs.pc2.core.model.Category; [Ledu.csus.ecs.pc2.core.model.Category;@41e6189a
221210 075700.302|INFO|Thread-1406|dumpPacket|   key: LANGUAGE_LIST is: [Ledu.csus.ecs.pc2.core.model.Language; [Ledu.csus.ecs.pc2.core.model.Language;@18e8eb3a
221210 075700.302|INFO|Thread-1406|dumpPacket|   key: REMOTE_LOGGED_IN_USERS is: [Ledu.csus.ecs.pc2.core.model.ClientId; [Ledu.csus.ecs.pc2.core.model.ClientId;@39ef8b0c
221210 075700.302|INFO|Thread-1406|dumpPacket|   key: CONTEST_TIME_LIST is: [Ledu.csus.ecs.pc2.core.model.ContestTime; [Ledu.csus.ecs.pc2.core.model.ContestTime;@4924d944
221210 075700.302|INFO|Thread-1406|dumpPacket|   key: CONNECTION_HANDLE_ID_LIST is: [Ledu.csus.ecs.pc2.core.transport.ConnectionHandlerID; [Ledu.csus.ecs.pc2.core.transport.ConnectionHandlerID;@38773a32
221210 075700.302|INFO|Thread-1406|dumpPacket|   key: PROFILE is: edu.csus.ecs.pc2.core.model.Profile DryRun--5544400451244233091
221210 075700.302|INFO|Thread-1406|dumpPacket|   key: CLIENT_ID is: edu.csus.ecs.pc2.core.model.ClientId TEAM38 @ site 1
221210 075700.302|INFO|Thread-1406|dumpPacket|   key: SITE_NUMBER is: java.lang.Integer 1
221210 075700.302|INFO|Thread-1406|dumpPacket|   key: CONTEST_INFORMATION is: edu.csus.ecs.pc2.core.model.ContestInformation edu.csus.ecs.pc2.core.model.ContestInformation@6799b73d
221210 075700.302|INFO|Thread-1406|dumpPacket|   key: SITE_LIST is: [Ledu.csus.ecs.pc2.core.model.Site; [Ledu.csus.ecs.pc2.core.model.Site;@22ebe729
221210 075700.302|INFO|Thread-1406|dumpPacket|   key: PROBLEM_DATA_FILES is: [Ledu.csus.ecs.pc2.core.model.ProblemDataFiles; [Ledu.csus.ecs.pc2.core.model.ProblemDataFiles;@4d6ae4c9
221210 075700.302|INFO|Thread-1406|dumpPacket|   key: JUDGEMENT_LIST is: [Ledu.csus.ecs.pc2.core.model.Judgement; [Ledu.csus.ecs.pc2.core.model.Judgement;@4c4df1fc
221210 075700.302|INFO|Thread-1406|dumpPacket|   key: PROBLEM_LIST is: [Ledu.csus.ecs.pc2.core.model.Problem; [Ledu.csus.ecs.pc2.core.model.Problem;@66c78717
221210 075700.302|INFO|Thread-1406|dumpPacket|   key: GROUP_LIST is: [Ledu.csus.ecs.pc2.core.model.Group; [Ledu.csus.ecs.pc2.core.model.Group;@1be8e649
221210 075700.302|INFO|Thread-1406|dumpPacket|   key: LOCAL_LOGGED_IN_USERS is: [Ledu.csus.ecs.pc2.core.model.ClientId; [Ledu.csus.ecs.pc2.core.model.ClientId;@13e0551
221210 075700.302|INFO|Thread-1406|dumpPacket|   key: SERVER_CLOCK_OFFSET is: java.util.GregorianCalendar java.util.GregorianCalendar[time=1670680620297,areFieldsSet=true,areAllFieldsSet=false,lenient=true,zone=sun.util.calendar.ZoneInfo[id="GMT",offset=0,dstSavings=0,useDaylight=false,transitions=0,lastRule=null],firstDayOfWeek=1,minimalDaysInFirstWeek=1,ERA=1,YEAR=2022,MONTH=11,WEEK_OF_YEAR=50,WEEK_OF_MONTH=2,DAY_OF_MONTH=10,DAY_OF_YEAR=344,DAY_OF_WEEK=7,DAY_OF_WEEK_IN_MONTH=2,AM_PM=1,HOUR=1,HOUR_OF_DAY=13,MINUTE=57,SECOND=0,MILLISECOND=297,ZONE_OFFSET=0,DST_OFFSET=0]
221210 075700.302|INFO|Thread-1406|dumpPacket|   key: CONTEST_IDENTIFIER is: java.lang.String DryRun--5544400451244233091
221210 075700.302|INFO|Thread-1406|dumpPacket|   key: BALLOON_SETTINGS_LIST is: [Ledu.csus.ecs.pc2.core.model.BalloonSettings; [Ledu.csus.ecs.pc2.core.model.BalloonSettings;@22dfc69b
221210 075700.302|INFO|Thread-1406|dumpPacket|   key: RUN_LIST is: [Ledu.csus.ecs.pc2.core.model.Run; [Ledu.csus.ecs.pc2.core.model.Run;@78fa12e8
221210 075700.302|INFO|Thread-1406|dumpPacket|   key: ACCOUNT_ARRAY is: [Ledu.csus.ecs.pc2.core.model.Account; [Ledu.csus.ecs.pc2.core.model.Account;@247c6910
221210 080211.920|INFO|Thread-1466|run|send(Serializable)
221210 080211.932|INFO|Thread-1403|receive|public void receive(SealedObject TransportPacket, ConnectionHandlerID connectionHandlerID)
221210 080306.272|INFO|Thread-1403|receive|public void receive(SealedObject TransportPacket, ConnectionHandlerID connectionHandlerID)
221210 083216.055|INFO|Thread-1403|receive|public void receive(SealedObject TransportPacket, ConnectionHandlerID connectionHandlerID)
221210 084028.490|INFO|Thread-1403|receive|public void receive(SealedObject TransportPacket, ConnectionHandlerID connectionHandlerID)
221210 104126.316|CONFIG|qtp1613095350-1896|setFileHandlers|Now logging to C:\Users\18328\Desktop\pc2\WebTeamInterface-1.1\logs directory.
221210 104126.316|INFO|qtp1613095350-1896|info|
221210 104126.316|INFO|qtp1613095350-1896|info|Version 9 () Java ver 18.0.2.1 build  Windows 11 10.0 (amd64) 
221210 104126.317|INFO|qtp1613095350-1896|info|Login: team38 (aka team38)
221210 104126.317|INFO|qtp1613095350-1896|startLog|Working directory is C:\Users\18328\Desktop\pc2\WebTeamInterface-1.1
221210 104126.317|INFO|qtp1613095350-1896|startLog|Process id is 22344@DESKTOP-D75BQTV
221210 104126.317|INFO|qtp1613095350-1896|info|Contacting server at 212.212.212.212:50002 as TEAM38 @ site 0
221210 104126.317|INFO|qtp1613095350-1896|info|sendLoginRequest start - sending from TEAM38 @ site 0
221210 104126.317|INFO|qtp1613095350-1896|sendToLocalServer|Sending packet to server Packet[LOGIN_REQUEST] #192 TEAM38 @ site 0 -> SERVER0 @ site 0
221210 104126.317|INFO|qtp1613095350-1896|sendToLocalServer|Sent    packet to server Packet[LOGIN_REQUEST] #192 TEAM38 @ site 0 -> SERVER0 @ site 0
221210 104126.317|INFO|qtp1613095350-1896|info|sendLoginRequest end - packet sent.
221210 104126.317|INFO|Thread-4149|run|send(Serializable)
221210 104126.321|INFO|Thread-4148|receive|public void receive(SealedObject TransportPacket, ConnectionHandlerID connectionHandlerID)
221210 104126.323|INFO|Thread-4150|info| receiveObject(S) start got Packet[LOGIN_SUCCESS] #3065 SERVER0 @ site 1 -> TEAM38 @ site 1
221210 104126.323|INFO|Thread-4150|dumpPacket|Packet LOGIN_SUCCESS (Seq #3065, o#3065 ) recieveObject
221210 104126.323|INFO|Thread-4150|dumpPacket|  From: SERVER0 @ site 1, oSERVER0 @ site 1 (DESKTOP-D75BQTV @ 212.212.212.212) (Contest Id: Contest-4511288556462302159)
221210 104126.323|INFO|Thread-4150|dumpPacket|    To: TEAM38 @ site 1
221210 104126.323|INFO|Thread-4150|dumpPacket|   key: PROFILE_LIST is: [Ledu.csus.ecs.pc2.core.model.Profile; [Ledu.csus.ecs.pc2.core.model.Profile;@429c6b56
221210 104126.323|INFO|Thread-4150|dumpPacket|   key: GENERAL_PROBLEM is: edu.csus.ecs.pc2.core.model.Problem General
221210 104126.323|INFO|Thread-4150|dumpPacket|   key: CLIENT_SETTINGS_LIST is: [Ledu.csus.ecs.pc2.core.model.ClientSettings; [Ledu.csus.ecs.pc2.core.model.ClientSettings;@4c5b9d75
221210 104126.323|INFO|Thread-4150|dumpPacket|   key: CONTEST_TIME is: edu.csus.ecs.pc2.core.model.ContestTime edu.csus.ecs.pc2.core.model.ContestTime@48640026
221210 104126.323|INFO|Thread-4150|dumpPacket|   key: CLARIFICATION_LIST is: [Ledu.csus.ecs.pc2.core.model.Clarification; [Ledu.csus.ecs.pc2.core.model.Clarification;@d66974e
221210 104126.323|INFO|Thread-4150|dumpPacket|   key: CATEGORY_LIST is: [Ledu.csus.ecs.pc2.core.model.Category; [Ledu.csus.ecs.pc2.core.model.Category;@2c019b6f
221210 104126.323|INFO|Thread-4150|dumpPacket|   key: LANGUAGE_LIST is: [Ledu.csus.ecs.pc2.core.model.Language; [Ledu.csus.ecs.pc2.core.model.Language;@3ca11baf
221210 104126.323|INFO|Thread-4150|dumpPacket|   key: REMOTE_LOGGED_IN_USERS is: [Ledu.csus.ecs.pc2.core.model.ClientId; [Ledu.csus.ecs.pc2.core.model.ClientId;@542c492d
221210 104126.323|INFO|Thread-4150|dumpPacket|   key: CONTEST_TIME_LIST is: [Ledu.csus.ecs.pc2.core.model.ContestTime; [Ledu.csus.ecs.pc2.core.model.ContestTime;@6d496801
221210 104126.323|INFO|Thread-4150|dumpPacket|   key: CONNECTION_HANDLE_ID_LIST is: [Ledu.csus.ecs.pc2.core.transport.ConnectionHandlerID; [Ledu.csus.ecs.pc2.core.transport.ConnectionHandlerID;@4db35c24
221210 104126.323|INFO|Thread-4150|dumpPacket|   key: PROFILE is: edu.csus.ecs.pc2.core.model.Profile Contest-4511288556462302159
221210 104126.323|INFO|Thread-4150|dumpPacket|   key: CLIENT_ID is: edu.csus.ecs.pc2.core.model.ClientId TEAM38 @ site 1
221210 104126.323|INFO|Thread-4150|dumpPacket|   key: SITE_NUMBER is: java.lang.Integer 1
221210 104126.323|INFO|Thread-4150|dumpPacket|   key: CONTEST_INFORMATION is: edu.csus.ecs.pc2.core.model.ContestInformation edu.csus.ecs.pc2.core.model.ContestInformation@79fb4a5e
221210 104126.323|INFO|Thread-4150|dumpPacket|   key: SITE_LIST is: [Ledu.csus.ecs.pc2.core.model.Site; [Ledu.csus.ecs.pc2.core.model.Site;@4f28016d
221210 104126.323|INFO|Thread-4150|dumpPacket|   key: PROBLEM_DATA_FILES is: [Ledu.csus.ecs.pc2.core.model.ProblemDataFiles; [Ledu.csus.ecs.pc2.core.model.ProblemDataFiles;@690771e9
221210 104126.323|INFO|Thread-4150|dumpPacket|   key: JUDGEMENT_LIST is: [Ledu.csus.ecs.pc2.core.model.Judgement; [Ledu.csus.ecs.pc2.core.model.Judgement;@3e824291
221210 104126.323|INFO|Thread-4150|dumpPacket|   key: PROBLEM_LIST is: [Ledu.csus.ecs.pc2.core.model.Problem; [Ledu.csus.ecs.pc2.core.model.Problem;@1d8856a5
221210 104126.323|INFO|Thread-4150|dumpPacket|   key: GROUP_LIST is: [Ledu.csus.ecs.pc2.core.model.Group; [Ledu.csus.ecs.pc2.core.model.Group;@12240f10
221210 104126.323|INFO|Thread-4150|dumpPacket|   key: LOCAL_LOGGED_IN_USERS is: [Ledu.csus.ecs.pc2.core.model.ClientId; [Ledu.csus.ecs.pc2.core.model.ClientId;@407ebc84
221210 104126.323|INFO|Thread-4150|dumpPacket|   key: SERVER_CLOCK_OFFSET is: java.util.GregorianCalendar java.util.GregorianCalendar[time=1670690486319,areFieldsSet=true,areAllFieldsSet=false,lenient=true,zone=sun.util.calendar.ZoneInfo[id="GMT",offset=0,dstSavings=0,useDaylight=false,transitions=0,lastRule=null],firstDayOfWeek=1,minimalDaysInFirstWeek=1,ERA=1,YEAR=2022,MONTH=11,WEEK_OF_YEAR=50,WEEK_OF_MONTH=2,DAY_OF_MONTH=10,DAY_OF_YEAR=344,DAY_OF_WEEK=7,DAY_OF_WEEK_IN_MONTH=2,AM_PM=1,HOUR=4,HOUR_OF_DAY=16,MINUTE=41,SECOND=26,MILLISECOND=319,ZONE_OFFSET=0,DST_OFFSET=0]
221210 104126.323|INFO|Thread-4150|dumpPacket|   key: CONTEST_IDENTIFIER is: java.lang.String Contest-4511288556462302159
221210 104126.323|INFO|Thread-4150|dumpPacket|   key: BALLOON_SETTINGS_LIST is: [Ledu.csus.ecs.pc2.core.model.BalloonSettings; [Ledu.csus.ecs.pc2.core.model.BalloonSettings;@6cc4f8d0
221210 104126.323|INFO|Thread-4150|dumpPacket|   key: RUN_LIST is: [Ledu.csus.ecs.pc2.core.model.Run; [Ledu.csus.ecs.pc2.core.model.Run;@3326a693
221210 104126.323|INFO|Thread-4150|dumpPacket|   key: ACCOUNT_ARRAY is: [Ledu.csus.ecs.pc2.core.model.Account; [Ledu.csus.ecs.pc2.core.model.Account;@1487368
221210 104126.323|INFO|Thread-4150|info|handlePacket start Packet[LOGIN_SUCCESS] #3065 SERVER0 @ site 1 -> TEAM38 @ site 1
221210 104126.323|INFO|Thread-4150|dumpPacket|Packet LOGIN_SUCCESS (Seq #3065, o#3065 ) handlePacket
221210 104126.323|INFO|Thread-4150|dumpPacket|  From: SERVER0 @ site 1, oSERVER0 @ site 1 (DESKTOP-D75BQTV @ 212.212.212.212) (Contest Id: Contest-4511288556462302159)
221210 104126.323|INFO|Thread-4150|dumpPacket|    To: TEAM38 @ site 1
221210 104126.323|INFO|Thread-4150|dumpPacket|   key: PROFILE_LIST is: [Ledu.csus.ecs.pc2.core.model.Profile; [Ledu.csus.ecs.pc2.core.model.Profile;@429c6b56
221210 104126.323|INFO|Thread-4150|dumpPacket|   key: GENERAL_PROBLEM is: edu.csus.ecs.pc2.core.model.Problem General
221210 104126.323|INFO|Thread-4150|dumpPacket|   key: CLIENT_SETTINGS_LIST is: [Ledu.csus.ecs.pc2.core.model.ClientSettings; [Ledu.csus.ecs.pc2.core.model.ClientSettings;@4c5b9d75
221210 104126.323|INFO|Thread-4150|dumpPacket|   key: CONTEST_TIME is: edu.csus.ecs.pc2.core.model.ContestTime edu.csus.ecs.pc2.core.model.ContestTime@48640026
221210 104126.323|INFO|Thread-4150|dumpPacket|   key: CLARIFICATION_LIST is: [Ledu.csus.ecs.pc2.core.model.Clarification; [Ledu.csus.ecs.pc2.core.model.Clarification;@d66974e
221210 104126.323|INFO|Thread-4150|dumpPacket|   key: CATEGORY_LIST is: [Ledu.csus.ecs.pc2.core.model.Category; [Ledu.csus.ecs.pc2.core.model.Category;@2c019b6f
221210 104126.323|INFO|Thread-4150|dumpPacket|   key: LANGUAGE_LIST is: [Ledu.csus.ecs.pc2.core.model.Language; [Ledu.csus.ecs.pc2.core.model.Language;@3ca11baf
221210 104126.323|INFO|Thread-4150|dumpPacket|   key: REMOTE_LOGGED_IN_USERS is: [Ledu.csus.ecs.pc2.core.model.ClientId; [Ledu.csus.ecs.pc2.core.model.ClientId;@542c492d
221210 104126.323|INFO|Thread-4150|dumpPacket|   key: CONTEST_TIME_LIST is: [Ledu.csus.ecs.pc2.core.model.ContestTime; [Ledu.csus.ecs.pc2.core.model.ContestTime;@6d496801
221210 104126.323|INFO|Thread-4150|dumpPacket|   key: CONNECTION_HANDLE_ID_LIST is: [Ledu.csus.ecs.pc2.core.transport.ConnectionHandlerID; [Ledu.csus.ecs.pc2.core.transport.ConnectionHandlerID;@4db35c24
221210 104126.323|INFO|Thread-4150|dumpPacket|   key: PROFILE is: edu.csus.ecs.pc2.core.model.Profile Contest-4511288556462302159
221210 104126.323|INFO|Thread-4150|dumpPacket|   key: CLIENT_ID is: edu.csus.ecs.pc2.core.model.ClientId TEAM38 @ site 1
221210 104126.323|INFO|Thread-4150|dumpPacket|   key: SITE_NUMBER is: java.lang.Integer 1
221210 104126.323|INFO|Thread-4150|dumpPacket|   key: CONTEST_INFORMATION is: edu.csus.ecs.pc2.core.model.ContestInformation edu.csus.ecs.pc2.core.model.ContestInformation@79fb4a5e
221210 104126.323|INFO|Thread-4150|dumpPacket|   key: SITE_LIST is: [Ledu.csus.ecs.pc2.core.model.Site; [Ledu.csus.ecs.pc2.core.model.Site;@4f28016d
221210 104126.323|INFO|Thread-4150|dumpPacket|   key: PROBLEM_DATA_FILES is: [Ledu.csus.ecs.pc2.core.model.ProblemDataFiles; [Ledu.csus.ecs.pc2.core.model.ProblemDataFiles;@690771e9
221210 104126.323|INFO|Thread-4150|dumpPacket|   key: JUDGEMENT_LIST is: [Ledu.csus.ecs.pc2.core.model.Judgement; [Ledu.csus.ecs.pc2.core.model.Judgement;@3e824291
221210 104126.323|INFO|Thread-4150|dumpPacket|   key: PROBLEM_LIST is: [Ledu.csus.ecs.pc2.core.model.Problem; [Ledu.csus.ecs.pc2.core.model.Problem;@1d8856a5
221210 104126.323|INFO|Thread-4150|dumpPacket|   key: GROUP_LIST is: [Ledu.csus.ecs.pc2.core.model.Group; [Ledu.csus.ecs.pc2.core.model.Group;@12240f10
221210 104126.323|INFO|Thread-4150|dumpPacket|   key: LOCAL_LOGGED_IN_USERS is: [Ledu.csus.ecs.pc2.core.model.ClientId; [Ledu.csus.ecs.pc2.core.model.ClientId;@407ebc84
221210 104126.324|INFO|Thread-4150|dumpPacket|   key: SERVER_CLOCK_OFFSET is: java.util.GregorianCalendar java.util.GregorianCalendar[time=1670690486319,areFieldsSet=true,areAllFieldsSet=false,lenient=true,zone=sun.util.calendar.ZoneInfo[id="GMT",offset=0,dstSavings=0,useDaylight=false,transitions=0,lastRule=null],firstDayOfWeek=1,minimalDaysInFirstWeek=1,ERA=1,YEAR=2022,MONTH=11,WEEK_OF_YEAR=50,WEEK_OF_MONTH=2,DAY_OF_MONTH=10,DAY_OF_YEAR=344,DAY_OF_WEEK=7,DAY_OF_WEEK_IN_MONTH=2,AM_PM=1,HOUR=4,HOUR_OF_DAY=16,MINUTE=41,SECOND=26,MILLISECOND=319,ZONE_OFFSET=0,DST_OFFSET=0]
221210 104126.324|INFO|Thread-4150|dumpPacket|   key: CONTEST_IDENTIFIER is: java.lang.String Contest-4511288556462302159
221210 104126.324|INFO|Thread-4150|dumpPacket|   key: BALLOON_SETTINGS_LIST is: [Ledu.csus.ecs.pc2.core.model.BalloonSettings; [Ledu.csus.ecs.pc2.core.model.BalloonSettings;@6cc4f8d0
221210 104126.324|INFO|Thread-4150|dumpPacket|   key: RUN_LIST is: [Ledu.csus.ecs.pc2.core.model.Run; [Ledu.csus.ecs.pc2.core.model.Run;@3326a693
221210 104126.324|INFO|Thread-4150|dumpPacket|   key: ACCOUNT_ARRAY is: [Ledu.csus.ecs.pc2.core.model.Account; [Ledu.csus.ecs.pc2.core.model.Account;@1487368
221210 104406.112|INFO|Thread-4148|receive|public void receive(SealedObject TransportPacket, ConnectionHandlerID connectionHandlerID)
221210 104406.198|INFO|Thread-4148|receive|public void receive(SealedObject TransportPacket, ConnectionHandlerID connectionHandlerID)
221210 104717.880|INFO|Thread-4148|receive|public void receive(SealedObject TransportPacket, ConnectionHandlerID connectionHandlerID)
221210 104718.643|INFO|Thread-4148|receive|public void receive(SealedObject TransportPacket, ConnectionHandlerID connectionHandlerID)
221210 104719.222|INFO|Thread-4148|receive|public void receive(SealedObject TransportPacket, ConnectionHandlerID connectionHandlerID)
221210 105819.767|INFO|Thread-10693|run|send(Serializable)
221210 105819.779|INFO|Thread-4148|receive|public void receive(SealedObject TransportPacket, ConnectionHandlerID connectionHandlerID)
221210 105836.795|INFO|Thread-4148|receive|public void receive(SealedObject TransportPacket, ConnectionHandlerID connectionHandlerID)
221210 110616.435|INFO|Thread-25637|run|send(Serializable)
221210 110616.454|INFO|Thread-4148|receive|public void receive(SealedObject TransportPacket, ConnectionHandlerID connectionHandlerID)
221210 110633.913|INFO|Thread-4148|receive|public void receive(SealedObject TransportPacket, ConnectionHandlerID connectionHandlerID)
221210 110940.377|INFO|Thread-30815|run|send(Serializable)
221210 110940.392|INFO|Thread-4148|receive|public void receive(SealedObject TransportPacket, ConnectionHandlerID connectionHandlerID)
221210 110951.335|INFO|Thread-4148|receive|public void receive(SealedObject TransportPacket, ConnectionHandlerID connectionHandlerID)
221210 111506.497|INFO|Thread-39894|run|send(Serializable)
221210 111506.517|INFO|Thread-4148|receive|public void receive(SealedObject TransportPacket, ConnectionHandlerID connectionHandlerID)
221210 111552.142|INFO|Thread-4148|receive|public void receive(SealedObject TransportPacket, ConnectionHandlerID connectionHandlerID)
221210 112222.956|INFO|Thread-52832|run|send(Serializable)
221210 112222.977|INFO|Thread-4148|receive|public void receive(SealedObject TransportPacket, ConnectionHandlerID connectionHandlerID)
221210 112312.843|INFO|Thread-4148|receive|public void receive(SealedObject TransportPacket, ConnectionHandlerID connectionHandlerID)
221210 112518.651|INFO|Thread-59503|run|send(Serializable)
221210 112518.679|INFO|Thread-4148|receive|public void receive(SealedObject TransportPacket, ConnectionHandlerID connectionHandlerID)
221210 112629.724|INFO|Thread-4148|receive|public void receive(SealedObject TransportPacket, ConnectionHandlerID connectionHandlerID)
221210 114703.383|INFO|Thread-107940|run|send(Serializable)
221210 114703.420|INFO|Thread-4148|receive|public void receive(SealedObject TransportPacket, ConnectionHandlerID connectionHandlerID)
221210 114802.123|INFO|Thread-4148|receive|public void receive(SealedObject TransportPacket, ConnectionHandlerID connectionHandlerID)
221210 115254.861|INFO|Thread-120947|run|send(Serializable)
221210 115254.894|INFO|Thread-4148|receive|public void receive(SealedObject TransportPacket, ConnectionHandlerID connectionHandlerID)
221210 115312.171|INFO|Thread-4148|receive|public void receive(SealedObject TransportPacket, ConnectionHandlerID connectionHandlerID)
221210 120724.566|INFO|Thread-4148|receive|public void receive(SealedObject TransportPacket, ConnectionHandlerID connectionHandlerID)
221210 121305.041|INFO|Thread-161285|run|send(Serializable)
221210 121305.085|INFO|Thread-4148|receive|public void receive(SealedObject TransportPacket, ConnectionHandlerID connectionHandlerID)
221210 121353.600|INFO|Thread-4148|receive|public void receive(SealedObject TransportPacket, ConnectionHandlerID connectionHandlerID)
221210 122102.435|INFO|Thread-176600|run|send(Serializable)
221210 122102.484|INFO|Thread-4148|receive|public void receive(SealedObject TransportPacket, ConnectionHandlerID connectionHandlerID)
221210 122125.682|INFO|Thread-4148|receive|public void receive(SealedObject TransportPacket, ConnectionHandlerID connectionHandlerID)
221210 150258.389|INFO|Thread-4148|connectionDropped|connectionDropped(ConnectionHandlerID myConnectionID) 
231209 083135.853|CONFIG|qtp135640095-6001|setFileHandlers|Now logging to C:\Users\18328\Desktop\pc2\WebTeamInterface-1.1\logs directory.
231209 083135.853|INFO|qtp135640095-6001|info|
231209 083135.853|INFO|qtp135640095-6001|info|Version 9 () Java ver 18.0.2.1 build  Windows 11 10.0 (amd64) 
231209 083135.853|INFO|qtp135640095-6001|info|Login: team38 (aka team38)
231209 083135.853|INFO|qtp135640095-6001|startLog|Working directory is C:\Users\18328\Desktop\pc2\WebTeamInterface-1.1
231209 083135.853|INFO|qtp135640095-6001|startLog|Process id is 15028@DESKTOP-D75BQTV
231209 083135.853|INFO|qtp135640095-6001|info|Contacting server at localhost:50002 as TEAM38 @ site 0
231209 083135.853|INFO|qtp135640095-6001|info|sendLoginRequest start - sending from TEAM38 @ site 0
231209 083135.853|INFO|qtp135640095-6001|sendToLocalServer|Sending packet to server Packet[LOGIN_REQUEST] #265 TEAM38 @ site 0 -> SERVER0 @ site 0
231209 083135.853|INFO|qtp135640095-6001|sendToLocalServer|Sent    packet to server Packet[LOGIN_REQUEST] #265 TEAM38 @ site 0 -> SERVER0 @ site 0
231209 083135.853|INFO|qtp135640095-6001|info|sendLoginRequest end - packet sent.
231209 083135.853|INFO|Thread-15948|run|send(Serializable)
231209 083135.868|INFO|Thread-15947|receive|public void receive(SealedObject TransportPacket, ConnectionHandlerID connectionHandlerID)
231209 083135.873|INFO|Thread-15949|info| receiveObject(S) start got Packet[LOGIN_SUCCESS] #1433 SERVER0 @ site 1 -> TEAM38 @ site 1
231209 083135.873|INFO|Thread-15949|dumpPacket|Packet LOGIN_SUCCESS (Seq #1433, o#1433 ) recieveObject
231209 083135.873|INFO|Thread-15949|dumpPacket|  From: SERVER0 @ site 1, oSERVER0 @ site 1 (DESKTOP-D75BQTV @ 212.212.212.212) (Contest Id: DryRun--6069080675419338087)
231209 083135.873|INFO|Thread-15949|dumpPacket|    To: TEAM38 @ site 1
231209 083135.873|INFO|Thread-15949|dumpPacket|   key: PROFILE_LIST is: [Ledu.csus.ecs.pc2.core.model.Profile; [Ledu.csus.ecs.pc2.core.model.Profile;@34e48db2
231209 083135.873|INFO|Thread-15949|dumpPacket|   key: GENERAL_PROBLEM is: edu.csus.ecs.pc2.core.model.Problem General
231209 083135.873|INFO|Thread-15949|dumpPacket|   key: CLIENT_SETTINGS_LIST is: [Ledu.csus.ecs.pc2.core.model.ClientSettings; [Ledu.csus.ecs.pc2.core.model.ClientSettings;@3a23755e
231209 083135.873|INFO|Thread-15949|dumpPacket|   key: CONTEST_TIME is: edu.csus.ecs.pc2.core.model.ContestTime edu.csus.ecs.pc2.core.model.ContestTime@3e1ce6c2
231209 083135.873|INFO|Thread-15949|dumpPacket|   key: CLARIFICATION_LIST is: [Ledu.csus.ecs.pc2.core.model.Clarification; [Ledu.csus.ecs.pc2.core.model.Clarification;@7b1e7f65
231209 083135.873|INFO|Thread-15949|dumpPacket|   key: CATEGORY_LIST is: [Ledu.csus.ecs.pc2.core.model.Category; [Ledu.csus.ecs.pc2.core.model.Category;@6b87f4a9
231209 083135.873|INFO|Thread-15949|dumpPacket|   key: LANGUAGE_LIST is: [Ledu.csus.ecs.pc2.core.model.Language; [Ledu.csus.ecs.pc2.core.model.Language;@4aafe502
231209 083135.873|INFO|Thread-15949|dumpPacket|   key: REMOTE_LOGGED_IN_USERS is: [Ledu.csus.ecs.pc2.core.model.ClientId; [Ledu.csus.ecs.pc2.core.model.ClientId;@13dc3063
231209 083135.873|INFO|Thread-15949|dumpPacket|   key: CONTEST_TIME_LIST is: [Ledu.csus.ecs.pc2.core.model.ContestTime; [Ledu.csus.ecs.pc2.core.model.ContestTime;@1b31802a
231209 083135.873|INFO|Thread-15949|dumpPacket|   key: CONNECTION_HANDLE_ID_LIST is: [Ledu.csus.ecs.pc2.core.transport.ConnectionHandlerID; [Ledu.csus.ecs.pc2.core.transport.ConnectionHandlerID;@4fc71d59
231209 083135.873|INFO|Thread-15949|dumpPacket|   key: PROFILE is: edu.csus.ecs.pc2.core.model.Profile DryRun--6069080675419338087
231209 083135.873|INFO|Thread-15949|dumpPacket|   key: CLIENT_ID is: edu.csus.ecs.pc2.core.model.ClientId TEAM38 @ site 1
231209 083135.873|INFO|Thread-15949|dumpPacket|   key: SITE_NUMBER is: java.lang.Integer 1
231209 083135.873|INFO|Thread-15949|dumpPacket|   key: CONTEST_INFORMATION is: edu.csus.ecs.pc2.core.model.ContestInformation edu.csus.ecs.pc2.core.model.ContestInformation@7a757656
231209 083135.873|INFO|Thread-15949|dumpPacket|   key: SITE_LIST is: [Ledu.csus.ecs.pc2.core.model.Site; [Ledu.csus.ecs.pc2.core.model.Site;@8d81e53
231209 083135.873|INFO|Thread-15949|dumpPacket|   key: PROBLEM_DATA_FILES is: [Ledu.csus.ecs.pc2.core.model.ProblemDataFiles; [Ledu.csus.ecs.pc2.core.model.ProblemDataFiles;@1f7fffb2
231209 083135.873|INFO|Thread-15949|dumpPacket|   key: JUDGEMENT_LIST is: [Ledu.csus.ecs.pc2.core.model.Judgement; [Ledu.csus.ecs.pc2.core.model.Judgement;@68a514d1
231209 083135.873|INFO|Thread-15949|dumpPacket|   key: PROBLEM_LIST is: [Ledu.csus.ecs.pc2.core.model.Problem; [Ledu.csus.ecs.pc2.core.model.Problem;@39331855
231209 083135.873|INFO|Thread-15949|dumpPacket|   key: GROUP_LIST is: [Ledu.csus.ecs.pc2.core.model.Group; [Ledu.csus.ecs.pc2.core.model.Group;@71d1b3a6
231209 083135.873|INFO|Thread-15949|dumpPacket|   key: LOCAL_LOGGED_IN_USERS is: [Ledu.csus.ecs.pc2.core.model.ClientId; [Ledu.csus.ecs.pc2.core.model.ClientId;@11334041
231209 083135.873|INFO|Thread-15949|dumpPacket|   key: SERVER_CLOCK_OFFSET is: java.util.GregorianCalendar java.util.GregorianCalendar[time=1702132295861,areFieldsSet=true,areAllFieldsSet=false,lenient=true,zone=sun.util.calendar.ZoneInfo[id="GMT",offset=0,dstSavings=0,useDaylight=false,transitions=0,lastRule=null],firstDayOfWeek=1,minimalDaysInFirstWeek=1,ERA=1,YEAR=2023,MONTH=11,WEEK_OF_YEAR=49,WEEK_OF_MONTH=2,DAY_OF_MONTH=9,DAY_OF_YEAR=343,DAY_OF_WEEK=7,DAY_OF_WEEK_IN_MONTH=2,AM_PM=1,HOUR=2,HOUR_OF_DAY=14,MINUTE=31,SECOND=35,MILLISECOND=861,ZONE_OFFSET=0,DST_OFFSET=0]
231209 083135.873|INFO|Thread-15949|dumpPacket|   key: CONTEST_IDENTIFIER is: java.lang.String DryRun--6069080675419338087
231209 083135.873|INFO|Thread-15949|dumpPacket|   key: BALLOON_SETTINGS_LIST is: [Ledu.csus.ecs.pc2.core.model.BalloonSettings; [Ledu.csus.ecs.pc2.core.model.BalloonSettings;@5170cd2a
231209 083135.873|INFO|Thread-15949|dumpPacket|   key: RUN_LIST is: [Ledu.csus.ecs.pc2.core.model.Run; [Ledu.csus.ecs.pc2.core.model.Run;@702096e1
231209 083135.873|INFO|Thread-15949|dumpPacket|   key: ACCOUNT_ARRAY is: [Ledu.csus.ecs.pc2.core.model.Account; [Ledu.csus.ecs.pc2.core.model.Account;@c1057c0
231209 083135.873|INFO|Thread-15949|info|handlePacket start Packet[LOGIN_SUCCESS] #1433 SERVER0 @ site 1 -> TEAM38 @ site 1
231209 083135.873|INFO|Thread-15949|dumpPacket|Packet LOGIN_SUCCESS (Seq #1433, o#1433 ) handlePacket
231209 083135.873|INFO|Thread-15949|dumpPacket|  From: SERVER0 @ site 1, oSERVER0 @ site 1 (DESKTOP-D75BQTV @ 212.212.212.212) (Contest Id: DryRun--6069080675419338087)
231209 083135.873|INFO|Thread-15949|dumpPacket|    To: TEAM38 @ site 1
231209 083135.873|INFO|Thread-15949|dumpPacket|   key: PROFILE_LIST is: [Ledu.csus.ecs.pc2.core.model.Profile; [Ledu.csus.ecs.pc2.core.model.Profile;@34e48db2
231209 083135.873|INFO|Thread-15949|dumpPacket|   key: GENERAL_PROBLEM is: edu.csus.ecs.pc2.core.model.Problem General
231209 083135.873|INFO|Thread-15949|dumpPacket|   key: CLIENT_SETTINGS_LIST is: [Ledu.csus.ecs.pc2.core.model.ClientSettings; [Ledu.csus.ecs.pc2.core.model.ClientSettings;@3a23755e
231209 083135.873|INFO|Thread-15949|dumpPacket|   key: CONTEST_TIME is: edu.csus.ecs.pc2.core.model.ContestTime edu.csus.ecs.pc2.core.model.ContestTime@3e1ce6c2
231209 083135.873|INFO|Thread-15949|dumpPacket|   key: CLARIFICATION_LIST is: [Ledu.csus.ecs.pc2.core.model.Clarification; [Ledu.csus.ecs.pc2.core.model.Clarification;@7b1e7f65
231209 083135.873|INFO|Thread-15949|dumpPacket|   key: CATEGORY_LIST is: [Ledu.csus.ecs.pc2.core.model.Category; [Ledu.csus.ecs.pc2.core.model.Category;@6b87f4a9
231209 083135.873|INFO|Thread-15949|dumpPacket|   key: LANGUAGE_LIST is: [Ledu.csus.ecs.pc2.core.model.Language; [Ledu.csus.ecs.pc2.core.model.Language;@4aafe502
231209 083135.873|INFO|Thread-15949|dumpPacket|   key: REMOTE_LOGGED_IN_USERS is: [Ledu.csus.ecs.pc2.core.model.ClientId; [Ledu.csus.ecs.pc2.core.model.ClientId;@13dc3063
231209 083135.873|INFO|Thread-15949|dumpPacket|   key: CONTEST_TIME_LIST is: [Ledu.csus.ecs.pc2.core.model.ContestTime; [Ledu.csus.ecs.pc2.core.model.ContestTime;@1b31802a
231209 083135.873|INFO|Thread-15949|dumpPacket|   key: CONNECTION_HANDLE_ID_LIST is: [Ledu.csus.ecs.pc2.core.transport.ConnectionHandlerID; [Ledu.csus.ecs.pc2.core.transport.ConnectionHandlerID;@4fc71d59
231209 083135.873|INFO|Thread-15949|dumpPacket|   key: PROFILE is: edu.csus.ecs.pc2.core.model.Profile DryRun--6069080675419338087
231209 083135.873|INFO|Thread-15949|dumpPacket|   key: CLIENT_ID is: edu.csus.ecs.pc2.core.model.ClientId TEAM38 @ site 1
231209 083135.873|INFO|Thread-15949|dumpPacket|   key: SITE_NUMBER is: java.lang.Integer 1
231209 083135.873|INFO|Thread-15949|dumpPacket|   key: CONTEST_INFORMATION is: edu.csus.ecs.pc2.core.model.ContestInformation edu.csus.ecs.pc2.core.model.ContestInformation@7a757656
231209 083135.873|INFO|Thread-15949|dumpPacket|   key: SITE_LIST is: [Ledu.csus.ecs.pc2.core.model.Site; [Ledu.csus.ecs.pc2.core.model.Site;@8d81e53
231209 083135.873|INFO|Thread-15949|dumpPacket|   key: PROBLEM_DATA_FILES is: [Ledu.csus.ecs.pc2.core.model.ProblemDataFiles; [Ledu.csus.ecs.pc2.core.model.ProblemDataFiles;@1f7fffb2
231209 083135.873|INFO|Thread-15949|dumpPacket|   key: JUDGEMENT_LIST is: [Ledu.csus.ecs.pc2.core.model.Judgement; [Ledu.csus.ecs.pc2.core.model.Judgement;@68a514d1
231209 083135.873|INFO|Thread-15949|dumpPacket|   key: PROBLEM_LIST is: [Ledu.csus.ecs.pc2.core.model.Problem; [Ledu.csus.ecs.pc2.core.model.Problem;@39331855
231209 083135.873|INFO|Thread-15949|dumpPacket|   key: GROUP_LIST is: [Ledu.csus.ecs.pc2.core.model.Group; [Ledu.csus.ecs.pc2.core.model.Group;@71d1b3a6
231209 083135.873|INFO|Thread-15949|dumpPacket|   key: LOCAL_LOGGED_IN_USERS is: [Ledu.csus.ecs.pc2.core.model.ClientId; [Ledu.csus.ecs.pc2.core.model.ClientId;@11334041
231209 083135.873|INFO|Thread-15949|dumpPacket|   key: SERVER_CLOCK_OFFSET is: java.util.GregorianCalendar java.util.GregorianCalendar[time=1702132295861,areFieldsSet=true,areAllFieldsSet=false,lenient=true,zone=sun.util.calendar.ZoneInfo[id="GMT",offset=0,dstSavings=0,useDaylight=false,transitions=0,lastRule=null],firstDayOfWeek=1,minimalDaysInFirstWeek=1,ERA=1,YEAR=2023,MONTH=11,WEEK_OF_YEAR=49,WEEK_OF_MONTH=2,DAY_OF_MONTH=9,DAY_OF_YEAR=343,DAY_OF_WEEK=7,DAY_OF_WEEK_IN_MONTH=2,AM_PM=1,HOUR=2,HOUR_OF_DAY=14,MINUTE=31,SECOND=35,MILLISECOND=861,ZONE_OFFSET=0,DST_OFFSET=0]
231209 083135.873|INFO|Thread-15949|dumpPacket|   key: CONTEST_IDENTIFIER is: java.lang.String DryRun--6069080675419338087
231209 083135.873|INFO|Thread-15949|dumpPacket|   key: BALLOON_SETTINGS_LIST is: [Ledu.csus.ecs.pc2.core.model.BalloonSettings; [Ledu.csus.ecs.pc2.core.model.BalloonSettings;@5170cd2a
231209 083135.873|INFO|Thread-15949|dumpPacket|   key: RUN_LIST is: [Ledu.csus.ecs.pc2.core.model.Run; [Ledu.csus.ecs.pc2.core.model.Run;@702096e1
231209 083135.873|INFO|Thread-15949|dumpPacket|   key: ACCOUNT_ARRAY is: [Ledu.csus.ecs.pc2.core.model.Account; [Ledu.csus.ecs.pc2.core.model.Account;@c1057c0
231209 101335.212|INFO|Thread-15947|connectionDropped|connectionDropped(ConnectionHandlerID myConnectionID) 
