221210 124808.005|CONFIG|qtp1613095350-177203|setFileHandlers|Now logging to C:\Users\18328\Desktop\pc2\WebTeamInterface-1.1\logs directory.
221210 124808.005|INFO|qtp1613095350-177203|info|
221210 124808.005|INFO|qtp1613095350-177203|info|Version 9 () Java ver 18.0.2.1 build  Windows 11 10.0 (amd64) 
221210 124808.006|INFO|qtp1613095350-177203|info|Login: team36 (aka team36)
221210 124808.006|INFO|qtp1613095350-177203|startLog|Working directory is C:\Users\18328\Desktop\pc2\WebTeamInterface-1.1
221210 124808.006|INFO|qtp1613095350-177203|startLog|Process id is 22344@DESKTOP-D75BQTV
221210 124808.006|INFO|qtp1613095350-177203|info|Contacting server at 212.212.212.212:50002 as TEAM36 @ site 0
221210 124808.006|INFO|qtp1613095350-177203|info|sendLoginRequest start - sending from TEAM36 @ site 0
221210 124808.006|INFO|qtp1613095350-177203|sendToLocalServer|Sending packet to server Packet[LOGIN_REQUEST] #963 TEAM36 @ site 0 -> SERVER0 @ site 0
221210 124808.006|INFO|qtp1613095350-177203|sendToLocalServer|Sent    packet to server Packet[LOGIN_REQUEST] #963 TEAM36 @ site 0 -> SERVER0 @ site 0
221210 124808.007|INFO|qtp1613095350-177203|info|sendLoginRequest end - packet sent.
221210 124808.007|INFO|Thread-247989|run|send(Serializable)
221210 124808.010|INFO|Thread-247988|receive|public void receive(SealedObject TransportPacket, ConnectionHandlerID connectionHandlerID)
221210 124808.013|INFO|Thread-247990|info| receiveObject(S) start got Packet[LOGIN_SUCCESS] #7625 SERVER0 @ site 1 -> TEAM36 @ site 1
221210 124808.013|INFO|Thread-247990|dumpPacket|Packet LOGIN_SUCCESS (Seq #7625, o#7625 ) recieveObject
221210 124808.013|INFO|Thread-247990|dumpPacket|  From: SERVER0 @ site 1, oSERVER0 @ site 1 (DESKTOP-D75BQTV @ 212.212.212.212) (Contest Id: Contest-4511288556462302159)
221210 124808.013|INFO|Thread-247990|dumpPacket|    To: TEAM36 @ site 1
221210 124808.013|INFO|Thread-247990|dumpPacket|   key: PROFILE_LIST is: [Ledu.csus.ecs.pc2.core.model.Profile; [Ledu.csus.ecs.pc2.core.model.Profile;@2831c3bd
221210 124808.013|INFO|Thread-247990|dumpPacket|   key: GENERAL_PROBLEM is: edu.csus.ecs.pc2.core.model.Problem General
221210 124808.013|INFO|Thread-247990|dumpPacket|   key: CLIENT_SETTINGS_LIST is: [Ledu.csus.ecs.pc2.core.model.ClientSettings; [Ledu.csus.ecs.pc2.core.model.ClientSettings;@26f628cb
221210 124808.013|INFO|Thread-247990|dumpPacket|   key: CONTEST_TIME is: edu.csus.ecs.pc2.core.model.ContestTime edu.csus.ecs.pc2.core.model.ContestTime@22c9a8cd
221210 124808.013|INFO|Thread-247990|dumpPacket|   key: CLARIFICATION_LIST is: [Ledu.csus.ecs.pc2.core.model.Clarification; [Ledu.csus.ecs.pc2.core.model.Clarification;@67cb22f0
221210 124808.013|INFO|Thread-247990|dumpPacket|   key: CATEGORY_LIST is: [Ledu.csus.ecs.pc2.core.model.Category; [Ledu.csus.ecs.pc2.core.model.Category;@41c1299f
221210 124808.013|INFO|Thread-247990|dumpPacket|   key: LANGUAGE_LIST is: [Ledu.csus.ecs.pc2.core.model.Language; [Ledu.csus.ecs.pc2.core.model.Language;@56e6e11c
221210 124808.013|INFO|Thread-247990|dumpPacket|   key: REMOTE_LOGGED_IN_USERS is: [Ledu.csus.ecs.pc2.core.model.ClientId; [Ledu.csus.ecs.pc2.core.model.ClientId;@3906b4cd
221210 124808.013|INFO|Thread-247990|dumpPacket|   key: CONTEST_TIME_LIST is: [Ledu.csus.ecs.pc2.core.model.ContestTime; [Ledu.csus.ecs.pc2.core.model.ContestTime;@7e4ddbf
221210 124808.013|INFO|Thread-247990|dumpPacket|   key: CONNECTION_HANDLE_ID_LIST is: [Ledu.csus.ecs.pc2.core.transport.ConnectionHandlerID; [Ledu.csus.ecs.pc2.core.transport.ConnectionHandlerID;@4f21910d
221210 124808.013|INFO|Thread-247990|dumpPacket|   key: PROFILE is: edu.csus.ecs.pc2.core.model.Profile Contest-4511288556462302159
221210 124808.013|INFO|Thread-247990|dumpPacket|   key: CLIENT_ID is: edu.csus.ecs.pc2.core.model.ClientId TEAM36 @ site 1
221210 124808.013|INFO|Thread-247990|dumpPacket|   key: SITE_NUMBER is: java.lang.Integer 1
221210 124808.013|INFO|Thread-247990|dumpPacket|   key: CONTEST_INFORMATION is: edu.csus.ecs.pc2.core.model.ContestInformation edu.csus.ecs.pc2.core.model.ContestInformation@2e2e67f4
221210 124808.013|INFO|Thread-247990|dumpPacket|   key: SITE_LIST is: [Ledu.csus.ecs.pc2.core.model.Site; [Ledu.csus.ecs.pc2.core.model.Site;@22021e20
221210 124808.013|INFO|Thread-247990|dumpPacket|   key: PROBLEM_DATA_FILES is: [Ledu.csus.ecs.pc2.core.model.ProblemDataFiles; [Ledu.csus.ecs.pc2.core.model.ProblemDataFiles;@3aa26fa
221210 124808.013|INFO|Thread-247990|dumpPacket|   key: JUDGEMENT_LIST is: [Ledu.csus.ecs.pc2.core.model.Judgement; [Ledu.csus.ecs.pc2.core.model.Judgement;@40c0767b
221210 124808.013|INFO|Thread-247990|dumpPacket|   key: PROBLEM_LIST is: [Ledu.csus.ecs.pc2.core.model.Problem; [Ledu.csus.ecs.pc2.core.model.Problem;@1d8cb850
221210 124808.013|INFO|Thread-247990|dumpPacket|   key: GROUP_LIST is: [Ledu.csus.ecs.pc2.core.model.Group; [Ledu.csus.ecs.pc2.core.model.Group;@2fcd46df
221210 124808.013|INFO|Thread-247990|dumpPacket|   key: LOCAL_LOGGED_IN_USERS is: [Ledu.csus.ecs.pc2.core.model.ClientId; [Ledu.csus.ecs.pc2.core.model.ClientId;@7d02282a
221210 124808.013|INFO|Thread-247990|dumpPacket|   key: SERVER_CLOCK_OFFSET is: java.util.GregorianCalendar java.util.GregorianCalendar[time=1670698088008,areFieldsSet=true,areAllFieldsSet=false,lenient=true,zone=sun.util.calendar.ZoneInfo[id="GMT",offset=0,dstSavings=0,useDaylight=false,transitions=0,lastRule=null],firstDayOfWeek=1,minimalDaysInFirstWeek=1,ERA=1,YEAR=2022,MONTH=11,WEEK_OF_YEAR=50,WEEK_OF_MONTH=2,DAY_OF_MONTH=10,DAY_OF_YEAR=344,DAY_OF_WEEK=7,DAY_OF_WEEK_IN_MONTH=2,AM_PM=1,HOUR=6,HOUR_OF_DAY=18,MINUTE=48,SECOND=8,MILLISECOND=8,ZONE_OFFSET=0,DST_OFFSET=0]
221210 124808.013|INFO|Thread-247990|dumpPacket|   key: CONTEST_IDENTIFIER is: java.lang.String Contest-4511288556462302159
221210 124808.013|INFO|Thread-247990|dumpPacket|   key: BALLOON_SETTINGS_LIST is: [Ledu.csus.ecs.pc2.core.model.BalloonSettings; [Ledu.csus.ecs.pc2.core.model.BalloonSettings;@3eb2fa5f
221210 124808.013|INFO|Thread-247990|dumpPacket|   key: RUN_LIST is: [Ledu.csus.ecs.pc2.core.model.Run; [Ledu.csus.ecs.pc2.core.model.Run;@46049be1
221210 124808.013|INFO|Thread-247990|dumpPacket|   key: ACCOUNT_ARRAY is: [Ledu.csus.ecs.pc2.core.model.Account; [Ledu.csus.ecs.pc2.core.model.Account;@3bad640
221210 124808.013|INFO|Thread-247990|info|handlePacket start Packet[LOGIN_SUCCESS] #7625 SERVER0 @ site 1 -> TEAM36 @ site 1
221210 124808.013|INFO|Thread-247990|dumpPacket|Packet LOGIN_SUCCESS (Seq #7625, o#7625 ) handlePacket
221210 124808.013|INFO|Thread-247990|dumpPacket|  From: SERVER0 @ site 1, oSERVER0 @ site 1 (DESKTOP-D75BQTV @ 212.212.212.212) (Contest Id: Contest-4511288556462302159)
221210 124808.013|INFO|Thread-247990|dumpPacket|    To: TEAM36 @ site 1
221210 124808.013|INFO|Thread-247990|dumpPacket|   key: PROFILE_LIST is: [Ledu.csus.ecs.pc2.core.model.Profile; [Ledu.csus.ecs.pc2.core.model.Profile;@2831c3bd
221210 124808.013|INFO|Thread-247990|dumpPacket|   key: GENERAL_PROBLEM is: edu.csus.ecs.pc2.core.model.Problem General
221210 124808.013|INFO|Thread-247990|dumpPacket|   key: CLIENT_SETTINGS_LIST is: [Ledu.csus.ecs.pc2.core.model.ClientSettings; [Ledu.csus.ecs.pc2.core.model.ClientSettings;@26f628cb
221210 124808.013|INFO|Thread-247990|dumpPacket|   key: CONTEST_TIME is: edu.csus.ecs.pc2.core.model.ContestTime edu.csus.ecs.pc2.core.model.ContestTime@22c9a8cd
221210 124808.014|INFO|Thread-247990|dumpPacket|   key: CLARIFICATION_LIST is: [Ledu.csus.ecs.pc2.core.model.Clarification; [Ledu.csus.ecs.pc2.core.model.Clarification;@67cb22f0
221210 124808.014|INFO|Thread-247990|dumpPacket|   key: CATEGORY_LIST is: [Ledu.csus.ecs.pc2.core.model.Category; [Ledu.csus.ecs.pc2.core.model.Category;@41c1299f
221210 124808.014|INFO|Thread-247990|dumpPacket|   key: LANGUAGE_LIST is: [Ledu.csus.ecs.pc2.core.model.Language; [Ledu.csus.ecs.pc2.core.model.Language;@56e6e11c
221210 124808.014|INFO|Thread-247990|dumpPacket|   key: REMOTE_LOGGED_IN_USERS is: [Ledu.csus.ecs.pc2.core.model.ClientId; [Ledu.csus.ecs.pc2.core.model.ClientId;@3906b4cd
221210 124808.014|INFO|Thread-247990|dumpPacket|   key: CONTEST_TIME_LIST is: [Ledu.csus.ecs.pc2.core.model.ContestTime; [Ledu.csus.ecs.pc2.core.model.ContestTime;@7e4ddbf
221210 124808.014|INFO|Thread-247990|dumpPacket|   key: CONNECTION_HANDLE_ID_LIST is: [Ledu.csus.ecs.pc2.core.transport.ConnectionHandlerID; [Ledu.csus.ecs.pc2.core.transport.ConnectionHandlerID;@4f21910d
221210 124808.014|INFO|Thread-247990|dumpPacket|   key: PROFILE is: edu.csus.ecs.pc2.core.model.Profile Contest-4511288556462302159
221210 124808.014|INFO|Thread-247990|dumpPacket|   key: CLIENT_ID is: edu.csus.ecs.pc2.core.model.ClientId TEAM36 @ site 1
221210 124808.014|INFO|Thread-247990|dumpPacket|   key: SITE_NUMBER is: java.lang.Integer 1
221210 124808.014|INFO|Thread-247990|dumpPacket|   key: CONTEST_INFORMATION is: edu.csus.ecs.pc2.core.model.ContestInformation edu.csus.ecs.pc2.core.model.ContestInformation@2e2e67f4
221210 124808.014|INFO|Thread-247990|dumpPacket|   key: SITE_LIST is: [Ledu.csus.ecs.pc2.core.model.Site; [Ledu.csus.ecs.pc2.core.model.Site;@22021e20
221210 124808.014|INFO|Thread-247990|dumpPacket|   key: PROBLEM_DATA_FILES is: [Ledu.csus.ecs.pc2.core.model.ProblemDataFiles; [Ledu.csus.ecs.pc2.core.model.ProblemDataFiles;@3aa26fa
221210 124808.014|INFO|Thread-247990|dumpPacket|   key: JUDGEMENT_LIST is: [Ledu.csus.ecs.pc2.core.model.Judgement; [Ledu.csus.ecs.pc2.core.model.Judgement;@40c0767b
221210 124808.014|INFO|Thread-247990|dumpPacket|   key: PROBLEM_LIST is: [Ledu.csus.ecs.pc2.core.model.Problem; [Ledu.csus.ecs.pc2.core.model.Problem;@1d8cb850
221210 124808.014|INFO|Thread-247990|dumpPacket|   key: GROUP_LIST is: [Ledu.csus.ecs.pc2.core.model.Group; [Ledu.csus.ecs.pc2.core.model.Group;@2fcd46df
221210 124808.014|INFO|Thread-247990|dumpPacket|   key: LOCAL_LOGGED_IN_USERS is: [Ledu.csus.ecs.pc2.core.model.ClientId; [Ledu.csus.ecs.pc2.core.model.ClientId;@7d02282a
221210 124808.014|INFO|Thread-247990|dumpPacket|   key: SERVER_CLOCK_OFFSET is: java.util.GregorianCalendar java.util.GregorianCalendar[time=1670698088008,areFieldsSet=true,areAllFieldsSet=false,lenient=true,zone=sun.util.calendar.ZoneInfo[id="GMT",offset=0,dstSavings=0,useDaylight=false,transitions=0,lastRule=null],firstDayOfWeek=1,minimalDaysInFirstWeek=1,ERA=1,YEAR=2022,MONTH=11,WEEK_OF_YEAR=50,WEEK_OF_MONTH=2,DAY_OF_MONTH=10,DAY_OF_YEAR=344,DAY_OF_WEEK=7,DAY_OF_WEEK_IN_MONTH=2,AM_PM=1,HOUR=6,HOUR_OF_DAY=18,MINUTE=48,SECOND=8,MILLISECOND=8,ZONE_OFFSET=0,DST_OFFSET=0]
221210 124808.014|INFO|Thread-247990|dumpPacket|   key: CONTEST_IDENTIFIER is: java.lang.String Contest-4511288556462302159
221210 124808.014|INFO|Thread-247990|dumpPacket|   key: BALLOON_SETTINGS_LIST is: [Ledu.csus.ecs.pc2.core.model.BalloonSettings; [Ledu.csus.ecs.pc2.core.model.BalloonSettings;@3eb2fa5f
221210 124808.014|INFO|Thread-247990|dumpPacket|   key: RUN_LIST is: [Ledu.csus.ecs.pc2.core.model.Run; [Ledu.csus.ecs.pc2.core.model.Run;@46049be1
221210 124808.014|INFO|Thread-247990|dumpPacket|   key: ACCOUNT_ARRAY is: [Ledu.csus.ecs.pc2.core.model.Account; [Ledu.csus.ecs.pc2.core.model.Account;@3bad640
221210 150258.316|INFO|Thread-247988|connectionDropped|connectionDropped(ConnectionHandlerID myConnectionID) 
231209 102908.184|CONFIG|qtp135640095-45781|setFileHandlers|Now logging to C:\Users\18328\Desktop\pc2\WebTeamInterface-1.1\logs directory.
231209 102908.184|INFO|qtp135640095-45781|info|
231209 102908.184|INFO|qtp135640095-45781|info|Version 9 () Java ver 18.0.2.1 build  Windows 11 10.0 (amd64) 
231209 102908.184|INFO|qtp135640095-45781|info|Login: team36 (aka team36)
231209 102908.184|INFO|qtp135640095-45781|startLog|Working directory is C:\Users\18328\Desktop\pc2\WebTeamInterface-1.1
231209 102908.184|INFO|qtp135640095-45781|startLog|Process id is 15028@DESKTOP-D75BQTV
231209 102908.184|INFO|qtp135640095-45781|info|Contacting server at localhost:50002 as TEAM36 @ site 0
231209 102908.184|INFO|qtp135640095-45781|info|sendLoginRequest start - sending from TEAM36 @ site 0
231209 102908.184|INFO|qtp135640095-45781|sendToLocalServer|Sending packet to server Packet[LOGIN_REQUEST] #506 TEAM36 @ site 0 -> SERVER0 @ site 0
231209 102908.184|INFO|qtp135640095-45781|sendToLocalServer|Sent    packet to server Packet[LOGIN_REQUEST] #506 TEAM36 @ site 0 -> SERVER0 @ site 0
231209 102908.184|INFO|qtp135640095-45781|info|sendLoginRequest end - packet sent.
231209 102908.184|INFO|Thread-46291|run|send(Serializable)
231209 102908.203|INFO|Thread-46290|receive|public void receive(SealedObject TransportPacket, ConnectionHandlerID connectionHandlerID)
231209 102908.207|INFO|Thread-46292|info| receiveObject(S) start got Packet[LOGIN_SUCCESS] #2817 SERVER0 @ site 1 -> TEAM36 @ site 1
231209 102908.207|INFO|Thread-46292|dumpPacket|Packet LOGIN_SUCCESS (Seq #2817, o#2817 ) recieveObject
231209 102908.207|INFO|Thread-46292|dumpPacket|  From: SERVER0 @ site 1, oSERVER0 @ site 1 (DESKTOP-D75BQTV @ 212.212.212.212) (Contest Id: DryRun--6069080675419338087)
231209 102908.207|INFO|Thread-46292|dumpPacket|    To: TEAM36 @ site 1
231209 102908.207|INFO|Thread-46292|dumpPacket|   key: PROFILE_LIST is: [Ledu.csus.ecs.pc2.core.model.Profile; [Ledu.csus.ecs.pc2.core.model.Profile;@7eb21335
231209 102908.207|INFO|Thread-46292|dumpPacket|   key: GENERAL_PROBLEM is: edu.csus.ecs.pc2.core.model.Problem General
231209 102908.207|INFO|Thread-46292|dumpPacket|   key: CLIENT_SETTINGS_LIST is: [Ledu.csus.ecs.pc2.core.model.ClientSettings; [Ledu.csus.ecs.pc2.core.model.ClientSettings;@7075e293
231209 102908.207|INFO|Thread-46292|dumpPacket|   key: CONTEST_TIME is: edu.csus.ecs.pc2.core.model.ContestTime edu.csus.ecs.pc2.core.model.ContestTime@744a7845
231209 102908.207|INFO|Thread-46292|dumpPacket|   key: CLARIFICATION_LIST is: [Ledu.csus.ecs.pc2.core.model.Clarification; [Ledu.csus.ecs.pc2.core.model.Clarification;@3148e8a8
231209 102908.207|INFO|Thread-46292|dumpPacket|   key: CATEGORY_LIST is: [Ledu.csus.ecs.pc2.core.model.Category; [Ledu.csus.ecs.pc2.core.model.Category;@5f8d6e0f
231209 102908.207|INFO|Thread-46292|dumpPacket|   key: LANGUAGE_LIST is: [Ledu.csus.ecs.pc2.core.model.Language; [Ledu.csus.ecs.pc2.core.model.Language;@b37e17
231209 102908.207|INFO|Thread-46292|dumpPacket|   key: REMOTE_LOGGED_IN_USERS is: [Ledu.csus.ecs.pc2.core.model.ClientId; [Ledu.csus.ecs.pc2.core.model.ClientId;@279ca614
231209 102908.207|INFO|Thread-46292|dumpPacket|   key: CONTEST_TIME_LIST is: [Ledu.csus.ecs.pc2.core.model.ContestTime; [Ledu.csus.ecs.pc2.core.model.ContestTime;@516717e7
231209 102908.207|INFO|Thread-46292|dumpPacket|   key: CONNECTION_HANDLE_ID_LIST is: [Ledu.csus.ecs.pc2.core.transport.ConnectionHandlerID; [Ledu.csus.ecs.pc2.core.transport.ConnectionHandlerID;@65aef6d2
231209 102908.207|INFO|Thread-46292|dumpPacket|   key: PROFILE is: edu.csus.ecs.pc2.core.model.Profile DryRun--6069080675419338087
231209 102908.207|INFO|Thread-46292|dumpPacket|   key: CLIENT_ID is: edu.csus.ecs.pc2.core.model.ClientId TEAM36 @ site 1
231209 102908.207|INFO|Thread-46292|dumpPacket|   key: SITE_NUMBER is: java.lang.Integer 1
231209 102908.207|INFO|Thread-46292|dumpPacket|   key: CONTEST_INFORMATION is: edu.csus.ecs.pc2.core.model.ContestInformation edu.csus.ecs.pc2.core.model.ContestInformation@7e767fb6
231209 102908.207|INFO|Thread-46292|dumpPacket|   key: SITE_LIST is: [Ledu.csus.ecs.pc2.core.model.Site; [Ledu.csus.ecs.pc2.core.model.Site;@3c98ca6a
231209 102908.207|INFO|Thread-46292|dumpPacket|   key: PROBLEM_DATA_FILES is: [Ledu.csus.ecs.pc2.core.model.ProblemDataFiles; [Ledu.csus.ecs.pc2.core.model.ProblemDataFiles;@55292a31
231209 102908.207|INFO|Thread-46292|dumpPacket|   key: JUDGEMENT_LIST is: [Ledu.csus.ecs.pc2.core.model.Judgement; [Ledu.csus.ecs.pc2.core.model.Judgement;@47234e20
231209 102908.207|INFO|Thread-46292|dumpPacket|   key: PROBLEM_LIST is: [Ledu.csus.ecs.pc2.core.model.Problem; [Ledu.csus.ecs.pc2.core.model.Problem;@ae512bd
231209 102908.207|INFO|Thread-46292|dumpPacket|   key: GROUP_LIST is: [Ledu.csus.ecs.pc2.core.model.Group; [Ledu.csus.ecs.pc2.core.model.Group;@70545211
231209 102908.207|INFO|Thread-46292|dumpPacket|   key: LOCAL_LOGGED_IN_USERS is: [Ledu.csus.ecs.pc2.core.model.ClientId; [Ledu.csus.ecs.pc2.core.model.ClientId;@6cb09688
231209 102908.207|INFO|Thread-46292|dumpPacket|   key: SERVER_CLOCK_OFFSET is: java.util.GregorianCalendar java.util.GregorianCalendar[time=1702139348191,areFieldsSet=true,areAllFieldsSet=false,lenient=true,zone=sun.util.calendar.ZoneInfo[id="GMT",offset=0,dstSavings=0,useDaylight=false,transitions=0,lastRule=null],firstDayOfWeek=1,minimalDaysInFirstWeek=1,ERA=1,YEAR=2023,MONTH=11,WEEK_OF_YEAR=49,WEEK_OF_MONTH=2,DAY_OF_MONTH=9,DAY_OF_YEAR=343,DAY_OF_WEEK=7,DAY_OF_WEEK_IN_MONTH=2,AM_PM=1,HOUR=4,HOUR_OF_DAY=16,MINUTE=29,SECOND=8,MILLISECOND=191,ZONE_OFFSET=0,DST_OFFSET=0]
231209 102908.207|INFO|Thread-46292|dumpPacket|   key: CONTEST_IDENTIFIER is: java.lang.String DryRun--6069080675419338087
231209 102908.207|INFO|Thread-46292|dumpPacket|   key: BALLOON_SETTINGS_LIST is: [Ledu.csus.ecs.pc2.core.model.BalloonSettings; [Ledu.csus.ecs.pc2.core.model.BalloonSettings;@313f8770
231209 102908.207|INFO|Thread-46292|dumpPacket|   key: RUN_LIST is: [Ledu.csus.ecs.pc2.core.model.Run; [Ledu.csus.ecs.pc2.core.model.Run;@13ed1b10
231209 102908.207|INFO|Thread-46292|dumpPacket|   key: ACCOUNT_ARRAY is: [Ledu.csus.ecs.pc2.core.model.Account; [Ledu.csus.ecs.pc2.core.model.Account;@417b07a6
231209 102908.207|INFO|Thread-46292|info|handlePacket start Packet[LOGIN_SUCCESS] #2817 SERVER0 @ site 1 -> TEAM36 @ site 1
231209 102908.207|INFO|Thread-46292|dumpPacket|Packet LOGIN_SUCCESS (Seq #2817, o#2817 ) handlePacket
231209 102908.207|INFO|Thread-46292|dumpPacket|  From: SERVER0 @ site 1, oSERVER0 @ site 1 (DESKTOP-D75BQTV @ 212.212.212.212) (Contest Id: DryRun--6069080675419338087)
231209 102908.207|INFO|Thread-46292|dumpPacket|    To: TEAM36 @ site 1
231209 102908.207|INFO|Thread-46292|dumpPacket|   key: PROFILE_LIST is: [Ledu.csus.ecs.pc2.core.model.Profile; [Ledu.csus.ecs.pc2.core.model.Profile;@7eb21335
231209 102908.207|INFO|Thread-46292|dumpPacket|   key: GENERAL_PROBLEM is: edu.csus.ecs.pc2.core.model.Problem General
231209 102908.207|INFO|Thread-46292|dumpPacket|   key: CLIENT_SETTINGS_LIST is: [Ledu.csus.ecs.pc2.core.model.ClientSettings; [Ledu.csus.ecs.pc2.core.model.ClientSettings;@7075e293
231209 102908.207|INFO|Thread-46292|dumpPacket|   key: CONTEST_TIME is: edu.csus.ecs.pc2.core.model.ContestTime edu.csus.ecs.pc2.core.model.ContestTime@744a7845
231209 102908.207|INFO|Thread-46292|dumpPacket|   key: CLARIFICATION_LIST is: [Ledu.csus.ecs.pc2.core.model.Clarification; [Ledu.csus.ecs.pc2.core.model.Clarification;@3148e8a8
231209 102908.207|INFO|Thread-46292|dumpPacket|   key: CATEGORY_LIST is: [Ledu.csus.ecs.pc2.core.model.Category; [Ledu.csus.ecs.pc2.core.model.Category;@5f8d6e0f
231209 102908.207|INFO|Thread-46292|dumpPacket|   key: LANGUAGE_LIST is: [Ledu.csus.ecs.pc2.core.model.Language; [Ledu.csus.ecs.pc2.core.model.Language;@b37e17
231209 102908.207|INFO|Thread-46292|dumpPacket|   key: REMOTE_LOGGED_IN_USERS is: [Ledu.csus.ecs.pc2.core.model.ClientId; [Ledu.csus.ecs.pc2.core.model.ClientId;@279ca614
231209 102908.207|INFO|Thread-46292|dumpPacket|   key: CONTEST_TIME_LIST is: [Ledu.csus.ecs.pc2.core.model.ContestTime; [Ledu.csus.ecs.pc2.core.model.ContestTime;@516717e7
231209 102908.207|INFO|Thread-46292|dumpPacket|   key: CONNECTION_HANDLE_ID_LIST is: [Ledu.csus.ecs.pc2.core.transport.ConnectionHandlerID; [Ledu.csus.ecs.pc2.core.transport.ConnectionHandlerID;@65aef6d2
231209 102908.207|INFO|Thread-46292|dumpPacket|   key: PROFILE is: edu.csus.ecs.pc2.core.model.Profile DryRun--6069080675419338087
231209 102908.207|INFO|Thread-46292|dumpPacket|   key: CLIENT_ID is: edu.csus.ecs.pc2.core.model.ClientId TEAM36 @ site 1
231209 102908.207|INFO|Thread-46292|dumpPacket|   key: SITE_NUMBER is: java.lang.Integer 1
231209 102908.207|INFO|Thread-46292|dumpPacket|   key: CONTEST_INFORMATION is: edu.csus.ecs.pc2.core.model.ContestInformation edu.csus.ecs.pc2.core.model.ContestInformation@7e767fb6
231209 102908.207|INFO|Thread-46292|dumpPacket|   key: SITE_LIST is: [Ledu.csus.ecs.pc2.core.model.Site; [Ledu.csus.ecs.pc2.core.model.Site;@3c98ca6a
231209 102908.207|INFO|Thread-46292|dumpPacket|   key: PROBLEM_DATA_FILES is: [Ledu.csus.ecs.pc2.core.model.ProblemDataFiles; [Ledu.csus.ecs.pc2.core.model.ProblemDataFiles;@55292a31
231209 102908.207|INFO|Thread-46292|dumpPacket|   key: JUDGEMENT_LIST is: [Ledu.csus.ecs.pc2.core.model.Judgement; [Ledu.csus.ecs.pc2.core.model.Judgement;@47234e20
231209 102908.207|INFO|Thread-46292|dumpPacket|   key: PROBLEM_LIST is: [Ledu.csus.ecs.pc2.core.model.Problem; [Ledu.csus.ecs.pc2.core.model.Problem;@ae512bd
231209 102908.207|INFO|Thread-46292|dumpPacket|   key: GROUP_LIST is: [Ledu.csus.ecs.pc2.core.model.Group; [Ledu.csus.ecs.pc2.core.model.Group;@70545211
231209 102908.207|INFO|Thread-46292|dumpPacket|   key: LOCAL_LOGGED_IN_USERS is: [Ledu.csus.ecs.pc2.core.model.ClientId; [Ledu.csus.ecs.pc2.core.model.ClientId;@6cb09688
231209 102908.207|INFO|Thread-46292|dumpPacket|   key: SERVER_CLOCK_OFFSET is: java.util.GregorianCalendar java.util.GregorianCalendar[time=1702139348191,areFieldsSet=true,areAllFieldsSet=false,lenient=true,zone=sun.util.calendar.ZoneInfo[id="GMT",offset=0,dstSavings=0,useDaylight=false,transitions=0,lastRule=null],firstDayOfWeek=1,minimalDaysInFirstWeek=1,ERA=1,YEAR=2023,MONTH=11,WEEK_OF_YEAR=49,WEEK_OF_MONTH=2,DAY_OF_MONTH=9,DAY_OF_YEAR=343,DAY_OF_WEEK=7,DAY_OF_WEEK_IN_MONTH=2,AM_PM=1,HOUR=4,HOUR_OF_DAY=16,MINUTE=29,SECOND=8,MILLISECOND=191,ZONE_OFFSET=0,DST_OFFSET=0]
231209 102908.207|INFO|Thread-46292|dumpPacket|   key: CONTEST_IDENTIFIER is: java.lang.String DryRun--6069080675419338087
231209 102908.207|INFO|Thread-46292|dumpPacket|   key: BALLOON_SETTINGS_LIST is: [Ledu.csus.ecs.pc2.core.model.BalloonSettings; [Ledu.csus.ecs.pc2.core.model.BalloonSettings;@313f8770
231209 102908.207|INFO|Thread-46292|dumpPacket|   key: RUN_LIST is: [Ledu.csus.ecs.pc2.core.model.Run; [Ledu.csus.ecs.pc2.core.model.Run;@13ed1b10
231209 102908.207|INFO|Thread-46292|dumpPacket|   key: ACCOUNT_ARRAY is: [Ledu.csus.ecs.pc2.core.model.Account; [Ledu.csus.ecs.pc2.core.model.Account;@417b07a6
231209 103352.592|INFO|Thread-46290|receive|public void receive(SealedObject TransportPacket, ConnectionHandlerID connectionHandlerID)
231209 103353.720|INFO|Thread-46290|receive|public void receive(SealedObject TransportPacket, ConnectionHandlerID connectionHandlerID)
231209 103356.306|INFO|Thread-46290|receive|public void receive(SealedObject TransportPacket, ConnectionHandlerID connectionHandlerID)
231209 103358.696|INFO|Thread-46290|receive|public void receive(SealedObject TransportPacket, ConnectionHandlerID connectionHandlerID)
231209 103358.880|INFO|Thread-46290|receive|public void receive(SealedObject TransportPacket, ConnectionHandlerID connectionHandlerID)
231209 103359.059|INFO|Thread-46290|receive|public void receive(SealedObject TransportPacket, ConnectionHandlerID connectionHandlerID)
231209 103359.214|INFO|Thread-46290|receive|public void receive(SealedObject TransportPacket, ConnectionHandlerID connectionHandlerID)
231209 103412.200|INFO|Thread-46290|receive|public void receive(SealedObject TransportPacket, ConnectionHandlerID connectionHandlerID)
231209 103439.190|INFO|Thread-46290|receive|public void receive(SealedObject TransportPacket, ConnectionHandlerID connectionHandlerID)
231209 103947.364|INFO|Thread-49313|run|send(Serializable)
231209 103947.372|INFO|Thread-46290|connectionDropped|connectionDropped(ConnectionHandlerID myConnectionID) 
231209 124415.242|CONFIG|qtp135640095-67782|setFileHandlers|Now logging to C:\Users\18328\Desktop\pc2\WebTeamInterface-1.1\logs directory.
231209 124415.242|INFO|qtp135640095-67782|info|
231209 124415.242|INFO|qtp135640095-67782|info|Version 9 () Java ver 18.0.2.1 build  Windows 11 10.0 (amd64) 
231209 124415.242|INFO|qtp135640095-67782|info|Login: team36 (aka team36)
231209 124415.242|INFO|qtp135640095-67782|startLog|Working directory is C:\Users\18328\Desktop\pc2\WebTeamInterface-1.1
231209 124415.242|INFO|qtp135640095-67782|startLog|Process id is 15028@DESKTOP-D75BQTV
231209 124415.242|INFO|qtp135640095-67782|info|Contacting server at localhost:50002 as TEAM36 @ site 0
231209 124415.242|INFO|qtp135640095-67782|info|sendLoginRequest start - sending from TEAM36 @ site 0
231209 124415.242|INFO|qtp135640095-67782|sendToLocalServer|Sending packet to server Packet[LOGIN_REQUEST] #1634 TEAM36 @ site 0 -> SERVER0 @ site 0
231209 124415.242|INFO|qtp135640095-67782|sendToLocalServer|Sent    packet to server Packet[LOGIN_REQUEST] #1634 TEAM36 @ site 0 -> SERVER0 @ site 0
231209 124415.250|INFO|qtp135640095-67782|info|sendLoginRequest end - packet sent.
231209 124415.250|INFO|Thread-68129|run|send(Serializable)
231209 124415.250|INFO|Thread-68128|receive|public void receive(SealedObject TransportPacket, ConnectionHandlerID connectionHandlerID)
231209 124415.250|INFO|Thread-68130|info| receiveObject(S) start got Packet[LOGIN_FAILED] #9478 SERVER0 @ site 1 -> TEAM36 @ site 0
231209 124415.250|INFO|Thread-68130|dumpPacket|Packet LOGIN_FAILED (Seq #9478, o#9478 ) recieveObject
231209 124415.250|INFO|Thread-68130|dumpPacket|  From: SERVER0 @ site 1, oSERVER0 @ site 1 (DESKTOP-D75BQTV @ 212.212.212.212) (Contest Id: RealDeal--1957769244132597914)
231209 124415.250|INFO|Thread-68130|dumpPacket|    To: TEAM36 @ site 0
231209 124415.250|INFO|Thread-68130|dumpPacket|   key: MESSAGE_STRING is: java.lang.String Invalid password
231209 124415.250|INFO|Thread-68130|info|handlePacket start Packet[LOGIN_FAILED] #9478 SERVER0 @ site 1 -> TEAM36 @ site 0
231209 124415.250|INFO|Thread-68130|dumpPacket|Packet LOGIN_FAILED (Seq #9478, o#9478 ) handlePacket
231209 124415.250|INFO|Thread-68130|dumpPacket|  From: SERVER0 @ site 1, oSERVER0 @ site 1 (DESKTOP-D75BQTV @ 212.212.212.212) (Contest Id: RealDeal--1957769244132597914)
231209 124415.250|INFO|Thread-68130|dumpPacket|    To: TEAM36 @ site 0
231209 124415.250|INFO|Thread-68130|dumpPacket|   key: MESSAGE_STRING is: java.lang.String Invalid password
231209 124415.250|INFO|Thread-68130|info| receiveObject(S) end   got Packet[LOGIN_FAILED] #9478 SERVER0 @ site 1 -> TEAM36 @ site 0
231209 125144.161|INFO|Thread-68128|connectionDropped|connectionDropped(ConnectionHandlerID myConnectionID) 
