221210 084219.714|CONFIG|qtp996796369-1896|setFileHandlers|Now logging to C:\Users\18328\Desktop\pc2\WebTeamInterface-1.1\logs directory.
221210 084219.715|INFO|qtp996796369-1896|info|
221210 084219.715|INFO|qtp996796369-1896|info|Version 9 () Java ver 18.0.2.1 build  Windows 11 10.0 (amd64) 
221210 084219.715|INFO|qtp996796369-1896|info|Login: team45 (aka team45)
221210 084219.715|INFO|qtp996796369-1896|startLog|Working directory is C:\Users\18328\Desktop\pc2\WebTeamInterface-1.1
221210 084219.715|INFO|qtp996796369-1896|startLog|Process id is 20708@DESKTOP-D75BQTV
221210 084219.715|INFO|qtp996796369-1896|info|Contacting server at 212.212.212.212:50002 as TEAM45 @ site 0
221210 084219.716|INFO|qtp996796369-1896|info|sendLoginRequest start - sending from TEAM45 @ site 0
221210 084219.716|INFO|qtp996796369-1896|sendToLocalServer|Sending packet to server Packet[LOGIN_REQUEST] #235 TEAM45 @ site 0 -> SERVER0 @ site 0
221210 084219.716|INFO|qtp996796369-1896|sendToLocalServer|Sent    packet to server Packet[LOGIN_REQUEST] #235 TEAM45 @ site 0 -> SERVER0 @ site 0
221210 084219.716|INFO|qtp996796369-1896|info|sendLoginRequest end - packet sent.
221210 084219.716|INFO|Thread-11954|run|send(Serializable)
221210 084219.718|INFO|Thread-11953|receive|public void receive(SealedObject TransportPacket, ConnectionHandlerID connectionHandlerID)
221210 084219.719|INFO|Thread-11955|info| receiveObject(S) start got Packet[LOGIN_FAILED] #1451 SERVER0 @ site 1 -> TEAM45 @ site 0
221210 084219.719|INFO|Thread-11955|dumpPacket|Packet LOGIN_FAILED (Seq #1451, o#1451 ) recieveObject
221210 084219.719|INFO|Thread-11955|dumpPacket|  From: SERVER0 @ site 1, oSERVER0 @ site 1 (DESKTOP-D75BQTV @ 212.212.212.212) (Contest Id: DryRun--5544400451244233091)
221210 084219.719|INFO|Thread-11955|dumpPacket|    To: TEAM45 @ site 0
221210 084219.719|INFO|Thread-11955|dumpPacket|   key: MESSAGE_STRING is: java.lang.String Invalid password
221210 084219.719|INFO|Thread-11955|info|handlePacket start Packet[LOGIN_FAILED] #1451 SERVER0 @ site 1 -> TEAM45 @ site 0
221210 084219.719|INFO|Thread-11955|dumpPacket|Packet LOGIN_FAILED (Seq #1451, o#1451 ) handlePacket
221210 084219.719|INFO|Thread-11955|dumpPacket|  From: SERVER0 @ site 1, oSERVER0 @ site 1 (DESKTOP-D75BQTV @ 212.212.212.212) (Contest Id: DryRun--5544400451244233091)
221210 084219.719|INFO|Thread-11955|dumpPacket|    To: TEAM45 @ site 0
221210 084219.719|INFO|Thread-11955|dumpPacket|   key: MESSAGE_STRING is: java.lang.String Invalid password
221210 084219.719|INFO|Thread-11955|info| receiveObject(S) end   got Packet[LOGIN_FAILED] #1451 SERVER0 @ site 1 -> TEAM45 @ site 0
221210 101025.131|CONFIG|qtp1613095350-21|setFileHandlers|Now logging to C:\Users\18328\Desktop\pc2\WebTeamInterface-1.1\logs directory.
221210 101025.131|INFO|qtp1613095350-21|info|
221210 101025.131|INFO|qtp1613095350-21|info|Version 9 () Java ver 18.0.2.1 build  Windows 11 10.0 (amd64) 
221210 101025.131|INFO|qtp1613095350-21|info|Login: team45 (aka team45)
221210 101025.131|INFO|qtp1613095350-21|startLog|Working directory is C:\Users\18328\Desktop\pc2\WebTeamInterface-1.1
221210 101025.131|INFO|qtp1613095350-21|startLog|Process id is 22344@DESKTOP-D75BQTV
221210 101025.131|INFO|qtp1613095350-21|info|Contacting server at 212.212.212.212:50002 as TEAM45 @ site 0
221210 101025.131|INFO|qtp1613095350-21|info|sendLoginRequest start - sending from TEAM45 @ site 0
221210 101025.131|INFO|qtp1613095350-21|sendToLocalServer|Sending packet to server Packet[LOGIN_REQUEST] #63 TEAM45 @ site 0 -> SERVER0 @ site 0
221210 101025.132|INFO|qtp1613095350-21|sendToLocalServer|Sent    packet to server Packet[LOGIN_REQUEST] #63 TEAM45 @ site 0 -> SERVER0 @ site 0
221210 101025.132|INFO|qtp1613095350-21|info|sendLoginRequest end - packet sent.
221210 101025.132|INFO|Thread-473|run|send(Serializable)
221210 101025.136|INFO|Thread-472|receive|public void receive(SealedObject TransportPacket, ConnectionHandlerID connectionHandlerID)
221210 101025.138|INFO|Thread-474|info| receiveObject(S) start got Packet[LOGIN_SUCCESS] #2237 SERVER0 @ site 1 -> TEAM45 @ site 1
221210 101025.138|INFO|Thread-474|dumpPacket|Packet LOGIN_SUCCESS (Seq #2237, o#2237 ) recieveObject
221210 101025.138|INFO|Thread-474|dumpPacket|  From: SERVER0 @ site 1, oSERVER0 @ site 1 (DESKTOP-D75BQTV @ 212.212.212.212) (Contest Id: DryRun--5544400451244233091)
221210 101025.138|INFO|Thread-474|dumpPacket|    To: TEAM45 @ site 1
221210 101025.138|INFO|Thread-474|dumpPacket|   key: PROFILE_LIST is: [Ledu.csus.ecs.pc2.core.model.Profile; [Ledu.csus.ecs.pc2.core.model.Profile;@268690db
221210 101025.138|INFO|Thread-474|dumpPacket|   key: GENERAL_PROBLEM is: edu.csus.ecs.pc2.core.model.Problem General
221210 101025.138|INFO|Thread-474|dumpPacket|   key: CLIENT_SETTINGS_LIST is: [Ledu.csus.ecs.pc2.core.model.ClientSettings; [Ledu.csus.ecs.pc2.core.model.ClientSettings;@28417a7b
221210 101025.138|INFO|Thread-474|dumpPacket|   key: CONTEST_TIME is: edu.csus.ecs.pc2.core.model.ContestTime edu.csus.ecs.pc2.core.model.ContestTime@2c7efbab
221210 101025.138|INFO|Thread-474|dumpPacket|   key: CLARIFICATION_LIST is: [Ledu.csus.ecs.pc2.core.model.Clarification; [Ledu.csus.ecs.pc2.core.model.Clarification;@697c7040
221210 101025.138|INFO|Thread-474|dumpPacket|   key: CATEGORY_LIST is: [Ledu.csus.ecs.pc2.core.model.Category; [Ledu.csus.ecs.pc2.core.model.Category;@7bee35fc
221210 101025.138|INFO|Thread-474|dumpPacket|   key: LANGUAGE_LIST is: [Ledu.csus.ecs.pc2.core.model.Language; [Ledu.csus.ecs.pc2.core.model.Language;@585f1a58
221210 101025.138|INFO|Thread-474|dumpPacket|   key: REMOTE_LOGGED_IN_USERS is: [Ledu.csus.ecs.pc2.core.model.ClientId; [Ledu.csus.ecs.pc2.core.model.ClientId;@327015b
221210 101025.138|INFO|Thread-474|dumpPacket|   key: CONTEST_TIME_LIST is: [Ledu.csus.ecs.pc2.core.model.ContestTime; [Ledu.csus.ecs.pc2.core.model.ContestTime;@9538f0f
221210 101025.138|INFO|Thread-474|dumpPacket|   key: CONNECTION_HANDLE_ID_LIST is: [Ledu.csus.ecs.pc2.core.transport.ConnectionHandlerID; [Ledu.csus.ecs.pc2.core.transport.ConnectionHandlerID;@3980a0c
221210 101025.138|INFO|Thread-474|dumpPacket|   key: PROFILE is: edu.csus.ecs.pc2.core.model.Profile DryRun--5544400451244233091
221210 101025.138|INFO|Thread-474|dumpPacket|   key: CLIENT_ID is: edu.csus.ecs.pc2.core.model.ClientId TEAM45 @ site 1
221210 101025.138|INFO|Thread-474|dumpPacket|   key: SITE_NUMBER is: java.lang.Integer 1
221210 101025.138|INFO|Thread-474|dumpPacket|   key: CONTEST_INFORMATION is: edu.csus.ecs.pc2.core.model.ContestInformation edu.csus.ecs.pc2.core.model.ContestInformation@23355dfd
221210 101025.138|INFO|Thread-474|dumpPacket|   key: SITE_LIST is: [Ledu.csus.ecs.pc2.core.model.Site; [Ledu.csus.ecs.pc2.core.model.Site;@1823ad19
221210 101025.138|INFO|Thread-474|dumpPacket|   key: PROBLEM_DATA_FILES is: [Ledu.csus.ecs.pc2.core.model.ProblemDataFiles; [Ledu.csus.ecs.pc2.core.model.ProblemDataFiles;@d1d72e5
221210 101025.138|INFO|Thread-474|dumpPacket|   key: JUDGEMENT_LIST is: [Ledu.csus.ecs.pc2.core.model.Judgement; [Ledu.csus.ecs.pc2.core.model.Judgement;@4e16d120
221210 101025.138|INFO|Thread-474|dumpPacket|   key: PROBLEM_LIST is: [Ledu.csus.ecs.pc2.core.model.Problem; [Ledu.csus.ecs.pc2.core.model.Problem;@4745a7aa
221210 101025.138|INFO|Thread-474|dumpPacket|   key: GROUP_LIST is: [Ledu.csus.ecs.pc2.core.model.Group; [Ledu.csus.ecs.pc2.core.model.Group;@420b813e
221210 101025.138|INFO|Thread-474|dumpPacket|   key: LOCAL_LOGGED_IN_USERS is: [Ledu.csus.ecs.pc2.core.model.ClientId; [Ledu.csus.ecs.pc2.core.model.ClientId;@246759c0
221210 101025.139|INFO|Thread-474|dumpPacket|   key: SERVER_CLOCK_OFFSET is: java.util.GregorianCalendar java.util.GregorianCalendar[time=1670688625134,areFieldsSet=true,areAllFieldsSet=false,lenient=true,zone=sun.util.calendar.ZoneInfo[id="GMT",offset=0,dstSavings=0,useDaylight=false,transitions=0,lastRule=null],firstDayOfWeek=1,minimalDaysInFirstWeek=1,ERA=1,YEAR=2022,MONTH=11,WEEK_OF_YEAR=50,WEEK_OF_MONTH=2,DAY_OF_MONTH=10,DAY_OF_YEAR=344,DAY_OF_WEEK=7,DAY_OF_WEEK_IN_MONTH=2,AM_PM=1,HOUR=4,HOUR_OF_DAY=16,MINUTE=10,SECOND=25,MILLISECOND=134,ZONE_OFFSET=0,DST_OFFSET=0]
221210 101025.139|INFO|Thread-474|dumpPacket|   key: CONTEST_IDENTIFIER is: java.lang.String DryRun--5544400451244233091
221210 101025.139|INFO|Thread-474|dumpPacket|   key: BALLOON_SETTINGS_LIST is: [Ledu.csus.ecs.pc2.core.model.BalloonSettings; [Ledu.csus.ecs.pc2.core.model.BalloonSettings;@5c8003bd
221210 101025.139|INFO|Thread-474|dumpPacket|   key: RUN_LIST is: [Ledu.csus.ecs.pc2.core.model.Run; [Ledu.csus.ecs.pc2.core.model.Run;@36929770
221210 101025.139|INFO|Thread-474|dumpPacket|   key: ACCOUNT_ARRAY is: [Ledu.csus.ecs.pc2.core.model.Account; [Ledu.csus.ecs.pc2.core.model.Account;@288ef2ed
221210 101025.139|INFO|Thread-474|info|handlePacket start Packet[LOGIN_SUCCESS] #2237 SERVER0 @ site 1 -> TEAM45 @ site 1
221210 101025.139|INFO|Thread-474|dumpPacket|Packet LOGIN_SUCCESS (Seq #2237, o#2237 ) handlePacket
221210 101025.139|INFO|Thread-474|dumpPacket|  From: SERVER0 @ site 1, oSERVER0 @ site 1 (DESKTOP-D75BQTV @ 212.212.212.212) (Contest Id: DryRun--5544400451244233091)
221210 101025.139|INFO|Thread-474|dumpPacket|    To: TEAM45 @ site 1
221210 101025.139|INFO|Thread-474|dumpPacket|   key: PROFILE_LIST is: [Ledu.csus.ecs.pc2.core.model.Profile; [Ledu.csus.ecs.pc2.core.model.Profile;@268690db
221210 101025.139|INFO|Thread-474|dumpPacket|   key: GENERAL_PROBLEM is: edu.csus.ecs.pc2.core.model.Problem General
221210 101025.139|INFO|Thread-474|dumpPacket|   key: CLIENT_SETTINGS_LIST is: [Ledu.csus.ecs.pc2.core.model.ClientSettings; [Ledu.csus.ecs.pc2.core.model.ClientSettings;@28417a7b
221210 101025.139|INFO|Thread-474|dumpPacket|   key: CONTEST_TIME is: edu.csus.ecs.pc2.core.model.ContestTime edu.csus.ecs.pc2.core.model.ContestTime@2c7efbab
221210 101025.139|INFO|Thread-474|dumpPacket|   key: CLARIFICATION_LIST is: [Ledu.csus.ecs.pc2.core.model.Clarification; [Ledu.csus.ecs.pc2.core.model.Clarification;@697c7040
221210 101025.139|INFO|Thread-474|dumpPacket|   key: CATEGORY_LIST is: [Ledu.csus.ecs.pc2.core.model.Category; [Ledu.csus.ecs.pc2.core.model.Category;@7bee35fc
221210 101025.139|INFO|Thread-474|dumpPacket|   key: LANGUAGE_LIST is: [Ledu.csus.ecs.pc2.core.model.Language; [Ledu.csus.ecs.pc2.core.model.Language;@585f1a58
221210 101025.139|INFO|Thread-474|dumpPacket|   key: REMOTE_LOGGED_IN_USERS is: [Ledu.csus.ecs.pc2.core.model.ClientId; [Ledu.csus.ecs.pc2.core.model.ClientId;@327015b
221210 101025.139|INFO|Thread-474|dumpPacket|   key: CONTEST_TIME_LIST is: [Ledu.csus.ecs.pc2.core.model.ContestTime; [Ledu.csus.ecs.pc2.core.model.ContestTime;@9538f0f
221210 101025.139|INFO|Thread-474|dumpPacket|   key: CONNECTION_HANDLE_ID_LIST is: [Ledu.csus.ecs.pc2.core.transport.ConnectionHandlerID; [Ledu.csus.ecs.pc2.core.transport.ConnectionHandlerID;@3980a0c
221210 101025.139|INFO|Thread-474|dumpPacket|   key: PROFILE is: edu.csus.ecs.pc2.core.model.Profile DryRun--5544400451244233091
221210 101025.139|INFO|Thread-474|dumpPacket|   key: CLIENT_ID is: edu.csus.ecs.pc2.core.model.ClientId TEAM45 @ site 1
221210 101025.139|INFO|Thread-474|dumpPacket|   key: SITE_NUMBER is: java.lang.Integer 1
221210 101025.139|INFO|Thread-474|dumpPacket|   key: CONTEST_INFORMATION is: edu.csus.ecs.pc2.core.model.ContestInformation edu.csus.ecs.pc2.core.model.ContestInformation@23355dfd
221210 101025.139|INFO|Thread-474|dumpPacket|   key: SITE_LIST is: [Ledu.csus.ecs.pc2.core.model.Site; [Ledu.csus.ecs.pc2.core.model.Site;@1823ad19
221210 101025.139|INFO|Thread-474|dumpPacket|   key: PROBLEM_DATA_FILES is: [Ledu.csus.ecs.pc2.core.model.ProblemDataFiles; [Ledu.csus.ecs.pc2.core.model.ProblemDataFiles;@d1d72e5
221210 101025.139|INFO|Thread-474|dumpPacket|   key: JUDGEMENT_LIST is: [Ledu.csus.ecs.pc2.core.model.Judgement; [Ledu.csus.ecs.pc2.core.model.Judgement;@4e16d120
221210 101025.139|INFO|Thread-474|dumpPacket|   key: PROBLEM_LIST is: [Ledu.csus.ecs.pc2.core.model.Problem; [Ledu.csus.ecs.pc2.core.model.Problem;@4745a7aa
221210 101025.139|INFO|Thread-474|dumpPacket|   key: GROUP_LIST is: [Ledu.csus.ecs.pc2.core.model.Group; [Ledu.csus.ecs.pc2.core.model.Group;@420b813e
221210 101025.139|INFO|Thread-474|dumpPacket|   key: LOCAL_LOGGED_IN_USERS is: [Ledu.csus.ecs.pc2.core.model.ClientId; [Ledu.csus.ecs.pc2.core.model.ClientId;@246759c0
221210 101025.139|INFO|Thread-474|dumpPacket|   key: SERVER_CLOCK_OFFSET is: java.util.GregorianCalendar java.util.GregorianCalendar[time=1670688625134,areFieldsSet=true,areAllFieldsSet=false,lenient=true,zone=sun.util.calendar.ZoneInfo[id="GMT",offset=0,dstSavings=0,useDaylight=false,transitions=0,lastRule=null],firstDayOfWeek=1,minimalDaysInFirstWeek=1,ERA=1,YEAR=2022,MONTH=11,WEEK_OF_YEAR=50,WEEK_OF_MONTH=2,DAY_OF_MONTH=10,DAY_OF_YEAR=344,DAY_OF_WEEK=7,DAY_OF_WEEK_IN_MONTH=2,AM_PM=1,HOUR=4,HOUR_OF_DAY=16,MINUTE=10,SECOND=25,MILLISECOND=134,ZONE_OFFSET=0,DST_OFFSET=0]
221210 101025.139|INFO|Thread-474|dumpPacket|   key: CONTEST_IDENTIFIER is: java.lang.String DryRun--5544400451244233091
221210 101025.139|INFO|Thread-474|dumpPacket|   key: BALLOON_SETTINGS_LIST is: [Ledu.csus.ecs.pc2.core.model.BalloonSettings; [Ledu.csus.ecs.pc2.core.model.BalloonSettings;@5c8003bd
221210 101025.139|INFO|Thread-474|dumpPacket|   key: RUN_LIST is: [Ledu.csus.ecs.pc2.core.model.Run; [Ledu.csus.ecs.pc2.core.model.Run;@36929770
221210 101025.139|INFO|Thread-474|dumpPacket|   key: ACCOUNT_ARRAY is: [Ledu.csus.ecs.pc2.core.model.Account; [Ledu.csus.ecs.pc2.core.model.Account;@288ef2ed
221210 101533.475|INFO|Thread-472|receive|public void receive(SealedObject TransportPacket, ConnectionHandlerID connectionHandlerID)
221210 101853.588|INFO|Thread-472|receive|public void receive(SealedObject TransportPacket, ConnectionHandlerID connectionHandlerID)
221210 103056.916|INFO|Thread-472|receive|public void receive(SealedObject TransportPacket, ConnectionHandlerID connectionHandlerID)
221210 103128.731|INFO|Thread-472|receive|public void receive(SealedObject TransportPacket, ConnectionHandlerID connectionHandlerID)
221210 103204.725|INFO|Thread-472|receive|public void receive(SealedObject TransportPacket, ConnectionHandlerID connectionHandlerID)
221210 103220.670|INFO|Thread-472|receive|public void receive(SealedObject TransportPacket, ConnectionHandlerID connectionHandlerID)
221210 103237.287|INFO|Thread-472|receive|public void receive(SealedObject TransportPacket, ConnectionHandlerID connectionHandlerID)
221210 103302.537|INFO|Thread-472|receive|public void receive(SealedObject TransportPacket, ConnectionHandlerID connectionHandlerID)
221210 104406.109|INFO|Thread-472|receive|public void receive(SealedObject TransportPacket, ConnectionHandlerID connectionHandlerID)
221210 104406.193|INFO|Thread-472|receive|public void receive(SealedObject TransportPacket, ConnectionHandlerID connectionHandlerID)
221210 104717.879|INFO|Thread-472|receive|public void receive(SealedObject TransportPacket, ConnectionHandlerID connectionHandlerID)
221210 104718.642|INFO|Thread-472|receive|public void receive(SealedObject TransportPacket, ConnectionHandlerID connectionHandlerID)
221210 104719.218|INFO|Thread-472|receive|public void receive(SealedObject TransportPacket, ConnectionHandlerID connectionHandlerID)
221210 105114.528|INFO|Thread-472|receive|public void receive(SealedObject TransportPacket, ConnectionHandlerID connectionHandlerID)
221210 105122.474|INFO|Thread-472|receive|public void receive(SealedObject TransportPacket, ConnectionHandlerID connectionHandlerID)
221210 110519.916|INFO|Thread-472|receive|public void receive(SealedObject TransportPacket, ConnectionHandlerID connectionHandlerID)
221210 110628.891|INFO|Thread-472|receive|public void receive(SealedObject TransportPacket, ConnectionHandlerID connectionHandlerID)
221210 110859.634|INFO|Thread-472|receive|public void receive(SealedObject TransportPacket, ConnectionHandlerID connectionHandlerID)
221210 110906.351|INFO|Thread-472|receive|public void receive(SealedObject TransportPacket, ConnectionHandlerID connectionHandlerID)
221210 112826.902|INFO|Thread-472|receive|public void receive(SealedObject TransportPacket, ConnectionHandlerID connectionHandlerID)
221210 112834.830|INFO|Thread-472|receive|public void receive(SealedObject TransportPacket, ConnectionHandlerID connectionHandlerID)
221210 114340.728|INFO|Thread-472|receive|public void receive(SealedObject TransportPacket, ConnectionHandlerID connectionHandlerID)
221210 114413.026|INFO|Thread-472|receive|public void receive(SealedObject TransportPacket, ConnectionHandlerID connectionHandlerID)
221210 114520.983|INFO|Thread-472|receive|public void receive(SealedObject TransportPacket, ConnectionHandlerID connectionHandlerID)
221210 114553.944|INFO|Thread-472|receive|public void receive(SealedObject TransportPacket, ConnectionHandlerID connectionHandlerID)
221210 114555.556|INFO|Thread-472|receive|public void receive(SealedObject TransportPacket, ConnectionHandlerID connectionHandlerID)
221210 114707.498|INFO|Thread-472|receive|public void receive(SealedObject TransportPacket, ConnectionHandlerID connectionHandlerID)
221210 115218.922|INFO|Thread-472|receive|public void receive(SealedObject TransportPacket, ConnectionHandlerID connectionHandlerID)
221210 115240.670|INFO|Thread-472|receive|public void receive(SealedObject TransportPacket, ConnectionHandlerID connectionHandlerID)
221210 115525.656|INFO|Thread-472|receive|public void receive(SealedObject TransportPacket, ConnectionHandlerID connectionHandlerID)
221210 115536.362|INFO|Thread-472|receive|public void receive(SealedObject TransportPacket, ConnectionHandlerID connectionHandlerID)
221210 120048.049|INFO|Thread-472|receive|public void receive(SealedObject TransportPacket, ConnectionHandlerID connectionHandlerID)
221210 120112.333|INFO|Thread-472|receive|public void receive(SealedObject TransportPacket, ConnectionHandlerID connectionHandlerID)
221210 120501.921|INFO|Thread-472|receive|public void receive(SealedObject TransportPacket, ConnectionHandlerID connectionHandlerID)
221210 120518.237|INFO|Thread-472|receive|public void receive(SealedObject TransportPacket, ConnectionHandlerID connectionHandlerID)
221210 120529.782|INFO|Thread-472|receive|public void receive(SealedObject TransportPacket, ConnectionHandlerID connectionHandlerID)
221210 120723.837|INFO|Thread-472|receive|public void receive(SealedObject TransportPacket, ConnectionHandlerID connectionHandlerID)
221210 120724.592|INFO|Thread-472|receive|public void receive(SealedObject TransportPacket, ConnectionHandlerID connectionHandlerID)
221210 121041.617|INFO|Thread-472|receive|public void receive(SealedObject TransportPacket, ConnectionHandlerID connectionHandlerID)
221210 121118.949|INFO|Thread-472|receive|public void receive(SealedObject TransportPacket, ConnectionHandlerID connectionHandlerID)
221210 121328.251|INFO|Thread-472|receive|public void receive(SealedObject TransportPacket, ConnectionHandlerID connectionHandlerID)
221210 121658.191|INFO|Thread-472|receive|public void receive(SealedObject TransportPacket, ConnectionHandlerID connectionHandlerID)
221210 121711.528|INFO|Thread-472|receive|public void receive(SealedObject TransportPacket, ConnectionHandlerID connectionHandlerID)
221210 121759.239|INFO|Thread-472|receive|public void receive(SealedObject TransportPacket, ConnectionHandlerID connectionHandlerID)
221210 121919.865|INFO|Thread-472|receive|public void receive(SealedObject TransportPacket, ConnectionHandlerID connectionHandlerID)
221210 122001.633|INFO|Thread-472|receive|public void receive(SealedObject TransportPacket, ConnectionHandlerID connectionHandlerID)
221210 122917.885|INFO|Thread-472|receive|public void receive(SealedObject TransportPacket, ConnectionHandlerID connectionHandlerID)
221210 122934.150|INFO|Thread-472|receive|public void receive(SealedObject TransportPacket, ConnectionHandlerID connectionHandlerID)
221210 123601.209|INFO|Thread-472|receive|public void receive(SealedObject TransportPacket, ConnectionHandlerID connectionHandlerID)
221210 123609.979|INFO|Thread-472|receive|public void receive(SealedObject TransportPacket, ConnectionHandlerID connectionHandlerID)
221210 124726.285|INFO|Thread-472|receive|public void receive(SealedObject TransportPacket, ConnectionHandlerID connectionHandlerID)
221210 150258.319|INFO|Thread-472|connectionDropped|connectionDropped(ConnectionHandlerID myConnectionID) 
