221210 083647.453|CONFIG|qtp996796369-1391|setFileHandlers|Now logging to C:\Users\18328\Desktop\pc2\WebTeamInterface-1.1\logs directory.
221210 083647.454|INFO|qtp996796369-1391|info|
221210 083647.454|INFO|qtp996796369-1391|info|Version 9 () Java ver 18.0.2.1 build  Windows 11 10.0 (amd64) 
221210 083647.454|INFO|qtp996796369-1391|info|Login: team20 (aka team20)
221210 083647.454|INFO|qtp996796369-1391|startLog|Working directory is C:\Users\18328\Desktop\pc2\WebTeamInterface-1.1
221210 083647.454|INFO|qtp996796369-1391|startLog|Process id is 20708@DESKTOP-D75BQTV
221210 083647.454|INFO|Thread-8293|receiveUnencrypted|receiveUnencrypted Made a secret key for Socket[addr=/212.212.212.212,port=50002,localport=50361]-3041757078882753345 key is com.sun.crypto.provider.DESKey@18046
221210 083647.454|INFO|qtp996796369-1391|info|Contacting server at 212.212.212.212:50002 as TEAM20 @ site 0
221210 083647.454|INFO|Thread-8293|getPublicKeyPacket|Generating Unencrypted Public Key Packet
221210 083647.455|INFO|qtp996796369-1391|info|sendLoginRequest start - sending from TEAM20 @ site 0
221210 083647.455|INFO|Thread-8293|getPublicKeyPacket|checking key:= SunJCE Diffie-Hellman Public Key:
y:
    d04d8eb7 1696bf58 ca0ad24a eedd3b38 10289aa1 7476631b 66e9b244 b5349eb0
    3e17b9d9 1a6d7a89 7511046c 2c99a79d 3ea81bd9 d5e43647 a6c4593d 3ad488bb
    cfc925eb 52768bf4 6a839419 23a3791c 0daee20c 75e507df 85c7795a 8c014471
    9f6895e6 c0c383e8 52537cfe ed311913 53932975 08138de9 e0798b01 8aee60b4
p:
    f488fd58 4e49dbcd 20b49de4 9107366b 336c380d 451d0f7c 88b31c7c 5b2d8ef6
    f3c923c0 43f0a55b 188d8ebb 558cb85d 38d334fd 7c175743 a31d186c de33212c
    b52aff3c e1b12940 18118d7c 84a70a72 d686c403 19c80729 7aca950c d9969fab
    d00a509b 0246d308 3d66a45d 419f9c7c bd894b22 1926baab a25ec355 e92f78c7
g:
    02
l:
    512
221210 083647.455|INFO|Thread-8293|getPublicKeyPacket|packet:= edu.csus.ecs.pc2.core.transport.TransportWrapper@5e32f46
221210 083647.455|INFO|qtp996796369-1391|sendToLocalServer|Sending packet to server Packet[LOGIN_REQUEST] #204 TEAM20 @ site 0 -> SERVER0 @ site 0
221210 083647.455|INFO|qtp996796369-1391|sendToLocalServer|Sent    packet to server Packet[LOGIN_REQUEST] #204 TEAM20 @ site 0 -> SERVER0 @ site 0
221210 083647.455|INFO|qtp996796369-1391|info|sendLoginRequest end - packet sent.
221210 083647.455|INFO|Thread-8294|run|send(Serializable)
221210 083647.458|INFO|Thread-8293|receive|public void receive(SealedObject TransportPacket, ConnectionHandlerID connectionHandlerID)
221210 083647.460|INFO|Thread-8295|info| receiveObject(S) start got Packet[LOGIN_SUCCESS] #1275 SERVER0 @ site 1 -> TEAM20 @ site 1
221210 083647.460|INFO|Thread-8295|dumpPacket|Packet LOGIN_SUCCESS (Seq #1275, o#1275 ) recieveObject
221210 083647.460|INFO|Thread-8295|dumpPacket|  From: SERVER0 @ site 1, oSERVER0 @ site 1 (DESKTOP-D75BQTV @ 212.212.212.212) (Contest Id: DryRun--5544400451244233091)
221210 083647.460|INFO|Thread-8295|dumpPacket|    To: TEAM20 @ site 1
221210 083647.460|INFO|Thread-8295|dumpPacket|   key: PROFILE_LIST is: [Ledu.csus.ecs.pc2.core.model.Profile; [Ledu.csus.ecs.pc2.core.model.Profile;@67ede074
221210 083647.460|INFO|Thread-8295|dumpPacket|   key: GENERAL_PROBLEM is: edu.csus.ecs.pc2.core.model.Problem General
221210 083647.460|INFO|Thread-8295|dumpPacket|   key: CLIENT_SETTINGS_LIST is: [Ledu.csus.ecs.pc2.core.model.ClientSettings; [Ledu.csus.ecs.pc2.core.model.ClientSettings;@692a12f9
221210 083647.460|INFO|Thread-8295|dumpPacket|   key: CONTEST_TIME is: edu.csus.ecs.pc2.core.model.ContestTime edu.csus.ecs.pc2.core.model.ContestTime@6d158b04
221210 083647.460|INFO|Thread-8295|dumpPacket|   key: CLARIFICATION_LIST is: [Ledu.csus.ecs.pc2.core.model.Clarification; [Ledu.csus.ecs.pc2.core.model.Clarification;@281718c2
221210 083647.460|INFO|Thread-8295|dumpPacket|   key: CATEGORY_LIST is: [Ledu.csus.ecs.pc2.core.model.Category; [Ledu.csus.ecs.pc2.core.model.Category;@20f1a3f4
221210 083647.460|INFO|Thread-8295|dumpPacket|   key: LANGUAGE_LIST is: [Ledu.csus.ecs.pc2.core.model.Language; [Ledu.csus.ecs.pc2.core.model.Language;@19f5d0c9
221210 083647.460|INFO|Thread-8295|dumpPacket|   key: REMOTE_LOGGED_IN_USERS is: [Ledu.csus.ecs.pc2.core.model.ClientId; [Ledu.csus.ecs.pc2.core.model.ClientId;@58f93558
221210 083647.460|INFO|Thread-8295|dumpPacket|   key: CONTEST_TIME_LIST is: [Ledu.csus.ecs.pc2.core.model.ContestTime; [Ledu.csus.ecs.pc2.core.model.ContestTime;@4838e78d
221210 083647.460|INFO|Thread-8295|dumpPacket|   key: CONNECTION_HANDLE_ID_LIST is: [Ledu.csus.ecs.pc2.core.transport.ConnectionHandlerID; [Ledu.csus.ecs.pc2.core.transport.ConnectionHandlerID;@65fb037d
221210 083647.460|INFO|Thread-8295|dumpPacket|   key: PROFILE is: edu.csus.ecs.pc2.core.model.Profile DryRun--5544400451244233091
221210 083647.460|INFO|Thread-8295|dumpPacket|   key: CLIENT_ID is: edu.csus.ecs.pc2.core.model.ClientId TEAM20 @ site 1
221210 083647.460|INFO|Thread-8295|dumpPacket|   key: SITE_NUMBER is: java.lang.Integer 1
221210 083647.460|INFO|Thread-8295|dumpPacket|   key: CONTEST_INFORMATION is: edu.csus.ecs.pc2.core.model.ContestInformation edu.csus.ecs.pc2.core.model.ContestInformation@523fe493
221210 083647.460|INFO|Thread-8295|dumpPacket|   key: SITE_LIST is: [Ledu.csus.ecs.pc2.core.model.Site; [Ledu.csus.ecs.pc2.core.model.Site;@43fd5879
221210 083647.460|INFO|Thread-8295|dumpPacket|   key: PROBLEM_DATA_FILES is: [Ledu.csus.ecs.pc2.core.model.ProblemDataFiles; [Ledu.csus.ecs.pc2.core.model.ProblemDataFiles;@4c76db04
221210 083647.460|INFO|Thread-8295|dumpPacket|   key: JUDGEMENT_LIST is: [Ledu.csus.ecs.pc2.core.model.Judgement; [Ledu.csus.ecs.pc2.core.model.Judgement;@712bc91c
221210 083647.460|INFO|Thread-8295|dumpPacket|   key: PROBLEM_LIST is: [Ledu.csus.ecs.pc2.core.model.Problem; [Ledu.csus.ecs.pc2.core.model.Problem;@5c1da0d6
221210 083647.460|INFO|Thread-8295|dumpPacket|   key: GROUP_LIST is: [Ledu.csus.ecs.pc2.core.model.Group; [Ledu.csus.ecs.pc2.core.model.Group;@758a05bc
221210 083647.460|INFO|Thread-8295|dumpPacket|   key: LOCAL_LOGGED_IN_USERS is: [Ledu.csus.ecs.pc2.core.model.ClientId; [Ledu.csus.ecs.pc2.core.model.ClientId;@f5e4ef2
221210 083647.460|INFO|Thread-8295|dumpPacket|   key: SERVER_CLOCK_OFFSET is: java.util.GregorianCalendar java.util.GregorianCalendar[time=1670683007456,areFieldsSet=true,areAllFieldsSet=false,lenient=true,zone=sun.util.calendar.ZoneInfo[id="GMT",offset=0,dstSavings=0,useDaylight=false,transitions=0,lastRule=null],firstDayOfWeek=1,minimalDaysInFirstWeek=1,ERA=1,YEAR=2022,MONTH=11,WEEK_OF_YEAR=50,WEEK_OF_MONTH=2,DAY_OF_MONTH=10,DAY_OF_YEAR=344,DAY_OF_WEEK=7,DAY_OF_WEEK_IN_MONTH=2,AM_PM=1,HOUR=2,HOUR_OF_DAY=14,MINUTE=36,SECOND=47,MILLISECOND=456,ZONE_OFFSET=0,DST_OFFSET=0]
221210 083647.460|INFO|Thread-8295|dumpPacket|   key: CONTEST_IDENTIFIER is: java.lang.String DryRun--5544400451244233091
221210 083647.460|INFO|Thread-8295|dumpPacket|   key: BALLOON_SETTINGS_LIST is: [Ledu.csus.ecs.pc2.core.model.BalloonSettings; [Ledu.csus.ecs.pc2.core.model.BalloonSettings;@2012152c
221210 083647.460|INFO|Thread-8295|dumpPacket|   key: RUN_LIST is: [Ledu.csus.ecs.pc2.core.model.Run; [Ledu.csus.ecs.pc2.core.model.Run;@11b80ae8
221210 083647.460|INFO|Thread-8295|dumpPacket|   key: ACCOUNT_ARRAY is: [Ledu.csus.ecs.pc2.core.model.Account; [Ledu.csus.ecs.pc2.core.model.Account;@34ba4a86
221210 083647.460|INFO|Thread-8295|info|handlePacket start Packet[LOGIN_SUCCESS] #1275 SERVER0 @ site 1 -> TEAM20 @ site 1
221210 083647.460|INFO|Thread-8295|dumpPacket|Packet LOGIN_SUCCESS (Seq #1275, o#1275 ) handlePacket
221210 083647.460|INFO|Thread-8295|dumpPacket|  From: SERVER0 @ site 1, oSERVER0 @ site 1 (DESKTOP-D75BQTV @ 212.212.212.212) (Contest Id: DryRun--5544400451244233091)
221210 083647.460|INFO|Thread-8295|dumpPacket|    To: TEAM20 @ site 1
221210 083647.460|INFO|Thread-8295|dumpPacket|   key: PROFILE_LIST is: [Ledu.csus.ecs.pc2.core.model.Profile; [Ledu.csus.ecs.pc2.core.model.Profile;@67ede074
221210 083647.460|INFO|Thread-8295|dumpPacket|   key: GENERAL_PROBLEM is: edu.csus.ecs.pc2.core.model.Problem General
221210 083647.460|INFO|Thread-8295|dumpPacket|   key: CLIENT_SETTINGS_LIST is: [Ledu.csus.ecs.pc2.core.model.ClientSettings; [Ledu.csus.ecs.pc2.core.model.ClientSettings;@692a12f9
221210 083647.460|INFO|Thread-8295|dumpPacket|   key: CONTEST_TIME is: edu.csus.ecs.pc2.core.model.ContestTime edu.csus.ecs.pc2.core.model.ContestTime@6d158b04
221210 083647.460|INFO|Thread-8295|dumpPacket|   key: CLARIFICATION_LIST is: [Ledu.csus.ecs.pc2.core.model.Clarification; [Ledu.csus.ecs.pc2.core.model.Clarification;@281718c2
221210 083647.460|INFO|Thread-8295|dumpPacket|   key: CATEGORY_LIST is: [Ledu.csus.ecs.pc2.core.model.Category; [Ledu.csus.ecs.pc2.core.model.Category;@20f1a3f4
221210 083647.460|INFO|Thread-8295|dumpPacket|   key: LANGUAGE_LIST is: [Ledu.csus.ecs.pc2.core.model.Language; [Ledu.csus.ecs.pc2.core.model.Language;@19f5d0c9
221210 083647.460|INFO|Thread-8295|dumpPacket|   key: REMOTE_LOGGED_IN_USERS is: [Ledu.csus.ecs.pc2.core.model.ClientId; [Ledu.csus.ecs.pc2.core.model.ClientId;@58f93558
221210 083647.460|INFO|Thread-8295|dumpPacket|   key: CONTEST_TIME_LIST is: [Ledu.csus.ecs.pc2.core.model.ContestTime; [Ledu.csus.ecs.pc2.core.model.ContestTime;@4838e78d
221210 083647.460|INFO|Thread-8295|dumpPacket|   key: CONNECTION_HANDLE_ID_LIST is: [Ledu.csus.ecs.pc2.core.transport.ConnectionHandlerID; [Ledu.csus.ecs.pc2.core.transport.ConnectionHandlerID;@65fb037d
221210 083647.460|INFO|Thread-8295|dumpPacket|   key: PROFILE is: edu.csus.ecs.pc2.core.model.Profile DryRun--5544400451244233091
221210 083647.460|INFO|Thread-8295|dumpPacket|   key: CLIENT_ID is: edu.csus.ecs.pc2.core.model.ClientId TEAM20 @ site 1
221210 083647.460|INFO|Thread-8295|dumpPacket|   key: SITE_NUMBER is: java.lang.Integer 1
221210 083647.460|INFO|Thread-8295|dumpPacket|   key: CONTEST_INFORMATION is: edu.csus.ecs.pc2.core.model.ContestInformation edu.csus.ecs.pc2.core.model.ContestInformation@523fe493
221210 083647.460|INFO|Thread-8295|dumpPacket|   key: SITE_LIST is: [Ledu.csus.ecs.pc2.core.model.Site; [Ledu.csus.ecs.pc2.core.model.Site;@43fd5879
221210 083647.460|INFO|Thread-8295|dumpPacket|   key: PROBLEM_DATA_FILES is: [Ledu.csus.ecs.pc2.core.model.ProblemDataFiles; [Ledu.csus.ecs.pc2.core.model.ProblemDataFiles;@4c76db04
221210 083647.460|INFO|Thread-8295|dumpPacket|   key: JUDGEMENT_LIST is: [Ledu.csus.ecs.pc2.core.model.Judgement; [Ledu.csus.ecs.pc2.core.model.Judgement;@712bc91c
221210 083647.460|INFO|Thread-8295|dumpPacket|   key: PROBLEM_LIST is: [Ledu.csus.ecs.pc2.core.model.Problem; [Ledu.csus.ecs.pc2.core.model.Problem;@5c1da0d6
221210 083647.460|INFO|Thread-8295|dumpPacket|   key: GROUP_LIST is: [Ledu.csus.ecs.pc2.core.model.Group; [Ledu.csus.ecs.pc2.core.model.Group;@758a05bc
221210 083647.460|INFO|Thread-8295|dumpPacket|   key: LOCAL_LOGGED_IN_USERS is: [Ledu.csus.ecs.pc2.core.model.ClientId; [Ledu.csus.ecs.pc2.core.model.ClientId;@f5e4ef2
221210 083647.460|INFO|Thread-8295|dumpPacket|   key: SERVER_CLOCK_OFFSET is: java.util.GregorianCalendar java.util.GregorianCalendar[time=1670683007456,areFieldsSet=true,areAllFieldsSet=false,lenient=true,zone=sun.util.calendar.ZoneInfo[id="GMT",offset=0,dstSavings=0,useDaylight=false,transitions=0,lastRule=null],firstDayOfWeek=1,minimalDaysInFirstWeek=1,ERA=1,YEAR=2022,MONTH=11,WEEK_OF_YEAR=50,WEEK_OF_MONTH=2,DAY_OF_MONTH=10,DAY_OF_YEAR=344,DAY_OF_WEEK=7,DAY_OF_WEEK_IN_MONTH=2,AM_PM=1,HOUR=2,HOUR_OF_DAY=14,MINUTE=36,SECOND=47,MILLISECOND=456,ZONE_OFFSET=0,DST_OFFSET=0]
221210 083647.460|INFO|Thread-8295|dumpPacket|   key: CONTEST_IDENTIFIER is: java.lang.String DryRun--5544400451244233091
221210 083647.460|INFO|Thread-8295|dumpPacket|   key: BALLOON_SETTINGS_LIST is: [Ledu.csus.ecs.pc2.core.model.BalloonSettings; [Ledu.csus.ecs.pc2.core.model.BalloonSettings;@2012152c
221210 083647.460|INFO|Thread-8295|dumpPacket|   key: RUN_LIST is: [Ledu.csus.ecs.pc2.core.model.Run; [Ledu.csus.ecs.pc2.core.model.Run;@11b80ae8
221210 083647.460|INFO|Thread-8295|dumpPacket|   key: ACCOUNT_ARRAY is: [Ledu.csus.ecs.pc2.core.model.Account; [Ledu.csus.ecs.pc2.core.model.Account;@34ba4a86
221210 084028.480|INFO|Thread-8293|receive|public void receive(SealedObject TransportPacket, ConnectionHandlerID connectionHandlerID)
221210 101647.469|CONFIG|qtp1613095350-42|setFileHandlers|Now logging to C:\Users\18328\Desktop\pc2\WebTeamInterface-1.1\logs directory.
221210 101647.469|INFO|qtp1613095350-42|info|
221210 101647.469|INFO|qtp1613095350-42|info|Version 9 () Java ver 18.0.2.1 build  Windows 11 10.0 (amd64) 
221210 101647.470|INFO|qtp1613095350-42|info|Login: team20 (aka team20)
221210 101647.470|INFO|qtp1613095350-42|startLog|Working directory is C:\Users\18328\Desktop\pc2\WebTeamInterface-1.1
221210 101647.470|INFO|qtp1613095350-42|startLog|Process id is 22344@DESKTOP-D75BQTV
221210 101647.470|INFO|qtp1613095350-42|info|Contacting server at 212.212.212.212:50002 as TEAM20 @ site 0
221210 101647.470|INFO|qtp1613095350-42|info|sendLoginRequest start - sending from TEAM20 @ site 0
221210 101647.470|INFO|qtp1613095350-42|sendToLocalServer|Sending packet to server Packet[LOGIN_REQUEST] #109 TEAM20 @ site 0 -> SERVER0 @ site 0
221210 101647.470|INFO|qtp1613095350-42|sendToLocalServer|Sent    packet to server Packet[LOGIN_REQUEST] #109 TEAM20 @ site 0 -> SERVER0 @ site 0
221210 101647.470|INFO|qtp1613095350-42|info|sendLoginRequest end - packet sent.
221210 101647.471|INFO|Thread-1655|run|send(Serializable)
221210 101647.474|INFO|Thread-1654|receive|public void receive(SealedObject TransportPacket, ConnectionHandlerID connectionHandlerID)
221210 101647.476|INFO|Thread-1656|info| receiveObject(S) start got Packet[LOGIN_SUCCESS] #2467 SERVER0 @ site 1 -> TEAM20 @ site 1
221210 101647.476|INFO|Thread-1656|dumpPacket|Packet LOGIN_SUCCESS (Seq #2467, o#2467 ) recieveObject
221210 101647.476|INFO|Thread-1656|dumpPacket|  From: SERVER0 @ site 1, oSERVER0 @ site 1 (DESKTOP-D75BQTV @ 212.212.212.212) (Contest Id: DryRun--5544400451244233091)
221210 101647.476|INFO|Thread-1656|dumpPacket|    To: TEAM20 @ site 1
221210 101647.476|INFO|Thread-1656|dumpPacket|   key: PROFILE_LIST is: [Ledu.csus.ecs.pc2.core.model.Profile; [Ledu.csus.ecs.pc2.core.model.Profile;@292f0dde
221210 101647.476|INFO|Thread-1656|dumpPacket|   key: GENERAL_PROBLEM is: edu.csus.ecs.pc2.core.model.Problem General
221210 101647.476|INFO|Thread-1656|dumpPacket|   key: CLIENT_SETTINGS_LIST is: [Ledu.csus.ecs.pc2.core.model.ClientSettings; [Ledu.csus.ecs.pc2.core.model.ClientSettings;@27e8f68b
221210 101647.476|INFO|Thread-1656|dumpPacket|   key: CONTEST_TIME is: edu.csus.ecs.pc2.core.model.ContestTime edu.csus.ecs.pc2.core.model.ContestTime@23d766ae
221210 101647.476|INFO|Thread-1656|dumpPacket|   key: CLARIFICATION_LIST is: [Ledu.csus.ecs.pc2.core.model.Clarification; [Ledu.csus.ecs.pc2.core.model.Clarification;@66d5fcb0
221210 101647.476|INFO|Thread-1656|dumpPacket|   key: CATEGORY_LIST is: [Ledu.csus.ecs.pc2.core.model.Category; [Ledu.csus.ecs.pc2.core.model.Category;@37c55c49
221210 101647.476|INFO|Thread-1656|dumpPacket|   key: LANGUAGE_LIST is: [Ledu.csus.ecs.pc2.core.model.Language; [Ledu.csus.ecs.pc2.core.model.Language;@5779b894
221210 101647.476|INFO|Thread-1656|dumpPacket|   key: REMOTE_LOGGED_IN_USERS is: [Ledu.csus.ecs.pc2.core.model.ClientId; [Ledu.csus.ecs.pc2.core.model.ClientId;@4f8346c3
221210 101647.476|INFO|Thread-1656|dumpPacket|   key: CONTEST_TIME_LIST is: [Ledu.csus.ecs.pc2.core.model.ContestTime; [Ledu.csus.ecs.pc2.core.model.ContestTime;@6fa03ff
221210 101647.476|INFO|Thread-1656|dumpPacket|   key: CONNECTION_HANDLE_ID_LIST is: [Ledu.csus.ecs.pc2.core.transport.ConnectionHandlerID; [Ledu.csus.ecs.pc2.core.transport.ConnectionHandlerID;@1b40307d
221210 101647.476|INFO|Thread-1656|dumpPacket|   key: PROFILE is: edu.csus.ecs.pc2.core.model.Profile DryRun--5544400451244233091
221210 101647.476|INFO|Thread-1656|dumpPacket|   key: CLIENT_ID is: edu.csus.ecs.pc2.core.model.ClientId TEAM20 @ site 1
221210 101647.476|INFO|Thread-1656|dumpPacket|   key: SITE_NUMBER is: java.lang.Integer 1
221210 101647.476|INFO|Thread-1656|dumpPacket|   key: CONTEST_INFORMATION is: edu.csus.ecs.pc2.core.model.ContestInformation edu.csus.ecs.pc2.core.model.ContestInformation@1678699
221210 101647.476|INFO|Thread-1656|dumpPacket|   key: SITE_LIST is: [Ledu.csus.ecs.pc2.core.model.Site; [Ledu.csus.ecs.pc2.core.model.Site;@54876d28
221210 101647.476|INFO|Thread-1656|dumpPacket|   key: PROBLEM_DATA_FILES is: [Ledu.csus.ecs.pc2.core.model.ProblemDataFiles; [Ledu.csus.ecs.pc2.core.model.ProblemDataFiles;@2b479bc
221210 101647.476|INFO|Thread-1656|dumpPacket|   key: JUDGEMENT_LIST is: [Ledu.csus.ecs.pc2.core.model.Judgement; [Ledu.csus.ecs.pc2.core.model.Judgement;@18ed724f
221210 101647.476|INFO|Thread-1656|dumpPacket|   key: PROBLEM_LIST is: [Ledu.csus.ecs.pc2.core.model.Problem; [Ledu.csus.ecs.pc2.core.model.Problem;@25836c85
221210 101647.476|INFO|Thread-1656|dumpPacket|   key: GROUP_LIST is: [Ledu.csus.ecs.pc2.core.model.Group; [Ledu.csus.ecs.pc2.core.model.Group;@4a02ab30
221210 101647.476|INFO|Thread-1656|dumpPacket|   key: LOCAL_LOGGED_IN_USERS is: [Ledu.csus.ecs.pc2.core.model.ClientId; [Ledu.csus.ecs.pc2.core.model.ClientId;@6b5a4255
221210 101647.476|INFO|Thread-1656|dumpPacket|   key: SERVER_CLOCK_OFFSET is: java.util.GregorianCalendar java.util.GregorianCalendar[time=1670689007472,areFieldsSet=true,areAllFieldsSet=false,lenient=true,zone=sun.util.calendar.ZoneInfo[id="GMT",offset=0,dstSavings=0,useDaylight=false,transitions=0,lastRule=null],firstDayOfWeek=1,minimalDaysInFirstWeek=1,ERA=1,YEAR=2022,MONTH=11,WEEK_OF_YEAR=50,WEEK_OF_MONTH=2,DAY_OF_MONTH=10,DAY_OF_YEAR=344,DAY_OF_WEEK=7,DAY_OF_WEEK_IN_MONTH=2,AM_PM=1,HOUR=4,HOUR_OF_DAY=16,MINUTE=16,SECOND=47,MILLISECOND=472,ZONE_OFFSET=0,DST_OFFSET=0]
221210 101647.476|INFO|Thread-1656|dumpPacket|   key: CONTEST_IDENTIFIER is: java.lang.String DryRun--5544400451244233091
221210 101647.476|INFO|Thread-1656|dumpPacket|   key: BALLOON_SETTINGS_LIST is: [Ledu.csus.ecs.pc2.core.model.BalloonSettings; [Ledu.csus.ecs.pc2.core.model.BalloonSettings;@18563a7b
221210 101647.476|INFO|Thread-1656|dumpPacket|   key: RUN_LIST is: [Ledu.csus.ecs.pc2.core.model.Run; [Ledu.csus.ecs.pc2.core.model.Run;@268f9ab0
221210 101647.476|INFO|Thread-1656|dumpPacket|   key: ACCOUNT_ARRAY is: [Ledu.csus.ecs.pc2.core.model.Account; [Ledu.csus.ecs.pc2.core.model.Account;@798bee7a
221210 101647.476|INFO|Thread-1656|info|handlePacket start Packet[LOGIN_SUCCESS] #2467 SERVER0 @ site 1 -> TEAM20 @ site 1
221210 101647.476|INFO|Thread-1656|dumpPacket|Packet LOGIN_SUCCESS (Seq #2467, o#2467 ) handlePacket
221210 101647.476|INFO|Thread-1656|dumpPacket|  From: SERVER0 @ site 1, oSERVER0 @ site 1 (DESKTOP-D75BQTV @ 212.212.212.212) (Contest Id: DryRun--5544400451244233091)
221210 101647.476|INFO|Thread-1656|dumpPacket|    To: TEAM20 @ site 1
221210 101647.476|INFO|Thread-1656|dumpPacket|   key: PROFILE_LIST is: [Ledu.csus.ecs.pc2.core.model.Profile; [Ledu.csus.ecs.pc2.core.model.Profile;@292f0dde
221210 101647.476|INFO|Thread-1656|dumpPacket|   key: GENERAL_PROBLEM is: edu.csus.ecs.pc2.core.model.Problem General
221210 101647.476|INFO|Thread-1656|dumpPacket|   key: CLIENT_SETTINGS_LIST is: [Ledu.csus.ecs.pc2.core.model.ClientSettings; [Ledu.csus.ecs.pc2.core.model.ClientSettings;@27e8f68b
221210 101647.476|INFO|Thread-1656|dumpPacket|   key: CONTEST_TIME is: edu.csus.ecs.pc2.core.model.ContestTime edu.csus.ecs.pc2.core.model.ContestTime@23d766ae
221210 101647.476|INFO|Thread-1656|dumpPacket|   key: CLARIFICATION_LIST is: [Ledu.csus.ecs.pc2.core.model.Clarification; [Ledu.csus.ecs.pc2.core.model.Clarification;@66d5fcb0
221210 101647.476|INFO|Thread-1656|dumpPacket|   key: CATEGORY_LIST is: [Ledu.csus.ecs.pc2.core.model.Category; [Ledu.csus.ecs.pc2.core.model.Category;@37c55c49
221210 101647.476|INFO|Thread-1656|dumpPacket|   key: LANGUAGE_LIST is: [Ledu.csus.ecs.pc2.core.model.Language; [Ledu.csus.ecs.pc2.core.model.Language;@5779b894
221210 101647.476|INFO|Thread-1656|dumpPacket|   key: REMOTE_LOGGED_IN_USERS is: [Ledu.csus.ecs.pc2.core.model.ClientId; [Ledu.csus.ecs.pc2.core.model.ClientId;@4f8346c3
221210 101647.476|INFO|Thread-1656|dumpPacket|   key: CONTEST_TIME_LIST is: [Ledu.csus.ecs.pc2.core.model.ContestTime; [Ledu.csus.ecs.pc2.core.model.ContestTime;@6fa03ff
221210 101647.476|INFO|Thread-1656|dumpPacket|   key: CONNECTION_HANDLE_ID_LIST is: [Ledu.csus.ecs.pc2.core.transport.ConnectionHandlerID; [Ledu.csus.ecs.pc2.core.transport.ConnectionHandlerID;@1b40307d
221210 101647.476|INFO|Thread-1656|dumpPacket|   key: PROFILE is: edu.csus.ecs.pc2.core.model.Profile DryRun--5544400451244233091
221210 101647.476|INFO|Thread-1656|dumpPacket|   key: CLIENT_ID is: edu.csus.ecs.pc2.core.model.ClientId TEAM20 @ site 1
221210 101647.476|INFO|Thread-1656|dumpPacket|   key: SITE_NUMBER is: java.lang.Integer 1
221210 101647.476|INFO|Thread-1656|dumpPacket|   key: CONTEST_INFORMATION is: edu.csus.ecs.pc2.core.model.ContestInformation edu.csus.ecs.pc2.core.model.ContestInformation@1678699
221210 101647.476|INFO|Thread-1656|dumpPacket|   key: SITE_LIST is: [Ledu.csus.ecs.pc2.core.model.Site; [Ledu.csus.ecs.pc2.core.model.Site;@54876d28
221210 101647.476|INFO|Thread-1656|dumpPacket|   key: PROBLEM_DATA_FILES is: [Ledu.csus.ecs.pc2.core.model.ProblemDataFiles; [Ledu.csus.ecs.pc2.core.model.ProblemDataFiles;@2b479bc
221210 101647.476|INFO|Thread-1656|dumpPacket|   key: JUDGEMENT_LIST is: [Ledu.csus.ecs.pc2.core.model.Judgement; [Ledu.csus.ecs.pc2.core.model.Judgement;@18ed724f
221210 101647.476|INFO|Thread-1656|dumpPacket|   key: PROBLEM_LIST is: [Ledu.csus.ecs.pc2.core.model.Problem; [Ledu.csus.ecs.pc2.core.model.Problem;@25836c85
221210 101647.476|INFO|Thread-1656|dumpPacket|   key: GROUP_LIST is: [Ledu.csus.ecs.pc2.core.model.Group; [Ledu.csus.ecs.pc2.core.model.Group;@4a02ab30
221210 101647.476|INFO|Thread-1656|dumpPacket|   key: LOCAL_LOGGED_IN_USERS is: [Ledu.csus.ecs.pc2.core.model.ClientId; [Ledu.csus.ecs.pc2.core.model.ClientId;@6b5a4255
221210 101647.476|INFO|Thread-1656|dumpPacket|   key: SERVER_CLOCK_OFFSET is: java.util.GregorianCalendar java.util.GregorianCalendar[time=1670689007472,areFieldsSet=true,areAllFieldsSet=false,lenient=true,zone=sun.util.calendar.ZoneInfo[id="GMT",offset=0,dstSavings=0,useDaylight=false,transitions=0,lastRule=null],firstDayOfWeek=1,minimalDaysInFirstWeek=1,ERA=1,YEAR=2022,MONTH=11,WEEK_OF_YEAR=50,WEEK_OF_MONTH=2,DAY_OF_MONTH=10,DAY_OF_YEAR=344,DAY_OF_WEEK=7,DAY_OF_WEEK_IN_MONTH=2,AM_PM=1,HOUR=4,HOUR_OF_DAY=16,MINUTE=16,SECOND=47,MILLISECOND=472,ZONE_OFFSET=0,DST_OFFSET=0]
221210 101647.476|INFO|Thread-1656|dumpPacket|   key: CONTEST_IDENTIFIER is: java.lang.String DryRun--5544400451244233091
221210 101647.476|INFO|Thread-1656|dumpPacket|   key: BALLOON_SETTINGS_LIST is: [Ledu.csus.ecs.pc2.core.model.BalloonSettings; [Ledu.csus.ecs.pc2.core.model.BalloonSettings;@18563a7b
221210 101647.476|INFO|Thread-1656|dumpPacket|   key: RUN_LIST is: [Ledu.csus.ecs.pc2.core.model.Run; [Ledu.csus.ecs.pc2.core.model.Run;@268f9ab0
221210 101647.476|INFO|Thread-1656|dumpPacket|   key: ACCOUNT_ARRAY is: [Ledu.csus.ecs.pc2.core.model.Account; [Ledu.csus.ecs.pc2.core.model.Account;@798bee7a
221210 101708.239|INFO|Thread-1657|run|send(Serializable)
221210 101708.266|INFO|Thread-1654|receive|public void receive(SealedObject TransportPacket, ConnectionHandlerID connectionHandlerID)
221210 101802.499|INFO|Thread-1654|receive|public void receive(SealedObject TransportPacket, ConnectionHandlerID connectionHandlerID)
221210 101853.584|INFO|Thread-1654|receive|public void receive(SealedObject TransportPacket, ConnectionHandlerID connectionHandlerID)
221210 102041.567|INFO|Thread-2241|run|send(Serializable)
221210 102041.590|INFO|Thread-1654|receive|public void receive(SealedObject TransportPacket, ConnectionHandlerID connectionHandlerID)
221210 102118.123|INFO|Thread-1654|receive|public void receive(SealedObject TransportPacket, ConnectionHandlerID connectionHandlerID)
221210 102340.873|INFO|Thread-1654|receive|public void receive(SealedObject TransportPacket, ConnectionHandlerID connectionHandlerID)
221210 102354.951|INFO|Thread-1654|receive|public void receive(SealedObject TransportPacket, ConnectionHandlerID connectionHandlerID)
221210 102401.512|INFO|Thread-1654|receive|public void receive(SealedObject TransportPacket, ConnectionHandlerID connectionHandlerID)
221210 102455.779|INFO|Thread-1654|receive|public void receive(SealedObject TransportPacket, ConnectionHandlerID connectionHandlerID)
221210 103056.915|INFO|Thread-1654|receive|public void receive(SealedObject TransportPacket, ConnectionHandlerID connectionHandlerID)
221210 103128.737|INFO|Thread-1654|receive|public void receive(SealedObject TransportPacket, ConnectionHandlerID connectionHandlerID)
221210 103204.723|INFO|Thread-1654|receive|public void receive(SealedObject TransportPacket, ConnectionHandlerID connectionHandlerID)
221210 103220.629|INFO|Thread-1654|receive|public void receive(SealedObject TransportPacket, ConnectionHandlerID connectionHandlerID)
221210 103237.290|INFO|Thread-1654|receive|public void receive(SealedObject TransportPacket, ConnectionHandlerID connectionHandlerID)
221210 103302.538|INFO|Thread-1654|receive|public void receive(SealedObject TransportPacket, ConnectionHandlerID connectionHandlerID)
221210 104406.119|INFO|Thread-1654|receive|public void receive(SealedObject TransportPacket, ConnectionHandlerID connectionHandlerID)
221210 104406.192|INFO|Thread-1654|receive|public void receive(SealedObject TransportPacket, ConnectionHandlerID connectionHandlerID)
221210 104717.884|INFO|Thread-1654|receive|public void receive(SealedObject TransportPacket, ConnectionHandlerID connectionHandlerID)
221210 104718.636|INFO|Thread-1654|receive|public void receive(SealedObject TransportPacket, ConnectionHandlerID connectionHandlerID)
221210 104719.221|INFO|Thread-1654|receive|public void receive(SealedObject TransportPacket, ConnectionHandlerID connectionHandlerID)
221210 110125.221|INFO|Thread-1654|receive|public void receive(SealedObject TransportPacket, ConnectionHandlerID connectionHandlerID)
221210 110146.512|INFO|Thread-1654|receive|public void receive(SealedObject TransportPacket, ConnectionHandlerID connectionHandlerID)
221210 110659.692|INFO|Thread-1654|receive|public void receive(SealedObject TransportPacket, ConnectionHandlerID connectionHandlerID)
221210 110712.123|INFO|Thread-1654|receive|public void receive(SealedObject TransportPacket, ConnectionHandlerID connectionHandlerID)
221210 111025.493|INFO|Thread-1654|receive|public void receive(SealedObject TransportPacket, ConnectionHandlerID connectionHandlerID)
221210 111102.701|INFO|Thread-1654|receive|public void receive(SealedObject TransportPacket, ConnectionHandlerID connectionHandlerID)
221210 111917.108|INFO|Thread-1654|receive|public void receive(SealedObject TransportPacket, ConnectionHandlerID connectionHandlerID)
221210 112100.295|INFO|Thread-1654|receive|public void receive(SealedObject TransportPacket, ConnectionHandlerID connectionHandlerID)
221210 114058.755|INFO|Thread-1654|receive|public void receive(SealedObject TransportPacket, ConnectionHandlerID connectionHandlerID)
221210 114148.661|INFO|Thread-1654|receive|public void receive(SealedObject TransportPacket, ConnectionHandlerID connectionHandlerID)
221210 114411.438|INFO|Thread-1654|receive|public void receive(SealedObject TransportPacket, ConnectionHandlerID connectionHandlerID)
221210 114418.963|INFO|Thread-1654|receive|public void receive(SealedObject TransportPacket, ConnectionHandlerID connectionHandlerID)
221210 114553.179|INFO|Thread-1654|receive|public void receive(SealedObject TransportPacket, ConnectionHandlerID connectionHandlerID)
221210 114621.317|INFO|Thread-1654|receive|public void receive(SealedObject TransportPacket, ConnectionHandlerID connectionHandlerID)
221210 120724.596|INFO|Thread-1654|receive|public void receive(SealedObject TransportPacket, ConnectionHandlerID connectionHandlerID)
221210 120841.628|INFO|Thread-1654|receive|public void receive(SealedObject TransportPacket, ConnectionHandlerID connectionHandlerID)
221210 120853.373|INFO|Thread-1654|receive|public void receive(SealedObject TransportPacket, ConnectionHandlerID connectionHandlerID)
221210 124523.336|INFO|Thread-1654|receive|public void receive(SealedObject TransportPacket, ConnectionHandlerID connectionHandlerID)
221210 124533.082|INFO|Thread-1654|receive|public void receive(SealedObject TransportPacket, ConnectionHandlerID connectionHandlerID)
221210 124537.762|INFO|Thread-1654|receive|public void receive(SealedObject TransportPacket, ConnectionHandlerID connectionHandlerID)
221210 124549.053|INFO|Thread-1654|receive|public void receive(SealedObject TransportPacket, ConnectionHandlerID connectionHandlerID)
221210 124723.780|INFO|Thread-1654|receive|public void receive(SealedObject TransportPacket, ConnectionHandlerID connectionHandlerID)
221210 124813.309|INFO|Thread-1654|receive|public void receive(SealedObject TransportPacket, ConnectionHandlerID connectionHandlerID)
221210 150258.320|INFO|Thread-1654|connectionDropped|connectionDropped(ConnectionHandlerID myConnectionID) 
230921 150757.701|CONFIG|qtp18242360-82|setFileHandlers|Now logging to C:\Users\18328\Desktop\pc2\WebTeamInterface-1.1\logs directory.
230921 150757.701|INFO|qtp18242360-82|info|
230921 150757.701|INFO|qtp18242360-82|info|Version 9 () Java ver 18.0.2.1 build  Windows 11 10.0 (amd64) 
230921 150757.701|INFO|qtp18242360-82|info|Login: Team20 (aka team20)
230921 150757.701|INFO|qtp18242360-82|startLog|Working directory is C:\Users\18328\Desktop\pc2\WebTeamInterface-1.1
230921 150757.701|INFO|qtp18242360-82|startLog|Process id is 1544@DESKTOP-D75BQTV
230921 150757.701|INFO|qtp18242360-82|info|Contacting server at localhost:50002 as TEAM20 @ site 0
230921 150757.701|INFO|qtp18242360-82|info|sendLoginRequest start - sending from TEAM20 @ site 0
230921 150757.714|INFO|qtp18242360-82|sendToLocalServer|Sending packet to server Packet[LOGIN_REQUEST] #9 TEAM20 @ site 0 -> SERVER0 @ site 0
230921 150757.714|INFO|Thread-85|receiveUnencrypted|receiveUnencrypted Made a secret key for Socket[addr=localhost/127.0.0.1,port=50002,localport=65098]--2725048385523178991 key is com.sun.crypto.provider.DESKey@fffe7b66
230921 150757.714|INFO|Thread-85|getPublicKeyPacket|Generating Unencrypted Public Key Packet
230921 150757.714|INFO|qtp18242360-82|sendToLocalServer|Sent    packet to server Packet[LOGIN_REQUEST] #9 TEAM20 @ site 0 -> SERVER0 @ site 0
230921 150757.715|INFO|qtp18242360-82|info|sendLoginRequest end - packet sent.
230921 150757.715|INFO|Thread-85|getPublicKeyPacket|checking key:= SunJCE Diffie-Hellman Public Key:
y:
    49375773 822c1bfe 49065370 316bfe04 f1906dd8 735ba175 9c358b0c 5ee97600
    3aaaa918 a95d6899 663a64d9 27980b26 b715ee49 fddb56e8 6ddffb56 15405586
    3a1ba953 737c153a 48fcc3cf f745b128 7bcee8fd 839d8d2f ff21fed2 48e69715
    3316200b d3918e7e bde3d2f4 7e38d02b 4056d736 f5611a13 660db588 836c8a58
p:
    f488fd58 4e49dbcd 20b49de4 9107366b 336c380d 451d0f7c 88b31c7c 5b2d8ef6
    f3c923c0 43f0a55b 188d8ebb 558cb85d 38d334fd 7c175743 a31d186c de33212c
    b52aff3c e1b12940 18118d7c 84a70a72 d686c403 19c80729 7aca950c d9969fab
    d00a509b 0246d308 3d66a45d 419f9c7c bd894b22 1926baab a25ec355 e92f78c7
g:
    02
l:
    512
230921 150757.715|INFO|Thread-85|getPublicKeyPacket|packet:= edu.csus.ecs.pc2.core.transport.TransportWrapper@1466f14d
230921 150757.715|INFO|Thread-86|run|send(Serializable)
230921 150757.715|INFO|Thread-85|receive|public void receive(SealedObject TransportPacket, ConnectionHandlerID connectionHandlerID)
230921 150757.731|INFO|Thread-87|info| receiveObject(S) start got Packet[LOGIN_FAILED] #49 SERVER0 @ site 1 -> TEAM20 @ site 0
230921 150757.731|INFO|Thread-87|dumpPacket|Packet LOGIN_FAILED (Seq #49, o#49 ) recieveObject
230921 150757.731|INFO|Thread-87|dumpPacket|  From: SERVER0 @ site 1, oSERVER0 @ site 1 (DESKTOP-D75BQTV @ 192.168.1.8) (Contest Id: Test2Novice-8167312297676738178)
230921 150757.731|INFO|Thread-87|dumpPacket|    To: TEAM20 @ site 0
230921 150757.731|INFO|Thread-87|dumpPacket|   key: MESSAGE_STRING is: java.lang.String Invalid password
230921 150757.731|INFO|Thread-87|info|handlePacket start Packet[LOGIN_FAILED] #49 SERVER0 @ site 1 -> TEAM20 @ site 0
230921 150757.731|INFO|Thread-87|dumpPacket|Packet LOGIN_FAILED (Seq #49, o#49 ) handlePacket
230921 150757.731|INFO|Thread-87|dumpPacket|  From: SERVER0 @ site 1, oSERVER0 @ site 1 (DESKTOP-D75BQTV @ 192.168.1.8) (Contest Id: Test2Novice-8167312297676738178)
230921 150757.731|INFO|Thread-87|dumpPacket|    To: TEAM20 @ site 0
230921 150757.731|INFO|Thread-87|dumpPacket|   key: MESSAGE_STRING is: java.lang.String Invalid password
230921 150757.731|INFO|Thread-87|info| receiveObject(S) end   got Packet[LOGIN_FAILED] #49 SERVER0 @ site 1 -> TEAM20 @ site 0
230921 165528.081|INFO|Thread-85|connectionDropped|connectionDropped(ConnectionHandlerID myConnectionID) 
231209 083122.491|CONFIG|qtp135640095-11235|setFileHandlers|Now logging to C:\Users\18328\Desktop\pc2\WebTeamInterface-1.1\logs directory.
231209 083122.491|INFO|qtp135640095-11235|info|
231209 083122.491|INFO|qtp135640095-11235|info|Version 9 () Java ver 18.0.2.1 build  Windows 11 10.0 (amd64) 
231209 083122.491|INFO|qtp135640095-11235|info|Login: team20 (aka team20)
231209 083122.491|INFO|qtp135640095-11235|startLog|Working directory is C:\Users\18328\Desktop\pc2\WebTeamInterface-1.1
231209 083122.491|INFO|qtp135640095-11235|startLog|Process id is 15028@DESKTOP-D75BQTV
231209 083122.491|INFO|qtp135640095-11235|info|Contacting server at localhost:50002 as TEAM20 @ site 0
231209 083122.491|INFO|qtp135640095-11235|info|sendLoginRequest start - sending from TEAM20 @ site 0
231209 083122.498|INFO|qtp135640095-11235|sendToLocalServer|Sending packet to server Packet[LOGIN_REQUEST] #257 TEAM20 @ site 0 -> SERVER0 @ site 0
231209 083122.498|INFO|qtp135640095-11235|sendToLocalServer|Sent    packet to server Packet[LOGIN_REQUEST] #257 TEAM20 @ site 0 -> SERVER0 @ site 0
231209 083122.498|INFO|qtp135640095-11235|info|sendLoginRequest end - packet sent.
231209 083122.498|INFO|Thread-15420|run|send(Serializable)
231209 083122.509|INFO|Thread-15419|receive|public void receive(SealedObject TransportPacket, ConnectionHandlerID connectionHandlerID)
231209 083122.515|INFO|Thread-15421|info| receiveObject(S) start got Packet[LOGIN_SUCCESS] #1393 SERVER0 @ site 1 -> TEAM20 @ site 1
231209 083122.515|INFO|Thread-15421|dumpPacket|Packet LOGIN_SUCCESS (Seq #1393, o#1393 ) recieveObject
231209 083122.515|INFO|Thread-15421|dumpPacket|  From: SERVER0 @ site 1, oSERVER0 @ site 1 (DESKTOP-D75BQTV @ 212.212.212.212) (Contest Id: DryRun--6069080675419338087)
231209 083122.515|INFO|Thread-15421|dumpPacket|    To: TEAM20 @ site 1
231209 083122.515|INFO|Thread-15421|dumpPacket|   key: PROFILE_LIST is: [Ledu.csus.ecs.pc2.core.model.Profile; [Ledu.csus.ecs.pc2.core.model.Profile;@7ca9eaea
231209 083122.515|INFO|Thread-15421|dumpPacket|   key: GENERAL_PROBLEM is: edu.csus.ecs.pc2.core.model.Problem General
231209 083122.515|INFO|Thread-15421|dumpPacket|   key: CLIENT_SETTINGS_LIST is: [Ledu.csus.ecs.pc2.core.model.ClientSettings; [Ledu.csus.ecs.pc2.core.model.ClientSettings;@726e0b0f
231209 083122.515|INFO|Thread-15421|dumpPacket|   key: CONTEST_TIME is: edu.csus.ecs.pc2.core.model.ContestTime edu.csus.ecs.pc2.core.model.ContestTime@7651819a
231209 083122.515|INFO|Thread-15421|dumpPacket|   key: CLARIFICATION_LIST is: [Ledu.csus.ecs.pc2.core.model.Clarification; [Ledu.csus.ecs.pc2.core.model.Clarification;@33530134
231209 083122.515|INFO|Thread-15421|dumpPacket|   key: CATEGORY_LIST is: [Ledu.csus.ecs.pc2.core.model.Category; [Ledu.csus.ecs.pc2.core.model.Category;@1e430e
231209 083122.515|INFO|Thread-15421|dumpPacket|   key: LANGUAGE_LIST is: [Ledu.csus.ecs.pc2.core.model.Language; [Ledu.csus.ecs.pc2.core.model.Language;@22a1671
231209 083122.515|INFO|Thread-15421|dumpPacket|   key: REMOTE_LOGGED_IN_USERS is: [Ledu.csus.ecs.pc2.core.model.ClientId; [Ledu.csus.ecs.pc2.core.model.ClientId;@788d0aff
231209 083122.515|INFO|Thread-15421|dumpPacket|   key: CONTEST_TIME_LIST is: [Ledu.csus.ecs.pc2.core.model.ContestTime; [Ledu.csus.ecs.pc2.core.model.ContestTime;@537cfe7b
231209 083122.515|INFO|Thread-15421|dumpPacket|   key: CONNECTION_HANDLE_ID_LIST is: [Ledu.csus.ecs.pc2.core.transport.ConnectionHandlerID; [Ledu.csus.ecs.pc2.core.transport.ConnectionHandlerID;@2108d129
231209 083122.515|INFO|Thread-15421|dumpPacket|   key: PROFILE is: edu.csus.ecs.pc2.core.model.Profile DryRun--6069080675419338087
231209 083122.515|INFO|Thread-15421|dumpPacket|   key: CLIENT_ID is: edu.csus.ecs.pc2.core.model.ClientId TEAM20 @ site 1
231209 083122.515|INFO|Thread-15421|dumpPacket|   key: SITE_NUMBER is: java.lang.Integer 1
231209 083122.515|INFO|Thread-15421|dumpPacket|   key: CONTEST_INFORMATION is: edu.csus.ecs.pc2.core.model.ContestInformation edu.csus.ecs.pc2.core.model.ContestInformation@7343c2e7
231209 083122.515|INFO|Thread-15421|dumpPacket|   key: SITE_LIST is: [Ledu.csus.ecs.pc2.core.model.Site; [Ledu.csus.ecs.pc2.core.model.Site;@6389e482
231209 083122.515|INFO|Thread-15421|dumpPacket|   key: PROBLEM_DATA_FILES is: [Ledu.csus.ecs.pc2.core.model.ProblemDataFiles; [Ledu.csus.ecs.pc2.core.model.ProblemDataFiles;@573241ae
231209 083122.515|INFO|Thread-15421|dumpPacket|   key: JUDGEMENT_LIST is: [Ledu.csus.ecs.pc2.core.model.Judgement; [Ledu.csus.ecs.pc2.core.model.Judgement;@305453f8
231209 083122.515|INFO|Thread-15421|dumpPacket|   key: PROBLEM_LIST is: [Ledu.csus.ecs.pc2.core.model.Problem; [Ledu.csus.ecs.pc2.core.model.Problem;@5d6debef
231209 083122.515|INFO|Thread-15421|dumpPacket|   key: GROUP_LIST is: [Ledu.csus.ecs.pc2.core.model.Group; [Ledu.csus.ecs.pc2.core.model.Group;@71eca934
231209 083122.515|INFO|Thread-15421|dumpPacket|   key: LOCAL_LOGGED_IN_USERS is: [Ledu.csus.ecs.pc2.core.model.ClientId; [Ledu.csus.ecs.pc2.core.model.ClientId;@3416b996
231209 083122.515|INFO|Thread-15421|dumpPacket|   key: SERVER_CLOCK_OFFSET is: java.util.GregorianCalendar java.util.GregorianCalendar[time=1702132282498,areFieldsSet=true,areAllFieldsSet=false,lenient=true,zone=sun.util.calendar.ZoneInfo[id="GMT",offset=0,dstSavings=0,useDaylight=false,transitions=0,lastRule=null],firstDayOfWeek=1,minimalDaysInFirstWeek=1,ERA=1,YEAR=2023,MONTH=11,WEEK_OF_YEAR=49,WEEK_OF_MONTH=2,DAY_OF_MONTH=9,DAY_OF_YEAR=343,DAY_OF_WEEK=7,DAY_OF_WEEK_IN_MONTH=2,AM_PM=1,HOUR=2,HOUR_OF_DAY=14,MINUTE=31,SECOND=22,MILLISECOND=498,ZONE_OFFSET=0,DST_OFFSET=0]
231209 083122.515|INFO|Thread-15421|dumpPacket|   key: CONTEST_IDENTIFIER is: java.lang.String DryRun--6069080675419338087
231209 083122.515|INFO|Thread-15421|dumpPacket|   key: BALLOON_SETTINGS_LIST is: [Ledu.csus.ecs.pc2.core.model.BalloonSettings; [Ledu.csus.ecs.pc2.core.model.BalloonSettings;@26cfe77f
231209 083122.515|INFO|Thread-15421|dumpPacket|   key: RUN_LIST is: [Ledu.csus.ecs.pc2.core.model.Run; [Ledu.csus.ecs.pc2.core.model.Run;@144f42da
231209 083122.515|INFO|Thread-15421|dumpPacket|   key: ACCOUNT_ARRAY is: [Ledu.csus.ecs.pc2.core.model.Account; [Ledu.csus.ecs.pc2.core.model.Account;@7efc6e
231209 083122.515|INFO|Thread-15421|info|handlePacket start Packet[LOGIN_SUCCESS] #1393 SERVER0 @ site 1 -> TEAM20 @ site 1
231209 083122.515|INFO|Thread-15421|dumpPacket|Packet LOGIN_SUCCESS (Seq #1393, o#1393 ) handlePacket
231209 083122.515|INFO|Thread-15421|dumpPacket|  From: SERVER0 @ site 1, oSERVER0 @ site 1 (DESKTOP-D75BQTV @ 212.212.212.212) (Contest Id: DryRun--6069080675419338087)
231209 083122.515|INFO|Thread-15421|dumpPacket|    To: TEAM20 @ site 1
231209 083122.515|INFO|Thread-15421|dumpPacket|   key: PROFILE_LIST is: [Ledu.csus.ecs.pc2.core.model.Profile; [Ledu.csus.ecs.pc2.core.model.Profile;@7ca9eaea
231209 083122.515|INFO|Thread-15421|dumpPacket|   key: GENERAL_PROBLEM is: edu.csus.ecs.pc2.core.model.Problem General
231209 083122.515|INFO|Thread-15421|dumpPacket|   key: CLIENT_SETTINGS_LIST is: [Ledu.csus.ecs.pc2.core.model.ClientSettings; [Ledu.csus.ecs.pc2.core.model.ClientSettings;@726e0b0f
231209 083122.515|INFO|Thread-15421|dumpPacket|   key: CONTEST_TIME is: edu.csus.ecs.pc2.core.model.ContestTime edu.csus.ecs.pc2.core.model.ContestTime@7651819a
231209 083122.515|INFO|Thread-15421|dumpPacket|   key: CLARIFICATION_LIST is: [Ledu.csus.ecs.pc2.core.model.Clarification; [Ledu.csus.ecs.pc2.core.model.Clarification;@33530134
231209 083122.515|INFO|Thread-15421|dumpPacket|   key: CATEGORY_LIST is: [Ledu.csus.ecs.pc2.core.model.Category; [Ledu.csus.ecs.pc2.core.model.Category;@1e430e
231209 083122.515|INFO|Thread-15421|dumpPacket|   key: LANGUAGE_LIST is: [Ledu.csus.ecs.pc2.core.model.Language; [Ledu.csus.ecs.pc2.core.model.Language;@22a1671
231209 083122.515|INFO|Thread-15421|dumpPacket|   key: REMOTE_LOGGED_IN_USERS is: [Ledu.csus.ecs.pc2.core.model.ClientId; [Ledu.csus.ecs.pc2.core.model.ClientId;@788d0aff
231209 083122.515|INFO|Thread-15421|dumpPacket|   key: CONTEST_TIME_LIST is: [Ledu.csus.ecs.pc2.core.model.ContestTime; [Ledu.csus.ecs.pc2.core.model.ContestTime;@537cfe7b
231209 083122.515|INFO|Thread-15421|dumpPacket|   key: CONNECTION_HANDLE_ID_LIST is: [Ledu.csus.ecs.pc2.core.transport.ConnectionHandlerID; [Ledu.csus.ecs.pc2.core.transport.ConnectionHandlerID;@2108d129
231209 083122.515|INFO|Thread-15421|dumpPacket|   key: PROFILE is: edu.csus.ecs.pc2.core.model.Profile DryRun--6069080675419338087
231209 083122.515|INFO|Thread-15421|dumpPacket|   key: CLIENT_ID is: edu.csus.ecs.pc2.core.model.ClientId TEAM20 @ site 1
231209 083122.515|INFO|Thread-15421|dumpPacket|   key: SITE_NUMBER is: java.lang.Integer 1
231209 083122.515|INFO|Thread-15421|dumpPacket|   key: CONTEST_INFORMATION is: edu.csus.ecs.pc2.core.model.ContestInformation edu.csus.ecs.pc2.core.model.ContestInformation@7343c2e7
231209 083122.515|INFO|Thread-15421|dumpPacket|   key: SITE_LIST is: [Ledu.csus.ecs.pc2.core.model.Site; [Ledu.csus.ecs.pc2.core.model.Site;@6389e482
231209 083122.515|INFO|Thread-15421|dumpPacket|   key: PROBLEM_DATA_FILES is: [Ledu.csus.ecs.pc2.core.model.ProblemDataFiles; [Ledu.csus.ecs.pc2.core.model.ProblemDataFiles;@573241ae
231209 083122.515|INFO|Thread-15421|dumpPacket|   key: JUDGEMENT_LIST is: [Ledu.csus.ecs.pc2.core.model.Judgement; [Ledu.csus.ecs.pc2.core.model.Judgement;@305453f8
231209 083122.515|INFO|Thread-15421|dumpPacket|   key: PROBLEM_LIST is: [Ledu.csus.ecs.pc2.core.model.Problem; [Ledu.csus.ecs.pc2.core.model.Problem;@5d6debef
231209 083122.515|INFO|Thread-15421|dumpPacket|   key: GROUP_LIST is: [Ledu.csus.ecs.pc2.core.model.Group; [Ledu.csus.ecs.pc2.core.model.Group;@71eca934
231209 083122.515|INFO|Thread-15421|dumpPacket|   key: LOCAL_LOGGED_IN_USERS is: [Ledu.csus.ecs.pc2.core.model.ClientId; [Ledu.csus.ecs.pc2.core.model.ClientId;@3416b996
231209 083122.515|INFO|Thread-15421|dumpPacket|   key: SERVER_CLOCK_OFFSET is: java.util.GregorianCalendar java.util.GregorianCalendar[time=1702132282498,areFieldsSet=true,areAllFieldsSet=false,lenient=true,zone=sun.util.calendar.ZoneInfo[id="GMT",offset=0,dstSavings=0,useDaylight=false,transitions=0,lastRule=null],firstDayOfWeek=1,minimalDaysInFirstWeek=1,ERA=1,YEAR=2023,MONTH=11,WEEK_OF_YEAR=49,WEEK_OF_MONTH=2,DAY_OF_MONTH=9,DAY_OF_YEAR=343,DAY_OF_WEEK=7,DAY_OF_WEEK_IN_MONTH=2,AM_PM=1,HOUR=2,HOUR_OF_DAY=14,MINUTE=31,SECOND=22,MILLISECOND=498,ZONE_OFFSET=0,DST_OFFSET=0]
231209 083122.515|INFO|Thread-15421|dumpPacket|   key: CONTEST_IDENTIFIER is: java.lang.String DryRun--6069080675419338087
231209 083122.515|INFO|Thread-15421|dumpPacket|   key: BALLOON_SETTINGS_LIST is: [Ledu.csus.ecs.pc2.core.model.BalloonSettings; [Ledu.csus.ecs.pc2.core.model.BalloonSettings;@26cfe77f
231209 083122.515|INFO|Thread-15421|dumpPacket|   key: RUN_LIST is: [Ledu.csus.ecs.pc2.core.model.Run; [Ledu.csus.ecs.pc2.core.model.Run;@144f42da
231209 083122.515|INFO|Thread-15421|dumpPacket|   key: ACCOUNT_ARRAY is: [Ledu.csus.ecs.pc2.core.model.Account; [Ledu.csus.ecs.pc2.core.model.Account;@7efc6e
231209 094122.605|INFO|Thread-15419|connectionDropped|connectionDropped(ConnectionHandlerID myConnectionID) 
