231209 104305.478|CONFIG|Thread-49548|setFileHandlers|Now logging to C:\Users\18328\Desktop\pc2\WebTeamInterface-1.1\logs directory.
231209 104305.478|INFO|Thread-49548|info|
231209 104305.478|INFO|Thread-49548|info|Version 9 () Java ver 18.0.2.1 build  Windows 11 10.0 (amd64) 
231209 104305.478|INFO|Thread-49548|info|Login: team52 (aka team52)
231209 104305.478|INFO|Thread-49548|startLog|Working directory is C:\Users\18328\Desktop\pc2\WebTeamInterface-1.1
231209 104305.478|INFO|Thread-49548|startLog|Process id is 15028@DESKTOP-D75BQTV
231209 104305.478|INFO|Thread-49548|info| handlePacket original LOGIN_SUCCESS after -- all settings loaded 
231209 104305.478|INFO|Thread-49548|info|handlePacket end Packet[LOGIN_SUCCESS] #3850 SERVER0 @ site 1 -> TEAM52 @ site 1
231209 104305.485|INFO|Thread-49548|info| receiveObject(S) end   got Packet[LOGIN_SUCCESS] #3850 SERVER0 @ site 1 -> TEAM52 @ site 1
231209 104340.831|INFO|Thread-49632|info| receiveObject(S) start got Packet[CLOCK_STARTED] #3869 SERVER0 @ site 1 -> SERVER0 @ site 0
231209 104340.833|INFO|Thread-49632|dumpPacket|Packet CLOCK_STARTED (Seq #3869, o#3869 ) recieveObject
231209 104340.833|INFO|Thread-49632|dumpPacket|  From: SERVER0 @ site 1, oSERVER0 @ site 1 (DESKTOP-D75BQTV @ 212.212.212.212) (Contest Id: RealDeal--1957769244132597914)
231209 104340.833|INFO|Thread-49632|dumpPacket|    To: SERVER0 @ site 0
231209 104340.833|INFO|Thread-49632|dumpPacket|   key: SITE_NUMBER is: java.lang.Integer 1
231209 104340.833|INFO|Thread-49632|dumpPacket|   key: CLIENT_ID is: edu.csus.ecs.pc2.core.model.ClientId ADMINISTRATOR1 @ site 1
231209 104340.833|INFO|Thread-49632|dumpPacket|   key: SERVER_CLOCK_OFFSET is: java.util.GregorianCalendar java.util.GregorianCalendar[time=1702140220728,areFieldsSet=true,areAllFieldsSet=false,lenient=true,zone=sun.util.calendar.ZoneInfo[id="GMT",offset=0,dstSavings=0,useDaylight=false,transitions=0,lastRule=null],firstDayOfWeek=1,minimalDaysInFirstWeek=1,ERA=1,YEAR=2023,MONTH=11,WEEK_OF_YEAR=49,WEEK_OF_MONTH=2,DAY_OF_MONTH=9,DAY_OF_YEAR=343,DAY_OF_WEEK=7,DAY_OF_WEEK_IN_MONTH=2,AM_PM=1,HOUR=4,HOUR_OF_DAY=16,MINUTE=43,SECOND=40,MILLISECOND=728,ZONE_OFFSET=0,DST_OFFSET=0]
231209 104340.833|INFO|Thread-49632|info|handlePacket start Packet[CLOCK_STARTED] #3869 SERVER0 @ site 1 -> SERVER0 @ site 0
231209 104340.833|INFO|Thread-49632|dumpPacket|Packet CLOCK_STARTED (Seq #3869, o#3869 ) handlePacket
231209 104340.833|INFO|Thread-49632|dumpPacket|  From: SERVER0 @ site 1, oSERVER0 @ site 1 (DESKTOP-D75BQTV @ 212.212.212.212) (Contest Id: RealDeal--1957769244132597914)
231209 104340.833|INFO|Thread-49632|dumpPacket|    To: SERVER0 @ site 0
231209 104340.833|INFO|Thread-49632|dumpPacket|   key: SITE_NUMBER is: java.lang.Integer 1
231209 104340.833|INFO|Thread-49632|dumpPacket|   key: CLIENT_ID is: edu.csus.ecs.pc2.core.model.ClientId ADMINISTRATOR1 @ site 1
231209 104340.833|INFO|Thread-49632|dumpPacket|   key: SERVER_CLOCK_OFFSET is: java.util.GregorianCalendar java.util.GregorianCalendar[time=1702140220728,areFieldsSet=true,areAllFieldsSet=false,lenient=true,zone=sun.util.calendar.ZoneInfo[id="GMT",offset=0,dstSavings=0,useDaylight=false,transitions=0,lastRule=null],firstDayOfWeek=1,minimalDaysInFirstWeek=1,ERA=1,YEAR=2023,MONTH=11,WEEK_OF_YEAR=49,WEEK_OF_MONTH=2,DAY_OF_MONTH=9,DAY_OF_YEAR=343,DAY_OF_WEEK=7,DAY_OF_WEEK_IN_MONTH=2,AM_PM=1,HOUR=4,HOUR_OF_DAY=16,MINUTE=43,SECOND=40,MILLISECOND=728,ZONE_OFFSET=0,DST_OFFSET=0]
231209 104340.835|INFO|Thread-49632|info|Clock for site 1 started by ADMINISTRATOR1 @ site 1 elapsed 0:00:00
231209 104340.835|INFO|Thread-49632|info| receiveObject(S) end   got Packet[CLOCK_STARTED] #3869 SERVER0 @ site 1 -> SERVER0 @ site 0
231209 104900.083|INFO|Thread-55696|info| receiveObject(S) start got Packet[CLARIFICATION_ANSWER_UPDATE] #4015 SERVER0 @ site 1 -> SERVER0 @ site 0
231209 104900.084|INFO|Thread-55696|dumpPacket|Packet CLARIFICATION_ANSWER_UPDATE (Seq #4015, o#4015 ) recieveObject
231209 104900.084|INFO|Thread-55696|dumpPacket|  From: SERVER0 @ site 1, oSERVER0 @ site 1 (DESKTOP-D75BQTV @ 212.212.212.212) (Contest Id: RealDeal--1957769244132597914)
231209 104900.084|INFO|Thread-55696|dumpPacket|    To: SERVER0 @ site 0
231209 104900.084|INFO|Thread-55696|dumpPacket|   key: CLARIFICATION is: edu.csus.ecs.pc2.core.model.Clarification Clarification 1 ANSWERED from TEAM91 @ site 1 at 4 id=Clarification--3513482260916480937
231209 104900.084|INFO|Thread-55696|dumpPacket|   key: CLARIFICATION_ANSWER is: java.lang.String No response, read problem statement
231209 104900.084|INFO|Thread-55696|dumpPacket|   key: CLIENT_ID is: edu.csus.ecs.pc2.core.model.ClientId ADMINISTRATOR1 @ site 1
231209 104900.084|INFO|Thread-55696|info|handlePacket start Packet[CLARIFICATION_ANSWER_UPDATE] #4015 SERVER0 @ site 1 -> SERVER0 @ site 0
231209 104900.084|INFO|Thread-55696|dumpPacket|Packet CLARIFICATION_ANSWER_UPDATE (Seq #4015, o#4015 ) handlePacket
231209 104900.084|INFO|Thread-55696|dumpPacket|  From: SERVER0 @ site 1, oSERVER0 @ site 1 (DESKTOP-D75BQTV @ 212.212.212.212) (Contest Id: RealDeal--1957769244132597914)
231209 104900.084|INFO|Thread-55696|dumpPacket|    To: SERVER0 @ site 0
231209 104900.084|INFO|Thread-55696|dumpPacket|   key: CLARIFICATION is: edu.csus.ecs.pc2.core.model.Clarification Clarification 1 ANSWERED from TEAM91 @ site 1 at 4 id=Clarification--3513482260916480937
231209 104900.084|INFO|Thread-55696|dumpPacket|   key: CLARIFICATION_ANSWER is: java.lang.String No response, read problem statement
231209 104900.084|INFO|Thread-55696|dumpPacket|   key: CLIENT_ID is: edu.csus.ecs.pc2.core.model.ClientId ADMINISTRATOR1 @ site 1
231209 104900.089|INFO|Thread-55696|info| receiveObject(S) end   got Packet[CLARIFICATION_ANSWER_UPDATE] #4015 SERVER0 @ site 1 -> SERVER0 @ site 0
231209 104938.168|INFO|Thread-56483|info| receiveObject(S) start got Packet[CLARIFICATION_ANSWER_UPDATE] #4032 SERVER0 @ site 1 -> SERVER0 @ site 0
231209 104938.168|INFO|Thread-56483|dumpPacket|Packet CLARIFICATION_ANSWER_UPDATE (Seq #4032, o#4032 ) recieveObject
231209 104938.168|INFO|Thread-56483|dumpPacket|  From: SERVER0 @ site 1, oSERVER0 @ site 1 (DESKTOP-D75BQTV @ 212.212.212.212) (Contest Id: RealDeal--1957769244132597914)
231209 104938.168|INFO|Thread-56483|dumpPacket|    To: SERVER0 @ site 0
231209 104938.170|INFO|Thread-56483|dumpPacket|   key: CLARIFICATION is: edu.csus.ecs.pc2.core.model.Clarification Clarification 2 ANSWERED from JUDGE3 @ site 1 at 5 id=Clarification-2100581527514594593
231209 104938.170|INFO|Thread-56483|dumpPacket|   key: CLARIFICATION_ANSWER is: java.lang.String Read above
231209 104938.170|INFO|Thread-56483|dumpPacket|   key: CLIENT_ID is: edu.csus.ecs.pc2.core.model.ClientId ADMINISTRATOR1 @ site 1
231209 104938.170|INFO|Thread-56483|info|handlePacket start Packet[CLARIFICATION_ANSWER_UPDATE] #4032 SERVER0 @ site 1 -> SERVER0 @ site 0
231209 104938.170|INFO|Thread-56483|dumpPacket|Packet CLARIFICATION_ANSWER_UPDATE (Seq #4032, o#4032 ) handlePacket
231209 104938.170|INFO|Thread-56483|dumpPacket|  From: SERVER0 @ site 1, oSERVER0 @ site 1 (DESKTOP-D75BQTV @ 212.212.212.212) (Contest Id: RealDeal--1957769244132597914)
231209 104938.170|INFO|Thread-56483|dumpPacket|    To: SERVER0 @ site 0
231209 104938.170|INFO|Thread-56483|dumpPacket|   key: CLARIFICATION is: edu.csus.ecs.pc2.core.model.Clarification Clarification 2 ANSWERED from JUDGE3 @ site 1 at 5 id=Clarification-2100581527514594593
231209 104938.170|INFO|Thread-56483|dumpPacket|   key: CLARIFICATION_ANSWER is: java.lang.String Read above
231209 104938.170|INFO|Thread-56483|dumpPacket|   key: CLIENT_ID is: edu.csus.ecs.pc2.core.model.ClientId ADMINISTRATOR1 @ site 1
231209 104938.170|INFO|Thread-56483|info| receiveObject(S) end   got Packet[CLARIFICATION_ANSWER_UPDATE] #4032 SERVER0 @ site 1 -> SERVER0 @ site 0
231209 105758.530|INFO|Thread-64845|info| receiveObject(S) start got Packet[CLARIFICATION_ANSWER_UPDATE] #4323 SERVER0 @ site 1 -> SERVER0 @ site 0
231209 105758.530|INFO|Thread-64845|dumpPacket|Packet CLARIFICATION_ANSWER_UPDATE (Seq #4323, o#4323 ) recieveObject
231209 105758.530|INFO|Thread-64845|dumpPacket|  From: SERVER0 @ site 1, oSERVER0 @ site 1 (DESKTOP-D75BQTV @ 212.212.212.212) (Contest Id: RealDeal--1957769244132597914)
231209 105758.530|INFO|Thread-64845|dumpPacket|    To: SERVER0 @ site 0
231209 105758.530|INFO|Thread-64845|dumpPacket|   key: CLARIFICATION is: edu.csus.ecs.pc2.core.model.Clarification Clarification 3 ANSWERED from TEAM77 @ site 1 at 7 id=Clarification--6384166243320002001
231209 105758.530|INFO|Thread-64845|dumpPacket|   key: CLARIFICATION_ANSWER is: java.lang.String Its a 0.
231209 105758.530|INFO|Thread-64845|dumpPacket|   key: CLIENT_ID is: edu.csus.ecs.pc2.core.model.ClientId ADMINISTRATOR1 @ site 1
231209 105758.530|INFO|Thread-64845|info|handlePacket start Packet[CLARIFICATION_ANSWER_UPDATE] #4323 SERVER0 @ site 1 -> SERVER0 @ site 0
231209 105758.530|INFO|Thread-64845|dumpPacket|Packet CLARIFICATION_ANSWER_UPDATE (Seq #4323, o#4323 ) handlePacket
231209 105758.530|INFO|Thread-64845|dumpPacket|  From: SERVER0 @ site 1, oSERVER0 @ site 1 (DESKTOP-D75BQTV @ 212.212.212.212) (Contest Id: RealDeal--1957769244132597914)
231209 105758.530|INFO|Thread-64845|dumpPacket|    To: SERVER0 @ site 0
231209 105758.530|INFO|Thread-64845|dumpPacket|   key: CLARIFICATION is: edu.csus.ecs.pc2.core.model.Clarification Clarification 3 ANSWERED from TEAM77 @ site 1 at 7 id=Clarification--6384166243320002001
231209 105758.530|INFO|Thread-64845|dumpPacket|   key: CLARIFICATION_ANSWER is: java.lang.String Its a 0.
231209 105758.530|INFO|Thread-64845|dumpPacket|   key: CLIENT_ID is: edu.csus.ecs.pc2.core.model.ClientId ADMINISTRATOR1 @ site 1
231209 105758.546|INFO|Thread-64845|info| receiveObject(S) end   got Packet[CLARIFICATION_ANSWER_UPDATE] #4323 SERVER0 @ site 1 -> SERVER0 @ site 0
231209 110012.939|INFO|Thread-64978|info| receiveObject(S) start got Packet[CLARIFICATION_ANSWER_UPDATE] #4399 SERVER0 @ site 1 -> SERVER0 @ site 0
231209 110012.939|INFO|Thread-64978|dumpPacket|Packet CLARIFICATION_ANSWER_UPDATE (Seq #4399, o#4399 ) recieveObject
231209 110012.939|INFO|Thread-64978|dumpPacket|  From: SERVER0 @ site 1, oSERVER0 @ site 1 (DESKTOP-D75BQTV @ 212.212.212.212) (Contest Id: RealDeal--1957769244132597914)
231209 110012.939|INFO|Thread-64978|dumpPacket|    To: SERVER0 @ site 0
231209 110012.939|INFO|Thread-64978|dumpPacket|   key: CLARIFICATION is: edu.csus.ecs.pc2.core.model.Clarification Clarification 4 ANSWERED from TEAM82 @ site 1 at 14 id=Clarification-5863903242636736970
231209 110012.939|INFO|Thread-64978|dumpPacket|   key: CLARIFICATION_ANSWER is: java.lang.String Read the problem description.
231209 110012.939|INFO|Thread-64978|dumpPacket|   key: CLIENT_ID is: edu.csus.ecs.pc2.core.model.ClientId JUDGE10 @ site 1
231209 110012.939|INFO|Thread-64978|info|handlePacket start Packet[CLARIFICATION_ANSWER_UPDATE] #4399 SERVER0 @ site 1 -> SERVER0 @ site 0
231209 110012.939|INFO|Thread-64978|dumpPacket|Packet CLARIFICATION_ANSWER_UPDATE (Seq #4399, o#4399 ) handlePacket
231209 110012.939|INFO|Thread-64978|dumpPacket|  From: SERVER0 @ site 1, oSERVER0 @ site 1 (DESKTOP-D75BQTV @ 212.212.212.212) (Contest Id: RealDeal--1957769244132597914)
231209 110012.939|INFO|Thread-64978|dumpPacket|    To: SERVER0 @ site 0
231209 110012.939|INFO|Thread-64978|dumpPacket|   key: CLARIFICATION is: edu.csus.ecs.pc2.core.model.Clarification Clarification 4 ANSWERED from TEAM82 @ site 1 at 14 id=Clarification-5863903242636736970
231209 110012.939|INFO|Thread-64978|dumpPacket|   key: CLARIFICATION_ANSWER is: java.lang.String Read the problem description.
231209 110012.939|INFO|Thread-64978|dumpPacket|   key: CLIENT_ID is: edu.csus.ecs.pc2.core.model.ClientId JUDGE10 @ site 1
231209 110012.939|INFO|Thread-64978|info| receiveObject(S) end   got Packet[CLARIFICATION_ANSWER_UPDATE] #4399 SERVER0 @ site 1 -> SERVER0 @ site 0
231209 110139.173|INFO|Thread-65112|info| receiveObject(S) start got Packet[CLARIFICATION_ANSWER_UPDATE] #4469 SERVER0 @ site 1 -> SERVER0 @ site 0
231209 110139.173|INFO|Thread-65112|dumpPacket|Packet CLARIFICATION_ANSWER_UPDATE (Seq #4469, o#4469 ) recieveObject
231209 110139.173|INFO|Thread-65112|dumpPacket|  From: SERVER0 @ site 1, oSERVER0 @ site 1 (DESKTOP-D75BQTV @ 212.212.212.212) (Contest Id: RealDeal--1957769244132597914)
231209 110139.173|INFO|Thread-65112|dumpPacket|    To: SERVER0 @ site 0
231209 110139.173|INFO|Thread-65112|dumpPacket|   key: CLARIFICATION is: edu.csus.ecs.pc2.core.model.Clarification Clarification 5 ANSWERED from TEAM50 @ site 1 at 16 id=Clarification-1647212286997947126
231209 110139.173|INFO|Thread-65112|dumpPacket|   key: CLARIFICATION_ANSWER is: java.lang.String yes
231209 110139.173|INFO|Thread-65112|dumpPacket|   key: CLIENT_ID is: edu.csus.ecs.pc2.core.model.ClientId JUDGE10 @ site 1
231209 110139.173|INFO|Thread-65112|info|handlePacket start Packet[CLARIFICATION_ANSWER_UPDATE] #4469 SERVER0 @ site 1 -> SERVER0 @ site 0
231209 110139.173|INFO|Thread-65112|dumpPacket|Packet CLARIFICATION_ANSWER_UPDATE (Seq #4469, o#4469 ) handlePacket
231209 110139.173|INFO|Thread-65112|dumpPacket|  From: SERVER0 @ site 1, oSERVER0 @ site 1 (DESKTOP-D75BQTV @ 212.212.212.212) (Contest Id: RealDeal--1957769244132597914)
231209 110139.173|INFO|Thread-65112|dumpPacket|    To: SERVER0 @ site 0
231209 110139.173|INFO|Thread-65112|dumpPacket|   key: CLARIFICATION is: edu.csus.ecs.pc2.core.model.Clarification Clarification 5 ANSWERED from TEAM50 @ site 1 at 16 id=Clarification-1647212286997947126
231209 110139.173|INFO|Thread-65112|dumpPacket|   key: CLARIFICATION_ANSWER is: java.lang.String yes
231209 110139.173|INFO|Thread-65112|dumpPacket|   key: CLIENT_ID is: edu.csus.ecs.pc2.core.model.ClientId JUDGE10 @ site 1
231209 110139.181|INFO|Thread-65112|info| receiveObject(S) end   got Packet[CLARIFICATION_ANSWER_UPDATE] #4469 SERVER0 @ site 1 -> SERVER0 @ site 0
231209 110446.772|INFO|Thread-65299|info| receiveObject(S) start got Packet[CLARIFICATION_ANSWER_UPDATE] #4608 SERVER0 @ site 1 -> SERVER0 @ site 0
231209 110446.772|INFO|Thread-65299|dumpPacket|Packet CLARIFICATION_ANSWER_UPDATE (Seq #4608, o#4608 ) recieveObject
231209 110446.772|INFO|Thread-65299|dumpPacket|  From: SERVER0 @ site 1, oSERVER0 @ site 1 (DESKTOP-D75BQTV @ 212.212.212.212) (Contest Id: RealDeal--1957769244132597914)
231209 110446.772|INFO|Thread-65299|dumpPacket|    To: SERVER0 @ site 0
231209 110446.772|INFO|Thread-65299|dumpPacket|   key: CLARIFICATION is: edu.csus.ecs.pc2.core.model.Clarification Clarification 6 ANSWERED from TEAM117 @ site 1 at 20 id=Clarification-7620427522712153602
231209 110446.772|INFO|Thread-65299|dumpPacket|   key: CLARIFICATION_ANSWER is: java.lang.String There may be.
231209 110446.772|INFO|Thread-65299|dumpPacket|   key: CLIENT_ID is: edu.csus.ecs.pc2.core.model.ClientId ADMINISTRATOR1 @ site 1
231209 110446.772|INFO|Thread-65299|info|handlePacket start Packet[CLARIFICATION_ANSWER_UPDATE] #4608 SERVER0 @ site 1 -> SERVER0 @ site 0
231209 110446.772|INFO|Thread-65299|dumpPacket|Packet CLARIFICATION_ANSWER_UPDATE (Seq #4608, o#4608 ) handlePacket
231209 110446.772|INFO|Thread-65299|dumpPacket|  From: SERVER0 @ site 1, oSERVER0 @ site 1 (DESKTOP-D75BQTV @ 212.212.212.212) (Contest Id: RealDeal--1957769244132597914)
231209 110446.772|INFO|Thread-65299|dumpPacket|    To: SERVER0 @ site 0
231209 110446.772|INFO|Thread-65299|dumpPacket|   key: CLARIFICATION is: edu.csus.ecs.pc2.core.model.Clarification Clarification 6 ANSWERED from TEAM117 @ site 1 at 20 id=Clarification-7620427522712153602
231209 110446.773|INFO|Thread-65299|dumpPacket|   key: CLARIFICATION_ANSWER is: java.lang.String There may be.
231209 110446.773|INFO|Thread-65299|dumpPacket|   key: CLIENT_ID is: edu.csus.ecs.pc2.core.model.ClientId ADMINISTRATOR1 @ site 1
231209 110446.773|INFO|Thread-65299|info| receiveObject(S) end   got Packet[CLARIFICATION_ANSWER_UPDATE] #4608 SERVER0 @ site 1 -> SERVER0 @ site 0
231209 110645.421|INFO|Thread-65424|info| receiveObject(S) start got Packet[UPDATE_SETTING] #4698 SERVER0 @ site 1 -> SERVER0 @ site 0
231209 110645.421|INFO|Thread-65424|dumpPacket|Packet UPDATE_SETTING (Seq #4698, o#139 ) recieveObject
231209 110645.421|INFO|Thread-65424|dumpPacket|  From: SERVER0 @ site 1, oADMINISTRATOR1 @ site 1 (DESKTOP-D75BQTV @ 212.212.212.212) (Contest Id: RealDeal--1957769244132597914)
231209 110645.421|INFO|Thread-65424|dumpPacket|    To: SERVER0 @ site 0
231209 110645.421|INFO|Thread-65424|dumpPacket|   key: PROBLEM is: edu.csus.ecs.pc2.core.model.Problem Shuffle
231209 110645.421|INFO|Thread-65424|info|handlePacket start Packet[UPDATE_SETTING] #4698 SERVER0 @ site 1 -> SERVER0 @ site 0
231209 110645.421|INFO|Thread-65424|dumpPacket|Packet UPDATE_SETTING (Seq #4698, o#139 ) handlePacket
231209 110645.421|INFO|Thread-65424|dumpPacket|  From: SERVER0 @ site 1, oADMINISTRATOR1 @ site 1 (DESKTOP-D75BQTV @ 212.212.212.212) (Contest Id: RealDeal--1957769244132597914)
231209 110645.421|INFO|Thread-65424|dumpPacket|    To: SERVER0 @ site 0
231209 110645.421|INFO|Thread-65424|dumpPacket|   key: PROBLEM is: edu.csus.ecs.pc2.core.model.Problem Shuffle
231209 110645.421|INFO|Thread-65424|info|handlePacket end Packet[UPDATE_SETTING] #4698 SERVER0 @ site 1 -> SERVER0 @ site 0
231209 110645.421|INFO|Thread-65424|info| receiveObject(S) end   got Packet[UPDATE_SETTING] #4698 SERVER0 @ site 1 -> SERVER0 @ site 0
231209 111217.142|INFO|qtp135640095-65024|sendToLocalServer|Sending packet to server Packet[RUN_SUBMISSION] #891 TEAM52 @ site 1 -> SERVER0 @ site 1
231209 111217.142|INFO|qtp135640095-65024|sendToLocalServer|Sent    packet to server Packet[RUN_SUBMISSION] #891 TEAM52 @ site 1 -> SERVER0 @ site 1
231209 111217.238|INFO|Thread-65544|info| receiveObject(S) start got Packet[RUN_SUBMISSION_CONFIRM] #4890 SERVER0 @ site 1 -> TEAM52 @ site 1
231209 111217.238|INFO|Thread-65544|dumpPacket|Packet RUN_SUBMISSION_CONFIRM (Seq #4890, o#4890 ) recieveObject
231209 111217.238|INFO|Thread-65544|dumpPacket|  From: SERVER0 @ site 1, oSERVER0 @ site 1 (DESKTOP-D75BQTV @ 212.212.212.212) (Contest Id: RealDeal--1957769244132597914)
231209 111217.238|INFO|Thread-65544|dumpPacket|    To: TEAM52 @ site 1
231209 111217.238|INFO|Thread-65544|dumpPacket|   key: RUN is: edu.csus.ecs.pc2.core.model.Run Run 133 NEW 28 min 1716422ms from TEAM52 @ site 1 id Run-8069447444479699425 problem Christmas_Tree-5302221062533417021 lang Java--8800253324652192008
231209 111217.238|INFO|Thread-65544|info|handlePacket start Packet[RUN_SUBMISSION_CONFIRM] #4890 SERVER0 @ site 1 -> TEAM52 @ site 1
231209 111217.238|INFO|Thread-65544|dumpPacket|Packet RUN_SUBMISSION_CONFIRM (Seq #4890, o#4890 ) handlePacket
231209 111217.238|INFO|Thread-65544|dumpPacket|  From: SERVER0 @ site 1, oSERVER0 @ site 1 (DESKTOP-D75BQTV @ 212.212.212.212) (Contest Id: RealDeal--1957769244132597914)
231209 111217.238|INFO|Thread-65544|dumpPacket|    To: TEAM52 @ site 1
231209 111217.238|INFO|Thread-65544|dumpPacket|   key: RUN is: edu.csus.ecs.pc2.core.model.Run Run 133 NEW 28 min 1716422ms from TEAM52 @ site 1 id Run-8069447444479699425 problem Christmas_Tree-5302221062533417021 lang Java--8800253324652192008
231209 111217.238|INFO|Thread-65544|info| receiveObject(S) end   got Packet[RUN_SUBMISSION_CONFIRM] #4890 SERVER0 @ site 1 -> TEAM52 @ site 1
