221210 095613.705|CONFIG|qtp996796369-15181|setFileHandlers|Now logging to C:\Users\18328\Desktop\pc2\WebTeamInterface-1.1\logs directory.
221210 095613.705|INFO|qtp996796369-15181|info|
221210 095613.705|INFO|qtp996796369-15181|info|Version 9 () Java ver 18.0.2.1 build  Windows 11 10.0 (amd64) 
221210 095613.705|INFO|qtp996796369-15181|info|Login: team26 (aka team26)
221210 095613.705|INFO|qtp996796369-15181|startLog|Working directory is C:\Users\18328\Desktop\pc2\WebTeamInterface-1.1
221210 095613.705|INFO|qtp996796369-15181|startLog|Process id is 20708@DESKTOP-D75BQTV
221210 095613.706|INFO|qtp996796369-15181|info|Contacting server at 212.212.212.212:50002 as TEAM26 @ site 0
221210 095613.706|INFO|qtp996796369-15181|info|sendLoginRequest start - sending from TEAM26 @ site 0
221210 095613.706|INFO|qtp996796369-15181|sendToLocalServer|Sending packet to server Packet[LOGIN_REQUEST] #293 TEAM26 @ site 0 -> SERVER0 @ site 0
221210 095613.706|INFO|qtp996796369-15181|sendToLocalServer|Sent    packet to server Packet[LOGIN_REQUEST] #293 TEAM26 @ site 0 -> SERVER0 @ site 0
221210 095613.706|INFO|qtp996796369-15181|info|sendLoginRequest end - packet sent.
221210 095613.706|INFO|Thread-16311|run|send(Serializable)
221210 095613.711|INFO|Thread-16310|receive|public void receive(SealedObject TransportPacket, ConnectionHandlerID connectionHandlerID)
221210 095613.714|INFO|Thread-16312|info| receiveObject(S) start got Packet[LOGIN_SUCCESS] #1691 SERVER0 @ site 1 -> TEAM26 @ site 1
221210 095613.714|INFO|Thread-16312|dumpPacket|Packet LOGIN_SUCCESS (Seq #1691, o#1691 ) recieveObject
221210 095613.714|INFO|Thread-16312|dumpPacket|  From: SERVER0 @ site 1, oSERVER0 @ site 1 (DESKTOP-D75BQTV @ 212.212.212.212) (Contest Id: DryRun--5544400451244233091)
221210 095613.714|INFO|Thread-16312|dumpPacket|    To: TEAM26 @ site 1
221210 095613.714|INFO|Thread-16312|dumpPacket|   key: PROFILE_LIST is: [Ledu.csus.ecs.pc2.core.model.Profile; [Ledu.csus.ecs.pc2.core.model.Profile;@43ced753
221210 095613.714|INFO|Thread-16312|dumpPacket|   key: GENERAL_PROBLEM is: edu.csus.ecs.pc2.core.model.Problem General
221210 095613.714|INFO|Thread-16312|dumpPacket|   key: CLIENT_SETTINGS_LIST is: [Ledu.csus.ecs.pc2.core.model.ClientSettings; [Ledu.csus.ecs.pc2.core.model.ClientSettings;@4d09215a
221210 095613.714|INFO|Thread-16312|dumpPacket|   key: CONTEST_TIME is: edu.csus.ecs.pc2.core.model.ContestTime edu.csus.ecs.pc2.core.model.ContestTime@4936bc23
221210 095613.714|INFO|Thread-16312|dumpPacket|   key: CLARIFICATION_LIST is: [Ledu.csus.ecs.pc2.core.model.Clarification; [Ledu.csus.ecs.pc2.core.model.Clarification;@c342b61
221210 095613.714|INFO|Thread-16312|dumpPacket|   key: CATEGORY_LIST is: [Ledu.csus.ecs.pc2.core.model.Category; [Ledu.csus.ecs.pc2.core.model.Category;@397501fb
221210 095613.714|INFO|Thread-16312|dumpPacket|   key: LANGUAGE_LIST is: [Ledu.csus.ecs.pc2.core.model.Language; [Ledu.csus.ecs.pc2.core.model.Language;@3df2e47e
221210 095613.714|INFO|Thread-16312|dumpPacket|   key: REMOTE_LOGGED_IN_USERS is: [Ledu.csus.ecs.pc2.core.model.ClientId; [Ledu.csus.ecs.pc2.core.model.ClientId;@41599047
221210 095613.714|INFO|Thread-16312|dumpPacket|   key: CONTEST_TIME_LIST is: [Ledu.csus.ecs.pc2.core.model.ContestTime; [Ledu.csus.ecs.pc2.core.model.ContestTime;@6c1bd42e
221210 095613.714|INFO|Thread-16312|dumpPacket|   key: CONNECTION_HANDLE_ID_LIST is: [Ledu.csus.ecs.pc2.core.transport.ConnectionHandlerID; [Ledu.csus.ecs.pc2.core.transport.ConnectionHandlerID;@7d707a8f
221210 095613.714|INFO|Thread-16312|dumpPacket|   key: PROFILE is: edu.csus.ecs.pc2.core.model.Profile DryRun--5544400451244233091
221210 095613.714|INFO|Thread-16312|dumpPacket|   key: CLIENT_ID is: edu.csus.ecs.pc2.core.model.ClientId TEAM26 @ site 1
221210 095613.714|INFO|Thread-16312|dumpPacket|   key: SITE_NUMBER is: java.lang.Integer 1
221210 095613.714|INFO|Thread-16312|dumpPacket|   key: CONTEST_INFORMATION is: edu.csus.ecs.pc2.core.model.ContestInformation edu.csus.ecs.pc2.core.model.ContestInformation@570bb04b
221210 095613.714|INFO|Thread-16312|dumpPacket|   key: SITE_LIST is: [Ledu.csus.ecs.pc2.core.model.Site; [Ledu.csus.ecs.pc2.core.model.Site;@5a5dd945
221210 095613.714|INFO|Thread-16312|dumpPacket|   key: PROBLEM_DATA_FILES is: [Ledu.csus.ecs.pc2.core.model.ProblemDataFiles; [Ledu.csus.ecs.pc2.core.model.ProblemDataFiles;@6855cc84
221210 095613.714|INFO|Thread-16312|dumpPacket|   key: JUDGEMENT_LIST is: [Ledu.csus.ecs.pc2.core.model.Judgement; [Ledu.csus.ecs.pc2.core.model.Judgement;@160f7703
221210 095613.714|INFO|Thread-16312|dumpPacket|   key: PROBLEM_LIST is: [Ledu.csus.ecs.pc2.core.model.Problem; [Ledu.csus.ecs.pc2.core.model.Problem;@1c0c1461
221210 095613.714|INFO|Thread-16312|dumpPacket|   key: GROUP_LIST is: [Ledu.csus.ecs.pc2.core.model.Group; [Ledu.csus.ecs.pc2.core.model.Group;@282f6154
221210 095613.714|INFO|Thread-16312|dumpPacket|   key: LOCAL_LOGGED_IN_USERS is: [Ledu.csus.ecs.pc2.core.model.ClientId; [Ledu.csus.ecs.pc2.core.model.ClientId;@6e58b939
221210 095613.714|INFO|Thread-16312|dumpPacket|   key: SERVER_CLOCK_OFFSET is: java.util.GregorianCalendar java.util.GregorianCalendar[time=1670687773708,areFieldsSet=true,areAllFieldsSet=false,lenient=true,zone=sun.util.calendar.ZoneInfo[id="GMT",offset=0,dstSavings=0,useDaylight=false,transitions=0,lastRule=null],firstDayOfWeek=1,minimalDaysInFirstWeek=1,ERA=1,YEAR=2022,MONTH=11,WEEK_OF_YEAR=50,WEEK_OF_MONTH=2,DAY_OF_MONTH=10,DAY_OF_YEAR=344,DAY_OF_WEEK=7,DAY_OF_WEEK_IN_MONTH=2,AM_PM=1,HOUR=3,HOUR_OF_DAY=15,MINUTE=56,SECOND=13,MILLISECOND=708,ZONE_OFFSET=0,DST_OFFSET=0]
221210 095613.714|INFO|Thread-16312|dumpPacket|   key: CONTEST_IDENTIFIER is: java.lang.String DryRun--5544400451244233091
221210 095613.714|INFO|Thread-16312|dumpPacket|   key: BALLOON_SETTINGS_LIST is: [Ledu.csus.ecs.pc2.core.model.BalloonSettings; [Ledu.csus.ecs.pc2.core.model.BalloonSettings;@3826c9e
221210 095613.714|INFO|Thread-16312|dumpPacket|   key: RUN_LIST is: [Ledu.csus.ecs.pc2.core.model.Run; [Ledu.csus.ecs.pc2.core.model.Run;@7fd1df93
221210 095613.714|INFO|Thread-16312|dumpPacket|   key: ACCOUNT_ARRAY is: [Ledu.csus.ecs.pc2.core.model.Account; [Ledu.csus.ecs.pc2.core.model.Account;@2ca724fc
221210 095613.714|INFO|Thread-16312|info|handlePacket start Packet[LOGIN_SUCCESS] #1691 SERVER0 @ site 1 -> TEAM26 @ site 1
221210 095613.714|INFO|Thread-16312|dumpPacket|Packet LOGIN_SUCCESS (Seq #1691, o#1691 ) handlePacket
221210 095613.714|INFO|Thread-16312|dumpPacket|  From: SERVER0 @ site 1, oSERVER0 @ site 1 (DESKTOP-D75BQTV @ 212.212.212.212) (Contest Id: DryRun--5544400451244233091)
221210 095613.714|INFO|Thread-16312|dumpPacket|    To: TEAM26 @ site 1
221210 095613.714|INFO|Thread-16312|dumpPacket|   key: PROFILE_LIST is: [Ledu.csus.ecs.pc2.core.model.Profile; [Ledu.csus.ecs.pc2.core.model.Profile;@43ced753
221210 095613.714|INFO|Thread-16312|dumpPacket|   key: GENERAL_PROBLEM is: edu.csus.ecs.pc2.core.model.Problem General
221210 095613.714|INFO|Thread-16312|dumpPacket|   key: CLIENT_SETTINGS_LIST is: [Ledu.csus.ecs.pc2.core.model.ClientSettings; [Ledu.csus.ecs.pc2.core.model.ClientSettings;@4d09215a
221210 095613.714|INFO|Thread-16312|dumpPacket|   key: CONTEST_TIME is: edu.csus.ecs.pc2.core.model.ContestTime edu.csus.ecs.pc2.core.model.ContestTime@4936bc23
221210 095613.714|INFO|Thread-16312|dumpPacket|   key: CLARIFICATION_LIST is: [Ledu.csus.ecs.pc2.core.model.Clarification; [Ledu.csus.ecs.pc2.core.model.Clarification;@c342b61
221210 095613.714|INFO|Thread-16312|dumpPacket|   key: CATEGORY_LIST is: [Ledu.csus.ecs.pc2.core.model.Category; [Ledu.csus.ecs.pc2.core.model.Category;@397501fb
221210 095613.714|INFO|Thread-16312|dumpPacket|   key: LANGUAGE_LIST is: [Ledu.csus.ecs.pc2.core.model.Language; [Ledu.csus.ecs.pc2.core.model.Language;@3df2e47e
221210 095613.714|INFO|Thread-16312|dumpPacket|   key: REMOTE_LOGGED_IN_USERS is: [Ledu.csus.ecs.pc2.core.model.ClientId; [Ledu.csus.ecs.pc2.core.model.ClientId;@41599047
221210 095613.714|INFO|Thread-16312|dumpPacket|   key: CONTEST_TIME_LIST is: [Ledu.csus.ecs.pc2.core.model.ContestTime; [Ledu.csus.ecs.pc2.core.model.ContestTime;@6c1bd42e
221210 095613.714|INFO|Thread-16312|dumpPacket|   key: CONNECTION_HANDLE_ID_LIST is: [Ledu.csus.ecs.pc2.core.transport.ConnectionHandlerID; [Ledu.csus.ecs.pc2.core.transport.ConnectionHandlerID;@7d707a8f
221210 095613.714|INFO|Thread-16312|dumpPacket|   key: PROFILE is: edu.csus.ecs.pc2.core.model.Profile DryRun--5544400451244233091
221210 095613.714|INFO|Thread-16312|dumpPacket|   key: CLIENT_ID is: edu.csus.ecs.pc2.core.model.ClientId TEAM26 @ site 1
221210 095613.714|INFO|Thread-16312|dumpPacket|   key: SITE_NUMBER is: java.lang.Integer 1
221210 095613.714|INFO|Thread-16312|dumpPacket|   key: CONTEST_INFORMATION is: edu.csus.ecs.pc2.core.model.ContestInformation edu.csus.ecs.pc2.core.model.ContestInformation@570bb04b
221210 095613.714|INFO|Thread-16312|dumpPacket|   key: SITE_LIST is: [Ledu.csus.ecs.pc2.core.model.Site; [Ledu.csus.ecs.pc2.core.model.Site;@5a5dd945
221210 095613.714|INFO|Thread-16312|dumpPacket|   key: PROBLEM_DATA_FILES is: [Ledu.csus.ecs.pc2.core.model.ProblemDataFiles; [Ledu.csus.ecs.pc2.core.model.ProblemDataFiles;@6855cc84
221210 095613.714|INFO|Thread-16312|dumpPacket|   key: JUDGEMENT_LIST is: [Ledu.csus.ecs.pc2.core.model.Judgement; [Ledu.csus.ecs.pc2.core.model.Judgement;@160f7703
221210 095613.714|INFO|Thread-16312|dumpPacket|   key: PROBLEM_LIST is: [Ledu.csus.ecs.pc2.core.model.Problem; [Ledu.csus.ecs.pc2.core.model.Problem;@1c0c1461
221210 095613.714|INFO|Thread-16312|dumpPacket|   key: GROUP_LIST is: [Ledu.csus.ecs.pc2.core.model.Group; [Ledu.csus.ecs.pc2.core.model.Group;@282f6154
221210 095613.714|INFO|Thread-16312|dumpPacket|   key: LOCAL_LOGGED_IN_USERS is: [Ledu.csus.ecs.pc2.core.model.ClientId; [Ledu.csus.ecs.pc2.core.model.ClientId;@6e58b939
221210 095613.714|INFO|Thread-16312|dumpPacket|   key: SERVER_CLOCK_OFFSET is: java.util.GregorianCalendar java.util.GregorianCalendar[time=1670687773708,areFieldsSet=true,areAllFieldsSet=false,lenient=true,zone=sun.util.calendar.ZoneInfo[id="GMT",offset=0,dstSavings=0,useDaylight=false,transitions=0,lastRule=null],firstDayOfWeek=1,minimalDaysInFirstWeek=1,ERA=1,YEAR=2022,MONTH=11,WEEK_OF_YEAR=50,WEEK_OF_MONTH=2,DAY_OF_MONTH=10,DAY_OF_YEAR=344,DAY_OF_WEEK=7,DAY_OF_WEEK_IN_MONTH=2,AM_PM=1,HOUR=3,HOUR_OF_DAY=15,MINUTE=56,SECOND=13,MILLISECOND=708,ZONE_OFFSET=0,DST_OFFSET=0]
221210 095613.714|INFO|Thread-16312|dumpPacket|   key: CONTEST_IDENTIFIER is: java.lang.String DryRun--5544400451244233091
221210 095613.714|INFO|Thread-16312|dumpPacket|   key: BALLOON_SETTINGS_LIST is: [Ledu.csus.ecs.pc2.core.model.BalloonSettings; [Ledu.csus.ecs.pc2.core.model.BalloonSettings;@3826c9e
221210 095613.715|INFO|Thread-16312|dumpPacket|   key: RUN_LIST is: [Ledu.csus.ecs.pc2.core.model.Run; [Ledu.csus.ecs.pc2.core.model.Run;@7fd1df93
221210 095613.715|INFO|Thread-16312|dumpPacket|   key: ACCOUNT_ARRAY is: [Ledu.csus.ecs.pc2.core.model.Account; [Ledu.csus.ecs.pc2.core.model.Account;@2ca724fc
230921 151600.093|CONFIG|qtp18242360-27|setFileHandlers|Now logging to C:\Users\18328\Desktop\pc2\WebTeamInterface-1.1\logs directory.
230921 151600.093|INFO|qtp18242360-27|info|
230921 151600.093|INFO|qtp18242360-27|info|Version 9 () Java ver 18.0.2.1 build  Windows 11 10.0 (amd64) 
230921 151600.093|INFO|qtp18242360-27|info|Login: 26 (aka team26)
230921 151600.093|INFO|qtp18242360-27|startLog|Working directory is C:\Users\18328\Desktop\pc2\WebTeamInterface-1.1
230921 151600.093|INFO|qtp18242360-27|startLog|Process id is 1544@DESKTOP-D75BQTV
230921 151600.093|INFO|qtp18242360-27|info|Contacting server at localhost:50002 as TEAM26 @ site 0
230921 151600.093|INFO|qtp18242360-27|info|sendLoginRequest start - sending from TEAM26 @ site 0
230921 151600.093|INFO|qtp18242360-27|sendToLocalServer|Sending packet to server Packet[LOGIN_REQUEST] #40 TEAM26 @ site 0 -> SERVER0 @ site 0
230921 151600.093|INFO|qtp18242360-27|sendToLocalServer|Sent    packet to server Packet[LOGIN_REQUEST] #40 TEAM26 @ site 0 -> SERVER0 @ site 0
230921 151600.093|INFO|qtp18242360-27|info|sendLoginRequest end - packet sent.
230921 151600.093|INFO|Thread-182|run|send(Serializable)
230921 151600.113|INFO|Thread-181|receive|public void receive(SealedObject TransportPacket, ConnectionHandlerID connectionHandlerID)
230921 151600.120|INFO|Thread-183|info| receiveObject(S) start got Packet[LOGIN_SUCCESS] #134 SERVER0 @ site 1 -> TEAM26 @ site 1
230921 151600.120|INFO|Thread-183|dumpPacket|Packet LOGIN_SUCCESS (Seq #134, o#134 ) recieveObject
230921 151600.120|INFO|Thread-183|dumpPacket|  From: SERVER0 @ site 1, oSERVER0 @ site 1 (DESKTOP-D75BQTV @ 192.168.1.8) (Contest Id: Test2Novice-8167312297676738178)
230921 151600.120|INFO|Thread-183|dumpPacket|    To: TEAM26 @ site 1
230921 151600.120|INFO|Thread-183|dumpPacket|   key: PROFILE_LIST is: [Ledu.csus.ecs.pc2.core.model.Profile; [Ledu.csus.ecs.pc2.core.model.Profile;@16ffe5e5
230921 151600.120|INFO|Thread-183|dumpPacket|   key: GENERAL_PROBLEM is: edu.csus.ecs.pc2.core.model.Problem General
230921 151600.120|INFO|Thread-183|dumpPacket|   key: CLIENT_SETTINGS_LIST is: [Ledu.csus.ecs.pc2.core.model.ClientSettings; [Ledu.csus.ecs.pc2.core.model.ClientSettings;@1838094a
230921 151600.120|INFO|Thread-183|dumpPacket|   key: CONTEST_TIME is: edu.csus.ecs.pc2.core.model.ContestTime edu.csus.ecs.pc2.core.model.ContestTime@1c078e95
230921 151600.120|INFO|Thread-183|dumpPacket|   key: CLARIFICATION_LIST is: [Ledu.csus.ecs.pc2.core.model.Clarification; [Ledu.csus.ecs.pc2.core.model.Clarification;@59050371
230921 151600.120|INFO|Thread-183|dumpPacket|   key: CATEGORY_LIST is: [Ledu.csus.ecs.pc2.core.model.Category; [Ledu.csus.ecs.pc2.core.model.Category;@30bc1579
230921 151600.120|INFO|Thread-183|dumpPacket|   key: LANGUAGE_LIST is: [Ledu.csus.ecs.pc2.core.model.Language; [Ledu.csus.ecs.pc2.core.model.Language;@6816387d
230921 151600.120|INFO|Thread-183|dumpPacket|   key: REMOTE_LOGGED_IN_USERS is: [Ledu.csus.ecs.pc2.core.model.ClientId; [Ledu.csus.ecs.pc2.core.model.ClientId;@484570cc
230921 151600.120|INFO|Thread-183|dumpPacket|   key: CONTEST_TIME_LIST is: [Ledu.csus.ecs.pc2.core.model.ContestTime; [Ledu.csus.ecs.pc2.core.model.ContestTime;@392afc3e
230921 151600.120|INFO|Thread-183|dumpPacket|   key: CONNECTION_HANDLE_ID_LIST is: [Ledu.csus.ecs.pc2.core.transport.ConnectionHandlerID; [Ledu.csus.ecs.pc2.core.transport.ConnectionHandlerID;@69ed21bf
230921 151600.120|INFO|Thread-183|dumpPacket|   key: PROFILE is: edu.csus.ecs.pc2.core.model.Profile Test2Novice-8167312297676738178
230921 151600.120|INFO|Thread-183|dumpPacket|   key: CLIENT_ID is: edu.csus.ecs.pc2.core.model.ClientId TEAM26 @ site 1
230921 151600.120|INFO|Thread-183|dumpPacket|   key: SITE_NUMBER is: java.lang.Integer 1
230921 151600.120|INFO|Thread-183|dumpPacket|   key: CONTEST_INFORMATION is: edu.csus.ecs.pc2.core.model.ContestInformation edu.csus.ecs.pc2.core.model.ContestInformation@3061292f
230921 151600.120|INFO|Thread-183|dumpPacket|   key: SITE_LIST is: [Ledu.csus.ecs.pc2.core.model.Site; [Ledu.csus.ecs.pc2.core.model.Site;@5341fcff
230921 151600.120|INFO|Thread-183|dumpPacket|   key: PROBLEM_DATA_FILES is: [Ledu.csus.ecs.pc2.core.model.ProblemDataFiles; [Ledu.csus.ecs.pc2.core.model.ProblemDataFiles;@3d6421a5
230921 151600.120|INFO|Thread-183|dumpPacket|   key: JUDGEMENT_LIST is: [Ledu.csus.ecs.pc2.core.model.Judgement; [Ledu.csus.ecs.pc2.core.model.Judgement;@3d841f6f
230921 151600.120|INFO|Thread-183|dumpPacket|   key: PROBLEM_LIST is: [Ledu.csus.ecs.pc2.core.model.Problem; [Ledu.csus.ecs.pc2.core.model.Problem;@49561a1
230921 151600.120|INFO|Thread-183|dumpPacket|   key: GROUP_LIST is: [Ledu.csus.ecs.pc2.core.model.Group; [Ledu.csus.ecs.pc2.core.model.Group;@58efc3c8
230921 151600.120|INFO|Thread-183|dumpPacket|   key: LOCAL_LOGGED_IN_USERS is: [Ledu.csus.ecs.pc2.core.model.ClientId; [Ledu.csus.ecs.pc2.core.model.ClientId;@449ab879
230921 151600.120|INFO|Thread-183|dumpPacket|   key: SERVER_CLOCK_OFFSET is: java.util.GregorianCalendar java.util.GregorianCalendar[time=1695327360108,areFieldsSet=true,areAllFieldsSet=false,lenient=true,zone=sun.util.calendar.ZoneInfo[id="GMT",offset=0,dstSavings=0,useDaylight=false,transitions=0,lastRule=null],firstDayOfWeek=1,minimalDaysInFirstWeek=1,ERA=1,YEAR=2023,MONTH=8,WEEK_OF_YEAR=38,WEEK_OF_MONTH=4,DAY_OF_MONTH=21,DAY_OF_YEAR=264,DAY_OF_WEEK=5,DAY_OF_WEEK_IN_MONTH=3,AM_PM=1,HOUR=8,HOUR_OF_DAY=20,MINUTE=16,SECOND=0,MILLISECOND=108,ZONE_OFFSET=0,DST_OFFSET=0]
230921 151600.120|INFO|Thread-183|dumpPacket|   key: CONTEST_IDENTIFIER is: java.lang.String Test2Novice-8167312297676738178
230921 151600.120|INFO|Thread-183|dumpPacket|   key: BALLOON_SETTINGS_LIST is: [Ledu.csus.ecs.pc2.core.model.BalloonSettings; [Ledu.csus.ecs.pc2.core.model.BalloonSettings;@59f8b8e2
230921 151600.120|INFO|Thread-183|dumpPacket|   key: RUN_LIST is: [Ledu.csus.ecs.pc2.core.model.Run; [Ledu.csus.ecs.pc2.core.model.Run;@76cf5215
230921 151600.120|INFO|Thread-183|dumpPacket|   key: ACCOUNT_ARRAY is: [Ledu.csus.ecs.pc2.core.model.Account; [Ledu.csus.ecs.pc2.core.model.Account;@50982e87
230921 151600.120|INFO|Thread-183|info|handlePacket start Packet[LOGIN_SUCCESS] #134 SERVER0 @ site 1 -> TEAM26 @ site 1
230921 151600.120|INFO|Thread-183|dumpPacket|Packet LOGIN_SUCCESS (Seq #134, o#134 ) handlePacket
230921 151600.120|INFO|Thread-183|dumpPacket|  From: SERVER0 @ site 1, oSERVER0 @ site 1 (DESKTOP-D75BQTV @ 192.168.1.8) (Contest Id: Test2Novice-8167312297676738178)
230921 151600.120|INFO|Thread-183|dumpPacket|    To: TEAM26 @ site 1
230921 151600.120|INFO|Thread-183|dumpPacket|   key: PROFILE_LIST is: [Ledu.csus.ecs.pc2.core.model.Profile; [Ledu.csus.ecs.pc2.core.model.Profile;@16ffe5e5
230921 151600.120|INFO|Thread-183|dumpPacket|   key: GENERAL_PROBLEM is: edu.csus.ecs.pc2.core.model.Problem General
230921 151600.120|INFO|Thread-183|dumpPacket|   key: CLIENT_SETTINGS_LIST is: [Ledu.csus.ecs.pc2.core.model.ClientSettings; [Ledu.csus.ecs.pc2.core.model.ClientSettings;@1838094a
230921 151600.120|INFO|Thread-183|dumpPacket|   key: CONTEST_TIME is: edu.csus.ecs.pc2.core.model.ContestTime edu.csus.ecs.pc2.core.model.ContestTime@1c078e95
230921 151600.120|INFO|Thread-183|dumpPacket|   key: CLARIFICATION_LIST is: [Ledu.csus.ecs.pc2.core.model.Clarification; [Ledu.csus.ecs.pc2.core.model.Clarification;@59050371
230921 151600.120|INFO|Thread-183|dumpPacket|   key: CATEGORY_LIST is: [Ledu.csus.ecs.pc2.core.model.Category; [Ledu.csus.ecs.pc2.core.model.Category;@30bc1579
230921 151600.120|INFO|Thread-183|dumpPacket|   key: LANGUAGE_LIST is: [Ledu.csus.ecs.pc2.core.model.Language; [Ledu.csus.ecs.pc2.core.model.Language;@6816387d
230921 151600.120|INFO|Thread-183|dumpPacket|   key: REMOTE_LOGGED_IN_USERS is: [Ledu.csus.ecs.pc2.core.model.ClientId; [Ledu.csus.ecs.pc2.core.model.ClientId;@484570cc
230921 151600.120|INFO|Thread-183|dumpPacket|   key: CONTEST_TIME_LIST is: [Ledu.csus.ecs.pc2.core.model.ContestTime; [Ledu.csus.ecs.pc2.core.model.ContestTime;@392afc3e
230921 151600.120|INFO|Thread-183|dumpPacket|   key: CONNECTION_HANDLE_ID_LIST is: [Ledu.csus.ecs.pc2.core.transport.ConnectionHandlerID; [Ledu.csus.ecs.pc2.core.transport.ConnectionHandlerID;@69ed21bf
230921 151600.120|INFO|Thread-183|dumpPacket|   key: PROFILE is: edu.csus.ecs.pc2.core.model.Profile Test2Novice-8167312297676738178
230921 151600.120|INFO|Thread-183|dumpPacket|   key: CLIENT_ID is: edu.csus.ecs.pc2.core.model.ClientId TEAM26 @ site 1
230921 151600.120|INFO|Thread-183|dumpPacket|   key: SITE_NUMBER is: java.lang.Integer 1
230921 151600.120|INFO|Thread-183|dumpPacket|   key: CONTEST_INFORMATION is: edu.csus.ecs.pc2.core.model.ContestInformation edu.csus.ecs.pc2.core.model.ContestInformation@3061292f
230921 151600.120|INFO|Thread-183|dumpPacket|   key: SITE_LIST is: [Ledu.csus.ecs.pc2.core.model.Site; [Ledu.csus.ecs.pc2.core.model.Site;@5341fcff
230921 151600.120|INFO|Thread-183|dumpPacket|   key: PROBLEM_DATA_FILES is: [Ledu.csus.ecs.pc2.core.model.ProblemDataFiles; [Ledu.csus.ecs.pc2.core.model.ProblemDataFiles;@3d6421a5
230921 151600.120|INFO|Thread-183|dumpPacket|   key: JUDGEMENT_LIST is: [Ledu.csus.ecs.pc2.core.model.Judgement; [Ledu.csus.ecs.pc2.core.model.Judgement;@3d841f6f
230921 151600.120|INFO|Thread-183|dumpPacket|   key: PROBLEM_LIST is: [Ledu.csus.ecs.pc2.core.model.Problem; [Ledu.csus.ecs.pc2.core.model.Problem;@49561a1
230921 151600.120|INFO|Thread-183|dumpPacket|   key: GROUP_LIST is: [Ledu.csus.ecs.pc2.core.model.Group; [Ledu.csus.ecs.pc2.core.model.Group;@58efc3c8
230921 151600.120|INFO|Thread-183|dumpPacket|   key: LOCAL_LOGGED_IN_USERS is: [Ledu.csus.ecs.pc2.core.model.ClientId; [Ledu.csus.ecs.pc2.core.model.ClientId;@449ab879
230921 151600.120|INFO|Thread-183|dumpPacket|   key: SERVER_CLOCK_OFFSET is: java.util.GregorianCalendar java.util.GregorianCalendar[time=1695327360108,areFieldsSet=true,areAllFieldsSet=false,lenient=true,zone=sun.util.calendar.ZoneInfo[id="GMT",offset=0,dstSavings=0,useDaylight=false,transitions=0,lastRule=null],firstDayOfWeek=1,minimalDaysInFirstWeek=1,ERA=1,YEAR=2023,MONTH=8,WEEK_OF_YEAR=38,WEEK_OF_MONTH=4,DAY_OF_MONTH=21,DAY_OF_YEAR=264,DAY_OF_WEEK=5,DAY_OF_WEEK_IN_MONTH=3,AM_PM=1,HOUR=8,HOUR_OF_DAY=20,MINUTE=16,SECOND=0,MILLISECOND=108,ZONE_OFFSET=0,DST_OFFSET=0]
230921 151600.120|INFO|Thread-183|dumpPacket|   key: CONTEST_IDENTIFIER is: java.lang.String Test2Novice-8167312297676738178
230921 151600.120|INFO|Thread-183|dumpPacket|   key: BALLOON_SETTINGS_LIST is: [Ledu.csus.ecs.pc2.core.model.BalloonSettings; [Ledu.csus.ecs.pc2.core.model.BalloonSettings;@59f8b8e2
230921 151600.120|INFO|Thread-183|dumpPacket|   key: RUN_LIST is: [Ledu.csus.ecs.pc2.core.model.Run; [Ledu.csus.ecs.pc2.core.model.Run;@76cf5215
230921 151600.120|INFO|Thread-183|dumpPacket|   key: ACCOUNT_ARRAY is: [Ledu.csus.ecs.pc2.core.model.Account; [Ledu.csus.ecs.pc2.core.model.Account;@50982e87
230921 154324.209|INFO|Thread-181|receive|public void receive(SealedObject TransportPacket, ConnectionHandlerID connectionHandlerID)
230921 155029.342|INFO|Thread-181|receive|public void receive(SealedObject TransportPacket, ConnectionHandlerID connectionHandlerID)
230921 155307.505|INFO|Thread-1103|run|send(Serializable)
230921 155307.537|INFO|Thread-181|receive|public void receive(SealedObject TransportPacket, ConnectionHandlerID connectionHandlerID)
230921 155319.249|INFO|Thread-181|connectionDropped|connectionDropped(ConnectionHandlerID myConnectionID) 
