221210 124904.751|CONFIG|qtp1613095350-177203|setFileHandlers|Now logging to C:\Users\18328\Desktop\pc2\WebTeamInterface-1.1\logs directory.
221210 124904.751|INFO|qtp1613095350-177203|info|
221210 124904.751|INFO|qtp1613095350-177203|info|Version 9 () Java ver 18.0.2.1 build  Windows 11 10.0 (amd64) 
221210 124904.751|INFO|qtp1613095350-177203|info|Login: team52 (aka team52)
221210 124904.752|INFO|qtp1613095350-177203|startLog|Working directory is C:\Users\18328\Desktop\pc2\WebTeamInterface-1.1
221210 124904.752|INFO|qtp1613095350-177203|startLog|Process id is 22344@DESKTOP-D75BQTV
221210 124904.752|INFO|qtp1613095350-177203|info|Contacting server at 212.212.212.212:50002 as TEAM52 @ site 0
221210 124904.752|INFO|qtp1613095350-177203|info|sendLoginRequest start - sending from TEAM52 @ site 0
221210 124904.752|INFO|qtp1613095350-177203|sendToLocalServer|Sending packet to server Packet[LOGIN_REQUEST] #973 TEAM52 @ site 0 -> SERVER0 @ site 0
221210 124904.752|INFO|qtp1613095350-177203|sendToLocalServer|Sent    packet to server Packet[LOGIN_REQUEST] #973 TEAM52 @ site 0 -> SERVER0 @ site 0
221210 124904.752|INFO|Thread-249271|run|send(Serializable)
221210 124904.752|INFO|qtp1613095350-177203|info|sendLoginRequest end - packet sent.
221210 124904.756|INFO|Thread-249270|receive|public void receive(SealedObject TransportPacket, ConnectionHandlerID connectionHandlerID)
221210 124904.759|INFO|Thread-249272|info| receiveObject(S) start got Packet[LOGIN_SUCCESS] #7648 SERVER0 @ site 1 -> TEAM52 @ site 1
221210 124904.759|INFO|Thread-249272|dumpPacket|Packet LOGIN_SUCCESS (Seq #7648, o#7648 ) recieveObject
221210 124904.759|INFO|Thread-249272|dumpPacket|  From: SERVER0 @ site 1, oSERVER0 @ site 1 (DESKTOP-D75BQTV @ 212.212.212.212) (Contest Id: Contest-4511288556462302159)
221210 124904.759|INFO|Thread-249272|dumpPacket|    To: TEAM52 @ site 1
221210 124904.759|INFO|Thread-249272|dumpPacket|   key: PROFILE_LIST is: [Ledu.csus.ecs.pc2.core.model.Profile; [Ledu.csus.ecs.pc2.core.model.Profile;@fba0066
221210 124904.759|INFO|Thread-249272|dumpPacket|   key: GENERAL_PROBLEM is: edu.csus.ecs.pc2.core.model.Problem General
221210 124904.759|INFO|Thread-249272|dumpPacket|   key: CLIENT_SETTINGS_LIST is: [Ledu.csus.ecs.pc2.core.model.ClientSettings; [Ledu.csus.ecs.pc2.core.model.ClientSettings;@17dffe1
221210 124904.759|INFO|Thread-249272|dumpPacket|   key: CONTEST_TIME is: edu.csus.ecs.pc2.core.model.ContestTime edu.csus.ecs.pc2.core.model.ContestTime@5426b16
221210 124904.759|INFO|Thread-249272|dumpPacket|   key: CLARIFICATION_LIST is: [Ledu.csus.ecs.pc2.core.model.Clarification; [Ledu.csus.ecs.pc2.core.model.Clarification;@4040f5da
221210 124904.759|INFO|Thread-249272|dumpPacket|   key: CATEGORY_LIST is: [Ledu.csus.ecs.pc2.core.model.Category; [Ledu.csus.ecs.pc2.core.model.Category;@1f266484
221210 124904.759|INFO|Thread-249272|dumpPacket|   key: LANGUAGE_LIST is: [Ledu.csus.ecs.pc2.core.model.Language; [Ledu.csus.ecs.pc2.core.model.Language;@71ca1276
221210 124904.759|INFO|Thread-249272|dumpPacket|   key: REMOTE_LOGGED_IN_USERS is: [Ledu.csus.ecs.pc2.core.model.ClientId; [Ledu.csus.ecs.pc2.core.model.ClientId;@6746dd82
221210 124904.759|INFO|Thread-249272|dumpPacket|   key: CONTEST_TIME_LIST is: [Ledu.csus.ecs.pc2.core.model.ContestTime; [Ledu.csus.ecs.pc2.core.model.ContestTime;@206f0a95
221210 124904.759|INFO|Thread-249272|dumpPacket|   key: CONNECTION_HANDLE_ID_LIST is: [Ledu.csus.ecs.pc2.core.transport.ConnectionHandlerID; [Ledu.csus.ecs.pc2.core.transport.ConnectionHandlerID;@c414858
221210 124904.759|INFO|Thread-249272|dumpPacket|   key: PROFILE is: edu.csus.ecs.pc2.core.model.Profile Contest-4511288556462302159
221210 124904.759|INFO|Thread-249272|dumpPacket|   key: CLIENT_ID is: edu.csus.ecs.pc2.core.model.ClientId TEAM52 @ site 1
221210 124904.759|INFO|Thread-249272|dumpPacket|   key: SITE_NUMBER is: java.lang.Integer 1
221210 124904.759|INFO|Thread-249272|dumpPacket|   key: CONTEST_INFORMATION is: edu.csus.ecs.pc2.core.model.ContestInformation edu.csus.ecs.pc2.core.model.ContestInformation@2d39b204
221210 124904.759|INFO|Thread-249272|dumpPacket|   key: SITE_LIST is: [Ledu.csus.ecs.pc2.core.model.Site; [Ledu.csus.ecs.pc2.core.model.Site;@7c42d0ec
221210 124904.759|INFO|Thread-249272|dumpPacket|   key: PROBLEM_DATA_FILES is: [Ledu.csus.ecs.pc2.core.model.ProblemDataFiles; [Ledu.csus.ecs.pc2.core.model.ProblemDataFiles;@24215653
221210 124904.759|INFO|Thread-249272|dumpPacket|   key: JUDGEMENT_LIST is: [Ledu.csus.ecs.pc2.core.model.Judgement; [Ledu.csus.ecs.pc2.core.model.Judgement;@2224c907
221210 124904.759|INFO|Thread-249272|dumpPacket|   key: PROBLEM_LIST is: [Ledu.csus.ecs.pc2.core.model.Problem; [Ledu.csus.ecs.pc2.core.model.Problem;@426de6d5
221210 124904.759|INFO|Thread-249272|dumpPacket|   key: GROUP_LIST is: [Ledu.csus.ecs.pc2.core.model.Group; [Ledu.csus.ecs.pc2.core.model.Group;@28429bc4
221210 124904.759|INFO|Thread-249272|dumpPacket|   key: LOCAL_LOGGED_IN_USERS is: [Ledu.csus.ecs.pc2.core.model.ClientId; [Ledu.csus.ecs.pc2.core.model.ClientId;@67fd351
221210 124904.759|INFO|Thread-249272|dumpPacket|   key: SERVER_CLOCK_OFFSET is: java.util.GregorianCalendar java.util.GregorianCalendar[time=1670698144753,areFieldsSet=true,areAllFieldsSet=false,lenient=true,zone=sun.util.calendar.ZoneInfo[id="GMT",offset=0,dstSavings=0,useDaylight=false,transitions=0,lastRule=null],firstDayOfWeek=1,minimalDaysInFirstWeek=1,ERA=1,YEAR=2022,MONTH=11,WEEK_OF_YEAR=50,WEEK_OF_MONTH=2,DAY_OF_MONTH=10,DAY_OF_YEAR=344,DAY_OF_WEEK=7,DAY_OF_WEEK_IN_MONTH=2,AM_PM=1,HOUR=6,HOUR_OF_DAY=18,MINUTE=49,SECOND=4,MILLISECOND=753,ZONE_OFFSET=0,DST_OFFSET=0]
221210 124904.759|INFO|Thread-249272|dumpPacket|   key: CONTEST_IDENTIFIER is: java.lang.String Contest-4511288556462302159
221210 124904.759|INFO|Thread-249272|dumpPacket|   key: BALLOON_SETTINGS_LIST is: [Ledu.csus.ecs.pc2.core.model.BalloonSettings; [Ledu.csus.ecs.pc2.core.model.BalloonSettings;@2974e68
221210 124904.759|INFO|Thread-249272|dumpPacket|   key: RUN_LIST is: [Ledu.csus.ecs.pc2.core.model.Run; [Ledu.csus.ecs.pc2.core.model.Run;@2fe14ba1
221210 124904.759|INFO|Thread-249272|dumpPacket|   key: ACCOUNT_ARRAY is: [Ledu.csus.ecs.pc2.core.model.Account; [Ledu.csus.ecs.pc2.core.model.Account;@13c17922
221210 124904.759|INFO|Thread-249272|info|handlePacket start Packet[LOGIN_SUCCESS] #7648 SERVER0 @ site 1 -> TEAM52 @ site 1
221210 124904.759|INFO|Thread-249272|dumpPacket|Packet LOGIN_SUCCESS (Seq #7648, o#7648 ) handlePacket
221210 124904.759|INFO|Thread-249272|dumpPacket|  From: SERVER0 @ site 1, oSERVER0 @ site 1 (DESKTOP-D75BQTV @ 212.212.212.212) (Contest Id: Contest-4511288556462302159)
221210 124904.759|INFO|Thread-249272|dumpPacket|    To: TEAM52 @ site 1
221210 124904.759|INFO|Thread-249272|dumpPacket|   key: PROFILE_LIST is: [Ledu.csus.ecs.pc2.core.model.Profile; [Ledu.csus.ecs.pc2.core.model.Profile;@fba0066
221210 124904.759|INFO|Thread-249272|dumpPacket|   key: GENERAL_PROBLEM is: edu.csus.ecs.pc2.core.model.Problem General
221210 124904.759|INFO|Thread-249272|dumpPacket|   key: CLIENT_SETTINGS_LIST is: [Ledu.csus.ecs.pc2.core.model.ClientSettings; [Ledu.csus.ecs.pc2.core.model.ClientSettings;@17dffe1
221210 124904.759|INFO|Thread-249272|dumpPacket|   key: CONTEST_TIME is: edu.csus.ecs.pc2.core.model.ContestTime edu.csus.ecs.pc2.core.model.ContestTime@5426b16
221210 124904.759|INFO|Thread-249272|dumpPacket|   key: CLARIFICATION_LIST is: [Ledu.csus.ecs.pc2.core.model.Clarification; [Ledu.csus.ecs.pc2.core.model.Clarification;@4040f5da
221210 124904.759|INFO|Thread-249272|dumpPacket|   key: CATEGORY_LIST is: [Ledu.csus.ecs.pc2.core.model.Category; [Ledu.csus.ecs.pc2.core.model.Category;@1f266484
221210 124904.759|INFO|Thread-249272|dumpPacket|   key: LANGUAGE_LIST is: [Ledu.csus.ecs.pc2.core.model.Language; [Ledu.csus.ecs.pc2.core.model.Language;@71ca1276
221210 124904.759|INFO|Thread-249272|dumpPacket|   key: REMOTE_LOGGED_IN_USERS is: [Ledu.csus.ecs.pc2.core.model.ClientId; [Ledu.csus.ecs.pc2.core.model.ClientId;@6746dd82
221210 124904.759|INFO|Thread-249272|dumpPacket|   key: CONTEST_TIME_LIST is: [Ledu.csus.ecs.pc2.core.model.ContestTime; [Ledu.csus.ecs.pc2.core.model.ContestTime;@206f0a95
221210 124904.759|INFO|Thread-249272|dumpPacket|   key: CONNECTION_HANDLE_ID_LIST is: [Ledu.csus.ecs.pc2.core.transport.ConnectionHandlerID; [Ledu.csus.ecs.pc2.core.transport.ConnectionHandlerID;@c414858
221210 124904.759|INFO|Thread-249272|dumpPacket|   key: PROFILE is: edu.csus.ecs.pc2.core.model.Profile Contest-4511288556462302159
221210 124904.759|INFO|Thread-249272|dumpPacket|   key: CLIENT_ID is: edu.csus.ecs.pc2.core.model.ClientId TEAM52 @ site 1
221210 124904.760|INFO|Thread-249272|dumpPacket|   key: SITE_NUMBER is: java.lang.Integer 1
221210 124904.760|INFO|Thread-249272|dumpPacket|   key: CONTEST_INFORMATION is: edu.csus.ecs.pc2.core.model.ContestInformation edu.csus.ecs.pc2.core.model.ContestInformation@2d39b204
221210 124904.760|INFO|Thread-249272|dumpPacket|   key: SITE_LIST is: [Ledu.csus.ecs.pc2.core.model.Site; [Ledu.csus.ecs.pc2.core.model.Site;@7c42d0ec
221210 124904.760|INFO|Thread-249272|dumpPacket|   key: PROBLEM_DATA_FILES is: [Ledu.csus.ecs.pc2.core.model.ProblemDataFiles; [Ledu.csus.ecs.pc2.core.model.ProblemDataFiles;@24215653
221210 124904.760|INFO|Thread-249272|dumpPacket|   key: JUDGEMENT_LIST is: [Ledu.csus.ecs.pc2.core.model.Judgement; [Ledu.csus.ecs.pc2.core.model.Judgement;@2224c907
221210 124904.760|INFO|Thread-249272|dumpPacket|   key: PROBLEM_LIST is: [Ledu.csus.ecs.pc2.core.model.Problem; [Ledu.csus.ecs.pc2.core.model.Problem;@426de6d5
221210 124904.760|INFO|Thread-249272|dumpPacket|   key: GROUP_LIST is: [Ledu.csus.ecs.pc2.core.model.Group; [Ledu.csus.ecs.pc2.core.model.Group;@28429bc4
221210 124904.760|INFO|Thread-249272|dumpPacket|   key: LOCAL_LOGGED_IN_USERS is: [Ledu.csus.ecs.pc2.core.model.ClientId; [Ledu.csus.ecs.pc2.core.model.ClientId;@67fd351
221210 124904.760|INFO|Thread-249272|dumpPacket|   key: SERVER_CLOCK_OFFSET is: java.util.GregorianCalendar java.util.GregorianCalendar[time=1670698144753,areFieldsSet=true,areAllFieldsSet=false,lenient=true,zone=sun.util.calendar.ZoneInfo[id="GMT",offset=0,dstSavings=0,useDaylight=false,transitions=0,lastRule=null],firstDayOfWeek=1,minimalDaysInFirstWeek=1,ERA=1,YEAR=2022,MONTH=11,WEEK_OF_YEAR=50,WEEK_OF_MONTH=2,DAY_OF_MONTH=10,DAY_OF_YEAR=344,DAY_OF_WEEK=7,DAY_OF_WEEK_IN_MONTH=2,AM_PM=1,HOUR=6,HOUR_OF_DAY=18,MINUTE=49,SECOND=4,MILLISECOND=753,ZONE_OFFSET=0,DST_OFFSET=0]
221210 124904.760|INFO|Thread-249272|dumpPacket|   key: CONTEST_IDENTIFIER is: java.lang.String Contest-4511288556462302159
221210 124904.760|INFO|Thread-249272|dumpPacket|   key: BALLOON_SETTINGS_LIST is: [Ledu.csus.ecs.pc2.core.model.BalloonSettings; [Ledu.csus.ecs.pc2.core.model.BalloonSettings;@2974e68
221210 124904.760|INFO|Thread-249272|dumpPacket|   key: RUN_LIST is: [Ledu.csus.ecs.pc2.core.model.Run; [Ledu.csus.ecs.pc2.core.model.Run;@2fe14ba1
221210 124904.760|INFO|Thread-249272|dumpPacket|   key: ACCOUNT_ARRAY is: [Ledu.csus.ecs.pc2.core.model.Account; [Ledu.csus.ecs.pc2.core.model.Account;@13c17922
221210 150258.318|INFO|Thread-249270|connectionDropped|connectionDropped(ConnectionHandlerID myConnectionID) 
231209 094911.400|CONFIG|qtp135640095-21300|setFileHandlers|Now logging to C:\Users\18328\Desktop\pc2\WebTeamInterface-1.1\logs directory.
231209 094911.400|INFO|qtp135640095-21300|info|
231209 094911.400|INFO|qtp135640095-21300|info|Version 9 () Java ver 18.0.2.1 build  Windows 11 10.0 (amd64) 
231209 094911.400|INFO|qtp135640095-21300|info|Login: team52 (aka team52)
231209 094911.400|INFO|qtp135640095-21300|startLog|Working directory is C:\Users\18328\Desktop\pc2\WebTeamInterface-1.1
231209 094911.400|INFO|qtp135640095-21300|startLog|Process id is 15028@DESKTOP-D75BQTV
231209 094911.400|INFO|qtp135640095-21300|info|Contacting server at localhost:50002 as TEAM52 @ site 0
231209 094911.400|INFO|qtp135640095-21300|info|sendLoginRequest start - sending from TEAM52 @ site 0
231209 094911.400|INFO|qtp135640095-21300|sendToLocalServer|Sending packet to server Packet[LOGIN_REQUEST] #380 TEAM52 @ site 0 -> SERVER0 @ site 0
231209 094911.400|INFO|qtp135640095-21300|sendToLocalServer|Sent    packet to server Packet[LOGIN_REQUEST] #380 TEAM52 @ site 0 -> SERVER0 @ site 0
231209 094911.400|INFO|qtp135640095-21300|info|sendLoginRequest end - packet sent.
231209 094911.406|INFO|Thread-28562|run|send(Serializable)
231209 094911.426|INFO|Thread-28561|receive|public void receive(SealedObject TransportPacket, ConnectionHandlerID connectionHandlerID)
231209 094911.426|INFO|Thread-28563|info| receiveObject(S) start got Packet[LOGIN_SUCCESS] #2104 SERVER0 @ site 1 -> TEAM52 @ site 1
231209 094911.426|INFO|Thread-28563|dumpPacket|Packet LOGIN_SUCCESS (Seq #2104, o#2104 ) recieveObject
231209 094911.426|INFO|Thread-28563|dumpPacket|  From: SERVER0 @ site 1, oSERVER0 @ site 1 (DESKTOP-D75BQTV @ 212.212.212.212) (Contest Id: DryRun--6069080675419338087)
231209 094911.426|INFO|Thread-28563|dumpPacket|    To: TEAM52 @ site 1
231209 094911.426|INFO|Thread-28563|dumpPacket|   key: PROFILE_LIST is: [Ledu.csus.ecs.pc2.core.model.Profile; [Ledu.csus.ecs.pc2.core.model.Profile;@7f03a925
231209 094911.426|INFO|Thread-28563|dumpPacket|   key: GENERAL_PROBLEM is: edu.csus.ecs.pc2.core.model.Problem General
231209 094911.426|INFO|Thread-28563|dumpPacket|   key: CLIENT_SETTINGS_LIST is: [Ledu.csus.ecs.pc2.core.model.ClientSettings; [Ledu.csus.ecs.pc2.core.model.ClientSettings;@71c458b5
231209 094911.426|INFO|Thread-28563|dumpPacket|   key: CONTEST_TIME is: edu.csus.ecs.pc2.core.model.ContestTime edu.csus.ecs.pc2.core.model.ContestTime@75fbc255
231209 094911.426|INFO|Thread-28563|dumpPacket|   key: CLARIFICATION_LIST is: [Ledu.csus.ecs.pc2.core.model.Clarification; [Ledu.csus.ecs.pc2.core.model.Clarification;@30f9528e
231209 094911.426|INFO|Thread-28563|dumpPacket|   key: CATEGORY_LIST is: [Ledu.csus.ecs.pc2.core.model.Category; [Ledu.csus.ecs.pc2.core.model.Category;@52d18f35
231209 094911.426|INFO|Thread-28563|dumpPacket|   key: LANGUAGE_LIST is: [Ledu.csus.ecs.pc2.core.model.Language; [Ledu.csus.ecs.pc2.core.model.Language;@103642a
231209 094911.426|INFO|Thread-28563|dumpPacket|   key: REMOTE_LOGGED_IN_USERS is: [Ledu.csus.ecs.pc2.core.model.ClientId; [Ledu.csus.ecs.pc2.core.model.ClientId;@2ac1e735
231209 094911.426|INFO|Thread-28563|dumpPacket|   key: CONTEST_TIME_LIST is: [Ledu.csus.ecs.pc2.core.model.ContestTime; [Ledu.csus.ecs.pc2.core.model.ContestTime;@50d6adc1
231209 094911.426|INFO|Thread-28563|dumpPacket|   key: CONNECTION_HANDLE_ID_LIST is: [Ledu.csus.ecs.pc2.core.transport.ConnectionHandlerID; [Ledu.csus.ecs.pc2.core.transport.ConnectionHandlerID;@e2028c9
231209 094911.426|INFO|Thread-28563|dumpPacket|   key: PROFILE is: edu.csus.ecs.pc2.core.model.Profile DryRun--6069080675419338087
231209 094911.426|INFO|Thread-28563|dumpPacket|   key: CLIENT_ID is: edu.csus.ecs.pc2.core.model.ClientId TEAM52 @ site 1
231209 094911.426|INFO|Thread-28563|dumpPacket|   key: SITE_NUMBER is: java.lang.Integer 1
231209 094911.426|INFO|Thread-28563|dumpPacket|   key: CONTEST_INFORMATION is: edu.csus.ecs.pc2.core.model.ContestInformation edu.csus.ecs.pc2.core.model.ContestInformation@14183f13
231209 094911.426|INFO|Thread-28563|dumpPacket|   key: SITE_LIST is: [Ledu.csus.ecs.pc2.core.model.Site; [Ledu.csus.ecs.pc2.core.model.Site;@31c58aea
231209 094911.426|INFO|Thread-28563|dumpPacket|   key: PROBLEM_DATA_FILES is: [Ledu.csus.ecs.pc2.core.model.ProblemDataFiles; [Ledu.csus.ecs.pc2.core.model.ProblemDataFiles;@549891b6
231209 094911.426|INFO|Thread-28563|dumpPacket|   key: JUDGEMENT_LIST is: [Ledu.csus.ecs.pc2.core.model.Judgement; [Ledu.csus.ecs.pc2.core.model.Judgement;@5bf18d8c
231209 094911.426|INFO|Thread-28563|dumpPacket|   key: PROBLEM_LIST is: [Ledu.csus.ecs.pc2.core.model.Problem; [Ledu.csus.ecs.pc2.core.model.Problem;@ec4d146
231209 094911.426|INFO|Thread-28563|dumpPacket|   key: GROUP_LIST is: [Ledu.csus.ecs.pc2.core.model.Group; [Ledu.csus.ecs.pc2.core.model.Group;@134b98ae
231209 094911.433|INFO|Thread-28563|dumpPacket|   key: LOCAL_LOGGED_IN_USERS is: [Ledu.csus.ecs.pc2.core.model.ClientId; [Ledu.csus.ecs.pc2.core.model.ClientId;@34eae50
231209 094911.433|INFO|Thread-28563|dumpPacket|   key: SERVER_CLOCK_OFFSET is: java.util.GregorianCalendar java.util.GregorianCalendar[time=1702136951417,areFieldsSet=true,areAllFieldsSet=false,lenient=true,zone=sun.util.calendar.ZoneInfo[id="GMT",offset=0,dstSavings=0,useDaylight=false,transitions=0,lastRule=null],firstDayOfWeek=1,minimalDaysInFirstWeek=1,ERA=1,YEAR=2023,MONTH=11,WEEK_OF_YEAR=49,WEEK_OF_MONTH=2,DAY_OF_MONTH=9,DAY_OF_YEAR=343,DAY_OF_WEEK=7,DAY_OF_WEEK_IN_MONTH=2,AM_PM=1,HOUR=3,HOUR_OF_DAY=15,MINUTE=49,SECOND=11,MILLISECOND=417,ZONE_OFFSET=0,DST_OFFSET=0]
231209 094911.433|INFO|Thread-28563|dumpPacket|   key: CONTEST_IDENTIFIER is: java.lang.String DryRun--6069080675419338087
231209 094911.433|INFO|Thread-28563|dumpPacket|   key: BALLOON_SETTINGS_LIST is: [Ledu.csus.ecs.pc2.core.model.BalloonSettings; [Ledu.csus.ecs.pc2.core.model.BalloonSettings;@5484de58
231209 094911.433|INFO|Thread-28563|dumpPacket|   key: RUN_LIST is: [Ledu.csus.ecs.pc2.core.model.Run; [Ledu.csus.ecs.pc2.core.model.Run;@7ce27b6f
231209 094911.433|INFO|Thread-28563|dumpPacket|   key: ACCOUNT_ARRAY is: [Ledu.csus.ecs.pc2.core.model.Account; [Ledu.csus.ecs.pc2.core.model.Account;@332312b5
231209 094911.433|INFO|Thread-28563|info|handlePacket start Packet[LOGIN_SUCCESS] #2104 SERVER0 @ site 1 -> TEAM52 @ site 1
231209 094911.433|INFO|Thread-28563|dumpPacket|Packet LOGIN_SUCCESS (Seq #2104, o#2104 ) handlePacket
231209 094911.433|INFO|Thread-28563|dumpPacket|  From: SERVER0 @ site 1, oSERVER0 @ site 1 (DESKTOP-D75BQTV @ 212.212.212.212) (Contest Id: DryRun--6069080675419338087)
231209 094911.433|INFO|Thread-28563|dumpPacket|    To: TEAM52 @ site 1
231209 094911.433|INFO|Thread-28563|dumpPacket|   key: PROFILE_LIST is: [Ledu.csus.ecs.pc2.core.model.Profile; [Ledu.csus.ecs.pc2.core.model.Profile;@7f03a925
231209 094911.433|INFO|Thread-28563|dumpPacket|   key: GENERAL_PROBLEM is: edu.csus.ecs.pc2.core.model.Problem General
231209 094911.433|INFO|Thread-28563|dumpPacket|   key: CLIENT_SETTINGS_LIST is: [Ledu.csus.ecs.pc2.core.model.ClientSettings; [Ledu.csus.ecs.pc2.core.model.ClientSettings;@71c458b5
231209 094911.433|INFO|Thread-28563|dumpPacket|   key: CONTEST_TIME is: edu.csus.ecs.pc2.core.model.ContestTime edu.csus.ecs.pc2.core.model.ContestTime@75fbc255
231209 094911.433|INFO|Thread-28563|dumpPacket|   key: CLARIFICATION_LIST is: [Ledu.csus.ecs.pc2.core.model.Clarification; [Ledu.csus.ecs.pc2.core.model.Clarification;@30f9528e
231209 094911.433|INFO|Thread-28563|dumpPacket|   key: CATEGORY_LIST is: [Ledu.csus.ecs.pc2.core.model.Category; [Ledu.csus.ecs.pc2.core.model.Category;@52d18f35
231209 094911.433|INFO|Thread-28563|dumpPacket|   key: LANGUAGE_LIST is: [Ledu.csus.ecs.pc2.core.model.Language; [Ledu.csus.ecs.pc2.core.model.Language;@103642a
231209 094911.433|INFO|Thread-28563|dumpPacket|   key: REMOTE_LOGGED_IN_USERS is: [Ledu.csus.ecs.pc2.core.model.ClientId; [Ledu.csus.ecs.pc2.core.model.ClientId;@2ac1e735
231209 094911.433|INFO|Thread-28563|dumpPacket|   key: CONTEST_TIME_LIST is: [Ledu.csus.ecs.pc2.core.model.ContestTime; [Ledu.csus.ecs.pc2.core.model.ContestTime;@50d6adc1
231209 094911.433|INFO|Thread-28563|dumpPacket|   key: CONNECTION_HANDLE_ID_LIST is: [Ledu.csus.ecs.pc2.core.transport.ConnectionHandlerID; [Ledu.csus.ecs.pc2.core.transport.ConnectionHandlerID;@e2028c9
231209 094911.433|INFO|Thread-28563|dumpPacket|   key: PROFILE is: edu.csus.ecs.pc2.core.model.Profile DryRun--6069080675419338087
231209 094911.433|INFO|Thread-28563|dumpPacket|   key: CLIENT_ID is: edu.csus.ecs.pc2.core.model.ClientId TEAM52 @ site 1
231209 094911.433|INFO|Thread-28563|dumpPacket|   key: SITE_NUMBER is: java.lang.Integer 1
231209 094911.433|INFO|Thread-28563|dumpPacket|   key: CONTEST_INFORMATION is: edu.csus.ecs.pc2.core.model.ContestInformation edu.csus.ecs.pc2.core.model.ContestInformation@14183f13
231209 094911.433|INFO|Thread-28563|dumpPacket|   key: SITE_LIST is: [Ledu.csus.ecs.pc2.core.model.Site; [Ledu.csus.ecs.pc2.core.model.Site;@31c58aea
231209 094911.433|INFO|Thread-28563|dumpPacket|   key: PROBLEM_DATA_FILES is: [Ledu.csus.ecs.pc2.core.model.ProblemDataFiles; [Ledu.csus.ecs.pc2.core.model.ProblemDataFiles;@549891b6
231209 094911.433|INFO|Thread-28563|dumpPacket|   key: JUDGEMENT_LIST is: [Ledu.csus.ecs.pc2.core.model.Judgement; [Ledu.csus.ecs.pc2.core.model.Judgement;@5bf18d8c
231209 094911.433|INFO|Thread-28563|dumpPacket|   key: PROBLEM_LIST is: [Ledu.csus.ecs.pc2.core.model.Problem; [Ledu.csus.ecs.pc2.core.model.Problem;@ec4d146
231209 094911.433|INFO|Thread-28563|dumpPacket|   key: GROUP_LIST is: [Ledu.csus.ecs.pc2.core.model.Group; [Ledu.csus.ecs.pc2.core.model.Group;@134b98ae
231209 094911.433|INFO|Thread-28563|dumpPacket|   key: LOCAL_LOGGED_IN_USERS is: [Ledu.csus.ecs.pc2.core.model.ClientId; [Ledu.csus.ecs.pc2.core.model.ClientId;@34eae50
231209 094911.433|INFO|Thread-28563|dumpPacket|   key: SERVER_CLOCK_OFFSET is: java.util.GregorianCalendar java.util.GregorianCalendar[time=1702136951417,areFieldsSet=true,areAllFieldsSet=false,lenient=true,zone=sun.util.calendar.ZoneInfo[id="GMT",offset=0,dstSavings=0,useDaylight=false,transitions=0,lastRule=null],firstDayOfWeek=1,minimalDaysInFirstWeek=1,ERA=1,YEAR=2023,MONTH=11,WEEK_OF_YEAR=49,WEEK_OF_MONTH=2,DAY_OF_MONTH=9,DAY_OF_YEAR=343,DAY_OF_WEEK=7,DAY_OF_WEEK_IN_MONTH=2,AM_PM=1,HOUR=3,HOUR_OF_DAY=15,MINUTE=49,SECOND=11,MILLISECOND=417,ZONE_OFFSET=0,DST_OFFSET=0]
231209 094911.433|INFO|Thread-28563|dumpPacket|   key: CONTEST_IDENTIFIER is: java.lang.String DryRun--6069080675419338087
231209 094911.433|INFO|Thread-28563|dumpPacket|   key: BALLOON_SETTINGS_LIST is: [Ledu.csus.ecs.pc2.core.model.BalloonSettings; [Ledu.csus.ecs.pc2.core.model.BalloonSettings;@5484de58
231209 094911.433|INFO|Thread-28563|dumpPacket|   key: RUN_LIST is: [Ledu.csus.ecs.pc2.core.model.Run; [Ledu.csus.ecs.pc2.core.model.Run;@7ce27b6f
231209 094911.433|INFO|Thread-28563|dumpPacket|   key: ACCOUNT_ARRAY is: [Ledu.csus.ecs.pc2.core.model.Account; [Ledu.csus.ecs.pc2.core.model.Account;@332312b5
231209 102055.119|INFO|Thread-45225|run|send(Serializable)
231209 102055.233|INFO|Thread-28561|receive|public void receive(SealedObject TransportPacket, ConnectionHandlerID connectionHandlerID)
231209 102128.954|INFO|Thread-28561|connectionDropped|connectionDropped(ConnectionHandlerID myConnectionID) 
