221210 083416.515|CONFIG|qtp996796369-6222|setFileHandlers|Now logging to C:\Users\18328\Desktop\pc2\WebTeamInterface-1.1\logs directory.
221210 083416.515|INFO|qtp996796369-6222|info|
221210 083416.515|INFO|qtp996796369-6222|info|Version 9 () Java ver 18.0.2.1 build  Windows 11 10.0 (amd64) 
221210 083416.515|INFO|qtp996796369-6222|info|Login: team79 (aka team79)
221210 083416.516|INFO|qtp996796369-6222|startLog|Working directory is C:\Users\18328\Desktop\pc2\WebTeamInterface-1.1
221210 083416.516|INFO|qtp996796369-6222|startLog|Process id is 20708@DESKTOP-D75BQTV
221210 083416.516|INFO|qtp996796369-6222|info|Contacting server at 212.212.212.212:50002 as TEAM79 @ site 0
221210 083416.516|INFO|qtp996796369-6222|info|sendLoginRequest start - sending from TEAM79 @ site 0
221210 083416.516|INFO|qtp996796369-6222|sendToLocalServer|Sending packet to server Packet[LOGIN_REQUEST] #182 TEAM79 @ site 0 -> SERVER0 @ site 0
221210 083416.516|INFO|qtp996796369-6222|sendToLocalServer|Sent    packet to server Packet[LOGIN_REQUEST] #182 TEAM79 @ site 0 -> SERVER0 @ site 0
221210 083416.516|INFO|qtp996796369-6222|info|sendLoginRequest end - packet sent.
221210 083416.516|INFO|Thread-6828|run|send(Serializable)
221210 083416.520|INFO|Thread-6827|receive|public void receive(SealedObject TransportPacket, ConnectionHandlerID connectionHandlerID)
221210 083416.523|INFO|Thread-6829|info| receiveObject(S) start got Packet[LOGIN_SUCCESS] #1167 SERVER0 @ site 1 -> TEAM79 @ site 1
221210 083416.523|INFO|Thread-6829|dumpPacket|Packet LOGIN_SUCCESS (Seq #1167, o#1167 ) recieveObject
221210 083416.523|INFO|Thread-6829|dumpPacket|  From: SERVER0 @ site 1, oSERVER0 @ site 1 (DESKTOP-D75BQTV @ 212.212.212.212) (Contest Id: DryRun--5544400451244233091)
221210 083416.523|INFO|Thread-6829|dumpPacket|    To: TEAM79 @ site 1
221210 083416.523|INFO|Thread-6829|dumpPacket|   key: PROFILE_LIST is: [Ledu.csus.ecs.pc2.core.model.Profile; [Ledu.csus.ecs.pc2.core.model.Profile;@32cb63bc
221210 083416.523|INFO|Thread-6829|dumpPacket|   key: GENERAL_PROBLEM is: edu.csus.ecs.pc2.core.model.Problem General
221210 083416.523|INFO|Thread-6829|dumpPacket|   key: CLIENT_SETTINGS_LIST is: [Ledu.csus.ecs.pc2.core.model.ClientSettings; [Ledu.csus.ecs.pc2.core.model.ClientSettings;@3c0c8b95
221210 083416.523|INFO|Thread-6829|dumpPacket|   key: CONTEST_TIME is: edu.csus.ecs.pc2.core.model.ContestTime edu.csus.ecs.pc2.core.model.ContestTime@383308cc
221210 083416.523|INFO|Thread-6829|dumpPacket|   key: CLARIFICATION_LIST is: [Ledu.csus.ecs.pc2.core.model.Clarification; [Ledu.csus.ecs.pc2.core.model.Clarification;@7d3181ae
221210 083416.523|INFO|Thread-6829|dumpPacket|   key: CATEGORY_LIST is: [Ledu.csus.ecs.pc2.core.model.Category; [Ledu.csus.ecs.pc2.core.model.Category;@140edb37
221210 083416.523|INFO|Thread-6829|dumpPacket|   key: LANGUAGE_LIST is: [Ledu.csus.ecs.pc2.core.model.Language; [Ledu.csus.ecs.pc2.core.model.Language;@4c06ba00
221210 083416.523|INFO|Thread-6829|dumpPacket|   key: REMOTE_LOGGED_IN_USERS is: [Ledu.csus.ecs.pc2.core.model.ClientId; [Ledu.csus.ecs.pc2.core.model.ClientId;@6cd3be24
221210 083416.523|INFO|Thread-6829|dumpPacket|   key: CONTEST_TIME_LIST is: [Ledu.csus.ecs.pc2.core.model.ContestTime; [Ledu.csus.ecs.pc2.core.model.ContestTime;@1d1e7ee1
221210 083416.523|INFO|Thread-6829|dumpPacket|   key: CONNECTION_HANDLE_ID_LIST is: [Ledu.csus.ecs.pc2.core.transport.ConnectionHandlerID; [Ledu.csus.ecs.pc2.core.transport.ConnectionHandlerID;@7f2bd916
221210 083416.523|INFO|Thread-6829|dumpPacket|   key: PROFILE is: edu.csus.ecs.pc2.core.model.Profile DryRun--5544400451244233091
221210 083416.523|INFO|Thread-6829|dumpPacket|   key: CLIENT_ID is: edu.csus.ecs.pc2.core.model.ClientId TEAM79 @ site 1
221210 083416.523|INFO|Thread-6829|dumpPacket|   key: SITE_NUMBER is: java.lang.Integer 1
221210 083416.523|INFO|Thread-6829|dumpPacket|   key: CONTEST_INFORMATION is: edu.csus.ecs.pc2.core.model.ContestInformation edu.csus.ecs.pc2.core.model.ContestInformation@604ba49
221210 083416.523|INFO|Thread-6829|dumpPacket|   key: SITE_LIST is: [Ledu.csus.ecs.pc2.core.model.Site; [Ledu.csus.ecs.pc2.core.model.Site;@77d71633
221210 083416.523|INFO|Thread-6829|dumpPacket|   key: PROBLEM_DATA_FILES is: [Ledu.csus.ecs.pc2.core.model.ProblemDataFiles; [Ledu.csus.ecs.pc2.core.model.ProblemDataFiles;@1950875e
221210 083416.523|INFO|Thread-6829|dumpPacket|   key: JUDGEMENT_LIST is: [Ledu.csus.ecs.pc2.core.model.Judgement; [Ledu.csus.ecs.pc2.core.model.Judgement;@38920e0b
221210 083416.523|INFO|Thread-6829|dumpPacket|   key: PROBLEM_LIST is: [Ledu.csus.ecs.pc2.core.model.Problem; [Ledu.csus.ecs.pc2.core.model.Problem;@1be72da2
221210 083416.523|INFO|Thread-6829|dumpPacket|   key: GROUP_LIST is: [Ledu.csus.ecs.pc2.core.model.Group; [Ledu.csus.ecs.pc2.core.model.Group;@544ed663
221210 083416.523|INFO|Thread-6829|dumpPacket|   key: LOCAL_LOGGED_IN_USERS is: [Ledu.csus.ecs.pc2.core.model.ClientId; [Ledu.csus.ecs.pc2.core.model.ClientId;@49b9c1c3
221210 083416.523|INFO|Thread-6829|dumpPacket|   key: SERVER_CLOCK_OFFSET is: java.util.GregorianCalendar java.util.GregorianCalendar[time=1670682856518,areFieldsSet=true,areAllFieldsSet=false,lenient=true,zone=sun.util.calendar.ZoneInfo[id="GMT",offset=0,dstSavings=0,useDaylight=false,transitions=0,lastRule=null],firstDayOfWeek=1,minimalDaysInFirstWeek=1,ERA=1,YEAR=2022,MONTH=11,WEEK_OF_YEAR=50,WEEK_OF_MONTH=2,DAY_OF_MONTH=10,DAY_OF_YEAR=344,DAY_OF_WEEK=7,DAY_OF_WEEK_IN_MONTH=2,AM_PM=1,HOUR=2,HOUR_OF_DAY=14,MINUTE=34,SECOND=16,MILLISECOND=518,ZONE_OFFSET=0,DST_OFFSET=0]
221210 083416.523|INFO|Thread-6829|dumpPacket|   key: CONTEST_IDENTIFIER is: java.lang.String DryRun--5544400451244233091
221210 083416.523|INFO|Thread-6829|dumpPacket|   key: BALLOON_SETTINGS_LIST is: [Ledu.csus.ecs.pc2.core.model.BalloonSettings; [Ledu.csus.ecs.pc2.core.model.BalloonSettings;@61f36ca9
221210 083416.523|INFO|Thread-6829|dumpPacket|   key: RUN_LIST is: [Ledu.csus.ecs.pc2.core.model.Run; [Ledu.csus.ecs.pc2.core.model.Run;@43dbd708
221210 083416.523|INFO|Thread-6829|dumpPacket|   key: ACCOUNT_ARRAY is: [Ledu.csus.ecs.pc2.core.model.Account; [Ledu.csus.ecs.pc2.core.model.Account;@6104fcde
221210 083416.523|INFO|Thread-6829|info|handlePacket start Packet[LOGIN_SUCCESS] #1167 SERVER0 @ site 1 -> TEAM79 @ site 1
221210 083416.523|INFO|Thread-6829|dumpPacket|Packet LOGIN_SUCCESS (Seq #1167, o#1167 ) handlePacket
221210 083416.523|INFO|Thread-6829|dumpPacket|  From: SERVER0 @ site 1, oSERVER0 @ site 1 (DESKTOP-D75BQTV @ 212.212.212.212) (Contest Id: DryRun--5544400451244233091)
221210 083416.523|INFO|Thread-6829|dumpPacket|    To: TEAM79 @ site 1
221210 083416.523|INFO|Thread-6829|dumpPacket|   key: PROFILE_LIST is: [Ledu.csus.ecs.pc2.core.model.Profile; [Ledu.csus.ecs.pc2.core.model.Profile;@32cb63bc
221210 083416.523|INFO|Thread-6829|dumpPacket|   key: GENERAL_PROBLEM is: edu.csus.ecs.pc2.core.model.Problem General
221210 083416.523|INFO|Thread-6829|dumpPacket|   key: CLIENT_SETTINGS_LIST is: [Ledu.csus.ecs.pc2.core.model.ClientSettings; [Ledu.csus.ecs.pc2.core.model.ClientSettings;@3c0c8b95
221210 083416.523|INFO|Thread-6829|dumpPacket|   key: CONTEST_TIME is: edu.csus.ecs.pc2.core.model.ContestTime edu.csus.ecs.pc2.core.model.ContestTime@383308cc
221210 083416.523|INFO|Thread-6829|dumpPacket|   key: CLARIFICATION_LIST is: [Ledu.csus.ecs.pc2.core.model.Clarification; [Ledu.csus.ecs.pc2.core.model.Clarification;@7d3181ae
221210 083416.523|INFO|Thread-6829|dumpPacket|   key: CATEGORY_LIST is: [Ledu.csus.ecs.pc2.core.model.Category; [Ledu.csus.ecs.pc2.core.model.Category;@140edb37
221210 083416.523|INFO|Thread-6829|dumpPacket|   key: LANGUAGE_LIST is: [Ledu.csus.ecs.pc2.core.model.Language; [Ledu.csus.ecs.pc2.core.model.Language;@4c06ba00
221210 083416.523|INFO|Thread-6829|dumpPacket|   key: REMOTE_LOGGED_IN_USERS is: [Ledu.csus.ecs.pc2.core.model.ClientId; [Ledu.csus.ecs.pc2.core.model.ClientId;@6cd3be24
221210 083416.523|INFO|Thread-6829|dumpPacket|   key: CONTEST_TIME_LIST is: [Ledu.csus.ecs.pc2.core.model.ContestTime; [Ledu.csus.ecs.pc2.core.model.ContestTime;@1d1e7ee1
221210 083416.523|INFO|Thread-6829|dumpPacket|   key: CONNECTION_HANDLE_ID_LIST is: [Ledu.csus.ecs.pc2.core.transport.ConnectionHandlerID; [Ledu.csus.ecs.pc2.core.transport.ConnectionHandlerID;@7f2bd916
221210 083416.523|INFO|Thread-6829|dumpPacket|   key: PROFILE is: edu.csus.ecs.pc2.core.model.Profile DryRun--5544400451244233091
221210 083416.523|INFO|Thread-6829|dumpPacket|   key: CLIENT_ID is: edu.csus.ecs.pc2.core.model.ClientId TEAM79 @ site 1
221210 083416.523|INFO|Thread-6829|dumpPacket|   key: SITE_NUMBER is: java.lang.Integer 1
221210 083416.523|INFO|Thread-6829|dumpPacket|   key: CONTEST_INFORMATION is: edu.csus.ecs.pc2.core.model.ContestInformation edu.csus.ecs.pc2.core.model.ContestInformation@604ba49
221210 083416.523|INFO|Thread-6829|dumpPacket|   key: SITE_LIST is: [Ledu.csus.ecs.pc2.core.model.Site; [Ledu.csus.ecs.pc2.core.model.Site;@77d71633
221210 083416.523|INFO|Thread-6829|dumpPacket|   key: PROBLEM_DATA_FILES is: [Ledu.csus.ecs.pc2.core.model.ProblemDataFiles; [Ledu.csus.ecs.pc2.core.model.ProblemDataFiles;@1950875e
221210 083416.523|INFO|Thread-6829|dumpPacket|   key: JUDGEMENT_LIST is: [Ledu.csus.ecs.pc2.core.model.Judgement; [Ledu.csus.ecs.pc2.core.model.Judgement;@38920e0b
221210 083416.523|INFO|Thread-6829|dumpPacket|   key: PROBLEM_LIST is: [Ledu.csus.ecs.pc2.core.model.Problem; [Ledu.csus.ecs.pc2.core.model.Problem;@1be72da2
221210 083416.523|INFO|Thread-6829|dumpPacket|   key: GROUP_LIST is: [Ledu.csus.ecs.pc2.core.model.Group; [Ledu.csus.ecs.pc2.core.model.Group;@544ed663
221210 083416.523|INFO|Thread-6829|dumpPacket|   key: LOCAL_LOGGED_IN_USERS is: [Ledu.csus.ecs.pc2.core.model.ClientId; [Ledu.csus.ecs.pc2.core.model.ClientId;@49b9c1c3
221210 083416.523|INFO|Thread-6829|dumpPacket|   key: SERVER_CLOCK_OFFSET is: java.util.GregorianCalendar java.util.GregorianCalendar[time=1670682856518,areFieldsSet=true,areAllFieldsSet=false,lenient=true,zone=sun.util.calendar.ZoneInfo[id="GMT",offset=0,dstSavings=0,useDaylight=false,transitions=0,lastRule=null],firstDayOfWeek=1,minimalDaysInFirstWeek=1,ERA=1,YEAR=2022,MONTH=11,WEEK_OF_YEAR=50,WEEK_OF_MONTH=2,DAY_OF_MONTH=10,DAY_OF_YEAR=344,DAY_OF_WEEK=7,DAY_OF_WEEK_IN_MONTH=2,AM_PM=1,HOUR=2,HOUR_OF_DAY=14,MINUTE=34,SECOND=16,MILLISECOND=518,ZONE_OFFSET=0,DST_OFFSET=0]
221210 083416.523|INFO|Thread-6829|dumpPacket|   key: CONTEST_IDENTIFIER is: java.lang.String DryRun--5544400451244233091
221210 083416.523|INFO|Thread-6829|dumpPacket|   key: BALLOON_SETTINGS_LIST is: [Ledu.csus.ecs.pc2.core.model.BalloonSettings; [Ledu.csus.ecs.pc2.core.model.BalloonSettings;@61f36ca9
221210 083416.523|INFO|Thread-6829|dumpPacket|   key: RUN_LIST is: [Ledu.csus.ecs.pc2.core.model.Run; [Ledu.csus.ecs.pc2.core.model.Run;@43dbd708
221210 083416.523|INFO|Thread-6829|dumpPacket|   key: ACCOUNT_ARRAY is: [Ledu.csus.ecs.pc2.core.model.Account; [Ledu.csus.ecs.pc2.core.model.Account;@6104fcde
221210 084028.480|INFO|Thread-6827|receive|public void receive(SealedObject TransportPacket, ConnectionHandlerID connectionHandlerID)
221210 084553.050|INFO|Thread-13983|run|send(Serializable)
221210 084553.070|INFO|Thread-6827|receive|public void receive(SealedObject TransportPacket, ConnectionHandlerID connectionHandlerID)
221210 084641.252|INFO|Thread-6827|receive|public void receive(SealedObject TransportPacket, ConnectionHandlerID connectionHandlerID)
221210 100144.998|INFO|Thread-6827|connectionDropped|connectionDropped(ConnectionHandlerID myConnectionID) 
221210 100911.095|CONFIG|qtp1613095350-21|setFileHandlers|Now logging to C:\Users\18328\Desktop\pc2\WebTeamInterface-1.1\logs directory.
221210 100911.095|INFO|qtp1613095350-21|info|
221210 100911.095|INFO|qtp1613095350-21|info|Version 9 () Java ver 18.0.2.1 build  Windows 11 10.0 (amd64) 
221210 100911.095|INFO|qtp1613095350-21|info|Login: team79 (aka team79)
221210 100911.095|INFO|qtp1613095350-21|startLog|Working directory is C:\Users\18328\Desktop\pc2\WebTeamInterface-1.1
221210 100911.095|INFO|qtp1613095350-21|startLog|Process id is 22344@DESKTOP-D75BQTV
221210 100911.095|INFO|qtp1613095350-21|info|Contacting server at 212.212.212.212:50002 as TEAM79 @ site 0
221210 100911.096|INFO|qtp1613095350-21|info|sendLoginRequest start - sending from TEAM79 @ site 0
221210 100911.096|INFO|qtp1613095350-21|sendToLocalServer|Sending packet to server Packet[LOGIN_REQUEST] #28 TEAM79 @ site 0 -> SERVER0 @ site 0
221210 100911.096|INFO|qtp1613095350-21|sendToLocalServer|Sent    packet to server Packet[LOGIN_REQUEST] #28 TEAM79 @ site 0 -> SERVER0 @ site 0
221210 100911.096|INFO|qtp1613095350-21|info|sendLoginRequest end - packet sent.
221210 100911.096|INFO|Thread-231|run|send(Serializable)
221210 100911.120|INFO|Thread-230|receive|public void receive(SealedObject TransportPacket, ConnectionHandlerID connectionHandlerID)
221210 100911.123|INFO|Thread-232|info| receiveObject(S) start got Packet[LOGIN_SUCCESS] #2125 SERVER0 @ site 1 -> TEAM79 @ site 1
221210 100911.123|INFO|Thread-232|dumpPacket|Packet LOGIN_SUCCESS (Seq #2125, o#2125 ) recieveObject
221210 100911.123|INFO|Thread-232|dumpPacket|  From: SERVER0 @ site 1, oSERVER0 @ site 1 (DESKTOP-D75BQTV @ 212.212.212.212) (Contest Id: DryRun--5544400451244233091)
221210 100911.123|INFO|Thread-232|dumpPacket|    To: TEAM79 @ site 1
221210 100911.123|INFO|Thread-232|dumpPacket|   key: PROFILE_LIST is: [Ledu.csus.ecs.pc2.core.model.Profile; [Ledu.csus.ecs.pc2.core.model.Profile;@433fc75e
221210 100911.123|INFO|Thread-232|dumpPacket|   key: GENERAL_PROBLEM is: edu.csus.ecs.pc2.core.model.Problem General
221210 100911.123|INFO|Thread-232|dumpPacket|   key: CLIENT_SETTINGS_LIST is: [Ledu.csus.ecs.pc2.core.model.ClientSettings; [Ledu.csus.ecs.pc2.core.model.ClientSettings;@4df82149
221210 100911.123|INFO|Thread-232|dumpPacket|   key: CONTEST_TIME is: edu.csus.ecs.pc2.core.model.ContestTime edu.csus.ecs.pc2.core.model.ContestTime@49c7ac2e
221210 100911.123|INFO|Thread-232|dumpPacket|   key: CLARIFICATION_LIST is: [Ledu.csus.ecs.pc2.core.model.Clarification; [Ledu.csus.ecs.pc2.core.model.Clarification;@cc52b72
221210 100911.123|INFO|Thread-232|dumpPacket|   key: CATEGORY_LIST is: [Ledu.csus.ecs.pc2.core.model.Category; [Ledu.csus.ecs.pc2.core.model.Category;@31fd1883
221210 100911.123|INFO|Thread-232|dumpPacket|   key: LANGUAGE_LIST is: [Ledu.csus.ecs.pc2.core.model.Language; [Ledu.csus.ecs.pc2.core.model.Language;@3d83859c
221210 100911.123|INFO|Thread-232|dumpPacket|   key: REMOTE_LOGGED_IN_USERS is: [Ledu.csus.ecs.pc2.core.model.ClientId; [Ledu.csus.ecs.pc2.core.model.ClientId;@4951e8de
221210 100911.123|INFO|Thread-232|dumpPacket|   key: CONTEST_TIME_LIST is: [Ledu.csus.ecs.pc2.core.model.ContestTime; [Ledu.csus.ecs.pc2.core.model.ContestTime;@6cead43d
221210 100911.123|INFO|Thread-232|dumpPacket|   key: CONNECTION_HANDLE_ID_LIST is: [Ledu.csus.ecs.pc2.core.transport.ConnectionHandlerID; [Ledu.csus.ecs.pc2.core.transport.ConnectionHandlerID;@350af023
221210 100911.123|INFO|Thread-232|dumpPacket|   key: PROFILE is: edu.csus.ecs.pc2.core.model.Profile DryRun--5544400451244233091
221210 100911.123|INFO|Thread-232|dumpPacket|   key: CLIENT_ID is: edu.csus.ecs.pc2.core.model.ClientId TEAM79 @ site 1
221210 100911.123|INFO|Thread-232|dumpPacket|   key: SITE_NUMBER is: java.lang.Integer 1
221210 100911.123|INFO|Thread-232|dumpPacket|   key: CONTEST_INFORMATION is: edu.csus.ecs.pc2.core.model.ContestInformation edu.csus.ecs.pc2.core.model.ContestInformation@14043c7b
221210 100911.123|INFO|Thread-232|dumpPacket|   key: SITE_LIST is: [Ledu.csus.ecs.pc2.core.model.Site; [Ledu.csus.ecs.pc2.core.model.Site;@5255213d
221210 100911.123|INFO|Thread-232|dumpPacket|   key: PROBLEM_DATA_FILES is: [Ledu.csus.ecs.pc2.core.model.ProblemDataFiles; [Ledu.csus.ecs.pc2.core.model.ProblemDataFiles;@68a44c76
221210 100911.123|INFO|Thread-232|dumpPacket|   key: JUDGEMENT_LIST is: [Ledu.csus.ecs.pc2.core.model.Judgement; [Ledu.csus.ecs.pc2.core.model.Judgement;@a4d22a9
221210 100911.123|INFO|Thread-232|dumpPacket|   key: PROBLEM_LIST is: [Ledu.csus.ecs.pc2.core.model.Problem; [Ledu.csus.ecs.pc2.core.model.Problem;@3f1f207f
221210 100911.123|INFO|Thread-232|dumpPacket|   key: GROUP_LIST is: [Ledu.csus.ecs.pc2.core.model.Group; [Ledu.csus.ecs.pc2.core.model.Group;@4438a268
221210 100911.123|INFO|Thread-232|dumpPacket|   key: LOCAL_LOGGED_IN_USERS is: [Ledu.csus.ecs.pc2.core.model.ClientId; [Ledu.csus.ecs.pc2.core.model.ClientId;@eb58165
221210 100911.123|INFO|Thread-232|dumpPacket|   key: SERVER_CLOCK_OFFSET is: java.util.GregorianCalendar java.util.GregorianCalendar[time=1670688551117,areFieldsSet=true,areAllFieldsSet=false,lenient=true,zone=sun.util.calendar.ZoneInfo[id="GMT",offset=0,dstSavings=0,useDaylight=false,transitions=0,lastRule=null],firstDayOfWeek=1,minimalDaysInFirstWeek=1,ERA=1,YEAR=2022,MONTH=11,WEEK_OF_YEAR=50,WEEK_OF_MONTH=2,DAY_OF_MONTH=10,DAY_OF_YEAR=344,DAY_OF_WEEK=7,DAY_OF_WEEK_IN_MONTH=2,AM_PM=1,HOUR=4,HOUR_OF_DAY=16,MINUTE=9,SECOND=11,MILLISECOND=117,ZONE_OFFSET=0,DST_OFFSET=0]
221210 100911.123|INFO|Thread-232|dumpPacket|   key: CONTEST_IDENTIFIER is: java.lang.String DryRun--5544400451244233091
221210 100911.123|INFO|Thread-232|dumpPacket|   key: BALLOON_SETTINGS_LIST is: [Ledu.csus.ecs.pc2.core.model.BalloonSettings; [Ledu.csus.ecs.pc2.core.model.BalloonSettings;@6d8ea270
221210 100911.123|INFO|Thread-232|dumpPacket|   key: RUN_LIST is: [Ledu.csus.ecs.pc2.core.model.Run; [Ledu.csus.ecs.pc2.core.model.Run;@2bd47b66
221210 100911.123|INFO|Thread-232|dumpPacket|   key: ACCOUNT_ARRAY is: [Ledu.csus.ecs.pc2.core.model.Account; [Ledu.csus.ecs.pc2.core.model.Account;@2afea796
221210 100911.123|INFO|Thread-232|info|handlePacket start Packet[LOGIN_SUCCESS] #2125 SERVER0 @ site 1 -> TEAM79 @ site 1
221210 100911.123|INFO|Thread-232|dumpPacket|Packet LOGIN_SUCCESS (Seq #2125, o#2125 ) handlePacket
221210 100911.123|INFO|Thread-232|dumpPacket|  From: SERVER0 @ site 1, oSERVER0 @ site 1 (DESKTOP-D75BQTV @ 212.212.212.212) (Contest Id: DryRun--5544400451244233091)
221210 100911.123|INFO|Thread-232|dumpPacket|    To: TEAM79 @ site 1
221210 100911.123|INFO|Thread-232|dumpPacket|   key: PROFILE_LIST is: [Ledu.csus.ecs.pc2.core.model.Profile; [Ledu.csus.ecs.pc2.core.model.Profile;@433fc75e
221210 100911.123|INFO|Thread-232|dumpPacket|   key: GENERAL_PROBLEM is: edu.csus.ecs.pc2.core.model.Problem General
221210 100911.123|INFO|Thread-232|dumpPacket|   key: CLIENT_SETTINGS_LIST is: [Ledu.csus.ecs.pc2.core.model.ClientSettings; [Ledu.csus.ecs.pc2.core.model.ClientSettings;@4df82149
221210 100911.123|INFO|Thread-232|dumpPacket|   key: CONTEST_TIME is: edu.csus.ecs.pc2.core.model.ContestTime edu.csus.ecs.pc2.core.model.ContestTime@49c7ac2e
221210 100911.123|INFO|Thread-232|dumpPacket|   key: CLARIFICATION_LIST is: [Ledu.csus.ecs.pc2.core.model.Clarification; [Ledu.csus.ecs.pc2.core.model.Clarification;@cc52b72
221210 100911.123|INFO|Thread-232|dumpPacket|   key: CATEGORY_LIST is: [Ledu.csus.ecs.pc2.core.model.Category; [Ledu.csus.ecs.pc2.core.model.Category;@31fd1883
221210 100911.123|INFO|Thread-232|dumpPacket|   key: LANGUAGE_LIST is: [Ledu.csus.ecs.pc2.core.model.Language; [Ledu.csus.ecs.pc2.core.model.Language;@3d83859c
221210 100911.123|INFO|Thread-232|dumpPacket|   key: REMOTE_LOGGED_IN_USERS is: [Ledu.csus.ecs.pc2.core.model.ClientId; [Ledu.csus.ecs.pc2.core.model.ClientId;@4951e8de
221210 100911.123|INFO|Thread-232|dumpPacket|   key: CONTEST_TIME_LIST is: [Ledu.csus.ecs.pc2.core.model.ContestTime; [Ledu.csus.ecs.pc2.core.model.ContestTime;@6cead43d
221210 100911.123|INFO|Thread-232|dumpPacket|   key: CONNECTION_HANDLE_ID_LIST is: [Ledu.csus.ecs.pc2.core.transport.ConnectionHandlerID; [Ledu.csus.ecs.pc2.core.transport.ConnectionHandlerID;@350af023
221210 100911.123|INFO|Thread-232|dumpPacket|   key: PROFILE is: edu.csus.ecs.pc2.core.model.Profile DryRun--5544400451244233091
221210 100911.123|INFO|Thread-232|dumpPacket|   key: CLIENT_ID is: edu.csus.ecs.pc2.core.model.ClientId TEAM79 @ site 1
221210 100911.123|INFO|Thread-232|dumpPacket|   key: SITE_NUMBER is: java.lang.Integer 1
221210 100911.123|INFO|Thread-232|dumpPacket|   key: CONTEST_INFORMATION is: edu.csus.ecs.pc2.core.model.ContestInformation edu.csus.ecs.pc2.core.model.ContestInformation@14043c7b
221210 100911.123|INFO|Thread-232|dumpPacket|   key: SITE_LIST is: [Ledu.csus.ecs.pc2.core.model.Site; [Ledu.csus.ecs.pc2.core.model.Site;@5255213d
221210 100911.123|INFO|Thread-232|dumpPacket|   key: PROBLEM_DATA_FILES is: [Ledu.csus.ecs.pc2.core.model.ProblemDataFiles; [Ledu.csus.ecs.pc2.core.model.ProblemDataFiles;@68a44c76
221210 100911.123|INFO|Thread-232|dumpPacket|   key: JUDGEMENT_LIST is: [Ledu.csus.ecs.pc2.core.model.Judgement; [Ledu.csus.ecs.pc2.core.model.Judgement;@a4d22a9
221210 100911.123|INFO|Thread-232|dumpPacket|   key: PROBLEM_LIST is: [Ledu.csus.ecs.pc2.core.model.Problem; [Ledu.csus.ecs.pc2.core.model.Problem;@3f1f207f
221210 100911.123|INFO|Thread-232|dumpPacket|   key: GROUP_LIST is: [Ledu.csus.ecs.pc2.core.model.Group; [Ledu.csus.ecs.pc2.core.model.Group;@4438a268
221210 100911.124|INFO|Thread-232|dumpPacket|   key: LOCAL_LOGGED_IN_USERS is: [Ledu.csus.ecs.pc2.core.model.ClientId; [Ledu.csus.ecs.pc2.core.model.ClientId;@eb58165
221210 100911.124|INFO|Thread-232|dumpPacket|   key: SERVER_CLOCK_OFFSET is: java.util.GregorianCalendar java.util.GregorianCalendar[time=1670688551117,areFieldsSet=true,areAllFieldsSet=false,lenient=true,zone=sun.util.calendar.ZoneInfo[id="GMT",offset=0,dstSavings=0,useDaylight=false,transitions=0,lastRule=null],firstDayOfWeek=1,minimalDaysInFirstWeek=1,ERA=1,YEAR=2022,MONTH=11,WEEK_OF_YEAR=50,WEEK_OF_MONTH=2,DAY_OF_MONTH=10,DAY_OF_YEAR=344,DAY_OF_WEEK=7,DAY_OF_WEEK_IN_MONTH=2,AM_PM=1,HOUR=4,HOUR_OF_DAY=16,MINUTE=9,SECOND=11,MILLISECOND=117,ZONE_OFFSET=0,DST_OFFSET=0]
221210 100911.124|INFO|Thread-232|dumpPacket|   key: CONTEST_IDENTIFIER is: java.lang.String DryRun--5544400451244233091
221210 100911.124|INFO|Thread-232|dumpPacket|   key: BALLOON_SETTINGS_LIST is: [Ledu.csus.ecs.pc2.core.model.BalloonSettings; [Ledu.csus.ecs.pc2.core.model.BalloonSettings;@6d8ea270
221210 100911.124|INFO|Thread-232|dumpPacket|   key: RUN_LIST is: [Ledu.csus.ecs.pc2.core.model.Run; [Ledu.csus.ecs.pc2.core.model.Run;@2bd47b66
221210 100911.124|INFO|Thread-232|dumpPacket|   key: ACCOUNT_ARRAY is: [Ledu.csus.ecs.pc2.core.model.Account; [Ledu.csus.ecs.pc2.core.model.Account;@2afea796
221210 100943.714|INFO|Thread-323|run|send(Serializable)
221210 100943.736|INFO|Thread-230|receive|public void receive(SealedObject TransportPacket, ConnectionHandlerID connectionHandlerID)
221210 101104.256|INFO|Thread-230|receive|public void receive(SealedObject TransportPacket, ConnectionHandlerID connectionHandlerID)
221210 101533.473|INFO|Thread-230|receive|public void receive(SealedObject TransportPacket, ConnectionHandlerID connectionHandlerID)
221210 101853.577|INFO|Thread-230|receive|public void receive(SealedObject TransportPacket, ConnectionHandlerID connectionHandlerID)
221210 103056.914|INFO|Thread-230|receive|public void receive(SealedObject TransportPacket, ConnectionHandlerID connectionHandlerID)
221210 103128.711|INFO|Thread-230|receive|public void receive(SealedObject TransportPacket, ConnectionHandlerID connectionHandlerID)
221210 103204.770|INFO|Thread-230|receive|public void receive(SealedObject TransportPacket, ConnectionHandlerID connectionHandlerID)
221210 103220.684|INFO|Thread-230|receive|public void receive(SealedObject TransportPacket, ConnectionHandlerID connectionHandlerID)
221210 103237.317|INFO|Thread-230|receive|public void receive(SealedObject TransportPacket, ConnectionHandlerID connectionHandlerID)
221210 103302.536|INFO|Thread-230|receive|public void receive(SealedObject TransportPacket, ConnectionHandlerID connectionHandlerID)
221210 104406.099|INFO|Thread-230|receive|public void receive(SealedObject TransportPacket, ConnectionHandlerID connectionHandlerID)
221210 104406.199|INFO|Thread-230|receive|public void receive(SealedObject TransportPacket, ConnectionHandlerID connectionHandlerID)
221210 104717.871|INFO|Thread-230|receive|public void receive(SealedObject TransportPacket, ConnectionHandlerID connectionHandlerID)
221210 104718.626|INFO|Thread-230|receive|public void receive(SealedObject TransportPacket, ConnectionHandlerID connectionHandlerID)
221210 104719.211|INFO|Thread-230|receive|public void receive(SealedObject TransportPacket, ConnectionHandlerID connectionHandlerID)
221210 114536.947|INFO|Thread-230|receive|public void receive(SealedObject TransportPacket, ConnectionHandlerID connectionHandlerID)
221210 114603.511|INFO|Thread-230|receive|public void receive(SealedObject TransportPacket, ConnectionHandlerID connectionHandlerID)
221210 114709.338|INFO|Thread-230|receive|public void receive(SealedObject TransportPacket, ConnectionHandlerID connectionHandlerID)
221210 114725.957|INFO|Thread-230|receive|public void receive(SealedObject TransportPacket, ConnectionHandlerID connectionHandlerID)
221210 120724.595|INFO|Thread-230|receive|public void receive(SealedObject TransportPacket, ConnectionHandlerID connectionHandlerID)
221210 122048.767|INFO|Thread-230|receive|public void receive(SealedObject TransportPacket, ConnectionHandlerID connectionHandlerID)
221210 122102.654|INFO|Thread-230|receive|public void receive(SealedObject TransportPacket, ConnectionHandlerID connectionHandlerID)
221210 124142.149|INFO|Thread-230|receive|public void receive(SealedObject TransportPacket, ConnectionHandlerID connectionHandlerID)
221210 124155.313|INFO|Thread-230|receive|public void receive(SealedObject TransportPacket, ConnectionHandlerID connectionHandlerID)
221210 150258.300|INFO|Thread-230|connectionDropped|connectionDropped(ConnectionHandlerID myConnectionID) 
231209 082025.265|CONFIG|qtp135640095-2300|setFileHandlers|Now logging to C:\Users\18328\Desktop\pc2\WebTeamInterface-1.1\logs directory.
231209 082025.266|INFO|qtp135640095-2300|info|
231209 082025.266|INFO|qtp135640095-2300|info|Version 9 () Java ver 18.0.2.1 build  Windows 11 10.0 (amd64) 
231209 082025.266|INFO|qtp135640095-2300|info|Login: team79 (aka team79)
231209 082025.266|INFO|qtp135640095-2300|startLog|Working directory is C:\Users\18328\Desktop\pc2\WebTeamInterface-1.1
231209 082025.266|INFO|qtp135640095-2300|startLog|Process id is 15028@DESKTOP-D75BQTV
231209 082025.266|INFO|qtp135640095-2300|info|Contacting server at localhost:50002 as TEAM79 @ site 0
231209 082025.266|INFO|qtp135640095-2300|info|sendLoginRequest start - sending from TEAM79 @ site 0
231209 082025.266|INFO|qtp135640095-2300|sendToLocalServer|Sending packet to server Packet[LOGIN_REQUEST] #126 TEAM79 @ site 0 -> SERVER0 @ site 0
231209 082025.270|INFO|qtp135640095-2300|sendToLocalServer|Sent    packet to server Packet[LOGIN_REQUEST] #126 TEAM79 @ site 0 -> SERVER0 @ site 0
231209 082025.270|INFO|qtp135640095-2300|info|sendLoginRequest end - packet sent.
231209 082025.270|INFO|Thread-4692|run|send(Serializable)
231209 082025.270|INFO|Thread-4691|receive|public void receive(SealedObject TransportPacket, ConnectionHandlerID connectionHandlerID)
231209 082025.278|INFO|Thread-4693|info| receiveObject(S) start got Packet[LOGIN_SUCCESS] #789 SERVER0 @ site 1 -> TEAM79 @ site 1
231209 082025.278|INFO|Thread-4693|dumpPacket|Packet LOGIN_SUCCESS (Seq #789, o#789 ) recieveObject
231209 082025.278|INFO|Thread-4693|dumpPacket|  From: SERVER0 @ site 1, oSERVER0 @ site 1 (DESKTOP-D75BQTV @ 212.212.212.212) (Contest Id: DryRun--6069080675419338087)
231209 082025.278|INFO|Thread-4693|dumpPacket|    To: TEAM79 @ site 1
231209 082025.278|INFO|Thread-4693|dumpPacket|   key: PROFILE_LIST is: [Ledu.csus.ecs.pc2.core.model.Profile; [Ledu.csus.ecs.pc2.core.model.Profile;@71b705f
231209 082025.278|INFO|Thread-4693|dumpPacket|   key: GENERAL_PROBLEM is: edu.csus.ecs.pc2.core.model.Problem General
231209 082025.278|INFO|Thread-4693|dumpPacket|   key: CLIENT_SETTINGS_LIST is: [Ledu.csus.ecs.pc2.core.model.ClientSettings; [Ledu.csus.ecs.pc2.core.model.ClientSettings;@9dc8ecc
231209 082025.278|INFO|Thread-4693|dumpPacket|   key: CONTEST_TIME is: edu.csus.ecs.pc2.core.model.ContestTime edu.csus.ecs.pc2.core.model.ContestTime@de31b2f
231209 082025.278|INFO|Thread-4693|dumpPacket|   key: CLARIFICATION_LIST is: [Ledu.csus.ecs.pc2.core.model.Clarification; [Ledu.csus.ecs.pc2.core.model.Clarification;@48e184f7
231209 082025.278|INFO|Thread-4693|dumpPacket|   key: CATEGORY_LIST is: [Ledu.csus.ecs.pc2.core.model.Category; [Ledu.csus.ecs.pc2.core.model.Category;@14a48c3c
231209 082025.278|INFO|Thread-4693|dumpPacket|   key: LANGUAGE_LIST is: [Ledu.csus.ecs.pc2.core.model.Language; [Ledu.csus.ecs.pc2.core.model.Language;@7963ca8a
231209 082025.278|INFO|Thread-4693|dumpPacket|   key: REMOTE_LOGGED_IN_USERS is: [Ledu.csus.ecs.pc2.core.model.ClientId; [Ledu.csus.ecs.pc2.core.model.ClientId;@6ccc9cea
231209 082025.278|INFO|Thread-4693|dumpPacket|   key: CONTEST_TIME_LIST is: [Ledu.csus.ecs.pc2.core.model.ContestTime; [Ledu.csus.ecs.pc2.core.model.ContestTime;@28ce7bb8
231209 082025.278|INFO|Thread-4693|dumpPacket|   key: CONNECTION_HANDLE_ID_LIST is: [Ledu.csus.ecs.pc2.core.transport.ConnectionHandlerID; [Ledu.csus.ecs.pc2.core.transport.ConnectionHandlerID;@183bd7f1
231209 082025.278|INFO|Thread-4693|dumpPacket|   key: PROFILE is: edu.csus.ecs.pc2.core.model.Profile DryRun--6069080675419338087
231209 082025.278|INFO|Thread-4693|dumpPacket|   key: CLIENT_ID is: edu.csus.ecs.pc2.core.model.ClientId TEAM79 @ site 1
231209 082025.278|INFO|Thread-4693|dumpPacket|   key: SITE_NUMBER is: java.lang.Integer 1
231209 082025.278|INFO|Thread-4693|dumpPacket|   key: CONTEST_INFORMATION is: edu.csus.ecs.pc2.core.model.ContestInformation edu.csus.ecs.pc2.core.model.ContestInformation@7f6b79e6
231209 082025.278|INFO|Thread-4693|dumpPacket|   key: SITE_LIST is: [Ledu.csus.ecs.pc2.core.model.Site; [Ledu.csus.ecs.pc2.core.model.Site;@77c8912d
231209 082025.278|INFO|Thread-4693|dumpPacket|   key: PROBLEM_DATA_FILES is: [Ledu.csus.ecs.pc2.core.model.ProblemDataFiles; [Ledu.csus.ecs.pc2.core.model.ProblemDataFiles;@2c8027d7
231209 082025.278|INFO|Thread-4693|dumpPacket|   key: JUDGEMENT_LIST is: [Ledu.csus.ecs.pc2.core.model.Judgement; [Ledu.csus.ecs.pc2.core.model.Judgement;@6ac2e9e9
231209 082025.278|INFO|Thread-4693|dumpPacket|   key: PROBLEM_LIST is: [Ledu.csus.ecs.pc2.core.model.Problem; [Ledu.csus.ecs.pc2.core.model.Problem;@4e42091e
231209 082025.278|INFO|Thread-4693|dumpPacket|   key: GROUP_LIST is: [Ledu.csus.ecs.pc2.core.model.Group; [Ledu.csus.ecs.pc2.core.model.Group;@7db0b802
231209 082025.278|INFO|Thread-4693|dumpPacket|   key: LOCAL_LOGGED_IN_USERS is: [Ledu.csus.ecs.pc2.core.model.ClientId; [Ledu.csus.ecs.pc2.core.model.ClientId;@50a386fc
231209 082025.278|INFO|Thread-4693|dumpPacket|   key: SERVER_CLOCK_OFFSET is: java.util.GregorianCalendar java.util.GregorianCalendar[time=1702131625270,areFieldsSet=true,areAllFieldsSet=false,lenient=true,zone=sun.util.calendar.ZoneInfo[id="GMT",offset=0,dstSavings=0,useDaylight=false,transitions=0,lastRule=null],firstDayOfWeek=1,minimalDaysInFirstWeek=1,ERA=1,YEAR=2023,MONTH=11,WEEK_OF_YEAR=49,WEEK_OF_MONTH=2,DAY_OF_MONTH=9,DAY_OF_YEAR=343,DAY_OF_WEEK=7,DAY_OF_WEEK_IN_MONTH=2,AM_PM=1,HOUR=2,HOUR_OF_DAY=14,MINUTE=20,SECOND=25,MILLISECOND=270,ZONE_OFFSET=0,DST_OFFSET=0]
231209 082025.278|INFO|Thread-4693|dumpPacket|   key: CONTEST_IDENTIFIER is: java.lang.String DryRun--6069080675419338087
231209 082025.278|INFO|Thread-4693|dumpPacket|   key: BALLOON_SETTINGS_LIST is: [Ledu.csus.ecs.pc2.core.model.BalloonSettings; [Ledu.csus.ecs.pc2.core.model.BalloonSettings;@2d53a0a0
231209 082025.278|INFO|Thread-4693|dumpPacket|   key: RUN_LIST is: [Ledu.csus.ecs.pc2.core.model.Run; [Ledu.csus.ecs.pc2.core.model.Run;@730756ed
231209 082025.278|INFO|Thread-4693|dumpPacket|   key: ACCOUNT_ARRAY is: [Ledu.csus.ecs.pc2.core.model.Account; [Ledu.csus.ecs.pc2.core.model.Account;@b0f8027
231209 082025.278|INFO|Thread-4693|info|handlePacket start Packet[LOGIN_SUCCESS] #789 SERVER0 @ site 1 -> TEAM79 @ site 1
231209 082025.278|INFO|Thread-4693|dumpPacket|Packet LOGIN_SUCCESS (Seq #789, o#789 ) handlePacket
231209 082025.278|INFO|Thread-4693|dumpPacket|  From: SERVER0 @ site 1, oSERVER0 @ site 1 (DESKTOP-D75BQTV @ 212.212.212.212) (Contest Id: DryRun--6069080675419338087)
231209 082025.278|INFO|Thread-4693|dumpPacket|    To: TEAM79 @ site 1
231209 082025.278|INFO|Thread-4693|dumpPacket|   key: PROFILE_LIST is: [Ledu.csus.ecs.pc2.core.model.Profile; [Ledu.csus.ecs.pc2.core.model.Profile;@71b705f
231209 082025.278|INFO|Thread-4693|dumpPacket|   key: GENERAL_PROBLEM is: edu.csus.ecs.pc2.core.model.Problem General
231209 082025.278|INFO|Thread-4693|dumpPacket|   key: CLIENT_SETTINGS_LIST is: [Ledu.csus.ecs.pc2.core.model.ClientSettings; [Ledu.csus.ecs.pc2.core.model.ClientSettings;@9dc8ecc
231209 082025.278|INFO|Thread-4693|dumpPacket|   key: CONTEST_TIME is: edu.csus.ecs.pc2.core.model.ContestTime edu.csus.ecs.pc2.core.model.ContestTime@de31b2f
231209 082025.278|INFO|Thread-4693|dumpPacket|   key: CLARIFICATION_LIST is: [Ledu.csus.ecs.pc2.core.model.Clarification; [Ledu.csus.ecs.pc2.core.model.Clarification;@48e184f7
231209 082025.278|INFO|Thread-4693|dumpPacket|   key: CATEGORY_LIST is: [Ledu.csus.ecs.pc2.core.model.Category; [Ledu.csus.ecs.pc2.core.model.Category;@14a48c3c
231209 082025.278|INFO|Thread-4693|dumpPacket|   key: LANGUAGE_LIST is: [Ledu.csus.ecs.pc2.core.model.Language; [Ledu.csus.ecs.pc2.core.model.Language;@7963ca8a
231209 082025.278|INFO|Thread-4693|dumpPacket|   key: REMOTE_LOGGED_IN_USERS is: [Ledu.csus.ecs.pc2.core.model.ClientId; [Ledu.csus.ecs.pc2.core.model.ClientId;@6ccc9cea
231209 082025.278|INFO|Thread-4693|dumpPacket|   key: CONTEST_TIME_LIST is: [Ledu.csus.ecs.pc2.core.model.ContestTime; [Ledu.csus.ecs.pc2.core.model.ContestTime;@28ce7bb8
231209 082025.278|INFO|Thread-4693|dumpPacket|   key: CONNECTION_HANDLE_ID_LIST is: [Ledu.csus.ecs.pc2.core.transport.ConnectionHandlerID; [Ledu.csus.ecs.pc2.core.transport.ConnectionHandlerID;@183bd7f1
231209 082025.278|INFO|Thread-4693|dumpPacket|   key: PROFILE is: edu.csus.ecs.pc2.core.model.Profile DryRun--6069080675419338087
231209 082025.278|INFO|Thread-4693|dumpPacket|   key: CLIENT_ID is: edu.csus.ecs.pc2.core.model.ClientId TEAM79 @ site 1
231209 082025.278|INFO|Thread-4693|dumpPacket|   key: SITE_NUMBER is: java.lang.Integer 1
231209 082025.278|INFO|Thread-4693|dumpPacket|   key: CONTEST_INFORMATION is: edu.csus.ecs.pc2.core.model.ContestInformation edu.csus.ecs.pc2.core.model.ContestInformation@7f6b79e6
231209 082025.278|INFO|Thread-4693|dumpPacket|   key: SITE_LIST is: [Ledu.csus.ecs.pc2.core.model.Site; [Ledu.csus.ecs.pc2.core.model.Site;@77c8912d
231209 082025.278|INFO|Thread-4693|dumpPacket|   key: PROBLEM_DATA_FILES is: [Ledu.csus.ecs.pc2.core.model.ProblemDataFiles; [Ledu.csus.ecs.pc2.core.model.ProblemDataFiles;@2c8027d7
231209 082025.278|INFO|Thread-4693|dumpPacket|   key: JUDGEMENT_LIST is: [Ledu.csus.ecs.pc2.core.model.Judgement; [Ledu.csus.ecs.pc2.core.model.Judgement;@6ac2e9e9
231209 082025.278|INFO|Thread-4693|dumpPacket|   key: PROBLEM_LIST is: [Ledu.csus.ecs.pc2.core.model.Problem; [Ledu.csus.ecs.pc2.core.model.Problem;@4e42091e
231209 082025.278|INFO|Thread-4693|dumpPacket|   key: GROUP_LIST is: [Ledu.csus.ecs.pc2.core.model.Group; [Ledu.csus.ecs.pc2.core.model.Group;@7db0b802
231209 082025.278|INFO|Thread-4693|dumpPacket|   key: LOCAL_LOGGED_IN_USERS is: [Ledu.csus.ecs.pc2.core.model.ClientId; [Ledu.csus.ecs.pc2.core.model.ClientId;@50a386fc
231209 082025.278|INFO|Thread-4693|dumpPacket|   key: SERVER_CLOCK_OFFSET is: java.util.GregorianCalendar java.util.GregorianCalendar[time=1702131625270,areFieldsSet=true,areAllFieldsSet=false,lenient=true,zone=sun.util.calendar.ZoneInfo[id="GMT",offset=0,dstSavings=0,useDaylight=false,transitions=0,lastRule=null],firstDayOfWeek=1,minimalDaysInFirstWeek=1,ERA=1,YEAR=2023,MONTH=11,WEEK_OF_YEAR=49,WEEK_OF_MONTH=2,DAY_OF_MONTH=9,DAY_OF_YEAR=343,DAY_OF_WEEK=7,DAY_OF_WEEK_IN_MONTH=2,AM_PM=1,HOUR=2,HOUR_OF_DAY=14,MINUTE=20,SECOND=25,MILLISECOND=270,ZONE_OFFSET=0,DST_OFFSET=0]
231209 082025.278|INFO|Thread-4693|dumpPacket|   key: CONTEST_IDENTIFIER is: java.lang.String DryRun--6069080675419338087
231209 082025.278|INFO|Thread-4693|dumpPacket|   key: BALLOON_SETTINGS_LIST is: [Ledu.csus.ecs.pc2.core.model.BalloonSettings; [Ledu.csus.ecs.pc2.core.model.BalloonSettings;@2d53a0a0
231209 082025.278|INFO|Thread-4693|dumpPacket|   key: RUN_LIST is: [Ledu.csus.ecs.pc2.core.model.Run; [Ledu.csus.ecs.pc2.core.model.Run;@730756ed
231209 082025.278|INFO|Thread-4693|dumpPacket|   key: ACCOUNT_ARRAY is: [Ledu.csus.ecs.pc2.core.model.Account; [Ledu.csus.ecs.pc2.core.model.Account;@b0f8027
231209 082223.640|INFO|Thread-5820|run|send(Serializable)
231209 082223.672|INFO|Thread-4691|receive|public void receive(SealedObject TransportPacket, ConnectionHandlerID connectionHandlerID)
231209 082243.510|INFO|Thread-4691|receive|public void receive(SealedObject TransportPacket, ConnectionHandlerID connectionHandlerID)
231209 103352.616|INFO|Thread-4691|receive|public void receive(SealedObject TransportPacket, ConnectionHandlerID connectionHandlerID)
231209 103353.744|INFO|Thread-4691|receive|public void receive(SealedObject TransportPacket, ConnectionHandlerID connectionHandlerID)
231209 103356.365|INFO|Thread-4691|receive|public void receive(SealedObject TransportPacket, ConnectionHandlerID connectionHandlerID)
231209 103358.701|INFO|Thread-4691|receive|public void receive(SealedObject TransportPacket, ConnectionHandlerID connectionHandlerID)
231209 103358.899|INFO|Thread-4691|receive|public void receive(SealedObject TransportPacket, ConnectionHandlerID connectionHandlerID)
231209 103359.075|INFO|Thread-4691|receive|public void receive(SealedObject TransportPacket, ConnectionHandlerID connectionHandlerID)
231209 103359.222|INFO|Thread-4691|receive|public void receive(SealedObject TransportPacket, ConnectionHandlerID connectionHandlerID)
231209 103412.544|INFO|Thread-4691|receive|public void receive(SealedObject TransportPacket, ConnectionHandlerID connectionHandlerID)
231209 103439.276|INFO|Thread-4691|receive|public void receive(SealedObject TransportPacket, ConnectionHandlerID connectionHandlerID)
231209 103730.854|INFO|Thread-49207|run|send(Serializable)
231209 103730.862|INFO|Thread-4691|connectionDropped|connectionDropped(ConnectionHandlerID myConnectionID) 
231209 103955.183|CONFIG|qtp135640095-41052|setFileHandlers|Now logging to C:\Users\18328\Desktop\pc2\WebTeamInterface-1.1\logs directory.
231209 103955.183|INFO|qtp135640095-41052|info|
231209 103955.184|INFO|qtp135640095-41052|info|Version 9 () Java ver 18.0.2.1 build  Windows 11 10.0 (amd64) 
231209 103955.184|INFO|qtp135640095-41052|info|Login: team79 (aka team79)
231209 103955.184|INFO|qtp135640095-41052|startLog|Working directory is C:\Users\18328\Desktop\pc2\WebTeamInterface-1.1
231209 103955.184|INFO|qtp135640095-41052|startLog|Process id is 15028@DESKTOP-D75BQTV
231209 103955.184|INFO|qtp135640095-41052|info|Contacting server at localhost:50002 as TEAM79 @ site 0
231209 103955.184|INFO|qtp135640095-41052|info|sendLoginRequest start - sending from TEAM79 @ site 0
231209 103955.184|INFO|qtp135640095-41052|sendToLocalServer|Sending packet to server Packet[LOGIN_REQUEST] #656 TEAM79 @ site 0 -> SERVER0 @ site 0
231209 103955.184|INFO|qtp135640095-41052|sendToLocalServer|Sent    packet to server Packet[LOGIN_REQUEST] #656 TEAM79 @ site 0 -> SERVER0 @ site 0
231209 103955.187|INFO|qtp135640095-41052|info|sendLoginRequest end - packet sent.
231209 103955.187|INFO|Thread-49383|run|send(Serializable)
231209 103955.195|INFO|Thread-49382|receive|public void receive(SealedObject TransportPacket, ConnectionHandlerID connectionHandlerID)
231209 103955.203|INFO|Thread-49384|info| receiveObject(S) start got Packet[LOGIN_SUCCESS] #3606 SERVER0 @ site 1 -> TEAM79 @ site 1
231209 103955.203|INFO|Thread-49384|dumpPacket|Packet LOGIN_SUCCESS (Seq #3606, o#3606 ) recieveObject
231209 103955.203|INFO|Thread-49384|dumpPacket|  From: SERVER0 @ site 1, oSERVER0 @ site 1 (DESKTOP-D75BQTV @ 212.212.212.212) (Contest Id: RealDeal--1957769244132597914)
231209 103955.203|INFO|Thread-49384|dumpPacket|    To: TEAM79 @ site 1
231209 103955.203|INFO|Thread-49384|dumpPacket|   key: PROFILE_LIST is: [Ledu.csus.ecs.pc2.core.model.Profile; [Ledu.csus.ecs.pc2.core.model.Profile;@3a676ad3
231209 103955.203|INFO|Thread-49384|dumpPacket|   key: GENERAL_PROBLEM is: edu.csus.ecs.pc2.core.model.Problem General
231209 103955.203|INFO|Thread-49384|dumpPacket|   key: CLIENT_SETTINGS_LIST is: [Ledu.csus.ecs.pc2.core.model.ClientSettings; [Ledu.csus.ecs.pc2.core.model.ClientSettings;@34a083ef
231209 103955.203|INFO|Thread-49384|dumpPacket|   key: CONTEST_TIME is: edu.csus.ecs.pc2.core.model.ContestTime edu.csus.ecs.pc2.core.model.ContestTime@309f01a3
231209 103955.203|INFO|Thread-49384|dumpPacket|   key: CLARIFICATION_LIST is: [Ledu.csus.ecs.pc2.core.model.Clarification; [Ledu.csus.ecs.pc2.core.model.Clarification;@759d89d4
231209 103955.203|INFO|Thread-49384|dumpPacket|   key: CATEGORY_LIST is: [Ledu.csus.ecs.pc2.core.model.Category; [Ledu.csus.ecs.pc2.core.model.Category;@742d4446
231209 103955.203|INFO|Thread-49384|dumpPacket|   key: LANGUAGE_LIST is: [Ledu.csus.ecs.pc2.core.model.Language; [Ledu.csus.ecs.pc2.core.model.Language;@44a21ed7
231209 103955.203|INFO|Thread-49384|dumpPacket|   key: REMOTE_LOGGED_IN_USERS is: [Ledu.csus.ecs.pc2.core.model.ClientId; [Ledu.csus.ecs.pc2.core.model.ClientId;@cf88df9
231209 103955.203|INFO|Thread-49384|dumpPacket|   key: CONTEST_TIME_LIST is: [Ledu.csus.ecs.pc2.core.model.ContestTime; [Ledu.csus.ecs.pc2.core.model.ContestTime;@15b2769b
231209 103955.203|INFO|Thread-49384|dumpPacket|   key: CONNECTION_HANDLE_ID_LIST is: [Ledu.csus.ecs.pc2.core.transport.ConnectionHandlerID; [Ledu.csus.ecs.pc2.core.transport.ConnectionHandlerID;@b231f1f
231209 103955.203|INFO|Thread-49384|dumpPacket|   key: PROFILE is: edu.csus.ecs.pc2.core.model.Profile RealDeal--1957769244132597914
231209 103955.203|INFO|Thread-49384|dumpPacket|   key: CLIENT_ID is: edu.csus.ecs.pc2.core.model.ClientId TEAM79 @ site 1
231209 103955.203|INFO|Thread-49384|dumpPacket|   key: SITE_NUMBER is: java.lang.Integer 1
231209 103955.203|INFO|Thread-49384|dumpPacket|   key: CONTEST_INFORMATION is: edu.csus.ecs.pc2.core.model.ContestInformation edu.csus.ecs.pc2.core.model.ContestInformation@5fa3ec0a
231209 103955.203|INFO|Thread-49384|dumpPacket|   key: SITE_LIST is: [Ledu.csus.ecs.pc2.core.model.Site; [Ledu.csus.ecs.pc2.core.model.Site;@17fc2542
231209 103955.203|INFO|Thread-49384|dumpPacket|   key: PROBLEM_DATA_FILES is: [Ledu.csus.ecs.pc2.core.model.ProblemDataFiles; [Ledu.csus.ecs.pc2.core.model.ProblemDataFiles;@11fc8f88
231209 103955.203|INFO|Thread-49384|dumpPacket|   key: JUDGEMENT_LIST is: [Ledu.csus.ecs.pc2.core.model.Judgement; [Ledu.csus.ecs.pc2.core.model.Judgement;@234b14f
231209 103955.203|INFO|Thread-49384|dumpPacket|   key: PROBLEM_LIST is: [Ledu.csus.ecs.pc2.core.model.Problem; [Ledu.csus.ecs.pc2.core.model.Problem;@4237cebf
231209 103955.203|INFO|Thread-49384|dumpPacket|   key: GROUP_LIST is: [Ledu.csus.ecs.pc2.core.model.Group; [Ledu.csus.ecs.pc2.core.model.Group;@3417358e
231209 103955.203|INFO|Thread-49384|dumpPacket|   key: LOCAL_LOGGED_IN_USERS is: [Ledu.csus.ecs.pc2.core.model.ClientId; [Ledu.csus.ecs.pc2.core.model.ClientId;@41627c4b
231209 103955.203|INFO|Thread-49384|dumpPacket|   key: SERVER_CLOCK_OFFSET is: java.util.GregorianCalendar java.util.GregorianCalendar[time=1702139995187,areFieldsSet=true,areAllFieldsSet=false,lenient=true,zone=sun.util.calendar.ZoneInfo[id="GMT",offset=0,dstSavings=0,useDaylight=false,transitions=0,lastRule=null],firstDayOfWeek=1,minimalDaysInFirstWeek=1,ERA=1,YEAR=2023,MONTH=11,WEEK_OF_YEAR=49,WEEK_OF_MONTH=2,DAY_OF_MONTH=9,DAY_OF_YEAR=343,DAY_OF_WEEK=7,DAY_OF_WEEK_IN_MONTH=2,AM_PM=1,HOUR=4,HOUR_OF_DAY=16,MINUTE=39,SECOND=55,MILLISECOND=187,ZONE_OFFSET=0,DST_OFFSET=0]
231209 103955.203|INFO|Thread-49384|dumpPacket|   key: CONTEST_IDENTIFIER is: java.lang.String RealDeal--1957769244132597914
231209 103955.203|INFO|Thread-49384|dumpPacket|   key: BALLOON_SETTINGS_LIST is: [Ledu.csus.ecs.pc2.core.model.BalloonSettings; [Ledu.csus.ecs.pc2.core.model.BalloonSettings;@667b13e1
231209 103955.203|INFO|Thread-49384|dumpPacket|   key: RUN_LIST is: [Ledu.csus.ecs.pc2.core.model.Run; [Ledu.csus.ecs.pc2.core.model.Run;@1a456ba7
231209 103955.203|INFO|Thread-49384|dumpPacket|   key: ACCOUNT_ARRAY is: [Ledu.csus.ecs.pc2.core.model.Account; [Ledu.csus.ecs.pc2.core.model.Account;@17739624
231209 103955.203|INFO|Thread-49384|info|handlePacket start Packet[LOGIN_SUCCESS] #3606 SERVER0 @ site 1 -> TEAM79 @ site 1
231209 103955.203|INFO|Thread-49384|dumpPacket|Packet LOGIN_SUCCESS (Seq #3606, o#3606 ) handlePacket
231209 103955.203|INFO|Thread-49384|dumpPacket|  From: SERVER0 @ site 1, oSERVER0 @ site 1 (DESKTOP-D75BQTV @ 212.212.212.212) (Contest Id: RealDeal--1957769244132597914)
231209 103955.203|INFO|Thread-49384|dumpPacket|    To: TEAM79 @ site 1
231209 103955.203|INFO|Thread-49384|dumpPacket|   key: PROFILE_LIST is: [Ledu.csus.ecs.pc2.core.model.Profile; [Ledu.csus.ecs.pc2.core.model.Profile;@3a676ad3
231209 103955.203|INFO|Thread-49384|dumpPacket|   key: GENERAL_PROBLEM is: edu.csus.ecs.pc2.core.model.Problem General
231209 103955.203|INFO|Thread-49384|dumpPacket|   key: CLIENT_SETTINGS_LIST is: [Ledu.csus.ecs.pc2.core.model.ClientSettings; [Ledu.csus.ecs.pc2.core.model.ClientSettings;@34a083ef
231209 103955.203|INFO|Thread-49384|dumpPacket|   key: CONTEST_TIME is: edu.csus.ecs.pc2.core.model.ContestTime edu.csus.ecs.pc2.core.model.ContestTime@309f01a3
231209 103955.203|INFO|Thread-49384|dumpPacket|   key: CLARIFICATION_LIST is: [Ledu.csus.ecs.pc2.core.model.Clarification; [Ledu.csus.ecs.pc2.core.model.Clarification;@759d89d4
231209 103955.203|INFO|Thread-49384|dumpPacket|   key: CATEGORY_LIST is: [Ledu.csus.ecs.pc2.core.model.Category; [Ledu.csus.ecs.pc2.core.model.Category;@742d4446
231209 103955.203|INFO|Thread-49384|dumpPacket|   key: LANGUAGE_LIST is: [Ledu.csus.ecs.pc2.core.model.Language; [Ledu.csus.ecs.pc2.core.model.Language;@44a21ed7
231209 103955.203|INFO|Thread-49384|dumpPacket|   key: REMOTE_LOGGED_IN_USERS is: [Ledu.csus.ecs.pc2.core.model.ClientId; [Ledu.csus.ecs.pc2.core.model.ClientId;@cf88df9
231209 103955.203|INFO|Thread-49384|dumpPacket|   key: CONTEST_TIME_LIST is: [Ledu.csus.ecs.pc2.core.model.ContestTime; [Ledu.csus.ecs.pc2.core.model.ContestTime;@15b2769b
231209 103955.203|INFO|Thread-49384|dumpPacket|   key: CONNECTION_HANDLE_ID_LIST is: [Ledu.csus.ecs.pc2.core.transport.ConnectionHandlerID; [Ledu.csus.ecs.pc2.core.transport.ConnectionHandlerID;@b231f1f
231209 103955.203|INFO|Thread-49384|dumpPacket|   key: PROFILE is: edu.csus.ecs.pc2.core.model.Profile RealDeal--1957769244132597914
231209 103955.203|INFO|Thread-49384|dumpPacket|   key: CLIENT_ID is: edu.csus.ecs.pc2.core.model.ClientId TEAM79 @ site 1
231209 103955.203|INFO|Thread-49384|dumpPacket|   key: SITE_NUMBER is: java.lang.Integer 1
231209 103955.203|INFO|Thread-49384|dumpPacket|   key: CONTEST_INFORMATION is: edu.csus.ecs.pc2.core.model.ContestInformation edu.csus.ecs.pc2.core.model.ContestInformation@5fa3ec0a
231209 103955.203|INFO|Thread-49384|dumpPacket|   key: SITE_LIST is: [Ledu.csus.ecs.pc2.core.model.Site; [Ledu.csus.ecs.pc2.core.model.Site;@17fc2542
231209 103955.203|INFO|Thread-49384|dumpPacket|   key: PROBLEM_DATA_FILES is: [Ledu.csus.ecs.pc2.core.model.ProblemDataFiles; [Ledu.csus.ecs.pc2.core.model.ProblemDataFiles;@11fc8f88
231209 103955.203|INFO|Thread-49384|dumpPacket|   key: JUDGEMENT_LIST is: [Ledu.csus.ecs.pc2.core.model.Judgement; [Ledu.csus.ecs.pc2.core.model.Judgement;@234b14f
231209 103955.203|INFO|Thread-49384|dumpPacket|   key: PROBLEM_LIST is: [Ledu.csus.ecs.pc2.core.model.Problem; [Ledu.csus.ecs.pc2.core.model.Problem;@4237cebf
231209 103955.203|INFO|Thread-49384|dumpPacket|   key: GROUP_LIST is: [Ledu.csus.ecs.pc2.core.model.Group; [Ledu.csus.ecs.pc2.core.model.Group;@3417358e
231209 103955.203|INFO|Thread-49384|dumpPacket|   key: LOCAL_LOGGED_IN_USERS is: [Ledu.csus.ecs.pc2.core.model.ClientId; [Ledu.csus.ecs.pc2.core.model.ClientId;@41627c4b
231209 103955.203|INFO|Thread-49384|dumpPacket|   key: SERVER_CLOCK_OFFSET is: java.util.GregorianCalendar java.util.GregorianCalendar[time=1702139995187,areFieldsSet=true,areAllFieldsSet=false,lenient=true,zone=sun.util.calendar.ZoneInfo[id="GMT",offset=0,dstSavings=0,useDaylight=false,transitions=0,lastRule=null],firstDayOfWeek=1,minimalDaysInFirstWeek=1,ERA=1,YEAR=2023,MONTH=11,WEEK_OF_YEAR=49,WEEK_OF_MONTH=2,DAY_OF_MONTH=9,DAY_OF_YEAR=343,DAY_OF_WEEK=7,DAY_OF_WEEK_IN_MONTH=2,AM_PM=1,HOUR=4,HOUR_OF_DAY=16,MINUTE=39,SECOND=55,MILLISECOND=187,ZONE_OFFSET=0,DST_OFFSET=0]
231209 103955.203|INFO|Thread-49384|dumpPacket|   key: CONTEST_IDENTIFIER is: java.lang.String RealDeal--1957769244132597914
231209 103955.203|INFO|Thread-49384|dumpPacket|   key: BALLOON_SETTINGS_LIST is: [Ledu.csus.ecs.pc2.core.model.BalloonSettings; [Ledu.csus.ecs.pc2.core.model.BalloonSettings;@667b13e1
231209 103955.203|INFO|Thread-49384|dumpPacket|   key: RUN_LIST is: [Ledu.csus.ecs.pc2.core.model.Run; [Ledu.csus.ecs.pc2.core.model.Run;@1a456ba7
231209 103955.203|INFO|Thread-49384|dumpPacket|   key: ACCOUNT_ARRAY is: [Ledu.csus.ecs.pc2.core.model.Account; [Ledu.csus.ecs.pc2.core.model.Account;@17739624
231209 104340.762|INFO|Thread-49382|receive|public void receive(SealedObject TransportPacket, ConnectionHandlerID connectionHandlerID)
231209 104545.646|INFO|Thread-51057|run|send(Serializable)
231209 104545.670|INFO|Thread-49382|receive|public void receive(SealedObject TransportPacket, ConnectionHandlerID connectionHandlerID)
231209 104557.548|INFO|Thread-49382|receive|public void receive(SealedObject TransportPacket, ConnectionHandlerID connectionHandlerID)
231209 104900.078|INFO|Thread-49382|receive|public void receive(SealedObject TransportPacket, ConnectionHandlerID connectionHandlerID)
231209 104938.105|INFO|Thread-49382|receive|public void receive(SealedObject TransportPacket, ConnectionHandlerID connectionHandlerID)
231209 105758.456|INFO|Thread-49382|receive|public void receive(SealedObject TransportPacket, ConnectionHandlerID connectionHandlerID)
231209 105842.161|INFO|Thread-64883|run|send(Serializable)
231209 105842.211|INFO|Thread-49382|receive|public void receive(SealedObject TransportPacket, ConnectionHandlerID connectionHandlerID)
231209 105915.852|INFO|Thread-49382|receive|public void receive(SealedObject TransportPacket, ConnectionHandlerID connectionHandlerID)
231209 110012.881|INFO|Thread-49382|receive|public void receive(SealedObject TransportPacket, ConnectionHandlerID connectionHandlerID)
231209 110139.169|INFO|Thread-49382|receive|public void receive(SealedObject TransportPacket, ConnectionHandlerID connectionHandlerID)
231209 110220.672|INFO|Thread-65151|run|send(Serializable)
231209 110220.735|INFO|Thread-49382|receive|public void receive(SealedObject TransportPacket, ConnectionHandlerID connectionHandlerID)
231209 110230.250|INFO|Thread-49382|receive|public void receive(SealedObject TransportPacket, ConnectionHandlerID connectionHandlerID)
231209 110446.753|INFO|Thread-49382|receive|public void receive(SealedObject TransportPacket, ConnectionHandlerID connectionHandlerID)
231209 110645.383|INFO|Thread-49382|receive|public void receive(SealedObject TransportPacket, ConnectionHandlerID connectionHandlerID)
231209 111315.646|INFO|Thread-49382|receive|public void receive(SealedObject TransportPacket, ConnectionHandlerID connectionHandlerID)
231209 111325.868|INFO|Thread-65659|run|send(Serializable)
231209 111325.949|INFO|Thread-49382|receive|public void receive(SealedObject TransportPacket, ConnectionHandlerID connectionHandlerID)
231209 111337.177|INFO|Thread-49382|receive|public void receive(SealedObject TransportPacket, ConnectionHandlerID connectionHandlerID)
231209 111453.416|INFO|Thread-65689|run|send(Serializable)
231209 111453.502|INFO|Thread-49382|receive|public void receive(SealedObject TransportPacket, ConnectionHandlerID connectionHandlerID)
231209 111459.731|INFO|Thread-49382|receive|public void receive(SealedObject TransportPacket, ConnectionHandlerID connectionHandlerID)
231209 111508.135|INFO|Thread-49382|receive|public void receive(SealedObject TransportPacket, ConnectionHandlerID connectionHandlerID)
231209 113442.295|INFO|Thread-66180|run|send(Serializable)
231209 113442.432|INFO|Thread-49382|receive|public void receive(SealedObject TransportPacket, ConnectionHandlerID connectionHandlerID)
231209 113448.407|INFO|Thread-49382|receive|public void receive(SealedObject TransportPacket, ConnectionHandlerID connectionHandlerID)
231209 113746.111|INFO|Thread-66246|run|send(Serializable)
231209 113746.251|INFO|Thread-49382|receive|public void receive(SealedObject TransportPacket, ConnectionHandlerID connectionHandlerID)
231209 113751.923|INFO|Thread-49382|receive|public void receive(SealedObject TransportPacket, ConnectionHandlerID connectionHandlerID)
231209 114115.306|INFO|Thread-66319|run|send(Serializable)
231209 114115.467|INFO|Thread-49382|receive|public void receive(SealedObject TransportPacket, ConnectionHandlerID connectionHandlerID)
231209 114123.079|INFO|Thread-49382|receive|public void receive(SealedObject TransportPacket, ConnectionHandlerID connectionHandlerID)
231209 114310.821|INFO|Thread-66354|run|send(Serializable)
231209 114310.988|INFO|Thread-49382|receive|public void receive(SealedObject TransportPacket, ConnectionHandlerID connectionHandlerID)
231209 114319.469|INFO|Thread-49382|receive|public void receive(SealedObject TransportPacket, ConnectionHandlerID connectionHandlerID)
231209 114356.528|INFO|Thread-66384|run|send(Serializable)
231209 114356.702|INFO|Thread-49382|receive|public void receive(SealedObject TransportPacket, ConnectionHandlerID connectionHandlerID)
231209 114430.791|INFO|Thread-49382|receive|public void receive(SealedObject TransportPacket, ConnectionHandlerID connectionHandlerID)
231209 115431.513|INFO|Thread-49382|receive|public void receive(SealedObject TransportPacket, ConnectionHandlerID connectionHandlerID)
231209 120209.554|INFO|Thread-66943|run|send(Serializable)
231209 120209.754|INFO|Thread-49382|receive|public void receive(SealedObject TransportPacket, ConnectionHandlerID connectionHandlerID)
231209 120224.345|INFO|Thread-49382|receive|public void receive(SealedObject TransportPacket, ConnectionHandlerID connectionHandlerID)
231209 121821.572|INFO|Thread-67329|run|send(Serializable)
231209 121821.847|INFO|Thread-49382|receive|public void receive(SealedObject TransportPacket, ConnectionHandlerID connectionHandlerID)
231209 121840.892|INFO|Thread-49382|receive|public void receive(SealedObject TransportPacket, ConnectionHandlerID connectionHandlerID)
231209 122150.014|INFO|Thread-67422|run|send(Serializable)
231209 122150.289|INFO|Thread-49382|receive|public void receive(SealedObject TransportPacket, ConnectionHandlerID connectionHandlerID)
231209 122207.436|INFO|Thread-49382|receive|public void receive(SealedObject TransportPacket, ConnectionHandlerID connectionHandlerID)
231209 123129.728|INFO|Thread-67656|run|send(Serializable)
231209 123130.032|INFO|Thread-49382|receive|public void receive(SealedObject TransportPacket, ConnectionHandlerID connectionHandlerID)
231209 123141.484|INFO|Thread-49382|receive|public void receive(SealedObject TransportPacket, ConnectionHandlerID connectionHandlerID)
231209 123545.027|INFO|Thread-67771|run|send(Serializable)
231209 123545.343|INFO|Thread-49382|receive|public void receive(SealedObject TransportPacket, ConnectionHandlerID connectionHandlerID)
231209 123554.456|INFO|Thread-49382|receive|public void receive(SealedObject TransportPacket, ConnectionHandlerID connectionHandlerID)
231209 123911.705|INFO|Thread-67885|run|send(Serializable)
231209 123912.013|INFO|Thread-49382|receive|public void receive(SealedObject TransportPacket, ConnectionHandlerID connectionHandlerID)
231209 123922.133|INFO|Thread-49382|receive|public void receive(SealedObject TransportPacket, ConnectionHandlerID connectionHandlerID)
231209 125144.079|INFO|Thread-49382|connectionDropped|connectionDropped(ConnectionHandlerID myConnectionID) 
