231209 103737.484|CONFIG|qtp135640095-21784|setFileHandlers|Now logging to C:\Users\18328\Desktop\pc2\WebTeamInterface-1.1\logs directory.
231209 103737.484|INFO|qtp135640095-21784|info|
231209 103737.485|INFO|qtp135640095-21784|info|Version 9 () Java ver 18.0.2.1 build  Windows 11 10.0 (amd64) 
231209 103737.486|INFO|qtp135640095-21784|info|Login: team98 (aka team98)
231209 103737.486|INFO|qtp135640095-21784|startLog|Working directory is C:\Users\18328\Desktop\pc2\WebTeamInterface-1.1
231209 103737.486|INFO|qtp135640095-21784|startLog|Process id is 15028@DESKTOP-D75BQTV
231209 103737.486|INFO|qtp135640095-21784|info|Contacting server at localhost:50002 as TEAM98 @ site 0
231209 103737.486|INFO|qtp135640095-21784|info|sendLoginRequest start - sending from TEAM98 @ site 0
231209 103737.486|INFO|qtp135640095-21784|sendToLocalServer|Sending packet to server Packet[LOGIN_REQUEST] #580 TEAM98 @ site 0 -> SERVER0 @ site 0
231209 103737.486|INFO|qtp135640095-21784|sendToLocalServer|Sent    packet to server Packet[LOGIN_REQUEST] #580 TEAM98 @ site 0 -> SERVER0 @ site 0
231209 103737.486|INFO|qtp135640095-21784|info|sendLoginRequest end - packet sent.
231209 103737.486|INFO|Thread-49215|run|send(Serializable)
231209 103737.504|INFO|Thread-49214|receive|public void receive(SealedObject TransportPacket, ConnectionHandlerID connectionHandlerID)
231209 103737.504|INFO|Thread-49216|info| receiveObject(S) start got Packet[LOGIN_SUCCESS] #3331 SERVER0 @ site 1 -> TEAM98 @ site 1
231209 103737.504|INFO|Thread-49216|dumpPacket|Packet LOGIN_SUCCESS (Seq #3331, o#3331 ) recieveObject
231209 103737.504|INFO|Thread-49216|dumpPacket|  From: SERVER0 @ site 1, oSERVER0 @ site 1 (DESKTOP-D75BQTV @ 212.212.212.212) (Contest Id: RealDeal--1957769244132597914)
231209 103737.504|INFO|Thread-49216|dumpPacket|    To: TEAM98 @ site 1
231209 103737.504|INFO|Thread-49216|dumpPacket|   key: PROFILE_LIST is: [Ledu.csus.ecs.pc2.core.model.Profile; [Ledu.csus.ecs.pc2.core.model.Profile;@42100e4b
231209 103737.504|INFO|Thread-49216|dumpPacket|   key: GENERAL_PROBLEM is: edu.csus.ecs.pc2.core.model.Problem General
231209 103737.504|INFO|Thread-49216|dumpPacket|   key: CLIENT_SETTINGS_LIST is: [Ledu.csus.ecs.pc2.core.model.ClientSettings; [Ledu.csus.ecs.pc2.core.model.ClientSettings;@4cd7f879
231209 103737.504|INFO|Thread-49216|dumpPacket|   key: CONTEST_TIME is: edu.csus.ecs.pc2.core.model.ContestTime edu.csus.ecs.pc2.core.model.ContestTime@48e8653b
231209 103737.504|INFO|Thread-49216|dumpPacket|   key: CLARIFICATION_LIST is: [Ledu.csus.ecs.pc2.core.model.Clarification; [Ledu.csus.ecs.pc2.core.model.Clarification;@deaf242
231209 103737.504|INFO|Thread-49216|dumpPacket|   key: CATEGORY_LIST is: [Ledu.csus.ecs.pc2.core.model.Category; [Ledu.csus.ecs.pc2.core.model.Category;@4f4ad7e2
231209 103737.504|INFO|Thread-49216|dumpPacket|   key: LANGUAGE_LIST is: [Ledu.csus.ecs.pc2.core.model.Language; [Ledu.csus.ecs.pc2.core.model.Language;@3c2dfa42
231209 103737.512|INFO|Thread-49216|dumpPacket|   key: REMOTE_LOGGED_IN_USERS is: [Ledu.csus.ecs.pc2.core.model.ClientId; [Ledu.csus.ecs.pc2.core.model.ClientId;@37678141
231209 103737.512|INFO|Thread-49216|dumpPacket|   key: CONTEST_TIME_LIST is: [Ledu.csus.ecs.pc2.core.model.ContestTime; [Ledu.csus.ecs.pc2.core.model.ContestTime;@6dc50d0d
231209 103737.512|INFO|Thread-49216|dumpPacket|   key: CONNECTION_HANDLE_ID_LIST is: [Ledu.csus.ecs.pc2.core.transport.ConnectionHandlerID; [Ledu.csus.ecs.pc2.core.transport.ConnectionHandlerID;@74293290
231209 103737.512|INFO|Thread-49216|dumpPacket|   key: PROFILE is: edu.csus.ecs.pc2.core.model.Profile RealDeal--1957769244132597914
231209 103737.512|INFO|Thread-49216|dumpPacket|   key: CLIENT_ID is: edu.csus.ecs.pc2.core.model.ClientId TEAM98 @ site 1
231209 103737.512|INFO|Thread-49216|dumpPacket|   key: SITE_NUMBER is: java.lang.Integer 1
231209 103737.512|INFO|Thread-49216|dumpPacket|   key: CONTEST_INFORMATION is: edu.csus.ecs.pc2.core.model.ContestInformation edu.csus.ecs.pc2.core.model.ContestInformation@278529bd
231209 103737.512|INFO|Thread-49216|dumpPacket|   key: SITE_LIST is: [Ledu.csus.ecs.pc2.core.model.Site; [Ledu.csus.ecs.pc2.core.model.Site;@2c63c985
231209 103737.512|INFO|Thread-49216|dumpPacket|   key: PROBLEM_DATA_FILES is: [Ledu.csus.ecs.pc2.core.model.ProblemDataFiles; [Ledu.csus.ecs.pc2.core.model.ProblemDataFiles;@698b1461
231209 103737.512|INFO|Thread-49216|dumpPacket|   key: JUDGEMENT_LIST is: [Ledu.csus.ecs.pc2.core.model.Judgement; [Ledu.csus.ecs.pc2.core.model.Judgement;@540b0672
231209 103737.512|INFO|Thread-49216|dumpPacket|   key: PROBLEM_LIST is: [Ledu.csus.ecs.pc2.core.model.Problem; [Ledu.csus.ecs.pc2.core.model.Problem;@5acd158f
231209 103737.512|INFO|Thread-49216|dumpPacket|   key: GROUP_LIST is: [Ledu.csus.ecs.pc2.core.model.Group; [Ledu.csus.ecs.pc2.core.model.Group;@6850c0b2
231209 103737.512|INFO|Thread-49216|dumpPacket|   key: LOCAL_LOGGED_IN_USERS is: [Ledu.csus.ecs.pc2.core.model.ClientId; [Ledu.csus.ecs.pc2.core.model.ClientId;@59c9f9c5
231209 103737.512|INFO|Thread-49216|dumpPacket|   key: SERVER_CLOCK_OFFSET is: java.util.GregorianCalendar java.util.GregorianCalendar[time=1702139857500,areFieldsSet=true,areAllFieldsSet=false,lenient=true,zone=sun.util.calendar.ZoneInfo[id="GMT",offset=0,dstSavings=0,useDaylight=false,transitions=0,lastRule=null],firstDayOfWeek=1,minimalDaysInFirstWeek=1,ERA=1,YEAR=2023,MONTH=11,WEEK_OF_YEAR=49,WEEK_OF_MONTH=2,DAY_OF_MONTH=9,DAY_OF_YEAR=343,DAY_OF_WEEK=7,DAY_OF_WEEK_IN_MONTH=2,AM_PM=1,HOUR=4,HOUR_OF_DAY=16,MINUTE=37,SECOND=37,MILLISECOND=500,ZONE_OFFSET=0,DST_OFFSET=0]
231209 103737.512|INFO|Thread-49216|dumpPacket|   key: CONTEST_IDENTIFIER is: java.lang.String RealDeal--1957769244132597914
231209 103737.512|INFO|Thread-49216|dumpPacket|   key: BALLOON_SETTINGS_LIST is: [Ledu.csus.ecs.pc2.core.model.BalloonSettings; [Ledu.csus.ecs.pc2.core.model.BalloonSettings;@557d4c18
231209 103737.512|INFO|Thread-49216|dumpPacket|   key: RUN_LIST is: [Ledu.csus.ecs.pc2.core.model.Run; [Ledu.csus.ecs.pc2.core.model.Run;@67ae4a55
231209 103737.512|INFO|Thread-49216|dumpPacket|   key: ACCOUNT_ARRAY is: [Ledu.csus.ecs.pc2.core.model.Account; [Ledu.csus.ecs.pc2.core.model.Account;@9155342
231209 103737.512|INFO|Thread-49216|info|handlePacket start Packet[LOGIN_SUCCESS] #3331 SERVER0 @ site 1 -> TEAM98 @ site 1
231209 103737.512|INFO|Thread-49216|dumpPacket|Packet LOGIN_SUCCESS (Seq #3331, o#3331 ) handlePacket
231209 103737.512|INFO|Thread-49216|dumpPacket|  From: SERVER0 @ site 1, oSERVER0 @ site 1 (DESKTOP-D75BQTV @ 212.212.212.212) (Contest Id: RealDeal--1957769244132597914)
231209 103737.512|INFO|Thread-49216|dumpPacket|    To: TEAM98 @ site 1
231209 103737.512|INFO|Thread-49216|dumpPacket|   key: PROFILE_LIST is: [Ledu.csus.ecs.pc2.core.model.Profile; [Ledu.csus.ecs.pc2.core.model.Profile;@42100e4b
231209 103737.512|INFO|Thread-49216|dumpPacket|   key: GENERAL_PROBLEM is: edu.csus.ecs.pc2.core.model.Problem General
231209 103737.512|INFO|Thread-49216|dumpPacket|   key: CLIENT_SETTINGS_LIST is: [Ledu.csus.ecs.pc2.core.model.ClientSettings; [Ledu.csus.ecs.pc2.core.model.ClientSettings;@4cd7f879
231209 103737.512|INFO|Thread-49216|dumpPacket|   key: CONTEST_TIME is: edu.csus.ecs.pc2.core.model.ContestTime edu.csus.ecs.pc2.core.model.ContestTime@48e8653b
231209 103737.512|INFO|Thread-49216|dumpPacket|   key: CLARIFICATION_LIST is: [Ledu.csus.ecs.pc2.core.model.Clarification; [Ledu.csus.ecs.pc2.core.model.Clarification;@deaf242
231209 103737.512|INFO|Thread-49216|dumpPacket|   key: CATEGORY_LIST is: [Ledu.csus.ecs.pc2.core.model.Category; [Ledu.csus.ecs.pc2.core.model.Category;@4f4ad7e2
231209 103737.512|INFO|Thread-49216|dumpPacket|   key: LANGUAGE_LIST is: [Ledu.csus.ecs.pc2.core.model.Language; [Ledu.csus.ecs.pc2.core.model.Language;@3c2dfa42
231209 103737.512|INFO|Thread-49216|dumpPacket|   key: REMOTE_LOGGED_IN_USERS is: [Ledu.csus.ecs.pc2.core.model.ClientId; [Ledu.csus.ecs.pc2.core.model.ClientId;@37678141
231209 103737.512|INFO|Thread-49216|dumpPacket|   key: CONTEST_TIME_LIST is: [Ledu.csus.ecs.pc2.core.model.ContestTime; [Ledu.csus.ecs.pc2.core.model.ContestTime;@6dc50d0d
231209 103737.512|INFO|Thread-49216|dumpPacket|   key: CONNECTION_HANDLE_ID_LIST is: [Ledu.csus.ecs.pc2.core.transport.ConnectionHandlerID; [Ledu.csus.ecs.pc2.core.transport.ConnectionHandlerID;@74293290
231209 103737.512|INFO|Thread-49216|dumpPacket|   key: PROFILE is: edu.csus.ecs.pc2.core.model.Profile RealDeal--1957769244132597914
231209 103737.512|INFO|Thread-49216|dumpPacket|   key: CLIENT_ID is: edu.csus.ecs.pc2.core.model.ClientId TEAM98 @ site 1
231209 103737.512|INFO|Thread-49216|dumpPacket|   key: SITE_NUMBER is: java.lang.Integer 1
231209 103737.512|INFO|Thread-49216|dumpPacket|   key: CONTEST_INFORMATION is: edu.csus.ecs.pc2.core.model.ContestInformation edu.csus.ecs.pc2.core.model.ContestInformation@278529bd
231209 103737.512|INFO|Thread-49216|dumpPacket|   key: SITE_LIST is: [Ledu.csus.ecs.pc2.core.model.Site; [Ledu.csus.ecs.pc2.core.model.Site;@2c63c985
231209 103737.512|INFO|Thread-49216|dumpPacket|   key: PROBLEM_DATA_FILES is: [Ledu.csus.ecs.pc2.core.model.ProblemDataFiles; [Ledu.csus.ecs.pc2.core.model.ProblemDataFiles;@698b1461
231209 103737.512|INFO|Thread-49216|dumpPacket|   key: JUDGEMENT_LIST is: [Ledu.csus.ecs.pc2.core.model.Judgement; [Ledu.csus.ecs.pc2.core.model.Judgement;@540b0672
231209 103737.512|INFO|Thread-49216|dumpPacket|   key: PROBLEM_LIST is: [Ledu.csus.ecs.pc2.core.model.Problem; [Ledu.csus.ecs.pc2.core.model.Problem;@5acd158f
231209 103737.512|INFO|Thread-49216|dumpPacket|   key: GROUP_LIST is: [Ledu.csus.ecs.pc2.core.model.Group; [Ledu.csus.ecs.pc2.core.model.Group;@6850c0b2
231209 103737.512|INFO|Thread-49216|dumpPacket|   key: LOCAL_LOGGED_IN_USERS is: [Ledu.csus.ecs.pc2.core.model.ClientId; [Ledu.csus.ecs.pc2.core.model.ClientId;@59c9f9c5
231209 103737.512|INFO|Thread-49216|dumpPacket|   key: SERVER_CLOCK_OFFSET is: java.util.GregorianCalendar java.util.GregorianCalendar[time=1702139857500,areFieldsSet=true,areAllFieldsSet=false,lenient=true,zone=sun.util.calendar.ZoneInfo[id="GMT",offset=0,dstSavings=0,useDaylight=false,transitions=0,lastRule=null],firstDayOfWeek=1,minimalDaysInFirstWeek=1,ERA=1,YEAR=2023,MONTH=11,WEEK_OF_YEAR=49,WEEK_OF_MONTH=2,DAY_OF_MONTH=9,DAY_OF_YEAR=343,DAY_OF_WEEK=7,DAY_OF_WEEK_IN_MONTH=2,AM_PM=1,HOUR=4,HOUR_OF_DAY=16,MINUTE=37,SECOND=37,MILLISECOND=500,ZONE_OFFSET=0,DST_OFFSET=0]
231209 103737.512|INFO|Thread-49216|dumpPacket|   key: CONTEST_IDENTIFIER is: java.lang.String RealDeal--1957769244132597914
231209 103737.512|INFO|Thread-49216|dumpPacket|   key: BALLOON_SETTINGS_LIST is: [Ledu.csus.ecs.pc2.core.model.BalloonSettings; [Ledu.csus.ecs.pc2.core.model.BalloonSettings;@557d4c18
231209 103737.512|INFO|Thread-49216|dumpPacket|   key: RUN_LIST is: [Ledu.csus.ecs.pc2.core.model.Run; [Ledu.csus.ecs.pc2.core.model.Run;@67ae4a55
231209 103737.512|INFO|Thread-49216|dumpPacket|   key: ACCOUNT_ARRAY is: [Ledu.csus.ecs.pc2.core.model.Account; [Ledu.csus.ecs.pc2.core.model.Account;@9155342
231209 103826.985|INFO|Thread-49214|connectionDropped|connectionDropped(ConnectionHandlerID myConnectionID) 
