221210 081013.608|CONFIG|qtp996796369-1042|setFileHandlers|Now logging to C:\Users\18328\Desktop\pc2\WebTeamInterface-1.1\logs directory.
221210 081013.608|INFO|qtp996796369-1042|info|
221210 081013.608|INFO|qtp996796369-1042|info|Version 9 () Java ver 18.0.2.1 build  Windows 11 10.0 (amd64) 
221210 081013.608|INFO|qtp996796369-1042|info|Login: team68 (aka team68)
221210 081013.609|INFO|qtp996796369-1042|startLog|Working directory is C:\Users\18328\Desktop\pc2\WebTeamInterface-1.1
221210 081013.609|INFO|qtp996796369-1042|startLog|Process id is 20708@DESKTOP-D75BQTV
221210 081013.609|INFO|Thread-2001|getPublicKeyPacket|Generating Unencrypted Public Key Packet
221210 081013.609|INFO|qtp996796369-1042|info|Contacting server at 212.212.212.212:50002 as TEAM68 @ site 0
221210 081013.609|INFO|Thread-2001|getPublicKeyPacket|checking key:= SunJCE Diffie-Hellman Public Key:
y:
    c54fdc0e a6273aa5 f79da772 5cf78840 5f14622c be5ce407 d5a696ed c861c875
    2c32b644 12f378cc 6816d6ac 43b7d1d0 c014d3b3 7eebe22e d4a1838d d99a0f9a
    d1891ee2 f976ffd8 31177750 df71a53d 079903d2 4e71694f 464f000d efa6a711
    70d03d16 8c680a0e 8170d2a0 8e55d32e 633f51cf 25652c42 2161e9ab b764b595
p:
    f488fd58 4e49dbcd 20b49de4 9107366b 336c380d 451d0f7c 88b31c7c 5b2d8ef6
    f3c923c0 43f0a55b 188d8ebb 558cb85d 38d334fd 7c175743 a31d186c de33212c
    b52aff3c e1b12940 18118d7c 84a70a72 d686c403 19c80729 7aca950c d9969fab
    d00a509b 0246d308 3d66a45d 419f9c7c bd894b22 1926baab a25ec355 e92f78c7
g:
    02
l:
    512
221210 081013.609|INFO|Thread-2001|getPublicKeyPacket|packet:= edu.csus.ecs.pc2.core.transport.TransportWrapper@27f6ed05
221210 081013.609|INFO|qtp996796369-1042|info|sendLoginRequest start - sending from TEAM68 @ site 0
221210 081013.609|INFO|qtp996796369-1042|sendToLocalServer|Sending packet to server Packet[LOGIN_REQUEST] #103 TEAM68 @ site 0 -> SERVER0 @ site 0
221210 081013.609|INFO|qtp996796369-1042|sendToLocalServer|Sent    packet to server Packet[LOGIN_REQUEST] #103 TEAM68 @ site 0 -> SERVER0 @ site 0
221210 081013.609|INFO|qtp996796369-1042|info|sendLoginRequest end - packet sent.
221210 081013.609|INFO|Thread-2002|run|send(Serializable)
221210 081013.614|INFO|Thread-2001|receive|public void receive(SealedObject TransportPacket, ConnectionHandlerID connectionHandlerID)
221210 081013.615|INFO|Thread-2003|info| receiveObject(S) start got Packet[LOGIN_SUCCESS] #728 SERVER0 @ site 1 -> TEAM68 @ site 1
221210 081013.615|INFO|Thread-2003|dumpPacket|Packet LOGIN_SUCCESS (Seq #728, o#728 ) recieveObject
221210 081013.615|INFO|Thread-2003|dumpPacket|  From: SERVER0 @ site 1, oSERVER0 @ site 1 (DESKTOP-D75BQTV @ 212.212.212.212) (Contest Id: DryRun--5544400451244233091)
221210 081013.615|INFO|Thread-2003|dumpPacket|    To: TEAM68 @ site 1
221210 081013.616|INFO|Thread-2003|dumpPacket|   key: PROFILE_LIST is: [Ledu.csus.ecs.pc2.core.model.Profile; [Ledu.csus.ecs.pc2.core.model.Profile;@23ceaf2b
221210 081013.616|INFO|Thread-2003|dumpPacket|   key: GENERAL_PROBLEM is: edu.csus.ecs.pc2.core.model.Problem General
221210 081013.616|INFO|Thread-2003|dumpPacket|   key: CLIENT_SETTINGS_LIST is: [Ledu.csus.ecs.pc2.core.model.ClientSettings; [Ledu.csus.ecs.pc2.core.model.ClientSettings;@2d095522
221210 081013.616|INFO|Thread-2003|dumpPacket|   key: CONTEST_TIME is: edu.csus.ecs.pc2.core.model.ContestTime edu.csus.ecs.pc2.core.model.ContestTime@2936c45b
221210 081013.616|INFO|Thread-2003|dumpPacket|   key: CLARIFICATION_LIST is: [Ledu.csus.ecs.pc2.core.model.Clarification; [Ledu.csus.ecs.pc2.core.model.Clarification;@6c345f19
221210 081013.616|INFO|Thread-2003|dumpPacket|   key: CATEGORY_LIST is: [Ledu.csus.ecs.pc2.core.model.Category; [Ledu.csus.ecs.pc2.core.model.Category;@3ad50243
221210 081013.616|INFO|Thread-2003|dumpPacket|   key: LANGUAGE_LIST is: [Ledu.csus.ecs.pc2.core.model.Language; [Ledu.csus.ecs.pc2.core.model.Language;@5d92f07e
221210 081013.616|INFO|Thread-2003|dumpPacket|   key: REMOTE_LOGGED_IN_USERS is: [Ledu.csus.ecs.pc2.core.model.ClientId; [Ledu.csus.ecs.pc2.core.model.ClientId;@4299f38b
221210 081013.616|INFO|Thread-2003|dumpPacket|   key: CONTEST_TIME_LIST is: [Ledu.csus.ecs.pc2.core.model.ContestTime; [Ledu.csus.ecs.pc2.core.model.ContestTime;@c1ba056
221210 081013.616|INFO|Thread-2003|dumpPacket|   key: CONNECTION_HANDLE_ID_LIST is: [Ledu.csus.ecs.pc2.core.transport.ConnectionHandlerID; [Ledu.csus.ecs.pc2.core.transport.ConnectionHandlerID;@1ece7c8c
221210 081013.616|INFO|Thread-2003|dumpPacket|   key: PROFILE is: edu.csus.ecs.pc2.core.model.Profile DryRun--5544400451244233091
221210 081013.616|INFO|Thread-2003|dumpPacket|   key: CLIENT_ID is: edu.csus.ecs.pc2.core.model.ClientId TEAM68 @ site 1
221210 081013.616|INFO|Thread-2003|dumpPacket|   key: SITE_NUMBER is: java.lang.Integer 1
221210 081013.616|INFO|Thread-2003|dumpPacket|   key: CONTEST_INFORMATION is: edu.csus.ecs.pc2.core.model.ContestInformation edu.csus.ecs.pc2.core.model.ContestInformation@54156e2b
221210 081013.616|INFO|Thread-2003|dumpPacket|   key: SITE_LIST is: [Ledu.csus.ecs.pc2.core.model.Site; [Ledu.csus.ecs.pc2.core.model.Site;@599dda89
221210 081013.616|INFO|Thread-2003|dumpPacket|   key: PROBLEM_DATA_FILES is: [Ledu.csus.ecs.pc2.core.model.ProblemDataFiles; [Ledu.csus.ecs.pc2.core.model.ProblemDataFiles;@855d8fc
221210 081013.616|INFO|Thread-2003|dumpPacket|   key: JUDGEMENT_LIST is: [Ledu.csus.ecs.pc2.core.model.Judgement; [Ledu.csus.ecs.pc2.core.model.Judgement;@6512ff66
221210 081013.616|INFO|Thread-2003|dumpPacket|   key: PROBLEM_LIST is: [Ledu.csus.ecs.pc2.core.model.Problem; [Ledu.csus.ecs.pc2.core.model.Problem;@1a09b1d9
221210 081013.616|INFO|Thread-2003|dumpPacket|   key: GROUP_LIST is: [Ledu.csus.ecs.pc2.core.model.Group; [Ledu.csus.ecs.pc2.core.model.Group;@2df77983
221210 081013.616|INFO|Thread-2003|dumpPacket|   key: LOCAL_LOGGED_IN_USERS is: [Ledu.csus.ecs.pc2.core.model.ClientId; [Ledu.csus.ecs.pc2.core.model.ClientId;@b43d6f9
221210 081013.616|INFO|Thread-2003|dumpPacket|   key: SERVER_CLOCK_OFFSET is: java.util.GregorianCalendar java.util.GregorianCalendar[time=1670681413612,areFieldsSet=true,areAllFieldsSet=false,lenient=true,zone=sun.util.calendar.ZoneInfo[id="GMT",offset=0,dstSavings=0,useDaylight=false,transitions=0,lastRule=null],firstDayOfWeek=1,minimalDaysInFirstWeek=1,ERA=1,YEAR=2022,MONTH=11,WEEK_OF_YEAR=50,WEEK_OF_MONTH=2,DAY_OF_MONTH=10,DAY_OF_YEAR=344,DAY_OF_WEEK=7,DAY_OF_WEEK_IN_MONTH=2,AM_PM=1,HOUR=2,HOUR_OF_DAY=14,MINUTE=10,SECOND=13,MILLISECOND=612,ZONE_OFFSET=0,DST_OFFSET=0]
221210 081013.616|INFO|Thread-2003|dumpPacket|   key: CONTEST_IDENTIFIER is: java.lang.String DryRun--5544400451244233091
221210 081013.616|INFO|Thread-2003|dumpPacket|   key: BALLOON_SETTINGS_LIST is: [Ledu.csus.ecs.pc2.core.model.BalloonSettings; [Ledu.csus.ecs.pc2.core.model.BalloonSettings;@79d8f138
221210 081013.616|INFO|Thread-2003|dumpPacket|   key: RUN_LIST is: [Ledu.csus.ecs.pc2.core.model.Run; [Ledu.csus.ecs.pc2.core.model.Run;@2e8800a3
221210 081013.616|INFO|Thread-2003|dumpPacket|   key: ACCOUNT_ARRAY is: [Ledu.csus.ecs.pc2.core.model.Account; [Ledu.csus.ecs.pc2.core.model.Account;@38254f90
221210 081013.616|INFO|Thread-2003|info|handlePacket start Packet[LOGIN_SUCCESS] #728 SERVER0 @ site 1 -> TEAM68 @ site 1
221210 081013.616|INFO|Thread-2003|dumpPacket|Packet LOGIN_SUCCESS (Seq #728, o#728 ) handlePacket
221210 081013.616|INFO|Thread-2003|dumpPacket|  From: SERVER0 @ site 1, oSERVER0 @ site 1 (DESKTOP-D75BQTV @ 212.212.212.212) (Contest Id: DryRun--5544400451244233091)
221210 081013.616|INFO|Thread-2003|dumpPacket|    To: TEAM68 @ site 1
221210 081013.616|INFO|Thread-2003|dumpPacket|   key: PROFILE_LIST is: [Ledu.csus.ecs.pc2.core.model.Profile; [Ledu.csus.ecs.pc2.core.model.Profile;@23ceaf2b
221210 081013.616|INFO|Thread-2003|dumpPacket|   key: GENERAL_PROBLEM is: edu.csus.ecs.pc2.core.model.Problem General
221210 081013.616|INFO|Thread-2003|dumpPacket|   key: CLIENT_SETTINGS_LIST is: [Ledu.csus.ecs.pc2.core.model.ClientSettings; [Ledu.csus.ecs.pc2.core.model.ClientSettings;@2d095522
221210 081013.616|INFO|Thread-2003|dumpPacket|   key: CONTEST_TIME is: edu.csus.ecs.pc2.core.model.ContestTime edu.csus.ecs.pc2.core.model.ContestTime@2936c45b
221210 081013.616|INFO|Thread-2003|dumpPacket|   key: CLARIFICATION_LIST is: [Ledu.csus.ecs.pc2.core.model.Clarification; [Ledu.csus.ecs.pc2.core.model.Clarification;@6c345f19
221210 081013.616|INFO|Thread-2003|dumpPacket|   key: CATEGORY_LIST is: [Ledu.csus.ecs.pc2.core.model.Category; [Ledu.csus.ecs.pc2.core.model.Category;@3ad50243
221210 081013.616|INFO|Thread-2003|dumpPacket|   key: LANGUAGE_LIST is: [Ledu.csus.ecs.pc2.core.model.Language; [Ledu.csus.ecs.pc2.core.model.Language;@5d92f07e
221210 081013.616|INFO|Thread-2003|dumpPacket|   key: REMOTE_LOGGED_IN_USERS is: [Ledu.csus.ecs.pc2.core.model.ClientId; [Ledu.csus.ecs.pc2.core.model.ClientId;@4299f38b
221210 081013.616|INFO|Thread-2003|dumpPacket|   key: CONTEST_TIME_LIST is: [Ledu.csus.ecs.pc2.core.model.ContestTime; [Ledu.csus.ecs.pc2.core.model.ContestTime;@c1ba056
221210 081013.616|INFO|Thread-2003|dumpPacket|   key: CONNECTION_HANDLE_ID_LIST is: [Ledu.csus.ecs.pc2.core.transport.ConnectionHandlerID; [Ledu.csus.ecs.pc2.core.transport.ConnectionHandlerID;@1ece7c8c
221210 081013.616|INFO|Thread-2003|dumpPacket|   key: PROFILE is: edu.csus.ecs.pc2.core.model.Profile DryRun--5544400451244233091
221210 081013.616|INFO|Thread-2003|dumpPacket|   key: CLIENT_ID is: edu.csus.ecs.pc2.core.model.ClientId TEAM68 @ site 1
221210 081013.616|INFO|Thread-2003|dumpPacket|   key: SITE_NUMBER is: java.lang.Integer 1
221210 081013.616|INFO|Thread-2003|dumpPacket|   key: CONTEST_INFORMATION is: edu.csus.ecs.pc2.core.model.ContestInformation edu.csus.ecs.pc2.core.model.ContestInformation@54156e2b
221210 081013.616|INFO|Thread-2003|dumpPacket|   key: SITE_LIST is: [Ledu.csus.ecs.pc2.core.model.Site; [Ledu.csus.ecs.pc2.core.model.Site;@599dda89
221210 081013.616|INFO|Thread-2003|dumpPacket|   key: PROBLEM_DATA_FILES is: [Ledu.csus.ecs.pc2.core.model.ProblemDataFiles; [Ledu.csus.ecs.pc2.core.model.ProblemDataFiles;@855d8fc
221210 081013.616|INFO|Thread-2003|dumpPacket|   key: JUDGEMENT_LIST is: [Ledu.csus.ecs.pc2.core.model.Judgement; [Ledu.csus.ecs.pc2.core.model.Judgement;@6512ff66
221210 081013.616|INFO|Thread-2003|dumpPacket|   key: PROBLEM_LIST is: [Ledu.csus.ecs.pc2.core.model.Problem; [Ledu.csus.ecs.pc2.core.model.Problem;@1a09b1d9
221210 081013.616|INFO|Thread-2003|dumpPacket|   key: GROUP_LIST is: [Ledu.csus.ecs.pc2.core.model.Group; [Ledu.csus.ecs.pc2.core.model.Group;@2df77983
221210 081013.616|INFO|Thread-2003|dumpPacket|   key: LOCAL_LOGGED_IN_USERS is: [Ledu.csus.ecs.pc2.core.model.ClientId; [Ledu.csus.ecs.pc2.core.model.ClientId;@b43d6f9
221210 081013.616|INFO|Thread-2003|dumpPacket|   key: SERVER_CLOCK_OFFSET is: java.util.GregorianCalendar java.util.GregorianCalendar[time=1670681413612,areFieldsSet=true,areAllFieldsSet=false,lenient=true,zone=sun.util.calendar.ZoneInfo[id="GMT",offset=0,dstSavings=0,useDaylight=false,transitions=0,lastRule=null],firstDayOfWeek=1,minimalDaysInFirstWeek=1,ERA=1,YEAR=2022,MONTH=11,WEEK_OF_YEAR=50,WEEK_OF_MONTH=2,DAY_OF_MONTH=10,DAY_OF_YEAR=344,DAY_OF_WEEK=7,DAY_OF_WEEK_IN_MONTH=2,AM_PM=1,HOUR=2,HOUR_OF_DAY=14,MINUTE=10,SECOND=13,MILLISECOND=612,ZONE_OFFSET=0,DST_OFFSET=0]
221210 081013.616|INFO|Thread-2003|dumpPacket|   key: CONTEST_IDENTIFIER is: java.lang.String DryRun--5544400451244233091
221210 081013.616|INFO|Thread-2003|dumpPacket|   key: BALLOON_SETTINGS_LIST is: [Ledu.csus.ecs.pc2.core.model.BalloonSettings; [Ledu.csus.ecs.pc2.core.model.BalloonSettings;@79d8f138
221210 081013.616|INFO|Thread-2003|dumpPacket|   key: RUN_LIST is: [Ledu.csus.ecs.pc2.core.model.Run; [Ledu.csus.ecs.pc2.core.model.Run;@2e8800a3
221210 081013.616|INFO|Thread-2003|dumpPacket|   key: ACCOUNT_ARRAY is: [Ledu.csus.ecs.pc2.core.model.Account; [Ledu.csus.ecs.pc2.core.model.Account;@38254f90
221210 081103.873|INFO|Thread-2001|receive|public void receive(SealedObject TransportPacket, ConnectionHandlerID connectionHandlerID)
221210 083216.052|INFO|Thread-2001|receive|public void receive(SealedObject TransportPacket, ConnectionHandlerID connectionHandlerID)
221210 084028.475|INFO|Thread-2001|receive|public void receive(SealedObject TransportPacket, ConnectionHandlerID connectionHandlerID)
221210 104209.191|CONFIG|qtp1613095350-4118|setFileHandlers|Now logging to C:\Users\18328\Desktop\pc2\WebTeamInterface-1.1\logs directory.
221210 104209.191|INFO|qtp1613095350-4118|info|
221210 104209.191|INFO|qtp1613095350-4118|info|Version 9 () Java ver 18.0.2.1 build  Windows 11 10.0 (amd64) 
221210 104209.191|INFO|qtp1613095350-4118|info|Login: team68 (aka team68)
221210 104209.192|INFO|qtp1613095350-4118|startLog|Working directory is C:\Users\18328\Desktop\pc2\WebTeamInterface-1.1
221210 104209.192|INFO|qtp1613095350-4118|startLog|Process id is 22344@DESKTOP-D75BQTV
221210 104209.192|INFO|qtp1613095350-4118|info|Contacting server at 212.212.212.212:50002 as TEAM68 @ site 0
221210 104209.192|INFO|qtp1613095350-4118|info|sendLoginRequest start - sending from TEAM68 @ site 0
221210 104209.192|INFO|qtp1613095350-4118|sendToLocalServer|Sending packet to server Packet[LOGIN_REQUEST] #207 TEAM68 @ site 0 -> SERVER0 @ site 0
221210 104209.192|INFO|qtp1613095350-4118|sendToLocalServer|Sent    packet to server Packet[LOGIN_REQUEST] #207 TEAM68 @ site 0 -> SERVER0 @ site 0
221210 104209.192|INFO|qtp1613095350-4118|info|sendLoginRequest end - packet sent.
221210 104209.192|INFO|Thread-4198|run|send(Serializable)
221210 104209.196|INFO|Thread-4197|receive|public void receive(SealedObject TransportPacket, ConnectionHandlerID connectionHandlerID)
221210 104209.197|INFO|Thread-4199|info| receiveObject(S) start got Packet[LOGIN_SUCCESS] #3109 SERVER0 @ site 1 -> TEAM68 @ site 1
221210 104209.198|INFO|Thread-4199|dumpPacket|Packet LOGIN_SUCCESS (Seq #3109, o#3109 ) recieveObject
221210 104209.198|INFO|Thread-4199|dumpPacket|  From: SERVER0 @ site 1, oSERVER0 @ site 1 (DESKTOP-D75BQTV @ 212.212.212.212) (Contest Id: Contest-4511288556462302159)
221210 104209.198|INFO|Thread-4199|dumpPacket|    To: TEAM68 @ site 1
221210 104209.198|INFO|Thread-4199|dumpPacket|   key: PROFILE_LIST is: [Ledu.csus.ecs.pc2.core.model.Profile; [Ledu.csus.ecs.pc2.core.model.Profile;@4058171
221210 104209.198|INFO|Thread-4199|dumpPacket|   key: GENERAL_PROBLEM is: edu.csus.ecs.pc2.core.model.Problem General
221210 104209.198|INFO|Thread-4199|dumpPacket|   key: CLIENT_SETTINGS_LIST is: [Ledu.csus.ecs.pc2.core.model.ClientSettings; [Ledu.csus.ecs.pc2.core.model.ClientSettings;@ac26f81
221210 104209.198|INFO|Thread-4199|dumpPacket|   key: CONTEST_TIME is: edu.csus.ecs.pc2.core.model.ContestTime edu.csus.ecs.pc2.core.model.ContestTime@efdea01
221210 104209.198|INFO|Thread-4199|dumpPacket|   key: CLARIFICATION_LIST is: [Ledu.csus.ecs.pc2.core.model.Clarification; [Ledu.csus.ecs.pc2.core.model.Clarification;@4bff65ba
221210 104209.198|INFO|Thread-4199|dumpPacket|   key: CATEGORY_LIST is: [Ledu.csus.ecs.pc2.core.model.Category; [Ledu.csus.ecs.pc2.core.model.Category;@63596bbd
221210 104209.198|INFO|Thread-4199|dumpPacket|   key: LANGUAGE_LIST is: [Ledu.csus.ecs.pc2.core.model.Language; [Ledu.csus.ecs.pc2.core.model.Language;@7afeae30
221210 104209.198|INFO|Thread-4199|dumpPacket|   key: REMOTE_LOGGED_IN_USERS is: [Ledu.csus.ecs.pc2.core.model.ClientId; [Ledu.csus.ecs.pc2.core.model.ClientId;@1bb2fe8c
221210 104209.198|INFO|Thread-4199|dumpPacket|   key: CONTEST_TIME_LIST is: [Ledu.csus.ecs.pc2.core.model.ContestTime; [Ledu.csus.ecs.pc2.core.model.ContestTime;@2bd09af5
221210 104209.198|INFO|Thread-4199|dumpPacket|   key: CONNECTION_HANDLE_ID_LIST is: [Ledu.csus.ecs.pc2.core.transport.ConnectionHandlerID; [Ledu.csus.ecs.pc2.core.transport.ConnectionHandlerID;@3fc08b1
221210 104209.198|INFO|Thread-4199|dumpPacket|   key: PROFILE is: edu.csus.ecs.pc2.core.model.Profile Contest-4511288556462302159
221210 104209.198|INFO|Thread-4199|dumpPacket|   key: CLIENT_ID is: edu.csus.ecs.pc2.core.model.ClientId TEAM68 @ site 1
221210 104209.198|INFO|Thread-4199|dumpPacket|   key: SITE_NUMBER is: java.lang.Integer 1
221210 104209.198|INFO|Thread-4199|dumpPacket|   key: CONTEST_INFORMATION is: edu.csus.ecs.pc2.core.model.ContestInformation edu.csus.ecs.pc2.core.model.ContestInformation@c7cb9d0
221210 104209.198|INFO|Thread-4199|dumpPacket|   key: SITE_LIST is: [Ledu.csus.ecs.pc2.core.model.Site; [Ledu.csus.ecs.pc2.core.model.Site;@b6704d
221210 104209.198|INFO|Thread-4199|dumpPacket|   key: PROBLEM_DATA_FILES is: [Ledu.csus.ecs.pc2.core.model.ProblemDataFiles; [Ledu.csus.ecs.pc2.core.model.ProblemDataFiles;@2f9e459c
221210 104209.198|INFO|Thread-4199|dumpPacket|   key: JUDGEMENT_LIST is: [Ledu.csus.ecs.pc2.core.model.Judgement; [Ledu.csus.ecs.pc2.core.model.Judgement;@4c44795e
221210 104209.198|INFO|Thread-4199|dumpPacket|   key: PROBLEM_LIST is: [Ledu.csus.ecs.pc2.core.model.Problem; [Ledu.csus.ecs.pc2.core.model.Problem;@259ffb3f
221210 104209.198|INFO|Thread-4199|dumpPacket|   key: GROUP_LIST is: [Ledu.csus.ecs.pc2.core.model.Group; [Ledu.csus.ecs.pc2.core.model.Group;@1618d3d9
221210 104209.198|INFO|Thread-4199|dumpPacket|   key: LOCAL_LOGGED_IN_USERS is: [Ledu.csus.ecs.pc2.core.model.ClientId; [Ledu.csus.ecs.pc2.core.model.ClientId;@4b77d623
221210 104209.198|INFO|Thread-4199|dumpPacket|   key: SERVER_CLOCK_OFFSET is: java.util.GregorianCalendar java.util.GregorianCalendar[time=1670690529194,areFieldsSet=true,areAllFieldsSet=false,lenient=true,zone=sun.util.calendar.ZoneInfo[id="GMT",offset=0,dstSavings=0,useDaylight=false,transitions=0,lastRule=null],firstDayOfWeek=1,minimalDaysInFirstWeek=1,ERA=1,YEAR=2022,MONTH=11,WEEK_OF_YEAR=50,WEEK_OF_MONTH=2,DAY_OF_MONTH=10,DAY_OF_YEAR=344,DAY_OF_WEEK=7,DAY_OF_WEEK_IN_MONTH=2,AM_PM=1,HOUR=4,HOUR_OF_DAY=16,MINUTE=42,SECOND=9,MILLISECOND=194,ZONE_OFFSET=0,DST_OFFSET=0]
221210 104209.198|INFO|Thread-4199|dumpPacket|   key: CONTEST_IDENTIFIER is: java.lang.String Contest-4511288556462302159
221210 104209.198|INFO|Thread-4199|dumpPacket|   key: BALLOON_SETTINGS_LIST is: [Ledu.csus.ecs.pc2.core.model.BalloonSettings; [Ledu.csus.ecs.pc2.core.model.BalloonSettings;@2496d89a
221210 104209.198|INFO|Thread-4199|dumpPacket|   key: RUN_LIST is: [Ledu.csus.ecs.pc2.core.model.Run; [Ledu.csus.ecs.pc2.core.model.Run;@7e0a9934
221210 104209.198|INFO|Thread-4199|dumpPacket|   key: ACCOUNT_ARRAY is: [Ledu.csus.ecs.pc2.core.model.Account; [Ledu.csus.ecs.pc2.core.model.Account;@2edc1b37
221210 104209.198|INFO|Thread-4199|info|handlePacket start Packet[LOGIN_SUCCESS] #3109 SERVER0 @ site 1 -> TEAM68 @ site 1
221210 104209.198|INFO|Thread-4199|dumpPacket|Packet LOGIN_SUCCESS (Seq #3109, o#3109 ) handlePacket
221210 104209.198|INFO|Thread-4199|dumpPacket|  From: SERVER0 @ site 1, oSERVER0 @ site 1 (DESKTOP-D75BQTV @ 212.212.212.212) (Contest Id: Contest-4511288556462302159)
221210 104209.198|INFO|Thread-4199|dumpPacket|    To: TEAM68 @ site 1
221210 104209.198|INFO|Thread-4199|dumpPacket|   key: PROFILE_LIST is: [Ledu.csus.ecs.pc2.core.model.Profile; [Ledu.csus.ecs.pc2.core.model.Profile;@4058171
221210 104209.198|INFO|Thread-4199|dumpPacket|   key: GENERAL_PROBLEM is: edu.csus.ecs.pc2.core.model.Problem General
221210 104209.198|INFO|Thread-4199|dumpPacket|   key: CLIENT_SETTINGS_LIST is: [Ledu.csus.ecs.pc2.core.model.ClientSettings; [Ledu.csus.ecs.pc2.core.model.ClientSettings;@ac26f81
221210 104209.198|INFO|Thread-4199|dumpPacket|   key: CONTEST_TIME is: edu.csus.ecs.pc2.core.model.ContestTime edu.csus.ecs.pc2.core.model.ContestTime@efdea01
221210 104209.198|INFO|Thread-4199|dumpPacket|   key: CLARIFICATION_LIST is: [Ledu.csus.ecs.pc2.core.model.Clarification; [Ledu.csus.ecs.pc2.core.model.Clarification;@4bff65ba
221210 104209.198|INFO|Thread-4199|dumpPacket|   key: CATEGORY_LIST is: [Ledu.csus.ecs.pc2.core.model.Category; [Ledu.csus.ecs.pc2.core.model.Category;@63596bbd
221210 104209.198|INFO|Thread-4199|dumpPacket|   key: LANGUAGE_LIST is: [Ledu.csus.ecs.pc2.core.model.Language; [Ledu.csus.ecs.pc2.core.model.Language;@7afeae30
221210 104209.198|INFO|Thread-4199|dumpPacket|   key: REMOTE_LOGGED_IN_USERS is: [Ledu.csus.ecs.pc2.core.model.ClientId; [Ledu.csus.ecs.pc2.core.model.ClientId;@1bb2fe8c
221210 104209.198|INFO|Thread-4199|dumpPacket|   key: CONTEST_TIME_LIST is: [Ledu.csus.ecs.pc2.core.model.ContestTime; [Ledu.csus.ecs.pc2.core.model.ContestTime;@2bd09af5
221210 104209.198|INFO|Thread-4199|dumpPacket|   key: CONNECTION_HANDLE_ID_LIST is: [Ledu.csus.ecs.pc2.core.transport.ConnectionHandlerID; [Ledu.csus.ecs.pc2.core.transport.ConnectionHandlerID;@3fc08b1
221210 104209.198|INFO|Thread-4199|dumpPacket|   key: PROFILE is: edu.csus.ecs.pc2.core.model.Profile Contest-4511288556462302159
221210 104209.198|INFO|Thread-4199|dumpPacket|   key: CLIENT_ID is: edu.csus.ecs.pc2.core.model.ClientId TEAM68 @ site 1
221210 104209.198|INFO|Thread-4199|dumpPacket|   key: SITE_NUMBER is: java.lang.Integer 1
221210 104209.198|INFO|Thread-4199|dumpPacket|   key: CONTEST_INFORMATION is: edu.csus.ecs.pc2.core.model.ContestInformation edu.csus.ecs.pc2.core.model.ContestInformation@c7cb9d0
221210 104209.198|INFO|Thread-4199|dumpPacket|   key: SITE_LIST is: [Ledu.csus.ecs.pc2.core.model.Site; [Ledu.csus.ecs.pc2.core.model.Site;@b6704d
221210 104209.198|INFO|Thread-4199|dumpPacket|   key: PROBLEM_DATA_FILES is: [Ledu.csus.ecs.pc2.core.model.ProblemDataFiles; [Ledu.csus.ecs.pc2.core.model.ProblemDataFiles;@2f9e459c
221210 104209.198|INFO|Thread-4199|dumpPacket|   key: JUDGEMENT_LIST is: [Ledu.csus.ecs.pc2.core.model.Judgement; [Ledu.csus.ecs.pc2.core.model.Judgement;@4c44795e
221210 104209.198|INFO|Thread-4199|dumpPacket|   key: PROBLEM_LIST is: [Ledu.csus.ecs.pc2.core.model.Problem; [Ledu.csus.ecs.pc2.core.model.Problem;@259ffb3f
221210 104209.198|INFO|Thread-4199|dumpPacket|   key: GROUP_LIST is: [Ledu.csus.ecs.pc2.core.model.Group; [Ledu.csus.ecs.pc2.core.model.Group;@1618d3d9
221210 104209.198|INFO|Thread-4199|dumpPacket|   key: LOCAL_LOGGED_IN_USERS is: [Ledu.csus.ecs.pc2.core.model.ClientId; [Ledu.csus.ecs.pc2.core.model.ClientId;@4b77d623
221210 104209.198|INFO|Thread-4199|dumpPacket|   key: SERVER_CLOCK_OFFSET is: java.util.GregorianCalendar java.util.GregorianCalendar[time=1670690529194,areFieldsSet=true,areAllFieldsSet=false,lenient=true,zone=sun.util.calendar.ZoneInfo[id="GMT",offset=0,dstSavings=0,useDaylight=false,transitions=0,lastRule=null],firstDayOfWeek=1,minimalDaysInFirstWeek=1,ERA=1,YEAR=2022,MONTH=11,WEEK_OF_YEAR=50,WEEK_OF_MONTH=2,DAY_OF_MONTH=10,DAY_OF_YEAR=344,DAY_OF_WEEK=7,DAY_OF_WEEK_IN_MONTH=2,AM_PM=1,HOUR=4,HOUR_OF_DAY=16,MINUTE=42,SECOND=9,MILLISECOND=194,ZONE_OFFSET=0,DST_OFFSET=0]
221210 104209.198|INFO|Thread-4199|dumpPacket|   key: CONTEST_IDENTIFIER is: java.lang.String Contest-4511288556462302159
221210 104209.198|INFO|Thread-4199|dumpPacket|   key: BALLOON_SETTINGS_LIST is: [Ledu.csus.ecs.pc2.core.model.BalloonSettings; [Ledu.csus.ecs.pc2.core.model.BalloonSettings;@2496d89a
221210 104209.198|INFO|Thread-4199|dumpPacket|   key: RUN_LIST is: [Ledu.csus.ecs.pc2.core.model.Run; [Ledu.csus.ecs.pc2.core.model.Run;@7e0a9934
221210 104209.198|INFO|Thread-4199|dumpPacket|   key: ACCOUNT_ARRAY is: [Ledu.csus.ecs.pc2.core.model.Account; [Ledu.csus.ecs.pc2.core.model.Account;@2edc1b37
221210 104406.101|INFO|Thread-4197|receive|public void receive(SealedObject TransportPacket, ConnectionHandlerID connectionHandlerID)
221210 104406.168|INFO|Thread-4197|receive|public void receive(SealedObject TransportPacket, ConnectionHandlerID connectionHandlerID)
221210 104717.874|INFO|Thread-4197|receive|public void receive(SealedObject TransportPacket, ConnectionHandlerID connectionHandlerID)
221210 104718.644|INFO|Thread-4197|receive|public void receive(SealedObject TransportPacket, ConnectionHandlerID connectionHandlerID)
221210 104719.212|INFO|Thread-4197|receive|public void receive(SealedObject TransportPacket, ConnectionHandlerID connectionHandlerID)
221210 105851.237|INFO|Thread-4197|receive|public void receive(SealedObject TransportPacket, ConnectionHandlerID connectionHandlerID)
221210 105900.738|INFO|Thread-4197|receive|public void receive(SealedObject TransportPacket, ConnectionHandlerID connectionHandlerID)
221210 110127.137|INFO|Thread-4197|receive|public void receive(SealedObject TransportPacket, ConnectionHandlerID connectionHandlerID)
221210 110154.752|INFO|Thread-4197|receive|public void receive(SealedObject TransportPacket, ConnectionHandlerID connectionHandlerID)
221210 111135.772|INFO|Thread-4197|receive|public void receive(SealedObject TransportPacket, ConnectionHandlerID connectionHandlerID)
221210 111159.379|INFO|Thread-4197|receive|public void receive(SealedObject TransportPacket, ConnectionHandlerID connectionHandlerID)
221210 111450.847|INFO|Thread-4197|receive|public void receive(SealedObject TransportPacket, ConnectionHandlerID connectionHandlerID)
221210 111504.076|INFO|Thread-4197|receive|public void receive(SealedObject TransportPacket, ConnectionHandlerID connectionHandlerID)
221210 112933.194|INFO|Thread-4197|receive|public void receive(SealedObject TransportPacket, ConnectionHandlerID connectionHandlerID)
221210 113103.562|INFO|Thread-4197|receive|public void receive(SealedObject TransportPacket, ConnectionHandlerID connectionHandlerID)
221210 113335.983|INFO|Thread-4197|receive|public void receive(SealedObject TransportPacket, ConnectionHandlerID connectionHandlerID)
221210 113408.425|INFO|Thread-4197|receive|public void receive(SealedObject TransportPacket, ConnectionHandlerID connectionHandlerID)
221210 113912.876|INFO|Thread-4197|receive|public void receive(SealedObject TransportPacket, ConnectionHandlerID connectionHandlerID)
221210 113918.836|INFO|Thread-4197|receive|public void receive(SealedObject TransportPacket, ConnectionHandlerID connectionHandlerID)
221210 114425.907|INFO|Thread-4197|receive|public void receive(SealedObject TransportPacket, ConnectionHandlerID connectionHandlerID)
221210 114435.517|INFO|Thread-4197|receive|public void receive(SealedObject TransportPacket, ConnectionHandlerID connectionHandlerID)
221210 114827.714|INFO|Thread-4197|receive|public void receive(SealedObject TransportPacket, ConnectionHandlerID connectionHandlerID)
221210 114839.404|INFO|Thread-4197|receive|public void receive(SealedObject TransportPacket, ConnectionHandlerID connectionHandlerID)
221210 120503.552|INFO|Thread-4197|receive|public void receive(SealedObject TransportPacket, ConnectionHandlerID connectionHandlerID)
221210 120537.485|INFO|Thread-4197|receive|public void receive(SealedObject TransportPacket, ConnectionHandlerID connectionHandlerID)
221210 120724.596|INFO|Thread-4197|receive|public void receive(SealedObject TransportPacket, ConnectionHandlerID connectionHandlerID)
221210 121322.120|INFO|Thread-4197|receive|public void receive(SealedObject TransportPacket, ConnectionHandlerID connectionHandlerID)
221210 121343.729|INFO|Thread-4197|receive|public void receive(SealedObject TransportPacket, ConnectionHandlerID connectionHandlerID)
221210 150258.305|INFO|Thread-4197|connectionDropped|connectionDropped(ConnectionHandlerID myConnectionID) 
231209 085114.034|CONFIG|qtp135640095-20648|setFileHandlers|Now logging to C:\Users\18328\Desktop\pc2\WebTeamInterface-1.1\logs directory.
231209 085114.034|INFO|qtp135640095-20648|info|
231209 085114.034|INFO|qtp135640095-20648|info|Version 9 () Java ver 18.0.2.1 build  Windows 11 10.0 (amd64) 
231209 085114.034|INFO|qtp135640095-20648|info|Login: team68 (aka team68)
231209 085114.034|INFO|qtp135640095-20648|startLog|Working directory is C:\Users\18328\Desktop\pc2\WebTeamInterface-1.1
231209 085114.034|INFO|qtp135640095-20648|startLog|Process id is 15028@DESKTOP-D75BQTV
231209 085114.034|INFO|qtp135640095-20648|info|Contacting server at localhost:50002 as TEAM68 @ site 0
231209 085114.034|INFO|qtp135640095-20648|info|sendLoginRequest start - sending from TEAM68 @ site 0
231209 085114.034|INFO|qtp135640095-20648|sendToLocalServer|Sending packet to server Packet[LOGIN_REQUEST] #300 TEAM68 @ site 0 -> SERVER0 @ site 0
231209 085114.034|INFO|qtp135640095-20648|sendToLocalServer|Sent    packet to server Packet[LOGIN_REQUEST] #300 TEAM68 @ site 0 -> SERVER0 @ site 0
231209 085114.034|INFO|qtp135640095-20648|info|sendLoginRequest end - packet sent.
231209 085114.034|INFO|Thread-20643|run|send(Serializable)
231209 085114.056|INFO|Thread-20642|receive|public void receive(SealedObject TransportPacket, ConnectionHandlerID connectionHandlerID)
231209 085114.058|INFO|Thread-20644|info| receiveObject(S) start got Packet[LOGIN_SUCCESS] #1649 SERVER0 @ site 1 -> TEAM68 @ site 1
231209 085114.058|INFO|Thread-20644|dumpPacket|Packet LOGIN_SUCCESS (Seq #1649, o#1649 ) recieveObject
231209 085114.058|INFO|Thread-20644|dumpPacket|  From: SERVER0 @ site 1, oSERVER0 @ site 1 (DESKTOP-D75BQTV @ 212.212.212.212) (Contest Id: DryRun--6069080675419338087)
231209 085114.058|INFO|Thread-20644|dumpPacket|    To: TEAM68 @ site 1
231209 085114.058|INFO|Thread-20644|dumpPacket|   key: PROFILE_LIST is: [Ledu.csus.ecs.pc2.core.model.Profile; [Ledu.csus.ecs.pc2.core.model.Profile;@28ad88fd
231209 085114.058|INFO|Thread-20644|dumpPacket|   key: GENERAL_PROBLEM is: edu.csus.ecs.pc2.core.model.Problem General
231209 085114.058|INFO|Thread-20644|dumpPacket|   key: CLIENT_SETTINGS_LIST is: [Ledu.csus.ecs.pc2.core.model.ClientSettings; [Ledu.csus.ecs.pc2.core.model.ClientSettings;@266a6398
231209 085114.058|INFO|Thread-20644|dumpPacket|   key: CONTEST_TIME is: edu.csus.ecs.pc2.core.model.ContestTime edu.csus.ecs.pc2.core.model.ContestTime@2255e38d
231209 085114.058|INFO|Thread-20644|dumpPacket|   key: CLARIFICATION_LIST is: [Ledu.csus.ecs.pc2.core.model.Clarification; [Ledu.csus.ecs.pc2.core.model.Clarification;@675769a3
231209 085114.058|INFO|Thread-20644|dumpPacket|   key: CATEGORY_LIST is: [Ledu.csus.ecs.pc2.core.model.Category; [Ledu.csus.ecs.pc2.core.model.Category;@2379efd4
231209 085114.058|INFO|Thread-20644|dumpPacket|   key: LANGUAGE_LIST is: [Ledu.csus.ecs.pc2.core.model.Language; [Ledu.csus.ecs.pc2.core.model.Language;@567a2e80
231209 085114.058|INFO|Thread-20644|dumpPacket|   key: REMOTE_LOGGED_IN_USERS is: [Ledu.csus.ecs.pc2.core.model.ClientId; [Ledu.csus.ecs.pc2.core.model.ClientId;@5bbef649
231209 085114.058|INFO|Thread-20644|dumpPacket|   key: CONTEST_TIME_LIST is: [Ledu.csus.ecs.pc2.core.model.ContestTime; [Ledu.csus.ecs.pc2.core.model.ContestTime;@77896ec
231209 085114.058|INFO|Thread-20644|dumpPacket|   key: CONNECTION_HANDLE_ID_LIST is: [Ledu.csus.ecs.pc2.core.transport.ConnectionHandlerID; [Ledu.csus.ecs.pc2.core.transport.ConnectionHandlerID;@6b13ce98
231209 085114.058|INFO|Thread-20644|dumpPacket|   key: PROFILE is: edu.csus.ecs.pc2.core.model.Profile DryRun--6069080675419338087
231209 085114.058|INFO|Thread-20644|dumpPacket|   key: CLIENT_ID is: edu.csus.ecs.pc2.core.model.ClientId TEAM68 @ site 1
231209 085114.058|INFO|Thread-20644|dumpPacket|   key: SITE_NUMBER is: java.lang.Integer 1
231209 085114.058|INFO|Thread-20644|dumpPacket|   key: CONTEST_INFORMATION is: edu.csus.ecs.pc2.core.model.ContestInformation edu.csus.ecs.pc2.core.model.ContestInformation@6c1af354
231209 085114.058|INFO|Thread-20644|dumpPacket|   key: SITE_LIST is: [Ledu.csus.ecs.pc2.core.model.Site; [Ledu.csus.ecs.pc2.core.model.Site;@40ba5c20
231209 085114.058|INFO|Thread-20644|dumpPacket|   key: PROBLEM_DATA_FILES is: [Ledu.csus.ecs.pc2.core.model.ProblemDataFiles; [Ledu.csus.ecs.pc2.core.model.ProblemDataFiles;@3366d2d
231209 085114.058|INFO|Thread-20644|dumpPacket|   key: JUDGEMENT_LIST is: [Ledu.csus.ecs.pc2.core.model.Judgement; [Ledu.csus.ecs.pc2.core.model.Judgement;@762404dd
231209 085114.058|INFO|Thread-20644|dumpPacket|   key: PROBLEM_LIST is: [Ledu.csus.ecs.pc2.core.model.Problem; [Ledu.csus.ecs.pc2.core.model.Problem;@4d9fd91e
231209 085114.058|INFO|Thread-20644|dumpPacket|   key: GROUP_LIST is: [Ledu.csus.ecs.pc2.core.model.Group; [Ledu.csus.ecs.pc2.core.model.Group;@5f56d7d1
231209 085114.058|INFO|Thread-20644|dumpPacket|   key: LOCAL_LOGGED_IN_USERS is: [Ledu.csus.ecs.pc2.core.model.ClientId; [Ledu.csus.ecs.pc2.core.model.ClientId;@6fb99613
231209 085114.058|INFO|Thread-20644|dumpPacket|   key: SERVER_CLOCK_OFFSET is: java.util.GregorianCalendar java.util.GregorianCalendar[time=1702133474048,areFieldsSet=true,areAllFieldsSet=false,lenient=true,zone=sun.util.calendar.ZoneInfo[id="GMT",offset=0,dstSavings=0,useDaylight=false,transitions=0,lastRule=null],firstDayOfWeek=1,minimalDaysInFirstWeek=1,ERA=1,YEAR=2023,MONTH=11,WEEK_OF_YEAR=49,WEEK_OF_MONTH=2,DAY_OF_MONTH=9,DAY_OF_YEAR=343,DAY_OF_WEEK=7,DAY_OF_WEEK_IN_MONTH=2,AM_PM=1,HOUR=2,HOUR_OF_DAY=14,MINUTE=51,SECOND=14,MILLISECOND=48,ZONE_OFFSET=0,DST_OFFSET=0]
231209 085114.058|INFO|Thread-20644|dumpPacket|   key: CONTEST_IDENTIFIER is: java.lang.String DryRun--6069080675419338087
231209 085114.058|INFO|Thread-20644|dumpPacket|   key: BALLOON_SETTINGS_LIST is: [Ledu.csus.ecs.pc2.core.model.BalloonSettings; [Ledu.csus.ecs.pc2.core.model.BalloonSettings;@39ed75d5
231209 085114.058|INFO|Thread-20644|dumpPacket|   key: RUN_LIST is: [Ledu.csus.ecs.pc2.core.model.Run; [Ledu.csus.ecs.pc2.core.model.Run;@a090cdf
231209 085114.058|INFO|Thread-20644|dumpPacket|   key: ACCOUNT_ARRAY is: [Ledu.csus.ecs.pc2.core.model.Account; [Ledu.csus.ecs.pc2.core.model.Account;@6388aa10
231209 085114.058|INFO|Thread-20644|info|handlePacket start Packet[LOGIN_SUCCESS] #1649 SERVER0 @ site 1 -> TEAM68 @ site 1
231209 085114.058|INFO|Thread-20644|dumpPacket|Packet LOGIN_SUCCESS (Seq #1649, o#1649 ) handlePacket
231209 085114.058|INFO|Thread-20644|dumpPacket|  From: SERVER0 @ site 1, oSERVER0 @ site 1 (DESKTOP-D75BQTV @ 212.212.212.212) (Contest Id: DryRun--6069080675419338087)
231209 085114.058|INFO|Thread-20644|dumpPacket|    To: TEAM68 @ site 1
231209 085114.058|INFO|Thread-20644|dumpPacket|   key: PROFILE_LIST is: [Ledu.csus.ecs.pc2.core.model.Profile; [Ledu.csus.ecs.pc2.core.model.Profile;@28ad88fd
231209 085114.058|INFO|Thread-20644|dumpPacket|   key: GENERAL_PROBLEM is: edu.csus.ecs.pc2.core.model.Problem General
231209 085114.058|INFO|Thread-20644|dumpPacket|   key: CLIENT_SETTINGS_LIST is: [Ledu.csus.ecs.pc2.core.model.ClientSettings; [Ledu.csus.ecs.pc2.core.model.ClientSettings;@266a6398
231209 085114.058|INFO|Thread-20644|dumpPacket|   key: CONTEST_TIME is: edu.csus.ecs.pc2.core.model.ContestTime edu.csus.ecs.pc2.core.model.ContestTime@2255e38d
231209 085114.058|INFO|Thread-20644|dumpPacket|   key: CLARIFICATION_LIST is: [Ledu.csus.ecs.pc2.core.model.Clarification; [Ledu.csus.ecs.pc2.core.model.Clarification;@675769a3
231209 085114.058|INFO|Thread-20644|dumpPacket|   key: CATEGORY_LIST is: [Ledu.csus.ecs.pc2.core.model.Category; [Ledu.csus.ecs.pc2.core.model.Category;@2379efd4
231209 085114.058|INFO|Thread-20644|dumpPacket|   key: LANGUAGE_LIST is: [Ledu.csus.ecs.pc2.core.model.Language; [Ledu.csus.ecs.pc2.core.model.Language;@567a2e80
231209 085114.058|INFO|Thread-20644|dumpPacket|   key: REMOTE_LOGGED_IN_USERS is: [Ledu.csus.ecs.pc2.core.model.ClientId; [Ledu.csus.ecs.pc2.core.model.ClientId;@5bbef649
231209 085114.058|INFO|Thread-20644|dumpPacket|   key: CONTEST_TIME_LIST is: [Ledu.csus.ecs.pc2.core.model.ContestTime; [Ledu.csus.ecs.pc2.core.model.ContestTime;@77896ec
231209 085114.058|INFO|Thread-20644|dumpPacket|   key: CONNECTION_HANDLE_ID_LIST is: [Ledu.csus.ecs.pc2.core.transport.ConnectionHandlerID; [Ledu.csus.ecs.pc2.core.transport.ConnectionHandlerID;@6b13ce98
231209 085114.058|INFO|Thread-20644|dumpPacket|   key: PROFILE is: edu.csus.ecs.pc2.core.model.Profile DryRun--6069080675419338087
231209 085114.058|INFO|Thread-20644|dumpPacket|   key: CLIENT_ID is: edu.csus.ecs.pc2.core.model.ClientId TEAM68 @ site 1
231209 085114.058|INFO|Thread-20644|dumpPacket|   key: SITE_NUMBER is: java.lang.Integer 1
231209 085114.058|INFO|Thread-20644|dumpPacket|   key: CONTEST_INFORMATION is: edu.csus.ecs.pc2.core.model.ContestInformation edu.csus.ecs.pc2.core.model.ContestInformation@6c1af354
231209 085114.058|INFO|Thread-20644|dumpPacket|   key: SITE_LIST is: [Ledu.csus.ecs.pc2.core.model.Site; [Ledu.csus.ecs.pc2.core.model.Site;@40ba5c20
231209 085114.058|INFO|Thread-20644|dumpPacket|   key: PROBLEM_DATA_FILES is: [Ledu.csus.ecs.pc2.core.model.ProblemDataFiles; [Ledu.csus.ecs.pc2.core.model.ProblemDataFiles;@3366d2d
231209 085114.058|INFO|Thread-20644|dumpPacket|   key: JUDGEMENT_LIST is: [Ledu.csus.ecs.pc2.core.model.Judgement; [Ledu.csus.ecs.pc2.core.model.Judgement;@762404dd
231209 085114.058|INFO|Thread-20644|dumpPacket|   key: PROBLEM_LIST is: [Ledu.csus.ecs.pc2.core.model.Problem; [Ledu.csus.ecs.pc2.core.model.Problem;@4d9fd91e
231209 085114.058|INFO|Thread-20644|dumpPacket|   key: GROUP_LIST is: [Ledu.csus.ecs.pc2.core.model.Group; [Ledu.csus.ecs.pc2.core.model.Group;@5f56d7d1
231209 085114.062|INFO|Thread-20644|dumpPacket|   key: LOCAL_LOGGED_IN_USERS is: [Ledu.csus.ecs.pc2.core.model.ClientId; [Ledu.csus.ecs.pc2.core.model.ClientId;@6fb99613
231209 085114.062|INFO|Thread-20644|dumpPacket|   key: SERVER_CLOCK_OFFSET is: java.util.GregorianCalendar java.util.GregorianCalendar[time=1702133474048,areFieldsSet=true,areAllFieldsSet=false,lenient=true,zone=sun.util.calendar.ZoneInfo[id="GMT",offset=0,dstSavings=0,useDaylight=false,transitions=0,lastRule=null],firstDayOfWeek=1,minimalDaysInFirstWeek=1,ERA=1,YEAR=2023,MONTH=11,WEEK_OF_YEAR=49,WEEK_OF_MONTH=2,DAY_OF_MONTH=9,DAY_OF_YEAR=343,DAY_OF_WEEK=7,DAY_OF_WEEK_IN_MONTH=2,AM_PM=1,HOUR=2,HOUR_OF_DAY=14,MINUTE=51,SECOND=14,MILLISECOND=48,ZONE_OFFSET=0,DST_OFFSET=0]
231209 085114.062|INFO|Thread-20644|dumpPacket|   key: CONTEST_IDENTIFIER is: java.lang.String DryRun--6069080675419338087
231209 085114.062|INFO|Thread-20644|dumpPacket|   key: BALLOON_SETTINGS_LIST is: [Ledu.csus.ecs.pc2.core.model.BalloonSettings; [Ledu.csus.ecs.pc2.core.model.BalloonSettings;@39ed75d5
231209 085114.062|INFO|Thread-20644|dumpPacket|   key: RUN_LIST is: [Ledu.csus.ecs.pc2.core.model.Run; [Ledu.csus.ecs.pc2.core.model.Run;@a090cdf
231209 085114.062|INFO|Thread-20644|dumpPacket|   key: ACCOUNT_ARRAY is: [Ledu.csus.ecs.pc2.core.model.Account; [Ledu.csus.ecs.pc2.core.model.Account;@6388aa10
231209 085254.094|INFO|Thread-20651|run|send(Serializable)
231209 085254.174|INFO|Thread-20642|receive|public void receive(SealedObject TransportPacket, ConnectionHandlerID connectionHandlerID)
231209 085816.800|INFO|Thread-20642|receive|public void receive(SealedObject TransportPacket, ConnectionHandlerID connectionHandlerID)
231209 094814.926|INFO|Thread-20642|connectionDropped|connectionDropped(ConnectionHandlerID myConnectionID) 
