221210 075957.459|CONFIG|qtp996796369-1391|setFileHandlers|Now logging to C:\Users\18328\Desktop\pc2\WebTeamInterface-1.1\logs directory.
221210 075957.459|INFO|qtp996796369-1391|info|
221210 075957.459|INFO|qtp996796369-1391|info|Version 9 () Java ver 18.0.2.1 build  Windows 11 10.0 (amd64) 
221210 075957.460|INFO|qtp996796369-1391|info|Login: team78 (aka team78)
221210 075957.460|INFO|qtp996796369-1391|startLog|Working directory is C:\Users\18328\Desktop\pc2\WebTeamInterface-1.1
221210 075957.460|INFO|qtp996796369-1391|startLog|Process id is 20708@DESKTOP-D75BQTV
221210 075957.460|INFO|Thread-1417|receiveUnencrypted|receiveUnencrypted Made a secret key for Socket[addr=/212.212.212.212,port=50002,localport=64406]--428176408210028162 key is com.sun.crypto.provider.DESKey@fffe797e
221210 075957.460|INFO|Thread-1417|getPublicKeyPacket|Generating Unencrypted Public Key Packet
221210 075957.460|INFO|qtp996796369-1391|info|Contacting server at 212.212.212.212:50002 as TEAM78 @ site 0
221210 075957.460|INFO|Thread-1417|getPublicKeyPacket|checking key:= SunJCE Diffie-Hellman Public Key:
y:
    8f5fabf8 e9363bfb e0cbc124 805b9b29 3c5bb725 be931942 c8d2f11c a345ce41
    2b65e430 ae10761b 80661243 4e057fc4 ab26148a ac974141 ba8cf57c af8454e3
    279f68ce 016f72f6 bb312292 096c80d2 b2b15add e77e001d 12192435 4a3c3585
    10e3fd6e bed7074a dddb425b 62f6cc2a 9084af7e fff99f59 76eb3192 2b600781
p:
    f488fd58 4e49dbcd 20b49de4 9107366b 336c380d 451d0f7c 88b31c7c 5b2d8ef6
    f3c923c0 43f0a55b 188d8ebb 558cb85d 38d334fd 7c175743 a31d186c de33212c
    b52aff3c e1b12940 18118d7c 84a70a72 d686c403 19c80729 7aca950c d9969fab
    d00a509b 0246d308 3d66a45d 419f9c7c bd894b22 1926baab a25ec355 e92f78c7
g:
    02
l:
    512
221210 075957.460|INFO|qtp996796369-1391|info|sendLoginRequest start - sending from TEAM78 @ site 0
221210 075957.460|INFO|Thread-1417|getPublicKeyPacket|packet:= edu.csus.ecs.pc2.core.transport.TransportWrapper@4c4919ba
221210 075957.460|INFO|qtp996796369-1391|sendToLocalServer|Sending packet to server Packet[LOGIN_REQUEST] #83 TEAM78 @ site 0 -> SERVER0 @ site 0
221210 075957.460|INFO|qtp996796369-1391|sendToLocalServer|Sent    packet to server Packet[LOGIN_REQUEST] #83 TEAM78 @ site 0 -> SERVER0 @ site 0
221210 075957.460|INFO|qtp996796369-1391|info|sendLoginRequest end - packet sent.
221210 075957.460|INFO|Thread-1418|run|send(Serializable)
221210 075957.465|INFO|Thread-1417|receive|public void receive(SealedObject TransportPacket, ConnectionHandlerID connectionHandlerID)
221210 075957.467|INFO|Thread-1420|info| receiveObject(S) start got Packet[LOGIN_SUCCESS] #594 SERVER0 @ site 1 -> TEAM78 @ site 1
221210 075957.467|INFO|Thread-1420|dumpPacket|Packet LOGIN_SUCCESS (Seq #594, o#594 ) recieveObject
221210 075957.467|INFO|Thread-1420|dumpPacket|  From: SERVER0 @ site 1, oSERVER0 @ site 1 (DESKTOP-D75BQTV @ 212.212.212.212) (Contest Id: DryRun--5544400451244233091)
221210 075957.467|INFO|Thread-1420|dumpPacket|    To: TEAM78 @ site 1
221210 075957.467|INFO|Thread-1420|dumpPacket|   key: PROFILE_LIST is: [Ledu.csus.ecs.pc2.core.model.Profile; [Ledu.csus.ecs.pc2.core.model.Profile;@261ae1f3
221210 075957.467|INFO|Thread-1420|dumpPacket|   key: GENERAL_PROBLEM is: edu.csus.ecs.pc2.core.model.Problem General
221210 075957.467|INFO|Thread-1420|dumpPacket|   key: CLIENT_SETTINGS_LIST is: [Ledu.csus.ecs.pc2.core.model.ClientSettings; [Ledu.csus.ecs.pc2.core.model.ClientSettings;@28dd1b40
221210 075957.467|INFO|Thread-1420|dumpPacket|   key: CONTEST_TIME is: edu.csus.ecs.pc2.core.model.ContestTime edu.csus.ecs.pc2.core.model.ContestTime@2ce28a83
221210 075957.467|INFO|Thread-1420|dumpPacket|   key: CLARIFICATION_LIST is: [Ledu.csus.ecs.pc2.core.model.Clarification; [Ledu.csus.ecs.pc2.core.model.Clarification;@69e0117b
221210 075957.467|INFO|Thread-1420|dumpPacket|   key: CATEGORY_LIST is: [Ledu.csus.ecs.pc2.core.model.Category; [Ledu.csus.ecs.pc2.core.model.Category;@180460cd
221210 075957.467|INFO|Thread-1420|dumpPacket|   key: LANGUAGE_LIST is: [Ledu.csus.ecs.pc2.core.model.Language; [Ledu.csus.ecs.pc2.core.model.Language;@58437f96
221210 075957.467|INFO|Thread-1420|dumpPacket|   key: REMOTE_LOGGED_IN_USERS is: [Ledu.csus.ecs.pc2.core.model.ClientId; [Ledu.csus.ecs.pc2.core.model.ClientId;@604d508f
221210 075957.467|INFO|Thread-1420|dumpPacket|   key: CONTEST_TIME_LIST is: [Ledu.csus.ecs.pc2.core.model.ContestTime; [Ledu.csus.ecs.pc2.core.model.ContestTime;@9cfee34
221210 075957.467|INFO|Thread-1420|dumpPacket|   key: CONNECTION_HANDLE_ID_LIST is: [Ledu.csus.ecs.pc2.core.transport.ConnectionHandlerID; [Ledu.csus.ecs.pc2.core.transport.ConnectionHandlerID;@32f6e5c8
221210 075957.467|INFO|Thread-1420|dumpPacket|   key: PROFILE is: edu.csus.ecs.pc2.core.model.Profile DryRun--5544400451244233091
221210 075957.467|INFO|Thread-1420|dumpPacket|   key: CLIENT_ID is: edu.csus.ecs.pc2.core.model.ClientId TEAM78 @ site 1
221210 075957.467|INFO|Thread-1420|dumpPacket|   key: SITE_NUMBER is: java.lang.Integer 1
221210 075957.467|INFO|Thread-1420|dumpPacket|   key: CONTEST_INFORMATION is: edu.csus.ecs.pc2.core.model.ContestInformation edu.csus.ecs.pc2.core.model.ContestInformation@710a93cf
221210 075957.467|INFO|Thread-1420|dumpPacket|   key: SITE_LIST is: [Ledu.csus.ecs.pc2.core.model.Site; [Ledu.csus.ecs.pc2.core.model.Site;@7b497c49
221210 075957.467|INFO|Thread-1420|dumpPacket|   key: PROBLEM_DATA_FILES is: [Ledu.csus.ecs.pc2.core.model.ProblemDataFiles; [Ledu.csus.ecs.pc2.core.model.ProblemDataFiles;@d81935a
221210 075957.467|INFO|Thread-1420|dumpPacket|   key: JUDGEMENT_LIST is: [Ledu.csus.ecs.pc2.core.model.Judgement; [Ledu.csus.ecs.pc2.core.model.Judgement;@8dcff87
221210 075957.467|INFO|Thread-1420|dumpPacket|   key: PROBLEM_LIST is: [Ledu.csus.ecs.pc2.core.model.Problem; [Ledu.csus.ecs.pc2.core.model.Problem;@2d6d81b8
221210 075957.467|INFO|Thread-1420|dumpPacket|   key: GROUP_LIST is: [Ledu.csus.ecs.pc2.core.model.Group; [Ledu.csus.ecs.pc2.core.model.Group;@1d761b68
221210 075957.467|INFO|Thread-1420|dumpPacket|   key: LOCAL_LOGGED_IN_USERS is: [Ledu.csus.ecs.pc2.core.model.ClientId; [Ledu.csus.ecs.pc2.core.model.ClientId;@1cec50df
221210 075957.467|INFO|Thread-1420|dumpPacket|   key: SERVER_CLOCK_OFFSET is: java.util.GregorianCalendar java.util.GregorianCalendar[time=1670680797463,areFieldsSet=true,areAllFieldsSet=false,lenient=true,zone=sun.util.calendar.ZoneInfo[id="GMT",offset=0,dstSavings=0,useDaylight=false,transitions=0,lastRule=null],firstDayOfWeek=1,minimalDaysInFirstWeek=1,ERA=1,YEAR=2022,MONTH=11,WEEK_OF_YEAR=50,WEEK_OF_MONTH=2,DAY_OF_MONTH=10,DAY_OF_YEAR=344,DAY_OF_WEEK=7,DAY_OF_WEEK_IN_MONTH=2,AM_PM=1,HOUR=1,HOUR_OF_DAY=13,MINUTE=59,SECOND=57,MILLISECOND=463,ZONE_OFFSET=0,DST_OFFSET=0]
221210 075957.467|INFO|Thread-1420|dumpPacket|   key: CONTEST_IDENTIFIER is: java.lang.String DryRun--5544400451244233091
221210 075957.467|INFO|Thread-1420|dumpPacket|   key: BALLOON_SETTINGS_LIST is: [Ledu.csus.ecs.pc2.core.model.BalloonSettings; [Ledu.csus.ecs.pc2.core.model.BalloonSettings;@7323b402
221210 075957.467|INFO|Thread-1420|dumpPacket|   key: RUN_LIST is: [Ledu.csus.ecs.pc2.core.model.Run; [Ledu.csus.ecs.pc2.core.model.Run;@32028b9f
221210 075957.467|INFO|Thread-1420|dumpPacket|   key: ACCOUNT_ARRAY is: [Ledu.csus.ecs.pc2.core.model.Account; [Ledu.csus.ecs.pc2.core.model.Account;@1f826bec
221210 075957.467|INFO|Thread-1420|info|handlePacket start Packet[LOGIN_SUCCESS] #594 SERVER0 @ site 1 -> TEAM78 @ site 1
221210 075957.467|INFO|Thread-1420|dumpPacket|Packet LOGIN_SUCCESS (Seq #594, o#594 ) handlePacket
221210 075957.467|INFO|Thread-1420|dumpPacket|  From: SERVER0 @ site 1, oSERVER0 @ site 1 (DESKTOP-D75BQTV @ 212.212.212.212) (Contest Id: DryRun--5544400451244233091)
221210 075957.467|INFO|Thread-1420|dumpPacket|    To: TEAM78 @ site 1
221210 075957.467|INFO|Thread-1420|dumpPacket|   key: PROFILE_LIST is: [Ledu.csus.ecs.pc2.core.model.Profile; [Ledu.csus.ecs.pc2.core.model.Profile;@261ae1f3
221210 075957.467|INFO|Thread-1420|dumpPacket|   key: GENERAL_PROBLEM is: edu.csus.ecs.pc2.core.model.Problem General
221210 075957.467|INFO|Thread-1420|dumpPacket|   key: CLIENT_SETTINGS_LIST is: [Ledu.csus.ecs.pc2.core.model.ClientSettings; [Ledu.csus.ecs.pc2.core.model.ClientSettings;@28dd1b40
221210 075957.467|INFO|Thread-1420|dumpPacket|   key: CONTEST_TIME is: edu.csus.ecs.pc2.core.model.ContestTime edu.csus.ecs.pc2.core.model.ContestTime@2ce28a83
221210 075957.467|INFO|Thread-1420|dumpPacket|   key: CLARIFICATION_LIST is: [Ledu.csus.ecs.pc2.core.model.Clarification; [Ledu.csus.ecs.pc2.core.model.Clarification;@69e0117b
221210 075957.467|INFO|Thread-1420|dumpPacket|   key: CATEGORY_LIST is: [Ledu.csus.ecs.pc2.core.model.Category; [Ledu.csus.ecs.pc2.core.model.Category;@180460cd
221210 075957.467|INFO|Thread-1420|dumpPacket|   key: LANGUAGE_LIST is: [Ledu.csus.ecs.pc2.core.model.Language; [Ledu.csus.ecs.pc2.core.model.Language;@58437f96
221210 075957.467|INFO|Thread-1420|dumpPacket|   key: REMOTE_LOGGED_IN_USERS is: [Ledu.csus.ecs.pc2.core.model.ClientId; [Ledu.csus.ecs.pc2.core.model.ClientId;@604d508f
221210 075957.467|INFO|Thread-1420|dumpPacket|   key: CONTEST_TIME_LIST is: [Ledu.csus.ecs.pc2.core.model.ContestTime; [Ledu.csus.ecs.pc2.core.model.ContestTime;@9cfee34
221210 075957.467|INFO|Thread-1420|dumpPacket|   key: CONNECTION_HANDLE_ID_LIST is: [Ledu.csus.ecs.pc2.core.transport.ConnectionHandlerID; [Ledu.csus.ecs.pc2.core.transport.ConnectionHandlerID;@32f6e5c8
221210 075957.467|INFO|Thread-1420|dumpPacket|   key: PROFILE is: edu.csus.ecs.pc2.core.model.Profile DryRun--5544400451244233091
221210 075957.467|INFO|Thread-1420|dumpPacket|   key: CLIENT_ID is: edu.csus.ecs.pc2.core.model.ClientId TEAM78 @ site 1
221210 075957.467|INFO|Thread-1420|dumpPacket|   key: SITE_NUMBER is: java.lang.Integer 1
221210 075957.467|INFO|Thread-1420|dumpPacket|   key: CONTEST_INFORMATION is: edu.csus.ecs.pc2.core.model.ContestInformation edu.csus.ecs.pc2.core.model.ContestInformation@710a93cf
221210 075957.467|INFO|Thread-1420|dumpPacket|   key: SITE_LIST is: [Ledu.csus.ecs.pc2.core.model.Site; [Ledu.csus.ecs.pc2.core.model.Site;@7b497c49
221210 075957.467|INFO|Thread-1420|dumpPacket|   key: PROBLEM_DATA_FILES is: [Ledu.csus.ecs.pc2.core.model.ProblemDataFiles; [Ledu.csus.ecs.pc2.core.model.ProblemDataFiles;@d81935a
221210 075957.467|INFO|Thread-1420|dumpPacket|   key: JUDGEMENT_LIST is: [Ledu.csus.ecs.pc2.core.model.Judgement; [Ledu.csus.ecs.pc2.core.model.Judgement;@8dcff87
221210 075957.467|INFO|Thread-1420|dumpPacket|   key: PROBLEM_LIST is: [Ledu.csus.ecs.pc2.core.model.Problem; [Ledu.csus.ecs.pc2.core.model.Problem;@2d6d81b8
221210 075957.467|INFO|Thread-1420|dumpPacket|   key: GROUP_LIST is: [Ledu.csus.ecs.pc2.core.model.Group; [Ledu.csus.ecs.pc2.core.model.Group;@1d761b68
221210 075957.467|INFO|Thread-1420|dumpPacket|   key: LOCAL_LOGGED_IN_USERS is: [Ledu.csus.ecs.pc2.core.model.ClientId; [Ledu.csus.ecs.pc2.core.model.ClientId;@1cec50df
221210 075957.467|INFO|Thread-1420|dumpPacket|   key: SERVER_CLOCK_OFFSET is: java.util.GregorianCalendar java.util.GregorianCalendar[time=1670680797463,areFieldsSet=true,areAllFieldsSet=false,lenient=true,zone=sun.util.calendar.ZoneInfo[id="GMT",offset=0,dstSavings=0,useDaylight=false,transitions=0,lastRule=null],firstDayOfWeek=1,minimalDaysInFirstWeek=1,ERA=1,YEAR=2022,MONTH=11,WEEK_OF_YEAR=50,WEEK_OF_MONTH=2,DAY_OF_MONTH=10,DAY_OF_YEAR=344,DAY_OF_WEEK=7,DAY_OF_WEEK_IN_MONTH=2,AM_PM=1,HOUR=1,HOUR_OF_DAY=13,MINUTE=59,SECOND=57,MILLISECOND=463,ZONE_OFFSET=0,DST_OFFSET=0]
221210 075957.467|INFO|Thread-1420|dumpPacket|   key: CONTEST_IDENTIFIER is: java.lang.String DryRun--5544400451244233091
221210 075957.467|INFO|Thread-1420|dumpPacket|   key: BALLOON_SETTINGS_LIST is: [Ledu.csus.ecs.pc2.core.model.BalloonSettings; [Ledu.csus.ecs.pc2.core.model.BalloonSettings;@7323b402
221210 075957.467|INFO|Thread-1420|dumpPacket|   key: RUN_LIST is: [Ledu.csus.ecs.pc2.core.model.Run; [Ledu.csus.ecs.pc2.core.model.Run;@32028b9f
221210 075957.467|INFO|Thread-1420|dumpPacket|   key: ACCOUNT_ARRAY is: [Ledu.csus.ecs.pc2.core.model.Account; [Ledu.csus.ecs.pc2.core.model.Account;@1f826bec
221210 082022.015|INFO|Thread-2702|run|send(Serializable)
221210 082022.028|INFO|Thread-1417|receive|public void receive(SealedObject TransportPacket, ConnectionHandlerID connectionHandlerID)
221210 082115.631|INFO|Thread-1417|receive|public void receive(SealedObject TransportPacket, ConnectionHandlerID connectionHandlerID)
221210 082458.779|INFO|Thread-4285|run|send(Serializable)
221210 082458.796|INFO|Thread-1417|receive|public void receive(SealedObject TransportPacket, ConnectionHandlerID connectionHandlerID)
221210 082546.610|INFO|Thread-1417|receive|public void receive(SealedObject TransportPacket, ConnectionHandlerID connectionHandlerID)
221210 083216.055|INFO|Thread-1417|receive|public void receive(SealedObject TransportPacket, ConnectionHandlerID connectionHandlerID)
221210 084028.489|INFO|Thread-1417|receive|public void receive(SealedObject TransportPacket, ConnectionHandlerID connectionHandlerID)
221210 101047.187|CONFIG|qtp1613095350-100|setFileHandlers|Now logging to C:\Users\18328\Desktop\pc2\WebTeamInterface-1.1\logs directory.
221210 101047.187|INFO|qtp1613095350-100|info|
221210 101047.187|INFO|qtp1613095350-100|info|Version 9 () Java ver 18.0.2.1 build  Windows 11 10.0 (amd64) 
221210 101047.187|INFO|qtp1613095350-100|info|Login: team78 (aka team78)
221210 101047.188|INFO|qtp1613095350-100|startLog|Working directory is C:\Users\18328\Desktop\pc2\WebTeamInterface-1.1
221210 101047.188|INFO|qtp1613095350-100|startLog|Process id is 22344@DESKTOP-D75BQTV
221210 101047.188|INFO|qtp1613095350-100|info|Contacting server at 212.212.212.212:50002 as TEAM78 @ site 0
221210 101047.188|INFO|qtp1613095350-100|info|sendLoginRequest start - sending from TEAM78 @ site 0
221210 101047.188|INFO|qtp1613095350-100|sendToLocalServer|Sending packet to server Packet[LOGIN_REQUEST] #68 TEAM78 @ site 0 -> SERVER0 @ site 0
221210 101047.188|INFO|qtp1613095350-100|sendToLocalServer|Sent    packet to server Packet[LOGIN_REQUEST] #68 TEAM78 @ site 0 -> SERVER0 @ site 0
221210 101047.188|INFO|qtp1613095350-100|info|sendLoginRequest end - packet sent.
221210 101047.188|INFO|Thread-532|run|send(Serializable)
221210 101047.192|INFO|Thread-531|receive|public void receive(SealedObject TransportPacket, ConnectionHandlerID connectionHandlerID)
221210 101047.194|INFO|Thread-533|info| receiveObject(S) start got Packet[LOGIN_SUCCESS] #2259 SERVER0 @ site 1 -> TEAM78 @ site 1
221210 101047.194|INFO|Thread-533|dumpPacket|Packet LOGIN_SUCCESS (Seq #2259, o#2259 ) recieveObject
221210 101047.194|INFO|Thread-533|dumpPacket|  From: SERVER0 @ site 1, oSERVER0 @ site 1 (DESKTOP-D75BQTV @ 212.212.212.212) (Contest Id: DryRun--5544400451244233091)
221210 101047.194|INFO|Thread-533|dumpPacket|    To: TEAM78 @ site 1
221210 101047.194|INFO|Thread-533|dumpPacket|   key: PROFILE_LIST is: [Ledu.csus.ecs.pc2.core.model.Profile; [Ledu.csus.ecs.pc2.core.model.Profile;@71bb399c
221210 101047.194|INFO|Thread-533|dumpPacket|   key: GENERAL_PROBLEM is: edu.csus.ecs.pc2.core.model.Problem General
221210 101047.194|INFO|Thread-533|dumpPacket|   key: CLIENT_SETTINGS_LIST is: [Ledu.csus.ecs.pc2.core.model.ClientSettings; [Ledu.csus.ecs.pc2.core.model.ClientSettings;@7f7cc9db
221210 101047.194|INFO|Thread-533|dumpPacket|   key: CONTEST_TIME is: edu.csus.ecs.pc2.core.model.ContestTime edu.csus.ecs.pc2.core.model.ContestTime@7b4352ec
221210 101047.194|INFO|Thread-533|dumpPacket|   key: CLARIFICATION_LIST is: [Ledu.csus.ecs.pc2.core.model.Clarification; [Ledu.csus.ecs.pc2.core.model.Clarification;@3e41c3e0
221210 101047.194|INFO|Thread-533|dumpPacket|   key: CATEGORY_LIST is: [Ledu.csus.ecs.pc2.core.model.Category; [Ledu.csus.ecs.pc2.core.model.Category;@169e7a6d
221210 101047.194|INFO|Thread-533|dumpPacket|   key: LANGUAGE_LIST is: [Ledu.csus.ecs.pc2.core.model.Language; [Ledu.csus.ecs.pc2.core.model.Language;@fb55b74
221210 101047.194|INFO|Thread-533|dumpPacket|   key: REMOTE_LOGGED_IN_USERS is: [Ledu.csus.ecs.pc2.core.model.ClientId; [Ledu.csus.ecs.pc2.core.model.ClientId;@6e80bc5c
221210 101047.194|INFO|Thread-533|dumpPacket|   key: CONTEST_TIME_LIST is: [Ledu.csus.ecs.pc2.core.model.ContestTime; [Ledu.csus.ecs.pc2.core.model.ContestTime;@5e6e3caf
221210 101047.194|INFO|Thread-533|dumpPacket|   key: CONNECTION_HANDLE_ID_LIST is: [Ledu.csus.ecs.pc2.core.transport.ConnectionHandlerID; [Ledu.csus.ecs.pc2.core.transport.ConnectionHandlerID;@3bc6681d
221210 101047.194|INFO|Thread-533|dumpPacket|   key: PROFILE is: edu.csus.ecs.pc2.core.model.Profile DryRun--5544400451244233091
221210 101047.194|INFO|Thread-533|dumpPacket|   key: CLIENT_ID is: edu.csus.ecs.pc2.core.model.ClientId TEAM78 @ site 1
221210 101047.194|INFO|Thread-533|dumpPacket|   key: SITE_NUMBER is: java.lang.Integer 1
221210 101047.194|INFO|Thread-533|dumpPacket|   key: CONTEST_INFORMATION is: edu.csus.ecs.pc2.core.model.ContestInformation edu.csus.ecs.pc2.core.model.ContestInformation@1e0deaea
221210 101047.194|INFO|Thread-533|dumpPacket|   key: SITE_LIST is: [Ledu.csus.ecs.pc2.core.model.Site; [Ledu.csus.ecs.pc2.core.model.Site;@7584d72b
221210 101047.194|INFO|Thread-533|dumpPacket|   key: PROBLEM_DATA_FILES is: [Ledu.csus.ecs.pc2.core.model.ProblemDataFiles; [Ledu.csus.ecs.pc2.core.model.ProblemDataFiles;@5a200670
221210 101047.194|INFO|Thread-533|dumpPacket|   key: JUDGEMENT_LIST is: [Ledu.csus.ecs.pc2.core.model.Judgement; [Ledu.csus.ecs.pc2.core.model.Judgement;@522e1ba9
221210 101047.194|INFO|Thread-533|dumpPacket|   key: PROBLEM_LIST is: [Ledu.csus.ecs.pc2.core.model.Problem; [Ledu.csus.ecs.pc2.core.model.Problem;@2305f1bc
221210 101047.195|INFO|Thread-533|dumpPacket|   key: GROUP_LIST is: [Ledu.csus.ecs.pc2.core.model.Group; [Ledu.csus.ecs.pc2.core.model.Group;@70eb4778
221210 101047.195|INFO|Thread-533|dumpPacket|   key: LOCAL_LOGGED_IN_USERS is: [Ledu.csus.ecs.pc2.core.model.ClientId; [Ledu.csus.ecs.pc2.core.model.ClientId;@2a22cc93
221210 101047.195|INFO|Thread-533|dumpPacket|   key: SERVER_CLOCK_OFFSET is: java.util.GregorianCalendar java.util.GregorianCalendar[time=1670688647190,areFieldsSet=true,areAllFieldsSet=false,lenient=true,zone=sun.util.calendar.ZoneInfo[id="GMT",offset=0,dstSavings=0,useDaylight=false,transitions=0,lastRule=null],firstDayOfWeek=1,minimalDaysInFirstWeek=1,ERA=1,YEAR=2022,MONTH=11,WEEK_OF_YEAR=50,WEEK_OF_MONTH=2,DAY_OF_MONTH=10,DAY_OF_YEAR=344,DAY_OF_WEEK=7,DAY_OF_WEEK_IN_MONTH=2,AM_PM=1,HOUR=4,HOUR_OF_DAY=16,MINUTE=10,SECOND=47,MILLISECOND=190,ZONE_OFFSET=0,DST_OFFSET=0]
221210 101047.195|INFO|Thread-533|dumpPacket|   key: CONTEST_IDENTIFIER is: java.lang.String DryRun--5544400451244233091
221210 101047.195|INFO|Thread-533|dumpPacket|   key: BALLOON_SETTINGS_LIST is: [Ledu.csus.ecs.pc2.core.model.BalloonSettings; [Ledu.csus.ecs.pc2.core.model.BalloonSettings;@8f3692d
221210 101047.195|INFO|Thread-533|dumpPacket|   key: RUN_LIST is: [Ledu.csus.ecs.pc2.core.model.Run; [Ledu.csus.ecs.pc2.core.model.Run;@477f19e
221210 101047.195|INFO|Thread-533|dumpPacket|   key: ACCOUNT_ARRAY is: [Ledu.csus.ecs.pc2.core.model.Account; [Ledu.csus.ecs.pc2.core.model.Account;@2e0da6ef
221210 101047.195|INFO|Thread-533|info|handlePacket start Packet[LOGIN_SUCCESS] #2259 SERVER0 @ site 1 -> TEAM78 @ site 1
221210 101047.195|INFO|Thread-533|dumpPacket|Packet LOGIN_SUCCESS (Seq #2259, o#2259 ) handlePacket
221210 101047.195|INFO|Thread-533|dumpPacket|  From: SERVER0 @ site 1, oSERVER0 @ site 1 (DESKTOP-D75BQTV @ 212.212.212.212) (Contest Id: DryRun--5544400451244233091)
221210 101047.195|INFO|Thread-533|dumpPacket|    To: TEAM78 @ site 1
221210 101047.195|INFO|Thread-533|dumpPacket|   key: PROFILE_LIST is: [Ledu.csus.ecs.pc2.core.model.Profile; [Ledu.csus.ecs.pc2.core.model.Profile;@71bb399c
221210 101047.195|INFO|Thread-533|dumpPacket|   key: GENERAL_PROBLEM is: edu.csus.ecs.pc2.core.model.Problem General
221210 101047.195|INFO|Thread-533|dumpPacket|   key: CLIENT_SETTINGS_LIST is: [Ledu.csus.ecs.pc2.core.model.ClientSettings; [Ledu.csus.ecs.pc2.core.model.ClientSettings;@7f7cc9db
221210 101047.195|INFO|Thread-533|dumpPacket|   key: CONTEST_TIME is: edu.csus.ecs.pc2.core.model.ContestTime edu.csus.ecs.pc2.core.model.ContestTime@7b4352ec
221210 101047.195|INFO|Thread-533|dumpPacket|   key: CLARIFICATION_LIST is: [Ledu.csus.ecs.pc2.core.model.Clarification; [Ledu.csus.ecs.pc2.core.model.Clarification;@3e41c3e0
221210 101047.195|INFO|Thread-533|dumpPacket|   key: CATEGORY_LIST is: [Ledu.csus.ecs.pc2.core.model.Category; [Ledu.csus.ecs.pc2.core.model.Category;@169e7a6d
221210 101047.195|INFO|Thread-533|dumpPacket|   key: LANGUAGE_LIST is: [Ledu.csus.ecs.pc2.core.model.Language; [Ledu.csus.ecs.pc2.core.model.Language;@fb55b74
221210 101047.195|INFO|Thread-533|dumpPacket|   key: REMOTE_LOGGED_IN_USERS is: [Ledu.csus.ecs.pc2.core.model.ClientId; [Ledu.csus.ecs.pc2.core.model.ClientId;@6e80bc5c
221210 101047.195|INFO|Thread-533|dumpPacket|   key: CONTEST_TIME_LIST is: [Ledu.csus.ecs.pc2.core.model.ContestTime; [Ledu.csus.ecs.pc2.core.model.ContestTime;@5e6e3caf
221210 101047.195|INFO|Thread-533|dumpPacket|   key: CONNECTION_HANDLE_ID_LIST is: [Ledu.csus.ecs.pc2.core.transport.ConnectionHandlerID; [Ledu.csus.ecs.pc2.core.transport.ConnectionHandlerID;@3bc6681d
221210 101047.195|INFO|Thread-533|dumpPacket|   key: PROFILE is: edu.csus.ecs.pc2.core.model.Profile DryRun--5544400451244233091
221210 101047.195|INFO|Thread-533|dumpPacket|   key: CLIENT_ID is: edu.csus.ecs.pc2.core.model.ClientId TEAM78 @ site 1
221210 101047.195|INFO|Thread-533|dumpPacket|   key: SITE_NUMBER is: java.lang.Integer 1
221210 101047.195|INFO|Thread-533|dumpPacket|   key: CONTEST_INFORMATION is: edu.csus.ecs.pc2.core.model.ContestInformation edu.csus.ecs.pc2.core.model.ContestInformation@1e0deaea
221210 101047.195|INFO|Thread-533|dumpPacket|   key: SITE_LIST is: [Ledu.csus.ecs.pc2.core.model.Site; [Ledu.csus.ecs.pc2.core.model.Site;@7584d72b
221210 101047.195|INFO|Thread-533|dumpPacket|   key: PROBLEM_DATA_FILES is: [Ledu.csus.ecs.pc2.core.model.ProblemDataFiles; [Ledu.csus.ecs.pc2.core.model.ProblemDataFiles;@5a200670
221210 101047.195|INFO|Thread-533|dumpPacket|   key: JUDGEMENT_LIST is: [Ledu.csus.ecs.pc2.core.model.Judgement; [Ledu.csus.ecs.pc2.core.model.Judgement;@522e1ba9
221210 101047.195|INFO|Thread-533|dumpPacket|   key: PROBLEM_LIST is: [Ledu.csus.ecs.pc2.core.model.Problem; [Ledu.csus.ecs.pc2.core.model.Problem;@2305f1bc
221210 101047.195|INFO|Thread-533|dumpPacket|   key: GROUP_LIST is: [Ledu.csus.ecs.pc2.core.model.Group; [Ledu.csus.ecs.pc2.core.model.Group;@70eb4778
221210 101047.195|INFO|Thread-533|dumpPacket|   key: LOCAL_LOGGED_IN_USERS is: [Ledu.csus.ecs.pc2.core.model.ClientId; [Ledu.csus.ecs.pc2.core.model.ClientId;@2a22cc93
221210 101047.195|INFO|Thread-533|dumpPacket|   key: SERVER_CLOCK_OFFSET is: java.util.GregorianCalendar java.util.GregorianCalendar[time=1670688647190,areFieldsSet=true,areAllFieldsSet=false,lenient=true,zone=sun.util.calendar.ZoneInfo[id="GMT",offset=0,dstSavings=0,useDaylight=false,transitions=0,lastRule=null],firstDayOfWeek=1,minimalDaysInFirstWeek=1,ERA=1,YEAR=2022,MONTH=11,WEEK_OF_YEAR=50,WEEK_OF_MONTH=2,DAY_OF_MONTH=10,DAY_OF_YEAR=344,DAY_OF_WEEK=7,DAY_OF_WEEK_IN_MONTH=2,AM_PM=1,HOUR=4,HOUR_OF_DAY=16,MINUTE=10,SECOND=47,MILLISECOND=190,ZONE_OFFSET=0,DST_OFFSET=0]
221210 101047.195|INFO|Thread-533|dumpPacket|   key: CONTEST_IDENTIFIER is: java.lang.String DryRun--5544400451244233091
221210 101047.195|INFO|Thread-533|dumpPacket|   key: BALLOON_SETTINGS_LIST is: [Ledu.csus.ecs.pc2.core.model.BalloonSettings; [Ledu.csus.ecs.pc2.core.model.BalloonSettings;@8f3692d
221210 101047.195|INFO|Thread-533|dumpPacket|   key: RUN_LIST is: [Ledu.csus.ecs.pc2.core.model.Run; [Ledu.csus.ecs.pc2.core.model.Run;@477f19e
221210 101047.195|INFO|Thread-533|dumpPacket|   key: ACCOUNT_ARRAY is: [Ledu.csus.ecs.pc2.core.model.Account; [Ledu.csus.ecs.pc2.core.model.Account;@2e0da6ef
221210 101136.154|INFO|Thread-531|connectionDropped|connectionDropped(ConnectionHandlerID myConnectionID) 
231209 083404.878|CONFIG|qtp135640095-380|setFileHandlers|Now logging to C:\Users\18328\Desktop\pc2\WebTeamInterface-1.1\logs directory.
231209 083404.878|INFO|qtp135640095-380|info|
231209 083404.878|INFO|qtp135640095-380|info|Version 9 () Java ver 18.0.2.1 build  Windows 11 10.0 (amd64) 
231209 083404.878|INFO|qtp135640095-380|info|Login: team78 (aka team78)
231209 083404.878|INFO|qtp135640095-380|startLog|Working directory is C:\Users\18328\Desktop\pc2\WebTeamInterface-1.1
231209 083404.878|INFO|qtp135640095-380|startLog|Process id is 15028@DESKTOP-D75BQTV
231209 083404.878|INFO|qtp135640095-380|info|Contacting server at localhost:50002 as TEAM78 @ site 0
231209 083404.878|INFO|qtp135640095-380|info|sendLoginRequest start - sending from TEAM78 @ site 0
231209 083404.878|INFO|qtp135640095-380|sendToLocalServer|Sending packet to server Packet[LOGIN_REQUEST] #285 TEAM78 @ site 0 -> SERVER0 @ site 0
231209 083404.878|INFO|qtp135640095-380|sendToLocalServer|Sent    packet to server Packet[LOGIN_REQUEST] #285 TEAM78 @ site 0 -> SERVER0 @ site 0
231209 083404.878|INFO|qtp135640095-380|info|sendLoginRequest end - packet sent.
231209 083404.886|INFO|Thread-18881|run|send(Serializable)
231209 083404.900|INFO|Thread-18880|receive|public void receive(SealedObject TransportPacket, ConnectionHandlerID connectionHandlerID)
231209 083404.902|INFO|Thread-18882|info| receiveObject(S) start got Packet[LOGIN_SUCCESS] #1564 SERVER0 @ site 1 -> TEAM78 @ site 1
231209 083404.902|INFO|Thread-18882|dumpPacket|Packet LOGIN_SUCCESS (Seq #1564, o#1564 ) recieveObject
231209 083404.902|INFO|Thread-18882|dumpPacket|  From: SERVER0 @ site 1, oSERVER0 @ site 1 (DESKTOP-D75BQTV @ 212.212.212.212) (Contest Id: DryRun--6069080675419338087)
231209 083404.902|INFO|Thread-18882|dumpPacket|    To: TEAM78 @ site 1
231209 083404.902|INFO|Thread-18882|dumpPacket|   key: PROFILE_LIST is: [Ledu.csus.ecs.pc2.core.model.Profile; [Ledu.csus.ecs.pc2.core.model.Profile;@1852242a
231209 083404.902|INFO|Thread-18882|dumpPacket|   key: GENERAL_PROBLEM is: edu.csus.ecs.pc2.core.model.Problem General
231209 083404.902|INFO|Thread-18882|dumpPacket|   key: CLIENT_SETTINGS_LIST is: [Ledu.csus.ecs.pc2.core.model.ClientSettings; [Ledu.csus.ecs.pc2.core.model.ClientSettings;@1695d950
231209 083404.902|INFO|Thread-18882|dumpPacket|   key: CONTEST_TIME is: edu.csus.ecs.pc2.core.model.ContestTime edu.csus.ecs.pc2.core.model.ContestTime@12aa4f5a
231209 083404.902|INFO|Thread-18882|dumpPacket|   key: CLARIFICATION_LIST is: [Ledu.csus.ecs.pc2.core.model.Clarification; [Ledu.csus.ecs.pc2.core.model.Clarification;@57a8d36b
231209 083404.902|INFO|Thread-18882|dumpPacket|   key: CATEGORY_LIST is: [Ledu.csus.ecs.pc2.core.model.Category; [Ledu.csus.ecs.pc2.core.model.Category;@5e52cec0
231209 083404.902|INFO|Thread-18882|dumpPacket|   key: LANGUAGE_LIST is: [Ledu.csus.ecs.pc2.core.model.Language; [Ledu.csus.ecs.pc2.core.model.Language;@6635c303
231209 083404.902|INFO|Thread-18882|dumpPacket|   key: REMOTE_LOGGED_IN_USERS is: [Ledu.csus.ecs.pc2.core.model.ClientId; [Ledu.csus.ecs.pc2.core.model.ClientId;@26258000
231209 083404.902|INFO|Thread-18882|dumpPacket|   key: CONTEST_TIME_LIST is: [Ledu.csus.ecs.pc2.core.model.ContestTime; [Ledu.csus.ecs.pc2.core.model.ContestTime;@37872c24
231209 083404.902|INFO|Thread-18882|dumpPacket|   key: CONNECTION_HANDLE_ID_LIST is: [Ledu.csus.ecs.pc2.core.transport.ConnectionHandlerID; [Ledu.csus.ecs.pc2.core.transport.ConnectionHandlerID;@7f6bc0da
231209 083404.902|INFO|Thread-18882|dumpPacket|   key: PROFILE is: edu.csus.ecs.pc2.core.model.Profile DryRun--6069080675419338087
231209 083404.902|INFO|Thread-18882|dumpPacket|   key: CLIENT_ID is: edu.csus.ecs.pc2.core.model.ClientId TEAM78 @ site 1
231209 083404.902|INFO|Thread-18882|dumpPacket|   key: SITE_NUMBER is: java.lang.Integer 1
231209 083404.902|INFO|Thread-18882|dumpPacket|   key: CONTEST_INFORMATION is: edu.csus.ecs.pc2.core.model.ContestInformation edu.csus.ecs.pc2.core.model.ContestInformation@378e29ef
231209 083404.902|INFO|Thread-18882|dumpPacket|   key: SITE_LIST is: [Ledu.csus.ecs.pc2.core.model.Site; [Ledu.csus.ecs.pc2.core.model.Site;@3d218a9e
231209 083404.902|INFO|Thread-18882|dumpPacket|   key: PROBLEM_DATA_FILES is: [Ledu.csus.ecs.pc2.core.model.ProblemDataFiles; [Ledu.csus.ecs.pc2.core.model.ProblemDataFiles;@33c97712
231209 083404.902|INFO|Thread-18882|dumpPacket|   key: JUDGEMENT_LIST is: [Ledu.csus.ecs.pc2.core.model.Judgement; [Ledu.csus.ecs.pc2.core.model.Judgement;@12051ca1
231209 083404.902|INFO|Thread-18882|dumpPacket|   key: PROBLEM_LIST is: [Ledu.csus.ecs.pc2.core.model.Problem; [Ledu.csus.ecs.pc2.core.model.Problem;@54828e5f
231209 083404.902|INFO|Thread-18882|dumpPacket|   key: GROUP_LIST is: [Ledu.csus.ecs.pc2.core.model.Group; [Ledu.csus.ecs.pc2.core.model.Group;@65468b2b
231209 083404.902|INFO|Thread-18882|dumpPacket|   key: LOCAL_LOGGED_IN_USERS is: [Ledu.csus.ecs.pc2.core.model.ClientId; [Ledu.csus.ecs.pc2.core.model.ClientId;@1dcf0176
231209 083404.902|INFO|Thread-18882|dumpPacket|   key: SERVER_CLOCK_OFFSET is: java.util.GregorianCalendar java.util.GregorianCalendar[time=1702132444886,areFieldsSet=true,areAllFieldsSet=false,lenient=true,zone=sun.util.calendar.ZoneInfo[id="GMT",offset=0,dstSavings=0,useDaylight=false,transitions=0,lastRule=null],firstDayOfWeek=1,minimalDaysInFirstWeek=1,ERA=1,YEAR=2023,MONTH=11,WEEK_OF_YEAR=49,WEEK_OF_MONTH=2,DAY_OF_MONTH=9,DAY_OF_YEAR=343,DAY_OF_WEEK=7,DAY_OF_WEEK_IN_MONTH=2,AM_PM=1,HOUR=2,HOUR_OF_DAY=14,MINUTE=34,SECOND=4,MILLISECOND=886,ZONE_OFFSET=0,DST_OFFSET=0]
231209 083404.902|INFO|Thread-18882|dumpPacket|   key: CONTEST_IDENTIFIER is: java.lang.String DryRun--6069080675419338087
231209 083404.902|INFO|Thread-18882|dumpPacket|   key: BALLOON_SETTINGS_LIST is: [Ledu.csus.ecs.pc2.core.model.BalloonSettings; [Ledu.csus.ecs.pc2.core.model.BalloonSettings;@2715f67a
231209 083404.902|INFO|Thread-18882|dumpPacket|   key: RUN_LIST is: [Ledu.csus.ecs.pc2.core.model.Run; [Ledu.csus.ecs.pc2.core.model.Run;@67a574b1
231209 083404.902|INFO|Thread-18882|dumpPacket|   key: ACCOUNT_ARRAY is: [Ledu.csus.ecs.pc2.core.model.Account; [Ledu.csus.ecs.pc2.core.model.Account;@366bb4bd
231209 083404.902|INFO|Thread-18882|info|handlePacket start Packet[LOGIN_SUCCESS] #1564 SERVER0 @ site 1 -> TEAM78 @ site 1
231209 083404.902|INFO|Thread-18882|dumpPacket|Packet LOGIN_SUCCESS (Seq #1564, o#1564 ) handlePacket
231209 083404.902|INFO|Thread-18882|dumpPacket|  From: SERVER0 @ site 1, oSERVER0 @ site 1 (DESKTOP-D75BQTV @ 212.212.212.212) (Contest Id: DryRun--6069080675419338087)
231209 083404.902|INFO|Thread-18882|dumpPacket|    To: TEAM78 @ site 1
231209 083404.902|INFO|Thread-18882|dumpPacket|   key: PROFILE_LIST is: [Ledu.csus.ecs.pc2.core.model.Profile; [Ledu.csus.ecs.pc2.core.model.Profile;@1852242a
231209 083404.902|INFO|Thread-18882|dumpPacket|   key: GENERAL_PROBLEM is: edu.csus.ecs.pc2.core.model.Problem General
231209 083404.902|INFO|Thread-18882|dumpPacket|   key: CLIENT_SETTINGS_LIST is: [Ledu.csus.ecs.pc2.core.model.ClientSettings; [Ledu.csus.ecs.pc2.core.model.ClientSettings;@1695d950
231209 083404.902|INFO|Thread-18882|dumpPacket|   key: CONTEST_TIME is: edu.csus.ecs.pc2.core.model.ContestTime edu.csus.ecs.pc2.core.model.ContestTime@12aa4f5a
231209 083404.902|INFO|Thread-18882|dumpPacket|   key: CLARIFICATION_LIST is: [Ledu.csus.ecs.pc2.core.model.Clarification; [Ledu.csus.ecs.pc2.core.model.Clarification;@57a8d36b
231209 083404.902|INFO|Thread-18882|dumpPacket|   key: CATEGORY_LIST is: [Ledu.csus.ecs.pc2.core.model.Category; [Ledu.csus.ecs.pc2.core.model.Category;@5e52cec0
231209 083404.902|INFO|Thread-18882|dumpPacket|   key: LANGUAGE_LIST is: [Ledu.csus.ecs.pc2.core.model.Language; [Ledu.csus.ecs.pc2.core.model.Language;@6635c303
231209 083404.902|INFO|Thread-18882|dumpPacket|   key: REMOTE_LOGGED_IN_USERS is: [Ledu.csus.ecs.pc2.core.model.ClientId; [Ledu.csus.ecs.pc2.core.model.ClientId;@26258000
231209 083404.902|INFO|Thread-18882|dumpPacket|   key: CONTEST_TIME_LIST is: [Ledu.csus.ecs.pc2.core.model.ContestTime; [Ledu.csus.ecs.pc2.core.model.ContestTime;@37872c24
231209 083404.902|INFO|Thread-18882|dumpPacket|   key: CONNECTION_HANDLE_ID_LIST is: [Ledu.csus.ecs.pc2.core.transport.ConnectionHandlerID; [Ledu.csus.ecs.pc2.core.transport.ConnectionHandlerID;@7f6bc0da
231209 083404.902|INFO|Thread-18882|dumpPacket|   key: PROFILE is: edu.csus.ecs.pc2.core.model.Profile DryRun--6069080675419338087
231209 083404.902|INFO|Thread-18882|dumpPacket|   key: CLIENT_ID is: edu.csus.ecs.pc2.core.model.ClientId TEAM78 @ site 1
231209 083404.902|INFO|Thread-18882|dumpPacket|   key: SITE_NUMBER is: java.lang.Integer 1
231209 083404.902|INFO|Thread-18882|dumpPacket|   key: CONTEST_INFORMATION is: edu.csus.ecs.pc2.core.model.ContestInformation edu.csus.ecs.pc2.core.model.ContestInformation@378e29ef
231209 083404.902|INFO|Thread-18882|dumpPacket|   key: SITE_LIST is: [Ledu.csus.ecs.pc2.core.model.Site; [Ledu.csus.ecs.pc2.core.model.Site;@3d218a9e
231209 083404.902|INFO|Thread-18882|dumpPacket|   key: PROBLEM_DATA_FILES is: [Ledu.csus.ecs.pc2.core.model.ProblemDataFiles; [Ledu.csus.ecs.pc2.core.model.ProblemDataFiles;@33c97712
231209 083404.902|INFO|Thread-18882|dumpPacket|   key: JUDGEMENT_LIST is: [Ledu.csus.ecs.pc2.core.model.Judgement; [Ledu.csus.ecs.pc2.core.model.Judgement;@12051ca1
231209 083404.902|INFO|Thread-18882|dumpPacket|   key: PROBLEM_LIST is: [Ledu.csus.ecs.pc2.core.model.Problem; [Ledu.csus.ecs.pc2.core.model.Problem;@54828e5f
231209 083404.902|INFO|Thread-18882|dumpPacket|   key: GROUP_LIST is: [Ledu.csus.ecs.pc2.core.model.Group; [Ledu.csus.ecs.pc2.core.model.Group;@65468b2b
231209 083404.902|INFO|Thread-18882|dumpPacket|   key: LOCAL_LOGGED_IN_USERS is: [Ledu.csus.ecs.pc2.core.model.ClientId; [Ledu.csus.ecs.pc2.core.model.ClientId;@1dcf0176
231209 083404.902|INFO|Thread-18882|dumpPacket|   key: SERVER_CLOCK_OFFSET is: java.util.GregorianCalendar java.util.GregorianCalendar[time=1702132444886,areFieldsSet=true,areAllFieldsSet=false,lenient=true,zone=sun.util.calendar.ZoneInfo[id="GMT",offset=0,dstSavings=0,useDaylight=false,transitions=0,lastRule=null],firstDayOfWeek=1,minimalDaysInFirstWeek=1,ERA=1,YEAR=2023,MONTH=11,WEEK_OF_YEAR=49,WEEK_OF_MONTH=2,DAY_OF_MONTH=9,DAY_OF_YEAR=343,DAY_OF_WEEK=7,DAY_OF_WEEK_IN_MONTH=2,AM_PM=1,HOUR=2,HOUR_OF_DAY=14,MINUTE=34,SECOND=4,MILLISECOND=886,ZONE_OFFSET=0,DST_OFFSET=0]
231209 083404.902|INFO|Thread-18882|dumpPacket|   key: CONTEST_IDENTIFIER is: java.lang.String DryRun--6069080675419338087
231209 083404.902|INFO|Thread-18882|dumpPacket|   key: BALLOON_SETTINGS_LIST is: [Ledu.csus.ecs.pc2.core.model.BalloonSettings; [Ledu.csus.ecs.pc2.core.model.BalloonSettings;@2715f67a
231209 083404.902|INFO|Thread-18882|dumpPacket|   key: RUN_LIST is: [Ledu.csus.ecs.pc2.core.model.Run; [Ledu.csus.ecs.pc2.core.model.Run;@67a574b1
231209 083404.902|INFO|Thread-18882|dumpPacket|   key: ACCOUNT_ARRAY is: [Ledu.csus.ecs.pc2.core.model.Account; [Ledu.csus.ecs.pc2.core.model.Account;@366bb4bd
231209 094535.723|INFO|Thread-25919|run|send(Serializable)
231209 094535.785|INFO|Thread-18880|receive|public void receive(SealedObject TransportPacket, ConnectionHandlerID connectionHandlerID)
231209 094611.699|INFO|Thread-18880|receive|public void receive(SealedObject TransportPacket, ConnectionHandlerID connectionHandlerID)
231209 094855.230|INFO|Thread-18880|connectionDropped|connectionDropped(ConnectionHandlerID myConnectionID) 
