231209 104349.574|CONFIG|Thread-50014|setFileHandlers|Now logging to C:\Users\18328\Desktop\pc2\WebTeamInterface-1.1\logs directory.
231209 104349.574|INFO|Thread-50014|info|
231209 104349.582|INFO|Thread-50014|info|Version 9 () Java ver 18.0.2.1 build  Windows 11 10.0 (amd64) 
231209 104349.582|INFO|Thread-50014|info|Login: team90 (aka team90)
231209 104349.582|INFO|Thread-50014|startLog|Working directory is C:\Users\18328\Desktop\pc2\WebTeamInterface-1.1
231209 104349.582|INFO|Thread-50014|startLog|Process id is 15028@DESKTOP-D75BQTV
231209 104349.582|INFO|Thread-50014|info| handlePacket original LOGIN_SUCCESS after -- all settings loaded 
231209 104349.582|INFO|Thread-50014|info|handlePacket end Packet[LOGIN_SUCCESS] #3885 SERVER0 @ site 1 -> TEAM90 @ site 1
231209 104349.582|INFO|Thread-50014|info| receiveObject(S) end   got Packet[LOGIN_SUCCESS] #3885 SERVER0 @ site 1 -> TEAM90 @ site 1
231209 104900.067|INFO|Thread-55665|info| receiveObject(S) start got Packet[CLARIFICATION_ANSWER_UPDATE] #4015 SERVER0 @ site 1 -> SERVER0 @ site 0
231209 104900.067|INFO|Thread-55665|dumpPacket|Packet CLARIFICATION_ANSWER_UPDATE (Seq #4015, o#4015 ) recieveObject
231209 104900.067|INFO|Thread-55665|dumpPacket|  From: SERVER0 @ site 1, oSERVER0 @ site 1 (DESKTOP-D75BQTV @ 212.212.212.212) (Contest Id: RealDeal--1957769244132597914)
231209 104900.070|INFO|Thread-55665|dumpPacket|    To: SERVER0 @ site 0
231209 104900.070|INFO|Thread-55665|dumpPacket|   key: CLARIFICATION is: edu.csus.ecs.pc2.core.model.Clarification Clarification 1 ANSWERED from TEAM91 @ site 1 at 4 id=Clarification--3513482260916480937
231209 104900.070|INFO|Thread-55665|dumpPacket|   key: CLARIFICATION_ANSWER is: java.lang.String No response, read problem statement
231209 104900.070|INFO|Thread-55665|dumpPacket|   key: CLIENT_ID is: edu.csus.ecs.pc2.core.model.ClientId ADMINISTRATOR1 @ site 1
231209 104900.070|INFO|Thread-55665|info|handlePacket start Packet[CLARIFICATION_ANSWER_UPDATE] #4015 SERVER0 @ site 1 -> SERVER0 @ site 0
231209 104900.070|INFO|Thread-55665|dumpPacket|Packet CLARIFICATION_ANSWER_UPDATE (Seq #4015, o#4015 ) handlePacket
231209 104900.070|INFO|Thread-55665|dumpPacket|  From: SERVER0 @ site 1, oSERVER0 @ site 1 (DESKTOP-D75BQTV @ 212.212.212.212) (Contest Id: RealDeal--1957769244132597914)
231209 104900.070|INFO|Thread-55665|dumpPacket|    To: SERVER0 @ site 0
231209 104900.070|INFO|Thread-55665|dumpPacket|   key: CLARIFICATION is: edu.csus.ecs.pc2.core.model.Clarification Clarification 1 ANSWERED from TEAM91 @ site 1 at 4 id=Clarification--3513482260916480937
231209 104900.070|INFO|Thread-55665|dumpPacket|   key: CLARIFICATION_ANSWER is: java.lang.String No response, read problem statement
231209 104900.070|INFO|Thread-55665|dumpPacket|   key: CLIENT_ID is: edu.csus.ecs.pc2.core.model.ClientId ADMINISTRATOR1 @ site 1
231209 104900.092|INFO|Thread-55665|info| receiveObject(S) end   got Packet[CLARIFICATION_ANSWER_UPDATE] #4015 SERVER0 @ site 1 -> SERVER0 @ site 0
231209 104938.145|INFO|Thread-56471|info| receiveObject(S) start got Packet[CLARIFICATION_ANSWER_UPDATE] #4032 SERVER0 @ site 1 -> SERVER0 @ site 0
231209 104938.145|INFO|Thread-56471|dumpPacket|Packet CLARIFICATION_ANSWER_UPDATE (Seq #4032, o#4032 ) recieveObject
231209 104938.145|INFO|Thread-56471|dumpPacket|  From: SERVER0 @ site 1, oSERVER0 @ site 1 (DESKTOP-D75BQTV @ 212.212.212.212) (Contest Id: RealDeal--1957769244132597914)
231209 104938.145|INFO|Thread-56471|dumpPacket|    To: SERVER0 @ site 0
231209 104938.145|INFO|Thread-56471|dumpPacket|   key: CLARIFICATION is: edu.csus.ecs.pc2.core.model.Clarification Clarification 2 ANSWERED from JUDGE3 @ site 1 at 5 id=Clarification-2100581527514594593
231209 104938.145|INFO|Thread-56471|dumpPacket|   key: CLARIFICATION_ANSWER is: java.lang.String Read above
231209 104938.145|INFO|Thread-56471|dumpPacket|   key: CLIENT_ID is: edu.csus.ecs.pc2.core.model.ClientId ADMINISTRATOR1 @ site 1
231209 104938.145|INFO|Thread-56471|info|handlePacket start Packet[CLARIFICATION_ANSWER_UPDATE] #4032 SERVER0 @ site 1 -> SERVER0 @ site 0
231209 104938.146|INFO|Thread-56471|dumpPacket|Packet CLARIFICATION_ANSWER_UPDATE (Seq #4032, o#4032 ) handlePacket
231209 104938.146|INFO|Thread-56471|dumpPacket|  From: SERVER0 @ site 1, oSERVER0 @ site 1 (DESKTOP-D75BQTV @ 212.212.212.212) (Contest Id: RealDeal--1957769244132597914)
231209 104938.146|INFO|Thread-56471|dumpPacket|    To: SERVER0 @ site 0
231209 104938.146|INFO|Thread-56471|dumpPacket|   key: CLARIFICATION is: edu.csus.ecs.pc2.core.model.Clarification Clarification 2 ANSWERED from JUDGE3 @ site 1 at 5 id=Clarification-2100581527514594593
231209 104938.146|INFO|Thread-56471|dumpPacket|   key: CLARIFICATION_ANSWER is: java.lang.String Read above
231209 104938.146|INFO|Thread-56471|dumpPacket|   key: CLIENT_ID is: edu.csus.ecs.pc2.core.model.ClientId ADMINISTRATOR1 @ site 1
231209 104938.156|INFO|Thread-56471|info| receiveObject(S) end   got Packet[CLARIFICATION_ANSWER_UPDATE] #4032 SERVER0 @ site 1 -> SERVER0 @ site 0
231209 105758.490|INFO|Thread-64821|info| receiveObject(S) start got Packet[CLARIFICATION_ANSWER_UPDATE] #4323 SERVER0 @ site 1 -> SERVER0 @ site 0
231209 105758.490|INFO|Thread-64821|dumpPacket|Packet CLARIFICATION_ANSWER_UPDATE (Seq #4323, o#4323 ) recieveObject
231209 105758.490|INFO|Thread-64821|dumpPacket|  From: SERVER0 @ site 1, oSERVER0 @ site 1 (DESKTOP-D75BQTV @ 212.212.212.212) (Contest Id: RealDeal--1957769244132597914)
231209 105758.490|INFO|Thread-64821|dumpPacket|    To: SERVER0 @ site 0
231209 105758.490|INFO|Thread-64821|dumpPacket|   key: CLARIFICATION is: edu.csus.ecs.pc2.core.model.Clarification Clarification 3 ANSWERED from TEAM77 @ site 1 at 7 id=Clarification--6384166243320002001
231209 105758.490|INFO|Thread-64821|dumpPacket|   key: CLARIFICATION_ANSWER is: java.lang.String Its a 0.
231209 105758.490|INFO|Thread-64821|dumpPacket|   key: CLIENT_ID is: edu.csus.ecs.pc2.core.model.ClientId ADMINISTRATOR1 @ site 1
231209 105758.490|INFO|Thread-64821|info|handlePacket start Packet[CLARIFICATION_ANSWER_UPDATE] #4323 SERVER0 @ site 1 -> SERVER0 @ site 0
231209 105758.490|INFO|Thread-64821|dumpPacket|Packet CLARIFICATION_ANSWER_UPDATE (Seq #4323, o#4323 ) handlePacket
231209 105758.490|INFO|Thread-64821|dumpPacket|  From: SERVER0 @ site 1, oSERVER0 @ site 1 (DESKTOP-D75BQTV @ 212.212.212.212) (Contest Id: RealDeal--1957769244132597914)
231209 105758.490|INFO|Thread-64821|dumpPacket|    To: SERVER0 @ site 0
231209 105758.490|INFO|Thread-64821|dumpPacket|   key: CLARIFICATION is: edu.csus.ecs.pc2.core.model.Clarification Clarification 3 ANSWERED from TEAM77 @ site 1 at 7 id=Clarification--6384166243320002001
231209 105758.490|INFO|Thread-64821|dumpPacket|   key: CLARIFICATION_ANSWER is: java.lang.String Its a 0.
231209 105758.490|INFO|Thread-64821|dumpPacket|   key: CLIENT_ID is: edu.csus.ecs.pc2.core.model.ClientId ADMINISTRATOR1 @ site 1
231209 105758.546|INFO|Thread-64821|info| receiveObject(S) end   got Packet[CLARIFICATION_ANSWER_UPDATE] #4323 SERVER0 @ site 1 -> SERVER0 @ site 0
231209 110012.932|INFO|Thread-64993|info| receiveObject(S) start got Packet[CLARIFICATION_ANSWER_UPDATE] #4399 SERVER0 @ site 1 -> SERVER0 @ site 0
231209 110012.932|INFO|Thread-64993|dumpPacket|Packet CLARIFICATION_ANSWER_UPDATE (Seq #4399, o#4399 ) recieveObject
231209 110012.932|INFO|Thread-64993|dumpPacket|  From: SERVER0 @ site 1, oSERVER0 @ site 1 (DESKTOP-D75BQTV @ 212.212.212.212) (Contest Id: RealDeal--1957769244132597914)
231209 110012.932|INFO|Thread-64993|dumpPacket|    To: SERVER0 @ site 0
231209 110012.932|INFO|Thread-64993|dumpPacket|   key: CLARIFICATION is: edu.csus.ecs.pc2.core.model.Clarification Clarification 4 ANSWERED from TEAM82 @ site 1 at 14 id=Clarification-5863903242636736970
231209 110012.932|INFO|Thread-64993|dumpPacket|   key: CLARIFICATION_ANSWER is: java.lang.String Read the problem description.
231209 110012.932|INFO|Thread-64993|dumpPacket|   key: CLIENT_ID is: edu.csus.ecs.pc2.core.model.ClientId JUDGE10 @ site 1
231209 110012.932|INFO|Thread-64993|info|handlePacket start Packet[CLARIFICATION_ANSWER_UPDATE] #4399 SERVER0 @ site 1 -> SERVER0 @ site 0
231209 110012.932|INFO|Thread-64993|dumpPacket|Packet CLARIFICATION_ANSWER_UPDATE (Seq #4399, o#4399 ) handlePacket
231209 110012.932|INFO|Thread-64993|dumpPacket|  From: SERVER0 @ site 1, oSERVER0 @ site 1 (DESKTOP-D75BQTV @ 212.212.212.212) (Contest Id: RealDeal--1957769244132597914)
231209 110012.932|INFO|Thread-64993|dumpPacket|    To: SERVER0 @ site 0
231209 110012.932|INFO|Thread-64993|dumpPacket|   key: CLARIFICATION is: edu.csus.ecs.pc2.core.model.Clarification Clarification 4 ANSWERED from TEAM82 @ site 1 at 14 id=Clarification-5863903242636736970
231209 110012.932|INFO|Thread-64993|dumpPacket|   key: CLARIFICATION_ANSWER is: java.lang.String Read the problem description.
231209 110012.932|INFO|Thread-64993|dumpPacket|   key: CLIENT_ID is: edu.csus.ecs.pc2.core.model.ClientId JUDGE10 @ site 1
231209 110012.939|INFO|Thread-64993|info| receiveObject(S) end   got Packet[CLARIFICATION_ANSWER_UPDATE] #4399 SERVER0 @ site 1 -> SERVER0 @ site 0
231209 110027.788|INFO|qtp135640095-64842|sendToLocalServer|Sending packet to server Packet[RUN_SUBMISSION] #812 TEAM90 @ site 1 -> SERVER0 @ site 1
231209 110027.788|INFO|qtp135640095-64842|sendToLocalServer|Sent    packet to server Packet[RUN_SUBMISSION] #812 TEAM90 @ site 1 -> SERVER0 @ site 1
231209 110027.844|INFO|Thread-65011|info| receiveObject(S) start got Packet[RUN_SUBMISSION_CONFIRM] #4411 SERVER0 @ site 1 -> TEAM90 @ site 1
231209 110027.844|INFO|Thread-65011|dumpPacket|Packet RUN_SUBMISSION_CONFIRM (Seq #4411, o#4411 ) recieveObject
231209 110027.844|INFO|Thread-65011|dumpPacket|  From: SERVER0 @ site 1, oSERVER0 @ site 1 (DESKTOP-D75BQTV @ 212.212.212.212) (Contest Id: RealDeal--1957769244132597914)
231209 110027.844|INFO|Thread-65011|dumpPacket|    To: TEAM90 @ site 1
231209 110027.844|INFO|Thread-65011|dumpPacket|   key: RUN is: edu.csus.ecs.pc2.core.model.Run Run 64 NEW 16 min 1007060ms from TEAM90 @ site 1 id Run--3584111127887922222 problem Missing_Cat--8325778690036057049 lang Java--8800253324652192008
231209 110027.844|INFO|Thread-65011|info|handlePacket start Packet[RUN_SUBMISSION_CONFIRM] #4411 SERVER0 @ site 1 -> TEAM90 @ site 1
231209 110027.844|INFO|Thread-65011|dumpPacket|Packet RUN_SUBMISSION_CONFIRM (Seq #4411, o#4411 ) handlePacket
231209 110027.844|INFO|Thread-65011|dumpPacket|  From: SERVER0 @ site 1, oSERVER0 @ site 1 (DESKTOP-D75BQTV @ 212.212.212.212) (Contest Id: RealDeal--1957769244132597914)
231209 110027.845|INFO|Thread-65011|dumpPacket|    To: TEAM90 @ site 1
231209 110027.845|INFO|Thread-65011|dumpPacket|   key: RUN is: edu.csus.ecs.pc2.core.model.Run Run 64 NEW 16 min 1007060ms from TEAM90 @ site 1 id Run--3584111127887922222 problem Missing_Cat--8325778690036057049 lang Java--8800253324652192008
231209 110027.845|INFO|Thread-65011|info| receiveObject(S) end   got Packet[RUN_SUBMISSION_CONFIRM] #4411 SERVER0 @ site 1 -> TEAM90 @ site 1
231209 110139.183|INFO|Thread-65128|info| receiveObject(S) start got Packet[CLARIFICATION_ANSWER_UPDATE] #4469 SERVER0 @ site 1 -> SERVER0 @ site 0
231209 110139.183|INFO|Thread-65128|dumpPacket|Packet CLARIFICATION_ANSWER_UPDATE (Seq #4469, o#4469 ) recieveObject
231209 110139.183|INFO|Thread-65128|dumpPacket|  From: SERVER0 @ site 1, oSERVER0 @ site 1 (DESKTOP-D75BQTV @ 212.212.212.212) (Contest Id: RealDeal--1957769244132597914)
231209 110139.183|INFO|Thread-65128|dumpPacket|    To: SERVER0 @ site 0
231209 110139.183|INFO|Thread-65128|dumpPacket|   key: CLARIFICATION is: edu.csus.ecs.pc2.core.model.Clarification Clarification 5 ANSWERED from TEAM50 @ site 1 at 16 id=Clarification-1647212286997947126
231209 110139.183|INFO|Thread-65128|dumpPacket|   key: CLARIFICATION_ANSWER is: java.lang.String yes
231209 110139.183|INFO|Thread-65128|dumpPacket|   key: CLIENT_ID is: edu.csus.ecs.pc2.core.model.ClientId JUDGE10 @ site 1
231209 110139.183|INFO|Thread-65128|info|handlePacket start Packet[CLARIFICATION_ANSWER_UPDATE] #4469 SERVER0 @ site 1 -> SERVER0 @ site 0
231209 110139.183|INFO|Thread-65128|dumpPacket|Packet CLARIFICATION_ANSWER_UPDATE (Seq #4469, o#4469 ) handlePacket
231209 110139.183|INFO|Thread-65128|dumpPacket|  From: SERVER0 @ site 1, oSERVER0 @ site 1 (DESKTOP-D75BQTV @ 212.212.212.212) (Contest Id: RealDeal--1957769244132597914)
231209 110139.183|INFO|Thread-65128|dumpPacket|    To: SERVER0 @ site 0
231209 110139.183|INFO|Thread-65128|dumpPacket|   key: CLARIFICATION is: edu.csus.ecs.pc2.core.model.Clarification Clarification 5 ANSWERED from TEAM50 @ site 1 at 16 id=Clarification-1647212286997947126
231209 110139.183|INFO|Thread-65128|dumpPacket|   key: CLARIFICATION_ANSWER is: java.lang.String yes
231209 110139.183|INFO|Thread-65128|dumpPacket|   key: CLIENT_ID is: edu.csus.ecs.pc2.core.model.ClientId JUDGE10 @ site 1
231209 110139.188|INFO|Thread-65128|info| receiveObject(S) end   got Packet[CLARIFICATION_ANSWER_UPDATE] #4469 SERVER0 @ site 1 -> SERVER0 @ site 0
231209 110207.247|INFO|Thread-65148|info| receiveObject(S) start got Packet[RUN_JUDGEMENT] #4491 SERVER0 @ site 1 -> TEAM90 @ site 1
231209 110207.247|INFO|Thread-65148|dumpPacket|Packet RUN_JUDGEMENT (Seq #4491, o#4491 ) recieveObject
231209 110207.247|INFO|Thread-65148|dumpPacket|  From: SERVER0 @ site 1, oSERVER0 @ site 1 (DESKTOP-D75BQTV @ 212.212.212.212) (Contest Id: RealDeal--1957769244132597914)
231209 110207.247|INFO|Thread-65148|dumpPacket|    To: TEAM90 @ site 1
231209 110207.247|INFO|Thread-65148|dumpPacket|   key: JUDGEMENT_RECORD is: edu.csus.ecs.pc2.core.model.JudgementRecord No by JUDGE1 @ site 1 judgement No_-_Wrong_Answer-7097647880754622437 id JudgementRecord-2634382530195315424
231209 110207.247|INFO|Thread-65148|dumpPacket|   key: RUN is: edu.csus.ecs.pc2.core.model.Run Run 64 JUDGED 16 min 1007060ms from TEAM90 @ site 1 id Run--3584111127887922222 problem Missing_Cat--8325778690036057049 lang Java--8800253324652192008
231209 110207.247|INFO|Thread-65148|dumpPacket|   key: CLIENT_ID is: edu.csus.ecs.pc2.core.model.ClientId SERVER0 @ site 1
231209 110207.247|INFO|Thread-65148|info|handlePacket start Packet[RUN_JUDGEMENT] #4491 SERVER0 @ site 1 -> TEAM90 @ site 1
231209 110207.247|INFO|Thread-65148|dumpPacket|Packet RUN_JUDGEMENT (Seq #4491, o#4491 ) handlePacket
231209 110207.247|INFO|Thread-65148|dumpPacket|  From: SERVER0 @ site 1, oSERVER0 @ site 1 (DESKTOP-D75BQTV @ 212.212.212.212) (Contest Id: RealDeal--1957769244132597914)
231209 110207.247|INFO|Thread-65148|dumpPacket|    To: TEAM90 @ site 1
231209 110207.247|INFO|Thread-65148|dumpPacket|   key: JUDGEMENT_RECORD is: edu.csus.ecs.pc2.core.model.JudgementRecord No by JUDGE1 @ site 1 judgement No_-_Wrong_Answer-7097647880754622437 id JudgementRecord-2634382530195315424
231209 110207.247|INFO|Thread-65148|dumpPacket|   key: RUN is: edu.csus.ecs.pc2.core.model.Run Run 64 JUDGED 16 min 1007060ms from TEAM90 @ site 1 id Run--3584111127887922222 problem Missing_Cat--8325778690036057049 lang Java--8800253324652192008
231209 110207.247|INFO|Thread-65148|dumpPacket|   key: CLIENT_ID is: edu.csus.ecs.pc2.core.model.ClientId SERVER0 @ site 1
231209 110207.247|INFO|Thread-65148|info| receiveObject(S) end   got Packet[RUN_JUDGEMENT] #4491 SERVER0 @ site 1 -> TEAM90 @ site 1
231209 110446.753|INFO|Thread-65265|info| receiveObject(S) start got Packet[CLARIFICATION_ANSWER_UPDATE] #4608 SERVER0 @ site 1 -> SERVER0 @ site 0
231209 110446.753|INFO|Thread-65265|dumpPacket|Packet CLARIFICATION_ANSWER_UPDATE (Seq #4608, o#4608 ) recieveObject
231209 110446.753|INFO|Thread-65265|dumpPacket|  From: SERVER0 @ site 1, oSERVER0 @ site 1 (DESKTOP-D75BQTV @ 212.212.212.212) (Contest Id: RealDeal--1957769244132597914)
231209 110446.753|INFO|Thread-65265|dumpPacket|    To: SERVER0 @ site 0
231209 110446.753|INFO|Thread-65265|dumpPacket|   key: CLARIFICATION is: edu.csus.ecs.pc2.core.model.Clarification Clarification 6 ANSWERED from TEAM117 @ site 1 at 20 id=Clarification-7620427522712153602
231209 110446.753|INFO|Thread-65265|dumpPacket|   key: CLARIFICATION_ANSWER is: java.lang.String There may be.
231209 110446.753|INFO|Thread-65265|dumpPacket|   key: CLIENT_ID is: edu.csus.ecs.pc2.core.model.ClientId ADMINISTRATOR1 @ site 1
231209 110446.754|INFO|Thread-65265|info|handlePacket start Packet[CLARIFICATION_ANSWER_UPDATE] #4608 SERVER0 @ site 1 -> SERVER0 @ site 0
231209 110446.754|INFO|Thread-65265|dumpPacket|Packet CLARIFICATION_ANSWER_UPDATE (Seq #4608, o#4608 ) handlePacket
231209 110446.754|INFO|Thread-65265|dumpPacket|  From: SERVER0 @ site 1, oSERVER0 @ site 1 (DESKTOP-D75BQTV @ 212.212.212.212) (Contest Id: RealDeal--1957769244132597914)
231209 110446.754|INFO|Thread-65265|dumpPacket|    To: SERVER0 @ site 0
231209 110446.754|INFO|Thread-65265|dumpPacket|   key: CLARIFICATION is: edu.csus.ecs.pc2.core.model.Clarification Clarification 6 ANSWERED from TEAM117 @ site 1 at 20 id=Clarification-7620427522712153602
231209 110446.754|INFO|Thread-65265|dumpPacket|   key: CLARIFICATION_ANSWER is: java.lang.String There may be.
231209 110446.754|INFO|Thread-65265|dumpPacket|   key: CLIENT_ID is: edu.csus.ecs.pc2.core.model.ClientId ADMINISTRATOR1 @ site 1
231209 110446.763|INFO|Thread-65265|info| receiveObject(S) end   got Packet[CLARIFICATION_ANSWER_UPDATE] #4608 SERVER0 @ site 1 -> SERVER0 @ site 0
231209 110645.408|INFO|Thread-65404|info| receiveObject(S) start got Packet[UPDATE_SETTING] #4698 SERVER0 @ site 1 -> SERVER0 @ site 0
231209 110645.408|INFO|Thread-65404|dumpPacket|Packet UPDATE_SETTING (Seq #4698, o#139 ) recieveObject
231209 110645.408|INFO|Thread-65404|dumpPacket|  From: SERVER0 @ site 1, oADMINISTRATOR1 @ site 1 (DESKTOP-D75BQTV @ 212.212.212.212) (Contest Id: RealDeal--1957769244132597914)
231209 110645.408|INFO|Thread-65404|dumpPacket|    To: SERVER0 @ site 0
231209 110645.408|INFO|Thread-65404|dumpPacket|   key: PROBLEM is: edu.csus.ecs.pc2.core.model.Problem Shuffle
231209 110645.408|INFO|Thread-65404|info|handlePacket start Packet[UPDATE_SETTING] #4698 SERVER0 @ site 1 -> SERVER0 @ site 0
231209 110645.408|INFO|Thread-65404|dumpPacket|Packet UPDATE_SETTING (Seq #4698, o#139 ) handlePacket
231209 110645.408|INFO|Thread-65404|dumpPacket|  From: SERVER0 @ site 1, oADMINISTRATOR1 @ site 1 (DESKTOP-D75BQTV @ 212.212.212.212) (Contest Id: RealDeal--1957769244132597914)
231209 110645.408|INFO|Thread-65404|dumpPacket|    To: SERVER0 @ site 0
231209 110645.408|INFO|Thread-65404|dumpPacket|   key: PROBLEM is: edu.csus.ecs.pc2.core.model.Problem Shuffle
231209 110645.408|INFO|Thread-65404|info|handlePacket end Packet[UPDATE_SETTING] #4698 SERVER0 @ site 1 -> SERVER0 @ site 0
231209 110645.421|INFO|Thread-65404|info| receiveObject(S) end   got Packet[UPDATE_SETTING] #4698 SERVER0 @ site 1 -> SERVER0 @ site 0
231209 111315.701|INFO|Thread-65645|info| receiveObject(S) start got Packet[CLARIFICATION_ANSWER_UPDATE] #4919 SERVER0 @ site 1 -> SERVER0 @ site 0
231209 111315.701|INFO|Thread-65645|dumpPacket|Packet CLARIFICATION_ANSWER_UPDATE (Seq #4919, o#4919 ) recieveObject
231209 111315.701|INFO|Thread-65645|dumpPacket|  From: SERVER0 @ site 1, oSERVER0 @ site 1 (DESKTOP-D75BQTV @ 212.212.212.212) (Contest Id: RealDeal--1957769244132597914)
231209 111315.701|INFO|Thread-65645|dumpPacket|    To: SERVER0 @ site 0
231209 111315.701|INFO|Thread-65645|dumpPacket|   key: CLARIFICATION is: edu.csus.ecs.pc2.core.model.Clarification Clarification 9 ANSWERED from TEAM75 @ site 1 at 27 id=Clarification-2320838978162202316
231209 111315.701|INFO|Thread-65645|dumpPacket|   key: CLARIFICATION_ANSWER is: java.lang.String No response, read problem statement
231209 111315.701|INFO|Thread-65645|dumpPacket|   key: CLIENT_ID is: edu.csus.ecs.pc2.core.model.ClientId ADMINISTRATOR1 @ site 1
231209 111315.701|INFO|Thread-65645|info|handlePacket start Packet[CLARIFICATION_ANSWER_UPDATE] #4919 SERVER0 @ site 1 -> SERVER0 @ site 0
231209 111315.701|INFO|Thread-65645|dumpPacket|Packet CLARIFICATION_ANSWER_UPDATE (Seq #4919, o#4919 ) handlePacket
231209 111315.701|INFO|Thread-65645|dumpPacket|  From: SERVER0 @ site 1, oSERVER0 @ site 1 (DESKTOP-D75BQTV @ 212.212.212.212) (Contest Id: RealDeal--1957769244132597914)
231209 111315.701|INFO|Thread-65645|dumpPacket|    To: SERVER0 @ site 0
231209 111315.701|INFO|Thread-65645|dumpPacket|   key: CLARIFICATION is: edu.csus.ecs.pc2.core.model.Clarification Clarification 9 ANSWERED from TEAM75 @ site 1 at 27 id=Clarification-2320838978162202316
231209 111315.701|INFO|Thread-65645|dumpPacket|   key: CLARIFICATION_ANSWER is: java.lang.String No response, read problem statement
231209 111315.701|INFO|Thread-65645|dumpPacket|   key: CLIENT_ID is: edu.csus.ecs.pc2.core.model.ClientId ADMINISTRATOR1 @ site 1
231209 111315.701|INFO|Thread-65645|info| receiveObject(S) end   got Packet[CLARIFICATION_ANSWER_UPDATE] #4919 SERVER0 @ site 1 -> SERVER0 @ site 0
231209 111459.828|INFO|Thread-65748|info| receiveObject(S) start got Packet[CLARIFICATION_ANSWER_UPDATE] #4991 SERVER0 @ site 1 -> SERVER0 @ site 0
231209 111459.828|INFO|Thread-65748|dumpPacket|Packet CLARIFICATION_ANSWER_UPDATE (Seq #4991, o#4991 ) recieveObject
231209 111459.828|INFO|Thread-65748|dumpPacket|  From: SERVER0 @ site 1, oSERVER0 @ site 1 (DESKTOP-D75BQTV @ 212.212.212.212) (Contest Id: RealDeal--1957769244132597914)
231209 111459.828|INFO|Thread-65748|dumpPacket|    To: SERVER0 @ site 0
231209 111459.828|INFO|Thread-65748|dumpPacket|   key: CLARIFICATION is: edu.csus.ecs.pc2.core.model.Clarification Clarification 10 ANSWERED from TEAM81 @ site 1 at 28 id=Clarification--5973036823618156599
231209 111459.828|INFO|Thread-65748|dumpPacket|   key: CLARIFICATION_ANSWER is: java.lang.String It is 3/4 a cup of butter
231209 111459.828|INFO|Thread-65748|dumpPacket|   key: CLIENT_ID is: edu.csus.ecs.pc2.core.model.ClientId JUDGE10 @ site 1
231209 111459.828|INFO|Thread-65748|info|handlePacket start Packet[CLARIFICATION_ANSWER_UPDATE] #4991 SERVER0 @ site 1 -> SERVER0 @ site 0
231209 111459.828|INFO|Thread-65748|dumpPacket|Packet CLARIFICATION_ANSWER_UPDATE (Seq #4991, o#4991 ) handlePacket
231209 111459.828|INFO|Thread-65748|dumpPacket|  From: SERVER0 @ site 1, oSERVER0 @ site 1 (DESKTOP-D75BQTV @ 212.212.212.212) (Contest Id: RealDeal--1957769244132597914)
231209 111459.828|INFO|Thread-65748|dumpPacket|    To: SERVER0 @ site 0
231209 111459.828|INFO|Thread-65748|dumpPacket|   key: CLARIFICATION is: edu.csus.ecs.pc2.core.model.Clarification Clarification 10 ANSWERED from TEAM81 @ site 1 at 28 id=Clarification--5973036823618156599
231209 111459.828|INFO|Thread-65748|dumpPacket|   key: CLARIFICATION_ANSWER is: java.lang.String It is 3/4 a cup of butter
231209 111459.828|INFO|Thread-65748|dumpPacket|   key: CLIENT_ID is: edu.csus.ecs.pc2.core.model.ClientId JUDGE10 @ site 1
231209 111459.828|INFO|Thread-65748|info| receiveObject(S) end   got Packet[CLARIFICATION_ANSWER_UPDATE] #4991 SERVER0 @ site 1 -> SERVER0 @ site 0
231209 111841.268|INFO|qtp135640095-64836|sendToLocalServer|Sending packet to server Packet[RUN_SUBMISSION] #931 TEAM90 @ site 1 -> SERVER0 @ site 1
231209 111841.268|INFO|qtp135640095-64836|sendToLocalServer|Sent    packet to server Packet[RUN_SUBMISSION] #931 TEAM90 @ site 1 -> SERVER0 @ site 1
231209 111841.357|INFO|Thread-65864|info| receiveObject(S) start got Packet[RUN_SUBMISSION_CONFIRM] #5143 SERVER0 @ site 1 -> TEAM90 @ site 1
231209 111841.357|INFO|Thread-65864|dumpPacket|Packet RUN_SUBMISSION_CONFIRM (Seq #5143, o#5143 ) recieveObject
231209 111841.357|INFO|Thread-65864|dumpPacket|  From: SERVER0 @ site 1, oSERVER0 @ site 1 (DESKTOP-D75BQTV @ 212.212.212.212) (Contest Id: RealDeal--1957769244132597914)
231209 111841.357|INFO|Thread-65864|dumpPacket|    To: TEAM90 @ site 1
231209 111841.357|INFO|Thread-65864|dumpPacket|   key: RUN is: edu.csus.ecs.pc2.core.model.Run Run 169 NEW 35 min 2100540ms from TEAM90 @ site 1 id Run--6806609571444050584 problem Slow_Math--3774445497254703998 lang Java--8800253324652192008
231209 111841.357|INFO|Thread-65864|info|handlePacket start Packet[RUN_SUBMISSION_CONFIRM] #5143 SERVER0 @ site 1 -> TEAM90 @ site 1
231209 111841.357|INFO|Thread-65864|dumpPacket|Packet RUN_SUBMISSION_CONFIRM (Seq #5143, o#5143 ) handlePacket
231209 111841.357|INFO|Thread-65864|dumpPacket|  From: SERVER0 @ site 1, oSERVER0 @ site 1 (DESKTOP-D75BQTV @ 212.212.212.212) (Contest Id: RealDeal--1957769244132597914)
231209 111841.357|INFO|Thread-65864|dumpPacket|    To: TEAM90 @ site 1
231209 111841.357|INFO|Thread-65864|dumpPacket|   key: RUN is: edu.csus.ecs.pc2.core.model.Run Run 169 NEW 35 min 2100540ms from TEAM90 @ site 1 id Run--6806609571444050584 problem Slow_Math--3774445497254703998 lang Java--8800253324652192008
231209 111841.357|INFO|Thread-65864|info| receiveObject(S) end   got Packet[RUN_SUBMISSION_CONFIRM] #5143 SERVER0 @ site 1 -> TEAM90 @ site 1
231209 111922.188|INFO|Thread-65870|info| receiveObject(S) start got Packet[RUN_JUDGEMENT] #5157 SERVER0 @ site 1 -> TEAM90 @ site 1
231209 111922.188|INFO|Thread-65870|dumpPacket|Packet RUN_JUDGEMENT (Seq #5157, o#5157 ) recieveObject
231209 111922.188|INFO|Thread-65870|dumpPacket|  From: SERVER0 @ site 1, oSERVER0 @ site 1 (DESKTOP-D75BQTV @ 212.212.212.212) (Contest Id: RealDeal--1957769244132597914)
231209 111922.188|INFO|Thread-65870|dumpPacket|    To: TEAM90 @ site 1
231209 111922.188|INFO|Thread-65870|dumpPacket|   key: JUDGEMENT_RECORD is: edu.csus.ecs.pc2.core.model.JudgementRecord No by JUDGE3 @ site 1 judgement No_-_Time_Limit_Exceeded--3866620669727375160 id JudgementRecord--2550452179789941489
231209 111922.188|INFO|Thread-65870|dumpPacket|   key: RUN is: edu.csus.ecs.pc2.core.model.Run Run 169 JUDGED 35 min 2100540ms from TEAM90 @ site 1 id Run--6806609571444050584 problem Slow_Math--3774445497254703998 lang Java--8800253324652192008
231209 111922.188|INFO|Thread-65870|dumpPacket|   key: CLIENT_ID is: edu.csus.ecs.pc2.core.model.ClientId SERVER0 @ site 1
231209 111922.188|INFO|Thread-65870|info|handlePacket start Packet[RUN_JUDGEMENT] #5157 SERVER0 @ site 1 -> TEAM90 @ site 1
231209 111922.188|INFO|Thread-65870|dumpPacket|Packet RUN_JUDGEMENT (Seq #5157, o#5157 ) handlePacket
231209 111922.188|INFO|Thread-65870|dumpPacket|  From: SERVER0 @ site 1, oSERVER0 @ site 1 (DESKTOP-D75BQTV @ 212.212.212.212) (Contest Id: RealDeal--1957769244132597914)
231209 111922.188|INFO|Thread-65870|dumpPacket|    To: TEAM90 @ site 1
231209 111922.188|INFO|Thread-65870|dumpPacket|   key: JUDGEMENT_RECORD is: edu.csus.ecs.pc2.core.model.JudgementRecord No by JUDGE3 @ site 1 judgement No_-_Time_Limit_Exceeded--3866620669727375160 id JudgementRecord--2550452179789941489
231209 111922.188|INFO|Thread-65870|dumpPacket|   key: RUN is: edu.csus.ecs.pc2.core.model.Run Run 169 JUDGED 35 min 2100540ms from TEAM90 @ site 1 id Run--6806609571444050584 problem Slow_Math--3774445497254703998 lang Java--8800253324652192008
231209 111922.188|INFO|Thread-65870|dumpPacket|   key: CLIENT_ID is: edu.csus.ecs.pc2.core.model.ClientId SERVER0 @ site 1
231209 111922.188|INFO|Thread-65870|info| receiveObject(S) end   got Packet[RUN_JUDGEMENT] #5157 SERVER0 @ site 1 -> TEAM90 @ site 1
231209 114608.398|INFO|qtp135640095-66122|sendToLocalServer|Sending packet to server Packet[RUN_SUBMISSION] #1113 TEAM90 @ site 1 -> SERVER0 @ site 1
231209 114608.398|INFO|qtp135640095-66122|sendToLocalServer|Sent    packet to server Packet[RUN_SUBMISSION] #1113 TEAM90 @ site 1 -> SERVER0 @ site 1
231209 114608.559|INFO|Thread-66431|info| receiveObject(S) start got Packet[RUN_SUBMISSION_CONFIRM] #6286 SERVER0 @ site 1 -> TEAM90 @ site 1
231209 114608.559|INFO|Thread-66431|dumpPacket|Packet RUN_SUBMISSION_CONFIRM (Seq #6286, o#6286 ) recieveObject
231209 114608.559|INFO|Thread-66431|dumpPacket|  From: SERVER0 @ site 1, oSERVER0 @ site 1 (DESKTOP-D75BQTV @ 212.212.212.212) (Contest Id: RealDeal--1957769244132597914)
231209 114608.559|INFO|Thread-66431|dumpPacket|    To: TEAM90 @ site 1
231209 114608.559|INFO|Thread-66431|dumpPacket|   key: RUN is: edu.csus.ecs.pc2.core.model.Run Run 342 NEW 62 min 3747670ms from TEAM90 @ site 1 id Run-5078728693627521908 problem Word--384876857808405789 lang Java--8800253324652192008
231209 114608.559|INFO|Thread-66431|info|handlePacket start Packet[RUN_SUBMISSION_CONFIRM] #6286 SERVER0 @ site 1 -> TEAM90 @ site 1
231209 114608.559|INFO|Thread-66431|dumpPacket|Packet RUN_SUBMISSION_CONFIRM (Seq #6286, o#6286 ) handlePacket
231209 114608.559|INFO|Thread-66431|dumpPacket|  From: SERVER0 @ site 1, oSERVER0 @ site 1 (DESKTOP-D75BQTV @ 212.212.212.212) (Contest Id: RealDeal--1957769244132597914)
231209 114608.559|INFO|Thread-66431|dumpPacket|    To: TEAM90 @ site 1
231209 114608.559|INFO|Thread-66431|dumpPacket|   key: RUN is: edu.csus.ecs.pc2.core.model.Run Run 342 NEW 62 min 3747670ms from TEAM90 @ site 1 id Run-5078728693627521908 problem Word--384876857808405789 lang Java--8800253324652192008
231209 114608.560|INFO|Thread-66431|info| receiveObject(S) end   got Packet[RUN_SUBMISSION_CONFIRM] #6286 SERVER0 @ site 1 -> TEAM90 @ site 1
231209 114623.108|INFO|Thread-66437|info| receiveObject(S) start got Packet[RUN_JUDGEMENT] #6302 SERVER0 @ site 1 -> TEAM90 @ site 1
231209 114623.108|INFO|Thread-66437|dumpPacket|Packet RUN_JUDGEMENT (Seq #6302, o#6302 ) recieveObject
231209 114623.108|INFO|Thread-66437|dumpPacket|  From: SERVER0 @ site 1, oSERVER0 @ site 1 (DESKTOP-D75BQTV @ 212.212.212.212) (Contest Id: RealDeal--1957769244132597914)
231209 114623.108|INFO|Thread-66437|dumpPacket|    To: TEAM90 @ site 1
231209 114623.108|INFO|Thread-66437|dumpPacket|   key: JUDGEMENT_RECORD is: edu.csus.ecs.pc2.core.model.JudgementRecord No by JUDGE3 @ site 1 judgement No_-_Run-time_Error--7363172628486726021 id JudgementRecord--7374440160004782135
231209 114623.108|INFO|Thread-66437|dumpPacket|   key: RUN is: edu.csus.ecs.pc2.core.model.Run Run 342 JUDGED 62 min 3747670ms from TEAM90 @ site 1 id Run-5078728693627521908 problem Word--384876857808405789 lang Java--8800253324652192008
231209 114623.108|INFO|Thread-66437|dumpPacket|   key: CLIENT_ID is: edu.csus.ecs.pc2.core.model.ClientId SERVER0 @ site 1
231209 114623.108|INFO|Thread-66437|info|handlePacket start Packet[RUN_JUDGEMENT] #6302 SERVER0 @ site 1 -> TEAM90 @ site 1
231209 114623.108|INFO|Thread-66437|dumpPacket|Packet RUN_JUDGEMENT (Seq #6302, o#6302 ) handlePacket
231209 114623.108|INFO|Thread-66437|dumpPacket|  From: SERVER0 @ site 1, oSERVER0 @ site 1 (DESKTOP-D75BQTV @ 212.212.212.212) (Contest Id: RealDeal--1957769244132597914)
231209 114623.108|INFO|Thread-66437|dumpPacket|    To: TEAM90 @ site 1
231209 114623.108|INFO|Thread-66437|dumpPacket|   key: JUDGEMENT_RECORD is: edu.csus.ecs.pc2.core.model.JudgementRecord No by JUDGE3 @ site 1 judgement No_-_Run-time_Error--7363172628486726021 id JudgementRecord--7374440160004782135
231209 114623.108|INFO|Thread-66437|dumpPacket|   key: RUN is: edu.csus.ecs.pc2.core.model.Run Run 342 JUDGED 62 min 3747670ms from TEAM90 @ site 1 id Run-5078728693627521908 problem Word--384876857808405789 lang Java--8800253324652192008
231209 114623.108|INFO|Thread-66437|dumpPacket|   key: CLIENT_ID is: edu.csus.ecs.pc2.core.model.ClientId SERVER0 @ site 1
231209 114623.111|INFO|Thread-66437|info| receiveObject(S) end   got Packet[RUN_JUDGEMENT] #6302 SERVER0 @ site 1 -> TEAM90 @ site 1
231209 114813.585|INFO|qtp135640095-66299|sendToLocalServer|Sending packet to server Packet[RUN_SUBMISSION] #1124 TEAM90 @ site 1 -> SERVER0 @ site 1
231209 114813.585|INFO|qtp135640095-66299|sendToLocalServer|Sent    packet to server Packet[RUN_SUBMISSION] #1124 TEAM90 @ site 1 -> SERVER0 @ site 1
231209 114813.759|INFO|Thread-66464|info| receiveObject(S) start got Packet[RUN_SUBMISSION_CONFIRM] #6353 SERVER0 @ site 1 -> TEAM90 @ site 1
231209 114813.759|INFO|Thread-66464|dumpPacket|Packet RUN_SUBMISSION_CONFIRM (Seq #6353, o#6353 ) recieveObject
231209 114813.759|INFO|Thread-66464|dumpPacket|  From: SERVER0 @ site 1, oSERVER0 @ site 1 (DESKTOP-D75BQTV @ 212.212.212.212) (Contest Id: RealDeal--1957769244132597914)
231209 114813.759|INFO|Thread-66464|dumpPacket|    To: TEAM90 @ site 1
231209 114813.764|INFO|Thread-66464|dumpPacket|   key: RUN is: edu.csus.ecs.pc2.core.model.Run Run 353 NEW 64 min 3872858ms from TEAM90 @ site 1 id Run-1574582797541764360 problem Word--384876857808405789 lang Java--8800253324652192008
231209 114813.764|INFO|Thread-66464|info|handlePacket start Packet[RUN_SUBMISSION_CONFIRM] #6353 SERVER0 @ site 1 -> TEAM90 @ site 1
231209 114813.764|INFO|Thread-66464|dumpPacket|Packet RUN_SUBMISSION_CONFIRM (Seq #6353, o#6353 ) handlePacket
231209 114813.764|INFO|Thread-66464|dumpPacket|  From: SERVER0 @ site 1, oSERVER0 @ site 1 (DESKTOP-D75BQTV @ 212.212.212.212) (Contest Id: RealDeal--1957769244132597914)
231209 114813.764|INFO|Thread-66464|dumpPacket|    To: TEAM90 @ site 1
231209 114813.764|INFO|Thread-66464|dumpPacket|   key: RUN is: edu.csus.ecs.pc2.core.model.Run Run 353 NEW 64 min 3872858ms from TEAM90 @ site 1 id Run-1574582797541764360 problem Word--384876857808405789 lang Java--8800253324652192008
231209 114813.764|INFO|Thread-66464|info| receiveObject(S) end   got Packet[RUN_SUBMISSION_CONFIRM] #6353 SERVER0 @ site 1 -> TEAM90 @ site 1
231209 114834.025|INFO|Thread-66483|info| receiveObject(S) start got Packet[RUN_JUDGEMENT] #6389 SERVER0 @ site 1 -> TEAM90 @ site 1
231209 114834.025|INFO|Thread-66483|dumpPacket|Packet RUN_JUDGEMENT (Seq #6389, o#6389 ) recieveObject
231209 114834.025|INFO|Thread-66483|dumpPacket|  From: SERVER0 @ site 1, oSERVER0 @ site 1 (DESKTOP-D75BQTV @ 212.212.212.212) (Contest Id: RealDeal--1957769244132597914)
231209 114834.025|INFO|Thread-66483|dumpPacket|    To: TEAM90 @ site 1
231209 114834.025|INFO|Thread-66483|dumpPacket|   key: JUDGEMENT_RECORD is: edu.csus.ecs.pc2.core.model.JudgementRecord Yes by JUDGE3 @ site 1 judgement Yes-2915828768858405923 id JudgementRecord-6920746197683609475
231209 114834.025|INFO|Thread-66483|dumpPacket|   key: RUN is: edu.csus.ecs.pc2.core.model.Run Run 353 JUDGED 64 min 3872858ms from TEAM90 @ site 1 id Run-1574582797541764360 problem Word--384876857808405789 lang Java--8800253324652192008
231209 114834.025|INFO|Thread-66483|dumpPacket|   key: CLIENT_ID is: edu.csus.ecs.pc2.core.model.ClientId SERVER0 @ site 1
231209 114834.025|INFO|Thread-66483|info|handlePacket start Packet[RUN_JUDGEMENT] #6389 SERVER0 @ site 1 -> TEAM90 @ site 1
231209 114834.025|INFO|Thread-66483|dumpPacket|Packet RUN_JUDGEMENT (Seq #6389, o#6389 ) handlePacket
231209 114834.025|INFO|Thread-66483|dumpPacket|  From: SERVER0 @ site 1, oSERVER0 @ site 1 (DESKTOP-D75BQTV @ 212.212.212.212) (Contest Id: RealDeal--1957769244132597914)
231209 114834.025|INFO|Thread-66483|dumpPacket|    To: TEAM90 @ site 1
231209 114834.025|INFO|Thread-66483|dumpPacket|   key: JUDGEMENT_RECORD is: edu.csus.ecs.pc2.core.model.JudgementRecord Yes by JUDGE3 @ site 1 judgement Yes-2915828768858405923 id JudgementRecord-6920746197683609475
231209 114834.025|INFO|Thread-66483|dumpPacket|   key: RUN is: edu.csus.ecs.pc2.core.model.Run Run 353 JUDGED 64 min 3872858ms from TEAM90 @ site 1 id Run-1574582797541764360 problem Word--384876857808405789 lang Java--8800253324652192008
231209 114834.025|INFO|Thread-66483|dumpPacket|   key: CLIENT_ID is: edu.csus.ecs.pc2.core.model.ClientId SERVER0 @ site 1
231209 114834.025|INFO|Thread-66483|info| receiveObject(S) end   got Packet[RUN_JUDGEMENT] #6389 SERVER0 @ site 1 -> TEAM90 @ site 1
231209 115431.490|INFO|Thread-66705|info| receiveObject(S) start got Packet[CLARIFICATION_ANSWER_UPDATE] #6720 SERVER0 @ site 1 -> SERVER0 @ site 0
231209 115431.490|INFO|Thread-66705|dumpPacket|Packet CLARIFICATION_ANSWER_UPDATE (Seq #6720, o#6720 ) recieveObject
231209 115431.490|INFO|Thread-66705|dumpPacket|  From: SERVER0 @ site 1, oSERVER0 @ site 1 (DESKTOP-D75BQTV @ 212.212.212.212) (Contest Id: RealDeal--1957769244132597914)
231209 115431.490|INFO|Thread-66705|dumpPacket|    To: SERVER0 @ site 0
231209 115431.490|INFO|Thread-66705|dumpPacket|   key: CLARIFICATION is: edu.csus.ecs.pc2.core.model.Clarification Clarification 20 ANSWERED from TEAM100 @ site 1 at 69 id=Clarification--4622882980912914428
231209 115431.490|INFO|Thread-66705|dumpPacket|   key: CLARIFICATION_ANSWER is: java.lang.String This is not usaco guys, brute force to your hearts content.
231209 115431.490|INFO|Thread-66705|dumpPacket|   key: CLIENT_ID is: edu.csus.ecs.pc2.core.model.ClientId ADMINISTRATOR1 @ site 1
231209 115431.490|INFO|Thread-66705|info|handlePacket start Packet[CLARIFICATION_ANSWER_UPDATE] #6720 SERVER0 @ site 1 -> SERVER0 @ site 0
231209 115431.497|INFO|Thread-66705|dumpPacket|Packet CLARIFICATION_ANSWER_UPDATE (Seq #6720, o#6720 ) handlePacket
231209 115431.497|INFO|Thread-66705|dumpPacket|  From: SERVER0 @ site 1, oSERVER0 @ site 1 (DESKTOP-D75BQTV @ 212.212.212.212) (Contest Id: RealDeal--1957769244132597914)
231209 115431.497|INFO|Thread-66705|dumpPacket|    To: SERVER0 @ site 0
231209 115431.497|INFO|Thread-66705|dumpPacket|   key: CLARIFICATION is: edu.csus.ecs.pc2.core.model.Clarification Clarification 20 ANSWERED from TEAM100 @ site 1 at 69 id=Clarification--4622882980912914428
231209 115431.497|INFO|Thread-66705|dumpPacket|   key: CLARIFICATION_ANSWER is: java.lang.String This is not usaco guys, brute force to your hearts content.
231209 115431.497|INFO|Thread-66705|dumpPacket|   key: CLIENT_ID is: edu.csus.ecs.pc2.core.model.ClientId ADMINISTRATOR1 @ site 1
231209 115431.557|INFO|Thread-66705|info| receiveObject(S) end   got Packet[CLARIFICATION_ANSWER_UPDATE] #6720 SERVER0 @ site 1 -> SERVER0 @ site 0
231209 115751.204|INFO|qtp135640095-66378|sendToLocalServer|Sending packet to server Packet[RUN_SUBMISSION] #1209 TEAM90 @ site 1 -> SERVER0 @ site 1
231209 115751.212|INFO|qtp135640095-66378|sendToLocalServer|Sent    packet to server Packet[RUN_SUBMISSION] #1209 TEAM90 @ site 1 -> SERVER0 @ site 1
231209 115751.402|INFO|Thread-66828|info| receiveObject(S) start got Packet[RUN_SUBMISSION_CONFIRM] #6861 SERVER0 @ site 1 -> TEAM90 @ site 1
231209 115751.402|INFO|Thread-66828|dumpPacket|Packet RUN_SUBMISSION_CONFIRM (Seq #6861, o#6861 ) recieveObject
231209 115751.402|INFO|Thread-66828|dumpPacket|  From: SERVER0 @ site 1, oSERVER0 @ site 1 (DESKTOP-D75BQTV @ 212.212.212.212) (Contest Id: RealDeal--1957769244132597914)
231209 115751.402|INFO|Thread-66828|dumpPacket|    To: TEAM90 @ site 1
231209 115751.402|INFO|Thread-66828|dumpPacket|   key: RUN is: edu.csus.ecs.pc2.core.model.Run Run 428 NEW 74 min 4450484ms from TEAM90 @ site 1 id Run-270527351743581145 problem Espresso--8279138056088281247 lang Java--8800253324652192008
231209 115751.402|INFO|Thread-66828|info|handlePacket start Packet[RUN_SUBMISSION_CONFIRM] #6861 SERVER0 @ site 1 -> TEAM90 @ site 1
231209 115751.402|INFO|Thread-66828|dumpPacket|Packet RUN_SUBMISSION_CONFIRM (Seq #6861, o#6861 ) handlePacket
231209 115751.402|INFO|Thread-66828|dumpPacket|  From: SERVER0 @ site 1, oSERVER0 @ site 1 (DESKTOP-D75BQTV @ 212.212.212.212) (Contest Id: RealDeal--1957769244132597914)
231209 115751.402|INFO|Thread-66828|dumpPacket|    To: TEAM90 @ site 1
231209 115751.402|INFO|Thread-66828|dumpPacket|   key: RUN is: edu.csus.ecs.pc2.core.model.Run Run 428 NEW 74 min 4450484ms from TEAM90 @ site 1 id Run-270527351743581145 problem Espresso--8279138056088281247 lang Java--8800253324652192008
231209 115751.402|INFO|Thread-66828|info| receiveObject(S) end   got Packet[RUN_SUBMISSION_CONFIRM] #6861 SERVER0 @ site 1 -> TEAM90 @ site 1
231209 115758.130|INFO|Thread-66831|info| receiveObject(S) start got Packet[RUN_JUDGEMENT] #6869 SERVER0 @ site 1 -> TEAM90 @ site 1
231209 115758.130|INFO|Thread-66831|dumpPacket|Packet RUN_JUDGEMENT (Seq #6869, o#6869 ) recieveObject
231209 115758.130|INFO|Thread-66831|dumpPacket|  From: SERVER0 @ site 1, oSERVER0 @ site 1 (DESKTOP-D75BQTV @ 212.212.212.212) (Contest Id: RealDeal--1957769244132597914)
231209 115758.130|INFO|Thread-66831|dumpPacket|    To: TEAM90 @ site 1
231209 115758.130|INFO|Thread-66831|dumpPacket|   key: JUDGEMENT_RECORD is: edu.csus.ecs.pc2.core.model.JudgementRecord Yes by JUDGE10 @ site 1 judgement Yes-2915828768858405923 id JudgementRecord-5646783140570884529
231209 115758.132|INFO|Thread-66831|dumpPacket|   key: RUN is: edu.csus.ecs.pc2.core.model.Run Run 428 JUDGED 74 min 4450484ms from TEAM90 @ site 1 id Run-270527351743581145 problem Espresso--8279138056088281247 lang Java--8800253324652192008
231209 115758.132|INFO|Thread-66831|dumpPacket|   key: CLIENT_ID is: edu.csus.ecs.pc2.core.model.ClientId SERVER0 @ site 1
231209 115758.132|INFO|Thread-66831|info|handlePacket start Packet[RUN_JUDGEMENT] #6869 SERVER0 @ site 1 -> TEAM90 @ site 1
231209 115758.132|INFO|Thread-66831|dumpPacket|Packet RUN_JUDGEMENT (Seq #6869, o#6869 ) handlePacket
231209 115758.132|INFO|Thread-66831|dumpPacket|  From: SERVER0 @ site 1, oSERVER0 @ site 1 (DESKTOP-D75BQTV @ 212.212.212.212) (Contest Id: RealDeal--1957769244132597914)
231209 115758.132|INFO|Thread-66831|dumpPacket|    To: TEAM90 @ site 1
231209 115758.132|INFO|Thread-66831|dumpPacket|   key: JUDGEMENT_RECORD is: edu.csus.ecs.pc2.core.model.JudgementRecord Yes by JUDGE10 @ site 1 judgement Yes-2915828768858405923 id JudgementRecord-5646783140570884529
231209 115758.132|INFO|Thread-66831|dumpPacket|   key: RUN is: edu.csus.ecs.pc2.core.model.Run Run 428 JUDGED 74 min 4450484ms from TEAM90 @ site 1 id Run-270527351743581145 problem Espresso--8279138056088281247 lang Java--8800253324652192008
231209 115758.132|INFO|Thread-66831|dumpPacket|   key: CLIENT_ID is: edu.csus.ecs.pc2.core.model.ClientId SERVER0 @ site 1
231209 115758.132|INFO|Thread-66831|info| receiveObject(S) end   got Packet[RUN_JUDGEMENT] #6869 SERVER0 @ site 1 -> TEAM90 @ site 1
231209 120848.260|INFO|qtp135640095-65908|sendToLocalServer|Sending packet to server Packet[RUN_SUBMISSION] #1296 TEAM90 @ site 1 -> SERVER0 @ site 1
231209 120848.266|INFO|qtp135640095-65908|sendToLocalServer|Sent    packet to server Packet[RUN_SUBMISSION] #1296 TEAM90 @ site 1 -> SERVER0 @ site 1
231209 120848.480|INFO|Thread-67093|info| receiveObject(S) start got Packet[RUN_SUBMISSION_CONFIRM] #7386 SERVER0 @ site 1 -> TEAM90 @ site 1
231209 120848.480|INFO|Thread-67093|dumpPacket|Packet RUN_SUBMISSION_CONFIRM (Seq #7386, o#7386 ) recieveObject
231209 120848.480|INFO|Thread-67093|dumpPacket|  From: SERVER0 @ site 1, oSERVER0 @ site 1 (DESKTOP-D75BQTV @ 212.212.212.212) (Contest Id: RealDeal--1957769244132597914)
231209 120848.480|INFO|Thread-67093|dumpPacket|    To: TEAM90 @ site 1
231209 120848.480|INFO|Thread-67093|dumpPacket|   key: RUN is: edu.csus.ecs.pc2.core.model.Run Run 505 NEW 85 min 5107538ms from TEAM90 @ site 1 id Run-4853455106927941888 problem Missing_Cat--8325778690036057049 lang Java--8800253324652192008
231209 120848.480|INFO|Thread-67093|info|handlePacket start Packet[RUN_SUBMISSION_CONFIRM] #7386 SERVER0 @ site 1 -> TEAM90 @ site 1
231209 120848.480|INFO|Thread-67093|dumpPacket|Packet RUN_SUBMISSION_CONFIRM (Seq #7386, o#7386 ) handlePacket
231209 120848.480|INFO|Thread-67093|dumpPacket|  From: SERVER0 @ site 1, oSERVER0 @ site 1 (DESKTOP-D75BQTV @ 212.212.212.212) (Contest Id: RealDeal--1957769244132597914)
231209 120848.480|INFO|Thread-67093|dumpPacket|    To: TEAM90 @ site 1
231209 120848.480|INFO|Thread-67093|dumpPacket|   key: RUN is: edu.csus.ecs.pc2.core.model.Run Run 505 NEW 85 min 5107538ms from TEAM90 @ site 1 id Run-4853455106927941888 problem Missing_Cat--8325778690036057049 lang Java--8800253324652192008
231209 120848.480|INFO|Thread-67093|info| receiveObject(S) end   got Packet[RUN_SUBMISSION_CONFIRM] #7386 SERVER0 @ site 1 -> TEAM90 @ site 1
231209 120855.123|INFO|Thread-67098|info| receiveObject(S) start got Packet[RUN_JUDGEMENT] #7396 SERVER0 @ site 1 -> TEAM90 @ site 1
231209 120855.123|INFO|Thread-67098|dumpPacket|Packet RUN_JUDGEMENT (Seq #7396, o#7396 ) recieveObject
231209 120855.123|INFO|Thread-67098|dumpPacket|  From: SERVER0 @ site 1, oSERVER0 @ site 1 (DESKTOP-D75BQTV @ 212.212.212.212) (Contest Id: RealDeal--1957769244132597914)
231209 120855.123|INFO|Thread-67098|dumpPacket|    To: TEAM90 @ site 1
231209 120855.123|INFO|Thread-67098|dumpPacket|   key: JUDGEMENT_RECORD is: edu.csus.ecs.pc2.core.model.JudgementRecord Yes by JUDGE1 @ site 1 judgement Yes-2915828768858405923 id JudgementRecord--4422492826754852510
231209 120855.123|INFO|Thread-67098|dumpPacket|   key: RUN is: edu.csus.ecs.pc2.core.model.Run Run 505 JUDGED 85 min 5107538ms from TEAM90 @ site 1 id Run-4853455106927941888 problem Missing_Cat--8325778690036057049 lang Java--8800253324652192008
231209 120855.123|INFO|Thread-67098|dumpPacket|   key: CLIENT_ID is: edu.csus.ecs.pc2.core.model.ClientId SERVER0 @ site 1
231209 120855.123|INFO|Thread-67098|info|handlePacket start Packet[RUN_JUDGEMENT] #7396 SERVER0 @ site 1 -> TEAM90 @ site 1
231209 120855.123|INFO|Thread-67098|dumpPacket|Packet RUN_JUDGEMENT (Seq #7396, o#7396 ) handlePacket
231209 120855.123|INFO|Thread-67098|dumpPacket|  From: SERVER0 @ site 1, oSERVER0 @ site 1 (DESKTOP-D75BQTV @ 212.212.212.212) (Contest Id: RealDeal--1957769244132597914)
231209 120855.123|INFO|Thread-67098|dumpPacket|    To: TEAM90 @ site 1
231209 120855.123|INFO|Thread-67098|dumpPacket|   key: JUDGEMENT_RECORD is: edu.csus.ecs.pc2.core.model.JudgementRecord Yes by JUDGE1 @ site 1 judgement Yes-2915828768858405923 id JudgementRecord--4422492826754852510
231209 120855.123|INFO|Thread-67098|dumpPacket|   key: RUN is: edu.csus.ecs.pc2.core.model.Run Run 505 JUDGED 85 min 5107538ms from TEAM90 @ site 1 id Run-4853455106927941888 problem Missing_Cat--8325778690036057049 lang Java--8800253324652192008
231209 120855.123|INFO|Thread-67098|dumpPacket|   key: CLIENT_ID is: edu.csus.ecs.pc2.core.model.ClientId SERVER0 @ site 1
231209 120855.123|INFO|Thread-67098|info| receiveObject(S) end   got Packet[RUN_JUDGEMENT] #7396 SERVER0 @ site 1 -> TEAM90 @ site 1
231209 121808.882|INFO|qtp135640095-66459|sendToLocalServer|Sending packet to server Packet[RUN_SUBMISSION] #1370 TEAM90 @ site 1 -> SERVER0 @ site 1
231209 121808.882|INFO|qtp135640095-66459|sendToLocalServer|Sent    packet to server Packet[RUN_SUBMISSION] #1370 TEAM90 @ site 1 -> SERVER0 @ site 1
231209 121809.169|INFO|Thread-67319|info| receiveObject(S) start got Packet[RUN_SUBMISSION_CONFIRM] #7824 SERVER0 @ site 1 -> TEAM90 @ site 1
231209 121809.169|INFO|Thread-67319|dumpPacket|Packet RUN_SUBMISSION_CONFIRM (Seq #7824, o#7824 ) recieveObject
231209 121809.169|INFO|Thread-67319|dumpPacket|  From: SERVER0 @ site 1, oSERVER0 @ site 1 (DESKTOP-D75BQTV @ 212.212.212.212) (Contest Id: RealDeal--1957769244132597914)
231209 121809.169|INFO|Thread-67319|dumpPacket|    To: TEAM90 @ site 1
231209 121809.169|INFO|Thread-67319|dumpPacket|   key: RUN is: edu.csus.ecs.pc2.core.model.Run Run 570 NEW 94 min 5668154ms from TEAM90 @ site 1 id Run-4998335317977098906 problem Leftover--6791674603817565041 lang Java--8800253324652192008
231209 121809.169|INFO|Thread-67319|info|handlePacket start Packet[RUN_SUBMISSION_CONFIRM] #7824 SERVER0 @ site 1 -> TEAM90 @ site 1
231209 121809.169|INFO|Thread-67319|dumpPacket|Packet RUN_SUBMISSION_CONFIRM (Seq #7824, o#7824 ) handlePacket
231209 121809.169|INFO|Thread-67319|dumpPacket|  From: SERVER0 @ site 1, oSERVER0 @ site 1 (DESKTOP-D75BQTV @ 212.212.212.212) (Contest Id: RealDeal--1957769244132597914)
231209 121809.169|INFO|Thread-67319|dumpPacket|    To: TEAM90 @ site 1
231209 121809.169|INFO|Thread-67319|dumpPacket|   key: RUN is: edu.csus.ecs.pc2.core.model.Run Run 570 NEW 94 min 5668154ms from TEAM90 @ site 1 id Run-4998335317977098906 problem Leftover--6791674603817565041 lang Java--8800253324652192008
231209 121809.169|INFO|Thread-67319|info| receiveObject(S) end   got Packet[RUN_SUBMISSION_CONFIRM] #7824 SERVER0 @ site 1 -> TEAM90 @ site 1
231209 121833.316|INFO|Thread-67336|info| receiveObject(S) start got Packet[RUN_JUDGEMENT] #7854 SERVER0 @ site 1 -> TEAM90 @ site 1
231209 121833.316|INFO|Thread-67336|dumpPacket|Packet RUN_JUDGEMENT (Seq #7854, o#7854 ) recieveObject
231209 121833.316|INFO|Thread-67336|dumpPacket|  From: SERVER0 @ site 1, oSERVER0 @ site 1 (DESKTOP-D75BQTV @ 212.212.212.212) (Contest Id: RealDeal--1957769244132597914)
231209 121833.316|INFO|Thread-67336|dumpPacket|    To: TEAM90 @ site 1
231209 121833.316|INFO|Thread-67336|dumpPacket|   key: JUDGEMENT_RECORD is: edu.csus.ecs.pc2.core.model.JudgementRecord No by JUDGE1 @ site 1 judgement No_-_Wrong_Answer-7097647880754622437 id JudgementRecord-5610046892688713581
231209 121833.316|INFO|Thread-67336|dumpPacket|   key: RUN is: edu.csus.ecs.pc2.core.model.Run Run 570 JUDGED 94 min 5668154ms from TEAM90 @ site 1 id Run-4998335317977098906 problem Leftover--6791674603817565041 lang Java--8800253324652192008
231209 121833.316|INFO|Thread-67336|dumpPacket|   key: CLIENT_ID is: edu.csus.ecs.pc2.core.model.ClientId SERVER0 @ site 1
231209 121833.316|INFO|Thread-67336|info|handlePacket start Packet[RUN_JUDGEMENT] #7854 SERVER0 @ site 1 -> TEAM90 @ site 1
231209 121833.316|INFO|Thread-67336|dumpPacket|Packet RUN_JUDGEMENT (Seq #7854, o#7854 ) handlePacket
231209 121833.316|INFO|Thread-67336|dumpPacket|  From: SERVER0 @ site 1, oSERVER0 @ site 1 (DESKTOP-D75BQTV @ 212.212.212.212) (Contest Id: RealDeal--1957769244132597914)
231209 121833.316|INFO|Thread-67336|dumpPacket|    To: TEAM90 @ site 1
231209 121833.316|INFO|Thread-67336|dumpPacket|   key: JUDGEMENT_RECORD is: edu.csus.ecs.pc2.core.model.JudgementRecord No by JUDGE1 @ site 1 judgement No_-_Wrong_Answer-7097647880754622437 id JudgementRecord-5610046892688713581
231209 121833.316|INFO|Thread-67336|dumpPacket|   key: RUN is: edu.csus.ecs.pc2.core.model.Run Run 570 JUDGED 94 min 5668154ms from TEAM90 @ site 1 id Run-4998335317977098906 problem Leftover--6791674603817565041 lang Java--8800253324652192008
231209 121833.316|INFO|Thread-67336|dumpPacket|   key: CLIENT_ID is: edu.csus.ecs.pc2.core.model.ClientId SERVER0 @ site 1
231209 121833.316|INFO|Thread-67336|info| receiveObject(S) end   got Packet[RUN_JUDGEMENT] #7854 SERVER0 @ site 1 -> TEAM90 @ site 1
231209 122353.785|INFO|qtp135640095-66621|sendToLocalServer|Sending packet to server Packet[RUN_SUBMISSION] #1423 TEAM90 @ site 1 -> SERVER0 @ site 1
231209 122353.785|INFO|qtp135640095-66621|sendToLocalServer|Sent    packet to server Packet[RUN_SUBMISSION] #1423 TEAM90 @ site 1 -> SERVER0 @ site 1
231209 122354.035|INFO|Thread-67482|info| receiveObject(S) start got Packet[RUN_SUBMISSION_CONFIRM] #8142 SERVER0 @ site 1 -> TEAM90 @ site 1
231209 122354.035|INFO|Thread-67482|dumpPacket|Packet RUN_SUBMISSION_CONFIRM (Seq #8142, o#8142 ) recieveObject
231209 122354.035|INFO|Thread-67482|dumpPacket|  From: SERVER0 @ site 1, oSERVER0 @ site 1 (DESKTOP-D75BQTV @ 212.212.212.212) (Contest Id: RealDeal--1957769244132597914)
231209 122354.035|INFO|Thread-67482|dumpPacket|    To: TEAM90 @ site 1
231209 122354.043|INFO|Thread-67482|dumpPacket|   key: RUN is: edu.csus.ecs.pc2.core.model.Run Run 619 NEW 100 min 6013057ms from TEAM90 @ site 1 id Run--1813724756645246914 problem Slow_Math--3774445497254703998 lang Java--8800253324652192008
231209 122354.043|INFO|Thread-67482|info|handlePacket start Packet[RUN_SUBMISSION_CONFIRM] #8142 SERVER0 @ site 1 -> TEAM90 @ site 1
231209 122354.043|INFO|Thread-67482|dumpPacket|Packet RUN_SUBMISSION_CONFIRM (Seq #8142, o#8142 ) handlePacket
231209 122354.043|INFO|Thread-67482|dumpPacket|  From: SERVER0 @ site 1, oSERVER0 @ site 1 (DESKTOP-D75BQTV @ 212.212.212.212) (Contest Id: RealDeal--1957769244132597914)
231209 122354.043|INFO|Thread-67482|dumpPacket|    To: TEAM90 @ site 1
231209 122354.043|INFO|Thread-67482|dumpPacket|   key: RUN is: edu.csus.ecs.pc2.core.model.Run Run 619 NEW 100 min 6013057ms from TEAM90 @ site 1 id Run--1813724756645246914 problem Slow_Math--3774445497254703998 lang Java--8800253324652192008
231209 122354.043|INFO|Thread-67482|info| receiveObject(S) end   got Packet[RUN_SUBMISSION_CONFIRM] #8142 SERVER0 @ site 1 -> TEAM90 @ site 1
231209 122404.989|INFO|Thread-67484|info| receiveObject(S) start got Packet[RUN_JUDGEMENT] #8149 SERVER0 @ site 1 -> TEAM90 @ site 1
231209 122404.989|INFO|Thread-67484|dumpPacket|Packet RUN_JUDGEMENT (Seq #8149, o#8149 ) recieveObject
231209 122404.997|INFO|Thread-67484|dumpPacket|  From: SERVER0 @ site 1, oSERVER0 @ site 1 (DESKTOP-D75BQTV @ 212.212.212.212) (Contest Id: RealDeal--1957769244132597914)
231209 122404.997|INFO|Thread-67484|dumpPacket|    To: TEAM90 @ site 1
231209 122404.997|INFO|Thread-67484|dumpPacket|   key: JUDGEMENT_RECORD is: edu.csus.ecs.pc2.core.model.JudgementRecord No by JUDGE10 @ site 1 judgement No_-_Wrong_Answer-7097647880754622437 id JudgementRecord-1220755052443109809
231209 122404.997|INFO|Thread-67484|dumpPacket|   key: RUN is: edu.csus.ecs.pc2.core.model.Run Run 619 JUDGED 100 min 6013057ms from TEAM90 @ site 1 id Run--1813724756645246914 problem Slow_Math--3774445497254703998 lang Java--8800253324652192008
231209 122404.997|INFO|Thread-67484|dumpPacket|   key: CLIENT_ID is: edu.csus.ecs.pc2.core.model.ClientId SERVER0 @ site 1
231209 122404.997|INFO|Thread-67484|info|handlePacket start Packet[RUN_JUDGEMENT] #8149 SERVER0 @ site 1 -> TEAM90 @ site 1
231209 122404.997|INFO|Thread-67484|dumpPacket|Packet RUN_JUDGEMENT (Seq #8149, o#8149 ) handlePacket
231209 122404.997|INFO|Thread-67484|dumpPacket|  From: SERVER0 @ site 1, oSERVER0 @ site 1 (DESKTOP-D75BQTV @ 212.212.212.212) (Contest Id: RealDeal--1957769244132597914)
231209 122404.997|INFO|Thread-67484|dumpPacket|    To: TEAM90 @ site 1
231209 122404.997|INFO|Thread-67484|dumpPacket|   key: JUDGEMENT_RECORD is: edu.csus.ecs.pc2.core.model.JudgementRecord No by JUDGE10 @ site 1 judgement No_-_Wrong_Answer-7097647880754622437 id JudgementRecord-1220755052443109809
231209 122404.997|INFO|Thread-67484|dumpPacket|   key: RUN is: edu.csus.ecs.pc2.core.model.Run Run 619 JUDGED 100 min 6013057ms from TEAM90 @ site 1 id Run--1813724756645246914 problem Slow_Math--3774445497254703998 lang Java--8800253324652192008
231209 122404.997|INFO|Thread-67484|dumpPacket|   key: CLIENT_ID is: edu.csus.ecs.pc2.core.model.ClientId SERVER0 @ site 1
231209 122404.997|INFO|Thread-67484|info| receiveObject(S) end   got Packet[RUN_JUDGEMENT] #8149 SERVER0 @ site 1 -> TEAM90 @ site 1
231209 122453.187|INFO|qtp135640095-67434|sendToLocalServer|Sending packet to server Packet[RUN_SUBMISSION] #1429 TEAM90 @ site 1 -> SERVER0 @ site 1
231209 122453.187|INFO|qtp135640095-67434|sendToLocalServer|Sent    packet to server Packet[RUN_SUBMISSION] #1429 TEAM90 @ site 1 -> SERVER0 @ site 1
231209 122453.457|INFO|Thread-67499|info| receiveObject(S) start got Packet[RUN_SUBMISSION_CONFIRM] #8180 SERVER0 @ site 1 -> TEAM90 @ site 1
231209 122453.459|INFO|Thread-67499|dumpPacket|Packet RUN_SUBMISSION_CONFIRM (Seq #8180, o#8180 ) recieveObject
231209 122453.459|INFO|Thread-67499|dumpPacket|  From: SERVER0 @ site 1, oSERVER0 @ site 1 (DESKTOP-D75BQTV @ 212.212.212.212) (Contest Id: RealDeal--1957769244132597914)
231209 122453.459|INFO|Thread-67499|dumpPacket|    To: TEAM90 @ site 1
231209 122453.459|INFO|Thread-67499|dumpPacket|   key: RUN is: edu.csus.ecs.pc2.core.model.Run Run 625 NEW 101 min 6072463ms from TEAM90 @ site 1 id Run-6267600267559668875 problem Leftover--6791674603817565041 lang Java--8800253324652192008
231209 122453.459|INFO|Thread-67499|info|handlePacket start Packet[RUN_SUBMISSION_CONFIRM] #8180 SERVER0 @ site 1 -> TEAM90 @ site 1
231209 122453.459|INFO|Thread-67499|dumpPacket|Packet RUN_SUBMISSION_CONFIRM (Seq #8180, o#8180 ) handlePacket
231209 122453.459|INFO|Thread-67499|dumpPacket|  From: SERVER0 @ site 1, oSERVER0 @ site 1 (DESKTOP-D75BQTV @ 212.212.212.212) (Contest Id: RealDeal--1957769244132597914)
231209 122453.459|INFO|Thread-67499|dumpPacket|    To: TEAM90 @ site 1
231209 122453.459|INFO|Thread-67499|dumpPacket|   key: RUN is: edu.csus.ecs.pc2.core.model.Run Run 625 NEW 101 min 6072463ms from TEAM90 @ site 1 id Run-6267600267559668875 problem Leftover--6791674603817565041 lang Java--8800253324652192008
231209 122453.459|INFO|Thread-67499|info| receiveObject(S) end   got Packet[RUN_SUBMISSION_CONFIRM] #8180 SERVER0 @ site 1 -> TEAM90 @ site 1
231209 122459.599|INFO|Thread-67503|info| receiveObject(S) start got Packet[RUN_JUDGEMENT] #8190 SERVER0 @ site 1 -> TEAM90 @ site 1
231209 122459.601|INFO|Thread-67503|dumpPacket|Packet RUN_JUDGEMENT (Seq #8190, o#8190 ) recieveObject
231209 122459.601|INFO|Thread-67503|dumpPacket|  From: SERVER0 @ site 1, oSERVER0 @ site 1 (DESKTOP-D75BQTV @ 212.212.212.212) (Contest Id: RealDeal--1957769244132597914)
231209 122459.601|INFO|Thread-67503|dumpPacket|    To: TEAM90 @ site 1
231209 122459.601|INFO|Thread-67503|dumpPacket|   key: JUDGEMENT_RECORD is: edu.csus.ecs.pc2.core.model.JudgementRecord Yes by JUDGE10 @ site 1 judgement Yes-2915828768858405923 id JudgementRecord--1883005786746251032
231209 122459.601|INFO|Thread-67503|dumpPacket|   key: RUN is: edu.csus.ecs.pc2.core.model.Run Run 625 JUDGED 101 min 6072463ms from TEAM90 @ site 1 id Run-6267600267559668875 problem Leftover--6791674603817565041 lang Java--8800253324652192008
231209 122459.601|INFO|Thread-67503|dumpPacket|   key: CLIENT_ID is: edu.csus.ecs.pc2.core.model.ClientId SERVER0 @ site 1
231209 122459.601|INFO|Thread-67503|info|handlePacket start Packet[RUN_JUDGEMENT] #8190 SERVER0 @ site 1 -> TEAM90 @ site 1
231209 122459.601|INFO|Thread-67503|dumpPacket|Packet RUN_JUDGEMENT (Seq #8190, o#8190 ) handlePacket
231209 122459.601|INFO|Thread-67503|dumpPacket|  From: SERVER0 @ site 1, oSERVER0 @ site 1 (DESKTOP-D75BQTV @ 212.212.212.212) (Contest Id: RealDeal--1957769244132597914)
231209 122459.601|INFO|Thread-67503|dumpPacket|    To: TEAM90 @ site 1
231209 122459.601|INFO|Thread-67503|dumpPacket|   key: JUDGEMENT_RECORD is: edu.csus.ecs.pc2.core.model.JudgementRecord Yes by JUDGE10 @ site 1 judgement Yes-2915828768858405923 id JudgementRecord--1883005786746251032
231209 122459.601|INFO|Thread-67503|dumpPacket|   key: RUN is: edu.csus.ecs.pc2.core.model.Run Run 625 JUDGED 101 min 6072463ms from TEAM90 @ site 1 id Run-6267600267559668875 problem Leftover--6791674603817565041 lang Java--8800253324652192008
231209 122459.601|INFO|Thread-67503|dumpPacket|   key: CLIENT_ID is: edu.csus.ecs.pc2.core.model.ClientId SERVER0 @ site 1
231209 122459.601|INFO|Thread-67503|info| receiveObject(S) end   got Packet[RUN_JUDGEMENT] #8190 SERVER0 @ site 1 -> TEAM90 @ site 1
231209 123534.312|INFO|qtp135640095-67104|sendToLocalServer|Sending packet to server Packet[CLARIFICATION_SUBMISSION] #1515 TEAM90 @ site 1 -> SERVER0 @ site 1
231209 123534.312|INFO|qtp135640095-67104|sendToLocalServer|Sent    packet to server Packet[CLARIFICATION_SUBMISSION] #1515 TEAM90 @ site 1 -> SERVER0 @ site 1
231209 123534.348|INFO|Thread-67764|info| receiveObject(S) start got Packet[CLARIFICATION_SUBMISSION_CONFIRM] #8742 SERVER0 @ site 1 -> TEAM90 @ site 1
231209 123534.348|INFO|Thread-67764|dumpPacket|Packet CLARIFICATION_SUBMISSION_CONFIRM (Seq #8742, o#8742 ) recieveObject
231209 123534.348|INFO|Thread-67764|dumpPacket|  From: SERVER0 @ site 1, oSERVER0 @ site 1 (DESKTOP-D75BQTV @ 212.212.212.212) (Contest Id: RealDeal--1957769244132597914)
231209 123534.348|INFO|Thread-67764|dumpPacket|    To: TEAM90 @ site 1
231209 123534.348|INFO|Thread-67764|dumpPacket|   key: CLARIFICATION is: edu.csus.ecs.pc2.core.model.Clarification Clarification 25 NEW from TEAM90 @ site 1 at 111 id=Clarification--747483939048969736
231209 123534.348|INFO|Thread-67764|info|handlePacket start Packet[CLARIFICATION_SUBMISSION_CONFIRM] #8742 SERVER0 @ site 1 -> TEAM90 @ site 1
231209 123534.348|INFO|Thread-67764|dumpPacket|Packet CLARIFICATION_SUBMISSION_CONFIRM (Seq #8742, o#8742 ) handlePacket
231209 123534.348|INFO|Thread-67764|dumpPacket|  From: SERVER0 @ site 1, oSERVER0 @ site 1 (DESKTOP-D75BQTV @ 212.212.212.212) (Contest Id: RealDeal--1957769244132597914)
231209 123534.348|INFO|Thread-67764|dumpPacket|    To: TEAM90 @ site 1
231209 123534.348|INFO|Thread-67764|dumpPacket|   key: CLARIFICATION is: edu.csus.ecs.pc2.core.model.Clarification Clarification 25 NEW from TEAM90 @ site 1 at 111 id=Clarification--747483939048969736
231209 123534.348|INFO|Thread-67764|info| receiveObject(S) end   got Packet[CLARIFICATION_SUBMISSION_CONFIRM] #8742 SERVER0 @ site 1 -> TEAM90 @ site 1
231209 123635.171|INFO|Thread-67803|info| receiveObject(S) start got Packet[CLARIFICATION_ANSWER_UPDATE] #8824 SERVER0 @ site 1 -> TEAM90 @ site 1
231209 123635.171|INFO|Thread-67803|dumpPacket|Packet CLARIFICATION_ANSWER_UPDATE (Seq #8824, o#8823 ) recieveObject
231209 123635.171|INFO|Thread-67803|dumpPacket|  From: SERVER0 @ site 1, oSERVER0 @ site 1 (DESKTOP-D75BQTV @ 212.212.212.212) (Contest Id: RealDeal--1957769244132597914)
231209 123635.171|INFO|Thread-67803|dumpPacket|    To: TEAM90 @ site 1
231209 123635.171|INFO|Thread-67803|dumpPacket|   key: CLARIFICATION is: edu.csus.ecs.pc2.core.model.Clarification Clarification 25 ANSWERED from TEAM90 @ site 1 at 111 id=Clarification--747483939048969736
231209 123635.171|INFO|Thread-67803|dumpPacket|   key: CLARIFICATION_ANSWER is: java.lang.String No
231209 123635.171|INFO|Thread-67803|dumpPacket|   key: CLIENT_ID is: edu.csus.ecs.pc2.core.model.ClientId JUDGE3 @ site 1
231209 123635.172|INFO|Thread-67803|info|handlePacket start Packet[CLARIFICATION_ANSWER_UPDATE] #8824 SERVER0 @ site 1 -> TEAM90 @ site 1
231209 123635.172|INFO|Thread-67803|dumpPacket|Packet CLARIFICATION_ANSWER_UPDATE (Seq #8824, o#8823 ) handlePacket
231209 123635.172|INFO|Thread-67803|dumpPacket|  From: SERVER0 @ site 1, oSERVER0 @ site 1 (DESKTOP-D75BQTV @ 212.212.212.212) (Contest Id: RealDeal--1957769244132597914)
231209 123635.172|INFO|Thread-67803|dumpPacket|    To: TEAM90 @ site 1
231209 123635.172|INFO|Thread-67803|dumpPacket|   key: CLARIFICATION is: edu.csus.ecs.pc2.core.model.Clarification Clarification 25 ANSWERED from TEAM90 @ site 1 at 111 id=Clarification--747483939048969736
231209 123635.172|INFO|Thread-67803|dumpPacket|   key: CLARIFICATION_ANSWER is: java.lang.String No
231209 123635.172|INFO|Thread-67803|dumpPacket|   key: CLIENT_ID is: edu.csus.ecs.pc2.core.model.ClientId JUDGE3 @ site 1
231209 123635.173|INFO|Thread-67803|info| receiveObject(S) end   got Packet[CLARIFICATION_ANSWER_UPDATE] #8824 SERVER0 @ site 1 -> TEAM90 @ site 1
