221210 134646.455|CONFIG|qtp1613095350-251616|setFileHandlers|Now logging to C:\Users\18328\Desktop\pc2\WebTeamInterface-1.1\logs directory.
221210 134646.455|INFO|qtp1613095350-251616|info|
221210 134646.455|INFO|qtp1613095350-251616|info|Version 9 () Java ver 18.0.2.1 build  Windows 11 10.0 (amd64) 
221210 134646.455|INFO|qtp1613095350-251616|info|Login: team1 (aka team1)
221210 134646.455|INFO|qtp1613095350-251616|startLog|Working directory is C:\Users\18328\Desktop\pc2\WebTeamInterface-1.1
221210 134646.456|INFO|qtp1613095350-251616|startLog|Process id is 22344@DESKTOP-D75BQTV
221210 134646.456|INFO|qtp1613095350-251616|info|Contacting server at 212.212.212.212:50002 as TEAM1 @ site 0
221210 134646.456|INFO|qtp1613095350-251616|info|sendLoginRequest start - sending from TEAM1 @ site 0
221210 134646.456|INFO|qtp1613095350-251616|sendToLocalServer|Sending packet to server Packet[LOGIN_REQUEST] #1009 TEAM1 @ site 0 -> SERVER0 @ site 0
221210 134646.456|INFO|qtp1613095350-251616|sendToLocalServer|Sent    packet to server Packet[LOGIN_REQUEST] #1009 TEAM1 @ site 0 -> SERVER0 @ site 0
221210 134646.456|INFO|qtp1613095350-251616|info|sendLoginRequest end - packet sent.
221210 134646.456|INFO|Thread-252788|receiveUnencrypted|receiveUnencrypted(TransportWrapper, ConnectionHandlerID=Socket[addr=/212.212.212.212,port=50002,localport=54791]-7434112490410826970)
221210 134646.456|INFO|Thread-252789|run|send(Serializable)
221210 134646.457|INFO|Thread-252788|receiveUnencrypted|receiveUnencrypted Made a secret key for Socket[addr=/212.212.212.212,port=50002,localport=54791]-7434112490410826970 key is com.sun.crypto.provider.DESKey@18636
221210 134646.457|INFO|Thread-252788|getPublicKeyPacket|Generating Unencrypted Public Key Packet
221210 134646.457|INFO|Thread-252788|getPublicKeyPacket|checking key:= SunJCE Diffie-Hellman Public Key:
y:
    da00553f 07d65430 6dbb8816 14018fa1 15c0d7df 098894f9 1ef9d4c9 e0696a61
    1eadd227 f05c757d b1c93d74 2d282dcc b3ad7801 5c3b2550 a14bffa1 37afb77e
    ef173782 53fa99cd 211a7acd dacc1b37 a800d657 9948981b d82583bd be1227df
    ef00e793 c649c10d 482a465f ddb24f10 65c59eb4 d052f5df 66e9bb01 fbb0ce24
p:
    f488fd58 4e49dbcd 20b49de4 9107366b 336c380d 451d0f7c 88b31c7c 5b2d8ef6
    f3c923c0 43f0a55b 188d8ebb 558cb85d 38d334fd 7c175743 a31d186c de33212c
    b52aff3c e1b12940 18118d7c 84a70a72 d686c403 19c80729 7aca950c d9969fab
    d00a509b 0246d308 3d66a45d 419f9c7c bd894b22 1926baab a25ec355 e92f78c7
g:
    02
l:
    512
221210 134646.457|INFO|Thread-252788|getPublicKeyPacket|packet:= edu.csus.ecs.pc2.core.transport.TransportWrapper@7c18117d
221210 134646.474|INFO|Thread-252788|receive|public void receive(SealedObject TransportPacket, ConnectionHandlerID connectionHandlerID)
221210 134646.476|INFO|Thread-252790|info| receiveObject(S) start got Packet[LOGIN_SUCCESS] #7833 SERVER0 @ site 1 -> TEAM1 @ site 1
221210 134646.476|INFO|Thread-252790|dumpPacket|Packet LOGIN_SUCCESS (Seq #7833, o#7833 ) recieveObject
221210 134646.476|INFO|Thread-252790|dumpPacket|  From: SERVER0 @ site 1, oSERVER0 @ site 1 (DESKTOP-D75BQTV @ 212.212.212.212) (Contest Id: Contest-4511288556462302159)
221210 134646.476|INFO|Thread-252790|dumpPacket|    To: TEAM1 @ site 1
221210 134646.476|INFO|Thread-252790|dumpPacket|   key: PROFILE_LIST is: [Ledu.csus.ecs.pc2.core.model.Profile; [Ledu.csus.ecs.pc2.core.model.Profile;@5c1fcb2f
221210 134646.476|INFO|Thread-252790|dumpPacket|   key: GENERAL_PROBLEM is: edu.csus.ecs.pc2.core.model.Problem General
221210 134646.476|INFO|Thread-252790|dumpPacket|   key: CLIENT_SETTINGS_LIST is: [Ledu.csus.ecs.pc2.core.model.ClientSettings; [Ledu.csus.ecs.pc2.core.model.ClientSettings;@52d82edc
221210 134646.476|INFO|Thread-252790|dumpPacket|   key: CONTEST_TIME is: edu.csus.ecs.pc2.core.model.ContestTime edu.csus.ecs.pc2.core.model.ContestTime@56e7a05f
221210 134646.476|INFO|Thread-252790|dumpPacket|   key: CLARIFICATION_LIST is: [Ledu.csus.ecs.pc2.core.model.Clarification; [Ledu.csus.ecs.pc2.core.model.Clarification;@13e524e7
221210 134646.476|INFO|Thread-252790|dumpPacket|   key: CATEGORY_LIST is: [Ledu.csus.ecs.pc2.core.model.Category; [Ledu.csus.ecs.pc2.core.model.Category;@3181d307
221210 134646.476|INFO|Thread-252790|dumpPacket|   key: LANGUAGE_LIST is: [Ledu.csus.ecs.pc2.core.model.Language; [Ledu.csus.ecs.pc2.core.model.Language;@22bcb525
221210 134646.476|INFO|Thread-252790|dumpPacket|   key: REMOTE_LOGGED_IN_USERS is: [Ledu.csus.ecs.pc2.core.model.ClientId; [Ledu.csus.ecs.pc2.core.model.ClientId;@49321c75
221210 134646.476|INFO|Thread-252790|dumpPacket|   key: CONTEST_TIME_LIST is: [Ledu.csus.ecs.pc2.core.model.ContestTime; [Ledu.csus.ecs.pc2.core.model.ContestTime;@73cadba8
221210 134646.476|INFO|Thread-252790|dumpPacket|   key: CONNECTION_HANDLE_ID_LIST is: [Ledu.csus.ecs.pc2.core.transport.ConnectionHandlerID; [Ledu.csus.ecs.pc2.core.transport.ConnectionHandlerID;@4cec373d
221210 134646.476|INFO|Thread-252790|dumpPacket|   key: PROFILE is: edu.csus.ecs.pc2.core.model.Profile Contest-4511288556462302159
221210 134646.476|INFO|Thread-252790|dumpPacket|   key: CLIENT_ID is: edu.csus.ecs.pc2.core.model.ClientId TEAM1 @ site 1
221210 134646.476|INFO|Thread-252790|dumpPacket|   key: SITE_NUMBER is: java.lang.Integer 1
221210 134646.476|INFO|Thread-252790|dumpPacket|   key: CONTEST_INFORMATION is: edu.csus.ecs.pc2.core.model.ContestInformation edu.csus.ecs.pc2.core.model.ContestInformation@bbea618
221210 134646.476|INFO|Thread-252790|dumpPacket|   key: SITE_LIST is: [Ledu.csus.ecs.pc2.core.model.Site; [Ledu.csus.ecs.pc2.core.model.Site;@5236d2ae
221210 134646.476|INFO|Thread-252790|dumpPacket|   key: PROBLEM_DATA_FILES is: [Ledu.csus.ecs.pc2.core.model.ProblemDataFiles; [Ledu.csus.ecs.pc2.core.model.ProblemDataFiles;@778444db
221210 134646.476|INFO|Thread-252790|dumpPacket|   key: JUDGEMENT_LIST is: [Ledu.csus.ecs.pc2.core.model.Judgement; [Ledu.csus.ecs.pc2.core.model.Judgement;@5a7cc0c9
221210 134646.476|INFO|Thread-252790|dumpPacket|   key: PROBLEM_LIST is: [Ledu.csus.ecs.pc2.core.model.Problem; [Ledu.csus.ecs.pc2.core.model.Problem;@248c33f8
221210 134646.476|INFO|Thread-252790|dumpPacket|   key: GROUP_LIST is: [Ledu.csus.ecs.pc2.core.model.Group; [Ledu.csus.ecs.pc2.core.model.Group;@404b2665
221210 134646.476|INFO|Thread-252790|dumpPacket|   key: LOCAL_LOGGED_IN_USERS is: [Ledu.csus.ecs.pc2.core.model.ClientId; [Ledu.csus.ecs.pc2.core.model.ClientId;@15bc002b
221210 134646.476|INFO|Thread-252790|dumpPacket|   key: SERVER_CLOCK_OFFSET is: java.util.GregorianCalendar java.util.GregorianCalendar[time=1670701606460,areFieldsSet=true,areAllFieldsSet=false,lenient=true,zone=sun.util.calendar.ZoneInfo[id="GMT",offset=0,dstSavings=0,useDaylight=false,transitions=0,lastRule=null],firstDayOfWeek=1,minimalDaysInFirstWeek=1,ERA=1,YEAR=2022,MONTH=11,WEEK_OF_YEAR=50,WEEK_OF_MONTH=2,DAY_OF_MONTH=10,DAY_OF_YEAR=344,DAY_OF_WEEK=7,DAY_OF_WEEK_IN_MONTH=2,AM_PM=1,HOUR=7,HOUR_OF_DAY=19,MINUTE=46,SECOND=46,MILLISECOND=460,ZONE_OFFSET=0,DST_OFFSET=0]
221210 134646.476|INFO|Thread-252790|dumpPacket|   key: CONTEST_IDENTIFIER is: java.lang.String Contest-4511288556462302159
221210 134646.476|INFO|Thread-252790|dumpPacket|   key: BALLOON_SETTINGS_LIST is: [Ledu.csus.ecs.pc2.core.model.BalloonSettings; [Ledu.csus.ecs.pc2.core.model.BalloonSettings;@29fae0dd
221210 134646.476|INFO|Thread-252790|dumpPacket|   key: RUN_LIST is: [Ledu.csus.ecs.pc2.core.model.Run; [Ledu.csus.ecs.pc2.core.model.Run;@6c2c15e9
221210 134646.476|INFO|Thread-252790|dumpPacket|   key: ACCOUNT_ARRAY is: [Ledu.csus.ecs.pc2.core.model.Account; [Ledu.csus.ecs.pc2.core.model.Account;@75cd6e07
221210 134646.476|INFO|Thread-252790|info|handlePacket start Packet[LOGIN_SUCCESS] #7833 SERVER0 @ site 1 -> TEAM1 @ site 1
221210 134646.476|INFO|Thread-252790|dumpPacket|Packet LOGIN_SUCCESS (Seq #7833, o#7833 ) handlePacket
221210 134646.476|INFO|Thread-252790|dumpPacket|  From: SERVER0 @ site 1, oSERVER0 @ site 1 (DESKTOP-D75BQTV @ 212.212.212.212) (Contest Id: Contest-4511288556462302159)
221210 134646.476|INFO|Thread-252790|dumpPacket|    To: TEAM1 @ site 1
221210 134646.476|INFO|Thread-252790|dumpPacket|   key: PROFILE_LIST is: [Ledu.csus.ecs.pc2.core.model.Profile; [Ledu.csus.ecs.pc2.core.model.Profile;@5c1fcb2f
221210 134646.476|INFO|Thread-252790|dumpPacket|   key: GENERAL_PROBLEM is: edu.csus.ecs.pc2.core.model.Problem General
221210 134646.476|INFO|Thread-252790|dumpPacket|   key: CLIENT_SETTINGS_LIST is: [Ledu.csus.ecs.pc2.core.model.ClientSettings; [Ledu.csus.ecs.pc2.core.model.ClientSettings;@52d82edc
221210 134646.476|INFO|Thread-252790|dumpPacket|   key: CONTEST_TIME is: edu.csus.ecs.pc2.core.model.ContestTime edu.csus.ecs.pc2.core.model.ContestTime@56e7a05f
221210 134646.476|INFO|Thread-252790|dumpPacket|   key: CLARIFICATION_LIST is: [Ledu.csus.ecs.pc2.core.model.Clarification; [Ledu.csus.ecs.pc2.core.model.Clarification;@13e524e7
221210 134646.476|INFO|Thread-252790|dumpPacket|   key: CATEGORY_LIST is: [Ledu.csus.ecs.pc2.core.model.Category; [Ledu.csus.ecs.pc2.core.model.Category;@3181d307
221210 134646.476|INFO|Thread-252790|dumpPacket|   key: LANGUAGE_LIST is: [Ledu.csus.ecs.pc2.core.model.Language; [Ledu.csus.ecs.pc2.core.model.Language;@22bcb525
221210 134646.476|INFO|Thread-252790|dumpPacket|   key: REMOTE_LOGGED_IN_USERS is: [Ledu.csus.ecs.pc2.core.model.ClientId; [Ledu.csus.ecs.pc2.core.model.ClientId;@49321c75
221210 134646.476|INFO|Thread-252790|dumpPacket|   key: CONTEST_TIME_LIST is: [Ledu.csus.ecs.pc2.core.model.ContestTime; [Ledu.csus.ecs.pc2.core.model.ContestTime;@73cadba8
221210 134646.476|INFO|Thread-252790|dumpPacket|   key: CONNECTION_HANDLE_ID_LIST is: [Ledu.csus.ecs.pc2.core.transport.ConnectionHandlerID; [Ledu.csus.ecs.pc2.core.transport.ConnectionHandlerID;@4cec373d
221210 134646.476|INFO|Thread-252790|dumpPacket|   key: PROFILE is: edu.csus.ecs.pc2.core.model.Profile Contest-4511288556462302159
221210 134646.476|INFO|Thread-252790|dumpPacket|   key: CLIENT_ID is: edu.csus.ecs.pc2.core.model.ClientId TEAM1 @ site 1
221210 134646.476|INFO|Thread-252790|dumpPacket|   key: SITE_NUMBER is: java.lang.Integer 1
221210 134646.476|INFO|Thread-252790|dumpPacket|   key: CONTEST_INFORMATION is: edu.csus.ecs.pc2.core.model.ContestInformation edu.csus.ecs.pc2.core.model.ContestInformation@bbea618
221210 134646.476|INFO|Thread-252790|dumpPacket|   key: SITE_LIST is: [Ledu.csus.ecs.pc2.core.model.Site; [Ledu.csus.ecs.pc2.core.model.Site;@5236d2ae
221210 134646.476|INFO|Thread-252790|dumpPacket|   key: PROBLEM_DATA_FILES is: [Ledu.csus.ecs.pc2.core.model.ProblemDataFiles; [Ledu.csus.ecs.pc2.core.model.ProblemDataFiles;@778444db
221210 134646.476|INFO|Thread-252790|dumpPacket|   key: JUDGEMENT_LIST is: [Ledu.csus.ecs.pc2.core.model.Judgement; [Ledu.csus.ecs.pc2.core.model.Judgement;@5a7cc0c9
221210 134646.476|INFO|Thread-252790|dumpPacket|   key: PROBLEM_LIST is: [Ledu.csus.ecs.pc2.core.model.Problem; [Ledu.csus.ecs.pc2.core.model.Problem;@248c33f8
221210 134646.476|INFO|Thread-252790|dumpPacket|   key: GROUP_LIST is: [Ledu.csus.ecs.pc2.core.model.Group; [Ledu.csus.ecs.pc2.core.model.Group;@404b2665
221210 134646.476|INFO|Thread-252790|dumpPacket|   key: LOCAL_LOGGED_IN_USERS is: [Ledu.csus.ecs.pc2.core.model.ClientId; [Ledu.csus.ecs.pc2.core.model.ClientId;@15bc002b
221210 134646.476|INFO|Thread-252790|dumpPacket|   key: SERVER_CLOCK_OFFSET is: java.util.GregorianCalendar java.util.GregorianCalendar[time=1670701606460,areFieldsSet=true,areAllFieldsSet=false,lenient=true,zone=sun.util.calendar.ZoneInfo[id="GMT",offset=0,dstSavings=0,useDaylight=false,transitions=0,lastRule=null],firstDayOfWeek=1,minimalDaysInFirstWeek=1,ERA=1,YEAR=2022,MONTH=11,WEEK_OF_YEAR=50,WEEK_OF_MONTH=2,DAY_OF_MONTH=10,DAY_OF_YEAR=344,DAY_OF_WEEK=7,DAY_OF_WEEK_IN_MONTH=2,AM_PM=1,HOUR=7,HOUR_OF_DAY=19,MINUTE=46,SECOND=46,MILLISECOND=460,ZONE_OFFSET=0,DST_OFFSET=0]
221210 134646.476|INFO|Thread-252790|dumpPacket|   key: CONTEST_IDENTIFIER is: java.lang.String Contest-4511288556462302159
221210 134646.476|INFO|Thread-252790|dumpPacket|   key: BALLOON_SETTINGS_LIST is: [Ledu.csus.ecs.pc2.core.model.BalloonSettings; [Ledu.csus.ecs.pc2.core.model.BalloonSettings;@29fae0dd
221210 134646.476|INFO|Thread-252790|dumpPacket|   key: RUN_LIST is: [Ledu.csus.ecs.pc2.core.model.Run; [Ledu.csus.ecs.pc2.core.model.Run;@6c2c15e9
221210 134646.476|INFO|Thread-252790|dumpPacket|   key: ACCOUNT_ARRAY is: [Ledu.csus.ecs.pc2.core.model.Account; [Ledu.csus.ecs.pc2.core.model.Account;@75cd6e07
221210 150258.319|INFO|Thread-252788|connectionDropped|connectionDropped(ConnectionHandlerID myConnectionID) 
