231209 104000.075|CONFIG|Thread-49420|setFileHandlers|Now logging to C:\Users\18328\Desktop\pc2\WebTeamInterface-1.1\logs directory.
231209 104000.075|INFO|Thread-49420|info|
231209 104000.075|INFO|Thread-49420|info|Version 9 () Java ver 18.0.2.1 build  Windows 11 10.0 (amd64) 
231209 104000.075|INFO|Thread-49420|info|Login: team114 (aka team114)
231209 104000.075|INFO|Thread-49420|startLog|Working directory is C:\Users\18328\Desktop\pc2\WebTeamInterface-1.1
231209 104000.075|INFO|Thread-49420|startLog|Process id is 15028@DESKTOP-D75BQTV
231209 104000.075|INFO|Thread-49420|info| handlePacket original LOGIN_SUCCESS after -- all settings loaded 
231209 104000.075|INFO|Thread-49420|info|handlePacket end Packet[LOGIN_SUCCESS] #3660 SERVER0 @ site 1 -> TEAM114 @ site 1
231209 104000.075|INFO|Thread-49420|info| receiveObject(S) end   got Packet[LOGIN_SUCCESS] #3660 SERVER0 @ site 1 -> TEAM114 @ site 1
231209 104340.823|INFO|Thread-49645|info| receiveObject(S) start got Packet[CLOCK_STARTED] #3869 SERVER0 @ site 1 -> SERVER0 @ site 0
231209 104340.823|INFO|Thread-49645|dumpPacket|Packet CLOCK_STARTED (Seq #3869, o#3869 ) recieveObject
231209 104340.823|INFO|Thread-49645|dumpPacket|  From: SERVER0 @ site 1, oSERVER0 @ site 1 (DESKTOP-D75BQTV @ 212.212.212.212) (Contest Id: RealDeal--1957769244132597914)
231209 104340.823|INFO|Thread-49645|dumpPacket|    To: SERVER0 @ site 0
231209 104340.823|INFO|Thread-49645|dumpPacket|   key: SITE_NUMBER is: java.lang.Integer 1
231209 104340.823|INFO|Thread-49645|dumpPacket|   key: CLIENT_ID is: edu.csus.ecs.pc2.core.model.ClientId ADMINISTRATOR1 @ site 1
231209 104340.823|INFO|Thread-49645|dumpPacket|   key: SERVER_CLOCK_OFFSET is: java.util.GregorianCalendar java.util.GregorianCalendar[time=1702140220728,areFieldsSet=true,areAllFieldsSet=false,lenient=true,zone=sun.util.calendar.ZoneInfo[id="GMT",offset=0,dstSavings=0,useDaylight=false,transitions=0,lastRule=null],firstDayOfWeek=1,minimalDaysInFirstWeek=1,ERA=1,YEAR=2023,MONTH=11,WEEK_OF_YEAR=49,WEEK_OF_MONTH=2,DAY_OF_MONTH=9,DAY_OF_YEAR=343,DAY_OF_WEEK=7,DAY_OF_WEEK_IN_MONTH=2,AM_PM=1,HOUR=4,HOUR_OF_DAY=16,MINUTE=43,SECOND=40,MILLISECOND=728,ZONE_OFFSET=0,DST_OFFSET=0]
231209 104340.823|INFO|Thread-49645|info|handlePacket start Packet[CLOCK_STARTED] #3869 SERVER0 @ site 1 -> SERVER0 @ site 0
231209 104340.823|INFO|Thread-49645|dumpPacket|Packet CLOCK_STARTED (Seq #3869, o#3869 ) handlePacket
231209 104340.823|INFO|Thread-49645|dumpPacket|  From: SERVER0 @ site 1, oSERVER0 @ site 1 (DESKTOP-D75BQTV @ 212.212.212.212) (Contest Id: RealDeal--1957769244132597914)
231209 104340.823|INFO|Thread-49645|dumpPacket|    To: SERVER0 @ site 0
231209 104340.823|INFO|Thread-49645|dumpPacket|   key: SITE_NUMBER is: java.lang.Integer 1
231209 104340.823|INFO|Thread-49645|dumpPacket|   key: CLIENT_ID is: edu.csus.ecs.pc2.core.model.ClientId ADMINISTRATOR1 @ site 1
231209 104340.823|INFO|Thread-49645|dumpPacket|   key: SERVER_CLOCK_OFFSET is: java.util.GregorianCalendar java.util.GregorianCalendar[time=1702140220728,areFieldsSet=true,areAllFieldsSet=false,lenient=true,zone=sun.util.calendar.ZoneInfo[id="GMT",offset=0,dstSavings=0,useDaylight=false,transitions=0,lastRule=null],firstDayOfWeek=1,minimalDaysInFirstWeek=1,ERA=1,YEAR=2023,MONTH=11,WEEK_OF_YEAR=49,WEEK_OF_MONTH=2,DAY_OF_MONTH=9,DAY_OF_YEAR=343,DAY_OF_WEEK=7,DAY_OF_WEEK_IN_MONTH=2,AM_PM=1,HOUR=4,HOUR_OF_DAY=16,MINUTE=43,SECOND=40,MILLISECOND=728,ZONE_OFFSET=0,DST_OFFSET=0]
231209 104340.825|INFO|Thread-49645|info|Clock for site 1 started by ADMINISTRATOR1 @ site 1 elapsed 0:00:00
231209 104340.827|INFO|Thread-49645|info| receiveObject(S) end   got Packet[CLOCK_STARTED] #3869 SERVER0 @ site 1 -> SERVER0 @ site 0
231209 104900.039|INFO|Thread-55658|info| receiveObject(S) start got Packet[CLARIFICATION_ANSWER_UPDATE] #4015 SERVER0 @ site 1 -> SERVER0 @ site 0
231209 104900.039|INFO|Thread-55658|dumpPacket|Packet CLARIFICATION_ANSWER_UPDATE (Seq #4015, o#4015 ) recieveObject
231209 104900.039|INFO|Thread-55658|dumpPacket|  From: SERVER0 @ site 1, oSERVER0 @ site 1 (DESKTOP-D75BQTV @ 212.212.212.212) (Contest Id: RealDeal--1957769244132597914)
231209 104900.039|INFO|Thread-55658|dumpPacket|    To: SERVER0 @ site 0
231209 104900.039|INFO|Thread-55658|dumpPacket|   key: CLARIFICATION is: edu.csus.ecs.pc2.core.model.Clarification Clarification 1 ANSWERED from TEAM91 @ site 1 at 4 id=Clarification--3513482260916480937
231209 104900.039|INFO|Thread-55658|dumpPacket|   key: CLARIFICATION_ANSWER is: java.lang.String No response, read problem statement
231209 104900.039|INFO|Thread-55658|dumpPacket|   key: CLIENT_ID is: edu.csus.ecs.pc2.core.model.ClientId ADMINISTRATOR1 @ site 1
231209 104900.039|INFO|Thread-55658|info|handlePacket start Packet[CLARIFICATION_ANSWER_UPDATE] #4015 SERVER0 @ site 1 -> SERVER0 @ site 0
231209 104900.041|INFO|Thread-55658|dumpPacket|Packet CLARIFICATION_ANSWER_UPDATE (Seq #4015, o#4015 ) handlePacket
231209 104900.041|INFO|Thread-55658|dumpPacket|  From: SERVER0 @ site 1, oSERVER0 @ site 1 (DESKTOP-D75BQTV @ 212.212.212.212) (Contest Id: RealDeal--1957769244132597914)
231209 104900.041|INFO|Thread-55658|dumpPacket|    To: SERVER0 @ site 0
231209 104900.041|INFO|Thread-55658|dumpPacket|   key: CLARIFICATION is: edu.csus.ecs.pc2.core.model.Clarification Clarification 1 ANSWERED from TEAM91 @ site 1 at 4 id=Clarification--3513482260916480937
231209 104900.041|INFO|Thread-55658|dumpPacket|   key: CLARIFICATION_ANSWER is: java.lang.String No response, read problem statement
231209 104900.041|INFO|Thread-55658|dumpPacket|   key: CLIENT_ID is: edu.csus.ecs.pc2.core.model.ClientId ADMINISTRATOR1 @ site 1
231209 104900.041|INFO|Thread-55658|info| receiveObject(S) end   got Packet[CLARIFICATION_ANSWER_UPDATE] #4015 SERVER0 @ site 1 -> SERVER0 @ site 0
231209 104938.102|INFO|Thread-56434|info| receiveObject(S) start got Packet[CLARIFICATION_ANSWER_UPDATE] #4032 SERVER0 @ site 1 -> SERVER0 @ site 0
231209 104938.102|INFO|Thread-56434|dumpPacket|Packet CLARIFICATION_ANSWER_UPDATE (Seq #4032, o#4032 ) recieveObject
231209 104938.102|INFO|Thread-56434|dumpPacket|  From: SERVER0 @ site 1, oSERVER0 @ site 1 (DESKTOP-D75BQTV @ 212.212.212.212) (Contest Id: RealDeal--1957769244132597914)
231209 104938.102|INFO|Thread-56434|dumpPacket|    To: SERVER0 @ site 0
231209 104938.102|INFO|Thread-56434|dumpPacket|   key: CLARIFICATION is: edu.csus.ecs.pc2.core.model.Clarification Clarification 2 ANSWERED from JUDGE3 @ site 1 at 5 id=Clarification-2100581527514594593
231209 104938.102|INFO|Thread-56434|dumpPacket|   key: CLARIFICATION_ANSWER is: java.lang.String Read above
231209 104938.102|INFO|Thread-56434|dumpPacket|   key: CLIENT_ID is: edu.csus.ecs.pc2.core.model.ClientId ADMINISTRATOR1 @ site 1
231209 104938.102|INFO|Thread-56434|info|handlePacket start Packet[CLARIFICATION_ANSWER_UPDATE] #4032 SERVER0 @ site 1 -> SERVER0 @ site 0
231209 104938.102|INFO|Thread-56434|dumpPacket|Packet CLARIFICATION_ANSWER_UPDATE (Seq #4032, o#4032 ) handlePacket
231209 104938.102|INFO|Thread-56434|dumpPacket|  From: SERVER0 @ site 1, oSERVER0 @ site 1 (DESKTOP-D75BQTV @ 212.212.212.212) (Contest Id: RealDeal--1957769244132597914)
231209 104938.102|INFO|Thread-56434|dumpPacket|    To: SERVER0 @ site 0
231209 104938.102|INFO|Thread-56434|dumpPacket|   key: CLARIFICATION is: edu.csus.ecs.pc2.core.model.Clarification Clarification 2 ANSWERED from JUDGE3 @ site 1 at 5 id=Clarification-2100581527514594593
231209 104938.102|INFO|Thread-56434|dumpPacket|   key: CLARIFICATION_ANSWER is: java.lang.String Read above
231209 104938.102|INFO|Thread-56434|dumpPacket|   key: CLIENT_ID is: edu.csus.ecs.pc2.core.model.ClientId ADMINISTRATOR1 @ site 1
231209 104938.109|INFO|Thread-56434|info| receiveObject(S) end   got Packet[CLARIFICATION_ANSWER_UPDATE] #4032 SERVER0 @ site 1 -> SERVER0 @ site 0
231209 105758.473|INFO|Thread-64800|info| receiveObject(S) start got Packet[CLARIFICATION_ANSWER_UPDATE] #4323 SERVER0 @ site 1 -> SERVER0 @ site 0
231209 105758.473|INFO|Thread-64800|dumpPacket|Packet CLARIFICATION_ANSWER_UPDATE (Seq #4323, o#4323 ) recieveObject
231209 105758.473|INFO|Thread-64800|dumpPacket|  From: SERVER0 @ site 1, oSERVER0 @ site 1 (DESKTOP-D75BQTV @ 212.212.212.212) (Contest Id: RealDeal--1957769244132597914)
231209 105758.473|INFO|Thread-64800|dumpPacket|    To: SERVER0 @ site 0
231209 105758.473|INFO|Thread-64800|dumpPacket|   key: CLARIFICATION is: edu.csus.ecs.pc2.core.model.Clarification Clarification 3 ANSWERED from TEAM77 @ site 1 at 7 id=Clarification--6384166243320002001
231209 105758.473|INFO|Thread-64800|dumpPacket|   key: CLARIFICATION_ANSWER is: java.lang.String Its a 0.
231209 105758.477|INFO|Thread-64800|dumpPacket|   key: CLIENT_ID is: edu.csus.ecs.pc2.core.model.ClientId ADMINISTRATOR1 @ site 1
231209 105758.477|INFO|Thread-64800|info|handlePacket start Packet[CLARIFICATION_ANSWER_UPDATE] #4323 SERVER0 @ site 1 -> SERVER0 @ site 0
231209 105758.477|INFO|Thread-64800|dumpPacket|Packet CLARIFICATION_ANSWER_UPDATE (Seq #4323, o#4323 ) handlePacket
231209 105758.477|INFO|Thread-64800|dumpPacket|  From: SERVER0 @ site 1, oSERVER0 @ site 1 (DESKTOP-D75BQTV @ 212.212.212.212) (Contest Id: RealDeal--1957769244132597914)
231209 105758.477|INFO|Thread-64800|dumpPacket|    To: SERVER0 @ site 0
231209 105758.477|INFO|Thread-64800|dumpPacket|   key: CLARIFICATION is: edu.csus.ecs.pc2.core.model.Clarification Clarification 3 ANSWERED from TEAM77 @ site 1 at 7 id=Clarification--6384166243320002001
231209 105758.477|INFO|Thread-64800|dumpPacket|   key: CLARIFICATION_ANSWER is: java.lang.String Its a 0.
231209 105758.478|INFO|Thread-64800|dumpPacket|   key: CLIENT_ID is: edu.csus.ecs.pc2.core.model.ClientId ADMINISTRATOR1 @ site 1
231209 105758.515|INFO|Thread-64800|info| receiveObject(S) end   got Packet[CLARIFICATION_ANSWER_UPDATE] #4323 SERVER0 @ site 1 -> SERVER0 @ site 0
231209 110012.898|INFO|Thread-64951|info| receiveObject(S) start got Packet[CLARIFICATION_ANSWER_UPDATE] #4399 SERVER0 @ site 1 -> SERVER0 @ site 0
231209 110012.898|INFO|Thread-64951|dumpPacket|Packet CLARIFICATION_ANSWER_UPDATE (Seq #4399, o#4399 ) recieveObject
231209 110012.898|INFO|Thread-64951|dumpPacket|  From: SERVER0 @ site 1, oSERVER0 @ site 1 (DESKTOP-D75BQTV @ 212.212.212.212) (Contest Id: RealDeal--1957769244132597914)
231209 110012.898|INFO|Thread-64951|dumpPacket|    To: SERVER0 @ site 0
231209 110012.898|INFO|Thread-64951|dumpPacket|   key: CLARIFICATION is: edu.csus.ecs.pc2.core.model.Clarification Clarification 4 ANSWERED from TEAM82 @ site 1 at 14 id=Clarification-5863903242636736970
231209 110012.898|INFO|Thread-64951|dumpPacket|   key: CLARIFICATION_ANSWER is: java.lang.String Read the problem description.
231209 110012.898|INFO|Thread-64951|dumpPacket|   key: CLIENT_ID is: edu.csus.ecs.pc2.core.model.ClientId JUDGE10 @ site 1
231209 110012.898|INFO|Thread-64951|info|handlePacket start Packet[CLARIFICATION_ANSWER_UPDATE] #4399 SERVER0 @ site 1 -> SERVER0 @ site 0
231209 110012.898|INFO|Thread-64951|dumpPacket|Packet CLARIFICATION_ANSWER_UPDATE (Seq #4399, o#4399 ) handlePacket
231209 110012.898|INFO|Thread-64951|dumpPacket|  From: SERVER0 @ site 1, oSERVER0 @ site 1 (DESKTOP-D75BQTV @ 212.212.212.212) (Contest Id: RealDeal--1957769244132597914)
231209 110012.898|INFO|Thread-64951|dumpPacket|    To: SERVER0 @ site 0
231209 110012.898|INFO|Thread-64951|dumpPacket|   key: CLARIFICATION is: edu.csus.ecs.pc2.core.model.Clarification Clarification 4 ANSWERED from TEAM82 @ site 1 at 14 id=Clarification-5863903242636736970
231209 110012.898|INFO|Thread-64951|dumpPacket|   key: CLARIFICATION_ANSWER is: java.lang.String Read the problem description.
231209 110012.898|INFO|Thread-64951|dumpPacket|   key: CLIENT_ID is: edu.csus.ecs.pc2.core.model.ClientId JUDGE10 @ site 1
231209 110012.932|INFO|Thread-64951|info| receiveObject(S) end   got Packet[CLARIFICATION_ANSWER_UPDATE] #4399 SERVER0 @ site 1 -> SERVER0 @ site 0
231209 110139.186|INFO|Thread-65126|info| receiveObject(S) start got Packet[CLARIFICATION_ANSWER_UPDATE] #4469 SERVER0 @ site 1 -> SERVER0 @ site 0
231209 110139.186|INFO|Thread-65126|dumpPacket|Packet CLARIFICATION_ANSWER_UPDATE (Seq #4469, o#4469 ) recieveObject
231209 110139.186|INFO|Thread-65126|dumpPacket|  From: SERVER0 @ site 1, oSERVER0 @ site 1 (DESKTOP-D75BQTV @ 212.212.212.212) (Contest Id: RealDeal--1957769244132597914)
231209 110139.188|INFO|Thread-65126|dumpPacket|    To: SERVER0 @ site 0
231209 110139.188|INFO|Thread-65126|dumpPacket|   key: CLARIFICATION is: edu.csus.ecs.pc2.core.model.Clarification Clarification 5 ANSWERED from TEAM50 @ site 1 at 16 id=Clarification-1647212286997947126
231209 110139.188|INFO|Thread-65126|dumpPacket|   key: CLARIFICATION_ANSWER is: java.lang.String yes
231209 110139.188|INFO|Thread-65126|dumpPacket|   key: CLIENT_ID is: edu.csus.ecs.pc2.core.model.ClientId JUDGE10 @ site 1
231209 110139.188|INFO|Thread-65126|info|handlePacket start Packet[CLARIFICATION_ANSWER_UPDATE] #4469 SERVER0 @ site 1 -> SERVER0 @ site 0
231209 110139.188|INFO|Thread-65126|dumpPacket|Packet CLARIFICATION_ANSWER_UPDATE (Seq #4469, o#4469 ) handlePacket
231209 110139.188|INFO|Thread-65126|dumpPacket|  From: SERVER0 @ site 1, oSERVER0 @ site 1 (DESKTOP-D75BQTV @ 212.212.212.212) (Contest Id: RealDeal--1957769244132597914)
231209 110139.188|INFO|Thread-65126|dumpPacket|    To: SERVER0 @ site 0
231209 110139.188|INFO|Thread-65126|dumpPacket|   key: CLARIFICATION is: edu.csus.ecs.pc2.core.model.Clarification Clarification 5 ANSWERED from TEAM50 @ site 1 at 16 id=Clarification-1647212286997947126
231209 110139.188|INFO|Thread-65126|dumpPacket|   key: CLARIFICATION_ANSWER is: java.lang.String yes
231209 110139.188|INFO|Thread-65126|dumpPacket|   key: CLIENT_ID is: edu.csus.ecs.pc2.core.model.ClientId JUDGE10 @ site 1
231209 110139.189|INFO|Thread-65126|info| receiveObject(S) end   got Packet[CLARIFICATION_ANSWER_UPDATE] #4469 SERVER0 @ site 1 -> SERVER0 @ site 0
231209 110446.727|INFO|Thread-65245|info| receiveObject(S) start got Packet[CLARIFICATION_ANSWER_UPDATE] #4608 SERVER0 @ site 1 -> SERVER0 @ site 0
231209 110446.728|INFO|Thread-65245|dumpPacket|Packet CLARIFICATION_ANSWER_UPDATE (Seq #4608, o#4608 ) recieveObject
231209 110446.728|INFO|Thread-65245|dumpPacket|  From: SERVER0 @ site 1, oSERVER0 @ site 1 (DESKTOP-D75BQTV @ 212.212.212.212) (Contest Id: RealDeal--1957769244132597914)
231209 110446.728|INFO|Thread-65245|dumpPacket|    To: SERVER0 @ site 0
231209 110446.728|INFO|Thread-65245|dumpPacket|   key: CLARIFICATION is: edu.csus.ecs.pc2.core.model.Clarification Clarification 6 ANSWERED from TEAM117 @ site 1 at 20 id=Clarification-7620427522712153602
231209 110446.728|INFO|Thread-65245|dumpPacket|   key: CLARIFICATION_ANSWER is: java.lang.String There may be.
231209 110446.728|INFO|Thread-65245|dumpPacket|   key: CLIENT_ID is: edu.csus.ecs.pc2.core.model.ClientId ADMINISTRATOR1 @ site 1
231209 110446.728|INFO|Thread-65245|info|handlePacket start Packet[CLARIFICATION_ANSWER_UPDATE] #4608 SERVER0 @ site 1 -> SERVER0 @ site 0
231209 110446.728|INFO|Thread-65245|dumpPacket|Packet CLARIFICATION_ANSWER_UPDATE (Seq #4608, o#4608 ) handlePacket
231209 110446.728|INFO|Thread-65245|dumpPacket|  From: SERVER0 @ site 1, oSERVER0 @ site 1 (DESKTOP-D75BQTV @ 212.212.212.212) (Contest Id: RealDeal--1957769244132597914)
231209 110446.728|INFO|Thread-65245|dumpPacket|    To: SERVER0 @ site 0
231209 110446.728|INFO|Thread-65245|dumpPacket|   key: CLARIFICATION is: edu.csus.ecs.pc2.core.model.Clarification Clarification 6 ANSWERED from TEAM117 @ site 1 at 20 id=Clarification-7620427522712153602
231209 110446.728|INFO|Thread-65245|dumpPacket|   key: CLARIFICATION_ANSWER is: java.lang.String There may be.
231209 110446.728|INFO|Thread-65245|dumpPacket|   key: CLIENT_ID is: edu.csus.ecs.pc2.core.model.ClientId ADMINISTRATOR1 @ site 1
231209 110446.760|INFO|Thread-65245|info| receiveObject(S) end   got Packet[CLARIFICATION_ANSWER_UPDATE] #4608 SERVER0 @ site 1 -> SERVER0 @ site 0
231209 110645.399|INFO|Thread-65399|info| receiveObject(S) start got Packet[UPDATE_SETTING] #4698 SERVER0 @ site 1 -> SERVER0 @ site 0
231209 110645.399|INFO|Thread-65399|dumpPacket|Packet UPDATE_SETTING (Seq #4698, o#139 ) recieveObject
231209 110645.399|INFO|Thread-65399|dumpPacket|  From: SERVER0 @ site 1, oADMINISTRATOR1 @ site 1 (DESKTOP-D75BQTV @ 212.212.212.212) (Contest Id: RealDeal--1957769244132597914)
231209 110645.399|INFO|Thread-65399|dumpPacket|    To: SERVER0 @ site 0
231209 110645.399|INFO|Thread-65399|dumpPacket|   key: PROBLEM is: edu.csus.ecs.pc2.core.model.Problem Shuffle
231209 110645.399|INFO|Thread-65399|info|handlePacket start Packet[UPDATE_SETTING] #4698 SERVER0 @ site 1 -> SERVER0 @ site 0
231209 110645.399|INFO|Thread-65399|dumpPacket|Packet UPDATE_SETTING (Seq #4698, o#139 ) handlePacket
231209 110645.399|INFO|Thread-65399|dumpPacket|  From: SERVER0 @ site 1, oADMINISTRATOR1 @ site 1 (DESKTOP-D75BQTV @ 212.212.212.212) (Contest Id: RealDeal--1957769244132597914)
231209 110645.399|INFO|Thread-65399|dumpPacket|    To: SERVER0 @ site 0
231209 110645.399|INFO|Thread-65399|dumpPacket|   key: PROBLEM is: edu.csus.ecs.pc2.core.model.Problem Shuffle
231209 110645.399|INFO|Thread-65399|info|handlePacket end Packet[UPDATE_SETTING] #4698 SERVER0 @ site 1 -> SERVER0 @ site 0
231209 110645.421|INFO|Thread-65399|info| receiveObject(S) end   got Packet[UPDATE_SETTING] #4698 SERVER0 @ site 1 -> SERVER0 @ site 0
231209 111315.701|INFO|Thread-65641|info| receiveObject(S) start got Packet[CLARIFICATION_ANSWER_UPDATE] #4919 SERVER0 @ site 1 -> SERVER0 @ site 0
231209 111315.701|INFO|Thread-65641|dumpPacket|Packet CLARIFICATION_ANSWER_UPDATE (Seq #4919, o#4919 ) recieveObject
231209 111315.701|INFO|Thread-65641|dumpPacket|  From: SERVER0 @ site 1, oSERVER0 @ site 1 (DESKTOP-D75BQTV @ 212.212.212.212) (Contest Id: RealDeal--1957769244132597914)
231209 111315.701|INFO|Thread-65641|dumpPacket|    To: SERVER0 @ site 0
231209 111315.701|INFO|Thread-65641|dumpPacket|   key: CLARIFICATION is: edu.csus.ecs.pc2.core.model.Clarification Clarification 9 ANSWERED from TEAM75 @ site 1 at 27 id=Clarification-2320838978162202316
231209 111315.701|INFO|Thread-65641|dumpPacket|   key: CLARIFICATION_ANSWER is: java.lang.String No response, read problem statement
231209 111315.701|INFO|Thread-65641|dumpPacket|   key: CLIENT_ID is: edu.csus.ecs.pc2.core.model.ClientId ADMINISTRATOR1 @ site 1
231209 111315.701|INFO|Thread-65641|info|handlePacket start Packet[CLARIFICATION_ANSWER_UPDATE] #4919 SERVER0 @ site 1 -> SERVER0 @ site 0
231209 111315.701|INFO|Thread-65641|dumpPacket|Packet CLARIFICATION_ANSWER_UPDATE (Seq #4919, o#4919 ) handlePacket
231209 111315.701|INFO|Thread-65641|dumpPacket|  From: SERVER0 @ site 1, oSERVER0 @ site 1 (DESKTOP-D75BQTV @ 212.212.212.212) (Contest Id: RealDeal--1957769244132597914)
231209 111315.701|INFO|Thread-65641|dumpPacket|    To: SERVER0 @ site 0
231209 111315.701|INFO|Thread-65641|dumpPacket|   key: CLARIFICATION is: edu.csus.ecs.pc2.core.model.Clarification Clarification 9 ANSWERED from TEAM75 @ site 1 at 27 id=Clarification-2320838978162202316
231209 111315.701|INFO|Thread-65641|dumpPacket|   key: CLARIFICATION_ANSWER is: java.lang.String No response, read problem statement
231209 111315.701|INFO|Thread-65641|dumpPacket|   key: CLIENT_ID is: edu.csus.ecs.pc2.core.model.ClientId ADMINISTRATOR1 @ site 1
231209 111315.701|INFO|Thread-65641|info| receiveObject(S) end   got Packet[CLARIFICATION_ANSWER_UPDATE] #4919 SERVER0 @ site 1 -> SERVER0 @ site 0
231209 111459.794|INFO|Thread-65778|info| receiveObject(S) start got Packet[CLARIFICATION_ANSWER_UPDATE] #4991 SERVER0 @ site 1 -> SERVER0 @ site 0
231209 111459.795|INFO|Thread-65778|dumpPacket|Packet CLARIFICATION_ANSWER_UPDATE (Seq #4991, o#4991 ) recieveObject
231209 111459.795|INFO|Thread-65778|dumpPacket|  From: SERVER0 @ site 1, oSERVER0 @ site 1 (DESKTOP-D75BQTV @ 212.212.212.212) (Contest Id: RealDeal--1957769244132597914)
231209 111459.795|INFO|Thread-65778|dumpPacket|    To: SERVER0 @ site 0
231209 111459.795|INFO|Thread-65778|dumpPacket|   key: CLARIFICATION is: edu.csus.ecs.pc2.core.model.Clarification Clarification 10 ANSWERED from TEAM81 @ site 1 at 28 id=Clarification--5973036823618156599
231209 111459.795|INFO|Thread-65778|dumpPacket|   key: CLARIFICATION_ANSWER is: java.lang.String It is 3/4 a cup of butter
231209 111459.795|INFO|Thread-65778|dumpPacket|   key: CLIENT_ID is: edu.csus.ecs.pc2.core.model.ClientId JUDGE10 @ site 1
231209 111459.795|INFO|Thread-65778|info|handlePacket start Packet[CLARIFICATION_ANSWER_UPDATE] #4991 SERVER0 @ site 1 -> SERVER0 @ site 0
231209 111459.795|INFO|Thread-65778|dumpPacket|Packet CLARIFICATION_ANSWER_UPDATE (Seq #4991, o#4991 ) handlePacket
231209 111459.795|INFO|Thread-65778|dumpPacket|  From: SERVER0 @ site 1, oSERVER0 @ site 1 (DESKTOP-D75BQTV @ 212.212.212.212) (Contest Id: RealDeal--1957769244132597914)
231209 111459.796|INFO|Thread-65778|dumpPacket|    To: SERVER0 @ site 0
231209 111459.796|INFO|Thread-65778|dumpPacket|   key: CLARIFICATION is: edu.csus.ecs.pc2.core.model.Clarification Clarification 10 ANSWERED from TEAM81 @ site 1 at 28 id=Clarification--5973036823618156599
231209 111459.796|INFO|Thread-65778|dumpPacket|   key: CLARIFICATION_ANSWER is: java.lang.String It is 3/4 a cup of butter
231209 111459.796|INFO|Thread-65778|dumpPacket|   key: CLIENT_ID is: edu.csus.ecs.pc2.core.model.ClientId JUDGE10 @ site 1
231209 111459.844|INFO|Thread-65778|info| receiveObject(S) end   got Packet[CLARIFICATION_ANSWER_UPDATE] #4991 SERVER0 @ site 1 -> SERVER0 @ site 0
231209 112055.002|INFO|qtp135640095-65024|sendToLocalServer|Sending packet to server Packet[RUN_SUBMISSION] #940 TEAM114 @ site 1 -> SERVER0 @ site 1
231209 112055.002|INFO|qtp135640095-65024|sendToLocalServer|Sent    packet to server Packet[RUN_SUBMISSION] #940 TEAM114 @ site 1 -> SERVER0 @ site 1
231209 112055.140|INFO|Thread-65898|info| receiveObject(S) start got Packet[RUN_SUBMISSION_CONFIRM] #5208 SERVER0 @ site 1 -> TEAM114 @ site 1
231209 112055.140|INFO|Thread-65898|dumpPacket|Packet RUN_SUBMISSION_CONFIRM (Seq #5208, o#5208 ) recieveObject
231209 112055.140|INFO|Thread-65898|dumpPacket|  From: SERVER0 @ site 1, oSERVER0 @ site 1 (DESKTOP-D75BQTV @ 212.212.212.212) (Contest Id: RealDeal--1957769244132597914)
231209 112055.140|INFO|Thread-65898|dumpPacket|    To: TEAM114 @ site 1
231209 112055.140|INFO|Thread-65898|dumpPacket|   key: RUN is: edu.csus.ecs.pc2.core.model.Run Run 178 NEW 37 min 2234274ms from TEAM114 @ site 1 id Run--5783967092833846735 problem Slow_Math--3774445497254703998 lang Java--8800253324652192008
231209 112055.140|INFO|Thread-65898|info|handlePacket start Packet[RUN_SUBMISSION_CONFIRM] #5208 SERVER0 @ site 1 -> TEAM114 @ site 1
231209 112055.140|INFO|Thread-65898|dumpPacket|Packet RUN_SUBMISSION_CONFIRM (Seq #5208, o#5208 ) handlePacket
231209 112055.140|INFO|Thread-65898|dumpPacket|  From: SERVER0 @ site 1, oSERVER0 @ site 1 (DESKTOP-D75BQTV @ 212.212.212.212) (Contest Id: RealDeal--1957769244132597914)
231209 112055.140|INFO|Thread-65898|dumpPacket|    To: TEAM114 @ site 1
231209 112055.140|INFO|Thread-65898|dumpPacket|   key: RUN is: edu.csus.ecs.pc2.core.model.Run Run 178 NEW 37 min 2234274ms from TEAM114 @ site 1 id Run--5783967092833846735 problem Slow_Math--3774445497254703998 lang Java--8800253324652192008
231209 112055.140|INFO|Thread-65898|info| receiveObject(S) end   got Packet[RUN_SUBMISSION_CONFIRM] #5208 SERVER0 @ site 1 -> TEAM114 @ site 1
231209 112101.483|INFO|Thread-65904|info| receiveObject(S) start got Packet[RUN_JUDGEMENT] #5223 SERVER0 @ site 1 -> TEAM114 @ site 1
231209 112101.483|INFO|Thread-65904|dumpPacket|Packet RUN_JUDGEMENT (Seq #5223, o#5223 ) recieveObject
231209 112101.483|INFO|Thread-65904|dumpPacket|  From: SERVER0 @ site 1, oSERVER0 @ site 1 (DESKTOP-D75BQTV @ 212.212.212.212) (Contest Id: RealDeal--1957769244132597914)
231209 112101.483|INFO|Thread-65904|dumpPacket|    To: TEAM114 @ site 1
231209 112101.483|INFO|Thread-65904|dumpPacket|   key: JUDGEMENT_RECORD is: edu.csus.ecs.pc2.core.model.JudgementRecord Yes by JUDGE3 @ site 1 judgement Yes-2915828768858405923 id JudgementRecord--4059307469782006179
231209 112101.483|INFO|Thread-65904|dumpPacket|   key: RUN is: edu.csus.ecs.pc2.core.model.Run Run 178 JUDGED 37 min 2234274ms from TEAM114 @ site 1 id Run--5783967092833846735 problem Slow_Math--3774445497254703998 lang Java--8800253324652192008
231209 112101.483|INFO|Thread-65904|dumpPacket|   key: CLIENT_ID is: edu.csus.ecs.pc2.core.model.ClientId SERVER0 @ site 1
231209 112101.483|INFO|Thread-65904|info|handlePacket start Packet[RUN_JUDGEMENT] #5223 SERVER0 @ site 1 -> TEAM114 @ site 1
231209 112101.483|INFO|Thread-65904|dumpPacket|Packet RUN_JUDGEMENT (Seq #5223, o#5223 ) handlePacket
231209 112101.483|INFO|Thread-65904|dumpPacket|  From: SERVER0 @ site 1, oSERVER0 @ site 1 (DESKTOP-D75BQTV @ 212.212.212.212) (Contest Id: RealDeal--1957769244132597914)
231209 112101.483|INFO|Thread-65904|dumpPacket|    To: TEAM114 @ site 1
231209 112101.483|INFO|Thread-65904|dumpPacket|   key: JUDGEMENT_RECORD is: edu.csus.ecs.pc2.core.model.JudgementRecord Yes by JUDGE3 @ site 1 judgement Yes-2915828768858405923 id JudgementRecord--4059307469782006179
231209 112101.483|INFO|Thread-65904|dumpPacket|   key: RUN is: edu.csus.ecs.pc2.core.model.Run Run 178 JUDGED 37 min 2234274ms from TEAM114 @ site 1 id Run--5783967092833846735 problem Slow_Math--3774445497254703998 lang Java--8800253324652192008
231209 112101.483|INFO|Thread-65904|dumpPacket|   key: CLIENT_ID is: edu.csus.ecs.pc2.core.model.ClientId SERVER0 @ site 1
231209 112101.490|INFO|Thread-65904|info| receiveObject(S) end   got Packet[RUN_JUDGEMENT] #5223 SERVER0 @ site 1 -> TEAM114 @ site 1
231209 113534.544|INFO|qtp135640095-65908|sendToLocalServer|Sending packet to server Packet[RUN_SUBMISSION] #1041 TEAM114 @ site 1 -> SERVER0 @ site 1
231209 113534.552|INFO|qtp135640095-65908|sendToLocalServer|Sent    packet to server Packet[RUN_SUBMISSION] #1041 TEAM114 @ site 1 -> SERVER0 @ site 1
231209 113534.692|INFO|Thread-66210|info| receiveObject(S) start got Packet[RUN_SUBMISSION_CONFIRM] #5835 SERVER0 @ site 1 -> TEAM114 @ site 1
231209 113534.692|INFO|Thread-66210|dumpPacket|Packet RUN_SUBMISSION_CONFIRM (Seq #5835, o#5835 ) recieveObject
231209 113534.692|INFO|Thread-66210|dumpPacket|  From: SERVER0 @ site 1, oSERVER0 @ site 1 (DESKTOP-D75BQTV @ 212.212.212.212) (Contest Id: RealDeal--1957769244132597914)
231209 113534.692|INFO|Thread-66210|dumpPacket|    To: TEAM114 @ site 1
231209 113534.692|INFO|Thread-66210|dumpPacket|   key: RUN is: edu.csus.ecs.pc2.core.model.Run Run 273 NEW 51 min 3113825ms from TEAM114 @ site 1 id Run-641254497747346454 problem Missing_Cat--8325778690036057049 lang Java--8800253324652192008
231209 113534.692|INFO|Thread-66210|info|handlePacket start Packet[RUN_SUBMISSION_CONFIRM] #5835 SERVER0 @ site 1 -> TEAM114 @ site 1
231209 113534.692|INFO|Thread-66210|dumpPacket|Packet RUN_SUBMISSION_CONFIRM (Seq #5835, o#5835 ) handlePacket
231209 113534.692|INFO|Thread-66210|dumpPacket|  From: SERVER0 @ site 1, oSERVER0 @ site 1 (DESKTOP-D75BQTV @ 212.212.212.212) (Contest Id: RealDeal--1957769244132597914)
231209 113534.692|INFO|Thread-66210|dumpPacket|    To: TEAM114 @ site 1
231209 113534.692|INFO|Thread-66210|dumpPacket|   key: RUN is: edu.csus.ecs.pc2.core.model.Run Run 273 NEW 51 min 3113825ms from TEAM114 @ site 1 id Run-641254497747346454 problem Missing_Cat--8325778690036057049 lang Java--8800253324652192008
231209 113534.692|INFO|Thread-66210|info| receiveObject(S) end   got Packet[RUN_SUBMISSION_CONFIRM] #5835 SERVER0 @ site 1 -> TEAM114 @ site 1
231209 113616.278|INFO|Thread-66222|info| receiveObject(S) start got Packet[RUN_JUDGEMENT] #5858 SERVER0 @ site 1 -> TEAM114 @ site 1
231209 113616.278|INFO|Thread-66222|dumpPacket|Packet RUN_JUDGEMENT (Seq #5858, o#5858 ) recieveObject
231209 113616.278|INFO|Thread-66222|dumpPacket|  From: SERVER0 @ site 1, oSERVER0 @ site 1 (DESKTOP-D75BQTV @ 212.212.212.212) (Contest Id: RealDeal--1957769244132597914)
231209 113616.278|INFO|Thread-66222|dumpPacket|    To: TEAM114 @ site 1
231209 113616.278|INFO|Thread-66222|dumpPacket|   key: JUDGEMENT_RECORD is: edu.csus.ecs.pc2.core.model.JudgementRecord No by JUDGE2 @ site 1 judgement No_-_Wrong_Answer-7097647880754622437 id JudgementRecord-3588113650912595403
231209 113616.278|INFO|Thread-66222|dumpPacket|   key: RUN is: edu.csus.ecs.pc2.core.model.Run Run 273 JUDGED 51 min 3113825ms from TEAM114 @ site 1 id Run-641254497747346454 problem Missing_Cat--8325778690036057049 lang Java--8800253324652192008
231209 113616.278|INFO|Thread-66222|dumpPacket|   key: CLIENT_ID is: edu.csus.ecs.pc2.core.model.ClientId SERVER0 @ site 1
231209 113616.281|INFO|Thread-66222|info|handlePacket start Packet[RUN_JUDGEMENT] #5858 SERVER0 @ site 1 -> TEAM114 @ site 1
231209 113616.281|INFO|Thread-66222|dumpPacket|Packet RUN_JUDGEMENT (Seq #5858, o#5858 ) handlePacket
231209 113616.281|INFO|Thread-66222|dumpPacket|  From: SERVER0 @ site 1, oSERVER0 @ site 1 (DESKTOP-D75BQTV @ 212.212.212.212) (Contest Id: RealDeal--1957769244132597914)
231209 113616.281|INFO|Thread-66222|dumpPacket|    To: TEAM114 @ site 1
231209 113616.281|INFO|Thread-66222|dumpPacket|   key: JUDGEMENT_RECORD is: edu.csus.ecs.pc2.core.model.JudgementRecord No by JUDGE2 @ site 1 judgement No_-_Wrong_Answer-7097647880754622437 id JudgementRecord-3588113650912595403
231209 113616.281|INFO|Thread-66222|dumpPacket|   key: RUN is: edu.csus.ecs.pc2.core.model.Run Run 273 JUDGED 51 min 3113825ms from TEAM114 @ site 1 id Run-641254497747346454 problem Missing_Cat--8325778690036057049 lang Java--8800253324652192008
231209 113616.281|INFO|Thread-66222|dumpPacket|   key: CLIENT_ID is: edu.csus.ecs.pc2.core.model.ClientId SERVER0 @ site 1
231209 113616.282|INFO|Thread-66222|info| receiveObject(S) end   got Packet[RUN_JUDGEMENT] #5858 SERVER0 @ site 1 -> TEAM114 @ site 1
231209 114005.865|INFO|qtp135640095-66044|sendToLocalServer|Sending packet to server Packet[RUN_SUBMISSION] #1067 TEAM114 @ site 1 -> SERVER0 @ site 1
231209 114005.865|INFO|qtp135640095-66044|sendToLocalServer|Sent    packet to server Packet[RUN_SUBMISSION] #1067 TEAM114 @ site 1 -> SERVER0 @ site 1
231209 114006.015|INFO|Thread-66290|info| receiveObject(S) start got Packet[RUN_SUBMISSION_CONFIRM] #5995 SERVER0 @ site 1 -> TEAM114 @ site 1
231209 114006.015|INFO|Thread-66290|dumpPacket|Packet RUN_SUBMISSION_CONFIRM (Seq #5995, o#5995 ) recieveObject
231209 114006.015|INFO|Thread-66290|dumpPacket|  From: SERVER0 @ site 1, oSERVER0 @ site 1 (DESKTOP-D75BQTV @ 212.212.212.212) (Contest Id: RealDeal--1957769244132597914)
231209 114006.015|INFO|Thread-66290|dumpPacket|    To: TEAM114 @ site 1
231209 114006.015|INFO|Thread-66290|dumpPacket|   key: RUN is: edu.csus.ecs.pc2.core.model.Run Run 298 NEW 56 min 3385140ms from TEAM114 @ site 1 id Run--283273976742165654 problem Missing_Cat--8325778690036057049 lang Java--8800253324652192008
231209 114006.015|INFO|Thread-66290|info|handlePacket start Packet[RUN_SUBMISSION_CONFIRM] #5995 SERVER0 @ site 1 -> TEAM114 @ site 1
231209 114006.015|INFO|Thread-66290|dumpPacket|Packet RUN_SUBMISSION_CONFIRM (Seq #5995, o#5995 ) handlePacket
231209 114006.015|INFO|Thread-66290|dumpPacket|  From: SERVER0 @ site 1, oSERVER0 @ site 1 (DESKTOP-D75BQTV @ 212.212.212.212) (Contest Id: RealDeal--1957769244132597914)
231209 114006.015|INFO|Thread-66290|dumpPacket|    To: TEAM114 @ site 1
231209 114006.015|INFO|Thread-66290|dumpPacket|   key: RUN is: edu.csus.ecs.pc2.core.model.Run Run 298 NEW 56 min 3385140ms from TEAM114 @ site 1 id Run--283273976742165654 problem Missing_Cat--8325778690036057049 lang Java--8800253324652192008
231209 114006.015|INFO|Thread-66290|info| receiveObject(S) end   got Packet[RUN_SUBMISSION_CONFIRM] #5995 SERVER0 @ site 1 -> TEAM114 @ site 1
231209 114022.235|INFO|Thread-66299|info| receiveObject(S) start got Packet[RUN_JUDGEMENT] #6013 SERVER0 @ site 1 -> TEAM114 @ site 1
231209 114022.235|INFO|Thread-66299|dumpPacket|Packet RUN_JUDGEMENT (Seq #6013, o#6013 ) recieveObject
231209 114022.235|INFO|Thread-66299|dumpPacket|  From: SERVER0 @ site 1, oSERVER0 @ site 1 (DESKTOP-D75BQTV @ 212.212.212.212) (Contest Id: RealDeal--1957769244132597914)
231209 114022.235|INFO|Thread-66299|dumpPacket|    To: TEAM114 @ site 1
231209 114022.243|INFO|Thread-66299|dumpPacket|   key: JUDGEMENT_RECORD is: edu.csus.ecs.pc2.core.model.JudgementRecord No by JUDGE3 @ site 1 judgement No_-_Wrong_Answer-7097647880754622437 id JudgementRecord-4548115820515704843
231209 114022.243|INFO|Thread-66299|dumpPacket|   key: RUN is: edu.csus.ecs.pc2.core.model.Run Run 298 JUDGED 56 min 3385140ms from TEAM114 @ site 1 id Run--283273976742165654 problem Missing_Cat--8325778690036057049 lang Java--8800253324652192008
231209 114022.243|INFO|Thread-66299|dumpPacket|   key: CLIENT_ID is: edu.csus.ecs.pc2.core.model.ClientId SERVER0 @ site 1
231209 114022.243|INFO|Thread-66299|info|handlePacket start Packet[RUN_JUDGEMENT] #6013 SERVER0 @ site 1 -> TEAM114 @ site 1
231209 114022.243|INFO|Thread-66299|dumpPacket|Packet RUN_JUDGEMENT (Seq #6013, o#6013 ) handlePacket
231209 114022.243|INFO|Thread-66299|dumpPacket|  From: SERVER0 @ site 1, oSERVER0 @ site 1 (DESKTOP-D75BQTV @ 212.212.212.212) (Contest Id: RealDeal--1957769244132597914)
231209 114022.243|INFO|Thread-66299|dumpPacket|    To: TEAM114 @ site 1
231209 114022.243|INFO|Thread-66299|dumpPacket|   key: JUDGEMENT_RECORD is: edu.csus.ecs.pc2.core.model.JudgementRecord No by JUDGE3 @ site 1 judgement No_-_Wrong_Answer-7097647880754622437 id JudgementRecord-4548115820515704843
231209 114022.243|INFO|Thread-66299|dumpPacket|   key: RUN is: edu.csus.ecs.pc2.core.model.Run Run 298 JUDGED 56 min 3385140ms from TEAM114 @ site 1 id Run--283273976742165654 problem Missing_Cat--8325778690036057049 lang Java--8800253324652192008
231209 114022.243|INFO|Thread-66299|dumpPacket|   key: CLIENT_ID is: edu.csus.ecs.pc2.core.model.ClientId SERVER0 @ site 1
231209 114022.243|INFO|Thread-66299|info| receiveObject(S) end   got Packet[RUN_JUDGEMENT] #6013 SERVER0 @ site 1 -> TEAM114 @ site 1
231209 114712.724|INFO|qtp135640095-66413|sendToLocalServer|Sending packet to server Packet[RUN_SUBMISSION] #1117 TEAM114 @ site 1 -> SERVER0 @ site 1
231209 114712.724|INFO|qtp135640095-66413|sendToLocalServer|Sent    packet to server Packet[RUN_SUBMISSION] #1117 TEAM114 @ site 1 -> SERVER0 @ site 1
231209 114712.887|INFO|Thread-66446|info| receiveObject(S) start got Packet[RUN_SUBMISSION_CONFIRM] #6316 SERVER0 @ site 1 -> TEAM114 @ site 1
231209 114712.887|INFO|Thread-66446|dumpPacket|Packet RUN_SUBMISSION_CONFIRM (Seq #6316, o#6316 ) recieveObject
231209 114712.887|INFO|Thread-66446|dumpPacket|  From: SERVER0 @ site 1, oSERVER0 @ site 1 (DESKTOP-D75BQTV @ 212.212.212.212) (Contest Id: RealDeal--1957769244132597914)
231209 114712.887|INFO|Thread-66446|dumpPacket|    To: TEAM114 @ site 1
231209 114712.887|INFO|Thread-66446|dumpPacket|   key: RUN is: edu.csus.ecs.pc2.core.model.Run Run 346 NEW 63 min 3812001ms from TEAM114 @ site 1 id Run--6241970662299770102 problem Espresso--8279138056088281247 lang Java--8800253324652192008
231209 114712.887|INFO|Thread-66446|info|handlePacket start Packet[RUN_SUBMISSION_CONFIRM] #6316 SERVER0 @ site 1 -> TEAM114 @ site 1
231209 114712.887|INFO|Thread-66446|dumpPacket|Packet RUN_SUBMISSION_CONFIRM (Seq #6316, o#6316 ) handlePacket
231209 114712.887|INFO|Thread-66446|dumpPacket|  From: SERVER0 @ site 1, oSERVER0 @ site 1 (DESKTOP-D75BQTV @ 212.212.212.212) (Contest Id: RealDeal--1957769244132597914)
231209 114712.887|INFO|Thread-66446|dumpPacket|    To: TEAM114 @ site 1
231209 114712.888|INFO|Thread-66446|dumpPacket|   key: RUN is: edu.csus.ecs.pc2.core.model.Run Run 346 NEW 63 min 3812001ms from TEAM114 @ site 1 id Run--6241970662299770102 problem Espresso--8279138056088281247 lang Java--8800253324652192008
231209 114712.888|INFO|Thread-66446|info| receiveObject(S) end   got Packet[RUN_SUBMISSION_CONFIRM] #6316 SERVER0 @ site 1 -> TEAM114 @ site 1
231209 114722.921|INFO|Thread-66447|info| receiveObject(S) start got Packet[RUN_JUDGEMENT] #6320 SERVER0 @ site 1 -> TEAM114 @ site 1
231209 114722.921|INFO|Thread-66447|dumpPacket|Packet RUN_JUDGEMENT (Seq #6320, o#6320 ) recieveObject
231209 114722.921|INFO|Thread-66447|dumpPacket|  From: SERVER0 @ site 1, oSERVER0 @ site 1 (DESKTOP-D75BQTV @ 212.212.212.212) (Contest Id: RealDeal--1957769244132597914)
231209 114722.921|INFO|Thread-66447|dumpPacket|    To: TEAM114 @ site 1
231209 114722.921|INFO|Thread-66447|dumpPacket|   key: JUDGEMENT_RECORD is: edu.csus.ecs.pc2.core.model.JudgementRecord No by JUDGE10 @ site 1 judgement No_-_Wrong_Answer-7097647880754622437 id JudgementRecord--537986211646948079
231209 114722.921|INFO|Thread-66447|dumpPacket|   key: RUN is: edu.csus.ecs.pc2.core.model.Run Run 346 JUDGED 63 min 3812001ms from TEAM114 @ site 1 id Run--6241970662299770102 problem Espresso--8279138056088281247 lang Java--8800253324652192008
231209 114722.921|INFO|Thread-66447|dumpPacket|   key: CLIENT_ID is: edu.csus.ecs.pc2.core.model.ClientId SERVER0 @ site 1
231209 114722.921|INFO|Thread-66447|info|handlePacket start Packet[RUN_JUDGEMENT] #6320 SERVER0 @ site 1 -> TEAM114 @ site 1
231209 114722.921|INFO|Thread-66447|dumpPacket|Packet RUN_JUDGEMENT (Seq #6320, o#6320 ) handlePacket
231209 114722.921|INFO|Thread-66447|dumpPacket|  From: SERVER0 @ site 1, oSERVER0 @ site 1 (DESKTOP-D75BQTV @ 212.212.212.212) (Contest Id: RealDeal--1957769244132597914)
231209 114722.921|INFO|Thread-66447|dumpPacket|    To: TEAM114 @ site 1
231209 114722.921|INFO|Thread-66447|dumpPacket|   key: JUDGEMENT_RECORD is: edu.csus.ecs.pc2.core.model.JudgementRecord No by JUDGE10 @ site 1 judgement No_-_Wrong_Answer-7097647880754622437 id JudgementRecord--537986211646948079
231209 114722.921|INFO|Thread-66447|dumpPacket|   key: RUN is: edu.csus.ecs.pc2.core.model.Run Run 346 JUDGED 63 min 3812001ms from TEAM114 @ site 1 id Run--6241970662299770102 problem Espresso--8279138056088281247 lang Java--8800253324652192008
231209 114722.921|INFO|Thread-66447|dumpPacket|   key: CLIENT_ID is: edu.csus.ecs.pc2.core.model.ClientId SERVER0 @ site 1
231209 114722.921|INFO|Thread-66447|info| receiveObject(S) end   got Packet[RUN_JUDGEMENT] #6320 SERVER0 @ site 1 -> TEAM114 @ site 1
231209 114812.418|INFO|qtp135640095-66378|sendToLocalServer|Sending packet to server Packet[RUN_SUBMISSION] #1122 TEAM114 @ site 1 -> SERVER0 @ site 1
231209 114812.418|INFO|qtp135640095-66378|sendToLocalServer|Sent    packet to server Packet[RUN_SUBMISSION] #1122 TEAM114 @ site 1 -> SERVER0 @ site 1
231209 114812.585|INFO|Thread-66460|info| receiveObject(S) start got Packet[RUN_SUBMISSION_CONFIRM] #6347 SERVER0 @ site 1 -> TEAM114 @ site 1
231209 114812.585|INFO|Thread-66460|dumpPacket|Packet RUN_SUBMISSION_CONFIRM (Seq #6347, o#6347 ) recieveObject
231209 114812.585|INFO|Thread-66460|dumpPacket|  From: SERVER0 @ site 1, oSERVER0 @ site 1 (DESKTOP-D75BQTV @ 212.212.212.212) (Contest Id: RealDeal--1957769244132597914)
231209 114812.585|INFO|Thread-66460|dumpPacket|    To: TEAM114 @ site 1
231209 114812.585|INFO|Thread-66460|dumpPacket|   key: RUN is: edu.csus.ecs.pc2.core.model.Run Run 351 NEW 64 min 3871691ms from TEAM114 @ site 1 id Run-5554851456519765557 problem Missing_Cat--8325778690036057049 lang Java--8800253324652192008
231209 114812.585|INFO|Thread-66460|info|handlePacket start Packet[RUN_SUBMISSION_CONFIRM] #6347 SERVER0 @ site 1 -> TEAM114 @ site 1
231209 114812.585|INFO|Thread-66460|dumpPacket|Packet RUN_SUBMISSION_CONFIRM (Seq #6347, o#6347 ) handlePacket
231209 114812.585|INFO|Thread-66460|dumpPacket|  From: SERVER0 @ site 1, oSERVER0 @ site 1 (DESKTOP-D75BQTV @ 212.212.212.212) (Contest Id: RealDeal--1957769244132597914)
231209 114812.585|INFO|Thread-66460|dumpPacket|    To: TEAM114 @ site 1
231209 114812.585|INFO|Thread-66460|dumpPacket|   key: RUN is: edu.csus.ecs.pc2.core.model.Run Run 351 NEW 64 min 3871691ms from TEAM114 @ site 1 id Run-5554851456519765557 problem Missing_Cat--8325778690036057049 lang Java--8800253324652192008
231209 114812.585|INFO|Thread-66460|info| receiveObject(S) end   got Packet[RUN_SUBMISSION_CONFIRM] #6347 SERVER0 @ site 1 -> TEAM114 @ site 1
231209 114833.993|INFO|Thread-66482|info| receiveObject(S) start got Packet[RUN_JUDGEMENT] #6387 SERVER0 @ site 1 -> TEAM114 @ site 1
231209 114833.993|INFO|Thread-66482|dumpPacket|Packet RUN_JUDGEMENT (Seq #6387, o#6387 ) recieveObject
231209 114833.993|INFO|Thread-66482|dumpPacket|  From: SERVER0 @ site 1, oSERVER0 @ site 1 (DESKTOP-D75BQTV @ 212.212.212.212) (Contest Id: RealDeal--1957769244132597914)
231209 114833.993|INFO|Thread-66482|dumpPacket|    To: TEAM114 @ site 1
231209 114833.993|INFO|Thread-66482|dumpPacket|   key: JUDGEMENT_RECORD is: edu.csus.ecs.pc2.core.model.JudgementRecord No by JUDGE1 @ site 1 judgement No_-_Wrong_Answer-7097647880754622437 id JudgementRecord--9008425670355994496
231209 114833.993|INFO|Thread-66482|dumpPacket|   key: RUN is: edu.csus.ecs.pc2.core.model.Run Run 351 JUDGED 64 min 3871691ms from TEAM114 @ site 1 id Run-5554851456519765557 problem Missing_Cat--8325778690036057049 lang Java--8800253324652192008
231209 114833.993|INFO|Thread-66482|dumpPacket|   key: CLIENT_ID is: edu.csus.ecs.pc2.core.model.ClientId SERVER0 @ site 1
231209 114833.993|INFO|Thread-66482|info|handlePacket start Packet[RUN_JUDGEMENT] #6387 SERVER0 @ site 1 -> TEAM114 @ site 1
231209 114833.993|INFO|Thread-66482|dumpPacket|Packet RUN_JUDGEMENT (Seq #6387, o#6387 ) handlePacket
231209 114833.993|INFO|Thread-66482|dumpPacket|  From: SERVER0 @ site 1, oSERVER0 @ site 1 (DESKTOP-D75BQTV @ 212.212.212.212) (Contest Id: RealDeal--1957769244132597914)
231209 114833.993|INFO|Thread-66482|dumpPacket|    To: TEAM114 @ site 1
231209 114833.993|INFO|Thread-66482|dumpPacket|   key: JUDGEMENT_RECORD is: edu.csus.ecs.pc2.core.model.JudgementRecord No by JUDGE1 @ site 1 judgement No_-_Wrong_Answer-7097647880754622437 id JudgementRecord--9008425670355994496
231209 114833.993|INFO|Thread-66482|dumpPacket|   key: RUN is: edu.csus.ecs.pc2.core.model.Run Run 351 JUDGED 64 min 3871691ms from TEAM114 @ site 1 id Run-5554851456519765557 problem Missing_Cat--8325778690036057049 lang Java--8800253324652192008
231209 114833.993|INFO|Thread-66482|dumpPacket|   key: CLIENT_ID is: edu.csus.ecs.pc2.core.model.ClientId SERVER0 @ site 1
231209 114833.993|INFO|Thread-66482|info| receiveObject(S) end   got Packet[RUN_JUDGEMENT] #6387 SERVER0 @ site 1 -> TEAM114 @ site 1
231209 115135.537|INFO|qtp135640095-66299|sendToLocalServer|Sending packet to server Packet[RUN_SUBMISSION] #1160 TEAM114 @ site 1 -> SERVER0 @ site 1
231209 115135.537|INFO|qtp135640095-66299|sendToLocalServer|Sent    packet to server Packet[RUN_SUBMISSION] #1160 TEAM114 @ site 1 -> SERVER0 @ site 1
231209 115135.804|INFO|Thread-66575|info| receiveObject(S) start got Packet[RUN_SUBMISSION_CONFIRM] #6570 SERVER0 @ site 1 -> TEAM114 @ site 1
231209 115135.804|INFO|Thread-66575|dumpPacket|Packet RUN_SUBMISSION_CONFIRM (Seq #6570, o#6570 ) recieveObject
231209 115135.804|INFO|Thread-66575|dumpPacket|  From: SERVER0 @ site 1, oSERVER0 @ site 1 (DESKTOP-D75BQTV @ 212.212.212.212) (Contest Id: RealDeal--1957769244132597914)
231209 115135.804|INFO|Thread-66575|dumpPacket|    To: TEAM114 @ site 1
231209 115135.804|INFO|Thread-66575|dumpPacket|   key: RUN is: edu.csus.ecs.pc2.core.model.Run Run 383 NEW 67 min 4074817ms from TEAM114 @ site 1 id Run--3358861539617754536 problem Espresso--8279138056088281247 lang Java--8800253324652192008
231209 115135.804|INFO|Thread-66575|info|handlePacket start Packet[RUN_SUBMISSION_CONFIRM] #6570 SERVER0 @ site 1 -> TEAM114 @ site 1
231209 115135.804|INFO|Thread-66575|dumpPacket|Packet RUN_SUBMISSION_CONFIRM (Seq #6570, o#6570 ) handlePacket
231209 115135.804|INFO|Thread-66575|dumpPacket|  From: SERVER0 @ site 1, oSERVER0 @ site 1 (DESKTOP-D75BQTV @ 212.212.212.212) (Contest Id: RealDeal--1957769244132597914)
231209 115135.804|INFO|Thread-66575|dumpPacket|    To: TEAM114 @ site 1
231209 115135.804|INFO|Thread-66575|dumpPacket|   key: RUN is: edu.csus.ecs.pc2.core.model.Run Run 383 NEW 67 min 4074817ms from TEAM114 @ site 1 id Run--3358861539617754536 problem Espresso--8279138056088281247 lang Java--8800253324652192008
231209 115135.804|INFO|Thread-66575|info| receiveObject(S) end   got Packet[RUN_SUBMISSION_CONFIRM] #6570 SERVER0 @ site 1 -> TEAM114 @ site 1
231209 115144.444|INFO|Thread-66579|info| receiveObject(S) start got Packet[RUN_JUDGEMENT] #6580 SERVER0 @ site 1 -> TEAM114 @ site 1
231209 115144.444|INFO|Thread-66579|dumpPacket|Packet RUN_JUDGEMENT (Seq #6580, o#6580 ) recieveObject
231209 115144.444|INFO|Thread-66579|dumpPacket|  From: SERVER0 @ site 1, oSERVER0 @ site 1 (DESKTOP-D75BQTV @ 212.212.212.212) (Contest Id: RealDeal--1957769244132597914)
231209 115144.444|INFO|Thread-66579|dumpPacket|    To: TEAM114 @ site 1
231209 115144.444|INFO|Thread-66579|dumpPacket|   key: JUDGEMENT_RECORD is: edu.csus.ecs.pc2.core.model.JudgementRecord Yes by JUDGE3 @ site 1 judgement Yes-2915828768858405923 id JudgementRecord--7692789496461909250
231209 115144.444|INFO|Thread-66579|dumpPacket|   key: RUN is: edu.csus.ecs.pc2.core.model.Run Run 383 JUDGED 67 min 4074817ms from TEAM114 @ site 1 id Run--3358861539617754536 problem Espresso--8279138056088281247 lang Java--8800253324652192008
231209 115144.444|INFO|Thread-66579|dumpPacket|   key: CLIENT_ID is: edu.csus.ecs.pc2.core.model.ClientId SERVER0 @ site 1
231209 115144.445|INFO|Thread-66579|info|handlePacket start Packet[RUN_JUDGEMENT] #6580 SERVER0 @ site 1 -> TEAM114 @ site 1
231209 115144.445|INFO|Thread-66579|dumpPacket|Packet RUN_JUDGEMENT (Seq #6580, o#6580 ) handlePacket
231209 115144.445|INFO|Thread-66579|dumpPacket|  From: SERVER0 @ site 1, oSERVER0 @ site 1 (DESKTOP-D75BQTV @ 212.212.212.212) (Contest Id: RealDeal--1957769244132597914)
231209 115144.445|INFO|Thread-66579|dumpPacket|    To: TEAM114 @ site 1
231209 115144.445|INFO|Thread-66579|dumpPacket|   key: JUDGEMENT_RECORD is: edu.csus.ecs.pc2.core.model.JudgementRecord Yes by JUDGE3 @ site 1 judgement Yes-2915828768858405923 id JudgementRecord--7692789496461909250
231209 115144.445|INFO|Thread-66579|dumpPacket|   key: RUN is: edu.csus.ecs.pc2.core.model.Run Run 383 JUDGED 67 min 4074817ms from TEAM114 @ site 1 id Run--3358861539617754536 problem Espresso--8279138056088281247 lang Java--8800253324652192008
231209 115144.445|INFO|Thread-66579|dumpPacket|   key: CLIENT_ID is: edu.csus.ecs.pc2.core.model.ClientId SERVER0 @ site 1
231209 115144.445|INFO|Thread-66579|info| receiveObject(S) end   got Packet[RUN_JUDGEMENT] #6580 SERVER0 @ site 1 -> TEAM114 @ site 1
231209 115431.528|INFO|Thread-66741|info| receiveObject(S) start got Packet[CLARIFICATION_ANSWER_UPDATE] #6720 SERVER0 @ site 1 -> SERVER0 @ site 0
231209 115431.528|INFO|Thread-66741|dumpPacket|Packet CLARIFICATION_ANSWER_UPDATE (Seq #6720, o#6720 ) recieveObject
231209 115431.528|INFO|Thread-66741|dumpPacket|  From: SERVER0 @ site 1, oSERVER0 @ site 1 (DESKTOP-D75BQTV @ 212.212.212.212) (Contest Id: RealDeal--1957769244132597914)
231209 115431.528|INFO|Thread-66741|dumpPacket|    To: SERVER0 @ site 0
231209 115431.528|INFO|Thread-66741|dumpPacket|   key: CLARIFICATION is: edu.csus.ecs.pc2.core.model.Clarification Clarification 20 ANSWERED from TEAM100 @ site 1 at 69 id=Clarification--4622882980912914428
231209 115431.528|INFO|Thread-66741|dumpPacket|   key: CLARIFICATION_ANSWER is: java.lang.String This is not usaco guys, brute force to your hearts content.
231209 115431.528|INFO|Thread-66741|dumpPacket|   key: CLIENT_ID is: edu.csus.ecs.pc2.core.model.ClientId ADMINISTRATOR1 @ site 1
231209 115431.528|INFO|Thread-66741|info|handlePacket start Packet[CLARIFICATION_ANSWER_UPDATE] #6720 SERVER0 @ site 1 -> SERVER0 @ site 0
231209 115431.528|INFO|Thread-66741|dumpPacket|Packet CLARIFICATION_ANSWER_UPDATE (Seq #6720, o#6720 ) handlePacket
231209 115431.528|INFO|Thread-66741|dumpPacket|  From: SERVER0 @ site 1, oSERVER0 @ site 1 (DESKTOP-D75BQTV @ 212.212.212.212) (Contest Id: RealDeal--1957769244132597914)
231209 115431.528|INFO|Thread-66741|dumpPacket|    To: SERVER0 @ site 0
231209 115431.528|INFO|Thread-66741|dumpPacket|   key: CLARIFICATION is: edu.csus.ecs.pc2.core.model.Clarification Clarification 20 ANSWERED from TEAM100 @ site 1 at 69 id=Clarification--4622882980912914428
231209 115431.528|INFO|Thread-66741|dumpPacket|   key: CLARIFICATION_ANSWER is: java.lang.String This is not usaco guys, brute force to your hearts content.
231209 115431.528|INFO|Thread-66741|dumpPacket|   key: CLIENT_ID is: edu.csus.ecs.pc2.core.model.ClientId ADMINISTRATOR1 @ site 1
231209 115431.562|INFO|Thread-66741|info| receiveObject(S) end   got Packet[CLARIFICATION_ANSWER_UPDATE] #6720 SERVER0 @ site 1 -> SERVER0 @ site 0
231209 115732.450|INFO|qtp135640095-66514|sendToLocalServer|Sending packet to server Packet[RUN_SUBMISSION] #1207 TEAM114 @ site 1 -> SERVER0 @ site 1
231209 115732.450|INFO|qtp135640095-66514|sendToLocalServer|Sent    packet to server Packet[RUN_SUBMISSION] #1207 TEAM114 @ site 1 -> SERVER0 @ site 1
231209 115732.629|INFO|Thread-66820|info| receiveObject(S) start got Packet[RUN_SUBMISSION_CONFIRM] #6845 SERVER0 @ site 1 -> TEAM114 @ site 1
231209 115732.629|INFO|Thread-66820|dumpPacket|Packet RUN_SUBMISSION_CONFIRM (Seq #6845, o#6845 ) recieveObject
231209 115732.629|INFO|Thread-66820|dumpPacket|  From: SERVER0 @ site 1, oSERVER0 @ site 1 (DESKTOP-D75BQTV @ 212.212.212.212) (Contest Id: RealDeal--1957769244132597914)
231209 115732.629|INFO|Thread-66820|dumpPacket|    To: TEAM114 @ site 1
231209 115732.629|INFO|Thread-66820|dumpPacket|   key: RUN is: edu.csus.ecs.pc2.core.model.Run Run 426 NEW 73 min 4431729ms from TEAM114 @ site 1 id Run-1338202260699265969 problem Word--384876857808405789 lang Java--8800253324652192008
231209 115732.629|INFO|Thread-66820|info|handlePacket start Packet[RUN_SUBMISSION_CONFIRM] #6845 SERVER0 @ site 1 -> TEAM114 @ site 1
231209 115732.629|INFO|Thread-66820|dumpPacket|Packet RUN_SUBMISSION_CONFIRM (Seq #6845, o#6845 ) handlePacket
231209 115732.629|INFO|Thread-66820|dumpPacket|  From: SERVER0 @ site 1, oSERVER0 @ site 1 (DESKTOP-D75BQTV @ 212.212.212.212) (Contest Id: RealDeal--1957769244132597914)
231209 115732.629|INFO|Thread-66820|dumpPacket|    To: TEAM114 @ site 1
231209 115732.629|INFO|Thread-66820|dumpPacket|   key: RUN is: edu.csus.ecs.pc2.core.model.Run Run 426 NEW 73 min 4431729ms from TEAM114 @ site 1 id Run-1338202260699265969 problem Word--384876857808405789 lang Java--8800253324652192008
231209 115732.629|INFO|Thread-66820|info| receiveObject(S) end   got Packet[RUN_SUBMISSION_CONFIRM] #6845 SERVER0 @ site 1 -> TEAM114 @ site 1
231209 115738.793|INFO|Thread-66823|info| receiveObject(S) start got Packet[RUN_JUDGEMENT] #6851 SERVER0 @ site 1 -> TEAM114 @ site 1
231209 115738.793|INFO|Thread-66823|dumpPacket|Packet RUN_JUDGEMENT (Seq #6851, o#6851 ) recieveObject
231209 115738.793|INFO|Thread-66823|dumpPacket|  From: SERVER0 @ site 1, oSERVER0 @ site 1 (DESKTOP-D75BQTV @ 212.212.212.212) (Contest Id: RealDeal--1957769244132597914)
231209 115738.793|INFO|Thread-66823|dumpPacket|    To: TEAM114 @ site 1
231209 115738.793|INFO|Thread-66823|dumpPacket|   key: JUDGEMENT_RECORD is: edu.csus.ecs.pc2.core.model.JudgementRecord Yes by JUDGE3 @ site 1 judgement Yes-2915828768858405923 id JudgementRecord-9098205079165754302
231209 115738.793|INFO|Thread-66823|dumpPacket|   key: RUN is: edu.csus.ecs.pc2.core.model.Run Run 426 JUDGED 73 min 4431729ms from TEAM114 @ site 1 id Run-1338202260699265969 problem Word--384876857808405789 lang Java--8800253324652192008
231209 115738.793|INFO|Thread-66823|dumpPacket|   key: CLIENT_ID is: edu.csus.ecs.pc2.core.model.ClientId SERVER0 @ site 1
231209 115738.793|INFO|Thread-66823|info|handlePacket start Packet[RUN_JUDGEMENT] #6851 SERVER0 @ site 1 -> TEAM114 @ site 1
231209 115738.793|INFO|Thread-66823|dumpPacket|Packet RUN_JUDGEMENT (Seq #6851, o#6851 ) handlePacket
231209 115738.793|INFO|Thread-66823|dumpPacket|  From: SERVER0 @ site 1, oSERVER0 @ site 1 (DESKTOP-D75BQTV @ 212.212.212.212) (Contest Id: RealDeal--1957769244132597914)
231209 115738.793|INFO|Thread-66823|dumpPacket|    To: TEAM114 @ site 1
231209 115738.793|INFO|Thread-66823|dumpPacket|   key: JUDGEMENT_RECORD is: edu.csus.ecs.pc2.core.model.JudgementRecord Yes by JUDGE3 @ site 1 judgement Yes-2915828768858405923 id JudgementRecord-9098205079165754302
231209 115738.793|INFO|Thread-66823|dumpPacket|   key: RUN is: edu.csus.ecs.pc2.core.model.Run Run 426 JUDGED 73 min 4431729ms from TEAM114 @ site 1 id Run-1338202260699265969 problem Word--384876857808405789 lang Java--8800253324652192008
231209 115738.793|INFO|Thread-66823|dumpPacket|   key: CLIENT_ID is: edu.csus.ecs.pc2.core.model.ClientId SERVER0 @ site 1
231209 115738.793|INFO|Thread-66823|info| receiveObject(S) end   got Packet[RUN_JUDGEMENT] #6851 SERVER0 @ site 1 -> TEAM114 @ site 1
231209 121805.262|INFO|qtp135640095-67104|sendToLocalServer|Sending packet to server Packet[RUN_SUBMISSION] #1369 TEAM114 @ site 1 -> SERVER0 @ site 1
231209 121805.262|INFO|qtp135640095-67104|sendToLocalServer|Sent    packet to server Packet[RUN_SUBMISSION] #1369 TEAM114 @ site 1 -> SERVER0 @ site 1
231209 121805.586|INFO|Thread-67317|info| receiveObject(S) start got Packet[RUN_SUBMISSION_CONFIRM] #7820 SERVER0 @ site 1 -> TEAM114 @ site 1
231209 121805.586|INFO|Thread-67317|dumpPacket|Packet RUN_SUBMISSION_CONFIRM (Seq #7820, o#7820 ) recieveObject
231209 121805.586|INFO|Thread-67317|dumpPacket|  From: SERVER0 @ site 1, oSERVER0 @ site 1 (DESKTOP-D75BQTV @ 212.212.212.212) (Contest Id: RealDeal--1957769244132597914)
231209 121805.586|INFO|Thread-67317|dumpPacket|    To: TEAM114 @ site 1
231209 121805.586|INFO|Thread-67317|dumpPacket|   key: RUN is: edu.csus.ecs.pc2.core.model.Run Run 569 NEW 94 min 5664539ms from TEAM114 @ site 1 id Run-8434484954719472786 problem Ingredients--2504522835383961953 lang Java--8800253324652192008
231209 121805.586|INFO|Thread-67317|info|handlePacket start Packet[RUN_SUBMISSION_CONFIRM] #7820 SERVER0 @ site 1 -> TEAM114 @ site 1
231209 121805.586|INFO|Thread-67317|dumpPacket|Packet RUN_SUBMISSION_CONFIRM (Seq #7820, o#7820 ) handlePacket
231209 121805.586|INFO|Thread-67317|dumpPacket|  From: SERVER0 @ site 1, oSERVER0 @ site 1 (DESKTOP-D75BQTV @ 212.212.212.212) (Contest Id: RealDeal--1957769244132597914)
231209 121805.586|INFO|Thread-67317|dumpPacket|    To: TEAM114 @ site 1
231209 121805.586|INFO|Thread-67317|dumpPacket|   key: RUN is: edu.csus.ecs.pc2.core.model.Run Run 569 NEW 94 min 5664539ms from TEAM114 @ site 1 id Run-8434484954719472786 problem Ingredients--2504522835383961953 lang Java--8800253324652192008
231209 121805.586|INFO|Thread-67317|info| receiveObject(S) end   got Packet[RUN_SUBMISSION_CONFIRM] #7820 SERVER0 @ site 1 -> TEAM114 @ site 1
231209 121847.373|INFO|Thread-67344|info| receiveObject(S) start got Packet[RUN_JUDGEMENT] #7868 SERVER0 @ site 1 -> TEAM114 @ site 1
231209 121847.373|INFO|Thread-67344|dumpPacket|Packet RUN_JUDGEMENT (Seq #7868, o#7868 ) recieveObject
231209 121847.373|INFO|Thread-67344|dumpPacket|  From: SERVER0 @ site 1, oSERVER0 @ site 1 (DESKTOP-D75BQTV @ 212.212.212.212) (Contest Id: RealDeal--1957769244132597914)
231209 121847.373|INFO|Thread-67344|dumpPacket|    To: TEAM114 @ site 1
231209 121847.373|INFO|Thread-67344|dumpPacket|   key: JUDGEMENT_RECORD is: edu.csus.ecs.pc2.core.model.JudgementRecord No by JUDGE4 @ site 1 judgement No_-_Wrong_Answer-7097647880754622437 id JudgementRecord-6674303432248515346
231209 121847.373|INFO|Thread-67344|dumpPacket|   key: RUN is: edu.csus.ecs.pc2.core.model.Run Run 569 JUDGED 94 min 5664539ms from TEAM114 @ site 1 id Run-8434484954719472786 problem Ingredients--2504522835383961953 lang Java--8800253324652192008
231209 121847.373|INFO|Thread-67344|dumpPacket|   key: CLIENT_ID is: edu.csus.ecs.pc2.core.model.ClientId SERVER0 @ site 1
231209 121847.373|INFO|Thread-67344|info|handlePacket start Packet[RUN_JUDGEMENT] #7868 SERVER0 @ site 1 -> TEAM114 @ site 1
231209 121847.373|INFO|Thread-67344|dumpPacket|Packet RUN_JUDGEMENT (Seq #7868, o#7868 ) handlePacket
231209 121847.373|INFO|Thread-67344|dumpPacket|  From: SERVER0 @ site 1, oSERVER0 @ site 1 (DESKTOP-D75BQTV @ 212.212.212.212) (Contest Id: RealDeal--1957769244132597914)
231209 121847.373|INFO|Thread-67344|dumpPacket|    To: TEAM114 @ site 1
231209 121847.373|INFO|Thread-67344|dumpPacket|   key: JUDGEMENT_RECORD is: edu.csus.ecs.pc2.core.model.JudgementRecord No by JUDGE4 @ site 1 judgement No_-_Wrong_Answer-7097647880754622437 id JudgementRecord-6674303432248515346
231209 121847.373|INFO|Thread-67344|dumpPacket|   key: RUN is: edu.csus.ecs.pc2.core.model.Run Run 569 JUDGED 94 min 5664539ms from TEAM114 @ site 1 id Run-8434484954719472786 problem Ingredients--2504522835383961953 lang Java--8800253324652192008
231209 121847.373|INFO|Thread-67344|dumpPacket|   key: CLIENT_ID is: edu.csus.ecs.pc2.core.model.ClientId SERVER0 @ site 1
231209 121847.373|INFO|Thread-67344|info| receiveObject(S) end   got Packet[RUN_JUDGEMENT] #7868 SERVER0 @ site 1 -> TEAM114 @ site 1
231209 121955.628|INFO|qtp135640095-67229|sendToLocalServer|Sending packet to server Packet[RUN_SUBMISSION] #1390 TEAM114 @ site 1 -> SERVER0 @ site 1
231209 121955.628|INFO|qtp135640095-67229|sendToLocalServer|Sent    packet to server Packet[RUN_SUBMISSION] #1390 TEAM114 @ site 1 -> SERVER0 @ site 1
231209 121956.119|INFO|Thread-67380|info| receiveObject(S) start got Packet[RUN_SUBMISSION_CONFIRM] #7941 SERVER0 @ site 1 -> TEAM114 @ site 1
231209 121956.119|INFO|Thread-67380|dumpPacket|Packet RUN_SUBMISSION_CONFIRM (Seq #7941, o#7941 ) recieveObject
231209 121956.119|INFO|Thread-67380|dumpPacket|  From: SERVER0 @ site 1, oSERVER0 @ site 1 (DESKTOP-D75BQTV @ 212.212.212.212) (Contest Id: RealDeal--1957769244132597914)
231209 121956.120|INFO|Thread-67380|dumpPacket|    To: TEAM114 @ site 1
231209 121956.120|INFO|Thread-67380|dumpPacket|   key: RUN is: edu.csus.ecs.pc2.core.model.Run Run 589 NEW 96 min 5774909ms from TEAM114 @ site 1 id Run-8780550205048719754 problem Ingredients--2504522835383961953 lang Java--8800253324652192008
231209 121956.120|INFO|Thread-67380|info|handlePacket start Packet[RUN_SUBMISSION_CONFIRM] #7941 SERVER0 @ site 1 -> TEAM114 @ site 1
231209 121956.120|INFO|Thread-67380|dumpPacket|Packet RUN_SUBMISSION_CONFIRM (Seq #7941, o#7941 ) handlePacket
231209 121956.120|INFO|Thread-67380|dumpPacket|  From: SERVER0 @ site 1, oSERVER0 @ site 1 (DESKTOP-D75BQTV @ 212.212.212.212) (Contest Id: RealDeal--1957769244132597914)
231209 121956.120|INFO|Thread-67380|dumpPacket|    To: TEAM114 @ site 1
231209 121956.120|INFO|Thread-67380|dumpPacket|   key: RUN is: edu.csus.ecs.pc2.core.model.Run Run 589 NEW 96 min 5774909ms from TEAM114 @ site 1 id Run-8780550205048719754 problem Ingredients--2504522835383961953 lang Java--8800253324652192008
231209 121956.120|INFO|Thread-67380|info| receiveObject(S) end   got Packet[RUN_SUBMISSION_CONFIRM] #7941 SERVER0 @ site 1 -> TEAM114 @ site 1
231209 122013.461|INFO|Thread-67386|info| receiveObject(S) start got Packet[RUN_JUDGEMENT] #7955 SERVER0 @ site 1 -> TEAM114 @ site 1
231209 122013.461|INFO|Thread-67386|dumpPacket|Packet RUN_JUDGEMENT (Seq #7955, o#7955 ) recieveObject
231209 122013.461|INFO|Thread-67386|dumpPacket|  From: SERVER0 @ site 1, oSERVER0 @ site 1 (DESKTOP-D75BQTV @ 212.212.212.212) (Contest Id: RealDeal--1957769244132597914)
231209 122013.461|INFO|Thread-67386|dumpPacket|    To: TEAM114 @ site 1
231209 122013.465|INFO|Thread-67386|dumpPacket|   key: JUDGEMENT_RECORD is: edu.csus.ecs.pc2.core.model.JudgementRecord No by JUDGE10 @ site 1 judgement No_-_Wrong_Answer-7097647880754622437 id JudgementRecord--6127388176065670763
231209 122013.465|INFO|Thread-67386|dumpPacket|   key: RUN is: edu.csus.ecs.pc2.core.model.Run Run 589 JUDGED 96 min 5774909ms from TEAM114 @ site 1 id Run-8780550205048719754 problem Ingredients--2504522835383961953 lang Java--8800253324652192008
231209 122013.465|INFO|Thread-67386|dumpPacket|   key: CLIENT_ID is: edu.csus.ecs.pc2.core.model.ClientId SERVER0 @ site 1
231209 122013.465|INFO|Thread-67386|info|handlePacket start Packet[RUN_JUDGEMENT] #7955 SERVER0 @ site 1 -> TEAM114 @ site 1
231209 122013.465|INFO|Thread-67386|dumpPacket|Packet RUN_JUDGEMENT (Seq #7955, o#7955 ) handlePacket
231209 122013.465|INFO|Thread-67386|dumpPacket|  From: SERVER0 @ site 1, oSERVER0 @ site 1 (DESKTOP-D75BQTV @ 212.212.212.212) (Contest Id: RealDeal--1957769244132597914)
231209 122013.465|INFO|Thread-67386|dumpPacket|    To: TEAM114 @ site 1
231209 122013.465|INFO|Thread-67386|dumpPacket|   key: JUDGEMENT_RECORD is: edu.csus.ecs.pc2.core.model.JudgementRecord No by JUDGE10 @ site 1 judgement No_-_Wrong_Answer-7097647880754622437 id JudgementRecord--6127388176065670763
231209 122013.465|INFO|Thread-67386|dumpPacket|   key: RUN is: edu.csus.ecs.pc2.core.model.Run Run 589 JUDGED 96 min 5774909ms from TEAM114 @ site 1 id Run-8780550205048719754 problem Ingredients--2504522835383961953 lang Java--8800253324652192008
231209 122013.465|INFO|Thread-67386|dumpPacket|   key: CLIENT_ID is: edu.csus.ecs.pc2.core.model.ClientId SERVER0 @ site 1
231209 122013.465|INFO|Thread-67386|info| receiveObject(S) end   got Packet[RUN_JUDGEMENT] #7955 SERVER0 @ site 1 -> TEAM114 @ site 1
231209 122235.257|INFO|qtp135640095-67434|sendToLocalServer|Sending packet to server Packet[RUN_SUBMISSION] #1414 TEAM114 @ site 1 -> SERVER0 @ site 1
231209 122235.257|INFO|qtp135640095-67434|sendToLocalServer|Sent    packet to server Packet[RUN_SUBMISSION] #1414 TEAM114 @ site 1 -> SERVER0 @ site 1
231209 122235.526|INFO|Thread-67455|info| receiveObject(S) start got Packet[RUN_SUBMISSION_CONFIRM] #8088 SERVER0 @ site 1 -> TEAM114 @ site 1
231209 122235.526|INFO|Thread-67455|dumpPacket|Packet RUN_SUBMISSION_CONFIRM (Seq #8088, o#8088 ) recieveObject
231209 122235.526|INFO|Thread-67455|dumpPacket|  From: SERVER0 @ site 1, oSERVER0 @ site 1 (DESKTOP-D75BQTV @ 212.212.212.212) (Contest Id: RealDeal--1957769244132597914)
231209 122235.526|INFO|Thread-67455|dumpPacket|    To: TEAM114 @ site 1
231209 122235.526|INFO|Thread-67455|dumpPacket|   key: RUN is: edu.csus.ecs.pc2.core.model.Run Run 610 NEW 98 min 5934529ms from TEAM114 @ site 1 id Run-2796719991109878347 problem Ingredients--2504522835383961953 lang Java--8800253324652192008
231209 122235.526|INFO|Thread-67455|info|handlePacket start Packet[RUN_SUBMISSION_CONFIRM] #8088 SERVER0 @ site 1 -> TEAM114 @ site 1
231209 122235.526|INFO|Thread-67455|dumpPacket|Packet RUN_SUBMISSION_CONFIRM (Seq #8088, o#8088 ) handlePacket
231209 122235.526|INFO|Thread-67455|dumpPacket|  From: SERVER0 @ site 1, oSERVER0 @ site 1 (DESKTOP-D75BQTV @ 212.212.212.212) (Contest Id: RealDeal--1957769244132597914)
231209 122235.526|INFO|Thread-67455|dumpPacket|    To: TEAM114 @ site 1
231209 122235.526|INFO|Thread-67455|dumpPacket|   key: RUN is: edu.csus.ecs.pc2.core.model.Run Run 610 NEW 98 min 5934529ms from TEAM114 @ site 1 id Run-2796719991109878347 problem Ingredients--2504522835383961953 lang Java--8800253324652192008
231209 122235.526|INFO|Thread-67455|info| receiveObject(S) end   got Packet[RUN_SUBMISSION_CONFIRM] #8088 SERVER0 @ site 1 -> TEAM114 @ site 1
231209 122256.602|INFO|Thread-67463|info| receiveObject(S) start got Packet[RUN_JUDGEMENT] #8102 SERVER0 @ site 1 -> TEAM114 @ site 1
231209 122256.602|INFO|Thread-67463|dumpPacket|Packet RUN_JUDGEMENT (Seq #8102, o#8102 ) recieveObject
231209 122256.602|INFO|Thread-67463|dumpPacket|  From: SERVER0 @ site 1, oSERVER0 @ site 1 (DESKTOP-D75BQTV @ 212.212.212.212) (Contest Id: RealDeal--1957769244132597914)
231209 122256.602|INFO|Thread-67463|dumpPacket|    To: TEAM114 @ site 1
231209 122256.602|INFO|Thread-67463|dumpPacket|   key: JUDGEMENT_RECORD is: edu.csus.ecs.pc2.core.model.JudgementRecord No by JUDGE1 @ site 1 judgement No_-_Wrong_Answer-7097647880754622437 id JudgementRecord--8052851402551335909
231209 122256.602|INFO|Thread-67463|dumpPacket|   key: RUN is: edu.csus.ecs.pc2.core.model.Run Run 610 JUDGED 98 min 5934529ms from TEAM114 @ site 1 id Run-2796719991109878347 problem Ingredients--2504522835383961953 lang Java--8800253324652192008
231209 122256.602|INFO|Thread-67463|dumpPacket|   key: CLIENT_ID is: edu.csus.ecs.pc2.core.model.ClientId SERVER0 @ site 1
231209 122256.602|INFO|Thread-67463|info|handlePacket start Packet[RUN_JUDGEMENT] #8102 SERVER0 @ site 1 -> TEAM114 @ site 1
231209 122256.602|INFO|Thread-67463|dumpPacket|Packet RUN_JUDGEMENT (Seq #8102, o#8102 ) handlePacket
231209 122256.602|INFO|Thread-67463|dumpPacket|  From: SERVER0 @ site 1, oSERVER0 @ site 1 (DESKTOP-D75BQTV @ 212.212.212.212) (Contest Id: RealDeal--1957769244132597914)
231209 122256.602|INFO|Thread-67463|dumpPacket|    To: TEAM114 @ site 1
231209 122256.602|INFO|Thread-67463|dumpPacket|   key: JUDGEMENT_RECORD is: edu.csus.ecs.pc2.core.model.JudgementRecord No by JUDGE1 @ site 1 judgement No_-_Wrong_Answer-7097647880754622437 id JudgementRecord--8052851402551335909
231209 122256.602|INFO|Thread-67463|dumpPacket|   key: RUN is: edu.csus.ecs.pc2.core.model.Run Run 610 JUDGED 98 min 5934529ms from TEAM114 @ site 1 id Run-2796719991109878347 problem Ingredients--2504522835383961953 lang Java--8800253324652192008
231209 122256.602|INFO|Thread-67463|dumpPacket|   key: CLIENT_ID is: edu.csus.ecs.pc2.core.model.ClientId SERVER0 @ site 1
231209 122256.602|INFO|Thread-67463|info| receiveObject(S) end   got Packet[RUN_JUDGEMENT] #8102 SERVER0 @ site 1 -> TEAM114 @ site 1
231209 123147.095|INFO|qtp135640095-67558|sendToLocalServer|Sending packet to server Packet[RUN_SUBMISSION] #1483 TEAM114 @ site 1 -> SERVER0 @ site 1
231209 123147.095|INFO|qtp135640095-67558|sendToLocalServer|Sent    packet to server Packet[RUN_SUBMISSION] #1483 TEAM114 @ site 1 -> SERVER0 @ site 1
231209 123147.159|INFO|qtp135640095-67558|sendToLocalServer|Sending packet to server Packet[RUN_SUBMISSION] #1484 TEAM114 @ site 1 -> SERVER0 @ site 1
231209 123147.159|INFO|qtp135640095-67558|sendToLocalServer|Sent    packet to server Packet[RUN_SUBMISSION] #1484 TEAM114 @ site 1 -> SERVER0 @ site 1
231209 123147.545|INFO|Thread-67666|info| receiveObject(S) start got Packet[RUN_SUBMISSION_CONFIRM] #8540 SERVER0 @ site 1 -> TEAM114 @ site 1
231209 123147.545|INFO|Thread-67666|dumpPacket|Packet RUN_SUBMISSION_CONFIRM (Seq #8540, o#8540 ) recieveObject
231209 123147.545|INFO|Thread-67666|dumpPacket|  From: SERVER0 @ site 1, oSERVER0 @ site 1 (DESKTOP-D75BQTV @ 212.212.212.212) (Contest Id: RealDeal--1957769244132597914)
231209 123147.545|INFO|Thread-67666|dumpPacket|    To: TEAM114 @ site 1
231209 123147.545|INFO|Thread-67666|dumpPacket|   key: RUN is: edu.csus.ecs.pc2.core.model.Run Run 678 NEW 108 min 6486374ms from TEAM114 @ site 1 id Run-6288744572519297631 problem Ingredients--2504522835383961953 lang Java--8800253324652192008
231209 123147.545|INFO|Thread-67666|info|handlePacket start Packet[RUN_SUBMISSION_CONFIRM] #8540 SERVER0 @ site 1 -> TEAM114 @ site 1
231209 123147.545|INFO|Thread-67666|dumpPacket|Packet RUN_SUBMISSION_CONFIRM (Seq #8540, o#8540 ) handlePacket
231209 123147.545|INFO|Thread-67666|dumpPacket|  From: SERVER0 @ site 1, oSERVER0 @ site 1 (DESKTOP-D75BQTV @ 212.212.212.212) (Contest Id: RealDeal--1957769244132597914)
231209 123147.545|INFO|Thread-67666|dumpPacket|    To: TEAM114 @ site 1
231209 123147.545|INFO|Thread-67666|dumpPacket|   key: RUN is: edu.csus.ecs.pc2.core.model.Run Run 678 NEW 108 min 6486374ms from TEAM114 @ site 1 id Run-6288744572519297631 problem Ingredients--2504522835383961953 lang Java--8800253324652192008
231209 123147.545|INFO|Thread-67666|info| receiveObject(S) end   got Packet[RUN_SUBMISSION_CONFIRM] #8540 SERVER0 @ site 1 -> TEAM114 @ site 1
231209 123147.716|INFO|Thread-67667|info| receiveObject(S) start got Packet[RUN_SUBMISSION_CONFIRM] #8542 SERVER0 @ site 1 -> TEAM114 @ site 1
231209 123147.716|INFO|Thread-67667|dumpPacket|Packet RUN_SUBMISSION_CONFIRM (Seq #8542, o#8542 ) recieveObject
231209 123147.716|INFO|Thread-67667|dumpPacket|  From: SERVER0 @ site 1, oSERVER0 @ site 1 (DESKTOP-D75BQTV @ 212.212.212.212) (Contest Id: RealDeal--1957769244132597914)
231209 123147.716|INFO|Thread-67667|dumpPacket|    To: TEAM114 @ site 1
231209 123147.716|INFO|Thread-67667|dumpPacket|   key: RUN is: edu.csus.ecs.pc2.core.model.Run Run 679 NEW 108 min 6486439ms from TEAM114 @ site 1 id Run--4272631464608189200 problem Ingredients--2504522835383961953 lang Java--8800253324652192008
231209 123147.716|INFO|Thread-67667|info|handlePacket start Packet[RUN_SUBMISSION_CONFIRM] #8542 SERVER0 @ site 1 -> TEAM114 @ site 1
231209 123147.716|INFO|Thread-67667|dumpPacket|Packet RUN_SUBMISSION_CONFIRM (Seq #8542, o#8542 ) handlePacket
231209 123147.716|INFO|Thread-67667|dumpPacket|  From: SERVER0 @ site 1, oSERVER0 @ site 1 (DESKTOP-D75BQTV @ 212.212.212.212) (Contest Id: RealDeal--1957769244132597914)
231209 123147.716|INFO|Thread-67667|dumpPacket|    To: TEAM114 @ site 1
231209 123147.716|INFO|Thread-67667|dumpPacket|   key: RUN is: edu.csus.ecs.pc2.core.model.Run Run 679 NEW 108 min 6486439ms from TEAM114 @ site 1 id Run--4272631464608189200 problem Ingredients--2504522835383961953 lang Java--8800253324652192008
231209 123147.716|INFO|Thread-67667|info| receiveObject(S) end   got Packet[RUN_SUBMISSION_CONFIRM] #8542 SERVER0 @ site 1 -> TEAM114 @ site 1
231209 123208.250|INFO|Thread-67673|info| receiveObject(S) start got Packet[RUN_JUDGEMENT] #8558 SERVER0 @ site 1 -> TEAM114 @ site 1
231209 123208.250|INFO|Thread-67673|dumpPacket|Packet RUN_JUDGEMENT (Seq #8558, o#8558 ) recieveObject
231209 123208.250|INFO|Thread-67673|dumpPacket|  From: SERVER0 @ site 1, oSERVER0 @ site 1 (DESKTOP-D75BQTV @ 212.212.212.212) (Contest Id: RealDeal--1957769244132597914)
231209 123208.250|INFO|Thread-67673|dumpPacket|    To: TEAM114 @ site 1
231209 123208.250|INFO|Thread-67673|dumpPacket|   key: JUDGEMENT_RECORD is: edu.csus.ecs.pc2.core.model.JudgementRecord No by JUDGE2 @ site 1 judgement No_-_Wrong_Answer-7097647880754622437 id JudgementRecord-6174335608130361849
231209 123208.250|INFO|Thread-67673|dumpPacket|   key: RUN is: edu.csus.ecs.pc2.core.model.Run Run 678 JUDGED 108 min 6486374ms from TEAM114 @ site 1 id Run-6288744572519297631 problem Ingredients--2504522835383961953 lang Java--8800253324652192008
231209 123208.250|INFO|Thread-67673|dumpPacket|   key: CLIENT_ID is: edu.csus.ecs.pc2.core.model.ClientId SERVER0 @ site 1
231209 123208.250|INFO|Thread-67673|info|handlePacket start Packet[RUN_JUDGEMENT] #8558 SERVER0 @ site 1 -> TEAM114 @ site 1
231209 123208.250|INFO|Thread-67673|dumpPacket|Packet RUN_JUDGEMENT (Seq #8558, o#8558 ) handlePacket
231209 123208.250|INFO|Thread-67673|dumpPacket|  From: SERVER0 @ site 1, oSERVER0 @ site 1 (DESKTOP-D75BQTV @ 212.212.212.212) (Contest Id: RealDeal--1957769244132597914)
231209 123208.250|INFO|Thread-67673|dumpPacket|    To: TEAM114 @ site 1
231209 123208.250|INFO|Thread-67673|dumpPacket|   key: JUDGEMENT_RECORD is: edu.csus.ecs.pc2.core.model.JudgementRecord No by JUDGE2 @ site 1 judgement No_-_Wrong_Answer-7097647880754622437 id JudgementRecord-6174335608130361849
231209 123208.250|INFO|Thread-67673|dumpPacket|   key: RUN is: edu.csus.ecs.pc2.core.model.Run Run 678 JUDGED 108 min 6486374ms from TEAM114 @ site 1 id Run-6288744572519297631 problem Ingredients--2504522835383961953 lang Java--8800253324652192008
231209 123208.250|INFO|Thread-67673|dumpPacket|   key: CLIENT_ID is: edu.csus.ecs.pc2.core.model.ClientId SERVER0 @ site 1
231209 123208.250|INFO|Thread-67673|info| receiveObject(S) end   got Packet[RUN_JUDGEMENT] #8558 SERVER0 @ site 1 -> TEAM114 @ site 1
231209 123208.363|INFO|Thread-67674|info| receiveObject(S) start got Packet[RUN_JUDGEMENT] #8560 SERVER0 @ site 1 -> TEAM114 @ site 1
231209 123208.363|INFO|Thread-67674|dumpPacket|Packet RUN_JUDGEMENT (Seq #8560, o#8560 ) recieveObject
231209 123208.363|INFO|Thread-67674|dumpPacket|  From: SERVER0 @ site 1, oSERVER0 @ site 1 (DESKTOP-D75BQTV @ 212.212.212.212) (Contest Id: RealDeal--1957769244132597914)
231209 123208.363|INFO|Thread-67674|dumpPacket|    To: TEAM114 @ site 1
231209 123208.363|INFO|Thread-67674|dumpPacket|   key: JUDGEMENT_RECORD is: edu.csus.ecs.pc2.core.model.JudgementRecord No by JUDGE10 @ site 1 judgement No_-_Wrong_Answer-7097647880754622437 id JudgementRecord-3582994158157401175
231209 123208.363|INFO|Thread-67674|dumpPacket|   key: RUN is: edu.csus.ecs.pc2.core.model.Run Run 679 JUDGED 108 min 6486439ms from TEAM114 @ site 1 id Run--4272631464608189200 problem Ingredients--2504522835383961953 lang Java--8800253324652192008
231209 123208.363|INFO|Thread-67674|dumpPacket|   key: CLIENT_ID is: edu.csus.ecs.pc2.core.model.ClientId SERVER0 @ site 1
231209 123208.363|INFO|Thread-67674|info|handlePacket start Packet[RUN_JUDGEMENT] #8560 SERVER0 @ site 1 -> TEAM114 @ site 1
231209 123208.363|INFO|Thread-67674|dumpPacket|Packet RUN_JUDGEMENT (Seq #8560, o#8560 ) handlePacket
231209 123208.363|INFO|Thread-67674|dumpPacket|  From: SERVER0 @ site 1, oSERVER0 @ site 1 (DESKTOP-D75BQTV @ 212.212.212.212) (Contest Id: RealDeal--1957769244132597914)
231209 123208.363|INFO|Thread-67674|dumpPacket|    To: TEAM114 @ site 1
231209 123208.363|INFO|Thread-67674|dumpPacket|   key: JUDGEMENT_RECORD is: edu.csus.ecs.pc2.core.model.JudgementRecord No by JUDGE10 @ site 1 judgement No_-_Wrong_Answer-7097647880754622437 id JudgementRecord-3582994158157401175
231209 123208.363|INFO|Thread-67674|dumpPacket|   key: RUN is: edu.csus.ecs.pc2.core.model.Run Run 679 JUDGED 108 min 6486439ms from TEAM114 @ site 1 id Run--4272631464608189200 problem Ingredients--2504522835383961953 lang Java--8800253324652192008
231209 123208.365|INFO|Thread-67674|dumpPacket|   key: CLIENT_ID is: edu.csus.ecs.pc2.core.model.ClientId SERVER0 @ site 1
231209 123208.365|INFO|Thread-67674|info| receiveObject(S) end   got Packet[RUN_JUDGEMENT] #8560 SERVER0 @ site 1 -> TEAM114 @ site 1
231209 123957.106|INFO|qtp135640095-67476|sendToLocalServer|Sending packet to server Packet[RUN_SUBMISSION] #1564 TEAM114 @ site 1 -> SERVER0 @ site 1
231209 123957.114|INFO|qtp135640095-67476|sendToLocalServer|Sent    packet to server Packet[RUN_SUBMISSION] #1564 TEAM114 @ site 1 -> SERVER0 @ site 1
231209 123957.973|INFO|Thread-67911|info| receiveObject(S) start got Packet[RUN_SUBMISSION_CONFIRM] #9023 SERVER0 @ site 1 -> TEAM114 @ site 1
231209 123957.973|INFO|Thread-67911|dumpPacket|Packet RUN_SUBMISSION_CONFIRM (Seq #9023, o#9023 ) recieveObject
231209 123957.973|INFO|Thread-67911|dumpPacket|  From: SERVER0 @ site 1, oSERVER0 @ site 1 (DESKTOP-D75BQTV @ 212.212.212.212) (Contest Id: RealDeal--1957769244132597914)
231209 123957.973|INFO|Thread-67911|dumpPacket|    To: TEAM114 @ site 1
231209 123957.973|INFO|Thread-67911|dumpPacket|   key: RUN is: edu.csus.ecs.pc2.core.model.Run Run 755 NEW 116 min 6976386ms from TEAM114 @ site 1 id Run-3725708259027662251 problem Missing_Cat--8325778690036057049 lang Java--8800253324652192008
231209 123957.973|INFO|Thread-67911|info|handlePacket start Packet[RUN_SUBMISSION_CONFIRM] #9023 SERVER0 @ site 1 -> TEAM114 @ site 1
231209 123957.973|INFO|Thread-67911|dumpPacket|Packet RUN_SUBMISSION_CONFIRM (Seq #9023, o#9023 ) handlePacket
231209 123957.973|INFO|Thread-67911|dumpPacket|  From: SERVER0 @ site 1, oSERVER0 @ site 1 (DESKTOP-D75BQTV @ 212.212.212.212) (Contest Id: RealDeal--1957769244132597914)
231209 123957.973|INFO|Thread-67911|dumpPacket|    To: TEAM114 @ site 1
231209 123957.973|INFO|Thread-67911|dumpPacket|   key: RUN is: edu.csus.ecs.pc2.core.model.Run Run 755 NEW 116 min 6976386ms from TEAM114 @ site 1 id Run-3725708259027662251 problem Missing_Cat--8325778690036057049 lang Java--8800253324652192008
231209 123957.973|INFO|Thread-67911|info| receiveObject(S) end   got Packet[RUN_SUBMISSION_CONFIRM] #9023 SERVER0 @ site 1 -> TEAM114 @ site 1
231209 124029.835|INFO|Thread-67943|info| receiveObject(S) start got Packet[RUN_JUDGEMENT] #9099 SERVER0 @ site 1 -> TEAM114 @ site 1
231209 124029.835|INFO|Thread-67943|dumpPacket|Packet RUN_JUDGEMENT (Seq #9099, o#9099 ) recieveObject
231209 124029.835|INFO|Thread-67943|dumpPacket|  From: SERVER0 @ site 1, oSERVER0 @ site 1 (DESKTOP-D75BQTV @ 212.212.212.212) (Contest Id: RealDeal--1957769244132597914)
231209 124029.835|INFO|Thread-67943|dumpPacket|    To: TEAM114 @ site 1
231209 124029.835|INFO|Thread-67943|dumpPacket|   key: JUDGEMENT_RECORD is: edu.csus.ecs.pc2.core.model.JudgementRecord No by ADMINISTRATOR1 @ site 1 judgement No_-_Wrong_Answer-7097647880754622437 id JudgementRecord--634563948374247
231209 124029.835|INFO|Thread-67943|dumpPacket|   key: RUN is: edu.csus.ecs.pc2.core.model.Run Run 755 JUDGED 116 min 6976386ms from TEAM114 @ site 1 id Run-3725708259027662251 problem Missing_Cat--8325778690036057049 lang Java--8800253324652192008
231209 124029.835|INFO|Thread-67943|dumpPacket|   key: CLIENT_ID is: edu.csus.ecs.pc2.core.model.ClientId SERVER0 @ site 1
231209 124029.835|INFO|Thread-67943|info|handlePacket start Packet[RUN_JUDGEMENT] #9099 SERVER0 @ site 1 -> TEAM114 @ site 1
231209 124029.835|INFO|Thread-67943|dumpPacket|Packet RUN_JUDGEMENT (Seq #9099, o#9099 ) handlePacket
231209 124029.835|INFO|Thread-67943|dumpPacket|  From: SERVER0 @ site 1, oSERVER0 @ site 1 (DESKTOP-D75BQTV @ 212.212.212.212) (Contest Id: RealDeal--1957769244132597914)
231209 124029.835|INFO|Thread-67943|dumpPacket|    To: TEAM114 @ site 1
231209 124029.835|INFO|Thread-67943|dumpPacket|   key: JUDGEMENT_RECORD is: edu.csus.ecs.pc2.core.model.JudgementRecord No by ADMINISTRATOR1 @ site 1 judgement No_-_Wrong_Answer-7097647880754622437 id JudgementRecord--634563948374247
231209 124029.835|INFO|Thread-67943|dumpPacket|   key: RUN is: edu.csus.ecs.pc2.core.model.Run Run 755 JUDGED 116 min 6976386ms from TEAM114 @ site 1 id Run-3725708259027662251 problem Missing_Cat--8325778690036057049 lang Java--8800253324652192008
231209 124029.835|INFO|Thread-67943|dumpPacket|   key: CLIENT_ID is: edu.csus.ecs.pc2.core.model.ClientId SERVER0 @ site 1
231209 124029.835|INFO|Thread-67943|info| receiveObject(S) end   got Packet[RUN_JUDGEMENT] #9099 SERVER0 @ site 1 -> TEAM114 @ site 1
231209 124306.416|INFO|qtp135640095-67434|sendToLocalServer|Sending packet to server Packet[RUN_SUBMISSION] #1617 TEAM114 @ site 1 -> SERVER0 @ site 1
231209 124306.424|INFO|qtp135640095-67434|sendToLocalServer|Sent    packet to server Packet[RUN_SUBMISSION] #1617 TEAM114 @ site 1 -> SERVER0 @ site 1
231209 124306.791|INFO|Thread-68080|info| receiveObject(S) start got Packet[RUN_SUBMISSION_CONFIRM] #9382 SERVER0 @ site 1 -> TEAM114 @ site 1
231209 124306.791|INFO|Thread-68080|dumpPacket|Packet RUN_SUBMISSION_CONFIRM (Seq #9382, o#9382 ) recieveObject
231209 124306.791|INFO|Thread-68080|dumpPacket|  From: SERVER0 @ site 1, oSERVER0 @ site 1 (DESKTOP-D75BQTV @ 212.212.212.212) (Contest Id: RealDeal--1957769244132597914)
231209 124306.791|INFO|Thread-68080|dumpPacket|    To: TEAM114 @ site 1
231209 124306.791|INFO|Thread-68080|dumpPacket|   key: RUN is: edu.csus.ecs.pc2.core.model.Run Run 805 NEW 119 min 7165699ms from TEAM114 @ site 1 id Run-2084004420675817177 problem Missing_Cat--8325778690036057049 lang Java--8800253324652192008
231209 124306.791|INFO|Thread-68080|info|handlePacket start Packet[RUN_SUBMISSION_CONFIRM] #9382 SERVER0 @ site 1 -> TEAM114 @ site 1
231209 124306.791|INFO|Thread-68080|dumpPacket|Packet RUN_SUBMISSION_CONFIRM (Seq #9382, o#9382 ) handlePacket
231209 124306.791|INFO|Thread-68080|dumpPacket|  From: SERVER0 @ site 1, oSERVER0 @ site 1 (DESKTOP-D75BQTV @ 212.212.212.212) (Contest Id: RealDeal--1957769244132597914)
231209 124306.791|INFO|Thread-68080|dumpPacket|    To: TEAM114 @ site 1
231209 124306.791|INFO|Thread-68080|dumpPacket|   key: RUN is: edu.csus.ecs.pc2.core.model.Run Run 805 NEW 119 min 7165699ms from TEAM114 @ site 1 id Run-2084004420675817177 problem Missing_Cat--8325778690036057049 lang Java--8800253324652192008
231209 124306.791|INFO|Thread-68080|info| receiveObject(S) end   got Packet[RUN_SUBMISSION_CONFIRM] #9382 SERVER0 @ site 1 -> TEAM114 @ site 1
231209 124323.658|INFO|Thread-68094|info| receiveObject(S) start got Packet[RUN_JUDGEMENT] #9418 SERVER0 @ site 1 -> TEAM114 @ site 1
231209 124323.658|INFO|Thread-68094|dumpPacket|Packet RUN_JUDGEMENT (Seq #9418, o#9418 ) recieveObject
231209 124323.658|INFO|Thread-68094|dumpPacket|  From: SERVER0 @ site 1, oSERVER0 @ site 1 (DESKTOP-D75BQTV @ 212.212.212.212) (Contest Id: RealDeal--1957769244132597914)
231209 124323.658|INFO|Thread-68094|dumpPacket|    To: TEAM114 @ site 1
231209 124323.658|INFO|Thread-68094|dumpPacket|   key: JUDGEMENT_RECORD is: edu.csus.ecs.pc2.core.model.JudgementRecord Yes by JUDGE1 @ site 1 judgement Yes-2915828768858405923 id JudgementRecord--753187133926884700
231209 124323.658|INFO|Thread-68094|dumpPacket|   key: RUN is: edu.csus.ecs.pc2.core.model.Run Run 805 JUDGED 119 min 7165699ms from TEAM114 @ site 1 id Run-2084004420675817177 problem Missing_Cat--8325778690036057049 lang Java--8800253324652192008
231209 124323.658|INFO|Thread-68094|dumpPacket|   key: CLIENT_ID is: edu.csus.ecs.pc2.core.model.ClientId SERVER0 @ site 1
231209 124323.658|INFO|Thread-68094|info|handlePacket start Packet[RUN_JUDGEMENT] #9418 SERVER0 @ site 1 -> TEAM114 @ site 1
231209 124323.658|INFO|Thread-68094|dumpPacket|Packet RUN_JUDGEMENT (Seq #9418, o#9418 ) handlePacket
231209 124323.658|INFO|Thread-68094|dumpPacket|  From: SERVER0 @ site 1, oSERVER0 @ site 1 (DESKTOP-D75BQTV @ 212.212.212.212) (Contest Id: RealDeal--1957769244132597914)
231209 124323.658|INFO|Thread-68094|dumpPacket|    To: TEAM114 @ site 1
231209 124323.658|INFO|Thread-68094|dumpPacket|   key: JUDGEMENT_RECORD is: edu.csus.ecs.pc2.core.model.JudgementRecord Yes by JUDGE1 @ site 1 judgement Yes-2915828768858405923 id JudgementRecord--753187133926884700
231209 124323.658|INFO|Thread-68094|dumpPacket|   key: RUN is: edu.csus.ecs.pc2.core.model.Run Run 805 JUDGED 119 min 7165699ms from TEAM114 @ site 1 id Run-2084004420675817177 problem Missing_Cat--8325778690036057049 lang Java--8800253324652192008
231209 124323.658|INFO|Thread-68094|dumpPacket|   key: CLIENT_ID is: edu.csus.ecs.pc2.core.model.ClientId SERVER0 @ site 1
231209 124323.661|INFO|Thread-68094|info| receiveObject(S) end   got Packet[RUN_JUDGEMENT] #9418 SERVER0 @ site 1 -> TEAM114 @ site 1
