230921 162509.818|CONFIG|qtp18242360-5492|setFileHandlers|Now logging to C:\Users\18328\Desktop\pc2\WebTeamInterface-1.1\logs directory.
230921 162509.818|INFO|qtp18242360-5492|info|
230921 162509.818|INFO|qtp18242360-5492|info|Version 9 () Java ver 18.0.2.1 build  Windows 11 10.0 (amd64) 
230921 162509.818|INFO|qtp18242360-5492|info|Login: team20 (aka team20)
230921 162509.818|INFO|qtp18242360-5492|startLog|Working directory is C:\Users\18328\Desktop\pc2\WebTeamInterface-1.1
230921 162509.818|INFO|qtp18242360-5492|startLog|Process id is 1544@DESKTOP-D75BQTV
230921 162509.818|INFO|qtp18242360-5492|info|Contacting server at localhost:50002 as TEAM20 @ site 0
230921 162509.818|INFO|qtp18242360-5492|info|sendLoginRequest start - sending from TEAM20 @ site 0
230921 162509.818|INFO|qtp18242360-5492|sendToLocalServer|Sending packet to server Packet[LOGIN_REQUEST] #148 TEAM20 @ site 0 -> SERVER0 @ site 0
230921 162509.818|INFO|qtp18242360-5492|sendToLocalServer|Sent    packet to server Packet[LOGIN_REQUEST] #148 TEAM20 @ site 0 -> SERVER0 @ site 0
230921 162509.818|INFO|qtp18242360-5492|info|sendLoginRequest end - packet sent.
230921 162509.818|INFO|Thread-6326|run|send(Serializable)
230921 162509.834|INFO|Thread-6325|receive|public void receive(SealedObject TransportPacket, ConnectionHandlerID connectionHandlerID)
230921 162509.836|INFO|Thread-6327|info| receiveObject(S) start got Packet[LOGIN_SUCCESS] #705 SERVER0 @ site 1 -> TEAM20 @ site 1
230921 162509.836|INFO|Thread-6327|dumpPacket|Packet LOGIN_SUCCESS (Seq #705, o#705 ) recieveObject
230921 162509.836|INFO|Thread-6327|dumpPacket|  From: SERVER0 @ site 1, oSERVER0 @ site 1 (DESKTOP-D75BQTV @ 192.168.1.8) (Contest Id: Test2Novice-8167312297676738178)
230921 162509.836|INFO|Thread-6327|dumpPacket|    To: TEAM20 @ site 1
230921 162509.836|INFO|Thread-6327|dumpPacket|   key: PROFILE_LIST is: [Ledu.csus.ecs.pc2.core.model.Profile; [Ledu.csus.ecs.pc2.core.model.Profile;@4011ceb6
230921 162509.836|INFO|Thread-6327|dumpPacket|   key: GENERAL_PROBLEM is: edu.csus.ecs.pc2.core.model.Problem General
230921 162509.836|INFO|Thread-6327|dumpPacket|   key: CLIENT_SETTINGS_LIST is: [Ledu.csus.ecs.pc2.core.model.ClientSettings; [Ledu.csus.ecs.pc2.core.model.ClientSettings;@4ed628c4
230921 162509.836|INFO|Thread-6327|dumpPacket|   key: CONTEST_TIME is: edu.csus.ecs.pc2.core.model.ContestTime edu.csus.ecs.pc2.core.model.ContestTime@4ae9a5c6
230921 162509.836|INFO|Thread-6327|dumpPacket|   key: CLARIFICATION_LIST is: [Ledu.csus.ecs.pc2.core.model.Clarification; [Ledu.csus.ecs.pc2.core.model.Clarification;@feb22ff
230921 162509.836|INFO|Thread-6327|dumpPacket|   key: CATEGORY_LIST is: [Ledu.csus.ecs.pc2.core.model.Category; [Ledu.csus.ecs.pc2.core.model.Category;@41c139ca
230921 162509.836|INFO|Thread-6327|dumpPacket|   key: LANGUAGE_LIST is: [Ledu.csus.ecs.pc2.core.model.Language; [Ledu.csus.ecs.pc2.core.model.Language;@3eaea93e
230921 162509.836|INFO|Thread-6327|dumpPacket|   key: REMOTE_LOGGED_IN_USERS is: [Ledu.csus.ecs.pc2.core.model.ClientId; [Ledu.csus.ecs.pc2.core.model.ClientId;@396eecb8
230921 162509.836|INFO|Thread-6327|dumpPacket|   key: CONTEST_TIME_LIST is: [Ledu.csus.ecs.pc2.core.model.ContestTime; [Ledu.csus.ecs.pc2.core.model.ContestTime;@6fc4ddb0
230921 162509.836|INFO|Thread-6327|dumpPacket|   key: CONNECTION_HANDLE_ID_LIST is: [Ledu.csus.ecs.pc2.core.transport.ConnectionHandlerID; [Ledu.csus.ecs.pc2.core.transport.ConnectionHandlerID;@2783a6eb
230921 162509.836|INFO|Thread-6327|dumpPacket|   key: PROFILE is: edu.csus.ecs.pc2.core.model.Profile Test2Novice-8167312297676738178
230921 162509.836|INFO|Thread-6327|dumpPacket|   key: CLIENT_ID is: edu.csus.ecs.pc2.core.model.ClientId TEAM20 @ site 1
230921 162509.836|INFO|Thread-6327|dumpPacket|   key: SITE_NUMBER is: java.lang.Integer 1
230921 162509.836|INFO|Thread-6327|dumpPacket|   key: CONTEST_INFORMATION is: edu.csus.ecs.pc2.core.model.ContestInformation edu.csus.ecs.pc2.core.model.ContestInformation@6caf0c7c
230921 162509.836|INFO|Thread-6327|dumpPacket|   key: SITE_LIST is: [Ledu.csus.ecs.pc2.core.model.Site; [Ledu.csus.ecs.pc2.core.model.Site;@226a267d
230921 162509.836|INFO|Thread-6327|dumpPacket|   key: PROBLEM_DATA_FILES is: [Ledu.csus.ecs.pc2.core.model.ProblemDataFiles; [Ledu.csus.ecs.pc2.core.model.ProblemDataFiles;@6b8a46dd
230921 162509.836|INFO|Thread-6327|dumpPacket|   key: JUDGEMENT_LIST is: [Ledu.csus.ecs.pc2.core.model.Judgement; [Ledu.csus.ecs.pc2.core.model.Judgement;@518401b9
230921 162509.836|INFO|Thread-6327|dumpPacket|   key: PROBLEM_LIST is: [Ledu.csus.ecs.pc2.core.model.Problem; [Ledu.csus.ecs.pc2.core.model.Problem;@455c3b19
230921 162509.836|INFO|Thread-6327|dumpPacket|   key: GROUP_LIST is: [Ledu.csus.ecs.pc2.core.model.Group; [Ledu.csus.ecs.pc2.core.model.Group;@36f6b401
230921 162509.836|INFO|Thread-6327|dumpPacket|   key: LOCAL_LOGGED_IN_USERS is: [Ledu.csus.ecs.pc2.core.model.ClientId; [Ledu.csus.ecs.pc2.core.model.ClientId;@f73a0ac
230921 162509.836|INFO|Thread-6327|dumpPacket|   key: SERVER_CLOCK_OFFSET is: java.util.GregorianCalendar java.util.GregorianCalendar[time=1695331509829,areFieldsSet=true,areAllFieldsSet=false,lenient=true,zone=sun.util.calendar.ZoneInfo[id="GMT",offset=0,dstSavings=0,useDaylight=false,transitions=0,lastRule=null],firstDayOfWeek=1,minimalDaysInFirstWeek=1,ERA=1,YEAR=2023,MONTH=8,WEEK_OF_YEAR=38,WEEK_OF_MONTH=4,DAY_OF_MONTH=21,DAY_OF_YEAR=264,DAY_OF_WEEK=5,DAY_OF_WEEK_IN_MONTH=3,AM_PM=1,HOUR=9,HOUR_OF_DAY=21,MINUTE=25,SECOND=9,MILLISECOND=829,ZONE_OFFSET=0,DST_OFFSET=0]
230921 162509.836|INFO|Thread-6327|dumpPacket|   key: CONTEST_IDENTIFIER is: java.lang.String Test2Novice-8167312297676738178
230921 162509.836|INFO|Thread-6327|dumpPacket|   key: BALLOON_SETTINGS_LIST is: [Ledu.csus.ecs.pc2.core.model.BalloonSettings; [Ledu.csus.ecs.pc2.core.model.BalloonSettings;@7e0be132
230921 162509.836|INFO|Thread-6327|dumpPacket|   key: RUN_LIST is: [Ledu.csus.ecs.pc2.core.model.Run; [Ledu.csus.ecs.pc2.core.model.Run;@5aab8919
230921 162509.836|INFO|Thread-6327|dumpPacket|   key: ACCOUNT_ARRAY is: [Ledu.csus.ecs.pc2.core.model.Account; [Ledu.csus.ecs.pc2.core.model.Account;@597e78f1
230921 162509.836|INFO|Thread-6327|info|handlePacket start Packet[LOGIN_SUCCESS] #705 SERVER0 @ site 1 -> TEAM20 @ site 1
230921 162509.836|INFO|Thread-6327|dumpPacket|Packet LOGIN_SUCCESS (Seq #705, o#705 ) handlePacket
230921 162509.836|INFO|Thread-6327|dumpPacket|  From: SERVER0 @ site 1, oSERVER0 @ site 1 (DESKTOP-D75BQTV @ 192.168.1.8) (Contest Id: Test2Novice-8167312297676738178)
230921 162509.836|INFO|Thread-6327|dumpPacket|    To: TEAM20 @ site 1
230921 162509.836|INFO|Thread-6327|dumpPacket|   key: PROFILE_LIST is: [Ledu.csus.ecs.pc2.core.model.Profile; [Ledu.csus.ecs.pc2.core.model.Profile;@4011ceb6
230921 162509.836|INFO|Thread-6327|dumpPacket|   key: GENERAL_PROBLEM is: edu.csus.ecs.pc2.core.model.Problem General
230921 162509.836|INFO|Thread-6327|dumpPacket|   key: CLIENT_SETTINGS_LIST is: [Ledu.csus.ecs.pc2.core.model.ClientSettings; [Ledu.csus.ecs.pc2.core.model.ClientSettings;@4ed628c4
230921 162509.836|INFO|Thread-6327|dumpPacket|   key: CONTEST_TIME is: edu.csus.ecs.pc2.core.model.ContestTime edu.csus.ecs.pc2.core.model.ContestTime@4ae9a5c6
230921 162509.836|INFO|Thread-6327|dumpPacket|   key: CLARIFICATION_LIST is: [Ledu.csus.ecs.pc2.core.model.Clarification; [Ledu.csus.ecs.pc2.core.model.Clarification;@feb22ff
230921 162509.836|INFO|Thread-6327|dumpPacket|   key: CATEGORY_LIST is: [Ledu.csus.ecs.pc2.core.model.Category; [Ledu.csus.ecs.pc2.core.model.Category;@41c139ca
230921 162509.836|INFO|Thread-6327|dumpPacket|   key: LANGUAGE_LIST is: [Ledu.csus.ecs.pc2.core.model.Language; [Ledu.csus.ecs.pc2.core.model.Language;@3eaea93e
230921 162509.836|INFO|Thread-6327|dumpPacket|   key: REMOTE_LOGGED_IN_USERS is: [Ledu.csus.ecs.pc2.core.model.ClientId; [Ledu.csus.ecs.pc2.core.model.ClientId;@396eecb8
230921 162509.836|INFO|Thread-6327|dumpPacket|   key: CONTEST_TIME_LIST is: [Ledu.csus.ecs.pc2.core.model.ContestTime; [Ledu.csus.ecs.pc2.core.model.ContestTime;@6fc4ddb0
230921 162509.836|INFO|Thread-6327|dumpPacket|   key: CONNECTION_HANDLE_ID_LIST is: [Ledu.csus.ecs.pc2.core.transport.ConnectionHandlerID; [Ledu.csus.ecs.pc2.core.transport.ConnectionHandlerID;@2783a6eb
230921 162509.836|INFO|Thread-6327|dumpPacket|   key: PROFILE is: edu.csus.ecs.pc2.core.model.Profile Test2Novice-8167312297676738178
230921 162509.836|INFO|Thread-6327|dumpPacket|   key: CLIENT_ID is: edu.csus.ecs.pc2.core.model.ClientId TEAM20 @ site 1
230921 162509.836|INFO|Thread-6327|dumpPacket|   key: SITE_NUMBER is: java.lang.Integer 1
230921 162509.836|INFO|Thread-6327|dumpPacket|   key: CONTEST_INFORMATION is: edu.csus.ecs.pc2.core.model.ContestInformation edu.csus.ecs.pc2.core.model.ContestInformation@6caf0c7c
230921 162509.836|INFO|Thread-6327|dumpPacket|   key: SITE_LIST is: [Ledu.csus.ecs.pc2.core.model.Site; [Ledu.csus.ecs.pc2.core.model.Site;@226a267d
230921 162509.836|INFO|Thread-6327|dumpPacket|   key: PROBLEM_DATA_FILES is: [Ledu.csus.ecs.pc2.core.model.ProblemDataFiles; [Ledu.csus.ecs.pc2.core.model.ProblemDataFiles;@6b8a46dd
230921 162509.836|INFO|Thread-6327|dumpPacket|   key: JUDGEMENT_LIST is: [Ledu.csus.ecs.pc2.core.model.Judgement; [Ledu.csus.ecs.pc2.core.model.Judgement;@518401b9
230921 162509.836|INFO|Thread-6327|dumpPacket|   key: PROBLEM_LIST is: [Ledu.csus.ecs.pc2.core.model.Problem; [Ledu.csus.ecs.pc2.core.model.Problem;@455c3b19
230921 162509.836|INFO|Thread-6327|dumpPacket|   key: GROUP_LIST is: [Ledu.csus.ecs.pc2.core.model.Group; [Ledu.csus.ecs.pc2.core.model.Group;@36f6b401
230921 162509.836|INFO|Thread-6327|dumpPacket|   key: LOCAL_LOGGED_IN_USERS is: [Ledu.csus.ecs.pc2.core.model.ClientId; [Ledu.csus.ecs.pc2.core.model.ClientId;@f73a0ac
230921 162509.836|INFO|Thread-6327|dumpPacket|   key: SERVER_CLOCK_OFFSET is: java.util.GregorianCalendar java.util.GregorianCalendar[time=1695331509829,areFieldsSet=true,areAllFieldsSet=false,lenient=true,zone=sun.util.calendar.ZoneInfo[id="GMT",offset=0,dstSavings=0,useDaylight=false,transitions=0,lastRule=null],firstDayOfWeek=1,minimalDaysInFirstWeek=1,ERA=1,YEAR=2023,MONTH=8,WEEK_OF_YEAR=38,WEEK_OF_MONTH=4,DAY_OF_MONTH=21,DAY_OF_YEAR=264,DAY_OF_WEEK=5,DAY_OF_WEEK_IN_MONTH=3,AM_PM=1,HOUR=9,HOUR_OF_DAY=21,MINUTE=25,SECOND=9,MILLISECOND=829,ZONE_OFFSET=0,DST_OFFSET=0]
230921 162509.836|INFO|Thread-6327|dumpPacket|   key: CONTEST_IDENTIFIER is: java.lang.String Test2Novice-8167312297676738178
230921 162509.836|INFO|Thread-6327|dumpPacket|   key: BALLOON_SETTINGS_LIST is: [Ledu.csus.ecs.pc2.core.model.BalloonSettings; [Ledu.csus.ecs.pc2.core.model.BalloonSettings;@7e0be132
230921 162509.836|INFO|Thread-6327|dumpPacket|   key: RUN_LIST is: [Ledu.csus.ecs.pc2.core.model.Run; [Ledu.csus.ecs.pc2.core.model.Run;@5aab8919
230921 162509.836|INFO|Thread-6327|dumpPacket|   key: ACCOUNT_ARRAY is: [Ledu.csus.ecs.pc2.core.model.Account; [Ledu.csus.ecs.pc2.core.model.Account;@597e78f1
230921 162547.032|INFO|Thread-6501|run|send(Serializable)
230921 162547.083|INFO|Thread-6325|receive|public void receive(SealedObject TransportPacket, ConnectionHandlerID connectionHandlerID)
230921 162559.224|INFO|Thread-6616|run|send(Serializable)
230921 162559.289|INFO|Thread-6325|receive|public void receive(SealedObject TransportPacket, ConnectionHandlerID connectionHandlerID)
230921 162611.926|INFO|Thread-6731|run|send(Serializable)
230921 162611.985|INFO|Thread-6325|receive|public void receive(SealedObject TransportPacket, ConnectionHandlerID connectionHandlerID)
230921 162621.144|INFO|Thread-6789|run|send(Serializable)
230921 162621.204|INFO|Thread-6325|receive|public void receive(SealedObject TransportPacket, ConnectionHandlerID connectionHandlerID)
230921 162630.667|INFO|Thread-6903|run|send(Serializable)
230921 162630.722|INFO|Thread-6325|receive|public void receive(SealedObject TransportPacket, ConnectionHandlerID connectionHandlerID)
230921 162702.916|INFO|Thread-6960|run|send(Serializable)
230921 162702.986|INFO|Thread-6325|receive|public void receive(SealedObject TransportPacket, ConnectionHandlerID connectionHandlerID)
230921 162713.771|INFO|Thread-7017|run|send(Serializable)
230921 162713.836|INFO|Thread-6325|receive|public void receive(SealedObject TransportPacket, ConnectionHandlerID connectionHandlerID)
230921 162724.148|INFO|Thread-6325|connectionDropped|connectionDropped(ConnectionHandlerID myConnectionID) 
231209 104055.878|CONFIG|qtp135640095-48853|setFileHandlers|Now logging to C:\Users\18328\Desktop\pc2\WebTeamInterface-1.1\logs directory.
231209 104055.878|INFO|qtp135640095-48853|info|
231209 104055.878|INFO|qtp135640095-48853|info|Version 9 () Java ver 18.0.2.1 build  Windows 11 10.0 (amd64) 
231209 104055.878|INFO|qtp135640095-48853|info|Login: team20 (aka team20)
231209 104055.878|INFO|qtp135640095-48853|startLog|Working directory is C:\Users\18328\Desktop\pc2\WebTeamInterface-1.1
231209 104055.878|INFO|qtp135640095-48853|startLog|Process id is 15028@DESKTOP-D75BQTV
231209 104055.878|INFO|qtp135640095-48853|info|Contacting server at localhost:50002 as TEAM20 @ site 0
231209 104055.878|INFO|qtp135640095-48853|info|sendLoginRequest start - sending from TEAM20 @ site 0
231209 104055.878|INFO|qtp135640095-48853|sendToLocalServer|Sending packet to server Packet[LOGIN_REQUEST] #706 TEAM20 @ site 0 -> SERVER0 @ site 0
231209 104055.878|INFO|qtp135640095-48853|sendToLocalServer|Sent    packet to server Packet[LOGIN_REQUEST] #706 TEAM20 @ site 0 -> SERVER0 @ site 0
231209 104055.878|INFO|qtp135640095-48853|info|sendLoginRequest end - packet sent.
231209 104055.878|INFO|Thread-49523|run|send(Serializable)
231209 104055.892|INFO|Thread-49522|receive|public void receive(SealedObject TransportPacket, ConnectionHandlerID connectionHandlerID)
231209 104055.900|INFO|Thread-49524|info| receiveObject(S) start got Packet[LOGIN_SUCCESS] #3812 SERVER0 @ site 1 -> TEAM20 @ site 1
231209 104055.900|INFO|Thread-49524|dumpPacket|Packet LOGIN_SUCCESS (Seq #3812, o#3812 ) recieveObject
231209 104055.900|INFO|Thread-49524|dumpPacket|  From: SERVER0 @ site 1, oSERVER0 @ site 1 (DESKTOP-D75BQTV @ 212.212.212.212) (Contest Id: RealDeal--1957769244132597914)
231209 104055.900|INFO|Thread-49524|dumpPacket|    To: TEAM20 @ site 1
231209 104055.900|INFO|Thread-49524|dumpPacket|   key: PROFILE_LIST is: [Ledu.csus.ecs.pc2.core.model.Profile; [Ledu.csus.ecs.pc2.core.model.Profile;@640746cb
231209 104055.900|INFO|Thread-49524|dumpPacket|   key: GENERAL_PROBLEM is: edu.csus.ecs.pc2.core.model.Problem General
231209 104055.900|INFO|Thread-49524|dumpPacket|   key: CLIENT_SETTINGS_LIST is: [Ledu.csus.ecs.pc2.core.model.ClientSettings; [Ledu.csus.ecs.pc2.core.model.ClientSettings;@6ac0a43b
231209 104055.900|INFO|Thread-49524|dumpPacket|   key: CONTEST_TIME is: edu.csus.ecs.pc2.core.model.ContestTime edu.csus.ecs.pc2.core.model.ContestTime@6eff2dbb
231209 104055.900|INFO|Thread-49524|dumpPacket|   key: CLARIFICATION_LIST is: [Ledu.csus.ecs.pc2.core.model.Clarification; [Ledu.csus.ecs.pc2.core.model.Clarification;@2bfdae00
231209 104055.900|INFO|Thread-49524|dumpPacket|   key: CATEGORY_LIST is: [Ledu.csus.ecs.pc2.core.model.Category; [Ledu.csus.ecs.pc2.core.model.Category;@751284aa
231209 104055.900|INFO|Thread-49524|dumpPacket|   key: LANGUAGE_LIST is: [Ledu.csus.ecs.pc2.core.model.Language; [Ledu.csus.ecs.pc2.core.model.Language;@1a9c074f
231209 104055.900|INFO|Thread-49524|dumpPacket|   key: REMOTE_LOGGED_IN_USERS is: [Ledu.csus.ecs.pc2.core.model.ClientId; [Ledu.csus.ecs.pc2.core.model.ClientId;@d997352
231209 104055.900|INFO|Thread-49524|dumpPacket|   key: CONTEST_TIME_LIST is: [Ledu.csus.ecs.pc2.core.model.ContestTime; [Ledu.csus.ecs.pc2.core.model.ContestTime;@4bd2514f
231209 104055.900|INFO|Thread-49524|dumpPacket|   key: CONNECTION_HANDLE_ID_LIST is: [Ledu.csus.ecs.pc2.core.transport.ConnectionHandlerID; [Ledu.csus.ecs.pc2.core.transport.ConnectionHandlerID;@2a84ab4b
231209 104055.900|INFO|Thread-49524|dumpPacket|   key: PROFILE is: edu.csus.ecs.pc2.core.model.Profile RealDeal--1957769244132597914
231209 104055.900|INFO|Thread-49524|dumpPacket|   key: CLIENT_ID is: edu.csus.ecs.pc2.core.model.ClientId TEAM20 @ site 1
231209 104055.900|INFO|Thread-49524|dumpPacket|   key: SITE_NUMBER is: java.lang.Integer 1
231209 104055.900|INFO|Thread-49524|dumpPacket|   key: CONTEST_INFORMATION is: edu.csus.ecs.pc2.core.model.ContestInformation edu.csus.ecs.pc2.core.model.ContestInformation@5058672b
231209 104055.900|INFO|Thread-49524|dumpPacket|   key: SITE_LIST is: [Ledu.csus.ecs.pc2.core.model.Site; [Ledu.csus.ecs.pc2.core.model.Site;@169d9d91
231209 104055.900|INFO|Thread-49524|dumpPacket|   key: PROBLEM_DATA_FILES is: [Ledu.csus.ecs.pc2.core.model.ProblemDataFiles; [Ledu.csus.ecs.pc2.core.model.ProblemDataFiles;@4f9cee24
231209 104055.900|INFO|Thread-49524|dumpPacket|   key: JUDGEMENT_LIST is: [Ledu.csus.ecs.pc2.core.model.Judgement; [Ledu.csus.ecs.pc2.core.model.Judgement;@40cdca6f
231209 104055.900|INFO|Thread-49524|dumpPacket|   key: PROBLEM_LIST is: [Ledu.csus.ecs.pc2.core.model.Problem; [Ledu.csus.ecs.pc2.core.model.Problem;@53bf8c62
231209 104055.900|INFO|Thread-49524|dumpPacket|   key: GROUP_LIST is: [Ledu.csus.ecs.pc2.core.model.Group; [Ledu.csus.ecs.pc2.core.model.Group;@2934f291
231209 104055.900|INFO|Thread-49524|dumpPacket|   key: LOCAL_LOGGED_IN_USERS is: [Ledu.csus.ecs.pc2.core.model.ClientId; [Ledu.csus.ecs.pc2.core.model.ClientId;@171d45d
231209 104055.900|INFO|Thread-49524|dumpPacket|   key: SERVER_CLOCK_OFFSET is: java.util.GregorianCalendar java.util.GregorianCalendar[time=1702140055887,areFieldsSet=true,areAllFieldsSet=false,lenient=true,zone=sun.util.calendar.ZoneInfo[id="GMT",offset=0,dstSavings=0,useDaylight=false,transitions=0,lastRule=null],firstDayOfWeek=1,minimalDaysInFirstWeek=1,ERA=1,YEAR=2023,MONTH=11,WEEK_OF_YEAR=49,WEEK_OF_MONTH=2,DAY_OF_MONTH=9,DAY_OF_YEAR=343,DAY_OF_WEEK=7,DAY_OF_WEEK_IN_MONTH=2,AM_PM=1,HOUR=4,HOUR_OF_DAY=16,MINUTE=40,SECOND=55,MILLISECOND=887,ZONE_OFFSET=0,DST_OFFSET=0]
231209 104055.900|INFO|Thread-49524|dumpPacket|   key: CONTEST_IDENTIFIER is: java.lang.String RealDeal--1957769244132597914
231209 104055.900|INFO|Thread-49524|dumpPacket|   key: BALLOON_SETTINGS_LIST is: [Ledu.csus.ecs.pc2.core.model.BalloonSettings; [Ledu.csus.ecs.pc2.core.model.BalloonSettings;@2f41e8ae
231209 104055.900|INFO|Thread-49524|dumpPacket|   key: RUN_LIST is: [Ledu.csus.ecs.pc2.core.model.Run; [Ledu.csus.ecs.pc2.core.model.Run;@b2adb8
231209 104055.900|INFO|Thread-49524|dumpPacket|   key: ACCOUNT_ARRAY is: [Ledu.csus.ecs.pc2.core.model.Account; [Ledu.csus.ecs.pc2.core.model.Account;@e9c7745
231209 104055.900|INFO|Thread-49524|info|handlePacket start Packet[LOGIN_SUCCESS] #3812 SERVER0 @ site 1 -> TEAM20 @ site 1
231209 104055.900|INFO|Thread-49524|dumpPacket|Packet LOGIN_SUCCESS (Seq #3812, o#3812 ) handlePacket
231209 104055.900|INFO|Thread-49524|dumpPacket|  From: SERVER0 @ site 1, oSERVER0 @ site 1 (DESKTOP-D75BQTV @ 212.212.212.212) (Contest Id: RealDeal--1957769244132597914)
231209 104055.900|INFO|Thread-49524|dumpPacket|    To: TEAM20 @ site 1
231209 104055.900|INFO|Thread-49524|dumpPacket|   key: PROFILE_LIST is: [Ledu.csus.ecs.pc2.core.model.Profile; [Ledu.csus.ecs.pc2.core.model.Profile;@640746cb
231209 104055.900|INFO|Thread-49524|dumpPacket|   key: GENERAL_PROBLEM is: edu.csus.ecs.pc2.core.model.Problem General
231209 104055.900|INFO|Thread-49524|dumpPacket|   key: CLIENT_SETTINGS_LIST is: [Ledu.csus.ecs.pc2.core.model.ClientSettings; [Ledu.csus.ecs.pc2.core.model.ClientSettings;@6ac0a43b
231209 104055.900|INFO|Thread-49524|dumpPacket|   key: CONTEST_TIME is: edu.csus.ecs.pc2.core.model.ContestTime edu.csus.ecs.pc2.core.model.ContestTime@6eff2dbb
231209 104055.900|INFO|Thread-49524|dumpPacket|   key: CLARIFICATION_LIST is: [Ledu.csus.ecs.pc2.core.model.Clarification; [Ledu.csus.ecs.pc2.core.model.Clarification;@2bfdae00
231209 104055.900|INFO|Thread-49524|dumpPacket|   key: CATEGORY_LIST is: [Ledu.csus.ecs.pc2.core.model.Category; [Ledu.csus.ecs.pc2.core.model.Category;@751284aa
231209 104055.900|INFO|Thread-49524|dumpPacket|   key: LANGUAGE_LIST is: [Ledu.csus.ecs.pc2.core.model.Language; [Ledu.csus.ecs.pc2.core.model.Language;@1a9c074f
231209 104055.900|INFO|Thread-49524|dumpPacket|   key: REMOTE_LOGGED_IN_USERS is: [Ledu.csus.ecs.pc2.core.model.ClientId; [Ledu.csus.ecs.pc2.core.model.ClientId;@d997352
231209 104055.900|INFO|Thread-49524|dumpPacket|   key: CONTEST_TIME_LIST is: [Ledu.csus.ecs.pc2.core.model.ContestTime; [Ledu.csus.ecs.pc2.core.model.ContestTime;@4bd2514f
231209 104055.900|INFO|Thread-49524|dumpPacket|   key: CONNECTION_HANDLE_ID_LIST is: [Ledu.csus.ecs.pc2.core.transport.ConnectionHandlerID; [Ledu.csus.ecs.pc2.core.transport.ConnectionHandlerID;@2a84ab4b
231209 104055.900|INFO|Thread-49524|dumpPacket|   key: PROFILE is: edu.csus.ecs.pc2.core.model.Profile RealDeal--1957769244132597914
231209 104055.900|INFO|Thread-49524|dumpPacket|   key: CLIENT_ID is: edu.csus.ecs.pc2.core.model.ClientId TEAM20 @ site 1
231209 104055.900|INFO|Thread-49524|dumpPacket|   key: SITE_NUMBER is: java.lang.Integer 1
231209 104055.900|INFO|Thread-49524|dumpPacket|   key: CONTEST_INFORMATION is: edu.csus.ecs.pc2.core.model.ContestInformation edu.csus.ecs.pc2.core.model.ContestInformation@5058672b
231209 104055.900|INFO|Thread-49524|dumpPacket|   key: SITE_LIST is: [Ledu.csus.ecs.pc2.core.model.Site; [Ledu.csus.ecs.pc2.core.model.Site;@169d9d91
231209 104055.900|INFO|Thread-49524|dumpPacket|   key: PROBLEM_DATA_FILES is: [Ledu.csus.ecs.pc2.core.model.ProblemDataFiles; [Ledu.csus.ecs.pc2.core.model.ProblemDataFiles;@4f9cee24
231209 104055.900|INFO|Thread-49524|dumpPacket|   key: JUDGEMENT_LIST is: [Ledu.csus.ecs.pc2.core.model.Judgement; [Ledu.csus.ecs.pc2.core.model.Judgement;@40cdca6f
231209 104055.900|INFO|Thread-49524|dumpPacket|   key: PROBLEM_LIST is: [Ledu.csus.ecs.pc2.core.model.Problem; [Ledu.csus.ecs.pc2.core.model.Problem;@53bf8c62
231209 104055.900|INFO|Thread-49524|dumpPacket|   key: GROUP_LIST is: [Ledu.csus.ecs.pc2.core.model.Group; [Ledu.csus.ecs.pc2.core.model.Group;@2934f291
231209 104055.900|INFO|Thread-49524|dumpPacket|   key: LOCAL_LOGGED_IN_USERS is: [Ledu.csus.ecs.pc2.core.model.ClientId; [Ledu.csus.ecs.pc2.core.model.ClientId;@171d45d
231209 104055.900|INFO|Thread-49524|dumpPacket|   key: SERVER_CLOCK_OFFSET is: java.util.GregorianCalendar java.util.GregorianCalendar[time=1702140055887,areFieldsSet=true,areAllFieldsSet=false,lenient=true,zone=sun.util.calendar.ZoneInfo[id="GMT",offset=0,dstSavings=0,useDaylight=false,transitions=0,lastRule=null],firstDayOfWeek=1,minimalDaysInFirstWeek=1,ERA=1,YEAR=2023,MONTH=11,WEEK_OF_YEAR=49,WEEK_OF_MONTH=2,DAY_OF_MONTH=9,DAY_OF_YEAR=343,DAY_OF_WEEK=7,DAY_OF_WEEK_IN_MONTH=2,AM_PM=1,HOUR=4,HOUR_OF_DAY=16,MINUTE=40,SECOND=55,MILLISECOND=887,ZONE_OFFSET=0,DST_OFFSET=0]
231209 104055.900|INFO|Thread-49524|dumpPacket|   key: CONTEST_IDENTIFIER is: java.lang.String RealDeal--1957769244132597914
231209 104055.900|INFO|Thread-49524|dumpPacket|   key: BALLOON_SETTINGS_LIST is: [Ledu.csus.ecs.pc2.core.model.BalloonSettings; [Ledu.csus.ecs.pc2.core.model.BalloonSettings;@2f41e8ae
231209 104055.900|INFO|Thread-49524|dumpPacket|   key: RUN_LIST is: [Ledu.csus.ecs.pc2.core.model.Run; [Ledu.csus.ecs.pc2.core.model.Run;@b2adb8
231209 104055.900|INFO|Thread-49524|dumpPacket|   key: ACCOUNT_ARRAY is: [Ledu.csus.ecs.pc2.core.model.Account; [Ledu.csus.ecs.pc2.core.model.Account;@e9c7745
231209 104334.990|INFO|Thread-49558|run|send(Serializable)
231209 104334.990|INFO|Thread-49522|connectionDropped|connectionDropped(ConnectionHandlerID myConnectionID) 
