231209 104654.298|CONFIG|Thread-52793|setFileHandlers|Now logging to C:\Users\18328\Desktop\pc2\WebTeamInterface-1.1\logs directory.
231209 104654.298|INFO|Thread-52793|info|
231209 104654.298|INFO|Thread-52793|info|Version 9 () Java ver 18.0.2.1 build  Windows 11 10.0 (amd64) 
231209 104654.298|INFO|Thread-52793|info|Login: team89 (aka team89)
231209 104654.306|INFO|Thread-52793|startLog|Working directory is C:\Users\18328\Desktop\pc2\WebTeamInterface-1.1
231209 104654.306|INFO|Thread-52793|startLog|Process id is 15028@DESKTOP-D75BQTV
231209 104654.306|INFO|Thread-52793|info| handlePacket original LOGIN_SUCCESS after -- all settings loaded 
231209 104654.306|INFO|Thread-52793|info|handlePacket end Packet[LOGIN_SUCCESS] #3958 SERVER0 @ site 1 -> TEAM89 @ site 1
231209 104654.306|INFO|Thread-52793|info| receiveObject(S) end   got Packet[LOGIN_SUCCESS] #3958 SERVER0 @ site 1 -> TEAM89 @ site 1
231209 104900.060|INFO|Thread-55648|info| receiveObject(S) start got Packet[CLARIFICATION_ANSWER_UPDATE] #4015 SERVER0 @ site 1 -> SERVER0 @ site 0
231209 104900.060|INFO|Thread-55648|dumpPacket|Packet CLARIFICATION_ANSWER_UPDATE (Seq #4015, o#4015 ) recieveObject
231209 104900.060|INFO|Thread-55648|dumpPacket|  From: SERVER0 @ site 1, oSERVER0 @ site 1 (DESKTOP-D75BQTV @ 212.212.212.212) (Contest Id: RealDeal--1957769244132597914)
231209 104900.060|INFO|Thread-55648|dumpPacket|    To: SERVER0 @ site 0
231209 104900.060|INFO|Thread-55648|dumpPacket|   key: CLARIFICATION is: edu.csus.ecs.pc2.core.model.Clarification Clarification 1 ANSWERED from TEAM91 @ site 1 at 4 id=Clarification--3513482260916480937
231209 104900.060|INFO|Thread-55648|dumpPacket|   key: CLARIFICATION_ANSWER is: java.lang.String No response, read problem statement
231209 104900.060|INFO|Thread-55648|dumpPacket|   key: CLIENT_ID is: edu.csus.ecs.pc2.core.model.ClientId ADMINISTRATOR1 @ site 1
231209 104900.060|INFO|Thread-55648|info|handlePacket start Packet[CLARIFICATION_ANSWER_UPDATE] #4015 SERVER0 @ site 1 -> SERVER0 @ site 0
231209 104900.060|INFO|Thread-55648|dumpPacket|Packet CLARIFICATION_ANSWER_UPDATE (Seq #4015, o#4015 ) handlePacket
231209 104900.060|INFO|Thread-55648|dumpPacket|  From: SERVER0 @ site 1, oSERVER0 @ site 1 (DESKTOP-D75BQTV @ 212.212.212.212) (Contest Id: RealDeal--1957769244132597914)
231209 104900.060|INFO|Thread-55648|dumpPacket|    To: SERVER0 @ site 0
231209 104900.060|INFO|Thread-55648|dumpPacket|   key: CLARIFICATION is: edu.csus.ecs.pc2.core.model.Clarification Clarification 1 ANSWERED from TEAM91 @ site 1 at 4 id=Clarification--3513482260916480937
231209 104900.060|INFO|Thread-55648|dumpPacket|   key: CLARIFICATION_ANSWER is: java.lang.String No response, read problem statement
231209 104900.060|INFO|Thread-55648|dumpPacket|   key: CLIENT_ID is: edu.csus.ecs.pc2.core.model.ClientId ADMINISTRATOR1 @ site 1
231209 104900.071|INFO|Thread-55648|info| receiveObject(S) end   got Packet[CLARIFICATION_ANSWER_UPDATE] #4015 SERVER0 @ site 1 -> SERVER0 @ site 0
231209 104938.171|INFO|Thread-56476|info| receiveObject(S) start got Packet[CLARIFICATION_ANSWER_UPDATE] #4032 SERVER0 @ site 1 -> SERVER0 @ site 0
231209 104938.171|INFO|Thread-56476|dumpPacket|Packet CLARIFICATION_ANSWER_UPDATE (Seq #4032, o#4032 ) recieveObject
231209 104938.171|INFO|Thread-56476|dumpPacket|  From: SERVER0 @ site 1, oSERVER0 @ site 1 (DESKTOP-D75BQTV @ 212.212.212.212) (Contest Id: RealDeal--1957769244132597914)
231209 104938.171|INFO|Thread-56476|dumpPacket|    To: SERVER0 @ site 0
231209 104938.171|INFO|Thread-56476|dumpPacket|   key: CLARIFICATION is: edu.csus.ecs.pc2.core.model.Clarification Clarification 2 ANSWERED from JUDGE3 @ site 1 at 5 id=Clarification-2100581527514594593
231209 104938.171|INFO|Thread-56476|dumpPacket|   key: CLARIFICATION_ANSWER is: java.lang.String Read above
231209 104938.171|INFO|Thread-56476|dumpPacket|   key: CLIENT_ID is: edu.csus.ecs.pc2.core.model.ClientId ADMINISTRATOR1 @ site 1
231209 104938.172|INFO|Thread-56476|info|handlePacket start Packet[CLARIFICATION_ANSWER_UPDATE] #4032 SERVER0 @ site 1 -> SERVER0 @ site 0
231209 104938.172|INFO|Thread-56476|dumpPacket|Packet CLARIFICATION_ANSWER_UPDATE (Seq #4032, o#4032 ) handlePacket
231209 104938.172|INFO|Thread-56476|dumpPacket|  From: SERVER0 @ site 1, oSERVER0 @ site 1 (DESKTOP-D75BQTV @ 212.212.212.212) (Contest Id: RealDeal--1957769244132597914)
231209 104938.172|INFO|Thread-56476|dumpPacket|    To: SERVER0 @ site 0
231209 104938.172|INFO|Thread-56476|dumpPacket|   key: CLARIFICATION is: edu.csus.ecs.pc2.core.model.Clarification Clarification 2 ANSWERED from JUDGE3 @ site 1 at 5 id=Clarification-2100581527514594593
231209 104938.172|INFO|Thread-56476|dumpPacket|   key: CLARIFICATION_ANSWER is: java.lang.String Read above
231209 104938.172|INFO|Thread-56476|dumpPacket|   key: CLIENT_ID is: edu.csus.ecs.pc2.core.model.ClientId ADMINISTRATOR1 @ site 1
231209 104938.179|INFO|Thread-56476|info| receiveObject(S) end   got Packet[CLARIFICATION_ANSWER_UPDATE] #4032 SERVER0 @ site 1 -> SERVER0 @ site 0
231209 105758.490|INFO|Thread-64830|info| receiveObject(S) start got Packet[CLARIFICATION_ANSWER_UPDATE] #4323 SERVER0 @ site 1 -> SERVER0 @ site 0
231209 105758.490|INFO|Thread-64830|dumpPacket|Packet CLARIFICATION_ANSWER_UPDATE (Seq #4323, o#4323 ) recieveObject
231209 105758.490|INFO|Thread-64830|dumpPacket|  From: SERVER0 @ site 1, oSERVER0 @ site 1 (DESKTOP-D75BQTV @ 212.212.212.212) (Contest Id: RealDeal--1957769244132597914)
231209 105758.490|INFO|Thread-64830|dumpPacket|    To: SERVER0 @ site 0
231209 105758.492|INFO|Thread-64830|dumpPacket|   key: CLARIFICATION is: edu.csus.ecs.pc2.core.model.Clarification Clarification 3 ANSWERED from TEAM77 @ site 1 at 7 id=Clarification--6384166243320002001
231209 105758.492|INFO|Thread-64830|dumpPacket|   key: CLARIFICATION_ANSWER is: java.lang.String Its a 0.
231209 105758.492|INFO|Thread-64830|dumpPacket|   key: CLIENT_ID is: edu.csus.ecs.pc2.core.model.ClientId ADMINISTRATOR1 @ site 1
231209 105758.492|INFO|Thread-64830|info|handlePacket start Packet[CLARIFICATION_ANSWER_UPDATE] #4323 SERVER0 @ site 1 -> SERVER0 @ site 0
231209 105758.492|INFO|Thread-64830|dumpPacket|Packet CLARIFICATION_ANSWER_UPDATE (Seq #4323, o#4323 ) handlePacket
231209 105758.492|INFO|Thread-64830|dumpPacket|  From: SERVER0 @ site 1, oSERVER0 @ site 1 (DESKTOP-D75BQTV @ 212.212.212.212) (Contest Id: RealDeal--1957769244132597914)
231209 105758.492|INFO|Thread-64830|dumpPacket|    To: SERVER0 @ site 0
231209 105758.492|INFO|Thread-64830|dumpPacket|   key: CLARIFICATION is: edu.csus.ecs.pc2.core.model.Clarification Clarification 3 ANSWERED from TEAM77 @ site 1 at 7 id=Clarification--6384166243320002001
231209 105758.492|INFO|Thread-64830|dumpPacket|   key: CLARIFICATION_ANSWER is: java.lang.String Its a 0.
231209 105758.492|INFO|Thread-64830|dumpPacket|   key: CLIENT_ID is: edu.csus.ecs.pc2.core.model.ClientId ADMINISTRATOR1 @ site 1
231209 105758.546|INFO|Thread-64830|info| receiveObject(S) end   got Packet[CLARIFICATION_ANSWER_UPDATE] #4323 SERVER0 @ site 1 -> SERVER0 @ site 0
231209 110012.915|INFO|Thread-64970|info| receiveObject(S) start got Packet[CLARIFICATION_ANSWER_UPDATE] #4399 SERVER0 @ site 1 -> SERVER0 @ site 0
231209 110012.915|INFO|Thread-64970|dumpPacket|Packet CLARIFICATION_ANSWER_UPDATE (Seq #4399, o#4399 ) recieveObject
231209 110012.915|INFO|Thread-64970|dumpPacket|  From: SERVER0 @ site 1, oSERVER0 @ site 1 (DESKTOP-D75BQTV @ 212.212.212.212) (Contest Id: RealDeal--1957769244132597914)
231209 110012.915|INFO|Thread-64970|dumpPacket|    To: SERVER0 @ site 0
231209 110012.915|INFO|Thread-64970|dumpPacket|   key: CLARIFICATION is: edu.csus.ecs.pc2.core.model.Clarification Clarification 4 ANSWERED from TEAM82 @ site 1 at 14 id=Clarification-5863903242636736970
231209 110012.915|INFO|Thread-64970|dumpPacket|   key: CLARIFICATION_ANSWER is: java.lang.String Read the problem description.
231209 110012.915|INFO|Thread-64970|dumpPacket|   key: CLIENT_ID is: edu.csus.ecs.pc2.core.model.ClientId JUDGE10 @ site 1
231209 110012.915|INFO|Thread-64970|info|handlePacket start Packet[CLARIFICATION_ANSWER_UPDATE] #4399 SERVER0 @ site 1 -> SERVER0 @ site 0
231209 110012.915|INFO|Thread-64970|dumpPacket|Packet CLARIFICATION_ANSWER_UPDATE (Seq #4399, o#4399 ) handlePacket
231209 110012.915|INFO|Thread-64970|dumpPacket|  From: SERVER0 @ site 1, oSERVER0 @ site 1 (DESKTOP-D75BQTV @ 212.212.212.212) (Contest Id: RealDeal--1957769244132597914)
231209 110012.915|INFO|Thread-64970|dumpPacket|    To: SERVER0 @ site 0
231209 110012.915|INFO|Thread-64970|dumpPacket|   key: CLARIFICATION is: edu.csus.ecs.pc2.core.model.Clarification Clarification 4 ANSWERED from TEAM82 @ site 1 at 14 id=Clarification-5863903242636736970
231209 110012.915|INFO|Thread-64970|dumpPacket|   key: CLARIFICATION_ANSWER is: java.lang.String Read the problem description.
231209 110012.915|INFO|Thread-64970|dumpPacket|   key: CLIENT_ID is: edu.csus.ecs.pc2.core.model.ClientId JUDGE10 @ site 1
231209 110012.939|INFO|Thread-64970|info| receiveObject(S) end   got Packet[CLARIFICATION_ANSWER_UPDATE] #4399 SERVER0 @ site 1 -> SERVER0 @ site 0
231209 110139.175|INFO|Thread-65106|info| receiveObject(S) start got Packet[CLARIFICATION_ANSWER_UPDATE] #4469 SERVER0 @ site 1 -> SERVER0 @ site 0
231209 110139.175|INFO|Thread-65106|dumpPacket|Packet CLARIFICATION_ANSWER_UPDATE (Seq #4469, o#4469 ) recieveObject
231209 110139.175|INFO|Thread-65106|dumpPacket|  From: SERVER0 @ site 1, oSERVER0 @ site 1 (DESKTOP-D75BQTV @ 212.212.212.212) (Contest Id: RealDeal--1957769244132597914)
231209 110139.175|INFO|Thread-65106|dumpPacket|    To: SERVER0 @ site 0
231209 110139.175|INFO|Thread-65106|dumpPacket|   key: CLARIFICATION is: edu.csus.ecs.pc2.core.model.Clarification Clarification 5 ANSWERED from TEAM50 @ site 1 at 16 id=Clarification-1647212286997947126
231209 110139.175|INFO|Thread-65106|dumpPacket|   key: CLARIFICATION_ANSWER is: java.lang.String yes
231209 110139.175|INFO|Thread-65106|dumpPacket|   key: CLIENT_ID is: edu.csus.ecs.pc2.core.model.ClientId JUDGE10 @ site 1
231209 110139.175|INFO|Thread-65106|info|handlePacket start Packet[CLARIFICATION_ANSWER_UPDATE] #4469 SERVER0 @ site 1 -> SERVER0 @ site 0
231209 110139.175|INFO|Thread-65106|dumpPacket|Packet CLARIFICATION_ANSWER_UPDATE (Seq #4469, o#4469 ) handlePacket
231209 110139.175|INFO|Thread-65106|dumpPacket|  From: SERVER0 @ site 1, oSERVER0 @ site 1 (DESKTOP-D75BQTV @ 212.212.212.212) (Contest Id: RealDeal--1957769244132597914)
231209 110139.175|INFO|Thread-65106|dumpPacket|    To: SERVER0 @ site 0
231209 110139.175|INFO|Thread-65106|dumpPacket|   key: CLARIFICATION is: edu.csus.ecs.pc2.core.model.Clarification Clarification 5 ANSWERED from TEAM50 @ site 1 at 16 id=Clarification-1647212286997947126
231209 110139.175|INFO|Thread-65106|dumpPacket|   key: CLARIFICATION_ANSWER is: java.lang.String yes
231209 110139.175|INFO|Thread-65106|dumpPacket|   key: CLIENT_ID is: edu.csus.ecs.pc2.core.model.ClientId JUDGE10 @ site 1
231209 110139.181|INFO|Thread-65106|info| receiveObject(S) end   got Packet[CLARIFICATION_ANSWER_UPDATE] #4469 SERVER0 @ site 1 -> SERVER0 @ site 0
231209 110446.752|INFO|Thread-65257|info| receiveObject(S) start got Packet[CLARIFICATION_ANSWER_UPDATE] #4608 SERVER0 @ site 1 -> SERVER0 @ site 0
231209 110446.752|INFO|Thread-65257|dumpPacket|Packet CLARIFICATION_ANSWER_UPDATE (Seq #4608, o#4608 ) recieveObject
231209 110446.752|INFO|Thread-65257|dumpPacket|  From: SERVER0 @ site 1, oSERVER0 @ site 1 (DESKTOP-D75BQTV @ 212.212.212.212) (Contest Id: RealDeal--1957769244132597914)
231209 110446.752|INFO|Thread-65257|dumpPacket|    To: SERVER0 @ site 0
231209 110446.752|INFO|Thread-65257|dumpPacket|   key: CLARIFICATION is: edu.csus.ecs.pc2.core.model.Clarification Clarification 6 ANSWERED from TEAM117 @ site 1 at 20 id=Clarification-7620427522712153602
231209 110446.752|INFO|Thread-65257|dumpPacket|   key: CLARIFICATION_ANSWER is: java.lang.String There may be.
231209 110446.752|INFO|Thread-65257|dumpPacket|   key: CLIENT_ID is: edu.csus.ecs.pc2.core.model.ClientId ADMINISTRATOR1 @ site 1
231209 110446.752|INFO|Thread-65257|info|handlePacket start Packet[CLARIFICATION_ANSWER_UPDATE] #4608 SERVER0 @ site 1 -> SERVER0 @ site 0
231209 110446.752|INFO|Thread-65257|dumpPacket|Packet CLARIFICATION_ANSWER_UPDATE (Seq #4608, o#4608 ) handlePacket
231209 110446.752|INFO|Thread-65257|dumpPacket|  From: SERVER0 @ site 1, oSERVER0 @ site 1 (DESKTOP-D75BQTV @ 212.212.212.212) (Contest Id: RealDeal--1957769244132597914)
231209 110446.752|INFO|Thread-65257|dumpPacket|    To: SERVER0 @ site 0
231209 110446.752|INFO|Thread-65257|dumpPacket|   key: CLARIFICATION is: edu.csus.ecs.pc2.core.model.Clarification Clarification 6 ANSWERED from TEAM117 @ site 1 at 20 id=Clarification-7620427522712153602
231209 110446.752|INFO|Thread-65257|dumpPacket|   key: CLARIFICATION_ANSWER is: java.lang.String There may be.
231209 110446.752|INFO|Thread-65257|dumpPacket|   key: CLIENT_ID is: edu.csus.ecs.pc2.core.model.ClientId ADMINISTRATOR1 @ site 1
231209 110446.763|INFO|Thread-65257|info| receiveObject(S) end   got Packet[CLARIFICATION_ANSWER_UPDATE] #4608 SERVER0 @ site 1 -> SERVER0 @ site 0
231209 110645.424|INFO|Thread-65436|info| receiveObject(S) start got Packet[UPDATE_SETTING] #4698 SERVER0 @ site 1 -> SERVER0 @ site 0
231209 110645.424|INFO|Thread-65436|dumpPacket|Packet UPDATE_SETTING (Seq #4698, o#139 ) recieveObject
231209 110645.424|INFO|Thread-65436|dumpPacket|  From: SERVER0 @ site 1, oADMINISTRATOR1 @ site 1 (DESKTOP-D75BQTV @ 212.212.212.212) (Contest Id: RealDeal--1957769244132597914)
231209 110645.424|INFO|Thread-65436|dumpPacket|    To: SERVER0 @ site 0
231209 110645.424|INFO|Thread-65436|dumpPacket|   key: PROBLEM is: edu.csus.ecs.pc2.core.model.Problem Shuffle
231209 110645.424|INFO|Thread-65436|info|handlePacket start Packet[UPDATE_SETTING] #4698 SERVER0 @ site 1 -> SERVER0 @ site 0
231209 110645.424|INFO|Thread-65436|dumpPacket|Packet UPDATE_SETTING (Seq #4698, o#139 ) handlePacket
231209 110645.424|INFO|Thread-65436|dumpPacket|  From: SERVER0 @ site 1, oADMINISTRATOR1 @ site 1 (DESKTOP-D75BQTV @ 212.212.212.212) (Contest Id: RealDeal--1957769244132597914)
231209 110645.424|INFO|Thread-65436|dumpPacket|    To: SERVER0 @ site 0
231209 110645.424|INFO|Thread-65436|dumpPacket|   key: PROBLEM is: edu.csus.ecs.pc2.core.model.Problem Shuffle
231209 110645.424|INFO|Thread-65436|info|handlePacket end Packet[UPDATE_SETTING] #4698 SERVER0 @ site 1 -> SERVER0 @ site 0
231209 110645.429|INFO|Thread-65436|info| receiveObject(S) end   got Packet[UPDATE_SETTING] #4698 SERVER0 @ site 1 -> SERVER0 @ site 0
231209 110856.367|INFO|qtp135640095-64758|sendToLocalServer|Sending packet to server Packet[RUN_SUBMISSION] #871 TEAM89 @ site 1 -> SERVER0 @ site 1
231209 110856.367|INFO|qtp135640095-64758|sendToLocalServer|Sent    packet to server Packet[RUN_SUBMISSION] #871 TEAM89 @ site 1 -> SERVER0 @ site 1
231209 110856.448|INFO|Thread-65484|info| receiveObject(S) start got Packet[RUN_SUBMISSION_CONFIRM] #4783 SERVER0 @ site 1 -> TEAM89 @ site 1
231209 110856.448|INFO|Thread-65484|dumpPacket|Packet RUN_SUBMISSION_CONFIRM (Seq #4783, o#4783 ) recieveObject
231209 110856.448|INFO|Thread-65484|dumpPacket|  From: SERVER0 @ site 1, oSERVER0 @ site 1 (DESKTOP-D75BQTV @ 212.212.212.212) (Contest Id: RealDeal--1957769244132597914)
231209 110856.448|INFO|Thread-65484|dumpPacket|    To: TEAM89 @ site 1
231209 110856.448|INFO|Thread-65484|dumpPacket|   key: RUN is: edu.csus.ecs.pc2.core.model.Run Run 117 NEW 25 min 1515647ms from TEAM89 @ site 1 id Run--1347205858657465539 problem Missing_Cat--8325778690036057049 lang Java--8800253324652192008
231209 110856.448|INFO|Thread-65484|info|handlePacket start Packet[RUN_SUBMISSION_CONFIRM] #4783 SERVER0 @ site 1 -> TEAM89 @ site 1
231209 110856.448|INFO|Thread-65484|dumpPacket|Packet RUN_SUBMISSION_CONFIRM (Seq #4783, o#4783 ) handlePacket
231209 110856.448|INFO|Thread-65484|dumpPacket|  From: SERVER0 @ site 1, oSERVER0 @ site 1 (DESKTOP-D75BQTV @ 212.212.212.212) (Contest Id: RealDeal--1957769244132597914)
231209 110856.448|INFO|Thread-65484|dumpPacket|    To: TEAM89 @ site 1
231209 110856.448|INFO|Thread-65484|dumpPacket|   key: RUN is: edu.csus.ecs.pc2.core.model.Run Run 117 NEW 25 min 1515647ms from TEAM89 @ site 1 id Run--1347205858657465539 problem Missing_Cat--8325778690036057049 lang Java--8800253324652192008
231209 110856.448|INFO|Thread-65484|info| receiveObject(S) end   got Packet[RUN_SUBMISSION_CONFIRM] #4783 SERVER0 @ site 1 -> TEAM89 @ site 1
231209 110904.801|INFO|Thread-65490|info| receiveObject(S) start got Packet[RUN_JUDGEMENT] #4797 SERVER0 @ site 1 -> TEAM89 @ site 1
231209 110904.801|INFO|Thread-65490|dumpPacket|Packet RUN_JUDGEMENT (Seq #4797, o#4797 ) recieveObject
231209 110904.801|INFO|Thread-65490|dumpPacket|  From: SERVER0 @ site 1, oSERVER0 @ site 1 (DESKTOP-D75BQTV @ 212.212.212.212) (Contest Id: RealDeal--1957769244132597914)
231209 110904.801|INFO|Thread-65490|dumpPacket|    To: TEAM89 @ site 1
231209 110904.801|INFO|Thread-65490|dumpPacket|   key: JUDGEMENT_RECORD is: edu.csus.ecs.pc2.core.model.JudgementRecord Yes by JUDGE1 @ site 1 judgement Yes-2915828768858405923 id JudgementRecord-7131705072880390048
231209 110904.801|INFO|Thread-65490|dumpPacket|   key: RUN is: edu.csus.ecs.pc2.core.model.Run Run 117 JUDGED 25 min 1515647ms from TEAM89 @ site 1 id Run--1347205858657465539 problem Missing_Cat--8325778690036057049 lang Java--8800253324652192008
231209 110904.801|INFO|Thread-65490|dumpPacket|   key: CLIENT_ID is: edu.csus.ecs.pc2.core.model.ClientId SERVER0 @ site 1
231209 110904.801|INFO|Thread-65490|info|handlePacket start Packet[RUN_JUDGEMENT] #4797 SERVER0 @ site 1 -> TEAM89 @ site 1
231209 110904.801|INFO|Thread-65490|dumpPacket|Packet RUN_JUDGEMENT (Seq #4797, o#4797 ) handlePacket
231209 110904.801|INFO|Thread-65490|dumpPacket|  From: SERVER0 @ site 1, oSERVER0 @ site 1 (DESKTOP-D75BQTV @ 212.212.212.212) (Contest Id: RealDeal--1957769244132597914)
231209 110904.801|INFO|Thread-65490|dumpPacket|    To: TEAM89 @ site 1
231209 110904.801|INFO|Thread-65490|dumpPacket|   key: JUDGEMENT_RECORD is: edu.csus.ecs.pc2.core.model.JudgementRecord Yes by JUDGE1 @ site 1 judgement Yes-2915828768858405923 id JudgementRecord-7131705072880390048
231209 110904.801|INFO|Thread-65490|dumpPacket|   key: RUN is: edu.csus.ecs.pc2.core.model.Run Run 117 JUDGED 25 min 1515647ms from TEAM89 @ site 1 id Run--1347205858657465539 problem Missing_Cat--8325778690036057049 lang Java--8800253324652192008
231209 110904.801|INFO|Thread-65490|dumpPacket|   key: CLIENT_ID is: edu.csus.ecs.pc2.core.model.ClientId SERVER0 @ site 1
231209 110904.801|INFO|Thread-65490|info| receiveObject(S) end   got Packet[RUN_JUDGEMENT] #4797 SERVER0 @ site 1 -> TEAM89 @ site 1
231209 111315.695|INFO|Thread-65647|info| receiveObject(S) start got Packet[CLARIFICATION_ANSWER_UPDATE] #4919 SERVER0 @ site 1 -> SERVER0 @ site 0
231209 111315.695|INFO|Thread-65647|dumpPacket|Packet CLARIFICATION_ANSWER_UPDATE (Seq #4919, o#4919 ) recieveObject
231209 111315.695|INFO|Thread-65647|dumpPacket|  From: SERVER0 @ site 1, oSERVER0 @ site 1 (DESKTOP-D75BQTV @ 212.212.212.212) (Contest Id: RealDeal--1957769244132597914)
231209 111315.695|INFO|Thread-65647|dumpPacket|    To: SERVER0 @ site 0
231209 111315.695|INFO|Thread-65647|dumpPacket|   key: CLARIFICATION is: edu.csus.ecs.pc2.core.model.Clarification Clarification 9 ANSWERED from TEAM75 @ site 1 at 27 id=Clarification-2320838978162202316
231209 111315.696|INFO|Thread-65647|dumpPacket|   key: CLARIFICATION_ANSWER is: java.lang.String No response, read problem statement
231209 111315.696|INFO|Thread-65647|dumpPacket|   key: CLIENT_ID is: edu.csus.ecs.pc2.core.model.ClientId ADMINISTRATOR1 @ site 1
231209 111315.696|INFO|Thread-65647|info|handlePacket start Packet[CLARIFICATION_ANSWER_UPDATE] #4919 SERVER0 @ site 1 -> SERVER0 @ site 0
231209 111315.696|INFO|Thread-65647|dumpPacket|Packet CLARIFICATION_ANSWER_UPDATE (Seq #4919, o#4919 ) handlePacket
231209 111315.696|INFO|Thread-65647|dumpPacket|  From: SERVER0 @ site 1, oSERVER0 @ site 1 (DESKTOP-D75BQTV @ 212.212.212.212) (Contest Id: RealDeal--1957769244132597914)
231209 111315.696|INFO|Thread-65647|dumpPacket|    To: SERVER0 @ site 0
231209 111315.696|INFO|Thread-65647|dumpPacket|   key: CLARIFICATION is: edu.csus.ecs.pc2.core.model.Clarification Clarification 9 ANSWERED from TEAM75 @ site 1 at 27 id=Clarification-2320838978162202316
231209 111315.696|INFO|Thread-65647|dumpPacket|   key: CLARIFICATION_ANSWER is: java.lang.String No response, read problem statement
231209 111315.696|INFO|Thread-65647|dumpPacket|   key: CLIENT_ID is: edu.csus.ecs.pc2.core.model.ClientId ADMINISTRATOR1 @ site 1
231209 111315.701|INFO|Thread-65647|info| receiveObject(S) end   got Packet[CLARIFICATION_ANSWER_UPDATE] #4919 SERVER0 @ site 1 -> SERVER0 @ site 0
231209 111459.800|INFO|Thread-65760|info| receiveObject(S) start got Packet[CLARIFICATION_ANSWER_UPDATE] #4991 SERVER0 @ site 1 -> SERVER0 @ site 0
231209 111459.800|INFO|Thread-65760|dumpPacket|Packet CLARIFICATION_ANSWER_UPDATE (Seq #4991, o#4991 ) recieveObject
231209 111459.801|INFO|Thread-65760|dumpPacket|  From: SERVER0 @ site 1, oSERVER0 @ site 1 (DESKTOP-D75BQTV @ 212.212.212.212) (Contest Id: RealDeal--1957769244132597914)
231209 111459.801|INFO|Thread-65760|dumpPacket|    To: SERVER0 @ site 0
231209 111459.801|INFO|Thread-65760|dumpPacket|   key: CLARIFICATION is: edu.csus.ecs.pc2.core.model.Clarification Clarification 10 ANSWERED from TEAM81 @ site 1 at 28 id=Clarification--5973036823618156599
231209 111459.801|INFO|Thread-65760|dumpPacket|   key: CLARIFICATION_ANSWER is: java.lang.String It is 3/4 a cup of butter
231209 111459.801|INFO|Thread-65760|dumpPacket|   key: CLIENT_ID is: edu.csus.ecs.pc2.core.model.ClientId JUDGE10 @ site 1
231209 111459.801|INFO|Thread-65760|info|handlePacket start Packet[CLARIFICATION_ANSWER_UPDATE] #4991 SERVER0 @ site 1 -> SERVER0 @ site 0
231209 111459.801|INFO|Thread-65760|dumpPacket|Packet CLARIFICATION_ANSWER_UPDATE (Seq #4991, o#4991 ) handlePacket
231209 111459.801|INFO|Thread-65760|dumpPacket|  From: SERVER0 @ site 1, oSERVER0 @ site 1 (DESKTOP-D75BQTV @ 212.212.212.212) (Contest Id: RealDeal--1957769244132597914)
231209 111459.801|INFO|Thread-65760|dumpPacket|    To: SERVER0 @ site 0
231209 111459.801|INFO|Thread-65760|dumpPacket|   key: CLARIFICATION is: edu.csus.ecs.pc2.core.model.Clarification Clarification 10 ANSWERED from TEAM81 @ site 1 at 28 id=Clarification--5973036823618156599
231209 111459.801|INFO|Thread-65760|dumpPacket|   key: CLARIFICATION_ANSWER is: java.lang.String It is 3/4 a cup of butter
231209 111459.801|INFO|Thread-65760|dumpPacket|   key: CLIENT_ID is: edu.csus.ecs.pc2.core.model.ClientId JUDGE10 @ site 1
231209 111459.844|INFO|Thread-65760|info| receiveObject(S) end   got Packet[CLARIFICATION_ANSWER_UPDATE] #4991 SERVER0 @ site 1 -> SERVER0 @ site 0
231209 114011.707|INFO|qtp135640095-66044|sendToLocalServer|Sending packet to server Packet[RUN_SUBMISSION] #1068 TEAM89 @ site 1 -> SERVER0 @ site 1
231209 114011.707|INFO|qtp135640095-66044|sendToLocalServer|Sent    packet to server Packet[RUN_SUBMISSION] #1068 TEAM89 @ site 1 -> SERVER0 @ site 1
231209 114011.853|INFO|Thread-66292|info| receiveObject(S) start got Packet[RUN_SUBMISSION_CONFIRM] #5999 SERVER0 @ site 1 -> TEAM89 @ site 1
231209 114011.853|INFO|Thread-66292|dumpPacket|Packet RUN_SUBMISSION_CONFIRM (Seq #5999, o#5999 ) recieveObject
231209 114011.853|INFO|Thread-66292|dumpPacket|  From: SERVER0 @ site 1, oSERVER0 @ site 1 (DESKTOP-D75BQTV @ 212.212.212.212) (Contest Id: RealDeal--1957769244132597914)
231209 114011.853|INFO|Thread-66292|dumpPacket|    To: TEAM89 @ site 1
231209 114011.853|INFO|Thread-66292|dumpPacket|   key: RUN is: edu.csus.ecs.pc2.core.model.Run Run 299 NEW 56 min 3390979ms from TEAM89 @ site 1 id Run-3508785992015735295 problem Word--384876857808405789 lang Java--8800253324652192008
231209 114011.853|INFO|Thread-66292|info|handlePacket start Packet[RUN_SUBMISSION_CONFIRM] #5999 SERVER0 @ site 1 -> TEAM89 @ site 1
231209 114011.853|INFO|Thread-66292|dumpPacket|Packet RUN_SUBMISSION_CONFIRM (Seq #5999, o#5999 ) handlePacket
231209 114011.853|INFO|Thread-66292|dumpPacket|  From: SERVER0 @ site 1, oSERVER0 @ site 1 (DESKTOP-D75BQTV @ 212.212.212.212) (Contest Id: RealDeal--1957769244132597914)
231209 114011.853|INFO|Thread-66292|dumpPacket|    To: TEAM89 @ site 1
231209 114011.853|INFO|Thread-66292|dumpPacket|   key: RUN is: edu.csus.ecs.pc2.core.model.Run Run 299 NEW 56 min 3390979ms from TEAM89 @ site 1 id Run-3508785992015735295 problem Word--384876857808405789 lang Java--8800253324652192008
231209 114011.853|INFO|Thread-66292|info| receiveObject(S) end   got Packet[RUN_SUBMISSION_CONFIRM] #5999 SERVER0 @ site 1 -> TEAM89 @ site 1
231209 114020.652|INFO|Thread-66297|info| receiveObject(S) start got Packet[RUN_JUDGEMENT] #6007 SERVER0 @ site 1 -> TEAM89 @ site 1
231209 114020.652|INFO|Thread-66297|dumpPacket|Packet RUN_JUDGEMENT (Seq #6007, o#6007 ) recieveObject
231209 114020.652|INFO|Thread-66297|dumpPacket|  From: SERVER0 @ site 1, oSERVER0 @ site 1 (DESKTOP-D75BQTV @ 212.212.212.212) (Contest Id: RealDeal--1957769244132597914)
231209 114020.652|INFO|Thread-66297|dumpPacket|    To: TEAM89 @ site 1
231209 114020.652|INFO|Thread-66297|dumpPacket|   key: JUDGEMENT_RECORD is: edu.csus.ecs.pc2.core.model.JudgementRecord Yes by JUDGE2 @ site 1 judgement Yes-2915828768858405923 id JudgementRecord--8405374332230164885
231209 114020.652|INFO|Thread-66297|dumpPacket|   key: RUN is: edu.csus.ecs.pc2.core.model.Run Run 299 JUDGED 56 min 3390979ms from TEAM89 @ site 1 id Run-3508785992015735295 problem Word--384876857808405789 lang Java--8800253324652192008
231209 114020.652|INFO|Thread-66297|dumpPacket|   key: CLIENT_ID is: edu.csus.ecs.pc2.core.model.ClientId SERVER0 @ site 1
231209 114020.652|INFO|Thread-66297|info|handlePacket start Packet[RUN_JUDGEMENT] #6007 SERVER0 @ site 1 -> TEAM89 @ site 1
231209 114020.652|INFO|Thread-66297|dumpPacket|Packet RUN_JUDGEMENT (Seq #6007, o#6007 ) handlePacket
231209 114020.652|INFO|Thread-66297|dumpPacket|  From: SERVER0 @ site 1, oSERVER0 @ site 1 (DESKTOP-D75BQTV @ 212.212.212.212) (Contest Id: RealDeal--1957769244132597914)
231209 114020.652|INFO|Thread-66297|dumpPacket|    To: TEAM89 @ site 1
231209 114020.652|INFO|Thread-66297|dumpPacket|   key: JUDGEMENT_RECORD is: edu.csus.ecs.pc2.core.model.JudgementRecord Yes by JUDGE2 @ site 1 judgement Yes-2915828768858405923 id JudgementRecord--8405374332230164885
231209 114020.652|INFO|Thread-66297|dumpPacket|   key: RUN is: edu.csus.ecs.pc2.core.model.Run Run 299 JUDGED 56 min 3390979ms from TEAM89 @ site 1 id Run-3508785992015735295 problem Word--384876857808405789 lang Java--8800253324652192008
231209 114020.652|INFO|Thread-66297|dumpPacket|   key: CLIENT_ID is: edu.csus.ecs.pc2.core.model.ClientId SERVER0 @ site 1
231209 114020.652|INFO|Thread-66297|info| receiveObject(S) end   got Packet[RUN_JUDGEMENT] #6007 SERVER0 @ site 1 -> TEAM89 @ site 1
231209 115431.559|INFO|Thread-66747|info| receiveObject(S) start got Packet[CLARIFICATION_ANSWER_UPDATE] #6720 SERVER0 @ site 1 -> SERVER0 @ site 0
231209 115431.559|INFO|Thread-66747|dumpPacket|Packet CLARIFICATION_ANSWER_UPDATE (Seq #6720, o#6720 ) recieveObject
231209 115431.559|INFO|Thread-66747|dumpPacket|  From: SERVER0 @ site 1, oSERVER0 @ site 1 (DESKTOP-D75BQTV @ 212.212.212.212) (Contest Id: RealDeal--1957769244132597914)
231209 115431.559|INFO|Thread-66747|dumpPacket|    To: SERVER0 @ site 0
231209 115431.559|INFO|Thread-66747|dumpPacket|   key: CLARIFICATION is: edu.csus.ecs.pc2.core.model.Clarification Clarification 20 ANSWERED from TEAM100 @ site 1 at 69 id=Clarification--4622882980912914428
231209 115431.559|INFO|Thread-66747|dumpPacket|   key: CLARIFICATION_ANSWER is: java.lang.String This is not usaco guys, brute force to your hearts content.
231209 115431.559|INFO|Thread-66747|dumpPacket|   key: CLIENT_ID is: edu.csus.ecs.pc2.core.model.ClientId ADMINISTRATOR1 @ site 1
231209 115431.559|INFO|Thread-66747|info|handlePacket start Packet[CLARIFICATION_ANSWER_UPDATE] #6720 SERVER0 @ site 1 -> SERVER0 @ site 0
231209 115431.559|INFO|Thread-66747|dumpPacket|Packet CLARIFICATION_ANSWER_UPDATE (Seq #6720, o#6720 ) handlePacket
231209 115431.559|INFO|Thread-66747|dumpPacket|  From: SERVER0 @ site 1, oSERVER0 @ site 1 (DESKTOP-D75BQTV @ 212.212.212.212) (Contest Id: RealDeal--1957769244132597914)
231209 115431.562|INFO|Thread-66747|dumpPacket|    To: SERVER0 @ site 0
231209 115431.562|INFO|Thread-66747|dumpPacket|   key: CLARIFICATION is: edu.csus.ecs.pc2.core.model.Clarification Clarification 20 ANSWERED from TEAM100 @ site 1 at 69 id=Clarification--4622882980912914428
231209 115431.562|INFO|Thread-66747|dumpPacket|   key: CLARIFICATION_ANSWER is: java.lang.String This is not usaco guys, brute force to your hearts content.
231209 115431.562|INFO|Thread-66747|dumpPacket|   key: CLIENT_ID is: edu.csus.ecs.pc2.core.model.ClientId ADMINISTRATOR1 @ site 1
231209 115431.562|INFO|Thread-66747|info| receiveObject(S) end   got Packet[CLARIFICATION_ANSWER_UPDATE] #6720 SERVER0 @ site 1 -> SERVER0 @ site 0
