231209 083127.547|CONFIG|qtp135640095-6001|setFileHandlers|Now logging to C:\Users\18328\Desktop\pc2\WebTeamInterface-1.1\logs directory.
231209 083127.547|INFO|qtp135640095-6001|info|
231209 083127.547|INFO|qtp135640095-6001|info|Version 9 () Java ver 18.0.2.1 build  Windows 11 10.0 (amd64) 
231209 083127.547|INFO|qtp135640095-6001|info|Login: team117 (aka team117)
231209 083127.547|INFO|qtp135640095-6001|startLog|Working directory is C:\Users\18328\Desktop\pc2\WebTeamInterface-1.1
231209 083127.547|INFO|qtp135640095-6001|startLog|Process id is 15028@DESKTOP-D75BQTV
231209 083127.547|INFO|qtp135640095-6001|info|Contacting server at localhost:50002 as TEAM117 @ site 0
231209 083127.547|INFO|qtp135640095-6001|info|sendLoginRequest start - sending from TEAM117 @ site 0
231209 083127.547|INFO|qtp135640095-6001|sendToLocalServer|Sending packet to server Packet[LOGIN_REQUEST] #259 TEAM117 @ site 0 -> SERVER0 @ site 0
231209 083127.547|INFO|qtp135640095-6001|sendToLocalServer|Sent    packet to server Packet[LOGIN_REQUEST] #259 TEAM117 @ site 0 -> SERVER0 @ site 0
231209 083127.547|INFO|qtp135640095-6001|info|sendLoginRequest end - packet sent.
231209 083127.547|INFO|Thread-15675|run|send(Serializable)
231209 083127.557|INFO|Thread-15674|receive|public void receive(SealedObject TransportPacket, ConnectionHandlerID connectionHandlerID)
231209 083127.561|INFO|Thread-15676|info| receiveObject(S) start got Packet[LOGIN_SUCCESS] #1408 SERVER0 @ site 1 -> TEAM117 @ site 1
231209 083127.561|INFO|Thread-15676|dumpPacket|Packet LOGIN_SUCCESS (Seq #1408, o#1408 ) recieveObject
231209 083127.561|INFO|Thread-15676|dumpPacket|  From: SERVER0 @ site 1, oSERVER0 @ site 1 (DESKTOP-D75BQTV @ 212.212.212.212) (Contest Id: DryRun--6069080675419338087)
231209 083127.561|INFO|Thread-15676|dumpPacket|    To: TEAM117 @ site 1
231209 083127.561|INFO|Thread-15676|dumpPacket|   key: PROFILE_LIST is: [Ledu.csus.ecs.pc2.core.model.Profile; [Ledu.csus.ecs.pc2.core.model.Profile;@b857248
231209 083127.561|INFO|Thread-15676|dumpPacket|   key: GENERAL_PROBLEM is: edu.csus.ecs.pc2.core.model.Problem General
231209 083127.561|INFO|Thread-15676|dumpPacket|   key: CLIENT_SETTINGS_LIST is: [Ledu.csus.ecs.pc2.core.model.ClientSettings; [Ledu.csus.ecs.pc2.core.model.ClientSettings;@5429d48
231209 083127.561|INFO|Thread-15676|dumpPacket|   key: CONTEST_TIME is: edu.csus.ecs.pc2.core.model.ContestTime edu.csus.ecs.pc2.core.model.ContestTime@17d1938
231209 083127.561|INFO|Thread-15676|dumpPacket|   key: CLARIFICATION_LIST is: [Ledu.csus.ecs.pc2.core.model.Clarification; [Ledu.csus.ecs.pc2.core.model.Clarification;@447f9773
231209 083127.561|INFO|Thread-15676|dumpPacket|   key: CATEGORY_LIST is: [Ledu.csus.ecs.pc2.core.model.Category; [Ledu.csus.ecs.pc2.core.model.Category;@64c8ba86
231209 083127.561|INFO|Thread-15676|dumpPacket|   key: LANGUAGE_LIST is: [Ledu.csus.ecs.pc2.core.model.Language; [Ledu.csus.ecs.pc2.core.model.Language;@7571d38a
231209 083127.561|INFO|Thread-15676|dumpPacket|   key: REMOTE_LOGGED_IN_USERS is: [Ledu.csus.ecs.pc2.core.model.ClientId; [Ledu.csus.ecs.pc2.core.model.ClientId;@1c2ca0c5
231209 083127.561|INFO|Thread-15676|dumpPacket|   key: CONTEST_TIME_LIST is: [Ledu.csus.ecs.pc2.core.model.ContestTime; [Ledu.csus.ecs.pc2.core.model.ContestTime;@2450683c
231209 083127.561|INFO|Thread-15676|dumpPacket|   key: CONNECTION_HANDLE_ID_LIST is: [Ledu.csus.ecs.pc2.core.transport.ConnectionHandlerID; [Ledu.csus.ecs.pc2.core.transport.ConnectionHandlerID;@5edeaba
231209 083127.561|INFO|Thread-15676|dumpPacket|   key: PROFILE is: edu.csus.ecs.pc2.core.model.Profile DryRun--6069080675419338087
231209 083127.561|INFO|Thread-15676|dumpPacket|   key: CLIENT_ID is: edu.csus.ecs.pc2.core.model.ClientId TEAM117 @ site 1
231209 083127.561|INFO|Thread-15676|dumpPacket|   key: SITE_NUMBER is: java.lang.Integer 1
231209 083127.561|INFO|Thread-15676|dumpPacket|   key: CONTEST_INFORMATION is: edu.csus.ecs.pc2.core.model.ContestInformation edu.csus.ecs.pc2.core.model.ContestInformation@7e7b840e
231209 083127.561|INFO|Thread-15676|dumpPacket|   key: SITE_LIST is: [Ledu.csus.ecs.pc2.core.model.Site; [Ledu.csus.ecs.pc2.core.model.Site;@728298c
231209 083127.563|INFO|Thread-15676|dumpPacket|   key: PROBLEM_DATA_FILES is: [Ledu.csus.ecs.pc2.core.model.ProblemDataFiles; [Ledu.csus.ecs.pc2.core.model.ProblemDataFiles;@201eb0dd
231209 083127.563|INFO|Thread-15676|dumpPacket|   key: JUDGEMENT_LIST is: [Ledu.csus.ecs.pc2.core.model.Judgement; [Ledu.csus.ecs.pc2.core.model.Judgement;@4acc365e
231209 083127.563|INFO|Thread-15676|dumpPacket|   key: PROBLEM_LIST is: [Ledu.csus.ecs.pc2.core.model.Problem; [Ledu.csus.ecs.pc2.core.model.Problem;@683590fd
231209 083127.563|INFO|Thread-15676|dumpPacket|   key: GROUP_LIST is: [Ledu.csus.ecs.pc2.core.model.Group; [Ledu.csus.ecs.pc2.core.model.Group;@2e17a03e
231209 083127.563|INFO|Thread-15676|dumpPacket|   key: LOCAL_LOGGED_IN_USERS is: [Ledu.csus.ecs.pc2.core.model.ClientId; [Ledu.csus.ecs.pc2.core.model.ClientId;@7b5a7579
231209 083127.563|INFO|Thread-15676|dumpPacket|   key: SERVER_CLOCK_OFFSET is: java.util.GregorianCalendar java.util.GregorianCalendar[time=1702132287555,areFieldsSet=true,areAllFieldsSet=false,lenient=true,zone=sun.util.calendar.ZoneInfo[id="GMT",offset=0,dstSavings=0,useDaylight=false,transitions=0,lastRule=null],firstDayOfWeek=1,minimalDaysInFirstWeek=1,ERA=1,YEAR=2023,MONTH=11,WEEK_OF_YEAR=49,WEEK_OF_MONTH=2,DAY_OF_MONTH=9,DAY_OF_YEAR=343,DAY_OF_WEEK=7,DAY_OF_WEEK_IN_MONTH=2,AM_PM=1,HOUR=2,HOUR_OF_DAY=14,MINUTE=31,SECOND=27,MILLISECOND=555,ZONE_OFFSET=0,DST_OFFSET=0]
231209 083127.563|INFO|Thread-15676|dumpPacket|   key: CONTEST_IDENTIFIER is: java.lang.String DryRun--6069080675419338087
231209 083127.563|INFO|Thread-15676|dumpPacket|   key: BALLOON_SETTINGS_LIST is: [Ledu.csus.ecs.pc2.core.model.BalloonSettings; [Ledu.csus.ecs.pc2.core.model.BalloonSettings;@500fc28a
231209 083127.563|INFO|Thread-15676|dumpPacket|   key: RUN_LIST is: [Ledu.csus.ecs.pc2.core.model.Run; [Ledu.csus.ecs.pc2.core.model.Run;@14f9020e
231209 083127.563|INFO|Thread-15676|dumpPacket|   key: ACCOUNT_ARRAY is: [Ledu.csus.ecs.pc2.core.model.Account; [Ledu.csus.ecs.pc2.core.model.Account;@7fc46ff
231209 083127.563|INFO|Thread-15676|info|handlePacket start Packet[LOGIN_SUCCESS] #1408 SERVER0 @ site 1 -> TEAM117 @ site 1
231209 083127.563|INFO|Thread-15676|dumpPacket|Packet LOGIN_SUCCESS (Seq #1408, o#1408 ) handlePacket
231209 083127.563|INFO|Thread-15676|dumpPacket|  From: SERVER0 @ site 1, oSERVER0 @ site 1 (DESKTOP-D75BQTV @ 212.212.212.212) (Contest Id: DryRun--6069080675419338087)
231209 083127.563|INFO|Thread-15676|dumpPacket|    To: TEAM117 @ site 1
231209 083127.563|INFO|Thread-15676|dumpPacket|   key: PROFILE_LIST is: [Ledu.csus.ecs.pc2.core.model.Profile; [Ledu.csus.ecs.pc2.core.model.Profile;@b857248
231209 083127.563|INFO|Thread-15676|dumpPacket|   key: GENERAL_PROBLEM is: edu.csus.ecs.pc2.core.model.Problem General
231209 083127.563|INFO|Thread-15676|dumpPacket|   key: CLIENT_SETTINGS_LIST is: [Ledu.csus.ecs.pc2.core.model.ClientSettings; [Ledu.csus.ecs.pc2.core.model.ClientSettings;@5429d48
231209 083127.563|INFO|Thread-15676|dumpPacket|   key: CONTEST_TIME is: edu.csus.ecs.pc2.core.model.ContestTime edu.csus.ecs.pc2.core.model.ContestTime@17d1938
231209 083127.563|INFO|Thread-15676|dumpPacket|   key: CLARIFICATION_LIST is: [Ledu.csus.ecs.pc2.core.model.Clarification; [Ledu.csus.ecs.pc2.core.model.Clarification;@447f9773
231209 083127.563|INFO|Thread-15676|dumpPacket|   key: CATEGORY_LIST is: [Ledu.csus.ecs.pc2.core.model.Category; [Ledu.csus.ecs.pc2.core.model.Category;@64c8ba86
231209 083127.563|INFO|Thread-15676|dumpPacket|   key: LANGUAGE_LIST is: [Ledu.csus.ecs.pc2.core.model.Language; [Ledu.csus.ecs.pc2.core.model.Language;@7571d38a
231209 083127.563|INFO|Thread-15676|dumpPacket|   key: REMOTE_LOGGED_IN_USERS is: [Ledu.csus.ecs.pc2.core.model.ClientId; [Ledu.csus.ecs.pc2.core.model.ClientId;@1c2ca0c5
231209 083127.563|INFO|Thread-15676|dumpPacket|   key: CONTEST_TIME_LIST is: [Ledu.csus.ecs.pc2.core.model.ContestTime; [Ledu.csus.ecs.pc2.core.model.ContestTime;@2450683c
231209 083127.563|INFO|Thread-15676|dumpPacket|   key: CONNECTION_HANDLE_ID_LIST is: [Ledu.csus.ecs.pc2.core.transport.ConnectionHandlerID; [Ledu.csus.ecs.pc2.core.transport.ConnectionHandlerID;@5edeaba
231209 083127.563|INFO|Thread-15676|dumpPacket|   key: PROFILE is: edu.csus.ecs.pc2.core.model.Profile DryRun--6069080675419338087
231209 083127.563|INFO|Thread-15676|dumpPacket|   key: CLIENT_ID is: edu.csus.ecs.pc2.core.model.ClientId TEAM117 @ site 1
231209 083127.563|INFO|Thread-15676|dumpPacket|   key: SITE_NUMBER is: java.lang.Integer 1
231209 083127.563|INFO|Thread-15676|dumpPacket|   key: CONTEST_INFORMATION is: edu.csus.ecs.pc2.core.model.ContestInformation edu.csus.ecs.pc2.core.model.ContestInformation@7e7b840e
231209 083127.563|INFO|Thread-15676|dumpPacket|   key: SITE_LIST is: [Ledu.csus.ecs.pc2.core.model.Site; [Ledu.csus.ecs.pc2.core.model.Site;@728298c
231209 083127.563|INFO|Thread-15676|dumpPacket|   key: PROBLEM_DATA_FILES is: [Ledu.csus.ecs.pc2.core.model.ProblemDataFiles; [Ledu.csus.ecs.pc2.core.model.ProblemDataFiles;@201eb0dd
231209 083127.563|INFO|Thread-15676|dumpPacket|   key: JUDGEMENT_LIST is: [Ledu.csus.ecs.pc2.core.model.Judgement; [Ledu.csus.ecs.pc2.core.model.Judgement;@4acc365e
231209 083127.563|INFO|Thread-15676|dumpPacket|   key: PROBLEM_LIST is: [Ledu.csus.ecs.pc2.core.model.Problem; [Ledu.csus.ecs.pc2.core.model.Problem;@683590fd
231209 083127.563|INFO|Thread-15676|dumpPacket|   key: GROUP_LIST is: [Ledu.csus.ecs.pc2.core.model.Group; [Ledu.csus.ecs.pc2.core.model.Group;@2e17a03e
231209 083127.563|INFO|Thread-15676|dumpPacket|   key: LOCAL_LOGGED_IN_USERS is: [Ledu.csus.ecs.pc2.core.model.ClientId; [Ledu.csus.ecs.pc2.core.model.ClientId;@7b5a7579
231209 083127.563|INFO|Thread-15676|dumpPacket|   key: SERVER_CLOCK_OFFSET is: java.util.GregorianCalendar java.util.GregorianCalendar[time=1702132287555,areFieldsSet=true,areAllFieldsSet=false,lenient=true,zone=sun.util.calendar.ZoneInfo[id="GMT",offset=0,dstSavings=0,useDaylight=false,transitions=0,lastRule=null],firstDayOfWeek=1,minimalDaysInFirstWeek=1,ERA=1,YEAR=2023,MONTH=11,WEEK_OF_YEAR=49,WEEK_OF_MONTH=2,DAY_OF_MONTH=9,DAY_OF_YEAR=343,DAY_OF_WEEK=7,DAY_OF_WEEK_IN_MONTH=2,AM_PM=1,HOUR=2,HOUR_OF_DAY=14,MINUTE=31,SECOND=27,MILLISECOND=555,ZONE_OFFSET=0,DST_OFFSET=0]
231209 083127.563|INFO|Thread-15676|dumpPacket|   key: CONTEST_IDENTIFIER is: java.lang.String DryRun--6069080675419338087
231209 083127.563|INFO|Thread-15676|dumpPacket|   key: BALLOON_SETTINGS_LIST is: [Ledu.csus.ecs.pc2.core.model.BalloonSettings; [Ledu.csus.ecs.pc2.core.model.BalloonSettings;@500fc28a
231209 083127.563|INFO|Thread-15676|dumpPacket|   key: RUN_LIST is: [Ledu.csus.ecs.pc2.core.model.Run; [Ledu.csus.ecs.pc2.core.model.Run;@14f9020e
231209 083127.563|INFO|Thread-15676|dumpPacket|   key: ACCOUNT_ARRAY is: [Ledu.csus.ecs.pc2.core.model.Account; [Ledu.csus.ecs.pc2.core.model.Account;@7fc46ff
231209 083148.757|INFO|Thread-16217|run|send(Serializable)
231209 083148.797|INFO|Thread-15674|receive|public void receive(SealedObject TransportPacket, ConnectionHandlerID connectionHandlerID)
231209 083211.706|INFO|Thread-15674|receive|public void receive(SealedObject TransportPacket, ConnectionHandlerID connectionHandlerID)
231209 094412.374|INFO|Thread-15674|connectionDropped|connectionDropped(ConnectionHandlerID myConnectionID) 
