231209 103953.254|CONFIG|qtp135640095-46300|setFileHandlers|Now logging to C:\Users\18328\Desktop\pc2\WebTeamInterface-1.1\logs directory.
231209 103953.254|INFO|qtp135640095-46300|info|
231209 103953.254|INFO|qtp135640095-46300|info|Version 9 () Java ver 18.0.2.1 build  Windows 11 10.0 (amd64) 
231209 103953.254|INFO|qtp135640095-46300|info|Login: team86 (aka team86)
231209 103953.254|INFO|qtp135640095-46300|startLog|Working directory is C:\Users\18328\Desktop\pc2\WebTeamInterface-1.1
231209 103953.254|INFO|qtp135640095-46300|startLog|Process id is 15028@DESKTOP-D75BQTV
231209 103953.254|INFO|qtp135640095-46300|info|Contacting server at localhost:50002 as TEAM86 @ site 0
231209 103953.254|INFO|qtp135640095-46300|info|sendLoginRequest start - sending from TEAM86 @ site 0
231209 103953.254|INFO|qtp135640095-46300|sendToLocalServer|Sending packet to server Packet[LOGIN_REQUEST] #650 TEAM86 @ site 0 -> SERVER0 @ site 0
231209 103953.254|INFO|qtp135640095-46300|sendToLocalServer|Sent    packet to server Packet[LOGIN_REQUEST] #650 TEAM86 @ site 0 -> SERVER0 @ site 0
231209 103953.254|INFO|qtp135640095-46300|info|sendLoginRequest end - packet sent.
231209 103953.254|INFO|Thread-49369|run|send(Serializable)
231209 103953.267|INFO|Thread-49368|receive|public void receive(SealedObject TransportPacket, ConnectionHandlerID connectionHandlerID)
231209 103953.273|INFO|Thread-49370|info| receiveObject(S) start got Packet[LOGIN_SUCCESS] #3587 SERVER0 @ site 1 -> TEAM86 @ site 1
231209 103953.273|INFO|Thread-49370|dumpPacket|Packet LOGIN_SUCCESS (Seq #3587, o#3587 ) recieveObject
231209 103953.273|INFO|Thread-49370|dumpPacket|  From: SERVER0 @ site 1, oSERVER0 @ site 1 (DESKTOP-D75BQTV @ 212.212.212.212) (Contest Id: RealDeal--1957769244132597914)
231209 103953.273|INFO|Thread-49370|dumpPacket|    To: TEAM86 @ site 1
231209 103953.273|INFO|Thread-49370|dumpPacket|   key: PROFILE_LIST is: [Ledu.csus.ecs.pc2.core.model.Profile; [Ledu.csus.ecs.pc2.core.model.Profile;@14d6723b
231209 103953.273|INFO|Thread-49370|dumpPacket|   key: GENERAL_PROBLEM is: edu.csus.ecs.pc2.core.model.Problem General
231209 103953.273|INFO|Thread-49370|dumpPacket|   key: CLIENT_SETTINGS_LIST is: [Ledu.csus.ecs.pc2.core.model.ClientSettings; [Ledu.csus.ecs.pc2.core.model.ClientSettings;@1a119ed1
231209 103953.273|INFO|Thread-49370|dumpPacket|   key: CONTEST_TIME is: edu.csus.ecs.pc2.core.model.ContestTime edu.csus.ecs.pc2.core.model.ContestTime@1e2e194b
231209 103953.273|INFO|Thread-49370|dumpPacket|   key: CLARIFICATION_LIST is: [Ledu.csus.ecs.pc2.core.model.Clarification; [Ledu.csus.ecs.pc2.core.model.Clarification;@5b2c94ea
231209 103953.273|INFO|Thread-49370|dumpPacket|   key: CATEGORY_LIST is: [Ledu.csus.ecs.pc2.core.model.Category; [Ledu.csus.ecs.pc2.core.model.Category;@7c4c721e
231209 103953.273|INFO|Thread-49370|dumpPacket|   key: LANGUAGE_LIST is: [Ledu.csus.ecs.pc2.core.model.Language; [Ledu.csus.ecs.pc2.core.model.Language;@6a3d8c50
231209 103953.273|INFO|Thread-49370|dumpPacket|   key: REMOTE_LOGGED_IN_USERS is: [Ledu.csus.ecs.pc2.core.model.ClientId; [Ledu.csus.ecs.pc2.core.model.ClientId;@4b7341d
231209 103953.273|INFO|Thread-49370|dumpPacket|   key: CONTEST_TIME_LIST is: [Ledu.csus.ecs.pc2.core.model.ContestTime; [Ledu.csus.ecs.pc2.core.model.ContestTime;@3b036ba5
231209 103953.273|INFO|Thread-49370|dumpPacket|   key: CONNECTION_HANDLE_ID_LIST is: [Ledu.csus.ecs.pc2.core.transport.ConnectionHandlerID; [Ledu.csus.ecs.pc2.core.transport.ConnectionHandlerID;@24c02259
231209 103953.273|INFO|Thread-49370|dumpPacket|   key: PROFILE is: edu.csus.ecs.pc2.core.model.Profile RealDeal--1957769244132597914
231209 103953.273|INFO|Thread-49370|dumpPacket|   key: CLIENT_ID is: edu.csus.ecs.pc2.core.model.ClientId TEAM86 @ site 1
231209 103953.273|INFO|Thread-49370|dumpPacket|   key: SITE_NUMBER is: java.lang.Integer 1
231209 103953.273|INFO|Thread-49370|dumpPacket|   key: CONTEST_INFORMATION is: edu.csus.ecs.pc2.core.model.ContestInformation edu.csus.ecs.pc2.core.model.ContestInformation@2299659d
231209 103953.273|INFO|Thread-49370|dumpPacket|   key: SITE_LIST is: [Ledu.csus.ecs.pc2.core.model.Site; [Ledu.csus.ecs.pc2.core.model.Site;@1fb3ba0f
231209 103953.273|INFO|Thread-49370|dumpPacket|   key: PROBLEM_DATA_FILES is: [Ledu.csus.ecs.pc2.core.model.ProblemDataFiles; [Ledu.csus.ecs.pc2.core.model.ProblemDataFiles;@3f4db41f
231209 103953.273|INFO|Thread-49370|dumpPacket|   key: JUDGEMENT_LIST is: [Ledu.csus.ecs.pc2.core.model.Judgement; [Ledu.csus.ecs.pc2.core.model.Judgement;@1a3a8b45
231209 103953.273|INFO|Thread-49370|dumpPacket|   key: PROBLEM_LIST is: [Ledu.csus.ecs.pc2.core.model.Problem; [Ledu.csus.ecs.pc2.core.model.Problem;@73e6a012
231209 103953.273|INFO|Thread-49370|dumpPacket|   key: GROUP_LIST is: [Ledu.csus.ecs.pc2.core.model.Group; [Ledu.csus.ecs.pc2.core.model.Group;@71871fa3
231209 103953.273|INFO|Thread-49370|dumpPacket|   key: LOCAL_LOGGED_IN_USERS is: [Ledu.csus.ecs.pc2.core.model.ClientId; [Ledu.csus.ecs.pc2.core.model.ClientId;@2338a0c0
231209 103953.273|INFO|Thread-49370|dumpPacket|   key: SERVER_CLOCK_OFFSET is: java.util.GregorianCalendar java.util.GregorianCalendar[time=1702139993265,areFieldsSet=true,areAllFieldsSet=false,lenient=true,zone=sun.util.calendar.ZoneInfo[id="GMT",offset=0,dstSavings=0,useDaylight=false,transitions=0,lastRule=null],firstDayOfWeek=1,minimalDaysInFirstWeek=1,ERA=1,YEAR=2023,MONTH=11,WEEK_OF_YEAR=49,WEEK_OF_MONTH=2,DAY_OF_MONTH=9,DAY_OF_YEAR=343,DAY_OF_WEEK=7,DAY_OF_WEEK_IN_MONTH=2,AM_PM=1,HOUR=4,HOUR_OF_DAY=16,MINUTE=39,SECOND=53,MILLISECOND=265,ZONE_OFFSET=0,DST_OFFSET=0]
231209 103953.273|INFO|Thread-49370|dumpPacket|   key: CONTEST_IDENTIFIER is: java.lang.String RealDeal--1957769244132597914
231209 103953.273|INFO|Thread-49370|dumpPacket|   key: BALLOON_SETTINGS_LIST is: [Ledu.csus.ecs.pc2.core.model.BalloonSettings; [Ledu.csus.ecs.pc2.core.model.BalloonSettings;@6d167741
231209 103953.273|INFO|Thread-49370|dumpPacket|   key: RUN_LIST is: [Ledu.csus.ecs.pc2.core.model.Run; [Ledu.csus.ecs.pc2.core.model.Run;@2b36bcc1
231209 103953.273|INFO|Thread-49370|dumpPacket|   key: ACCOUNT_ARRAY is: [Ledu.csus.ecs.pc2.core.model.Account; [Ledu.csus.ecs.pc2.core.model.Account;@6285c403
231209 103953.273|INFO|Thread-49370|info|handlePacket start Packet[LOGIN_SUCCESS] #3587 SERVER0 @ site 1 -> TEAM86 @ site 1
231209 103953.273|INFO|Thread-49370|dumpPacket|Packet LOGIN_SUCCESS (Seq #3587, o#3587 ) handlePacket
231209 103953.273|INFO|Thread-49370|dumpPacket|  From: SERVER0 @ site 1, oSERVER0 @ site 1 (DESKTOP-D75BQTV @ 212.212.212.212) (Contest Id: RealDeal--1957769244132597914)
231209 103953.273|INFO|Thread-49370|dumpPacket|    To: TEAM86 @ site 1
231209 103953.273|INFO|Thread-49370|dumpPacket|   key: PROFILE_LIST is: [Ledu.csus.ecs.pc2.core.model.Profile; [Ledu.csus.ecs.pc2.core.model.Profile;@14d6723b
231209 103953.273|INFO|Thread-49370|dumpPacket|   key: GENERAL_PROBLEM is: edu.csus.ecs.pc2.core.model.Problem General
231209 103953.273|INFO|Thread-49370|dumpPacket|   key: CLIENT_SETTINGS_LIST is: [Ledu.csus.ecs.pc2.core.model.ClientSettings; [Ledu.csus.ecs.pc2.core.model.ClientSettings;@1a119ed1
231209 103953.273|INFO|Thread-49370|dumpPacket|   key: CONTEST_TIME is: edu.csus.ecs.pc2.core.model.ContestTime edu.csus.ecs.pc2.core.model.ContestTime@1e2e194b
231209 103953.273|INFO|Thread-49370|dumpPacket|   key: CLARIFICATION_LIST is: [Ledu.csus.ecs.pc2.core.model.Clarification; [Ledu.csus.ecs.pc2.core.model.Clarification;@5b2c94ea
231209 103953.273|INFO|Thread-49370|dumpPacket|   key: CATEGORY_LIST is: [Ledu.csus.ecs.pc2.core.model.Category; [Ledu.csus.ecs.pc2.core.model.Category;@7c4c721e
231209 103953.273|INFO|Thread-49370|dumpPacket|   key: LANGUAGE_LIST is: [Ledu.csus.ecs.pc2.core.model.Language; [Ledu.csus.ecs.pc2.core.model.Language;@6a3d8c50
231209 103953.273|INFO|Thread-49370|dumpPacket|   key: REMOTE_LOGGED_IN_USERS is: [Ledu.csus.ecs.pc2.core.model.ClientId; [Ledu.csus.ecs.pc2.core.model.ClientId;@4b7341d
231209 103953.273|INFO|Thread-49370|dumpPacket|   key: CONTEST_TIME_LIST is: [Ledu.csus.ecs.pc2.core.model.ContestTime; [Ledu.csus.ecs.pc2.core.model.ContestTime;@3b036ba5
231209 103953.273|INFO|Thread-49370|dumpPacket|   key: CONNECTION_HANDLE_ID_LIST is: [Ledu.csus.ecs.pc2.core.transport.ConnectionHandlerID; [Ledu.csus.ecs.pc2.core.transport.ConnectionHandlerID;@24c02259
231209 103953.273|INFO|Thread-49370|dumpPacket|   key: PROFILE is: edu.csus.ecs.pc2.core.model.Profile RealDeal--1957769244132597914
231209 103953.273|INFO|Thread-49370|dumpPacket|   key: CLIENT_ID is: edu.csus.ecs.pc2.core.model.ClientId TEAM86 @ site 1
231209 103953.273|INFO|Thread-49370|dumpPacket|   key: SITE_NUMBER is: java.lang.Integer 1
231209 103953.273|INFO|Thread-49370|dumpPacket|   key: CONTEST_INFORMATION is: edu.csus.ecs.pc2.core.model.ContestInformation edu.csus.ecs.pc2.core.model.ContestInformation@2299659d
231209 103953.273|INFO|Thread-49370|dumpPacket|   key: SITE_LIST is: [Ledu.csus.ecs.pc2.core.model.Site; [Ledu.csus.ecs.pc2.core.model.Site;@1fb3ba0f
231209 103953.273|INFO|Thread-49370|dumpPacket|   key: PROBLEM_DATA_FILES is: [Ledu.csus.ecs.pc2.core.model.ProblemDataFiles; [Ledu.csus.ecs.pc2.core.model.ProblemDataFiles;@3f4db41f
231209 103953.273|INFO|Thread-49370|dumpPacket|   key: JUDGEMENT_LIST is: [Ledu.csus.ecs.pc2.core.model.Judgement; [Ledu.csus.ecs.pc2.core.model.Judgement;@1a3a8b45
231209 103953.273|INFO|Thread-49370|dumpPacket|   key: PROBLEM_LIST is: [Ledu.csus.ecs.pc2.core.model.Problem; [Ledu.csus.ecs.pc2.core.model.Problem;@73e6a012
231209 103953.273|INFO|Thread-49370|dumpPacket|   key: GROUP_LIST is: [Ledu.csus.ecs.pc2.core.model.Group; [Ledu.csus.ecs.pc2.core.model.Group;@71871fa3
231209 103953.273|INFO|Thread-49370|dumpPacket|   key: LOCAL_LOGGED_IN_USERS is: [Ledu.csus.ecs.pc2.core.model.ClientId; [Ledu.csus.ecs.pc2.core.model.ClientId;@2338a0c0
231209 103953.273|INFO|Thread-49370|dumpPacket|   key: SERVER_CLOCK_OFFSET is: java.util.GregorianCalendar java.util.GregorianCalendar[time=1702139993265,areFieldsSet=true,areAllFieldsSet=false,lenient=true,zone=sun.util.calendar.ZoneInfo[id="GMT",offset=0,dstSavings=0,useDaylight=false,transitions=0,lastRule=null],firstDayOfWeek=1,minimalDaysInFirstWeek=1,ERA=1,YEAR=2023,MONTH=11,WEEK_OF_YEAR=49,WEEK_OF_MONTH=2,DAY_OF_MONTH=9,DAY_OF_YEAR=343,DAY_OF_WEEK=7,DAY_OF_WEEK_IN_MONTH=2,AM_PM=1,HOUR=4,HOUR_OF_DAY=16,MINUTE=39,SECOND=53,MILLISECOND=265,ZONE_OFFSET=0,DST_OFFSET=0]
231209 103953.273|INFO|Thread-49370|dumpPacket|   key: CONTEST_IDENTIFIER is: java.lang.String RealDeal--1957769244132597914
231209 103953.273|INFO|Thread-49370|dumpPacket|   key: BALLOON_SETTINGS_LIST is: [Ledu.csus.ecs.pc2.core.model.BalloonSettings; [Ledu.csus.ecs.pc2.core.model.BalloonSettings;@6d167741
231209 103953.273|INFO|Thread-49370|dumpPacket|   key: RUN_LIST is: [Ledu.csus.ecs.pc2.core.model.Run; [Ledu.csus.ecs.pc2.core.model.Run;@2b36bcc1
231209 103953.273|INFO|Thread-49370|dumpPacket|   key: ACCOUNT_ARRAY is: [Ledu.csus.ecs.pc2.core.model.Account; [Ledu.csus.ecs.pc2.core.model.Account;@6285c403
231209 104340.758|INFO|Thread-49368|receive|public void receive(SealedObject TransportPacket, ConnectionHandlerID connectionHandlerID)
231209 104413.333|INFO|Thread-50020|run|send(Serializable)
231209 104413.353|INFO|Thread-49368|receive|public void receive(SealedObject TransportPacket, ConnectionHandlerID connectionHandlerID)
231209 104440.749|INFO|Thread-49368|receive|public void receive(SealedObject TransportPacket, ConnectionHandlerID connectionHandlerID)
231209 104900.060|INFO|Thread-49368|receive|public void receive(SealedObject TransportPacket, ConnectionHandlerID connectionHandlerID)
231209 104938.105|INFO|Thread-49368|receive|public void receive(SealedObject TransportPacket, ConnectionHandlerID connectionHandlerID)
231209 105758.450|INFO|Thread-49368|receive|public void receive(SealedObject TransportPacket, ConnectionHandlerID connectionHandlerID)
231209 105818.966|INFO|Thread-64876|run|send(Serializable)
231209 105819.014|INFO|Thread-49368|receive|public void receive(SealedObject TransportPacket, ConnectionHandlerID connectionHandlerID)
231209 105825.597|INFO|Thread-49368|receive|public void receive(SealedObject TransportPacket, ConnectionHandlerID connectionHandlerID)
231209 110012.924|INFO|Thread-49368|receive|public void receive(SealedObject TransportPacket, ConnectionHandlerID connectionHandlerID)
231209 110139.143|INFO|Thread-49368|receive|public void receive(SealedObject TransportPacket, ConnectionHandlerID connectionHandlerID)
231209 110446.718|INFO|Thread-49368|receive|public void receive(SealedObject TransportPacket, ConnectionHandlerID connectionHandlerID)
231209 110645.399|INFO|Thread-49368|receive|public void receive(SealedObject TransportPacket, ConnectionHandlerID connectionHandlerID)
231209 111150.947|INFO|Thread-65535|run|send(Serializable)
231209 111151.024|INFO|Thread-49368|receive|public void receive(SealedObject TransportPacket, ConnectionHandlerID connectionHandlerID)
231209 111214.037|INFO|Thread-49368|receive|public void receive(SealedObject TransportPacket, ConnectionHandlerID connectionHandlerID)
231209 111315.663|INFO|Thread-49368|receive|public void receive(SealedObject TransportPacket, ConnectionHandlerID connectionHandlerID)
231209 111459.712|INFO|Thread-49368|receive|public void receive(SealedObject TransportPacket, ConnectionHandlerID connectionHandlerID)
231209 114303.248|INFO|Thread-66351|run|send(Serializable)
231209 114303.417|INFO|Thread-49368|receive|public void receive(SealedObject TransportPacket, ConnectionHandlerID connectionHandlerID)
231209 114309.293|INFO|Thread-49368|receive|public void receive(SealedObject TransportPacket, ConnectionHandlerID connectionHandlerID)
231209 115431.497|INFO|Thread-49368|receive|public void receive(SealedObject TransportPacket, ConnectionHandlerID connectionHandlerID)
231209 120539.123|INFO|Thread-67021|run|send(Serializable)
231209 120539.339|INFO|Thread-49368|receive|public void receive(SealedObject TransportPacket, ConnectionHandlerID connectionHandlerID)
231209 120544.592|INFO|Thread-49368|receive|public void receive(SealedObject TransportPacket, ConnectionHandlerID connectionHandlerID)
231209 121131.291|INFO|Thread-67170|run|send(Serializable)
231209 121131.605|INFO|Thread-49368|receive|public void receive(SealedObject TransportPacket, ConnectionHandlerID connectionHandlerID)
231209 121141.450|INFO|Thread-49368|receive|public void receive(SealedObject TransportPacket, ConnectionHandlerID connectionHandlerID)
231209 121329.758|INFO|Thread-67217|run|send(Serializable)
231209 121329.985|INFO|Thread-49368|receive|public void receive(SealedObject TransportPacket, ConnectionHandlerID connectionHandlerID)
231209 121356.205|INFO|Thread-49368|receive|public void receive(SealedObject TransportPacket, ConnectionHandlerID connectionHandlerID)
231209 122456.411|INFO|Thread-67501|run|send(Serializable)
231209 122456.658|INFO|Thread-49368|receive|public void receive(SealedObject TransportPacket, ConnectionHandlerID connectionHandlerID)
231209 122509.614|INFO|Thread-49368|receive|public void receive(SealedObject TransportPacket, ConnectionHandlerID connectionHandlerID)
231209 123556.950|INFO|Thread-67779|run|send(Serializable)
231209 123557.460|INFO|Thread-49368|receive|public void receive(SealedObject TransportPacket, ConnectionHandlerID connectionHandlerID)
231209 123605.956|INFO|Thread-49368|receive|public void receive(SealedObject TransportPacket, ConnectionHandlerID connectionHandlerID)
231209 123759.825|INFO|Thread-67840|run|send(Serializable)
231209 123800.200|INFO|Thread-49368|receive|public void receive(SealedObject TransportPacket, ConnectionHandlerID connectionHandlerID)
231209 123807.992|INFO|Thread-49368|receive|public void receive(SealedObject TransportPacket, ConnectionHandlerID connectionHandlerID)
231209 123850.821|INFO|Thread-67876|run|send(Serializable)
231209 123851.136|INFO|Thread-49368|receive|public void receive(SealedObject TransportPacket, ConnectionHandlerID connectionHandlerID)
231209 123902.366|INFO|Thread-49368|receive|public void receive(SealedObject TransportPacket, ConnectionHandlerID connectionHandlerID)
231209 123957.235|INFO|Thread-67908|run|send(Serializable)
231209 123958.450|INFO|Thread-49368|receive|public void receive(SealedObject TransportPacket, ConnectionHandlerID connectionHandlerID)
231209 124039.615|INFO|Thread-49368|receive|public void receive(SealedObject TransportPacket, ConnectionHandlerID connectionHandlerID)
231209 124352.091|INFO|Thread-68113|run|send(Serializable)
231209 124352.606|INFO|Thread-49368|receive|public void receive(SealedObject TransportPacket, ConnectionHandlerID connectionHandlerID)
231209 125144.079|INFO|Thread-49368|connectionDropped|connectionDropped(ConnectionHandlerID myConnectionID) 
