231209 082707.652|CONFIG|Thread-9830|setFileHandlers|Now logging to C:\Users\18328\Desktop\pc2\WebTeamInterface-1.1\logs directory.
231209 082707.652|INFO|Thread-9830|info|
231209 082707.652|INFO|Thread-9830|info|Version 9 () Java ver 18.0.2.1 build  Windows 11 10.0 (amd64) 
231209 082707.652|INFO|Thread-9830|info|Login: team106 (aka team106)
231209 082707.654|INFO|Thread-9830|startLog|Working directory is C:\Users\18328\Desktop\pc2\WebTeamInterface-1.1
231209 082707.654|INFO|Thread-9830|startLog|Process id is 15028@DESKTOP-D75BQTV
231209 082707.654|INFO|Thread-9830|info| handlePacket original LOGIN_SUCCESS after -- all settings loaded 
231209 082707.654|INFO|Thread-9830|info|handlePacket end Packet[LOGIN_SUCCESS] #1117 SERVER0 @ site 1 -> TEAM106 @ site 1
231209 082707.654|INFO|Thread-9830|info| receiveObject(S) end   got Packet[LOGIN_SUCCESS] #1117 SERVER0 @ site 1 -> TEAM106 @ site 1
231209 083245.429|INFO|qtp135640095-2006|sendToLocalServer|Sending packet to server Packet[RUN_SUBMISSION] #278 TEAM106 @ site 1 -> SERVER0 @ site 1
231209 083245.429|INFO|qtp135640095-2006|sendToLocalServer|Sent    packet to server Packet[RUN_SUBMISSION] #278 TEAM106 @ site 1 -> SERVER0 @ site 1
231209 083245.506|INFO|Thread-17328|info| receiveObject(S) start got Packet[RUN_SUBMISSION_CONFIRM] #1520 SERVER0 @ site 1 -> TEAM106 @ site 1
231209 083245.506|INFO|Thread-17328|dumpPacket|Packet RUN_SUBMISSION_CONFIRM (Seq #1520, o#1520 ) recieveObject
231209 083245.506|INFO|Thread-17328|dumpPacket|  From: SERVER0 @ site 1, oSERVER0 @ site 1 (DESKTOP-D75BQTV @ 212.212.212.212) (Contest Id: DryRun--6069080675419338087)
231209 083245.506|INFO|Thread-17328|dumpPacket|    To: TEAM106 @ site 1
231209 083245.506|INFO|Thread-17328|dumpPacket|   key: RUN is: edu.csus.ecs.pc2.core.model.Run Run 100 NEW 51 min 3107045ms from TEAM106 @ site 1 id Run--2145985806475098004 problem DryRun--5056188413862619659 lang Java--8800253324652192008
231209 083245.506|INFO|Thread-17328|info|handlePacket start Packet[RUN_SUBMISSION_CONFIRM] #1520 SERVER0 @ site 1 -> TEAM106 @ site 1
231209 083245.506|INFO|Thread-17328|dumpPacket|Packet RUN_SUBMISSION_CONFIRM (Seq #1520, o#1520 ) handlePacket
231209 083245.506|INFO|Thread-17328|dumpPacket|  From: SERVER0 @ site 1, oSERVER0 @ site 1 (DESKTOP-D75BQTV @ 212.212.212.212) (Contest Id: DryRun--6069080675419338087)
231209 083245.506|INFO|Thread-17328|dumpPacket|    To: TEAM106 @ site 1
231209 083245.506|INFO|Thread-17328|dumpPacket|   key: RUN is: edu.csus.ecs.pc2.core.model.Run Run 100 NEW 51 min 3107045ms from TEAM106 @ site 1 id Run--2145985806475098004 problem DryRun--5056188413862619659 lang Java--8800253324652192008
231209 083245.506|INFO|Thread-17328|info| receiveObject(S) end   got Packet[RUN_SUBMISSION_CONFIRM] #1520 SERVER0 @ site 1 -> TEAM106 @ site 1
231209 083307.168|INFO|Thread-17471|info| receiveObject(S) start got Packet[RUN_JUDGEMENT] #1529 SERVER0 @ site 1 -> TEAM106 @ site 1
231209 083307.168|INFO|Thread-17471|dumpPacket|Packet RUN_JUDGEMENT (Seq #1529, o#1529 ) recieveObject
231209 083307.168|INFO|Thread-17471|dumpPacket|  From: SERVER0 @ site 1, oSERVER0 @ site 1 (DESKTOP-D75BQTV @ 212.212.212.212) (Contest Id: DryRun--6069080675419338087)
231209 083307.168|INFO|Thread-17471|dumpPacket|    To: TEAM106 @ site 1
231209 083307.168|INFO|Thread-17471|dumpPacket|   key: JUDGEMENT_RECORD is: edu.csus.ecs.pc2.core.model.JudgementRecord Yes by ADMINISTRATOR1 @ site 1 judgement Yes-2915828768858405923 id JudgementRecord-1979554741440204375
231209 083307.168|INFO|Thread-17471|dumpPacket|   key: RUN is: edu.csus.ecs.pc2.core.model.Run Run 100 JUDGED 51 min 3107045ms from TEAM106 @ site 1 id Run--2145985806475098004 problem DryRun--5056188413862619659 lang Java--8800253324652192008
231209 083307.168|INFO|Thread-17471|dumpPacket|   key: CLIENT_ID is: edu.csus.ecs.pc2.core.model.ClientId SERVER0 @ site 1
231209 083307.168|INFO|Thread-17471|info|handlePacket start Packet[RUN_JUDGEMENT] #1529 SERVER0 @ site 1 -> TEAM106 @ site 1
231209 083307.168|INFO|Thread-17471|dumpPacket|Packet RUN_JUDGEMENT (Seq #1529, o#1529 ) handlePacket
231209 083307.168|INFO|Thread-17471|dumpPacket|  From: SERVER0 @ site 1, oSERVER0 @ site 1 (DESKTOP-D75BQTV @ 212.212.212.212) (Contest Id: DryRun--6069080675419338087)
231209 083307.168|INFO|Thread-17471|dumpPacket|    To: TEAM106 @ site 1
231209 083307.168|INFO|Thread-17471|dumpPacket|   key: JUDGEMENT_RECORD is: edu.csus.ecs.pc2.core.model.JudgementRecord Yes by ADMINISTRATOR1 @ site 1 judgement Yes-2915828768858405923 id JudgementRecord-1979554741440204375
231209 083307.168|INFO|Thread-17471|dumpPacket|   key: RUN is: edu.csus.ecs.pc2.core.model.Run Run 100 JUDGED 51 min 3107045ms from TEAM106 @ site 1 id Run--2145985806475098004 problem DryRun--5056188413862619659 lang Java--8800253324652192008
231209 083307.168|INFO|Thread-17471|dumpPacket|   key: CLIENT_ID is: edu.csus.ecs.pc2.core.model.ClientId SERVER0 @ site 1
231209 083307.168|INFO|Thread-17471|info| receiveObject(S) end   got Packet[RUN_JUDGEMENT] #1529 SERVER0 @ site 1 -> TEAM106 @ site 1
231209 103352.688|INFO|Thread-46414|info| receiveObject(S) start got Packet[CLOCK_STOPPED] #2861 SERVER0 @ site 1 -> SERVER0 @ site 0
231209 103352.688|INFO|Thread-46414|dumpPacket|Packet CLOCK_STOPPED (Seq #2861, o#2861 ) recieveObject
231209 103352.688|INFO|Thread-46414|dumpPacket|  From: SERVER0 @ site 1, oSERVER0 @ site 1 (DESKTOP-D75BQTV @ 212.212.212.212) (Contest Id: DryRun--6069080675419338087)
231209 103352.688|INFO|Thread-46414|dumpPacket|    To: SERVER0 @ site 0
231209 103352.688|INFO|Thread-46414|dumpPacket|   key: SITE_NUMBER is: java.lang.Integer 1
231209 103352.688|INFO|Thread-46414|dumpPacket|   key: CLIENT_ID is: edu.csus.ecs.pc2.core.model.ClientId ADMINISTRATOR1 @ site 1
231209 103352.688|INFO|Thread-46414|info|handlePacket start Packet[CLOCK_STOPPED] #2861 SERVER0 @ site 1 -> SERVER0 @ site 0
231209 103352.688|INFO|Thread-46414|dumpPacket|Packet CLOCK_STOPPED (Seq #2861, o#2861 ) handlePacket
231209 103352.688|INFO|Thread-46414|dumpPacket|  From: SERVER0 @ site 1, oSERVER0 @ site 1 (DESKTOP-D75BQTV @ 212.212.212.212) (Contest Id: DryRun--6069080675419338087)
231209 103352.688|INFO|Thread-46414|dumpPacket|    To: SERVER0 @ site 0
231209 103352.688|INFO|Thread-46414|dumpPacket|   key: SITE_NUMBER is: java.lang.Integer 1
231209 103352.688|INFO|Thread-46414|dumpPacket|   key: CLIENT_ID is: edu.csus.ecs.pc2.core.model.ClientId ADMINISTRATOR1 @ site 1
231209 103352.688|INFO|Thread-46414|info|Clock for site 1 stopped by ADMINISTRATOR1 @ site 1 elapsed 2:52:54
231209 103352.688|INFO|Thread-46414|info| receiveObject(S) end   got Packet[CLOCK_STOPPED] #2861 SERVER0 @ site 1 -> SERVER0 @ site 0
231209 103353.831|INFO|Thread-46773|info| receiveObject(S) start got Packet[CLOCK_STOPPED] #2862 SERVER0 @ site 1 -> SERVER0 @ site 0
231209 103353.831|INFO|Thread-46773|dumpPacket|Packet CLOCK_STOPPED (Seq #2862, o#2862 ) recieveObject
231209 103353.831|INFO|Thread-46773|dumpPacket|  From: SERVER0 @ site 1, oSERVER0 @ site 1 (DESKTOP-D75BQTV @ 212.212.212.212) (Contest Id: DryRun--6069080675419338087)
231209 103353.831|INFO|Thread-46773|dumpPacket|    To: SERVER0 @ site 0
231209 103353.831|INFO|Thread-46773|dumpPacket|   key: SITE_NUMBER is: java.lang.Integer 1
231209 103353.831|INFO|Thread-46773|dumpPacket|   key: CLIENT_ID is: edu.csus.ecs.pc2.core.model.ClientId ADMINISTRATOR1 @ site 1
231209 103353.831|INFO|Thread-46773|info|handlePacket start Packet[CLOCK_STOPPED] #2862 SERVER0 @ site 1 -> SERVER0 @ site 0
231209 103353.831|INFO|Thread-46773|dumpPacket|Packet CLOCK_STOPPED (Seq #2862, o#2862 ) handlePacket
231209 103353.831|INFO|Thread-46773|dumpPacket|  From: SERVER0 @ site 1, oSERVER0 @ site 1 (DESKTOP-D75BQTV @ 212.212.212.212) (Contest Id: DryRun--6069080675419338087)
231209 103353.831|INFO|Thread-46773|dumpPacket|    To: SERVER0 @ site 0
231209 103353.831|INFO|Thread-46773|dumpPacket|   key: SITE_NUMBER is: java.lang.Integer 1
231209 103353.831|INFO|Thread-46773|dumpPacket|   key: CLIENT_ID is: edu.csus.ecs.pc2.core.model.ClientId ADMINISTRATOR1 @ site 1
231209 103353.832|INFO|Thread-46773|info|Clock for site 1 stopped by ADMINISTRATOR1 @ site 1 elapsed 2:52:54
231209 103353.832|INFO|Thread-46773|info| receiveObject(S) end   got Packet[CLOCK_STOPPED] #2862 SERVER0 @ site 1 -> SERVER0 @ site 0
231209 103356.371|INFO|Thread-47098|info| receiveObject(S) start got Packet[CLOCK_STOPPED] #2863 SERVER0 @ site 1 -> SERVER0 @ site 0
231209 103356.371|INFO|Thread-47098|dumpPacket|Packet CLOCK_STOPPED (Seq #2863, o#2863 ) recieveObject
231209 103356.371|INFO|Thread-47098|dumpPacket|  From: SERVER0 @ site 1, oSERVER0 @ site 1 (DESKTOP-D75BQTV @ 212.212.212.212) (Contest Id: DryRun--6069080675419338087)
231209 103356.371|INFO|Thread-47098|dumpPacket|    To: SERVER0 @ site 0
231209 103356.371|INFO|Thread-47098|dumpPacket|   key: SITE_NUMBER is: java.lang.Integer 1
231209 103356.371|INFO|Thread-47098|dumpPacket|   key: CLIENT_ID is: edu.csus.ecs.pc2.core.model.ClientId ADMINISTRATOR1 @ site 1
231209 103356.371|INFO|Thread-47098|info|handlePacket start Packet[CLOCK_STOPPED] #2863 SERVER0 @ site 1 -> SERVER0 @ site 0
231209 103356.371|INFO|Thread-47098|dumpPacket|Packet CLOCK_STOPPED (Seq #2863, o#2863 ) handlePacket
231209 103356.371|INFO|Thread-47098|dumpPacket|  From: SERVER0 @ site 1, oSERVER0 @ site 1 (DESKTOP-D75BQTV @ 212.212.212.212) (Contest Id: DryRun--6069080675419338087)
231209 103356.379|INFO|Thread-47098|dumpPacket|    To: SERVER0 @ site 0
231209 103356.379|INFO|Thread-47098|dumpPacket|   key: SITE_NUMBER is: java.lang.Integer 1
231209 103356.379|INFO|Thread-47098|dumpPacket|   key: CLIENT_ID is: edu.csus.ecs.pc2.core.model.ClientId ADMINISTRATOR1 @ site 1
231209 103356.379|INFO|Thread-47098|info|Clock for site 1 stopped by ADMINISTRATOR1 @ site 1 elapsed 2:52:54
231209 103356.379|INFO|Thread-47098|info| receiveObject(S) end   got Packet[CLOCK_STOPPED] #2863 SERVER0 @ site 1 -> SERVER0 @ site 0
231209 103358.750|INFO|Thread-47459|info| receiveObject(S) start got Packet[CLOCK_STOPPED] #2864 SERVER0 @ site 1 -> SERVER0 @ site 0
231209 103358.750|INFO|Thread-47459|dumpPacket|Packet CLOCK_STOPPED (Seq #2864, o#2864 ) recieveObject
231209 103358.750|INFO|Thread-47459|dumpPacket|  From: SERVER0 @ site 1, oSERVER0 @ site 1 (DESKTOP-D75BQTV @ 212.212.212.212) (Contest Id: DryRun--6069080675419338087)
231209 103358.750|INFO|Thread-47459|dumpPacket|    To: SERVER0 @ site 0
231209 103358.750|INFO|Thread-47459|dumpPacket|   key: SITE_NUMBER is: java.lang.Integer 1
231209 103358.750|INFO|Thread-47459|dumpPacket|   key: CLIENT_ID is: edu.csus.ecs.pc2.core.model.ClientId ADMINISTRATOR1 @ site 1
231209 103358.750|INFO|Thread-47459|info|handlePacket start Packet[CLOCK_STOPPED] #2864 SERVER0 @ site 1 -> SERVER0 @ site 0
231209 103358.750|INFO|Thread-47459|dumpPacket|Packet CLOCK_STOPPED (Seq #2864, o#2864 ) handlePacket
231209 103358.750|INFO|Thread-47459|dumpPacket|  From: SERVER0 @ site 1, oSERVER0 @ site 1 (DESKTOP-D75BQTV @ 212.212.212.212) (Contest Id: DryRun--6069080675419338087)
231209 103358.750|INFO|Thread-47459|dumpPacket|    To: SERVER0 @ site 0
231209 103358.750|INFO|Thread-47459|dumpPacket|   key: SITE_NUMBER is: java.lang.Integer 1
231209 103358.750|INFO|Thread-47459|dumpPacket|   key: CLIENT_ID is: edu.csus.ecs.pc2.core.model.ClientId ADMINISTRATOR1 @ site 1
231209 103358.750|INFO|Thread-47459|info|Clock for site 1 stopped by ADMINISTRATOR1 @ site 1 elapsed 2:52:54
231209 103358.750|INFO|Thread-47459|info| receiveObject(S) end   got Packet[CLOCK_STOPPED] #2864 SERVER0 @ site 1 -> SERVER0 @ site 0
231209 103358.974|INFO|Thread-47862|info| receiveObject(S) start got Packet[CLOCK_STOPPED] #2865 SERVER0 @ site 1 -> SERVER0 @ site 0
231209 103358.974|INFO|Thread-47862|dumpPacket|Packet CLOCK_STOPPED (Seq #2865, o#2865 ) recieveObject
231209 103358.974|INFO|Thread-47862|dumpPacket|  From: SERVER0 @ site 1, oSERVER0 @ site 1 (DESKTOP-D75BQTV @ 212.212.212.212) (Contest Id: DryRun--6069080675419338087)
231209 103358.974|INFO|Thread-47862|dumpPacket|    To: SERVER0 @ site 0
231209 103358.974|INFO|Thread-47862|dumpPacket|   key: SITE_NUMBER is: java.lang.Integer 1
231209 103358.974|INFO|Thread-47862|dumpPacket|   key: CLIENT_ID is: edu.csus.ecs.pc2.core.model.ClientId ADMINISTRATOR1 @ site 1
231209 103358.974|INFO|Thread-47862|info|handlePacket start Packet[CLOCK_STOPPED] #2865 SERVER0 @ site 1 -> SERVER0 @ site 0
231209 103358.974|INFO|Thread-47862|dumpPacket|Packet CLOCK_STOPPED (Seq #2865, o#2865 ) handlePacket
231209 103358.974|INFO|Thread-47862|dumpPacket|  From: SERVER0 @ site 1, oSERVER0 @ site 1 (DESKTOP-D75BQTV @ 212.212.212.212) (Contest Id: DryRun--6069080675419338087)
231209 103358.974|INFO|Thread-47862|dumpPacket|    To: SERVER0 @ site 0
231209 103358.974|INFO|Thread-47862|dumpPacket|   key: SITE_NUMBER is: java.lang.Integer 1
231209 103358.974|INFO|Thread-47862|dumpPacket|   key: CLIENT_ID is: edu.csus.ecs.pc2.core.model.ClientId ADMINISTRATOR1 @ site 1
231209 103358.974|INFO|Thread-47862|info|Clock for site 1 stopped by ADMINISTRATOR1 @ site 1 elapsed 2:52:54
231209 103358.974|INFO|Thread-47862|info| receiveObject(S) end   got Packet[CLOCK_STOPPED] #2865 SERVER0 @ site 1 -> SERVER0 @ site 0
231209 103359.124|INFO|Thread-48186|info| receiveObject(S) start got Packet[CLOCK_STOPPED] #2866 SERVER0 @ site 1 -> SERVER0 @ site 0
231209 103359.124|INFO|Thread-48186|dumpPacket|Packet CLOCK_STOPPED (Seq #2866, o#2866 ) recieveObject
231209 103359.124|INFO|Thread-48186|dumpPacket|  From: SERVER0 @ site 1, oSERVER0 @ site 1 (DESKTOP-D75BQTV @ 212.212.212.212) (Contest Id: DryRun--6069080675419338087)
231209 103359.124|INFO|Thread-48186|dumpPacket|    To: SERVER0 @ site 0
231209 103359.124|INFO|Thread-48186|dumpPacket|   key: SITE_NUMBER is: java.lang.Integer 1
231209 103359.124|INFO|Thread-48186|dumpPacket|   key: CLIENT_ID is: edu.csus.ecs.pc2.core.model.ClientId ADMINISTRATOR1 @ site 1
231209 103359.124|INFO|Thread-48186|info|handlePacket start Packet[CLOCK_STOPPED] #2866 SERVER0 @ site 1 -> SERVER0 @ site 0
231209 103359.124|INFO|Thread-48186|dumpPacket|Packet CLOCK_STOPPED (Seq #2866, o#2866 ) handlePacket
231209 103359.124|INFO|Thread-48186|dumpPacket|  From: SERVER0 @ site 1, oSERVER0 @ site 1 (DESKTOP-D75BQTV @ 212.212.212.212) (Contest Id: DryRun--6069080675419338087)
231209 103359.124|INFO|Thread-48186|dumpPacket|    To: SERVER0 @ site 0
231209 103359.124|INFO|Thread-48186|dumpPacket|   key: SITE_NUMBER is: java.lang.Integer 1
231209 103359.124|INFO|Thread-48186|dumpPacket|   key: CLIENT_ID is: edu.csus.ecs.pc2.core.model.ClientId ADMINISTRATOR1 @ site 1
231209 103359.124|INFO|Thread-48186|info|Clock for site 1 stopped by ADMINISTRATOR1 @ site 1 elapsed 2:52:54
231209 103359.132|INFO|Thread-48186|info| receiveObject(S) end   got Packet[CLOCK_STOPPED] #2866 SERVER0 @ site 1 -> SERVER0 @ site 0
231209 103359.288|INFO|Thread-48554|info| receiveObject(S) start got Packet[CLOCK_STOPPED] #2867 SERVER0 @ site 1 -> SERVER0 @ site 0
231209 103359.288|INFO|Thread-48554|dumpPacket|Packet CLOCK_STOPPED (Seq #2867, o#2867 ) recieveObject
231209 103359.288|INFO|Thread-48554|dumpPacket|  From: SERVER0 @ site 1, oSERVER0 @ site 1 (DESKTOP-D75BQTV @ 212.212.212.212) (Contest Id: DryRun--6069080675419338087)
231209 103359.288|INFO|Thread-48554|dumpPacket|    To: SERVER0 @ site 0
231209 103359.288|INFO|Thread-48554|dumpPacket|   key: SITE_NUMBER is: java.lang.Integer 1
231209 103359.288|INFO|Thread-48554|dumpPacket|   key: CLIENT_ID is: edu.csus.ecs.pc2.core.model.ClientId ADMINISTRATOR1 @ site 1
231209 103359.288|INFO|Thread-48554|info|handlePacket start Packet[CLOCK_STOPPED] #2867 SERVER0 @ site 1 -> SERVER0 @ site 0
231209 103359.288|INFO|Thread-48554|dumpPacket|Packet CLOCK_STOPPED (Seq #2867, o#2867 ) handlePacket
231209 103359.288|INFO|Thread-48554|dumpPacket|  From: SERVER0 @ site 1, oSERVER0 @ site 1 (DESKTOP-D75BQTV @ 212.212.212.212) (Contest Id: DryRun--6069080675419338087)
231209 103359.288|INFO|Thread-48554|dumpPacket|    To: SERVER0 @ site 0
231209 103359.288|INFO|Thread-48554|dumpPacket|   key: SITE_NUMBER is: java.lang.Integer 1
231209 103359.288|INFO|Thread-48554|dumpPacket|   key: CLIENT_ID is: edu.csus.ecs.pc2.core.model.ClientId ADMINISTRATOR1 @ site 1
231209 103359.288|INFO|Thread-48554|info|Clock for site 1 stopped by ADMINISTRATOR1 @ site 1 elapsed 2:52:54
231209 103359.296|INFO|Thread-48554|info| receiveObject(S) end   got Packet[CLOCK_STOPPED] #2867 SERVER0 @ site 1 -> SERVER0 @ site 0
231209 103412.625|INFO|Thread-48923|info| receiveObject(S) start got Packet[UPDATE_CLIENT_PROFILE] #2939 SERVER0 @ site 1 -> TEAM106 @ site 1
231209 103412.625|INFO|Thread-48923|dumpPacket|Packet UPDATE_CLIENT_PROFILE (Seq #2939, o#2939 ) recieveObject
231209 103412.625|INFO|Thread-48923|dumpPacket|  From: SERVER0 @ site 1, oSERVER0 @ site 1 (DESKTOP-D75BQTV @ 212.212.212.212) (Contest Id: BackupWoods-7963625928462800615)
231209 103412.625|INFO|Thread-48923|dumpPacket|    To: TEAM106 @ site 1
231209 103412.625|INFO|Thread-48923|dumpPacket|   key: PROFILE_LIST is: [Ledu.csus.ecs.pc2.core.model.Profile; [Ledu.csus.ecs.pc2.core.model.Profile;@7f78a3f2
231209 103412.625|INFO|Thread-48923|dumpPacket|   key: GENERAL_PROBLEM is: edu.csus.ecs.pc2.core.model.Problem General
231209 103412.625|INFO|Thread-48923|dumpPacket|   key: CONTEST_TIME is: edu.csus.ecs.pc2.core.model.ContestTime edu.csus.ecs.pc2.core.model.ContestTime@71bf426d
231209 103412.625|INFO|Thread-48923|dumpPacket|   key: CLIENT_SETTINGS_LIST is: [Ledu.csus.ecs.pc2.core.model.ClientSettings; [Ledu.csus.ecs.pc2.core.model.ClientSettings;@7580c882
231209 103412.625|INFO|Thread-48923|dumpPacket|   key: CLARIFICATION_LIST is: [Ledu.csus.ecs.pc2.core.model.Clarification; [Ledu.csus.ecs.pc2.core.model.Clarification;@30824856
231209 103412.625|INFO|Thread-48923|dumpPacket|   key: CATEGORY_LIST is: [Ledu.csus.ecs.pc2.core.model.Category; [Ledu.csus.ecs.pc2.core.model.Category;@adf1a87
231209 103412.625|INFO|Thread-48923|dumpPacket|   key: LANGUAGE_LIST is: [Ledu.csus.ecs.pc2.core.model.Language; [Ledu.csus.ecs.pc2.core.model.Language;@1f89d9b
231209 103412.625|INFO|Thread-48923|dumpPacket|   key: REMOTE_LOGGED_IN_USERS is: [Ledu.csus.ecs.pc2.core.model.ClientId; [Ledu.csus.ecs.pc2.core.model.ClientId;@724f91fe
231209 103412.625|INFO|Thread-48923|dumpPacket|   key: CONTEST_TIME_LIST is: [Ledu.csus.ecs.pc2.core.model.ContestTime; [Ledu.csus.ecs.pc2.core.model.ContestTime;@50adb719
231209 103412.625|INFO|Thread-48923|dumpPacket|   key: CONNECTION_HANDLE_ID_LIST is: [Ledu.csus.ecs.pc2.core.transport.ConnectionHandlerID; [Ledu.csus.ecs.pc2.core.transport.ConnectionHandlerID;@225484a9
231209 103412.625|INFO|Thread-48923|dumpPacket|   key: PROFILE is: edu.csus.ecs.pc2.core.model.Profile BackupWoods-7963625928462800615
231209 103412.625|INFO|Thread-48923|dumpPacket|   key: CLIENT_ID is: edu.csus.ecs.pc2.core.model.ClientId TEAM106 @ site 1
231209 103412.625|INFO|Thread-48923|dumpPacket|   key: SITE_NUMBER is: java.lang.Integer 1
231209 103412.625|INFO|Thread-48923|dumpPacket|   key: CONTEST_INFORMATION is: edu.csus.ecs.pc2.core.model.ContestInformation edu.csus.ecs.pc2.core.model.ContestInformation@6705d13d
231209 103412.625|INFO|Thread-48923|dumpPacket|   key: SITE_LIST is: [Ledu.csus.ecs.pc2.core.model.Site; [Ledu.csus.ecs.pc2.core.model.Site;@694b7c42
231209 103412.625|INFO|Thread-48923|dumpPacket|   key: PROBLEM_DATA_FILES is: [Ledu.csus.ecs.pc2.core.model.ProblemDataFiles; [Ledu.csus.ecs.pc2.core.model.ProblemDataFiles;@54e30b0d
231209 103412.625|INFO|Thread-48923|dumpPacket|   key: JUDGEMENT_LIST is: [Ledu.csus.ecs.pc2.core.model.Judgement; [Ledu.csus.ecs.pc2.core.model.Judgement;@5214bcf4
231209 103412.625|INFO|Thread-48923|dumpPacket|   key: PROBLEM_LIST is: [Ledu.csus.ecs.pc2.core.model.Problem; [Ledu.csus.ecs.pc2.core.model.Problem;@1bd113b2
231209 103412.625|INFO|Thread-48923|dumpPacket|   key: GROUP_LIST is: [Ledu.csus.ecs.pc2.core.model.Group; [Ledu.csus.ecs.pc2.core.model.Group;@29cac5e6
231209 103412.625|INFO|Thread-48923|dumpPacket|   key: LOCAL_LOGGED_IN_USERS is: [Ledu.csus.ecs.pc2.core.model.ClientId; [Ledu.csus.ecs.pc2.core.model.ClientId;@653d18b1
231209 103412.625|INFO|Thread-48923|dumpPacket|   key: SERVER_CLOCK_OFFSET is: java.util.GregorianCalendar java.util.GregorianCalendar[time=1702139652247,areFieldsSet=true,areAllFieldsSet=false,lenient=true,zone=sun.util.calendar.ZoneInfo[id="GMT",offset=0,dstSavings=0,useDaylight=false,transitions=0,lastRule=null],firstDayOfWeek=1,minimalDaysInFirstWeek=1,ERA=1,YEAR=2023,MONTH=11,WEEK_OF_YEAR=49,WEEK_OF_MONTH=2,DAY_OF_MONTH=9,DAY_OF_YEAR=343,DAY_OF_WEEK=7,DAY_OF_WEEK_IN_MONTH=2,AM_PM=1,HOUR=4,HOUR_OF_DAY=16,MINUTE=34,SECOND=12,MILLISECOND=247,ZONE_OFFSET=0,DST_OFFSET=0]
231209 103412.625|INFO|Thread-48923|dumpPacket|   key: NEW_PROFILE is: edu.csus.ecs.pc2.core.model.Profile BackupWoods-7963625928462800615
231209 103412.625|INFO|Thread-48923|dumpPacket|   key: CONTEST_IDENTIFIER is: java.lang.String BackupWoods-7963625928462800615
231209 103412.625|INFO|Thread-48923|dumpPacket|   key: BALLOON_SETTINGS_LIST is: [Ledu.csus.ecs.pc2.core.model.BalloonSettings; [Ledu.csus.ecs.pc2.core.model.BalloonSettings;@12b9fbfe
231209 103412.625|INFO|Thread-48923|dumpPacket|   key: RUN_LIST is: [Ledu.csus.ecs.pc2.core.model.Run; [Ledu.csus.ecs.pc2.core.model.Run;@1e63698
231209 103412.625|INFO|Thread-48923|dumpPacket|   key: ACCOUNT_ARRAY is: [Ledu.csus.ecs.pc2.core.model.Account; [Ledu.csus.ecs.pc2.core.model.Account;@7e7c26b7
231209 103412.625|INFO|Thread-48923|info|handlePacket start Packet[UPDATE_CLIENT_PROFILE] #2939 SERVER0 @ site 1 -> TEAM106 @ site 1
231209 103412.625|INFO|Thread-48923|dumpPacket|Packet UPDATE_CLIENT_PROFILE (Seq #2939, o#2939 ) handlePacket
231209 103412.625|INFO|Thread-48923|dumpPacket|  From: SERVER0 @ site 1, oSERVER0 @ site 1 (DESKTOP-D75BQTV @ 212.212.212.212) (Contest Id: BackupWoods-7963625928462800615)
231209 103412.625|INFO|Thread-48923|dumpPacket|    To: TEAM106 @ site 1
231209 103412.625|INFO|Thread-48923|dumpPacket|   key: PROFILE_LIST is: [Ledu.csus.ecs.pc2.core.model.Profile; [Ledu.csus.ecs.pc2.core.model.Profile;@7f78a3f2
231209 103412.625|INFO|Thread-48923|dumpPacket|   key: GENERAL_PROBLEM is: edu.csus.ecs.pc2.core.model.Problem General
231209 103412.625|INFO|Thread-48923|dumpPacket|   key: CONTEST_TIME is: edu.csus.ecs.pc2.core.model.ContestTime edu.csus.ecs.pc2.core.model.ContestTime@71bf426d
231209 103412.625|INFO|Thread-48923|dumpPacket|   key: CLIENT_SETTINGS_LIST is: [Ledu.csus.ecs.pc2.core.model.ClientSettings; [Ledu.csus.ecs.pc2.core.model.ClientSettings;@7580c882
231209 103412.625|INFO|Thread-48923|dumpPacket|   key: CLARIFICATION_LIST is: [Ledu.csus.ecs.pc2.core.model.Clarification; [Ledu.csus.ecs.pc2.core.model.Clarification;@30824856
231209 103412.625|INFO|Thread-48923|dumpPacket|   key: CATEGORY_LIST is: [Ledu.csus.ecs.pc2.core.model.Category; [Ledu.csus.ecs.pc2.core.model.Category;@adf1a87
231209 103412.625|INFO|Thread-48923|dumpPacket|   key: LANGUAGE_LIST is: [Ledu.csus.ecs.pc2.core.model.Language; [Ledu.csus.ecs.pc2.core.model.Language;@1f89d9b
231209 103412.625|INFO|Thread-48923|dumpPacket|   key: REMOTE_LOGGED_IN_USERS is: [Ledu.csus.ecs.pc2.core.model.ClientId; [Ledu.csus.ecs.pc2.core.model.ClientId;@724f91fe
231209 103412.625|INFO|Thread-48923|dumpPacket|   key: CONTEST_TIME_LIST is: [Ledu.csus.ecs.pc2.core.model.ContestTime; [Ledu.csus.ecs.pc2.core.model.ContestTime;@50adb719
231209 103412.625|INFO|Thread-48923|dumpPacket|   key: CONNECTION_HANDLE_ID_LIST is: [Ledu.csus.ecs.pc2.core.transport.ConnectionHandlerID; [Ledu.csus.ecs.pc2.core.transport.ConnectionHandlerID;@225484a9
231209 103412.625|INFO|Thread-48923|dumpPacket|   key: PROFILE is: edu.csus.ecs.pc2.core.model.Profile BackupWoods-7963625928462800615
231209 103412.625|INFO|Thread-48923|dumpPacket|   key: CLIENT_ID is: edu.csus.ecs.pc2.core.model.ClientId TEAM106 @ site 1
231209 103412.625|INFO|Thread-48923|dumpPacket|   key: SITE_NUMBER is: java.lang.Integer 1
231209 103412.625|INFO|Thread-48923|dumpPacket|   key: CONTEST_INFORMATION is: edu.csus.ecs.pc2.core.model.ContestInformation edu.csus.ecs.pc2.core.model.ContestInformation@6705d13d
231209 103412.625|INFO|Thread-48923|dumpPacket|   key: SITE_LIST is: [Ledu.csus.ecs.pc2.core.model.Site; [Ledu.csus.ecs.pc2.core.model.Site;@694b7c42
231209 103412.625|INFO|Thread-48923|dumpPacket|   key: PROBLEM_DATA_FILES is: [Ledu.csus.ecs.pc2.core.model.ProblemDataFiles; [Ledu.csus.ecs.pc2.core.model.ProblemDataFiles;@54e30b0d
231209 103412.625|INFO|Thread-48923|dumpPacket|   key: JUDGEMENT_LIST is: [Ledu.csus.ecs.pc2.core.model.Judgement; [Ledu.csus.ecs.pc2.core.model.Judgement;@5214bcf4
231209 103412.625|INFO|Thread-48923|dumpPacket|   key: PROBLEM_LIST is: [Ledu.csus.ecs.pc2.core.model.Problem; [Ledu.csus.ecs.pc2.core.model.Problem;@1bd113b2
231209 103412.625|INFO|Thread-48923|dumpPacket|   key: GROUP_LIST is: [Ledu.csus.ecs.pc2.core.model.Group; [Ledu.csus.ecs.pc2.core.model.Group;@29cac5e6
231209 103412.625|INFO|Thread-48923|dumpPacket|   key: LOCAL_LOGGED_IN_USERS is: [Ledu.csus.ecs.pc2.core.model.ClientId; [Ledu.csus.ecs.pc2.core.model.ClientId;@653d18b1
231209 103412.625|INFO|Thread-48923|dumpPacket|   key: SERVER_CLOCK_OFFSET is: java.util.GregorianCalendar java.util.GregorianCalendar[time=1702139652247,areFieldsSet=true,areAllFieldsSet=false,lenient=true,zone=sun.util.calendar.ZoneInfo[id="GMT",offset=0,dstSavings=0,useDaylight=false,transitions=0,lastRule=null],firstDayOfWeek=1,minimalDaysInFirstWeek=1,ERA=1,YEAR=2023,MONTH=11,WEEK_OF_YEAR=49,WEEK_OF_MONTH=2,DAY_OF_MONTH=9,DAY_OF_YEAR=343,DAY_OF_WEEK=7,DAY_OF_WEEK_IN_MONTH=2,AM_PM=1,HOUR=4,HOUR_OF_DAY=16,MINUTE=34,SECOND=12,MILLISECOND=247,ZONE_OFFSET=0,DST_OFFSET=0]
231209 103412.625|INFO|Thread-48923|dumpPacket|   key: NEW_PROFILE is: edu.csus.ecs.pc2.core.model.Profile BackupWoods-7963625928462800615
231209 103412.625|INFO|Thread-48923|dumpPacket|   key: CONTEST_IDENTIFIER is: java.lang.String BackupWoods-7963625928462800615
231209 103412.625|INFO|Thread-48923|dumpPacket|   key: BALLOON_SETTINGS_LIST is: [Ledu.csus.ecs.pc2.core.model.BalloonSettings; [Ledu.csus.ecs.pc2.core.model.BalloonSettings;@12b9fbfe
231209 103412.625|INFO|Thread-48923|dumpPacket|   key: RUN_LIST is: [Ledu.csus.ecs.pc2.core.model.Run; [Ledu.csus.ecs.pc2.core.model.Run;@1e63698
231209 103412.625|INFO|Thread-48923|dumpPacket|   key: ACCOUNT_ARRAY is: [Ledu.csus.ecs.pc2.core.model.Account; [Ledu.csus.ecs.pc2.core.model.Account;@7e7c26b7
231209 103412.625|INFO|Thread-48923|reRegisterPlugins|plugin.setContestAndController for API Contest class
231209 103412.625|INFO|Thread-48923|info|handleUpdateClientProfile fireAllRefreshEvents start
231209 103412.657|SEVERE|Thread-48923|error|java.lang.NullPointerException: Cannot invoke "edu.csus.ecs.pc2.core.model.Run.isDeleted()" because "this.run" is null
|java.lang.NullPointerException: Cannot invoke "edu.csus.ecs.pc2.core.model.Run.isDeleted()" because "this.run" is null
|    at edu.csus.ecs.pc2.api.implementation.RunImplementation.<init> (RunImplementation.java:118)
|    at edu.csus.ecs.pc2.api.implementation.RunListenerList.fireRunListener (RunListenerList.java:33)
|    at edu.csus.ecs.pc2.api.implementation.RunListenerList.access$000 (RunListenerList.java:22)
|    at edu.csus.ecs.pc2.api.implementation.RunListenerList$Listener.refreshRuns (RunListenerList.java:150)
|    at edu.csus.ecs.pc2.core.model.InternalContest.fireRunListener (InternalContest.java:434)
|    at edu.csus.ecs.pc2.core.model.InternalContest.fireAllRefreshEvents (InternalContest.java:2880)
|    at edu.csus.ecs.pc2.core.PacketHandler.handleUpdateClientProfile (PacketHandler.java:996)
|    at edu.csus.ecs.pc2.core.PacketHandler.handleOtherPacketTypes (PacketHandler.java:413)
|    at edu.csus.ecs.pc2.core.PacketHandler.handlePacket (PacketHandler.java:267)
|    at edu.csus.ecs.pc2.core.InternalController.receiveObject (InternalController.java:2441)
|    at edu.csus.ecs.pc2.core.transport.TransportManager$2.run (TransportManager.java:343)
|    at java.lang.Thread.run (Thread.java:833)
231209 103412.657|INFO|Thread-48923|info| receiveObject(S) end   got Packet[UPDATE_CLIENT_PROFILE] #2939 SERVER0 @ site 1 -> TEAM106 @ site 1
231209 103439.587|INFO|Thread-49011|info| receiveObject(S) start got Packet[UPDATE_CLIENT_PROFILE] #3051 SERVER0 @ site 1 -> TEAM106 @ site 1
231209 103439.595|INFO|Thread-49011|dumpPacket|Packet UPDATE_CLIENT_PROFILE (Seq #3051, o#3051 ) recieveObject
231209 103439.595|INFO|Thread-49011|dumpPacket|  From: SERVER0 @ site 1, oSERVER0 @ site 1 (DESKTOP-D75BQTV @ 212.212.212.212) (Contest Id: RealDeal--1957769244132597914)
231209 103439.595|INFO|Thread-49011|dumpPacket|    To: TEAM106 @ site 1
231209 103439.595|INFO|Thread-49011|dumpPacket|   key: PROFILE_LIST is: [Ledu.csus.ecs.pc2.core.model.Profile; [Ledu.csus.ecs.pc2.core.model.Profile;@4af7b3fa
231209 103439.595|INFO|Thread-49011|dumpPacket|   key: GENERAL_PROBLEM is: edu.csus.ecs.pc2.core.model.Problem General
231209 103439.595|INFO|Thread-49011|dumpPacket|   key: CONTEST_TIME is: edu.csus.ecs.pc2.core.model.ContestTime edu.csus.ecs.pc2.core.model.ContestTime@443054d4
231209 103439.595|INFO|Thread-49011|dumpPacket|   key: CLIENT_SETTINGS_LIST is: [Ledu.csus.ecs.pc2.core.model.ClientSettings; [Ledu.csus.ecs.pc2.core.model.ClientSettings;@400fd88a
231209 103439.595|INFO|Thread-49011|dumpPacket|   key: CLARIFICATION_LIST is: [Ledu.csus.ecs.pc2.core.model.Clarification; [Ledu.csus.ecs.pc2.core.model.Clarification;@50d5eef
231209 103439.595|INFO|Thread-49011|dumpPacket|   key: CATEGORY_LIST is: [Ledu.csus.ecs.pc2.core.model.Category; [Ledu.csus.ecs.pc2.core.model.Category;@721255d7
231209 103439.595|INFO|Thread-49011|dumpPacket|   key: LANGUAGE_LIST is: [Ledu.csus.ecs.pc2.core.model.Language; [Ledu.csus.ecs.pc2.core.model.Language;@344239b5
231209 103439.595|INFO|Thread-49011|dumpPacket|   key: REMOTE_LOGGED_IN_USERS is: [Ledu.csus.ecs.pc2.core.model.ClientId; [Ledu.csus.ecs.pc2.core.model.ClientId;@ab76c3f
231209 103439.595|INFO|Thread-49011|dumpPacket|   key: CONTEST_TIME_LIST is: [Ledu.csus.ecs.pc2.core.model.ContestTime; [Ledu.csus.ecs.pc2.core.model.ContestTime;@6522a1a0
231209 103439.595|INFO|Thread-49011|dumpPacket|   key: CONNECTION_HANDLE_ID_LIST is: [Ledu.csus.ecs.pc2.core.transport.ConnectionHandlerID; [Ledu.csus.ecs.pc2.core.transport.ConnectionHandlerID;@57eec3e
231209 103439.595|INFO|Thread-49011|dumpPacket|   key: PROFILE is: edu.csus.ecs.pc2.core.model.Profile RealDeal--1957769244132597914
231209 103439.595|INFO|Thread-49011|dumpPacket|   key: CLIENT_ID is: edu.csus.ecs.pc2.core.model.ClientId TEAM106 @ site 1
231209 103439.595|INFO|Thread-49011|dumpPacket|   key: SITE_NUMBER is: java.lang.Integer 1
231209 103439.595|INFO|Thread-49011|dumpPacket|   key: CONTEST_INFORMATION is: edu.csus.ecs.pc2.core.model.ContestInformation edu.csus.ecs.pc2.core.model.ContestInformation@2054f2b5
231209 103439.595|INFO|Thread-49011|dumpPacket|   key: SITE_LIST is: [Ledu.csus.ecs.pc2.core.model.Site; [Ledu.csus.ecs.pc2.core.model.Site;@11b3a414
231209 103439.595|INFO|Thread-49011|dumpPacket|   key: PROBLEM_DATA_FILES is: [Ledu.csus.ecs.pc2.core.model.ProblemDataFiles; [Ledu.csus.ecs.pc2.core.model.ProblemDataFiles;@616c3823
231209 103439.595|INFO|Thread-49011|dumpPacket|   key: JUDGEMENT_LIST is: [Ledu.csus.ecs.pc2.core.model.Judgement; [Ledu.csus.ecs.pc2.core.model.Judgement;@1381372c
231209 103439.595|INFO|Thread-49011|dumpPacket|   key: PROBLEM_LIST is: [Ledu.csus.ecs.pc2.core.model.Problem; [Ledu.csus.ecs.pc2.core.model.Problem;@1447beb3
231209 103439.595|INFO|Thread-49011|dumpPacket|   key: GROUP_LIST is: [Ledu.csus.ecs.pc2.core.model.Group; [Ledu.csus.ecs.pc2.core.model.Group;@18d83b2b
231209 103439.595|INFO|Thread-49011|dumpPacket|   key: LOCAL_LOGGED_IN_USERS is: [Ledu.csus.ecs.pc2.core.model.ClientId; [Ledu.csus.ecs.pc2.core.model.ClientId;@1875a533
231209 103439.595|INFO|Thread-49011|dumpPacket|   key: SERVER_CLOCK_OFFSET is: java.util.GregorianCalendar java.util.GregorianCalendar[time=1702139679219,areFieldsSet=true,areAllFieldsSet=false,lenient=true,zone=sun.util.calendar.ZoneInfo[id="GMT",offset=0,dstSavings=0,useDaylight=false,transitions=0,lastRule=null],firstDayOfWeek=1,minimalDaysInFirstWeek=1,ERA=1,YEAR=2023,MONTH=11,WEEK_OF_YEAR=49,WEEK_OF_MONTH=2,DAY_OF_MONTH=9,DAY_OF_YEAR=343,DAY_OF_WEEK=7,DAY_OF_WEEK_IN_MONTH=2,AM_PM=1,HOUR=4,HOUR_OF_DAY=16,MINUTE=34,SECOND=39,MILLISECOND=219,ZONE_OFFSET=0,DST_OFFSET=0]
231209 103439.595|INFO|Thread-49011|dumpPacket|   key: NEW_PROFILE is: edu.csus.ecs.pc2.core.model.Profile RealDeal--1957769244132597914
231209 103439.595|INFO|Thread-49011|dumpPacket|   key: CONTEST_IDENTIFIER is: java.lang.String RealDeal--1957769244132597914
231209 103439.595|INFO|Thread-49011|dumpPacket|   key: BALLOON_SETTINGS_LIST is: [Ledu.csus.ecs.pc2.core.model.BalloonSettings; [Ledu.csus.ecs.pc2.core.model.BalloonSettings;@2d7d946
231209 103439.595|INFO|Thread-49011|dumpPacket|   key: RUN_LIST is: [Ledu.csus.ecs.pc2.core.model.Run; [Ledu.csus.ecs.pc2.core.model.Run;@2bcc4d89
231209 103439.595|INFO|Thread-49011|dumpPacket|   key: ACCOUNT_ARRAY is: [Ledu.csus.ecs.pc2.core.model.Account; [Ledu.csus.ecs.pc2.core.model.Account;@72943ab8
231209 103439.595|INFO|Thread-49011|info|handlePacket start Packet[UPDATE_CLIENT_PROFILE] #3051 SERVER0 @ site 1 -> TEAM106 @ site 1
231209 103439.595|INFO|Thread-49011|dumpPacket|Packet UPDATE_CLIENT_PROFILE (Seq #3051, o#3051 ) handlePacket
231209 103439.595|INFO|Thread-49011|dumpPacket|  From: SERVER0 @ site 1, oSERVER0 @ site 1 (DESKTOP-D75BQTV @ 212.212.212.212) (Contest Id: RealDeal--1957769244132597914)
231209 103439.595|INFO|Thread-49011|dumpPacket|    To: TEAM106 @ site 1
231209 103439.595|INFO|Thread-49011|dumpPacket|   key: PROFILE_LIST is: [Ledu.csus.ecs.pc2.core.model.Profile; [Ledu.csus.ecs.pc2.core.model.Profile;@4af7b3fa
231209 103439.595|INFO|Thread-49011|dumpPacket|   key: GENERAL_PROBLEM is: edu.csus.ecs.pc2.core.model.Problem General
231209 103439.595|INFO|Thread-49011|dumpPacket|   key: CONTEST_TIME is: edu.csus.ecs.pc2.core.model.ContestTime edu.csus.ecs.pc2.core.model.ContestTime@443054d4
231209 103439.595|INFO|Thread-49011|dumpPacket|   key: CLIENT_SETTINGS_LIST is: [Ledu.csus.ecs.pc2.core.model.ClientSettings; [Ledu.csus.ecs.pc2.core.model.ClientSettings;@400fd88a
231209 103439.595|INFO|Thread-49011|dumpPacket|   key: CLARIFICATION_LIST is: [Ledu.csus.ecs.pc2.core.model.Clarification; [Ledu.csus.ecs.pc2.core.model.Clarification;@50d5eef
231209 103439.595|INFO|Thread-49011|dumpPacket|   key: CATEGORY_LIST is: [Ledu.csus.ecs.pc2.core.model.Category; [Ledu.csus.ecs.pc2.core.model.Category;@721255d7
231209 103439.595|INFO|Thread-49011|dumpPacket|   key: LANGUAGE_LIST is: [Ledu.csus.ecs.pc2.core.model.Language; [Ledu.csus.ecs.pc2.core.model.Language;@344239b5
231209 103439.595|INFO|Thread-49011|dumpPacket|   key: REMOTE_LOGGED_IN_USERS is: [Ledu.csus.ecs.pc2.core.model.ClientId; [Ledu.csus.ecs.pc2.core.model.ClientId;@ab76c3f
231209 103439.595|INFO|Thread-49011|dumpPacket|   key: CONTEST_TIME_LIST is: [Ledu.csus.ecs.pc2.core.model.ContestTime; [Ledu.csus.ecs.pc2.core.model.ContestTime;@6522a1a0
231209 103439.595|INFO|Thread-49011|dumpPacket|   key: CONNECTION_HANDLE_ID_LIST is: [Ledu.csus.ecs.pc2.core.transport.ConnectionHandlerID; [Ledu.csus.ecs.pc2.core.transport.ConnectionHandlerID;@57eec3e
231209 103439.595|INFO|Thread-49011|dumpPacket|   key: PROFILE is: edu.csus.ecs.pc2.core.model.Profile RealDeal--1957769244132597914
231209 103439.595|INFO|Thread-49011|dumpPacket|   key: CLIENT_ID is: edu.csus.ecs.pc2.core.model.ClientId TEAM106 @ site 1
231209 103439.595|INFO|Thread-49011|dumpPacket|   key: SITE_NUMBER is: java.lang.Integer 1
231209 103439.595|INFO|Thread-49011|dumpPacket|   key: CONTEST_INFORMATION is: edu.csus.ecs.pc2.core.model.ContestInformation edu.csus.ecs.pc2.core.model.ContestInformation@2054f2b5
231209 103439.595|INFO|Thread-49011|dumpPacket|   key: SITE_LIST is: [Ledu.csus.ecs.pc2.core.model.Site; [Ledu.csus.ecs.pc2.core.model.Site;@11b3a414
231209 103439.595|INFO|Thread-49011|dumpPacket|   key: PROBLEM_DATA_FILES is: [Ledu.csus.ecs.pc2.core.model.ProblemDataFiles; [Ledu.csus.ecs.pc2.core.model.ProblemDataFiles;@616c3823
231209 103439.595|INFO|Thread-49011|dumpPacket|   key: JUDGEMENT_LIST is: [Ledu.csus.ecs.pc2.core.model.Judgement; [Ledu.csus.ecs.pc2.core.model.Judgement;@1381372c
231209 103439.595|INFO|Thread-49011|dumpPacket|   key: PROBLEM_LIST is: [Ledu.csus.ecs.pc2.core.model.Problem; [Ledu.csus.ecs.pc2.core.model.Problem;@1447beb3
231209 103439.595|INFO|Thread-49011|dumpPacket|   key: GROUP_LIST is: [Ledu.csus.ecs.pc2.core.model.Group; [Ledu.csus.ecs.pc2.core.model.Group;@18d83b2b
231209 103439.595|INFO|Thread-49011|dumpPacket|   key: LOCAL_LOGGED_IN_USERS is: [Ledu.csus.ecs.pc2.core.model.ClientId; [Ledu.csus.ecs.pc2.core.model.ClientId;@1875a533
231209 103439.595|INFO|Thread-49011|dumpPacket|   key: SERVER_CLOCK_OFFSET is: java.util.GregorianCalendar java.util.GregorianCalendar[time=1702139679219,areFieldsSet=true,areAllFieldsSet=false,lenient=true,zone=sun.util.calendar.ZoneInfo[id="GMT",offset=0,dstSavings=0,useDaylight=false,transitions=0,lastRule=null],firstDayOfWeek=1,minimalDaysInFirstWeek=1,ERA=1,YEAR=2023,MONTH=11,WEEK_OF_YEAR=49,WEEK_OF_MONTH=2,DAY_OF_MONTH=9,DAY_OF_YEAR=343,DAY_OF_WEEK=7,DAY_OF_WEEK_IN_MONTH=2,AM_PM=1,HOUR=4,HOUR_OF_DAY=16,MINUTE=34,SECOND=39,MILLISECOND=219,ZONE_OFFSET=0,DST_OFFSET=0]
231209 103439.595|INFO|Thread-49011|dumpPacket|   key: NEW_PROFILE is: edu.csus.ecs.pc2.core.model.Profile RealDeal--1957769244132597914
231209 103439.595|INFO|Thread-49011|dumpPacket|   key: CONTEST_IDENTIFIER is: java.lang.String RealDeal--1957769244132597914
231209 103439.595|INFO|Thread-49011|dumpPacket|   key: BALLOON_SETTINGS_LIST is: [Ledu.csus.ecs.pc2.core.model.BalloonSettings; [Ledu.csus.ecs.pc2.core.model.BalloonSettings;@2d7d946
231209 103439.595|INFO|Thread-49011|dumpPacket|   key: RUN_LIST is: [Ledu.csus.ecs.pc2.core.model.Run; [Ledu.csus.ecs.pc2.core.model.Run;@2bcc4d89
231209 103439.595|INFO|Thread-49011|dumpPacket|   key: ACCOUNT_ARRAY is: [Ledu.csus.ecs.pc2.core.model.Account; [Ledu.csus.ecs.pc2.core.model.Account;@72943ab8
231209 103439.595|INFO|Thread-49011|reRegisterPlugins|plugin.setContestAndController for API Contest class
231209 103439.595|INFO|Thread-49011|info|handleUpdateClientProfile fireAllRefreshEvents start
231209 103439.612|SEVERE|Thread-49011|error|java.lang.NullPointerException: Cannot invoke "edu.csus.ecs.pc2.core.model.Run.isDeleted()" because "this.run" is null
|java.lang.NullPointerException: Cannot invoke "edu.csus.ecs.pc2.core.model.Run.isDeleted()" because "this.run" is null
|    at edu.csus.ecs.pc2.api.implementation.RunImplementation.<init> (RunImplementation.java:118)
|    at edu.csus.ecs.pc2.api.implementation.RunListenerList.fireRunListener (RunListenerList.java:33)
|    at edu.csus.ecs.pc2.api.implementation.RunListenerList.access$000 (RunListenerList.java:22)
|    at edu.csus.ecs.pc2.api.implementation.RunListenerList$Listener.refreshRuns (RunListenerList.java:150)
|    at edu.csus.ecs.pc2.core.model.InternalContest.fireRunListener (InternalContest.java:434)
|    at edu.csus.ecs.pc2.core.model.InternalContest.fireAllRefreshEvents (InternalContest.java:2880)
|    at edu.csus.ecs.pc2.core.PacketHandler.handleUpdateClientProfile (PacketHandler.java:996)
|    at edu.csus.ecs.pc2.core.PacketHandler.handleOtherPacketTypes (PacketHandler.java:413)
|    at edu.csus.ecs.pc2.core.PacketHandler.handlePacket (PacketHandler.java:267)
|    at edu.csus.ecs.pc2.core.InternalController.receiveObject (InternalController.java:2441)
|    at edu.csus.ecs.pc2.core.transport.TransportManager$2.run (TransportManager.java:343)
|    at java.lang.Thread.run (Thread.java:833)
231209 103439.620|INFO|Thread-49011|info| receiveObject(S) end   got Packet[UPDATE_CLIENT_PROFILE] #3051 SERVER0 @ site 1 -> TEAM106 @ site 1
