231209 082355.701|CONFIG|qtp135640095-5110|setFileHandlers|Now logging to C:\Users\18328\Desktop\pc2\WebTeamInterface-1.1\logs directory.
231209 082355.701|INFO|qtp135640095-5110|info|
231209 082355.701|INFO|qtp135640095-5110|info|Version 9 () Java ver 18.0.2.1 build  Windows 11 10.0 (amd64) 
231209 082355.701|INFO|qtp135640095-5110|info|Login: team118 (aka team118)
231209 082355.701|INFO|qtp135640095-5110|startLog|Working directory is C:\Users\18328\Desktop\pc2\WebTeamInterface-1.1
231209 082355.701|INFO|qtp135640095-5110|startLog|Process id is 15028@DESKTOP-D75BQTV
231209 082355.701|INFO|qtp135640095-5110|info|Contacting server at localhost:50002 as TEAM118 @ site 0
231209 082355.701|INFO|qtp135640095-5110|info|sendLoginRequest start - sending from TEAM118 @ site 0
231209 082355.701|INFO|qtp135640095-5110|sendToLocalServer|Sending packet to server Packet[LOGIN_REQUEST] #168 TEAM118 @ site 0 -> SERVER0 @ site 0
231209 082355.701|INFO|qtp135640095-5110|sendToLocalServer|Sent    packet to server Packet[LOGIN_REQUEST] #168 TEAM118 @ site 0 -> SERVER0 @ site 0
231209 082355.701|INFO|qtp135640095-5110|info|sendLoginRequest end - packet sent.
231209 082355.701|INFO|Thread-6621|run|send(Serializable)
231209 082355.714|INFO|Thread-6620|receive|public void receive(SealedObject TransportPacket, ConnectionHandlerID connectionHandlerID)
231209 082355.718|INFO|Thread-6622|info| receiveObject(S) start got Packet[LOGIN_SUCCESS] #968 SERVER0 @ site 1 -> TEAM118 @ site 1
231209 082355.718|INFO|Thread-6622|dumpPacket|Packet LOGIN_SUCCESS (Seq #968, o#968 ) recieveObject
231209 082355.718|INFO|Thread-6622|dumpPacket|  From: SERVER0 @ site 1, oSERVER0 @ site 1 (DESKTOP-D75BQTV @ 212.212.212.212) (Contest Id: DryRun--6069080675419338087)
231209 082355.718|INFO|Thread-6622|dumpPacket|    To: TEAM118 @ site 1
231209 082355.718|INFO|Thread-6622|dumpPacket|   key: PROFILE_LIST is: [Ledu.csus.ecs.pc2.core.model.Profile; [Ledu.csus.ecs.pc2.core.model.Profile;@5592b2f3
231209 082355.718|INFO|Thread-6622|dumpPacket|   key: GENERAL_PROBLEM is: edu.csus.ecs.pc2.core.model.Problem General
231209 082355.718|INFO|Thread-6622|dumpPacket|   key: CLIENT_SETTINGS_LIST is: [Ledu.csus.ecs.pc2.core.model.ClientSettings; [Ledu.csus.ecs.pc2.core.model.ClientSettings;@5b555631
231209 082355.718|INFO|Thread-6622|dumpPacket|   key: CONTEST_TIME is: edu.csus.ecs.pc2.core.model.ContestTime edu.csus.ecs.pc2.core.model.ContestTime@5f6ad983
231209 082355.718|INFO|Thread-6622|dumpPacket|   key: CLARIFICATION_LIST is: [Ledu.csus.ecs.pc2.core.model.Clarification; [Ledu.csus.ecs.pc2.core.model.Clarification;@1a685c0a
231209 082355.718|INFO|Thread-6622|dumpPacket|   key: CATEGORY_LIST is: [Ledu.csus.ecs.pc2.core.model.Category; [Ledu.csus.ecs.pc2.core.model.Category;@5a2d709e
231209 082355.718|INFO|Thread-6622|dumpPacket|   key: LANGUAGE_LIST is: [Ledu.csus.ecs.pc2.core.model.Language; [Ledu.csus.ecs.pc2.core.model.Language;@2b384134
231209 082355.718|INFO|Thread-6622|dumpPacket|   key: REMOTE_LOGGED_IN_USERS is: [Ledu.csus.ecs.pc2.core.model.ClientId; [Ledu.csus.ecs.pc2.core.model.ClientId;@22973311
231209 082355.718|INFO|Thread-6622|dumpPacket|   key: CONTEST_TIME_LIST is: [Ledu.csus.ecs.pc2.core.model.ContestTime; [Ledu.csus.ecs.pc2.core.model.ContestTime;@7a47a345
231209 082355.718|INFO|Thread-6622|dumpPacket|   key: CONNECTION_HANDLE_ID_LIST is: [Ledu.csus.ecs.pc2.core.transport.ConnectionHandlerID; [Ledu.csus.ecs.pc2.core.transport.ConnectionHandlerID;@4bdf9513
231209 082355.718|INFO|Thread-6622|dumpPacket|   key: PROFILE is: edu.csus.ecs.pc2.core.model.Profile DryRun--6069080675419338087
231209 082355.718|INFO|Thread-6622|dumpPacket|   key: CLIENT_ID is: edu.csus.ecs.pc2.core.model.ClientId TEAM118 @ site 1
231209 082355.718|INFO|Thread-6622|dumpPacket|   key: SITE_NUMBER is: java.lang.Integer 1
231209 082355.718|INFO|Thread-6622|dumpPacket|   key: CONTEST_INFORMATION is: edu.csus.ecs.pc2.core.model.ContestInformation edu.csus.ecs.pc2.core.model.ContestInformation@22875cbd
231209 082355.718|INFO|Thread-6622|dumpPacket|   key: SITE_LIST is: [Ledu.csus.ecs.pc2.core.model.Site; [Ledu.csus.ecs.pc2.core.model.Site;@3993fc47
231209 082355.718|INFO|Thread-6622|dumpPacket|   key: PROBLEM_DATA_FILES is: [Ledu.csus.ecs.pc2.core.model.ProblemDataFiles; [Ledu.csus.ecs.pc2.core.model.ProblemDataFiles;@7e093dbb
231209 082355.718|INFO|Thread-6622|dumpPacket|   key: JUDGEMENT_LIST is: [Ledu.csus.ecs.pc2.core.model.Judgement; [Ledu.csus.ecs.pc2.core.model.Judgement;@49494864
231209 082355.718|INFO|Thread-6622|dumpPacket|   key: PROBLEM_LIST is: [Ledu.csus.ecs.pc2.core.model.Problem; [Ledu.csus.ecs.pc2.core.model.Problem;@51b39744
231209 082355.718|INFO|Thread-6622|dumpPacket|   key: GROUP_LIST is: [Ledu.csus.ecs.pc2.core.model.Group; [Ledu.csus.ecs.pc2.core.model.Group;@77e438f1
231209 082355.718|INFO|Thread-6622|dumpPacket|   key: LOCAL_LOGGED_IN_USERS is: [Ledu.csus.ecs.pc2.core.model.ClientId; [Ledu.csus.ecs.pc2.core.model.ClientId;@40372753
231209 082355.718|INFO|Thread-6622|dumpPacket|   key: SERVER_CLOCK_OFFSET is: java.util.GregorianCalendar java.util.GregorianCalendar[time=1702131835711,areFieldsSet=true,areAllFieldsSet=false,lenient=true,zone=sun.util.calendar.ZoneInfo[id="GMT",offset=0,dstSavings=0,useDaylight=false,transitions=0,lastRule=null],firstDayOfWeek=1,minimalDaysInFirstWeek=1,ERA=1,YEAR=2023,MONTH=11,WEEK_OF_YEAR=49,WEEK_OF_MONTH=2,DAY_OF_MONTH=9,DAY_OF_YEAR=343,DAY_OF_WEEK=7,DAY_OF_WEEK_IN_MONTH=2,AM_PM=1,HOUR=2,HOUR_OF_DAY=14,MINUTE=23,SECOND=55,MILLISECOND=711,ZONE_OFFSET=0,DST_OFFSET=0]
231209 082355.718|INFO|Thread-6622|dumpPacket|   key: CONTEST_IDENTIFIER is: java.lang.String DryRun--6069080675419338087
231209 082355.718|INFO|Thread-6622|dumpPacket|   key: BALLOON_SETTINGS_LIST is: [Ledu.csus.ecs.pc2.core.model.BalloonSettings; [Ledu.csus.ecs.pc2.core.model.BalloonSettings;@433e5d59
231209 082355.718|INFO|Thread-6622|dumpPacket|   key: RUN_LIST is: [Ledu.csus.ecs.pc2.core.model.Run; [Ledu.csus.ecs.pc2.core.model.Run;@e7afbcd
231209 082355.718|INFO|Thread-6622|dumpPacket|   key: ACCOUNT_ARRAY is: [Ledu.csus.ecs.pc2.core.model.Account; [Ledu.csus.ecs.pc2.core.model.Account;@588f7943
231209 082355.718|INFO|Thread-6622|info|handlePacket start Packet[LOGIN_SUCCESS] #968 SERVER0 @ site 1 -> TEAM118 @ site 1
231209 082355.718|INFO|Thread-6622|dumpPacket|Packet LOGIN_SUCCESS (Seq #968, o#968 ) handlePacket
231209 082355.718|INFO|Thread-6622|dumpPacket|  From: SERVER0 @ site 1, oSERVER0 @ site 1 (DESKTOP-D75BQTV @ 212.212.212.212) (Contest Id: DryRun--6069080675419338087)
231209 082355.718|INFO|Thread-6622|dumpPacket|    To: TEAM118 @ site 1
231209 082355.718|INFO|Thread-6622|dumpPacket|   key: PROFILE_LIST is: [Ledu.csus.ecs.pc2.core.model.Profile; [Ledu.csus.ecs.pc2.core.model.Profile;@5592b2f3
231209 082355.718|INFO|Thread-6622|dumpPacket|   key: GENERAL_PROBLEM is: edu.csus.ecs.pc2.core.model.Problem General
231209 082355.718|INFO|Thread-6622|dumpPacket|   key: CLIENT_SETTINGS_LIST is: [Ledu.csus.ecs.pc2.core.model.ClientSettings; [Ledu.csus.ecs.pc2.core.model.ClientSettings;@5b555631
231209 082355.718|INFO|Thread-6622|dumpPacket|   key: CONTEST_TIME is: edu.csus.ecs.pc2.core.model.ContestTime edu.csus.ecs.pc2.core.model.ContestTime@5f6ad983
231209 082355.718|INFO|Thread-6622|dumpPacket|   key: CLARIFICATION_LIST is: [Ledu.csus.ecs.pc2.core.model.Clarification; [Ledu.csus.ecs.pc2.core.model.Clarification;@1a685c0a
231209 082355.718|INFO|Thread-6622|dumpPacket|   key: CATEGORY_LIST is: [Ledu.csus.ecs.pc2.core.model.Category; [Ledu.csus.ecs.pc2.core.model.Category;@5a2d709e
231209 082355.718|INFO|Thread-6622|dumpPacket|   key: LANGUAGE_LIST is: [Ledu.csus.ecs.pc2.core.model.Language; [Ledu.csus.ecs.pc2.core.model.Language;@2b384134
231209 082355.718|INFO|Thread-6622|dumpPacket|   key: REMOTE_LOGGED_IN_USERS is: [Ledu.csus.ecs.pc2.core.model.ClientId; [Ledu.csus.ecs.pc2.core.model.ClientId;@22973311
231209 082355.718|INFO|Thread-6622|dumpPacket|   key: CONTEST_TIME_LIST is: [Ledu.csus.ecs.pc2.core.model.ContestTime; [Ledu.csus.ecs.pc2.core.model.ContestTime;@7a47a345
231209 082355.718|INFO|Thread-6622|dumpPacket|   key: CONNECTION_HANDLE_ID_LIST is: [Ledu.csus.ecs.pc2.core.transport.ConnectionHandlerID; [Ledu.csus.ecs.pc2.core.transport.ConnectionHandlerID;@4bdf9513
231209 082355.718|INFO|Thread-6622|dumpPacket|   key: PROFILE is: edu.csus.ecs.pc2.core.model.Profile DryRun--6069080675419338087
231209 082355.718|INFO|Thread-6622|dumpPacket|   key: CLIENT_ID is: edu.csus.ecs.pc2.core.model.ClientId TEAM118 @ site 1
231209 082355.718|INFO|Thread-6622|dumpPacket|   key: SITE_NUMBER is: java.lang.Integer 1
231209 082355.718|INFO|Thread-6622|dumpPacket|   key: CONTEST_INFORMATION is: edu.csus.ecs.pc2.core.model.ContestInformation edu.csus.ecs.pc2.core.model.ContestInformation@22875cbd
231209 082355.718|INFO|Thread-6622|dumpPacket|   key: SITE_LIST is: [Ledu.csus.ecs.pc2.core.model.Site; [Ledu.csus.ecs.pc2.core.model.Site;@3993fc47
231209 082355.718|INFO|Thread-6622|dumpPacket|   key: PROBLEM_DATA_FILES is: [Ledu.csus.ecs.pc2.core.model.ProblemDataFiles; [Ledu.csus.ecs.pc2.core.model.ProblemDataFiles;@7e093dbb
231209 082355.718|INFO|Thread-6622|dumpPacket|   key: JUDGEMENT_LIST is: [Ledu.csus.ecs.pc2.core.model.Judgement; [Ledu.csus.ecs.pc2.core.model.Judgement;@49494864
231209 082355.718|INFO|Thread-6622|dumpPacket|   key: PROBLEM_LIST is: [Ledu.csus.ecs.pc2.core.model.Problem; [Ledu.csus.ecs.pc2.core.model.Problem;@51b39744
231209 082355.718|INFO|Thread-6622|dumpPacket|   key: GROUP_LIST is: [Ledu.csus.ecs.pc2.core.model.Group; [Ledu.csus.ecs.pc2.core.model.Group;@77e438f1
231209 082355.718|INFO|Thread-6622|dumpPacket|   key: LOCAL_LOGGED_IN_USERS is: [Ledu.csus.ecs.pc2.core.model.ClientId; [Ledu.csus.ecs.pc2.core.model.ClientId;@40372753
231209 082355.718|INFO|Thread-6622|dumpPacket|   key: SERVER_CLOCK_OFFSET is: java.util.GregorianCalendar java.util.GregorianCalendar[time=1702131835711,areFieldsSet=true,areAllFieldsSet=false,lenient=true,zone=sun.util.calendar.ZoneInfo[id="GMT",offset=0,dstSavings=0,useDaylight=false,transitions=0,lastRule=null],firstDayOfWeek=1,minimalDaysInFirstWeek=1,ERA=1,YEAR=2023,MONTH=11,WEEK_OF_YEAR=49,WEEK_OF_MONTH=2,DAY_OF_MONTH=9,DAY_OF_YEAR=343,DAY_OF_WEEK=7,DAY_OF_WEEK_IN_MONTH=2,AM_PM=1,HOUR=2,HOUR_OF_DAY=14,MINUTE=23,SECOND=55,MILLISECOND=711,ZONE_OFFSET=0,DST_OFFSET=0]
231209 082355.718|INFO|Thread-6622|dumpPacket|   key: CONTEST_IDENTIFIER is: java.lang.String DryRun--6069080675419338087
231209 082355.718|INFO|Thread-6622|dumpPacket|   key: BALLOON_SETTINGS_LIST is: [Ledu.csus.ecs.pc2.core.model.BalloonSettings; [Ledu.csus.ecs.pc2.core.model.BalloonSettings;@433e5d59
231209 082355.718|INFO|Thread-6622|dumpPacket|   key: RUN_LIST is: [Ledu.csus.ecs.pc2.core.model.Run; [Ledu.csus.ecs.pc2.core.model.Run;@e7afbcd
231209 082355.718|INFO|Thread-6622|dumpPacket|   key: ACCOUNT_ARRAY is: [Ledu.csus.ecs.pc2.core.model.Account; [Ledu.csus.ecs.pc2.core.model.Account;@588f7943
231209 102822.654|INFO|Thread-6620|connectionDropped|connectionDropped(ConnectionHandlerID myConnectionID) 
