231209 123231.759|CONFIG|qtp135640095-67104|setFileHandlers|Now logging to C:\Users\18328\Desktop\pc2\WebTeamInterface-1.1\logs directory.
231209 123231.759|INFO|qtp135640095-67104|info|
231209 123231.759|INFO|qtp135640095-67104|info|Version 9 () Java ver 18.0.2.1 build  Windows 11 10.0 (amd64) 
231209 123231.759|INFO|qtp135640095-67104|info|Login: team10 (aka team10)
231209 123231.759|INFO|qtp135640095-67104|startLog|Working directory is C:\Users\18328\Desktop\pc2\WebTeamInterface-1.1
231209 123231.759|INFO|qtp135640095-67104|startLog|Process id is 15028@DESKTOP-D75BQTV
231209 123231.759|INFO|qtp135640095-67104|info|Contacting server at localhost:50002 as TEAM10 @ site 0
231209 123231.759|INFO|qtp135640095-67104|info|sendLoginRequest start - sending from TEAM10 @ site 0
231209 123231.759|INFO|qtp135640095-67104|sendToLocalServer|Sending packet to server Packet[LOGIN_REQUEST] #1487 TEAM10 @ site 0 -> SERVER0 @ site 0
231209 123231.759|INFO|qtp135640095-67104|sendToLocalServer|Sent    packet to server Packet[LOGIN_REQUEST] #1487 TEAM10 @ site 0 -> SERVER0 @ site 0
231209 123231.764|INFO|qtp135640095-67104|info|sendLoginRequest end - packet sent.
231209 123231.764|INFO|Thread-67680|run|send(Serializable)
231209 123231.781|INFO|Thread-67679|receive|public void receive(SealedObject TransportPacket, ConnectionHandlerID connectionHandlerID)
231209 123231.785|INFO|Thread-67681|info| receiveObject(S) start got Packet[LOGIN_SUCCESS] #8576 SERVER0 @ site 1 -> TEAM10 @ site 1
231209 123231.785|INFO|Thread-67681|dumpPacket|Packet LOGIN_SUCCESS (Seq #8576, o#8576 ) recieveObject
231209 123231.785|INFO|Thread-67681|dumpPacket|  From: SERVER0 @ site 1, oSERVER0 @ site 1 (DESKTOP-D75BQTV @ 212.212.212.212) (Contest Id: RealDeal--1957769244132597914)
231209 123231.785|INFO|Thread-67681|dumpPacket|    To: TEAM10 @ site 1
231209 123231.785|INFO|Thread-67681|dumpPacket|   key: PROFILE_LIST is: [Ledu.csus.ecs.pc2.core.model.Profile; [Ledu.csus.ecs.pc2.core.model.Profile;@1ef20600
231209 123231.785|INFO|Thread-67681|dumpPacket|   key: GENERAL_PROBLEM is: edu.csus.ecs.pc2.core.model.Problem General
231209 123231.785|INFO|Thread-67681|dumpPacket|   key: CLIENT_SETTINGS_LIST is: [Ledu.csus.ecs.pc2.core.model.ClientSettings; [Ledu.csus.ecs.pc2.core.model.ClientSettings;@1035fbae
231209 123231.785|INFO|Thread-67681|dumpPacket|   key: CONTEST_TIME is: edu.csus.ecs.pc2.core.model.ContestTime edu.csus.ecs.pc2.core.model.ContestTime@140a6d70
231209 123231.785|INFO|Thread-67681|dumpPacket|   key: CLARIFICATION_LIST is: [Ledu.csus.ecs.pc2.core.model.Clarification; [Ledu.csus.ecs.pc2.core.model.Clarification;@5108f195
231209 123231.785|INFO|Thread-67681|dumpPacket|   key: CATEGORY_LIST is: [Ledu.csus.ecs.pc2.core.model.Category; [Ledu.csus.ecs.pc2.core.model.Category;@5f442fb2
231209 123231.785|INFO|Thread-67681|dumpPacket|   key: LANGUAGE_LIST is: [Ledu.csus.ecs.pc2.core.model.Language; [Ledu.csus.ecs.pc2.core.model.Language;@6093477f
231209 123231.785|INFO|Thread-67681|dumpPacket|   key: REMOTE_LOGGED_IN_USERS is: [Ledu.csus.ecs.pc2.core.model.ClientId; [Ledu.csus.ecs.pc2.core.model.ClientId;@2735c7f0
231209 123231.785|INFO|Thread-67681|dumpPacket|   key: CONTEST_TIME_LIST is: [Ledu.csus.ecs.pc2.core.model.ContestTime; [Ledu.csus.ecs.pc2.core.model.ContestTime;@31270eda
231209 123231.785|INFO|Thread-67681|dumpPacket|   key: CONNECTION_HANDLE_ID_LIST is: [Ledu.csus.ecs.pc2.core.transport.ConnectionHandlerID; [Ledu.csus.ecs.pc2.core.transport.ConnectionHandlerID;@4f608ef3
231209 123231.785|INFO|Thread-67681|dumpPacket|   key: PROFILE is: edu.csus.ecs.pc2.core.model.Profile RealDeal--1957769244132597914
231209 123231.785|INFO|Thread-67681|dumpPacket|   key: CLIENT_ID is: edu.csus.ecs.pc2.core.model.ClientId TEAM10 @ site 1
231209 123231.785|INFO|Thread-67681|dumpPacket|   key: SITE_NUMBER is: java.lang.Integer 1
231209 123231.785|INFO|Thread-67681|dumpPacket|   key: CONTEST_INFORMATION is: edu.csus.ecs.pc2.core.model.ContestInformation edu.csus.ecs.pc2.core.model.ContestInformation@353290df
231209 123231.785|INFO|Thread-67681|dumpPacket|   key: SITE_LIST is: [Ledu.csus.ecs.pc2.core.model.Site; [Ledu.csus.ecs.pc2.core.model.Site;@3c31cbce
231209 123231.785|INFO|Thread-67681|dumpPacket|   key: PROBLEM_DATA_FILES is: [Ledu.csus.ecs.pc2.core.model.ProblemDataFiles; [Ledu.csus.ecs.pc2.core.model.ProblemDataFiles;@3569534c
231209 123231.785|INFO|Thread-67681|dumpPacket|   key: JUDGEMENT_LIST is: [Ledu.csus.ecs.pc2.core.model.Judgement; [Ledu.csus.ecs.pc2.core.model.Judgement;@7e354404
231209 123231.785|INFO|Thread-67681|dumpPacket|   key: PROBLEM_LIST is: [Ledu.csus.ecs.pc2.core.model.Problem; [Ledu.csus.ecs.pc2.core.model.Problem;@5fa08775
231209 123231.785|INFO|Thread-67681|dumpPacket|   key: GROUP_LIST is: [Ledu.csus.ecs.pc2.core.model.Group; [Ledu.csus.ecs.pc2.core.model.Group;@6dfd48f4
231209 123231.785|INFO|Thread-67681|dumpPacket|   key: LOCAL_LOGGED_IN_USERS is: [Ledu.csus.ecs.pc2.core.model.ClientId; [Ledu.csus.ecs.pc2.core.model.ClientId;@12f19534
231209 123231.785|INFO|Thread-67681|dumpPacket|   key: SERVER_CLOCK_OFFSET is: java.util.GregorianCalendar java.util.GregorianCalendar[time=1702146751773,areFieldsSet=true,areAllFieldsSet=false,lenient=true,zone=sun.util.calendar.ZoneInfo[id="GMT",offset=0,dstSavings=0,useDaylight=false,transitions=0,lastRule=null],firstDayOfWeek=1,minimalDaysInFirstWeek=1,ERA=1,YEAR=2023,MONTH=11,WEEK_OF_YEAR=49,WEEK_OF_MONTH=2,DAY_OF_MONTH=9,DAY_OF_YEAR=343,DAY_OF_WEEK=7,DAY_OF_WEEK_IN_MONTH=2,AM_PM=1,HOUR=6,HOUR_OF_DAY=18,MINUTE=32,SECOND=31,MILLISECOND=773,ZONE_OFFSET=0,DST_OFFSET=0]
231209 123231.785|INFO|Thread-67681|dumpPacket|   key: CONTEST_IDENTIFIER is: java.lang.String RealDeal--1957769244132597914
231209 123231.785|INFO|Thread-67681|dumpPacket|   key: BALLOON_SETTINGS_LIST is: [Ledu.csus.ecs.pc2.core.model.BalloonSettings; [Ledu.csus.ecs.pc2.core.model.BalloonSettings;@46b0e60a
231209 123231.785|INFO|Thread-67681|dumpPacket|   key: RUN_LIST is: [Ledu.csus.ecs.pc2.core.model.Run; [Ledu.csus.ecs.pc2.core.model.Run;@1df05a86
231209 123231.785|INFO|Thread-67681|dumpPacket|   key: ACCOUNT_ARRAY is: [Ledu.csus.ecs.pc2.core.model.Account; [Ledu.csus.ecs.pc2.core.model.Account;@1a4d1b24
231209 123231.785|INFO|Thread-67681|info|handlePacket start Packet[LOGIN_SUCCESS] #8576 SERVER0 @ site 1 -> TEAM10 @ site 1
231209 123231.785|INFO|Thread-67681|dumpPacket|Packet LOGIN_SUCCESS (Seq #8576, o#8576 ) handlePacket
231209 123231.785|INFO|Thread-67681|dumpPacket|  From: SERVER0 @ site 1, oSERVER0 @ site 1 (DESKTOP-D75BQTV @ 212.212.212.212) (Contest Id: RealDeal--1957769244132597914)
231209 123231.785|INFO|Thread-67681|dumpPacket|    To: TEAM10 @ site 1
231209 123231.785|INFO|Thread-67681|dumpPacket|   key: PROFILE_LIST is: [Ledu.csus.ecs.pc2.core.model.Profile; [Ledu.csus.ecs.pc2.core.model.Profile;@1ef20600
231209 123231.785|INFO|Thread-67681|dumpPacket|   key: GENERAL_PROBLEM is: edu.csus.ecs.pc2.core.model.Problem General
231209 123231.785|INFO|Thread-67681|dumpPacket|   key: CLIENT_SETTINGS_LIST is: [Ledu.csus.ecs.pc2.core.model.ClientSettings; [Ledu.csus.ecs.pc2.core.model.ClientSettings;@1035fbae
231209 123231.785|INFO|Thread-67681|dumpPacket|   key: CONTEST_TIME is: edu.csus.ecs.pc2.core.model.ContestTime edu.csus.ecs.pc2.core.model.ContestTime@140a6d70
231209 123231.785|INFO|Thread-67681|dumpPacket|   key: CLARIFICATION_LIST is: [Ledu.csus.ecs.pc2.core.model.Clarification; [Ledu.csus.ecs.pc2.core.model.Clarification;@5108f195
231209 123231.785|INFO|Thread-67681|dumpPacket|   key: CATEGORY_LIST is: [Ledu.csus.ecs.pc2.core.model.Category; [Ledu.csus.ecs.pc2.core.model.Category;@5f442fb2
231209 123231.785|INFO|Thread-67681|dumpPacket|   key: LANGUAGE_LIST is: [Ledu.csus.ecs.pc2.core.model.Language; [Ledu.csus.ecs.pc2.core.model.Language;@6093477f
231209 123231.785|INFO|Thread-67681|dumpPacket|   key: REMOTE_LOGGED_IN_USERS is: [Ledu.csus.ecs.pc2.core.model.ClientId; [Ledu.csus.ecs.pc2.core.model.ClientId;@2735c7f0
231209 123231.785|INFO|Thread-67681|dumpPacket|   key: CONTEST_TIME_LIST is: [Ledu.csus.ecs.pc2.core.model.ContestTime; [Ledu.csus.ecs.pc2.core.model.ContestTime;@31270eda
231209 123231.785|INFO|Thread-67681|dumpPacket|   key: CONNECTION_HANDLE_ID_LIST is: [Ledu.csus.ecs.pc2.core.transport.ConnectionHandlerID; [Ledu.csus.ecs.pc2.core.transport.ConnectionHandlerID;@4f608ef3
231209 123231.785|INFO|Thread-67681|dumpPacket|   key: PROFILE is: edu.csus.ecs.pc2.core.model.Profile RealDeal--1957769244132597914
231209 123231.785|INFO|Thread-67681|dumpPacket|   key: CLIENT_ID is: edu.csus.ecs.pc2.core.model.ClientId TEAM10 @ site 1
231209 123231.793|INFO|Thread-67681|dumpPacket|   key: SITE_NUMBER is: java.lang.Integer 1
231209 123231.793|INFO|Thread-67681|dumpPacket|   key: CONTEST_INFORMATION is: edu.csus.ecs.pc2.core.model.ContestInformation edu.csus.ecs.pc2.core.model.ContestInformation@353290df
231209 123231.793|INFO|Thread-67681|dumpPacket|   key: SITE_LIST is: [Ledu.csus.ecs.pc2.core.model.Site; [Ledu.csus.ecs.pc2.core.model.Site;@3c31cbce
231209 123231.793|INFO|Thread-67681|dumpPacket|   key: PROBLEM_DATA_FILES is: [Ledu.csus.ecs.pc2.core.model.ProblemDataFiles; [Ledu.csus.ecs.pc2.core.model.ProblemDataFiles;@3569534c
231209 123231.793|INFO|Thread-67681|dumpPacket|   key: JUDGEMENT_LIST is: [Ledu.csus.ecs.pc2.core.model.Judgement; [Ledu.csus.ecs.pc2.core.model.Judgement;@7e354404
231209 123231.793|INFO|Thread-67681|dumpPacket|   key: PROBLEM_LIST is: [Ledu.csus.ecs.pc2.core.model.Problem; [Ledu.csus.ecs.pc2.core.model.Problem;@5fa08775
231209 123231.793|INFO|Thread-67681|dumpPacket|   key: GROUP_LIST is: [Ledu.csus.ecs.pc2.core.model.Group; [Ledu.csus.ecs.pc2.core.model.Group;@6dfd48f4
231209 123231.793|INFO|Thread-67681|dumpPacket|   key: LOCAL_LOGGED_IN_USERS is: [Ledu.csus.ecs.pc2.core.model.ClientId; [Ledu.csus.ecs.pc2.core.model.ClientId;@12f19534
231209 123231.793|INFO|Thread-67681|dumpPacket|   key: SERVER_CLOCK_OFFSET is: java.util.GregorianCalendar java.util.GregorianCalendar[time=1702146751773,areFieldsSet=true,areAllFieldsSet=false,lenient=true,zone=sun.util.calendar.ZoneInfo[id="GMT",offset=0,dstSavings=0,useDaylight=false,transitions=0,lastRule=null],firstDayOfWeek=1,minimalDaysInFirstWeek=1,ERA=1,YEAR=2023,MONTH=11,WEEK_OF_YEAR=49,WEEK_OF_MONTH=2,DAY_OF_MONTH=9,DAY_OF_YEAR=343,DAY_OF_WEEK=7,DAY_OF_WEEK_IN_MONTH=2,AM_PM=1,HOUR=6,HOUR_OF_DAY=18,MINUTE=32,SECOND=31,MILLISECOND=773,ZONE_OFFSET=0,DST_OFFSET=0]
231209 123231.793|INFO|Thread-67681|dumpPacket|   key: CONTEST_IDENTIFIER is: java.lang.String RealDeal--1957769244132597914
231209 123231.793|INFO|Thread-67681|dumpPacket|   key: BALLOON_SETTINGS_LIST is: [Ledu.csus.ecs.pc2.core.model.BalloonSettings; [Ledu.csus.ecs.pc2.core.model.BalloonSettings;@46b0e60a
231209 123231.793|INFO|Thread-67681|dumpPacket|   key: RUN_LIST is: [Ledu.csus.ecs.pc2.core.model.Run; [Ledu.csus.ecs.pc2.core.model.Run;@1df05a86
231209 123231.793|INFO|Thread-67681|dumpPacket|   key: ACCOUNT_ARRAY is: [Ledu.csus.ecs.pc2.core.model.Account; [Ledu.csus.ecs.pc2.core.model.Account;@1a4d1b24
231209 124106.068|INFO|Thread-67986|run|send(Serializable)
231209 124106.344|INFO|Thread-67679|receive|public void receive(SealedObject TransportPacket, ConnectionHandlerID connectionHandlerID)
231209 124125.439|INFO|Thread-67679|receive|public void receive(SealedObject TransportPacket, ConnectionHandlerID connectionHandlerID)
231209 125144.161|INFO|Thread-67679|connectionDropped|connectionDropped(ConnectionHandlerID myConnectionID) 
