221208 164428.964|CONFIG|Thread-58|setFileHandlers|Now logging to C:\Users\18328\Desktop\pc2\WebTeamInterface-1.1\logs directory.
221208 164428.965|INFO|Thread-58|info|
221208 164428.967|INFO|Thread-58|info|Version 9 () Java ver 18.0.2.1 build  Windows 11 10.0 (amd64) 
221208 164428.971|INFO|Thread-58|info|Login: team93 (aka team93)
221208 164428.973|INFO|Thread-58|startLog|Working directory is C:\Users\18328\Desktop\pc2\WebTeamInterface-1.1
221208 164428.974|INFO|Thread-58|startLog|Process id is 13836@DESKTOP-D75BQTV
221208 164428.974|INFO|Thread-58|info| handlePacket original LOGIN_SUCCESS after -- all settings loaded 
221208 164428.975|INFO|Thread-58|info|handlePacket end Packet[LOGIN_SUCCESS] #103 SERVER0 @ site 1 -> TEAM93 @ site 1
221208 164428.975|INFO|Thread-58|info| receiveObject(S) end   got Packet[LOGIN_SUCCESS] #103 SERVER0 @ site 1 -> TEAM93 @ site 1
221208 164455.921|INFO|qtp1423561005-25|sendToLocalServer|Sending packet to server Packet[RUN_SUBMISSION] #9 TEAM93 @ site 1 -> SERVER0 @ site 1
221208 164455.921|INFO|qtp1423561005-25|sendToLocalServer|Sent    packet to server Packet[RUN_SUBMISSION] #9 TEAM93 @ site 1 -> SERVER0 @ site 1
221208 164455.972|INFO|Thread-63|info| receiveObject(S) start got Packet[RUN_SUBMISSION_CONFIRM] #109 SERVER0 @ site 1 -> TEAM93 @ site 1
221208 164455.972|INFO|Thread-63|dumpPacket|Packet RUN_SUBMISSION_CONFIRM (Seq #109, o#109 ) recieveObject
221208 164455.972|INFO|Thread-63|dumpPacket|  From: SERVER0 @ site 1, oSERVER0 @ site 1 (DESKTOP-D75BQTV @ 212.212.212.212) (Contest Id: Test-6294725081230606225)
221208 164455.972|INFO|Thread-63|dumpPacket|    To: TEAM93 @ site 1
221208 164455.972|INFO|Thread-63|dumpPacket|   key: RUN is: edu.csus.ecs.pc2.core.model.Run Run 1 NEW 1 min 98908ms from TEAM93 @ site 1 id Run-1408423689518756631 problem trianguls-3533366483522833389 lang Java-8995311559554510087
221208 164455.972|INFO|Thread-63|info|handlePacket start Packet[RUN_SUBMISSION_CONFIRM] #109 SERVER0 @ site 1 -> TEAM93 @ site 1
221208 164455.972|INFO|Thread-63|dumpPacket|Packet RUN_SUBMISSION_CONFIRM (Seq #109, o#109 ) handlePacket
221208 164455.972|INFO|Thread-63|dumpPacket|  From: SERVER0 @ site 1, oSERVER0 @ site 1 (DESKTOP-D75BQTV @ 212.212.212.212) (Contest Id: Test-6294725081230606225)
221208 164455.972|INFO|Thread-63|dumpPacket|    To: TEAM93 @ site 1
221208 164455.972|INFO|Thread-63|dumpPacket|   key: RUN is: edu.csus.ecs.pc2.core.model.Run Run 1 NEW 1 min 98908ms from TEAM93 @ site 1 id Run-1408423689518756631 problem trianguls-3533366483522833389 lang Java-8995311559554510087
221208 164455.976|INFO|Thread-63|info| receiveObject(S) end   got Packet[RUN_SUBMISSION_CONFIRM] #109 SERVER0 @ site 1 -> TEAM93 @ site 1
221208 164520.157|INFO|qtp1423561005-68|sendToLocalServer|Sending packet to server Packet[RUN_SUBMISSION] #10 TEAM93 @ site 1 -> SERVER0 @ site 1
221208 164520.157|INFO|qtp1423561005-68|sendToLocalServer|Sent    packet to server Packet[RUN_SUBMISSION] #10 TEAM93 @ site 1 -> SERVER0 @ site 1
221208 164520.188|INFO|Thread-72|info| receiveObject(S) start got Packet[RUN_SUBMISSION_CONFIRM] #113 SERVER0 @ site 1 -> TEAM93 @ site 1
221208 164520.188|INFO|Thread-72|dumpPacket|Packet RUN_SUBMISSION_CONFIRM (Seq #113, o#113 ) recieveObject
221208 164520.188|INFO|Thread-72|dumpPacket|  From: SERVER0 @ site 1, oSERVER0 @ site 1 (DESKTOP-D75BQTV @ 212.212.212.212) (Contest Id: Test-6294725081230606225)
221208 164520.189|INFO|Thread-72|dumpPacket|    To: TEAM93 @ site 1
221208 164520.189|INFO|Thread-72|dumpPacket|   key: RUN is: edu.csus.ecs.pc2.core.model.Run Run 2 NEW 2 min 123119ms from TEAM93 @ site 1 id Run-8780541705106345331 problem throatpunch-9036032191564691104 lang Java-8995311559554510087
221208 164520.189|INFO|Thread-72|info|handlePacket start Packet[RUN_SUBMISSION_CONFIRM] #113 SERVER0 @ site 1 -> TEAM93 @ site 1
221208 164520.190|INFO|Thread-72|dumpPacket|Packet RUN_SUBMISSION_CONFIRM (Seq #113, o#113 ) handlePacket
221208 164520.190|INFO|Thread-72|dumpPacket|  From: SERVER0 @ site 1, oSERVER0 @ site 1 (DESKTOP-D75BQTV @ 212.212.212.212) (Contest Id: Test-6294725081230606225)
221208 164520.190|INFO|Thread-72|dumpPacket|    To: TEAM93 @ site 1
221208 164520.190|INFO|Thread-72|dumpPacket|   key: RUN is: edu.csus.ecs.pc2.core.model.Run Run 2 NEW 2 min 123119ms from TEAM93 @ site 1 id Run-8780541705106345331 problem throatpunch-9036032191564691104 lang Java-8995311559554510087
221208 164520.190|INFO|Thread-72|info| receiveObject(S) end   got Packet[RUN_SUBMISSION_CONFIRM] #113 SERVER0 @ site 1 -> TEAM93 @ site 1
221208 164555.099|INFO|Thread-98|info| receiveObject(S) start got Packet[RUN_JUDGEMENT] #126 SERVER0 @ site 1 -> TEAM93 @ site 1
221208 164555.099|INFO|Thread-98|dumpPacket|Packet RUN_JUDGEMENT (Seq #126, o#126 ) recieveObject
221208 164555.099|INFO|Thread-98|dumpPacket|  From: SERVER0 @ site 1, oSERVER0 @ site 1 (DESKTOP-D75BQTV @ 212.212.212.212) (Contest Id: Test-6294725081230606225)
221208 164555.099|INFO|Thread-98|dumpPacket|    To: TEAM93 @ site 1
221208 164555.099|INFO|Thread-98|dumpPacket|   key: JUDGEMENT_RECORD is: edu.csus.ecs.pc2.core.model.JudgementRecord No by JUDGE2 @ site 1 judgement No_-_Wrong_Answer-6447267484138471978 id JudgementRecord--7899016196003373058
221208 164555.099|INFO|Thread-98|dumpPacket|   key: RUN is: edu.csus.ecs.pc2.core.model.Run Run 1 JUDGED 1 min 98908ms from TEAM93 @ site 1 id Run-1408423689518756631 problem trianguls-3533366483522833389 lang Java-8995311559554510087
221208 164555.099|INFO|Thread-98|dumpPacket|   key: CLIENT_ID is: edu.csus.ecs.pc2.core.model.ClientId SERVER0 @ site 1
221208 164555.099|INFO|Thread-98|info|handlePacket start Packet[RUN_JUDGEMENT] #126 SERVER0 @ site 1 -> TEAM93 @ site 1
221208 164555.102|INFO|Thread-98|dumpPacket|Packet RUN_JUDGEMENT (Seq #126, o#126 ) handlePacket
221208 164555.102|INFO|Thread-98|dumpPacket|  From: SERVER0 @ site 1, oSERVER0 @ site 1 (DESKTOP-D75BQTV @ 212.212.212.212) (Contest Id: Test-6294725081230606225)
221208 164555.102|INFO|Thread-98|dumpPacket|    To: TEAM93 @ site 1
221208 164555.102|INFO|Thread-98|dumpPacket|   key: JUDGEMENT_RECORD is: edu.csus.ecs.pc2.core.model.JudgementRecord No by JUDGE2 @ site 1 judgement No_-_Wrong_Answer-6447267484138471978 id JudgementRecord--7899016196003373058
221208 164555.102|INFO|Thread-98|dumpPacket|   key: RUN is: edu.csus.ecs.pc2.core.model.Run Run 1 JUDGED 1 min 98908ms from TEAM93 @ site 1 id Run-1408423689518756631 problem trianguls-3533366483522833389 lang Java-8995311559554510087
221208 164555.102|INFO|Thread-98|dumpPacket|   key: CLIENT_ID is: edu.csus.ecs.pc2.core.model.ClientId SERVER0 @ site 1
221208 164555.102|INFO|Thread-98|info| receiveObject(S) end   got Packet[RUN_JUDGEMENT] #126 SERVER0 @ site 1 -> TEAM93 @ site 1
221208 164718.970|INFO|qtp1423561005-72|sendToLocalServer|Sending packet to server Packet[RUN_SUBMISSION] #18 TEAM93 @ site 1 -> SERVER0 @ site 1
221208 164718.974|INFO|qtp1423561005-72|sendToLocalServer|Sent    packet to server Packet[RUN_SUBMISSION] #18 TEAM93 @ site 1 -> SERVER0 @ site 1
221208 164719.014|INFO|Thread-191|info| receiveObject(S) start got Packet[RUN_SUBMISSION_CONFIRM] #163 SERVER0 @ site 1 -> TEAM93 @ site 1
221208 164719.015|INFO|Thread-191|dumpPacket|Packet RUN_SUBMISSION_CONFIRM (Seq #163, o#163 ) recieveObject
221208 164719.015|INFO|Thread-191|dumpPacket|  From: SERVER0 @ site 1, oSERVER0 @ site 1 (DESKTOP-D75BQTV @ 212.212.212.212) (Contest Id: Test-6294725081230606225)
221208 164719.015|INFO|Thread-191|dumpPacket|    To: TEAM93 @ site 1
221208 164719.015|INFO|Thread-191|dumpPacket|   key: RUN is: edu.csus.ecs.pc2.core.model.Run Run 10 NEW 4 min 241942ms from TEAM93 @ site 1 id Run-8041212610716821631 problem hashbroun--674302307081013706 lang Java-8995311559554510087
221208 164719.015|INFO|Thread-191|info|handlePacket start Packet[RUN_SUBMISSION_CONFIRM] #163 SERVER0 @ site 1 -> TEAM93 @ site 1
221208 164719.015|INFO|Thread-191|dumpPacket|Packet RUN_SUBMISSION_CONFIRM (Seq #163, o#163 ) handlePacket
221208 164719.015|INFO|Thread-191|dumpPacket|  From: SERVER0 @ site 1, oSERVER0 @ site 1 (DESKTOP-D75BQTV @ 212.212.212.212) (Contest Id: Test-6294725081230606225)
221208 164719.015|INFO|Thread-191|dumpPacket|    To: TEAM93 @ site 1
221208 164719.016|INFO|Thread-191|dumpPacket|   key: RUN is: edu.csus.ecs.pc2.core.model.Run Run 10 NEW 4 min 241942ms from TEAM93 @ site 1 id Run-8041212610716821631 problem hashbroun--674302307081013706 lang Java-8995311559554510087
221208 164719.016|INFO|Thread-191|info| receiveObject(S) end   got Packet[RUN_SUBMISSION_CONFIRM] #163 SERVER0 @ site 1 -> TEAM93 @ site 1
221208 164741.024|INFO|Thread-206|info| receiveObject(S) start got Packet[RUN_JUDGEMENT] #169 SERVER0 @ site 1 -> TEAM93 @ site 1
221208 164741.024|INFO|Thread-206|dumpPacket|Packet RUN_JUDGEMENT (Seq #169, o#169 ) recieveObject
221208 164741.024|INFO|Thread-206|dumpPacket|  From: SERVER0 @ site 1, oSERVER0 @ site 1 (DESKTOP-D75BQTV @ 212.212.212.212) (Contest Id: Test-6294725081230606225)
221208 164741.024|INFO|Thread-206|dumpPacket|    To: TEAM93 @ site 1
221208 164741.024|INFO|Thread-206|dumpPacket|   key: JUDGEMENT_RECORD is: edu.csus.ecs.pc2.core.model.JudgementRecord Yes by JUDGE2 @ site 1 judgement Yes-448420548528869030 id JudgementRecord-5726783649111837800
221208 164741.024|INFO|Thread-206|dumpPacket|   key: RUN is: edu.csus.ecs.pc2.core.model.Run Run 10 JUDGED 4 min 241942ms from TEAM93 @ site 1 id Run-8041212610716821631 problem hashbroun--674302307081013706 lang Java-8995311559554510087
221208 164741.024|INFO|Thread-206|dumpPacket|   key: CLIENT_ID is: edu.csus.ecs.pc2.core.model.ClientId SERVER0 @ site 1
221208 164741.024|INFO|Thread-206|info|handlePacket start Packet[RUN_JUDGEMENT] #169 SERVER0 @ site 1 -> TEAM93 @ site 1
221208 164741.024|INFO|Thread-206|dumpPacket|Packet RUN_JUDGEMENT (Seq #169, o#169 ) handlePacket
221208 164741.024|INFO|Thread-206|dumpPacket|  From: SERVER0 @ site 1, oSERVER0 @ site 1 (DESKTOP-D75BQTV @ 212.212.212.212) (Contest Id: Test-6294725081230606225)
221208 164741.024|INFO|Thread-206|dumpPacket|    To: TEAM93 @ site 1
221208 164741.024|INFO|Thread-206|dumpPacket|   key: JUDGEMENT_RECORD is: edu.csus.ecs.pc2.core.model.JudgementRecord Yes by JUDGE2 @ site 1 judgement Yes-448420548528869030 id JudgementRecord-5726783649111837800
221208 164741.024|INFO|Thread-206|dumpPacket|   key: RUN is: edu.csus.ecs.pc2.core.model.Run Run 10 JUDGED 4 min 241942ms from TEAM93 @ site 1 id Run-8041212610716821631 problem hashbroun--674302307081013706 lang Java-8995311559554510087
221208 164741.024|INFO|Thread-206|dumpPacket|   key: CLIENT_ID is: edu.csus.ecs.pc2.core.model.ClientId SERVER0 @ site 1
221208 164741.028|INFO|Thread-206|info| receiveObject(S) end   got Packet[RUN_JUDGEMENT] #169 SERVER0 @ site 1 -> TEAM93 @ site 1
221208 164913.207|INFO|qtp1423561005-64|sendToLocalServer|Sending packet to server Packet[RUN_SUBMISSION] #22 TEAM93 @ site 1 -> SERVER0 @ site 1
221208 164913.207|INFO|qtp1423561005-64|sendToLocalServer|Sent    packet to server Packet[RUN_SUBMISSION] #22 TEAM93 @ site 1 -> SERVER0 @ site 1
221208 164913.240|INFO|Thread-252|info| receiveObject(S) start got Packet[RUN_SUBMISSION_CONFIRM] #195 SERVER0 @ site 1 -> TEAM93 @ site 1
221208 164913.240|INFO|Thread-252|dumpPacket|Packet RUN_SUBMISSION_CONFIRM (Seq #195, o#195 ) recieveObject
221208 164913.240|INFO|Thread-252|dumpPacket|  From: SERVER0 @ site 1, oSERVER0 @ site 1 (DESKTOP-D75BQTV @ 212.212.212.212) (Contest Id: Test-6294725081230606225)
221208 164913.240|INFO|Thread-252|dumpPacket|    To: TEAM93 @ site 1
221208 164913.241|INFO|Thread-252|dumpPacket|   key: RUN is: edu.csus.ecs.pc2.core.model.Run Run 14 NEW 5 min 356169ms from TEAM93 @ site 1 id Run--2242609633879715930 problem kat-6555164518704360822 lang Java-8995311559554510087
221208 164913.241|INFO|Thread-252|info|handlePacket start Packet[RUN_SUBMISSION_CONFIRM] #195 SERVER0 @ site 1 -> TEAM93 @ site 1
221208 164913.241|INFO|Thread-252|dumpPacket|Packet RUN_SUBMISSION_CONFIRM (Seq #195, o#195 ) handlePacket
221208 164913.241|INFO|Thread-252|dumpPacket|  From: SERVER0 @ site 1, oSERVER0 @ site 1 (DESKTOP-D75BQTV @ 212.212.212.212) (Contest Id: Test-6294725081230606225)
221208 164913.241|INFO|Thread-252|dumpPacket|    To: TEAM93 @ site 1
221208 164913.241|INFO|Thread-252|dumpPacket|   key: RUN is: edu.csus.ecs.pc2.core.model.Run Run 14 NEW 5 min 356169ms from TEAM93 @ site 1 id Run--2242609633879715930 problem kat-6555164518704360822 lang Java-8995311559554510087
221208 164913.242|INFO|Thread-252|info| receiveObject(S) end   got Packet[RUN_SUBMISSION_CONFIRM] #195 SERVER0 @ site 1 -> TEAM93 @ site 1
221208 165102.065|INFO|Thread-346|info| receiveObject(S) start got Packet[RUN_JUDGEMENT] #248 SERVER0 @ site 1 -> TEAM93 @ site 1
221208 165102.065|INFO|Thread-346|dumpPacket|Packet RUN_JUDGEMENT (Seq #248, o#248 ) recieveObject
221208 165102.065|INFO|Thread-346|dumpPacket|  From: SERVER0 @ site 1, oSERVER0 @ site 1 (DESKTOP-D75BQTV @ 212.212.212.212) (Contest Id: Test-6294725081230606225)
221208 165102.065|INFO|Thread-346|dumpPacket|    To: TEAM93 @ site 1
221208 165102.065|INFO|Thread-346|dumpPacket|   key: JUDGEMENT_RECORD is: edu.csus.ecs.pc2.core.model.JudgementRecord Yes by ADMINISTRATOR1 @ site 1 judgement Yes-448420548528869030 id JudgementRecord--4453882218491692042
221208 165102.065|INFO|Thread-346|dumpPacket|   key: RUN is: edu.csus.ecs.pc2.core.model.Run Run 14 JUDGED 5 min 356169ms from TEAM93 @ site 1 id Run--2242609633879715930 problem kat-6555164518704360822 lang Java-8995311559554510087
221208 165102.065|INFO|Thread-346|dumpPacket|   key: CLIENT_ID is: edu.csus.ecs.pc2.core.model.ClientId SERVER0 @ site 1
221208 165102.065|INFO|Thread-346|info|handlePacket start Packet[RUN_JUDGEMENT] #248 SERVER0 @ site 1 -> TEAM93 @ site 1
221208 165102.065|INFO|Thread-346|dumpPacket|Packet RUN_JUDGEMENT (Seq #248, o#248 ) handlePacket
221208 165102.065|INFO|Thread-346|dumpPacket|  From: SERVER0 @ site 1, oSERVER0 @ site 1 (DESKTOP-D75BQTV @ 212.212.212.212) (Contest Id: Test-6294725081230606225)
221208 165102.065|INFO|Thread-346|dumpPacket|    To: TEAM93 @ site 1
221208 165102.065|INFO|Thread-346|dumpPacket|   key: JUDGEMENT_RECORD is: edu.csus.ecs.pc2.core.model.JudgementRecord Yes by ADMINISTRATOR1 @ site 1 judgement Yes-448420548528869030 id JudgementRecord--4453882218491692042
221208 165102.066|INFO|Thread-346|dumpPacket|   key: RUN is: edu.csus.ecs.pc2.core.model.Run Run 14 JUDGED 5 min 356169ms from TEAM93 @ site 1 id Run--2242609633879715930 problem kat-6555164518704360822 lang Java-8995311559554510087
221208 165102.066|INFO|Thread-346|dumpPacket|   key: CLIENT_ID is: edu.csus.ecs.pc2.core.model.ClientId SERVER0 @ site 1
221208 165102.072|INFO|Thread-346|info| receiveObject(S) end   got Packet[RUN_JUDGEMENT] #248 SERVER0 @ site 1 -> TEAM93 @ site 1
221208 165235.016|INFO|Thread-372|info| receiveObject(S) start got Packet[RUN_JUDGEMENT] #276 SERVER0 @ site 1 -> TEAM93 @ site 1
221208 165235.016|INFO|Thread-372|dumpPacket|Packet RUN_JUDGEMENT (Seq #276, o#276 ) recieveObject
221208 165235.016|INFO|Thread-372|dumpPacket|  From: SERVER0 @ site 1, oSERVER0 @ site 1 (DESKTOP-D75BQTV @ 212.212.212.212) (Contest Id: Test-6294725081230606225)
221208 165235.016|INFO|Thread-372|dumpPacket|    To: TEAM93 @ site 1
221208 165235.016|INFO|Thread-372|dumpPacket|   key: JUDGEMENT_RECORD is: edu.csus.ecs.pc2.core.model.JudgementRecord No by JUDGE2 @ site 1 judgement No_-_Wrong_Answer-6447267484138471978 id JudgementRecord--7649134133543118853
221208 165235.016|INFO|Thread-372|dumpPacket|   key: RUN is: edu.csus.ecs.pc2.core.model.Run Run 2 JUDGED 2 min 123119ms from TEAM93 @ site 1 id Run-8780541705106345331 problem throatpunch-9036032191564691104 lang Java-8995311559554510087
221208 165235.016|INFO|Thread-372|dumpPacket|   key: CLIENT_ID is: edu.csus.ecs.pc2.core.model.ClientId SERVER0 @ site 1
221208 165235.016|INFO|Thread-372|info|handlePacket start Packet[RUN_JUDGEMENT] #276 SERVER0 @ site 1 -> TEAM93 @ site 1
221208 165235.016|INFO|Thread-372|dumpPacket|Packet RUN_JUDGEMENT (Seq #276, o#276 ) handlePacket
221208 165235.016|INFO|Thread-372|dumpPacket|  From: SERVER0 @ site 1, oSERVER0 @ site 1 (DESKTOP-D75BQTV @ 212.212.212.212) (Contest Id: Test-6294725081230606225)
221208 165235.016|INFO|Thread-372|dumpPacket|    To: TEAM93 @ site 1
221208 165235.016|INFO|Thread-372|dumpPacket|   key: JUDGEMENT_RECORD is: edu.csus.ecs.pc2.core.model.JudgementRecord No by JUDGE2 @ site 1 judgement No_-_Wrong_Answer-6447267484138471978 id JudgementRecord--7649134133543118853
221208 165235.016|INFO|Thread-372|dumpPacket|   key: RUN is: edu.csus.ecs.pc2.core.model.Run Run 2 JUDGED 2 min 123119ms from TEAM93 @ site 1 id Run-8780541705106345331 problem throatpunch-9036032191564691104 lang Java-8995311559554510087
221208 165235.016|INFO|Thread-372|dumpPacket|   key: CLIENT_ID is: edu.csus.ecs.pc2.core.model.ClientId SERVER0 @ site 1
221208 165235.016|INFO|Thread-372|info| receiveObject(S) end   got Packet[RUN_JUDGEMENT] #276 SERVER0 @ site 1 -> TEAM93 @ site 1
221208 165445.930|INFO|Thread-423|info| receiveObject(S) start got Packet[UPDATE_SETTING] #300 SERVER0 @ site 1 -> SERVER0 @ site 0
221208 165445.930|INFO|Thread-423|dumpPacket|Packet UPDATE_SETTING (Seq #300, o#25 ) recieveObject
221208 165445.930|INFO|Thread-423|dumpPacket|  From: SERVER0 @ site 1, oADMINISTRATOR1 @ site 1 (DESKTOP-D75BQTV @ 212.212.212.212) (Contest Id: Test-6294725081230606225)
221208 165445.930|INFO|Thread-423|dumpPacket|    To: SERVER0 @ site 0
221208 165445.930|INFO|Thread-423|dumpPacket|   key: PROBLEM is: edu.csus.ecs.pc2.core.model.Problem beerds
221208 165445.930|INFO|Thread-423|info|handlePacket start Packet[UPDATE_SETTING] #300 SERVER0 @ site 1 -> SERVER0 @ site 0
221208 165445.930|INFO|Thread-423|dumpPacket|Packet UPDATE_SETTING (Seq #300, o#25 ) handlePacket
221208 165445.930|INFO|Thread-423|dumpPacket|  From: SERVER0 @ site 1, oADMINISTRATOR1 @ site 1 (DESKTOP-D75BQTV @ 212.212.212.212) (Contest Id: Test-6294725081230606225)
221208 165445.930|INFO|Thread-423|dumpPacket|    To: SERVER0 @ site 0
221208 165445.930|INFO|Thread-423|dumpPacket|   key: PROBLEM is: edu.csus.ecs.pc2.core.model.Problem beerds
221208 165445.932|INFO|Thread-423|info|handlePacket end Packet[UPDATE_SETTING] #300 SERVER0 @ site 1 -> SERVER0 @ site 0
221208 165445.933|INFO|Thread-423|info| receiveObject(S) end   got Packet[UPDATE_SETTING] #300 SERVER0 @ site 1 -> SERVER0 @ site 0
221208 165624.340|INFO|Thread-451|info| receiveObject(S) start got Packet[UPDATE_SETTING] #324 SERVER0 @ site 1 -> SERVER0 @ site 0
221208 165624.340|INFO|Thread-451|dumpPacket|Packet UPDATE_SETTING (Seq #324, o#28 ) recieveObject
221208 165624.340|INFO|Thread-451|dumpPacket|  From: SERVER0 @ site 1, oADMINISTRATOR1 @ site 1 (DESKTOP-D75BQTV @ 212.212.212.212) (Contest Id: Test-6294725081230606225)
221208 165624.340|INFO|Thread-451|dumpPacket|    To: SERVER0 @ site 0
221208 165624.340|INFO|Thread-451|dumpPacket|   key: PROBLEM is: edu.csus.ecs.pc2.core.model.Problem beerds
221208 165624.340|INFO|Thread-451|info|handlePacket start Packet[UPDATE_SETTING] #324 SERVER0 @ site 1 -> SERVER0 @ site 0
221208 165624.340|INFO|Thread-451|dumpPacket|Packet UPDATE_SETTING (Seq #324, o#28 ) handlePacket
221208 165624.340|INFO|Thread-451|dumpPacket|  From: SERVER0 @ site 1, oADMINISTRATOR1 @ site 1 (DESKTOP-D75BQTV @ 212.212.212.212) (Contest Id: Test-6294725081230606225)
221208 165624.340|INFO|Thread-451|dumpPacket|    To: SERVER0 @ site 0
221208 165624.340|INFO|Thread-451|dumpPacket|   key: PROBLEM is: edu.csus.ecs.pc2.core.model.Problem beerds
221208 165624.340|INFO|Thread-451|info|handlePacket end Packet[UPDATE_SETTING] #324 SERVER0 @ site 1 -> SERVER0 @ site 0
221208 165624.340|INFO|Thread-451|info| receiveObject(S) end   got Packet[UPDATE_SETTING] #324 SERVER0 @ site 1 -> SERVER0 @ site 0
221208 170707.705|INFO|qtp1423561005-532|sendToLocalServer|Sending packet to server Packet[RUN_SUBMISSION] #40 TEAM93 @ site 1 -> SERVER0 @ site 1
221208 170707.705|INFO|qtp1423561005-532|sendToLocalServer|Sent    packet to server Packet[RUN_SUBMISSION] #40 TEAM93 @ site 1 -> SERVER0 @ site 1
221208 170707.734|INFO|Thread-587|info| receiveObject(S) start got Packet[RUN_SUBMISSION_CONFIRM] #396 SERVER0 @ site 1 -> TEAM93 @ site 1
221208 170707.734|INFO|Thread-587|dumpPacket|Packet RUN_SUBMISSION_CONFIRM (Seq #396, o#396 ) recieveObject
221208 170707.734|INFO|Thread-587|dumpPacket|  From: SERVER0 @ site 1, oSERVER0 @ site 1 (DESKTOP-D75BQTV @ 212.212.212.212) (Contest Id: Test-6294725081230606225)
221208 170707.734|INFO|Thread-587|dumpPacket|    To: TEAM93 @ site 1
221208 170707.734|INFO|Thread-587|dumpPacket|   key: RUN is: edu.csus.ecs.pc2.core.model.Run Run 25 NEW 23 min 1430667ms from TEAM93 @ site 1 id Run-3681709920230274600 problem chikhen--7199110387462942549 lang Java-8995311559554510087
221208 170707.734|INFO|Thread-587|info|handlePacket start Packet[RUN_SUBMISSION_CONFIRM] #396 SERVER0 @ site 1 -> TEAM93 @ site 1
221208 170707.734|INFO|Thread-587|dumpPacket|Packet RUN_SUBMISSION_CONFIRM (Seq #396, o#396 ) handlePacket
221208 170707.734|INFO|Thread-587|dumpPacket|  From: SERVER0 @ site 1, oSERVER0 @ site 1 (DESKTOP-D75BQTV @ 212.212.212.212) (Contest Id: Test-6294725081230606225)
221208 170707.734|INFO|Thread-587|dumpPacket|    To: TEAM93 @ site 1
221208 170707.734|INFO|Thread-587|dumpPacket|   key: RUN is: edu.csus.ecs.pc2.core.model.Run Run 25 NEW 23 min 1430667ms from TEAM93 @ site 1 id Run-3681709920230274600 problem chikhen--7199110387462942549 lang Java-8995311559554510087
221208 170707.735|INFO|Thread-587|info| receiveObject(S) end   got Packet[RUN_SUBMISSION_CONFIRM] #396 SERVER0 @ site 1 -> TEAM93 @ site 1
221208 170751.220|INFO|Thread-601|info| receiveObject(S) start got Packet[RUN_JUDGEMENT] #402 SERVER0 @ site 1 -> TEAM93 @ site 1
221208 170751.221|INFO|Thread-601|dumpPacket|Packet RUN_JUDGEMENT (Seq #402, o#402 ) recieveObject
221208 170751.221|INFO|Thread-601|dumpPacket|  From: SERVER0 @ site 1, oSERVER0 @ site 1 (DESKTOP-D75BQTV @ 212.212.212.212) (Contest Id: Test-6294725081230606225)
221208 170751.222|INFO|Thread-601|dumpPacket|    To: TEAM93 @ site 1
221208 170751.222|INFO|Thread-601|dumpPacket|   key: JUDGEMENT_RECORD is: edu.csus.ecs.pc2.core.model.JudgementRecord No by JUDGE2 @ site 1 judgement No_-_Wrong_Answer-6447267484138471978 id JudgementRecord-4150208260429274376
221208 170751.222|INFO|Thread-601|dumpPacket|   key: RUN is: edu.csus.ecs.pc2.core.model.Run Run 25 JUDGED 23 min 1430667ms from TEAM93 @ site 1 id Run-3681709920230274600 problem chikhen--7199110387462942549 lang Java-8995311559554510087
221208 170751.222|INFO|Thread-601|dumpPacket|   key: CLIENT_ID is: edu.csus.ecs.pc2.core.model.ClientId SERVER0 @ site 1
221208 170751.222|INFO|Thread-601|info|handlePacket start Packet[RUN_JUDGEMENT] #402 SERVER0 @ site 1 -> TEAM93 @ site 1
221208 170751.222|INFO|Thread-601|dumpPacket|Packet RUN_JUDGEMENT (Seq #402, o#402 ) handlePacket
221208 170751.222|INFO|Thread-601|dumpPacket|  From: SERVER0 @ site 1, oSERVER0 @ site 1 (DESKTOP-D75BQTV @ 212.212.212.212) (Contest Id: Test-6294725081230606225)
221208 170751.222|INFO|Thread-601|dumpPacket|    To: TEAM93 @ site 1
221208 170751.222|INFO|Thread-601|dumpPacket|   key: JUDGEMENT_RECORD is: edu.csus.ecs.pc2.core.model.JudgementRecord No by JUDGE2 @ site 1 judgement No_-_Wrong_Answer-6447267484138471978 id JudgementRecord-4150208260429274376
221208 170751.222|INFO|Thread-601|dumpPacket|   key: RUN is: edu.csus.ecs.pc2.core.model.Run Run 25 JUDGED 23 min 1430667ms from TEAM93 @ site 1 id Run-3681709920230274600 problem chikhen--7199110387462942549 lang Java-8995311559554510087
221208 170751.222|INFO|Thread-601|dumpPacket|   key: CLIENT_ID is: edu.csus.ecs.pc2.core.model.ClientId SERVER0 @ site 1
221208 170751.225|INFO|Thread-601|info| receiveObject(S) end   got Packet[RUN_JUDGEMENT] #402 SERVER0 @ site 1 -> TEAM93 @ site 1
231209 104625.498|CONFIG|Thread-52096|setFileHandlers|Now logging to C:\Users\18328\Desktop\pc2\WebTeamInterface-1.1\logs directory.
231209 104625.498|INFO|Thread-52096|info|
231209 104625.498|INFO|Thread-52096|info|Version 9 () Java ver 18.0.2.1 build  Windows 11 10.0 (amd64) 
231209 104625.498|INFO|Thread-52096|info|Login: team93 (aka team93)
231209 104625.498|INFO|Thread-52096|startLog|Working directory is C:\Users\18328\Desktop\pc2\WebTeamInterface-1.1
231209 104625.498|INFO|Thread-52096|startLog|Process id is 15028@DESKTOP-D75BQTV
231209 104625.498|INFO|Thread-52096|info| handlePacket original LOGIN_SUCCESS after -- all settings loaded 
231209 104625.498|INFO|Thread-52096|info|handlePacket end Packet[LOGIN_SUCCESS] #3944 SERVER0 @ site 1 -> TEAM93 @ site 1
231209 104625.498|INFO|Thread-52096|info| receiveObject(S) end   got Packet[LOGIN_SUCCESS] #3944 SERVER0 @ site 1 -> TEAM93 @ site 1
231209 104900.089|INFO|Thread-55697|info| receiveObject(S) start got Packet[CLARIFICATION_ANSWER_UPDATE] #4015 SERVER0 @ site 1 -> SERVER0 @ site 0
231209 104900.089|INFO|Thread-55697|dumpPacket|Packet CLARIFICATION_ANSWER_UPDATE (Seq #4015, o#4015 ) recieveObject
231209 104900.089|INFO|Thread-55697|dumpPacket|  From: SERVER0 @ site 1, oSERVER0 @ site 1 (DESKTOP-D75BQTV @ 212.212.212.212) (Contest Id: RealDeal--1957769244132597914)
231209 104900.089|INFO|Thread-55697|dumpPacket|    To: SERVER0 @ site 0
231209 104900.089|INFO|Thread-55697|dumpPacket|   key: CLARIFICATION is: edu.csus.ecs.pc2.core.model.Clarification Clarification 1 ANSWERED from TEAM91 @ site 1 at 4 id=Clarification--3513482260916480937
231209 104900.089|INFO|Thread-55697|dumpPacket|   key: CLARIFICATION_ANSWER is: java.lang.String No response, read problem statement
231209 104900.089|INFO|Thread-55697|dumpPacket|   key: CLIENT_ID is: edu.csus.ecs.pc2.core.model.ClientId ADMINISTRATOR1 @ site 1
231209 104900.089|INFO|Thread-55697|info|handlePacket start Packet[CLARIFICATION_ANSWER_UPDATE] #4015 SERVER0 @ site 1 -> SERVER0 @ site 0
231209 104900.089|INFO|Thread-55697|dumpPacket|Packet CLARIFICATION_ANSWER_UPDATE (Seq #4015, o#4015 ) handlePacket
231209 104900.089|INFO|Thread-55697|dumpPacket|  From: SERVER0 @ site 1, oSERVER0 @ site 1 (DESKTOP-D75BQTV @ 212.212.212.212) (Contest Id: RealDeal--1957769244132597914)
231209 104900.089|INFO|Thread-55697|dumpPacket|    To: SERVER0 @ site 0
231209 104900.089|INFO|Thread-55697|dumpPacket|   key: CLARIFICATION is: edu.csus.ecs.pc2.core.model.Clarification Clarification 1 ANSWERED from TEAM91 @ site 1 at 4 id=Clarification--3513482260916480937
231209 104900.089|INFO|Thread-55697|dumpPacket|   key: CLARIFICATION_ANSWER is: java.lang.String No response, read problem statement
231209 104900.089|INFO|Thread-55697|dumpPacket|   key: CLIENT_ID is: edu.csus.ecs.pc2.core.model.ClientId ADMINISTRATOR1 @ site 1
231209 104900.095|INFO|Thread-55697|info| receiveObject(S) end   got Packet[CLARIFICATION_ANSWER_UPDATE] #4015 SERVER0 @ site 1 -> SERVER0 @ site 0
231209 104938.173|INFO|Thread-56491|info| receiveObject(S) start got Packet[CLARIFICATION_ANSWER_UPDATE] #4032 SERVER0 @ site 1 -> SERVER0 @ site 0
231209 104938.173|INFO|Thread-56491|dumpPacket|Packet CLARIFICATION_ANSWER_UPDATE (Seq #4032, o#4032 ) recieveObject
231209 104938.173|INFO|Thread-56491|dumpPacket|  From: SERVER0 @ site 1, oSERVER0 @ site 1 (DESKTOP-D75BQTV @ 212.212.212.212) (Contest Id: RealDeal--1957769244132597914)
231209 104938.173|INFO|Thread-56491|dumpPacket|    To: SERVER0 @ site 0
231209 104938.173|INFO|Thread-56491|dumpPacket|   key: CLARIFICATION is: edu.csus.ecs.pc2.core.model.Clarification Clarification 2 ANSWERED from JUDGE3 @ site 1 at 5 id=Clarification-2100581527514594593
231209 104938.173|INFO|Thread-56491|dumpPacket|   key: CLARIFICATION_ANSWER is: java.lang.String Read above
231209 104938.173|INFO|Thread-56491|dumpPacket|   key: CLIENT_ID is: edu.csus.ecs.pc2.core.model.ClientId ADMINISTRATOR1 @ site 1
231209 104938.173|INFO|Thread-56491|info|handlePacket start Packet[CLARIFICATION_ANSWER_UPDATE] #4032 SERVER0 @ site 1 -> SERVER0 @ site 0
231209 104938.173|INFO|Thread-56491|dumpPacket|Packet CLARIFICATION_ANSWER_UPDATE (Seq #4032, o#4032 ) handlePacket
231209 104938.173|INFO|Thread-56491|dumpPacket|  From: SERVER0 @ site 1, oSERVER0 @ site 1 (DESKTOP-D75BQTV @ 212.212.212.212) (Contest Id: RealDeal--1957769244132597914)
231209 104938.173|INFO|Thread-56491|dumpPacket|    To: SERVER0 @ site 0
231209 104938.173|INFO|Thread-56491|dumpPacket|   key: CLARIFICATION is: edu.csus.ecs.pc2.core.model.Clarification Clarification 2 ANSWERED from JUDGE3 @ site 1 at 5 id=Clarification-2100581527514594593
231209 104938.173|INFO|Thread-56491|dumpPacket|   key: CLARIFICATION_ANSWER is: java.lang.String Read above
231209 104938.173|INFO|Thread-56491|dumpPacket|   key: CLIENT_ID is: edu.csus.ecs.pc2.core.model.ClientId ADMINISTRATOR1 @ site 1
231209 104938.179|INFO|Thread-56491|info| receiveObject(S) end   got Packet[CLARIFICATION_ANSWER_UPDATE] #4032 SERVER0 @ site 1 -> SERVER0 @ site 0
231209 105136.370|INFO|qtp135640095-50024|sendToLocalServer|Sending packet to server Packet[RUN_SUBMISSION] #759 TEAM93 @ site 1 -> SERVER0 @ site 1
231209 105136.370|INFO|qtp135640095-50024|sendToLocalServer|Sent    packet to server Packet[RUN_SUBMISSION] #759 TEAM93 @ site 1 -> SERVER0 @ site 1
231209 105136.404|INFO|Thread-59354|info| receiveObject(S) start got Packet[RUN_SUBMISSION_CONFIRM] #4072 SERVER0 @ site 1 -> TEAM93 @ site 1
231209 105136.404|INFO|Thread-59354|dumpPacket|Packet RUN_SUBMISSION_CONFIRM (Seq #4072, o#4072 ) recieveObject
231209 105136.404|INFO|Thread-59354|dumpPacket|  From: SERVER0 @ site 1, oSERVER0 @ site 1 (DESKTOP-D75BQTV @ 212.212.212.212) (Contest Id: RealDeal--1957769244132597914)
231209 105136.404|INFO|Thread-59354|dumpPacket|    To: TEAM93 @ site 1
231209 105136.404|INFO|Thread-59354|dumpPacket|   key: RUN is: edu.csus.ecs.pc2.core.model.Run Run 15 NEW 7 min 475645ms from TEAM93 @ site 1 id Run--8531090736771418935 problem Missing_Cat--8325778690036057049 lang Java--8800253324652192008
231209 105136.404|INFO|Thread-59354|info|handlePacket start Packet[RUN_SUBMISSION_CONFIRM] #4072 SERVER0 @ site 1 -> TEAM93 @ site 1
231209 105136.404|INFO|Thread-59354|dumpPacket|Packet RUN_SUBMISSION_CONFIRM (Seq #4072, o#4072 ) handlePacket
231209 105136.404|INFO|Thread-59354|dumpPacket|  From: SERVER0 @ site 1, oSERVER0 @ site 1 (DESKTOP-D75BQTV @ 212.212.212.212) (Contest Id: RealDeal--1957769244132597914)
231209 105136.404|INFO|Thread-59354|dumpPacket|    To: TEAM93 @ site 1
231209 105136.404|INFO|Thread-59354|dumpPacket|   key: RUN is: edu.csus.ecs.pc2.core.model.Run Run 15 NEW 7 min 475645ms from TEAM93 @ site 1 id Run--8531090736771418935 problem Missing_Cat--8325778690036057049 lang Java--8800253324652192008
231209 105136.404|INFO|Thread-59354|info| receiveObject(S) end   got Packet[RUN_SUBMISSION_CONFIRM] #4072 SERVER0 @ site 1 -> TEAM93 @ site 1
231209 105149.620|INFO|Thread-60062|info| receiveObject(S) start got Packet[RUN_JUDGEMENT] #4078 SERVER0 @ site 1 -> TEAM93 @ site 1
231209 105149.620|INFO|Thread-60062|dumpPacket|Packet RUN_JUDGEMENT (Seq #4078, o#4078 ) recieveObject
231209 105149.620|INFO|Thread-60062|dumpPacket|  From: SERVER0 @ site 1, oSERVER0 @ site 1 (DESKTOP-D75BQTV @ 212.212.212.212) (Contest Id: RealDeal--1957769244132597914)
231209 105149.620|INFO|Thread-60062|dumpPacket|    To: TEAM93 @ site 1
231209 105149.620|INFO|Thread-60062|dumpPacket|   key: JUDGEMENT_RECORD is: edu.csus.ecs.pc2.core.model.JudgementRecord Yes by JUDGE1 @ site 1 judgement Yes-2915828768858405923 id JudgementRecord-1864363813088717434
231209 105149.620|INFO|Thread-60062|dumpPacket|   key: RUN is: edu.csus.ecs.pc2.core.model.Run Run 15 JUDGED 7 min 475645ms from TEAM93 @ site 1 id Run--8531090736771418935 problem Missing_Cat--8325778690036057049 lang Java--8800253324652192008
231209 105149.620|INFO|Thread-60062|dumpPacket|   key: CLIENT_ID is: edu.csus.ecs.pc2.core.model.ClientId SERVER0 @ site 1
231209 105149.620|INFO|Thread-60062|info|handlePacket start Packet[RUN_JUDGEMENT] #4078 SERVER0 @ site 1 -> TEAM93 @ site 1
231209 105149.620|INFO|Thread-60062|dumpPacket|Packet RUN_JUDGEMENT (Seq #4078, o#4078 ) handlePacket
231209 105149.620|INFO|Thread-60062|dumpPacket|  From: SERVER0 @ site 1, oSERVER0 @ site 1 (DESKTOP-D75BQTV @ 212.212.212.212) (Contest Id: RealDeal--1957769244132597914)
231209 105149.620|INFO|Thread-60062|dumpPacket|    To: TEAM93 @ site 1
231209 105149.620|INFO|Thread-60062|dumpPacket|   key: JUDGEMENT_RECORD is: edu.csus.ecs.pc2.core.model.JudgementRecord Yes by JUDGE1 @ site 1 judgement Yes-2915828768858405923 id JudgementRecord-1864363813088717434
231209 105149.620|INFO|Thread-60062|dumpPacket|   key: RUN is: edu.csus.ecs.pc2.core.model.Run Run 15 JUDGED 7 min 475645ms from TEAM93 @ site 1 id Run--8531090736771418935 problem Missing_Cat--8325778690036057049 lang Java--8800253324652192008
231209 105149.620|INFO|Thread-60062|dumpPacket|   key: CLIENT_ID is: edu.csus.ecs.pc2.core.model.ClientId SERVER0 @ site 1
231209 105149.620|INFO|Thread-60062|info| receiveObject(S) end   got Packet[RUN_JUDGEMENT] #4078 SERVER0 @ site 1 -> TEAM93 @ site 1
231209 105758.544|INFO|Thread-64863|info| receiveObject(S) start got Packet[CLARIFICATION_ANSWER_UPDATE] #4323 SERVER0 @ site 1 -> SERVER0 @ site 0
231209 105758.544|INFO|Thread-64863|dumpPacket|Packet CLARIFICATION_ANSWER_UPDATE (Seq #4323, o#4323 ) recieveObject
231209 105758.544|INFO|Thread-64863|dumpPacket|  From: SERVER0 @ site 1, oSERVER0 @ site 1 (DESKTOP-D75BQTV @ 212.212.212.212) (Contest Id: RealDeal--1957769244132597914)
231209 105758.544|INFO|Thread-64863|dumpPacket|    To: SERVER0 @ site 0
231209 105758.544|INFO|Thread-64863|dumpPacket|   key: CLARIFICATION is: edu.csus.ecs.pc2.core.model.Clarification Clarification 3 ANSWERED from TEAM77 @ site 1 at 7 id=Clarification--6384166243320002001
231209 105758.544|INFO|Thread-64863|dumpPacket|   key: CLARIFICATION_ANSWER is: java.lang.String Its a 0.
231209 105758.544|INFO|Thread-64863|dumpPacket|   key: CLIENT_ID is: edu.csus.ecs.pc2.core.model.ClientId ADMINISTRATOR1 @ site 1
231209 105758.544|INFO|Thread-64863|info|handlePacket start Packet[CLARIFICATION_ANSWER_UPDATE] #4323 SERVER0 @ site 1 -> SERVER0 @ site 0
231209 105758.544|INFO|Thread-64863|dumpPacket|Packet CLARIFICATION_ANSWER_UPDATE (Seq #4323, o#4323 ) handlePacket
231209 105758.544|INFO|Thread-64863|dumpPacket|  From: SERVER0 @ site 1, oSERVER0 @ site 1 (DESKTOP-D75BQTV @ 212.212.212.212) (Contest Id: RealDeal--1957769244132597914)
231209 105758.544|INFO|Thread-64863|dumpPacket|    To: SERVER0 @ site 0
231209 105758.544|INFO|Thread-64863|dumpPacket|   key: CLARIFICATION is: edu.csus.ecs.pc2.core.model.Clarification Clarification 3 ANSWERED from TEAM77 @ site 1 at 7 id=Clarification--6384166243320002001
231209 105758.544|INFO|Thread-64863|dumpPacket|   key: CLARIFICATION_ANSWER is: java.lang.String Its a 0.
231209 105758.544|INFO|Thread-64863|dumpPacket|   key: CLIENT_ID is: edu.csus.ecs.pc2.core.model.ClientId ADMINISTRATOR1 @ site 1
231209 105758.546|INFO|Thread-64863|info| receiveObject(S) end   got Packet[CLARIFICATION_ANSWER_UPDATE] #4323 SERVER0 @ site 1 -> SERVER0 @ site 0
231209 110012.939|INFO|Thread-64979|info| receiveObject(S) start got Packet[CLARIFICATION_ANSWER_UPDATE] #4399 SERVER0 @ site 1 -> SERVER0 @ site 0
231209 110012.939|INFO|Thread-64979|dumpPacket|Packet CLARIFICATION_ANSWER_UPDATE (Seq #4399, o#4399 ) recieveObject
231209 110012.939|INFO|Thread-64979|dumpPacket|  From: SERVER0 @ site 1, oSERVER0 @ site 1 (DESKTOP-D75BQTV @ 212.212.212.212) (Contest Id: RealDeal--1957769244132597914)
231209 110012.939|INFO|Thread-64979|dumpPacket|    To: SERVER0 @ site 0
231209 110012.939|INFO|Thread-64979|dumpPacket|   key: CLARIFICATION is: edu.csus.ecs.pc2.core.model.Clarification Clarification 4 ANSWERED from TEAM82 @ site 1 at 14 id=Clarification-5863903242636736970
231209 110012.939|INFO|Thread-64979|dumpPacket|   key: CLARIFICATION_ANSWER is: java.lang.String Read the problem description.
231209 110012.939|INFO|Thread-64979|dumpPacket|   key: CLIENT_ID is: edu.csus.ecs.pc2.core.model.ClientId JUDGE10 @ site 1
231209 110012.939|INFO|Thread-64979|info|handlePacket start Packet[CLARIFICATION_ANSWER_UPDATE] #4399 SERVER0 @ site 1 -> SERVER0 @ site 0
231209 110012.939|INFO|Thread-64979|dumpPacket|Packet CLARIFICATION_ANSWER_UPDATE (Seq #4399, o#4399 ) handlePacket
231209 110012.939|INFO|Thread-64979|dumpPacket|  From: SERVER0 @ site 1, oSERVER0 @ site 1 (DESKTOP-D75BQTV @ 212.212.212.212) (Contest Id: RealDeal--1957769244132597914)
231209 110012.939|INFO|Thread-64979|dumpPacket|    To: SERVER0 @ site 0
231209 110012.939|INFO|Thread-64979|dumpPacket|   key: CLARIFICATION is: edu.csus.ecs.pc2.core.model.Clarification Clarification 4 ANSWERED from TEAM82 @ site 1 at 14 id=Clarification-5863903242636736970
231209 110012.939|INFO|Thread-64979|dumpPacket|   key: CLARIFICATION_ANSWER is: java.lang.String Read the problem description.
231209 110012.939|INFO|Thread-64979|dumpPacket|   key: CLIENT_ID is: edu.csus.ecs.pc2.core.model.ClientId JUDGE10 @ site 1
231209 110012.939|INFO|Thread-64979|info| receiveObject(S) end   got Packet[CLARIFICATION_ANSWER_UPDATE] #4399 SERVER0 @ site 1 -> SERVER0 @ site 0
231209 110139.183|INFO|Thread-65133|info| receiveObject(S) start got Packet[CLARIFICATION_ANSWER_UPDATE] #4469 SERVER0 @ site 1 -> SERVER0 @ site 0
231209 110139.183|INFO|Thread-65133|dumpPacket|Packet CLARIFICATION_ANSWER_UPDATE (Seq #4469, o#4469 ) recieveObject
231209 110139.183|INFO|Thread-65133|dumpPacket|  From: SERVER0 @ site 1, oSERVER0 @ site 1 (DESKTOP-D75BQTV @ 212.212.212.212) (Contest Id: RealDeal--1957769244132597914)
231209 110139.183|INFO|Thread-65133|dumpPacket|    To: SERVER0 @ site 0
231209 110139.183|INFO|Thread-65133|dumpPacket|   key: CLARIFICATION is: edu.csus.ecs.pc2.core.model.Clarification Clarification 5 ANSWERED from TEAM50 @ site 1 at 16 id=Clarification-1647212286997947126
231209 110139.183|INFO|Thread-65133|dumpPacket|   key: CLARIFICATION_ANSWER is: java.lang.String yes
231209 110139.183|INFO|Thread-65133|dumpPacket|   key: CLIENT_ID is: edu.csus.ecs.pc2.core.model.ClientId JUDGE10 @ site 1
231209 110139.183|INFO|Thread-65133|info|handlePacket start Packet[CLARIFICATION_ANSWER_UPDATE] #4469 SERVER0 @ site 1 -> SERVER0 @ site 0
231209 110139.183|INFO|Thread-65133|dumpPacket|Packet CLARIFICATION_ANSWER_UPDATE (Seq #4469, o#4469 ) handlePacket
231209 110139.183|INFO|Thread-65133|dumpPacket|  From: SERVER0 @ site 1, oSERVER0 @ site 1 (DESKTOP-D75BQTV @ 212.212.212.212) (Contest Id: RealDeal--1957769244132597914)
231209 110139.183|INFO|Thread-65133|dumpPacket|    To: SERVER0 @ site 0
231209 110139.183|INFO|Thread-65133|dumpPacket|   key: CLARIFICATION is: edu.csus.ecs.pc2.core.model.Clarification Clarification 5 ANSWERED from TEAM50 @ site 1 at 16 id=Clarification-1647212286997947126
231209 110139.183|INFO|Thread-65133|dumpPacket|   key: CLARIFICATION_ANSWER is: java.lang.String yes
231209 110139.183|INFO|Thread-65133|dumpPacket|   key: CLIENT_ID is: edu.csus.ecs.pc2.core.model.ClientId JUDGE10 @ site 1
231209 110139.189|INFO|Thread-65133|info| receiveObject(S) end   got Packet[CLARIFICATION_ANSWER_UPDATE] #4469 SERVER0 @ site 1 -> SERVER0 @ site 0
231209 110356.988|INFO|qtp135640095-50020|sendToLocalServer|Sending packet to server Packet[RUN_SUBMISSION] #841 TEAM93 @ site 1 -> SERVER0 @ site 1
231209 110356.988|INFO|qtp135640095-50020|sendToLocalServer|Sent    packet to server Packet[RUN_SUBMISSION] #841 TEAM93 @ site 1 -> SERVER0 @ site 1
231209 110357.059|INFO|Thread-65197|info| receiveObject(S) start got Packet[RUN_SUBMISSION_CONFIRM] #4592 SERVER0 @ site 1 -> TEAM93 @ site 1
231209 110357.059|INFO|Thread-65197|dumpPacket|Packet RUN_SUBMISSION_CONFIRM (Seq #4592, o#4592 ) recieveObject
231209 110357.059|INFO|Thread-65197|dumpPacket|  From: SERVER0 @ site 1, oSERVER0 @ site 1 (DESKTOP-D75BQTV @ 212.212.212.212) (Contest Id: RealDeal--1957769244132597914)
231209 110357.059|INFO|Thread-65197|dumpPacket|    To: TEAM93 @ site 1
231209 110357.059|INFO|Thread-65197|dumpPacket|   key: RUN is: edu.csus.ecs.pc2.core.model.Run Run 89 NEW 20 min 1216260ms from TEAM93 @ site 1 id Run-5445339312567361758 problem Shuffle-6042438827781162179 lang Java--8800253324652192008
231209 110357.059|INFO|Thread-65197|info|handlePacket start Packet[RUN_SUBMISSION_CONFIRM] #4592 SERVER0 @ site 1 -> TEAM93 @ site 1
231209 110357.059|INFO|Thread-65197|dumpPacket|Packet RUN_SUBMISSION_CONFIRM (Seq #4592, o#4592 ) handlePacket
231209 110357.059|INFO|Thread-65197|dumpPacket|  From: SERVER0 @ site 1, oSERVER0 @ site 1 (DESKTOP-D75BQTV @ 212.212.212.212) (Contest Id: RealDeal--1957769244132597914)
231209 110357.059|INFO|Thread-65197|dumpPacket|    To: TEAM93 @ site 1
231209 110357.059|INFO|Thread-65197|dumpPacket|   key: RUN is: edu.csus.ecs.pc2.core.model.Run Run 89 NEW 20 min 1216260ms from TEAM93 @ site 1 id Run-5445339312567361758 problem Shuffle-6042438827781162179 lang Java--8800253324652192008
231209 110357.060|INFO|Thread-65197|info| receiveObject(S) end   got Packet[RUN_SUBMISSION_CONFIRM] #4592 SERVER0 @ site 1 -> TEAM93 @ site 1
231209 110446.771|INFO|Thread-65300|info| receiveObject(S) start got Packet[CLARIFICATION_ANSWER_UPDATE] #4608 SERVER0 @ site 1 -> SERVER0 @ site 0
231209 110446.772|INFO|Thread-65300|dumpPacket|Packet CLARIFICATION_ANSWER_UPDATE (Seq #4608, o#4608 ) recieveObject
231209 110446.772|INFO|Thread-65300|dumpPacket|  From: SERVER0 @ site 1, oSERVER0 @ site 1 (DESKTOP-D75BQTV @ 212.212.212.212) (Contest Id: RealDeal--1957769244132597914)
231209 110446.772|INFO|Thread-65300|dumpPacket|    To: SERVER0 @ site 0
231209 110446.772|INFO|Thread-65300|dumpPacket|   key: CLARIFICATION is: edu.csus.ecs.pc2.core.model.Clarification Clarification 6 ANSWERED from TEAM117 @ site 1 at 20 id=Clarification-7620427522712153602
231209 110446.772|INFO|Thread-65300|dumpPacket|   key: CLARIFICATION_ANSWER is: java.lang.String There may be.
231209 110446.772|INFO|Thread-65300|dumpPacket|   key: CLIENT_ID is: edu.csus.ecs.pc2.core.model.ClientId ADMINISTRATOR1 @ site 1
231209 110446.772|INFO|Thread-65300|info|handlePacket start Packet[CLARIFICATION_ANSWER_UPDATE] #4608 SERVER0 @ site 1 -> SERVER0 @ site 0
231209 110446.772|INFO|Thread-65300|dumpPacket|Packet CLARIFICATION_ANSWER_UPDATE (Seq #4608, o#4608 ) handlePacket
231209 110446.772|INFO|Thread-65300|dumpPacket|  From: SERVER0 @ site 1, oSERVER0 @ site 1 (DESKTOP-D75BQTV @ 212.212.212.212) (Contest Id: RealDeal--1957769244132597914)
231209 110446.772|INFO|Thread-65300|dumpPacket|    To: SERVER0 @ site 0
231209 110446.772|INFO|Thread-65300|dumpPacket|   key: CLARIFICATION is: edu.csus.ecs.pc2.core.model.Clarification Clarification 6 ANSWERED from TEAM117 @ site 1 at 20 id=Clarification-7620427522712153602
231209 110446.772|INFO|Thread-65300|dumpPacket|   key: CLARIFICATION_ANSWER is: java.lang.String There may be.
231209 110446.772|INFO|Thread-65300|dumpPacket|   key: CLIENT_ID is: edu.csus.ecs.pc2.core.model.ClientId ADMINISTRATOR1 @ site 1
231209 110446.773|INFO|Thread-65300|info| receiveObject(S) end   got Packet[CLARIFICATION_ANSWER_UPDATE] #4608 SERVER0 @ site 1 -> SERVER0 @ site 0
231209 110529.001|INFO|Thread-65319|info| receiveObject(S) start got Packet[RUN_JUDGEMENT] #4637 SERVER0 @ site 1 -> TEAM93 @ site 1
231209 110529.001|INFO|Thread-65319|dumpPacket|Packet RUN_JUDGEMENT (Seq #4637, o#4637 ) recieveObject
231209 110529.001|INFO|Thread-65319|dumpPacket|  From: SERVER0 @ site 1, oSERVER0 @ site 1 (DESKTOP-D75BQTV @ 212.212.212.212) (Contest Id: RealDeal--1957769244132597914)
231209 110529.001|INFO|Thread-65319|dumpPacket|    To: TEAM93 @ site 1
231209 110529.001|INFO|Thread-65319|dumpPacket|   key: JUDGEMENT_RECORD is: edu.csus.ecs.pc2.core.model.JudgementRecord No by JUDGE1 @ site 1 judgement No_-_Wrong_Answer-7097647880754622437 id JudgementRecord--4810809487221613221
231209 110529.001|INFO|Thread-65319|dumpPacket|   key: RUN is: edu.csus.ecs.pc2.core.model.Run Run 89 JUDGED 20 min 1216260ms from TEAM93 @ site 1 id Run-5445339312567361758 problem Shuffle-6042438827781162179 lang Java--8800253324652192008
231209 110529.001|INFO|Thread-65319|dumpPacket|   key: CLIENT_ID is: edu.csus.ecs.pc2.core.model.ClientId SERVER0 @ site 1
231209 110529.001|INFO|Thread-65319|info|handlePacket start Packet[RUN_JUDGEMENT] #4637 SERVER0 @ site 1 -> TEAM93 @ site 1
231209 110529.001|INFO|Thread-65319|dumpPacket|Packet RUN_JUDGEMENT (Seq #4637, o#4637 ) handlePacket
231209 110529.001|INFO|Thread-65319|dumpPacket|  From: SERVER0 @ site 1, oSERVER0 @ site 1 (DESKTOP-D75BQTV @ 212.212.212.212) (Contest Id: RealDeal--1957769244132597914)
231209 110529.001|INFO|Thread-65319|dumpPacket|    To: TEAM93 @ site 1
231209 110529.001|INFO|Thread-65319|dumpPacket|   key: JUDGEMENT_RECORD is: edu.csus.ecs.pc2.core.model.JudgementRecord No by JUDGE1 @ site 1 judgement No_-_Wrong_Answer-7097647880754622437 id JudgementRecord--4810809487221613221
231209 110529.001|INFO|Thread-65319|dumpPacket|   key: RUN is: edu.csus.ecs.pc2.core.model.Run Run 89 JUDGED 20 min 1216260ms from TEAM93 @ site 1 id Run-5445339312567361758 problem Shuffle-6042438827781162179 lang Java--8800253324652192008
231209 110529.001|INFO|Thread-65319|dumpPacket|   key: CLIENT_ID is: edu.csus.ecs.pc2.core.model.ClientId SERVER0 @ site 1
231209 110529.001|INFO|Thread-65319|info| receiveObject(S) end   got Packet[RUN_JUDGEMENT] #4637 SERVER0 @ site 1 -> TEAM93 @ site 1
231209 110645.417|INFO|Thread-65425|info| receiveObject(S) start got Packet[UPDATE_SETTING] #4698 SERVER0 @ site 1 -> SERVER0 @ site 0
231209 110645.417|INFO|Thread-65425|dumpPacket|Packet UPDATE_SETTING (Seq #4698, o#139 ) recieveObject
231209 110645.417|INFO|Thread-65425|dumpPacket|  From: SERVER0 @ site 1, oADMINISTRATOR1 @ site 1 (DESKTOP-D75BQTV @ 212.212.212.212) (Contest Id: RealDeal--1957769244132597914)
231209 110645.417|INFO|Thread-65425|dumpPacket|    To: SERVER0 @ site 0
231209 110645.417|INFO|Thread-65425|dumpPacket|   key: PROBLEM is: edu.csus.ecs.pc2.core.model.Problem Shuffle
231209 110645.417|INFO|Thread-65425|info|handlePacket start Packet[UPDATE_SETTING] #4698 SERVER0 @ site 1 -> SERVER0 @ site 0
231209 110645.417|INFO|Thread-65425|dumpPacket|Packet UPDATE_SETTING (Seq #4698, o#139 ) handlePacket
231209 110645.417|INFO|Thread-65425|dumpPacket|  From: SERVER0 @ site 1, oADMINISTRATOR1 @ site 1 (DESKTOP-D75BQTV @ 212.212.212.212) (Contest Id: RealDeal--1957769244132597914)
231209 110645.417|INFO|Thread-65425|dumpPacket|    To: SERVER0 @ site 0
231209 110645.417|INFO|Thread-65425|dumpPacket|   key: PROBLEM is: edu.csus.ecs.pc2.core.model.Problem Shuffle
231209 110645.421|INFO|Thread-65425|info|handlePacket end Packet[UPDATE_SETTING] #4698 SERVER0 @ site 1 -> SERVER0 @ site 0
231209 110645.427|INFO|Thread-65425|info| receiveObject(S) end   got Packet[UPDATE_SETTING] #4698 SERVER0 @ site 1 -> SERVER0 @ site 0
231209 111315.701|INFO|Thread-65632|info| receiveObject(S) start got Packet[CLARIFICATION_ANSWER_UPDATE] #4919 SERVER0 @ site 1 -> SERVER0 @ site 0
231209 111315.701|INFO|Thread-65632|dumpPacket|Packet CLARIFICATION_ANSWER_UPDATE (Seq #4919, o#4919 ) recieveObject
231209 111315.701|INFO|Thread-65632|dumpPacket|  From: SERVER0 @ site 1, oSERVER0 @ site 1 (DESKTOP-D75BQTV @ 212.212.212.212) (Contest Id: RealDeal--1957769244132597914)
231209 111315.701|INFO|Thread-65632|dumpPacket|    To: SERVER0 @ site 0
231209 111315.701|INFO|Thread-65632|dumpPacket|   key: CLARIFICATION is: edu.csus.ecs.pc2.core.model.Clarification Clarification 9 ANSWERED from TEAM75 @ site 1 at 27 id=Clarification-2320838978162202316
231209 111315.701|INFO|Thread-65632|dumpPacket|   key: CLARIFICATION_ANSWER is: java.lang.String No response, read problem statement
231209 111315.701|INFO|Thread-65632|dumpPacket|   key: CLIENT_ID is: edu.csus.ecs.pc2.core.model.ClientId ADMINISTRATOR1 @ site 1
231209 111315.701|INFO|Thread-65632|info|handlePacket start Packet[CLARIFICATION_ANSWER_UPDATE] #4919 SERVER0 @ site 1 -> SERVER0 @ site 0
231209 111315.701|INFO|Thread-65632|dumpPacket|Packet CLARIFICATION_ANSWER_UPDATE (Seq #4919, o#4919 ) handlePacket
231209 111315.701|INFO|Thread-65632|dumpPacket|  From: SERVER0 @ site 1, oSERVER0 @ site 1 (DESKTOP-D75BQTV @ 212.212.212.212) (Contest Id: RealDeal--1957769244132597914)
231209 111315.701|INFO|Thread-65632|dumpPacket|    To: SERVER0 @ site 0
231209 111315.701|INFO|Thread-65632|dumpPacket|   key: CLARIFICATION is: edu.csus.ecs.pc2.core.model.Clarification Clarification 9 ANSWERED from TEAM75 @ site 1 at 27 id=Clarification-2320838978162202316
231209 111315.701|INFO|Thread-65632|dumpPacket|   key: CLARIFICATION_ANSWER is: java.lang.String No response, read problem statement
231209 111315.701|INFO|Thread-65632|dumpPacket|   key: CLIENT_ID is: edu.csus.ecs.pc2.core.model.ClientId ADMINISTRATOR1 @ site 1
231209 111315.701|INFO|Thread-65632|info| receiveObject(S) end   got Packet[CLARIFICATION_ANSWER_UPDATE] #4919 SERVER0 @ site 1 -> SERVER0 @ site 0
231209 111459.803|INFO|Thread-65767|info| receiveObject(S) start got Packet[CLARIFICATION_ANSWER_UPDATE] #4991 SERVER0 @ site 1 -> SERVER0 @ site 0
231209 111459.803|INFO|Thread-65767|dumpPacket|Packet CLARIFICATION_ANSWER_UPDATE (Seq #4991, o#4991 ) recieveObject
231209 111459.803|INFO|Thread-65767|dumpPacket|  From: SERVER0 @ site 1, oSERVER0 @ site 1 (DESKTOP-D75BQTV @ 212.212.212.212) (Contest Id: RealDeal--1957769244132597914)
231209 111459.803|INFO|Thread-65767|dumpPacket|    To: SERVER0 @ site 0
231209 111459.803|INFO|Thread-65767|dumpPacket|   key: CLARIFICATION is: edu.csus.ecs.pc2.core.model.Clarification Clarification 10 ANSWERED from TEAM81 @ site 1 at 28 id=Clarification--5973036823618156599
231209 111459.803|INFO|Thread-65767|dumpPacket|   key: CLARIFICATION_ANSWER is: java.lang.String It is 3/4 a cup of butter
231209 111459.803|INFO|Thread-65767|dumpPacket|   key: CLIENT_ID is: edu.csus.ecs.pc2.core.model.ClientId JUDGE10 @ site 1
231209 111459.803|INFO|Thread-65767|info|handlePacket start Packet[CLARIFICATION_ANSWER_UPDATE] #4991 SERVER0 @ site 1 -> SERVER0 @ site 0
231209 111459.803|INFO|Thread-65767|dumpPacket|Packet CLARIFICATION_ANSWER_UPDATE (Seq #4991, o#4991 ) handlePacket
231209 111459.803|INFO|Thread-65767|dumpPacket|  From: SERVER0 @ site 1, oSERVER0 @ site 1 (DESKTOP-D75BQTV @ 212.212.212.212) (Contest Id: RealDeal--1957769244132597914)
231209 111459.803|INFO|Thread-65767|dumpPacket|    To: SERVER0 @ site 0
231209 111459.803|INFO|Thread-65767|dumpPacket|   key: CLARIFICATION is: edu.csus.ecs.pc2.core.model.Clarification Clarification 10 ANSWERED from TEAM81 @ site 1 at 28 id=Clarification--5973036823618156599
231209 111459.821|INFO|Thread-65767|dumpPacket|   key: CLARIFICATION_ANSWER is: java.lang.String It is 3/4 a cup of butter
231209 111459.822|INFO|Thread-65767|dumpPacket|   key: CLIENT_ID is: edu.csus.ecs.pc2.core.model.ClientId JUDGE10 @ site 1
231209 111459.841|INFO|Thread-65767|info| receiveObject(S) end   got Packet[CLARIFICATION_ANSWER_UPDATE] #4991 SERVER0 @ site 1 -> SERVER0 @ site 0
231209 112811.876|INFO|qtp135640095-64836|sendToLocalServer|Sending packet to server Packet[RUN_SUBMISSION] #982 TEAM93 @ site 1 -> SERVER0 @ site 1
231209 112811.876|INFO|qtp135640095-64836|sendToLocalServer|Sent    packet to server Packet[RUN_SUBMISSION] #982 TEAM93 @ site 1 -> SERVER0 @ site 1
231209 112811.990|INFO|Thread-66029|info| receiveObject(S) start got Packet[RUN_SUBMISSION_CONFIRM] #5472 SERVER0 @ site 1 -> TEAM93 @ site 1
231209 112811.990|INFO|Thread-66029|dumpPacket|Packet RUN_SUBMISSION_CONFIRM (Seq #5472, o#5472 ) recieveObject
231209 112811.990|INFO|Thread-66029|dumpPacket|  From: SERVER0 @ site 1, oSERVER0 @ site 1 (DESKTOP-D75BQTV @ 212.212.212.212) (Contest Id: RealDeal--1957769244132597914)
231209 112811.990|INFO|Thread-66029|dumpPacket|    To: TEAM93 @ site 1
231209 112811.990|INFO|Thread-66029|dumpPacket|   key: RUN is: edu.csus.ecs.pc2.core.model.Run Run 217 NEW 44 min 2671148ms from TEAM93 @ site 1 id Run-3275139825739006894 problem Decoder-5254587599883649173 lang Java--8800253324652192008
231209 112811.990|INFO|Thread-66029|info|handlePacket start Packet[RUN_SUBMISSION_CONFIRM] #5472 SERVER0 @ site 1 -> TEAM93 @ site 1
231209 112811.990|INFO|Thread-66029|dumpPacket|Packet RUN_SUBMISSION_CONFIRM (Seq #5472, o#5472 ) handlePacket
231209 112811.990|INFO|Thread-66029|dumpPacket|  From: SERVER0 @ site 1, oSERVER0 @ site 1 (DESKTOP-D75BQTV @ 212.212.212.212) (Contest Id: RealDeal--1957769244132597914)
231209 112811.990|INFO|Thread-66029|dumpPacket|    To: TEAM93 @ site 1
231209 112811.990|INFO|Thread-66029|dumpPacket|   key: RUN is: edu.csus.ecs.pc2.core.model.Run Run 217 NEW 44 min 2671148ms from TEAM93 @ site 1 id Run-3275139825739006894 problem Decoder-5254587599883649173 lang Java--8800253324652192008
231209 112811.990|INFO|Thread-66029|info| receiveObject(S) end   got Packet[RUN_SUBMISSION_CONFIRM] #5472 SERVER0 @ site 1 -> TEAM93 @ site 1
231209 112818.878|INFO|Thread-66033|info| receiveObject(S) start got Packet[RUN_JUDGEMENT] #5482 SERVER0 @ site 1 -> TEAM93 @ site 1
231209 112818.878|INFO|Thread-66033|dumpPacket|Packet RUN_JUDGEMENT (Seq #5482, o#5482 ) recieveObject
231209 112818.878|INFO|Thread-66033|dumpPacket|  From: SERVER0 @ site 1, oSERVER0 @ site 1 (DESKTOP-D75BQTV @ 212.212.212.212) (Contest Id: RealDeal--1957769244132597914)
231209 112818.878|INFO|Thread-66033|dumpPacket|    To: TEAM93 @ site 1
231209 112818.878|INFO|Thread-66033|dumpPacket|   key: JUDGEMENT_RECORD is: edu.csus.ecs.pc2.core.model.JudgementRecord Yes by JUDGE1 @ site 1 judgement Yes-2915828768858405923 id JudgementRecord-2586149659677404824
231209 112818.878|INFO|Thread-66033|dumpPacket|   key: RUN is: edu.csus.ecs.pc2.core.model.Run Run 217 JUDGED 44 min 2671148ms from TEAM93 @ site 1 id Run-3275139825739006894 problem Decoder-5254587599883649173 lang Java--8800253324652192008
231209 112818.878|INFO|Thread-66033|dumpPacket|   key: CLIENT_ID is: edu.csus.ecs.pc2.core.model.ClientId SERVER0 @ site 1
231209 112818.878|INFO|Thread-66033|info|handlePacket start Packet[RUN_JUDGEMENT] #5482 SERVER0 @ site 1 -> TEAM93 @ site 1
231209 112818.878|INFO|Thread-66033|dumpPacket|Packet RUN_JUDGEMENT (Seq #5482, o#5482 ) handlePacket
231209 112818.878|INFO|Thread-66033|dumpPacket|  From: SERVER0 @ site 1, oSERVER0 @ site 1 (DESKTOP-D75BQTV @ 212.212.212.212) (Contest Id: RealDeal--1957769244132597914)
231209 112818.878|INFO|Thread-66033|dumpPacket|    To: TEAM93 @ site 1
231209 112818.878|INFO|Thread-66033|dumpPacket|   key: JUDGEMENT_RECORD is: edu.csus.ecs.pc2.core.model.JudgementRecord Yes by JUDGE1 @ site 1 judgement Yes-2915828768858405923 id JudgementRecord-2586149659677404824
231209 112818.878|INFO|Thread-66033|dumpPacket|   key: RUN is: edu.csus.ecs.pc2.core.model.Run Run 217 JUDGED 44 min 2671148ms from TEAM93 @ site 1 id Run-3275139825739006894 problem Decoder-5254587599883649173 lang Java--8800253324652192008
231209 112818.878|INFO|Thread-66033|dumpPacket|   key: CLIENT_ID is: edu.csus.ecs.pc2.core.model.ClientId SERVER0 @ site 1
231209 112818.878|INFO|Thread-66033|info| receiveObject(S) end   got Packet[RUN_JUDGEMENT] #5482 SERVER0 @ site 1 -> TEAM93 @ site 1
231209 115431.538|INFO|Thread-66723|info| receiveObject(S) start got Packet[CLARIFICATION_ANSWER_UPDATE] #6720 SERVER0 @ site 1 -> SERVER0 @ site 0
231209 115431.538|INFO|Thread-66723|dumpPacket|Packet CLARIFICATION_ANSWER_UPDATE (Seq #6720, o#6720 ) recieveObject
231209 115431.538|INFO|Thread-66723|dumpPacket|  From: SERVER0 @ site 1, oSERVER0 @ site 1 (DESKTOP-D75BQTV @ 212.212.212.212) (Contest Id: RealDeal--1957769244132597914)
231209 115431.538|INFO|Thread-66723|dumpPacket|    To: SERVER0 @ site 0
231209 115431.538|INFO|Thread-66723|dumpPacket|   key: CLARIFICATION is: edu.csus.ecs.pc2.core.model.Clarification Clarification 20 ANSWERED from TEAM100 @ site 1 at 69 id=Clarification--4622882980912914428
231209 115431.538|INFO|Thread-66723|dumpPacket|   key: CLARIFICATION_ANSWER is: java.lang.String This is not usaco guys, brute force to your hearts content.
231209 115431.538|INFO|Thread-66723|dumpPacket|   key: CLIENT_ID is: edu.csus.ecs.pc2.core.model.ClientId ADMINISTRATOR1 @ site 1
231209 115431.538|INFO|Thread-66723|info|handlePacket start Packet[CLARIFICATION_ANSWER_UPDATE] #6720 SERVER0 @ site 1 -> SERVER0 @ site 0
231209 115431.538|INFO|Thread-66723|dumpPacket|Packet CLARIFICATION_ANSWER_UPDATE (Seq #6720, o#6720 ) handlePacket
231209 115431.546|INFO|Thread-66723|dumpPacket|  From: SERVER0 @ site 1, oSERVER0 @ site 1 (DESKTOP-D75BQTV @ 212.212.212.212) (Contest Id: RealDeal--1957769244132597914)
231209 115431.546|INFO|Thread-66723|dumpPacket|    To: SERVER0 @ site 0
231209 115431.546|INFO|Thread-66723|dumpPacket|   key: CLARIFICATION is: edu.csus.ecs.pc2.core.model.Clarification Clarification 20 ANSWERED from TEAM100 @ site 1 at 69 id=Clarification--4622882980912914428
231209 115431.546|INFO|Thread-66723|dumpPacket|   key: CLARIFICATION_ANSWER is: java.lang.String This is not usaco guys, brute force to your hearts content.
231209 115431.546|INFO|Thread-66723|dumpPacket|   key: CLIENT_ID is: edu.csus.ecs.pc2.core.model.ClientId ADMINISTRATOR1 @ site 1
231209 115431.559|INFO|Thread-66723|info| receiveObject(S) end   got Packet[CLARIFICATION_ANSWER_UPDATE] #6720 SERVER0 @ site 1 -> SERVER0 @ site 0
231209 115611.047|INFO|qtp135640095-66459|sendToLocalServer|Sending packet to server Packet[RUN_SUBMISSION] #1195 TEAM93 @ site 1 -> SERVER0 @ site 1
231209 115611.047|INFO|qtp135640095-66459|sendToLocalServer|Sent    packet to server Packet[RUN_SUBMISSION] #1195 TEAM93 @ site 1 -> SERVER0 @ site 1
231209 115611.228|INFO|Thread-66787|info| receiveObject(S) start got Packet[RUN_SUBMISSION_CONFIRM] #6782 SERVER0 @ site 1 -> TEAM93 @ site 1
231209 115611.228|INFO|Thread-66787|dumpPacket|Packet RUN_SUBMISSION_CONFIRM (Seq #6782, o#6782 ) recieveObject
231209 115611.228|INFO|Thread-66787|dumpPacket|  From: SERVER0 @ site 1, oSERVER0 @ site 1 (DESKTOP-D75BQTV @ 212.212.212.212) (Contest Id: RealDeal--1957769244132597914)
231209 115611.228|INFO|Thread-66787|dumpPacket|    To: TEAM93 @ site 1
231209 115611.228|INFO|Thread-66787|dumpPacket|   key: RUN is: edu.csus.ecs.pc2.core.model.Run Run 416 NEW 72 min 4350319ms from TEAM93 @ site 1 id Run--8293877970005922227 problem Slow_Math--3774445497254703998 lang Java--8800253324652192008
231209 115611.228|INFO|Thread-66787|info|handlePacket start Packet[RUN_SUBMISSION_CONFIRM] #6782 SERVER0 @ site 1 -> TEAM93 @ site 1
231209 115611.228|INFO|Thread-66787|dumpPacket|Packet RUN_SUBMISSION_CONFIRM (Seq #6782, o#6782 ) handlePacket
231209 115611.228|INFO|Thread-66787|dumpPacket|  From: SERVER0 @ site 1, oSERVER0 @ site 1 (DESKTOP-D75BQTV @ 212.212.212.212) (Contest Id: RealDeal--1957769244132597914)
231209 115611.228|INFO|Thread-66787|dumpPacket|    To: TEAM93 @ site 1
231209 115611.228|INFO|Thread-66787|dumpPacket|   key: RUN is: edu.csus.ecs.pc2.core.model.Run Run 416 NEW 72 min 4350319ms from TEAM93 @ site 1 id Run--8293877970005922227 problem Slow_Math--3774445497254703998 lang Java--8800253324652192008
231209 115611.230|INFO|Thread-66787|info| receiveObject(S) end   got Packet[RUN_SUBMISSION_CONFIRM] #6782 SERVER0 @ site 1 -> TEAM93 @ site 1
231209 115630.229|INFO|Thread-66789|info| receiveObject(S) start got Packet[RUN_JUDGEMENT] #6788 SERVER0 @ site 1 -> TEAM93 @ site 1
231209 115630.229|INFO|Thread-66789|dumpPacket|Packet RUN_JUDGEMENT (Seq #6788, o#6788 ) recieveObject
231209 115630.229|INFO|Thread-66789|dumpPacket|  From: SERVER0 @ site 1, oSERVER0 @ site 1 (DESKTOP-D75BQTV @ 212.212.212.212) (Contest Id: RealDeal--1957769244132597914)
231209 115630.229|INFO|Thread-66789|dumpPacket|    To: TEAM93 @ site 1
231209 115630.229|INFO|Thread-66789|dumpPacket|   key: JUDGEMENT_RECORD is: edu.csus.ecs.pc2.core.model.JudgementRecord No by JUDGE3 @ site 1 judgement No_-_Wrong_Answer-7097647880754622437 id JudgementRecord-4196069015057943543
231209 115630.229|INFO|Thread-66789|dumpPacket|   key: RUN is: edu.csus.ecs.pc2.core.model.Run Run 416 JUDGED 72 min 4350319ms from TEAM93 @ site 1 id Run--8293877970005922227 problem Slow_Math--3774445497254703998 lang Java--8800253324652192008
231209 115630.229|INFO|Thread-66789|dumpPacket|   key: CLIENT_ID is: edu.csus.ecs.pc2.core.model.ClientId SERVER0 @ site 1
231209 115630.230|INFO|Thread-66789|info|handlePacket start Packet[RUN_JUDGEMENT] #6788 SERVER0 @ site 1 -> TEAM93 @ site 1
231209 115630.230|INFO|Thread-66789|dumpPacket|Packet RUN_JUDGEMENT (Seq #6788, o#6788 ) handlePacket
231209 115630.230|INFO|Thread-66789|dumpPacket|  From: SERVER0 @ site 1, oSERVER0 @ site 1 (DESKTOP-D75BQTV @ 212.212.212.212) (Contest Id: RealDeal--1957769244132597914)
231209 115630.230|INFO|Thread-66789|dumpPacket|    To: TEAM93 @ site 1
231209 115630.230|INFO|Thread-66789|dumpPacket|   key: JUDGEMENT_RECORD is: edu.csus.ecs.pc2.core.model.JudgementRecord No by JUDGE3 @ site 1 judgement No_-_Wrong_Answer-7097647880754622437 id JudgementRecord-4196069015057943543
231209 115630.230|INFO|Thread-66789|dumpPacket|   key: RUN is: edu.csus.ecs.pc2.core.model.Run Run 416 JUDGED 72 min 4350319ms from TEAM93 @ site 1 id Run--8293877970005922227 problem Slow_Math--3774445497254703998 lang Java--8800253324652192008
231209 115630.230|INFO|Thread-66789|dumpPacket|   key: CLIENT_ID is: edu.csus.ecs.pc2.core.model.ClientId SERVER0 @ site 1
231209 115630.230|INFO|Thread-66789|info| receiveObject(S) end   got Packet[RUN_JUDGEMENT] #6788 SERVER0 @ site 1 -> TEAM93 @ site 1
231209 115643.497|INFO|qtp135640095-66514|sendToLocalServer|Sending packet to server Packet[RUN_SUBMISSION] #1196 TEAM93 @ site 1 -> SERVER0 @ site 1
231209 115643.497|INFO|qtp135640095-66514|sendToLocalServer|Sent    packet to server Packet[RUN_SUBMISSION] #1196 TEAM93 @ site 1 -> SERVER0 @ site 1
231209 115643.671|INFO|Thread-66791|info| receiveObject(S) start got Packet[RUN_SUBMISSION_CONFIRM] #6790 SERVER0 @ site 1 -> TEAM93 @ site 1
231209 115643.671|INFO|Thread-66791|dumpPacket|Packet RUN_SUBMISSION_CONFIRM (Seq #6790, o#6790 ) recieveObject
231209 115643.671|INFO|Thread-66791|dumpPacket|  From: SERVER0 @ site 1, oSERVER0 @ site 1 (DESKTOP-D75BQTV @ 212.212.212.212) (Contest Id: RealDeal--1957769244132597914)
231209 115643.671|INFO|Thread-66791|dumpPacket|    To: TEAM93 @ site 1
231209 115643.671|INFO|Thread-66791|dumpPacket|   key: RUN is: edu.csus.ecs.pc2.core.model.Run Run 417 NEW 73 min 4382774ms from TEAM93 @ site 1 id Run--8607571863545233469 problem Shuffle-6042438827781162179 lang Java--8800253324652192008
231209 115643.671|INFO|Thread-66791|info|handlePacket start Packet[RUN_SUBMISSION_CONFIRM] #6790 SERVER0 @ site 1 -> TEAM93 @ site 1
231209 115643.671|INFO|Thread-66791|dumpPacket|Packet RUN_SUBMISSION_CONFIRM (Seq #6790, o#6790 ) handlePacket
231209 115643.671|INFO|Thread-66791|dumpPacket|  From: SERVER0 @ site 1, oSERVER0 @ site 1 (DESKTOP-D75BQTV @ 212.212.212.212) (Contest Id: RealDeal--1957769244132597914)
231209 115643.671|INFO|Thread-66791|dumpPacket|    To: TEAM93 @ site 1
231209 115643.671|INFO|Thread-66791|dumpPacket|   key: RUN is: edu.csus.ecs.pc2.core.model.Run Run 417 NEW 73 min 4382774ms from TEAM93 @ site 1 id Run--8607571863545233469 problem Shuffle-6042438827781162179 lang Java--8800253324652192008
231209 115643.671|INFO|Thread-66791|info| receiveObject(S) end   got Packet[RUN_SUBMISSION_CONFIRM] #6790 SERVER0 @ site 1 -> TEAM93 @ site 1
231209 115701.431|INFO|Thread-66801|info| receiveObject(S) start got Packet[RUN_JUDGEMENT] #6803 SERVER0 @ site 1 -> TEAM93 @ site 1
231209 115701.431|INFO|Thread-66801|dumpPacket|Packet RUN_JUDGEMENT (Seq #6803, o#6803 ) recieveObject
231209 115701.431|INFO|Thread-66801|dumpPacket|  From: SERVER0 @ site 1, oSERVER0 @ site 1 (DESKTOP-D75BQTV @ 212.212.212.212) (Contest Id: RealDeal--1957769244132597914)
231209 115701.433|INFO|Thread-66801|dumpPacket|    To: TEAM93 @ site 1
231209 115701.433|INFO|Thread-66801|dumpPacket|   key: JUDGEMENT_RECORD is: edu.csus.ecs.pc2.core.model.JudgementRecord No by JUDGE3 @ site 1 judgement No_-_Time_Limit_Exceeded--3866620669727375160 id JudgementRecord--749341991865042594
231209 115701.433|INFO|Thread-66801|dumpPacket|   key: RUN is: edu.csus.ecs.pc2.core.model.Run Run 417 JUDGED 73 min 4382774ms from TEAM93 @ site 1 id Run--8607571863545233469 problem Shuffle-6042438827781162179 lang Java--8800253324652192008
231209 115701.433|INFO|Thread-66801|dumpPacket|   key: CLIENT_ID is: edu.csus.ecs.pc2.core.model.ClientId SERVER0 @ site 1
231209 115701.433|INFO|Thread-66801|info|handlePacket start Packet[RUN_JUDGEMENT] #6803 SERVER0 @ site 1 -> TEAM93 @ site 1
231209 115701.433|INFO|Thread-66801|dumpPacket|Packet RUN_JUDGEMENT (Seq #6803, o#6803 ) handlePacket
231209 115701.433|INFO|Thread-66801|dumpPacket|  From: SERVER0 @ site 1, oSERVER0 @ site 1 (DESKTOP-D75BQTV @ 212.212.212.212) (Contest Id: RealDeal--1957769244132597914)
231209 115701.433|INFO|Thread-66801|dumpPacket|    To: TEAM93 @ site 1
231209 115701.433|INFO|Thread-66801|dumpPacket|   key: JUDGEMENT_RECORD is: edu.csus.ecs.pc2.core.model.JudgementRecord No by JUDGE3 @ site 1 judgement No_-_Time_Limit_Exceeded--3866620669727375160 id JudgementRecord--749341991865042594
231209 115701.433|INFO|Thread-66801|dumpPacket|   key: RUN is: edu.csus.ecs.pc2.core.model.Run Run 417 JUDGED 73 min 4382774ms from TEAM93 @ site 1 id Run--8607571863545233469 problem Shuffle-6042438827781162179 lang Java--8800253324652192008
231209 115701.433|INFO|Thread-66801|dumpPacket|   key: CLIENT_ID is: edu.csus.ecs.pc2.core.model.ClientId SERVER0 @ site 1
231209 115701.433|INFO|Thread-66801|info| receiveObject(S) end   got Packet[RUN_JUDGEMENT] #6803 SERVER0 @ site 1 -> TEAM93 @ site 1
231209 121306.311|INFO|qtp135640095-67126|sendToLocalServer|Sending packet to server Packet[RUN_SUBMISSION] #1333 TEAM93 @ site 1 -> SERVER0 @ site 1
231209 121306.311|INFO|qtp135640095-67126|sendToLocalServer|Sent    packet to server Packet[RUN_SUBMISSION] #1333 TEAM93 @ site 1 -> SERVER0 @ site 1
231209 121306.532|INFO|Thread-67206|info| receiveObject(S) start got Packet[RUN_SUBMISSION_CONFIRM] #7609 SERVER0 @ site 1 -> TEAM93 @ site 1
231209 121306.532|INFO|Thread-67206|dumpPacket|Packet RUN_SUBMISSION_CONFIRM (Seq #7609, o#7609 ) recieveObject
231209 121306.532|INFO|Thread-67206|dumpPacket|  From: SERVER0 @ site 1, oSERVER0 @ site 1 (DESKTOP-D75BQTV @ 212.212.212.212) (Contest Id: RealDeal--1957769244132597914)
231209 121306.532|INFO|Thread-67206|dumpPacket|    To: TEAM93 @ site 1
231209 121306.532|INFO|Thread-67206|dumpPacket|   key: RUN is: edu.csus.ecs.pc2.core.model.Run Run 538 NEW 89 min 5365583ms from TEAM93 @ site 1 id Run--5592792953174847347 problem Word--384876857808405789 lang Java--8800253324652192008
231209 121306.532|INFO|Thread-67206|info|handlePacket start Packet[RUN_SUBMISSION_CONFIRM] #7609 SERVER0 @ site 1 -> TEAM93 @ site 1
231209 121306.536|INFO|Thread-67206|dumpPacket|Packet RUN_SUBMISSION_CONFIRM (Seq #7609, o#7609 ) handlePacket
231209 121306.536|INFO|Thread-67206|dumpPacket|  From: SERVER0 @ site 1, oSERVER0 @ site 1 (DESKTOP-D75BQTV @ 212.212.212.212) (Contest Id: RealDeal--1957769244132597914)
231209 121306.536|INFO|Thread-67206|dumpPacket|    To: TEAM93 @ site 1
231209 121306.536|INFO|Thread-67206|dumpPacket|   key: RUN is: edu.csus.ecs.pc2.core.model.Run Run 538 NEW 89 min 5365583ms from TEAM93 @ site 1 id Run--5592792953174847347 problem Word--384876857808405789 lang Java--8800253324652192008
231209 121306.536|INFO|Thread-67206|info| receiveObject(S) end   got Packet[RUN_SUBMISSION_CONFIRM] #7609 SERVER0 @ site 1 -> TEAM93 @ site 1
231209 121312.176|INFO|Thread-67210|info| receiveObject(S) start got Packet[RUN_JUDGEMENT] #7618 SERVER0 @ site 1 -> TEAM93 @ site 1
231209 121312.176|INFO|Thread-67210|dumpPacket|Packet RUN_JUDGEMENT (Seq #7618, o#7618 ) recieveObject
231209 121312.176|INFO|Thread-67210|dumpPacket|  From: SERVER0 @ site 1, oSERVER0 @ site 1 (DESKTOP-D75BQTV @ 212.212.212.212) (Contest Id: RealDeal--1957769244132597914)
231209 121312.176|INFO|Thread-67210|dumpPacket|    To: TEAM93 @ site 1
231209 121312.176|INFO|Thread-67210|dumpPacket|   key: JUDGEMENT_RECORD is: edu.csus.ecs.pc2.core.model.JudgementRecord Yes by JUDGE1 @ site 1 judgement Yes-2915828768858405923 id JudgementRecord--5209375934279233858
231209 121312.176|INFO|Thread-67210|dumpPacket|   key: RUN is: edu.csus.ecs.pc2.core.model.Run Run 538 JUDGED 89 min 5365583ms from TEAM93 @ site 1 id Run--5592792953174847347 problem Word--384876857808405789 lang Java--8800253324652192008
231209 121312.176|INFO|Thread-67210|dumpPacket|   key: CLIENT_ID is: edu.csus.ecs.pc2.core.model.ClientId SERVER0 @ site 1
231209 121312.176|INFO|Thread-67210|info|handlePacket start Packet[RUN_JUDGEMENT] #7618 SERVER0 @ site 1 -> TEAM93 @ site 1
231209 121312.176|INFO|Thread-67210|dumpPacket|Packet RUN_JUDGEMENT (Seq #7618, o#7618 ) handlePacket
231209 121312.176|INFO|Thread-67210|dumpPacket|  From: SERVER0 @ site 1, oSERVER0 @ site 1 (DESKTOP-D75BQTV @ 212.212.212.212) (Contest Id: RealDeal--1957769244132597914)
231209 121312.176|INFO|Thread-67210|dumpPacket|    To: TEAM93 @ site 1
231209 121312.176|INFO|Thread-67210|dumpPacket|   key: JUDGEMENT_RECORD is: edu.csus.ecs.pc2.core.model.JudgementRecord Yes by JUDGE1 @ site 1 judgement Yes-2915828768858405923 id JudgementRecord--5209375934279233858
231209 121312.176|INFO|Thread-67210|dumpPacket|   key: RUN is: edu.csus.ecs.pc2.core.model.Run Run 538 JUDGED 89 min 5365583ms from TEAM93 @ site 1 id Run--5592792953174847347 problem Word--384876857808405789 lang Java--8800253324652192008
231209 121312.176|INFO|Thread-67210|dumpPacket|   key: CLIENT_ID is: edu.csus.ecs.pc2.core.model.ClientId SERVER0 @ site 1
231209 121312.176|INFO|Thread-67210|info| receiveObject(S) end   got Packet[RUN_JUDGEMENT] #7618 SERVER0 @ site 1 -> TEAM93 @ site 1
231209 124014.521|INFO|qtp135640095-67533|sendToLocalServer|Sending packet to server Packet[RUN_SUBMISSION] #1570 TEAM93 @ site 1 -> SERVER0 @ site 1
231209 124014.521|INFO|qtp135640095-67533|sendToLocalServer|Sent    packet to server Packet[RUN_SUBMISSION] #1570 TEAM93 @ site 1 -> SERVER0 @ site 1
231209 124014.855|INFO|Thread-67929|info| receiveObject(S) start got Packet[RUN_SUBMISSION_CONFIRM] #9061 SERVER0 @ site 1 -> TEAM93 @ site 1
231209 124014.856|INFO|Thread-67929|dumpPacket|Packet RUN_SUBMISSION_CONFIRM (Seq #9061, o#9061 ) recieveObject
231209 124014.856|INFO|Thread-67929|dumpPacket|  From: SERVER0 @ site 1, oSERVER0 @ site 1 (DESKTOP-D75BQTV @ 212.212.212.212) (Contest Id: RealDeal--1957769244132597914)
231209 124014.856|INFO|Thread-67929|dumpPacket|    To: TEAM93 @ site 1
231209 124014.856|INFO|Thread-67929|dumpPacket|   key: RUN is: edu.csus.ecs.pc2.core.model.Run Run 761 NEW 116 min 6993793ms from TEAM93 @ site 1 id Run-3241033374380959628 problem Ingredients--2504522835383961953 lang Java--8800253324652192008
231209 124014.856|INFO|Thread-67929|info|handlePacket start Packet[RUN_SUBMISSION_CONFIRM] #9061 SERVER0 @ site 1 -> TEAM93 @ site 1
231209 124014.856|INFO|Thread-67929|dumpPacket|Packet RUN_SUBMISSION_CONFIRM (Seq #9061, o#9061 ) handlePacket
231209 124014.856|INFO|Thread-67929|dumpPacket|  From: SERVER0 @ site 1, oSERVER0 @ site 1 (DESKTOP-D75BQTV @ 212.212.212.212) (Contest Id: RealDeal--1957769244132597914)
231209 124014.856|INFO|Thread-67929|dumpPacket|    To: TEAM93 @ site 1
231209 124014.856|INFO|Thread-67929|dumpPacket|   key: RUN is: edu.csus.ecs.pc2.core.model.Run Run 761 NEW 116 min 6993793ms from TEAM93 @ site 1 id Run-3241033374380959628 problem Ingredients--2504522835383961953 lang Java--8800253324652192008
231209 124014.856|INFO|Thread-67929|info| receiveObject(S) end   got Packet[RUN_SUBMISSION_CONFIRM] #9061 SERVER0 @ site 1 -> TEAM93 @ site 1
231209 124035.224|INFO|Thread-67947|info| receiveObject(S) start got Packet[RUN_JUDGEMENT] #9109 SERVER0 @ site 1 -> TEAM93 @ site 1
231209 124035.224|INFO|Thread-67947|dumpPacket|Packet RUN_JUDGEMENT (Seq #9109, o#9109 ) recieveObject
231209 124035.224|INFO|Thread-67947|dumpPacket|  From: SERVER0 @ site 1, oSERVER0 @ site 1 (DESKTOP-D75BQTV @ 212.212.212.212) (Contest Id: RealDeal--1957769244132597914)
231209 124035.224|INFO|Thread-67947|dumpPacket|    To: TEAM93 @ site 1
231209 124035.224|INFO|Thread-67947|dumpPacket|   key: JUDGEMENT_RECORD is: edu.csus.ecs.pc2.core.model.JudgementRecord No by JUDGE2 @ site 1 judgement No_-_Run-time_Error--7363172628486726021 id JudgementRecord--8452206823124176001
231209 124035.224|INFO|Thread-67947|dumpPacket|   key: RUN is: edu.csus.ecs.pc2.core.model.Run Run 761 JUDGED 116 min 6993793ms from TEAM93 @ site 1 id Run-3241033374380959628 problem Ingredients--2504522835383961953 lang Java--8800253324652192008
231209 124035.224|INFO|Thread-67947|dumpPacket|   key: CLIENT_ID is: edu.csus.ecs.pc2.core.model.ClientId SERVER0 @ site 1
231209 124035.224|INFO|Thread-67947|info|handlePacket start Packet[RUN_JUDGEMENT] #9109 SERVER0 @ site 1 -> TEAM93 @ site 1
231209 124035.224|INFO|Thread-67947|dumpPacket|Packet RUN_JUDGEMENT (Seq #9109, o#9109 ) handlePacket
231209 124035.224|INFO|Thread-67947|dumpPacket|  From: SERVER0 @ site 1, oSERVER0 @ site 1 (DESKTOP-D75BQTV @ 212.212.212.212) (Contest Id: RealDeal--1957769244132597914)
231209 124035.224|INFO|Thread-67947|dumpPacket|    To: TEAM93 @ site 1
231209 124035.224|INFO|Thread-67947|dumpPacket|   key: JUDGEMENT_RECORD is: edu.csus.ecs.pc2.core.model.JudgementRecord No by JUDGE2 @ site 1 judgement No_-_Run-time_Error--7363172628486726021 id JudgementRecord--8452206823124176001
231209 124035.224|INFO|Thread-67947|dumpPacket|   key: RUN is: edu.csus.ecs.pc2.core.model.Run Run 761 JUDGED 116 min 6993793ms from TEAM93 @ site 1 id Run-3241033374380959628 problem Ingredients--2504522835383961953 lang Java--8800253324652192008
231209 124035.224|INFO|Thread-67947|dumpPacket|   key: CLIENT_ID is: edu.csus.ecs.pc2.core.model.ClientId SERVER0 @ site 1
231209 124035.224|INFO|Thread-67947|info| receiveObject(S) end   got Packet[RUN_JUDGEMENT] #9109 SERVER0 @ site 1 -> TEAM93 @ site 1
