231209 104345.673|CONFIG|qtp135640095-44446|setFileHandlers|Now logging to C:\Users\18328\Desktop\pc2\WebTeamInterface-1.1\logs directory.
231209 104345.673|INFO|qtp135640095-44446|info|
231209 104345.673|INFO|qtp135640095-44446|info|Version 9 () Java ver 18.0.2.1 build  Windows 11 10.0 (amd64) 
231209 104345.673|INFO|qtp135640095-44446|info|Login: team61 (aka team61)
231209 104345.676|INFO|qtp135640095-44446|startLog|Working directory is C:\Users\18328\Desktop\pc2\WebTeamInterface-1.1
231209 104345.677|INFO|qtp135640095-44446|startLog|Process id is 15028@DESKTOP-D75BQTV
231209 104345.677|INFO|qtp135640095-44446|info|Contacting server at localhost:50002 as TEAM61 @ site 0
231209 104345.678|INFO|qtp135640095-44446|info|sendLoginRequest start - sending from TEAM61 @ site 0
231209 104345.678|INFO|qtp135640095-44446|sendToLocalServer|Sending packet to server Packet[LOGIN_REQUEST] #724 TEAM61 @ site 0 -> SERVER0 @ site 0
231209 104345.678|INFO|qtp135640095-44446|sendToLocalServer|Sent    packet to server Packet[LOGIN_REQUEST] #724 TEAM61 @ site 0 -> SERVER0 @ site 0
231209 104345.678|INFO|qtp135640095-44446|info|sendLoginRequest end - packet sent.
231209 104345.678|INFO|Thread-50010|run|send(Serializable)
231209 104345.695|INFO|Thread-50009|receive|public void receive(SealedObject TransportPacket, ConnectionHandlerID connectionHandlerID)
231209 104345.695|INFO|Thread-50011|info| receiveObject(S) start got Packet[LOGIN_SUCCESS] #3879 SERVER0 @ site 1 -> TEAM61 @ site 1
231209 104345.695|INFO|Thread-50011|dumpPacket|Packet LOGIN_SUCCESS (Seq #3879, o#3879 ) recieveObject
231209 104345.695|INFO|Thread-50011|dumpPacket|  From: SERVER0 @ site 1, oSERVER0 @ site 1 (DESKTOP-D75BQTV @ 212.212.212.212) (Contest Id: RealDeal--1957769244132597914)
231209 104345.695|INFO|Thread-50011|dumpPacket|    To: TEAM61 @ site 1
231209 104345.695|INFO|Thread-50011|dumpPacket|   key: PROFILE_LIST is: [Ledu.csus.ecs.pc2.core.model.Profile; [Ledu.csus.ecs.pc2.core.model.Profile;@2f3c9ae2
231209 104345.695|INFO|Thread-50011|dumpPacket|   key: GENERAL_PROBLEM is: edu.csus.ecs.pc2.core.model.Problem General
231209 104345.695|INFO|Thread-50011|dumpPacket|   key: CLIENT_SETTINGS_LIST is: [Ledu.csus.ecs.pc2.core.model.ClientSettings; [Ledu.csus.ecs.pc2.core.model.ClientSettings;@21fb6175
231209 104345.695|INFO|Thread-50011|dumpPacket|   key: CONTEST_TIME is: edu.csus.ecs.pc2.core.model.ContestTime edu.csus.ecs.pc2.core.model.ContestTime@25c4f192
231209 104345.695|INFO|Thread-50011|dumpPacket|   key: CLARIFICATION_LIST is: [Ledu.csus.ecs.pc2.core.model.Clarification; [Ledu.csus.ecs.pc2.core.model.Clarification;@60c66b4e
231209 104345.695|INFO|Thread-50011|dumpPacket|   key: CATEGORY_LIST is: [Ledu.csus.ecs.pc2.core.model.Category; [Ledu.csus.ecs.pc2.core.model.Category;@2be6163e
231209 104345.695|INFO|Thread-50011|dumpPacket|   key: LANGUAGE_LIST is: [Ledu.csus.ecs.pc2.core.model.Language; [Ledu.csus.ecs.pc2.core.model.Language;@516c2afe
231209 104345.695|INFO|Thread-50011|dumpPacket|   key: REMOTE_LOGGED_IN_USERS is: [Ledu.csus.ecs.pc2.core.model.ClientId; [Ledu.csus.ecs.pc2.core.model.ClientId;@53a60920
231209 104345.695|INFO|Thread-50011|dumpPacket|   key: CONTEST_TIME_LIST is: [Ledu.csus.ecs.pc2.core.model.ContestTime; [Ledu.csus.ecs.pc2.core.model.ContestTime;@e99401
231209 104345.695|INFO|Thread-50011|dumpPacket|   key: CONNECTION_HANDLE_ID_LIST is: [Ledu.csus.ecs.pc2.core.transport.ConnectionHandlerID; [Ledu.csus.ecs.pc2.core.transport.ConnectionHandlerID;@1ba525c4
231209 104345.695|INFO|Thread-50011|dumpPacket|   key: PROFILE is: edu.csus.ecs.pc2.core.model.Profile RealDeal--1957769244132597914
231209 104345.695|INFO|Thread-50011|dumpPacket|   key: CLIENT_ID is: edu.csus.ecs.pc2.core.model.ClientId TEAM61 @ site 1
231209 104345.703|INFO|Thread-50011|dumpPacket|   key: SITE_NUMBER is: java.lang.Integer 1
231209 104345.703|INFO|Thread-50011|dumpPacket|   key: CONTEST_INFORMATION is: edu.csus.ecs.pc2.core.model.ContestInformation edu.csus.ecs.pc2.core.model.ContestInformation@2baec794
231209 104345.703|INFO|Thread-50011|dumpPacket|   key: SITE_LIST is: [Ledu.csus.ecs.pc2.core.model.Site; [Ledu.csus.ecs.pc2.core.model.Site;@48a224c8
231209 104345.703|INFO|Thread-50011|dumpPacket|   key: PROBLEM_DATA_FILES is: [Ledu.csus.ecs.pc2.core.model.ProblemDataFiles; [Ledu.csus.ecs.pc2.core.model.ProblemDataFiles;@4a7e841
231209 104345.703|INFO|Thread-50011|dumpPacket|   key: JUDGEMENT_LIST is: [Ledu.csus.ecs.pc2.core.model.Judgement; [Ledu.csus.ecs.pc2.core.model.Judgement;@361e7614
231209 104345.703|INFO|Thread-50011|dumpPacket|   key: PROBLEM_LIST is: [Ledu.csus.ecs.pc2.core.model.Problem; [Ledu.csus.ecs.pc2.core.model.Problem;@6bd19524
231209 104345.703|INFO|Thread-50011|dumpPacket|   key: GROUP_LIST is: [Ledu.csus.ecs.pc2.core.model.Group; [Ledu.csus.ecs.pc2.core.model.Group;@328c68f2
231209 104345.703|INFO|Thread-50011|dumpPacket|   key: LOCAL_LOGGED_IN_USERS is: [Ledu.csus.ecs.pc2.core.model.ClientId; [Ledu.csus.ecs.pc2.core.model.ClientId;@9d26b02
231209 104345.703|INFO|Thread-50011|dumpPacket|   key: SERVER_CLOCK_OFFSET is: java.util.GregorianCalendar java.util.GregorianCalendar[time=1702140225687,areFieldsSet=true,areAllFieldsSet=false,lenient=true,zone=sun.util.calendar.ZoneInfo[id="GMT",offset=0,dstSavings=0,useDaylight=false,transitions=0,lastRule=null],firstDayOfWeek=1,minimalDaysInFirstWeek=1,ERA=1,YEAR=2023,MONTH=11,WEEK_OF_YEAR=49,WEEK_OF_MONTH=2,DAY_OF_MONTH=9,DAY_OF_YEAR=343,DAY_OF_WEEK=7,DAY_OF_WEEK_IN_MONTH=2,AM_PM=1,HOUR=4,HOUR_OF_DAY=16,MINUTE=43,SECOND=45,MILLISECOND=687,ZONE_OFFSET=0,DST_OFFSET=0]
231209 104345.703|INFO|Thread-50011|dumpPacket|   key: CONTEST_IDENTIFIER is: java.lang.String RealDeal--1957769244132597914
231209 104345.703|INFO|Thread-50011|dumpPacket|   key: BALLOON_SETTINGS_LIST is: [Ledu.csus.ecs.pc2.core.model.BalloonSettings; [Ledu.csus.ecs.pc2.core.model.BalloonSettings;@4c3902fa
231209 104345.703|INFO|Thread-50011|dumpPacket|   key: RUN_LIST is: [Ledu.csus.ecs.pc2.core.model.Run; [Ledu.csus.ecs.pc2.core.model.Run;@2b26d6ec
231209 104345.703|INFO|Thread-50011|dumpPacket|   key: ACCOUNT_ARRAY is: [Ledu.csus.ecs.pc2.core.model.Account; [Ledu.csus.ecs.pc2.core.model.Account;@7abcf082
231209 104345.703|INFO|Thread-50011|info|handlePacket start Packet[LOGIN_SUCCESS] #3879 SERVER0 @ site 1 -> TEAM61 @ site 1
231209 104345.703|INFO|Thread-50011|dumpPacket|Packet LOGIN_SUCCESS (Seq #3879, o#3879 ) handlePacket
231209 104345.703|INFO|Thread-50011|dumpPacket|  From: SERVER0 @ site 1, oSERVER0 @ site 1 (DESKTOP-D75BQTV @ 212.212.212.212) (Contest Id: RealDeal--1957769244132597914)
231209 104345.703|INFO|Thread-50011|dumpPacket|    To: TEAM61 @ site 1
231209 104345.703|INFO|Thread-50011|dumpPacket|   key: PROFILE_LIST is: [Ledu.csus.ecs.pc2.core.model.Profile; [Ledu.csus.ecs.pc2.core.model.Profile;@2f3c9ae2
231209 104345.703|INFO|Thread-50011|dumpPacket|   key: GENERAL_PROBLEM is: edu.csus.ecs.pc2.core.model.Problem General
231209 104345.703|INFO|Thread-50011|dumpPacket|   key: CLIENT_SETTINGS_LIST is: [Ledu.csus.ecs.pc2.core.model.ClientSettings; [Ledu.csus.ecs.pc2.core.model.ClientSettings;@21fb6175
231209 104345.703|INFO|Thread-50011|dumpPacket|   key: CONTEST_TIME is: edu.csus.ecs.pc2.core.model.ContestTime edu.csus.ecs.pc2.core.model.ContestTime@25c4f192
231209 104345.703|INFO|Thread-50011|dumpPacket|   key: CLARIFICATION_LIST is: [Ledu.csus.ecs.pc2.core.model.Clarification; [Ledu.csus.ecs.pc2.core.model.Clarification;@60c66b4e
231209 104345.703|INFO|Thread-50011|dumpPacket|   key: CATEGORY_LIST is: [Ledu.csus.ecs.pc2.core.model.Category; [Ledu.csus.ecs.pc2.core.model.Category;@2be6163e
231209 104345.703|INFO|Thread-50011|dumpPacket|   key: LANGUAGE_LIST is: [Ledu.csus.ecs.pc2.core.model.Language; [Ledu.csus.ecs.pc2.core.model.Language;@516c2afe
231209 104345.703|INFO|Thread-50011|dumpPacket|   key: REMOTE_LOGGED_IN_USERS is: [Ledu.csus.ecs.pc2.core.model.ClientId; [Ledu.csus.ecs.pc2.core.model.ClientId;@53a60920
231209 104345.703|INFO|Thread-50011|dumpPacket|   key: CONTEST_TIME_LIST is: [Ledu.csus.ecs.pc2.core.model.ContestTime; [Ledu.csus.ecs.pc2.core.model.ContestTime;@e99401
231209 104345.703|INFO|Thread-50011|dumpPacket|   key: CONNECTION_HANDLE_ID_LIST is: [Ledu.csus.ecs.pc2.core.transport.ConnectionHandlerID; [Ledu.csus.ecs.pc2.core.transport.ConnectionHandlerID;@1ba525c4
231209 104345.703|INFO|Thread-50011|dumpPacket|   key: PROFILE is: edu.csus.ecs.pc2.core.model.Profile RealDeal--1957769244132597914
231209 104345.703|INFO|Thread-50011|dumpPacket|   key: CLIENT_ID is: edu.csus.ecs.pc2.core.model.ClientId TEAM61 @ site 1
231209 104345.703|INFO|Thread-50011|dumpPacket|   key: SITE_NUMBER is: java.lang.Integer 1
231209 104345.703|INFO|Thread-50011|dumpPacket|   key: CONTEST_INFORMATION is: edu.csus.ecs.pc2.core.model.ContestInformation edu.csus.ecs.pc2.core.model.ContestInformation@2baec794
231209 104345.703|INFO|Thread-50011|dumpPacket|   key: SITE_LIST is: [Ledu.csus.ecs.pc2.core.model.Site; [Ledu.csus.ecs.pc2.core.model.Site;@48a224c8
231209 104345.703|INFO|Thread-50011|dumpPacket|   key: PROBLEM_DATA_FILES is: [Ledu.csus.ecs.pc2.core.model.ProblemDataFiles; [Ledu.csus.ecs.pc2.core.model.ProblemDataFiles;@4a7e841
231209 104345.703|INFO|Thread-50011|dumpPacket|   key: JUDGEMENT_LIST is: [Ledu.csus.ecs.pc2.core.model.Judgement; [Ledu.csus.ecs.pc2.core.model.Judgement;@361e7614
231209 104345.703|INFO|Thread-50011|dumpPacket|   key: PROBLEM_LIST is: [Ledu.csus.ecs.pc2.core.model.Problem; [Ledu.csus.ecs.pc2.core.model.Problem;@6bd19524
231209 104345.703|INFO|Thread-50011|dumpPacket|   key: GROUP_LIST is: [Ledu.csus.ecs.pc2.core.model.Group; [Ledu.csus.ecs.pc2.core.model.Group;@328c68f2
231209 104345.703|INFO|Thread-50011|dumpPacket|   key: LOCAL_LOGGED_IN_USERS is: [Ledu.csus.ecs.pc2.core.model.ClientId; [Ledu.csus.ecs.pc2.core.model.ClientId;@9d26b02
231209 104345.703|INFO|Thread-50011|dumpPacket|   key: SERVER_CLOCK_OFFSET is: java.util.GregorianCalendar java.util.GregorianCalendar[time=1702140225687,areFieldsSet=true,areAllFieldsSet=false,lenient=true,zone=sun.util.calendar.ZoneInfo[id="GMT",offset=0,dstSavings=0,useDaylight=false,transitions=0,lastRule=null],firstDayOfWeek=1,minimalDaysInFirstWeek=1,ERA=1,YEAR=2023,MONTH=11,WEEK_OF_YEAR=49,WEEK_OF_MONTH=2,DAY_OF_MONTH=9,DAY_OF_YEAR=343,DAY_OF_WEEK=7,DAY_OF_WEEK_IN_MONTH=2,AM_PM=1,HOUR=4,HOUR_OF_DAY=16,MINUTE=43,SECOND=45,MILLISECOND=687,ZONE_OFFSET=0,DST_OFFSET=0]
231209 104345.703|INFO|Thread-50011|dumpPacket|   key: CONTEST_IDENTIFIER is: java.lang.String RealDeal--1957769244132597914
231209 104345.703|INFO|Thread-50011|dumpPacket|   key: BALLOON_SETTINGS_LIST is: [Ledu.csus.ecs.pc2.core.model.BalloonSettings; [Ledu.csus.ecs.pc2.core.model.BalloonSettings;@4c3902fa
231209 104345.703|INFO|Thread-50011|dumpPacket|   key: RUN_LIST is: [Ledu.csus.ecs.pc2.core.model.Run; [Ledu.csus.ecs.pc2.core.model.Run;@2b26d6ec
231209 104345.703|INFO|Thread-50011|dumpPacket|   key: ACCOUNT_ARRAY is: [Ledu.csus.ecs.pc2.core.model.Account; [Ledu.csus.ecs.pc2.core.model.Account;@7abcf082
231209 104859.980|INFO|Thread-50009|receive|public void receive(SealedObject TransportPacket, ConnectionHandlerID connectionHandlerID)
231209 104938.138|INFO|Thread-50009|receive|public void receive(SealedObject TransportPacket, ConnectionHandlerID connectionHandlerID)
231209 105758.450|INFO|Thread-50009|receive|public void receive(SealedObject TransportPacket, ConnectionHandlerID connectionHandlerID)
231209 110012.868|INFO|Thread-50009|receive|public void receive(SealedObject TransportPacket, ConnectionHandlerID connectionHandlerID)
231209 110139.120|INFO|Thread-50009|receive|public void receive(SealedObject TransportPacket, ConnectionHandlerID connectionHandlerID)
231209 110446.678|INFO|Thread-50009|receive|public void receive(SealedObject TransportPacket, ConnectionHandlerID connectionHandlerID)
231209 110645.342|INFO|Thread-50009|receive|public void receive(SealedObject TransportPacket, ConnectionHandlerID connectionHandlerID)
231209 111315.640|INFO|Thread-50009|receive|public void receive(SealedObject TransportPacket, ConnectionHandlerID connectionHandlerID)
231209 111459.693|INFO|Thread-50009|receive|public void receive(SealedObject TransportPacket, ConnectionHandlerID connectionHandlerID)
231209 113615.278|INFO|Thread-66220|run|send(Serializable)
231209 113615.415|INFO|Thread-50009|receive|public void receive(SealedObject TransportPacket, ConnectionHandlerID connectionHandlerID)
231209 113622.321|INFO|Thread-50009|receive|public void receive(SealedObject TransportPacket, ConnectionHandlerID connectionHandlerID)
231209 114320.843|INFO|Thread-66360|run|send(Serializable)
231209 114320.996|INFO|Thread-50009|receive|public void receive(SealedObject TransportPacket, ConnectionHandlerID connectionHandlerID)
231209 114340.198|INFO|Thread-50009|receive|public void receive(SealedObject TransportPacket, ConnectionHandlerID connectionHandlerID)
231209 115138.724|INFO|Thread-66577|run|send(Serializable)
231209 115138.862|INFO|Thread-50009|receive|public void receive(SealedObject TransportPacket, ConnectionHandlerID connectionHandlerID)
231209 115210.989|INFO|Thread-50009|receive|public void receive(SealedObject TransportPacket, ConnectionHandlerID connectionHandlerID)
231209 115431.465|INFO|Thread-50009|receive|public void receive(SealedObject TransportPacket, ConnectionHandlerID connectionHandlerID)
231209 115836.825|INFO|Thread-66841|run|send(Serializable)
231209 115837.010|INFO|Thread-50009|receive|public void receive(SealedObject TransportPacket, ConnectionHandlerID connectionHandlerID)
231209 115855.976|INFO|Thread-50009|receive|public void receive(SealedObject TransportPacket, ConnectionHandlerID connectionHandlerID)
231209 120501.514|INFO|Thread-67001|run|send(Serializable)
231209 120501.721|INFO|Thread-50009|receive|public void receive(SealedObject TransportPacket, ConnectionHandlerID connectionHandlerID)
231209 120521.507|INFO|Thread-50009|receive|public void receive(SealedObject TransportPacket, ConnectionHandlerID connectionHandlerID)
231209 120547.833|INFO|Thread-67029|run|send(Serializable)
231209 120547.859|INFO|Thread-50009|receive|public void receive(SealedObject TransportPacket, ConnectionHandlerID connectionHandlerID)
231209 121122.369|INFO|Thread-50009|receive|public void receive(SealedObject TransportPacket, ConnectionHandlerID connectionHandlerID)
231209 121224.006|INFO|Thread-67184|run|send(Serializable)
231209 121224.280|INFO|Thread-50009|receive|public void receive(SealedObject TransportPacket, ConnectionHandlerID connectionHandlerID)
231209 121229.575|INFO|Thread-50009|receive|public void receive(SealedObject TransportPacket, ConnectionHandlerID connectionHandlerID)
231209 121538.756|INFO|Thread-67273|run|send(Serializable)
231209 121538.791|INFO|Thread-50009|receive|public void receive(SealedObject TransportPacket, ConnectionHandlerID connectionHandlerID)
231209 121602.263|INFO|Thread-50009|receive|public void receive(SealedObject TransportPacket, ConnectionHandlerID connectionHandlerID)
231209 121956.523|INFO|Thread-67381|run|send(Serializable)
231209 121956.813|INFO|Thread-50009|receive|public void receive(SealedObject TransportPacket, ConnectionHandlerID connectionHandlerID)
231209 122015.696|INFO|Thread-50009|receive|public void receive(SealedObject TransportPacket, ConnectionHandlerID connectionHandlerID)
231209 123645.471|INFO|Thread-67805|run|send(Serializable)
231209 123645.771|INFO|Thread-50009|receive|public void receive(SealedObject TransportPacket, ConnectionHandlerID connectionHandlerID)
231209 123650.669|INFO|Thread-50009|receive|public void receive(SealedObject TransportPacket, ConnectionHandlerID connectionHandlerID)
231209 124252.183|INFO|Thread-68062|run|send(Serializable)
231209 124252.578|INFO|Thread-50009|receive|public void receive(SealedObject TransportPacket, ConnectionHandlerID connectionHandlerID)
231209 124317.178|INFO|Thread-50009|receive|public void receive(SealedObject TransportPacket, ConnectionHandlerID connectionHandlerID)
231209 125144.161|INFO|Thread-50009|connectionDropped|connectionDropped(ConnectionHandlerID myConnectionID) 
