221210 125140.386|CONFIG|qtp1613095350-227413|setFileHandlers|Now logging to C:\Users\18328\Desktop\pc2\WebTeamInterface-1.1\logs directory.
221210 125140.386|INFO|qtp1613095350-227413|info|
221210 125140.386|INFO|qtp1613095350-227413|info|Version 9 () Java ver 18.0.2.1 build  Windows 11 10.0 (amd64) 
221210 125140.387|INFO|qtp1613095350-227413|info|Login: team52 (aka team52)
221210 125140.387|INFO|qtp1613095350-227413|startLog|Working directory is C:\Users\18328\Desktop\pc2\WebTeamInterface-1.1
221210 125140.387|INFO|qtp1613095350-227413|startLog|Process id is 22344@DESKTOP-D75BQTV
221210 125140.387|INFO|qtp1613095350-227413|info|Contacting server at 212.212.212.212:50002 as TEAM52 @ site 0
221210 125140.387|INFO|qtp1613095350-227413|info|sendLoginRequest start - sending from TEAM52 @ site 0
221210 125140.387|INFO|qtp1613095350-227413|sendToLocalServer|Sending packet to server Packet[LOGIN_REQUEST] #988 TEAM52 @ site 0 -> SERVER0 @ site 0
221210 125140.387|INFO|qtp1613095350-227413|sendToLocalServer|Sent    packet to server Packet[LOGIN_REQUEST] #988 TEAM52 @ site 0 -> SERVER0 @ site 0
221210 125140.387|INFO|qtp1613095350-227413|info|sendLoginRequest end - packet sent.
221210 125140.387|INFO|Thread-250389|run|send(Serializable)
221210 125140.392|INFO|Thread-250388|receive|public void receive(SealedObject TransportPacket, ConnectionHandlerID connectionHandlerID)
221210 125140.394|INFO|Thread-250390|info| receiveObject(S) start got Packet[LOGIN_SUCCESS] #7688 SERVER0 @ site 1 -> TEAM52 @ site 1
221210 125140.394|INFO|Thread-250390|dumpPacket|Packet LOGIN_SUCCESS (Seq #7688, o#7688 ) recieveObject
221210 125140.394|INFO|Thread-250390|dumpPacket|  From: SERVER0 @ site 1, oSERVER0 @ site 1 (DESKTOP-D75BQTV @ 212.212.212.212) (Contest Id: Contest-4511288556462302159)
221210 125140.394|INFO|Thread-250390|dumpPacket|    To: TEAM52 @ site 1
221210 125140.394|INFO|Thread-250390|dumpPacket|   key: PROFILE_LIST is: [Ledu.csus.ecs.pc2.core.model.Profile; [Ledu.csus.ecs.pc2.core.model.Profile;@3ee515ea
221210 125140.394|INFO|Thread-250390|dumpPacket|   key: GENERAL_PROBLEM is: edu.csus.ecs.pc2.core.model.Problem General
221210 125140.394|INFO|Thread-250390|dumpPacket|   key: CLIENT_SETTINGS_LIST is: [Ledu.csus.ecs.pc2.core.model.ClientSettings; [Ledu.csus.ecs.pc2.core.model.ClientSettings;@3022fc46
221210 125140.394|INFO|Thread-250390|dumpPacket|   key: CONTEST_TIME is: edu.csus.ecs.pc2.core.model.ContestTime edu.csus.ecs.pc2.core.model.ContestTime@341d7e9a
221210 125140.394|INFO|Thread-250390|dumpPacket|   key: CLARIFICATION_LIST is: [Ledu.csus.ecs.pc2.core.model.Clarification; [Ledu.csus.ecs.pc2.core.model.Clarification;@711ff67d
221210 125140.394|INFO|Thread-250390|dumpPacket|   key: CATEGORY_LIST is: [Ledu.csus.ecs.pc2.core.model.Category; [Ledu.csus.ecs.pc2.core.model.Category;@67c3f7f1
221210 125140.394|INFO|Thread-250390|dumpPacket|   key: LANGUAGE_LIST is: [Ledu.csus.ecs.pc2.core.model.Language; [Ledu.csus.ecs.pc2.core.model.Language;@4024e783
221210 125140.394|INFO|Thread-250390|dumpPacket|   key: REMOTE_LOGGED_IN_USERS is: [Ledu.csus.ecs.pc2.core.model.ClientId; [Ledu.csus.ecs.pc2.core.model.ClientId;@1f12b8b3
221210 125140.394|INFO|Thread-250390|dumpPacket|   key: CONTEST_TIME_LIST is: [Ledu.csus.ecs.pc2.core.model.ContestTime; [Ledu.csus.ecs.pc2.core.model.ContestTime;@11300932
221210 125140.394|INFO|Thread-250390|dumpPacket|   key: CONNECTION_HANDLE_ID_LIST is: [Ledu.csus.ecs.pc2.core.transport.ConnectionHandlerID; [Ledu.csus.ecs.pc2.core.transport.ConnectionHandlerID;@69b4189a
221210 125140.394|INFO|Thread-250390|dumpPacket|   key: PROFILE is: edu.csus.ecs.pc2.core.model.Profile Contest-4511288556462302159
221210 125140.394|INFO|Thread-250390|dumpPacket|   key: CLIENT_ID is: edu.csus.ecs.pc2.core.model.ClientId TEAM52 @ site 1
221210 125140.394|INFO|Thread-250390|dumpPacket|   key: SITE_NUMBER is: java.lang.Integer 1
221210 125140.394|INFO|Thread-250390|dumpPacket|   key: CONTEST_INFORMATION is: edu.csus.ecs.pc2.core.model.ContestInformation edu.csus.ecs.pc2.core.model.ContestInformation@e4bf2d0
221210 125140.394|INFO|Thread-250390|dumpPacket|   key: SITE_LIST is: [Ledu.csus.ecs.pc2.core.model.Site; [Ledu.csus.ecs.pc2.core.model.Site;@416148a
221210 125140.394|INFO|Thread-250390|dumpPacket|   key: PROBLEM_DATA_FILES is: [Ledu.csus.ecs.pc2.core.model.ProblemDataFiles; [Ledu.csus.ecs.pc2.core.model.ProblemDataFiles;@157ef4a3
221210 125140.394|INFO|Thread-250390|dumpPacket|   key: JUDGEMENT_LIST is: [Ledu.csus.ecs.pc2.core.model.Judgement; [Ledu.csus.ecs.pc2.core.model.Judgement;@5cc74e5e
221210 125140.394|INFO|Thread-250390|dumpPacket|   key: PROBLEM_LIST is: [Ledu.csus.ecs.pc2.core.model.Problem; [Ledu.csus.ecs.pc2.core.model.Problem;@dcbfa64
221210 125140.394|INFO|Thread-250390|dumpPacket|   key: GROUP_LIST is: [Ledu.csus.ecs.pc2.core.model.Group; [Ledu.csus.ecs.pc2.core.model.Group;@39cd0d13
221210 125140.394|INFO|Thread-250390|dumpPacket|   key: LOCAL_LOGGED_IN_USERS is: [Ledu.csus.ecs.pc2.core.model.ClientId; [Ledu.csus.ecs.pc2.core.model.ClientId;@5bf42d65
221210 125140.394|INFO|Thread-250390|dumpPacket|   key: SERVER_CLOCK_OFFSET is: java.util.GregorianCalendar java.util.GregorianCalendar[time=1670698300389,areFieldsSet=true,areAllFieldsSet=false,lenient=true,zone=sun.util.calendar.ZoneInfo[id="GMT",offset=0,dstSavings=0,useDaylight=false,transitions=0,lastRule=null],firstDayOfWeek=1,minimalDaysInFirstWeek=1,ERA=1,YEAR=2022,MONTH=11,WEEK_OF_YEAR=50,WEEK_OF_MONTH=2,DAY_OF_MONTH=10,DAY_OF_YEAR=344,DAY_OF_WEEK=7,DAY_OF_WEEK_IN_MONTH=2,AM_PM=1,HOUR=6,HOUR_OF_DAY=18,MINUTE=51,SECOND=40,MILLISECOND=389,ZONE_OFFSET=0,DST_OFFSET=0]
221210 125140.394|INFO|Thread-250390|dumpPacket|   key: CONTEST_IDENTIFIER is: java.lang.String Contest-4511288556462302159
221210 125140.394|INFO|Thread-250390|dumpPacket|   key: BALLOON_SETTINGS_LIST is: [Ledu.csus.ecs.pc2.core.model.BalloonSettings; [Ledu.csus.ecs.pc2.core.model.BalloonSettings;@3da72dfb
221210 125140.394|INFO|Thread-250390|dumpPacket|   key: RUN_LIST is: [Ledu.csus.ecs.pc2.core.model.Run; [Ledu.csus.ecs.pc2.core.model.Run;@6fedf8f1
221210 125140.394|INFO|Thread-250390|dumpPacket|   key: ACCOUNT_ARRAY is: [Ledu.csus.ecs.pc2.core.model.Account; [Ledu.csus.ecs.pc2.core.model.Account;@3e99d58a
221210 125140.394|INFO|Thread-250390|info|handlePacket start Packet[LOGIN_SUCCESS] #7688 SERVER0 @ site 1 -> TEAM52 @ site 1
221210 125140.394|INFO|Thread-250390|dumpPacket|Packet LOGIN_SUCCESS (Seq #7688, o#7688 ) handlePacket
221210 125140.394|INFO|Thread-250390|dumpPacket|  From: SERVER0 @ site 1, oSERVER0 @ site 1 (DESKTOP-D75BQTV @ 212.212.212.212) (Contest Id: Contest-4511288556462302159)
221210 125140.394|INFO|Thread-250390|dumpPacket|    To: TEAM52 @ site 1
221210 125140.394|INFO|Thread-250390|dumpPacket|   key: PROFILE_LIST is: [Ledu.csus.ecs.pc2.core.model.Profile; [Ledu.csus.ecs.pc2.core.model.Profile;@3ee515ea
221210 125140.394|INFO|Thread-250390|dumpPacket|   key: GENERAL_PROBLEM is: edu.csus.ecs.pc2.core.model.Problem General
221210 125140.394|INFO|Thread-250390|dumpPacket|   key: CLIENT_SETTINGS_LIST is: [Ledu.csus.ecs.pc2.core.model.ClientSettings; [Ledu.csus.ecs.pc2.core.model.ClientSettings;@3022fc46
221210 125140.394|INFO|Thread-250390|dumpPacket|   key: CONTEST_TIME is: edu.csus.ecs.pc2.core.model.ContestTime edu.csus.ecs.pc2.core.model.ContestTime@341d7e9a
221210 125140.394|INFO|Thread-250390|dumpPacket|   key: CLARIFICATION_LIST is: [Ledu.csus.ecs.pc2.core.model.Clarification; [Ledu.csus.ecs.pc2.core.model.Clarification;@711ff67d
221210 125140.394|INFO|Thread-250390|dumpPacket|   key: CATEGORY_LIST is: [Ledu.csus.ecs.pc2.core.model.Category; [Ledu.csus.ecs.pc2.core.model.Category;@67c3f7f1
221210 125140.394|INFO|Thread-250390|dumpPacket|   key: LANGUAGE_LIST is: [Ledu.csus.ecs.pc2.core.model.Language; [Ledu.csus.ecs.pc2.core.model.Language;@4024e783
221210 125140.394|INFO|Thread-250390|dumpPacket|   key: REMOTE_LOGGED_IN_USERS is: [Ledu.csus.ecs.pc2.core.model.ClientId; [Ledu.csus.ecs.pc2.core.model.ClientId;@1f12b8b3
221210 125140.394|INFO|Thread-250390|dumpPacket|   key: CONTEST_TIME_LIST is: [Ledu.csus.ecs.pc2.core.model.ContestTime; [Ledu.csus.ecs.pc2.core.model.ContestTime;@11300932
221210 125140.394|INFO|Thread-250390|dumpPacket|   key: CONNECTION_HANDLE_ID_LIST is: [Ledu.csus.ecs.pc2.core.transport.ConnectionHandlerID; [Ledu.csus.ecs.pc2.core.transport.ConnectionHandlerID;@69b4189a
221210 125140.394|INFO|Thread-250390|dumpPacket|   key: PROFILE is: edu.csus.ecs.pc2.core.model.Profile Contest-4511288556462302159
221210 125140.394|INFO|Thread-250390|dumpPacket|   key: CLIENT_ID is: edu.csus.ecs.pc2.core.model.ClientId TEAM52 @ site 1
221210 125140.394|INFO|Thread-250390|dumpPacket|   key: SITE_NUMBER is: java.lang.Integer 1
221210 125140.394|INFO|Thread-250390|dumpPacket|   key: CONTEST_INFORMATION is: edu.csus.ecs.pc2.core.model.ContestInformation edu.csus.ecs.pc2.core.model.ContestInformation@e4bf2d0
221210 125140.394|INFO|Thread-250390|dumpPacket|   key: SITE_LIST is: [Ledu.csus.ecs.pc2.core.model.Site; [Ledu.csus.ecs.pc2.core.model.Site;@416148a
221210 125140.394|INFO|Thread-250390|dumpPacket|   key: PROBLEM_DATA_FILES is: [Ledu.csus.ecs.pc2.core.model.ProblemDataFiles; [Ledu.csus.ecs.pc2.core.model.ProblemDataFiles;@157ef4a3
221210 125140.394|INFO|Thread-250390|dumpPacket|   key: JUDGEMENT_LIST is: [Ledu.csus.ecs.pc2.core.model.Judgement; [Ledu.csus.ecs.pc2.core.model.Judgement;@5cc74e5e
221210 125140.395|INFO|Thread-250390|dumpPacket|   key: PROBLEM_LIST is: [Ledu.csus.ecs.pc2.core.model.Problem; [Ledu.csus.ecs.pc2.core.model.Problem;@dcbfa64
221210 125140.395|INFO|Thread-250390|dumpPacket|   key: GROUP_LIST is: [Ledu.csus.ecs.pc2.core.model.Group; [Ledu.csus.ecs.pc2.core.model.Group;@39cd0d13
221210 125140.395|INFO|Thread-250390|dumpPacket|   key: LOCAL_LOGGED_IN_USERS is: [Ledu.csus.ecs.pc2.core.model.ClientId; [Ledu.csus.ecs.pc2.core.model.ClientId;@5bf42d65
221210 125140.395|INFO|Thread-250390|dumpPacket|   key: SERVER_CLOCK_OFFSET is: java.util.GregorianCalendar java.util.GregorianCalendar[time=1670698300389,areFieldsSet=true,areAllFieldsSet=false,lenient=true,zone=sun.util.calendar.ZoneInfo[id="GMT",offset=0,dstSavings=0,useDaylight=false,transitions=0,lastRule=null],firstDayOfWeek=1,minimalDaysInFirstWeek=1,ERA=1,YEAR=2022,MONTH=11,WEEK_OF_YEAR=50,WEEK_OF_MONTH=2,DAY_OF_MONTH=10,DAY_OF_YEAR=344,DAY_OF_WEEK=7,DAY_OF_WEEK_IN_MONTH=2,AM_PM=1,HOUR=6,HOUR_OF_DAY=18,MINUTE=51,SECOND=40,MILLISECOND=389,ZONE_OFFSET=0,DST_OFFSET=0]
221210 125140.395|INFO|Thread-250390|dumpPacket|   key: CONTEST_IDENTIFIER is: java.lang.String Contest-4511288556462302159
221210 125140.395|INFO|Thread-250390|dumpPacket|   key: BALLOON_SETTINGS_LIST is: [Ledu.csus.ecs.pc2.core.model.BalloonSettings; [Ledu.csus.ecs.pc2.core.model.BalloonSettings;@3da72dfb
221210 125140.395|INFO|Thread-250390|dumpPacket|   key: RUN_LIST is: [Ledu.csus.ecs.pc2.core.model.Run; [Ledu.csus.ecs.pc2.core.model.Run;@6fedf8f1
221210 125140.395|INFO|Thread-250390|dumpPacket|   key: ACCOUNT_ARRAY is: [Ledu.csus.ecs.pc2.core.model.Account; [Ledu.csus.ecs.pc2.core.model.Account;@3e99d58a
221210 150258.320|INFO|Thread-250388|connectionDropped|connectionDropped(ConnectionHandlerID myConnectionID) 
231209 102159.864|CONFIG|qtp135640095-32379|setFileHandlers|Now logging to C:\Users\18328\Desktop\pc2\WebTeamInterface-1.1\logs directory.
231209 102159.864|INFO|qtp135640095-32379|info|
231209 102159.864|INFO|qtp135640095-32379|info|Version 9 () Java ver 18.0.2.1 build  Windows 11 10.0 (amd64) 
231209 102159.867|INFO|qtp135640095-32379|info|Login: team52 (aka team52)
231209 102159.867|INFO|qtp135640095-32379|startLog|Working directory is C:\Users\18328\Desktop\pc2\WebTeamInterface-1.1
231209 102159.867|INFO|qtp135640095-32379|startLog|Process id is 15028@DESKTOP-D75BQTV
231209 102159.867|INFO|qtp135640095-32379|info|Contacting server at localhost:50002 as TEAM52 @ site 0
231209 102159.867|INFO|qtp135640095-32379|info|sendLoginRequest start - sending from TEAM52 @ site 0
231209 102159.867|INFO|qtp135640095-32379|sendToLocalServer|Sending packet to server Packet[LOGIN_REQUEST] #501 TEAM52 @ site 0 -> SERVER0 @ site 0
231209 102159.867|INFO|qtp135640095-32379|sendToLocalServer|Sent    packet to server Packet[LOGIN_REQUEST] #501 TEAM52 @ site 0 -> SERVER0 @ site 0
231209 102159.867|INFO|qtp135640095-32379|info|sendLoginRequest end - packet sent.
231209 102159.867|INFO|Thread-45494|run|send(Serializable)
231209 102159.884|INFO|Thread-45493|receive|public void receive(SealedObject TransportPacket, ConnectionHandlerID connectionHandlerID)
231209 102159.884|INFO|Thread-45495|info| receiveObject(S) start got Packet[LOGIN_SUCCESS] #2778 SERVER0 @ site 1 -> TEAM52 @ site 1
231209 102159.884|INFO|Thread-45495|dumpPacket|Packet LOGIN_SUCCESS (Seq #2778, o#2778 ) recieveObject
231209 102159.884|INFO|Thread-45495|dumpPacket|  From: SERVER0 @ site 1, oSERVER0 @ site 1 (DESKTOP-D75BQTV @ 212.212.212.212) (Contest Id: DryRun--6069080675419338087)
231209 102159.884|INFO|Thread-45495|dumpPacket|    To: TEAM52 @ site 1
231209 102159.884|INFO|Thread-45495|dumpPacket|   key: PROFILE_LIST is: [Ledu.csus.ecs.pc2.core.model.Profile; [Ledu.csus.ecs.pc2.core.model.Profile;@6e6df8ae
231209 102159.884|INFO|Thread-45495|dumpPacket|   key: GENERAL_PROBLEM is: edu.csus.ecs.pc2.core.model.Problem General
231209 102159.884|INFO|Thread-45495|dumpPacket|   key: CLIENT_SETTINGS_LIST is: [Ledu.csus.ecs.pc2.core.model.ClientSettings; [Ledu.csus.ecs.pc2.core.model.ClientSettings;@60aa0b13
231209 102159.884|INFO|Thread-45495|dumpPacket|   key: CONTEST_TIME is: edu.csus.ecs.pc2.core.model.ContestTime edu.csus.ecs.pc2.core.model.ContestTime@649593de
231209 102159.884|INFO|Thread-45495|dumpPacket|   key: CLARIFICATION_LIST is: [Ledu.csus.ecs.pc2.core.model.Clarification; [Ledu.csus.ecs.pc2.core.model.Clarification;@21970128
231209 102159.884|INFO|Thread-45495|dumpPacket|   key: CATEGORY_LIST is: [Ledu.csus.ecs.pc2.core.model.Category; [Ledu.csus.ecs.pc2.core.model.Category;@203e353c
231209 102159.884|INFO|Thread-45495|dumpPacket|   key: LANGUAGE_LIST is: [Ledu.csus.ecs.pc2.core.model.Language; [Ledu.csus.ecs.pc2.core.model.Language;@107c40bb
231209 102159.884|INFO|Thread-45495|dumpPacket|   key: REMOTE_LOGGED_IN_USERS is: [Ledu.csus.ecs.pc2.core.model.ClientId; [Ledu.csus.ecs.pc2.core.model.ClientId;@583f2a09
231209 102159.884|INFO|Thread-45495|dumpPacket|   key: CONTEST_TIME_LIST is: [Ledu.csus.ecs.pc2.core.model.ContestTime; [Ledu.csus.ecs.pc2.core.model.ContestTime;@41b8fe67
231209 102159.884|INFO|Thread-45495|dumpPacket|   key: CONNECTION_HANDLE_ID_LIST is: [Ledu.csus.ecs.pc2.core.transport.ConnectionHandlerID; [Ledu.csus.ecs.pc2.core.transport.ConnectionHandlerID;@107eb4b9
231209 102159.884|INFO|Thread-45495|dumpPacket|   key: PROFILE is: edu.csus.ecs.pc2.core.model.Profile DryRun--6069080675419338087
231209 102159.884|INFO|Thread-45495|dumpPacket|   key: CLIENT_ID is: edu.csus.ecs.pc2.core.model.ClientId TEAM52 @ site 1
231209 102159.884|INFO|Thread-45495|dumpPacket|   key: SITE_NUMBER is: java.lang.Integer 1
231209 102159.884|INFO|Thread-45495|dumpPacket|   key: CONTEST_INFORMATION is: edu.csus.ecs.pc2.core.model.ContestInformation edu.csus.ecs.pc2.core.model.ContestInformation@62f55795
231209 102159.884|INFO|Thread-45495|dumpPacket|   key: SITE_LIST is: [Ledu.csus.ecs.pc2.core.model.Site; [Ledu.csus.ecs.pc2.core.model.Site;@433b46a0
231209 102159.884|INFO|Thread-45495|dumpPacket|   key: PROBLEM_DATA_FILES is: [Ledu.csus.ecs.pc2.core.model.ProblemDataFiles; [Ledu.csus.ecs.pc2.core.model.ProblemDataFiles;@45f6c366
231209 102159.884|INFO|Thread-45495|dumpPacket|   key: JUDGEMENT_LIST is: [Ledu.csus.ecs.pc2.core.model.Judgement; [Ledu.csus.ecs.pc2.core.model.Judgement;@20c87c1d
231209 102159.884|INFO|Thread-45495|dumpPacket|   key: PROBLEM_LIST is: [Ledu.csus.ecs.pc2.core.model.Problem; [Ledu.csus.ecs.pc2.core.model.Problem;@68c9ce6e
231209 102159.884|INFO|Thread-45495|dumpPacket|   key: GROUP_LIST is: [Ledu.csus.ecs.pc2.core.model.Group; [Ledu.csus.ecs.pc2.core.model.Group;@715e8b91
231209 102159.884|INFO|Thread-45495|dumpPacket|   key: LOCAL_LOGGED_IN_USERS is: [Ledu.csus.ecs.pc2.core.model.ClientId; [Ledu.csus.ecs.pc2.core.model.ClientId;@2c08b2f
231209 102159.884|INFO|Thread-45495|dumpPacket|   key: SERVER_CLOCK_OFFSET is: java.util.GregorianCalendar java.util.GregorianCalendar[time=1702138919877,areFieldsSet=true,areAllFieldsSet=false,lenient=true,zone=sun.util.calendar.ZoneInfo[id="GMT",offset=0,dstSavings=0,useDaylight=false,transitions=0,lastRule=null],firstDayOfWeek=1,minimalDaysInFirstWeek=1,ERA=1,YEAR=2023,MONTH=11,WEEK_OF_YEAR=49,WEEK_OF_MONTH=2,DAY_OF_MONTH=9,DAY_OF_YEAR=343,DAY_OF_WEEK=7,DAY_OF_WEEK_IN_MONTH=2,AM_PM=1,HOUR=4,HOUR_OF_DAY=16,MINUTE=21,SECOND=59,MILLISECOND=877,ZONE_OFFSET=0,DST_OFFSET=0]
231209 102159.884|INFO|Thread-45495|dumpPacket|   key: CONTEST_IDENTIFIER is: java.lang.String DryRun--6069080675419338087
231209 102159.884|INFO|Thread-45495|dumpPacket|   key: BALLOON_SETTINGS_LIST is: [Ledu.csus.ecs.pc2.core.model.BalloonSettings; [Ledu.csus.ecs.pc2.core.model.BalloonSettings;@618b27fe
231209 102159.884|INFO|Thread-45495|dumpPacket|   key: RUN_LIST is: [Ledu.csus.ecs.pc2.core.model.Run; [Ledu.csus.ecs.pc2.core.model.Run;@47173f1f
231209 102159.884|INFO|Thread-45495|dumpPacket|   key: ACCOUNT_ARRAY is: [Ledu.csus.ecs.pc2.core.model.Account; [Ledu.csus.ecs.pc2.core.model.Account;@4210266f
231209 102159.884|INFO|Thread-45495|info|handlePacket start Packet[LOGIN_SUCCESS] #2778 SERVER0 @ site 1 -> TEAM52 @ site 1
231209 102159.890|INFO|Thread-45495|dumpPacket|Packet LOGIN_SUCCESS (Seq #2778, o#2778 ) handlePacket
231209 102159.890|INFO|Thread-45495|dumpPacket|  From: SERVER0 @ site 1, oSERVER0 @ site 1 (DESKTOP-D75BQTV @ 212.212.212.212) (Contest Id: DryRun--6069080675419338087)
231209 102159.890|INFO|Thread-45495|dumpPacket|    To: TEAM52 @ site 1
231209 102159.890|INFO|Thread-45495|dumpPacket|   key: PROFILE_LIST is: [Ledu.csus.ecs.pc2.core.model.Profile; [Ledu.csus.ecs.pc2.core.model.Profile;@6e6df8ae
231209 102159.890|INFO|Thread-45495|dumpPacket|   key: GENERAL_PROBLEM is: edu.csus.ecs.pc2.core.model.Problem General
231209 102159.890|INFO|Thread-45495|dumpPacket|   key: CLIENT_SETTINGS_LIST is: [Ledu.csus.ecs.pc2.core.model.ClientSettings; [Ledu.csus.ecs.pc2.core.model.ClientSettings;@60aa0b13
231209 102159.890|INFO|Thread-45495|dumpPacket|   key: CONTEST_TIME is: edu.csus.ecs.pc2.core.model.ContestTime edu.csus.ecs.pc2.core.model.ContestTime@649593de
231209 102159.890|INFO|Thread-45495|dumpPacket|   key: CLARIFICATION_LIST is: [Ledu.csus.ecs.pc2.core.model.Clarification; [Ledu.csus.ecs.pc2.core.model.Clarification;@21970128
231209 102159.890|INFO|Thread-45495|dumpPacket|   key: CATEGORY_LIST is: [Ledu.csus.ecs.pc2.core.model.Category; [Ledu.csus.ecs.pc2.core.model.Category;@203e353c
231209 102159.890|INFO|Thread-45495|dumpPacket|   key: LANGUAGE_LIST is: [Ledu.csus.ecs.pc2.core.model.Language; [Ledu.csus.ecs.pc2.core.model.Language;@107c40bb
231209 102159.890|INFO|Thread-45495|dumpPacket|   key: REMOTE_LOGGED_IN_USERS is: [Ledu.csus.ecs.pc2.core.model.ClientId; [Ledu.csus.ecs.pc2.core.model.ClientId;@583f2a09
231209 102159.890|INFO|Thread-45495|dumpPacket|   key: CONTEST_TIME_LIST is: [Ledu.csus.ecs.pc2.core.model.ContestTime; [Ledu.csus.ecs.pc2.core.model.ContestTime;@41b8fe67
231209 102159.890|INFO|Thread-45495|dumpPacket|   key: CONNECTION_HANDLE_ID_LIST is: [Ledu.csus.ecs.pc2.core.transport.ConnectionHandlerID; [Ledu.csus.ecs.pc2.core.transport.ConnectionHandlerID;@107eb4b9
231209 102159.890|INFO|Thread-45495|dumpPacket|   key: PROFILE is: edu.csus.ecs.pc2.core.model.Profile DryRun--6069080675419338087
231209 102159.890|INFO|Thread-45495|dumpPacket|   key: CLIENT_ID is: edu.csus.ecs.pc2.core.model.ClientId TEAM52 @ site 1
231209 102159.890|INFO|Thread-45495|dumpPacket|   key: SITE_NUMBER is: java.lang.Integer 1
231209 102159.890|INFO|Thread-45495|dumpPacket|   key: CONTEST_INFORMATION is: edu.csus.ecs.pc2.core.model.ContestInformation edu.csus.ecs.pc2.core.model.ContestInformation@62f55795
231209 102159.890|INFO|Thread-45495|dumpPacket|   key: SITE_LIST is: [Ledu.csus.ecs.pc2.core.model.Site; [Ledu.csus.ecs.pc2.core.model.Site;@433b46a0
231209 102159.890|INFO|Thread-45495|dumpPacket|   key: PROBLEM_DATA_FILES is: [Ledu.csus.ecs.pc2.core.model.ProblemDataFiles; [Ledu.csus.ecs.pc2.core.model.ProblemDataFiles;@45f6c366
231209 102159.890|INFO|Thread-45495|dumpPacket|   key: JUDGEMENT_LIST is: [Ledu.csus.ecs.pc2.core.model.Judgement; [Ledu.csus.ecs.pc2.core.model.Judgement;@20c87c1d
231209 102159.890|INFO|Thread-45495|dumpPacket|   key: PROBLEM_LIST is: [Ledu.csus.ecs.pc2.core.model.Problem; [Ledu.csus.ecs.pc2.core.model.Problem;@68c9ce6e
231209 102159.890|INFO|Thread-45495|dumpPacket|   key: GROUP_LIST is: [Ledu.csus.ecs.pc2.core.model.Group; [Ledu.csus.ecs.pc2.core.model.Group;@715e8b91
231209 102159.890|INFO|Thread-45495|dumpPacket|   key: LOCAL_LOGGED_IN_USERS is: [Ledu.csus.ecs.pc2.core.model.ClientId; [Ledu.csus.ecs.pc2.core.model.ClientId;@2c08b2f
231209 102159.890|INFO|Thread-45495|dumpPacket|   key: SERVER_CLOCK_OFFSET is: java.util.GregorianCalendar java.util.GregorianCalendar[time=1702138919877,areFieldsSet=true,areAllFieldsSet=false,lenient=true,zone=sun.util.calendar.ZoneInfo[id="GMT",offset=0,dstSavings=0,useDaylight=false,transitions=0,lastRule=null],firstDayOfWeek=1,minimalDaysInFirstWeek=1,ERA=1,YEAR=2023,MONTH=11,WEEK_OF_YEAR=49,WEEK_OF_MONTH=2,DAY_OF_MONTH=9,DAY_OF_YEAR=343,DAY_OF_WEEK=7,DAY_OF_WEEK_IN_MONTH=2,AM_PM=1,HOUR=4,HOUR_OF_DAY=16,MINUTE=21,SECOND=59,MILLISECOND=877,ZONE_OFFSET=0,DST_OFFSET=0]
231209 102159.890|INFO|Thread-45495|dumpPacket|   key: CONTEST_IDENTIFIER is: java.lang.String DryRun--6069080675419338087
231209 102159.890|INFO|Thread-45495|dumpPacket|   key: BALLOON_SETTINGS_LIST is: [Ledu.csus.ecs.pc2.core.model.BalloonSettings; [Ledu.csus.ecs.pc2.core.model.BalloonSettings;@618b27fe
231209 102159.890|INFO|Thread-45495|dumpPacket|   key: RUN_LIST is: [Ledu.csus.ecs.pc2.core.model.Run; [Ledu.csus.ecs.pc2.core.model.Run;@47173f1f
231209 102159.890|INFO|Thread-45495|dumpPacket|   key: ACCOUNT_ARRAY is: [Ledu.csus.ecs.pc2.core.model.Account; [Ledu.csus.ecs.pc2.core.model.Account;@4210266f
231209 102222.893|INFO|Thread-45493|receive|public void receive(SealedObject TransportPacket, ConnectionHandlerID connectionHandlerID)
231209 102224.218|INFO|Thread-45493|connectionDropped|connectionDropped(ConnectionHandlerID myConnectionID) 
