231209 100403.708|CONFIG|qtp135640095-26120|setFileHandlers|Now logging to C:\Users\18328\Desktop\pc2\WebTeamInterface-1.1\logs directory.
231209 100403.708|INFO|qtp135640095-26120|info|
231209 100403.708|INFO|qtp135640095-26120|info|Version 9 () Java ver 18.0.2.1 build  Windows 11 10.0 (amd64) 
231209 100403.708|INFO|qtp135640095-26120|info|Login: team48 (aka team48)
231209 100403.708|INFO|qtp135640095-26120|startLog|Working directory is C:\Users\18328\Desktop\pc2\WebTeamInterface-1.1
231209 100403.708|INFO|qtp135640095-26120|startLog|Process id is 15028@DESKTOP-D75BQTV
231209 100403.708|INFO|qtp135640095-26120|info|Contacting server at localhost:50002 as TEAM48 @ site 0
231209 100403.708|INFO|qtp135640095-26120|info|sendLoginRequest start - sending from TEAM48 @ site 0
231209 100403.708|INFO|qtp135640095-26120|sendToLocalServer|Sending packet to server Packet[LOGIN_REQUEST] #460 TEAM48 @ site 0 -> SERVER0 @ site 0
231209 100403.708|INFO|qtp135640095-26120|sendToLocalServer|Sent    packet to server Packet[LOGIN_REQUEST] #460 TEAM48 @ site 0 -> SERVER0 @ site 0
231209 100403.714|INFO|qtp135640095-26120|info|sendLoginRequest end - packet sent.
231209 100403.714|INFO|Thread-41274|run|send(Serializable)
231209 100403.731|INFO|Thread-41273|receive|public void receive(SealedObject TransportPacket, ConnectionHandlerID connectionHandlerID)
231209 100403.740|INFO|Thread-41275|info| receiveObject(S) start got Packet[LOGIN_SUCCESS] #2575 SERVER0 @ site 1 -> TEAM48 @ site 1
231209 100403.740|INFO|Thread-41275|dumpPacket|Packet LOGIN_SUCCESS (Seq #2575, o#2575 ) recieveObject
231209 100403.740|INFO|Thread-41275|dumpPacket|  From: SERVER0 @ site 1, oSERVER0 @ site 1 (DESKTOP-D75BQTV @ 212.212.212.212) (Contest Id: DryRun--6069080675419338087)
231209 100403.740|INFO|Thread-41275|dumpPacket|    To: TEAM48 @ site 1
231209 100403.740|INFO|Thread-41275|dumpPacket|   key: PROFILE_LIST is: [Ledu.csus.ecs.pc2.core.model.Profile; [Ledu.csus.ecs.pc2.core.model.Profile;@5c7131aa
231209 100403.740|INFO|Thread-41275|dumpPacket|   key: GENERAL_PROBLEM is: edu.csus.ecs.pc2.core.model.Problem General
231209 100403.740|INFO|Thread-41275|dumpPacket|   key: CLIENT_SETTINGS_LIST is: [Ledu.csus.ecs.pc2.core.model.ClientSettings; [Ledu.csus.ecs.pc2.core.model.ClientSettings;@52b6d454
231209 100403.740|INFO|Thread-41275|dumpPacket|   key: CONTEST_TIME is: edu.csus.ecs.pc2.core.model.ContestTime edu.csus.ecs.pc2.core.model.ContestTime@56895ada
231209 100403.740|INFO|Thread-41275|dumpPacket|   key: CLARIFICATION_LIST is: [Ledu.csus.ecs.pc2.core.model.Clarification; [Ledu.csus.ecs.pc2.core.model.Clarification;@138bde6f
231209 100403.740|INFO|Thread-41275|dumpPacket|   key: CATEGORY_LIST is: [Ledu.csus.ecs.pc2.core.model.Category; [Ledu.csus.ecs.pc2.core.model.Category;@462241d5
231209 100403.740|INFO|Thread-41275|dumpPacket|   key: LANGUAGE_LIST is: [Ledu.csus.ecs.pc2.core.model.Language; [Ledu.csus.ecs.pc2.core.model.Language;@22d22931
231209 100403.740|INFO|Thread-41275|dumpPacket|   key: REMOTE_LOGGED_IN_USERS is: [Ledu.csus.ecs.pc2.core.model.ClientId; [Ledu.csus.ecs.pc2.core.model.ClientId;@3e91e83b
231209 100403.740|INFO|Thread-41275|dumpPacket|   key: CONTEST_TIME_LIST is: [Ledu.csus.ecs.pc2.core.model.ContestTime; [Ledu.csus.ecs.pc2.core.model.ContestTime;@73a42120
231209 100403.740|INFO|Thread-41275|dumpPacket|   key: CONNECTION_HANDLE_ID_LIST is: [Ledu.csus.ecs.pc2.core.transport.ConnectionHandlerID; [Ledu.csus.ecs.pc2.core.transport.ConnectionHandlerID;@27dcfa68
231209 100403.740|INFO|Thread-41275|dumpPacket|   key: PROFILE is: edu.csus.ecs.pc2.core.model.Profile DryRun--6069080675419338087
231209 100403.740|INFO|Thread-41275|dumpPacket|   key: CLIENT_ID is: edu.csus.ecs.pc2.core.model.ClientId TEAM48 @ site 1
231209 100403.740|INFO|Thread-41275|dumpPacket|   key: SITE_NUMBER is: java.lang.Integer 1
231209 100403.740|INFO|Thread-41275|dumpPacket|   key: CONTEST_INFORMATION is: edu.csus.ecs.pc2.core.model.ContestInformation edu.csus.ecs.pc2.core.model.ContestInformation@1474d403
231209 100403.740|INFO|Thread-41275|dumpPacket|   key: SITE_LIST is: [Ledu.csus.ecs.pc2.core.model.Site; [Ledu.csus.ecs.pc2.core.model.Site;@25952686
231209 100403.740|INFO|Thread-41275|dumpPacket|   key: PROBLEM_DATA_FILES is: [Ledu.csus.ecs.pc2.core.model.ProblemDataFiles; [Ledu.csus.ecs.pc2.core.model.ProblemDataFiles;@77eabe35
231209 100403.740|INFO|Thread-41275|dumpPacket|   key: JUDGEMENT_LIST is: [Ledu.csus.ecs.pc2.core.model.Judgement; [Ledu.csus.ecs.pc2.core.model.Judgement;@37a5051a
231209 100403.740|INFO|Thread-41275|dumpPacket|   key: PROBLEM_LIST is: [Ledu.csus.ecs.pc2.core.model.Problem; [Ledu.csus.ecs.pc2.core.model.Problem;@5431b21
231209 100403.740|INFO|Thread-41275|dumpPacket|   key: GROUP_LIST is: [Ledu.csus.ecs.pc2.core.model.Group; [Ledu.csus.ecs.pc2.core.model.Group;@9eeac19
231209 100403.740|INFO|Thread-41275|dumpPacket|   key: LOCAL_LOGGED_IN_USERS is: [Ledu.csus.ecs.pc2.core.model.ClientId; [Ledu.csus.ecs.pc2.core.model.ClientId;@2bd7a007
231209 100403.740|INFO|Thread-41275|dumpPacket|   key: SERVER_CLOCK_OFFSET is: java.util.GregorianCalendar java.util.GregorianCalendar[time=1702137843723,areFieldsSet=true,areAllFieldsSet=false,lenient=true,zone=sun.util.calendar.ZoneInfo[id="GMT",offset=0,dstSavings=0,useDaylight=false,transitions=0,lastRule=null],firstDayOfWeek=1,minimalDaysInFirstWeek=1,ERA=1,YEAR=2023,MONTH=11,WEEK_OF_YEAR=49,WEEK_OF_MONTH=2,DAY_OF_MONTH=9,DAY_OF_YEAR=343,DAY_OF_WEEK=7,DAY_OF_WEEK_IN_MONTH=2,AM_PM=1,HOUR=4,HOUR_OF_DAY=16,MINUTE=4,SECOND=3,MILLISECOND=723,ZONE_OFFSET=0,DST_OFFSET=0]
231209 100403.740|INFO|Thread-41275|dumpPacket|   key: CONTEST_IDENTIFIER is: java.lang.String DryRun--6069080675419338087
231209 100403.740|INFO|Thread-41275|dumpPacket|   key: BALLOON_SETTINGS_LIST is: [Ledu.csus.ecs.pc2.core.model.BalloonSettings; [Ledu.csus.ecs.pc2.core.model.BalloonSettings;@3445fdb2
231209 100403.740|INFO|Thread-41275|dumpPacket|   key: RUN_LIST is: [Ledu.csus.ecs.pc2.core.model.Run; [Ledu.csus.ecs.pc2.core.model.Run;@29c27208
231209 100403.740|INFO|Thread-41275|dumpPacket|   key: ACCOUNT_ARRAY is: [Ledu.csus.ecs.pc2.core.model.Account; [Ledu.csus.ecs.pc2.core.model.Account;@55309d4d
231209 100403.740|INFO|Thread-41275|info|handlePacket start Packet[LOGIN_SUCCESS] #2575 SERVER0 @ site 1 -> TEAM48 @ site 1
231209 100403.740|INFO|Thread-41275|dumpPacket|Packet LOGIN_SUCCESS (Seq #2575, o#2575 ) handlePacket
231209 100403.740|INFO|Thread-41275|dumpPacket|  From: SERVER0 @ site 1, oSERVER0 @ site 1 (DESKTOP-D75BQTV @ 212.212.212.212) (Contest Id: DryRun--6069080675419338087)
231209 100403.740|INFO|Thread-41275|dumpPacket|    To: TEAM48 @ site 1
231209 100403.740|INFO|Thread-41275|dumpPacket|   key: PROFILE_LIST is: [Ledu.csus.ecs.pc2.core.model.Profile; [Ledu.csus.ecs.pc2.core.model.Profile;@5c7131aa
231209 100403.740|INFO|Thread-41275|dumpPacket|   key: GENERAL_PROBLEM is: edu.csus.ecs.pc2.core.model.Problem General
231209 100403.740|INFO|Thread-41275|dumpPacket|   key: CLIENT_SETTINGS_LIST is: [Ledu.csus.ecs.pc2.core.model.ClientSettings; [Ledu.csus.ecs.pc2.core.model.ClientSettings;@52b6d454
231209 100403.740|INFO|Thread-41275|dumpPacket|   key: CONTEST_TIME is: edu.csus.ecs.pc2.core.model.ContestTime edu.csus.ecs.pc2.core.model.ContestTime@56895ada
231209 100403.740|INFO|Thread-41275|dumpPacket|   key: CLARIFICATION_LIST is: [Ledu.csus.ecs.pc2.core.model.Clarification; [Ledu.csus.ecs.pc2.core.model.Clarification;@138bde6f
231209 100403.740|INFO|Thread-41275|dumpPacket|   key: CATEGORY_LIST is: [Ledu.csus.ecs.pc2.core.model.Category; [Ledu.csus.ecs.pc2.core.model.Category;@462241d5
231209 100403.740|INFO|Thread-41275|dumpPacket|   key: LANGUAGE_LIST is: [Ledu.csus.ecs.pc2.core.model.Language; [Ledu.csus.ecs.pc2.core.model.Language;@22d22931
231209 100403.740|INFO|Thread-41275|dumpPacket|   key: REMOTE_LOGGED_IN_USERS is: [Ledu.csus.ecs.pc2.core.model.ClientId; [Ledu.csus.ecs.pc2.core.model.ClientId;@3e91e83b
231209 100403.740|INFO|Thread-41275|dumpPacket|   key: CONTEST_TIME_LIST is: [Ledu.csus.ecs.pc2.core.model.ContestTime; [Ledu.csus.ecs.pc2.core.model.ContestTime;@73a42120
231209 100403.740|INFO|Thread-41275|dumpPacket|   key: CONNECTION_HANDLE_ID_LIST is: [Ledu.csus.ecs.pc2.core.transport.ConnectionHandlerID; [Ledu.csus.ecs.pc2.core.transport.ConnectionHandlerID;@27dcfa68
231209 100403.740|INFO|Thread-41275|dumpPacket|   key: PROFILE is: edu.csus.ecs.pc2.core.model.Profile DryRun--6069080675419338087
231209 100403.740|INFO|Thread-41275|dumpPacket|   key: CLIENT_ID is: edu.csus.ecs.pc2.core.model.ClientId TEAM48 @ site 1
231209 100403.740|INFO|Thread-41275|dumpPacket|   key: SITE_NUMBER is: java.lang.Integer 1
231209 100403.740|INFO|Thread-41275|dumpPacket|   key: CONTEST_INFORMATION is: edu.csus.ecs.pc2.core.model.ContestInformation edu.csus.ecs.pc2.core.model.ContestInformation@1474d403
231209 100403.740|INFO|Thread-41275|dumpPacket|   key: SITE_LIST is: [Ledu.csus.ecs.pc2.core.model.Site; [Ledu.csus.ecs.pc2.core.model.Site;@25952686
231209 100403.740|INFO|Thread-41275|dumpPacket|   key: PROBLEM_DATA_FILES is: [Ledu.csus.ecs.pc2.core.model.ProblemDataFiles; [Ledu.csus.ecs.pc2.core.model.ProblemDataFiles;@77eabe35
231209 100403.740|INFO|Thread-41275|dumpPacket|   key: JUDGEMENT_LIST is: [Ledu.csus.ecs.pc2.core.model.Judgement; [Ledu.csus.ecs.pc2.core.model.Judgement;@37a5051a
231209 100403.740|INFO|Thread-41275|dumpPacket|   key: PROBLEM_LIST is: [Ledu.csus.ecs.pc2.core.model.Problem; [Ledu.csus.ecs.pc2.core.model.Problem;@5431b21
231209 100403.740|INFO|Thread-41275|dumpPacket|   key: GROUP_LIST is: [Ledu.csus.ecs.pc2.core.model.Group; [Ledu.csus.ecs.pc2.core.model.Group;@9eeac19
231209 100403.740|INFO|Thread-41275|dumpPacket|   key: LOCAL_LOGGED_IN_USERS is: [Ledu.csus.ecs.pc2.core.model.ClientId; [Ledu.csus.ecs.pc2.core.model.ClientId;@2bd7a007
231209 100403.740|INFO|Thread-41275|dumpPacket|   key: SERVER_CLOCK_OFFSET is: java.util.GregorianCalendar java.util.GregorianCalendar[time=1702137843723,areFieldsSet=true,areAllFieldsSet=false,lenient=true,zone=sun.util.calendar.ZoneInfo[id="GMT",offset=0,dstSavings=0,useDaylight=false,transitions=0,lastRule=null],firstDayOfWeek=1,minimalDaysInFirstWeek=1,ERA=1,YEAR=2023,MONTH=11,WEEK_OF_YEAR=49,WEEK_OF_MONTH=2,DAY_OF_MONTH=9,DAY_OF_YEAR=343,DAY_OF_WEEK=7,DAY_OF_WEEK_IN_MONTH=2,AM_PM=1,HOUR=4,HOUR_OF_DAY=16,MINUTE=4,SECOND=3,MILLISECOND=723,ZONE_OFFSET=0,DST_OFFSET=0]
231209 100403.740|INFO|Thread-41275|dumpPacket|   key: CONTEST_IDENTIFIER is: java.lang.String DryRun--6069080675419338087
231209 100403.740|INFO|Thread-41275|dumpPacket|   key: BALLOON_SETTINGS_LIST is: [Ledu.csus.ecs.pc2.core.model.BalloonSettings; [Ledu.csus.ecs.pc2.core.model.BalloonSettings;@3445fdb2
231209 100403.740|INFO|Thread-41275|dumpPacket|   key: RUN_LIST is: [Ledu.csus.ecs.pc2.core.model.Run; [Ledu.csus.ecs.pc2.core.model.Run;@29c27208
231209 100403.740|INFO|Thread-41275|dumpPacket|   key: ACCOUNT_ARRAY is: [Ledu.csus.ecs.pc2.core.model.Account; [Ledu.csus.ecs.pc2.core.model.Account;@55309d4d
231209 100413.878|INFO|Thread-41273|receive|public void receive(SealedObject TransportPacket, ConnectionHandlerID connectionHandlerID)
231209 103352.655|INFO|Thread-41273|receive|public void receive(SealedObject TransportPacket, ConnectionHandlerID connectionHandlerID)
231209 103353.784|INFO|Thread-41273|receive|public void receive(SealedObject TransportPacket, ConnectionHandlerID connectionHandlerID)
231209 103356.371|INFO|Thread-41273|receive|public void receive(SealedObject TransportPacket, ConnectionHandlerID connectionHandlerID)
231209 103358.744|INFO|Thread-41273|receive|public void receive(SealedObject TransportPacket, ConnectionHandlerID connectionHandlerID)
231209 103358.970|INFO|Thread-41273|receive|public void receive(SealedObject TransportPacket, ConnectionHandlerID connectionHandlerID)
231209 103359.107|INFO|Thread-41273|receive|public void receive(SealedObject TransportPacket, ConnectionHandlerID connectionHandlerID)
231209 103359.280|INFO|Thread-41273|receive|public void receive(SealedObject TransportPacket, ConnectionHandlerID connectionHandlerID)
231209 103412.511|INFO|Thread-41273|receive|public void receive(SealedObject TransportPacket, ConnectionHandlerID connectionHandlerID)
231209 103439.554|INFO|Thread-41273|receive|public void receive(SealedObject TransportPacket, ConnectionHandlerID connectionHandlerID)
231209 104340.798|INFO|Thread-41273|receive|public void receive(SealedObject TransportPacket, ConnectionHandlerID connectionHandlerID)
231209 104900.030|INFO|Thread-41273|receive|public void receive(SealedObject TransportPacket, ConnectionHandlerID connectionHandlerID)
231209 104938.090|INFO|Thread-41273|receive|public void receive(SealedObject TransportPacket, ConnectionHandlerID connectionHandlerID)
231209 105244.941|INFO|Thread-62189|run|send(Serializable)
231209 105244.955|INFO|Thread-41273|receive|public void receive(SealedObject TransportPacket, ConnectionHandlerID connectionHandlerID)
231209 105253.185|INFO|Thread-41273|receive|public void receive(SealedObject TransportPacket, ConnectionHandlerID connectionHandlerID)
231209 105629.045|INFO|Thread-64722|run|send(Serializable)
231209 105629.083|INFO|Thread-41273|receive|public void receive(SealedObject TransportPacket, ConnectionHandlerID connectionHandlerID)
231209 105710.408|INFO|Thread-41273|receive|public void receive(SealedObject TransportPacket, ConnectionHandlerID connectionHandlerID)
231209 105758.492|INFO|Thread-41273|receive|public void receive(SealedObject TransportPacket, ConnectionHandlerID connectionHandlerID)
231209 110012.924|INFO|Thread-41273|receive|public void receive(SealedObject TransportPacket, ConnectionHandlerID connectionHandlerID)
231209 110139.145|INFO|Thread-41273|receive|public void receive(SealedObject TransportPacket, ConnectionHandlerID connectionHandlerID)
231209 110446.763|INFO|Thread-41273|receive|public void receive(SealedObject TransportPacket, ConnectionHandlerID connectionHandlerID)
231209 110645.417|INFO|Thread-41273|receive|public void receive(SealedObject TransportPacket, ConnectionHandlerID connectionHandlerID)
231209 111315.667|INFO|Thread-41273|receive|public void receive(SealedObject TransportPacket, ConnectionHandlerID connectionHandlerID)
231209 111414.107|INFO|Thread-65678|run|send(Serializable)
231209 111414.196|INFO|Thread-41273|receive|public void receive(SealedObject TransportPacket, ConnectionHandlerID connectionHandlerID)
231209 111433.328|INFO|Thread-41273|receive|public void receive(SealedObject TransportPacket, ConnectionHandlerID connectionHandlerID)
231209 111459.775|INFO|Thread-41273|receive|public void receive(SealedObject TransportPacket, ConnectionHandlerID connectionHandlerID)
231209 112204.940|INFO|Thread-65919|run|send(Serializable)
231209 112205.044|INFO|Thread-41273|receive|public void receive(SealedObject TransportPacket, ConnectionHandlerID connectionHandlerID)
231209 112218.206|INFO|Thread-41273|receive|public void receive(SealedObject TransportPacket, ConnectionHandlerID connectionHandlerID)
231209 115431.509|INFO|Thread-41273|receive|public void receive(SealedObject TransportPacket, ConnectionHandlerID connectionHandlerID)
231209 115851.841|INFO|Thread-66852|run|send(Serializable)
231209 115852.033|INFO|Thread-41273|receive|public void receive(SealedObject TransportPacket, ConnectionHandlerID connectionHandlerID)
231209 115903.963|INFO|Thread-41273|receive|public void receive(SealedObject TransportPacket, ConnectionHandlerID connectionHandlerID)
231209 121623.025|INFO|Thread-67285|run|send(Serializable)
231209 121623.291|INFO|Thread-41273|receive|public void receive(SealedObject TransportPacket, ConnectionHandlerID connectionHandlerID)
231209 121629.571|INFO|Thread-41273|receive|public void receive(SealedObject TransportPacket, ConnectionHandlerID connectionHandlerID)
231209 122528.556|INFO|Thread-67511|run|send(Serializable)
231209 122528.816|INFO|Thread-41273|receive|public void receive(SealedObject TransportPacket, ConnectionHandlerID connectionHandlerID)
231209 122534.493|INFO|Thread-41273|receive|public void receive(SealedObject TransportPacket, ConnectionHandlerID connectionHandlerID)
231209 123007.478|INFO|Thread-67627|run|send(Serializable)
231209 123007.751|INFO|Thread-41273|receive|public void receive(SealedObject TransportPacket, ConnectionHandlerID connectionHandlerID)
231209 123012.830|INFO|Thread-41273|receive|public void receive(SealedObject TransportPacket, ConnectionHandlerID connectionHandlerID)
231209 123327.979|INFO|Thread-67705|run|send(Serializable)
231209 123328.296|INFO|Thread-41273|receive|public void receive(SealedObject TransportPacket, ConnectionHandlerID connectionHandlerID)
231209 123333.964|INFO|Thread-41273|receive|public void receive(SealedObject TransportPacket, ConnectionHandlerID connectionHandlerID)
231209 124311.613|INFO|Thread-68087|run|send(Serializable)
231209 124312.350|INFO|Thread-41273|receive|public void receive(SealedObject TransportPacket, ConnectionHandlerID connectionHandlerID)
231209 124333.928|INFO|Thread-41273|receive|public void receive(SealedObject TransportPacket, ConnectionHandlerID connectionHandlerID)
231209 125144.096|INFO|Thread-41273|connectionDropped|connectionDropped(ConnectionHandlerID myConnectionID) 
