221130 090958.503|CONFIG|Thread-177|setFileHandlers|Now logging to C:\Users\18328\Desktop\pc2-template\WebTeamInterface-1.1\logs directory.
221130 090958.503|INFO|Thread-177|info|
221130 090958.503|INFO|Thread-177|info|Version 9 () Java ver 1.8.0_51 build  Windows 8.1 6.3 (amd64) 
221130 090958.503|INFO|Thread-177|info|Login: team100 (aka team100)
221130 090958.503|INFO|Thread-177|startLog|Working directory is C:\Users\18328\Desktop\pc2-template\WebTeamInterface-1.1
221130 090958.503|INFO|Thread-177|startLog|Process id is 13684@DESKTOP-D75BQTV
221130 090958.503|INFO|Thread-177|info| handlePacket original LOGIN_SUCCESS after -- all settings loaded 
221130 090958.503|INFO|Thread-177|info|handlePacket end Packet[LOGIN_SUCCESS] #11 SERVER0 @ site 1 -> TEAM100 @ site 1
221130 090958.503|INFO|Thread-177|info| receiveObject(S) end   got Packet[LOGIN_SUCCESS] #11 SERVER0 @ site 1 -> TEAM100 @ site 1
221130 091030.034|INFO|qtp988458918-23|sendToLocalServer|Sending packet to server Packet[LOGOUT] #21 TEAM100 @ site 1 -> SERVER0 @ site 1
221130 091030.037|INFO|qtp988458918-23|sendToLocalServer|Sent    packet to server Packet[LOGOUT] #21 TEAM100 @ site 1 -> SERVER0 @ site 1
221201 155659.034|CONFIG|Thread-46|setFileHandlers|Now logging to C:\Users\18328\Desktop\pc2-test\WebTeamInterface-1.1\logs directory.
221201 155659.052|INFO|Thread-46|info|
221201 155659.063|INFO|Thread-46|info|Version 9 () Java ver 18.0.2.1 build  Windows 11 10.0 (amd64) 
221201 155659.065|INFO|Thread-46|info|Login: team100 (aka team100)
221201 155659.065|INFO|Thread-46|startLog|Working directory is C:\Users\18328\Desktop\pc2-test\WebTeamInterface-1.1
221201 155659.065|INFO|Thread-46|startLog|Process id is 532@DESKTOP-D75BQTV
221201 155659.065|INFO|Thread-46|info| handlePacket original LOGIN_SUCCESS after -- all settings loaded 
221201 155659.065|INFO|Thread-46|info|handlePacket end Packet[LOGIN_SUCCESS] #25 SERVER0 @ site 1 -> TEAM100 @ site 1
221201 155659.065|INFO|Thread-46|info| receiveObject(S) end   got Packet[LOGIN_SUCCESS] #25 SERVER0 @ site 1 -> TEAM100 @ site 1
221201 155722.925|INFO|Thread-47|info| receiveObject(S) start got Packet[CLOCK_STARTED] #28 SERVER0 @ site 1 -> SERVER0 @ site 0
221201 155722.925|INFO|Thread-47|dumpPacket|Packet CLOCK_STARTED (Seq #28, o#28 ) recieveObject
221201 155722.925|INFO|Thread-47|dumpPacket|  From: SERVER0 @ site 1, oSERVER0 @ site 1 (DESKTOP-D75BQTV @ 212.212.212.212) (Contest Id: Default--4708004230601002395)
221201 155722.925|INFO|Thread-47|dumpPacket|    To: SERVER0 @ site 0
221201 155722.930|INFO|Thread-47|dumpPacket|   key: SITE_NUMBER is: java.lang.Integer 1
221201 155722.930|INFO|Thread-47|dumpPacket|   key: CLIENT_ID is: edu.csus.ecs.pc2.core.model.ClientId SERVER0 @ site 1
221201 155722.931|INFO|Thread-47|dumpPacket|   key: SERVER_CLOCK_OFFSET is: java.util.GregorianCalendar java.util.GregorianCalendar[time=1669931842901,areFieldsSet=true,areAllFieldsSet=false,lenient=true,zone=sun.util.calendar.ZoneInfo[id="GMT",offset=0,dstSavings=0,useDaylight=false,transitions=0,lastRule=null],firstDayOfWeek=1,minimalDaysInFirstWeek=1,ERA=1,YEAR=2022,MONTH=11,WEEK_OF_YEAR=49,WEEK_OF_MONTH=1,DAY_OF_MONTH=1,DAY_OF_YEAR=335,DAY_OF_WEEK=5,DAY_OF_WEEK_IN_MONTH=1,AM_PM=1,HOUR=9,HOUR_OF_DAY=21,MINUTE=57,SECOND=22,MILLISECOND=901,ZONE_OFFSET=0,DST_OFFSET=0]
221201 155722.931|INFO|Thread-47|info|handlePacket start Packet[CLOCK_STARTED] #28 SERVER0 @ site 1 -> SERVER0 @ site 0
221201 155722.931|INFO|Thread-47|dumpPacket|Packet CLOCK_STARTED (Seq #28, o#28 ) handlePacket
221201 155722.931|INFO|Thread-47|dumpPacket|  From: SERVER0 @ site 1, oSERVER0 @ site 1 (DESKTOP-D75BQTV @ 212.212.212.212) (Contest Id: Default--4708004230601002395)
221201 155722.931|INFO|Thread-47|dumpPacket|    To: SERVER0 @ site 0
221201 155722.931|INFO|Thread-47|dumpPacket|   key: SITE_NUMBER is: java.lang.Integer 1
221201 155722.931|INFO|Thread-47|dumpPacket|   key: CLIENT_ID is: edu.csus.ecs.pc2.core.model.ClientId SERVER0 @ site 1
221201 155722.931|INFO|Thread-47|dumpPacket|   key: SERVER_CLOCK_OFFSET is: java.util.GregorianCalendar java.util.GregorianCalendar[time=1669931842901,areFieldsSet=true,areAllFieldsSet=false,lenient=true,zone=sun.util.calendar.ZoneInfo[id="GMT",offset=0,dstSavings=0,useDaylight=false,transitions=0,lastRule=null],firstDayOfWeek=1,minimalDaysInFirstWeek=1,ERA=1,YEAR=2022,MONTH=11,WEEK_OF_YEAR=49,WEEK_OF_MONTH=1,DAY_OF_MONTH=1,DAY_OF_YEAR=335,DAY_OF_WEEK=5,DAY_OF_WEEK_IN_MONTH=1,AM_PM=1,HOUR=9,HOUR_OF_DAY=21,MINUTE=57,SECOND=22,MILLISECOND=901,ZONE_OFFSET=0,DST_OFFSET=0]
221201 155722.931|INFO|Thread-47|info|Clock for site 1 started by SERVER0 @ site 1 elapsed 0:00:00
221201 155722.934|INFO|Thread-47|info| receiveObject(S) end   got Packet[CLOCK_STARTED] #28 SERVER0 @ site 1 -> SERVER0 @ site 0
221201 155752.987|INFO|qtp996796369-26|sendToLocalServer|Sending packet to server Packet[RUN_SUBMISSION] #7 TEAM100 @ site 1 -> SERVER0 @ site 1
221201 155752.987|INFO|qtp996796369-26|sendToLocalServer|Sent    packet to server Packet[RUN_SUBMISSION] #7 TEAM100 @ site 1 -> SERVER0 @ site 1
221201 155753.054|INFO|Thread-53|info| receiveObject(S) start got Packet[RUN_SUBMISSION_CONFIRM] #29 SERVER0 @ site 1 -> TEAM100 @ site 1
221201 155753.054|INFO|Thread-53|dumpPacket|Packet RUN_SUBMISSION_CONFIRM (Seq #29, o#29 ) recieveObject
221201 155753.054|INFO|Thread-53|dumpPacket|  From: SERVER0 @ site 1, oSERVER0 @ site 1 (DESKTOP-D75BQTV @ 212.212.212.212) (Contest Id: Default--4708004230601002395)
221201 155753.054|INFO|Thread-53|dumpPacket|    To: TEAM100 @ site 1
221201 155753.054|INFO|Thread-53|dumpPacket|   key: RUN is: edu.csus.ecs.pc2.core.model.Run Run 1 NEW 0 min 30118ms from TEAM100 @ site 1 id Run-8374876227363289224 problem Annoying_Kat-9149669622105124887 lang Java-9059947720623527775
221201 155753.054|INFO|Thread-53|info|handlePacket start Packet[RUN_SUBMISSION_CONFIRM] #29 SERVER0 @ site 1 -> TEAM100 @ site 1
221201 155753.054|INFO|Thread-53|dumpPacket|Packet RUN_SUBMISSION_CONFIRM (Seq #29, o#29 ) handlePacket
221201 155753.054|INFO|Thread-53|dumpPacket|  From: SERVER0 @ site 1, oSERVER0 @ site 1 (DESKTOP-D75BQTV @ 212.212.212.212) (Contest Id: Default--4708004230601002395)
221201 155753.054|INFO|Thread-53|dumpPacket|    To: TEAM100 @ site 1
221201 155753.054|INFO|Thread-53|dumpPacket|   key: RUN is: edu.csus.ecs.pc2.core.model.Run Run 1 NEW 0 min 30118ms from TEAM100 @ site 1 id Run-8374876227363289224 problem Annoying_Kat-9149669622105124887 lang Java-9059947720623527775
221201 155753.054|INFO|Thread-53|info| receiveObject(S) end   got Packet[RUN_SUBMISSION_CONFIRM] #29 SERVER0 @ site 1 -> TEAM100 @ site 1
221201 162744.355|CONFIG|Thread-215|setFileHandlers|Now logging to C:\Users\18328\Desktop\pc2-test\WebTeamInterface-1.1\logs directory.
221201 162744.355|INFO|Thread-215|info|
221201 162744.355|INFO|Thread-215|info|Version 9 () Java ver 18.0.2.1 build  Windows 11 10.0 (amd64) 
221201 162744.358|INFO|Thread-215|info|Login: team100 (aka team100)
221201 162744.358|INFO|Thread-215|startLog|Working directory is C:\Users\18328\Desktop\pc2-test\WebTeamInterface-1.1
221201 162744.358|INFO|Thread-215|startLog|Process id is 15660@DESKTOP-D75BQTV
221201 162744.358|INFO|Thread-215|info| handlePacket original LOGIN_SUCCESS after -- all settings loaded 
221201 162744.358|INFO|Thread-215|info|handlePacket end Packet[LOGIN_SUCCESS] #141 SERVER0 @ site 1 -> TEAM100 @ site 1
221201 162744.358|INFO|Thread-215|info| receiveObject(S) end   got Packet[LOGIN_SUCCESS] #141 SERVER0 @ site 1 -> TEAM100 @ site 1
221201 162854.328|INFO|Thread-220|info| receiveObject(S) start got Packet[RUN_JUDGEMENT] #145 SERVER0 @ site 1 -> TEAM100 @ site 1
221201 162854.328|INFO|Thread-220|dumpPacket|Packet RUN_JUDGEMENT (Seq #145, o#145 ) recieveObject
221201 162854.328|INFO|Thread-220|dumpPacket|  From: SERVER0 @ site 1, oSERVER0 @ site 1 (DESKTOP-D75BQTV @ 212.212.212.212) (Contest Id: Default--4708004230601002395)
221201 162854.328|INFO|Thread-220|dumpPacket|    To: TEAM100 @ site 1
221201 162854.328|INFO|Thread-220|dumpPacket|   key: JUDGEMENT_RECORD is: edu.csus.ecs.pc2.core.model.JudgementRecord No by ADMINISTRATOR1 @ site 1 judgement No_-_Excessive_Output--5879093720078378835 id JudgementRecord-3823521080563050071
221201 162854.328|INFO|Thread-220|dumpPacket|   key: RUN is: edu.csus.ecs.pc2.core.model.Run Run 16 JUDGED 29 min 1765378ms from TEAM100 @ site 1 id Run-5109155574578162511 problem Loanur-2860982020719541419 lang Java-9059947720623527775
221201 162854.328|INFO|Thread-220|dumpPacket|   key: CLIENT_ID is: edu.csus.ecs.pc2.core.model.ClientId SERVER0 @ site 1
221201 162854.328|INFO|Thread-220|info|handlePacket start Packet[RUN_JUDGEMENT] #145 SERVER0 @ site 1 -> TEAM100 @ site 1
221201 162854.333|INFO|Thread-220|dumpPacket|Packet RUN_JUDGEMENT (Seq #145, o#145 ) handlePacket
221201 162854.333|INFO|Thread-220|dumpPacket|  From: SERVER0 @ site 1, oSERVER0 @ site 1 (DESKTOP-D75BQTV @ 212.212.212.212) (Contest Id: Default--4708004230601002395)
221201 162854.333|INFO|Thread-220|dumpPacket|    To: TEAM100 @ site 1
221201 162854.333|INFO|Thread-220|dumpPacket|   key: JUDGEMENT_RECORD is: edu.csus.ecs.pc2.core.model.JudgementRecord No by ADMINISTRATOR1 @ site 1 judgement No_-_Excessive_Output--5879093720078378835 id JudgementRecord-3823521080563050071
221201 162854.333|INFO|Thread-220|dumpPacket|   key: RUN is: edu.csus.ecs.pc2.core.model.Run Run 16 JUDGED 29 min 1765378ms from TEAM100 @ site 1 id Run-5109155574578162511 problem Loanur-2860982020719541419 lang Java-9059947720623527775
221201 162854.333|INFO|Thread-220|dumpPacket|   key: CLIENT_ID is: edu.csus.ecs.pc2.core.model.ClientId SERVER0 @ site 1
221201 162854.341|INFO|Thread-220|info| receiveObject(S) end   got Packet[RUN_JUDGEMENT] #145 SERVER0 @ site 1 -> TEAM100 @ site 1
221201 163012.468|INFO|qtp1881561036-183|sendToLocalServer|Sending packet to server Packet[RUN_SUBMISSION] #25 TEAM100 @ site 1 -> SERVER0 @ site 1
221201 163012.468|INFO|qtp1881561036-183|sendToLocalServer|Sent    packet to server Packet[RUN_SUBMISSION] #25 TEAM100 @ site 1 -> SERVER0 @ site 1
221201 163012.501|INFO|Thread-227|info| receiveObject(S) start got Packet[RUN_SUBMISSION_CONFIRM] #147 SERVER0 @ site 1 -> TEAM100 @ site 1
221201 163012.501|INFO|Thread-227|dumpPacket|Packet RUN_SUBMISSION_CONFIRM (Seq #147, o#147 ) recieveObject
221201 163012.501|INFO|Thread-227|dumpPacket|  From: SERVER0 @ site 1, oSERVER0 @ site 1 (DESKTOP-D75BQTV @ 212.212.212.212) (Contest Id: Default--4708004230601002395)
221201 163012.501|INFO|Thread-227|dumpPacket|    To: TEAM100 @ site 1
221201 163012.501|INFO|Thread-227|dumpPacket|   key: RUN is: edu.csus.ecs.pc2.core.model.Run Run 17 NEW 32 min 1969575ms from TEAM100 @ site 1 id Run-5271426868504505195 problem Silly_Billy--8293916488058275273 lang Java-9059947720623527775
221201 163012.501|INFO|Thread-227|info|handlePacket start Packet[RUN_SUBMISSION_CONFIRM] #147 SERVER0 @ site 1 -> TEAM100 @ site 1
221201 163012.501|INFO|Thread-227|dumpPacket|Packet RUN_SUBMISSION_CONFIRM (Seq #147, o#147 ) handlePacket
221201 163012.501|INFO|Thread-227|dumpPacket|  From: SERVER0 @ site 1, oSERVER0 @ site 1 (DESKTOP-D75BQTV @ 212.212.212.212) (Contest Id: Default--4708004230601002395)
221201 163012.501|INFO|Thread-227|dumpPacket|    To: TEAM100 @ site 1
221201 163012.501|INFO|Thread-227|dumpPacket|   key: RUN is: edu.csus.ecs.pc2.core.model.Run Run 17 NEW 32 min 1969575ms from TEAM100 @ site 1 id Run-5271426868504505195 problem Silly_Billy--8293916488058275273 lang Java-9059947720623527775
221201 163012.501|INFO|Thread-227|info| receiveObject(S) end   got Packet[RUN_SUBMISSION_CONFIRM] #147 SERVER0 @ site 1 -> TEAM100 @ site 1
221201 163101.245|INFO|Thread-238|info| receiveObject(S) start got Packet[RUN_JUDGEMENT] #151 SERVER0 @ site 1 -> TEAM100 @ site 1
221201 163101.245|INFO|Thread-238|dumpPacket|Packet RUN_JUDGEMENT (Seq #151, o#151 ) recieveObject
221201 163101.245|INFO|Thread-238|dumpPacket|  From: SERVER0 @ site 1, oSERVER0 @ site 1 (DESKTOP-D75BQTV @ 212.212.212.212) (Contest Id: Default--4708004230601002395)
221201 163101.245|INFO|Thread-238|dumpPacket|    To: TEAM100 @ site 1
221201 163101.245|INFO|Thread-238|dumpPacket|   key: JUDGEMENT_RECORD is: edu.csus.ecs.pc2.core.model.JudgementRecord No by ADMINISTRATOR1 @ site 1 judgement No_-_Run-time_Error-1684107503433947064 id JudgementRecord--8405625175330993284
221201 163101.245|INFO|Thread-238|dumpPacket|   key: RUN is: edu.csus.ecs.pc2.core.model.Run Run 17 JUDGED 32 min 1969575ms from TEAM100 @ site 1 id Run-5271426868504505195 problem Silly_Billy--8293916488058275273 lang Java-9059947720623527775
221201 163101.245|INFO|Thread-238|dumpPacket|   key: CLIENT_ID is: edu.csus.ecs.pc2.core.model.ClientId SERVER0 @ site 1
221201 163101.245|INFO|Thread-238|info|handlePacket start Packet[RUN_JUDGEMENT] #151 SERVER0 @ site 1 -> TEAM100 @ site 1
221201 163101.245|INFO|Thread-238|dumpPacket|Packet RUN_JUDGEMENT (Seq #151, o#151 ) handlePacket
221201 163101.245|INFO|Thread-238|dumpPacket|  From: SERVER0 @ site 1, oSERVER0 @ site 1 (DESKTOP-D75BQTV @ 212.212.212.212) (Contest Id: Default--4708004230601002395)
221201 163101.245|INFO|Thread-238|dumpPacket|    To: TEAM100 @ site 1
221201 163101.245|INFO|Thread-238|dumpPacket|   key: JUDGEMENT_RECORD is: edu.csus.ecs.pc2.core.model.JudgementRecord No by ADMINISTRATOR1 @ site 1 judgement No_-_Run-time_Error-1684107503433947064 id JudgementRecord--8405625175330993284
221201 163101.245|INFO|Thread-238|dumpPacket|   key: RUN is: edu.csus.ecs.pc2.core.model.Run Run 17 JUDGED 32 min 1969575ms from TEAM100 @ site 1 id Run-5271426868504505195 problem Silly_Billy--8293916488058275273 lang Java-9059947720623527775
221201 163101.245|INFO|Thread-238|dumpPacket|   key: CLIENT_ID is: edu.csus.ecs.pc2.core.model.ClientId SERVER0 @ site 1
221201 163101.250|INFO|Thread-238|info| receiveObject(S) end   got Packet[RUN_JUDGEMENT] #151 SERVER0 @ site 1 -> TEAM100 @ site 1
221201 163211.840|INFO|qtp1881561036-237|sendToLocalServer|Sending packet to server Packet[RUN_SUBMISSION] #26 TEAM100 @ site 1 -> SERVER0 @ site 1
221201 163211.840|INFO|qtp1881561036-237|sendToLocalServer|Sent    packet to server Packet[RUN_SUBMISSION] #26 TEAM100 @ site 1 -> SERVER0 @ site 1
221201 163211.886|INFO|Thread-245|info| receiveObject(S) start got Packet[RUN_SUBMISSION_CONFIRM] #153 SERVER0 @ site 1 -> TEAM100 @ site 1
221201 163211.886|INFO|Thread-245|dumpPacket|Packet RUN_SUBMISSION_CONFIRM (Seq #153, o#153 ) recieveObject
221201 163211.886|INFO|Thread-245|dumpPacket|  From: SERVER0 @ site 1, oSERVER0 @ site 1 (DESKTOP-D75BQTV @ 212.212.212.212) (Contest Id: Default--4708004230601002395)
221201 163211.886|INFO|Thread-245|dumpPacket|    To: TEAM100 @ site 1
221201 163211.886|INFO|Thread-245|dumpPacket|   key: RUN is: edu.csus.ecs.pc2.core.model.Run Run 18 NEW 34 min 2088948ms from TEAM100 @ site 1 id Run--101632022369359862 problem Silly_Billy--8293916488058275273 lang Java-9059947720623527775
221201 163211.886|INFO|Thread-245|info|handlePacket start Packet[RUN_SUBMISSION_CONFIRM] #153 SERVER0 @ site 1 -> TEAM100 @ site 1
221201 163211.886|INFO|Thread-245|dumpPacket|Packet RUN_SUBMISSION_CONFIRM (Seq #153, o#153 ) handlePacket
221201 163211.886|INFO|Thread-245|dumpPacket|  From: SERVER0 @ site 1, oSERVER0 @ site 1 (DESKTOP-D75BQTV @ 212.212.212.212) (Contest Id: Default--4708004230601002395)
221201 163211.886|INFO|Thread-245|dumpPacket|    To: TEAM100 @ site 1
221201 163211.886|INFO|Thread-245|dumpPacket|   key: RUN is: edu.csus.ecs.pc2.core.model.Run Run 18 NEW 34 min 2088948ms from TEAM100 @ site 1 id Run--101632022369359862 problem Silly_Billy--8293916488058275273 lang Java-9059947720623527775
221201 163211.886|INFO|Thread-245|info| receiveObject(S) end   got Packet[RUN_SUBMISSION_CONFIRM] #153 SERVER0 @ site 1 -> TEAM100 @ site 1
221201 163310.105|INFO|qtp1881561036-162|sendToLocalServer|Sending packet to server Packet[CLARIFICATION_SUBMISSION] #27 TEAM100 @ site 1 -> SERVER0 @ site 1
221201 163310.105|INFO|qtp1881561036-162|sendToLocalServer|Sent    packet to server Packet[CLARIFICATION_SUBMISSION] #27 TEAM100 @ site 1 -> SERVER0 @ site 1
221201 163310.143|INFO|Thread-253|info| receiveObject(S) start got Packet[CLARIFICATION_SUBMISSION_CONFIRM] #155 SERVER0 @ site 1 -> TEAM100 @ site 1
221201 163310.143|INFO|Thread-253|dumpPacket|Packet CLARIFICATION_SUBMISSION_CONFIRM (Seq #155, o#155 ) recieveObject
221201 163310.144|INFO|Thread-253|dumpPacket|  From: SERVER0 @ site 1, oSERVER0 @ site 1 (DESKTOP-D75BQTV @ 212.212.212.212) (Contest Id: Default--4708004230601002395)
221201 163310.144|INFO|Thread-253|dumpPacket|    To: TEAM100 @ site 1
221201 163310.144|INFO|Thread-253|dumpPacket|   key: CLARIFICATION is: edu.csus.ecs.pc2.core.model.Clarification Clarification 2 NEW from TEAM100 @ site 1 at 35 id=Clarification--286385315485529763
221201 163310.144|INFO|Thread-253|info|handlePacket start Packet[CLARIFICATION_SUBMISSION_CONFIRM] #155 SERVER0 @ site 1 -> TEAM100 @ site 1
221201 163310.144|INFO|Thread-253|dumpPacket|Packet CLARIFICATION_SUBMISSION_CONFIRM (Seq #155, o#155 ) handlePacket
221201 163310.144|INFO|Thread-253|dumpPacket|  From: SERVER0 @ site 1, oSERVER0 @ site 1 (DESKTOP-D75BQTV @ 212.212.212.212) (Contest Id: Default--4708004230601002395)
221201 163310.144|INFO|Thread-253|dumpPacket|    To: TEAM100 @ site 1
221201 163310.144|INFO|Thread-253|dumpPacket|   key: CLARIFICATION is: edu.csus.ecs.pc2.core.model.Clarification Clarification 2 NEW from TEAM100 @ site 1 at 35 id=Clarification--286385315485529763
221201 163310.144|INFO|Thread-253|info| receiveObject(S) end   got Packet[CLARIFICATION_SUBMISSION_CONFIRM] #155 SERVER0 @ site 1 -> TEAM100 @ site 1
221201 163335.802|INFO|Thread-258|info| receiveObject(S) start got Packet[CLOCK_STOPPED] #158 SERVER0 @ site 1 -> SERVER0 @ site 0
221201 163335.802|INFO|Thread-258|dumpPacket|Packet CLOCK_STOPPED (Seq #158, o#158 ) recieveObject
221201 163335.802|INFO|Thread-258|dumpPacket|  From: SERVER0 @ site 1, oSERVER0 @ site 1 (DESKTOP-D75BQTV @ 212.212.212.212) (Contest Id: Default--4708004230601002395)
221201 163335.802|INFO|Thread-258|dumpPacket|    To: SERVER0 @ site 0
221201 163335.802|INFO|Thread-258|dumpPacket|   key: SITE_NUMBER is: java.lang.Integer 1
221201 163335.802|INFO|Thread-258|dumpPacket|   key: CLIENT_ID is: edu.csus.ecs.pc2.core.model.ClientId SERVER0 @ site 1
221201 163335.802|INFO|Thread-258|info|handlePacket start Packet[CLOCK_STOPPED] #158 SERVER0 @ site 1 -> SERVER0 @ site 0
221201 163335.802|INFO|Thread-258|dumpPacket|Packet CLOCK_STOPPED (Seq #158, o#158 ) handlePacket
221201 163335.802|INFO|Thread-258|dumpPacket|  From: SERVER0 @ site 1, oSERVER0 @ site 1 (DESKTOP-D75BQTV @ 212.212.212.212) (Contest Id: Default--4708004230601002395)
221201 163335.802|INFO|Thread-258|dumpPacket|    To: SERVER0 @ site 0
221201 163335.802|INFO|Thread-258|dumpPacket|   key: SITE_NUMBER is: java.lang.Integer 1
221201 163335.802|INFO|Thread-258|dumpPacket|   key: CLIENT_ID is: edu.csus.ecs.pc2.core.model.ClientId SERVER0 @ site 1
221201 163335.802|INFO|Thread-258|info|Clock for site 1 stopped by SERVER0 @ site 1 elapsed 0:36:12
221201 163335.808|INFO|Thread-258|info| receiveObject(S) end   got Packet[CLOCK_STOPPED] #158 SERVER0 @ site 1 -> SERVER0 @ site 0
221201 163342.111|INFO|Thread-266|info| receiveObject(S) start got Packet[UPDATE_CLIENT_PROFILE] #164 SERVER0 @ site 1 -> TEAM100 @ site 1
221201 163342.111|INFO|Thread-266|dumpPacket|Packet UPDATE_CLIENT_PROFILE (Seq #164, o#164 ) recieveObject
221201 163342.111|INFO|Thread-266|dumpPacket|  From: SERVER0 @ site 1, oSERVER0 @ site 1 (DESKTOP-D75BQTV @ 212.212.212.212) (Contest Id: Template-3134289732913168670)
221201 163342.111|INFO|Thread-266|dumpPacket|    To: TEAM100 @ site 1
221201 163342.111|INFO|Thread-266|dumpPacket|   key: PROFILE_LIST is: [Ledu.csus.ecs.pc2.core.model.Profile; [Ledu.csus.ecs.pc2.core.model.Profile;@6c34b212
221201 163342.111|INFO|Thread-266|dumpPacket|   key: GENERAL_PROBLEM is: edu.csus.ecs.pc2.core.model.Problem General
221201 163342.111|INFO|Thread-266|dumpPacket|   key: CONTEST_TIME is: edu.csus.ecs.pc2.core.model.ContestTime edu.csus.ecs.pc2.core.model.ContestTime@62f351e4
221201 163342.111|INFO|Thread-266|dumpPacket|   key: CLIENT_SETTINGS_LIST is: [Ledu.csus.ecs.pc2.core.model.ClientSettings; [Ledu.csus.ecs.pc2.core.model.ClientSettings;@66ccd962
221201 163342.111|INFO|Thread-266|dumpPacket|   key: CLARIFICATION_LIST is: [Ledu.csus.ecs.pc2.core.model.Clarification; [Ledu.csus.ecs.pc2.core.model.Clarification;@23ce5bdf
221201 163342.111|INFO|Thread-266|dumpPacket|   key: CATEGORY_LIST is: [Ledu.csus.ecs.pc2.core.model.Category; [Ledu.csus.ecs.pc2.core.model.Category;@6a23d996
221201 163342.111|INFO|Thread-266|dumpPacket|   key: LANGUAGE_LIST is: [Ledu.csus.ecs.pc2.core.model.Language; [Ledu.csus.ecs.pc2.core.model.Language;@12a7d947
221201 163342.111|INFO|Thread-266|dumpPacket|   key: REMOTE_LOGGED_IN_USERS is: [Ledu.csus.ecs.pc2.core.model.ClientId; [Ledu.csus.ecs.pc2.core.model.ClientId;@12a005b8
221201 163342.111|INFO|Thread-266|dumpPacket|   key: CONTEST_TIME_LIST is: [Ledu.csus.ecs.pc2.core.model.ContestTime; [Ledu.csus.ecs.pc2.core.model.ContestTime;@43e1a490
221201 163342.111|INFO|Thread-266|dumpPacket|   key: CONNECTION_HANDLE_ID_LIST is: [Ledu.csus.ecs.pc2.core.transport.ConnectionHandlerID; [Ledu.csus.ecs.pc2.core.transport.ConnectionHandlerID;@377a3a13
221201 163342.111|INFO|Thread-266|dumpPacket|   key: PROFILE is: edu.csus.ecs.pc2.core.model.Profile Template-3134289732913168670
221201 163342.111|INFO|Thread-266|dumpPacket|   key: CLIENT_ID is: edu.csus.ecs.pc2.core.model.ClientId TEAM100 @ site 1
221201 163342.111|INFO|Thread-266|dumpPacket|   key: SITE_NUMBER is: java.lang.Integer 1
221201 163342.111|INFO|Thread-266|dumpPacket|   key: CONTEST_INFORMATION is: edu.csus.ecs.pc2.core.model.ContestInformation edu.csus.ecs.pc2.core.model.ContestInformation@1bbba05a
221201 163342.111|INFO|Thread-266|dumpPacket|   key: SITE_LIST is: [Ledu.csus.ecs.pc2.core.model.Site; [Ledu.csus.ecs.pc2.core.model.Site;@9a4eb50
221201 163342.111|INFO|Thread-266|dumpPacket|   key: PROBLEM_DATA_FILES is: [Ledu.csus.ecs.pc2.core.model.ProblemDataFiles; [Ledu.csus.ecs.pc2.core.model.ProblemDataFiles;@47af1bd0
221201 163342.111|INFO|Thread-266|dumpPacket|   key: JUDGEMENT_LIST is: [Ledu.csus.ecs.pc2.core.model.Judgement; [Ledu.csus.ecs.pc2.core.model.Judgement;@21631b94
221201 163342.111|INFO|Thread-266|dumpPacket|   key: PROBLEM_LIST is: [Ledu.csus.ecs.pc2.core.model.Problem; [Ledu.csus.ecs.pc2.core.model.Problem;@671cd692
221201 163342.111|INFO|Thread-266|dumpPacket|   key: GROUP_LIST is: [Ledu.csus.ecs.pc2.core.model.Group; [Ledu.csus.ecs.pc2.core.model.Group;@494c5f4a
221201 163342.111|INFO|Thread-266|dumpPacket|   key: LOCAL_LOGGED_IN_USERS is: [Ledu.csus.ecs.pc2.core.model.ClientId; [Ledu.csus.ecs.pc2.core.model.ClientId;@7602bc28
221201 163342.111|INFO|Thread-266|dumpPacket|   key: SERVER_CLOCK_OFFSET is: java.util.GregorianCalendar java.util.GregorianCalendar[time=1669934022081,areFieldsSet=true,areAllFieldsSet=false,lenient=true,zone=sun.util.calendar.ZoneInfo[id="GMT",offset=0,dstSavings=0,useDaylight=false,transitions=0,lastRule=null],firstDayOfWeek=1,minimalDaysInFirstWeek=1,ERA=1,YEAR=2022,MONTH=11,WEEK_OF_YEAR=49,WEEK_OF_MONTH=1,DAY_OF_MONTH=1,DAY_OF_YEAR=335,DAY_OF_WEEK=5,DAY_OF_WEEK_IN_MONTH=1,AM_PM=1,HOUR=10,HOUR_OF_DAY=22,MINUTE=33,SECOND=42,MILLISECOND=81,ZONE_OFFSET=0,DST_OFFSET=0]
221201 163342.111|INFO|Thread-266|dumpPacket|   key: NEW_PROFILE is: edu.csus.ecs.pc2.core.model.Profile Template-3134289732913168670
221201 163342.111|INFO|Thread-266|dumpPacket|   key: CONTEST_IDENTIFIER is: java.lang.String Template-3134289732913168670
221201 163342.111|INFO|Thread-266|dumpPacket|   key: BALLOON_SETTINGS_LIST is: [Ledu.csus.ecs.pc2.core.model.BalloonSettings; [Ledu.csus.ecs.pc2.core.model.BalloonSettings;@4f84b6c7
221201 163342.111|INFO|Thread-266|dumpPacket|   key: RUN_LIST is: [Ledu.csus.ecs.pc2.core.model.Run; [Ledu.csus.ecs.pc2.core.model.Run;@4e2d51e3
221201 163342.111|INFO|Thread-266|dumpPacket|   key: ACCOUNT_ARRAY is: [Ledu.csus.ecs.pc2.core.model.Account; [Ledu.csus.ecs.pc2.core.model.Account;@65b0e163
221201 163342.111|INFO|Thread-266|info|handlePacket start Packet[UPDATE_CLIENT_PROFILE] #164 SERVER0 @ site 1 -> TEAM100 @ site 1
221201 163342.111|INFO|Thread-266|dumpPacket|Packet UPDATE_CLIENT_PROFILE (Seq #164, o#164 ) handlePacket
221201 163342.111|INFO|Thread-266|dumpPacket|  From: SERVER0 @ site 1, oSERVER0 @ site 1 (DESKTOP-D75BQTV @ 212.212.212.212) (Contest Id: Template-3134289732913168670)
221201 163342.111|INFO|Thread-266|dumpPacket|    To: TEAM100 @ site 1
221201 163342.111|INFO|Thread-266|dumpPacket|   key: PROFILE_LIST is: [Ledu.csus.ecs.pc2.core.model.Profile; [Ledu.csus.ecs.pc2.core.model.Profile;@6c34b212
221201 163342.111|INFO|Thread-266|dumpPacket|   key: GENERAL_PROBLEM is: edu.csus.ecs.pc2.core.model.Problem General
221201 163342.111|INFO|Thread-266|dumpPacket|   key: CONTEST_TIME is: edu.csus.ecs.pc2.core.model.ContestTime edu.csus.ecs.pc2.core.model.ContestTime@62f351e4
221201 163342.111|INFO|Thread-266|dumpPacket|   key: CLIENT_SETTINGS_LIST is: [Ledu.csus.ecs.pc2.core.model.ClientSettings; [Ledu.csus.ecs.pc2.core.model.ClientSettings;@66ccd962
221201 163342.111|INFO|Thread-266|dumpPacket|   key: CLARIFICATION_LIST is: [Ledu.csus.ecs.pc2.core.model.Clarification; [Ledu.csus.ecs.pc2.core.model.Clarification;@23ce5bdf
221201 163342.111|INFO|Thread-266|dumpPacket|   key: CATEGORY_LIST is: [Ledu.csus.ecs.pc2.core.model.Category; [Ledu.csus.ecs.pc2.core.model.Category;@6a23d996
221201 163342.111|INFO|Thread-266|dumpPacket|   key: LANGUAGE_LIST is: [Ledu.csus.ecs.pc2.core.model.Language; [Ledu.csus.ecs.pc2.core.model.Language;@12a7d947
221201 163342.111|INFO|Thread-266|dumpPacket|   key: REMOTE_LOGGED_IN_USERS is: [Ledu.csus.ecs.pc2.core.model.ClientId; [Ledu.csus.ecs.pc2.core.model.ClientId;@12a005b8
221201 163342.111|INFO|Thread-266|dumpPacket|   key: CONTEST_TIME_LIST is: [Ledu.csus.ecs.pc2.core.model.ContestTime; [Ledu.csus.ecs.pc2.core.model.ContestTime;@43e1a490
221201 163342.111|INFO|Thread-266|dumpPacket|   key: CONNECTION_HANDLE_ID_LIST is: [Ledu.csus.ecs.pc2.core.transport.ConnectionHandlerID; [Ledu.csus.ecs.pc2.core.transport.ConnectionHandlerID;@377a3a13
221201 163342.111|INFO|Thread-266|dumpPacket|   key: PROFILE is: edu.csus.ecs.pc2.core.model.Profile Template-3134289732913168670
221201 163342.111|INFO|Thread-266|dumpPacket|   key: CLIENT_ID is: edu.csus.ecs.pc2.core.model.ClientId TEAM100 @ site 1
221201 163342.111|INFO|Thread-266|dumpPacket|   key: SITE_NUMBER is: java.lang.Integer 1
221201 163342.111|INFO|Thread-266|dumpPacket|   key: CONTEST_INFORMATION is: edu.csus.ecs.pc2.core.model.ContestInformation edu.csus.ecs.pc2.core.model.ContestInformation@1bbba05a
221201 163342.111|INFO|Thread-266|dumpPacket|   key: SITE_LIST is: [Ledu.csus.ecs.pc2.core.model.Site; [Ledu.csus.ecs.pc2.core.model.Site;@9a4eb50
221201 163342.111|INFO|Thread-266|dumpPacket|   key: PROBLEM_DATA_FILES is: [Ledu.csus.ecs.pc2.core.model.ProblemDataFiles; [Ledu.csus.ecs.pc2.core.model.ProblemDataFiles;@47af1bd0
221201 163342.111|INFO|Thread-266|dumpPacket|   key: JUDGEMENT_LIST is: [Ledu.csus.ecs.pc2.core.model.Judgement; [Ledu.csus.ecs.pc2.core.model.Judgement;@21631b94
221201 163342.111|INFO|Thread-266|dumpPacket|   key: PROBLEM_LIST is: [Ledu.csus.ecs.pc2.core.model.Problem; [Ledu.csus.ecs.pc2.core.model.Problem;@671cd692
221201 163342.111|INFO|Thread-266|dumpPacket|   key: GROUP_LIST is: [Ledu.csus.ecs.pc2.core.model.Group; [Ledu.csus.ecs.pc2.core.model.Group;@494c5f4a
221201 163342.111|INFO|Thread-266|dumpPacket|   key: LOCAL_LOGGED_IN_USERS is: [Ledu.csus.ecs.pc2.core.model.ClientId; [Ledu.csus.ecs.pc2.core.model.ClientId;@7602bc28
221201 163342.111|INFO|Thread-266|dumpPacket|   key: SERVER_CLOCK_OFFSET is: java.util.GregorianCalendar java.util.GregorianCalendar[time=1669934022081,areFieldsSet=true,areAllFieldsSet=false,lenient=true,zone=sun.util.calendar.ZoneInfo[id="GMT",offset=0,dstSavings=0,useDaylight=false,transitions=0,lastRule=null],firstDayOfWeek=1,minimalDaysInFirstWeek=1,ERA=1,YEAR=2022,MONTH=11,WEEK_OF_YEAR=49,WEEK_OF_MONTH=1,DAY_OF_MONTH=1,DAY_OF_YEAR=335,DAY_OF_WEEK=5,DAY_OF_WEEK_IN_MONTH=1,AM_PM=1,HOUR=10,HOUR_OF_DAY=22,MINUTE=33,SECOND=42,MILLISECOND=81,ZONE_OFFSET=0,DST_OFFSET=0]
221201 163342.111|INFO|Thread-266|dumpPacket|   key: NEW_PROFILE is: edu.csus.ecs.pc2.core.model.Profile Template-3134289732913168670
221201 163342.111|INFO|Thread-266|dumpPacket|   key: CONTEST_IDENTIFIER is: java.lang.String Template-3134289732913168670
221201 163342.111|INFO|Thread-266|dumpPacket|   key: BALLOON_SETTINGS_LIST is: [Ledu.csus.ecs.pc2.core.model.BalloonSettings; [Ledu.csus.ecs.pc2.core.model.BalloonSettings;@4f84b6c7
221201 163342.111|INFO|Thread-266|dumpPacket|   key: RUN_LIST is: [Ledu.csus.ecs.pc2.core.model.Run; [Ledu.csus.ecs.pc2.core.model.Run;@4e2d51e3
221201 163342.111|INFO|Thread-266|dumpPacket|   key: ACCOUNT_ARRAY is: [Ledu.csus.ecs.pc2.core.model.Account; [Ledu.csus.ecs.pc2.core.model.Account;@65b0e163
221201 163342.119|INFO|Thread-266|reRegisterPlugins|plugin.setContestAndController for API Contest class
221201 163342.119|INFO|Thread-266|info|handleUpdateClientProfile fireAllRefreshEvents start
221201 163342.122|SEVERE|Thread-266|error|java.lang.NullPointerException: Cannot invoke "edu.csus.ecs.pc2.core.model.Run.isDeleted()" because "this.run" is null
|java.lang.NullPointerException: Cannot invoke "edu.csus.ecs.pc2.core.model.Run.isDeleted()" because "this.run" is null
|    at edu.csus.ecs.pc2.api.implementation.RunImplementation.<init> (RunImplementation.java:118)
|    at edu.csus.ecs.pc2.api.implementation.RunListenerList.fireRunListener (RunListenerList.java:33)
|    at edu.csus.ecs.pc2.api.implementation.RunListenerList.access$000 (RunListenerList.java:22)
|    at edu.csus.ecs.pc2.api.implementation.RunListenerList$Listener.refreshRuns (RunListenerList.java:150)
|    at edu.csus.ecs.pc2.core.model.InternalContest.fireRunListener (InternalContest.java:434)
|    at edu.csus.ecs.pc2.core.model.InternalContest.fireAllRefreshEvents (InternalContest.java:2880)
|    at edu.csus.ecs.pc2.core.PacketHandler.handleUpdateClientProfile (PacketHandler.java:996)
|    at edu.csus.ecs.pc2.core.PacketHandler.handleOtherPacketTypes (PacketHandler.java:413)
|    at edu.csus.ecs.pc2.core.PacketHandler.handlePacket (PacketHandler.java:267)
|    at edu.csus.ecs.pc2.core.InternalController.receiveObject (InternalController.java:2441)
|    at edu.csus.ecs.pc2.core.transport.TransportManager$2.run (TransportManager.java:343)
|    at java.lang.Thread.run (Thread.java:833)
221201 163342.122|INFO|Thread-266|info| receiveObject(S) end   got Packet[UPDATE_CLIENT_PROFILE] #164 SERVER0 @ site 1 -> TEAM100 @ site 1
221201 163428.053|INFO|Thread-269|info| receiveObject(S) start got Packet[UPDATE_CLIENT_PROFILE] #172 SERVER0 @ site 1 -> TEAM100 @ site 1
221201 163428.053|INFO|Thread-269|dumpPacket|Packet UPDATE_CLIENT_PROFILE (Seq #172, o#172 ) recieveObject
221201 163428.053|INFO|Thread-269|dumpPacket|  From: SERVER0 @ site 1, oSERVER0 @ site 1 (DESKTOP-D75BQTV @ 212.212.212.212) (Contest Id: Template--4146507625915957690)
221201 163428.053|INFO|Thread-269|dumpPacket|    To: TEAM100 @ site 1
221201 163428.053|INFO|Thread-269|dumpPacket|   key: PROFILE_LIST is: [Ledu.csus.ecs.pc2.core.model.Profile; [Ledu.csus.ecs.pc2.core.model.Profile;@1daea24f
221201 163428.060|INFO|Thread-269|dumpPacket|   key: GENERAL_PROBLEM is: edu.csus.ecs.pc2.core.model.Problem General
221201 163428.060|INFO|Thread-269|dumpPacket|   key: CONTEST_TIME is: edu.csus.ecs.pc2.core.model.ContestTime edu.csus.ecs.pc2.core.model.ContestTime@13695f8a
221201 163428.060|INFO|Thread-269|dumpPacket|   key: CLIENT_SETTINGS_LIST is: [Ledu.csus.ecs.pc2.core.model.ClientSettings; [Ledu.csus.ecs.pc2.core.model.ClientSettings;@1756c93f
221201 163428.060|INFO|Thread-269|dumpPacket|   key: CLARIFICATION_LIST is: [Ledu.csus.ecs.pc2.core.model.Clarification; [Ledu.csus.ecs.pc2.core.model.Clarification;@525455b1
221201 163428.060|INFO|Thread-269|dumpPacket|   key: CATEGORY_LIST is: [Ledu.csus.ecs.pc2.core.model.Category; [Ledu.csus.ecs.pc2.core.model.Category;@3a80296e
221201 163428.060|INFO|Thread-269|dumpPacket|   key: LANGUAGE_LIST is: [Ledu.csus.ecs.pc2.core.model.Language; [Ledu.csus.ecs.pc2.core.model.Language;@63cca4bb
221201 163428.060|INFO|Thread-269|dumpPacket|   key: REMOTE_LOGGED_IN_USERS is: [Ledu.csus.ecs.pc2.core.model.ClientId; [Ledu.csus.ecs.pc2.core.model.ClientId;@42f286cc
221201 163428.061|INFO|Thread-269|dumpPacket|   key: CONTEST_TIME_LIST is: [Ledu.csus.ecs.pc2.core.model.ContestTime; [Ledu.csus.ecs.pc2.core.model.ContestTime;@327baafe
221201 163428.061|INFO|Thread-269|dumpPacket|   key: CONNECTION_HANDLE_ID_LIST is: [Ledu.csus.ecs.pc2.core.transport.ConnectionHandlerID; [Ledu.csus.ecs.pc2.core.transport.ConnectionHandlerID;@90b3e86
221201 163428.061|INFO|Thread-269|dumpPacket|   key: PROFILE is: edu.csus.ecs.pc2.core.model.Profile Template--4146507625915957690
221201 163428.061|INFO|Thread-269|dumpPacket|   key: CLIENT_ID is: edu.csus.ecs.pc2.core.model.ClientId TEAM100 @ site 1
221201 163428.061|INFO|Thread-269|dumpPacket|   key: SITE_NUMBER is: java.lang.Integer 1
221201 163428.061|INFO|Thread-269|dumpPacket|   key: CONTEST_INFORMATION is: edu.csus.ecs.pc2.core.model.ContestInformation edu.csus.ecs.pc2.core.model.ContestInformation@fe4ba60
221201 163428.061|INFO|Thread-269|dumpPacket|   key: SITE_LIST is: [Ledu.csus.ecs.pc2.core.model.Site; [Ledu.csus.ecs.pc2.core.model.Site;@59f689b6
221201 163428.061|INFO|Thread-269|dumpPacket|   key: PROBLEM_DATA_FILES is: [Ledu.csus.ecs.pc2.core.model.ProblemDataFiles; [Ledu.csus.ecs.pc2.core.model.ProblemDataFiles;@3635f42c
221201 163428.061|INFO|Thread-269|dumpPacket|   key: JUDGEMENT_LIST is: [Ledu.csus.ecs.pc2.core.model.Judgement; [Ledu.csus.ecs.pc2.core.model.Judgement;@661a1362
221201 163428.061|INFO|Thread-269|dumpPacket|   key: PROBLEM_LIST is: [Ledu.csus.ecs.pc2.core.model.Problem; [Ledu.csus.ecs.pc2.core.model.Problem;@4c87927b
221201 163428.061|INFO|Thread-269|dumpPacket|   key: GROUP_LIST is: [Ledu.csus.ecs.pc2.core.model.Group; [Ledu.csus.ecs.pc2.core.model.Group;@21d10964
221201 163428.061|INFO|Thread-269|dumpPacket|   key: LOCAL_LOGGED_IN_USERS is: [Ledu.csus.ecs.pc2.core.model.ClientId; [Ledu.csus.ecs.pc2.core.model.ClientId;@385c0de6
221201 163428.061|INFO|Thread-269|dumpPacket|   key: SERVER_CLOCK_OFFSET is: java.util.GregorianCalendar java.util.GregorianCalendar[time=1669934067998,areFieldsSet=true,areAllFieldsSet=false,lenient=true,zone=sun.util.calendar.ZoneInfo[id="GMT",offset=0,dstSavings=0,useDaylight=false,transitions=0,lastRule=null],firstDayOfWeek=1,minimalDaysInFirstWeek=1,ERA=1,YEAR=2022,MONTH=11,WEEK_OF_YEAR=49,WEEK_OF_MONTH=1,DAY_OF_MONTH=1,DAY_OF_YEAR=335,DAY_OF_WEEK=5,DAY_OF_WEEK_IN_MONTH=1,AM_PM=1,HOUR=10,HOUR_OF_DAY=22,MINUTE=34,SECOND=27,MILLISECOND=998,ZONE_OFFSET=0,DST_OFFSET=0]
221201 163428.061|INFO|Thread-269|dumpPacket|   key: NEW_PROFILE is: edu.csus.ecs.pc2.core.model.Profile Template--4146507625915957690
221201 163428.061|INFO|Thread-269|dumpPacket|   key: CONTEST_IDENTIFIER is: java.lang.String Template--4146507625915957690
221201 163428.061|INFO|Thread-269|dumpPacket|   key: BALLOON_SETTINGS_LIST is: [Ledu.csus.ecs.pc2.core.model.BalloonSettings; [Ledu.csus.ecs.pc2.core.model.BalloonSettings;@e6b888c
221201 163428.061|INFO|Thread-269|dumpPacket|   key: RUN_LIST is: [Ledu.csus.ecs.pc2.core.model.Run; [Ledu.csus.ecs.pc2.core.model.Run;@7e8fc770
221201 163428.061|INFO|Thread-269|dumpPacket|   key: ACCOUNT_ARRAY is: [Ledu.csus.ecs.pc2.core.model.Account; [Ledu.csus.ecs.pc2.core.model.Account;@57bc7bec
221201 163428.061|INFO|Thread-269|info|handlePacket start Packet[UPDATE_CLIENT_PROFILE] #172 SERVER0 @ site 1 -> TEAM100 @ site 1
221201 163428.061|INFO|Thread-269|dumpPacket|Packet UPDATE_CLIENT_PROFILE (Seq #172, o#172 ) handlePacket
221201 163428.061|INFO|Thread-269|dumpPacket|  From: SERVER0 @ site 1, oSERVER0 @ site 1 (DESKTOP-D75BQTV @ 212.212.212.212) (Contest Id: Template--4146507625915957690)
221201 163428.061|INFO|Thread-269|dumpPacket|    To: TEAM100 @ site 1
221201 163428.061|INFO|Thread-269|dumpPacket|   key: PROFILE_LIST is: [Ledu.csus.ecs.pc2.core.model.Profile; [Ledu.csus.ecs.pc2.core.model.Profile;@1daea24f
221201 163428.061|INFO|Thread-269|dumpPacket|   key: GENERAL_PROBLEM is: edu.csus.ecs.pc2.core.model.Problem General
221201 163428.061|INFO|Thread-269|dumpPacket|   key: CONTEST_TIME is: edu.csus.ecs.pc2.core.model.ContestTime edu.csus.ecs.pc2.core.model.ContestTime@13695f8a
221201 163428.061|INFO|Thread-269|dumpPacket|   key: CLIENT_SETTINGS_LIST is: [Ledu.csus.ecs.pc2.core.model.ClientSettings; [Ledu.csus.ecs.pc2.core.model.ClientSettings;@1756c93f
221201 163428.061|INFO|Thread-269|dumpPacket|   key: CLARIFICATION_LIST is: [Ledu.csus.ecs.pc2.core.model.Clarification; [Ledu.csus.ecs.pc2.core.model.Clarification;@525455b1
221201 163428.061|INFO|Thread-269|dumpPacket|   key: CATEGORY_LIST is: [Ledu.csus.ecs.pc2.core.model.Category; [Ledu.csus.ecs.pc2.core.model.Category;@3a80296e
221201 163428.061|INFO|Thread-269|dumpPacket|   key: LANGUAGE_LIST is: [Ledu.csus.ecs.pc2.core.model.Language; [Ledu.csus.ecs.pc2.core.model.Language;@63cca4bb
221201 163428.061|INFO|Thread-269|dumpPacket|   key: REMOTE_LOGGED_IN_USERS is: [Ledu.csus.ecs.pc2.core.model.ClientId; [Ledu.csus.ecs.pc2.core.model.ClientId;@42f286cc
221201 163428.061|INFO|Thread-269|dumpPacket|   key: CONTEST_TIME_LIST is: [Ledu.csus.ecs.pc2.core.model.ContestTime; [Ledu.csus.ecs.pc2.core.model.ContestTime;@327baafe
221201 163428.061|INFO|Thread-269|dumpPacket|   key: CONNECTION_HANDLE_ID_LIST is: [Ledu.csus.ecs.pc2.core.transport.ConnectionHandlerID; [Ledu.csus.ecs.pc2.core.transport.ConnectionHandlerID;@90b3e86
221201 163428.061|INFO|Thread-269|dumpPacket|   key: PROFILE is: edu.csus.ecs.pc2.core.model.Profile Template--4146507625915957690
221201 163428.061|INFO|Thread-269|dumpPacket|   key: CLIENT_ID is: edu.csus.ecs.pc2.core.model.ClientId TEAM100 @ site 1
221201 163428.061|INFO|Thread-269|dumpPacket|   key: SITE_NUMBER is: java.lang.Integer 1
221201 163428.061|INFO|Thread-269|dumpPacket|   key: CONTEST_INFORMATION is: edu.csus.ecs.pc2.core.model.ContestInformation edu.csus.ecs.pc2.core.model.ContestInformation@fe4ba60
221201 163428.061|INFO|Thread-269|dumpPacket|   key: SITE_LIST is: [Ledu.csus.ecs.pc2.core.model.Site; [Ledu.csus.ecs.pc2.core.model.Site;@59f689b6
221201 163428.061|INFO|Thread-269|dumpPacket|   key: PROBLEM_DATA_FILES is: [Ledu.csus.ecs.pc2.core.model.ProblemDataFiles; [Ledu.csus.ecs.pc2.core.model.ProblemDataFiles;@3635f42c
221201 163428.061|INFO|Thread-269|dumpPacket|   key: JUDGEMENT_LIST is: [Ledu.csus.ecs.pc2.core.model.Judgement; [Ledu.csus.ecs.pc2.core.model.Judgement;@661a1362
221201 163428.061|INFO|Thread-269|dumpPacket|   key: PROBLEM_LIST is: [Ledu.csus.ecs.pc2.core.model.Problem; [Ledu.csus.ecs.pc2.core.model.Problem;@4c87927b
221201 163428.061|INFO|Thread-269|dumpPacket|   key: GROUP_LIST is: [Ledu.csus.ecs.pc2.core.model.Group; [Ledu.csus.ecs.pc2.core.model.Group;@21d10964
221201 163428.061|INFO|Thread-269|dumpPacket|   key: LOCAL_LOGGED_IN_USERS is: [Ledu.csus.ecs.pc2.core.model.ClientId; [Ledu.csus.ecs.pc2.core.model.ClientId;@385c0de6
221201 163428.061|INFO|Thread-269|dumpPacket|   key: SERVER_CLOCK_OFFSET is: java.util.GregorianCalendar java.util.GregorianCalendar[time=1669934067998,areFieldsSet=true,areAllFieldsSet=false,lenient=true,zone=sun.util.calendar.ZoneInfo[id="GMT",offset=0,dstSavings=0,useDaylight=false,transitions=0,lastRule=null],firstDayOfWeek=1,minimalDaysInFirstWeek=1,ERA=1,YEAR=2022,MONTH=11,WEEK_OF_YEAR=49,WEEK_OF_MONTH=1,DAY_OF_MONTH=1,DAY_OF_YEAR=335,DAY_OF_WEEK=5,DAY_OF_WEEK_IN_MONTH=1,AM_PM=1,HOUR=10,HOUR_OF_DAY=22,MINUTE=34,SECOND=27,MILLISECOND=998,ZONE_OFFSET=0,DST_OFFSET=0]
221201 163428.061|INFO|Thread-269|dumpPacket|   key: NEW_PROFILE is: edu.csus.ecs.pc2.core.model.Profile Template--4146507625915957690
221201 163428.061|INFO|Thread-269|dumpPacket|   key: CONTEST_IDENTIFIER is: java.lang.String Template--4146507625915957690
221201 163428.061|INFO|Thread-269|dumpPacket|   key: BALLOON_SETTINGS_LIST is: [Ledu.csus.ecs.pc2.core.model.BalloonSettings; [Ledu.csus.ecs.pc2.core.model.BalloonSettings;@e6b888c
221201 163428.061|INFO|Thread-269|dumpPacket|   key: RUN_LIST is: [Ledu.csus.ecs.pc2.core.model.Run; [Ledu.csus.ecs.pc2.core.model.Run;@7e8fc770
221201 163428.061|INFO|Thread-269|dumpPacket|   key: ACCOUNT_ARRAY is: [Ledu.csus.ecs.pc2.core.model.Account; [Ledu.csus.ecs.pc2.core.model.Account;@57bc7bec
221201 163428.069|INFO|Thread-269|reRegisterPlugins|plugin.setContestAndController for API Contest class
221201 163428.069|INFO|Thread-269|info|handleUpdateClientProfile fireAllRefreshEvents start
221201 163428.164|SEVERE|Thread-269|error|java.lang.NullPointerException: Cannot invoke "edu.csus.ecs.pc2.core.model.Run.isDeleted()" because "this.run" is null
|java.lang.NullPointerException: Cannot invoke "edu.csus.ecs.pc2.core.model.Run.isDeleted()" because "this.run" is null
|    at edu.csus.ecs.pc2.api.implementation.RunImplementation.<init> (RunImplementation.java:118)
|    at edu.csus.ecs.pc2.api.implementation.RunListenerList.fireRunListener (RunListenerList.java:33)
|    at edu.csus.ecs.pc2.api.implementation.RunListenerList.access$000 (RunListenerList.java:22)
|    at edu.csus.ecs.pc2.api.implementation.RunListenerList$Listener.refreshRuns (RunListenerList.java:150)
|    at edu.csus.ecs.pc2.core.model.InternalContest.fireRunListener (InternalContest.java:434)
|    at edu.csus.ecs.pc2.core.model.InternalContest.fireAllRefreshEvents (InternalContest.java:2880)
|    at edu.csus.ecs.pc2.core.PacketHandler.handleUpdateClientProfile (PacketHandler.java:996)
|    at edu.csus.ecs.pc2.core.PacketHandler.handleOtherPacketTypes (PacketHandler.java:413)
|    at edu.csus.ecs.pc2.core.PacketHandler.handlePacket (PacketHandler.java:267)
|    at edu.csus.ecs.pc2.core.InternalController.receiveObject (InternalController.java:2441)
|    at edu.csus.ecs.pc2.core.transport.TransportManager$2.run (TransportManager.java:343)
|    at java.lang.Thread.run (Thread.java:833)
221201 163428.164|INFO|Thread-269|info| receiveObject(S) end   got Packet[UPDATE_CLIENT_PROFILE] #172 SERVER0 @ site 1 -> TEAM100 @ site 1
221201 163444.123|INFO|Thread-277|info| receiveObject(S) start got Packet[CLOCK_STARTED] #176 SERVER0 @ site 1 -> SERVER0 @ site 0
221201 163444.123|INFO|Thread-277|dumpPacket|Packet CLOCK_STARTED (Seq #176, o#176 ) recieveObject
221201 163444.123|INFO|Thread-277|dumpPacket|  From: SERVER0 @ site 1, oSERVER0 @ site 1 (DESKTOP-D75BQTV @ 212.212.212.212) (Contest Id: Template--4146507625915957690)
221201 163444.123|INFO|Thread-277|dumpPacket|    To: SERVER0 @ site 0
221201 163444.123|INFO|Thread-277|dumpPacket|   key: SITE_NUMBER is: java.lang.Integer 1
221201 163444.123|INFO|Thread-277|dumpPacket|   key: CLIENT_ID is: edu.csus.ecs.pc2.core.model.ClientId SERVER0 @ site 1
221201 163444.123|INFO|Thread-277|dumpPacket|   key: SERVER_CLOCK_OFFSET is: java.util.GregorianCalendar java.util.GregorianCalendar[time=1669934084113,areFieldsSet=true,areAllFieldsSet=false,lenient=true,zone=sun.util.calendar.ZoneInfo[id="GMT",offset=0,dstSavings=0,useDaylight=false,transitions=0,lastRule=null],firstDayOfWeek=1,minimalDaysInFirstWeek=1,ERA=1,YEAR=2022,MONTH=11,WEEK_OF_YEAR=49,WEEK_OF_MONTH=1,DAY_OF_MONTH=1,DAY_OF_YEAR=335,DAY_OF_WEEK=5,DAY_OF_WEEK_IN_MONTH=1,AM_PM=1,HOUR=10,HOUR_OF_DAY=22,MINUTE=34,SECOND=44,MILLISECOND=113,ZONE_OFFSET=0,DST_OFFSET=0]
221201 163444.123|INFO|Thread-277|info|handlePacket start Packet[CLOCK_STARTED] #176 SERVER0 @ site 1 -> SERVER0 @ site 0
221201 163444.123|INFO|Thread-277|dumpPacket|Packet CLOCK_STARTED (Seq #176, o#176 ) handlePacket
221201 163444.123|INFO|Thread-277|dumpPacket|  From: SERVER0 @ site 1, oSERVER0 @ site 1 (DESKTOP-D75BQTV @ 212.212.212.212) (Contest Id: Template--4146507625915957690)
221201 163444.123|INFO|Thread-277|dumpPacket|    To: SERVER0 @ site 0
221201 163444.123|INFO|Thread-277|dumpPacket|   key: SITE_NUMBER is: java.lang.Integer 1
221201 163444.123|INFO|Thread-277|dumpPacket|   key: CLIENT_ID is: edu.csus.ecs.pc2.core.model.ClientId SERVER0 @ site 1
221201 163444.123|INFO|Thread-277|dumpPacket|   key: SERVER_CLOCK_OFFSET is: java.util.GregorianCalendar java.util.GregorianCalendar[time=1669934084113,areFieldsSet=true,areAllFieldsSet=false,lenient=true,zone=sun.util.calendar.ZoneInfo[id="GMT",offset=0,dstSavings=0,useDaylight=false,transitions=0,lastRule=null],firstDayOfWeek=1,minimalDaysInFirstWeek=1,ERA=1,YEAR=2022,MONTH=11,WEEK_OF_YEAR=49,WEEK_OF_MONTH=1,DAY_OF_MONTH=1,DAY_OF_YEAR=335,DAY_OF_WEEK=5,DAY_OF_WEEK_IN_MONTH=1,AM_PM=1,HOUR=10,HOUR_OF_DAY=22,MINUTE=34,SECOND=44,MILLISECOND=113,ZONE_OFFSET=0,DST_OFFSET=0]
221201 163444.129|INFO|Thread-277|info|Clock for site 1 started by SERVER0 @ site 1 elapsed 0:00:00
221201 163444.130|INFO|Thread-277|info| receiveObject(S) end   got Packet[CLOCK_STARTED] #176 SERVER0 @ site 1 -> SERVER0 @ site 0
221201 163623.243|INFO|qtp1881561036-198|sendToLocalServer|Sending packet to server Packet[RUN_SUBMISSION] #28 TEAM100 @ site 1 -> SERVER0 @ site 1
221201 163623.243|INFO|qtp1881561036-198|sendToLocalServer|Sent    packet to server Packet[RUN_SUBMISSION] #28 TEAM100 @ site 1 -> SERVER0 @ site 1
221201 163623.284|INFO|Thread-284|info| receiveObject(S) start got Packet[RUN_SUBMISSION_CONFIRM] #177 SERVER0 @ site 1 -> TEAM100 @ site 1
221201 163623.284|INFO|Thread-284|dumpPacket|Packet RUN_SUBMISSION_CONFIRM (Seq #177, o#177 ) recieveObject
221201 163623.284|INFO|Thread-284|dumpPacket|  From: SERVER0 @ site 1, oSERVER0 @ site 1 (DESKTOP-D75BQTV @ 212.212.212.212) (Contest Id: Template--4146507625915957690)
221201 163623.284|INFO|Thread-284|dumpPacket|    To: TEAM100 @ site 1
221201 163623.284|INFO|Thread-284|dumpPacket|   key: RUN is: edu.csus.ecs.pc2.core.model.Run Run 1 NEW 1 min 99147ms from TEAM100 @ site 1 id Run-3900814632778639149 problem Silly_Billy--8293916488058275273 lang Java-9059947720623527775
221201 163623.284|INFO|Thread-284|info|handlePacket start Packet[RUN_SUBMISSION_CONFIRM] #177 SERVER0 @ site 1 -> TEAM100 @ site 1
221201 163623.284|INFO|Thread-284|dumpPacket|Packet RUN_SUBMISSION_CONFIRM (Seq #177, o#177 ) handlePacket
221201 163623.284|INFO|Thread-284|dumpPacket|  From: SERVER0 @ site 1, oSERVER0 @ site 1 (DESKTOP-D75BQTV @ 212.212.212.212) (Contest Id: Template--4146507625915957690)
221201 163623.284|INFO|Thread-284|dumpPacket|    To: TEAM100 @ site 1
221201 163623.284|INFO|Thread-284|dumpPacket|   key: RUN is: edu.csus.ecs.pc2.core.model.Run Run 1 NEW 1 min 99147ms from TEAM100 @ site 1 id Run-3900814632778639149 problem Silly_Billy--8293916488058275273 lang Java-9059947720623527775
221201 163623.284|INFO|Thread-284|info| receiveObject(S) end   got Packet[RUN_SUBMISSION_CONFIRM] #177 SERVER0 @ site 1 -> TEAM100 @ site 1
221201 163632.776|INFO|qtp1881561036-145|sendToLocalServer|Sending packet to server Packet[CLARIFICATION_SUBMISSION] #29 TEAM100 @ site 1 -> SERVER0 @ site 1
221201 163632.776|INFO|qtp1881561036-145|sendToLocalServer|Sent    packet to server Packet[CLARIFICATION_SUBMISSION] #29 TEAM100 @ site 1 -> SERVER0 @ site 1
221201 163632.807|INFO|Thread-293|info| receiveObject(S) start got Packet[CLARIFICATION_SUBMISSION_CONFIRM] #179 SERVER0 @ site 1 -> TEAM100 @ site 1
221201 163632.808|INFO|Thread-293|dumpPacket|Packet CLARIFICATION_SUBMISSION_CONFIRM (Seq #179, o#179 ) recieveObject
221201 163632.808|INFO|Thread-293|dumpPacket|  From: SERVER0 @ site 1, oSERVER0 @ site 1 (DESKTOP-D75BQTV @ 212.212.212.212) (Contest Id: Template--4146507625915957690)
221201 163632.809|INFO|Thread-293|dumpPacket|    To: TEAM100 @ site 1
221201 163632.809|INFO|Thread-293|dumpPacket|   key: CLARIFICATION is: edu.csus.ecs.pc2.core.model.Clarification Clarification 1 NEW from TEAM100 @ site 1 at 1 id=Clarification--1973058649289308245
221201 163632.809|INFO|Thread-293|info|handlePacket start Packet[CLARIFICATION_SUBMISSION_CONFIRM] #179 SERVER0 @ site 1 -> TEAM100 @ site 1
221201 163632.809|INFO|Thread-293|dumpPacket|Packet CLARIFICATION_SUBMISSION_CONFIRM (Seq #179, o#179 ) handlePacket
221201 163632.809|INFO|Thread-293|dumpPacket|  From: SERVER0 @ site 1, oSERVER0 @ site 1 (DESKTOP-D75BQTV @ 212.212.212.212) (Contest Id: Template--4146507625915957690)
221201 163632.809|INFO|Thread-293|dumpPacket|    To: TEAM100 @ site 1
221201 163632.809|INFO|Thread-293|dumpPacket|   key: CLARIFICATION is: edu.csus.ecs.pc2.core.model.Clarification Clarification 1 NEW from TEAM100 @ site 1 at 1 id=Clarification--1973058649289308245
221201 163632.810|INFO|Thread-293|info| receiveObject(S) end   got Packet[CLARIFICATION_SUBMISSION_CONFIRM] #179 SERVER0 @ site 1 -> TEAM100 @ site 1
221201 163654.085|INFO|Thread-295|info| receiveObject(S) start got Packet[RUN_JUDGEMENT] #182 SERVER0 @ site 1 -> TEAM100 @ site 1
221201 163654.085|INFO|Thread-295|dumpPacket|Packet RUN_JUDGEMENT (Seq #182, o#182 ) recieveObject
221201 163654.085|INFO|Thread-295|dumpPacket|  From: SERVER0 @ site 1, oSERVER0 @ site 1 (DESKTOP-D75BQTV @ 212.212.212.212) (Contest Id: Template--4146507625915957690)
221201 163654.085|INFO|Thread-295|dumpPacket|    To: TEAM100 @ site 1
221201 163654.085|INFO|Thread-295|dumpPacket|   key: JUDGEMENT_RECORD is: edu.csus.ecs.pc2.core.model.JudgementRecord Yes by ADMINISTRATOR1 @ site 1 judgement Yes-448420548528869030 id JudgementRecord-8877906028651466777
221201 163654.085|INFO|Thread-295|dumpPacket|   key: RUN is: edu.csus.ecs.pc2.core.model.Run Run 1 JUDGED 1 min 99147ms from TEAM100 @ site 1 id Run-3900814632778639149 problem Silly_Billy--8293916488058275273 lang Java-9059947720623527775
221201 163654.085|INFO|Thread-295|dumpPacket|   key: CLIENT_ID is: edu.csus.ecs.pc2.core.model.ClientId SERVER0 @ site 1
221201 163654.085|INFO|Thread-295|info|handlePacket start Packet[RUN_JUDGEMENT] #182 SERVER0 @ site 1 -> TEAM100 @ site 1
221201 163654.085|INFO|Thread-295|dumpPacket|Packet RUN_JUDGEMENT (Seq #182, o#182 ) handlePacket
221201 163654.085|INFO|Thread-295|dumpPacket|  From: SERVER0 @ site 1, oSERVER0 @ site 1 (DESKTOP-D75BQTV @ 212.212.212.212) (Contest Id: Template--4146507625915957690)
221201 163654.085|INFO|Thread-295|dumpPacket|    To: TEAM100 @ site 1
221201 163654.085|INFO|Thread-295|dumpPacket|   key: JUDGEMENT_RECORD is: edu.csus.ecs.pc2.core.model.JudgementRecord Yes by ADMINISTRATOR1 @ site 1 judgement Yes-448420548528869030 id JudgementRecord-8877906028651466777
221201 163654.085|INFO|Thread-295|dumpPacket|   key: RUN is: edu.csus.ecs.pc2.core.model.Run Run 1 JUDGED 1 min 99147ms from TEAM100 @ site 1 id Run-3900814632778639149 problem Silly_Billy--8293916488058275273 lang Java-9059947720623527775
221201 163654.085|INFO|Thread-295|dumpPacket|   key: CLIENT_ID is: edu.csus.ecs.pc2.core.model.ClientId SERVER0 @ site 1
221201 163654.087|INFO|Thread-295|info| receiveObject(S) end   got Packet[RUN_JUDGEMENT] #182 SERVER0 @ site 1 -> TEAM100 @ site 1
221201 163701.968|INFO|Thread-303|info| receiveObject(S) start got Packet[CLARIFICATION_ANSWER_UPDATE] #186 SERVER0 @ site 1 -> TEAM100 @ site 1
221201 163701.968|INFO|Thread-303|dumpPacket|Packet CLARIFICATION_ANSWER_UPDATE (Seq #186, o#185 ) recieveObject
221201 163701.968|INFO|Thread-303|dumpPacket|  From: SERVER0 @ site 1, oSERVER0 @ site 1 (DESKTOP-D75BQTV @ 212.212.212.212) (Contest Id: Template--4146507625915957690)
221201 163701.968|INFO|Thread-303|dumpPacket|    To: TEAM100 @ site 1
221201 163701.968|INFO|Thread-303|dumpPacket|   key: CLARIFICATION is: edu.csus.ecs.pc2.core.model.Clarification Clarification 1 ANSWERED from TEAM100 @ site 1 at 1 id=Clarification--1973058649289308245
221201 163701.968|INFO|Thread-303|dumpPacket|   key: CLARIFICATION_ANSWER is: java.lang.String heh

221201 163701.968|INFO|Thread-303|dumpPacket|   key: CLIENT_ID is: edu.csus.ecs.pc2.core.model.ClientId ADMINISTRATOR1 @ site 1
221201 163701.969|INFO|Thread-303|info|handlePacket start Packet[CLARIFICATION_ANSWER_UPDATE] #186 SERVER0 @ site 1 -> TEAM100 @ site 1
221201 163701.969|INFO|Thread-303|dumpPacket|Packet CLARIFICATION_ANSWER_UPDATE (Seq #186, o#185 ) handlePacket
221201 163701.969|INFO|Thread-303|dumpPacket|  From: SERVER0 @ site 1, oSERVER0 @ site 1 (DESKTOP-D75BQTV @ 212.212.212.212) (Contest Id: Template--4146507625915957690)
221201 163701.969|INFO|Thread-303|dumpPacket|    To: TEAM100 @ site 1
221201 163701.969|INFO|Thread-303|dumpPacket|   key: CLARIFICATION is: edu.csus.ecs.pc2.core.model.Clarification Clarification 1 ANSWERED from TEAM100 @ site 1 at 1 id=Clarification--1973058649289308245
221201 163701.969|INFO|Thread-303|dumpPacket|   key: CLARIFICATION_ANSWER is: java.lang.String heh

221201 163701.969|INFO|Thread-303|dumpPacket|   key: CLIENT_ID is: edu.csus.ecs.pc2.core.model.ClientId ADMINISTRATOR1 @ site 1
221201 163701.971|INFO|Thread-303|info| receiveObject(S) end   got Packet[CLARIFICATION_ANSWER_UPDATE] #186 SERVER0 @ site 1 -> TEAM100 @ site 1
221201 163839.758|INFO|Thread-311|info| receiveObject(S) start got Packet[CLOCK_STOPPED] #191 SERVER0 @ site 1 -> SERVER0 @ site 0
221201 163839.758|INFO|Thread-311|dumpPacket|Packet CLOCK_STOPPED (Seq #191, o#191 ) recieveObject
221201 163839.758|INFO|Thread-311|dumpPacket|  From: SERVER0 @ site 1, oSERVER0 @ site 1 (DESKTOP-D75BQTV @ 212.212.212.212) (Contest Id: Template--4146507625915957690)
221201 163839.758|INFO|Thread-311|dumpPacket|    To: SERVER0 @ site 0
221201 163839.758|INFO|Thread-311|dumpPacket|   key: SITE_NUMBER is: java.lang.Integer 1
221201 163839.758|INFO|Thread-311|dumpPacket|   key: CLIENT_ID is: edu.csus.ecs.pc2.core.model.ClientId SERVER0 @ site 1
221201 163839.758|INFO|Thread-311|info|handlePacket start Packet[CLOCK_STOPPED] #191 SERVER0 @ site 1 -> SERVER0 @ site 0
221201 163839.758|INFO|Thread-311|dumpPacket|Packet CLOCK_STOPPED (Seq #191, o#191 ) handlePacket
221201 163839.758|INFO|Thread-311|dumpPacket|  From: SERVER0 @ site 1, oSERVER0 @ site 1 (DESKTOP-D75BQTV @ 212.212.212.212) (Contest Id: Template--4146507625915957690)
221201 163839.760|INFO|Thread-311|dumpPacket|    To: SERVER0 @ site 0
221201 163839.760|INFO|Thread-311|dumpPacket|   key: SITE_NUMBER is: java.lang.Integer 1
221201 163839.760|INFO|Thread-311|dumpPacket|   key: CLIENT_ID is: edu.csus.ecs.pc2.core.model.ClientId SERVER0 @ site 1
221201 163839.761|INFO|Thread-311|info|Clock for site 1 stopped by SERVER0 @ site 1 elapsed 0:03:55
221201 163839.763|INFO|Thread-311|info| receiveObject(S) end   got Packet[CLOCK_STOPPED] #191 SERVER0 @ site 1 -> SERVER0 @ site 0
221201 163840.562|INFO|Thread-319|info| receiveObject(S) start got Packet[CLOCK_STOPPED] #193 SERVER0 @ site 1 -> SERVER0 @ site 0
221201 163840.563|INFO|Thread-319|dumpPacket|Packet CLOCK_STOPPED (Seq #193, o#193 ) recieveObject
221201 163840.563|INFO|Thread-319|dumpPacket|  From: SERVER0 @ site 1, oSERVER0 @ site 1 (DESKTOP-D75BQTV @ 212.212.212.212) (Contest Id: Template--4146507625915957690)
221201 163840.563|INFO|Thread-319|dumpPacket|    To: SERVER0 @ site 0
221201 163840.563|INFO|Thread-319|dumpPacket|   key: SITE_NUMBER is: java.lang.Integer 1
221201 163840.563|INFO|Thread-319|dumpPacket|   key: CLIENT_ID is: edu.csus.ecs.pc2.core.model.ClientId SERVER0 @ site 1
221201 163840.563|INFO|Thread-319|info|handlePacket start Packet[CLOCK_STOPPED] #193 SERVER0 @ site 1 -> SERVER0 @ site 0
221201 163840.564|INFO|Thread-319|dumpPacket|Packet CLOCK_STOPPED (Seq #193, o#193 ) handlePacket
221201 163840.564|INFO|Thread-319|dumpPacket|  From: SERVER0 @ site 1, oSERVER0 @ site 1 (DESKTOP-D75BQTV @ 212.212.212.212) (Contest Id: Template--4146507625915957690)
221201 163840.565|INFO|Thread-319|dumpPacket|    To: SERVER0 @ site 0
221201 163840.565|INFO|Thread-319|dumpPacket|   key: SITE_NUMBER is: java.lang.Integer 1
221201 163840.565|INFO|Thread-319|dumpPacket|   key: CLIENT_ID is: edu.csus.ecs.pc2.core.model.ClientId SERVER0 @ site 1
221201 163840.566|INFO|Thread-319|info|Clock for site 1 stopped by SERVER0 @ site 1 elapsed 0:03:55
221201 163840.568|INFO|Thread-319|info| receiveObject(S) end   got Packet[CLOCK_STOPPED] #193 SERVER0 @ site 1 -> SERVER0 @ site 0
221201 163848.605|INFO|Thread-329|info| receiveObject(S) start got Packet[UPDATE_CLIENT_PROFILE] #199 SERVER0 @ site 1 -> TEAM100 @ site 1
221201 163848.605|INFO|Thread-329|dumpPacket|Packet UPDATE_CLIENT_PROFILE (Seq #199, o#199 ) recieveObject
221201 163848.605|INFO|Thread-329|dumpPacket|  From: SERVER0 @ site 1, oSERVER0 @ site 1 (DESKTOP-D75BQTV @ 212.212.212.212) (Contest Id: Template--4588011539998560318)
221201 163848.605|INFO|Thread-329|dumpPacket|    To: TEAM100 @ site 1
221201 163848.605|INFO|Thread-329|dumpPacket|   key: PROFILE_LIST is: [Ledu.csus.ecs.pc2.core.model.Profile; [Ledu.csus.ecs.pc2.core.model.Profile;@5e10a8de
221201 163848.605|INFO|Thread-329|dumpPacket|   key: GENERAL_PROBLEM is: edu.csus.ecs.pc2.core.model.Problem General
221201 163848.605|INFO|Thread-329|dumpPacket|   key: CONTEST_TIME is: edu.csus.ecs.pc2.core.model.ContestTime edu.csus.ecs.pc2.core.model.ContestTime@50d75d6c
221201 163848.605|INFO|Thread-329|dumpPacket|   key: CLIENT_SETTINGS_LIST is: [Ledu.csus.ecs.pc2.core.model.ClientSettings; [Ledu.csus.ecs.pc2.core.model.ClientSettings;@54e8c3ae
221201 163848.605|INFO|Thread-329|dumpPacket|   key: CLARIFICATION_LIST is: [Ledu.csus.ecs.pc2.core.model.Clarification; [Ledu.csus.ecs.pc2.core.model.Clarification;@11ea5757
221201 163848.605|INFO|Thread-329|dumpPacket|   key: CATEGORY_LIST is: [Ledu.csus.ecs.pc2.core.model.Category; [Ledu.csus.ecs.pc2.core.model.Category;@4a674bec
221201 163848.605|INFO|Thread-329|dumpPacket|   key: LANGUAGE_LIST is: [Ledu.csus.ecs.pc2.core.model.Language; [Ledu.csus.ecs.pc2.core.model.Language;@203143f1
221201 163848.605|INFO|Thread-329|dumpPacket|   key: REMOTE_LOGGED_IN_USERS is: [Ledu.csus.ecs.pc2.core.model.ClientId; [Ledu.csus.ecs.pc2.core.model.ClientId;@325601ea
221201 163848.605|INFO|Thread-329|dumpPacket|   key: CONTEST_TIME_LIST is: [Ledu.csus.ecs.pc2.core.model.ContestTime; [Ledu.csus.ecs.pc2.core.model.ContestTime;@71c5a818
221201 163848.605|INFO|Thread-329|dumpPacket|   key: CONNECTION_HANDLE_ID_LIST is: [Ledu.csus.ecs.pc2.core.transport.ConnectionHandlerID; [Ledu.csus.ecs.pc2.core.transport.ConnectionHandlerID;@18db5e7
221201 163848.605|INFO|Thread-329|dumpPacket|   key: PROFILE is: edu.csus.ecs.pc2.core.model.Profile Template--4588011539998560318
221201 163848.605|INFO|Thread-329|dumpPacket|   key: CLIENT_ID is: edu.csus.ecs.pc2.core.model.ClientId TEAM100 @ site 1
221201 163848.605|INFO|Thread-329|dumpPacket|   key: SITE_NUMBER is: java.lang.Integer 1
221201 163848.605|INFO|Thread-329|dumpPacket|   key: CONTEST_INFORMATION is: edu.csus.ecs.pc2.core.model.ContestInformation edu.csus.ecs.pc2.core.model.ContestInformation@2b0950ec
221201 163848.605|INFO|Thread-329|dumpPacket|   key: SITE_LIST is: [Ledu.csus.ecs.pc2.core.model.Site; [Ledu.csus.ecs.pc2.core.model.Site;@29524d36
221201 163848.605|INFO|Thread-329|dumpPacket|   key: PROBLEM_DATA_FILES is: [Ledu.csus.ecs.pc2.core.model.ProblemDataFiles; [Ledu.csus.ecs.pc2.core.model.ProblemDataFiles;@758bb56c
221201 163848.605|INFO|Thread-329|dumpPacket|   key: JUDGEMENT_LIST is: [Ledu.csus.ecs.pc2.core.model.Judgement; [Ledu.csus.ecs.pc2.core.model.Judgement;@19c504b7
221201 163848.605|INFO|Thread-329|dumpPacket|   key: PROBLEM_LIST is: [Ledu.csus.ecs.pc2.core.model.Problem; [Ledu.csus.ecs.pc2.core.model.Problem;@78aaa953
221201 163848.605|INFO|Thread-329|dumpPacket|   key: GROUP_LIST is: [Ledu.csus.ecs.pc2.core.model.Group; [Ledu.csus.ecs.pc2.core.model.Group;@43aa608d
221201 163848.605|INFO|Thread-329|dumpPacket|   key: LOCAL_LOGGED_IN_USERS is: [Ledu.csus.ecs.pc2.core.model.ClientId; [Ledu.csus.ecs.pc2.core.model.ClientId;@6b229d41
221201 163848.605|INFO|Thread-329|dumpPacket|   key: SERVER_CLOCK_OFFSET is: java.util.GregorianCalendar java.util.GregorianCalendar[time=1669934328581,areFieldsSet=true,areAllFieldsSet=false,lenient=true,zone=sun.util.calendar.ZoneInfo[id="GMT",offset=0,dstSavings=0,useDaylight=false,transitions=0,lastRule=null],firstDayOfWeek=1,minimalDaysInFirstWeek=1,ERA=1,YEAR=2022,MONTH=11,WEEK_OF_YEAR=49,WEEK_OF_MONTH=1,DAY_OF_MONTH=1,DAY_OF_YEAR=335,DAY_OF_WEEK=5,DAY_OF_WEEK_IN_MONTH=1,AM_PM=1,HOUR=10,HOUR_OF_DAY=22,MINUTE=38,SECOND=48,MILLISECOND=581,ZONE_OFFSET=0,DST_OFFSET=0]
221201 163848.605|INFO|Thread-329|dumpPacket|   key: NEW_PROFILE is: edu.csus.ecs.pc2.core.model.Profile Template--4588011539998560318
221201 163848.605|INFO|Thread-329|dumpPacket|   key: CONTEST_IDENTIFIER is: java.lang.String Template--4588011539998560318
221201 163848.605|INFO|Thread-329|dumpPacket|   key: BALLOON_SETTINGS_LIST is: [Ledu.csus.ecs.pc2.core.model.BalloonSettings; [Ledu.csus.ecs.pc2.core.model.BalloonSettings;@5a73dc2e
221201 163848.605|INFO|Thread-329|dumpPacket|   key: RUN_LIST is: [Ledu.csus.ecs.pc2.core.model.Run; [Ledu.csus.ecs.pc2.core.model.Run;@77be0602
221201 163848.605|INFO|Thread-329|dumpPacket|   key: ACCOUNT_ARRAY is: [Ledu.csus.ecs.pc2.core.model.Account; [Ledu.csus.ecs.pc2.core.model.Account;@6700ae70
221201 163848.605|INFO|Thread-329|info|handlePacket start Packet[UPDATE_CLIENT_PROFILE] #199 SERVER0 @ site 1 -> TEAM100 @ site 1
221201 163848.605|INFO|Thread-329|dumpPacket|Packet UPDATE_CLIENT_PROFILE (Seq #199, o#199 ) handlePacket
221201 163848.605|INFO|Thread-329|dumpPacket|  From: SERVER0 @ site 1, oSERVER0 @ site 1 (DESKTOP-D75BQTV @ 212.212.212.212) (Contest Id: Template--4588011539998560318)
221201 163848.605|INFO|Thread-329|dumpPacket|    To: TEAM100 @ site 1
221201 163848.605|INFO|Thread-329|dumpPacket|   key: PROFILE_LIST is: [Ledu.csus.ecs.pc2.core.model.Profile; [Ledu.csus.ecs.pc2.core.model.Profile;@5e10a8de
221201 163848.605|INFO|Thread-329|dumpPacket|   key: GENERAL_PROBLEM is: edu.csus.ecs.pc2.core.model.Problem General
221201 163848.605|INFO|Thread-329|dumpPacket|   key: CONTEST_TIME is: edu.csus.ecs.pc2.core.model.ContestTime edu.csus.ecs.pc2.core.model.ContestTime@50d75d6c
221201 163848.605|INFO|Thread-329|dumpPacket|   key: CLIENT_SETTINGS_LIST is: [Ledu.csus.ecs.pc2.core.model.ClientSettings; [Ledu.csus.ecs.pc2.core.model.ClientSettings;@54e8c3ae
221201 163848.605|INFO|Thread-329|dumpPacket|   key: CLARIFICATION_LIST is: [Ledu.csus.ecs.pc2.core.model.Clarification; [Ledu.csus.ecs.pc2.core.model.Clarification;@11ea5757
221201 163848.605|INFO|Thread-329|dumpPacket|   key: CATEGORY_LIST is: [Ledu.csus.ecs.pc2.core.model.Category; [Ledu.csus.ecs.pc2.core.model.Category;@4a674bec
221201 163848.605|INFO|Thread-329|dumpPacket|   key: LANGUAGE_LIST is: [Ledu.csus.ecs.pc2.core.model.Language; [Ledu.csus.ecs.pc2.core.model.Language;@203143f1
221201 163848.605|INFO|Thread-329|dumpPacket|   key: REMOTE_LOGGED_IN_USERS is: [Ledu.csus.ecs.pc2.core.model.ClientId; [Ledu.csus.ecs.pc2.core.model.ClientId;@325601ea
221201 163848.605|INFO|Thread-329|dumpPacket|   key: CONTEST_TIME_LIST is: [Ledu.csus.ecs.pc2.core.model.ContestTime; [Ledu.csus.ecs.pc2.core.model.ContestTime;@71c5a818
221201 163848.605|INFO|Thread-329|dumpPacket|   key: CONNECTION_HANDLE_ID_LIST is: [Ledu.csus.ecs.pc2.core.transport.ConnectionHandlerID; [Ledu.csus.ecs.pc2.core.transport.ConnectionHandlerID;@18db5e7
221201 163848.605|INFO|Thread-329|dumpPacket|   key: PROFILE is: edu.csus.ecs.pc2.core.model.Profile Template--4588011539998560318
221201 163848.605|INFO|Thread-329|dumpPacket|   key: CLIENT_ID is: edu.csus.ecs.pc2.core.model.ClientId TEAM100 @ site 1
221201 163848.605|INFO|Thread-329|dumpPacket|   key: SITE_NUMBER is: java.lang.Integer 1
221201 163848.605|INFO|Thread-329|dumpPacket|   key: CONTEST_INFORMATION is: edu.csus.ecs.pc2.core.model.ContestInformation edu.csus.ecs.pc2.core.model.ContestInformation@2b0950ec
221201 163848.605|INFO|Thread-329|dumpPacket|   key: SITE_LIST is: [Ledu.csus.ecs.pc2.core.model.Site; [Ledu.csus.ecs.pc2.core.model.Site;@29524d36
221201 163848.605|INFO|Thread-329|dumpPacket|   key: PROBLEM_DATA_FILES is: [Ledu.csus.ecs.pc2.core.model.ProblemDataFiles; [Ledu.csus.ecs.pc2.core.model.ProblemDataFiles;@758bb56c
221201 163848.605|INFO|Thread-329|dumpPacket|   key: JUDGEMENT_LIST is: [Ledu.csus.ecs.pc2.core.model.Judgement; [Ledu.csus.ecs.pc2.core.model.Judgement;@19c504b7
221201 163848.605|INFO|Thread-329|dumpPacket|   key: PROBLEM_LIST is: [Ledu.csus.ecs.pc2.core.model.Problem; [Ledu.csus.ecs.pc2.core.model.Problem;@78aaa953
221201 163848.605|INFO|Thread-329|dumpPacket|   key: GROUP_LIST is: [Ledu.csus.ecs.pc2.core.model.Group; [Ledu.csus.ecs.pc2.core.model.Group;@43aa608d
221201 163848.605|INFO|Thread-329|dumpPacket|   key: LOCAL_LOGGED_IN_USERS is: [Ledu.csus.ecs.pc2.core.model.ClientId; [Ledu.csus.ecs.pc2.core.model.ClientId;@6b229d41
221201 163848.605|INFO|Thread-329|dumpPacket|   key: SERVER_CLOCK_OFFSET is: java.util.GregorianCalendar java.util.GregorianCalendar[time=1669934328581,areFieldsSet=true,areAllFieldsSet=false,lenient=true,zone=sun.util.calendar.ZoneInfo[id="GMT",offset=0,dstSavings=0,useDaylight=false,transitions=0,lastRule=null],firstDayOfWeek=1,minimalDaysInFirstWeek=1,ERA=1,YEAR=2022,MONTH=11,WEEK_OF_YEAR=49,WEEK_OF_MONTH=1,DAY_OF_MONTH=1,DAY_OF_YEAR=335,DAY_OF_WEEK=5,DAY_OF_WEEK_IN_MONTH=1,AM_PM=1,HOUR=10,HOUR_OF_DAY=22,MINUTE=38,SECOND=48,MILLISECOND=581,ZONE_OFFSET=0,DST_OFFSET=0]
221201 163848.605|INFO|Thread-329|dumpPacket|   key: NEW_PROFILE is: edu.csus.ecs.pc2.core.model.Profile Template--4588011539998560318
221201 163848.605|INFO|Thread-329|dumpPacket|   key: CONTEST_IDENTIFIER is: java.lang.String Template--4588011539998560318
221201 163848.605|INFO|Thread-329|dumpPacket|   key: BALLOON_SETTINGS_LIST is: [Ledu.csus.ecs.pc2.core.model.BalloonSettings; [Ledu.csus.ecs.pc2.core.model.BalloonSettings;@5a73dc2e
221201 163848.605|INFO|Thread-329|dumpPacket|   key: RUN_LIST is: [Ledu.csus.ecs.pc2.core.model.Run; [Ledu.csus.ecs.pc2.core.model.Run;@77be0602
221201 163848.605|INFO|Thread-329|dumpPacket|   key: ACCOUNT_ARRAY is: [Ledu.csus.ecs.pc2.core.model.Account; [Ledu.csus.ecs.pc2.core.model.Account;@6700ae70
221201 163848.605|INFO|Thread-329|reRegisterPlugins|plugin.setContestAndController for API Contest class
221201 163848.605|INFO|Thread-329|info|handleUpdateClientProfile fireAllRefreshEvents start
221201 163848.605|SEVERE|Thread-329|error|java.lang.NullPointerException: Cannot invoke "edu.csus.ecs.pc2.core.model.Run.isDeleted()" because "this.run" is null
|java.lang.NullPointerException: Cannot invoke "edu.csus.ecs.pc2.core.model.Run.isDeleted()" because "this.run" is null
|    at edu.csus.ecs.pc2.api.implementation.RunImplementation.<init> (RunImplementation.java:118)
|    at edu.csus.ecs.pc2.api.implementation.RunListenerList.fireRunListener (RunListenerList.java:33)
|    at edu.csus.ecs.pc2.api.implementation.RunListenerList.access$000 (RunListenerList.java:22)
|    at edu.csus.ecs.pc2.api.implementation.RunListenerList$Listener.refreshRuns (RunListenerList.java:150)
|    at edu.csus.ecs.pc2.core.model.InternalContest.fireRunListener (InternalContest.java:434)
|    at edu.csus.ecs.pc2.core.model.InternalContest.fireAllRefreshEvents (InternalContest.java:2880)
|    at edu.csus.ecs.pc2.core.PacketHandler.handleUpdateClientProfile (PacketHandler.java:996)
|    at edu.csus.ecs.pc2.core.PacketHandler.handleOtherPacketTypes (PacketHandler.java:413)
|    at edu.csus.ecs.pc2.core.PacketHandler.handlePacket (PacketHandler.java:267)
|    at edu.csus.ecs.pc2.core.InternalController.receiveObject (InternalController.java:2441)
|    at edu.csus.ecs.pc2.core.transport.TransportManager$2.run (TransportManager.java:343)
|    at java.lang.Thread.run (Thread.java:833)
221201 163848.620|INFO|Thread-329|info| receiveObject(S) end   got Packet[UPDATE_CLIENT_PROFILE] #199 SERVER0 @ site 1 -> TEAM100 @ site 1
221208 152311.015|CONFIG|Thread-45|setFileHandlers|Now logging to C:\Users\18328\Desktop\pc2\WebTeamInterface-1.1\logs directory.
221208 152311.015|INFO|Thread-45|info|
221208 152311.015|INFO|Thread-45|info|Version 9 () Java ver 18.0.2.1 build  Windows 11 10.0 (amd64) 
221208 152311.015|INFO|Thread-45|info|Login: team100 (aka team100)
221208 152311.021|INFO|Thread-45|startLog|Working directory is C:\Users\18328\Desktop\pc2\WebTeamInterface-1.1
221208 152311.021|INFO|Thread-45|startLog|Process id is 8596@DESKTOP-D75BQTV
221208 152311.022|INFO|Thread-45|info| handlePacket original LOGIN_SUCCESS after -- all settings loaded 
221208 152311.022|INFO|Thread-45|info|handlePacket end Packet[LOGIN_SUCCESS] #51 SERVER0 @ site 1 -> TEAM100 @ site 1
221208 152311.022|INFO|Thread-45|info| receiveObject(S) end   got Packet[LOGIN_SUCCESS] #51 SERVER0 @ site 1 -> TEAM100 @ site 1
221210 070040.689|CONFIG|Thread-145|setFileHandlers|Now logging to C:\Users\18328\Desktop\pc2\WebTeamInterface-1.1\logs directory.
221210 070040.689|INFO|Thread-145|info|
221210 070040.689|INFO|Thread-145|info|Version 9 () Java ver 18.0.2.1 build  Windows 11 10.0 (amd64) 
221210 070040.689|INFO|Thread-145|info|Login: team100 (aka team100)
221210 070040.689|INFO|Thread-145|startLog|Working directory is C:\Users\18328\Desktop\pc2\WebTeamInterface-1.1
221210 070040.689|INFO|Thread-145|startLog|Process id is 20708@DESKTOP-D75BQTV
221210 070040.689|INFO|Thread-145|info| handlePacket original LOGIN_SUCCESS after -- all settings loaded 
221210 070040.689|INFO|Thread-145|info|handlePacket end Packet[LOGIN_SUCCESS] #98 SERVER0 @ site 1 -> TEAM100 @ site 1
221210 070040.689|INFO|Thread-145|info| receiveObject(S) end   got Packet[LOGIN_SUCCESS] #98 SERVER0 @ site 1 -> TEAM100 @ site 1
221210 070056.628|INFO|qtp996796369-22|sendToLocalServer|Sending packet to server Packet[RUN_SUBMISSION] #13 TEAM100 @ site 1 -> SERVER0 @ site 1
221210 070056.629|INFO|qtp996796369-22|sendToLocalServer|Sent    packet to server Packet[RUN_SUBMISSION] #13 TEAM100 @ site 1 -> SERVER0 @ site 1
221210 070056.659|INFO|Thread-149|info| receiveObject(S) start got Packet[RUN_SUBMISSION_CONFIRM] #100 SERVER0 @ site 1 -> TEAM100 @ site 1
221210 070056.659|INFO|Thread-149|dumpPacket|Packet RUN_SUBMISSION_CONFIRM (Seq #100, o#100 ) recieveObject
221210 070056.659|INFO|Thread-149|dumpPacket|  From: SERVER0 @ site 1, oSERVER0 @ site 1 (DESKTOP-D75BQTV @ 212.212.212.212) (Contest Id: Test-2009995449253116953)
221210 070056.659|INFO|Thread-149|dumpPacket|    To: TEAM100 @ site 1
221210 070056.659|INFO|Thread-149|dumpPacket|   key: RUN is: edu.csus.ecs.pc2.core.model.Run Run 6 NEW 26 min 1564221ms from TEAM100 @ site 1 id Run-3778355313518166514 problem loanur--1521127695391573182 lang Java-8995311559554510087
221210 070056.659|INFO|Thread-149|info|handlePacket start Packet[RUN_SUBMISSION_CONFIRM] #100 SERVER0 @ site 1 -> TEAM100 @ site 1
221210 070056.659|INFO|Thread-149|dumpPacket|Packet RUN_SUBMISSION_CONFIRM (Seq #100, o#100 ) handlePacket
221210 070056.659|INFO|Thread-149|dumpPacket|  From: SERVER0 @ site 1, oSERVER0 @ site 1 (DESKTOP-D75BQTV @ 212.212.212.212) (Contest Id: Test-2009995449253116953)
221210 070056.659|INFO|Thread-149|dumpPacket|    To: TEAM100 @ site 1
221210 070056.659|INFO|Thread-149|dumpPacket|   key: RUN is: edu.csus.ecs.pc2.core.model.Run Run 6 NEW 26 min 1564221ms from TEAM100 @ site 1 id Run-3778355313518166514 problem loanur--1521127695391573182 lang Java-8995311559554510087
221210 070056.663|INFO|Thread-149|info| receiveObject(S) end   got Packet[RUN_SUBMISSION_CONFIRM] #100 SERVER0 @ site 1 -> TEAM100 @ site 1
221210 070754.141|INFO|Thread-197|info| receiveObject(S) start got Packet[UPDATE_SETTING] #128 SERVER0 @ site 1 -> SERVER0 @ site 0
221210 070754.144|INFO|Thread-197|dumpPacket|Packet UPDATE_SETTING (Seq #128, o#34 ) recieveObject
221210 070754.145|INFO|Thread-197|dumpPacket|  From: SERVER0 @ site 1, oADMINISTRATOR1 @ site 1 (DESKTOP-D75BQTV @ 212.212.212.212) (Contest Id: Test-2009995449253116953)
221210 070754.145|INFO|Thread-197|dumpPacket|    To: SERVER0 @ site 0
221210 070754.145|INFO|Thread-197|dumpPacket|   key: PROBLEM is: edu.csus.ecs.pc2.core.model.Problem loanur
221210 070754.145|INFO|Thread-197|info|handlePacket start Packet[UPDATE_SETTING] #128 SERVER0 @ site 1 -> SERVER0 @ site 0
221210 070754.145|INFO|Thread-197|dumpPacket|Packet UPDATE_SETTING (Seq #128, o#34 ) handlePacket
221210 070754.145|INFO|Thread-197|dumpPacket|  From: SERVER0 @ site 1, oADMINISTRATOR1 @ site 1 (DESKTOP-D75BQTV @ 212.212.212.212) (Contest Id: Test-2009995449253116953)
221210 070754.145|INFO|Thread-197|dumpPacket|    To: SERVER0 @ site 0
221210 070754.145|INFO|Thread-197|dumpPacket|   key: PROBLEM is: edu.csus.ecs.pc2.core.model.Problem loanur
221210 070754.145|INFO|Thread-197|info|handlePacket end Packet[UPDATE_SETTING] #128 SERVER0 @ site 1 -> SERVER0 @ site 0
221210 070754.146|INFO|Thread-197|info| receiveObject(S) end   got Packet[UPDATE_SETTING] #128 SERVER0 @ site 1 -> SERVER0 @ site 0
221210 100547.482|CONFIG|Thread-70|setFileHandlers|Now logging to C:\Users\18328\Desktop\pc2\WebTeamInterface-1.1\logs directory.
221210 100547.482|INFO|Thread-70|info|
221210 100547.482|INFO|Thread-70|info|Version 9 () Java ver 18.0.2.1 build  Windows 11 10.0 (amd64) 
221210 100547.482|INFO|Thread-70|info|Login: team100 (aka team100)
221210 100547.483|INFO|Thread-70|startLog|Working directory is C:\Users\18328\Desktop\pc2\WebTeamInterface-1.1
221210 100547.483|INFO|Thread-70|startLog|Process id is 22344@DESKTOP-D75BQTV
221210 100547.483|INFO|Thread-70|info| handlePacket original LOGIN_SUCCESS after -- all settings loaded 
221210 100547.483|INFO|Thread-70|info|handlePacket end Packet[LOGIN_SUCCESS] #2047 SERVER0 @ site 1 -> TEAM100 @ site 1
221210 100547.483|INFO|Thread-70|info| receiveObject(S) end   got Packet[LOGIN_SUCCESS] #2047 SERVER0 @ site 1 -> TEAM100 @ site 1
221210 100605.738|INFO|qtp1613095350-55|sendToLocalServer|Sending packet to server Packet[LOGOUT] #11 TEAM100 @ site 1 -> SERVER0 @ site 1
221210 100605.738|INFO|qtp1613095350-55|sendToLocalServer|Sent    packet to server Packet[LOGOUT] #11 TEAM100 @ site 1 -> SERVER0 @ site 1
221210 100745.839|CONFIG|Thread-127|setFileHandlers|Now logging to C:\Users\18328\Desktop\pc2\WebTeamInterface-1.1\logs directory.
221210 100745.840|INFO|Thread-127|info|
221210 100745.840|INFO|Thread-127|info|Version 9 () Java ver 18.0.2.1 build  Windows 11 10.0 (amd64) 
221210 100745.840|INFO|Thread-127|info|Login: team100 (aka team100)
221210 100745.840|INFO|Thread-127|startLog|Working directory is C:\Users\18328\Desktop\pc2\WebTeamInterface-1.1
221210 100745.840|INFO|Thread-127|startLog|Process id is 22344@DESKTOP-D75BQTV
221210 100745.840|INFO|Thread-127|info| handlePacket original LOGIN_SUCCESS after -- all settings loaded 
221210 100745.840|INFO|Thread-127|info|handlePacket end Packet[LOGIN_SUCCESS] #2078 SERVER0 @ site 1 -> TEAM100 @ site 1
221210 100745.840|INFO|Thread-127|info| receiveObject(S) end   got Packet[LOGIN_SUCCESS] #2078 SERVER0 @ site 1 -> TEAM100 @ site 1
230921 155514.429|CONFIG|Thread-1592|setFileHandlers|Now logging to C:\Users\18328\Desktop\pc2\WebTeamInterface-1.1\logs directory.
230921 155514.429|INFO|Thread-1592|info|
230921 155514.429|INFO|Thread-1592|info|Version 9 () Java ver 18.0.2.1 build  Windows 11 10.0 (amd64) 
230921 155514.429|INFO|Thread-1592|info|Login: team100 (aka team100)
230921 155514.429|INFO|Thread-1592|startLog|Working directory is C:\Users\18328\Desktop\pc2\WebTeamInterface-1.1
230921 155514.429|INFO|Thread-1592|startLog|Process id is 1544@DESKTOP-D75BQTV
230921 155514.429|INFO|Thread-1592|info| handlePacket original LOGIN_SUCCESS after -- all settings loaded 
230921 155514.429|INFO|Thread-1592|info|handlePacket end Packet[LOGIN_SUCCESS] #346 SERVER0 @ site 1 -> TEAM100 @ site 1
230921 155514.429|INFO|Thread-1592|info| receiveObject(S) end   got Packet[LOGIN_SUCCESS] #346 SERVER0 @ site 1 -> TEAM100 @ site 1
231209 103946.375|CONFIG|Thread-49308|setFileHandlers|Now logging to C:\Users\18328\Desktop\pc2\WebTeamInterface-1.1\logs directory.
231209 103946.375|INFO|Thread-49308|info|
231209 103946.375|INFO|Thread-49308|info|Version 9 () Java ver 18.0.2.1 build  Windows 11 10.0 (amd64) 
231209 103946.375|INFO|Thread-49308|info|Login: team100 (aka team100)
231209 103946.375|INFO|Thread-49308|startLog|Working directory is C:\Users\18328\Desktop\pc2\WebTeamInterface-1.1
231209 103946.375|INFO|Thread-49308|startLog|Process id is 15028@DESKTOP-D75BQTV
231209 103946.375|INFO|Thread-49308|info| handlePacket original LOGIN_SUCCESS after -- all settings loaded 
231209 103946.375|INFO|Thread-49308|info|handlePacket end Packet[LOGIN_SUCCESS] #3491 SERVER0 @ site 1 -> TEAM100 @ site 1
231209 103946.375|INFO|Thread-49308|info| receiveObject(S) end   got Packet[LOGIN_SUCCESS] #3491 SERVER0 @ site 1 -> TEAM100 @ site 1
231209 103949.190|INFO|qtp135640095-21784|sendToLocalServer|Sending packet to server Packet[LOGOUT] #638 TEAM100 @ site 1 -> SERVER0 @ site 1
231209 103949.190|INFO|qtp135640095-21784|sendToLocalServer|Sent    packet to server Packet[LOGOUT] #638 TEAM100 @ site 1 -> SERVER0 @ site 1
