221210 102124.394|CONFIG|Thread-2557|setFileHandlers|Now logging to C:\Users\18328\Desktop\pc2\WebTeamInterface-1.1\logs directory.
221210 102124.394|INFO|Thread-2557|info|
221210 102124.395|INFO|Thread-2557|info|Version 9 () Java ver 18.0.2.1 build  Windows 11 10.0 (amd64) 
221210 102124.395|INFO|Thread-2557|info|Login: team20 (aka team20)
221210 102124.395|INFO|Thread-2557|startLog|Working directory is C:\Users\18328\Desktop\pc2\WebTeamInterface-1.1
221210 102124.395|INFO|Thread-2557|startLog|Process id is 22344@DESKTOP-D75BQTV
221210 102124.395|INFO|Thread-2557|info| handlePacket original LOGIN_SUCCESS after -- all settings loaded 
221210 102124.395|INFO|Thread-2557|info|handlePacket end Packet[LOGIN_SUCCESS] #2540 SERVER0 @ site 1 -> TEAM20 @ site 1
221210 102124.395|INFO|Thread-2557|info| receiveObject(S) end   got Packet[LOGIN_SUCCESS] #2540 SERVER0 @ site 1 -> TEAM20 @ site 1
221210 102340.854|INFO|qtp1613095350-1896|sendToLocalServer|Sending packet to server Packet[RUN_SUBMISSION] #135 TEAM20 @ site 1 -> SERVER0 @ site 1
221210 102340.855|INFO|qtp1613095350-1896|sendToLocalServer|Sent    packet to server Packet[RUN_SUBMISSION] #135 TEAM20 @ site 1 -> SERVER0 @ site 1
221210 102340.873|INFO|Thread-2745|info| receiveObject(S) start got Packet[RUN_SUBMISSION_CONFIRM] #2578 SERVER0 @ site 1 -> TEAM20 @ site 1
221210 102340.873|INFO|Thread-2745|dumpPacket|Packet RUN_SUBMISSION_CONFIRM (Seq #2578, o#2578 ) recieveObject
221210 102340.873|INFO|Thread-2745|dumpPacket|  From: SERVER0 @ site 1, oSERVER0 @ site 1 (DESKTOP-D75BQTV @ 212.212.212.212) (Contest Id: DryRun--5544400451244233091)
221210 102340.873|INFO|Thread-2745|dumpPacket|    To: TEAM20 @ site 1
221210 102340.873|INFO|Thread-2745|dumpPacket|   key: RUN is: edu.csus.ecs.pc2.core.model.Run Run 121 NEW 156 min 9376319ms from TEAM20 @ site 1 id Run--5778192992106603067 problem dryrun--3838966659325508604 lang Java-9059947720623527775
221210 102340.873|INFO|Thread-2745|info|handlePacket start Packet[RUN_SUBMISSION_CONFIRM] #2578 SERVER0 @ site 1 -> TEAM20 @ site 1
221210 102340.873|INFO|Thread-2745|dumpPacket|Packet RUN_SUBMISSION_CONFIRM (Seq #2578, o#2578 ) handlePacket
221210 102340.873|INFO|Thread-2745|dumpPacket|  From: SERVER0 @ site 1, oSERVER0 @ site 1 (DESKTOP-D75BQTV @ 212.212.212.212) (Contest Id: DryRun--5544400451244233091)
221210 102340.873|INFO|Thread-2745|dumpPacket|    To: TEAM20 @ site 1
221210 102340.873|INFO|Thread-2745|dumpPacket|   key: RUN is: edu.csus.ecs.pc2.core.model.Run Run 121 NEW 156 min 9376319ms from TEAM20 @ site 1 id Run--5778192992106603067 problem dryrun--3838966659325508604 lang Java-9059947720623527775
221210 102340.873|INFO|Thread-2745|info| receiveObject(S) end   got Packet[RUN_SUBMISSION_CONFIRM] #2578 SERVER0 @ site 1 -> TEAM20 @ site 1
221210 102354.925|INFO|qtp1613095350-27|sendToLocalServer|Sending packet to server Packet[RUN_SUBMISSION] #137 TEAM20 @ site 1 -> SERVER0 @ site 1
221210 102354.925|INFO|qtp1613095350-27|sendToLocalServer|Sent    packet to server Packet[RUN_SUBMISSION] #137 TEAM20 @ site 1 -> SERVER0 @ site 1
221210 102354.952|INFO|Thread-2830|info| receiveObject(S) start got Packet[RUN_SUBMISSION_CONFIRM] #2584 SERVER0 @ site 1 -> TEAM20 @ site 1
221210 102354.952|INFO|Thread-2830|dumpPacket|Packet RUN_SUBMISSION_CONFIRM (Seq #2584, o#2584 ) recieveObject
221210 102354.952|INFO|Thread-2830|dumpPacket|  From: SERVER0 @ site 1, oSERVER0 @ site 1 (DESKTOP-D75BQTV @ 212.212.212.212) (Contest Id: DryRun--5544400451244233091)
221210 102354.952|INFO|Thread-2830|dumpPacket|    To: TEAM20 @ site 1
221210 102354.952|INFO|Thread-2830|dumpPacket|   key: RUN is: edu.csus.ecs.pc2.core.model.Run Run 122 NEW 156 min 9390391ms from TEAM20 @ site 1 id Run--8738302778179775629 problem dryrun--3838966659325508604 lang Java-9059947720623527775
221210 102354.952|INFO|Thread-2830|info|handlePacket start Packet[RUN_SUBMISSION_CONFIRM] #2584 SERVER0 @ site 1 -> TEAM20 @ site 1
221210 102354.952|INFO|Thread-2830|dumpPacket|Packet RUN_SUBMISSION_CONFIRM (Seq #2584, o#2584 ) handlePacket
221210 102354.952|INFO|Thread-2830|dumpPacket|  From: SERVER0 @ site 1, oSERVER0 @ site 1 (DESKTOP-D75BQTV @ 212.212.212.212) (Contest Id: DryRun--5544400451244233091)
221210 102354.952|INFO|Thread-2830|dumpPacket|    To: TEAM20 @ site 1
221210 102354.952|INFO|Thread-2830|dumpPacket|   key: RUN is: edu.csus.ecs.pc2.core.model.Run Run 122 NEW 156 min 9390391ms from TEAM20 @ site 1 id Run--8738302778179775629 problem dryrun--3838966659325508604 lang Java-9059947720623527775
221210 102354.952|INFO|Thread-2830|info| receiveObject(S) end   got Packet[RUN_SUBMISSION_CONFIRM] #2584 SERVER0 @ site 1 -> TEAM20 @ site 1
221210 102401.513|INFO|Thread-2915|info| receiveObject(S) start got Packet[RUN_JUDGEMENT] #2591 SERVER0 @ site 1 -> TEAM20 @ site 1
221210 102401.513|INFO|Thread-2915|dumpPacket|Packet RUN_JUDGEMENT (Seq #2591, o#2591 ) recieveObject
221210 102401.513|INFO|Thread-2915|dumpPacket|  From: SERVER0 @ site 1, oSERVER0 @ site 1 (DESKTOP-D75BQTV @ 212.212.212.212) (Contest Id: DryRun--5544400451244233091)
221210 102401.513|INFO|Thread-2915|dumpPacket|    To: TEAM20 @ site 1
221210 102401.513|INFO|Thread-2915|dumpPacket|   key: JUDGEMENT_RECORD is: edu.csus.ecs.pc2.core.model.JudgementRecord Yes by JUDGE5 @ site 1 judgement Yes-448420548528869030 id JudgementRecord--8667728211033159229
221210 102401.513|INFO|Thread-2915|dumpPacket|   key: RUN is: edu.csus.ecs.pc2.core.model.Run Run 121 JUDGED 156 min 9376319ms from TEAM20 @ site 1 id Run--5778192992106603067 problem dryrun--3838966659325508604 lang Java-9059947720623527775
221210 102401.513|INFO|Thread-2915|dumpPacket|   key: CLIENT_ID is: edu.csus.ecs.pc2.core.model.ClientId SERVER0 @ site 1
221210 102401.513|INFO|Thread-2915|info|handlePacket start Packet[RUN_JUDGEMENT] #2591 SERVER0 @ site 1 -> TEAM20 @ site 1
221210 102401.513|INFO|Thread-2915|dumpPacket|Packet RUN_JUDGEMENT (Seq #2591, o#2591 ) handlePacket
221210 102401.513|INFO|Thread-2915|dumpPacket|  From: SERVER0 @ site 1, oSERVER0 @ site 1 (DESKTOP-D75BQTV @ 212.212.212.212) (Contest Id: DryRun--5544400451244233091)
221210 102401.513|INFO|Thread-2915|dumpPacket|    To: TEAM20 @ site 1
221210 102401.513|INFO|Thread-2915|dumpPacket|   key: JUDGEMENT_RECORD is: edu.csus.ecs.pc2.core.model.JudgementRecord Yes by JUDGE5 @ site 1 judgement Yes-448420548528869030 id JudgementRecord--8667728211033159229
221210 102401.513|INFO|Thread-2915|dumpPacket|   key: RUN is: edu.csus.ecs.pc2.core.model.Run Run 121 JUDGED 156 min 9376319ms from TEAM20 @ site 1 id Run--5778192992106603067 problem dryrun--3838966659325508604 lang Java-9059947720623527775
221210 102401.513|INFO|Thread-2915|dumpPacket|   key: CLIENT_ID is: edu.csus.ecs.pc2.core.model.ClientId SERVER0 @ site 1
221210 102401.513|INFO|Thread-2915|info| receiveObject(S) end   got Packet[RUN_JUDGEMENT] #2591 SERVER0 @ site 1 -> TEAM20 @ site 1
221210 102455.780|INFO|Thread-3008|info| receiveObject(S) start got Packet[RUN_JUDGEMENT] #2603 SERVER0 @ site 1 -> TEAM20 @ site 1
221210 102455.780|INFO|Thread-3008|dumpPacket|Packet RUN_JUDGEMENT (Seq #2603, o#2603 ) recieveObject
221210 102455.780|INFO|Thread-3008|dumpPacket|  From: SERVER0 @ site 1, oSERVER0 @ site 1 (DESKTOP-D75BQTV @ 212.212.212.212) (Contest Id: DryRun--5544400451244233091)
221210 102455.780|INFO|Thread-3008|dumpPacket|    To: TEAM20 @ site 1
221210 102455.780|INFO|Thread-3008|dumpPacket|   key: JUDGEMENT_RECORD is: edu.csus.ecs.pc2.core.model.JudgementRecord Yes by JUDGE7 @ site 1 judgement Yes-448420548528869030 id JudgementRecord--4795178595689919722
221210 102455.780|INFO|Thread-3008|dumpPacket|   key: RUN is: edu.csus.ecs.pc2.core.model.Run Run 122 JUDGED 156 min 9390391ms from TEAM20 @ site 1 id Run--8738302778179775629 problem dryrun--3838966659325508604 lang Java-9059947720623527775
221210 102455.780|INFO|Thread-3008|dumpPacket|   key: CLIENT_ID is: edu.csus.ecs.pc2.core.model.ClientId SERVER0 @ site 1
221210 102455.780|INFO|Thread-3008|info|handlePacket start Packet[RUN_JUDGEMENT] #2603 SERVER0 @ site 1 -> TEAM20 @ site 1
221210 102455.780|INFO|Thread-3008|dumpPacket|Packet RUN_JUDGEMENT (Seq #2603, o#2603 ) handlePacket
221210 102455.780|INFO|Thread-3008|dumpPacket|  From: SERVER0 @ site 1, oSERVER0 @ site 1 (DESKTOP-D75BQTV @ 212.212.212.212) (Contest Id: DryRun--5544400451244233091)
221210 102455.780|INFO|Thread-3008|dumpPacket|    To: TEAM20 @ site 1
221210 102455.780|INFO|Thread-3008|dumpPacket|   key: JUDGEMENT_RECORD is: edu.csus.ecs.pc2.core.model.JudgementRecord Yes by JUDGE7 @ site 1 judgement Yes-448420548528869030 id JudgementRecord--4795178595689919722
221210 102455.780|INFO|Thread-3008|dumpPacket|   key: RUN is: edu.csus.ecs.pc2.core.model.Run Run 122 JUDGED 156 min 9390391ms from TEAM20 @ site 1 id Run--8738302778179775629 problem dryrun--3838966659325508604 lang Java-9059947720623527775
221210 102455.780|INFO|Thread-3008|dumpPacket|   key: CLIENT_ID is: edu.csus.ecs.pc2.core.model.ClientId SERVER0 @ site 1
221210 102455.780|INFO|Thread-3008|info| receiveObject(S) end   got Packet[RUN_JUDGEMENT] #2603 SERVER0 @ site 1 -> TEAM20 @ site 1
221210 103056.920|INFO|Thread-3553|info| receiveObject(S) start got Packet[CLOCK_STOPPED] #2696 SERVER0 @ site 1 -> SERVER0 @ site 0
221210 103056.920|INFO|Thread-3553|dumpPacket|Packet CLOCK_STOPPED (Seq #2696, o#2696 ) recieveObject
221210 103056.920|INFO|Thread-3553|dumpPacket|  From: SERVER0 @ site 1, oSERVER0 @ site 1 (DESKTOP-D75BQTV @ 212.212.212.212) (Contest Id: DryRun--5544400451244233091)
221210 103056.920|INFO|Thread-3553|dumpPacket|    To: SERVER0 @ site 0
221210 103056.920|INFO|Thread-3553|dumpPacket|   key: SITE_NUMBER is: java.lang.Integer 1
221210 103056.920|INFO|Thread-3553|dumpPacket|   key: CLIENT_ID is: edu.csus.ecs.pc2.core.model.ClientId SERVER0 @ site 1
221210 103056.920|INFO|Thread-3553|info|handlePacket start Packet[CLOCK_STOPPED] #2696 SERVER0 @ site 1 -> SERVER0 @ site 0
221210 103056.920|INFO|Thread-3553|dumpPacket|Packet CLOCK_STOPPED (Seq #2696, o#2696 ) handlePacket
221210 103056.920|INFO|Thread-3553|dumpPacket|  From: SERVER0 @ site 1, oSERVER0 @ site 1 (DESKTOP-D75BQTV @ 212.212.212.212) (Contest Id: DryRun--5544400451244233091)
221210 103056.920|INFO|Thread-3553|dumpPacket|    To: SERVER0 @ site 0
221210 103056.920|INFO|Thread-3553|dumpPacket|   key: SITE_NUMBER is: java.lang.Integer 1
221210 103056.920|INFO|Thread-3553|dumpPacket|   key: CLIENT_ID is: edu.csus.ecs.pc2.core.model.ClientId SERVER0 @ site 1
221210 103056.920|INFO|Thread-3553|info|Clock for site 1 stopped by SERVER0 @ site 1 elapsed 2:43:32
221210 103056.950|INFO|Thread-3553|info| receiveObject(S) end   got Packet[CLOCK_STOPPED] #2696 SERVER0 @ site 1 -> SERVER0 @ site 0
230921 162509.844|CONFIG|Thread-6327|setFileHandlers|Now logging to C:\Users\18328\Desktop\pc2\WebTeamInterface-1.1\logs directory.
230921 162509.844|INFO|Thread-6327|info|
230921 162509.852|INFO|Thread-6327|info|Version 9 () Java ver 18.0.2.1 build  Windows 11 10.0 (amd64) 
230921 162509.852|INFO|Thread-6327|info|Login: team20 (aka team20)
230921 162509.852|INFO|Thread-6327|startLog|Working directory is C:\Users\18328\Desktop\pc2\WebTeamInterface-1.1
230921 162509.852|INFO|Thread-6327|startLog|Process id is 1544@DESKTOP-D75BQTV
230921 162509.852|INFO|Thread-6327|info| handlePacket original LOGIN_SUCCESS after -- all settings loaded 
230921 162509.852|INFO|Thread-6327|info|handlePacket end Packet[LOGIN_SUCCESS] #705 SERVER0 @ site 1 -> TEAM20 @ site 1
230921 162509.852|INFO|Thread-6327|info| receiveObject(S) end   got Packet[LOGIN_SUCCESS] #705 SERVER0 @ site 1 -> TEAM20 @ site 1
230921 162547.029|INFO|qtp18242360-5492|sendToLocalServer|Sending packet to server Packet[RUN_SUBMISSION] #149 TEAM20 @ site 1 -> SERVER0 @ site 1
230921 162547.032|INFO|qtp18242360-5492|sendToLocalServer|Sent    packet to server Packet[RUN_SUBMISSION] #149 TEAM20 @ site 1 -> SERVER0 @ site 1
230921 162547.085|INFO|Thread-6502|info| receiveObject(S) start got Packet[RUN_SUBMISSION_CONFIRM] #719 SERVER0 @ site 1 -> TEAM20 @ site 1
230921 162547.085|INFO|Thread-6502|dumpPacket|Packet RUN_SUBMISSION_CONFIRM (Seq #719, o#719 ) recieveObject
230921 162547.085|INFO|Thread-6502|dumpPacket|  From: SERVER0 @ site 1, oSERVER0 @ site 1 (DESKTOP-D75BQTV @ 192.168.1.8) (Contest Id: Test2Novice-8167312297676738178)
230921 162547.085|INFO|Thread-6502|dumpPacket|    To: TEAM20 @ site 1
230921 162547.085|INFO|Thread-6502|dumpPacket|   key: RUN is: edu.csus.ecs.pc2.core.model.Run Run 69 NEW 42 min 2542837ms from TEAM20 @ site 1 id Run-4917857415360795222 problem Podracing-2457167650519032104 lang Java--8800253324652192008
230921 162547.085|INFO|Thread-6502|info|handlePacket start Packet[RUN_SUBMISSION_CONFIRM] #719 SERVER0 @ site 1 -> TEAM20 @ site 1
230921 162547.085|INFO|Thread-6502|dumpPacket|Packet RUN_SUBMISSION_CONFIRM (Seq #719, o#719 ) handlePacket
230921 162547.085|INFO|Thread-6502|dumpPacket|  From: SERVER0 @ site 1, oSERVER0 @ site 1 (DESKTOP-D75BQTV @ 192.168.1.8) (Contest Id: Test2Novice-8167312297676738178)
230921 162547.085|INFO|Thread-6502|dumpPacket|    To: TEAM20 @ site 1
230921 162547.085|INFO|Thread-6502|dumpPacket|   key: RUN is: edu.csus.ecs.pc2.core.model.Run Run 69 NEW 42 min 2542837ms from TEAM20 @ site 1 id Run-4917857415360795222 problem Podracing-2457167650519032104 lang Java--8800253324652192008
230921 162547.085|INFO|Thread-6502|info| receiveObject(S) end   got Packet[RUN_SUBMISSION_CONFIRM] #719 SERVER0 @ site 1 -> TEAM20 @ site 1
230921 162559.224|INFO|qtp18242360-2746|sendToLocalServer|Sending packet to server Packet[RUN_SUBMISSION] #150 TEAM20 @ site 1 -> SERVER0 @ site 1
230921 162559.224|INFO|qtp18242360-2746|sendToLocalServer|Sent    packet to server Packet[RUN_SUBMISSION] #150 TEAM20 @ site 1 -> SERVER0 @ site 1
230921 162559.289|INFO|Thread-6617|info| receiveObject(S) start got Packet[RUN_SUBMISSION_CONFIRM] #727 SERVER0 @ site 1 -> TEAM20 @ site 1
230921 162559.289|INFO|Thread-6617|dumpPacket|Packet RUN_SUBMISSION_CONFIRM (Seq #727, o#727 ) recieveObject
230921 162559.289|INFO|Thread-6617|dumpPacket|  From: SERVER0 @ site 1, oSERVER0 @ site 1 (DESKTOP-D75BQTV @ 192.168.1.8) (Contest Id: Test2Novice-8167312297676738178)
230921 162559.289|INFO|Thread-6617|dumpPacket|    To: TEAM20 @ site 1
230921 162559.289|INFO|Thread-6617|dumpPacket|   key: RUN is: edu.csus.ecs.pc2.core.model.Run Run 70 NEW 42 min 2555025ms from TEAM20 @ site 1 id Run-8994493702424904125 problem Empire-5714791484612952937 lang Java--8800253324652192008
230921 162559.289|INFO|Thread-6617|info|handlePacket start Packet[RUN_SUBMISSION_CONFIRM] #727 SERVER0 @ site 1 -> TEAM20 @ site 1
230921 162559.289|INFO|Thread-6617|dumpPacket|Packet RUN_SUBMISSION_CONFIRM (Seq #727, o#727 ) handlePacket
230921 162559.289|INFO|Thread-6617|dumpPacket|  From: SERVER0 @ site 1, oSERVER0 @ site 1 (DESKTOP-D75BQTV @ 192.168.1.8) (Contest Id: Test2Novice-8167312297676738178)
230921 162559.289|INFO|Thread-6617|dumpPacket|    To: TEAM20 @ site 1
230921 162559.289|INFO|Thread-6617|dumpPacket|   key: RUN is: edu.csus.ecs.pc2.core.model.Run Run 70 NEW 42 min 2555025ms from TEAM20 @ site 1 id Run-8994493702424904125 problem Empire-5714791484612952937 lang Java--8800253324652192008
230921 162559.289|INFO|Thread-6617|info| receiveObject(S) end   got Packet[RUN_SUBMISSION_CONFIRM] #727 SERVER0 @ site 1 -> TEAM20 @ site 1
230921 162611.926|INFO|qtp18242360-248|sendToLocalServer|Sending packet to server Packet[RUN_SUBMISSION] #151 TEAM20 @ site 1 -> SERVER0 @ site 1
230921 162611.926|INFO|qtp18242360-248|sendToLocalServer|Sent    packet to server Packet[RUN_SUBMISSION] #151 TEAM20 @ site 1 -> SERVER0 @ site 1
230921 162611.987|INFO|Thread-6732|info| receiveObject(S) start got Packet[RUN_SUBMISSION_CONFIRM] #733 SERVER0 @ site 1 -> TEAM20 @ site 1
230921 162611.987|INFO|Thread-6732|dumpPacket|Packet RUN_SUBMISSION_CONFIRM (Seq #733, o#733 ) recieveObject
230921 162611.987|INFO|Thread-6732|dumpPacket|  From: SERVER0 @ site 1, oSERVER0 @ site 1 (DESKTOP-D75BQTV @ 192.168.1.8) (Contest Id: Test2Novice-8167312297676738178)
230921 162611.987|INFO|Thread-6732|dumpPacket|    To: TEAM20 @ site 1
230921 162611.987|INFO|Thread-6732|dumpPacket|   key: RUN is: edu.csus.ecs.pc2.core.model.Run Run 71 NEW 42 min 2567735ms from TEAM20 @ site 1 id Run--2968485720190202019 problem OddEven--2835710212671502161 lang Java--8800253324652192008
230921 162611.987|INFO|Thread-6732|info|handlePacket start Packet[RUN_SUBMISSION_CONFIRM] #733 SERVER0 @ site 1 -> TEAM20 @ site 1
230921 162611.988|INFO|Thread-6732|dumpPacket|Packet RUN_SUBMISSION_CONFIRM (Seq #733, o#733 ) handlePacket
230921 162611.988|INFO|Thread-6732|dumpPacket|  From: SERVER0 @ site 1, oSERVER0 @ site 1 (DESKTOP-D75BQTV @ 192.168.1.8) (Contest Id: Test2Novice-8167312297676738178)
230921 162611.988|INFO|Thread-6732|dumpPacket|    To: TEAM20 @ site 1
230921 162611.988|INFO|Thread-6732|dumpPacket|   key: RUN is: edu.csus.ecs.pc2.core.model.Run Run 71 NEW 42 min 2567735ms from TEAM20 @ site 1 id Run--2968485720190202019 problem OddEven--2835710212671502161 lang Java--8800253324652192008
230921 162611.988|INFO|Thread-6732|info| receiveObject(S) end   got Packet[RUN_SUBMISSION_CONFIRM] #733 SERVER0 @ site 1 -> TEAM20 @ site 1
230921 162621.144|INFO|qtp18242360-4912|sendToLocalServer|Sending packet to server Packet[RUN_SUBMISSION] #152 TEAM20 @ site 1 -> SERVER0 @ site 1
230921 162621.144|INFO|qtp18242360-4912|sendToLocalServer|Sent    packet to server Packet[RUN_SUBMISSION] #152 TEAM20 @ site 1 -> SERVER0 @ site 1
230921 162621.204|INFO|Thread-6790|info| receiveObject(S) start got Packet[RUN_SUBMISSION_CONFIRM] #737 SERVER0 @ site 1 -> TEAM20 @ site 1
230921 162621.206|INFO|Thread-6790|dumpPacket|Packet RUN_SUBMISSION_CONFIRM (Seq #737, o#737 ) recieveObject
230921 162621.206|INFO|Thread-6790|dumpPacket|  From: SERVER0 @ site 1, oSERVER0 @ site 1 (DESKTOP-D75BQTV @ 192.168.1.8) (Contest Id: Test2Novice-8167312297676738178)
230921 162621.206|INFO|Thread-6790|dumpPacket|    To: TEAM20 @ site 1
230921 162621.206|INFO|Thread-6790|dumpPacket|   key: RUN is: edu.csus.ecs.pc2.core.model.Run Run 72 NEW 42 min 2576950ms from TEAM20 @ site 1 id Run-3881307017847521957 problem Jedi--3998977747694610288 lang Java--8800253324652192008
230921 162621.206|INFO|Thread-6790|info|handlePacket start Packet[RUN_SUBMISSION_CONFIRM] #737 SERVER0 @ site 1 -> TEAM20 @ site 1
230921 162621.206|INFO|Thread-6790|dumpPacket|Packet RUN_SUBMISSION_CONFIRM (Seq #737, o#737 ) handlePacket
230921 162621.206|INFO|Thread-6790|dumpPacket|  From: SERVER0 @ site 1, oSERVER0 @ site 1 (DESKTOP-D75BQTV @ 192.168.1.8) (Contest Id: Test2Novice-8167312297676738178)
230921 162621.206|INFO|Thread-6790|dumpPacket|    To: TEAM20 @ site 1
230921 162621.206|INFO|Thread-6790|dumpPacket|   key: RUN is: edu.csus.ecs.pc2.core.model.Run Run 72 NEW 42 min 2576950ms from TEAM20 @ site 1 id Run-3881307017847521957 problem Jedi--3998977747694610288 lang Java--8800253324652192008
230921 162621.206|INFO|Thread-6790|info| receiveObject(S) end   got Packet[RUN_SUBMISSION_CONFIRM] #737 SERVER0 @ site 1 -> TEAM20 @ site 1
230921 162630.667|INFO|qtp18242360-2746|sendToLocalServer|Sending packet to server Packet[RUN_SUBMISSION] #154 TEAM20 @ site 1 -> SERVER0 @ site 1
230921 162630.667|INFO|qtp18242360-2746|sendToLocalServer|Sent    packet to server Packet[RUN_SUBMISSION] #154 TEAM20 @ site 1 -> SERVER0 @ site 1
230921 162630.722|INFO|Thread-6904|info| receiveObject(S) start got Packet[RUN_SUBMISSION_CONFIRM] #741 SERVER0 @ site 1 -> TEAM20 @ site 1
230921 162630.722|INFO|Thread-6904|dumpPacket|Packet RUN_SUBMISSION_CONFIRM (Seq #741, o#741 ) recieveObject
230921 162630.722|INFO|Thread-6904|dumpPacket|  From: SERVER0 @ site 1, oSERVER0 @ site 1 (DESKTOP-D75BQTV @ 192.168.1.8) (Contest Id: Test2Novice-8167312297676738178)
230921 162630.722|INFO|Thread-6904|dumpPacket|    To: TEAM20 @ site 1
230921 162630.722|INFO|Thread-6904|dumpPacket|   key: RUN is: edu.csus.ecs.pc2.core.model.Run Run 74 NEW 43 min 2586468ms from TEAM20 @ site 1 id Run-4733370155089128754 problem Alpha--9197088170254786921 lang Java--8800253324652192008
230921 162630.722|INFO|Thread-6904|info|handlePacket start Packet[RUN_SUBMISSION_CONFIRM] #741 SERVER0 @ site 1 -> TEAM20 @ site 1
230921 162630.722|INFO|Thread-6904|dumpPacket|Packet RUN_SUBMISSION_CONFIRM (Seq #741, o#741 ) handlePacket
230921 162630.722|INFO|Thread-6904|dumpPacket|  From: SERVER0 @ site 1, oSERVER0 @ site 1 (DESKTOP-D75BQTV @ 192.168.1.8) (Contest Id: Test2Novice-8167312297676738178)
230921 162630.722|INFO|Thread-6904|dumpPacket|    To: TEAM20 @ site 1
230921 162630.722|INFO|Thread-6904|dumpPacket|   key: RUN is: edu.csus.ecs.pc2.core.model.Run Run 74 NEW 43 min 2586468ms from TEAM20 @ site 1 id Run-4733370155089128754 problem Alpha--9197088170254786921 lang Java--8800253324652192008
230921 162630.722|INFO|Thread-6904|info| receiveObject(S) end   got Packet[RUN_SUBMISSION_CONFIRM] #741 SERVER0 @ site 1 -> TEAM20 @ site 1
230921 162702.916|INFO|qtp18242360-5492|sendToLocalServer|Sending packet to server Packet[RUN_SUBMISSION] #155 TEAM20 @ site 1 -> SERVER0 @ site 1
230921 162702.916|INFO|qtp18242360-5492|sendToLocalServer|Sent    packet to server Packet[RUN_SUBMISSION] #155 TEAM20 @ site 1 -> SERVER0 @ site 1
230921 162702.986|INFO|Thread-6961|info| receiveObject(S) start got Packet[RUN_SUBMISSION_CONFIRM] #743 SERVER0 @ site 1 -> TEAM20 @ site 1
230921 162702.986|INFO|Thread-6961|dumpPacket|Packet RUN_SUBMISSION_CONFIRM (Seq #743, o#743 ) recieveObject
230921 162702.986|INFO|Thread-6961|dumpPacket|  From: SERVER0 @ site 1, oSERVER0 @ site 1 (DESKTOP-D75BQTV @ 192.168.1.8) (Contest Id: Test2Novice-8167312297676738178)
230921 162702.986|INFO|Thread-6961|dumpPacket|    To: TEAM20 @ site 1
230921 162702.986|INFO|Thread-6961|dumpPacket|   key: RUN is: edu.csus.ecs.pc2.core.model.Run Run 75 NEW 43 min 2618732ms from TEAM20 @ site 1 id Run-7055483630313348341 problem Sand--5935179617010290713 lang Java--8800253324652192008
230921 162702.986|INFO|Thread-6961|info|handlePacket start Packet[RUN_SUBMISSION_CONFIRM] #743 SERVER0 @ site 1 -> TEAM20 @ site 1
230921 162702.986|INFO|Thread-6961|dumpPacket|Packet RUN_SUBMISSION_CONFIRM (Seq #743, o#743 ) handlePacket
230921 162702.986|INFO|Thread-6961|dumpPacket|  From: SERVER0 @ site 1, oSERVER0 @ site 1 (DESKTOP-D75BQTV @ 192.168.1.8) (Contest Id: Test2Novice-8167312297676738178)
230921 162702.986|INFO|Thread-6961|dumpPacket|    To: TEAM20 @ site 1
230921 162702.986|INFO|Thread-6961|dumpPacket|   key: RUN is: edu.csus.ecs.pc2.core.model.Run Run 75 NEW 43 min 2618732ms from TEAM20 @ site 1 id Run-7055483630313348341 problem Sand--5935179617010290713 lang Java--8800253324652192008
230921 162702.988|INFO|Thread-6961|info| receiveObject(S) end   got Packet[RUN_SUBMISSION_CONFIRM] #743 SERVER0 @ site 1 -> TEAM20 @ site 1
230921 162713.771|INFO|qtp18242360-2746|sendToLocalServer|Sending packet to server Packet[RUN_SUBMISSION] #156 TEAM20 @ site 1 -> SERVER0 @ site 1
230921 162713.771|INFO|qtp18242360-2746|sendToLocalServer|Sent    packet to server Packet[RUN_SUBMISSION] #156 TEAM20 @ site 1 -> SERVER0 @ site 1
230921 162713.836|INFO|Thread-7018|info| receiveObject(S) start got Packet[RUN_SUBMISSION_CONFIRM] #745 SERVER0 @ site 1 -> TEAM20 @ site 1
230921 162713.839|INFO|Thread-7018|dumpPacket|Packet RUN_SUBMISSION_CONFIRM (Seq #745, o#745 ) recieveObject
230921 162713.839|INFO|Thread-7018|dumpPacket|  From: SERVER0 @ site 1, oSERVER0 @ site 1 (DESKTOP-D75BQTV @ 192.168.1.8) (Contest Id: Test2Novice-8167312297676738178)
230921 162713.839|INFO|Thread-7018|dumpPacket|    To: TEAM20 @ site 1
230921 162713.839|INFO|Thread-7018|dumpPacket|   key: RUN is: edu.csus.ecs.pc2.core.model.Run Run 76 NEW 43 min 2629592ms from TEAM20 @ site 1 id Run-6211952059225528609 problem Shanmugham--7980314340070374367 lang Java--8800253324652192008
230921 162713.839|INFO|Thread-7018|info|handlePacket start Packet[RUN_SUBMISSION_CONFIRM] #745 SERVER0 @ site 1 -> TEAM20 @ site 1
230921 162713.839|INFO|Thread-7018|dumpPacket|Packet RUN_SUBMISSION_CONFIRM (Seq #745, o#745 ) handlePacket
230921 162713.839|INFO|Thread-7018|dumpPacket|  From: SERVER0 @ site 1, oSERVER0 @ site 1 (DESKTOP-D75BQTV @ 192.168.1.8) (Contest Id: Test2Novice-8167312297676738178)
230921 162713.839|INFO|Thread-7018|dumpPacket|    To: TEAM20 @ site 1
230921 162713.839|INFO|Thread-7018|dumpPacket|   key: RUN is: edu.csus.ecs.pc2.core.model.Run Run 76 NEW 43 min 2629592ms from TEAM20 @ site 1 id Run-6211952059225528609 problem Shanmugham--7980314340070374367 lang Java--8800253324652192008
230921 162713.839|INFO|Thread-7018|info| receiveObject(S) end   got Packet[RUN_SUBMISSION_CONFIRM] #745 SERVER0 @ site 1 -> TEAM20 @ site 1
231209 094122.639|CONFIG|Thread-21935|setFileHandlers|Now logging to C:\Users\18328\Desktop\pc2\WebTeamInterface-1.1\logs directory.
231209 094122.639|INFO|Thread-21935|info|
231209 094122.639|INFO|Thread-21935|info|Version 9 () Java ver 18.0.2.1 build  Windows 11 10.0 (amd64) 
231209 094122.639|INFO|Thread-21935|info|Login: team20 (aka team20)
231209 094122.639|INFO|Thread-21935|startLog|Working directory is C:\Users\18328\Desktop\pc2\WebTeamInterface-1.1
231209 094122.639|INFO|Thread-21935|startLog|Process id is 15028@DESKTOP-D75BQTV
231209 094122.639|INFO|Thread-21935|info| handlePacket original LOGIN_SUCCESS after -- all settings loaded 
231209 094122.639|INFO|Thread-21935|info|handlePacket end Packet[LOGIN_SUCCESS] #1777 SERVER0 @ site 1 -> TEAM20 @ site 1
231209 094122.639|INFO|Thread-21935|info| receiveObject(S) end   got Packet[LOGIN_SUCCESS] #1777 SERVER0 @ site 1 -> TEAM20 @ site 1
231209 095020.803|INFO|qtp135640095-21290|sendToLocalServer|Sending packet to server Packet[RUN_SUBMISSION] #384 TEAM20 @ site 1 -> SERVER0 @ site 1
231209 095020.803|INFO|qtp135640095-21290|sendToLocalServer|Sent    packet to server Packet[RUN_SUBMISSION] #384 TEAM20 @ site 1 -> SERVER0 @ site 1
231209 095020.894|INFO|Thread-28957|info| receiveObject(S) start got Packet[RUN_SUBMISSION_CONFIRM] #2116 SERVER0 @ site 1 -> TEAM20 @ site 1
231209 095020.894|INFO|Thread-28957|dumpPacket|Packet RUN_SUBMISSION_CONFIRM (Seq #2116, o#2116 ) recieveObject
231209 095020.894|INFO|Thread-28957|dumpPacket|  From: SERVER0 @ site 1, oSERVER0 @ site 1 (DESKTOP-D75BQTV @ 212.212.212.212) (Contest Id: DryRun--6069080675419338087)
231209 095020.894|INFO|Thread-28957|dumpPacket|    To: TEAM20 @ site 1
231209 095020.894|INFO|Thread-28957|dumpPacket|   key: RUN is: edu.csus.ecs.pc2.core.model.Run Run 134 NEW 129 min 7762416ms from TEAM20 @ site 1 id Run-9173511089685885903 problem DryRun--5056188413862619659 lang Java--8800253324652192008
231209 095020.894|INFO|Thread-28957|info|handlePacket start Packet[RUN_SUBMISSION_CONFIRM] #2116 SERVER0 @ site 1 -> TEAM20 @ site 1
231209 095020.894|INFO|Thread-28957|dumpPacket|Packet RUN_SUBMISSION_CONFIRM (Seq #2116, o#2116 ) handlePacket
231209 095020.894|INFO|Thread-28957|dumpPacket|  From: SERVER0 @ site 1, oSERVER0 @ site 1 (DESKTOP-D75BQTV @ 212.212.212.212) (Contest Id: DryRun--6069080675419338087)
231209 095020.894|INFO|Thread-28957|dumpPacket|    To: TEAM20 @ site 1
231209 095020.894|INFO|Thread-28957|dumpPacket|   key: RUN is: edu.csus.ecs.pc2.core.model.Run Run 134 NEW 129 min 7762416ms from TEAM20 @ site 1 id Run-9173511089685885903 problem DryRun--5056188413862619659 lang Java--8800253324652192008
231209 095020.896|INFO|Thread-28957|info| receiveObject(S) end   got Packet[RUN_SUBMISSION_CONFIRM] #2116 SERVER0 @ site 1 -> TEAM20 @ site 1
