221210 101211.921|CONFIG|qtp1613095350-117|setFileHandlers|Now logging to C:\Users\18328\Desktop\pc2\WebTeamInterface-1.1\logs directory.
221210 101211.921|INFO|qtp1613095350-117|info|
221210 101211.921|INFO|qtp1613095350-117|info|Version 9 () Java ver 18.0.2.1 build  Windows 11 10.0 (amd64) 
221210 101211.922|INFO|qtp1613095350-117|info|Login: team48 (aka team48)
221210 101211.922|INFO|qtp1613095350-117|startLog|Working directory is C:\Users\18328\Desktop\pc2\WebTeamInterface-1.1
221210 101211.922|INFO|qtp1613095350-117|startLog|Process id is 22344@DESKTOP-D75BQTV
221210 101211.922|INFO|qtp1613095350-117|info|Contacting server at 212.212.212.212:50002 as TEAM48 @ site 0
221210 101211.922|INFO|qtp1613095350-117|info|sendLoginRequest start - sending from TEAM48 @ site 0
221210 101211.922|INFO|qtp1613095350-117|sendToLocalServer|Sending packet to server Packet[LOGIN_REQUEST] #89 TEAM48 @ site 0 -> SERVER0 @ site 0
221210 101211.922|INFO|qtp1613095350-117|sendToLocalServer|Sent    packet to server Packet[LOGIN_REQUEST] #89 TEAM48 @ site 0 -> SERVER0 @ site 0
221210 101211.922|INFO|qtp1613095350-117|info|sendLoginRequest end - packet sent.
221210 101211.923|INFO|Thread-909|run|send(Serializable)
221210 101211.927|INFO|Thread-908|receive|public void receive(SealedObject TransportPacket, ConnectionHandlerID connectionHandlerID)
221210 101211.929|INFO|Thread-910|info| receiveObject(S) start got Packet[LOGIN_SUCCESS] #2369 SERVER0 @ site 1 -> TEAM48 @ site 1
221210 101211.929|INFO|Thread-910|dumpPacket|Packet LOGIN_SUCCESS (Seq #2369, o#2369 ) recieveObject
221210 101211.929|INFO|Thread-910|dumpPacket|  From: SERVER0 @ site 1, oSERVER0 @ site 1 (DESKTOP-D75BQTV @ 212.212.212.212) (Contest Id: DryRun--5544400451244233091)
221210 101211.929|INFO|Thread-910|dumpPacket|    To: TEAM48 @ site 1
221210 101211.929|INFO|Thread-910|dumpPacket|   key: PROFILE_LIST is: [Ledu.csus.ecs.pc2.core.model.Profile; [Ledu.csus.ecs.pc2.core.model.Profile;@46b455e3
221210 101211.929|INFO|Thread-910|dumpPacket|   key: GENERAL_PROBLEM is: edu.csus.ecs.pc2.core.model.Problem General
221210 101211.929|INFO|Thread-910|dumpPacket|   key: CLIENT_SETTINGS_LIST is: [Ledu.csus.ecs.pc2.core.model.ClientSettings; [Ledu.csus.ecs.pc2.core.model.ClientSettings;@4873b345
221210 101211.929|INFO|Thread-910|dumpPacket|   key: CONTEST_TIME is: edu.csus.ecs.pc2.core.model.ContestTime edu.csus.ecs.pc2.core.model.ContestTime@4c4c3e93
221210 101211.929|INFO|Thread-910|dumpPacket|   key: CLARIFICATION_LIST is: [Ledu.csus.ecs.pc2.core.model.Clarification; [Ledu.csus.ecs.pc2.core.model.Clarification;@94eb97e
221210 101211.929|INFO|Thread-910|dumpPacket|   key: CATEGORY_LIST is: [Ledu.csus.ecs.pc2.core.model.Category; [Ledu.csus.ecs.pc2.core.model.Category;@6d31eef9
221210 101211.929|INFO|Thread-910|dumpPacket|   key: LANGUAGE_LIST is: [Ledu.csus.ecs.pc2.core.model.Language; [Ledu.csus.ecs.pc2.core.model.Language;@380d9181
221210 101211.929|INFO|Thread-910|dumpPacket|   key: REMOTE_LOGGED_IN_USERS is: [Ledu.csus.ecs.pc2.core.model.ClientId; [Ledu.csus.ecs.pc2.core.model.ClientId;@159898b5
221210 101211.929|INFO|Thread-910|dumpPacket|   key: CONTEST_TIME_LIST is: [Ledu.csus.ecs.pc2.core.model.ContestTime; [Ledu.csus.ecs.pc2.core.model.ContestTime;@69614631
221210 101211.929|INFO|Thread-910|dumpPacket|   key: CONNECTION_HANDLE_ID_LIST is: [Ledu.csus.ecs.pc2.core.transport.ConnectionHandlerID; [Ledu.csus.ecs.pc2.core.transport.ConnectionHandlerID;@bc53bc2
221210 101211.929|INFO|Thread-910|dumpPacket|   key: PROFILE is: edu.csus.ecs.pc2.core.model.Profile DryRun--5544400451244233091
221210 101211.929|INFO|Thread-910|dumpPacket|   key: CLIENT_ID is: edu.csus.ecs.pc2.core.model.ClientId TEAM48 @ site 1
221210 101211.929|INFO|Thread-910|dumpPacket|   key: SITE_NUMBER is: java.lang.Integer 1
221210 101211.929|INFO|Thread-910|dumpPacket|   key: CONTEST_INFORMATION is: edu.csus.ecs.pc2.core.model.ContestInformation edu.csus.ecs.pc2.core.model.ContestInformation@5f9022a2
221210 101211.929|INFO|Thread-910|dumpPacket|   key: SITE_LIST is: [Ledu.csus.ecs.pc2.core.model.Site; [Ledu.csus.ecs.pc2.core.model.Site;@e9c54d5
221210 101211.929|INFO|Thread-910|dumpPacket|   key: PROBLEM_DATA_FILES is: [Ledu.csus.ecs.pc2.core.model.ProblemDataFiles; [Ledu.csus.ecs.pc2.core.model.ProblemDataFiles;@6d2fdbf9
221210 101211.929|INFO|Thread-910|dumpPacket|   key: JUDGEMENT_LIST is: [Ledu.csus.ecs.pc2.core.model.Judgement; [Ledu.csus.ecs.pc2.core.model.Judgement;@4f16e6b5
221210 101211.929|INFO|Thread-910|dumpPacket|   key: PROBLEM_LIST is: [Ledu.csus.ecs.pc2.core.model.Problem; [Ledu.csus.ecs.pc2.core.model.Problem;@11cd58c7
221210 101211.929|INFO|Thread-910|dumpPacket|   key: GROUP_LIST is: [Ledu.csus.ecs.pc2.core.model.Group; [Ledu.csus.ecs.pc2.core.model.Group;@7d9b9cd7
221210 101211.929|INFO|Thread-910|dumpPacket|   key: LOCAL_LOGGED_IN_USERS is: [Ledu.csus.ecs.pc2.core.model.ClientId; [Ledu.csus.ecs.pc2.core.model.ClientId;@6e78708e
221210 101211.929|INFO|Thread-910|dumpPacket|   key: SERVER_CLOCK_OFFSET is: java.util.GregorianCalendar java.util.GregorianCalendar[time=1670688731925,areFieldsSet=true,areAllFieldsSet=false,lenient=true,zone=sun.util.calendar.ZoneInfo[id="GMT",offset=0,dstSavings=0,useDaylight=false,transitions=0,lastRule=null],firstDayOfWeek=1,minimalDaysInFirstWeek=1,ERA=1,YEAR=2022,MONTH=11,WEEK_OF_YEAR=50,WEEK_OF_MONTH=2,DAY_OF_MONTH=10,DAY_OF_YEAR=344,DAY_OF_WEEK=7,DAY_OF_WEEK_IN_MONTH=2,AM_PM=1,HOUR=4,HOUR_OF_DAY=16,MINUTE=12,SECOND=11,MILLISECOND=925,ZONE_OFFSET=0,DST_OFFSET=0]
221210 101211.929|INFO|Thread-910|dumpPacket|   key: CONTEST_IDENTIFIER is: java.lang.String DryRun--5544400451244233091
221210 101211.929|INFO|Thread-910|dumpPacket|   key: BALLOON_SETTINGS_LIST is: [Ledu.csus.ecs.pc2.core.model.BalloonSettings; [Ledu.csus.ecs.pc2.core.model.BalloonSettings;@16a310ba
221210 101211.929|INFO|Thread-910|dumpPacket|   key: RUN_LIST is: [Ledu.csus.ecs.pc2.core.model.Run; [Ledu.csus.ecs.pc2.core.model.Run;@6dd369c9
221210 101211.930|INFO|Thread-910|dumpPacket|   key: ACCOUNT_ARRAY is: [Ledu.csus.ecs.pc2.core.model.Account; [Ledu.csus.ecs.pc2.core.model.Account;@4c0f2d80
221210 101211.930|INFO|Thread-910|info|handlePacket start Packet[LOGIN_SUCCESS] #2369 SERVER0 @ site 1 -> TEAM48 @ site 1
221210 101211.930|INFO|Thread-910|dumpPacket|Packet LOGIN_SUCCESS (Seq #2369, o#2369 ) handlePacket
221210 101211.930|INFO|Thread-910|dumpPacket|  From: SERVER0 @ site 1, oSERVER0 @ site 1 (DESKTOP-D75BQTV @ 212.212.212.212) (Contest Id: DryRun--5544400451244233091)
221210 101211.930|INFO|Thread-910|dumpPacket|    To: TEAM48 @ site 1
221210 101211.930|INFO|Thread-910|dumpPacket|   key: PROFILE_LIST is: [Ledu.csus.ecs.pc2.core.model.Profile; [Ledu.csus.ecs.pc2.core.model.Profile;@46b455e3
221210 101211.930|INFO|Thread-910|dumpPacket|   key: GENERAL_PROBLEM is: edu.csus.ecs.pc2.core.model.Problem General
221210 101211.930|INFO|Thread-910|dumpPacket|   key: CLIENT_SETTINGS_LIST is: [Ledu.csus.ecs.pc2.core.model.ClientSettings; [Ledu.csus.ecs.pc2.core.model.ClientSettings;@4873b345
221210 101211.930|INFO|Thread-910|dumpPacket|   key: CONTEST_TIME is: edu.csus.ecs.pc2.core.model.ContestTime edu.csus.ecs.pc2.core.model.ContestTime@4c4c3e93
221210 101211.930|INFO|Thread-910|dumpPacket|   key: CLARIFICATION_LIST is: [Ledu.csus.ecs.pc2.core.model.Clarification; [Ledu.csus.ecs.pc2.core.model.Clarification;@94eb97e
221210 101211.930|INFO|Thread-910|dumpPacket|   key: CATEGORY_LIST is: [Ledu.csus.ecs.pc2.core.model.Category; [Ledu.csus.ecs.pc2.core.model.Category;@6d31eef9
221210 101211.930|INFO|Thread-910|dumpPacket|   key: LANGUAGE_LIST is: [Ledu.csus.ecs.pc2.core.model.Language; [Ledu.csus.ecs.pc2.core.model.Language;@380d9181
221210 101211.930|INFO|Thread-910|dumpPacket|   key: REMOTE_LOGGED_IN_USERS is: [Ledu.csus.ecs.pc2.core.model.ClientId; [Ledu.csus.ecs.pc2.core.model.ClientId;@159898b5
221210 101211.930|INFO|Thread-910|dumpPacket|   key: CONTEST_TIME_LIST is: [Ledu.csus.ecs.pc2.core.model.ContestTime; [Ledu.csus.ecs.pc2.core.model.ContestTime;@69614631
221210 101211.930|INFO|Thread-910|dumpPacket|   key: CONNECTION_HANDLE_ID_LIST is: [Ledu.csus.ecs.pc2.core.transport.ConnectionHandlerID; [Ledu.csus.ecs.pc2.core.transport.ConnectionHandlerID;@bc53bc2
221210 101211.930|INFO|Thread-910|dumpPacket|   key: PROFILE is: edu.csus.ecs.pc2.core.model.Profile DryRun--5544400451244233091
221210 101211.930|INFO|Thread-910|dumpPacket|   key: CLIENT_ID is: edu.csus.ecs.pc2.core.model.ClientId TEAM48 @ site 1
221210 101211.930|INFO|Thread-910|dumpPacket|   key: SITE_NUMBER is: java.lang.Integer 1
221210 101211.930|INFO|Thread-910|dumpPacket|   key: CONTEST_INFORMATION is: edu.csus.ecs.pc2.core.model.ContestInformation edu.csus.ecs.pc2.core.model.ContestInformation@5f9022a2
221210 101211.930|INFO|Thread-910|dumpPacket|   key: SITE_LIST is: [Ledu.csus.ecs.pc2.core.model.Site; [Ledu.csus.ecs.pc2.core.model.Site;@e9c54d5
221210 101211.930|INFO|Thread-910|dumpPacket|   key: PROBLEM_DATA_FILES is: [Ledu.csus.ecs.pc2.core.model.ProblemDataFiles; [Ledu.csus.ecs.pc2.core.model.ProblemDataFiles;@6d2fdbf9
221210 101211.930|INFO|Thread-910|dumpPacket|   key: JUDGEMENT_LIST is: [Ledu.csus.ecs.pc2.core.model.Judgement; [Ledu.csus.ecs.pc2.core.model.Judgement;@4f16e6b5
221210 101211.930|INFO|Thread-910|dumpPacket|   key: PROBLEM_LIST is: [Ledu.csus.ecs.pc2.core.model.Problem; [Ledu.csus.ecs.pc2.core.model.Problem;@11cd58c7
221210 101211.930|INFO|Thread-910|dumpPacket|   key: GROUP_LIST is: [Ledu.csus.ecs.pc2.core.model.Group; [Ledu.csus.ecs.pc2.core.model.Group;@7d9b9cd7
221210 101211.930|INFO|Thread-910|dumpPacket|   key: LOCAL_LOGGED_IN_USERS is: [Ledu.csus.ecs.pc2.core.model.ClientId; [Ledu.csus.ecs.pc2.core.model.ClientId;@6e78708e
221210 101211.930|INFO|Thread-910|dumpPacket|   key: SERVER_CLOCK_OFFSET is: java.util.GregorianCalendar java.util.GregorianCalendar[time=1670688731925,areFieldsSet=true,areAllFieldsSet=false,lenient=true,zone=sun.util.calendar.ZoneInfo[id="GMT",offset=0,dstSavings=0,useDaylight=false,transitions=0,lastRule=null],firstDayOfWeek=1,minimalDaysInFirstWeek=1,ERA=1,YEAR=2022,MONTH=11,WEEK_OF_YEAR=50,WEEK_OF_MONTH=2,DAY_OF_MONTH=10,DAY_OF_YEAR=344,DAY_OF_WEEK=7,DAY_OF_WEEK_IN_MONTH=2,AM_PM=1,HOUR=4,HOUR_OF_DAY=16,MINUTE=12,SECOND=11,MILLISECOND=925,ZONE_OFFSET=0,DST_OFFSET=0]
221210 101211.930|INFO|Thread-910|dumpPacket|   key: CONTEST_IDENTIFIER is: java.lang.String DryRun--5544400451244233091
221210 101211.930|INFO|Thread-910|dumpPacket|   key: BALLOON_SETTINGS_LIST is: [Ledu.csus.ecs.pc2.core.model.BalloonSettings; [Ledu.csus.ecs.pc2.core.model.BalloonSettings;@16a310ba
221210 101211.930|INFO|Thread-910|dumpPacket|   key: RUN_LIST is: [Ledu.csus.ecs.pc2.core.model.Run; [Ledu.csus.ecs.pc2.core.model.Run;@6dd369c9
221210 101211.930|INFO|Thread-910|dumpPacket|   key: ACCOUNT_ARRAY is: [Ledu.csus.ecs.pc2.core.model.Account; [Ledu.csus.ecs.pc2.core.model.Account;@4c0f2d80
221210 101533.480|INFO|Thread-908|receive|public void receive(SealedObject TransportPacket, ConnectionHandlerID connectionHandlerID)
221210 101853.591|INFO|Thread-908|receive|public void receive(SealedObject TransportPacket, ConnectionHandlerID connectionHandlerID)
221210 103056.937|INFO|Thread-908|receive|public void receive(SealedObject TransportPacket, ConnectionHandlerID connectionHandlerID)
221210 103128.716|INFO|Thread-908|receive|public void receive(SealedObject TransportPacket, ConnectionHandlerID connectionHandlerID)
221210 103204.723|INFO|Thread-908|receive|public void receive(SealedObject TransportPacket, ConnectionHandlerID connectionHandlerID)
221210 103220.652|INFO|Thread-908|receive|public void receive(SealedObject TransportPacket, ConnectionHandlerID connectionHandlerID)
221210 103237.321|INFO|Thread-908|receive|public void receive(SealedObject TransportPacket, ConnectionHandlerID connectionHandlerID)
221210 103302.539|INFO|Thread-908|receive|public void receive(SealedObject TransportPacket, ConnectionHandlerID connectionHandlerID)
221210 104406.112|INFO|Thread-908|receive|public void receive(SealedObject TransportPacket, ConnectionHandlerID connectionHandlerID)
221210 104406.194|INFO|Thread-908|receive|public void receive(SealedObject TransportPacket, ConnectionHandlerID connectionHandlerID)
221210 104717.879|INFO|Thread-908|receive|public void receive(SealedObject TransportPacket, ConnectionHandlerID connectionHandlerID)
221210 104718.639|INFO|Thread-908|receive|public void receive(SealedObject TransportPacket, ConnectionHandlerID connectionHandlerID)
221210 104719.218|INFO|Thread-908|receive|public void receive(SealedObject TransportPacket, ConnectionHandlerID connectionHandlerID)
221210 105047.759|INFO|Thread-908|receive|public void receive(SealedObject TransportPacket, ConnectionHandlerID connectionHandlerID)
221210 105058.307|INFO|Thread-908|receive|public void receive(SealedObject TransportPacket, ConnectionHandlerID connectionHandlerID)
221210 105925.502|INFO|Thread-908|receive|public void receive(SealedObject TransportPacket, ConnectionHandlerID connectionHandlerID)
221210 110016.392|INFO|Thread-908|receive|public void receive(SealedObject TransportPacket, ConnectionHandlerID connectionHandlerID)
221210 110122.745|INFO|Thread-908|receive|public void receive(SealedObject TransportPacket, ConnectionHandlerID connectionHandlerID)
221210 110131.188|INFO|Thread-908|receive|public void receive(SealedObject TransportPacket, ConnectionHandlerID connectionHandlerID)
221210 110451.457|INFO|Thread-908|receive|public void receive(SealedObject TransportPacket, ConnectionHandlerID connectionHandlerID)
221210 110607.164|INFO|Thread-908|receive|public void receive(SealedObject TransportPacket, ConnectionHandlerID connectionHandlerID)
221210 110807.548|INFO|Thread-908|receive|public void receive(SealedObject TransportPacket, ConnectionHandlerID connectionHandlerID)
221210 110819.231|INFO|Thread-908|receive|public void receive(SealedObject TransportPacket, ConnectionHandlerID connectionHandlerID)
221210 111749.335|INFO|Thread-908|receive|public void receive(SealedObject TransportPacket, ConnectionHandlerID connectionHandlerID)
221210 111759.129|INFO|Thread-908|receive|public void receive(SealedObject TransportPacket, ConnectionHandlerID connectionHandlerID)
221210 112522.317|INFO|Thread-908|receive|public void receive(SealedObject TransportPacket, ConnectionHandlerID connectionHandlerID)
221210 112611.435|INFO|Thread-908|receive|public void receive(SealedObject TransportPacket, ConnectionHandlerID connectionHandlerID)
221210 113337.562|INFO|Thread-908|receive|public void receive(SealedObject TransportPacket, ConnectionHandlerID connectionHandlerID)
221210 113401.497|INFO|Thread-908|receive|public void receive(SealedObject TransportPacket, ConnectionHandlerID connectionHandlerID)
221210 114417.578|INFO|Thread-908|receive|public void receive(SealedObject TransportPacket, ConnectionHandlerID connectionHandlerID)
221210 114447.945|INFO|Thread-908|receive|public void receive(SealedObject TransportPacket, ConnectionHandlerID connectionHandlerID)
221210 115854.114|INFO|Thread-908|receive|public void receive(SealedObject TransportPacket, ConnectionHandlerID connectionHandlerID)
221210 115915.670|INFO|Thread-908|receive|public void receive(SealedObject TransportPacket, ConnectionHandlerID connectionHandlerID)
221210 120020.172|INFO|Thread-908|receive|public void receive(SealedObject TransportPacket, ConnectionHandlerID connectionHandlerID)
221210 120039.348|INFO|Thread-908|receive|public void receive(SealedObject TransportPacket, ConnectionHandlerID connectionHandlerID)
221210 120220.125|INFO|Thread-908|receive|public void receive(SealedObject TransportPacket, ConnectionHandlerID connectionHandlerID)
221210 120256.424|INFO|Thread-908|receive|public void receive(SealedObject TransportPacket, ConnectionHandlerID connectionHandlerID)
221210 120724.596|INFO|Thread-908|receive|public void receive(SealedObject TransportPacket, ConnectionHandlerID connectionHandlerID)
221210 121009.279|INFO|Thread-908|receive|public void receive(SealedObject TransportPacket, ConnectionHandlerID connectionHandlerID)
221210 121022.578|INFO|Thread-908|receive|public void receive(SealedObject TransportPacket, ConnectionHandlerID connectionHandlerID)
221210 121135.948|INFO|Thread-908|receive|public void receive(SealedObject TransportPacket, ConnectionHandlerID connectionHandlerID)
221210 121145.573|INFO|Thread-908|receive|public void receive(SealedObject TransportPacket, ConnectionHandlerID connectionHandlerID)
221210 121644.048|INFO|Thread-908|receive|public void receive(SealedObject TransportPacket, ConnectionHandlerID connectionHandlerID)
221210 121718.193|INFO|Thread-908|receive|public void receive(SealedObject TransportPacket, ConnectionHandlerID connectionHandlerID)
221210 122647.359|INFO|Thread-908|receive|public void receive(SealedObject TransportPacket, ConnectionHandlerID connectionHandlerID)
221210 122703.105|INFO|Thread-908|receive|public void receive(SealedObject TransportPacket, ConnectionHandlerID connectionHandlerID)
221210 123107.326|INFO|Thread-908|receive|public void receive(SealedObject TransportPacket, ConnectionHandlerID connectionHandlerID)
221210 123155.636|INFO|Thread-908|receive|public void receive(SealedObject TransportPacket, ConnectionHandlerID connectionHandlerID)
221210 123749.979|INFO|Thread-908|receive|public void receive(SealedObject TransportPacket, ConnectionHandlerID connectionHandlerID)
221210 123808.454|INFO|Thread-908|receive|public void receive(SealedObject TransportPacket, ConnectionHandlerID connectionHandlerID)
221210 124613.583|INFO|Thread-908|receive|public void receive(SealedObject TransportPacket, ConnectionHandlerID connectionHandlerID)
221210 124622.402|INFO|Thread-908|receive|public void receive(SealedObject TransportPacket, ConnectionHandlerID connectionHandlerID)
221210 124629.301|INFO|Thread-908|receive|public void receive(SealedObject TransportPacket, ConnectionHandlerID connectionHandlerID)
221210 124632.127|INFO|Thread-908|receive|public void receive(SealedObject TransportPacket, ConnectionHandlerID connectionHandlerID)
221210 124709.734|INFO|Thread-908|receive|public void receive(SealedObject TransportPacket, ConnectionHandlerID connectionHandlerID)
221210 124719.193|INFO|Thread-908|receive|public void receive(SealedObject TransportPacket, ConnectionHandlerID connectionHandlerID)
221210 150258.329|INFO|Thread-908|connectionDropped|connectionDropped(ConnectionHandlerID myConnectionID) 
231209 094545.941|CONFIG|qtp135640095-21290|setFileHandlers|Now logging to C:\Users\18328\Desktop\pc2\WebTeamInterface-1.1\logs directory.
231209 094545.941|INFO|qtp135640095-21290|info|
231209 094545.941|INFO|qtp135640095-21290|info|Version 9 () Java ver 18.0.2.1 build  Windows 11 10.0 (amd64) 
231209 094545.941|INFO|qtp135640095-21290|info|Login: team48 (aka team48)
231209 094545.941|INFO|qtp135640095-21290|startLog|Working directory is C:\Users\18328\Desktop\pc2\WebTeamInterface-1.1
231209 094545.941|INFO|qtp135640095-21290|startLog|Process id is 15028@DESKTOP-D75BQTV
231209 094545.941|INFO|qtp135640095-21290|info|Contacting server at localhost:50002 as TEAM48 @ site 0
231209 094545.941|INFO|qtp135640095-21290|info|sendLoginRequest start - sending from TEAM48 @ site 0
231209 094545.941|INFO|qtp135640095-21290|sendToLocalServer|Sending packet to server Packet[LOGIN_REQUEST] #359 TEAM48 @ site 0 -> SERVER0 @ site 0
231209 094545.941|INFO|qtp135640095-21290|sendToLocalServer|Sent    packet to server Packet[LOGIN_REQUEST] #359 TEAM48 @ site 0 -> SERVER0 @ site 0
231209 094545.941|INFO|qtp135640095-21290|info|sendLoginRequest end - packet sent.
231209 094545.941|INFO|Thread-26108|run|send(Serializable)
231209 094545.962|INFO|Thread-26107|receive|public void receive(SealedObject TransportPacket, ConnectionHandlerID connectionHandlerID)
231209 094545.969|INFO|Thread-26109|info| receiveObject(S) start got Packet[LOGIN_SUCCESS] #1990 SERVER0 @ site 1 -> TEAM48 @ site 1
231209 094545.969|INFO|Thread-26109|dumpPacket|Packet LOGIN_SUCCESS (Seq #1990, o#1990 ) recieveObject
231209 094545.969|INFO|Thread-26109|dumpPacket|  From: SERVER0 @ site 1, oSERVER0 @ site 1 (DESKTOP-D75BQTV @ 212.212.212.212) (Contest Id: DryRun--6069080675419338087)
231209 094545.969|INFO|Thread-26109|dumpPacket|    To: TEAM48 @ site 1
231209 094545.969|INFO|Thread-26109|dumpPacket|   key: PROFILE_LIST is: [Ledu.csus.ecs.pc2.core.model.Profile; [Ledu.csus.ecs.pc2.core.model.Profile;@35f08834
231209 094545.969|INFO|Thread-26109|dumpPacket|   key: GENERAL_PROBLEM is: edu.csus.ecs.pc2.core.model.Problem General
231209 094545.969|INFO|Thread-26109|dumpPacket|   key: CLIENT_SETTINGS_LIST is: [Ledu.csus.ecs.pc2.core.model.ClientSettings; [Ledu.csus.ecs.pc2.core.model.ClientSettings;@3b3760fa
231209 094545.969|INFO|Thread-26109|dumpPacket|   key: CONTEST_TIME is: edu.csus.ecs.pc2.core.model.ContestTime edu.csus.ecs.pc2.core.model.ContestTime@3f08e344
231209 094545.969|INFO|Thread-26109|dumpPacket|   key: CLARIFICATION_LIST is: [Ledu.csus.ecs.pc2.core.model.Clarification; [Ledu.csus.ecs.pc2.core.model.Clarification;@7a0a6ac1
231209 094545.969|INFO|Thread-26109|dumpPacket|   key: CATEGORY_LIST is: [Ledu.csus.ecs.pc2.core.model.Category; [Ledu.csus.ecs.pc2.core.model.Category;@4b8afc9c
231209 094545.969|INFO|Thread-26109|dumpPacket|   key: LANGUAGE_LIST is: [Ledu.csus.ecs.pc2.core.model.Language; [Ledu.csus.ecs.pc2.core.model.Language;@4b3a75a7
231209 094545.969|INFO|Thread-26109|dumpPacket|   key: REMOTE_LOGGED_IN_USERS is: [Ledu.csus.ecs.pc2.core.model.ClientId; [Ledu.csus.ecs.pc2.core.model.ClientId;@3350bd47
231209 094545.969|INFO|Thread-26109|dumpPacket|   key: CONTEST_TIME_LIST is: [Ledu.csus.ecs.pc2.core.model.ContestTime; [Ledu.csus.ecs.pc2.core.model.ContestTime;@1a25958e
231209 094545.969|INFO|Thread-26109|dumpPacket|   key: CONNECTION_HANDLE_ID_LIST is: [Ledu.csus.ecs.pc2.core.transport.ConnectionHandlerID; [Ledu.csus.ecs.pc2.core.transport.ConnectionHandlerID;@657f44a
231209 094545.969|INFO|Thread-26109|dumpPacket|   key: PROFILE is: edu.csus.ecs.pc2.core.model.Profile DryRun--6069080675419338087
231209 094545.969|INFO|Thread-26109|dumpPacket|   key: CLIENT_ID is: edu.csus.ecs.pc2.core.model.ClientId TEAM48 @ site 1
231209 094545.969|INFO|Thread-26109|dumpPacket|   key: SITE_NUMBER is: java.lang.Integer 1
231209 094545.969|INFO|Thread-26109|dumpPacket|   key: CONTEST_INFORMATION is: edu.csus.ecs.pc2.core.model.ContestInformation edu.csus.ecs.pc2.core.model.ContestInformation@1ed83e6a
231209 094545.969|INFO|Thread-26109|dumpPacket|   key: SITE_LIST is: [Ledu.csus.ecs.pc2.core.model.Site; [Ledu.csus.ecs.pc2.core.model.Site;@28541273
231209 094545.969|INFO|Thread-26109|dumpPacket|   key: PROBLEM_DATA_FILES is: [Ledu.csus.ecs.pc2.core.model.ProblemDataFiles; [Ledu.csus.ecs.pc2.core.model.ProblemDataFiles;@1e6b6b12
231209 094545.969|INFO|Thread-26109|dumpPacket|   key: JUDGEMENT_LIST is: [Ledu.csus.ecs.pc2.core.model.Judgement; [Ledu.csus.ecs.pc2.core.model.Judgement;@27a73931
231209 094545.969|INFO|Thread-26109|dumpPacket|   key: PROBLEM_LIST is: [Ledu.csus.ecs.pc2.core.model.Problem; [Ledu.csus.ecs.pc2.core.model.Problem;@78d378c1
231209 094545.969|INFO|Thread-26109|dumpPacket|   key: GROUP_LIST is: [Ledu.csus.ecs.pc2.core.model.Group; [Ledu.csus.ecs.pc2.core.model.Group;@701c3a22
231209 094545.969|INFO|Thread-26109|dumpPacket|   key: LOCAL_LOGGED_IN_USERS is: [Ledu.csus.ecs.pc2.core.model.ClientId; [Ledu.csus.ecs.pc2.core.model.ClientId;@356afcc8
231209 094545.969|INFO|Thread-26109|dumpPacket|   key: SERVER_CLOCK_OFFSET is: java.util.GregorianCalendar java.util.GregorianCalendar[time=1702136745956,areFieldsSet=true,areAllFieldsSet=false,lenient=true,zone=sun.util.calendar.ZoneInfo[id="GMT",offset=0,dstSavings=0,useDaylight=false,transitions=0,lastRule=null],firstDayOfWeek=1,minimalDaysInFirstWeek=1,ERA=1,YEAR=2023,MONTH=11,WEEK_OF_YEAR=49,WEEK_OF_MONTH=2,DAY_OF_MONTH=9,DAY_OF_YEAR=343,DAY_OF_WEEK=7,DAY_OF_WEEK_IN_MONTH=2,AM_PM=1,HOUR=3,HOUR_OF_DAY=15,MINUTE=45,SECOND=45,MILLISECOND=956,ZONE_OFFSET=0,DST_OFFSET=0]
231209 094545.972|INFO|Thread-26109|dumpPacket|   key: CONTEST_IDENTIFIER is: java.lang.String DryRun--6069080675419338087
231209 094545.972|INFO|Thread-26109|dumpPacket|   key: BALLOON_SETTINGS_LIST is: [Ledu.csus.ecs.pc2.core.model.BalloonSettings; [Ledu.csus.ecs.pc2.core.model.BalloonSettings;@2b1a25e5
231209 094545.972|INFO|Thread-26109|dumpPacket|   key: RUN_LIST is: [Ledu.csus.ecs.pc2.core.model.Run; [Ledu.csus.ecs.pc2.core.model.Run;@48ec4537
231209 094545.972|INFO|Thread-26109|dumpPacket|   key: ACCOUNT_ARRAY is: [Ledu.csus.ecs.pc2.core.model.Account; [Ledu.csus.ecs.pc2.core.model.Account;@59b0bb22
231209 094545.972|INFO|Thread-26109|info|handlePacket start Packet[LOGIN_SUCCESS] #1990 SERVER0 @ site 1 -> TEAM48 @ site 1
231209 094545.972|INFO|Thread-26109|dumpPacket|Packet LOGIN_SUCCESS (Seq #1990, o#1990 ) handlePacket
231209 094545.972|INFO|Thread-26109|dumpPacket|  From: SERVER0 @ site 1, oSERVER0 @ site 1 (DESKTOP-D75BQTV @ 212.212.212.212) (Contest Id: DryRun--6069080675419338087)
231209 094545.972|INFO|Thread-26109|dumpPacket|    To: TEAM48 @ site 1
231209 094545.972|INFO|Thread-26109|dumpPacket|   key: PROFILE_LIST is: [Ledu.csus.ecs.pc2.core.model.Profile; [Ledu.csus.ecs.pc2.core.model.Profile;@35f08834
231209 094545.972|INFO|Thread-26109|dumpPacket|   key: GENERAL_PROBLEM is: edu.csus.ecs.pc2.core.model.Problem General
231209 094545.972|INFO|Thread-26109|dumpPacket|   key: CLIENT_SETTINGS_LIST is: [Ledu.csus.ecs.pc2.core.model.ClientSettings; [Ledu.csus.ecs.pc2.core.model.ClientSettings;@3b3760fa
231209 094545.972|INFO|Thread-26109|dumpPacket|   key: CONTEST_TIME is: edu.csus.ecs.pc2.core.model.ContestTime edu.csus.ecs.pc2.core.model.ContestTime@3f08e344
231209 094545.972|INFO|Thread-26109|dumpPacket|   key: CLARIFICATION_LIST is: [Ledu.csus.ecs.pc2.core.model.Clarification; [Ledu.csus.ecs.pc2.core.model.Clarification;@7a0a6ac1
231209 094545.972|INFO|Thread-26109|dumpPacket|   key: CATEGORY_LIST is: [Ledu.csus.ecs.pc2.core.model.Category; [Ledu.csus.ecs.pc2.core.model.Category;@4b8afc9c
231209 094545.972|INFO|Thread-26109|dumpPacket|   key: LANGUAGE_LIST is: [Ledu.csus.ecs.pc2.core.model.Language; [Ledu.csus.ecs.pc2.core.model.Language;@4b3a75a7
231209 094545.972|INFO|Thread-26109|dumpPacket|   key: REMOTE_LOGGED_IN_USERS is: [Ledu.csus.ecs.pc2.core.model.ClientId; [Ledu.csus.ecs.pc2.core.model.ClientId;@3350bd47
231209 094545.972|INFO|Thread-26109|dumpPacket|   key: CONTEST_TIME_LIST is: [Ledu.csus.ecs.pc2.core.model.ContestTime; [Ledu.csus.ecs.pc2.core.model.ContestTime;@1a25958e
231209 094545.972|INFO|Thread-26109|dumpPacket|   key: CONNECTION_HANDLE_ID_LIST is: [Ledu.csus.ecs.pc2.core.transport.ConnectionHandlerID; [Ledu.csus.ecs.pc2.core.transport.ConnectionHandlerID;@657f44a
231209 094545.972|INFO|Thread-26109|dumpPacket|   key: PROFILE is: edu.csus.ecs.pc2.core.model.Profile DryRun--6069080675419338087
231209 094545.972|INFO|Thread-26109|dumpPacket|   key: CLIENT_ID is: edu.csus.ecs.pc2.core.model.ClientId TEAM48 @ site 1
231209 094545.972|INFO|Thread-26109|dumpPacket|   key: SITE_NUMBER is: java.lang.Integer 1
231209 094545.972|INFO|Thread-26109|dumpPacket|   key: CONTEST_INFORMATION is: edu.csus.ecs.pc2.core.model.ContestInformation edu.csus.ecs.pc2.core.model.ContestInformation@1ed83e6a
231209 094545.972|INFO|Thread-26109|dumpPacket|   key: SITE_LIST is: [Ledu.csus.ecs.pc2.core.model.Site; [Ledu.csus.ecs.pc2.core.model.Site;@28541273
231209 094545.972|INFO|Thread-26109|dumpPacket|   key: PROBLEM_DATA_FILES is: [Ledu.csus.ecs.pc2.core.model.ProblemDataFiles; [Ledu.csus.ecs.pc2.core.model.ProblemDataFiles;@1e6b6b12
231209 094545.972|INFO|Thread-26109|dumpPacket|   key: JUDGEMENT_LIST is: [Ledu.csus.ecs.pc2.core.model.Judgement; [Ledu.csus.ecs.pc2.core.model.Judgement;@27a73931
231209 094545.972|INFO|Thread-26109|dumpPacket|   key: PROBLEM_LIST is: [Ledu.csus.ecs.pc2.core.model.Problem; [Ledu.csus.ecs.pc2.core.model.Problem;@78d378c1
231209 094545.972|INFO|Thread-26109|dumpPacket|   key: GROUP_LIST is: [Ledu.csus.ecs.pc2.core.model.Group; [Ledu.csus.ecs.pc2.core.model.Group;@701c3a22
231209 094545.972|INFO|Thread-26109|dumpPacket|   key: LOCAL_LOGGED_IN_USERS is: [Ledu.csus.ecs.pc2.core.model.ClientId; [Ledu.csus.ecs.pc2.core.model.ClientId;@356afcc8
231209 094545.972|INFO|Thread-26109|dumpPacket|   key: SERVER_CLOCK_OFFSET is: java.util.GregorianCalendar java.util.GregorianCalendar[time=1702136745956,areFieldsSet=true,areAllFieldsSet=false,lenient=true,zone=sun.util.calendar.ZoneInfo[id="GMT",offset=0,dstSavings=0,useDaylight=false,transitions=0,lastRule=null],firstDayOfWeek=1,minimalDaysInFirstWeek=1,ERA=1,YEAR=2023,MONTH=11,WEEK_OF_YEAR=49,WEEK_OF_MONTH=2,DAY_OF_MONTH=9,DAY_OF_YEAR=343,DAY_OF_WEEK=7,DAY_OF_WEEK_IN_MONTH=2,AM_PM=1,HOUR=3,HOUR_OF_DAY=15,MINUTE=45,SECOND=45,MILLISECOND=956,ZONE_OFFSET=0,DST_OFFSET=0]
231209 094545.972|INFO|Thread-26109|dumpPacket|   key: CONTEST_IDENTIFIER is: java.lang.String DryRun--6069080675419338087
231209 094545.972|INFO|Thread-26109|dumpPacket|   key: BALLOON_SETTINGS_LIST is: [Ledu.csus.ecs.pc2.core.model.BalloonSettings; [Ledu.csus.ecs.pc2.core.model.BalloonSettings;@2b1a25e5
231209 094545.972|INFO|Thread-26109|dumpPacket|   key: RUN_LIST is: [Ledu.csus.ecs.pc2.core.model.Run; [Ledu.csus.ecs.pc2.core.model.Run;@48ec4537
231209 094545.972|INFO|Thread-26109|dumpPacket|   key: ACCOUNT_ARRAY is: [Ledu.csus.ecs.pc2.core.model.Account; [Ledu.csus.ecs.pc2.core.model.Account;@59b0bb22
231209 094559.928|INFO|Thread-26107|receive|public void receive(SealedObject TransportPacket, ConnectionHandlerID connectionHandlerID)
231209 094922.227|INFO|Thread-28564|run|send(Serializable)
231209 094922.307|INFO|Thread-26107|receive|public void receive(SealedObject TransportPacket, ConnectionHandlerID connectionHandlerID)
231209 095111.769|INFO|Thread-26107|receive|public void receive(SealedObject TransportPacket, ConnectionHandlerID connectionHandlerID)
231209 095450.951|INFO|Thread-32360|run|send(Serializable)
231209 095451.021|INFO|Thread-26107|receive|public void receive(SealedObject TransportPacket, ConnectionHandlerID connectionHandlerID)
231209 095500.790|INFO|Thread-26107|connectionDropped|connectionDropped(ConnectionHandlerID myConnectionID) 
