221210 104030.419|CONFIG|Thread-4126|setFileHandlers|Now logging to C:\Users\18328\Desktop\pc2\WebTeamInterface-1.1\logs directory.
221210 104030.419|INFO|Thread-4126|info|
221210 104030.419|INFO|Thread-4126|info|Version 9 () Java ver 18.0.2.1 build  Windows 11 10.0 (amd64) 
221210 104030.419|INFO|Thread-4126|info|Login: team59 (aka team59)
221210 104030.419|INFO|Thread-4126|startLog|Working directory is C:\Users\18328\Desktop\pc2\WebTeamInterface-1.1
221210 104030.419|INFO|Thread-4126|startLog|Process id is 22344@DESKTOP-D75BQTV
221210 104030.419|INFO|Thread-4126|info| handlePacket original LOGIN_SUCCESS after -- all settings loaded 
221210 104030.420|INFO|Thread-4126|info|handlePacket end Packet[LOGIN_SUCCESS] #3043 SERVER0 @ site 1 -> TEAM59 @ site 1
221210 104030.420|INFO|Thread-4126|info| receiveObject(S) end   got Packet[LOGIN_SUCCESS] #3043 SERVER0 @ site 1 -> TEAM59 @ site 1
221210 104406.132|INFO|Thread-4449|info| receiveObject(S) start got Packet[UPDATE_SETTING] #3140 SERVER0 @ site 1 -> SERVER0 @ site 0
221210 104406.132|INFO|Thread-4449|dumpPacket|Packet UPDATE_SETTING (Seq #3140, o#140 ) recieveObject
221210 104406.132|INFO|Thread-4449|dumpPacket|  From: SERVER0 @ site 1, oADMINISTRATOR1 @ site 1 (DESKTOP-D75BQTV @ 212.212.212.212) (Contest Id: Contest-4511288556462302159)
221210 104406.132|INFO|Thread-4449|dumpPacket|    To: SERVER0 @ site 0
221210 104406.132|INFO|Thread-4449|dumpPacket|   key: CONTEST_TIME is: edu.csus.ecs.pc2.core.model.ContestTime edu.csus.ecs.pc2.core.model.ContestTime@3841ccad
221210 104406.132|INFO|Thread-4449|info|handlePacket start Packet[UPDATE_SETTING] #3140 SERVER0 @ site 1 -> SERVER0 @ site 0
221210 104406.132|INFO|Thread-4449|dumpPacket|Packet UPDATE_SETTING (Seq #3140, o#140 ) handlePacket
221210 104406.132|INFO|Thread-4449|dumpPacket|  From: SERVER0 @ site 1, oADMINISTRATOR1 @ site 1 (DESKTOP-D75BQTV @ 212.212.212.212) (Contest Id: Contest-4511288556462302159)
221210 104406.132|INFO|Thread-4449|dumpPacket|    To: SERVER0 @ site 0
221210 104406.132|INFO|Thread-4449|dumpPacket|   key: CONTEST_TIME is: edu.csus.ecs.pc2.core.model.ContestTime edu.csus.ecs.pc2.core.model.ContestTime@3841ccad
221210 104406.132|INFO|Thread-4449|info|handlePacket end Packet[UPDATE_SETTING] #3140 SERVER0 @ site 1 -> SERVER0 @ site 0
221210 104406.134|INFO|Thread-4449|info| receiveObject(S) end   got Packet[UPDATE_SETTING] #3140 SERVER0 @ site 1 -> SERVER0 @ site 0
221210 104406.203|INFO|Thread-4491|info| receiveObject(S) start got Packet[UPDATE_SETTING] #3141 SERVER0 @ site 1 -> SERVER0 @ site 0
221210 104406.203|INFO|Thread-4491|dumpPacket|Packet UPDATE_SETTING (Seq #3141, o#141 ) recieveObject
221210 104406.203|INFO|Thread-4491|dumpPacket|  From: SERVER0 @ site 1, oADMINISTRATOR1 @ site 1 (DESKTOP-D75BQTV @ 212.212.212.212) (Contest Id: Contest-4511288556462302159)
221210 104406.203|INFO|Thread-4491|dumpPacket|    To: SERVER0 @ site 0
221210 104406.203|INFO|Thread-4491|dumpPacket|   key: CONTEST_INFORMATION is: edu.csus.ecs.pc2.core.model.ContestInformation edu.csus.ecs.pc2.core.model.ContestInformation@12221376
221210 104406.203|INFO|Thread-4491|info|handlePacket start Packet[UPDATE_SETTING] #3141 SERVER0 @ site 1 -> SERVER0 @ site 0
221210 104406.203|INFO|Thread-4491|dumpPacket|Packet UPDATE_SETTING (Seq #3141, o#141 ) handlePacket
221210 104406.203|INFO|Thread-4491|dumpPacket|  From: SERVER0 @ site 1, oADMINISTRATOR1 @ site 1 (DESKTOP-D75BQTV @ 212.212.212.212) (Contest Id: Contest-4511288556462302159)
221210 104406.203|INFO|Thread-4491|dumpPacket|    To: SERVER0 @ site 0
221210 104406.203|INFO|Thread-4491|dumpPacket|   key: CONTEST_INFORMATION is: edu.csus.ecs.pc2.core.model.ContestInformation edu.csus.ecs.pc2.core.model.ContestInformation@12221376
221210 104406.203|INFO|Thread-4491|info|handlePacket end Packet[UPDATE_SETTING] #3141 SERVER0 @ site 1 -> SERVER0 @ site 0
221210 104406.203|INFO|Thread-4491|info| receiveObject(S) end   got Packet[UPDATE_SETTING] #3141 SERVER0 @ site 1 -> SERVER0 @ site 0
221210 104717.879|INFO|Thread-4768|info| receiveObject(S) start got Packet[CLOCK_STARTED] #3170 SERVER0 @ site 1 -> SERVER0 @ site 0
221210 104717.879|INFO|Thread-4768|dumpPacket|Packet CLOCK_STARTED (Seq #3170, o#3170 ) recieveObject
221210 104717.879|INFO|Thread-4768|dumpPacket|  From: SERVER0 @ site 1, oSERVER0 @ site 1 (DESKTOP-D75BQTV @ 212.212.212.212) (Contest Id: Contest-4511288556462302159)
221210 104717.879|INFO|Thread-4768|dumpPacket|    To: SERVER0 @ site 0
221210 104717.879|INFO|Thread-4768|dumpPacket|   key: SITE_NUMBER is: java.lang.Integer 1
221210 104717.879|INFO|Thread-4768|dumpPacket|   key: CLIENT_ID is: edu.csus.ecs.pc2.core.model.ClientId ADMINISTRATOR1 @ site 1
221210 104717.879|INFO|Thread-4768|dumpPacket|   key: SERVER_CLOCK_OFFSET is: java.util.GregorianCalendar java.util.GregorianCalendar[time=1670690837864,areFieldsSet=true,areAllFieldsSet=false,lenient=true,zone=sun.util.calendar.ZoneInfo[id="GMT",offset=0,dstSavings=0,useDaylight=false,transitions=0,lastRule=null],firstDayOfWeek=1,minimalDaysInFirstWeek=1,ERA=1,YEAR=2022,MONTH=11,WEEK_OF_YEAR=50,WEEK_OF_MONTH=2,DAY_OF_MONTH=10,DAY_OF_YEAR=344,DAY_OF_WEEK=7,DAY_OF_WEEK_IN_MONTH=2,AM_PM=1,HOUR=4,HOUR_OF_DAY=16,MINUTE=47,SECOND=17,MILLISECOND=864,ZONE_OFFSET=0,DST_OFFSET=0]
221210 104717.879|INFO|Thread-4768|info|handlePacket start Packet[CLOCK_STARTED] #3170 SERVER0 @ site 1 -> SERVER0 @ site 0
221210 104717.879|INFO|Thread-4768|dumpPacket|Packet CLOCK_STARTED (Seq #3170, o#3170 ) handlePacket
221210 104717.879|INFO|Thread-4768|dumpPacket|  From: SERVER0 @ site 1, oSERVER0 @ site 1 (DESKTOP-D75BQTV @ 212.212.212.212) (Contest Id: Contest-4511288556462302159)
221210 104717.879|INFO|Thread-4768|dumpPacket|    To: SERVER0 @ site 0
221210 104717.879|INFO|Thread-4768|dumpPacket|   key: SITE_NUMBER is: java.lang.Integer 1
221210 104717.879|INFO|Thread-4768|dumpPacket|   key: CLIENT_ID is: edu.csus.ecs.pc2.core.model.ClientId ADMINISTRATOR1 @ site 1
221210 104717.879|INFO|Thread-4768|dumpPacket|   key: SERVER_CLOCK_OFFSET is: java.util.GregorianCalendar java.util.GregorianCalendar[time=1670690837864,areFieldsSet=true,areAllFieldsSet=false,lenient=true,zone=sun.util.calendar.ZoneInfo[id="GMT",offset=0,dstSavings=0,useDaylight=false,transitions=0,lastRule=null],firstDayOfWeek=1,minimalDaysInFirstWeek=1,ERA=1,YEAR=2022,MONTH=11,WEEK_OF_YEAR=50,WEEK_OF_MONTH=2,DAY_OF_MONTH=10,DAY_OF_YEAR=344,DAY_OF_WEEK=7,DAY_OF_WEEK_IN_MONTH=2,AM_PM=1,HOUR=4,HOUR_OF_DAY=16,MINUTE=47,SECOND=17,MILLISECOND=864,ZONE_OFFSET=0,DST_OFFSET=0]
221210 104717.879|INFO|Thread-4768|info|Clock for site 1 started by ADMINISTRATOR1 @ site 1 elapsed 0:00:00
221210 104717.891|INFO|Thread-4768|info| receiveObject(S) end   got Packet[CLOCK_STARTED] #3170 SERVER0 @ site 1 -> SERVER0 @ site 0
221210 104718.644|INFO|Thread-5011|info| receiveObject(S) start got Packet[CLOCK_STARTED] #3171 SERVER0 @ site 1 -> SERVER0 @ site 0
221210 104718.644|INFO|Thread-5011|dumpPacket|Packet CLOCK_STARTED (Seq #3171, o#3171 ) recieveObject
221210 104718.644|INFO|Thread-5011|dumpPacket|  From: SERVER0 @ site 1, oSERVER0 @ site 1 (DESKTOP-D75BQTV @ 212.212.212.212) (Contest Id: Contest-4511288556462302159)
221210 104718.644|INFO|Thread-5011|dumpPacket|    To: SERVER0 @ site 0
221210 104718.644|INFO|Thread-5011|dumpPacket|   key: SITE_NUMBER is: java.lang.Integer 1
221210 104718.644|INFO|Thread-5011|dumpPacket|   key: CLIENT_ID is: edu.csus.ecs.pc2.core.model.ClientId ADMINISTRATOR1 @ site 1
221210 104718.644|INFO|Thread-5011|dumpPacket|   key: SERVER_CLOCK_OFFSET is: java.util.GregorianCalendar java.util.GregorianCalendar[time=1670690838621,areFieldsSet=true,areAllFieldsSet=false,lenient=true,zone=sun.util.calendar.ZoneInfo[id="GMT",offset=0,dstSavings=0,useDaylight=false,transitions=0,lastRule=null],firstDayOfWeek=1,minimalDaysInFirstWeek=1,ERA=1,YEAR=2022,MONTH=11,WEEK_OF_YEAR=50,WEEK_OF_MONTH=2,DAY_OF_MONTH=10,DAY_OF_YEAR=344,DAY_OF_WEEK=7,DAY_OF_WEEK_IN_MONTH=2,AM_PM=1,HOUR=4,HOUR_OF_DAY=16,MINUTE=47,SECOND=18,MILLISECOND=621,ZONE_OFFSET=0,DST_OFFSET=0]
221210 104718.644|INFO|Thread-5011|info|handlePacket start Packet[CLOCK_STARTED] #3171 SERVER0 @ site 1 -> SERVER0 @ site 0
221210 104718.645|INFO|Thread-5011|dumpPacket|Packet CLOCK_STARTED (Seq #3171, o#3171 ) handlePacket
221210 104718.645|INFO|Thread-5011|dumpPacket|  From: SERVER0 @ site 1, oSERVER0 @ site 1 (DESKTOP-D75BQTV @ 212.212.212.212) (Contest Id: Contest-4511288556462302159)
221210 104718.645|INFO|Thread-5011|dumpPacket|    To: SERVER0 @ site 0
221210 104718.645|INFO|Thread-5011|dumpPacket|   key: SITE_NUMBER is: java.lang.Integer 1
221210 104718.645|INFO|Thread-5011|dumpPacket|   key: CLIENT_ID is: edu.csus.ecs.pc2.core.model.ClientId ADMINISTRATOR1 @ site 1
221210 104718.645|INFO|Thread-5011|dumpPacket|   key: SERVER_CLOCK_OFFSET is: java.util.GregorianCalendar java.util.GregorianCalendar[time=1670690838621,areFieldsSet=true,areAllFieldsSet=false,lenient=true,zone=sun.util.calendar.ZoneInfo[id="GMT",offset=0,dstSavings=0,useDaylight=false,transitions=0,lastRule=null],firstDayOfWeek=1,minimalDaysInFirstWeek=1,ERA=1,YEAR=2022,MONTH=11,WEEK_OF_YEAR=50,WEEK_OF_MONTH=2,DAY_OF_MONTH=10,DAY_OF_YEAR=344,DAY_OF_WEEK=7,DAY_OF_WEEK_IN_MONTH=2,AM_PM=1,HOUR=4,HOUR_OF_DAY=16,MINUTE=47,SECOND=18,MILLISECOND=621,ZONE_OFFSET=0,DST_OFFSET=0]
221210 104718.645|INFO|Thread-5011|info|Clock for site 1 started by ADMINISTRATOR1 @ site 1 elapsed 0:00:00
221210 104718.650|INFO|Thread-5011|info| receiveObject(S) end   got Packet[CLOCK_STARTED] #3171 SERVER0 @ site 1 -> SERVER0 @ site 0
221210 104719.233|INFO|Thread-5263|info| receiveObject(S) start got Packet[CLOCK_STARTED] #3172 SERVER0 @ site 1 -> SERVER0 @ site 0
221210 104719.233|INFO|Thread-5263|dumpPacket|Packet CLOCK_STARTED (Seq #3172, o#3172 ) recieveObject
221210 104719.233|INFO|Thread-5263|dumpPacket|  From: SERVER0 @ site 1, oSERVER0 @ site 1 (DESKTOP-D75BQTV @ 212.212.212.212) (Contest Id: Contest-4511288556462302159)
221210 104719.233|INFO|Thread-5263|dumpPacket|    To: SERVER0 @ site 0
221210 104719.233|INFO|Thread-5263|dumpPacket|   key: SITE_NUMBER is: java.lang.Integer 1
221210 104719.233|INFO|Thread-5263|dumpPacket|   key: CLIENT_ID is: edu.csus.ecs.pc2.core.model.ClientId ADMINISTRATOR1 @ site 1
221210 104719.233|INFO|Thread-5263|dumpPacket|   key: SERVER_CLOCK_OFFSET is: java.util.GregorianCalendar java.util.GregorianCalendar[time=1670690839204,areFieldsSet=true,areAllFieldsSet=false,lenient=true,zone=sun.util.calendar.ZoneInfo[id="GMT",offset=0,dstSavings=0,useDaylight=false,transitions=0,lastRule=null],firstDayOfWeek=1,minimalDaysInFirstWeek=1,ERA=1,YEAR=2022,MONTH=11,WEEK_OF_YEAR=50,WEEK_OF_MONTH=2,DAY_OF_MONTH=10,DAY_OF_YEAR=344,DAY_OF_WEEK=7,DAY_OF_WEEK_IN_MONTH=2,AM_PM=1,HOUR=4,HOUR_OF_DAY=16,MINUTE=47,SECOND=19,MILLISECOND=204,ZONE_OFFSET=0,DST_OFFSET=0]
221210 104719.233|INFO|Thread-5263|info|handlePacket start Packet[CLOCK_STARTED] #3172 SERVER0 @ site 1 -> SERVER0 @ site 0
221210 104719.233|INFO|Thread-5263|dumpPacket|Packet CLOCK_STARTED (Seq #3172, o#3172 ) handlePacket
221210 104719.233|INFO|Thread-5263|dumpPacket|  From: SERVER0 @ site 1, oSERVER0 @ site 1 (DESKTOP-D75BQTV @ 212.212.212.212) (Contest Id: Contest-4511288556462302159)
221210 104719.233|INFO|Thread-5263|dumpPacket|    To: SERVER0 @ site 0
221210 104719.233|INFO|Thread-5263|dumpPacket|   key: SITE_NUMBER is: java.lang.Integer 1
221210 104719.233|INFO|Thread-5263|dumpPacket|   key: CLIENT_ID is: edu.csus.ecs.pc2.core.model.ClientId ADMINISTRATOR1 @ site 1
221210 104719.233|INFO|Thread-5263|dumpPacket|   key: SERVER_CLOCK_OFFSET is: java.util.GregorianCalendar java.util.GregorianCalendar[time=1670690839204,areFieldsSet=true,areAllFieldsSet=false,lenient=true,zone=sun.util.calendar.ZoneInfo[id="GMT",offset=0,dstSavings=0,useDaylight=false,transitions=0,lastRule=null],firstDayOfWeek=1,minimalDaysInFirstWeek=1,ERA=1,YEAR=2022,MONTH=11,WEEK_OF_YEAR=50,WEEK_OF_MONTH=2,DAY_OF_MONTH=10,DAY_OF_YEAR=344,DAY_OF_WEEK=7,DAY_OF_WEEK_IN_MONTH=2,AM_PM=1,HOUR=4,HOUR_OF_DAY=16,MINUTE=47,SECOND=19,MILLISECOND=204,ZONE_OFFSET=0,DST_OFFSET=0]
221210 104719.234|INFO|Thread-5263|info|Clock for site 1 started by ADMINISTRATOR1 @ site 1 elapsed 0:00:01
221210 104719.234|INFO|Thread-5263|info| receiveObject(S) end   got Packet[CLOCK_STARTED] #3172 SERVER0 @ site 1 -> SERVER0 @ site 0
221210 110538.581|INFO|qtp1613095350-3538|sendToLocalServer|Sending packet to server Packet[RUN_SUBMISSION] #300 TEAM59 @ site 1 -> SERVER0 @ site 1
221210 110538.581|INFO|qtp1613095350-3538|sendToLocalServer|Sent    packet to server Packet[RUN_SUBMISSION] #300 TEAM59 @ site 1 -> SERVER0 @ site 1
221210 110538.600|INFO|Thread-24147|info| receiveObject(S) start got Packet[RUN_SUBMISSION_CONFIRM] #3631 SERVER0 @ site 1 -> TEAM59 @ site 1
221210 110538.600|INFO|Thread-24147|dumpPacket|Packet RUN_SUBMISSION_CONFIRM (Seq #3631, o#3631 ) recieveObject
221210 110538.600|INFO|Thread-24147|dumpPacket|  From: SERVER0 @ site 1, oSERVER0 @ site 1 (DESKTOP-D75BQTV @ 212.212.212.212) (Contest Id: Contest-4511288556462302159)
221210 110538.600|INFO|Thread-24147|dumpPacket|    To: TEAM59 @ site 1
221210 110538.600|INFO|Thread-24147|dumpPacket|   key: RUN is: edu.csus.ecs.pc2.core.model.Run Run 63 NEW 18 min 1100720ms from TEAM59 @ site 1 id Run--7799456493779931942 problem kat-6555164518704360822 lang Java-8995311559554510087
221210 110538.600|INFO|Thread-24147|info|handlePacket start Packet[RUN_SUBMISSION_CONFIRM] #3631 SERVER0 @ site 1 -> TEAM59 @ site 1
221210 110538.600|INFO|Thread-24147|dumpPacket|Packet RUN_SUBMISSION_CONFIRM (Seq #3631, o#3631 ) handlePacket
221210 110538.600|INFO|Thread-24147|dumpPacket|  From: SERVER0 @ site 1, oSERVER0 @ site 1 (DESKTOP-D75BQTV @ 212.212.212.212) (Contest Id: Contest-4511288556462302159)
221210 110538.600|INFO|Thread-24147|dumpPacket|    To: TEAM59 @ site 1
221210 110538.600|INFO|Thread-24147|dumpPacket|   key: RUN is: edu.csus.ecs.pc2.core.model.Run Run 63 NEW 18 min 1100720ms from TEAM59 @ site 1 id Run--7799456493779931942 problem kat-6555164518704360822 lang Java-8995311559554510087
221210 110538.600|INFO|Thread-24147|info| receiveObject(S) end   got Packet[RUN_SUBMISSION_CONFIRM] #3631 SERVER0 @ site 1 -> TEAM59 @ site 1
221210 110615.271|INFO|Thread-25473|info| receiveObject(S) start got Packet[RUN_JUDGEMENT] #3671 SERVER0 @ site 1 -> TEAM59 @ site 1
221210 110615.271|INFO|Thread-25473|dumpPacket|Packet RUN_JUDGEMENT (Seq #3671, o#3671 ) recieveObject
221210 110615.271|INFO|Thread-25473|dumpPacket|  From: SERVER0 @ site 1, oSERVER0 @ site 1 (DESKTOP-D75BQTV @ 212.212.212.212) (Contest Id: Contest-4511288556462302159)
221210 110615.271|INFO|Thread-25473|dumpPacket|    To: TEAM59 @ site 1
221210 110615.271|INFO|Thread-25473|dumpPacket|   key: JUDGEMENT_RECORD is: edu.csus.ecs.pc2.core.model.JudgementRecord Yes by ADMINISTRATOR1 @ site 1 judgement Yes-448420548528869030 id JudgementRecord-8623940463755703497
221210 110615.271|INFO|Thread-25473|dumpPacket|   key: RUN is: edu.csus.ecs.pc2.core.model.Run Run 63 JUDGED 18 min 1100720ms from TEAM59 @ site 1 id Run--7799456493779931942 problem kat-6555164518704360822 lang Java-8995311559554510087
221210 110615.271|INFO|Thread-25473|dumpPacket|   key: CLIENT_ID is: edu.csus.ecs.pc2.core.model.ClientId SERVER0 @ site 1
221210 110615.271|INFO|Thread-25473|info|handlePacket start Packet[RUN_JUDGEMENT] #3671 SERVER0 @ site 1 -> TEAM59 @ site 1
221210 110615.271|INFO|Thread-25473|dumpPacket|Packet RUN_JUDGEMENT (Seq #3671, o#3671 ) handlePacket
221210 110615.271|INFO|Thread-25473|dumpPacket|  From: SERVER0 @ site 1, oSERVER0 @ site 1 (DESKTOP-D75BQTV @ 212.212.212.212) (Contest Id: Contest-4511288556462302159)
221210 110615.271|INFO|Thread-25473|dumpPacket|    To: TEAM59 @ site 1
221210 110615.272|INFO|Thread-25473|dumpPacket|   key: JUDGEMENT_RECORD is: edu.csus.ecs.pc2.core.model.JudgementRecord Yes by ADMINISTRATOR1 @ site 1 judgement Yes-448420548528869030 id JudgementRecord-8623940463755703497
221210 110615.272|INFO|Thread-25473|dumpPacket|   key: RUN is: edu.csus.ecs.pc2.core.model.Run Run 63 JUDGED 18 min 1100720ms from TEAM59 @ site 1 id Run--7799456493779931942 problem kat-6555164518704360822 lang Java-8995311559554510087
221210 110615.272|INFO|Thread-25473|dumpPacket|   key: CLIENT_ID is: edu.csus.ecs.pc2.core.model.ClientId SERVER0 @ site 1
221210 110615.272|INFO|Thread-25473|info| receiveObject(S) end   got Packet[RUN_JUDGEMENT] #3671 SERVER0 @ site 1 -> TEAM59 @ site 1
221210 113106.533|INFO|Thread-72121|info| receiveObject(S) start got Packet[RUN_SUBMISSION_CONFIRM] #4585 SERVER0 @ site 1 -> TEAM59 @ site 1
221210 113106.533|INFO|Thread-72121|dumpPacket|Packet RUN_SUBMISSION_CONFIRM (Seq #4585, o#4585 ) recieveObject
221210 113106.533|INFO|Thread-72121|dumpPacket|  From: SERVER0 @ site 1, oSERVER0 @ site 1 (DESKTOP-D75BQTV @ 212.212.212.212) (Contest Id: Contest-4511288556462302159)
221210 113106.533|INFO|Thread-72121|dumpPacket|    To: TEAM59 @ site 1
221210 113106.533|INFO|Thread-72121|dumpPacket|   key: RUN is: edu.csus.ecs.pc2.core.model.Run Run 199 NEW 43 min 2628644ms from TEAM59 @ site 1 id Run--6046341270566008241 problem trianguls-3533366483522833389 lang Java-8995311559554510087
221210 113106.534|INFO|Thread-72121|info|handlePacket start Packet[RUN_SUBMISSION_CONFIRM] #4585 SERVER0 @ site 1 -> TEAM59 @ site 1
221210 113106.534|INFO|Thread-72121|dumpPacket|Packet RUN_SUBMISSION_CONFIRM (Seq #4585, o#4585 ) handlePacket
221210 113106.534|INFO|Thread-72121|dumpPacket|  From: SERVER0 @ site 1, oSERVER0 @ site 1 (DESKTOP-D75BQTV @ 212.212.212.212) (Contest Id: Contest-4511288556462302159)
221210 113106.534|INFO|Thread-72121|dumpPacket|    To: TEAM59 @ site 1
221210 113106.534|INFO|Thread-72121|dumpPacket|   key: RUN is: edu.csus.ecs.pc2.core.model.Run Run 199 NEW 43 min 2628644ms from TEAM59 @ site 1 id Run--6046341270566008241 problem trianguls-3533366483522833389 lang Java-8995311559554510087
221210 113106.534|INFO|Thread-72121|info| receiveObject(S) end   got Packet[RUN_SUBMISSION_CONFIRM] #4585 SERVER0 @ site 1 -> TEAM59 @ site 1
221210 113116.800|INFO|Thread-73011|info| receiveObject(S) start got Packet[RUN_JUDGEMENT] #4599 SERVER0 @ site 1 -> TEAM59 @ site 1
221210 113116.800|INFO|Thread-73011|dumpPacket|Packet RUN_JUDGEMENT (Seq #4599, o#4599 ) recieveObject
221210 113116.800|INFO|Thread-73011|dumpPacket|  From: SERVER0 @ site 1, oSERVER0 @ site 1 (DESKTOP-D75BQTV @ 212.212.212.212) (Contest Id: Contest-4511288556462302159)
221210 113116.800|INFO|Thread-73011|dumpPacket|    To: TEAM59 @ site 1
221210 113116.800|INFO|Thread-73011|dumpPacket|   key: JUDGEMENT_RECORD is: edu.csus.ecs.pc2.core.model.JudgementRecord Yes by JUDGE2 @ site 1 judgement Yes-448420548528869030 id JudgementRecord-5534311776943773807
221210 113116.800|INFO|Thread-73011|dumpPacket|   key: RUN is: edu.csus.ecs.pc2.core.model.Run Run 199 JUDGED 43 min 2628644ms from TEAM59 @ site 1 id Run--6046341270566008241 problem trianguls-3533366483522833389 lang Java-8995311559554510087
221210 113116.800|INFO|Thread-73011|dumpPacket|   key: CLIENT_ID is: edu.csus.ecs.pc2.core.model.ClientId SERVER0 @ site 1
221210 113116.800|INFO|Thread-73011|info|handlePacket start Packet[RUN_JUDGEMENT] #4599 SERVER0 @ site 1 -> TEAM59 @ site 1
221210 113116.800|INFO|Thread-73011|dumpPacket|Packet RUN_JUDGEMENT (Seq #4599, o#4599 ) handlePacket
221210 113116.800|INFO|Thread-73011|dumpPacket|  From: SERVER0 @ site 1, oSERVER0 @ site 1 (DESKTOP-D75BQTV @ 212.212.212.212) (Contest Id: Contest-4511288556462302159)
221210 113116.800|INFO|Thread-73011|dumpPacket|    To: TEAM59 @ site 1
221210 113116.800|INFO|Thread-73011|dumpPacket|   key: JUDGEMENT_RECORD is: edu.csus.ecs.pc2.core.model.JudgementRecord Yes by JUDGE2 @ site 1 judgement Yes-448420548528869030 id JudgementRecord-5534311776943773807
221210 113116.800|INFO|Thread-73011|dumpPacket|   key: RUN is: edu.csus.ecs.pc2.core.model.Run Run 199 JUDGED 43 min 2628644ms from TEAM59 @ site 1 id Run--6046341270566008241 problem trianguls-3533366483522833389 lang Java-8995311559554510087
221210 113116.800|INFO|Thread-73011|dumpPacket|   key: CLIENT_ID is: edu.csus.ecs.pc2.core.model.ClientId SERVER0 @ site 1
221210 113116.800|INFO|Thread-73011|info| receiveObject(S) end   got Packet[RUN_JUDGEMENT] #4599 SERVER0 @ site 1 -> TEAM59 @ site 1
221210 113925.170|INFO|Thread-93771|info| receiveObject(S) start got Packet[RUN_SUBMISSION_CONFIRM] #4970 SERVER0 @ site 1 -> TEAM59 @ site 1
221210 113925.170|INFO|Thread-93771|dumpPacket|Packet RUN_SUBMISSION_CONFIRM (Seq #4970, o#4970 ) recieveObject
221210 113925.170|INFO|Thread-93771|dumpPacket|  From: SERVER0 @ site 1, oSERVER0 @ site 1 (DESKTOP-D75BQTV @ 212.212.212.212) (Contest Id: Contest-4511288556462302159)
221210 113925.170|INFO|Thread-93771|dumpPacket|    To: TEAM59 @ site 1
221210 113925.170|INFO|Thread-93771|dumpPacket|   key: RUN is: edu.csus.ecs.pc2.core.model.Run Run 259 NEW 52 min 3127279ms from TEAM59 @ site 1 id Run-7261504664797905593 problem jaireme-3282298763918088793 lang Java-8995311559554510087
221210 113925.170|INFO|Thread-93771|info|handlePacket start Packet[RUN_SUBMISSION_CONFIRM] #4970 SERVER0 @ site 1 -> TEAM59 @ site 1
221210 113925.170|INFO|Thread-93771|dumpPacket|Packet RUN_SUBMISSION_CONFIRM (Seq #4970, o#4970 ) handlePacket
221210 113925.170|INFO|Thread-93771|dumpPacket|  From: SERVER0 @ site 1, oSERVER0 @ site 1 (DESKTOP-D75BQTV @ 212.212.212.212) (Contest Id: Contest-4511288556462302159)
221210 113925.170|INFO|Thread-93771|dumpPacket|    To: TEAM59 @ site 1
221210 113925.170|INFO|Thread-93771|dumpPacket|   key: RUN is: edu.csus.ecs.pc2.core.model.Run Run 259 NEW 52 min 3127279ms from TEAM59 @ site 1 id Run-7261504664797905593 problem jaireme-3282298763918088793 lang Java-8995311559554510087
221210 113925.170|INFO|Thread-93771|info| receiveObject(S) end   got Packet[RUN_SUBMISSION_CONFIRM] #4970 SERVER0 @ site 1 -> TEAM59 @ site 1
221210 113932.402|INFO|Thread-93951|info| receiveObject(S) start got Packet[RUN_JUDGEMENT] #4976 SERVER0 @ site 1 -> TEAM59 @ site 1
221210 113932.402|INFO|Thread-93951|dumpPacket|Packet RUN_JUDGEMENT (Seq #4976, o#4976 ) recieveObject
221210 113932.402|INFO|Thread-93951|dumpPacket|  From: SERVER0 @ site 1, oSERVER0 @ site 1 (DESKTOP-D75BQTV @ 212.212.212.212) (Contest Id: Contest-4511288556462302159)
221210 113932.402|INFO|Thread-93951|dumpPacket|    To: TEAM59 @ site 1
221210 113932.402|INFO|Thread-93951|dumpPacket|   key: JUDGEMENT_RECORD is: edu.csus.ecs.pc2.core.model.JudgementRecord Yes by JUDGE1 @ site 1 judgement Yes-448420548528869030 id JudgementRecord-5038945230205743941
221210 113932.402|INFO|Thread-93951|dumpPacket|   key: RUN is: edu.csus.ecs.pc2.core.model.Run Run 259 JUDGED 52 min 3127279ms from TEAM59 @ site 1 id Run-7261504664797905593 problem jaireme-3282298763918088793 lang Java-8995311559554510087
221210 113932.402|INFO|Thread-93951|dumpPacket|   key: CLIENT_ID is: edu.csus.ecs.pc2.core.model.ClientId SERVER0 @ site 1
221210 113932.402|INFO|Thread-93951|info|handlePacket start Packet[RUN_JUDGEMENT] #4976 SERVER0 @ site 1 -> TEAM59 @ site 1
221210 113932.402|INFO|Thread-93951|dumpPacket|Packet RUN_JUDGEMENT (Seq #4976, o#4976 ) handlePacket
221210 113932.402|INFO|Thread-93951|dumpPacket|  From: SERVER0 @ site 1, oSERVER0 @ site 1 (DESKTOP-D75BQTV @ 212.212.212.212) (Contest Id: Contest-4511288556462302159)
221210 113932.402|INFO|Thread-93951|dumpPacket|    To: TEAM59 @ site 1
221210 113932.402|INFO|Thread-93951|dumpPacket|   key: JUDGEMENT_RECORD is: edu.csus.ecs.pc2.core.model.JudgementRecord Yes by JUDGE1 @ site 1 judgement Yes-448420548528869030 id JudgementRecord-5038945230205743941
221210 113932.402|INFO|Thread-93951|dumpPacket|   key: RUN is: edu.csus.ecs.pc2.core.model.Run Run 259 JUDGED 52 min 3127279ms from TEAM59 @ site 1 id Run-7261504664797905593 problem jaireme-3282298763918088793 lang Java-8995311559554510087
221210 113932.402|INFO|Thread-93951|dumpPacket|   key: CLIENT_ID is: edu.csus.ecs.pc2.core.model.ClientId SERVER0 @ site 1
221210 113932.403|INFO|Thread-93951|info| receiveObject(S) end   got Packet[RUN_JUDGEMENT] #4976 SERVER0 @ site 1 -> TEAM59 @ site 1
221210 115114.173|INFO|Thread-117411|info| receiveObject(S) start got Packet[RUN_SUBMISSION_CONFIRM] #5410 SERVER0 @ site 1 -> TEAM59 @ site 1
221210 115114.173|INFO|Thread-117411|dumpPacket|Packet RUN_SUBMISSION_CONFIRM (Seq #5410, o#5410 ) recieveObject
221210 115114.173|INFO|Thread-117411|dumpPacket|  From: SERVER0 @ site 1, oSERVER0 @ site 1 (DESKTOP-D75BQTV @ 212.212.212.212) (Contest Id: Contest-4511288556462302159)
221210 115114.173|INFO|Thread-117411|dumpPacket|    To: TEAM59 @ site 1
221210 115114.173|INFO|Thread-117411|dumpPacket|   key: RUN is: edu.csus.ecs.pc2.core.model.Run Run 324 NEW 63 min 3836277ms from TEAM59 @ site 1 id Run-6403643598683455097 problem hashbroun--674302307081013706 lang Java-8995311559554510087
221210 115114.173|INFO|Thread-117411|info|handlePacket start Packet[RUN_SUBMISSION_CONFIRM] #5410 SERVER0 @ site 1 -> TEAM59 @ site 1
221210 115114.173|INFO|Thread-117411|dumpPacket|Packet RUN_SUBMISSION_CONFIRM (Seq #5410, o#5410 ) handlePacket
221210 115114.173|INFO|Thread-117411|dumpPacket|  From: SERVER0 @ site 1, oSERVER0 @ site 1 (DESKTOP-D75BQTV @ 212.212.212.212) (Contest Id: Contest-4511288556462302159)
221210 115114.173|INFO|Thread-117411|dumpPacket|    To: TEAM59 @ site 1
221210 115114.173|INFO|Thread-117411|dumpPacket|   key: RUN is: edu.csus.ecs.pc2.core.model.Run Run 324 NEW 63 min 3836277ms from TEAM59 @ site 1 id Run-6403643598683455097 problem hashbroun--674302307081013706 lang Java-8995311559554510087
221210 115114.173|INFO|Thread-117411|info| receiveObject(S) end   got Packet[RUN_SUBMISSION_CONFIRM] #5410 SERVER0 @ site 1 -> TEAM59 @ site 1
221210 115125.268|INFO|Thread-117596|info| receiveObject(S) start got Packet[RUN_JUDGEMENT] #5414 SERVER0 @ site 1 -> TEAM59 @ site 1
221210 115125.268|INFO|Thread-117596|dumpPacket|Packet RUN_JUDGEMENT (Seq #5414, o#5414 ) recieveObject
221210 115125.268|INFO|Thread-117596|dumpPacket|  From: SERVER0 @ site 1, oSERVER0 @ site 1 (DESKTOP-D75BQTV @ 212.212.212.212) (Contest Id: Contest-4511288556462302159)
221210 115125.268|INFO|Thread-117596|dumpPacket|    To: TEAM59 @ site 1
221210 115125.268|INFO|Thread-117596|dumpPacket|   key: JUDGEMENT_RECORD is: edu.csus.ecs.pc2.core.model.JudgementRecord Yes by JUDGE1 @ site 1 judgement Yes-448420548528869030 id JudgementRecord--6748268297432157282
221210 115125.268|INFO|Thread-117596|dumpPacket|   key: RUN is: edu.csus.ecs.pc2.core.model.Run Run 324 JUDGED 63 min 3836277ms from TEAM59 @ site 1 id Run-6403643598683455097 problem hashbroun--674302307081013706 lang Java-8995311559554510087
221210 115125.268|INFO|Thread-117596|dumpPacket|   key: CLIENT_ID is: edu.csus.ecs.pc2.core.model.ClientId SERVER0 @ site 1
221210 115125.268|INFO|Thread-117596|info|handlePacket start Packet[RUN_JUDGEMENT] #5414 SERVER0 @ site 1 -> TEAM59 @ site 1
221210 115125.268|INFO|Thread-117596|dumpPacket|Packet RUN_JUDGEMENT (Seq #5414, o#5414 ) handlePacket
221210 115125.268|INFO|Thread-117596|dumpPacket|  From: SERVER0 @ site 1, oSERVER0 @ site 1 (DESKTOP-D75BQTV @ 212.212.212.212) (Contest Id: Contest-4511288556462302159)
221210 115125.268|INFO|Thread-117596|dumpPacket|    To: TEAM59 @ site 1
221210 115125.268|INFO|Thread-117596|dumpPacket|   key: JUDGEMENT_RECORD is: edu.csus.ecs.pc2.core.model.JudgementRecord Yes by JUDGE1 @ site 1 judgement Yes-448420548528869030 id JudgementRecord--6748268297432157282
221210 115125.268|INFO|Thread-117596|dumpPacket|   key: RUN is: edu.csus.ecs.pc2.core.model.Run Run 324 JUDGED 63 min 3836277ms from TEAM59 @ site 1 id Run-6403643598683455097 problem hashbroun--674302307081013706 lang Java-8995311559554510087
221210 115125.268|INFO|Thread-117596|dumpPacket|   key: CLIENT_ID is: edu.csus.ecs.pc2.core.model.ClientId SERVER0 @ site 1
221210 115125.268|INFO|Thread-117596|info| receiveObject(S) end   got Packet[RUN_JUDGEMENT] #5414 SERVER0 @ site 1 -> TEAM59 @ site 1
221210 120055.390|INFO|Thread-136881|info| receiveObject(S) start got Packet[RUN_SUBMISSION_CONFIRM] #5748 SERVER0 @ site 1 -> TEAM59 @ site 1
221210 120055.390|INFO|Thread-136881|dumpPacket|Packet RUN_SUBMISSION_CONFIRM (Seq #5748, o#5748 ) recieveObject
221210 120055.390|INFO|Thread-136881|dumpPacket|  From: SERVER0 @ site 1, oSERVER0 @ site 1 (DESKTOP-D75BQTV @ 212.212.212.212) (Contest Id: Contest-4511288556462302159)
221210 120055.390|INFO|Thread-136881|dumpPacket|    To: TEAM59 @ site 1
221210 120055.390|INFO|Thread-136881|dumpPacket|   key: RUN is: edu.csus.ecs.pc2.core.model.Run Run 376 NEW 73 min 4417481ms from TEAM59 @ site 1 id Run--723097385340128550 problem joenathan-1253509444049781839 lang Java-8995311559554510087
221210 120055.390|INFO|Thread-136881|info|handlePacket start Packet[RUN_SUBMISSION_CONFIRM] #5748 SERVER0 @ site 1 -> TEAM59 @ site 1
221210 120055.390|INFO|Thread-136881|dumpPacket|Packet RUN_SUBMISSION_CONFIRM (Seq #5748, o#5748 ) handlePacket
221210 120055.390|INFO|Thread-136881|dumpPacket|  From: SERVER0 @ site 1, oSERVER0 @ site 1 (DESKTOP-D75BQTV @ 212.212.212.212) (Contest Id: Contest-4511288556462302159)
221210 120055.390|INFO|Thread-136881|dumpPacket|    To: TEAM59 @ site 1
221210 120055.390|INFO|Thread-136881|dumpPacket|   key: RUN is: edu.csus.ecs.pc2.core.model.Run Run 376 NEW 73 min 4417481ms from TEAM59 @ site 1 id Run--723097385340128550 problem joenathan-1253509444049781839 lang Java-8995311559554510087
221210 120055.390|INFO|Thread-136881|info| receiveObject(S) end   got Packet[RUN_SUBMISSION_CONFIRM] #5748 SERVER0 @ site 1 -> TEAM59 @ site 1
221210 120120.490|INFO|Thread-137821|info| receiveObject(S) start got Packet[RUN_JUDGEMENT] #5766 SERVER0 @ site 1 -> TEAM59 @ site 1
221210 120120.490|INFO|Thread-137821|dumpPacket|Packet RUN_JUDGEMENT (Seq #5766, o#5766 ) recieveObject
221210 120120.490|INFO|Thread-137821|dumpPacket|  From: SERVER0 @ site 1, oSERVER0 @ site 1 (DESKTOP-D75BQTV @ 212.212.212.212) (Contest Id: Contest-4511288556462302159)
221210 120120.490|INFO|Thread-137821|dumpPacket|    To: TEAM59 @ site 1
221210 120120.490|INFO|Thread-137821|dumpPacket|   key: JUDGEMENT_RECORD is: edu.csus.ecs.pc2.core.model.JudgementRecord Yes by JUDGE1 @ site 1 judgement Yes-448420548528869030 id JudgementRecord-5544776829470012235
221210 120120.490|INFO|Thread-137821|dumpPacket|   key: RUN is: edu.csus.ecs.pc2.core.model.Run Run 376 JUDGED 73 min 4417481ms from TEAM59 @ site 1 id Run--723097385340128550 problem joenathan-1253509444049781839 lang Java-8995311559554510087
221210 120120.490|INFO|Thread-137821|dumpPacket|   key: CLIENT_ID is: edu.csus.ecs.pc2.core.model.ClientId SERVER0 @ site 1
221210 120120.490|INFO|Thread-137821|info|handlePacket start Packet[RUN_JUDGEMENT] #5766 SERVER0 @ site 1 -> TEAM59 @ site 1
221210 120120.490|INFO|Thread-137821|dumpPacket|Packet RUN_JUDGEMENT (Seq #5766, o#5766 ) handlePacket
221210 120120.490|INFO|Thread-137821|dumpPacket|  From: SERVER0 @ site 1, oSERVER0 @ site 1 (DESKTOP-D75BQTV @ 212.212.212.212) (Contest Id: Contest-4511288556462302159)
221210 120120.490|INFO|Thread-137821|dumpPacket|    To: TEAM59 @ site 1
221210 120120.490|INFO|Thread-137821|dumpPacket|   key: JUDGEMENT_RECORD is: edu.csus.ecs.pc2.core.model.JudgementRecord Yes by JUDGE1 @ site 1 judgement Yes-448420548528869030 id JudgementRecord-5544776829470012235
221210 120120.490|INFO|Thread-137821|dumpPacket|   key: RUN is: edu.csus.ecs.pc2.core.model.Run Run 376 JUDGED 73 min 4417481ms from TEAM59 @ site 1 id Run--723097385340128550 problem joenathan-1253509444049781839 lang Java-8995311559554510087
221210 120120.490|INFO|Thread-137821|dumpPacket|   key: CLIENT_ID is: edu.csus.ecs.pc2.core.model.ClientId SERVER0 @ site 1
221210 120120.490|INFO|Thread-137821|info| receiveObject(S) end   got Packet[RUN_JUDGEMENT] #5766 SERVER0 @ site 1 -> TEAM59 @ site 1
221210 120724.619|INFO|Thread-150035|info| receiveObject(S) start got Packet[CLARIFICATION_ANSWER_UPDATE] #5991 SERVER0 @ site 1 -> SERVER0 @ site 0
221210 120724.619|INFO|Thread-150035|dumpPacket|Packet CLARIFICATION_ANSWER_UPDATE (Seq #5991, o#5991 ) recieveObject
221210 120724.619|INFO|Thread-150035|dumpPacket|  From: SERVER0 @ site 1, oSERVER0 @ site 1 (DESKTOP-D75BQTV @ 212.212.212.212) (Contest Id: Contest-4511288556462302159)
221210 120724.619|INFO|Thread-150035|dumpPacket|    To: SERVER0 @ site 0
221210 120724.619|INFO|Thread-150035|dumpPacket|   key: CLARIFICATION is: edu.csus.ecs.pc2.core.model.Clarification Clarification 6 ANSWERED from JUDGE1 @ site 1 at 35 id=Clarification-692195316381636229
221210 120724.619|INFO|Thread-150035|dumpPacket|   key: CLARIFICATION_ANSWER is: java.lang.String No response, read problem statement
221210 120724.619|INFO|Thread-150035|dumpPacket|   key: CLIENT_ID is: edu.csus.ecs.pc2.core.model.ClientId JUDGE9 @ site 1
221210 120724.619|INFO|Thread-150035|info|handlePacket start Packet[CLARIFICATION_ANSWER_UPDATE] #5991 SERVER0 @ site 1 -> SERVER0 @ site 0
221210 120724.619|INFO|Thread-150035|dumpPacket|Packet CLARIFICATION_ANSWER_UPDATE (Seq #5991, o#5991 ) handlePacket
221210 120724.619|INFO|Thread-150035|dumpPacket|  From: SERVER0 @ site 1, oSERVER0 @ site 1 (DESKTOP-D75BQTV @ 212.212.212.212) (Contest Id: Contest-4511288556462302159)
221210 120724.619|INFO|Thread-150035|dumpPacket|    To: SERVER0 @ site 0
221210 120724.619|INFO|Thread-150035|dumpPacket|   key: CLARIFICATION is: edu.csus.ecs.pc2.core.model.Clarification Clarification 6 ANSWERED from JUDGE1 @ site 1 at 35 id=Clarification-692195316381636229
221210 120724.619|INFO|Thread-150035|dumpPacket|   key: CLARIFICATION_ANSWER is: java.lang.String No response, read problem statement
221210 120724.619|INFO|Thread-150035|dumpPacket|   key: CLIENT_ID is: edu.csus.ecs.pc2.core.model.ClientId JUDGE9 @ site 1
221210 120724.629|INFO|Thread-150035|info| receiveObject(S) end   got Packet[CLARIFICATION_ANSWER_UPDATE] #5991 SERVER0 @ site 1 -> SERVER0 @ site 0
221210 121215.202|INFO|Thread-159154|info| receiveObject(S) start got Packet[RUN_SUBMISSION_CONFIRM] #6149 SERVER0 @ site 1 -> TEAM59 @ site 1
221210 121215.202|INFO|Thread-159154|dumpPacket|Packet RUN_SUBMISSION_CONFIRM (Seq #6149, o#6149 ) recieveObject
221210 121215.202|INFO|Thread-159154|dumpPacket|  From: SERVER0 @ site 1, oSERVER0 @ site 1 (DESKTOP-D75BQTV @ 212.212.212.212) (Contest Id: Contest-4511288556462302159)
221210 121215.202|INFO|Thread-159154|dumpPacket|    To: TEAM59 @ site 1
221210 121215.202|INFO|Thread-159154|dumpPacket|   key: RUN is: edu.csus.ecs.pc2.core.model.Run Run 432 NEW 84 min 5097291ms from TEAM59 @ site 1 id Run--4534764189901660602 problem throatpunch-9036032191564691104 lang Java-8995311559554510087
221210 121215.202|INFO|Thread-159154|info|handlePacket start Packet[RUN_SUBMISSION_CONFIRM] #6149 SERVER0 @ site 1 -> TEAM59 @ site 1
221210 121215.202|INFO|Thread-159154|dumpPacket|Packet RUN_SUBMISSION_CONFIRM (Seq #6149, o#6149 ) handlePacket
221210 121215.202|INFO|Thread-159154|dumpPacket|  From: SERVER0 @ site 1, oSERVER0 @ site 1 (DESKTOP-D75BQTV @ 212.212.212.212) (Contest Id: Contest-4511288556462302159)
221210 121215.202|INFO|Thread-159154|dumpPacket|    To: TEAM59 @ site 1
221210 121215.202|INFO|Thread-159154|dumpPacket|   key: RUN is: edu.csus.ecs.pc2.core.model.Run Run 432 NEW 84 min 5097291ms from TEAM59 @ site 1 id Run--4534764189901660602 problem throatpunch-9036032191564691104 lang Java-8995311559554510087
221210 121215.202|INFO|Thread-159154|info| receiveObject(S) end   got Packet[RUN_SUBMISSION_CONFIRM] #6149 SERVER0 @ site 1 -> TEAM59 @ site 1
221210 121221.386|INFO|Thread-159543|info| receiveObject(S) start got Packet[RUN_JUDGEMENT] #6157 SERVER0 @ site 1 -> TEAM59 @ site 1
221210 121221.386|INFO|Thread-159543|dumpPacket|Packet RUN_JUDGEMENT (Seq #6157, o#6157 ) recieveObject
221210 121221.386|INFO|Thread-159543|dumpPacket|  From: SERVER0 @ site 1, oSERVER0 @ site 1 (DESKTOP-D75BQTV @ 212.212.212.212) (Contest Id: Contest-4511288556462302159)
221210 121221.386|INFO|Thread-159543|dumpPacket|    To: TEAM59 @ site 1
221210 121221.387|INFO|Thread-159543|dumpPacket|   key: JUDGEMENT_RECORD is: edu.csus.ecs.pc2.core.model.JudgementRecord Yes by JUDGE1 @ site 1 judgement Yes-448420548528869030 id JudgementRecord-4198226681129414268
221210 121221.387|INFO|Thread-159543|dumpPacket|   key: RUN is: edu.csus.ecs.pc2.core.model.Run Run 432 JUDGED 84 min 5097291ms from TEAM59 @ site 1 id Run--4534764189901660602 problem throatpunch-9036032191564691104 lang Java-8995311559554510087
221210 121221.387|INFO|Thread-159543|dumpPacket|   key: CLIENT_ID is: edu.csus.ecs.pc2.core.model.ClientId SERVER0 @ site 1
221210 121221.387|INFO|Thread-159543|info|handlePacket start Packet[RUN_JUDGEMENT] #6157 SERVER0 @ site 1 -> TEAM59 @ site 1
221210 121221.387|INFO|Thread-159543|dumpPacket|Packet RUN_JUDGEMENT (Seq #6157, o#6157 ) handlePacket
221210 121221.387|INFO|Thread-159543|dumpPacket|  From: SERVER0 @ site 1, oSERVER0 @ site 1 (DESKTOP-D75BQTV @ 212.212.212.212) (Contest Id: Contest-4511288556462302159)
221210 121221.387|INFO|Thread-159543|dumpPacket|    To: TEAM59 @ site 1
221210 121221.387|INFO|Thread-159543|dumpPacket|   key: JUDGEMENT_RECORD is: edu.csus.ecs.pc2.core.model.JudgementRecord Yes by JUDGE1 @ site 1 judgement Yes-448420548528869030 id JudgementRecord-4198226681129414268
221210 121221.387|INFO|Thread-159543|dumpPacket|   key: RUN is: edu.csus.ecs.pc2.core.model.Run Run 432 JUDGED 84 min 5097291ms from TEAM59 @ site 1 id Run--4534764189901660602 problem throatpunch-9036032191564691104 lang Java-8995311559554510087
221210 121221.387|INFO|Thread-159543|dumpPacket|   key: CLIENT_ID is: edu.csus.ecs.pc2.core.model.ClientId SERVER0 @ site 1
221210 121221.387|INFO|Thread-159543|info| receiveObject(S) end   got Packet[RUN_JUDGEMENT] #6157 SERVER0 @ site 1 -> TEAM59 @ site 1
221210 125103.384|INFO|Thread-250165|info| receiveObject(S) start got Packet[RUN_SUBMISSION_CONFIRM] #7682 SERVER0 @ site 1 -> TEAM59 @ site 1
221210 125103.384|INFO|Thread-250165|dumpPacket|Packet RUN_SUBMISSION_CONFIRM (Seq #7682, o#7682 ) recieveObject
221210 125103.384|INFO|Thread-250165|dumpPacket|  From: SERVER0 @ site 1, oSERVER0 @ site 1 (DESKTOP-D75BQTV @ 212.212.212.212) (Contest Id: Contest-4511288556462302159)
221210 125103.384|INFO|Thread-250165|dumpPacket|    To: TEAM59 @ site 1
221210 125103.384|INFO|Thread-250165|dumpPacket|   key: RUN is: edu.csus.ecs.pc2.core.model.Run Run 668 NEW 123 min 7425417ms from TEAM59 @ site 1 id Run-3030514387763367024 problem ivy-2452313411198565417 lang Java-8995311559554510087
221210 125103.384|INFO|Thread-250165|info|handlePacket start Packet[RUN_SUBMISSION_CONFIRM] #7682 SERVER0 @ site 1 -> TEAM59 @ site 1
221210 125103.384|INFO|Thread-250165|dumpPacket|Packet RUN_SUBMISSION_CONFIRM (Seq #7682, o#7682 ) handlePacket
221210 125103.385|INFO|Thread-250165|dumpPacket|  From: SERVER0 @ site 1, oSERVER0 @ site 1 (DESKTOP-D75BQTV @ 212.212.212.212) (Contest Id: Contest-4511288556462302159)
221210 125103.385|INFO|Thread-250165|dumpPacket|    To: TEAM59 @ site 1
221210 125103.385|INFO|Thread-250165|dumpPacket|   key: RUN is: edu.csus.ecs.pc2.core.model.Run Run 668 NEW 123 min 7425417ms from TEAM59 @ site 1 id Run-3030514387763367024 problem ivy-2452313411198565417 lang Java-8995311559554510087
221210 125103.385|INFO|Thread-250165|info| receiveObject(S) end   got Packet[RUN_SUBMISSION_CONFIRM] #7682 SERVER0 @ site 1 -> TEAM59 @ site 1
231209 121757.463|CONFIG|Thread-67313|setFileHandlers|Now logging to C:\Users\18328\Desktop\pc2\WebTeamInterface-1.1\logs directory.
231209 121757.463|INFO|Thread-67313|info|
231209 121757.463|INFO|Thread-67313|info|Version 9 () Java ver 18.0.2.1 build  Windows 11 10.0 (amd64) 
231209 121757.463|INFO|Thread-67313|info|Login: team59 (aka team59)
231209 121757.463|INFO|Thread-67313|startLog|Working directory is C:\Users\18328\Desktop\pc2\WebTeamInterface-1.1
231209 121757.463|INFO|Thread-67313|startLog|Process id is 15028@DESKTOP-D75BQTV
231209 121757.463|INFO|Thread-67313|info| handlePacket original LOGIN_SUCCESS after -- all settings loaded 
231209 121757.463|INFO|Thread-67313|info|handlePacket end Packet[LOGIN_SUCCESS] #7814 SERVER0 @ site 1 -> TEAM59 @ site 1
231209 121757.463|INFO|Thread-67313|info| receiveObject(S) end   got Packet[LOGIN_SUCCESS] #7814 SERVER0 @ site 1 -> TEAM59 @ site 1
231209 121814.273|INFO|qtp135640095-66618|sendToLocalServer|Sending packet to server Packet[RUN_SUBMISSION] #1372 TEAM59 @ site 1 -> SERVER0 @ site 1
231209 121814.273|INFO|qtp135640095-66618|sendToLocalServer|Sent    packet to server Packet[RUN_SUBMISSION] #1372 TEAM59 @ site 1 -> SERVER0 @ site 1
231209 121814.497|INFO|Thread-67323|info| receiveObject(S) start got Packet[RUN_SUBMISSION_CONFIRM] #7830 SERVER0 @ site 1 -> TEAM59 @ site 1
231209 121814.497|INFO|Thread-67323|dumpPacket|Packet RUN_SUBMISSION_CONFIRM (Seq #7830, o#7830 ) recieveObject
231209 121814.497|INFO|Thread-67323|dumpPacket|  From: SERVER0 @ site 1, oSERVER0 @ site 1 (DESKTOP-D75BQTV @ 212.212.212.212) (Contest Id: RealDeal--1957769244132597914)
231209 121814.497|INFO|Thread-67323|dumpPacket|    To: TEAM59 @ site 1
231209 121814.497|INFO|Thread-67323|dumpPacket|   key: RUN is: edu.csus.ecs.pc2.core.model.Run Run 572 NEW 94 min 5673553ms from TEAM59 @ site 1 id Run-4956833803671006824 problem Word--384876857808405789 lang Java--8800253324652192008
231209 121814.497|INFO|Thread-67323|info|handlePacket start Packet[RUN_SUBMISSION_CONFIRM] #7830 SERVER0 @ site 1 -> TEAM59 @ site 1
231209 121814.497|INFO|Thread-67323|dumpPacket|Packet RUN_SUBMISSION_CONFIRM (Seq #7830, o#7830 ) handlePacket
231209 121814.497|INFO|Thread-67323|dumpPacket|  From: SERVER0 @ site 1, oSERVER0 @ site 1 (DESKTOP-D75BQTV @ 212.212.212.212) (Contest Id: RealDeal--1957769244132597914)
231209 121814.497|INFO|Thread-67323|dumpPacket|    To: TEAM59 @ site 1
231209 121814.497|INFO|Thread-67323|dumpPacket|   key: RUN is: edu.csus.ecs.pc2.core.model.Run Run 572 NEW 94 min 5673553ms from TEAM59 @ site 1 id Run-4956833803671006824 problem Word--384876857808405789 lang Java--8800253324652192008
231209 121814.497|INFO|Thread-67323|info| receiveObject(S) end   got Packet[RUN_SUBMISSION_CONFIRM] #7830 SERVER0 @ site 1 -> TEAM59 @ site 1
231209 121821.458|INFO|Thread-67328|info| receiveObject(S) start got Packet[RUN_JUDGEMENT] #7840 SERVER0 @ site 1 -> TEAM59 @ site 1
231209 121821.458|INFO|Thread-67328|dumpPacket|Packet RUN_JUDGEMENT (Seq #7840, o#7840 ) recieveObject
231209 121821.458|INFO|Thread-67328|dumpPacket|  From: SERVER0 @ site 1, oSERVER0 @ site 1 (DESKTOP-D75BQTV @ 212.212.212.212) (Contest Id: RealDeal--1957769244132597914)
231209 121821.458|INFO|Thread-67328|dumpPacket|    To: TEAM59 @ site 1
231209 121821.458|INFO|Thread-67328|dumpPacket|   key: JUDGEMENT_RECORD is: edu.csus.ecs.pc2.core.model.JudgementRecord Yes by JUDGE10 @ site 1 judgement Yes-2915828768858405923 id JudgementRecord-704556223860641224
231209 121821.458|INFO|Thread-67328|dumpPacket|   key: RUN is: edu.csus.ecs.pc2.core.model.Run Run 572 JUDGED 94 min 5673553ms from TEAM59 @ site 1 id Run-4956833803671006824 problem Word--384876857808405789 lang Java--8800253324652192008
231209 121821.458|INFO|Thread-67328|dumpPacket|   key: CLIENT_ID is: edu.csus.ecs.pc2.core.model.ClientId SERVER0 @ site 1
231209 121821.458|INFO|Thread-67328|info|handlePacket start Packet[RUN_JUDGEMENT] #7840 SERVER0 @ site 1 -> TEAM59 @ site 1
231209 121821.458|INFO|Thread-67328|dumpPacket|Packet RUN_JUDGEMENT (Seq #7840, o#7840 ) handlePacket
231209 121821.458|INFO|Thread-67328|dumpPacket|  From: SERVER0 @ site 1, oSERVER0 @ site 1 (DESKTOP-D75BQTV @ 212.212.212.212) (Contest Id: RealDeal--1957769244132597914)
231209 121821.458|INFO|Thread-67328|dumpPacket|    To: TEAM59 @ site 1
231209 121821.458|INFO|Thread-67328|dumpPacket|   key: JUDGEMENT_RECORD is: edu.csus.ecs.pc2.core.model.JudgementRecord Yes by JUDGE10 @ site 1 judgement Yes-2915828768858405923 id JudgementRecord-704556223860641224
231209 121821.458|INFO|Thread-67328|dumpPacket|   key: RUN is: edu.csus.ecs.pc2.core.model.Run Run 572 JUDGED 94 min 5673553ms from TEAM59 @ site 1 id Run-4956833803671006824 problem Word--384876857808405789 lang Java--8800253324652192008
231209 121821.458|INFO|Thread-67328|dumpPacket|   key: CLIENT_ID is: edu.csus.ecs.pc2.core.model.ClientId SERVER0 @ site 1
231209 121821.461|INFO|Thread-67328|info| receiveObject(S) end   got Packet[RUN_JUDGEMENT] #7840 SERVER0 @ site 1 -> TEAM59 @ site 1
