231209 094444.671|CONFIG|qtp135640095-20986|setFileHandlers|Now logging to C:\Users\18328\Desktop\pc2\WebTeamInterface-1.1\logs directory.
231209 094444.672|INFO|qtp135640095-20986|info|
231209 094444.672|INFO|qtp135640095-20986|info|Version 9 () Java ver 18.0.2.1 build  Windows 11 10.0 (amd64) 
231209 094444.672|INFO|qtp135640095-20986|info|Login: team98 (aka team98)
231209 094444.672|INFO|qtp135640095-20986|startLog|Working directory is C:\Users\18328\Desktop\pc2\WebTeamInterface-1.1
231209 094444.674|INFO|qtp135640095-20986|startLog|Process id is 15028@DESKTOP-D75BQTV
231209 094444.674|INFO|Thread-25006|getPublicKeyPacket|Generating Unencrypted Public Key Packet
231209 094444.674|INFO|qtp135640095-20986|info|Contacting server at localhost:50002 as TEAM98 @ site 0
231209 094444.675|INFO|Thread-25006|getPublicKeyPacket|checking key:= SunJCE Diffie-Hellman Public Key:
y:
    e66bef98 dca449e6 9fd3a24c 053c15d5 a93b764b bd484911 947fde22 680a0eed
    a2002fdb af98b722 a6bee6d3 eb403725 3c3b5f2d 4c67c09f b69316b5 4c8f7c92
    26d4a125 07ba31d4 73d0b60d 76f48717 f8729b95 c8ad31de e41b9629 8c866b70
    f72e6200 4e1b6a30 c721877a 516b3778 72c9145c 7c230be8 96c05f7f 9ad24803
p:
    f488fd58 4e49dbcd 20b49de4 9107366b 336c380d 451d0f7c 88b31c7c 5b2d8ef6
    f3c923c0 43f0a55b 188d8ebb 558cb85d 38d334fd 7c175743 a31d186c de33212c
    b52aff3c e1b12940 18118d7c 84a70a72 d686c403 19c80729 7aca950c d9969fab
    d00a509b 0246d308 3d66a45d 419f9c7c bd894b22 1926baab a25ec355 e92f78c7
g:
    02
l:
    512
231209 094444.675|INFO|Thread-25006|getPublicKeyPacket|packet:= edu.csus.ecs.pc2.core.transport.TransportWrapper@25307639
231209 094444.675|INFO|qtp135640095-20986|info|sendLoginRequest start - sending from TEAM98 @ site 0
231209 094444.675|INFO|qtp135640095-20986|sendToLocalServer|Sending packet to server Packet[LOGIN_REQUEST] #347 TEAM98 @ site 0 -> SERVER0 @ site 0
231209 094444.675|INFO|qtp135640095-20986|sendToLocalServer|Sent    packet to server Packet[LOGIN_REQUEST] #347 TEAM98 @ site 0 -> SERVER0 @ site 0
231209 094444.676|INFO|qtp135640095-20986|info|sendLoginRequest end - packet sent.
231209 094444.676|INFO|Thread-25007|run|send(Serializable)
231209 094444.692|INFO|Thread-25006|receive|public void receive(SealedObject TransportPacket, ConnectionHandlerID connectionHandlerID)
231209 094444.694|INFO|Thread-25008|info| receiveObject(S) start got Packet[LOGIN_SUCCESS] #1932 SERVER0 @ site 1 -> TEAM98 @ site 1
231209 094444.694|INFO|Thread-25008|dumpPacket|Packet LOGIN_SUCCESS (Seq #1932, o#1932 ) recieveObject
231209 094444.694|INFO|Thread-25008|dumpPacket|  From: SERVER0 @ site 1, oSERVER0 @ site 1 (DESKTOP-D75BQTV @ 212.212.212.212) (Contest Id: DryRun--6069080675419338087)
231209 094444.694|INFO|Thread-25008|dumpPacket|    To: TEAM98 @ site 1
231209 094444.694|INFO|Thread-25008|dumpPacket|   key: PROFILE_LIST is: [Ledu.csus.ecs.pc2.core.model.Profile; [Ledu.csus.ecs.pc2.core.model.Profile;@266a36c2
231209 094444.694|INFO|Thread-25008|dumpPacket|   key: GENERAL_PROBLEM is: edu.csus.ecs.pc2.core.model.Problem General
231209 094444.694|INFO|Thread-25008|dumpPacket|   key: CLIENT_SETTINGS_LIST is: [Ledu.csus.ecs.pc2.core.model.ClientSettings; [Ledu.csus.ecs.pc2.core.model.ClientSettings;@28adcc7f
231209 094444.694|INFO|Thread-25008|dumpPacket|   key: CONTEST_TIME is: edu.csus.ecs.pc2.core.model.ContestTime edu.csus.ecs.pc2.core.model.ContestTime@2c925db2
231209 094444.694|INFO|Thread-25008|dumpPacket|   key: CLARIFICATION_LIST is: [Ledu.csus.ecs.pc2.core.model.Clarification; [Ledu.csus.ecs.pc2.core.model.Clarification;@6990c644
231209 094444.694|INFO|Thread-25008|dumpPacket|   key: CATEGORY_LIST is: [Ledu.csus.ecs.pc2.core.model.Category; [Ledu.csus.ecs.pc2.core.model.Category;@1e3b2192
231209 094444.694|INFO|Thread-25008|dumpPacket|   key: LANGUAGE_LIST is: [Ledu.csus.ecs.pc2.core.model.Language; [Ledu.csus.ecs.pc2.core.model.Language;@5833c81e
231209 094444.694|INFO|Thread-25008|dumpPacket|   key: REMOTE_LOGGED_IN_USERS is: [Ledu.csus.ecs.pc2.core.model.ClientId; [Ledu.csus.ecs.pc2.core.model.ClientId;@66727167
231209 094444.694|INFO|Thread-25008|dumpPacket|   key: CONTEST_TIME_LIST is: [Ledu.csus.ecs.pc2.core.model.ContestTime; [Ledu.csus.ecs.pc2.core.model.ContestTime;@9bf390b
231209 094444.699|INFO|Thread-25008|dumpPacket|   key: CONNECTION_HANDLE_ID_LIST is: [Ledu.csus.ecs.pc2.core.transport.ConnectionHandlerID; [Ledu.csus.ecs.pc2.core.transport.ConnectionHandlerID;@4ecfbe1f
231209 094444.699|INFO|Thread-25008|dumpPacket|   key: PROFILE is: edu.csus.ecs.pc2.core.model.Profile DryRun--6069080675419338087
231209 094444.699|INFO|Thread-25008|dumpPacket|   key: CLIENT_ID is: edu.csus.ecs.pc2.core.model.ClientId TEAM98 @ site 1
231209 094444.699|INFO|Thread-25008|dumpPacket|   key: SITE_NUMBER is: java.lang.Integer 1
231209 094444.699|INFO|Thread-25008|dumpPacket|   key: CONTEST_INFORMATION is: edu.csus.ecs.pc2.core.model.ContestInformation edu.csus.ecs.pc2.core.model.ContestInformation@87afce0
231209 094444.699|INFO|Thread-25008|dumpPacket|   key: SITE_LIST is: [Ledu.csus.ecs.pc2.core.model.Site; [Ledu.csus.ecs.pc2.core.model.Site;@7d765dc1
231209 094444.699|INFO|Thread-25008|dumpPacket|   key: PROBLEM_DATA_FILES is: [Ledu.csus.ecs.pc2.core.model.ProblemDataFiles; [Ledu.csus.ecs.pc2.core.model.ProblemDataFiles;@df14405
231209 094444.699|INFO|Thread-25008|dumpPacket|   key: JUDGEMENT_LIST is: [Ledu.csus.ecs.pc2.core.model.Judgement; [Ledu.csus.ecs.pc2.core.model.Judgement;@3efd2ce2
231209 094444.699|INFO|Thread-25008|dumpPacket|   key: PROBLEM_LIST is: [Ledu.csus.ecs.pc2.core.model.Problem; [Ledu.csus.ecs.pc2.core.model.Problem;@613f5a21
231209 094444.699|INFO|Thread-25008|dumpPacket|   key: GROUP_LIST is: [Ledu.csus.ecs.pc2.core.model.Group; [Ledu.csus.ecs.pc2.core.model.Group;@2e688b92
231209 094444.699|INFO|Thread-25008|dumpPacket|   key: LOCAL_LOGGED_IN_USERS is: [Ledu.csus.ecs.pc2.core.model.ClientId; [Ledu.csus.ecs.pc2.core.model.ClientId;@29be3336
231209 094444.700|INFO|Thread-25008|dumpPacket|   key: SERVER_CLOCK_OFFSET is: java.util.GregorianCalendar java.util.GregorianCalendar[time=1702136684685,areFieldsSet=true,areAllFieldsSet=false,lenient=true,zone=sun.util.calendar.ZoneInfo[id="GMT",offset=0,dstSavings=0,useDaylight=false,transitions=0,lastRule=null],firstDayOfWeek=1,minimalDaysInFirstWeek=1,ERA=1,YEAR=2023,MONTH=11,WEEK_OF_YEAR=49,WEEK_OF_MONTH=2,DAY_OF_MONTH=9,DAY_OF_YEAR=343,DAY_OF_WEEK=7,DAY_OF_WEEK_IN_MONTH=2,AM_PM=1,HOUR=3,HOUR_OF_DAY=15,MINUTE=44,SECOND=44,MILLISECOND=685,ZONE_OFFSET=0,DST_OFFSET=0]
231209 094444.700|INFO|Thread-25008|dumpPacket|   key: CONTEST_IDENTIFIER is: java.lang.String DryRun--6069080675419338087
231209 094444.700|INFO|Thread-25008|dumpPacket|   key: BALLOON_SETTINGS_LIST is: [Ledu.csus.ecs.pc2.core.model.BalloonSettings; [Ledu.csus.ecs.pc2.core.model.BalloonSettings;@7e7390df
231209 094444.700|INFO|Thread-25008|dumpPacket|   key: RUN_LIST is: [Ledu.csus.ecs.pc2.core.model.Run; [Ledu.csus.ecs.pc2.core.model.Run;@65862362
231209 094444.700|INFO|Thread-25008|dumpPacket|   key: ACCOUNT_ARRAY is: [Ledu.csus.ecs.pc2.core.model.Account; [Ledu.csus.ecs.pc2.core.model.Account;@fd8005b
231209 094444.700|INFO|Thread-25008|info|handlePacket start Packet[LOGIN_SUCCESS] #1932 SERVER0 @ site 1 -> TEAM98 @ site 1
231209 094444.700|INFO|Thread-25008|dumpPacket|Packet LOGIN_SUCCESS (Seq #1932, o#1932 ) handlePacket
231209 094444.700|INFO|Thread-25008|dumpPacket|  From: SERVER0 @ site 1, oSERVER0 @ site 1 (DESKTOP-D75BQTV @ 212.212.212.212) (Contest Id: DryRun--6069080675419338087)
231209 094444.700|INFO|Thread-25008|dumpPacket|    To: TEAM98 @ site 1
231209 094444.700|INFO|Thread-25008|dumpPacket|   key: PROFILE_LIST is: [Ledu.csus.ecs.pc2.core.model.Profile; [Ledu.csus.ecs.pc2.core.model.Profile;@266a36c2
231209 094444.700|INFO|Thread-25008|dumpPacket|   key: GENERAL_PROBLEM is: edu.csus.ecs.pc2.core.model.Problem General
231209 094444.700|INFO|Thread-25008|dumpPacket|   key: CLIENT_SETTINGS_LIST is: [Ledu.csus.ecs.pc2.core.model.ClientSettings; [Ledu.csus.ecs.pc2.core.model.ClientSettings;@28adcc7f
231209 094444.700|INFO|Thread-25008|dumpPacket|   key: CONTEST_TIME is: edu.csus.ecs.pc2.core.model.ContestTime edu.csus.ecs.pc2.core.model.ContestTime@2c925db2
231209 094444.700|INFO|Thread-25008|dumpPacket|   key: CLARIFICATION_LIST is: [Ledu.csus.ecs.pc2.core.model.Clarification; [Ledu.csus.ecs.pc2.core.model.Clarification;@6990c644
231209 094444.700|INFO|Thread-25008|dumpPacket|   key: CATEGORY_LIST is: [Ledu.csus.ecs.pc2.core.model.Category; [Ledu.csus.ecs.pc2.core.model.Category;@1e3b2192
231209 094444.700|INFO|Thread-25008|dumpPacket|   key: LANGUAGE_LIST is: [Ledu.csus.ecs.pc2.core.model.Language; [Ledu.csus.ecs.pc2.core.model.Language;@5833c81e
231209 094444.700|INFO|Thread-25008|dumpPacket|   key: REMOTE_LOGGED_IN_USERS is: [Ledu.csus.ecs.pc2.core.model.ClientId; [Ledu.csus.ecs.pc2.core.model.ClientId;@66727167
231209 094444.700|INFO|Thread-25008|dumpPacket|   key: CONTEST_TIME_LIST is: [Ledu.csus.ecs.pc2.core.model.ContestTime; [Ledu.csus.ecs.pc2.core.model.ContestTime;@9bf390b
231209 094444.700|INFO|Thread-25008|dumpPacket|   key: CONNECTION_HANDLE_ID_LIST is: [Ledu.csus.ecs.pc2.core.transport.ConnectionHandlerID; [Ledu.csus.ecs.pc2.core.transport.ConnectionHandlerID;@4ecfbe1f
231209 094444.700|INFO|Thread-25008|dumpPacket|   key: PROFILE is: edu.csus.ecs.pc2.core.model.Profile DryRun--6069080675419338087
231209 094444.700|INFO|Thread-25008|dumpPacket|   key: CLIENT_ID is: edu.csus.ecs.pc2.core.model.ClientId TEAM98 @ site 1
231209 094444.700|INFO|Thread-25008|dumpPacket|   key: SITE_NUMBER is: java.lang.Integer 1
231209 094444.700|INFO|Thread-25008|dumpPacket|   key: CONTEST_INFORMATION is: edu.csus.ecs.pc2.core.model.ContestInformation edu.csus.ecs.pc2.core.model.ContestInformation@87afce0
231209 094444.700|INFO|Thread-25008|dumpPacket|   key: SITE_LIST is: [Ledu.csus.ecs.pc2.core.model.Site; [Ledu.csus.ecs.pc2.core.model.Site;@7d765dc1
231209 094444.700|INFO|Thread-25008|dumpPacket|   key: PROBLEM_DATA_FILES is: [Ledu.csus.ecs.pc2.core.model.ProblemDataFiles; [Ledu.csus.ecs.pc2.core.model.ProblemDataFiles;@df14405
231209 094444.700|INFO|Thread-25008|dumpPacket|   key: JUDGEMENT_LIST is: [Ledu.csus.ecs.pc2.core.model.Judgement; [Ledu.csus.ecs.pc2.core.model.Judgement;@3efd2ce2
231209 094444.700|INFO|Thread-25008|dumpPacket|   key: PROBLEM_LIST is: [Ledu.csus.ecs.pc2.core.model.Problem; [Ledu.csus.ecs.pc2.core.model.Problem;@613f5a21
231209 094444.700|INFO|Thread-25008|dumpPacket|   key: GROUP_LIST is: [Ledu.csus.ecs.pc2.core.model.Group; [Ledu.csus.ecs.pc2.core.model.Group;@2e688b92
231209 094444.700|INFO|Thread-25008|dumpPacket|   key: LOCAL_LOGGED_IN_USERS is: [Ledu.csus.ecs.pc2.core.model.ClientId; [Ledu.csus.ecs.pc2.core.model.ClientId;@29be3336
231209 094444.700|INFO|Thread-25008|dumpPacket|   key: SERVER_CLOCK_OFFSET is: java.util.GregorianCalendar java.util.GregorianCalendar[time=1702136684685,areFieldsSet=true,areAllFieldsSet=false,lenient=true,zone=sun.util.calendar.ZoneInfo[id="GMT",offset=0,dstSavings=0,useDaylight=false,transitions=0,lastRule=null],firstDayOfWeek=1,minimalDaysInFirstWeek=1,ERA=1,YEAR=2023,MONTH=11,WEEK_OF_YEAR=49,WEEK_OF_MONTH=2,DAY_OF_MONTH=9,DAY_OF_YEAR=343,DAY_OF_WEEK=7,DAY_OF_WEEK_IN_MONTH=2,AM_PM=1,HOUR=3,HOUR_OF_DAY=15,MINUTE=44,SECOND=44,MILLISECOND=685,ZONE_OFFSET=0,DST_OFFSET=0]
231209 094444.700|INFO|Thread-25008|dumpPacket|   key: CONTEST_IDENTIFIER is: java.lang.String DryRun--6069080675419338087
231209 094444.700|INFO|Thread-25008|dumpPacket|   key: BALLOON_SETTINGS_LIST is: [Ledu.csus.ecs.pc2.core.model.BalloonSettings; [Ledu.csus.ecs.pc2.core.model.BalloonSettings;@7e7390df
231209 094444.700|INFO|Thread-25008|dumpPacket|   key: RUN_LIST is: [Ledu.csus.ecs.pc2.core.model.Run; [Ledu.csus.ecs.pc2.core.model.Run;@65862362
231209 094444.700|INFO|Thread-25008|dumpPacket|   key: ACCOUNT_ARRAY is: [Ledu.csus.ecs.pc2.core.model.Account; [Ledu.csus.ecs.pc2.core.model.Account;@fd8005b
231209 094530.353|INFO|Thread-25006|connectionDropped|connectionDropped(ConnectionHandlerID myConnectionID) 
