221210 073934.099|CONFIG|qtp996796369-855|setFileHandlers|Now logging to C:\Users\18328\Desktop\pc2\WebTeamInterface-1.1\logs directory.
221210 073934.099|INFO|qtp996796369-855|info|
221210 073934.099|INFO|qtp996796369-855|info|Version 9 () Java ver 18.0.2.1 build  Windows 11 10.0 (amd64) 
221210 073934.099|INFO|qtp996796369-855|info|Login: team26 (aka team26)
221210 073934.104|INFO|qtp996796369-855|startLog|Working directory is C:\Users\18328\Desktop\pc2\WebTeamInterface-1.1
221210 073934.105|INFO|qtp996796369-855|startLog|Process id is 20708@DESKTOP-D75BQTV
221210 073934.105|INFO|qtp996796369-855|info|Contacting server at 212.212.212.212:50002 as TEAM26 @ site 0
221210 073934.105|INFO|qtp996796369-855|info|sendLoginRequest start - sending from TEAM26 @ site 0
221210 073934.105|INFO|qtp996796369-855|sendToLocalServer|Sending packet to server Packet[LOGIN_REQUEST] #52 TEAM26 @ site 0 -> SERVER0 @ site 0
221210 073934.105|INFO|qtp996796369-855|sendToLocalServer|Sent    packet to server Packet[LOGIN_REQUEST] #52 TEAM26 @ site 0 -> SERVER0 @ site 0
221210 073934.105|INFO|qtp996796369-855|info|sendLoginRequest end - packet sent.
221210 073934.105|INFO|Thread-906|run|send(Serializable)
221210 073934.113|INFO|Thread-905|receive|public void receive(SealedObject TransportPacket, ConnectionHandlerID connectionHandlerID)
221210 073934.113|INFO|Thread-907|info| receiveObject(S) start got Packet[LOGIN_FAILED] #379 SERVER0 @ site 1 -> TEAM26 @ site 0
221210 073934.113|INFO|Thread-907|dumpPacket|Packet LOGIN_FAILED (Seq #379, o#379 ) recieveObject
221210 073934.113|INFO|Thread-907|dumpPacket|  From: SERVER0 @ site 1, oSERVER0 @ site 1 (DESKTOP-D75BQTV @ 212.212.212.212) (Contest Id: Test-2009995449253116953)
221210 073934.113|INFO|Thread-907|dumpPacket|    To: TEAM26 @ site 0
221210 073934.113|INFO|Thread-907|dumpPacket|   key: MESSAGE_STRING is: java.lang.String Invalid password
221210 073934.113|INFO|Thread-907|info|handlePacket start Packet[LOGIN_FAILED] #379 SERVER0 @ site 1 -> TEAM26 @ site 0
221210 073934.113|INFO|Thread-907|dumpPacket|Packet LOGIN_FAILED (Seq #379, o#379 ) handlePacket
221210 073934.113|INFO|Thread-907|dumpPacket|  From: SERVER0 @ site 1, oSERVER0 @ site 1 (DESKTOP-D75BQTV @ 212.212.212.212) (Contest Id: Test-2009995449253116953)
221210 073934.113|INFO|Thread-907|dumpPacket|    To: TEAM26 @ site 0
221210 073934.113|INFO|Thread-907|dumpPacket|   key: MESSAGE_STRING is: java.lang.String Invalid password
221210 073934.118|INFO|Thread-907|info| receiveObject(S) end   got Packet[LOGIN_FAILED] #379 SERVER0 @ site 1 -> TEAM26 @ site 0
221210 100929.981|CONFIG|qtp1613095350-21|setFileHandlers|Now logging to C:\Users\18328\Desktop\pc2\WebTeamInterface-1.1\logs directory.
221210 100929.982|INFO|qtp1613095350-21|info|
221210 100929.982|INFO|qtp1613095350-21|info|Version 9 () Java ver 18.0.2.1 build  Windows 11 10.0 (amd64) 
221210 100929.982|INFO|qtp1613095350-21|info|Login: team26 (aka team26)
221210 100929.982|INFO|qtp1613095350-21|startLog|Working directory is C:\Users\18328\Desktop\pc2\WebTeamInterface-1.1
221210 100929.982|INFO|qtp1613095350-21|startLog|Process id is 22344@DESKTOP-D75BQTV
221210 100929.982|INFO|qtp1613095350-21|info|Contacting server at 212.212.212.212:50002 as TEAM26 @ site 0
221210 100929.983|INFO|qtp1613095350-21|info|sendLoginRequest start - sending from TEAM26 @ site 0
221210 100929.983|INFO|qtp1613095350-21|sendToLocalServer|Sending packet to server Packet[LOGIN_REQUEST] #39 TEAM26 @ site 0 -> SERVER0 @ site 0
221210 100929.983|INFO|qtp1613095350-21|sendToLocalServer|Sent    packet to server Packet[LOGIN_REQUEST] #39 TEAM26 @ site 0 -> SERVER0 @ site 0
221210 100929.983|INFO|qtp1613095350-21|info|sendLoginRequest end - packet sent.
221210 100929.983|INFO|Thread-278|run|send(Serializable)
221210 100929.988|INFO|Thread-277|receive|public void receive(SealedObject TransportPacket, ConnectionHandlerID connectionHandlerID)
221210 100929.990|INFO|Thread-279|info| receiveObject(S) start got Packet[LOGIN_SUCCESS] #2158 SERVER0 @ site 1 -> TEAM26 @ site 1
221210 100929.990|INFO|Thread-279|dumpPacket|Packet LOGIN_SUCCESS (Seq #2158, o#2158 ) recieveObject
221210 100929.990|INFO|Thread-279|dumpPacket|  From: SERVER0 @ site 1, oSERVER0 @ site 1 (DESKTOP-D75BQTV @ 212.212.212.212) (Contest Id: DryRun--5544400451244233091)
221210 100929.990|INFO|Thread-279|dumpPacket|    To: TEAM26 @ site 1
221210 100929.990|INFO|Thread-279|dumpPacket|   key: PROFILE_LIST is: [Ledu.csus.ecs.pc2.core.model.Profile; [Ledu.csus.ecs.pc2.core.model.Profile;@13e62a4f
221210 100929.990|INFO|Thread-279|dumpPacket|   key: GENERAL_PROBLEM is: edu.csus.ecs.pc2.core.model.Problem General
221210 100929.990|INFO|Thread-279|dumpPacket|   key: CLIENT_SETTINGS_LIST is: [Ledu.csus.ecs.pc2.core.model.ClientSettings; [Ledu.csus.ecs.pc2.core.model.ClientSettings;@1d21c643
221210 100929.990|INFO|Thread-279|dumpPacket|   key: CONTEST_TIME is: edu.csus.ecs.pc2.core.model.ContestTime edu.csus.ecs.pc2.core.model.ContestTime@191e413f
221210 100929.990|INFO|Thread-279|dumpPacket|   key: CLARIFICATION_LIST is: [Ledu.csus.ecs.pc2.core.model.Clarification; [Ledu.csus.ecs.pc2.core.model.Clarification;@5c1ccc78
221210 100929.990|INFO|Thread-279|dumpPacket|   key: CATEGORY_LIST is: [Ledu.csus.ecs.pc2.core.model.Category; [Ledu.csus.ecs.pc2.core.model.Category;@7e0a21e6
221210 100929.990|INFO|Thread-279|dumpPacket|   key: LANGUAGE_LIST is: [Ledu.csus.ecs.pc2.core.model.Language; [Ledu.csus.ecs.pc2.core.model.Language;@6d0af3ba
221210 100929.990|INFO|Thread-279|dumpPacket|   key: REMOTE_LOGGED_IN_USERS is: [Ledu.csus.ecs.pc2.core.model.ClientId; [Ledu.csus.ecs.pc2.core.model.ClientId;@6f6409d
221210 100929.991|INFO|Thread-279|dumpPacket|   key: CONTEST_TIME_LIST is: [Ledu.csus.ecs.pc2.core.model.ContestTime; [Ledu.csus.ecs.pc2.core.model.ContestTime;@3c333337
221210 100929.991|INFO|Thread-279|dumpPacket|   key: CONNECTION_HANDLE_ID_LIST is: [Ledu.csus.ecs.pc2.core.transport.ConnectionHandlerID; [Ledu.csus.ecs.pc2.core.transport.ConnectionHandlerID;@13993046
221210 100929.991|INFO|Thread-279|dumpPacket|   key: PROFILE is: edu.csus.ecs.pc2.core.model.Profile DryRun--5544400451244233091
221210 100929.991|INFO|Thread-279|dumpPacket|   key: CLIENT_ID is: edu.csus.ecs.pc2.core.model.ClientId TEAM26 @ site 1
221210 100929.991|INFO|Thread-279|dumpPacket|   key: SITE_NUMBER is: java.lang.Integer 1
221210 100929.991|INFO|Thread-279|dumpPacket|   key: CONTEST_INFORMATION is: edu.csus.ecs.pc2.core.model.ContestInformation edu.csus.ecs.pc2.core.model.ContestInformation@29b486ac
221210 100929.991|INFO|Thread-279|dumpPacket|   key: SITE_LIST is: [Ledu.csus.ecs.pc2.core.model.Site; [Ledu.csus.ecs.pc2.core.model.Site;@1df2c9af
221210 100929.991|INFO|Thread-279|dumpPacket|   key: PROBLEM_DATA_FILES is: [Ledu.csus.ecs.pc2.core.model.ProblemDataFiles; [Ledu.csus.ecs.pc2.core.model.ProblemDataFiles;@387debad
221210 100929.991|INFO|Thread-279|dumpPacket|   key: JUDGEMENT_LIST is: [Ledu.csus.ecs.pc2.core.model.Judgement; [Ledu.csus.ecs.pc2.core.model.Judgement;@62bcf7e4
221210 100929.991|INFO|Thread-279|dumpPacket|   key: PROBLEM_LIST is: [Ledu.csus.ecs.pc2.core.model.Problem; [Ledu.csus.ecs.pc2.core.model.Problem;@6f308cf9
221210 100929.991|INFO|Thread-279|dumpPacket|   key: GROUP_LIST is: [Ledu.csus.ecs.pc2.core.model.Group; [Ledu.csus.ecs.pc2.core.model.Group;@64049f01
221210 100929.991|INFO|Thread-279|dumpPacket|   key: LOCAL_LOGGED_IN_USERS is: [Ledu.csus.ecs.pc2.core.model.ClientId; [Ledu.csus.ecs.pc2.core.model.ClientId;@33f330af
221210 100929.991|INFO|Thread-279|dumpPacket|   key: SERVER_CLOCK_OFFSET is: java.util.GregorianCalendar java.util.GregorianCalendar[time=1670688569985,areFieldsSet=true,areAllFieldsSet=false,lenient=true,zone=sun.util.calendar.ZoneInfo[id="GMT",offset=0,dstSavings=0,useDaylight=false,transitions=0,lastRule=null],firstDayOfWeek=1,minimalDaysInFirstWeek=1,ERA=1,YEAR=2022,MONTH=11,WEEK_OF_YEAR=50,WEEK_OF_MONTH=2,DAY_OF_MONTH=10,DAY_OF_YEAR=344,DAY_OF_WEEK=7,DAY_OF_WEEK_IN_MONTH=2,AM_PM=1,HOUR=4,HOUR_OF_DAY=16,MINUTE=9,SECOND=29,MILLISECOND=985,ZONE_OFFSET=0,DST_OFFSET=0]
221210 100929.991|INFO|Thread-279|dumpPacket|   key: CONTEST_IDENTIFIER is: java.lang.String DryRun--5544400451244233091
221210 100929.991|INFO|Thread-279|dumpPacket|   key: BALLOON_SETTINGS_LIST is: [Ledu.csus.ecs.pc2.core.model.BalloonSettings; [Ledu.csus.ecs.pc2.core.model.BalloonSettings;@36f5f2e2
221210 100929.991|INFO|Thread-279|dumpPacket|   key: RUN_LIST is: [Ledu.csus.ecs.pc2.core.model.Run; [Ledu.csus.ecs.pc2.core.model.Run;@5dc9f781
221210 100929.991|INFO|Thread-279|dumpPacket|   key: ACCOUNT_ARRAY is: [Ledu.csus.ecs.pc2.core.model.Account; [Ledu.csus.ecs.pc2.core.model.Account;@1d7587ae
221210 100929.991|INFO|Thread-279|info|handlePacket start Packet[LOGIN_SUCCESS] #2158 SERVER0 @ site 1 -> TEAM26 @ site 1
221210 100929.991|INFO|Thread-279|dumpPacket|Packet LOGIN_SUCCESS (Seq #2158, o#2158 ) handlePacket
221210 100929.991|INFO|Thread-279|dumpPacket|  From: SERVER0 @ site 1, oSERVER0 @ site 1 (DESKTOP-D75BQTV @ 212.212.212.212) (Contest Id: DryRun--5544400451244233091)
221210 100929.991|INFO|Thread-279|dumpPacket|    To: TEAM26 @ site 1
221210 100929.991|INFO|Thread-279|dumpPacket|   key: PROFILE_LIST is: [Ledu.csus.ecs.pc2.core.model.Profile; [Ledu.csus.ecs.pc2.core.model.Profile;@13e62a4f
221210 100929.991|INFO|Thread-279|dumpPacket|   key: GENERAL_PROBLEM is: edu.csus.ecs.pc2.core.model.Problem General
221210 100929.991|INFO|Thread-279|dumpPacket|   key: CLIENT_SETTINGS_LIST is: [Ledu.csus.ecs.pc2.core.model.ClientSettings; [Ledu.csus.ecs.pc2.core.model.ClientSettings;@1d21c643
221210 100929.991|INFO|Thread-279|dumpPacket|   key: CONTEST_TIME is: edu.csus.ecs.pc2.core.model.ContestTime edu.csus.ecs.pc2.core.model.ContestTime@191e413f
221210 100929.991|INFO|Thread-279|dumpPacket|   key: CLARIFICATION_LIST is: [Ledu.csus.ecs.pc2.core.model.Clarification; [Ledu.csus.ecs.pc2.core.model.Clarification;@5c1ccc78
221210 100929.991|INFO|Thread-279|dumpPacket|   key: CATEGORY_LIST is: [Ledu.csus.ecs.pc2.core.model.Category; [Ledu.csus.ecs.pc2.core.model.Category;@7e0a21e6
221210 100929.991|INFO|Thread-279|dumpPacket|   key: LANGUAGE_LIST is: [Ledu.csus.ecs.pc2.core.model.Language; [Ledu.csus.ecs.pc2.core.model.Language;@6d0af3ba
221210 100929.991|INFO|Thread-279|dumpPacket|   key: REMOTE_LOGGED_IN_USERS is: [Ledu.csus.ecs.pc2.core.model.ClientId; [Ledu.csus.ecs.pc2.core.model.ClientId;@6f6409d
221210 100929.991|INFO|Thread-279|dumpPacket|   key: CONTEST_TIME_LIST is: [Ledu.csus.ecs.pc2.core.model.ContestTime; [Ledu.csus.ecs.pc2.core.model.ContestTime;@3c333337
221210 100929.991|INFO|Thread-279|dumpPacket|   key: CONNECTION_HANDLE_ID_LIST is: [Ledu.csus.ecs.pc2.core.transport.ConnectionHandlerID; [Ledu.csus.ecs.pc2.core.transport.ConnectionHandlerID;@13993046
221210 100929.991|INFO|Thread-279|dumpPacket|   key: PROFILE is: edu.csus.ecs.pc2.core.model.Profile DryRun--5544400451244233091
221210 100929.991|INFO|Thread-279|dumpPacket|   key: CLIENT_ID is: edu.csus.ecs.pc2.core.model.ClientId TEAM26 @ site 1
221210 100929.991|INFO|Thread-279|dumpPacket|   key: SITE_NUMBER is: java.lang.Integer 1
221210 100929.991|INFO|Thread-279|dumpPacket|   key: CONTEST_INFORMATION is: edu.csus.ecs.pc2.core.model.ContestInformation edu.csus.ecs.pc2.core.model.ContestInformation@29b486ac
221210 100929.991|INFO|Thread-279|dumpPacket|   key: SITE_LIST is: [Ledu.csus.ecs.pc2.core.model.Site; [Ledu.csus.ecs.pc2.core.model.Site;@1df2c9af
221210 100929.991|INFO|Thread-279|dumpPacket|   key: PROBLEM_DATA_FILES is: [Ledu.csus.ecs.pc2.core.model.ProblemDataFiles; [Ledu.csus.ecs.pc2.core.model.ProblemDataFiles;@387debad
221210 100929.991|INFO|Thread-279|dumpPacket|   key: JUDGEMENT_LIST is: [Ledu.csus.ecs.pc2.core.model.Judgement; [Ledu.csus.ecs.pc2.core.model.Judgement;@62bcf7e4
221210 100929.991|INFO|Thread-279|dumpPacket|   key: PROBLEM_LIST is: [Ledu.csus.ecs.pc2.core.model.Problem; [Ledu.csus.ecs.pc2.core.model.Problem;@6f308cf9
221210 100929.991|INFO|Thread-279|dumpPacket|   key: GROUP_LIST is: [Ledu.csus.ecs.pc2.core.model.Group; [Ledu.csus.ecs.pc2.core.model.Group;@64049f01
221210 100929.991|INFO|Thread-279|dumpPacket|   key: LOCAL_LOGGED_IN_USERS is: [Ledu.csus.ecs.pc2.core.model.ClientId; [Ledu.csus.ecs.pc2.core.model.ClientId;@33f330af
221210 100929.991|INFO|Thread-279|dumpPacket|   key: SERVER_CLOCK_OFFSET is: java.util.GregorianCalendar java.util.GregorianCalendar[time=1670688569985,areFieldsSet=true,areAllFieldsSet=false,lenient=true,zone=sun.util.calendar.ZoneInfo[id="GMT",offset=0,dstSavings=0,useDaylight=false,transitions=0,lastRule=null],firstDayOfWeek=1,minimalDaysInFirstWeek=1,ERA=1,YEAR=2022,MONTH=11,WEEK_OF_YEAR=50,WEEK_OF_MONTH=2,DAY_OF_MONTH=10,DAY_OF_YEAR=344,DAY_OF_WEEK=7,DAY_OF_WEEK_IN_MONTH=2,AM_PM=1,HOUR=4,HOUR_OF_DAY=16,MINUTE=9,SECOND=29,MILLISECOND=985,ZONE_OFFSET=0,DST_OFFSET=0]
221210 100929.991|INFO|Thread-279|dumpPacket|   key: CONTEST_IDENTIFIER is: java.lang.String DryRun--5544400451244233091
221210 100929.991|INFO|Thread-279|dumpPacket|   key: BALLOON_SETTINGS_LIST is: [Ledu.csus.ecs.pc2.core.model.BalloonSettings; [Ledu.csus.ecs.pc2.core.model.BalloonSettings;@36f5f2e2
221210 100929.991|INFO|Thread-279|dumpPacket|   key: RUN_LIST is: [Ledu.csus.ecs.pc2.core.model.Run; [Ledu.csus.ecs.pc2.core.model.Run;@5dc9f781
221210 100929.991|INFO|Thread-279|dumpPacket|   key: ACCOUNT_ARRAY is: [Ledu.csus.ecs.pc2.core.model.Account; [Ledu.csus.ecs.pc2.core.model.Account;@1d7587ae
221210 101021.867|INFO|Thread-277|connectionDropped|connectionDropped(ConnectionHandlerID myConnectionID) 
230921 151410.545|CONFIG|qtp18242360-89|setFileHandlers|Now logging to C:\Users\18328\Desktop\pc2\WebTeamInterface-1.1\logs directory.
230921 151410.545|INFO|qtp18242360-89|info|
230921 151410.545|INFO|qtp18242360-89|info|Version 9 () Java ver 18.0.2.1 build  Windows 11 10.0 (amd64) 
230921 151410.545|INFO|qtp18242360-89|info|Login: 26 (aka team26)
230921 151410.545|INFO|qtp18242360-89|startLog|Working directory is C:\Users\18328\Desktop\pc2\WebTeamInterface-1.1
230921 151410.545|INFO|qtp18242360-89|startLog|Process id is 1544@DESKTOP-D75BQTV
230921 151410.545|INFO|qtp18242360-89|info|Contacting server at localhost:50002 as TEAM26 @ site 0
230921 151410.545|INFO|qtp18242360-89|info|sendLoginRequest start - sending from TEAM26 @ site 0
230921 151410.545|INFO|qtp18242360-89|sendToLocalServer|Sending packet to server Packet[LOGIN_REQUEST] #30 TEAM26 @ site 0 -> SERVER0 @ site 0
230921 151410.545|INFO|qtp18242360-89|sendToLocalServer|Sent    packet to server Packet[LOGIN_REQUEST] #30 TEAM26 @ site 0 -> SERVER0 @ site 0
230921 151410.545|INFO|qtp18242360-89|info|sendLoginRequest end - packet sent.
230921 151410.545|INFO|Thread-153|run|send(Serializable)
230921 151410.561|INFO|Thread-152|receive|public void receive(SealedObject TransportPacket, ConnectionHandlerID connectionHandlerID)
230921 151410.561|INFO|Thread-154|info| receiveObject(S) start got Packet[LOGIN_FAILED] #110 SERVER0 @ site 1 -> TEAM26 @ site 0
230921 151410.561|INFO|Thread-154|dumpPacket|Packet LOGIN_FAILED (Seq #110, o#110 ) recieveObject
230921 151410.561|INFO|Thread-154|dumpPacket|  From: SERVER0 @ site 1, oSERVER0 @ site 1 (DESKTOP-D75BQTV @ 192.168.1.8) (Contest Id: Test2Novice-8167312297676738178)
230921 151410.561|INFO|Thread-154|dumpPacket|    To: TEAM26 @ site 0
230921 151410.561|INFO|Thread-154|dumpPacket|   key: MESSAGE_STRING is: java.lang.String Invalid password
230921 151410.561|INFO|Thread-154|info|handlePacket start Packet[LOGIN_FAILED] #110 SERVER0 @ site 1 -> TEAM26 @ site 0
230921 151410.561|INFO|Thread-154|dumpPacket|Packet LOGIN_FAILED (Seq #110, o#110 ) handlePacket
230921 151410.561|INFO|Thread-154|dumpPacket|  From: SERVER0 @ site 1, oSERVER0 @ site 1 (DESKTOP-D75BQTV @ 192.168.1.8) (Contest Id: Test2Novice-8167312297676738178)
230921 151410.561|INFO|Thread-154|dumpPacket|    To: TEAM26 @ site 0
230921 151410.561|INFO|Thread-154|dumpPacket|   key: MESSAGE_STRING is: java.lang.String Invalid password
230921 151410.561|INFO|Thread-154|info| receiveObject(S) end   got Packet[LOGIN_FAILED] #110 SERVER0 @ site 1 -> TEAM26 @ site 0
230921 165528.088|INFO|Thread-152|connectionDropped|connectionDropped(ConnectionHandlerID myConnectionID) 
231209 072324.131|CONFIG|qtp135640095-266|setFileHandlers|Now logging to C:\Users\18328\Desktop\pc2\WebTeamInterface-1.1\logs directory.
231209 072324.131|INFO|qtp135640095-266|info|
231209 072324.131|INFO|qtp135640095-266|info|Version 9 () Java ver 18.0.2.1 build  Windows 11 10.0 (amd64) 
231209 072324.131|INFO|qtp135640095-266|info|Login: team26 (aka team26)
231209 072324.131|INFO|qtp135640095-266|startLog|Working directory is C:\Users\18328\Desktop\pc2\WebTeamInterface-1.1
231209 072324.131|INFO|qtp135640095-266|startLog|Process id is 15028@DESKTOP-D75BQTV
231209 072324.131|INFO|qtp135640095-266|info|Contacting server at localhost:50002 as TEAM26 @ site 0
231209 072324.131|INFO|qtp135640095-266|info|sendLoginRequest start - sending from TEAM26 @ site 0
231209 072324.131|INFO|qtp135640095-266|sendToLocalServer|Sending packet to server Packet[LOGIN_REQUEST] #18 TEAM26 @ site 0 -> SERVER0 @ site 0
231209 072324.131|INFO|qtp135640095-266|sendToLocalServer|Sent    packet to server Packet[LOGIN_REQUEST] #18 TEAM26 @ site 0 -> SERVER0 @ site 0
231209 072324.131|INFO|qtp135640095-266|info|sendLoginRequest end - packet sent.
231209 072324.131|INFO|Thread-255|run|send(Serializable)
231209 072324.135|INFO|Thread-254|receiveUnencrypted|receiveUnencrypted Made a secret key for Socket[addr=localhost/127.0.0.1,port=50002,localport=50235]--7584116762572505277 key is com.sun.crypto.provider.DESKey@186ef
231209 072324.135|INFO|Thread-254|getPublicKeyPacket|Generating Unencrypted Public Key Packet
231209 072324.135|INFO|Thread-254|getPublicKeyPacket|checking key:= SunJCE Diffie-Hellman Public Key:
y:
    6c5c492d 1c3adabc 660fa93c 26e1c69f fec1e03c 079af151 f2a916e1 678d9827
    e448204d 4f7b8f2c b936b22a 994b40e1 e5618696 12f34b7c 83919f60 e5031ebc
    1f4839c9 edfc8172 f6325431 49e30944 63a5d399 8fd46b8e 017a0fa9 c33097f9
    7a837808 a3730c7a ea8d31fa 2884f384 07f87d48 31040250 a7f1a59e 66f4641e
p:
    f488fd58 4e49dbcd 20b49de4 9107366b 336c380d 451d0f7c 88b31c7c 5b2d8ef6
    f3c923c0 43f0a55b 188d8ebb 558cb85d 38d334fd 7c175743 a31d186c de33212c
    b52aff3c e1b12940 18118d7c 84a70a72 d686c403 19c80729 7aca950c d9969fab
    d00a509b 0246d308 3d66a45d 419f9c7c bd894b22 1926baab a25ec355 e92f78c7
g:
    02
l:
    512
231209 072324.135|INFO|Thread-254|getPublicKeyPacket|packet:= edu.csus.ecs.pc2.core.transport.TransportWrapper@79764c84
231209 072324.157|INFO|Thread-254|receive|public void receive(SealedObject TransportPacket, ConnectionHandlerID connectionHandlerID)
231209 072324.164|INFO|Thread-256|info| receiveObject(S) start got Packet[LOGIN_SUCCESS] #249 SERVER0 @ site 1 -> TEAM26 @ site 1
231209 072324.164|INFO|Thread-256|dumpPacket|Packet LOGIN_SUCCESS (Seq #249, o#249 ) recieveObject
231209 072324.164|INFO|Thread-256|dumpPacket|  From: SERVER0 @ site 1, oSERVER0 @ site 1 (DESKTOP-D75BQTV @ 212.212.212.212) (Contest Id: DryRun--5830290502122144214)
231209 072324.164|INFO|Thread-256|dumpPacket|    To: TEAM26 @ site 1
231209 072324.164|INFO|Thread-256|dumpPacket|   key: PROFILE_LIST is: [Ledu.csus.ecs.pc2.core.model.Profile; [Ledu.csus.ecs.pc2.core.model.Profile;@2c74327b
231209 072324.164|INFO|Thread-256|dumpPacket|   key: GENERAL_PROBLEM is: edu.csus.ecs.pc2.core.model.Problem General
231209 072324.164|INFO|Thread-256|dumpPacket|   key: CLIENT_SETTINGS_LIST is: [Ledu.csus.ecs.pc2.core.model.ClientSettings; [Ledu.csus.ecs.pc2.core.model.ClientSettings;@22b3d985
231209 072324.164|INFO|Thread-256|dumpPacket|   key: CONTEST_TIME is: edu.csus.ecs.pc2.core.model.ContestTime edu.csus.ecs.pc2.core.model.ContestTime@268c590b
231209 072324.164|INFO|Thread-256|dumpPacket|   key: CLARIFICATION_LIST is: [Ledu.csus.ecs.pc2.core.model.Clarification; [Ledu.csus.ecs.pc2.core.model.Clarification;@638ed3be
231209 072324.164|INFO|Thread-256|dumpPacket|   key: CATEGORY_LIST is: [Ledu.csus.ecs.pc2.core.model.Category; [Ledu.csus.ecs.pc2.core.model.Category;@6e64d25e
231209 072324.164|INFO|Thread-256|dumpPacket|   key: LANGUAGE_LIST is: [Ledu.csus.ecs.pc2.core.model.Language; [Ledu.csus.ecs.pc2.core.model.Language;@52a751e6
231209 072324.164|INFO|Thread-256|dumpPacket|   key: REMOTE_LOGGED_IN_USERS is: [Ledu.csus.ecs.pc2.core.model.ClientId; [Ledu.csus.ecs.pc2.core.model.ClientId;@16a70eb8
231209 072324.164|INFO|Thread-256|dumpPacket|   key: CONTEST_TIME_LIST is: [Ledu.csus.ecs.pc2.core.model.ContestTime; [Ledu.csus.ecs.pc2.core.model.ContestTime;@3a12cf1
231209 072324.164|INFO|Thread-256|dumpPacket|   key: CONNECTION_HANDLE_ID_LIST is: [Ledu.csus.ecs.pc2.core.transport.ConnectionHandlerID; [Ledu.csus.ecs.pc2.core.transport.ConnectionHandlerID;@4b1fe8f9
231209 072324.164|INFO|Thread-256|dumpPacket|   key: PROFILE is: edu.csus.ecs.pc2.core.model.Profile DryRun--5830290502122144214
231209 072324.164|INFO|Thread-256|dumpPacket|   key: CLIENT_ID is: edu.csus.ecs.pc2.core.model.ClientId TEAM26 @ site 1
231209 072324.164|INFO|Thread-256|dumpPacket|   key: SITE_NUMBER is: java.lang.Integer 1
231209 072324.164|INFO|Thread-256|dumpPacket|   key: CONTEST_INFORMATION is: edu.csus.ecs.pc2.core.model.ContestInformation edu.csus.ecs.pc2.core.model.ContestInformation@23dfb81d
231209 072324.164|INFO|Thread-256|dumpPacket|   key: SITE_LIST is: [Ledu.csus.ecs.pc2.core.model.Site; [Ledu.csus.ecs.pc2.core.model.Site;@da3a010
231209 072324.164|INFO|Thread-256|dumpPacket|   key: PROBLEM_DATA_FILES is: [Ledu.csus.ecs.pc2.core.model.ProblemDataFiles; [Ledu.csus.ecs.pc2.core.model.ProblemDataFiles;@7efd3f1
231209 072324.164|INFO|Thread-256|dumpPacket|   key: JUDGEMENT_LIST is: [Ledu.csus.ecs.pc2.core.model.Judgement; [Ledu.csus.ecs.pc2.core.model.Judgement;@3383abd5
231209 072324.164|INFO|Thread-256|dumpPacket|   key: PROBLEM_LIST is: [Ledu.csus.ecs.pc2.core.model.Problem; [Ledu.csus.ecs.pc2.core.model.Problem;@6d42e2e8
231209 072324.164|INFO|Thread-256|dumpPacket|   key: GROUP_LIST is: [Ledu.csus.ecs.pc2.core.model.Group; [Ledu.csus.ecs.pc2.core.model.Group;@7d717c70
231209 072324.164|INFO|Thread-256|dumpPacket|   key: LOCAL_LOGGED_IN_USERS is: [Ledu.csus.ecs.pc2.core.model.ClientId; [Ledu.csus.ecs.pc2.core.model.ClientId;@4785874
231209 072324.164|INFO|Thread-256|dumpPacket|   key: SERVER_CLOCK_OFFSET is: java.util.GregorianCalendar java.util.GregorianCalendar[time=1702128204147,areFieldsSet=true,areAllFieldsSet=false,lenient=true,zone=sun.util.calendar.ZoneInfo[id="GMT",offset=0,dstSavings=0,useDaylight=false,transitions=0,lastRule=null],firstDayOfWeek=1,minimalDaysInFirstWeek=1,ERA=1,YEAR=2023,MONTH=11,WEEK_OF_YEAR=49,WEEK_OF_MONTH=2,DAY_OF_MONTH=9,DAY_OF_YEAR=343,DAY_OF_WEEK=7,DAY_OF_WEEK_IN_MONTH=2,AM_PM=1,HOUR=1,HOUR_OF_DAY=13,MINUTE=23,SECOND=24,MILLISECOND=147,ZONE_OFFSET=0,DST_OFFSET=0]
231209 072324.164|INFO|Thread-256|dumpPacket|   key: CONTEST_IDENTIFIER is: java.lang.String DryRun--5830290502122144214
231209 072324.164|INFO|Thread-256|dumpPacket|   key: BALLOON_SETTINGS_LIST is: [Ledu.csus.ecs.pc2.core.model.BalloonSettings; [Ledu.csus.ecs.pc2.core.model.BalloonSettings;@2a8b862d
231209 072324.164|INFO|Thread-256|dumpPacket|   key: RUN_LIST is: [Ledu.csus.ecs.pc2.core.model.Run; [Ledu.csus.ecs.pc2.core.model.Run;@50247436
231209 072324.164|INFO|Thread-256|dumpPacket|   key: ACCOUNT_ARRAY is: [Ledu.csus.ecs.pc2.core.model.Account; [Ledu.csus.ecs.pc2.core.model.Account;@264000be
231209 072324.164|INFO|Thread-256|info|handlePacket start Packet[LOGIN_SUCCESS] #249 SERVER0 @ site 1 -> TEAM26 @ site 1
231209 072324.164|INFO|Thread-256|dumpPacket|Packet LOGIN_SUCCESS (Seq #249, o#249 ) handlePacket
231209 072324.164|INFO|Thread-256|dumpPacket|  From: SERVER0 @ site 1, oSERVER0 @ site 1 (DESKTOP-D75BQTV @ 212.212.212.212) (Contest Id: DryRun--5830290502122144214)
231209 072324.164|INFO|Thread-256|dumpPacket|    To: TEAM26 @ site 1
231209 072324.164|INFO|Thread-256|dumpPacket|   key: PROFILE_LIST is: [Ledu.csus.ecs.pc2.core.model.Profile; [Ledu.csus.ecs.pc2.core.model.Profile;@2c74327b
231209 072324.164|INFO|Thread-256|dumpPacket|   key: GENERAL_PROBLEM is: edu.csus.ecs.pc2.core.model.Problem General
231209 072324.164|INFO|Thread-256|dumpPacket|   key: CLIENT_SETTINGS_LIST is: [Ledu.csus.ecs.pc2.core.model.ClientSettings; [Ledu.csus.ecs.pc2.core.model.ClientSettings;@22b3d985
231209 072324.164|INFO|Thread-256|dumpPacket|   key: CONTEST_TIME is: edu.csus.ecs.pc2.core.model.ContestTime edu.csus.ecs.pc2.core.model.ContestTime@268c590b
231209 072324.164|INFO|Thread-256|dumpPacket|   key: CLARIFICATION_LIST is: [Ledu.csus.ecs.pc2.core.model.Clarification; [Ledu.csus.ecs.pc2.core.model.Clarification;@638ed3be
231209 072324.164|INFO|Thread-256|dumpPacket|   key: CATEGORY_LIST is: [Ledu.csus.ecs.pc2.core.model.Category; [Ledu.csus.ecs.pc2.core.model.Category;@6e64d25e
231209 072324.164|INFO|Thread-256|dumpPacket|   key: LANGUAGE_LIST is: [Ledu.csus.ecs.pc2.core.model.Language; [Ledu.csus.ecs.pc2.core.model.Language;@52a751e6
231209 072324.164|INFO|Thread-256|dumpPacket|   key: REMOTE_LOGGED_IN_USERS is: [Ledu.csus.ecs.pc2.core.model.ClientId; [Ledu.csus.ecs.pc2.core.model.ClientId;@16a70eb8
231209 072324.164|INFO|Thread-256|dumpPacket|   key: CONTEST_TIME_LIST is: [Ledu.csus.ecs.pc2.core.model.ContestTime; [Ledu.csus.ecs.pc2.core.model.ContestTime;@3a12cf1
231209 072324.164|INFO|Thread-256|dumpPacket|   key: CONNECTION_HANDLE_ID_LIST is: [Ledu.csus.ecs.pc2.core.transport.ConnectionHandlerID; [Ledu.csus.ecs.pc2.core.transport.ConnectionHandlerID;@4b1fe8f9
231209 072324.164|INFO|Thread-256|dumpPacket|   key: PROFILE is: edu.csus.ecs.pc2.core.model.Profile DryRun--5830290502122144214
231209 072324.164|INFO|Thread-256|dumpPacket|   key: CLIENT_ID is: edu.csus.ecs.pc2.core.model.ClientId TEAM26 @ site 1
231209 072324.164|INFO|Thread-256|dumpPacket|   key: SITE_NUMBER is: java.lang.Integer 1
231209 072324.164|INFO|Thread-256|dumpPacket|   key: CONTEST_INFORMATION is: edu.csus.ecs.pc2.core.model.ContestInformation edu.csus.ecs.pc2.core.model.ContestInformation@23dfb81d
231209 072324.164|INFO|Thread-256|dumpPacket|   key: SITE_LIST is: [Ledu.csus.ecs.pc2.core.model.Site; [Ledu.csus.ecs.pc2.core.model.Site;@da3a010
231209 072324.164|INFO|Thread-256|dumpPacket|   key: PROBLEM_DATA_FILES is: [Ledu.csus.ecs.pc2.core.model.ProblemDataFiles; [Ledu.csus.ecs.pc2.core.model.ProblemDataFiles;@7efd3f1
231209 072324.164|INFO|Thread-256|dumpPacket|   key: JUDGEMENT_LIST is: [Ledu.csus.ecs.pc2.core.model.Judgement; [Ledu.csus.ecs.pc2.core.model.Judgement;@3383abd5
231209 072324.164|INFO|Thread-256|dumpPacket|   key: PROBLEM_LIST is: [Ledu.csus.ecs.pc2.core.model.Problem; [Ledu.csus.ecs.pc2.core.model.Problem;@6d42e2e8
231209 072324.164|INFO|Thread-256|dumpPacket|   key: GROUP_LIST is: [Ledu.csus.ecs.pc2.core.model.Group; [Ledu.csus.ecs.pc2.core.model.Group;@7d717c70
231209 072324.164|INFO|Thread-256|dumpPacket|   key: LOCAL_LOGGED_IN_USERS is: [Ledu.csus.ecs.pc2.core.model.ClientId; [Ledu.csus.ecs.pc2.core.model.ClientId;@4785874
231209 072324.164|INFO|Thread-256|dumpPacket|   key: SERVER_CLOCK_OFFSET is: java.util.GregorianCalendar java.util.GregorianCalendar[time=1702128204147,areFieldsSet=true,areAllFieldsSet=false,lenient=true,zone=sun.util.calendar.ZoneInfo[id="GMT",offset=0,dstSavings=0,useDaylight=false,transitions=0,lastRule=null],firstDayOfWeek=1,minimalDaysInFirstWeek=1,ERA=1,YEAR=2023,MONTH=11,WEEK_OF_YEAR=49,WEEK_OF_MONTH=2,DAY_OF_MONTH=9,DAY_OF_YEAR=343,DAY_OF_WEEK=7,DAY_OF_WEEK_IN_MONTH=2,AM_PM=1,HOUR=1,HOUR_OF_DAY=13,MINUTE=23,SECOND=24,MILLISECOND=147,ZONE_OFFSET=0,DST_OFFSET=0]
231209 072324.172|INFO|Thread-256|dumpPacket|   key: CONTEST_IDENTIFIER is: java.lang.String DryRun--5830290502122144214
231209 072324.172|INFO|Thread-256|dumpPacket|   key: BALLOON_SETTINGS_LIST is: [Ledu.csus.ecs.pc2.core.model.BalloonSettings; [Ledu.csus.ecs.pc2.core.model.BalloonSettings;@2a8b862d
231209 072324.172|INFO|Thread-256|dumpPacket|   key: RUN_LIST is: [Ledu.csus.ecs.pc2.core.model.Run; [Ledu.csus.ecs.pc2.core.model.Run;@50247436
231209 072324.174|INFO|Thread-256|dumpPacket|   key: ACCOUNT_ARRAY is: [Ledu.csus.ecs.pc2.core.model.Account; [Ledu.csus.ecs.pc2.core.model.Account;@264000be
231209 074043.393|INFO|Thread-254|receive|public void receive(SealedObject TransportPacket, ConnectionHandlerID connectionHandlerID)
231209 074044.543|INFO|Thread-254|receive|public void receive(SealedObject TransportPacket, ConnectionHandlerID connectionHandlerID)
231209 074052.538|INFO|Thread-254|receive|public void receive(SealedObject TransportPacket, ConnectionHandlerID connectionHandlerID)
231209 074058.397|INFO|Thread-254|receive|public void receive(SealedObject TransportPacket, ConnectionHandlerID connectionHandlerID)
231209 081725.992|INFO|Thread-3116|run|send(Serializable)
231209 081726.020|INFO|Thread-254|receive|public void receive(SealedObject TransportPacket, ConnectionHandlerID connectionHandlerID)
231209 081826.795|INFO|Thread-254|receive|public void receive(SealedObject TransportPacket, ConnectionHandlerID connectionHandlerID)
231209 103352.639|INFO|Thread-254|receive|public void receive(SealedObject TransportPacket, ConnectionHandlerID connectionHandlerID)
231209 103353.772|INFO|Thread-254|receive|public void receive(SealedObject TransportPacket, ConnectionHandlerID connectionHandlerID)
231209 103356.356|INFO|Thread-254|receive|public void receive(SealedObject TransportPacket, ConnectionHandlerID connectionHandlerID)
231209 103358.734|INFO|Thread-254|receive|public void receive(SealedObject TransportPacket, ConnectionHandlerID connectionHandlerID)
231209 103358.970|INFO|Thread-254|receive|public void receive(SealedObject TransportPacket, ConnectionHandlerID connectionHandlerID)
231209 103359.107|INFO|Thread-254|receive|public void receive(SealedObject TransportPacket, ConnectionHandlerID connectionHandlerID)
231209 103359.255|INFO|Thread-254|receive|public void receive(SealedObject TransportPacket, ConnectionHandlerID connectionHandlerID)
231209 103412.449|INFO|Thread-254|receive|public void receive(SealedObject TransportPacket, ConnectionHandlerID connectionHandlerID)
231209 103439.520|INFO|Thread-254|receive|public void receive(SealedObject TransportPacket, ConnectionHandlerID connectionHandlerID)
231209 103539.832|INFO|Thread-49095|run|send(Serializable)
231209 103539.842|INFO|Thread-254|connectionDropped|connectionDropped(ConnectionHandlerID myConnectionID) 
