231209 075508.871|CONFIG|qtp135640095-390|setFileHandlers|Now logging to C:\Users\18328\Desktop\pc2\WebTeamInterface-1.1\logs directory.
231209 075508.871|INFO|qtp135640095-390|info|
231209 075508.871|INFO|qtp135640095-390|info|Version 9 () Java ver 18.0.2.1 build  Windows 11 10.0 (amd64) 
231209 075508.871|INFO|qtp135640095-390|info|Login: team86 (aka team86)
231209 075508.871|INFO|qtp135640095-390|startLog|Working directory is C:\Users\18328\Desktop\pc2\WebTeamInterface-1.1
231209 075508.871|INFO|qtp135640095-390|startLog|Process id is 15028@DESKTOP-D75BQTV
231209 075508.871|INFO|qtp135640095-390|info|Contacting server at localhost:50002 as TEAM86 @ site 0
231209 075508.871|INFO|qtp135640095-390|info|sendLoginRequest start - sending from TEAM86 @ site 0
231209 075508.871|INFO|qtp135640095-390|sendToLocalServer|Sending packet to server Packet[LOGIN_REQUEST] #29 TEAM86 @ site 0 -> SERVER0 @ site 0
231209 075508.871|INFO|Thread-382|receiveUnencrypted|receiveUnencrypted Made a secret key for Socket[addr=localhost/127.0.0.1,port=50002,localport=57735]-7551929668895751890 key is com.sun.crypto.provider.DESKey@fffe7ff9
231209 075508.871|INFO|Thread-382|getPublicKeyPacket|Generating Unencrypted Public Key Packet
231209 075508.871|INFO|qtp135640095-390|sendToLocalServer|Sent    packet to server Packet[LOGIN_REQUEST] #29 TEAM86 @ site 0 -> SERVER0 @ site 0
231209 075508.871|INFO|qtp135640095-390|info|sendLoginRequest end - packet sent.
231209 075508.871|INFO|Thread-382|getPublicKeyPacket|checking key:= SunJCE Diffie-Hellman Public Key:
y:
    20cf13c7 5eda1573 388e4647 faf43d68 b8337f20 dbd43df1 a72af9bf 4111cd0a
    61520c9d 4c052c89 6b489882 ef176959 ae44fcbe a27f6926 ec5167aa 995f8de7
    8388fec7 f1794c5e 68d15b55 a636a6e4 0d648c54 9c0c5e62 c60683b7 1af9eb7d
    ac57bf9b 7a50edaf 9ca9dbda 125adfa1 27327e9a 2fe582b0 92e69ad9 5880abe4
p:
    f488fd58 4e49dbcd 20b49de4 9107366b 336c380d 451d0f7c 88b31c7c 5b2d8ef6
    f3c923c0 43f0a55b 188d8ebb 558cb85d 38d334fd 7c175743 a31d186c de33212c
    b52aff3c e1b12940 18118d7c 84a70a72 d686c403 19c80729 7aca950c d9969fab
    d00a509b 0246d308 3d66a45d 419f9c7c bd894b22 1926baab a25ec355 e92f78c7
g:
    02
l:
    512
231209 075508.871|INFO|Thread-383|run|send(Serializable)
231209 075508.871|INFO|Thread-382|getPublicKeyPacket|packet:= edu.csus.ecs.pc2.core.transport.TransportWrapper@77f48cde
231209 075508.884|INFO|Thread-382|receive|public void receive(SealedObject TransportPacket, ConnectionHandlerID connectionHandlerID)
231209 075508.894|INFO|Thread-384|info| receiveObject(S) start got Packet[LOGIN_SUCCESS] #305 SERVER0 @ site 1 -> TEAM86 @ site 1
231209 075508.894|INFO|Thread-384|dumpPacket|Packet LOGIN_SUCCESS (Seq #305, o#305 ) recieveObject
231209 075508.894|INFO|Thread-384|dumpPacket|  From: SERVER0 @ site 1, oSERVER0 @ site 1 (DESKTOP-D75BQTV @ 212.212.212.212) (Contest Id: DryRun--6069080675419338087)
231209 075508.894|INFO|Thread-384|dumpPacket|    To: TEAM86 @ site 1
231209 075508.894|INFO|Thread-384|dumpPacket|   key: PROFILE_LIST is: [Ledu.csus.ecs.pc2.core.model.Profile; [Ledu.csus.ecs.pc2.core.model.Profile;@5ae7c139
231209 075508.894|INFO|Thread-384|dumpPacket|   key: GENERAL_PROBLEM is: edu.csus.ecs.pc2.core.model.Problem General
231209 075508.894|INFO|Thread-384|dumpPacket|   key: CLIENT_SETTINGS_LIST is: [Ledu.csus.ecs.pc2.core.model.ClientSettings; [Ledu.csus.ecs.pc2.core.model.ClientSettings;@54203415
231209 075508.894|INFO|Thread-384|dumpPacket|   key: CONTEST_TIME is: edu.csus.ecs.pc2.core.model.ContestTime edu.csus.ecs.pc2.core.model.ContestTime@501faa49
231209 075508.894|INFO|Thread-384|dumpPacket|   key: CLARIFICATION_LIST is: [Ledu.csus.ecs.pc2.core.model.Clarification; [Ledu.csus.ecs.pc2.core.model.Clarification;@151d3e2e
231209 075508.894|INFO|Thread-384|dumpPacket|   key: CATEGORY_LIST is: [Ledu.csus.ecs.pc2.core.model.Category; [Ledu.csus.ecs.pc2.core.model.Category;@7197cbbd
231209 075508.894|INFO|Thread-384|dumpPacket|   key: LANGUAGE_LIST is: [Ledu.csus.ecs.pc2.core.model.Language; [Ledu.csus.ecs.pc2.core.model.Language;@24c2c906
231209 075508.894|INFO|Thread-384|dumpPacket|   key: REMOTE_LOGGED_IN_USERS is: [Ledu.csus.ecs.pc2.core.model.ClientId; [Ledu.csus.ecs.pc2.core.model.ClientId;@9a26235
231209 075508.894|INFO|Thread-384|dumpPacket|   key: CONTEST_TIME_LIST is: [Ledu.csus.ecs.pc2.core.model.ContestTime; [Ledu.csus.ecs.pc2.core.model.ContestTime;@7532c161
231209 075508.894|INFO|Thread-384|dumpPacket|   key: CONNECTION_HANDLE_ID_LIST is: [Ledu.csus.ecs.pc2.core.transport.ConnectionHandlerID; [Ledu.csus.ecs.pc2.core.transport.ConnectionHandlerID;@3ab72659
231209 075508.894|INFO|Thread-384|dumpPacket|   key: PROFILE is: edu.csus.ecs.pc2.core.model.Profile DryRun--6069080675419338087
231209 075508.894|INFO|Thread-384|dumpPacket|   key: CLIENT_ID is: edu.csus.ecs.pc2.core.model.ClientId TEAM86 @ site 1
231209 075508.894|INFO|Thread-384|dumpPacket|   key: SITE_NUMBER is: java.lang.Integer 1
231209 075508.894|INFO|Thread-384|dumpPacket|   key: CONTEST_INFORMATION is: edu.csus.ecs.pc2.core.model.ContestInformation edu.csus.ecs.pc2.core.model.ContestInformation@80f52f0
231209 075508.894|INFO|Thread-384|dumpPacket|   key: SITE_LIST is: [Ledu.csus.ecs.pc2.core.model.Site; [Ledu.csus.ecs.pc2.core.model.Site;@12a62a0e
231209 075508.894|INFO|Thread-384|dumpPacket|   key: PROBLEM_DATA_FILES is: [Ledu.csus.ecs.pc2.core.model.ProblemDataFiles; [Ledu.csus.ecs.pc2.core.model.ProblemDataFiles;@717cd8f2
231209 075508.894|INFO|Thread-384|dumpPacket|   key: JUDGEMENT_LIST is: [Ledu.csus.ecs.pc2.core.model.Judgement; [Ledu.csus.ecs.pc2.core.model.Judgement;@727aad6a
231209 075508.894|INFO|Thread-384|dumpPacket|   key: PROBLEM_LIST is: [Ledu.csus.ecs.pc2.core.model.Problem; [Ledu.csus.ecs.pc2.core.model.Problem;@90e907
231209 075508.899|INFO|Thread-384|dumpPacket|   key: GROUP_LIST is: [Ledu.csus.ecs.pc2.core.model.Group; [Ledu.csus.ecs.pc2.core.model.Group;@23454541
231209 075508.899|INFO|Thread-384|dumpPacket|   key: LOCAL_LOGGED_IN_USERS is: [Ledu.csus.ecs.pc2.core.model.ClientId; [Ledu.csus.ecs.pc2.core.model.ClientId;@34e9b293
231209 075508.899|INFO|Thread-384|dumpPacket|   key: SERVER_CLOCK_OFFSET is: java.util.GregorianCalendar java.util.GregorianCalendar[time=1702130108881,areFieldsSet=true,areAllFieldsSet=false,lenient=true,zone=sun.util.calendar.ZoneInfo[id="GMT",offset=0,dstSavings=0,useDaylight=false,transitions=0,lastRule=null],firstDayOfWeek=1,minimalDaysInFirstWeek=1,ERA=1,YEAR=2023,MONTH=11,WEEK_OF_YEAR=49,WEEK_OF_MONTH=2,DAY_OF_MONTH=9,DAY_OF_YEAR=343,DAY_OF_WEEK=7,DAY_OF_WEEK_IN_MONTH=2,AM_PM=1,HOUR=1,HOUR_OF_DAY=13,MINUTE=55,SECOND=8,MILLISECOND=881,ZONE_OFFSET=0,DST_OFFSET=0]
231209 075508.899|INFO|Thread-384|dumpPacket|   key: CONTEST_IDENTIFIER is: java.lang.String DryRun--6069080675419338087
231209 075508.899|INFO|Thread-384|dumpPacket|   key: BALLOON_SETTINGS_LIST is: [Ledu.csus.ecs.pc2.core.model.BalloonSettings; [Ledu.csus.ecs.pc2.core.model.BalloonSettings;@135f5899
231209 075508.899|INFO|Thread-384|dumpPacket|   key: RUN_LIST is: [Ledu.csus.ecs.pc2.core.model.Run; [Ledu.csus.ecs.pc2.core.model.Run;@14004324
231209 075508.899|INFO|Thread-384|dumpPacket|   key: ACCOUNT_ARRAY is: [Ledu.csus.ecs.pc2.core.model.Account; [Ledu.csus.ecs.pc2.core.model.Account;@1d6663a8
231209 075508.899|INFO|Thread-384|info|handlePacket start Packet[LOGIN_SUCCESS] #305 SERVER0 @ site 1 -> TEAM86 @ site 1
231209 075508.899|INFO|Thread-384|dumpPacket|Packet LOGIN_SUCCESS (Seq #305, o#305 ) handlePacket
231209 075508.899|INFO|Thread-384|dumpPacket|  From: SERVER0 @ site 1, oSERVER0 @ site 1 (DESKTOP-D75BQTV @ 212.212.212.212) (Contest Id: DryRun--6069080675419338087)
231209 075508.899|INFO|Thread-384|dumpPacket|    To: TEAM86 @ site 1
231209 075508.899|INFO|Thread-384|dumpPacket|   key: PROFILE_LIST is: [Ledu.csus.ecs.pc2.core.model.Profile; [Ledu.csus.ecs.pc2.core.model.Profile;@5ae7c139
231209 075508.899|INFO|Thread-384|dumpPacket|   key: GENERAL_PROBLEM is: edu.csus.ecs.pc2.core.model.Problem General
231209 075508.899|INFO|Thread-384|dumpPacket|   key: CLIENT_SETTINGS_LIST is: [Ledu.csus.ecs.pc2.core.model.ClientSettings; [Ledu.csus.ecs.pc2.core.model.ClientSettings;@54203415
231209 075508.899|INFO|Thread-384|dumpPacket|   key: CONTEST_TIME is: edu.csus.ecs.pc2.core.model.ContestTime edu.csus.ecs.pc2.core.model.ContestTime@501faa49
231209 075508.899|INFO|Thread-384|dumpPacket|   key: CLARIFICATION_LIST is: [Ledu.csus.ecs.pc2.core.model.Clarification; [Ledu.csus.ecs.pc2.core.model.Clarification;@151d3e2e
231209 075508.899|INFO|Thread-384|dumpPacket|   key: CATEGORY_LIST is: [Ledu.csus.ecs.pc2.core.model.Category; [Ledu.csus.ecs.pc2.core.model.Category;@7197cbbd
231209 075508.899|INFO|Thread-384|dumpPacket|   key: LANGUAGE_LIST is: [Ledu.csus.ecs.pc2.core.model.Language; [Ledu.csus.ecs.pc2.core.model.Language;@24c2c906
231209 075508.899|INFO|Thread-384|dumpPacket|   key: REMOTE_LOGGED_IN_USERS is: [Ledu.csus.ecs.pc2.core.model.ClientId; [Ledu.csus.ecs.pc2.core.model.ClientId;@9a26235
231209 075508.899|INFO|Thread-384|dumpPacket|   key: CONTEST_TIME_LIST is: [Ledu.csus.ecs.pc2.core.model.ContestTime; [Ledu.csus.ecs.pc2.core.model.ContestTime;@7532c161
231209 075508.899|INFO|Thread-384|dumpPacket|   key: CONNECTION_HANDLE_ID_LIST is: [Ledu.csus.ecs.pc2.core.transport.ConnectionHandlerID; [Ledu.csus.ecs.pc2.core.transport.ConnectionHandlerID;@3ab72659
231209 075508.899|INFO|Thread-384|dumpPacket|   key: PROFILE is: edu.csus.ecs.pc2.core.model.Profile DryRun--6069080675419338087
231209 075508.899|INFO|Thread-384|dumpPacket|   key: CLIENT_ID is: edu.csus.ecs.pc2.core.model.ClientId TEAM86 @ site 1
231209 075508.899|INFO|Thread-384|dumpPacket|   key: SITE_NUMBER is: java.lang.Integer 1
231209 075508.899|INFO|Thread-384|dumpPacket|   key: CONTEST_INFORMATION is: edu.csus.ecs.pc2.core.model.ContestInformation edu.csus.ecs.pc2.core.model.ContestInformation@80f52f0
231209 075508.899|INFO|Thread-384|dumpPacket|   key: SITE_LIST is: [Ledu.csus.ecs.pc2.core.model.Site; [Ledu.csus.ecs.pc2.core.model.Site;@12a62a0e
231209 075508.899|INFO|Thread-384|dumpPacket|   key: PROBLEM_DATA_FILES is: [Ledu.csus.ecs.pc2.core.model.ProblemDataFiles; [Ledu.csus.ecs.pc2.core.model.ProblemDataFiles;@717cd8f2
231209 075508.899|INFO|Thread-384|dumpPacket|   key: JUDGEMENT_LIST is: [Ledu.csus.ecs.pc2.core.model.Judgement; [Ledu.csus.ecs.pc2.core.model.Judgement;@727aad6a
231209 075508.899|INFO|Thread-384|dumpPacket|   key: PROBLEM_LIST is: [Ledu.csus.ecs.pc2.core.model.Problem; [Ledu.csus.ecs.pc2.core.model.Problem;@90e907
231209 075508.899|INFO|Thread-384|dumpPacket|   key: GROUP_LIST is: [Ledu.csus.ecs.pc2.core.model.Group; [Ledu.csus.ecs.pc2.core.model.Group;@23454541
231209 075508.899|INFO|Thread-384|dumpPacket|   key: LOCAL_LOGGED_IN_USERS is: [Ledu.csus.ecs.pc2.core.model.ClientId; [Ledu.csus.ecs.pc2.core.model.ClientId;@34e9b293
231209 075508.899|INFO|Thread-384|dumpPacket|   key: SERVER_CLOCK_OFFSET is: java.util.GregorianCalendar java.util.GregorianCalendar[time=1702130108881,areFieldsSet=true,areAllFieldsSet=false,lenient=true,zone=sun.util.calendar.ZoneInfo[id="GMT",offset=0,dstSavings=0,useDaylight=false,transitions=0,lastRule=null],firstDayOfWeek=1,minimalDaysInFirstWeek=1,ERA=1,YEAR=2023,MONTH=11,WEEK_OF_YEAR=49,WEEK_OF_MONTH=2,DAY_OF_MONTH=9,DAY_OF_YEAR=343,DAY_OF_WEEK=7,DAY_OF_WEEK_IN_MONTH=2,AM_PM=1,HOUR=1,HOUR_OF_DAY=13,MINUTE=55,SECOND=8,MILLISECOND=881,ZONE_OFFSET=0,DST_OFFSET=0]
231209 075508.899|INFO|Thread-384|dumpPacket|   key: CONTEST_IDENTIFIER is: java.lang.String DryRun--6069080675419338087
231209 075508.899|INFO|Thread-384|dumpPacket|   key: BALLOON_SETTINGS_LIST is: [Ledu.csus.ecs.pc2.core.model.BalloonSettings; [Ledu.csus.ecs.pc2.core.model.BalloonSettings;@135f5899
231209 075508.902|INFO|Thread-384|dumpPacket|   key: RUN_LIST is: [Ledu.csus.ecs.pc2.core.model.Run; [Ledu.csus.ecs.pc2.core.model.Run;@14004324
231209 075508.902|INFO|Thread-384|dumpPacket|   key: ACCOUNT_ARRAY is: [Ledu.csus.ecs.pc2.core.model.Account; [Ledu.csus.ecs.pc2.core.model.Account;@1d6663a8
231209 075854.889|INFO|Thread-518|run|send(Serializable)
231209 075854.910|INFO|Thread-382|receive|public void receive(SealedObject TransportPacket, ConnectionHandlerID connectionHandlerID)
231209 075914.337|INFO|Thread-382|connectionDropped|connectionDropped(ConnectionHandlerID myConnectionID) 
