221210 082305.386|CONFIG|Thread-3378|setFileHandlers|Now logging to C:\Users\18328\Desktop\pc2\WebTeamInterface-1.1\logs directory.
221210 082305.386|INFO|Thread-3378|info|
221210 082305.386|INFO|Thread-3378|info|Version 9 () Java ver 18.0.2.1 build  Windows 11 10.0 (amd64) 
221210 082305.386|INFO|Thread-3378|info|Login: team30 (aka team30)
221210 082305.386|INFO|Thread-3378|startLog|Working directory is C:\Users\18328\Desktop\pc2\WebTeamInterface-1.1
221210 082305.386|INFO|Thread-3378|startLog|Process id is 20708@DESKTOP-D75BQTV
221210 082305.386|INFO|Thread-3378|info| handlePacket original LOGIN_SUCCESS after -- all settings loaded 
221210 082305.387|INFO|Thread-3378|info|handlePacket end Packet[LOGIN_SUCCESS] #941 SERVER0 @ site 1 -> TEAM30 @ site 1
221210 082305.387|INFO|Thread-3378|info| receiveObject(S) end   got Packet[LOGIN_SUCCESS] #941 SERVER0 @ site 1 -> TEAM30 @ site 1
221210 082314.790|INFO|Thread-3380|info| receiveObject(S) start got Packet[RUN_JUDGEMENT] #945 SERVER0 @ site 1 -> TEAM30 @ site 1
221210 082314.790|INFO|Thread-3380|dumpPacket|Packet RUN_JUDGEMENT (Seq #945, o#945 ) recieveObject
221210 082314.790|INFO|Thread-3380|dumpPacket|  From: SERVER0 @ site 1, oSERVER0 @ site 1 (DESKTOP-D75BQTV @ 212.212.212.212) (Contest Id: DryRun--5544400451244233091)
221210 082314.790|INFO|Thread-3380|dumpPacket|    To: TEAM30 @ site 1
221210 082314.790|INFO|Thread-3380|dumpPacket|   key: JUDGEMENT_RECORD is: edu.csus.ecs.pc2.core.model.JudgementRecord No by JUDGE5 @ site 1 judgement No_-_Compilation_Error--1778237736598625440 id JudgementRecord-9033726116864590023
221210 082314.790|INFO|Thread-3380|dumpPacket|   key: RUN is: edu.csus.ecs.pc2.core.model.Run Run 20 JUDGED 34 min 2063587ms from TEAM30 @ site 1 id Run--8944768428034378766 problem dryrun--3838966659325508604 lang Java-9059947720623527775
221210 082314.790|INFO|Thread-3380|dumpPacket|   key: CLIENT_ID is: edu.csus.ecs.pc2.core.model.ClientId SERVER0 @ site 1
221210 082314.790|INFO|Thread-3380|info|handlePacket start Packet[RUN_JUDGEMENT] #945 SERVER0 @ site 1 -> TEAM30 @ site 1
221210 082314.790|INFO|Thread-3380|dumpPacket|Packet RUN_JUDGEMENT (Seq #945, o#945 ) handlePacket
221210 082314.790|INFO|Thread-3380|dumpPacket|  From: SERVER0 @ site 1, oSERVER0 @ site 1 (DESKTOP-D75BQTV @ 212.212.212.212) (Contest Id: DryRun--5544400451244233091)
221210 082314.790|INFO|Thread-3380|dumpPacket|    To: TEAM30 @ site 1
221210 082314.790|INFO|Thread-3380|dumpPacket|   key: JUDGEMENT_RECORD is: edu.csus.ecs.pc2.core.model.JudgementRecord No by JUDGE5 @ site 1 judgement No_-_Compilation_Error--1778237736598625440 id JudgementRecord-9033726116864590023
221210 082314.790|INFO|Thread-3380|dumpPacket|   key: RUN is: edu.csus.ecs.pc2.core.model.Run Run 20 JUDGED 34 min 2063587ms from TEAM30 @ site 1 id Run--8944768428034378766 problem dryrun--3838966659325508604 lang Java-9059947720623527775
221210 082314.790|INFO|Thread-3380|dumpPacket|   key: CLIENT_ID is: edu.csus.ecs.pc2.core.model.ClientId SERVER0 @ site 1
221210 082314.791|INFO|Thread-3380|info| receiveObject(S) end   got Packet[RUN_JUDGEMENT] #945 SERVER0 @ site 1 -> TEAM30 @ site 1
221210 082415.941|INFO|qtp996796369-775|sendToLocalServer|Sending packet to server Packet[RUN_SUBMISSION] #143 TEAM30 @ site 1 -> SERVER0 @ site 1
221210 082415.941|INFO|qtp996796369-775|sendToLocalServer|Sent    packet to server Packet[RUN_SUBMISSION] #143 TEAM30 @ site 1 -> SERVER0 @ site 1
221210 082415.957|INFO|Thread-3891|info| receiveObject(S) start got Packet[RUN_SUBMISSION_CONFIRM] #967 SERVER0 @ site 1 -> TEAM30 @ site 1
221210 082415.957|INFO|Thread-3891|dumpPacket|Packet RUN_SUBMISSION_CONFIRM (Seq #967, o#967 ) recieveObject
221210 082415.957|INFO|Thread-3891|dumpPacket|  From: SERVER0 @ site 1, oSERVER0 @ site 1 (DESKTOP-D75BQTV @ 212.212.212.212) (Contest Id: DryRun--5544400451244233091)
221210 082415.957|INFO|Thread-3891|dumpPacket|    To: TEAM30 @ site 1
221210 082415.957|INFO|Thread-3891|dumpPacket|   key: RUN is: edu.csus.ecs.pc2.core.model.Run Run 27 NEW 36 min 2211407ms from TEAM30 @ site 1 id Run--195595766198466157 problem dryrun--3838966659325508604 lang Java-9059947720623527775
221210 082415.958|INFO|Thread-3891|info|handlePacket start Packet[RUN_SUBMISSION_CONFIRM] #967 SERVER0 @ site 1 -> TEAM30 @ site 1
221210 082415.958|INFO|Thread-3891|dumpPacket|Packet RUN_SUBMISSION_CONFIRM (Seq #967, o#967 ) handlePacket
221210 082415.958|INFO|Thread-3891|dumpPacket|  From: SERVER0 @ site 1, oSERVER0 @ site 1 (DESKTOP-D75BQTV @ 212.212.212.212) (Contest Id: DryRun--5544400451244233091)
221210 082415.958|INFO|Thread-3891|dumpPacket|    To: TEAM30 @ site 1
221210 082415.958|INFO|Thread-3891|dumpPacket|   key: RUN is: edu.csus.ecs.pc2.core.model.Run Run 27 NEW 36 min 2211407ms from TEAM30 @ site 1 id Run--195595766198466157 problem dryrun--3838966659325508604 lang Java-9059947720623527775
221210 082415.958|INFO|Thread-3891|info| receiveObject(S) end   got Packet[RUN_SUBMISSION_CONFIRM] #967 SERVER0 @ site 1 -> TEAM30 @ site 1
221210 082504.979|INFO|Thread-4351|info| receiveObject(S) start got Packet[RUN_JUDGEMENT] #997 SERVER0 @ site 1 -> TEAM30 @ site 1
221210 082504.979|INFO|Thread-4351|dumpPacket|Packet RUN_JUDGEMENT (Seq #997, o#997 ) recieveObject
221210 082504.979|INFO|Thread-4351|dumpPacket|  From: SERVER0 @ site 1, oSERVER0 @ site 1 (DESKTOP-D75BQTV @ 212.212.212.212) (Contest Id: DryRun--5544400451244233091)
221210 082504.979|INFO|Thread-4351|dumpPacket|    To: TEAM30 @ site 1
221210 082504.979|INFO|Thread-4351|dumpPacket|   key: JUDGEMENT_RECORD is: edu.csus.ecs.pc2.core.model.JudgementRecord Yes by JUDGE2 @ site 1 judgement Yes-448420548528869030 id JudgementRecord--6508538493873634822
221210 082504.979|INFO|Thread-4351|dumpPacket|   key: RUN is: edu.csus.ecs.pc2.core.model.Run Run 27 JUDGED 36 min 2211407ms from TEAM30 @ site 1 id Run--195595766198466157 problem dryrun--3838966659325508604 lang Java-9059947720623527775
221210 082504.979|INFO|Thread-4351|dumpPacket|   key: CLIENT_ID is: edu.csus.ecs.pc2.core.model.ClientId SERVER0 @ site 1
221210 082504.979|INFO|Thread-4351|info|handlePacket start Packet[RUN_JUDGEMENT] #997 SERVER0 @ site 1 -> TEAM30 @ site 1
221210 082504.979|INFO|Thread-4351|dumpPacket|Packet RUN_JUDGEMENT (Seq #997, o#997 ) handlePacket
221210 082504.979|INFO|Thread-4351|dumpPacket|  From: SERVER0 @ site 1, oSERVER0 @ site 1 (DESKTOP-D75BQTV @ 212.212.212.212) (Contest Id: DryRun--5544400451244233091)
221210 082504.980|INFO|Thread-4351|dumpPacket|    To: TEAM30 @ site 1
221210 082504.980|INFO|Thread-4351|dumpPacket|   key: JUDGEMENT_RECORD is: edu.csus.ecs.pc2.core.model.JudgementRecord Yes by JUDGE2 @ site 1 judgement Yes-448420548528869030 id JudgementRecord--6508538493873634822
221210 082504.980|INFO|Thread-4351|dumpPacket|   key: RUN is: edu.csus.ecs.pc2.core.model.Run Run 27 JUDGED 36 min 2211407ms from TEAM30 @ site 1 id Run--195595766198466157 problem dryrun--3838966659325508604 lang Java-9059947720623527775
221210 082504.980|INFO|Thread-4351|dumpPacket|   key: CLIENT_ID is: edu.csus.ecs.pc2.core.model.ClientId SERVER0 @ site 1
221210 082504.980|INFO|Thread-4351|info| receiveObject(S) end   got Packet[RUN_JUDGEMENT] #997 SERVER0 @ site 1 -> TEAM30 @ site 1
221210 083216.057|INFO|Thread-6241|info| receiveObject(S) start got Packet[CLARIFICATION_ANSWER_UPDATE] #1121 SERVER0 @ site 1 -> SERVER0 @ site 0
221210 083216.057|INFO|Thread-6241|dumpPacket|Packet CLARIFICATION_ANSWER_UPDATE (Seq #1121, o#1121 ) recieveObject
221210 083216.057|INFO|Thread-6241|dumpPacket|  From: SERVER0 @ site 1, oSERVER0 @ site 1 (DESKTOP-D75BQTV @ 212.212.212.212) (Contest Id: DryRun--5544400451244233091)
221210 083216.057|INFO|Thread-6241|dumpPacket|    To: SERVER0 @ site 0
221210 083216.057|INFO|Thread-6241|dumpPacket|   key: CLARIFICATION is: edu.csus.ecs.pc2.core.model.Clarification Clarification 1 ANSWERED from JUDGE1 @ site 1 at 44 id=Clarification--3557425780297126467
221210 083216.057|INFO|Thread-6241|dumpPacket|   key: CLARIFICATION_ANSWER is: java.lang.String No response, read problem statement
221210 083216.057|INFO|Thread-6241|dumpPacket|   key: CLIENT_ID is: edu.csus.ecs.pc2.core.model.ClientId JUDGE9 @ site 1
221210 083216.057|INFO|Thread-6241|info|handlePacket start Packet[CLARIFICATION_ANSWER_UPDATE] #1121 SERVER0 @ site 1 -> SERVER0 @ site 0
221210 083216.057|INFO|Thread-6241|dumpPacket|Packet CLARIFICATION_ANSWER_UPDATE (Seq #1121, o#1121 ) handlePacket
221210 083216.057|INFO|Thread-6241|dumpPacket|  From: SERVER0 @ site 1, oSERVER0 @ site 1 (DESKTOP-D75BQTV @ 212.212.212.212) (Contest Id: DryRun--5544400451244233091)
221210 083216.057|INFO|Thread-6241|dumpPacket|    To: SERVER0 @ site 0
221210 083216.057|INFO|Thread-6241|dumpPacket|   key: CLARIFICATION is: edu.csus.ecs.pc2.core.model.Clarification Clarification 1 ANSWERED from JUDGE1 @ site 1 at 44 id=Clarification--3557425780297126467
221210 083216.057|INFO|Thread-6241|dumpPacket|   key: CLARIFICATION_ANSWER is: java.lang.String No response, read problem statement
221210 083216.057|INFO|Thread-6241|dumpPacket|   key: CLIENT_ID is: edu.csus.ecs.pc2.core.model.ClientId JUDGE9 @ site 1
221210 083216.058|INFO|Thread-6241|info| receiveObject(S) end   got Packet[CLARIFICATION_ANSWER_UPDATE] #1121 SERVER0 @ site 1 -> SERVER0 @ site 0
221210 083447.193|INFO|qtp996796369-1390|sendToLocalServer|Sending packet to server Packet[RUN_SUBMISSION] #184 TEAM30 @ site 1 -> SERVER0 @ site 1
221210 083447.193|INFO|qtp996796369-1390|sendToLocalServer|Sent    packet to server Packet[RUN_SUBMISSION] #184 TEAM30 @ site 1 -> SERVER0 @ site 1
221210 083447.220|INFO|Thread-6835|info| receiveObject(S) start got Packet[RUN_SUBMISSION_CONFIRM] #1172 SERVER0 @ site 1 -> TEAM30 @ site 1
221210 083447.220|INFO|Thread-6835|dumpPacket|Packet RUN_SUBMISSION_CONFIRM (Seq #1172, o#1172 ) recieveObject
221210 083447.220|INFO|Thread-6835|dumpPacket|  From: SERVER0 @ site 1, oSERVER0 @ site 1 (DESKTOP-D75BQTV @ 212.212.212.212) (Contest Id: DryRun--5544400451244233091)
221210 083447.220|INFO|Thread-6835|dumpPacket|    To: TEAM30 @ site 1
221210 083447.220|INFO|Thread-6835|dumpPacket|   key: RUN is: edu.csus.ecs.pc2.core.model.Run Run 46 NEW 47 min 2842660ms from TEAM30 @ site 1 id Run-1958623789173879537 problem dryrun--3838966659325508604 lang Java-9059947720623527775
221210 083447.220|INFO|Thread-6835|info|handlePacket start Packet[RUN_SUBMISSION_CONFIRM] #1172 SERVER0 @ site 1 -> TEAM30 @ site 1
221210 083447.220|INFO|Thread-6835|dumpPacket|Packet RUN_SUBMISSION_CONFIRM (Seq #1172, o#1172 ) handlePacket
221210 083447.220|INFO|Thread-6835|dumpPacket|  From: SERVER0 @ site 1, oSERVER0 @ site 1 (DESKTOP-D75BQTV @ 212.212.212.212) (Contest Id: DryRun--5544400451244233091)
221210 083447.220|INFO|Thread-6835|dumpPacket|    To: TEAM30 @ site 1
221210 083447.220|INFO|Thread-6835|dumpPacket|   key: RUN is: edu.csus.ecs.pc2.core.model.Run Run 46 NEW 47 min 2842660ms from TEAM30 @ site 1 id Run-1958623789173879537 problem dryrun--3838966659325508604 lang Java-9059947720623527775
221210 083447.220|INFO|Thread-6835|info| receiveObject(S) end   got Packet[RUN_SUBMISSION_CONFIRM] #1172 SERVER0 @ site 1 -> TEAM30 @ site 1
221210 083517.159|INFO|Thread-7019|info| receiveObject(S) start got Packet[RUN_JUDGEMENT] #1201 SERVER0 @ site 1 -> TEAM30 @ site 1
221210 083517.159|INFO|Thread-7019|dumpPacket|Packet RUN_JUDGEMENT (Seq #1201, o#1201 ) recieveObject
221210 083517.159|INFO|Thread-7019|dumpPacket|  From: SERVER0 @ site 1, oSERVER0 @ site 1 (DESKTOP-D75BQTV @ 212.212.212.212) (Contest Id: DryRun--5544400451244233091)
221210 083517.159|INFO|Thread-7019|dumpPacket|    To: TEAM30 @ site 1
221210 083517.159|INFO|Thread-7019|dumpPacket|   key: JUDGEMENT_RECORD is: edu.csus.ecs.pc2.core.model.JudgementRecord Yes by JUDGE9 @ site 1 judgement Yes-448420548528869030 id JudgementRecord-6841676342678736819
221210 083517.159|INFO|Thread-7019|dumpPacket|   key: RUN is: edu.csus.ecs.pc2.core.model.Run Run 46 JUDGED 47 min 2842660ms from TEAM30 @ site 1 id Run-1958623789173879537 problem dryrun--3838966659325508604 lang Java-9059947720623527775
221210 083517.159|INFO|Thread-7019|dumpPacket|   key: CLIENT_ID is: edu.csus.ecs.pc2.core.model.ClientId SERVER0 @ site 1
221210 083517.159|INFO|Thread-7019|info|handlePacket start Packet[RUN_JUDGEMENT] #1201 SERVER0 @ site 1 -> TEAM30 @ site 1
221210 083517.159|INFO|Thread-7019|dumpPacket|Packet RUN_JUDGEMENT (Seq #1201, o#1201 ) handlePacket
221210 083517.159|INFO|Thread-7019|dumpPacket|  From: SERVER0 @ site 1, oSERVER0 @ site 1 (DESKTOP-D75BQTV @ 212.212.212.212) (Contest Id: DryRun--5544400451244233091)
221210 083517.159|INFO|Thread-7019|dumpPacket|    To: TEAM30 @ site 1
221210 083517.159|INFO|Thread-7019|dumpPacket|   key: JUDGEMENT_RECORD is: edu.csus.ecs.pc2.core.model.JudgementRecord Yes by JUDGE9 @ site 1 judgement Yes-448420548528869030 id JudgementRecord-6841676342678736819
221210 083517.159|INFO|Thread-7019|dumpPacket|   key: RUN is: edu.csus.ecs.pc2.core.model.Run Run 46 JUDGED 47 min 2842660ms from TEAM30 @ site 1 id Run-1958623789173879537 problem dryrun--3838966659325508604 lang Java-9059947720623527775
221210 083517.159|INFO|Thread-7019|dumpPacket|   key: CLIENT_ID is: edu.csus.ecs.pc2.core.model.ClientId SERVER0 @ site 1
221210 083517.159|INFO|Thread-7019|info| receiveObject(S) end   got Packet[RUN_JUDGEMENT] #1201 SERVER0 @ site 1 -> TEAM30 @ site 1
221210 084028.492|INFO|Thread-10317|info| receiveObject(S) start got Packet[CLARIFICATION_ANSWER_UPDATE] #1383 SERVER0 @ site 1 -> SERVER0 @ site 0
221210 084028.492|INFO|Thread-10317|dumpPacket|Packet CLARIFICATION_ANSWER_UPDATE (Seq #1383, o#1383 ) recieveObject
221210 084028.492|INFO|Thread-10317|dumpPacket|  From: SERVER0 @ site 1, oSERVER0 @ site 1 (DESKTOP-D75BQTV @ 212.212.212.212) (Contest Id: DryRun--5544400451244233091)
221210 084028.492|INFO|Thread-10317|dumpPacket|    To: SERVER0 @ site 0
221210 084028.492|INFO|Thread-10317|dumpPacket|   key: CLARIFICATION is: edu.csus.ecs.pc2.core.model.Clarification Clarification 2 ANSWERED from TEAM36 @ site 1 at 51 id=Clarification--2605015397721620792
221210 084028.492|INFO|Thread-10317|dumpPacket|   key: CLARIFICATION_ANSWER is: java.lang.String Dont use System.in, use file input
221210 084028.492|INFO|Thread-10317|dumpPacket|   key: CLIENT_ID is: edu.csus.ecs.pc2.core.model.ClientId JUDGE5 @ site 1
221210 084028.492|INFO|Thread-10317|info|handlePacket start Packet[CLARIFICATION_ANSWER_UPDATE] #1383 SERVER0 @ site 1 -> SERVER0 @ site 0
221210 084028.492|INFO|Thread-10317|dumpPacket|Packet CLARIFICATION_ANSWER_UPDATE (Seq #1383, o#1383 ) handlePacket
221210 084028.492|INFO|Thread-10317|dumpPacket|  From: SERVER0 @ site 1, oSERVER0 @ site 1 (DESKTOP-D75BQTV @ 212.212.212.212) (Contest Id: DryRun--5544400451244233091)
221210 084028.492|INFO|Thread-10317|dumpPacket|    To: SERVER0 @ site 0
221210 084028.492|INFO|Thread-10317|dumpPacket|   key: CLARIFICATION is: edu.csus.ecs.pc2.core.model.Clarification Clarification 2 ANSWERED from TEAM36 @ site 1 at 51 id=Clarification--2605015397721620792
221210 084028.492|INFO|Thread-10317|dumpPacket|   key: CLARIFICATION_ANSWER is: java.lang.String Dont use System.in, use file input
221210 084028.492|INFO|Thread-10317|dumpPacket|   key: CLIENT_ID is: edu.csus.ecs.pc2.core.model.ClientId JUDGE5 @ site 1
221210 084028.493|INFO|Thread-10317|info| receiveObject(S) end   got Packet[CLARIFICATION_ANSWER_UPDATE] #1383 SERVER0 @ site 1 -> SERVER0 @ site 0
221210 124937.511|CONFIG|Thread-249712|setFileHandlers|Now logging to C:\Users\18328\Desktop\pc2\WebTeamInterface-1.1\logs directory.
221210 124937.512|INFO|Thread-249712|info|
221210 124937.512|INFO|Thread-249712|info|Version 9 () Java ver 18.0.2.1 build  Windows 11 10.0 (amd64) 
221210 124937.512|INFO|Thread-249712|info|Login: team30 (aka team30)
221210 124937.512|INFO|Thread-249712|startLog|Working directory is C:\Users\18328\Desktop\pc2\WebTeamInterface-1.1
221210 124937.512|INFO|Thread-249712|startLog|Process id is 22344@DESKTOP-D75BQTV
221210 124937.512|INFO|Thread-249712|info| handlePacket original LOGIN_SUCCESS after -- all settings loaded 
221210 124937.512|INFO|Thread-249712|info|handlePacket end Packet[LOGIN_SUCCESS] #7664 SERVER0 @ site 1 -> TEAM30 @ site 1
221210 124937.512|INFO|Thread-249712|info| receiveObject(S) end   got Packet[LOGIN_SUCCESS] #7664 SERVER0 @ site 1 -> TEAM30 @ site 1
231209 095847.398|CONFIG|Thread-36311|setFileHandlers|Now logging to C:\Users\18328\Desktop\pc2\WebTeamInterface-1.1\logs directory.
231209 095847.398|INFO|Thread-36311|info|
231209 095847.398|INFO|Thread-36311|info|Version 9 () Java ver 18.0.2.1 build  Windows 11 10.0 (amd64) 
231209 095847.398|INFO|Thread-36311|info|Login: team30 (aka team30)
231209 095847.401|INFO|Thread-36311|startLog|Working directory is C:\Users\18328\Desktop\pc2\WebTeamInterface-1.1
231209 095847.401|INFO|Thread-36311|startLog|Process id is 15028@DESKTOP-D75BQTV
231209 095847.401|INFO|Thread-36311|info| handlePacket original LOGIN_SUCCESS after -- all settings loaded 
231209 095847.401|INFO|Thread-36311|info|handlePacket end Packet[LOGIN_SUCCESS] #2406 SERVER0 @ site 1 -> TEAM30 @ site 1
231209 095847.401|INFO|Thread-36311|info| receiveObject(S) end   got Packet[LOGIN_SUCCESS] #2406 SERVER0 @ site 1 -> TEAM30 @ site 1
