231209 103958.900|CONFIG|Thread-49408|setFileHandlers|Now logging to C:\Users\18328\Desktop\pc2\WebTeamInterface-1.1\logs directory.
231209 103958.900|INFO|Thread-49408|info|
231209 103958.900|INFO|Thread-49408|info|Version 9 () Java ver 18.0.2.1 build  Windows 11 10.0 (amd64) 
231209 103958.900|INFO|Thread-49408|info|Login: team94 (aka team94)
231209 103958.900|INFO|Thread-49408|startLog|Working directory is C:\Users\18328\Desktop\pc2\WebTeamInterface-1.1
231209 103958.900|INFO|Thread-49408|startLog|Process id is 15028@DESKTOP-D75BQTV
231209 103958.900|INFO|Thread-49408|info| handlePacket original LOGIN_SUCCESS after -- all settings loaded 
231209 103958.900|INFO|Thread-49408|info|handlePacket end Packet[LOGIN_SUCCESS] #3642 SERVER0 @ site 1 -> TEAM94 @ site 1
231209 103958.900|INFO|Thread-49408|info| receiveObject(S) end   got Packet[LOGIN_SUCCESS] #3642 SERVER0 @ site 1 -> TEAM94 @ site 1
231209 104340.813|INFO|Thread-49637|info| receiveObject(S) start got Packet[CLOCK_STARTED] #3869 SERVER0 @ site 1 -> SERVER0 @ site 0
231209 104340.814|INFO|Thread-49637|dumpPacket|Packet CLOCK_STARTED (Seq #3869, o#3869 ) recieveObject
231209 104340.814|INFO|Thread-49637|dumpPacket|  From: SERVER0 @ site 1, oSERVER0 @ site 1 (DESKTOP-D75BQTV @ 212.212.212.212) (Contest Id: RealDeal--1957769244132597914)
231209 104340.814|INFO|Thread-49637|dumpPacket|    To: SERVER0 @ site 0
231209 104340.814|INFO|Thread-49637|dumpPacket|   key: SITE_NUMBER is: java.lang.Integer 1
231209 104340.814|INFO|Thread-49637|dumpPacket|   key: CLIENT_ID is: edu.csus.ecs.pc2.core.model.ClientId ADMINISTRATOR1 @ site 1
231209 104340.814|INFO|Thread-49637|dumpPacket|   key: SERVER_CLOCK_OFFSET is: java.util.GregorianCalendar java.util.GregorianCalendar[time=1702140220728,areFieldsSet=true,areAllFieldsSet=false,lenient=true,zone=sun.util.calendar.ZoneInfo[id="GMT",offset=0,dstSavings=0,useDaylight=false,transitions=0,lastRule=null],firstDayOfWeek=1,minimalDaysInFirstWeek=1,ERA=1,YEAR=2023,MONTH=11,WEEK_OF_YEAR=49,WEEK_OF_MONTH=2,DAY_OF_MONTH=9,DAY_OF_YEAR=343,DAY_OF_WEEK=7,DAY_OF_WEEK_IN_MONTH=2,AM_PM=1,HOUR=4,HOUR_OF_DAY=16,MINUTE=43,SECOND=40,MILLISECOND=728,ZONE_OFFSET=0,DST_OFFSET=0]
231209 104340.814|INFO|Thread-49637|info|handlePacket start Packet[CLOCK_STARTED] #3869 SERVER0 @ site 1 -> SERVER0 @ site 0
231209 104340.814|INFO|Thread-49637|dumpPacket|Packet CLOCK_STARTED (Seq #3869, o#3869 ) handlePacket
231209 104340.814|INFO|Thread-49637|dumpPacket|  From: SERVER0 @ site 1, oSERVER0 @ site 1 (DESKTOP-D75BQTV @ 212.212.212.212) (Contest Id: RealDeal--1957769244132597914)
231209 104340.814|INFO|Thread-49637|dumpPacket|    To: SERVER0 @ site 0
231209 104340.814|INFO|Thread-49637|dumpPacket|   key: SITE_NUMBER is: java.lang.Integer 1
231209 104340.815|INFO|Thread-49637|dumpPacket|   key: CLIENT_ID is: edu.csus.ecs.pc2.core.model.ClientId ADMINISTRATOR1 @ site 1
231209 104340.815|INFO|Thread-49637|dumpPacket|   key: SERVER_CLOCK_OFFSET is: java.util.GregorianCalendar java.util.GregorianCalendar[time=1702140220728,areFieldsSet=true,areAllFieldsSet=false,lenient=true,zone=sun.util.calendar.ZoneInfo[id="GMT",offset=0,dstSavings=0,useDaylight=false,transitions=0,lastRule=null],firstDayOfWeek=1,minimalDaysInFirstWeek=1,ERA=1,YEAR=2023,MONTH=11,WEEK_OF_YEAR=49,WEEK_OF_MONTH=2,DAY_OF_MONTH=9,DAY_OF_YEAR=343,DAY_OF_WEEK=7,DAY_OF_WEEK_IN_MONTH=2,AM_PM=1,HOUR=4,HOUR_OF_DAY=16,MINUTE=43,SECOND=40,MILLISECOND=728,ZONE_OFFSET=0,DST_OFFSET=0]
231209 104340.815|INFO|Thread-49637|info|Clock for site 1 started by ADMINISTRATOR1 @ site 1 elapsed 0:00:00
231209 104340.818|INFO|Thread-49637|info| receiveObject(S) end   got Packet[CLOCK_STARTED] #3869 SERVER0 @ site 1 -> SERVER0 @ site 0
231209 104900.039|INFO|Thread-55651|info| receiveObject(S) start got Packet[CLARIFICATION_ANSWER_UPDATE] #4015 SERVER0 @ site 1 -> SERVER0 @ site 0
231209 104900.039|INFO|Thread-55651|dumpPacket|Packet CLARIFICATION_ANSWER_UPDATE (Seq #4015, o#4015 ) recieveObject
231209 104900.039|INFO|Thread-55651|dumpPacket|  From: SERVER0 @ site 1, oSERVER0 @ site 1 (DESKTOP-D75BQTV @ 212.212.212.212) (Contest Id: RealDeal--1957769244132597914)
231209 104900.039|INFO|Thread-55651|dumpPacket|    To: SERVER0 @ site 0
231209 104900.039|INFO|Thread-55651|dumpPacket|   key: CLARIFICATION is: edu.csus.ecs.pc2.core.model.Clarification Clarification 1 ANSWERED from TEAM91 @ site 1 at 4 id=Clarification--3513482260916480937
231209 104900.039|INFO|Thread-55651|dumpPacket|   key: CLARIFICATION_ANSWER is: java.lang.String No response, read problem statement
231209 104900.039|INFO|Thread-55651|dumpPacket|   key: CLIENT_ID is: edu.csus.ecs.pc2.core.model.ClientId ADMINISTRATOR1 @ site 1
231209 104900.039|INFO|Thread-55651|info|handlePacket start Packet[CLARIFICATION_ANSWER_UPDATE] #4015 SERVER0 @ site 1 -> SERVER0 @ site 0
231209 104900.039|INFO|Thread-55651|dumpPacket|Packet CLARIFICATION_ANSWER_UPDATE (Seq #4015, o#4015 ) handlePacket
231209 104900.039|INFO|Thread-55651|dumpPacket|  From: SERVER0 @ site 1, oSERVER0 @ site 1 (DESKTOP-D75BQTV @ 212.212.212.212) (Contest Id: RealDeal--1957769244132597914)
231209 104900.039|INFO|Thread-55651|dumpPacket|    To: SERVER0 @ site 0
231209 104900.039|INFO|Thread-55651|dumpPacket|   key: CLARIFICATION is: edu.csus.ecs.pc2.core.model.Clarification Clarification 1 ANSWERED from TEAM91 @ site 1 at 4 id=Clarification--3513482260916480937
231209 104900.041|INFO|Thread-55651|dumpPacket|   key: CLARIFICATION_ANSWER is: java.lang.String No response, read problem statement
231209 104900.041|INFO|Thread-55651|dumpPacket|   key: CLIENT_ID is: edu.csus.ecs.pc2.core.model.ClientId ADMINISTRATOR1 @ site 1
231209 104900.041|INFO|Thread-55651|info| receiveObject(S) end   got Packet[CLARIFICATION_ANSWER_UPDATE] #4015 SERVER0 @ site 1 -> SERVER0 @ site 0
231209 104938.168|INFO|Thread-56486|info| receiveObject(S) start got Packet[CLARIFICATION_ANSWER_UPDATE] #4032 SERVER0 @ site 1 -> SERVER0 @ site 0
231209 104938.168|INFO|Thread-56486|dumpPacket|Packet CLARIFICATION_ANSWER_UPDATE (Seq #4032, o#4032 ) recieveObject
231209 104938.168|INFO|Thread-56486|dumpPacket|  From: SERVER0 @ site 1, oSERVER0 @ site 1 (DESKTOP-D75BQTV @ 212.212.212.212) (Contest Id: RealDeal--1957769244132597914)
231209 104938.168|INFO|Thread-56486|dumpPacket|    To: SERVER0 @ site 0
231209 104938.168|INFO|Thread-56486|dumpPacket|   key: CLARIFICATION is: edu.csus.ecs.pc2.core.model.Clarification Clarification 2 ANSWERED from JUDGE3 @ site 1 at 5 id=Clarification-2100581527514594593
231209 104938.168|INFO|Thread-56486|dumpPacket|   key: CLARIFICATION_ANSWER is: java.lang.String Read above
231209 104938.168|INFO|Thread-56486|dumpPacket|   key: CLIENT_ID is: edu.csus.ecs.pc2.core.model.ClientId ADMINISTRATOR1 @ site 1
231209 104938.168|INFO|Thread-56486|info|handlePacket start Packet[CLARIFICATION_ANSWER_UPDATE] #4032 SERVER0 @ site 1 -> SERVER0 @ site 0
231209 104938.168|INFO|Thread-56486|dumpPacket|Packet CLARIFICATION_ANSWER_UPDATE (Seq #4032, o#4032 ) handlePacket
231209 104938.168|INFO|Thread-56486|dumpPacket|  From: SERVER0 @ site 1, oSERVER0 @ site 1 (DESKTOP-D75BQTV @ 212.212.212.212) (Contest Id: RealDeal--1957769244132597914)
231209 104938.168|INFO|Thread-56486|dumpPacket|    To: SERVER0 @ site 0
231209 104938.168|INFO|Thread-56486|dumpPacket|   key: CLARIFICATION is: edu.csus.ecs.pc2.core.model.Clarification Clarification 2 ANSWERED from JUDGE3 @ site 1 at 5 id=Clarification-2100581527514594593
231209 104938.168|INFO|Thread-56486|dumpPacket|   key: CLARIFICATION_ANSWER is: java.lang.String Read above
231209 104938.168|INFO|Thread-56486|dumpPacket|   key: CLIENT_ID is: edu.csus.ecs.pc2.core.model.ClientId ADMINISTRATOR1 @ site 1
231209 104938.168|INFO|Thread-56486|info| receiveObject(S) end   got Packet[CLARIFICATION_ANSWER_UPDATE] #4032 SERVER0 @ site 1 -> SERVER0 @ site 0
231209 105758.505|INFO|Thread-64837|info| receiveObject(S) start got Packet[CLARIFICATION_ANSWER_UPDATE] #4323 SERVER0 @ site 1 -> SERVER0 @ site 0
231209 105758.505|INFO|Thread-64837|dumpPacket|Packet CLARIFICATION_ANSWER_UPDATE (Seq #4323, o#4323 ) recieveObject
231209 105758.505|INFO|Thread-64837|dumpPacket|  From: SERVER0 @ site 1, oSERVER0 @ site 1 (DESKTOP-D75BQTV @ 212.212.212.212) (Contest Id: RealDeal--1957769244132597914)
231209 105758.505|INFO|Thread-64837|dumpPacket|    To: SERVER0 @ site 0
231209 105758.505|INFO|Thread-64837|dumpPacket|   key: CLARIFICATION is: edu.csus.ecs.pc2.core.model.Clarification Clarification 3 ANSWERED from TEAM77 @ site 1 at 7 id=Clarification--6384166243320002001
231209 105758.505|INFO|Thread-64837|dumpPacket|   key: CLARIFICATION_ANSWER is: java.lang.String Its a 0.
231209 105758.505|INFO|Thread-64837|dumpPacket|   key: CLIENT_ID is: edu.csus.ecs.pc2.core.model.ClientId ADMINISTRATOR1 @ site 1
231209 105758.505|INFO|Thread-64837|info|handlePacket start Packet[CLARIFICATION_ANSWER_UPDATE] #4323 SERVER0 @ site 1 -> SERVER0 @ site 0
231209 105758.505|INFO|Thread-64837|dumpPacket|Packet CLARIFICATION_ANSWER_UPDATE (Seq #4323, o#4323 ) handlePacket
231209 105758.505|INFO|Thread-64837|dumpPacket|  From: SERVER0 @ site 1, oSERVER0 @ site 1 (DESKTOP-D75BQTV @ 212.212.212.212) (Contest Id: RealDeal--1957769244132597914)
231209 105758.505|INFO|Thread-64837|dumpPacket|    To: SERVER0 @ site 0
231209 105758.505|INFO|Thread-64837|dumpPacket|   key: CLARIFICATION is: edu.csus.ecs.pc2.core.model.Clarification Clarification 3 ANSWERED from TEAM77 @ site 1 at 7 id=Clarification--6384166243320002001
231209 105758.505|INFO|Thread-64837|dumpPacket|   key: CLARIFICATION_ANSWER is: java.lang.String Its a 0.
231209 105758.505|INFO|Thread-64837|dumpPacket|   key: CLIENT_ID is: edu.csus.ecs.pc2.core.model.ClientId ADMINISTRATOR1 @ site 1
231209 105758.546|INFO|Thread-64837|info| receiveObject(S) end   got Packet[CLARIFICATION_ANSWER_UPDATE] #4323 SERVER0 @ site 1 -> SERVER0 @ site 0
231209 110012.939|INFO|Thread-64973|info| receiveObject(S) start got Packet[CLARIFICATION_ANSWER_UPDATE] #4399 SERVER0 @ site 1 -> SERVER0 @ site 0
231209 110012.939|INFO|Thread-64973|dumpPacket|Packet CLARIFICATION_ANSWER_UPDATE (Seq #4399, o#4399 ) recieveObject
231209 110012.939|INFO|Thread-64973|dumpPacket|  From: SERVER0 @ site 1, oSERVER0 @ site 1 (DESKTOP-D75BQTV @ 212.212.212.212) (Contest Id: RealDeal--1957769244132597914)
231209 110012.939|INFO|Thread-64973|dumpPacket|    To: SERVER0 @ site 0
231209 110012.939|INFO|Thread-64973|dumpPacket|   key: CLARIFICATION is: edu.csus.ecs.pc2.core.model.Clarification Clarification 4 ANSWERED from TEAM82 @ site 1 at 14 id=Clarification-5863903242636736970
231209 110012.939|INFO|Thread-64973|dumpPacket|   key: CLARIFICATION_ANSWER is: java.lang.String Read the problem description.
231209 110012.939|INFO|Thread-64973|dumpPacket|   key: CLIENT_ID is: edu.csus.ecs.pc2.core.model.ClientId JUDGE10 @ site 1
231209 110012.939|INFO|Thread-64973|info|handlePacket start Packet[CLARIFICATION_ANSWER_UPDATE] #4399 SERVER0 @ site 1 -> SERVER0 @ site 0
231209 110012.939|INFO|Thread-64973|dumpPacket|Packet CLARIFICATION_ANSWER_UPDATE (Seq #4399, o#4399 ) handlePacket
231209 110012.939|INFO|Thread-64973|dumpPacket|  From: SERVER0 @ site 1, oSERVER0 @ site 1 (DESKTOP-D75BQTV @ 212.212.212.212) (Contest Id: RealDeal--1957769244132597914)
231209 110012.939|INFO|Thread-64973|dumpPacket|    To: SERVER0 @ site 0
231209 110012.939|INFO|Thread-64973|dumpPacket|   key: CLARIFICATION is: edu.csus.ecs.pc2.core.model.Clarification Clarification 4 ANSWERED from TEAM82 @ site 1 at 14 id=Clarification-5863903242636736970
231209 110012.939|INFO|Thread-64973|dumpPacket|   key: CLARIFICATION_ANSWER is: java.lang.String Read the problem description.
231209 110012.939|INFO|Thread-64973|dumpPacket|   key: CLIENT_ID is: edu.csus.ecs.pc2.core.model.ClientId JUDGE10 @ site 1
231209 110012.939|INFO|Thread-64973|info| receiveObject(S) end   got Packet[CLARIFICATION_ANSWER_UPDATE] #4399 SERVER0 @ site 1 -> SERVER0 @ site 0
231209 110101.829|INFO|qtp135640095-64842|sendToLocalServer|Sending packet to server Packet[RUN_SUBMISSION] #817 TEAM94 @ site 1 -> SERVER0 @ site 1
231209 110101.829|INFO|qtp135640095-64842|sendToLocalServer|Sent    packet to server Packet[RUN_SUBMISSION] #817 TEAM94 @ site 1 -> SERVER0 @ site 1
231209 110101.895|INFO|Thread-65024|info| receiveObject(S) start got Packet[RUN_SUBMISSION_CONFIRM] #4438 SERVER0 @ site 1 -> TEAM94 @ site 1
231209 110101.895|INFO|Thread-65024|dumpPacket|Packet RUN_SUBMISSION_CONFIRM (Seq #4438, o#4438 ) recieveObject
231209 110101.895|INFO|Thread-65024|dumpPacket|  From: SERVER0 @ site 1, oSERVER0 @ site 1 (DESKTOP-D75BQTV @ 212.212.212.212) (Contest Id: RealDeal--1957769244132597914)
231209 110101.895|INFO|Thread-65024|dumpPacket|    To: TEAM94 @ site 1
231209 110101.895|INFO|Thread-65024|dumpPacket|   key: RUN is: edu.csus.ecs.pc2.core.model.Run Run 68 NEW 17 min 1041101ms from TEAM94 @ site 1 id Run--1000890710943381297 problem Missing_Cat--8325778690036057049 lang Java--8800253324652192008
231209 110101.895|INFO|Thread-65024|info|handlePacket start Packet[RUN_SUBMISSION_CONFIRM] #4438 SERVER0 @ site 1 -> TEAM94 @ site 1
231209 110101.895|INFO|Thread-65024|dumpPacket|Packet RUN_SUBMISSION_CONFIRM (Seq #4438, o#4438 ) handlePacket
231209 110101.895|INFO|Thread-65024|dumpPacket|  From: SERVER0 @ site 1, oSERVER0 @ site 1 (DESKTOP-D75BQTV @ 212.212.212.212) (Contest Id: RealDeal--1957769244132597914)
231209 110101.895|INFO|Thread-65024|dumpPacket|    To: TEAM94 @ site 1
231209 110101.895|INFO|Thread-65024|dumpPacket|   key: RUN is: edu.csus.ecs.pc2.core.model.Run Run 68 NEW 17 min 1041101ms from TEAM94 @ site 1 id Run--1000890710943381297 problem Missing_Cat--8325778690036057049 lang Java--8800253324652192008
231209 110101.895|INFO|Thread-65024|info| receiveObject(S) end   got Packet[RUN_SUBMISSION_CONFIRM] #4438 SERVER0 @ site 1 -> TEAM94 @ site 1
231209 110106.354|INFO|Thread-65025|info| receiveObject(S) start got Packet[RUN_JUDGEMENT] #4442 SERVER0 @ site 1 -> TEAM94 @ site 1
231209 110106.354|INFO|Thread-65025|dumpPacket|Packet RUN_JUDGEMENT (Seq #4442, o#4442 ) recieveObject
231209 110106.354|INFO|Thread-65025|dumpPacket|  From: SERVER0 @ site 1, oSERVER0 @ site 1 (DESKTOP-D75BQTV @ 212.212.212.212) (Contest Id: RealDeal--1957769244132597914)
231209 110106.354|INFO|Thread-65025|dumpPacket|    To: TEAM94 @ site 1
231209 110106.354|INFO|Thread-65025|dumpPacket|   key: JUDGEMENT_RECORD is: edu.csus.ecs.pc2.core.model.JudgementRecord Yes by ADMINISTRATOR1 @ site 1 judgement Yes-2915828768858405923 id JudgementRecord-246320910632932085
231209 110106.354|INFO|Thread-65025|dumpPacket|   key: RUN is: edu.csus.ecs.pc2.core.model.Run Run 68 JUDGED 17 min 1041101ms from TEAM94 @ site 1 id Run--1000890710943381297 problem Missing_Cat--8325778690036057049 lang Java--8800253324652192008
231209 110106.354|INFO|Thread-65025|dumpPacket|   key: CLIENT_ID is: edu.csus.ecs.pc2.core.model.ClientId SERVER0 @ site 1
231209 110106.354|INFO|Thread-65025|info|handlePacket start Packet[RUN_JUDGEMENT] #4442 SERVER0 @ site 1 -> TEAM94 @ site 1
231209 110106.354|INFO|Thread-65025|dumpPacket|Packet RUN_JUDGEMENT (Seq #4442, o#4442 ) handlePacket
231209 110106.354|INFO|Thread-65025|dumpPacket|  From: SERVER0 @ site 1, oSERVER0 @ site 1 (DESKTOP-D75BQTV @ 212.212.212.212) (Contest Id: RealDeal--1957769244132597914)
231209 110106.354|INFO|Thread-65025|dumpPacket|    To: TEAM94 @ site 1
231209 110106.354|INFO|Thread-65025|dumpPacket|   key: JUDGEMENT_RECORD is: edu.csus.ecs.pc2.core.model.JudgementRecord Yes by ADMINISTRATOR1 @ site 1 judgement Yes-2915828768858405923 id JudgementRecord-246320910632932085
231209 110106.354|INFO|Thread-65025|dumpPacket|   key: RUN is: edu.csus.ecs.pc2.core.model.Run Run 68 JUDGED 17 min 1041101ms from TEAM94 @ site 1 id Run--1000890710943381297 problem Missing_Cat--8325778690036057049 lang Java--8800253324652192008
231209 110106.354|INFO|Thread-65025|dumpPacket|   key: CLIENT_ID is: edu.csus.ecs.pc2.core.model.ClientId SERVER0 @ site 1
231209 110106.354|INFO|Thread-65025|info| receiveObject(S) end   got Packet[RUN_JUDGEMENT] #4442 SERVER0 @ site 1 -> TEAM94 @ site 1
231209 110139.150|INFO|Thread-65056|info| receiveObject(S) start got Packet[CLARIFICATION_ANSWER_UPDATE] #4469 SERVER0 @ site 1 -> SERVER0 @ site 0
231209 110139.150|INFO|Thread-65056|dumpPacket|Packet CLARIFICATION_ANSWER_UPDATE (Seq #4469, o#4469 ) recieveObject
231209 110139.151|INFO|Thread-65056|dumpPacket|  From: SERVER0 @ site 1, oSERVER0 @ site 1 (DESKTOP-D75BQTV @ 212.212.212.212) (Contest Id: RealDeal--1957769244132597914)
231209 110139.151|INFO|Thread-65056|dumpPacket|    To: SERVER0 @ site 0
231209 110139.151|INFO|Thread-65056|dumpPacket|   key: CLARIFICATION is: edu.csus.ecs.pc2.core.model.Clarification Clarification 5 ANSWERED from TEAM50 @ site 1 at 16 id=Clarification-1647212286997947126
231209 110139.151|INFO|Thread-65056|dumpPacket|   key: CLARIFICATION_ANSWER is: java.lang.String yes
231209 110139.151|INFO|Thread-65056|dumpPacket|   key: CLIENT_ID is: edu.csus.ecs.pc2.core.model.ClientId JUDGE10 @ site 1
231209 110139.151|INFO|Thread-65056|info|handlePacket start Packet[CLARIFICATION_ANSWER_UPDATE] #4469 SERVER0 @ site 1 -> SERVER0 @ site 0
231209 110139.151|INFO|Thread-65056|dumpPacket|Packet CLARIFICATION_ANSWER_UPDATE (Seq #4469, o#4469 ) handlePacket
231209 110139.151|INFO|Thread-65056|dumpPacket|  From: SERVER0 @ site 1, oSERVER0 @ site 1 (DESKTOP-D75BQTV @ 212.212.212.212) (Contest Id: RealDeal--1957769244132597914)
231209 110139.151|INFO|Thread-65056|dumpPacket|    To: SERVER0 @ site 0
231209 110139.151|INFO|Thread-65056|dumpPacket|   key: CLARIFICATION is: edu.csus.ecs.pc2.core.model.Clarification Clarification 5 ANSWERED from TEAM50 @ site 1 at 16 id=Clarification-1647212286997947126
231209 110139.151|INFO|Thread-65056|dumpPacket|   key: CLARIFICATION_ANSWER is: java.lang.String yes
231209 110139.151|INFO|Thread-65056|dumpPacket|   key: CLIENT_ID is: edu.csus.ecs.pc2.core.model.ClientId JUDGE10 @ site 1
231209 110139.179|INFO|Thread-65056|info| receiveObject(S) end   got Packet[CLARIFICATION_ANSWER_UPDATE] #4469 SERVER0 @ site 1 -> SERVER0 @ site 0
231209 110446.750|INFO|Thread-65273|info| receiveObject(S) start got Packet[CLARIFICATION_ANSWER_UPDATE] #4608 SERVER0 @ site 1 -> SERVER0 @ site 0
231209 110446.750|INFO|Thread-65273|dumpPacket|Packet CLARIFICATION_ANSWER_UPDATE (Seq #4608, o#4608 ) recieveObject
231209 110446.750|INFO|Thread-65273|dumpPacket|  From: SERVER0 @ site 1, oSERVER0 @ site 1 (DESKTOP-D75BQTV @ 212.212.212.212) (Contest Id: RealDeal--1957769244132597914)
231209 110446.750|INFO|Thread-65273|dumpPacket|    To: SERVER0 @ site 0
231209 110446.750|INFO|Thread-65273|dumpPacket|   key: CLARIFICATION is: edu.csus.ecs.pc2.core.model.Clarification Clarification 6 ANSWERED from TEAM117 @ site 1 at 20 id=Clarification-7620427522712153602
231209 110446.750|INFO|Thread-65273|dumpPacket|   key: CLARIFICATION_ANSWER is: java.lang.String There may be.
231209 110446.750|INFO|Thread-65273|dumpPacket|   key: CLIENT_ID is: edu.csus.ecs.pc2.core.model.ClientId ADMINISTRATOR1 @ site 1
231209 110446.750|INFO|Thread-65273|info|handlePacket start Packet[CLARIFICATION_ANSWER_UPDATE] #4608 SERVER0 @ site 1 -> SERVER0 @ site 0
231209 110446.751|INFO|Thread-65273|dumpPacket|Packet CLARIFICATION_ANSWER_UPDATE (Seq #4608, o#4608 ) handlePacket
231209 110446.751|INFO|Thread-65273|dumpPacket|  From: SERVER0 @ site 1, oSERVER0 @ site 1 (DESKTOP-D75BQTV @ 212.212.212.212) (Contest Id: RealDeal--1957769244132597914)
231209 110446.751|INFO|Thread-65273|dumpPacket|    To: SERVER0 @ site 0
231209 110446.751|INFO|Thread-65273|dumpPacket|   key: CLARIFICATION is: edu.csus.ecs.pc2.core.model.Clarification Clarification 6 ANSWERED from TEAM117 @ site 1 at 20 id=Clarification-7620427522712153602
231209 110446.751|INFO|Thread-65273|dumpPacket|   key: CLARIFICATION_ANSWER is: java.lang.String There may be.
231209 110446.751|INFO|Thread-65273|dumpPacket|   key: CLIENT_ID is: edu.csus.ecs.pc2.core.model.ClientId ADMINISTRATOR1 @ site 1
231209 110446.767|INFO|Thread-65273|info| receiveObject(S) end   got Packet[CLARIFICATION_ANSWER_UPDATE] #4608 SERVER0 @ site 1 -> SERVER0 @ site 0
231209 110645.427|INFO|Thread-65419|info| receiveObject(S) start got Packet[UPDATE_SETTING] #4698 SERVER0 @ site 1 -> SERVER0 @ site 0
231209 110645.427|INFO|Thread-65419|dumpPacket|Packet UPDATE_SETTING (Seq #4698, o#139 ) recieveObject
231209 110645.427|INFO|Thread-65419|dumpPacket|  From: SERVER0 @ site 1, oADMINISTRATOR1 @ site 1 (DESKTOP-D75BQTV @ 212.212.212.212) (Contest Id: RealDeal--1957769244132597914)
231209 110645.427|INFO|Thread-65419|dumpPacket|    To: SERVER0 @ site 0
231209 110645.427|INFO|Thread-65419|dumpPacket|   key: PROBLEM is: edu.csus.ecs.pc2.core.model.Problem Shuffle
231209 110645.427|INFO|Thread-65419|info|handlePacket start Packet[UPDATE_SETTING] #4698 SERVER0 @ site 1 -> SERVER0 @ site 0
231209 110645.427|INFO|Thread-65419|dumpPacket|Packet UPDATE_SETTING (Seq #4698, o#139 ) handlePacket
231209 110645.427|INFO|Thread-65419|dumpPacket|  From: SERVER0 @ site 1, oADMINISTRATOR1 @ site 1 (DESKTOP-D75BQTV @ 212.212.212.212) (Contest Id: RealDeal--1957769244132597914)
231209 110645.427|INFO|Thread-65419|dumpPacket|    To: SERVER0 @ site 0
231209 110645.427|INFO|Thread-65419|dumpPacket|   key: PROBLEM is: edu.csus.ecs.pc2.core.model.Problem Shuffle
231209 110645.429|INFO|Thread-65419|info|handlePacket end Packet[UPDATE_SETTING] #4698 SERVER0 @ site 1 -> SERVER0 @ site 0
231209 110645.429|INFO|Thread-65419|info| receiveObject(S) end   got Packet[UPDATE_SETTING] #4698 SERVER0 @ site 1 -> SERVER0 @ site 0
231209 111315.677|INFO|Thread-65623|info| receiveObject(S) start got Packet[CLARIFICATION_ANSWER_UPDATE] #4919 SERVER0 @ site 1 -> SERVER0 @ site 0
231209 111315.677|INFO|Thread-65623|dumpPacket|Packet CLARIFICATION_ANSWER_UPDATE (Seq #4919, o#4919 ) recieveObject
231209 111315.677|INFO|Thread-65623|dumpPacket|  From: SERVER0 @ site 1, oSERVER0 @ site 1 (DESKTOP-D75BQTV @ 212.212.212.212) (Contest Id: RealDeal--1957769244132597914)
231209 111315.677|INFO|Thread-65623|dumpPacket|    To: SERVER0 @ site 0
231209 111315.677|INFO|Thread-65623|dumpPacket|   key: CLARIFICATION is: edu.csus.ecs.pc2.core.model.Clarification Clarification 9 ANSWERED from TEAM75 @ site 1 at 27 id=Clarification-2320838978162202316
231209 111315.677|INFO|Thread-65623|dumpPacket|   key: CLARIFICATION_ANSWER is: java.lang.String No response, read problem statement
231209 111315.677|INFO|Thread-65623|dumpPacket|   key: CLIENT_ID is: edu.csus.ecs.pc2.core.model.ClientId ADMINISTRATOR1 @ site 1
231209 111315.677|INFO|Thread-65623|info|handlePacket start Packet[CLARIFICATION_ANSWER_UPDATE] #4919 SERVER0 @ site 1 -> SERVER0 @ site 0
231209 111315.677|INFO|Thread-65623|dumpPacket|Packet CLARIFICATION_ANSWER_UPDATE (Seq #4919, o#4919 ) handlePacket
231209 111315.677|INFO|Thread-65623|dumpPacket|  From: SERVER0 @ site 1, oSERVER0 @ site 1 (DESKTOP-D75BQTV @ 212.212.212.212) (Contest Id: RealDeal--1957769244132597914)
231209 111315.677|INFO|Thread-65623|dumpPacket|    To: SERVER0 @ site 0
231209 111315.677|INFO|Thread-65623|dumpPacket|   key: CLARIFICATION is: edu.csus.ecs.pc2.core.model.Clarification Clarification 9 ANSWERED from TEAM75 @ site 1 at 27 id=Clarification-2320838978162202316
231209 111315.677|INFO|Thread-65623|dumpPacket|   key: CLARIFICATION_ANSWER is: java.lang.String No response, read problem statement
231209 111315.677|INFO|Thread-65623|dumpPacket|   key: CLIENT_ID is: edu.csus.ecs.pc2.core.model.ClientId ADMINISTRATOR1 @ site 1
231209 111315.697|INFO|Thread-65623|info| receiveObject(S) end   got Packet[CLARIFICATION_ANSWER_UPDATE] #4919 SERVER0 @ site 1 -> SERVER0 @ site 0
231209 111459.800|INFO|Thread-65763|info| receiveObject(S) start got Packet[CLARIFICATION_ANSWER_UPDATE] #4991 SERVER0 @ site 1 -> SERVER0 @ site 0
231209 111459.801|INFO|Thread-65763|dumpPacket|Packet CLARIFICATION_ANSWER_UPDATE (Seq #4991, o#4991 ) recieveObject
231209 111459.801|INFO|Thread-65763|dumpPacket|  From: SERVER0 @ site 1, oSERVER0 @ site 1 (DESKTOP-D75BQTV @ 212.212.212.212) (Contest Id: RealDeal--1957769244132597914)
231209 111459.801|INFO|Thread-65763|dumpPacket|    To: SERVER0 @ site 0
231209 111459.801|INFO|Thread-65763|dumpPacket|   key: CLARIFICATION is: edu.csus.ecs.pc2.core.model.Clarification Clarification 10 ANSWERED from TEAM81 @ site 1 at 28 id=Clarification--5973036823618156599
231209 111459.801|INFO|Thread-65763|dumpPacket|   key: CLARIFICATION_ANSWER is: java.lang.String It is 3/4 a cup of butter
231209 111459.801|INFO|Thread-65763|dumpPacket|   key: CLIENT_ID is: edu.csus.ecs.pc2.core.model.ClientId JUDGE10 @ site 1
231209 111459.801|INFO|Thread-65763|info|handlePacket start Packet[CLARIFICATION_ANSWER_UPDATE] #4991 SERVER0 @ site 1 -> SERVER0 @ site 0
231209 111459.801|INFO|Thread-65763|dumpPacket|Packet CLARIFICATION_ANSWER_UPDATE (Seq #4991, o#4991 ) handlePacket
231209 111459.801|INFO|Thread-65763|dumpPacket|  From: SERVER0 @ site 1, oSERVER0 @ site 1 (DESKTOP-D75BQTV @ 212.212.212.212) (Contest Id: RealDeal--1957769244132597914)
231209 111459.801|INFO|Thread-65763|dumpPacket|    To: SERVER0 @ site 0
231209 111459.801|INFO|Thread-65763|dumpPacket|   key: CLARIFICATION is: edu.csus.ecs.pc2.core.model.Clarification Clarification 10 ANSWERED from TEAM81 @ site 1 at 28 id=Clarification--5973036823618156599
231209 111459.801|INFO|Thread-65763|dumpPacket|   key: CLARIFICATION_ANSWER is: java.lang.String It is 3/4 a cup of butter
231209 111459.801|INFO|Thread-65763|dumpPacket|   key: CLIENT_ID is: edu.csus.ecs.pc2.core.model.ClientId JUDGE10 @ site 1
231209 111459.802|INFO|Thread-65763|info| receiveObject(S) end   got Packet[CLARIFICATION_ANSWER_UPDATE] #4991 SERVER0 @ site 1 -> SERVER0 @ site 0
231209 115431.499|INFO|Thread-66713|info| receiveObject(S) start got Packet[CLARIFICATION_ANSWER_UPDATE] #6720 SERVER0 @ site 1 -> SERVER0 @ site 0
231209 115431.504|INFO|Thread-66713|dumpPacket|Packet CLARIFICATION_ANSWER_UPDATE (Seq #6720, o#6720 ) recieveObject
231209 115431.504|INFO|Thread-66713|dumpPacket|  From: SERVER0 @ site 1, oSERVER0 @ site 1 (DESKTOP-D75BQTV @ 212.212.212.212) (Contest Id: RealDeal--1957769244132597914)
231209 115431.504|INFO|Thread-66713|dumpPacket|    To: SERVER0 @ site 0
231209 115431.504|INFO|Thread-66713|dumpPacket|   key: CLARIFICATION is: edu.csus.ecs.pc2.core.model.Clarification Clarification 20 ANSWERED from TEAM100 @ site 1 at 69 id=Clarification--4622882980912914428
231209 115431.504|INFO|Thread-66713|dumpPacket|   key: CLARIFICATION_ANSWER is: java.lang.String This is not usaco guys, brute force to your hearts content.
231209 115431.504|INFO|Thread-66713|dumpPacket|   key: CLIENT_ID is: edu.csus.ecs.pc2.core.model.ClientId ADMINISTRATOR1 @ site 1
231209 115431.504|INFO|Thread-66713|info|handlePacket start Packet[CLARIFICATION_ANSWER_UPDATE] #6720 SERVER0 @ site 1 -> SERVER0 @ site 0
231209 115431.504|INFO|Thread-66713|dumpPacket|Packet CLARIFICATION_ANSWER_UPDATE (Seq #6720, o#6720 ) handlePacket
231209 115431.504|INFO|Thread-66713|dumpPacket|  From: SERVER0 @ site 1, oSERVER0 @ site 1 (DESKTOP-D75BQTV @ 212.212.212.212) (Contest Id: RealDeal--1957769244132597914)
231209 115431.504|INFO|Thread-66713|dumpPacket|    To: SERVER0 @ site 0
231209 115431.504|INFO|Thread-66713|dumpPacket|   key: CLARIFICATION is: edu.csus.ecs.pc2.core.model.Clarification Clarification 20 ANSWERED from TEAM100 @ site 1 at 69 id=Clarification--4622882980912914428
231209 115431.504|INFO|Thread-66713|dumpPacket|   key: CLARIFICATION_ANSWER is: java.lang.String This is not usaco guys, brute force to your hearts content.
231209 115431.505|INFO|Thread-66713|dumpPacket|   key: CLIENT_ID is: edu.csus.ecs.pc2.core.model.ClientId ADMINISTRATOR1 @ site 1
231209 115431.552|INFO|Thread-66713|info| receiveObject(S) end   got Packet[CLARIFICATION_ANSWER_UPDATE] #6720 SERVER0 @ site 1 -> SERVER0 @ site 0
231209 121418.254|INFO|qtp135640095-66772|sendToLocalServer|Sending packet to server Packet[RUN_SUBMISSION] #1346 TEAM94 @ site 1 -> SERVER0 @ site 1
231209 121418.254|INFO|qtp135640095-66772|sendToLocalServer|Sent    packet to server Packet[RUN_SUBMISSION] #1346 TEAM94 @ site 1 -> SERVER0 @ site 1
231209 121418.489|INFO|Thread-67243|info| receiveObject(S) start got Packet[RUN_SUBMISSION_CONFIRM] #7683 SERVER0 @ site 1 -> TEAM94 @ site 1
231209 121418.489|INFO|Thread-67243|dumpPacket|Packet RUN_SUBMISSION_CONFIRM (Seq #7683, o#7683 ) recieveObject
231209 121418.489|INFO|Thread-67243|dumpPacket|  From: SERVER0 @ site 1, oSERVER0 @ site 1 (DESKTOP-D75BQTV @ 212.212.212.212) (Contest Id: RealDeal--1957769244132597914)
231209 121418.489|INFO|Thread-67243|dumpPacket|    To: TEAM94 @ site 1
231209 121418.489|INFO|Thread-67243|dumpPacket|   key: RUN is: edu.csus.ecs.pc2.core.model.Run Run 550 NEW 90 min 5437530ms from TEAM94 @ site 1 id Run-9033686979427190799 problem Word--384876857808405789 lang Java--8800253324652192008
231209 121418.489|INFO|Thread-67243|info|handlePacket start Packet[RUN_SUBMISSION_CONFIRM] #7683 SERVER0 @ site 1 -> TEAM94 @ site 1
231209 121418.489|INFO|Thread-67243|dumpPacket|Packet RUN_SUBMISSION_CONFIRM (Seq #7683, o#7683 ) handlePacket
231209 121418.489|INFO|Thread-67243|dumpPacket|  From: SERVER0 @ site 1, oSERVER0 @ site 1 (DESKTOP-D75BQTV @ 212.212.212.212) (Contest Id: RealDeal--1957769244132597914)
231209 121418.489|INFO|Thread-67243|dumpPacket|    To: TEAM94 @ site 1
231209 121418.489|INFO|Thread-67243|dumpPacket|   key: RUN is: edu.csus.ecs.pc2.core.model.Run Run 550 NEW 90 min 5437530ms from TEAM94 @ site 1 id Run-9033686979427190799 problem Word--384876857808405789 lang Java--8800253324652192008
231209 121418.489|INFO|Thread-67243|info| receiveObject(S) end   got Packet[RUN_SUBMISSION_CONFIRM] #7683 SERVER0 @ site 1 -> TEAM94 @ site 1
231209 121436.928|INFO|Thread-67248|info| receiveObject(S) start got Packet[RUN_JUDGEMENT] #7695 SERVER0 @ site 1 -> TEAM94 @ site 1
231209 121436.928|INFO|Thread-67248|dumpPacket|Packet RUN_JUDGEMENT (Seq #7695, o#7695 ) recieveObject
231209 121436.928|INFO|Thread-67248|dumpPacket|  From: SERVER0 @ site 1, oSERVER0 @ site 1 (DESKTOP-D75BQTV @ 212.212.212.212) (Contest Id: RealDeal--1957769244132597914)
231209 121436.928|INFO|Thread-67248|dumpPacket|    To: TEAM94 @ site 1
231209 121436.928|INFO|Thread-67248|dumpPacket|   key: JUDGEMENT_RECORD is: edu.csus.ecs.pc2.core.model.JudgementRecord No by JUDGE3 @ site 1 judgement No_-_Run-time_Error--7363172628486726021 id JudgementRecord-3511988552525937767
231209 121436.928|INFO|Thread-67248|dumpPacket|   key: RUN is: edu.csus.ecs.pc2.core.model.Run Run 550 JUDGED 90 min 5437530ms from TEAM94 @ site 1 id Run-9033686979427190799 problem Word--384876857808405789 lang Java--8800253324652192008
231209 121436.928|INFO|Thread-67248|dumpPacket|   key: CLIENT_ID is: edu.csus.ecs.pc2.core.model.ClientId SERVER0 @ site 1
231209 121436.928|INFO|Thread-67248|info|handlePacket start Packet[RUN_JUDGEMENT] #7695 SERVER0 @ site 1 -> TEAM94 @ site 1
231209 121436.928|INFO|Thread-67248|dumpPacket|Packet RUN_JUDGEMENT (Seq #7695, o#7695 ) handlePacket
231209 121436.928|INFO|Thread-67248|dumpPacket|  From: SERVER0 @ site 1, oSERVER0 @ site 1 (DESKTOP-D75BQTV @ 212.212.212.212) (Contest Id: RealDeal--1957769244132597914)
231209 121436.928|INFO|Thread-67248|dumpPacket|    To: TEAM94 @ site 1
231209 121436.928|INFO|Thread-67248|dumpPacket|   key: JUDGEMENT_RECORD is: edu.csus.ecs.pc2.core.model.JudgementRecord No by JUDGE3 @ site 1 judgement No_-_Run-time_Error--7363172628486726021 id JudgementRecord-3511988552525937767
231209 121436.928|INFO|Thread-67248|dumpPacket|   key: RUN is: edu.csus.ecs.pc2.core.model.Run Run 550 JUDGED 90 min 5437530ms from TEAM94 @ site 1 id Run-9033686979427190799 problem Word--384876857808405789 lang Java--8800253324652192008
231209 121436.928|INFO|Thread-67248|dumpPacket|   key: CLIENT_ID is: edu.csus.ecs.pc2.core.model.ClientId SERVER0 @ site 1
231209 121436.929|INFO|Thread-67248|info| receiveObject(S) end   got Packet[RUN_JUDGEMENT] #7695 SERVER0 @ site 1 -> TEAM94 @ site 1
