231209 094623.174|CONFIG|Thread-26670|setFileHandlers|Now logging to C:\Users\18328\Desktop\pc2\WebTeamInterface-1.1\logs directory.
231209 094623.174|INFO|Thread-26670|info|
231209 094623.174|INFO|Thread-26670|info|Version 9 () Java ver 18.0.2.1 build  Windows 11 10.0 (amd64) 
231209 094623.174|INFO|Thread-26670|info|Login: team103 (aka team103)
231209 094623.174|INFO|Thread-26670|startLog|Working directory is C:\Users\18328\Desktop\pc2\WebTeamInterface-1.1
231209 094623.174|INFO|Thread-26670|startLog|Process id is 15028@DESKTOP-D75BQTV
231209 094623.174|INFO|Thread-26670|info| handlePacket original LOGIN_SUCCESS after -- all settings loaded 
231209 094623.174|INFO|Thread-26670|info|handlePacket end Packet[LOGIN_SUCCESS] #2016 SERVER0 @ site 1 -> TEAM103 @ site 1
231209 094623.174|INFO|Thread-26670|info| receiveObject(S) end   got Packet[LOGIN_SUCCESS] #2016 SERVER0 @ site 1 -> TEAM103 @ site 1
231209 103352.616|INFO|Thread-46335|info| receiveObject(S) start got Packet[CLOCK_STOPPED] #2861 SERVER0 @ site 1 -> SERVER0 @ site 0
231209 103352.616|INFO|Thread-46335|dumpPacket|Packet CLOCK_STOPPED (Seq #2861, o#2861 ) recieveObject
231209 103352.616|INFO|Thread-46335|dumpPacket|  From: SERVER0 @ site 1, oSERVER0 @ site 1 (DESKTOP-D75BQTV @ 212.212.212.212) (Contest Id: DryRun--6069080675419338087)
231209 103352.616|INFO|Thread-46335|dumpPacket|    To: SERVER0 @ site 0
231209 103352.616|INFO|Thread-46335|dumpPacket|   key: SITE_NUMBER is: java.lang.Integer 1
231209 103352.616|INFO|Thread-46335|dumpPacket|   key: CLIENT_ID is: edu.csus.ecs.pc2.core.model.ClientId ADMINISTRATOR1 @ site 1
231209 103352.616|INFO|Thread-46335|info|handlePacket start Packet[CLOCK_STOPPED] #2861 SERVER0 @ site 1 -> SERVER0 @ site 0
231209 103352.616|INFO|Thread-46335|dumpPacket|Packet CLOCK_STOPPED (Seq #2861, o#2861 ) handlePacket
231209 103352.616|INFO|Thread-46335|dumpPacket|  From: SERVER0 @ site 1, oSERVER0 @ site 1 (DESKTOP-D75BQTV @ 212.212.212.212) (Contest Id: DryRun--6069080675419338087)
231209 103352.616|INFO|Thread-46335|dumpPacket|    To: SERVER0 @ site 0
231209 103352.616|INFO|Thread-46335|dumpPacket|   key: SITE_NUMBER is: java.lang.Integer 1
231209 103352.616|INFO|Thread-46335|dumpPacket|   key: CLIENT_ID is: edu.csus.ecs.pc2.core.model.ClientId ADMINISTRATOR1 @ site 1
231209 103352.616|INFO|Thread-46335|info|Clock for site 1 stopped by ADMINISTRATOR1 @ site 1 elapsed 2:52:54
231209 103352.616|INFO|Thread-46335|info| receiveObject(S) end   got Packet[CLOCK_STOPPED] #2861 SERVER0 @ site 1 -> SERVER0 @ site 0
231209 103353.740|INFO|Thread-46701|info| receiveObject(S) start got Packet[CLOCK_STOPPED] #2862 SERVER0 @ site 1 -> SERVER0 @ site 0
231209 103353.740|INFO|Thread-46701|dumpPacket|Packet CLOCK_STOPPED (Seq #2862, o#2862 ) recieveObject
231209 103353.740|INFO|Thread-46701|dumpPacket|  From: SERVER0 @ site 1, oSERVER0 @ site 1 (DESKTOP-D75BQTV @ 212.212.212.212) (Contest Id: DryRun--6069080675419338087)
231209 103353.740|INFO|Thread-46701|dumpPacket|    To: SERVER0 @ site 0
231209 103353.740|INFO|Thread-46701|dumpPacket|   key: SITE_NUMBER is: java.lang.Integer 1
231209 103353.740|INFO|Thread-46701|dumpPacket|   key: CLIENT_ID is: edu.csus.ecs.pc2.core.model.ClientId ADMINISTRATOR1 @ site 1
231209 103353.740|INFO|Thread-46701|info|handlePacket start Packet[CLOCK_STOPPED] #2862 SERVER0 @ site 1 -> SERVER0 @ site 0
231209 103353.740|INFO|Thread-46701|dumpPacket|Packet CLOCK_STOPPED (Seq #2862, o#2862 ) handlePacket
231209 103353.740|INFO|Thread-46701|dumpPacket|  From: SERVER0 @ site 1, oSERVER0 @ site 1 (DESKTOP-D75BQTV @ 212.212.212.212) (Contest Id: DryRun--6069080675419338087)
231209 103353.740|INFO|Thread-46701|dumpPacket|    To: SERVER0 @ site 0
231209 103353.740|INFO|Thread-46701|dumpPacket|   key: SITE_NUMBER is: java.lang.Integer 1
231209 103353.740|INFO|Thread-46701|dumpPacket|   key: CLIENT_ID is: edu.csus.ecs.pc2.core.model.ClientId ADMINISTRATOR1 @ site 1
231209 103353.740|INFO|Thread-46701|info|Clock for site 1 stopped by ADMINISTRATOR1 @ site 1 elapsed 2:52:54
231209 103353.742|INFO|Thread-46701|info| receiveObject(S) end   got Packet[CLOCK_STOPPED] #2862 SERVER0 @ site 1 -> SERVER0 @ site 0
231209 103356.332|INFO|Thread-47063|info| receiveObject(S) start got Packet[CLOCK_STOPPED] #2863 SERVER0 @ site 1 -> SERVER0 @ site 0
231209 103356.332|INFO|Thread-47063|dumpPacket|Packet CLOCK_STOPPED (Seq #2863, o#2863 ) recieveObject
231209 103356.332|INFO|Thread-47063|dumpPacket|  From: SERVER0 @ site 1, oSERVER0 @ site 1 (DESKTOP-D75BQTV @ 212.212.212.212) (Contest Id: DryRun--6069080675419338087)
231209 103356.332|INFO|Thread-47063|dumpPacket|    To: SERVER0 @ site 0
231209 103356.332|INFO|Thread-47063|dumpPacket|   key: SITE_NUMBER is: java.lang.Integer 1
231209 103356.332|INFO|Thread-47063|dumpPacket|   key: CLIENT_ID is: edu.csus.ecs.pc2.core.model.ClientId ADMINISTRATOR1 @ site 1
231209 103356.332|INFO|Thread-47063|info|handlePacket start Packet[CLOCK_STOPPED] #2863 SERVER0 @ site 1 -> SERVER0 @ site 0
231209 103356.332|INFO|Thread-47063|dumpPacket|Packet CLOCK_STOPPED (Seq #2863, o#2863 ) handlePacket
231209 103356.332|INFO|Thread-47063|dumpPacket|  From: SERVER0 @ site 1, oSERVER0 @ site 1 (DESKTOP-D75BQTV @ 212.212.212.212) (Contest Id: DryRun--6069080675419338087)
231209 103356.332|INFO|Thread-47063|dumpPacket|    To: SERVER0 @ site 0
231209 103356.332|INFO|Thread-47063|dumpPacket|   key: SITE_NUMBER is: java.lang.Integer 1
231209 103356.332|INFO|Thread-47063|dumpPacket|   key: CLIENT_ID is: edu.csus.ecs.pc2.core.model.ClientId ADMINISTRATOR1 @ site 1
231209 103356.333|INFO|Thread-47063|info|Clock for site 1 stopped by ADMINISTRATOR1 @ site 1 elapsed 2:52:54
231209 103356.333|INFO|Thread-47063|info| receiveObject(S) end   got Packet[CLOCK_STOPPED] #2863 SERVER0 @ site 1 -> SERVER0 @ site 0
231209 103358.715|INFO|Thread-47427|info| receiveObject(S) start got Packet[CLOCK_STOPPED] #2864 SERVER0 @ site 1 -> SERVER0 @ site 0
231209 103358.715|INFO|Thread-47427|dumpPacket|Packet CLOCK_STOPPED (Seq #2864, o#2864 ) recieveObject
231209 103358.715|INFO|Thread-47427|dumpPacket|  From: SERVER0 @ site 1, oSERVER0 @ site 1 (DESKTOP-D75BQTV @ 212.212.212.212) (Contest Id: DryRun--6069080675419338087)
231209 103358.715|INFO|Thread-47427|dumpPacket|    To: SERVER0 @ site 0
231209 103358.715|INFO|Thread-47427|dumpPacket|   key: SITE_NUMBER is: java.lang.Integer 1
231209 103358.715|INFO|Thread-47427|dumpPacket|   key: CLIENT_ID is: edu.csus.ecs.pc2.core.model.ClientId ADMINISTRATOR1 @ site 1
231209 103358.715|INFO|Thread-47427|info|handlePacket start Packet[CLOCK_STOPPED] #2864 SERVER0 @ site 1 -> SERVER0 @ site 0
231209 103358.715|INFO|Thread-47427|dumpPacket|Packet CLOCK_STOPPED (Seq #2864, o#2864 ) handlePacket
231209 103358.715|INFO|Thread-47427|dumpPacket|  From: SERVER0 @ site 1, oSERVER0 @ site 1 (DESKTOP-D75BQTV @ 212.212.212.212) (Contest Id: DryRun--6069080675419338087)
231209 103358.715|INFO|Thread-47427|dumpPacket|    To: SERVER0 @ site 0
231209 103358.715|INFO|Thread-47427|dumpPacket|   key: SITE_NUMBER is: java.lang.Integer 1
231209 103358.715|INFO|Thread-47427|dumpPacket|   key: CLIENT_ID is: edu.csus.ecs.pc2.core.model.ClientId ADMINISTRATOR1 @ site 1
231209 103358.718|INFO|Thread-47427|info|Clock for site 1 stopped by ADMINISTRATOR1 @ site 1 elapsed 2:52:54
231209 103358.718|INFO|Thread-47427|info| receiveObject(S) end   got Packet[CLOCK_STOPPED] #2864 SERVER0 @ site 1 -> SERVER0 @ site 0
231209 103358.904|INFO|Thread-47792|info| receiveObject(S) start got Packet[CLOCK_STOPPED] #2865 SERVER0 @ site 1 -> SERVER0 @ site 0
231209 103358.904|INFO|Thread-47792|dumpPacket|Packet CLOCK_STOPPED (Seq #2865, o#2865 ) recieveObject
231209 103358.904|INFO|Thread-47792|dumpPacket|  From: SERVER0 @ site 1, oSERVER0 @ site 1 (DESKTOP-D75BQTV @ 212.212.212.212) (Contest Id: DryRun--6069080675419338087)
231209 103358.904|INFO|Thread-47792|dumpPacket|    To: SERVER0 @ site 0
231209 103358.904|INFO|Thread-47792|dumpPacket|   key: SITE_NUMBER is: java.lang.Integer 1
231209 103358.904|INFO|Thread-47792|dumpPacket|   key: CLIENT_ID is: edu.csus.ecs.pc2.core.model.ClientId ADMINISTRATOR1 @ site 1
231209 103358.904|INFO|Thread-47792|info|handlePacket start Packet[CLOCK_STOPPED] #2865 SERVER0 @ site 1 -> SERVER0 @ site 0
231209 103358.904|INFO|Thread-47792|dumpPacket|Packet CLOCK_STOPPED (Seq #2865, o#2865 ) handlePacket
231209 103358.904|INFO|Thread-47792|dumpPacket|  From: SERVER0 @ site 1, oSERVER0 @ site 1 (DESKTOP-D75BQTV @ 212.212.212.212) (Contest Id: DryRun--6069080675419338087)
231209 103358.904|INFO|Thread-47792|dumpPacket|    To: SERVER0 @ site 0
231209 103358.904|INFO|Thread-47792|dumpPacket|   key: SITE_NUMBER is: java.lang.Integer 1
231209 103358.904|INFO|Thread-47792|dumpPacket|   key: CLIENT_ID is: edu.csus.ecs.pc2.core.model.ClientId ADMINISTRATOR1 @ site 1
231209 103358.904|INFO|Thread-47792|info|Clock for site 1 stopped by ADMINISTRATOR1 @ site 1 elapsed 2:52:54
231209 103358.904|INFO|Thread-47792|info| receiveObject(S) end   got Packet[CLOCK_STOPPED] #2865 SERVER0 @ site 1 -> SERVER0 @ site 0
231209 103359.075|INFO|Thread-48155|info| receiveObject(S) start got Packet[CLOCK_STOPPED] #2866 SERVER0 @ site 1 -> SERVER0 @ site 0
231209 103359.075|INFO|Thread-48155|dumpPacket|Packet CLOCK_STOPPED (Seq #2866, o#2866 ) recieveObject
231209 103359.075|INFO|Thread-48155|dumpPacket|  From: SERVER0 @ site 1, oSERVER0 @ site 1 (DESKTOP-D75BQTV @ 212.212.212.212) (Contest Id: DryRun--6069080675419338087)
231209 103359.075|INFO|Thread-48155|dumpPacket|    To: SERVER0 @ site 0
231209 103359.075|INFO|Thread-48155|dumpPacket|   key: SITE_NUMBER is: java.lang.Integer 1
231209 103359.075|INFO|Thread-48155|dumpPacket|   key: CLIENT_ID is: edu.csus.ecs.pc2.core.model.ClientId ADMINISTRATOR1 @ site 1
231209 103359.075|INFO|Thread-48155|info|handlePacket start Packet[CLOCK_STOPPED] #2866 SERVER0 @ site 1 -> SERVER0 @ site 0
231209 103359.075|INFO|Thread-48155|dumpPacket|Packet CLOCK_STOPPED (Seq #2866, o#2866 ) handlePacket
231209 103359.075|INFO|Thread-48155|dumpPacket|  From: SERVER0 @ site 1, oSERVER0 @ site 1 (DESKTOP-D75BQTV @ 212.212.212.212) (Contest Id: DryRun--6069080675419338087)
231209 103359.075|INFO|Thread-48155|dumpPacket|    To: SERVER0 @ site 0
231209 103359.075|INFO|Thread-48155|dumpPacket|   key: SITE_NUMBER is: java.lang.Integer 1
231209 103359.075|INFO|Thread-48155|dumpPacket|   key: CLIENT_ID is: edu.csus.ecs.pc2.core.model.ClientId ADMINISTRATOR1 @ site 1
231209 103359.075|INFO|Thread-48155|info|Clock for site 1 stopped by ADMINISTRATOR1 @ site 1 elapsed 2:52:54
231209 103359.075|INFO|Thread-48155|info| receiveObject(S) end   got Packet[CLOCK_STOPPED] #2866 SERVER0 @ site 1 -> SERVER0 @ site 0
231209 103359.288|INFO|Thread-48522|info| receiveObject(S) start got Packet[CLOCK_STOPPED] #2867 SERVER0 @ site 1 -> SERVER0 @ site 0
231209 103359.288|INFO|Thread-48522|dumpPacket|Packet CLOCK_STOPPED (Seq #2867, o#2867 ) recieveObject
231209 103359.288|INFO|Thread-48522|dumpPacket|  From: SERVER0 @ site 1, oSERVER0 @ site 1 (DESKTOP-D75BQTV @ 212.212.212.212) (Contest Id: DryRun--6069080675419338087)
231209 103359.288|INFO|Thread-48522|dumpPacket|    To: SERVER0 @ site 0
231209 103359.288|INFO|Thread-48522|dumpPacket|   key: SITE_NUMBER is: java.lang.Integer 1
231209 103359.288|INFO|Thread-48522|dumpPacket|   key: CLIENT_ID is: edu.csus.ecs.pc2.core.model.ClientId ADMINISTRATOR1 @ site 1
231209 103359.288|INFO|Thread-48522|info|handlePacket start Packet[CLOCK_STOPPED] #2867 SERVER0 @ site 1 -> SERVER0 @ site 0
231209 103359.288|INFO|Thread-48522|dumpPacket|Packet CLOCK_STOPPED (Seq #2867, o#2867 ) handlePacket
231209 103359.288|INFO|Thread-48522|dumpPacket|  From: SERVER0 @ site 1, oSERVER0 @ site 1 (DESKTOP-D75BQTV @ 212.212.212.212) (Contest Id: DryRun--6069080675419338087)
231209 103359.288|INFO|Thread-48522|dumpPacket|    To: SERVER0 @ site 0
231209 103359.288|INFO|Thread-48522|dumpPacket|   key: SITE_NUMBER is: java.lang.Integer 1
231209 103359.296|INFO|Thread-48522|dumpPacket|   key: CLIENT_ID is: edu.csus.ecs.pc2.core.model.ClientId ADMINISTRATOR1 @ site 1
231209 103359.296|INFO|Thread-48522|info|Clock for site 1 stopped by ADMINISTRATOR1 @ site 1 elapsed 2:52:54
231209 103359.320|INFO|Thread-48522|info| receiveObject(S) end   got Packet[CLOCK_STOPPED] #2867 SERVER0 @ site 1 -> SERVER0 @ site 0
231209 103412.422|INFO|Thread-48884|info| receiveObject(S) start got Packet[UPDATE_CLIENT_PROFILE] #2898 SERVER0 @ site 1 -> TEAM103 @ site 1
231209 103412.422|INFO|Thread-48884|dumpPacket|Packet UPDATE_CLIENT_PROFILE (Seq #2898, o#2898 ) recieveObject
231209 103412.422|INFO|Thread-48884|dumpPacket|  From: SERVER0 @ site 1, oSERVER0 @ site 1 (DESKTOP-D75BQTV @ 212.212.212.212) (Contest Id: BackupWoods-7963625928462800615)
231209 103412.422|INFO|Thread-48884|dumpPacket|    To: TEAM103 @ site 1
231209 103412.422|INFO|Thread-48884|dumpPacket|   key: PROFILE_LIST is: [Ledu.csus.ecs.pc2.core.model.Profile; [Ledu.csus.ecs.pc2.core.model.Profile;@22cc430b
231209 103412.422|INFO|Thread-48884|dumpPacket|   key: GENERAL_PROBLEM is: edu.csus.ecs.pc2.core.model.Problem General
231209 103412.422|INFO|Thread-48884|dumpPacket|   key: CONTEST_TIME is: edu.csus.ecs.pc2.core.model.ContestTime edu.csus.ecs.pc2.core.model.ContestTime@2c0ba922
231209 103412.422|INFO|Thread-48884|dumpPacket|   key: CLIENT_SETTINGS_LIST is: [Ledu.csus.ecs.pc2.core.model.ClientSettings; [Ledu.csus.ecs.pc2.core.model.ClientSettings;@2834287b
231209 103412.422|INFO|Thread-48884|dumpPacket|   key: CLARIFICATION_LIST is: [Ledu.csus.ecs.pc2.core.model.Clarification; [Ledu.csus.ecs.pc2.core.model.Clarification;@6d36a319
231209 103412.422|INFO|Thread-48884|dumpPacket|   key: CATEGORY_LIST is: [Ledu.csus.ecs.pc2.core.model.Category; [Ledu.csus.ecs.pc2.core.model.Category;@2d2261af
231209 103412.422|INFO|Thread-48884|dumpPacket|   key: LANGUAGE_LIST is: [Ledu.csus.ecs.pc2.core.model.Language; [Ledu.csus.ecs.pc2.core.model.Language;@5c118f90
231209 103412.422|INFO|Thread-48884|dumpPacket|   key: REMOTE_LOGGED_IN_USERS is: [Ledu.csus.ecs.pc2.core.model.ClientId; [Ledu.csus.ecs.pc2.core.model.ClientId;@55ef1399
231209 103412.422|INFO|Thread-48884|dumpPacket|   key: CONTEST_TIME_LIST is: [Ledu.csus.ecs.pc2.core.model.ContestTime; [Ledu.csus.ecs.pc2.core.model.ContestTime;@d195c56
231209 103412.422|INFO|Thread-48884|dumpPacket|   key: CONNECTION_HANDLE_ID_LIST is: [Ledu.csus.ecs.pc2.core.transport.ConnectionHandlerID; [Ledu.csus.ecs.pc2.core.transport.ConnectionHandlerID;@33887b43
231209 103412.422|INFO|Thread-48884|dumpPacket|   key: PROFILE is: edu.csus.ecs.pc2.core.model.Profile BackupWoods-7963625928462800615
231209 103412.422|INFO|Thread-48884|dumpPacket|   key: CLIENT_ID is: edu.csus.ecs.pc2.core.model.ClientId TEAM103 @ site 1
231209 103412.422|INFO|Thread-48884|dumpPacket|   key: SITE_NUMBER is: java.lang.Integer 1
231209 103412.422|INFO|Thread-48884|dumpPacket|   key: CONTEST_INFORMATION is: edu.csus.ecs.pc2.core.model.ContestInformation edu.csus.ecs.pc2.core.model.ContestInformation@63b51fad
231209 103412.422|INFO|Thread-48884|dumpPacket|   key: SITE_LIST is: [Ledu.csus.ecs.pc2.core.model.Site; [Ledu.csus.ecs.pc2.core.model.Site;@4eebbb99
231209 103412.422|INFO|Thread-48884|dumpPacket|   key: PROBLEM_DATA_FILES is: [Ledu.csus.ecs.pc2.core.model.ProblemDataFiles; [Ledu.csus.ecs.pc2.core.model.ProblemDataFiles;@957a5fe
231209 103412.422|INFO|Thread-48884|dumpPacket|   key: JUDGEMENT_LIST is: [Ledu.csus.ecs.pc2.core.model.Judgement; [Ledu.csus.ecs.pc2.core.model.Judgement;@797595f4
231209 103412.422|INFO|Thread-48884|dumpPacket|   key: PROBLEM_LIST is: [Ledu.csus.ecs.pc2.core.model.Problem; [Ledu.csus.ecs.pc2.core.model.Problem;@32f6a500
231209 103412.422|INFO|Thread-48884|dumpPacket|   key: GROUP_LIST is: [Ledu.csus.ecs.pc2.core.model.Group; [Ledu.csus.ecs.pc2.core.model.Group;@21d2f7b4
231209 103412.422|INFO|Thread-48884|dumpPacket|   key: LOCAL_LOGGED_IN_USERS is: [Ledu.csus.ecs.pc2.core.model.ClientId; [Ledu.csus.ecs.pc2.core.model.ClientId;@151ece25
231209 103412.422|INFO|Thread-48884|dumpPacket|   key: SERVER_CLOCK_OFFSET is: java.util.GregorianCalendar java.util.GregorianCalendar[time=1702139652200,areFieldsSet=true,areAllFieldsSet=false,lenient=true,zone=sun.util.calendar.ZoneInfo[id="GMT",offset=0,dstSavings=0,useDaylight=false,transitions=0,lastRule=null],firstDayOfWeek=1,minimalDaysInFirstWeek=1,ERA=1,YEAR=2023,MONTH=11,WEEK_OF_YEAR=49,WEEK_OF_MONTH=2,DAY_OF_MONTH=9,DAY_OF_YEAR=343,DAY_OF_WEEK=7,DAY_OF_WEEK_IN_MONTH=2,AM_PM=1,HOUR=4,HOUR_OF_DAY=16,MINUTE=34,SECOND=12,MILLISECOND=200,ZONE_OFFSET=0,DST_OFFSET=0]
231209 103412.422|INFO|Thread-48884|dumpPacket|   key: NEW_PROFILE is: edu.csus.ecs.pc2.core.model.Profile BackupWoods-7963625928462800615
231209 103412.422|INFO|Thread-48884|dumpPacket|   key: CONTEST_IDENTIFIER is: java.lang.String BackupWoods-7963625928462800615
231209 103412.422|INFO|Thread-48884|dumpPacket|   key: BALLOON_SETTINGS_LIST is: [Ledu.csus.ecs.pc2.core.model.BalloonSettings; [Ledu.csus.ecs.pc2.core.model.BalloonSettings;@40112347
231209 103412.422|INFO|Thread-48884|dumpPacket|   key: RUN_LIST is: [Ledu.csus.ecs.pc2.core.model.Run; [Ledu.csus.ecs.pc2.core.model.Run;@47c840e0
231209 103412.422|INFO|Thread-48884|dumpPacket|   key: ACCOUNT_ARRAY is: [Ledu.csus.ecs.pc2.core.model.Account; [Ledu.csus.ecs.pc2.core.model.Account;@719160fa
231209 103412.422|INFO|Thread-48884|info|handlePacket start Packet[UPDATE_CLIENT_PROFILE] #2898 SERVER0 @ site 1 -> TEAM103 @ site 1
231209 103412.430|INFO|Thread-48884|dumpPacket|Packet UPDATE_CLIENT_PROFILE (Seq #2898, o#2898 ) handlePacket
231209 103412.430|INFO|Thread-48884|dumpPacket|  From: SERVER0 @ site 1, oSERVER0 @ site 1 (DESKTOP-D75BQTV @ 212.212.212.212) (Contest Id: BackupWoods-7963625928462800615)
231209 103412.430|INFO|Thread-48884|dumpPacket|    To: TEAM103 @ site 1
231209 103412.430|INFO|Thread-48884|dumpPacket|   key: PROFILE_LIST is: [Ledu.csus.ecs.pc2.core.model.Profile; [Ledu.csus.ecs.pc2.core.model.Profile;@22cc430b
231209 103412.430|INFO|Thread-48884|dumpPacket|   key: GENERAL_PROBLEM is: edu.csus.ecs.pc2.core.model.Problem General
231209 103412.430|INFO|Thread-48884|dumpPacket|   key: CONTEST_TIME is: edu.csus.ecs.pc2.core.model.ContestTime edu.csus.ecs.pc2.core.model.ContestTime@2c0ba922
231209 103412.430|INFO|Thread-48884|dumpPacket|   key: CLIENT_SETTINGS_LIST is: [Ledu.csus.ecs.pc2.core.model.ClientSettings; [Ledu.csus.ecs.pc2.core.model.ClientSettings;@2834287b
231209 103412.430|INFO|Thread-48884|dumpPacket|   key: CLARIFICATION_LIST is: [Ledu.csus.ecs.pc2.core.model.Clarification; [Ledu.csus.ecs.pc2.core.model.Clarification;@6d36a319
231209 103412.430|INFO|Thread-48884|dumpPacket|   key: CATEGORY_LIST is: [Ledu.csus.ecs.pc2.core.model.Category; [Ledu.csus.ecs.pc2.core.model.Category;@2d2261af
231209 103412.430|INFO|Thread-48884|dumpPacket|   key: LANGUAGE_LIST is: [Ledu.csus.ecs.pc2.core.model.Language; [Ledu.csus.ecs.pc2.core.model.Language;@5c118f90
231209 103412.430|INFO|Thread-48884|dumpPacket|   key: REMOTE_LOGGED_IN_USERS is: [Ledu.csus.ecs.pc2.core.model.ClientId; [Ledu.csus.ecs.pc2.core.model.ClientId;@55ef1399
231209 103412.430|INFO|Thread-48884|dumpPacket|   key: CONTEST_TIME_LIST is: [Ledu.csus.ecs.pc2.core.model.ContestTime; [Ledu.csus.ecs.pc2.core.model.ContestTime;@d195c56
231209 103412.430|INFO|Thread-48884|dumpPacket|   key: CONNECTION_HANDLE_ID_LIST is: [Ledu.csus.ecs.pc2.core.transport.ConnectionHandlerID; [Ledu.csus.ecs.pc2.core.transport.ConnectionHandlerID;@33887b43
231209 103412.430|INFO|Thread-48884|dumpPacket|   key: PROFILE is: edu.csus.ecs.pc2.core.model.Profile BackupWoods-7963625928462800615
231209 103412.430|INFO|Thread-48884|dumpPacket|   key: CLIENT_ID is: edu.csus.ecs.pc2.core.model.ClientId TEAM103 @ site 1
231209 103412.430|INFO|Thread-48884|dumpPacket|   key: SITE_NUMBER is: java.lang.Integer 1
231209 103412.430|INFO|Thread-48884|dumpPacket|   key: CONTEST_INFORMATION is: edu.csus.ecs.pc2.core.model.ContestInformation edu.csus.ecs.pc2.core.model.ContestInformation@63b51fad
231209 103412.430|INFO|Thread-48884|dumpPacket|   key: SITE_LIST is: [Ledu.csus.ecs.pc2.core.model.Site; [Ledu.csus.ecs.pc2.core.model.Site;@4eebbb99
231209 103412.430|INFO|Thread-48884|dumpPacket|   key: PROBLEM_DATA_FILES is: [Ledu.csus.ecs.pc2.core.model.ProblemDataFiles; [Ledu.csus.ecs.pc2.core.model.ProblemDataFiles;@957a5fe
231209 103412.430|INFO|Thread-48884|dumpPacket|   key: JUDGEMENT_LIST is: [Ledu.csus.ecs.pc2.core.model.Judgement; [Ledu.csus.ecs.pc2.core.model.Judgement;@797595f4
231209 103412.430|INFO|Thread-48884|dumpPacket|   key: PROBLEM_LIST is: [Ledu.csus.ecs.pc2.core.model.Problem; [Ledu.csus.ecs.pc2.core.model.Problem;@32f6a500
231209 103412.430|INFO|Thread-48884|dumpPacket|   key: GROUP_LIST is: [Ledu.csus.ecs.pc2.core.model.Group; [Ledu.csus.ecs.pc2.core.model.Group;@21d2f7b4
231209 103412.430|INFO|Thread-48884|dumpPacket|   key: LOCAL_LOGGED_IN_USERS is: [Ledu.csus.ecs.pc2.core.model.ClientId; [Ledu.csus.ecs.pc2.core.model.ClientId;@151ece25
231209 103412.430|INFO|Thread-48884|dumpPacket|   key: SERVER_CLOCK_OFFSET is: java.util.GregorianCalendar java.util.GregorianCalendar[time=1702139652200,areFieldsSet=true,areAllFieldsSet=false,lenient=true,zone=sun.util.calendar.ZoneInfo[id="GMT",offset=0,dstSavings=0,useDaylight=false,transitions=0,lastRule=null],firstDayOfWeek=1,minimalDaysInFirstWeek=1,ERA=1,YEAR=2023,MONTH=11,WEEK_OF_YEAR=49,WEEK_OF_MONTH=2,DAY_OF_MONTH=9,DAY_OF_YEAR=343,DAY_OF_WEEK=7,DAY_OF_WEEK_IN_MONTH=2,AM_PM=1,HOUR=4,HOUR_OF_DAY=16,MINUTE=34,SECOND=12,MILLISECOND=200,ZONE_OFFSET=0,DST_OFFSET=0]
231209 103412.430|INFO|Thread-48884|dumpPacket|   key: NEW_PROFILE is: edu.csus.ecs.pc2.core.model.Profile BackupWoods-7963625928462800615
231209 103412.430|INFO|Thread-48884|dumpPacket|   key: CONTEST_IDENTIFIER is: java.lang.String BackupWoods-7963625928462800615
231209 103412.430|INFO|Thread-48884|dumpPacket|   key: BALLOON_SETTINGS_LIST is: [Ledu.csus.ecs.pc2.core.model.BalloonSettings; [Ledu.csus.ecs.pc2.core.model.BalloonSettings;@40112347
231209 103412.430|INFO|Thread-48884|dumpPacket|   key: RUN_LIST is: [Ledu.csus.ecs.pc2.core.model.Run; [Ledu.csus.ecs.pc2.core.model.Run;@47c840e0
231209 103412.430|INFO|Thread-48884|dumpPacket|   key: ACCOUNT_ARRAY is: [Ledu.csus.ecs.pc2.core.model.Account; [Ledu.csus.ecs.pc2.core.model.Account;@719160fa
231209 103412.430|INFO|Thread-48884|reRegisterPlugins|plugin.setContestAndController for API Contest class
231209 103412.430|INFO|Thread-48884|info|handleUpdateClientProfile fireAllRefreshEvents start
231209 103412.430|SEVERE|Thread-48884|error|java.lang.NullPointerException: Cannot invoke "edu.csus.ecs.pc2.core.model.Run.isDeleted()" because "this.run" is null
|java.lang.NullPointerException: Cannot invoke "edu.csus.ecs.pc2.core.model.Run.isDeleted()" because "this.run" is null
|    at edu.csus.ecs.pc2.api.implementation.RunImplementation.<init> (RunImplementation.java:118)
|    at edu.csus.ecs.pc2.api.implementation.RunListenerList.fireRunListener (RunListenerList.java:33)
|    at edu.csus.ecs.pc2.api.implementation.RunListenerList.access$000 (RunListenerList.java:22)
|    at edu.csus.ecs.pc2.api.implementation.RunListenerList$Listener.refreshRuns (RunListenerList.java:150)
|    at edu.csus.ecs.pc2.core.model.InternalContest.fireRunListener (InternalContest.java:434)
|    at edu.csus.ecs.pc2.core.model.InternalContest.fireAllRefreshEvents (InternalContest.java:2880)
|    at edu.csus.ecs.pc2.core.PacketHandler.handleUpdateClientProfile (PacketHandler.java:996)
|    at edu.csus.ecs.pc2.core.PacketHandler.handleOtherPacketTypes (PacketHandler.java:413)
|    at edu.csus.ecs.pc2.core.PacketHandler.handlePacket (PacketHandler.java:267)
|    at edu.csus.ecs.pc2.core.InternalController.receiveObject (InternalController.java:2441)
|    at edu.csus.ecs.pc2.core.transport.TransportManager$2.run (TransportManager.java:343)
|    at java.lang.Thread.run (Thread.java:833)
231209 103412.625|INFO|Thread-48884|info| receiveObject(S) end   got Packet[UPDATE_CLIENT_PROFILE] #2898 SERVER0 @ site 1 -> TEAM103 @ site 1
231209 103439.587|INFO|Thread-49020|info| receiveObject(S) start got Packet[UPDATE_CLIENT_PROFILE] #3010 SERVER0 @ site 1 -> TEAM103 @ site 1
231209 103439.587|INFO|Thread-49020|dumpPacket|Packet UPDATE_CLIENT_PROFILE (Seq #3010, o#3010 ) recieveObject
231209 103439.587|INFO|Thread-49020|dumpPacket|  From: SERVER0 @ site 1, oSERVER0 @ site 1 (DESKTOP-D75BQTV @ 212.212.212.212) (Contest Id: RealDeal--1957769244132597914)
231209 103439.587|INFO|Thread-49020|dumpPacket|    To: TEAM103 @ site 1
231209 103439.587|INFO|Thread-49020|dumpPacket|   key: PROFILE_LIST is: [Ledu.csus.ecs.pc2.core.model.Profile; [Ledu.csus.ecs.pc2.core.model.Profile;@260e66a2
231209 103439.587|INFO|Thread-49020|dumpPacket|   key: GENERAL_PROBLEM is: edu.csus.ecs.pc2.core.model.Problem General
231209 103439.587|INFO|Thread-49020|dumpPacket|   key: CONTEST_TIME is: edu.csus.ecs.pc2.core.model.ContestTime edu.csus.ecs.pc2.core.model.ContestTime@28c99c13
231209 103439.587|INFO|Thread-49020|dumpPacket|   key: CLIENT_SETTINGS_LIST is: [Ledu.csus.ecs.pc2.core.model.ClientSettings; [Ledu.csus.ecs.pc2.core.model.ClientSettings;@2cf60dd2
231209 103439.587|INFO|Thread-49020|dumpPacket|   key: CLARIFICATION_LIST is: [Ledu.csus.ecs.pc2.core.model.Clarification; [Ledu.csus.ecs.pc2.core.model.Clarification;@69f49628
231209 103439.587|INFO|Thread-49020|dumpPacket|   key: CATEGORY_LIST is: [Ledu.csus.ecs.pc2.core.model.Category; [Ledu.csus.ecs.pc2.core.model.Category;@3c9ac6c2
231209 103439.587|INFO|Thread-49020|dumpPacket|   key: LANGUAGE_LIST is: [Ledu.csus.ecs.pc2.core.model.Language; [Ledu.csus.ecs.pc2.core.model.Language;@5857fc46
231209 103439.587|INFO|Thread-49020|dumpPacket|   key: REMOTE_LOGGED_IN_USERS is: [Ledu.csus.ecs.pc2.core.model.ClientId; [Ledu.csus.ecs.pc2.core.model.ClientId;@44d3f203
231209 103439.587|INFO|Thread-49020|dumpPacket|   key: CONTEST_TIME_LIST is: [Ledu.csus.ecs.pc2.core.model.ContestTime; [Ledu.csus.ecs.pc2.core.model.ContestTime;@9db6967
231209 103439.587|INFO|Thread-49020|dumpPacket|   key: CONNECTION_HANDLE_ID_LIST is: [Ledu.csus.ecs.pc2.core.transport.ConnectionHandlerID; [Ledu.csus.ecs.pc2.core.transport.ConnectionHandlerID;@631d1248
231209 103439.587|INFO|Thread-49020|dumpPacket|   key: PROFILE is: edu.csus.ecs.pc2.core.model.Profile RealDeal--1957769244132597914
231209 103439.587|INFO|Thread-49020|dumpPacket|   key: CLIENT_ID is: edu.csus.ecs.pc2.core.model.ClientId TEAM103 @ site 1
231209 103439.587|INFO|Thread-49020|dumpPacket|   key: SITE_NUMBER is: java.lang.Integer 1
231209 103439.587|INFO|Thread-49020|dumpPacket|   key: CONTEST_INFORMATION is: edu.csus.ecs.pc2.core.model.ContestInformation edu.csus.ecs.pc2.core.model.ContestInformation@44f67a1
231209 103439.587|INFO|Thread-49020|dumpPacket|   key: SITE_LIST is: [Ledu.csus.ecs.pc2.core.model.Site; [Ledu.csus.ecs.pc2.core.model.Site;@5fd7dec1
231209 103439.587|INFO|Thread-49020|dumpPacket|   key: PROBLEM_DATA_FILES is: [Ledu.csus.ecs.pc2.core.model.ProblemDataFiles; [Ledu.csus.ecs.pc2.core.model.ProblemDataFiles;@d95140d
231209 103439.587|INFO|Thread-49020|dumpPacket|   key: JUDGEMENT_LIST is: [Ledu.csus.ecs.pc2.core.model.Judgement; [Ledu.csus.ecs.pc2.core.model.Judgement;@691d8a5
231209 103439.587|INFO|Thread-49020|dumpPacket|   key: PROBLEM_LIST is: [Ledu.csus.ecs.pc2.core.model.Problem; [Ledu.csus.ecs.pc2.core.model.Problem;@791cc5b9
231209 103439.587|INFO|Thread-49020|dumpPacket|   key: GROUP_LIST is: [Ledu.csus.ecs.pc2.core.model.Group; [Ledu.csus.ecs.pc2.core.model.Group;@18dc2d8d
231209 103439.587|INFO|Thread-49020|dumpPacket|   key: LOCAL_LOGGED_IN_USERS is: [Ledu.csus.ecs.pc2.core.model.ClientId; [Ledu.csus.ecs.pc2.core.model.ClientId;@3dcc67e7
231209 103439.587|INFO|Thread-49020|dumpPacket|   key: SERVER_CLOCK_OFFSET is: java.util.GregorianCalendar java.util.GregorianCalendar[time=1702139679190,areFieldsSet=true,areAllFieldsSet=false,lenient=true,zone=sun.util.calendar.ZoneInfo[id="GMT",offset=0,dstSavings=0,useDaylight=false,transitions=0,lastRule=null],firstDayOfWeek=1,minimalDaysInFirstWeek=1,ERA=1,YEAR=2023,MONTH=11,WEEK_OF_YEAR=49,WEEK_OF_MONTH=2,DAY_OF_MONTH=9,DAY_OF_YEAR=343,DAY_OF_WEEK=7,DAY_OF_WEEK_IN_MONTH=2,AM_PM=1,HOUR=4,HOUR_OF_DAY=16,MINUTE=34,SECOND=39,MILLISECOND=190,ZONE_OFFSET=0,DST_OFFSET=0]
231209 103439.587|INFO|Thread-49020|dumpPacket|   key: NEW_PROFILE is: edu.csus.ecs.pc2.core.model.Profile RealDeal--1957769244132597914
231209 103439.587|INFO|Thread-49020|dumpPacket|   key: CONTEST_IDENTIFIER is: java.lang.String RealDeal--1957769244132597914
231209 103439.587|INFO|Thread-49020|dumpPacket|   key: BALLOON_SETTINGS_LIST is: [Ledu.csus.ecs.pc2.core.model.BalloonSettings; [Ledu.csus.ecs.pc2.core.model.BalloonSettings;@3510c40b
231209 103439.587|INFO|Thread-49020|dumpPacket|   key: RUN_LIST is: [Ledu.csus.ecs.pc2.core.model.Run; [Ledu.csus.ecs.pc2.core.model.Run;@2a3eee1d
231209 103439.587|INFO|Thread-49020|dumpPacket|   key: ACCOUNT_ARRAY is: [Ledu.csus.ecs.pc2.core.model.Account; [Ledu.csus.ecs.pc2.core.model.Account;@53770e92
231209 103439.587|INFO|Thread-49020|info|handlePacket start Packet[UPDATE_CLIENT_PROFILE] #3010 SERVER0 @ site 1 -> TEAM103 @ site 1
231209 103439.587|INFO|Thread-49020|dumpPacket|Packet UPDATE_CLIENT_PROFILE (Seq #3010, o#3010 ) handlePacket
231209 103439.587|INFO|Thread-49020|dumpPacket|  From: SERVER0 @ site 1, oSERVER0 @ site 1 (DESKTOP-D75BQTV @ 212.212.212.212) (Contest Id: RealDeal--1957769244132597914)
231209 103439.587|INFO|Thread-49020|dumpPacket|    To: TEAM103 @ site 1
231209 103439.587|INFO|Thread-49020|dumpPacket|   key: PROFILE_LIST is: [Ledu.csus.ecs.pc2.core.model.Profile; [Ledu.csus.ecs.pc2.core.model.Profile;@260e66a2
231209 103439.587|INFO|Thread-49020|dumpPacket|   key: GENERAL_PROBLEM is: edu.csus.ecs.pc2.core.model.Problem General
231209 103439.587|INFO|Thread-49020|dumpPacket|   key: CONTEST_TIME is: edu.csus.ecs.pc2.core.model.ContestTime edu.csus.ecs.pc2.core.model.ContestTime@28c99c13
231209 103439.587|INFO|Thread-49020|dumpPacket|   key: CLIENT_SETTINGS_LIST is: [Ledu.csus.ecs.pc2.core.model.ClientSettings; [Ledu.csus.ecs.pc2.core.model.ClientSettings;@2cf60dd2
231209 103439.587|INFO|Thread-49020|dumpPacket|   key: CLARIFICATION_LIST is: [Ledu.csus.ecs.pc2.core.model.Clarification; [Ledu.csus.ecs.pc2.core.model.Clarification;@69f49628
231209 103439.587|INFO|Thread-49020|dumpPacket|   key: CATEGORY_LIST is: [Ledu.csus.ecs.pc2.core.model.Category; [Ledu.csus.ecs.pc2.core.model.Category;@3c9ac6c2
231209 103439.587|INFO|Thread-49020|dumpPacket|   key: LANGUAGE_LIST is: [Ledu.csus.ecs.pc2.core.model.Language; [Ledu.csus.ecs.pc2.core.model.Language;@5857fc46
231209 103439.587|INFO|Thread-49020|dumpPacket|   key: REMOTE_LOGGED_IN_USERS is: [Ledu.csus.ecs.pc2.core.model.ClientId; [Ledu.csus.ecs.pc2.core.model.ClientId;@44d3f203
231209 103439.587|INFO|Thread-49020|dumpPacket|   key: CONTEST_TIME_LIST is: [Ledu.csus.ecs.pc2.core.model.ContestTime; [Ledu.csus.ecs.pc2.core.model.ContestTime;@9db6967
231209 103439.587|INFO|Thread-49020|dumpPacket|   key: CONNECTION_HANDLE_ID_LIST is: [Ledu.csus.ecs.pc2.core.transport.ConnectionHandlerID; [Ledu.csus.ecs.pc2.core.transport.ConnectionHandlerID;@631d1248
231209 103439.587|INFO|Thread-49020|dumpPacket|   key: PROFILE is: edu.csus.ecs.pc2.core.model.Profile RealDeal--1957769244132597914
231209 103439.587|INFO|Thread-49020|dumpPacket|   key: CLIENT_ID is: edu.csus.ecs.pc2.core.model.ClientId TEAM103 @ site 1
231209 103439.587|INFO|Thread-49020|dumpPacket|   key: SITE_NUMBER is: java.lang.Integer 1
231209 103439.587|INFO|Thread-49020|dumpPacket|   key: CONTEST_INFORMATION is: edu.csus.ecs.pc2.core.model.ContestInformation edu.csus.ecs.pc2.core.model.ContestInformation@44f67a1
231209 103439.587|INFO|Thread-49020|dumpPacket|   key: SITE_LIST is: [Ledu.csus.ecs.pc2.core.model.Site; [Ledu.csus.ecs.pc2.core.model.Site;@5fd7dec1
231209 103439.587|INFO|Thread-49020|dumpPacket|   key: PROBLEM_DATA_FILES is: [Ledu.csus.ecs.pc2.core.model.ProblemDataFiles; [Ledu.csus.ecs.pc2.core.model.ProblemDataFiles;@d95140d
231209 103439.587|INFO|Thread-49020|dumpPacket|   key: JUDGEMENT_LIST is: [Ledu.csus.ecs.pc2.core.model.Judgement; [Ledu.csus.ecs.pc2.core.model.Judgement;@691d8a5
231209 103439.587|INFO|Thread-49020|dumpPacket|   key: PROBLEM_LIST is: [Ledu.csus.ecs.pc2.core.model.Problem; [Ledu.csus.ecs.pc2.core.model.Problem;@791cc5b9
231209 103439.587|INFO|Thread-49020|dumpPacket|   key: GROUP_LIST is: [Ledu.csus.ecs.pc2.core.model.Group; [Ledu.csus.ecs.pc2.core.model.Group;@18dc2d8d
231209 103439.587|INFO|Thread-49020|dumpPacket|   key: LOCAL_LOGGED_IN_USERS is: [Ledu.csus.ecs.pc2.core.model.ClientId; [Ledu.csus.ecs.pc2.core.model.ClientId;@3dcc67e7
231209 103439.587|INFO|Thread-49020|dumpPacket|   key: SERVER_CLOCK_OFFSET is: java.util.GregorianCalendar java.util.GregorianCalendar[time=1702139679190,areFieldsSet=true,areAllFieldsSet=false,lenient=true,zone=sun.util.calendar.ZoneInfo[id="GMT",offset=0,dstSavings=0,useDaylight=false,transitions=0,lastRule=null],firstDayOfWeek=1,minimalDaysInFirstWeek=1,ERA=1,YEAR=2023,MONTH=11,WEEK_OF_YEAR=49,WEEK_OF_MONTH=2,DAY_OF_MONTH=9,DAY_OF_YEAR=343,DAY_OF_WEEK=7,DAY_OF_WEEK_IN_MONTH=2,AM_PM=1,HOUR=4,HOUR_OF_DAY=16,MINUTE=34,SECOND=39,MILLISECOND=190,ZONE_OFFSET=0,DST_OFFSET=0]
231209 103439.587|INFO|Thread-49020|dumpPacket|   key: NEW_PROFILE is: edu.csus.ecs.pc2.core.model.Profile RealDeal--1957769244132597914
231209 103439.587|INFO|Thread-49020|dumpPacket|   key: CONTEST_IDENTIFIER is: java.lang.String RealDeal--1957769244132597914
231209 103439.587|INFO|Thread-49020|dumpPacket|   key: BALLOON_SETTINGS_LIST is: [Ledu.csus.ecs.pc2.core.model.BalloonSettings; [Ledu.csus.ecs.pc2.core.model.BalloonSettings;@3510c40b
231209 103439.587|INFO|Thread-49020|dumpPacket|   key: RUN_LIST is: [Ledu.csus.ecs.pc2.core.model.Run; [Ledu.csus.ecs.pc2.core.model.Run;@2a3eee1d
231209 103439.587|INFO|Thread-49020|dumpPacket|   key: ACCOUNT_ARRAY is: [Ledu.csus.ecs.pc2.core.model.Account; [Ledu.csus.ecs.pc2.core.model.Account;@53770e92
231209 103439.587|INFO|Thread-49020|reRegisterPlugins|plugin.setContestAndController for API Contest class
231209 103439.587|INFO|Thread-49020|info|handleUpdateClientProfile fireAllRefreshEvents start
231209 103439.612|SEVERE|Thread-49020|error|java.lang.NullPointerException: Cannot invoke "edu.csus.ecs.pc2.core.model.Run.isDeleted()" because "this.run" is null
|java.lang.NullPointerException: Cannot invoke "edu.csus.ecs.pc2.core.model.Run.isDeleted()" because "this.run" is null
|    at edu.csus.ecs.pc2.api.implementation.RunImplementation.<init> (RunImplementation.java:118)
|    at edu.csus.ecs.pc2.api.implementation.RunListenerList.fireRunListener (RunListenerList.java:33)
|    at edu.csus.ecs.pc2.api.implementation.RunListenerList.access$000 (RunListenerList.java:22)
|    at edu.csus.ecs.pc2.api.implementation.RunListenerList$Listener.refreshRuns (RunListenerList.java:150)
|    at edu.csus.ecs.pc2.core.model.InternalContest.fireRunListener (InternalContest.java:434)
|    at edu.csus.ecs.pc2.core.model.InternalContest.fireAllRefreshEvents (InternalContest.java:2880)
|    at edu.csus.ecs.pc2.core.PacketHandler.handleUpdateClientProfile (PacketHandler.java:996)
|    at edu.csus.ecs.pc2.core.PacketHandler.handleOtherPacketTypes (PacketHandler.java:413)
|    at edu.csus.ecs.pc2.core.PacketHandler.handlePacket (PacketHandler.java:267)
|    at edu.csus.ecs.pc2.core.InternalController.receiveObject (InternalController.java:2441)
|    at edu.csus.ecs.pc2.core.transport.TransportManager$2.run (TransportManager.java:343)
|    at java.lang.Thread.run (Thread.java:833)
231209 103439.620|INFO|Thread-49020|info| receiveObject(S) end   got Packet[UPDATE_CLIENT_PROFILE] #3010 SERVER0 @ site 1 -> TEAM103 @ site 1
231209 103947.477|INFO|qtp135640095-48853|sendToLocalServer|Sending packet to server Packet[LOGOUT] #626 TEAM103 @ site 1 -> SERVER0 @ site 1
231209 103947.477|INFO|qtp135640095-48853|sendToLocalServer|Sent    packet to server Packet[LOGOUT] #626 TEAM103 @ site 1 -> SERVER0 @ site 1
231209 111829.946|CONFIG|Thread-65857|setFileHandlers|Now logging to C:\Users\18328\Desktop\pc2\WebTeamInterface-1.1\logs directory.
231209 111829.954|INFO|Thread-65857|info|
231209 111829.954|INFO|Thread-65857|info|Version 9 () Java ver 18.0.2.1 build  Windows 11 10.0 (amd64) 
231209 111829.954|INFO|Thread-65857|info|Login: team103 (aka team103)
231209 111829.954|INFO|Thread-65857|startLog|Working directory is C:\Users\18328\Desktop\pc2\WebTeamInterface-1.1
231209 111829.954|INFO|Thread-65857|startLog|Process id is 15028@DESKTOP-D75BQTV
231209 111829.954|INFO|Thread-65857|info| handlePacket original LOGIN_SUCCESS after -- all settings loaded 
231209 111829.954|INFO|Thread-65857|info|handlePacket end Packet[LOGIN_SUCCESS] #5134 SERVER0 @ site 1 -> TEAM103 @ site 1
231209 111829.954|INFO|Thread-65857|info| receiveObject(S) end   got Packet[LOGIN_SUCCESS] #5134 SERVER0 @ site 1 -> TEAM103 @ site 1
231209 111847.456|INFO|Thread-65867|info| receiveObject(S) start got Packet[RUN_JUDGEMENT] #5149 SERVER0 @ site 1 -> TEAM103 @ site 1
231209 111847.456|INFO|Thread-65867|dumpPacket|Packet RUN_JUDGEMENT (Seq #5149, o#5149 ) recieveObject
231209 111847.456|INFO|Thread-65867|dumpPacket|  From: SERVER0 @ site 1, oSERVER0 @ site 1 (DESKTOP-D75BQTV @ 212.212.212.212) (Contest Id: RealDeal--1957769244132597914)
231209 111847.456|INFO|Thread-65867|dumpPacket|    To: TEAM103 @ site 1
231209 111847.456|INFO|Thread-65867|dumpPacket|   key: JUDGEMENT_RECORD is: edu.csus.ecs.pc2.core.model.JudgementRecord No by JUDGE1 @ site 1 judgement No_-_Wrong_Answer-7097647880754622437 id JudgementRecord--9051470708229412710
231209 111847.456|INFO|Thread-65867|dumpPacket|   key: RUN is: edu.csus.ecs.pc2.core.model.Run Run 166 JUDGED 34 min 2077205ms from TEAM103 @ site 1 id Run--8316931662291635407 problem Ingredients--2504522835383961953 lang Java--8800253324652192008
231209 111847.456|INFO|Thread-65867|dumpPacket|   key: CLIENT_ID is: edu.csus.ecs.pc2.core.model.ClientId SERVER0 @ site 1
231209 111847.456|INFO|Thread-65867|info|handlePacket start Packet[RUN_JUDGEMENT] #5149 SERVER0 @ site 1 -> TEAM103 @ site 1
231209 111847.456|INFO|Thread-65867|dumpPacket|Packet RUN_JUDGEMENT (Seq #5149, o#5149 ) handlePacket
231209 111847.456|INFO|Thread-65867|dumpPacket|  From: SERVER0 @ site 1, oSERVER0 @ site 1 (DESKTOP-D75BQTV @ 212.212.212.212) (Contest Id: RealDeal--1957769244132597914)
231209 111847.456|INFO|Thread-65867|dumpPacket|    To: TEAM103 @ site 1
231209 111847.456|INFO|Thread-65867|dumpPacket|   key: JUDGEMENT_RECORD is: edu.csus.ecs.pc2.core.model.JudgementRecord No by JUDGE1 @ site 1 judgement No_-_Wrong_Answer-7097647880754622437 id JudgementRecord--9051470708229412710
231209 111847.456|INFO|Thread-65867|dumpPacket|   key: RUN is: edu.csus.ecs.pc2.core.model.Run Run 166 JUDGED 34 min 2077205ms from TEAM103 @ site 1 id Run--8316931662291635407 problem Ingredients--2504522835383961953 lang Java--8800253324652192008
231209 111847.456|INFO|Thread-65867|dumpPacket|   key: CLIENT_ID is: edu.csus.ecs.pc2.core.model.ClientId SERVER0 @ site 1
231209 111847.456|INFO|Thread-65867|info| receiveObject(S) end   got Packet[RUN_JUDGEMENT] #5149 SERVER0 @ site 1 -> TEAM103 @ site 1
231209 111953.793|INFO|qtp135640095-65675|sendToLocalServer|Sending packet to server Packet[RUN_SUBMISSION] #936 TEAM103 @ site 1 -> SERVER0 @ site 1
231209 111953.801|INFO|qtp135640095-65675|sendToLocalServer|Sent    packet to server Packet[RUN_SUBMISSION] #936 TEAM103 @ site 1 -> SERVER0 @ site 1
231209 111953.899|INFO|Thread-65880|info| receiveObject(S) start got Packet[RUN_SUBMISSION_CONFIRM] #5177 SERVER0 @ site 1 -> TEAM103 @ site 1
231209 111953.899|INFO|Thread-65880|dumpPacket|Packet RUN_SUBMISSION_CONFIRM (Seq #5177, o#5177 ) recieveObject
231209 111953.899|INFO|Thread-65880|dumpPacket|  From: SERVER0 @ site 1, oSERVER0 @ site 1 (DESKTOP-D75BQTV @ 212.212.212.212) (Contest Id: RealDeal--1957769244132597914)
231209 111953.899|INFO|Thread-65880|dumpPacket|    To: TEAM103 @ site 1
231209 111953.899|INFO|Thread-65880|dumpPacket|   key: RUN is: edu.csus.ecs.pc2.core.model.Run Run 174 NEW 36 min 2173073ms from TEAM103 @ site 1 id Run--1035499924303535596 problem Ingredients--2504522835383961953 lang Java--8800253324652192008
231209 111953.899|INFO|Thread-65880|info|handlePacket start Packet[RUN_SUBMISSION_CONFIRM] #5177 SERVER0 @ site 1 -> TEAM103 @ site 1
231209 111953.899|INFO|Thread-65880|dumpPacket|Packet RUN_SUBMISSION_CONFIRM (Seq #5177, o#5177 ) handlePacket
231209 111953.899|INFO|Thread-65880|dumpPacket|  From: SERVER0 @ site 1, oSERVER0 @ site 1 (DESKTOP-D75BQTV @ 212.212.212.212) (Contest Id: RealDeal--1957769244132597914)
231209 111953.899|INFO|Thread-65880|dumpPacket|    To: TEAM103 @ site 1
231209 111953.899|INFO|Thread-65880|dumpPacket|   key: RUN is: edu.csus.ecs.pc2.core.model.Run Run 174 NEW 36 min 2173073ms from TEAM103 @ site 1 id Run--1035499924303535596 problem Ingredients--2504522835383961953 lang Java--8800253324652192008
231209 111953.899|INFO|Thread-65880|info| receiveObject(S) end   got Packet[RUN_SUBMISSION_CONFIRM] #5177 SERVER0 @ site 1 -> TEAM103 @ site 1
231209 112016.522|INFO|Thread-65883|info| receiveObject(S) start got Packet[RUN_JUDGEMENT] #5187 SERVER0 @ site 1 -> TEAM103 @ site 1
231209 112016.522|INFO|Thread-65883|dumpPacket|Packet RUN_JUDGEMENT (Seq #5187, o#5187 ) recieveObject
231209 112016.522|INFO|Thread-65883|dumpPacket|  From: SERVER0 @ site 1, oSERVER0 @ site 1 (DESKTOP-D75BQTV @ 212.212.212.212) (Contest Id: RealDeal--1957769244132597914)
231209 112016.522|INFO|Thread-65883|dumpPacket|    To: TEAM103 @ site 1
231209 112016.522|INFO|Thread-65883|dumpPacket|   key: JUDGEMENT_RECORD is: edu.csus.ecs.pc2.core.model.JudgementRecord No by JUDGE2 @ site 1 judgement No_-_Wrong_Answer-7097647880754622437 id JudgementRecord-2928613815616614054
231209 112016.522|INFO|Thread-65883|dumpPacket|   key: RUN is: edu.csus.ecs.pc2.core.model.Run Run 174 JUDGED 36 min 2173073ms from TEAM103 @ site 1 id Run--1035499924303535596 problem Ingredients--2504522835383961953 lang Java--8800253324652192008
231209 112016.522|INFO|Thread-65883|dumpPacket|   key: CLIENT_ID is: edu.csus.ecs.pc2.core.model.ClientId SERVER0 @ site 1
231209 112016.522|INFO|Thread-65883|info|handlePacket start Packet[RUN_JUDGEMENT] #5187 SERVER0 @ site 1 -> TEAM103 @ site 1
231209 112016.522|INFO|Thread-65883|dumpPacket|Packet RUN_JUDGEMENT (Seq #5187, o#5187 ) handlePacket
231209 112016.522|INFO|Thread-65883|dumpPacket|  From: SERVER0 @ site 1, oSERVER0 @ site 1 (DESKTOP-D75BQTV @ 212.212.212.212) (Contest Id: RealDeal--1957769244132597914)
231209 112016.522|INFO|Thread-65883|dumpPacket|    To: TEAM103 @ site 1
231209 112016.522|INFO|Thread-65883|dumpPacket|   key: JUDGEMENT_RECORD is: edu.csus.ecs.pc2.core.model.JudgementRecord No by JUDGE2 @ site 1 judgement No_-_Wrong_Answer-7097647880754622437 id JudgementRecord-2928613815616614054
231209 112016.522|INFO|Thread-65883|dumpPacket|   key: RUN is: edu.csus.ecs.pc2.core.model.Run Run 174 JUDGED 36 min 2173073ms from TEAM103 @ site 1 id Run--1035499924303535596 problem Ingredients--2504522835383961953 lang Java--8800253324652192008
231209 112016.522|INFO|Thread-65883|dumpPacket|   key: CLIENT_ID is: edu.csus.ecs.pc2.core.model.ClientId SERVER0 @ site 1
231209 112016.522|INFO|Thread-65883|info| receiveObject(S) end   got Packet[RUN_JUDGEMENT] #5187 SERVER0 @ site 1 -> TEAM103 @ site 1
231209 114454.990|INFO|qtp135640095-66122|sendToLocalServer|Sending packet to server Packet[RUN_SUBMISSION] #1104 TEAM103 @ site 1 -> SERVER0 @ site 1
231209 114454.990|INFO|qtp135640095-66122|sendToLocalServer|Sent    packet to server Packet[RUN_SUBMISSION] #1104 TEAM103 @ site 1 -> SERVER0 @ site 1
231209 114455.142|INFO|Thread-66405|info| receiveObject(S) start got Packet[RUN_SUBMISSION_CONFIRM] #6231 SERVER0 @ site 1 -> TEAM103 @ site 1
231209 114455.142|INFO|Thread-66405|dumpPacket|Packet RUN_SUBMISSION_CONFIRM (Seq #6231, o#6231 ) recieveObject
231209 114455.142|INFO|Thread-66405|dumpPacket|  From: SERVER0 @ site 1, oSERVER0 @ site 1 (DESKTOP-D75BQTV @ 212.212.212.212) (Contest Id: RealDeal--1957769244132597914)
231209 114455.142|INFO|Thread-66405|dumpPacket|    To: TEAM103 @ site 1
231209 114455.142|INFO|Thread-66405|dumpPacket|   key: RUN is: edu.csus.ecs.pc2.core.model.Run Run 334 NEW 61 min 3674262ms from TEAM103 @ site 1 id Run-8615902273586435974 problem Word--384876857808405789 lang Java--8800253324652192008
231209 114455.142|INFO|Thread-66405|info|handlePacket start Packet[RUN_SUBMISSION_CONFIRM] #6231 SERVER0 @ site 1 -> TEAM103 @ site 1
231209 114455.142|INFO|Thread-66405|dumpPacket|Packet RUN_SUBMISSION_CONFIRM (Seq #6231, o#6231 ) handlePacket
231209 114455.142|INFO|Thread-66405|dumpPacket|  From: SERVER0 @ site 1, oSERVER0 @ site 1 (DESKTOP-D75BQTV @ 212.212.212.212) (Contest Id: RealDeal--1957769244132597914)
231209 114455.142|INFO|Thread-66405|dumpPacket|    To: TEAM103 @ site 1
231209 114455.142|INFO|Thread-66405|dumpPacket|   key: RUN is: edu.csus.ecs.pc2.core.model.Run Run 334 NEW 61 min 3674262ms from TEAM103 @ site 1 id Run-8615902273586435974 problem Word--384876857808405789 lang Java--8800253324652192008
231209 114455.142|INFO|Thread-66405|info| receiveObject(S) end   got Packet[RUN_SUBMISSION_CONFIRM] #6231 SERVER0 @ site 1 -> TEAM103 @ site 1
231209 114501.197|INFO|Thread-66408|info| receiveObject(S) start got Packet[RUN_JUDGEMENT] #6239 SERVER0 @ site 1 -> TEAM103 @ site 1
231209 114501.197|INFO|Thread-66408|dumpPacket|Packet RUN_JUDGEMENT (Seq #6239, o#6239 ) recieveObject
231209 114501.197|INFO|Thread-66408|dumpPacket|  From: SERVER0 @ site 1, oSERVER0 @ site 1 (DESKTOP-D75BQTV @ 212.212.212.212) (Contest Id: RealDeal--1957769244132597914)
231209 114501.197|INFO|Thread-66408|dumpPacket|    To: TEAM103 @ site 1
231209 114501.197|INFO|Thread-66408|dumpPacket|   key: JUDGEMENT_RECORD is: edu.csus.ecs.pc2.core.model.JudgementRecord Yes by JUDGE3 @ site 1 judgement Yes-2915828768858405923 id JudgementRecord--2689657140865224816
231209 114501.197|INFO|Thread-66408|dumpPacket|   key: RUN is: edu.csus.ecs.pc2.core.model.Run Run 334 JUDGED 61 min 3674262ms from TEAM103 @ site 1 id Run-8615902273586435974 problem Word--384876857808405789 lang Java--8800253324652192008
231209 114501.197|INFO|Thread-66408|dumpPacket|   key: CLIENT_ID is: edu.csus.ecs.pc2.core.model.ClientId SERVER0 @ site 1
231209 114501.197|INFO|Thread-66408|info|handlePacket start Packet[RUN_JUDGEMENT] #6239 SERVER0 @ site 1 -> TEAM103 @ site 1
231209 114501.199|INFO|Thread-66408|dumpPacket|Packet RUN_JUDGEMENT (Seq #6239, o#6239 ) handlePacket
231209 114501.199|INFO|Thread-66408|dumpPacket|  From: SERVER0 @ site 1, oSERVER0 @ site 1 (DESKTOP-D75BQTV @ 212.212.212.212) (Contest Id: RealDeal--1957769244132597914)
231209 114501.199|INFO|Thread-66408|dumpPacket|    To: TEAM103 @ site 1
231209 114501.199|INFO|Thread-66408|dumpPacket|   key: JUDGEMENT_RECORD is: edu.csus.ecs.pc2.core.model.JudgementRecord Yes by JUDGE3 @ site 1 judgement Yes-2915828768858405923 id JudgementRecord--2689657140865224816
231209 114501.199|INFO|Thread-66408|dumpPacket|   key: RUN is: edu.csus.ecs.pc2.core.model.Run Run 334 JUDGED 61 min 3674262ms from TEAM103 @ site 1 id Run-8615902273586435974 problem Word--384876857808405789 lang Java--8800253324652192008
231209 114501.199|INFO|Thread-66408|dumpPacket|   key: CLIENT_ID is: edu.csus.ecs.pc2.core.model.ClientId SERVER0 @ site 1
231209 114501.199|INFO|Thread-66408|info| receiveObject(S) end   got Packet[RUN_JUDGEMENT] #6239 SERVER0 @ site 1 -> TEAM103 @ site 1
231209 115135.416|INFO|qtp135640095-65675|sendToLocalServer|Sending packet to server Packet[RUN_SUBMISSION] #1159 TEAM103 @ site 1 -> SERVER0 @ site 1
231209 115135.416|INFO|qtp135640095-65675|sendToLocalServer|Sent    packet to server Packet[RUN_SUBMISSION] #1159 TEAM103 @ site 1 -> SERVER0 @ site 1
231209 115135.626|INFO|Thread-66574|info| receiveObject(S) start got Packet[RUN_SUBMISSION_CONFIRM] #6568 SERVER0 @ site 1 -> TEAM103 @ site 1
231209 115135.626|INFO|Thread-66574|dumpPacket|Packet RUN_SUBMISSION_CONFIRM (Seq #6568, o#6568 ) recieveObject
231209 115135.626|INFO|Thread-66574|dumpPacket|  From: SERVER0 @ site 1, oSERVER0 @ site 1 (DESKTOP-D75BQTV @ 212.212.212.212) (Contest Id: RealDeal--1957769244132597914)
231209 115135.626|INFO|Thread-66574|dumpPacket|    To: TEAM103 @ site 1
231209 115135.626|INFO|Thread-66574|dumpPacket|   key: RUN is: edu.csus.ecs.pc2.core.model.Run Run 382 NEW 67 min 4074697ms from TEAM103 @ site 1 id Run--5418249786835561616 problem Leftover--6791674603817565041 lang Java--8800253324652192008
231209 115135.626|INFO|Thread-66574|info|handlePacket start Packet[RUN_SUBMISSION_CONFIRM] #6568 SERVER0 @ site 1 -> TEAM103 @ site 1
231209 115135.626|INFO|Thread-66574|dumpPacket|Packet RUN_SUBMISSION_CONFIRM (Seq #6568, o#6568 ) handlePacket
231209 115135.628|INFO|Thread-66574|dumpPacket|  From: SERVER0 @ site 1, oSERVER0 @ site 1 (DESKTOP-D75BQTV @ 212.212.212.212) (Contest Id: RealDeal--1957769244132597914)
231209 115135.628|INFO|Thread-66574|dumpPacket|    To: TEAM103 @ site 1
231209 115135.628|INFO|Thread-66574|dumpPacket|   key: RUN is: edu.csus.ecs.pc2.core.model.Run Run 382 NEW 67 min 4074697ms from TEAM103 @ site 1 id Run--5418249786835561616 problem Leftover--6791674603817565041 lang Java--8800253324652192008
231209 115135.628|INFO|Thread-66574|info| receiveObject(S) end   got Packet[RUN_SUBMISSION_CONFIRM] #6568 SERVER0 @ site 1 -> TEAM103 @ site 1
231209 115150.825|INFO|Thread-66586|info| receiveObject(S) start got Packet[RUN_JUDGEMENT] #6590 SERVER0 @ site 1 -> TEAM103 @ site 1
231209 115150.825|INFO|Thread-66586|dumpPacket|Packet RUN_JUDGEMENT (Seq #6590, o#6590 ) recieveObject
231209 115150.825|INFO|Thread-66586|dumpPacket|  From: SERVER0 @ site 1, oSERVER0 @ site 1 (DESKTOP-D75BQTV @ 212.212.212.212) (Contest Id: RealDeal--1957769244132597914)
231209 115150.825|INFO|Thread-66586|dumpPacket|    To: TEAM103 @ site 1
231209 115150.825|INFO|Thread-66586|dumpPacket|   key: JUDGEMENT_RECORD is: edu.csus.ecs.pc2.core.model.JudgementRecord No by JUDGE1 @ site 1 judgement No_-_Run-time_Error--7363172628486726021 id JudgementRecord--7363175168674411147
231209 115150.825|INFO|Thread-66586|dumpPacket|   key: RUN is: edu.csus.ecs.pc2.core.model.Run Run 382 JUDGED 67 min 4074697ms from TEAM103 @ site 1 id Run--5418249786835561616 problem Leftover--6791674603817565041 lang Java--8800253324652192008
231209 115150.825|INFO|Thread-66586|dumpPacket|   key: CLIENT_ID is: edu.csus.ecs.pc2.core.model.ClientId SERVER0 @ site 1
231209 115150.825|INFO|Thread-66586|info|handlePacket start Packet[RUN_JUDGEMENT] #6590 SERVER0 @ site 1 -> TEAM103 @ site 1
231209 115150.825|INFO|Thread-66586|dumpPacket|Packet RUN_JUDGEMENT (Seq #6590, o#6590 ) handlePacket
231209 115150.825|INFO|Thread-66586|dumpPacket|  From: SERVER0 @ site 1, oSERVER0 @ site 1 (DESKTOP-D75BQTV @ 212.212.212.212) (Contest Id: RealDeal--1957769244132597914)
231209 115150.825|INFO|Thread-66586|dumpPacket|    To: TEAM103 @ site 1
231209 115150.825|INFO|Thread-66586|dumpPacket|   key: JUDGEMENT_RECORD is: edu.csus.ecs.pc2.core.model.JudgementRecord No by JUDGE1 @ site 1 judgement No_-_Run-time_Error--7363172628486726021 id JudgementRecord--7363175168674411147
231209 115150.825|INFO|Thread-66586|dumpPacket|   key: RUN is: edu.csus.ecs.pc2.core.model.Run Run 382 JUDGED 67 min 4074697ms from TEAM103 @ site 1 id Run--5418249786835561616 problem Leftover--6791674603817565041 lang Java--8800253324652192008
231209 115150.825|INFO|Thread-66586|dumpPacket|   key: CLIENT_ID is: edu.csus.ecs.pc2.core.model.ClientId SERVER0 @ site 1
231209 115150.825|INFO|Thread-66586|info| receiveObject(S) end   got Packet[RUN_JUDGEMENT] #6590 SERVER0 @ site 1 -> TEAM103 @ site 1
231209 115431.458|INFO|Thread-66657|info| receiveObject(S) start got Packet[CLARIFICATION_ANSWER_UPDATE] #6720 SERVER0 @ site 1 -> SERVER0 @ site 0
231209 115431.458|INFO|Thread-66657|dumpPacket|Packet CLARIFICATION_ANSWER_UPDATE (Seq #6720, o#6720 ) recieveObject
231209 115431.458|INFO|Thread-66657|dumpPacket|  From: SERVER0 @ site 1, oSERVER0 @ site 1 (DESKTOP-D75BQTV @ 212.212.212.212) (Contest Id: RealDeal--1957769244132597914)
231209 115431.458|INFO|Thread-66657|dumpPacket|    To: SERVER0 @ site 0
231209 115431.458|INFO|Thread-66657|dumpPacket|   key: CLARIFICATION is: edu.csus.ecs.pc2.core.model.Clarification Clarification 20 ANSWERED from TEAM100 @ site 1 at 69 id=Clarification--4622882980912914428
231209 115431.458|INFO|Thread-66657|dumpPacket|   key: CLARIFICATION_ANSWER is: java.lang.String This is not usaco guys, brute force to your hearts content.
231209 115431.458|INFO|Thread-66657|dumpPacket|   key: CLIENT_ID is: edu.csus.ecs.pc2.core.model.ClientId ADMINISTRATOR1 @ site 1
231209 115431.458|INFO|Thread-66657|info|handlePacket start Packet[CLARIFICATION_ANSWER_UPDATE] #6720 SERVER0 @ site 1 -> SERVER0 @ site 0
231209 115431.458|INFO|Thread-66657|dumpPacket|Packet CLARIFICATION_ANSWER_UPDATE (Seq #6720, o#6720 ) handlePacket
231209 115431.458|INFO|Thread-66657|dumpPacket|  From: SERVER0 @ site 1, oSERVER0 @ site 1 (DESKTOP-D75BQTV @ 212.212.212.212) (Contest Id: RealDeal--1957769244132597914)
231209 115431.458|INFO|Thread-66657|dumpPacket|    To: SERVER0 @ site 0
231209 115431.458|INFO|Thread-66657|dumpPacket|   key: CLARIFICATION is: edu.csus.ecs.pc2.core.model.Clarification Clarification 20 ANSWERED from TEAM100 @ site 1 at 69 id=Clarification--4622882980912914428
231209 115431.458|INFO|Thread-66657|dumpPacket|   key: CLARIFICATION_ANSWER is: java.lang.String This is not usaco guys, brute force to your hearts content.
231209 115431.458|INFO|Thread-66657|dumpPacket|   key: CLIENT_ID is: edu.csus.ecs.pc2.core.model.ClientId ADMINISTRATOR1 @ site 1
231209 115431.458|INFO|Thread-66657|info| receiveObject(S) end   got Packet[CLARIFICATION_ANSWER_UPDATE] #6720 SERVER0 @ site 1 -> SERVER0 @ site 0
231209 115524.824|INFO|qtp135640095-66514|sendToLocalServer|Sending packet to server Packet[RUN_SUBMISSION] #1189 TEAM103 @ site 1 -> SERVER0 @ site 1
231209 115524.824|INFO|qtp135640095-66514|sendToLocalServer|Sent    packet to server Packet[RUN_SUBMISSION] #1189 TEAM103 @ site 1 -> SERVER0 @ site 1
231209 115525.012|INFO|Thread-66770|info| receiveObject(S) start got Packet[RUN_SUBMISSION_CONFIRM] #6747 SERVER0 @ site 1 -> TEAM103 @ site 1
231209 115525.012|INFO|Thread-66770|dumpPacket|Packet RUN_SUBMISSION_CONFIRM (Seq #6747, o#6747 ) recieveObject
231209 115525.012|INFO|Thread-66770|dumpPacket|  From: SERVER0 @ site 1, oSERVER0 @ site 1 (DESKTOP-D75BQTV @ 212.212.212.212) (Contest Id: RealDeal--1957769244132597914)
231209 115525.012|INFO|Thread-66770|dumpPacket|    To: TEAM103 @ site 1
231209 115525.012|INFO|Thread-66770|dumpPacket|   key: RUN is: edu.csus.ecs.pc2.core.model.Run Run 410 NEW 71 min 4304104ms from TEAM103 @ site 1 id Run-5621696244968668301 problem Espresso--8279138056088281247 lang Java--8800253324652192008
231209 115525.012|INFO|Thread-66770|info|handlePacket start Packet[RUN_SUBMISSION_CONFIRM] #6747 SERVER0 @ site 1 -> TEAM103 @ site 1
231209 115525.012|INFO|Thread-66770|dumpPacket|Packet RUN_SUBMISSION_CONFIRM (Seq #6747, o#6747 ) handlePacket
231209 115525.012|INFO|Thread-66770|dumpPacket|  From: SERVER0 @ site 1, oSERVER0 @ site 1 (DESKTOP-D75BQTV @ 212.212.212.212) (Contest Id: RealDeal--1957769244132597914)
231209 115525.012|INFO|Thread-66770|dumpPacket|    To: TEAM103 @ site 1
231209 115525.012|INFO|Thread-66770|dumpPacket|   key: RUN is: edu.csus.ecs.pc2.core.model.Run Run 410 NEW 71 min 4304104ms from TEAM103 @ site 1 id Run-5621696244968668301 problem Espresso--8279138056088281247 lang Java--8800253324652192008
231209 115525.012|INFO|Thread-66770|info| receiveObject(S) end   got Packet[RUN_SUBMISSION_CONFIRM] #6747 SERVER0 @ site 1 -> TEAM103 @ site 1
231209 115541.149|INFO|Thread-66776|info| receiveObject(S) start got Packet[RUN_JUDGEMENT] #6761 SERVER0 @ site 1 -> TEAM103 @ site 1
231209 115541.149|INFO|Thread-66776|dumpPacket|Packet RUN_JUDGEMENT (Seq #6761, o#6761 ) recieveObject
231209 115541.149|INFO|Thread-66776|dumpPacket|  From: SERVER0 @ site 1, oSERVER0 @ site 1 (DESKTOP-D75BQTV @ 212.212.212.212) (Contest Id: RealDeal--1957769244132597914)
231209 115541.149|INFO|Thread-66776|dumpPacket|    To: TEAM103 @ site 1
231209 115541.149|INFO|Thread-66776|dumpPacket|   key: JUDGEMENT_RECORD is: edu.csus.ecs.pc2.core.model.JudgementRecord No by JUDGE10 @ site 1 judgement No_-_Wrong_Answer-7097647880754622437 id JudgementRecord-9145197406687867169
231209 115541.149|INFO|Thread-66776|dumpPacket|   key: RUN is: edu.csus.ecs.pc2.core.model.Run Run 410 JUDGED 71 min 4304104ms from TEAM103 @ site 1 id Run-5621696244968668301 problem Espresso--8279138056088281247 lang Java--8800253324652192008
231209 115541.149|INFO|Thread-66776|dumpPacket|   key: CLIENT_ID is: edu.csus.ecs.pc2.core.model.ClientId SERVER0 @ site 1
231209 115541.149|INFO|Thread-66776|info|handlePacket start Packet[RUN_JUDGEMENT] #6761 SERVER0 @ site 1 -> TEAM103 @ site 1
231209 115541.149|INFO|Thread-66776|dumpPacket|Packet RUN_JUDGEMENT (Seq #6761, o#6761 ) handlePacket
231209 115541.149|INFO|Thread-66776|dumpPacket|  From: SERVER0 @ site 1, oSERVER0 @ site 1 (DESKTOP-D75BQTV @ 212.212.212.212) (Contest Id: RealDeal--1957769244132597914)
231209 115541.149|INFO|Thread-66776|dumpPacket|    To: TEAM103 @ site 1
231209 115541.149|INFO|Thread-66776|dumpPacket|   key: JUDGEMENT_RECORD is: edu.csus.ecs.pc2.core.model.JudgementRecord No by JUDGE10 @ site 1 judgement No_-_Wrong_Answer-7097647880754622437 id JudgementRecord-9145197406687867169
231209 115541.149|INFO|Thread-66776|dumpPacket|   key: RUN is: edu.csus.ecs.pc2.core.model.Run Run 410 JUDGED 71 min 4304104ms from TEAM103 @ site 1 id Run-5621696244968668301 problem Espresso--8279138056088281247 lang Java--8800253324652192008
231209 115541.149|INFO|Thread-66776|dumpPacket|   key: CLIENT_ID is: edu.csus.ecs.pc2.core.model.ClientId SERVER0 @ site 1
231209 115541.149|INFO|Thread-66776|info| receiveObject(S) end   got Packet[RUN_JUDGEMENT] #6761 SERVER0 @ site 1 -> TEAM103 @ site 1
231209 115959.931|INFO|qtp135640095-66775|sendToLocalServer|Sending packet to server Packet[RUN_SUBMISSION] #1226 TEAM103 @ site 1 -> SERVER0 @ site 1
231209 115959.931|INFO|qtp135640095-66775|sendToLocalServer|Sent    packet to server Packet[RUN_SUBMISSION] #1226 TEAM103 @ site 1 -> SERVER0 @ site 1
231209 120000.278|INFO|Thread-66879|info| receiveObject(S) start got Packet[RUN_SUBMISSION_CONFIRM] #6964 SERVER0 @ site 1 -> TEAM103 @ site 1
231209 120000.286|INFO|Thread-66879|dumpPacket|Packet RUN_SUBMISSION_CONFIRM (Seq #6964, o#6964 ) recieveObject
231209 120000.286|INFO|Thread-66879|dumpPacket|  From: SERVER0 @ site 1, oSERVER0 @ site 1 (DESKTOP-D75BQTV @ 212.212.212.212) (Contest Id: RealDeal--1957769244132597914)
231209 120000.286|INFO|Thread-66879|dumpPacket|    To: TEAM103 @ site 1
231209 120000.286|INFO|Thread-66879|dumpPacket|   key: RUN is: edu.csus.ecs.pc2.core.model.Run Run 443 NEW 76 min 4579207ms from TEAM103 @ site 1 id Run-1530310841820283184 problem Espresso--8279138056088281247 lang Java--8800253324652192008
231209 120000.286|INFO|Thread-66879|info|handlePacket start Packet[RUN_SUBMISSION_CONFIRM] #6964 SERVER0 @ site 1 -> TEAM103 @ site 1
231209 120000.286|INFO|Thread-66879|dumpPacket|Packet RUN_SUBMISSION_CONFIRM (Seq #6964, o#6964 ) handlePacket
231209 120000.286|INFO|Thread-66879|dumpPacket|  From: SERVER0 @ site 1, oSERVER0 @ site 1 (DESKTOP-D75BQTV @ 212.212.212.212) (Contest Id: RealDeal--1957769244132597914)
231209 120000.286|INFO|Thread-66879|dumpPacket|    To: TEAM103 @ site 1
231209 120000.286|INFO|Thread-66879|dumpPacket|   key: RUN is: edu.csus.ecs.pc2.core.model.Run Run 443 NEW 76 min 4579207ms from TEAM103 @ site 1 id Run-1530310841820283184 problem Espresso--8279138056088281247 lang Java--8800253324652192008
231209 120000.286|INFO|Thread-66879|info| receiveObject(S) end   got Packet[RUN_SUBMISSION_CONFIRM] #6964 SERVER0 @ site 1 -> TEAM103 @ site 1
231209 120007.091|INFO|Thread-66882|info| receiveObject(S) start got Packet[RUN_JUDGEMENT] #6972 SERVER0 @ site 1 -> TEAM103 @ site 1
231209 120007.091|INFO|Thread-66882|dumpPacket|Packet RUN_JUDGEMENT (Seq #6972, o#6972 ) recieveObject
231209 120007.091|INFO|Thread-66882|dumpPacket|  From: SERVER0 @ site 1, oSERVER0 @ site 1 (DESKTOP-D75BQTV @ 212.212.212.212) (Contest Id: RealDeal--1957769244132597914)
231209 120007.091|INFO|Thread-66882|dumpPacket|    To: TEAM103 @ site 1
231209 120007.091|INFO|Thread-66882|dumpPacket|   key: JUDGEMENT_RECORD is: edu.csus.ecs.pc2.core.model.JudgementRecord Yes by JUDGE3 @ site 1 judgement Yes-2915828768858405923 id JudgementRecord-6605672655960394922
231209 120007.091|INFO|Thread-66882|dumpPacket|   key: RUN is: edu.csus.ecs.pc2.core.model.Run Run 443 JUDGED 76 min 4579207ms from TEAM103 @ site 1 id Run-1530310841820283184 problem Espresso--8279138056088281247 lang Java--8800253324652192008
231209 120007.091|INFO|Thread-66882|dumpPacket|   key: CLIENT_ID is: edu.csus.ecs.pc2.core.model.ClientId SERVER0 @ site 1
231209 120007.091|INFO|Thread-66882|info|handlePacket start Packet[RUN_JUDGEMENT] #6972 SERVER0 @ site 1 -> TEAM103 @ site 1
231209 120007.091|INFO|Thread-66882|dumpPacket|Packet RUN_JUDGEMENT (Seq #6972, o#6972 ) handlePacket
231209 120007.091|INFO|Thread-66882|dumpPacket|  From: SERVER0 @ site 1, oSERVER0 @ site 1 (DESKTOP-D75BQTV @ 212.212.212.212) (Contest Id: RealDeal--1957769244132597914)
231209 120007.091|INFO|Thread-66882|dumpPacket|    To: TEAM103 @ site 1
231209 120007.091|INFO|Thread-66882|dumpPacket|   key: JUDGEMENT_RECORD is: edu.csus.ecs.pc2.core.model.JudgementRecord Yes by JUDGE3 @ site 1 judgement Yes-2915828768858405923 id JudgementRecord-6605672655960394922
231209 120007.091|INFO|Thread-66882|dumpPacket|   key: RUN is: edu.csus.ecs.pc2.core.model.Run Run 443 JUDGED 76 min 4579207ms from TEAM103 @ site 1 id Run-1530310841820283184 problem Espresso--8279138056088281247 lang Java--8800253324652192008
231209 120007.091|INFO|Thread-66882|dumpPacket|   key: CLIENT_ID is: edu.csus.ecs.pc2.core.model.ClientId SERVER0 @ site 1
231209 120007.091|INFO|Thread-66882|info| receiveObject(S) end   got Packet[RUN_JUDGEMENT] #6972 SERVER0 @ site 1 -> TEAM103 @ site 1
231209 120150.913|INFO|qtp135640095-66299|sendToLocalServer|Sending packet to server Packet[RUN_SUBMISSION] #1244 TEAM103 @ site 1 -> SERVER0 @ site 1
231209 120150.913|INFO|qtp135640095-66299|sendToLocalServer|Sent    packet to server Packet[RUN_SUBMISSION] #1244 TEAM103 @ site 1 -> SERVER0 @ site 1
231209 120151.116|INFO|Thread-66934|info| receiveObject(S) start got Packet[RUN_SUBMISSION_CONFIRM] #7072 SERVER0 @ site 1 -> TEAM103 @ site 1
231209 120151.116|INFO|Thread-66934|dumpPacket|Packet RUN_SUBMISSION_CONFIRM (Seq #7072, o#7072 ) recieveObject
231209 120151.116|INFO|Thread-66934|dumpPacket|  From: SERVER0 @ site 1, oSERVER0 @ site 1 (DESKTOP-D75BQTV @ 212.212.212.212) (Contest Id: RealDeal--1957769244132597914)
231209 120151.116|INFO|Thread-66934|dumpPacket|    To: TEAM103 @ site 1
231209 120151.116|INFO|Thread-66934|dumpPacket|   key: RUN is: edu.csus.ecs.pc2.core.model.Run Run 458 NEW 78 min 4690193ms from TEAM103 @ site 1 id Run--2435354832467225697 problem Leftover--6791674603817565041 lang Java--8800253324652192008
231209 120151.116|INFO|Thread-66934|info|handlePacket start Packet[RUN_SUBMISSION_CONFIRM] #7072 SERVER0 @ site 1 -> TEAM103 @ site 1
231209 120151.116|INFO|Thread-66934|dumpPacket|Packet RUN_SUBMISSION_CONFIRM (Seq #7072, o#7072 ) handlePacket
231209 120151.116|INFO|Thread-66934|dumpPacket|  From: SERVER0 @ site 1, oSERVER0 @ site 1 (DESKTOP-D75BQTV @ 212.212.212.212) (Contest Id: RealDeal--1957769244132597914)
231209 120151.116|INFO|Thread-66934|dumpPacket|    To: TEAM103 @ site 1
231209 120151.117|INFO|Thread-66934|dumpPacket|   key: RUN is: edu.csus.ecs.pc2.core.model.Run Run 458 NEW 78 min 4690193ms from TEAM103 @ site 1 id Run--2435354832467225697 problem Leftover--6791674603817565041 lang Java--8800253324652192008
231209 120151.117|INFO|Thread-66934|info| receiveObject(S) end   got Packet[RUN_SUBMISSION_CONFIRM] #7072 SERVER0 @ site 1 -> TEAM103 @ site 1
231209 120213.413|INFO|Thread-66945|info| receiveObject(S) start got Packet[RUN_JUDGEMENT] #7095 SERVER0 @ site 1 -> TEAM103 @ site 1
231209 120213.413|INFO|Thread-66945|dumpPacket|Packet RUN_JUDGEMENT (Seq #7095, o#7095 ) recieveObject
231209 120213.413|INFO|Thread-66945|dumpPacket|  From: SERVER0 @ site 1, oSERVER0 @ site 1 (DESKTOP-D75BQTV @ 212.212.212.212) (Contest Id: RealDeal--1957769244132597914)
231209 120213.413|INFO|Thread-66945|dumpPacket|    To: TEAM103 @ site 1
231209 120213.413|INFO|Thread-66945|dumpPacket|   key: JUDGEMENT_RECORD is: edu.csus.ecs.pc2.core.model.JudgementRecord No by ADMINISTRATOR1 @ site 1 judgement No_-_Run-time_Error--7363172628486726021 id JudgementRecord-623097900543677883
231209 120213.413|INFO|Thread-66945|dumpPacket|   key: RUN is: edu.csus.ecs.pc2.core.model.Run Run 458 JUDGED 78 min 4690193ms from TEAM103 @ site 1 id Run--2435354832467225697 problem Leftover--6791674603817565041 lang Java--8800253324652192008
231209 120213.413|INFO|Thread-66945|dumpPacket|   key: CLIENT_ID is: edu.csus.ecs.pc2.core.model.ClientId SERVER0 @ site 1
231209 120213.421|INFO|Thread-66945|info|handlePacket start Packet[RUN_JUDGEMENT] #7095 SERVER0 @ site 1 -> TEAM103 @ site 1
231209 120213.421|INFO|Thread-66945|dumpPacket|Packet RUN_JUDGEMENT (Seq #7095, o#7095 ) handlePacket
231209 120213.421|INFO|Thread-66945|dumpPacket|  From: SERVER0 @ site 1, oSERVER0 @ site 1 (DESKTOP-D75BQTV @ 212.212.212.212) (Contest Id: RealDeal--1957769244132597914)
231209 120213.421|INFO|Thread-66945|dumpPacket|    To: TEAM103 @ site 1
231209 120213.421|INFO|Thread-66945|dumpPacket|   key: JUDGEMENT_RECORD is: edu.csus.ecs.pc2.core.model.JudgementRecord No by ADMINISTRATOR1 @ site 1 judgement No_-_Run-time_Error--7363172628486726021 id JudgementRecord-623097900543677883
231209 120213.421|INFO|Thread-66945|dumpPacket|   key: RUN is: edu.csus.ecs.pc2.core.model.Run Run 458 JUDGED 78 min 4690193ms from TEAM103 @ site 1 id Run--2435354832467225697 problem Leftover--6791674603817565041 lang Java--8800253324652192008
231209 120213.421|INFO|Thread-66945|dumpPacket|   key: CLIENT_ID is: edu.csus.ecs.pc2.core.model.ClientId SERVER0 @ site 1
231209 120213.421|INFO|Thread-66945|info| receiveObject(S) end   got Packet[RUN_JUDGEMENT] #7095 SERVER0 @ site 1 -> TEAM103 @ site 1
231209 121022.256|INFO|qtp135640095-65908|sendToLocalServer|Sending packet to server Packet[RUN_SUBMISSION] #1311 TEAM103 @ site 1 -> SERVER0 @ site 1
231209 121022.256|INFO|qtp135640095-65908|sendToLocalServer|Sent    packet to server Packet[RUN_SUBMISSION] #1311 TEAM103 @ site 1 -> SERVER0 @ site 1
231209 121022.476|INFO|Thread-67139|info| receiveObject(S) start got Packet[RUN_SUBMISSION_CONFIRM] #7476 SERVER0 @ site 1 -> TEAM103 @ site 1
231209 121022.476|INFO|Thread-67139|dumpPacket|Packet RUN_SUBMISSION_CONFIRM (Seq #7476, o#7476 ) recieveObject
231209 121022.476|INFO|Thread-67139|dumpPacket|  From: SERVER0 @ site 1, oSERVER0 @ site 1 (DESKTOP-D75BQTV @ 212.212.212.212) (Contest Id: RealDeal--1957769244132597914)
231209 121022.476|INFO|Thread-67139|dumpPacket|    To: TEAM103 @ site 1
231209 121022.476|INFO|Thread-67139|dumpPacket|   key: RUN is: edu.csus.ecs.pc2.core.model.Run Run 520 NEW 86 min 5201536ms from TEAM103 @ site 1 id Run-7465348289776834282 problem Missing_Cat--8325778690036057049 lang Java--8800253324652192008
231209 121022.476|INFO|Thread-67139|info|handlePacket start Packet[RUN_SUBMISSION_CONFIRM] #7476 SERVER0 @ site 1 -> TEAM103 @ site 1
231209 121022.476|INFO|Thread-67139|dumpPacket|Packet RUN_SUBMISSION_CONFIRM (Seq #7476, o#7476 ) handlePacket
231209 121022.476|INFO|Thread-67139|dumpPacket|  From: SERVER0 @ site 1, oSERVER0 @ site 1 (DESKTOP-D75BQTV @ 212.212.212.212) (Contest Id: RealDeal--1957769244132597914)
231209 121022.476|INFO|Thread-67139|dumpPacket|    To: TEAM103 @ site 1
231209 121022.477|INFO|Thread-67139|dumpPacket|   key: RUN is: edu.csus.ecs.pc2.core.model.Run Run 520 NEW 86 min 5201536ms from TEAM103 @ site 1 id Run-7465348289776834282 problem Missing_Cat--8325778690036057049 lang Java--8800253324652192008
231209 121022.477|INFO|Thread-67139|info| receiveObject(S) end   got Packet[RUN_SUBMISSION_CONFIRM] #7476 SERVER0 @ site 1 -> TEAM103 @ site 1
231209 121027.286|INFO|Thread-67141|info| receiveObject(S) start got Packet[RUN_JUDGEMENT] #7483 SERVER0 @ site 1 -> TEAM103 @ site 1
231209 121027.286|INFO|Thread-67141|dumpPacket|Packet RUN_JUDGEMENT (Seq #7483, o#7483 ) recieveObject
231209 121027.286|INFO|Thread-67141|dumpPacket|  From: SERVER0 @ site 1, oSERVER0 @ site 1 (DESKTOP-D75BQTV @ 212.212.212.212) (Contest Id: RealDeal--1957769244132597914)
231209 121027.286|INFO|Thread-67141|dumpPacket|    To: TEAM103 @ site 1
231209 121027.286|INFO|Thread-67141|dumpPacket|   key: JUDGEMENT_RECORD is: edu.csus.ecs.pc2.core.model.JudgementRecord Yes by JUDGE3 @ site 1 judgement Yes-2915828768858405923 id JudgementRecord--4281336567815618584
231209 121027.286|INFO|Thread-67141|dumpPacket|   key: RUN is: edu.csus.ecs.pc2.core.model.Run Run 520 JUDGED 86 min 5201536ms from TEAM103 @ site 1 id Run-7465348289776834282 problem Missing_Cat--8325778690036057049 lang Java--8800253324652192008
231209 121027.286|INFO|Thread-67141|dumpPacket|   key: CLIENT_ID is: edu.csus.ecs.pc2.core.model.ClientId SERVER0 @ site 1
231209 121027.286|INFO|Thread-67141|info|handlePacket start Packet[RUN_JUDGEMENT] #7483 SERVER0 @ site 1 -> TEAM103 @ site 1
231209 121027.286|INFO|Thread-67141|dumpPacket|Packet RUN_JUDGEMENT (Seq #7483, o#7483 ) handlePacket
231209 121027.286|INFO|Thread-67141|dumpPacket|  From: SERVER0 @ site 1, oSERVER0 @ site 1 (DESKTOP-D75BQTV @ 212.212.212.212) (Contest Id: RealDeal--1957769244132597914)
231209 121027.286|INFO|Thread-67141|dumpPacket|    To: TEAM103 @ site 1
231209 121027.286|INFO|Thread-67141|dumpPacket|   key: JUDGEMENT_RECORD is: edu.csus.ecs.pc2.core.model.JudgementRecord Yes by JUDGE3 @ site 1 judgement Yes-2915828768858405923 id JudgementRecord--4281336567815618584
231209 121027.286|INFO|Thread-67141|dumpPacket|   key: RUN is: edu.csus.ecs.pc2.core.model.Run Run 520 JUDGED 86 min 5201536ms from TEAM103 @ site 1 id Run-7465348289776834282 problem Missing_Cat--8325778690036057049 lang Java--8800253324652192008
231209 121027.286|INFO|Thread-67141|dumpPacket|   key: CLIENT_ID is: edu.csus.ecs.pc2.core.model.ClientId SERVER0 @ site 1
231209 121027.286|INFO|Thread-67141|info| receiveObject(S) end   got Packet[RUN_JUDGEMENT] #7483 SERVER0 @ site 1 -> TEAM103 @ site 1
231209 121825.240|INFO|qtp135640095-66618|sendToLocalServer|Sending packet to server Packet[RUN_SUBMISSION] #1376 TEAM103 @ site 1 -> SERVER0 @ site 1
231209 121825.240|INFO|qtp135640095-66618|sendToLocalServer|Sent    packet to server Packet[RUN_SUBMISSION] #1376 TEAM103 @ site 1 -> SERVER0 @ site 1
231209 121825.539|INFO|Thread-67334|info| receiveObject(S) start got Packet[RUN_SUBMISSION_CONFIRM] #7848 SERVER0 @ site 1 -> TEAM103 @ site 1
231209 121825.539|INFO|Thread-67334|dumpPacket|Packet RUN_SUBMISSION_CONFIRM (Seq #7848, o#7848 ) recieveObject
231209 121825.539|INFO|Thread-67334|dumpPacket|  From: SERVER0 @ site 1, oSERVER0 @ site 1 (DESKTOP-D75BQTV @ 212.212.212.212) (Contest Id: RealDeal--1957769244132597914)
231209 121825.539|INFO|Thread-67334|dumpPacket|    To: TEAM103 @ site 1
231209 121825.539|INFO|Thread-67334|dumpPacket|   key: RUN is: edu.csus.ecs.pc2.core.model.Run Run 576 NEW 94 min 5684512ms from TEAM103 @ site 1 id Run--1517631346874992122 problem Ingredients--2504522835383961953 lang Java--8800253324652192008
231209 121825.539|INFO|Thread-67334|info|handlePacket start Packet[RUN_SUBMISSION_CONFIRM] #7848 SERVER0 @ site 1 -> TEAM103 @ site 1
231209 121825.539|INFO|Thread-67334|dumpPacket|Packet RUN_SUBMISSION_CONFIRM (Seq #7848, o#7848 ) handlePacket
231209 121825.539|INFO|Thread-67334|dumpPacket|  From: SERVER0 @ site 1, oSERVER0 @ site 1 (DESKTOP-D75BQTV @ 212.212.212.212) (Contest Id: RealDeal--1957769244132597914)
231209 121825.539|INFO|Thread-67334|dumpPacket|    To: TEAM103 @ site 1
231209 121825.539|INFO|Thread-67334|dumpPacket|   key: RUN is: edu.csus.ecs.pc2.core.model.Run Run 576 NEW 94 min 5684512ms from TEAM103 @ site 1 id Run--1517631346874992122 problem Ingredients--2504522835383961953 lang Java--8800253324652192008
231209 121825.539|INFO|Thread-67334|info| receiveObject(S) end   got Packet[RUN_SUBMISSION_CONFIRM] #7848 SERVER0 @ site 1 -> TEAM103 @ site 1
231209 121846.749|INFO|Thread-67342|info| receiveObject(S) start got Packet[RUN_JUDGEMENT] #7866 SERVER0 @ site 1 -> TEAM103 @ site 1
231209 121846.749|INFO|Thread-67342|dumpPacket|Packet RUN_JUDGEMENT (Seq #7866, o#7866 ) recieveObject
231209 121846.749|INFO|Thread-67342|dumpPacket|  From: SERVER0 @ site 1, oSERVER0 @ site 1 (DESKTOP-D75BQTV @ 212.212.212.212) (Contest Id: RealDeal--1957769244132597914)
231209 121846.749|INFO|Thread-67342|dumpPacket|    To: TEAM103 @ site 1
231209 121846.749|INFO|Thread-67342|dumpPacket|   key: JUDGEMENT_RECORD is: edu.csus.ecs.pc2.core.model.JudgementRecord No by JUDGE10 @ site 1 judgement No_-_Wrong_Answer-7097647880754622437 id JudgementRecord-6752808030277688950
231209 121846.749|INFO|Thread-67342|dumpPacket|   key: RUN is: edu.csus.ecs.pc2.core.model.Run Run 576 JUDGED 94 min 5684512ms from TEAM103 @ site 1 id Run--1517631346874992122 problem Ingredients--2504522835383961953 lang Java--8800253324652192008
231209 121846.749|INFO|Thread-67342|dumpPacket|   key: CLIENT_ID is: edu.csus.ecs.pc2.core.model.ClientId SERVER0 @ site 1
231209 121846.749|INFO|Thread-67342|info|handlePacket start Packet[RUN_JUDGEMENT] #7866 SERVER0 @ site 1 -> TEAM103 @ site 1
231209 121846.749|INFO|Thread-67342|dumpPacket|Packet RUN_JUDGEMENT (Seq #7866, o#7866 ) handlePacket
231209 121846.749|INFO|Thread-67342|dumpPacket|  From: SERVER0 @ site 1, oSERVER0 @ site 1 (DESKTOP-D75BQTV @ 212.212.212.212) (Contest Id: RealDeal--1957769244132597914)
231209 121846.749|INFO|Thread-67342|dumpPacket|    To: TEAM103 @ site 1
231209 121846.749|INFO|Thread-67342|dumpPacket|   key: JUDGEMENT_RECORD is: edu.csus.ecs.pc2.core.model.JudgementRecord No by JUDGE10 @ site 1 judgement No_-_Wrong_Answer-7097647880754622437 id JudgementRecord-6752808030277688950
231209 121846.749|INFO|Thread-67342|dumpPacket|   key: RUN is: edu.csus.ecs.pc2.core.model.Run Run 576 JUDGED 94 min 5684512ms from TEAM103 @ site 1 id Run--1517631346874992122 problem Ingredients--2504522835383961953 lang Java--8800253324652192008
231209 121846.749|INFO|Thread-67342|dumpPacket|   key: CLIENT_ID is: edu.csus.ecs.pc2.core.model.ClientId SERVER0 @ site 1
231209 121846.749|INFO|Thread-67342|info| receiveObject(S) end   got Packet[RUN_JUDGEMENT] #7866 SERVER0 @ site 1 -> TEAM103 @ site 1
231209 123518.136|INFO|qtp135640095-67611|sendToLocalServer|Sending packet to server Packet[RUN_SUBMISSION] #1510 TEAM103 @ site 1 -> SERVER0 @ site 1
231209 123518.136|INFO|qtp135640095-67611|sendToLocalServer|Sent    packet to server Packet[RUN_SUBMISSION] #1510 TEAM103 @ site 1 -> SERVER0 @ site 1
231209 123518.479|INFO|Thread-67750|info| receiveObject(S) start got Packet[RUN_SUBMISSION_CONFIRM] #8722 SERVER0 @ site 1 -> TEAM103 @ site 1
231209 123518.479|INFO|Thread-67750|dumpPacket|Packet RUN_SUBMISSION_CONFIRM (Seq #8722, o#8722 ) recieveObject
231209 123518.479|INFO|Thread-67750|dumpPacket|  From: SERVER0 @ site 1, oSERVER0 @ site 1 (DESKTOP-D75BQTV @ 212.212.212.212) (Contest Id: RealDeal--1957769244132597914)
231209 123518.479|INFO|Thread-67750|dumpPacket|    To: TEAM103 @ site 1
231209 123518.479|INFO|Thread-67750|dumpPacket|   key: RUN is: edu.csus.ecs.pc2.core.model.Run Run 704 NEW 111 min 6697416ms from TEAM103 @ site 1 id Run-1468927466267299842 problem Slow_Math--3774445497254703998 lang Java--8800253324652192008
231209 123518.479|INFO|Thread-67750|info|handlePacket start Packet[RUN_SUBMISSION_CONFIRM] #8722 SERVER0 @ site 1 -> TEAM103 @ site 1
231209 123518.479|INFO|Thread-67750|dumpPacket|Packet RUN_SUBMISSION_CONFIRM (Seq #8722, o#8722 ) handlePacket
231209 123518.479|INFO|Thread-67750|dumpPacket|  From: SERVER0 @ site 1, oSERVER0 @ site 1 (DESKTOP-D75BQTV @ 212.212.212.212) (Contest Id: RealDeal--1957769244132597914)
231209 123518.479|INFO|Thread-67750|dumpPacket|    To: TEAM103 @ site 1
231209 123518.479|INFO|Thread-67750|dumpPacket|   key: RUN is: edu.csus.ecs.pc2.core.model.Run Run 704 NEW 111 min 6697416ms from TEAM103 @ site 1 id Run-1468927466267299842 problem Slow_Math--3774445497254703998 lang Java--8800253324652192008
231209 123518.479|INFO|Thread-67750|info| receiveObject(S) end   got Packet[RUN_SUBMISSION_CONFIRM] #8722 SERVER0 @ site 1 -> TEAM103 @ site 1
231209 123524.181|INFO|Thread-67756|info| receiveObject(S) start got Packet[RUN_JUDGEMENT] #8730 SERVER0 @ site 1 -> TEAM103 @ site 1
231209 123524.181|INFO|Thread-67756|dumpPacket|Packet RUN_JUDGEMENT (Seq #8730, o#8730 ) recieveObject
231209 123524.181|INFO|Thread-67756|dumpPacket|  From: SERVER0 @ site 1, oSERVER0 @ site 1 (DESKTOP-D75BQTV @ 212.212.212.212) (Contest Id: RealDeal--1957769244132597914)
231209 123524.181|INFO|Thread-67756|dumpPacket|    To: TEAM103 @ site 1
231209 123524.181|INFO|Thread-67756|dumpPacket|   key: JUDGEMENT_RECORD is: edu.csus.ecs.pc2.core.model.JudgementRecord Yes by JUDGE3 @ site 1 judgement Yes-2915828768858405923 id JudgementRecord--5349863689750215228
231209 123524.181|INFO|Thread-67756|dumpPacket|   key: RUN is: edu.csus.ecs.pc2.core.model.Run Run 704 JUDGED 111 min 6697416ms from TEAM103 @ site 1 id Run-1468927466267299842 problem Slow_Math--3774445497254703998 lang Java--8800253324652192008
231209 123524.181|INFO|Thread-67756|dumpPacket|   key: CLIENT_ID is: edu.csus.ecs.pc2.core.model.ClientId SERVER0 @ site 1
231209 123524.181|INFO|Thread-67756|info|handlePacket start Packet[RUN_JUDGEMENT] #8730 SERVER0 @ site 1 -> TEAM103 @ site 1
231209 123524.181|INFO|Thread-67756|dumpPacket|Packet RUN_JUDGEMENT (Seq #8730, o#8730 ) handlePacket
231209 123524.181|INFO|Thread-67756|dumpPacket|  From: SERVER0 @ site 1, oSERVER0 @ site 1 (DESKTOP-D75BQTV @ 212.212.212.212) (Contest Id: RealDeal--1957769244132597914)
231209 123524.181|INFO|Thread-67756|dumpPacket|    To: TEAM103 @ site 1
231209 123524.181|INFO|Thread-67756|dumpPacket|   key: JUDGEMENT_RECORD is: edu.csus.ecs.pc2.core.model.JudgementRecord Yes by JUDGE3 @ site 1 judgement Yes-2915828768858405923 id JudgementRecord--5349863689750215228
231209 123524.181|INFO|Thread-67756|dumpPacket|   key: RUN is: edu.csus.ecs.pc2.core.model.Run Run 704 JUDGED 111 min 6697416ms from TEAM103 @ site 1 id Run-1468927466267299842 problem Slow_Math--3774445497254703998 lang Java--8800253324652192008
231209 123524.181|INFO|Thread-67756|dumpPacket|   key: CLIENT_ID is: edu.csus.ecs.pc2.core.model.ClientId SERVER0 @ site 1
231209 123524.181|INFO|Thread-67756|info| receiveObject(S) end   got Packet[RUN_JUDGEMENT] #8730 SERVER0 @ site 1 -> TEAM103 @ site 1
