231209 094412.357|CONFIG|qtp135640095-21299|setFileHandlers|Now logging to C:\Users\18328\Desktop\pc2\WebTeamInterface-1.1\logs directory.
231209 094412.357|INFO|qtp135640095-21299|info|
231209 094412.364|INFO|qtp135640095-21299|info|Version 9 () Java ver 18.0.2.1 build  Windows 11 10.0 (amd64) 
231209 094412.364|INFO|qtp135640095-21299|info|Login: team117 (aka team117)
231209 094412.364|INFO|qtp135640095-21299|startLog|Working directory is C:\Users\18328\Desktop\pc2\WebTeamInterface-1.1
231209 094412.366|INFO|qtp135640095-21299|startLog|Process id is 15028@DESKTOP-D75BQTV
231209 094412.366|INFO|qtp135640095-21299|info|Contacting server at localhost:50002 as TEAM117 @ site 0
231209 094412.366|INFO|qtp135640095-21299|info|sendLoginRequest start - sending from TEAM117 @ site 0
231209 094412.366|INFO|qtp135640095-21299|sendToLocalServer|Sending packet to server Packet[LOGIN_REQUEST] #344 TEAM117 @ site 0 -> SERVER0 @ site 0
231209 094412.366|INFO|qtp135640095-21299|sendToLocalServer|Sent    packet to server Packet[LOGIN_REQUEST] #344 TEAM117 @ site 0 -> SERVER0 @ site 0
231209 094412.367|INFO|qtp135640095-21299|info|sendLoginRequest end - packet sent.
231209 094412.367|INFO|Thread-24651|run|send(Serializable)
231209 094412.383|INFO|Thread-24650|receive|public void receive(SealedObject TransportPacket, ConnectionHandlerID connectionHandlerID)
231209 094412.391|INFO|Thread-24652|info| receiveObject(S) start got Packet[LOGIN_SUCCESS] #1914 SERVER0 @ site 1 -> TEAM117 @ site 1
231209 094412.392|INFO|Thread-24652|dumpPacket|Packet LOGIN_SUCCESS (Seq #1914, o#1914 ) recieveObject
231209 094412.392|INFO|Thread-24652|dumpPacket|  From: SERVER0 @ site 1, oSERVER0 @ site 1 (DESKTOP-D75BQTV @ 212.212.212.212) (Contest Id: DryRun--6069080675419338087)
231209 094412.392|INFO|Thread-24652|dumpPacket|    To: TEAM117 @ site 1
231209 094412.392|INFO|Thread-24652|dumpPacket|   key: PROFILE_LIST is: [Ledu.csus.ecs.pc2.core.model.Profile; [Ledu.csus.ecs.pc2.core.model.Profile;@731bfa96
231209 094412.392|INFO|Thread-24652|dumpPacket|   key: GENERAL_PROBLEM is: edu.csus.ecs.pc2.core.model.Problem General
231209 094412.392|INFO|Thread-24652|dumpPacket|   key: CLIENT_SETTINGS_LIST is: [Ledu.csus.ecs.pc2.core.model.ClientSettings; [Ledu.csus.ecs.pc2.core.model.ClientSettings;@7ddc0a85
231209 094412.392|INFO|Thread-24652|dumpPacket|   key: CONTEST_TIME is: edu.csus.ecs.pc2.core.model.ContestTime edu.csus.ecs.pc2.core.model.ContestTime@79e391e6
231209 094412.392|INFO|Thread-24652|dumpPacket|   key: CLARIFICATION_LIST is: [Ledu.csus.ecs.pc2.core.model.Clarification; [Ledu.csus.ecs.pc2.core.model.Clarification;@3ce100be
231209 094412.392|INFO|Thread-24652|dumpPacket|   key: CATEGORY_LIST is: [Ledu.csus.ecs.pc2.core.model.Category; [Ledu.csus.ecs.pc2.core.model.Category;@108292fe
231209 094412.392|INFO|Thread-24652|dumpPacket|   key: LANGUAGE_LIST is: [Ledu.csus.ecs.pc2.core.model.Language; [Ledu.csus.ecs.pc2.core.model.Language;@d173a49
231209 094412.392|INFO|Thread-24652|dumpPacket|   key: REMOTE_LOGGED_IN_USERS is: [Ledu.csus.ecs.pc2.core.model.ClientId; [Ledu.csus.ecs.pc2.core.model.ClientId;@689ef6ac
231209 094412.392|INFO|Thread-24652|dumpPacket|   key: CONTEST_TIME_LIST is: [Ledu.csus.ecs.pc2.core.model.ContestTime; [Ledu.csus.ecs.pc2.core.model.ContestTime;@5ccefff1
231209 094412.392|INFO|Thread-24652|dumpPacket|   key: CONNECTION_HANDLE_ID_LIST is: [Ledu.csus.ecs.pc2.core.transport.ConnectionHandlerID; [Ledu.csus.ecs.pc2.core.transport.ConnectionHandlerID;@58df83f4
231209 094412.392|INFO|Thread-24652|dumpPacket|   key: PROFILE is: edu.csus.ecs.pc2.core.model.Profile DryRun--6069080675419338087
231209 094412.392|INFO|Thread-24652|dumpPacket|   key: CLIENT_ID is: edu.csus.ecs.pc2.core.model.ClientId TEAM117 @ site 1
231209 094412.392|INFO|Thread-24652|dumpPacket|   key: SITE_NUMBER is: java.lang.Integer 1
231209 094412.392|INFO|Thread-24652|dumpPacket|   key: CONTEST_INFORMATION is: edu.csus.ecs.pc2.core.model.ContestInformation edu.csus.ecs.pc2.core.model.ContestInformation@6cae3fd4
231209 094412.392|INFO|Thread-24652|dumpPacket|   key: SITE_LIST is: [Ledu.csus.ecs.pc2.core.model.Site; [Ledu.csus.ecs.pc2.core.model.Site;@739a9f7b
231209 094412.392|INFO|Thread-24652|dumpPacket|   key: PROBLEM_DATA_FILES is: [Ledu.csus.ecs.pc2.core.model.ProblemDataFiles; [Ledu.csus.ecs.pc2.core.model.ProblemDataFiles;@5880c78e
231209 094412.392|INFO|Thread-24652|dumpPacket|   key: JUDGEMENT_LIST is: [Ledu.csus.ecs.pc2.core.model.Judgement; [Ledu.csus.ecs.pc2.core.model.Judgement;@7ce43f49
231209 094412.392|INFO|Thread-24652|dumpPacket|   key: PROBLEM_LIST is: [Ledu.csus.ecs.pc2.core.model.Problem; [Ledu.csus.ecs.pc2.core.model.Problem;@6129ff9e
231209 094412.392|INFO|Thread-24652|dumpPacket|   key: GROUP_LIST is: [Ledu.csus.ecs.pc2.core.model.Group; [Ledu.csus.ecs.pc2.core.model.Group;@466fc587
231209 094412.392|INFO|Thread-24652|dumpPacket|   key: LOCAL_LOGGED_IN_USERS is: [Ledu.csus.ecs.pc2.core.model.ClientId; [Ledu.csus.ecs.pc2.core.model.ClientId;@180dd673
231209 094412.392|INFO|Thread-24652|dumpPacket|   key: SERVER_CLOCK_OFFSET is: java.util.GregorianCalendar java.util.GregorianCalendar[time=1702136652376,areFieldsSet=true,areAllFieldsSet=false,lenient=true,zone=sun.util.calendar.ZoneInfo[id="GMT",offset=0,dstSavings=0,useDaylight=false,transitions=0,lastRule=null],firstDayOfWeek=1,minimalDaysInFirstWeek=1,ERA=1,YEAR=2023,MONTH=11,WEEK_OF_YEAR=49,WEEK_OF_MONTH=2,DAY_OF_MONTH=9,DAY_OF_YEAR=343,DAY_OF_WEEK=7,DAY_OF_WEEK_IN_MONTH=2,AM_PM=1,HOUR=3,HOUR_OF_DAY=15,MINUTE=44,SECOND=12,MILLISECOND=376,ZONE_OFFSET=0,DST_OFFSET=0]
231209 094412.392|INFO|Thread-24652|dumpPacket|   key: CONTEST_IDENTIFIER is: java.lang.String DryRun--6069080675419338087
231209 094412.392|INFO|Thread-24652|dumpPacket|   key: BALLOON_SETTINGS_LIST is: [Ledu.csus.ecs.pc2.core.model.BalloonSettings; [Ledu.csus.ecs.pc2.core.model.BalloonSettings;@454ebc4c
231209 094412.392|INFO|Thread-24652|dumpPacket|   key: RUN_LIST is: [Ledu.csus.ecs.pc2.core.model.Run; [Ledu.csus.ecs.pc2.core.model.Run;@6b356e74
231209 094412.392|INFO|Thread-24652|dumpPacket|   key: ACCOUNT_ARRAY is: [Ledu.csus.ecs.pc2.core.model.Account; [Ledu.csus.ecs.pc2.core.model.Account;@53cecd68
231209 094412.392|INFO|Thread-24652|info|handlePacket start Packet[LOGIN_SUCCESS] #1914 SERVER0 @ site 1 -> TEAM117 @ site 1
231209 094412.392|INFO|Thread-24652|dumpPacket|Packet LOGIN_SUCCESS (Seq #1914, o#1914 ) handlePacket
231209 094412.392|INFO|Thread-24652|dumpPacket|  From: SERVER0 @ site 1, oSERVER0 @ site 1 (DESKTOP-D75BQTV @ 212.212.212.212) (Contest Id: DryRun--6069080675419338087)
231209 094412.392|INFO|Thread-24652|dumpPacket|    To: TEAM117 @ site 1
231209 094412.392|INFO|Thread-24652|dumpPacket|   key: PROFILE_LIST is: [Ledu.csus.ecs.pc2.core.model.Profile; [Ledu.csus.ecs.pc2.core.model.Profile;@731bfa96
231209 094412.392|INFO|Thread-24652|dumpPacket|   key: GENERAL_PROBLEM is: edu.csus.ecs.pc2.core.model.Problem General
231209 094412.392|INFO|Thread-24652|dumpPacket|   key: CLIENT_SETTINGS_LIST is: [Ledu.csus.ecs.pc2.core.model.ClientSettings; [Ledu.csus.ecs.pc2.core.model.ClientSettings;@7ddc0a85
231209 094412.392|INFO|Thread-24652|dumpPacket|   key: CONTEST_TIME is: edu.csus.ecs.pc2.core.model.ContestTime edu.csus.ecs.pc2.core.model.ContestTime@79e391e6
231209 094412.392|INFO|Thread-24652|dumpPacket|   key: CLARIFICATION_LIST is: [Ledu.csus.ecs.pc2.core.model.Clarification; [Ledu.csus.ecs.pc2.core.model.Clarification;@3ce100be
231209 094412.392|INFO|Thread-24652|dumpPacket|   key: CATEGORY_LIST is: [Ledu.csus.ecs.pc2.core.model.Category; [Ledu.csus.ecs.pc2.core.model.Category;@108292fe
231209 094412.392|INFO|Thread-24652|dumpPacket|   key: LANGUAGE_LIST is: [Ledu.csus.ecs.pc2.core.model.Language; [Ledu.csus.ecs.pc2.core.model.Language;@d173a49
231209 094412.392|INFO|Thread-24652|dumpPacket|   key: REMOTE_LOGGED_IN_USERS is: [Ledu.csus.ecs.pc2.core.model.ClientId; [Ledu.csus.ecs.pc2.core.model.ClientId;@689ef6ac
231209 094412.392|INFO|Thread-24652|dumpPacket|   key: CONTEST_TIME_LIST is: [Ledu.csus.ecs.pc2.core.model.ContestTime; [Ledu.csus.ecs.pc2.core.model.ContestTime;@5ccefff1
231209 094412.392|INFO|Thread-24652|dumpPacket|   key: CONNECTION_HANDLE_ID_LIST is: [Ledu.csus.ecs.pc2.core.transport.ConnectionHandlerID; [Ledu.csus.ecs.pc2.core.transport.ConnectionHandlerID;@58df83f4
231209 094412.392|INFO|Thread-24652|dumpPacket|   key: PROFILE is: edu.csus.ecs.pc2.core.model.Profile DryRun--6069080675419338087
231209 094412.392|INFO|Thread-24652|dumpPacket|   key: CLIENT_ID is: edu.csus.ecs.pc2.core.model.ClientId TEAM117 @ site 1
231209 094412.392|INFO|Thread-24652|dumpPacket|   key: SITE_NUMBER is: java.lang.Integer 1
231209 094412.392|INFO|Thread-24652|dumpPacket|   key: CONTEST_INFORMATION is: edu.csus.ecs.pc2.core.model.ContestInformation edu.csus.ecs.pc2.core.model.ContestInformation@6cae3fd4
231209 094412.392|INFO|Thread-24652|dumpPacket|   key: SITE_LIST is: [Ledu.csus.ecs.pc2.core.model.Site; [Ledu.csus.ecs.pc2.core.model.Site;@739a9f7b
231209 094412.392|INFO|Thread-24652|dumpPacket|   key: PROBLEM_DATA_FILES is: [Ledu.csus.ecs.pc2.core.model.ProblemDataFiles; [Ledu.csus.ecs.pc2.core.model.ProblemDataFiles;@5880c78e
231209 094412.392|INFO|Thread-24652|dumpPacket|   key: JUDGEMENT_LIST is: [Ledu.csus.ecs.pc2.core.model.Judgement; [Ledu.csus.ecs.pc2.core.model.Judgement;@7ce43f49
231209 094412.392|INFO|Thread-24652|dumpPacket|   key: PROBLEM_LIST is: [Ledu.csus.ecs.pc2.core.model.Problem; [Ledu.csus.ecs.pc2.core.model.Problem;@6129ff9e
231209 094412.392|INFO|Thread-24652|dumpPacket|   key: GROUP_LIST is: [Ledu.csus.ecs.pc2.core.model.Group; [Ledu.csus.ecs.pc2.core.model.Group;@466fc587
231209 094412.392|INFO|Thread-24652|dumpPacket|   key: LOCAL_LOGGED_IN_USERS is: [Ledu.csus.ecs.pc2.core.model.ClientId; [Ledu.csus.ecs.pc2.core.model.ClientId;@180dd673
231209 094412.392|INFO|Thread-24652|dumpPacket|   key: SERVER_CLOCK_OFFSET is: java.util.GregorianCalendar java.util.GregorianCalendar[time=1702136652376,areFieldsSet=true,areAllFieldsSet=false,lenient=true,zone=sun.util.calendar.ZoneInfo[id="GMT",offset=0,dstSavings=0,useDaylight=false,transitions=0,lastRule=null],firstDayOfWeek=1,minimalDaysInFirstWeek=1,ERA=1,YEAR=2023,MONTH=11,WEEK_OF_YEAR=49,WEEK_OF_MONTH=2,DAY_OF_MONTH=9,DAY_OF_YEAR=343,DAY_OF_WEEK=7,DAY_OF_WEEK_IN_MONTH=2,AM_PM=1,HOUR=3,HOUR_OF_DAY=15,MINUTE=44,SECOND=12,MILLISECOND=376,ZONE_OFFSET=0,DST_OFFSET=0]
231209 094412.392|INFO|Thread-24652|dumpPacket|   key: CONTEST_IDENTIFIER is: java.lang.String DryRun--6069080675419338087
231209 094412.392|INFO|Thread-24652|dumpPacket|   key: BALLOON_SETTINGS_LIST is: [Ledu.csus.ecs.pc2.core.model.BalloonSettings; [Ledu.csus.ecs.pc2.core.model.BalloonSettings;@454ebc4c
231209 094412.392|INFO|Thread-24652|dumpPacket|   key: RUN_LIST is: [Ledu.csus.ecs.pc2.core.model.Run; [Ledu.csus.ecs.pc2.core.model.Run;@6b356e74
231209 094412.392|INFO|Thread-24652|dumpPacket|   key: ACCOUNT_ARRAY is: [Ledu.csus.ecs.pc2.core.model.Account; [Ledu.csus.ecs.pc2.core.model.Account;@53cecd68
231209 103302.369|INFO|Thread-24650|connectionDropped|connectionDropped(ConnectionHandlerID myConnectionID) 
