231209 104000.651|CONFIG|Thread-49432|setFileHandlers|Now logging to C:\Users\18328\Desktop\pc2\WebTeamInterface-1.1\logs directory.
231209 104000.651|INFO|Thread-49432|info|
231209 104000.658|INFO|Thread-49432|info|Version 9 () Java ver 18.0.2.1 build  Windows 11 10.0 (amd64) 
231209 104000.658|INFO|Thread-49432|info|Login: team55 (aka team55)
231209 104000.658|INFO|Thread-49432|startLog|Working directory is C:\Users\18328\Desktop\pc2\WebTeamInterface-1.1
231209 104000.658|INFO|Thread-49432|startLog|Process id is 15028@DESKTOP-D75BQTV
231209 104000.658|INFO|Thread-49432|info| handlePacket original LOGIN_SUCCESS after -- all settings loaded 
231209 104000.658|INFO|Thread-49432|info|handlePacket end Packet[LOGIN_SUCCESS] #3675 SERVER0 @ site 1 -> TEAM55 @ site 1
231209 104000.658|INFO|Thread-49432|info| receiveObject(S) end   got Packet[LOGIN_SUCCESS] #3675 SERVER0 @ site 1 -> TEAM55 @ site 1
231209 104340.818|INFO|Thread-49641|info| receiveObject(S) start got Packet[CLOCK_STARTED] #3869 SERVER0 @ site 1 -> SERVER0 @ site 0
231209 104340.818|INFO|Thread-49641|dumpPacket|Packet CLOCK_STARTED (Seq #3869, o#3869 ) recieveObject
231209 104340.818|INFO|Thread-49641|dumpPacket|  From: SERVER0 @ site 1, oSERVER0 @ site 1 (DESKTOP-D75BQTV @ 212.212.212.212) (Contest Id: RealDeal--1957769244132597914)
231209 104340.818|INFO|Thread-49641|dumpPacket|    To: SERVER0 @ site 0
231209 104340.818|INFO|Thread-49641|dumpPacket|   key: SITE_NUMBER is: java.lang.Integer 1
231209 104340.818|INFO|Thread-49641|dumpPacket|   key: CLIENT_ID is: edu.csus.ecs.pc2.core.model.ClientId ADMINISTRATOR1 @ site 1
231209 104340.818|INFO|Thread-49641|dumpPacket|   key: SERVER_CLOCK_OFFSET is: java.util.GregorianCalendar java.util.GregorianCalendar[time=1702140220728,areFieldsSet=true,areAllFieldsSet=false,lenient=true,zone=sun.util.calendar.ZoneInfo[id="GMT",offset=0,dstSavings=0,useDaylight=false,transitions=0,lastRule=null],firstDayOfWeek=1,minimalDaysInFirstWeek=1,ERA=1,YEAR=2023,MONTH=11,WEEK_OF_YEAR=49,WEEK_OF_MONTH=2,DAY_OF_MONTH=9,DAY_OF_YEAR=343,DAY_OF_WEEK=7,DAY_OF_WEEK_IN_MONTH=2,AM_PM=1,HOUR=4,HOUR_OF_DAY=16,MINUTE=43,SECOND=40,MILLISECOND=728,ZONE_OFFSET=0,DST_OFFSET=0]
231209 104340.818|INFO|Thread-49641|info|handlePacket start Packet[CLOCK_STARTED] #3869 SERVER0 @ site 1 -> SERVER0 @ site 0
231209 104340.818|INFO|Thread-49641|dumpPacket|Packet CLOCK_STARTED (Seq #3869, o#3869 ) handlePacket
231209 104340.818|INFO|Thread-49641|dumpPacket|  From: SERVER0 @ site 1, oSERVER0 @ site 1 (DESKTOP-D75BQTV @ 212.212.212.212) (Contest Id: RealDeal--1957769244132597914)
231209 104340.818|INFO|Thread-49641|dumpPacket|    To: SERVER0 @ site 0
231209 104340.818|INFO|Thread-49641|dumpPacket|   key: SITE_NUMBER is: java.lang.Integer 1
231209 104340.818|INFO|Thread-49641|dumpPacket|   key: CLIENT_ID is: edu.csus.ecs.pc2.core.model.ClientId ADMINISTRATOR1 @ site 1
231209 104340.818|INFO|Thread-49641|dumpPacket|   key: SERVER_CLOCK_OFFSET is: java.util.GregorianCalendar java.util.GregorianCalendar[time=1702140220728,areFieldsSet=true,areAllFieldsSet=false,lenient=true,zone=sun.util.calendar.ZoneInfo[id="GMT",offset=0,dstSavings=0,useDaylight=false,transitions=0,lastRule=null],firstDayOfWeek=1,minimalDaysInFirstWeek=1,ERA=1,YEAR=2023,MONTH=11,WEEK_OF_YEAR=49,WEEK_OF_MONTH=2,DAY_OF_MONTH=9,DAY_OF_YEAR=343,DAY_OF_WEEK=7,DAY_OF_WEEK_IN_MONTH=2,AM_PM=1,HOUR=4,HOUR_OF_DAY=16,MINUTE=43,SECOND=40,MILLISECOND=728,ZONE_OFFSET=0,DST_OFFSET=0]
231209 104340.818|INFO|Thread-49641|info|Clock for site 1 started by ADMINISTRATOR1 @ site 1 elapsed 0:00:00
231209 104340.850|INFO|Thread-49641|info| receiveObject(S) end   got Packet[CLOCK_STARTED] #3869 SERVER0 @ site 1 -> SERVER0 @ site 0
231209 104900.084|INFO|Thread-55676|info| receiveObject(S) start got Packet[CLARIFICATION_ANSWER_UPDATE] #4015 SERVER0 @ site 1 -> SERVER0 @ site 0
231209 104900.084|INFO|Thread-55676|dumpPacket|Packet CLARIFICATION_ANSWER_UPDATE (Seq #4015, o#4015 ) recieveObject
231209 104900.084|INFO|Thread-55676|dumpPacket|  From: SERVER0 @ site 1, oSERVER0 @ site 1 (DESKTOP-D75BQTV @ 212.212.212.212) (Contest Id: RealDeal--1957769244132597914)
231209 104900.084|INFO|Thread-55676|dumpPacket|    To: SERVER0 @ site 0
231209 104900.084|INFO|Thread-55676|dumpPacket|   key: CLARIFICATION is: edu.csus.ecs.pc2.core.model.Clarification Clarification 1 ANSWERED from TEAM91 @ site 1 at 4 id=Clarification--3513482260916480937
231209 104900.084|INFO|Thread-55676|dumpPacket|   key: CLARIFICATION_ANSWER is: java.lang.String No response, read problem statement
231209 104900.084|INFO|Thread-55676|dumpPacket|   key: CLIENT_ID is: edu.csus.ecs.pc2.core.model.ClientId ADMINISTRATOR1 @ site 1
231209 104900.084|INFO|Thread-55676|info|handlePacket start Packet[CLARIFICATION_ANSWER_UPDATE] #4015 SERVER0 @ site 1 -> SERVER0 @ site 0
231209 104900.084|INFO|Thread-55676|dumpPacket|Packet CLARIFICATION_ANSWER_UPDATE (Seq #4015, o#4015 ) handlePacket
231209 104900.084|INFO|Thread-55676|dumpPacket|  From: SERVER0 @ site 1, oSERVER0 @ site 1 (DESKTOP-D75BQTV @ 212.212.212.212) (Contest Id: RealDeal--1957769244132597914)
231209 104900.084|INFO|Thread-55676|dumpPacket|    To: SERVER0 @ site 0
231209 104900.084|INFO|Thread-55676|dumpPacket|   key: CLARIFICATION is: edu.csus.ecs.pc2.core.model.Clarification Clarification 1 ANSWERED from TEAM91 @ site 1 at 4 id=Clarification--3513482260916480937
231209 104900.084|INFO|Thread-55676|dumpPacket|   key: CLARIFICATION_ANSWER is: java.lang.String No response, read problem statement
231209 104900.084|INFO|Thread-55676|dumpPacket|   key: CLIENT_ID is: edu.csus.ecs.pc2.core.model.ClientId ADMINISTRATOR1 @ site 1
231209 104900.089|INFO|Thread-55676|info| receiveObject(S) end   got Packet[CLARIFICATION_ANSWER_UPDATE] #4015 SERVER0 @ site 1 -> SERVER0 @ site 0
231209 104938.177|INFO|Thread-56510|info| receiveObject(S) start got Packet[CLARIFICATION_ANSWER_UPDATE] #4032 SERVER0 @ site 1 -> SERVER0 @ site 0
231209 104938.177|INFO|Thread-56510|dumpPacket|Packet CLARIFICATION_ANSWER_UPDATE (Seq #4032, o#4032 ) recieveObject
231209 104938.177|INFO|Thread-56510|dumpPacket|  From: SERVER0 @ site 1, oSERVER0 @ site 1 (DESKTOP-D75BQTV @ 212.212.212.212) (Contest Id: RealDeal--1957769244132597914)
231209 104938.177|INFO|Thread-56510|dumpPacket|    To: SERVER0 @ site 0
231209 104938.177|INFO|Thread-56510|dumpPacket|   key: CLARIFICATION is: edu.csus.ecs.pc2.core.model.Clarification Clarification 2 ANSWERED from JUDGE3 @ site 1 at 5 id=Clarification-2100581527514594593
231209 104938.177|INFO|Thread-56510|dumpPacket|   key: CLARIFICATION_ANSWER is: java.lang.String Read above
231209 104938.177|INFO|Thread-56510|dumpPacket|   key: CLIENT_ID is: edu.csus.ecs.pc2.core.model.ClientId ADMINISTRATOR1 @ site 1
231209 104938.177|INFO|Thread-56510|info|handlePacket start Packet[CLARIFICATION_ANSWER_UPDATE] #4032 SERVER0 @ site 1 -> SERVER0 @ site 0
231209 104938.178|INFO|Thread-56510|dumpPacket|Packet CLARIFICATION_ANSWER_UPDATE (Seq #4032, o#4032 ) handlePacket
231209 104938.178|INFO|Thread-56510|dumpPacket|  From: SERVER0 @ site 1, oSERVER0 @ site 1 (DESKTOP-D75BQTV @ 212.212.212.212) (Contest Id: RealDeal--1957769244132597914)
231209 104938.178|INFO|Thread-56510|dumpPacket|    To: SERVER0 @ site 0
231209 104938.178|INFO|Thread-56510|dumpPacket|   key: CLARIFICATION is: edu.csus.ecs.pc2.core.model.Clarification Clarification 2 ANSWERED from JUDGE3 @ site 1 at 5 id=Clarification-2100581527514594593
231209 104938.178|INFO|Thread-56510|dumpPacket|   key: CLARIFICATION_ANSWER is: java.lang.String Read above
231209 104938.178|INFO|Thread-56510|dumpPacket|   key: CLIENT_ID is: edu.csus.ecs.pc2.core.model.ClientId ADMINISTRATOR1 @ site 1
231209 104938.178|INFO|Thread-56510|info| receiveObject(S) end   got Packet[CLARIFICATION_ANSWER_UPDATE] #4032 SERVER0 @ site 1 -> SERVER0 @ site 0
231209 105758.530|INFO|Thread-64849|info| receiveObject(S) start got Packet[CLARIFICATION_ANSWER_UPDATE] #4323 SERVER0 @ site 1 -> SERVER0 @ site 0
231209 105758.530|INFO|Thread-64849|dumpPacket|Packet CLARIFICATION_ANSWER_UPDATE (Seq #4323, o#4323 ) recieveObject
231209 105758.530|INFO|Thread-64849|dumpPacket|  From: SERVER0 @ site 1, oSERVER0 @ site 1 (DESKTOP-D75BQTV @ 212.212.212.212) (Contest Id: RealDeal--1957769244132597914)
231209 105758.530|INFO|Thread-64849|dumpPacket|    To: SERVER0 @ site 0
231209 105758.530|INFO|Thread-64849|dumpPacket|   key: CLARIFICATION is: edu.csus.ecs.pc2.core.model.Clarification Clarification 3 ANSWERED from TEAM77 @ site 1 at 7 id=Clarification--6384166243320002001
231209 105758.530|INFO|Thread-64849|dumpPacket|   key: CLARIFICATION_ANSWER is: java.lang.String Its a 0.
231209 105758.530|INFO|Thread-64849|dumpPacket|   key: CLIENT_ID is: edu.csus.ecs.pc2.core.model.ClientId ADMINISTRATOR1 @ site 1
231209 105758.530|INFO|Thread-64849|info|handlePacket start Packet[CLARIFICATION_ANSWER_UPDATE] #4323 SERVER0 @ site 1 -> SERVER0 @ site 0
231209 105758.530|INFO|Thread-64849|dumpPacket|Packet CLARIFICATION_ANSWER_UPDATE (Seq #4323, o#4323 ) handlePacket
231209 105758.530|INFO|Thread-64849|dumpPacket|  From: SERVER0 @ site 1, oSERVER0 @ site 1 (DESKTOP-D75BQTV @ 212.212.212.212) (Contest Id: RealDeal--1957769244132597914)
231209 105758.530|INFO|Thread-64849|dumpPacket|    To: SERVER0 @ site 0
231209 105758.530|INFO|Thread-64849|dumpPacket|   key: CLARIFICATION is: edu.csus.ecs.pc2.core.model.Clarification Clarification 3 ANSWERED from TEAM77 @ site 1 at 7 id=Clarification--6384166243320002001
231209 105758.530|INFO|Thread-64849|dumpPacket|   key: CLARIFICATION_ANSWER is: java.lang.String Its a 0.
231209 105758.530|INFO|Thread-64849|dumpPacket|   key: CLIENT_ID is: edu.csus.ecs.pc2.core.model.ClientId ADMINISTRATOR1 @ site 1
231209 105758.544|INFO|Thread-64849|info| receiveObject(S) end   got Packet[CLARIFICATION_ANSWER_UPDATE] #4323 SERVER0 @ site 1 -> SERVER0 @ site 0
231209 110012.939|INFO|Thread-64974|info| receiveObject(S) start got Packet[CLARIFICATION_ANSWER_UPDATE] #4399 SERVER0 @ site 1 -> SERVER0 @ site 0
231209 110012.939|INFO|Thread-64974|dumpPacket|Packet CLARIFICATION_ANSWER_UPDATE (Seq #4399, o#4399 ) recieveObject
231209 110012.939|INFO|Thread-64974|dumpPacket|  From: SERVER0 @ site 1, oSERVER0 @ site 1 (DESKTOP-D75BQTV @ 212.212.212.212) (Contest Id: RealDeal--1957769244132597914)
231209 110012.939|INFO|Thread-64974|dumpPacket|    To: SERVER0 @ site 0
231209 110012.939|INFO|Thread-64974|dumpPacket|   key: CLARIFICATION is: edu.csus.ecs.pc2.core.model.Clarification Clarification 4 ANSWERED from TEAM82 @ site 1 at 14 id=Clarification-5863903242636736970
231209 110012.939|INFO|Thread-64974|dumpPacket|   key: CLARIFICATION_ANSWER is: java.lang.String Read the problem description.
231209 110012.939|INFO|Thread-64974|dumpPacket|   key: CLIENT_ID is: edu.csus.ecs.pc2.core.model.ClientId JUDGE10 @ site 1
231209 110012.939|INFO|Thread-64974|info|handlePacket start Packet[CLARIFICATION_ANSWER_UPDATE] #4399 SERVER0 @ site 1 -> SERVER0 @ site 0
231209 110012.939|INFO|Thread-64974|dumpPacket|Packet CLARIFICATION_ANSWER_UPDATE (Seq #4399, o#4399 ) handlePacket
231209 110012.939|INFO|Thread-64974|dumpPacket|  From: SERVER0 @ site 1, oSERVER0 @ site 1 (DESKTOP-D75BQTV @ 212.212.212.212) (Contest Id: RealDeal--1957769244132597914)
231209 110012.939|INFO|Thread-64974|dumpPacket|    To: SERVER0 @ site 0
231209 110012.939|INFO|Thread-64974|dumpPacket|   key: CLARIFICATION is: edu.csus.ecs.pc2.core.model.Clarification Clarification 4 ANSWERED from TEAM82 @ site 1 at 14 id=Clarification-5863903242636736970
231209 110012.939|INFO|Thread-64974|dumpPacket|   key: CLARIFICATION_ANSWER is: java.lang.String Read the problem description.
231209 110012.939|INFO|Thread-64974|dumpPacket|   key: CLIENT_ID is: edu.csus.ecs.pc2.core.model.ClientId JUDGE10 @ site 1
231209 110012.939|INFO|Thread-64974|info| receiveObject(S) end   got Packet[CLARIFICATION_ANSWER_UPDATE] #4399 SERVER0 @ site 1 -> SERVER0 @ site 0
231209 110139.171|INFO|Thread-65134|info| receiveObject(S) start got Packet[CLARIFICATION_ANSWER_UPDATE] #4469 SERVER0 @ site 1 -> SERVER0 @ site 0
231209 110139.171|INFO|Thread-65134|dumpPacket|Packet CLARIFICATION_ANSWER_UPDATE (Seq #4469, o#4469 ) recieveObject
231209 110139.171|INFO|Thread-65134|dumpPacket|  From: SERVER0 @ site 1, oSERVER0 @ site 1 (DESKTOP-D75BQTV @ 212.212.212.212) (Contest Id: RealDeal--1957769244132597914)
231209 110139.171|INFO|Thread-65134|dumpPacket|    To: SERVER0 @ site 0
231209 110139.171|INFO|Thread-65134|dumpPacket|   key: CLARIFICATION is: edu.csus.ecs.pc2.core.model.Clarification Clarification 5 ANSWERED from TEAM50 @ site 1 at 16 id=Clarification-1647212286997947126
231209 110139.171|INFO|Thread-65134|dumpPacket|   key: CLARIFICATION_ANSWER is: java.lang.String yes
231209 110139.171|INFO|Thread-65134|dumpPacket|   key: CLIENT_ID is: edu.csus.ecs.pc2.core.model.ClientId JUDGE10 @ site 1
231209 110139.171|INFO|Thread-65134|info|handlePacket start Packet[CLARIFICATION_ANSWER_UPDATE] #4469 SERVER0 @ site 1 -> SERVER0 @ site 0
231209 110139.171|INFO|Thread-65134|dumpPacket|Packet CLARIFICATION_ANSWER_UPDATE (Seq #4469, o#4469 ) handlePacket
231209 110139.171|INFO|Thread-65134|dumpPacket|  From: SERVER0 @ site 1, oSERVER0 @ site 1 (DESKTOP-D75BQTV @ 212.212.212.212) (Contest Id: RealDeal--1957769244132597914)
231209 110139.171|INFO|Thread-65134|dumpPacket|    To: SERVER0 @ site 0
231209 110139.171|INFO|Thread-65134|dumpPacket|   key: CLARIFICATION is: edu.csus.ecs.pc2.core.model.Clarification Clarification 5 ANSWERED from TEAM50 @ site 1 at 16 id=Clarification-1647212286997947126
231209 110139.171|INFO|Thread-65134|dumpPacket|   key: CLARIFICATION_ANSWER is: java.lang.String yes
231209 110139.171|INFO|Thread-65134|dumpPacket|   key: CLIENT_ID is: edu.csus.ecs.pc2.core.model.ClientId JUDGE10 @ site 1
231209 110139.186|INFO|Thread-65134|info| receiveObject(S) end   got Packet[CLARIFICATION_ANSWER_UPDATE] #4469 SERVER0 @ site 1 -> SERVER0 @ site 0
231209 110428.087|INFO|qtp135640095-49663|sendToLocalServer|Sending packet to server Packet[RUN_SUBMISSION] #843 TEAM55 @ site 1 -> SERVER0 @ site 1
231209 110428.087|INFO|qtp135640095-49663|sendToLocalServer|Sent    packet to server Packet[RUN_SUBMISSION] #843 TEAM55 @ site 1 -> SERVER0 @ site 1
231209 110428.143|INFO|Thread-65201|info| receiveObject(S) start got Packet[RUN_SUBMISSION_CONFIRM] #4598 SERVER0 @ site 1 -> TEAM55 @ site 1
231209 110428.143|INFO|Thread-65201|dumpPacket|Packet RUN_SUBMISSION_CONFIRM (Seq #4598, o#4598 ) recieveObject
231209 110428.143|INFO|Thread-65201|dumpPacket|  From: SERVER0 @ site 1, oSERVER0 @ site 1 (DESKTOP-D75BQTV @ 212.212.212.212) (Contest Id: RealDeal--1957769244132597914)
231209 110428.143|INFO|Thread-65201|dumpPacket|    To: TEAM55 @ site 1
231209 110428.143|INFO|Thread-65201|dumpPacket|   key: RUN is: edu.csus.ecs.pc2.core.model.Run Run 90 NEW 20 min 1247359ms from TEAM55 @ site 1 id Run-4960878631497207269 problem Missing_Cat--8325778690036057049 lang Java--8800253324652192008
231209 110428.143|INFO|Thread-65201|info|handlePacket start Packet[RUN_SUBMISSION_CONFIRM] #4598 SERVER0 @ site 1 -> TEAM55 @ site 1
231209 110428.143|INFO|Thread-65201|dumpPacket|Packet RUN_SUBMISSION_CONFIRM (Seq #4598, o#4598 ) handlePacket
231209 110428.143|INFO|Thread-65201|dumpPacket|  From: SERVER0 @ site 1, oSERVER0 @ site 1 (DESKTOP-D75BQTV @ 212.212.212.212) (Contest Id: RealDeal--1957769244132597914)
231209 110428.143|INFO|Thread-65201|dumpPacket|    To: TEAM55 @ site 1
231209 110428.143|INFO|Thread-65201|dumpPacket|   key: RUN is: edu.csus.ecs.pc2.core.model.Run Run 90 NEW 20 min 1247359ms from TEAM55 @ site 1 id Run-4960878631497207269 problem Missing_Cat--8325778690036057049 lang Java--8800253324652192008
231209 110428.143|INFO|Thread-65201|info| receiveObject(S) end   got Packet[RUN_SUBMISSION_CONFIRM] #4598 SERVER0 @ site 1 -> TEAM55 @ site 1
231209 110446.767|INFO|Thread-65279|info| receiveObject(S) start got Packet[CLARIFICATION_ANSWER_UPDATE] #4608 SERVER0 @ site 1 -> SERVER0 @ site 0
231209 110446.767|INFO|Thread-65279|dumpPacket|Packet CLARIFICATION_ANSWER_UPDATE (Seq #4608, o#4608 ) recieveObject
231209 110446.767|INFO|Thread-65279|dumpPacket|  From: SERVER0 @ site 1, oSERVER0 @ site 1 (DESKTOP-D75BQTV @ 212.212.212.212) (Contest Id: RealDeal--1957769244132597914)
231209 110446.767|INFO|Thread-65279|dumpPacket|    To: SERVER0 @ site 0
231209 110446.767|INFO|Thread-65279|dumpPacket|   key: CLARIFICATION is: edu.csus.ecs.pc2.core.model.Clarification Clarification 6 ANSWERED from TEAM117 @ site 1 at 20 id=Clarification-7620427522712153602
231209 110446.767|INFO|Thread-65279|dumpPacket|   key: CLARIFICATION_ANSWER is: java.lang.String There may be.
231209 110446.767|INFO|Thread-65279|dumpPacket|   key: CLIENT_ID is: edu.csus.ecs.pc2.core.model.ClientId ADMINISTRATOR1 @ site 1
231209 110446.767|INFO|Thread-65279|info|handlePacket start Packet[CLARIFICATION_ANSWER_UPDATE] #4608 SERVER0 @ site 1 -> SERVER0 @ site 0
231209 110446.767|INFO|Thread-65279|dumpPacket|Packet CLARIFICATION_ANSWER_UPDATE (Seq #4608, o#4608 ) handlePacket
231209 110446.767|INFO|Thread-65279|dumpPacket|  From: SERVER0 @ site 1, oSERVER0 @ site 1 (DESKTOP-D75BQTV @ 212.212.212.212) (Contest Id: RealDeal--1957769244132597914)
231209 110446.767|INFO|Thread-65279|dumpPacket|    To: SERVER0 @ site 0
231209 110446.767|INFO|Thread-65279|dumpPacket|   key: CLARIFICATION is: edu.csus.ecs.pc2.core.model.Clarification Clarification 6 ANSWERED from TEAM117 @ site 1 at 20 id=Clarification-7620427522712153602
231209 110446.767|INFO|Thread-65279|dumpPacket|   key: CLARIFICATION_ANSWER is: java.lang.String There may be.
231209 110446.767|INFO|Thread-65279|dumpPacket|   key: CLIENT_ID is: edu.csus.ecs.pc2.core.model.ClientId ADMINISTRATOR1 @ site 1
231209 110446.772|INFO|Thread-65279|info| receiveObject(S) end   got Packet[CLARIFICATION_ANSWER_UPDATE] #4608 SERVER0 @ site 1 -> SERVER0 @ site 0
231209 110450.561|INFO|Thread-65305|info| receiveObject(S) start got Packet[RUN_JUDGEMENT] #4609 SERVER0 @ site 1 -> TEAM55 @ site 1
231209 110450.561|INFO|Thread-65305|dumpPacket|Packet RUN_JUDGEMENT (Seq #4609, o#4609 ) recieveObject
231209 110450.561|INFO|Thread-65305|dumpPacket|  From: SERVER0 @ site 1, oSERVER0 @ site 1 (DESKTOP-D75BQTV @ 212.212.212.212) (Contest Id: RealDeal--1957769244132597914)
231209 110450.561|INFO|Thread-65305|dumpPacket|    To: TEAM55 @ site 1
231209 110450.561|INFO|Thread-65305|dumpPacket|   key: JUDGEMENT_RECORD is: edu.csus.ecs.pc2.core.model.JudgementRecord No by JUDGE2 @ site 1 judgement No_-_Wrong_Answer-7097647880754622437 id JudgementRecord-5607781115991252892
231209 110450.561|INFO|Thread-65305|dumpPacket|   key: RUN is: edu.csus.ecs.pc2.core.model.Run Run 90 JUDGED 20 min 1247359ms from TEAM55 @ site 1 id Run-4960878631497207269 problem Missing_Cat--8325778690036057049 lang Java--8800253324652192008
231209 110450.561|INFO|Thread-65305|dumpPacket|   key: CLIENT_ID is: edu.csus.ecs.pc2.core.model.ClientId SERVER0 @ site 1
231209 110450.561|INFO|Thread-65305|info|handlePacket start Packet[RUN_JUDGEMENT] #4609 SERVER0 @ site 1 -> TEAM55 @ site 1
231209 110450.561|INFO|Thread-65305|dumpPacket|Packet RUN_JUDGEMENT (Seq #4609, o#4609 ) handlePacket
231209 110450.561|INFO|Thread-65305|dumpPacket|  From: SERVER0 @ site 1, oSERVER0 @ site 1 (DESKTOP-D75BQTV @ 212.212.212.212) (Contest Id: RealDeal--1957769244132597914)
231209 110450.561|INFO|Thread-65305|dumpPacket|    To: TEAM55 @ site 1
231209 110450.561|INFO|Thread-65305|dumpPacket|   key: JUDGEMENT_RECORD is: edu.csus.ecs.pc2.core.model.JudgementRecord No by JUDGE2 @ site 1 judgement No_-_Wrong_Answer-7097647880754622437 id JudgementRecord-5607781115991252892
231209 110450.561|INFO|Thread-65305|dumpPacket|   key: RUN is: edu.csus.ecs.pc2.core.model.Run Run 90 JUDGED 20 min 1247359ms from TEAM55 @ site 1 id Run-4960878631497207269 problem Missing_Cat--8325778690036057049 lang Java--8800253324652192008
231209 110450.561|INFO|Thread-65305|dumpPacket|   key: CLIENT_ID is: edu.csus.ecs.pc2.core.model.ClientId SERVER0 @ site 1
231209 110450.561|INFO|Thread-65305|info| receiveObject(S) end   got Packet[RUN_JUDGEMENT] #4609 SERVER0 @ site 1 -> TEAM55 @ site 1
231209 110645.427|INFO|Thread-65421|info| receiveObject(S) start got Packet[UPDATE_SETTING] #4698 SERVER0 @ site 1 -> SERVER0 @ site 0
231209 110645.427|INFO|Thread-65421|dumpPacket|Packet UPDATE_SETTING (Seq #4698, o#139 ) recieveObject
231209 110645.427|INFO|Thread-65421|dumpPacket|  From: SERVER0 @ site 1, oADMINISTRATOR1 @ site 1 (DESKTOP-D75BQTV @ 212.212.212.212) (Contest Id: RealDeal--1957769244132597914)
231209 110645.427|INFO|Thread-65421|dumpPacket|    To: SERVER0 @ site 0
231209 110645.427|INFO|Thread-65421|dumpPacket|   key: PROBLEM is: edu.csus.ecs.pc2.core.model.Problem Shuffle
231209 110645.427|INFO|Thread-65421|info|handlePacket start Packet[UPDATE_SETTING] #4698 SERVER0 @ site 1 -> SERVER0 @ site 0
231209 110645.427|INFO|Thread-65421|dumpPacket|Packet UPDATE_SETTING (Seq #4698, o#139 ) handlePacket
231209 110645.427|INFO|Thread-65421|dumpPacket|  From: SERVER0 @ site 1, oADMINISTRATOR1 @ site 1 (DESKTOP-D75BQTV @ 212.212.212.212) (Contest Id: RealDeal--1957769244132597914)
231209 110645.427|INFO|Thread-65421|dumpPacket|    To: SERVER0 @ site 0
231209 110645.427|INFO|Thread-65421|dumpPacket|   key: PROBLEM is: edu.csus.ecs.pc2.core.model.Problem Shuffle
231209 110645.427|INFO|Thread-65421|info|handlePacket end Packet[UPDATE_SETTING] #4698 SERVER0 @ site 1 -> SERVER0 @ site 0
231209 110645.429|INFO|Thread-65421|info| receiveObject(S) end   got Packet[UPDATE_SETTING] #4698 SERVER0 @ site 1 -> SERVER0 @ site 0
231209 111315.676|INFO|Thread-65626|info| receiveObject(S) start got Packet[CLARIFICATION_ANSWER_UPDATE] #4919 SERVER0 @ site 1 -> SERVER0 @ site 0
231209 111315.677|INFO|Thread-65626|dumpPacket|Packet CLARIFICATION_ANSWER_UPDATE (Seq #4919, o#4919 ) recieveObject
231209 111315.677|INFO|Thread-65626|dumpPacket|  From: SERVER0 @ site 1, oSERVER0 @ site 1 (DESKTOP-D75BQTV @ 212.212.212.212) (Contest Id: RealDeal--1957769244132597914)
231209 111315.677|INFO|Thread-65626|dumpPacket|    To: SERVER0 @ site 0
231209 111315.677|INFO|Thread-65626|dumpPacket|   key: CLARIFICATION is: edu.csus.ecs.pc2.core.model.Clarification Clarification 9 ANSWERED from TEAM75 @ site 1 at 27 id=Clarification-2320838978162202316
231209 111315.677|INFO|Thread-65626|dumpPacket|   key: CLARIFICATION_ANSWER is: java.lang.String No response, read problem statement
231209 111315.677|INFO|Thread-65626|dumpPacket|   key: CLIENT_ID is: edu.csus.ecs.pc2.core.model.ClientId ADMINISTRATOR1 @ site 1
231209 111315.677|INFO|Thread-65626|info|handlePacket start Packet[CLARIFICATION_ANSWER_UPDATE] #4919 SERVER0 @ site 1 -> SERVER0 @ site 0
231209 111315.677|INFO|Thread-65626|dumpPacket|Packet CLARIFICATION_ANSWER_UPDATE (Seq #4919, o#4919 ) handlePacket
231209 111315.677|INFO|Thread-65626|dumpPacket|  From: SERVER0 @ site 1, oSERVER0 @ site 1 (DESKTOP-D75BQTV @ 212.212.212.212) (Contest Id: RealDeal--1957769244132597914)
231209 111315.677|INFO|Thread-65626|dumpPacket|    To: SERVER0 @ site 0
231209 111315.677|INFO|Thread-65626|dumpPacket|   key: CLARIFICATION is: edu.csus.ecs.pc2.core.model.Clarification Clarification 9 ANSWERED from TEAM75 @ site 1 at 27 id=Clarification-2320838978162202316
231209 111315.677|INFO|Thread-65626|dumpPacket|   key: CLARIFICATION_ANSWER is: java.lang.String No response, read problem statement
231209 111315.677|INFO|Thread-65626|dumpPacket|   key: CLIENT_ID is: edu.csus.ecs.pc2.core.model.ClientId ADMINISTRATOR1 @ site 1
231209 111315.677|INFO|Thread-65626|info| receiveObject(S) end   got Packet[CLARIFICATION_ANSWER_UPDATE] #4919 SERVER0 @ site 1 -> SERVER0 @ site 0
231209 111459.791|INFO|Thread-65772|info| receiveObject(S) start got Packet[CLARIFICATION_ANSWER_UPDATE] #4991 SERVER0 @ site 1 -> SERVER0 @ site 0
231209 111459.791|INFO|Thread-65772|dumpPacket|Packet CLARIFICATION_ANSWER_UPDATE (Seq #4991, o#4991 ) recieveObject
231209 111459.791|INFO|Thread-65772|dumpPacket|  From: SERVER0 @ site 1, oSERVER0 @ site 1 (DESKTOP-D75BQTV @ 212.212.212.212) (Contest Id: RealDeal--1957769244132597914)
231209 111459.791|INFO|Thread-65772|dumpPacket|    To: SERVER0 @ site 0
231209 111459.791|INFO|Thread-65772|dumpPacket|   key: CLARIFICATION is: edu.csus.ecs.pc2.core.model.Clarification Clarification 10 ANSWERED from TEAM81 @ site 1 at 28 id=Clarification--5973036823618156599
231209 111459.791|INFO|Thread-65772|dumpPacket|   key: CLARIFICATION_ANSWER is: java.lang.String It is 3/4 a cup of butter
231209 111459.791|INFO|Thread-65772|dumpPacket|   key: CLIENT_ID is: edu.csus.ecs.pc2.core.model.ClientId JUDGE10 @ site 1
231209 111459.791|INFO|Thread-65772|info|handlePacket start Packet[CLARIFICATION_ANSWER_UPDATE] #4991 SERVER0 @ site 1 -> SERVER0 @ site 0
231209 111459.791|INFO|Thread-65772|dumpPacket|Packet CLARIFICATION_ANSWER_UPDATE (Seq #4991, o#4991 ) handlePacket
231209 111459.791|INFO|Thread-65772|dumpPacket|  From: SERVER0 @ site 1, oSERVER0 @ site 1 (DESKTOP-D75BQTV @ 212.212.212.212) (Contest Id: RealDeal--1957769244132597914)
231209 111459.791|INFO|Thread-65772|dumpPacket|    To: SERVER0 @ site 0
231209 111459.791|INFO|Thread-65772|dumpPacket|   key: CLARIFICATION is: edu.csus.ecs.pc2.core.model.Clarification Clarification 10 ANSWERED from TEAM81 @ site 1 at 28 id=Clarification--5973036823618156599
231209 111459.791|INFO|Thread-65772|dumpPacket|   key: CLARIFICATION_ANSWER is: java.lang.String It is 3/4 a cup of butter
231209 111459.791|INFO|Thread-65772|dumpPacket|   key: CLIENT_ID is: edu.csus.ecs.pc2.core.model.ClientId JUDGE10 @ site 1
231209 111459.845|INFO|Thread-65772|info| receiveObject(S) end   got Packet[CLARIFICATION_ANSWER_UPDATE] #4991 SERVER0 @ site 1 -> SERVER0 @ site 0
231209 112939.700|INFO|qtp135640095-64836|sendToLocalServer|Sending packet to server Packet[RUN_SUBMISSION] #993 TEAM55 @ site 1 -> SERVER0 @ site 1
231209 112939.700|INFO|qtp135640095-64836|sendToLocalServer|Sent    packet to server Packet[RUN_SUBMISSION] #993 TEAM55 @ site 1 -> SERVER0 @ site 1
231209 112939.827|INFO|Thread-66061|info| receiveObject(S) start got Packet[RUN_SUBMISSION_CONFIRM] #5536 SERVER0 @ site 1 -> TEAM55 @ site 1
231209 112939.827|INFO|Thread-66061|dumpPacket|Packet RUN_SUBMISSION_CONFIRM (Seq #5536, o#5536 ) recieveObject
231209 112939.827|INFO|Thread-66061|dumpPacket|  From: SERVER0 @ site 1, oSERVER0 @ site 1 (DESKTOP-D75BQTV @ 212.212.212.212) (Contest Id: RealDeal--1957769244132597914)
231209 112939.827|INFO|Thread-66061|dumpPacket|    To: TEAM55 @ site 1
231209 112939.827|INFO|Thread-66061|dumpPacket|   key: RUN is: edu.csus.ecs.pc2.core.model.Run Run 228 NEW 45 min 2758972ms from TEAM55 @ site 1 id Run-6253057087071832879 problem Shuffle-6042438827781162179 lang Java--8800253324652192008
231209 112939.827|INFO|Thread-66061|info|handlePacket start Packet[RUN_SUBMISSION_CONFIRM] #5536 SERVER0 @ site 1 -> TEAM55 @ site 1
231209 112939.827|INFO|Thread-66061|dumpPacket|Packet RUN_SUBMISSION_CONFIRM (Seq #5536, o#5536 ) handlePacket
231209 112939.827|INFO|Thread-66061|dumpPacket|  From: SERVER0 @ site 1, oSERVER0 @ site 1 (DESKTOP-D75BQTV @ 212.212.212.212) (Contest Id: RealDeal--1957769244132597914)
231209 112939.827|INFO|Thread-66061|dumpPacket|    To: TEAM55 @ site 1
231209 112939.827|INFO|Thread-66061|dumpPacket|   key: RUN is: edu.csus.ecs.pc2.core.model.Run Run 228 NEW 45 min 2758972ms from TEAM55 @ site 1 id Run-6253057087071832879 problem Shuffle-6042438827781162179 lang Java--8800253324652192008
231209 112939.827|INFO|Thread-66061|info| receiveObject(S) end   got Packet[RUN_SUBMISSION_CONFIRM] #5536 SERVER0 @ site 1 -> TEAM55 @ site 1
231209 112945.957|INFO|Thread-66065|info| receiveObject(S) start got Packet[RUN_JUDGEMENT] #5549 SERVER0 @ site 1 -> TEAM55 @ site 1
231209 112945.957|INFO|Thread-66065|dumpPacket|Packet RUN_JUDGEMENT (Seq #5549, o#5549 ) recieveObject
231209 112945.957|INFO|Thread-66065|dumpPacket|  From: SERVER0 @ site 1, oSERVER0 @ site 1 (DESKTOP-D75BQTV @ 212.212.212.212) (Contest Id: RealDeal--1957769244132597914)
231209 112945.957|INFO|Thread-66065|dumpPacket|    To: TEAM55 @ site 1
231209 112945.957|INFO|Thread-66065|dumpPacket|   key: JUDGEMENT_RECORD is: edu.csus.ecs.pc2.core.model.JudgementRecord Yes by JUDGE10 @ site 1 judgement Yes-2915828768858405923 id JudgementRecord-5497354681991905157
231209 112945.957|INFO|Thread-66065|dumpPacket|   key: RUN is: edu.csus.ecs.pc2.core.model.Run Run 228 JUDGED 45 min 2758972ms from TEAM55 @ site 1 id Run-6253057087071832879 problem Shuffle-6042438827781162179 lang Java--8800253324652192008
231209 112945.957|INFO|Thread-66065|dumpPacket|   key: CLIENT_ID is: edu.csus.ecs.pc2.core.model.ClientId SERVER0 @ site 1
231209 112945.957|INFO|Thread-66065|info|handlePacket start Packet[RUN_JUDGEMENT] #5549 SERVER0 @ site 1 -> TEAM55 @ site 1
231209 112945.957|INFO|Thread-66065|dumpPacket|Packet RUN_JUDGEMENT (Seq #5549, o#5549 ) handlePacket
231209 112945.957|INFO|Thread-66065|dumpPacket|  From: SERVER0 @ site 1, oSERVER0 @ site 1 (DESKTOP-D75BQTV @ 212.212.212.212) (Contest Id: RealDeal--1957769244132597914)
231209 112945.957|INFO|Thread-66065|dumpPacket|    To: TEAM55 @ site 1
231209 112945.957|INFO|Thread-66065|dumpPacket|   key: JUDGEMENT_RECORD is: edu.csus.ecs.pc2.core.model.JudgementRecord Yes by JUDGE10 @ site 1 judgement Yes-2915828768858405923 id JudgementRecord-5497354681991905157
231209 112945.957|INFO|Thread-66065|dumpPacket|   key: RUN is: edu.csus.ecs.pc2.core.model.Run Run 228 JUDGED 45 min 2758972ms from TEAM55 @ site 1 id Run-6253057087071832879 problem Shuffle-6042438827781162179 lang Java--8800253324652192008
231209 112945.957|INFO|Thread-66065|dumpPacket|   key: CLIENT_ID is: edu.csus.ecs.pc2.core.model.ClientId SERVER0 @ site 1
231209 112945.957|INFO|Thread-66065|info| receiveObject(S) end   got Packet[RUN_JUDGEMENT] #5549 SERVER0 @ site 1 -> TEAM55 @ site 1
231209 113633.976|INFO|qtp135640095-66195|sendToLocalServer|Sending packet to server Packet[RUN_SUBMISSION] #1047 TEAM55 @ site 1 -> SERVER0 @ site 1
231209 113633.976|INFO|qtp135640095-66195|sendToLocalServer|Sent    packet to server Packet[RUN_SUBMISSION] #1047 TEAM55 @ site 1 -> SERVER0 @ site 1
231209 113634.112|INFO|Thread-66228|info| receiveObject(S) start got Packet[RUN_SUBMISSION_CONFIRM] #5871 SERVER0 @ site 1 -> TEAM55 @ site 1
231209 113634.112|INFO|Thread-66228|dumpPacket|Packet RUN_SUBMISSION_CONFIRM (Seq #5871, o#5871 ) recieveObject
231209 113634.112|INFO|Thread-66228|dumpPacket|  From: SERVER0 @ site 1, oSERVER0 @ site 1 (DESKTOP-D75BQTV @ 212.212.212.212) (Contest Id: RealDeal--1957769244132597914)
231209 113634.112|INFO|Thread-66228|dumpPacket|    To: TEAM55 @ site 1
231209 113634.112|INFO|Thread-66228|dumpPacket|   key: RUN is: edu.csus.ecs.pc2.core.model.Run Run 278 NEW 52 min 3173255ms from TEAM55 @ site 1 id Run--7713615928845909556 problem Missing_Cat--8325778690036057049 lang Java--8800253324652192008
231209 113634.112|INFO|Thread-66228|info|handlePacket start Packet[RUN_SUBMISSION_CONFIRM] #5871 SERVER0 @ site 1 -> TEAM55 @ site 1
231209 113634.112|INFO|Thread-66228|dumpPacket|Packet RUN_SUBMISSION_CONFIRM (Seq #5871, o#5871 ) handlePacket
231209 113634.112|INFO|Thread-66228|dumpPacket|  From: SERVER0 @ site 1, oSERVER0 @ site 1 (DESKTOP-D75BQTV @ 212.212.212.212) (Contest Id: RealDeal--1957769244132597914)
231209 113634.112|INFO|Thread-66228|dumpPacket|    To: TEAM55 @ site 1
231209 113634.112|INFO|Thread-66228|dumpPacket|   key: RUN is: edu.csus.ecs.pc2.core.model.Run Run 278 NEW 52 min 3173255ms from TEAM55 @ site 1 id Run--7713615928845909556 problem Missing_Cat--8325778690036057049 lang Java--8800253324652192008
231209 113634.112|INFO|Thread-66228|info| receiveObject(S) end   got Packet[RUN_SUBMISSION_CONFIRM] #5871 SERVER0 @ site 1 -> TEAM55 @ site 1
231209 113717.611|INFO|Thread-66242|info| receiveObject(S) start got Packet[RUN_JUDGEMENT] #5901 SERVER0 @ site 1 -> TEAM55 @ site 1
231209 113717.611|INFO|Thread-66242|dumpPacket|Packet RUN_JUDGEMENT (Seq #5901, o#5901 ) recieveObject
231209 113717.611|INFO|Thread-66242|dumpPacket|  From: SERVER0 @ site 1, oSERVER0 @ site 1 (DESKTOP-D75BQTV @ 212.212.212.212) (Contest Id: RealDeal--1957769244132597914)
231209 113717.611|INFO|Thread-66242|dumpPacket|    To: TEAM55 @ site 1
231209 113717.611|INFO|Thread-66242|dumpPacket|   key: JUDGEMENT_RECORD is: edu.csus.ecs.pc2.core.model.JudgementRecord No by JUDGE10 @ site 1 judgement No_-_Wrong_Answer-7097647880754622437 id JudgementRecord-1158952116358596941
231209 113717.611|INFO|Thread-66242|dumpPacket|   key: RUN is: edu.csus.ecs.pc2.core.model.Run Run 278 JUDGED 52 min 3173255ms from TEAM55 @ site 1 id Run--7713615928845909556 problem Missing_Cat--8325778690036057049 lang Java--8800253324652192008
231209 113717.611|INFO|Thread-66242|dumpPacket|   key: CLIENT_ID is: edu.csus.ecs.pc2.core.model.ClientId SERVER0 @ site 1
231209 113717.611|INFO|Thread-66242|info|handlePacket start Packet[RUN_JUDGEMENT] #5901 SERVER0 @ site 1 -> TEAM55 @ site 1
231209 113717.611|INFO|Thread-66242|dumpPacket|Packet RUN_JUDGEMENT (Seq #5901, o#5901 ) handlePacket
231209 113717.611|INFO|Thread-66242|dumpPacket|  From: SERVER0 @ site 1, oSERVER0 @ site 1 (DESKTOP-D75BQTV @ 212.212.212.212) (Contest Id: RealDeal--1957769244132597914)
231209 113717.611|INFO|Thread-66242|dumpPacket|    To: TEAM55 @ site 1
231209 113717.611|INFO|Thread-66242|dumpPacket|   key: JUDGEMENT_RECORD is: edu.csus.ecs.pc2.core.model.JudgementRecord No by JUDGE10 @ site 1 judgement No_-_Wrong_Answer-7097647880754622437 id JudgementRecord-1158952116358596941
231209 113717.611|INFO|Thread-66242|dumpPacket|   key: RUN is: edu.csus.ecs.pc2.core.model.Run Run 278 JUDGED 52 min 3173255ms from TEAM55 @ site 1 id Run--7713615928845909556 problem Missing_Cat--8325778690036057049 lang Java--8800253324652192008
231209 113717.611|INFO|Thread-66242|dumpPacket|   key: CLIENT_ID is: edu.csus.ecs.pc2.core.model.ClientId SERVER0 @ site 1
231209 113717.611|INFO|Thread-66242|info| receiveObject(S) end   got Packet[RUN_JUDGEMENT] #5901 SERVER0 @ site 1 -> TEAM55 @ site 1
231209 114843.432|INFO|qtp135640095-65908|sendToLocalServer|Sending packet to server Packet[RUN_SUBMISSION] #1133 TEAM55 @ site 1 -> SERVER0 @ site 1
231209 114843.432|INFO|qtp135640095-65908|sendToLocalServer|Sent    packet to server Packet[RUN_SUBMISSION] #1133 TEAM55 @ site 1 -> SERVER0 @ site 1
231209 114843.604|INFO|Thread-66492|info| receiveObject(S) start got Packet[RUN_SUBMISSION_CONFIRM] #6406 SERVER0 @ site 1 -> TEAM55 @ site 1
231209 114843.604|INFO|Thread-66492|dumpPacket|Packet RUN_SUBMISSION_CONFIRM (Seq #6406, o#6406 ) recieveObject
231209 114843.604|INFO|Thread-66492|dumpPacket|  From: SERVER0 @ site 1, oSERVER0 @ site 1 (DESKTOP-D75BQTV @ 212.212.212.212) (Contest Id: RealDeal--1957769244132597914)
231209 114843.604|INFO|Thread-66492|dumpPacket|    To: TEAM55 @ site 1
231209 114843.604|INFO|Thread-66492|dumpPacket|   key: RUN is: edu.csus.ecs.pc2.core.model.Run Run 360 NEW 65 min 3902704ms from TEAM55 @ site 1 id Run-5895235612411482003 problem Leftover--6791674603817565041 lang Java--8800253324652192008
231209 114843.604|INFO|Thread-66492|info|handlePacket start Packet[RUN_SUBMISSION_CONFIRM] #6406 SERVER0 @ site 1 -> TEAM55 @ site 1
231209 114843.604|INFO|Thread-66492|dumpPacket|Packet RUN_SUBMISSION_CONFIRM (Seq #6406, o#6406 ) handlePacket
231209 114843.604|INFO|Thread-66492|dumpPacket|  From: SERVER0 @ site 1, oSERVER0 @ site 1 (DESKTOP-D75BQTV @ 212.212.212.212) (Contest Id: RealDeal--1957769244132597914)
231209 114843.604|INFO|Thread-66492|dumpPacket|    To: TEAM55 @ site 1
231209 114843.604|INFO|Thread-66492|dumpPacket|   key: RUN is: edu.csus.ecs.pc2.core.model.Run Run 360 NEW 65 min 3902704ms from TEAM55 @ site 1 id Run-5895235612411482003 problem Leftover--6791674603817565041 lang Java--8800253324652192008
231209 114843.604|INFO|Thread-66492|info| receiveObject(S) end   got Packet[RUN_SUBMISSION_CONFIRM] #6406 SERVER0 @ site 1 -> TEAM55 @ site 1
231209 114851.581|INFO|Thread-66500|info| receiveObject(S) start got Packet[RUN_JUDGEMENT] #6423 SERVER0 @ site 1 -> TEAM55 @ site 1
231209 114851.581|INFO|Thread-66500|dumpPacket|Packet RUN_JUDGEMENT (Seq #6423, o#6423 ) recieveObject
231209 114851.581|INFO|Thread-66500|dumpPacket|  From: SERVER0 @ site 1, oSERVER0 @ site 1 (DESKTOP-D75BQTV @ 212.212.212.212) (Contest Id: RealDeal--1957769244132597914)
231209 114851.581|INFO|Thread-66500|dumpPacket|    To: TEAM55 @ site 1
231209 114851.581|INFO|Thread-66500|dumpPacket|   key: JUDGEMENT_RECORD is: edu.csus.ecs.pc2.core.model.JudgementRecord Yes by JUDGE3 @ site 1 judgement Yes-2915828768858405923 id JudgementRecord--2290100140112331739
231209 114851.581|INFO|Thread-66500|dumpPacket|   key: RUN is: edu.csus.ecs.pc2.core.model.Run Run 360 JUDGED 65 min 3902704ms from TEAM55 @ site 1 id Run-5895235612411482003 problem Leftover--6791674603817565041 lang Java--8800253324652192008
231209 114851.581|INFO|Thread-66500|dumpPacket|   key: CLIENT_ID is: edu.csus.ecs.pc2.core.model.ClientId SERVER0 @ site 1
231209 114851.581|INFO|Thread-66500|info|handlePacket start Packet[RUN_JUDGEMENT] #6423 SERVER0 @ site 1 -> TEAM55 @ site 1
231209 114851.581|INFO|Thread-66500|dumpPacket|Packet RUN_JUDGEMENT (Seq #6423, o#6423 ) handlePacket
231209 114851.581|INFO|Thread-66500|dumpPacket|  From: SERVER0 @ site 1, oSERVER0 @ site 1 (DESKTOP-D75BQTV @ 212.212.212.212) (Contest Id: RealDeal--1957769244132597914)
231209 114851.581|INFO|Thread-66500|dumpPacket|    To: TEAM55 @ site 1
231209 114851.581|INFO|Thread-66500|dumpPacket|   key: JUDGEMENT_RECORD is: edu.csus.ecs.pc2.core.model.JudgementRecord Yes by JUDGE3 @ site 1 judgement Yes-2915828768858405923 id JudgementRecord--2290100140112331739
231209 114851.581|INFO|Thread-66500|dumpPacket|   key: RUN is: edu.csus.ecs.pc2.core.model.Run Run 360 JUDGED 65 min 3902704ms from TEAM55 @ site 1 id Run-5895235612411482003 problem Leftover--6791674603817565041 lang Java--8800253324652192008
231209 114851.581|INFO|Thread-66500|dumpPacket|   key: CLIENT_ID is: edu.csus.ecs.pc2.core.model.ClientId SERVER0 @ site 1
231209 114851.581|INFO|Thread-66500|info| receiveObject(S) end   got Packet[RUN_JUDGEMENT] #6423 SERVER0 @ site 1 -> TEAM55 @ site 1
231209 115431.475|INFO|Thread-66678|info| receiveObject(S) start got Packet[CLARIFICATION_ANSWER_UPDATE] #6720 SERVER0 @ site 1 -> SERVER0 @ site 0
231209 115431.475|INFO|Thread-66678|dumpPacket|Packet CLARIFICATION_ANSWER_UPDATE (Seq #6720, o#6720 ) recieveObject
231209 115431.475|INFO|Thread-66678|dumpPacket|  From: SERVER0 @ site 1, oSERVER0 @ site 1 (DESKTOP-D75BQTV @ 212.212.212.212) (Contest Id: RealDeal--1957769244132597914)
231209 115431.475|INFO|Thread-66678|dumpPacket|    To: SERVER0 @ site 0
231209 115431.475|INFO|Thread-66678|dumpPacket|   key: CLARIFICATION is: edu.csus.ecs.pc2.core.model.Clarification Clarification 20 ANSWERED from TEAM100 @ site 1 at 69 id=Clarification--4622882980912914428
231209 115431.475|INFO|Thread-66678|dumpPacket|   key: CLARIFICATION_ANSWER is: java.lang.String This is not usaco guys, brute force to your hearts content.
231209 115431.475|INFO|Thread-66678|dumpPacket|   key: CLIENT_ID is: edu.csus.ecs.pc2.core.model.ClientId ADMINISTRATOR1 @ site 1
231209 115431.475|INFO|Thread-66678|info|handlePacket start Packet[CLARIFICATION_ANSWER_UPDATE] #6720 SERVER0 @ site 1 -> SERVER0 @ site 0
231209 115431.475|INFO|Thread-66678|dumpPacket|Packet CLARIFICATION_ANSWER_UPDATE (Seq #6720, o#6720 ) handlePacket
231209 115431.475|INFO|Thread-66678|dumpPacket|  From: SERVER0 @ site 1, oSERVER0 @ site 1 (DESKTOP-D75BQTV @ 212.212.212.212) (Contest Id: RealDeal--1957769244132597914)
231209 115431.475|INFO|Thread-66678|dumpPacket|    To: SERVER0 @ site 0
231209 115431.477|INFO|Thread-66678|dumpPacket|   key: CLARIFICATION is: edu.csus.ecs.pc2.core.model.Clarification Clarification 20 ANSWERED from TEAM100 @ site 1 at 69 id=Clarification--4622882980912914428
231209 115431.477|INFO|Thread-66678|dumpPacket|   key: CLARIFICATION_ANSWER is: java.lang.String This is not usaco guys, brute force to your hearts content.
231209 115431.477|INFO|Thread-66678|dumpPacket|   key: CLIENT_ID is: edu.csus.ecs.pc2.core.model.ClientId ADMINISTRATOR1 @ site 1
231209 115431.518|INFO|Thread-66678|info| receiveObject(S) end   got Packet[CLARIFICATION_ANSWER_UPDATE] #6720 SERVER0 @ site 1 -> SERVER0 @ site 0
231209 115446.934|INFO|qtp135640095-66459|sendToLocalServer|Sending packet to server Packet[RUN_SUBMISSION] #1185 TEAM55 @ site 1 -> SERVER0 @ site 1
231209 115446.934|INFO|qtp135640095-66459|sendToLocalServer|Sent    packet to server Packet[RUN_SUBMISSION] #1185 TEAM55 @ site 1 -> SERVER0 @ site 1
231209 115447.115|INFO|Thread-66758|info| receiveObject(S) start got Packet[RUN_SUBMISSION_CONFIRM] #6723 SERVER0 @ site 1 -> TEAM55 @ site 1
231209 115447.115|INFO|Thread-66758|dumpPacket|Packet RUN_SUBMISSION_CONFIRM (Seq #6723, o#6723 ) recieveObject
231209 115447.115|INFO|Thread-66758|dumpPacket|  From: SERVER0 @ site 1, oSERVER0 @ site 1 (DESKTOP-D75BQTV @ 212.212.212.212) (Contest Id: RealDeal--1957769244132597914)
231209 115447.115|INFO|Thread-66758|dumpPacket|    To: TEAM55 @ site 1
231209 115447.115|INFO|Thread-66758|dumpPacket|   key: RUN is: edu.csus.ecs.pc2.core.model.Run Run 406 NEW 71 min 4266214ms from TEAM55 @ site 1 id Run-1944055202534511055 problem Word--384876857808405789 lang Java--8800253324652192008
231209 115447.115|INFO|Thread-66758|info|handlePacket start Packet[RUN_SUBMISSION_CONFIRM] #6723 SERVER0 @ site 1 -> TEAM55 @ site 1
231209 115447.115|INFO|Thread-66758|dumpPacket|Packet RUN_SUBMISSION_CONFIRM (Seq #6723, o#6723 ) handlePacket
231209 115447.115|INFO|Thread-66758|dumpPacket|  From: SERVER0 @ site 1, oSERVER0 @ site 1 (DESKTOP-D75BQTV @ 212.212.212.212) (Contest Id: RealDeal--1957769244132597914)
231209 115447.115|INFO|Thread-66758|dumpPacket|    To: TEAM55 @ site 1
231209 115447.115|INFO|Thread-66758|dumpPacket|   key: RUN is: edu.csus.ecs.pc2.core.model.Run Run 406 NEW 71 min 4266214ms from TEAM55 @ site 1 id Run-1944055202534511055 problem Word--384876857808405789 lang Java--8800253324652192008
231209 115447.115|INFO|Thread-66758|info| receiveObject(S) end   got Packet[RUN_SUBMISSION_CONFIRM] #6723 SERVER0 @ site 1 -> TEAM55 @ site 1
231209 115455.135|INFO|Thread-66763|info| receiveObject(S) start got Packet[RUN_JUDGEMENT] #6731 SERVER0 @ site 1 -> TEAM55 @ site 1
231209 115455.135|INFO|Thread-66763|dumpPacket|Packet RUN_JUDGEMENT (Seq #6731, o#6731 ) recieveObject
231209 115455.135|INFO|Thread-66763|dumpPacket|  From: SERVER0 @ site 1, oSERVER0 @ site 1 (DESKTOP-D75BQTV @ 212.212.212.212) (Contest Id: RealDeal--1957769244132597914)
231209 115455.135|INFO|Thread-66763|dumpPacket|    To: TEAM55 @ site 1
231209 115455.135|INFO|Thread-66763|dumpPacket|   key: JUDGEMENT_RECORD is: edu.csus.ecs.pc2.core.model.JudgementRecord Yes by JUDGE10 @ site 1 judgement Yes-2915828768858405923 id JudgementRecord-7414959341394464507
231209 115455.135|INFO|Thread-66763|dumpPacket|   key: RUN is: edu.csus.ecs.pc2.core.model.Run Run 406 JUDGED 71 min 4266214ms from TEAM55 @ site 1 id Run-1944055202534511055 problem Word--384876857808405789 lang Java--8800253324652192008
231209 115455.135|INFO|Thread-66763|dumpPacket|   key: CLIENT_ID is: edu.csus.ecs.pc2.core.model.ClientId SERVER0 @ site 1
231209 115455.135|INFO|Thread-66763|info|handlePacket start Packet[RUN_JUDGEMENT] #6731 SERVER0 @ site 1 -> TEAM55 @ site 1
231209 115455.135|INFO|Thread-66763|dumpPacket|Packet RUN_JUDGEMENT (Seq #6731, o#6731 ) handlePacket
231209 115455.135|INFO|Thread-66763|dumpPacket|  From: SERVER0 @ site 1, oSERVER0 @ site 1 (DESKTOP-D75BQTV @ 212.212.212.212) (Contest Id: RealDeal--1957769244132597914)
231209 115455.135|INFO|Thread-66763|dumpPacket|    To: TEAM55 @ site 1
231209 115455.135|INFO|Thread-66763|dumpPacket|   key: JUDGEMENT_RECORD is: edu.csus.ecs.pc2.core.model.JudgementRecord Yes by JUDGE10 @ site 1 judgement Yes-2915828768858405923 id JudgementRecord-7414959341394464507
231209 115455.135|INFO|Thread-66763|dumpPacket|   key: RUN is: edu.csus.ecs.pc2.core.model.Run Run 406 JUDGED 71 min 4266214ms from TEAM55 @ site 1 id Run-1944055202534511055 problem Word--384876857808405789 lang Java--8800253324652192008
231209 115455.135|INFO|Thread-66763|dumpPacket|   key: CLIENT_ID is: edu.csus.ecs.pc2.core.model.ClientId SERVER0 @ site 1
231209 115455.136|INFO|Thread-66763|info| receiveObject(S) end   got Packet[RUN_JUDGEMENT] #6731 SERVER0 @ site 1 -> TEAM55 @ site 1
231209 121712.590|INFO|qtp135640095-65675|sendToLocalServer|Sending packet to server Packet[RUN_SUBMISSION] #1364 TEAM55 @ site 1 -> SERVER0 @ site 1
231209 121712.590|INFO|qtp135640095-65675|sendToLocalServer|Sent    packet to server Packet[RUN_SUBMISSION] #1364 TEAM55 @ site 1 -> SERVER0 @ site 1
231209 121712.925|INFO|Thread-67302|info| receiveObject(S) start got Packet[RUN_SUBMISSION_CONFIRM] #7793 SERVER0 @ site 1 -> TEAM55 @ site 1
231209 121712.925|INFO|Thread-67302|dumpPacket|Packet RUN_SUBMISSION_CONFIRM (Seq #7793, o#7793 ) recieveObject
231209 121712.925|INFO|Thread-67302|dumpPacket|  From: SERVER0 @ site 1, oSERVER0 @ site 1 (DESKTOP-D75BQTV @ 212.212.212.212) (Contest Id: RealDeal--1957769244132597914)
231209 121712.925|INFO|Thread-67302|dumpPacket|    To: TEAM55 @ site 1
231209 121712.925|INFO|Thread-67302|dumpPacket|   key: RUN is: edu.csus.ecs.pc2.core.model.Run Run 565 NEW 93 min 5611871ms from TEAM55 @ site 1 id Run-8862448076070155538 problem Espresso--8279138056088281247 lang Java--8800253324652192008
231209 121712.925|INFO|Thread-67302|info|handlePacket start Packet[RUN_SUBMISSION_CONFIRM] #7793 SERVER0 @ site 1 -> TEAM55 @ site 1
231209 121712.925|INFO|Thread-67302|dumpPacket|Packet RUN_SUBMISSION_CONFIRM (Seq #7793, o#7793 ) handlePacket
231209 121712.925|INFO|Thread-67302|dumpPacket|  From: SERVER0 @ site 1, oSERVER0 @ site 1 (DESKTOP-D75BQTV @ 212.212.212.212) (Contest Id: RealDeal--1957769244132597914)
231209 121712.925|INFO|Thread-67302|dumpPacket|    To: TEAM55 @ site 1
231209 121712.925|INFO|Thread-67302|dumpPacket|   key: RUN is: edu.csus.ecs.pc2.core.model.Run Run 565 NEW 93 min 5611871ms from TEAM55 @ site 1 id Run-8862448076070155538 problem Espresso--8279138056088281247 lang Java--8800253324652192008
231209 121712.932|INFO|Thread-67302|info| receiveObject(S) end   got Packet[RUN_SUBMISSION_CONFIRM] #7793 SERVER0 @ site 1 -> TEAM55 @ site 1
231209 121720.018|INFO|Thread-67303|info| receiveObject(S) start got Packet[RUN_JUDGEMENT] #7797 SERVER0 @ site 1 -> TEAM55 @ site 1
231209 121720.018|INFO|Thread-67303|dumpPacket|Packet RUN_JUDGEMENT (Seq #7797, o#7797 ) recieveObject
231209 121720.018|INFO|Thread-67303|dumpPacket|  From: SERVER0 @ site 1, oSERVER0 @ site 1 (DESKTOP-D75BQTV @ 212.212.212.212) (Contest Id: RealDeal--1957769244132597914)
231209 121720.018|INFO|Thread-67303|dumpPacket|    To: TEAM55 @ site 1
231209 121720.018|INFO|Thread-67303|dumpPacket|   key: JUDGEMENT_RECORD is: edu.csus.ecs.pc2.core.model.JudgementRecord Yes by JUDGE4 @ site 1 judgement Yes-2915828768858405923 id JudgementRecord--8720895756336171604
231209 121720.018|INFO|Thread-67303|dumpPacket|   key: RUN is: edu.csus.ecs.pc2.core.model.Run Run 565 JUDGED 93 min 5611871ms from TEAM55 @ site 1 id Run-8862448076070155538 problem Espresso--8279138056088281247 lang Java--8800253324652192008
231209 121720.018|INFO|Thread-67303|dumpPacket|   key: CLIENT_ID is: edu.csus.ecs.pc2.core.model.ClientId SERVER0 @ site 1
231209 121720.018|INFO|Thread-67303|info|handlePacket start Packet[RUN_JUDGEMENT] #7797 SERVER0 @ site 1 -> TEAM55 @ site 1
231209 121720.018|INFO|Thread-67303|dumpPacket|Packet RUN_JUDGEMENT (Seq #7797, o#7797 ) handlePacket
231209 121720.018|INFO|Thread-67303|dumpPacket|  From: SERVER0 @ site 1, oSERVER0 @ site 1 (DESKTOP-D75BQTV @ 212.212.212.212) (Contest Id: RealDeal--1957769244132597914)
231209 121720.018|INFO|Thread-67303|dumpPacket|    To: TEAM55 @ site 1
231209 121720.018|INFO|Thread-67303|dumpPacket|   key: JUDGEMENT_RECORD is: edu.csus.ecs.pc2.core.model.JudgementRecord Yes by JUDGE4 @ site 1 judgement Yes-2915828768858405923 id JudgementRecord--8720895756336171604
231209 121720.018|INFO|Thread-67303|dumpPacket|   key: RUN is: edu.csus.ecs.pc2.core.model.Run Run 565 JUDGED 93 min 5611871ms from TEAM55 @ site 1 id Run-8862448076070155538 problem Espresso--8279138056088281247 lang Java--8800253324652192008
231209 121720.018|INFO|Thread-67303|dumpPacket|   key: CLIENT_ID is: edu.csus.ecs.pc2.core.model.ClientId SERVER0 @ site 1
231209 121720.018|INFO|Thread-67303|info| receiveObject(S) end   got Packet[RUN_JUDGEMENT] #7797 SERVER0 @ site 1 -> TEAM55 @ site 1
231209 123142.467|INFO|qtp135640095-67104|sendToLocalServer|Sending packet to server Packet[RUN_SUBMISSION] #1482 TEAM55 @ site 1 -> SERVER0 @ site 1
231209 123142.467|INFO|qtp135640095-67104|sendToLocalServer|Sent    packet to server Packet[RUN_SUBMISSION] #1482 TEAM55 @ site 1 -> SERVER0 @ site 1
231209 123142.760|INFO|Thread-67663|info| receiveObject(S) start got Packet[RUN_SUBMISSION_CONFIRM] #8534 SERVER0 @ site 1 -> TEAM55 @ site 1
231209 123142.765|INFO|Thread-67663|dumpPacket|Packet RUN_SUBMISSION_CONFIRM (Seq #8534, o#8534 ) recieveObject
231209 123142.765|INFO|Thread-67663|dumpPacket|  From: SERVER0 @ site 1, oSERVER0 @ site 1 (DESKTOP-D75BQTV @ 212.212.212.212) (Contest Id: RealDeal--1957769244132597914)
231209 123142.765|INFO|Thread-67663|dumpPacket|    To: TEAM55 @ site 1
231209 123142.765|INFO|Thread-67663|dumpPacket|   key: RUN is: edu.csus.ecs.pc2.core.model.Run Run 677 NEW 108 min 6481748ms from TEAM55 @ site 1 id Run--8907819936114296871 problem Slow_Math--3774445497254703998 lang Java--8800253324652192008
231209 123142.765|INFO|Thread-67663|info|handlePacket start Packet[RUN_SUBMISSION_CONFIRM] #8534 SERVER0 @ site 1 -> TEAM55 @ site 1
231209 123142.765|INFO|Thread-67663|dumpPacket|Packet RUN_SUBMISSION_CONFIRM (Seq #8534, o#8534 ) handlePacket
231209 123142.765|INFO|Thread-67663|dumpPacket|  From: SERVER0 @ site 1, oSERVER0 @ site 1 (DESKTOP-D75BQTV @ 212.212.212.212) (Contest Id: RealDeal--1957769244132597914)
231209 123142.765|INFO|Thread-67663|dumpPacket|    To: TEAM55 @ site 1
231209 123142.765|INFO|Thread-67663|dumpPacket|   key: RUN is: edu.csus.ecs.pc2.core.model.Run Run 677 NEW 108 min 6481748ms from TEAM55 @ site 1 id Run--8907819936114296871 problem Slow_Math--3774445497254703998 lang Java--8800253324652192008
231209 123142.765|INFO|Thread-67663|info| receiveObject(S) end   got Packet[RUN_SUBMISSION_CONFIRM] #8534 SERVER0 @ site 1 -> TEAM55 @ site 1
231209 123148.215|INFO|Thread-67668|info| receiveObject(S) start got Packet[RUN_JUDGEMENT] #8544 SERVER0 @ site 1 -> TEAM55 @ site 1
231209 123148.215|INFO|Thread-67668|dumpPacket|Packet RUN_JUDGEMENT (Seq #8544, o#8544 ) recieveObject
231209 123148.215|INFO|Thread-67668|dumpPacket|  From: SERVER0 @ site 1, oSERVER0 @ site 1 (DESKTOP-D75BQTV @ 212.212.212.212) (Contest Id: RealDeal--1957769244132597914)
231209 123148.215|INFO|Thread-67668|dumpPacket|    To: TEAM55 @ site 1
231209 123148.215|INFO|Thread-67668|dumpPacket|   key: JUDGEMENT_RECORD is: edu.csus.ecs.pc2.core.model.JudgementRecord No by JUDGE10 @ site 1 judgement No_-_Run-time_Error--7363172628486726021 id JudgementRecord--233155624100515808
231209 123148.215|INFO|Thread-67668|dumpPacket|   key: RUN is: edu.csus.ecs.pc2.core.model.Run Run 677 JUDGED 108 min 6481748ms from TEAM55 @ site 1 id Run--8907819936114296871 problem Slow_Math--3774445497254703998 lang Java--8800253324652192008
231209 123148.215|INFO|Thread-67668|dumpPacket|   key: CLIENT_ID is: edu.csus.ecs.pc2.core.model.ClientId SERVER0 @ site 1
231209 123148.215|INFO|Thread-67668|info|handlePacket start Packet[RUN_JUDGEMENT] #8544 SERVER0 @ site 1 -> TEAM55 @ site 1
231209 123148.215|INFO|Thread-67668|dumpPacket|Packet RUN_JUDGEMENT (Seq #8544, o#8544 ) handlePacket
231209 123148.215|INFO|Thread-67668|dumpPacket|  From: SERVER0 @ site 1, oSERVER0 @ site 1 (DESKTOP-D75BQTV @ 212.212.212.212) (Contest Id: RealDeal--1957769244132597914)
231209 123148.215|INFO|Thread-67668|dumpPacket|    To: TEAM55 @ site 1
231209 123148.215|INFO|Thread-67668|dumpPacket|   key: JUDGEMENT_RECORD is: edu.csus.ecs.pc2.core.model.JudgementRecord No by JUDGE10 @ site 1 judgement No_-_Run-time_Error--7363172628486726021 id JudgementRecord--233155624100515808
231209 123148.217|INFO|Thread-67668|dumpPacket|   key: RUN is: edu.csus.ecs.pc2.core.model.Run Run 677 JUDGED 108 min 6481748ms from TEAM55 @ site 1 id Run--8907819936114296871 problem Slow_Math--3774445497254703998 lang Java--8800253324652192008
231209 123148.217|INFO|Thread-67668|dumpPacket|   key: CLIENT_ID is: edu.csus.ecs.pc2.core.model.ClientId SERVER0 @ site 1
231209 123148.217|INFO|Thread-67668|info| receiveObject(S) end   got Packet[RUN_JUDGEMENT] #8544 SERVER0 @ site 1 -> TEAM55 @ site 1
231209 123321.912|INFO|qtp135640095-67104|sendToLocalServer|Sending packet to server Packet[RUN_SUBMISSION] #1494 TEAM55 @ site 1 -> SERVER0 @ site 1
231209 123321.912|INFO|qtp135640095-67104|sendToLocalServer|Sent    packet to server Packet[RUN_SUBMISSION] #1494 TEAM55 @ site 1 -> SERVER0 @ site 1
231209 123322.199|INFO|Thread-67701|info| receiveObject(S) start got Packet[RUN_SUBMISSION_CONFIRM] #8611 SERVER0 @ site 1 -> TEAM55 @ site 1
231209 123322.200|INFO|Thread-67701|dumpPacket|Packet RUN_SUBMISSION_CONFIRM (Seq #8611, o#8611 ) recieveObject
231209 123322.200|INFO|Thread-67701|dumpPacket|  From: SERVER0 @ site 1, oSERVER0 @ site 1 (DESKTOP-D75BQTV @ 212.212.212.212) (Contest Id: RealDeal--1957769244132597914)
231209 123322.200|INFO|Thread-67701|dumpPacket|    To: TEAM55 @ site 1
231209 123322.200|INFO|Thread-67701|dumpPacket|   key: RUN is: edu.csus.ecs.pc2.core.model.Run Run 688 NEW 109 min 6581184ms from TEAM55 @ site 1 id Run--3160114363878652903 problem Missing_Cat--8325778690036057049 lang Java--8800253324652192008
231209 123322.200|INFO|Thread-67701|info|handlePacket start Packet[RUN_SUBMISSION_CONFIRM] #8611 SERVER0 @ site 1 -> TEAM55 @ site 1
231209 123322.200|INFO|Thread-67701|dumpPacket|Packet RUN_SUBMISSION_CONFIRM (Seq #8611, o#8611 ) handlePacket
231209 123322.200|INFO|Thread-67701|dumpPacket|  From: SERVER0 @ site 1, oSERVER0 @ site 1 (DESKTOP-D75BQTV @ 212.212.212.212) (Contest Id: RealDeal--1957769244132597914)
231209 123322.200|INFO|Thread-67701|dumpPacket|    To: TEAM55 @ site 1
231209 123322.200|INFO|Thread-67701|dumpPacket|   key: RUN is: edu.csus.ecs.pc2.core.model.Run Run 688 NEW 109 min 6581184ms from TEAM55 @ site 1 id Run--3160114363878652903 problem Missing_Cat--8325778690036057049 lang Java--8800253324652192008
231209 123322.200|INFO|Thread-67701|info| receiveObject(S) end   got Packet[RUN_SUBMISSION_CONFIRM] #8611 SERVER0 @ site 1 -> TEAM55 @ site 1
231209 123352.123|INFO|qtp135640095-67476|sendToLocalServer|Sending packet to server Packet[RUN_SUBMISSION] #1500 TEAM55 @ site 1 -> SERVER0 @ site 1
231209 123352.124|INFO|qtp135640095-67476|sendToLocalServer|Sent    packet to server Packet[RUN_SUBMISSION] #1500 TEAM55 @ site 1 -> SERVER0 @ site 1
231209 123352.412|INFO|Thread-67717|info| receiveObject(S) start got Packet[RUN_SUBMISSION_CONFIRM] #8647 SERVER0 @ site 1 -> TEAM55 @ site 1
231209 123352.412|INFO|Thread-67717|dumpPacket|Packet RUN_SUBMISSION_CONFIRM (Seq #8647, o#8647 ) recieveObject
231209 123352.412|INFO|Thread-67717|dumpPacket|  From: SERVER0 @ site 1, oSERVER0 @ site 1 (DESKTOP-D75BQTV @ 212.212.212.212) (Contest Id: RealDeal--1957769244132597914)
231209 123352.412|INFO|Thread-67717|dumpPacket|    To: TEAM55 @ site 1
231209 123352.412|INFO|Thread-67717|dumpPacket|   key: RUN is: edu.csus.ecs.pc2.core.model.Run Run 694 NEW 110 min 6611396ms from TEAM55 @ site 1 id Run--525526358735616844 problem Slow_Math--3774445497254703998 lang Java--8800253324652192008
231209 123352.412|INFO|Thread-67717|info|handlePacket start Packet[RUN_SUBMISSION_CONFIRM] #8647 SERVER0 @ site 1 -> TEAM55 @ site 1
231209 123352.412|INFO|Thread-67717|dumpPacket|Packet RUN_SUBMISSION_CONFIRM (Seq #8647, o#8647 ) handlePacket
231209 123352.412|INFO|Thread-67717|dumpPacket|  From: SERVER0 @ site 1, oSERVER0 @ site 1 (DESKTOP-D75BQTV @ 212.212.212.212) (Contest Id: RealDeal--1957769244132597914)
231209 123352.415|INFO|Thread-67717|dumpPacket|    To: TEAM55 @ site 1
231209 123352.415|INFO|Thread-67717|dumpPacket|   key: RUN is: edu.csus.ecs.pc2.core.model.Run Run 694 NEW 110 min 6611396ms from TEAM55 @ site 1 id Run--525526358735616844 problem Slow_Math--3774445497254703998 lang Java--8800253324652192008
231209 123352.415|INFO|Thread-67717|info| receiveObject(S) end   got Packet[RUN_SUBMISSION_CONFIRM] #8647 SERVER0 @ site 1 -> TEAM55 @ site 1
231209 123403.402|INFO|Thread-67719|info| receiveObject(S) start got Packet[RUN_JUDGEMENT] #8656 SERVER0 @ site 1 -> TEAM55 @ site 1
231209 123403.402|INFO|Thread-67719|dumpPacket|Packet RUN_JUDGEMENT (Seq #8656, o#8656 ) recieveObject
231209 123403.402|INFO|Thread-67719|dumpPacket|  From: SERVER0 @ site 1, oSERVER0 @ site 1 (DESKTOP-D75BQTV @ 212.212.212.212) (Contest Id: RealDeal--1957769244132597914)
231209 123403.402|INFO|Thread-67719|dumpPacket|    To: TEAM55 @ site 1
231209 123403.402|INFO|Thread-67719|dumpPacket|   key: JUDGEMENT_RECORD is: edu.csus.ecs.pc2.core.model.JudgementRecord No by JUDGE1 @ site 1 judgement No_-_Run-time_Error--7363172628486726021 id JudgementRecord-3439941436976398551
231209 123403.402|INFO|Thread-67719|dumpPacket|   key: RUN is: edu.csus.ecs.pc2.core.model.Run Run 694 JUDGED 110 min 6611396ms from TEAM55 @ site 1 id Run--525526358735616844 problem Slow_Math--3774445497254703998 lang Java--8800253324652192008
231209 123403.402|INFO|Thread-67719|dumpPacket|   key: CLIENT_ID is: edu.csus.ecs.pc2.core.model.ClientId SERVER0 @ site 1
231209 123403.402|INFO|Thread-67719|info|handlePacket start Packet[RUN_JUDGEMENT] #8656 SERVER0 @ site 1 -> TEAM55 @ site 1
231209 123403.402|INFO|Thread-67719|dumpPacket|Packet RUN_JUDGEMENT (Seq #8656, o#8656 ) handlePacket
231209 123403.402|INFO|Thread-67719|dumpPacket|  From: SERVER0 @ site 1, oSERVER0 @ site 1 (DESKTOP-D75BQTV @ 212.212.212.212) (Contest Id: RealDeal--1957769244132597914)
231209 123403.402|INFO|Thread-67719|dumpPacket|    To: TEAM55 @ site 1
231209 123403.402|INFO|Thread-67719|dumpPacket|   key: JUDGEMENT_RECORD is: edu.csus.ecs.pc2.core.model.JudgementRecord No by JUDGE1 @ site 1 judgement No_-_Run-time_Error--7363172628486726021 id JudgementRecord-3439941436976398551
231209 123403.402|INFO|Thread-67719|dumpPacket|   key: RUN is: edu.csus.ecs.pc2.core.model.Run Run 694 JUDGED 110 min 6611396ms from TEAM55 @ site 1 id Run--525526358735616844 problem Slow_Math--3774445497254703998 lang Java--8800253324652192008
231209 123403.402|INFO|Thread-67719|dumpPacket|   key: CLIENT_ID is: edu.csus.ecs.pc2.core.model.ClientId SERVER0 @ site 1
231209 123403.402|INFO|Thread-67719|info| receiveObject(S) end   got Packet[RUN_JUDGEMENT] #8656 SERVER0 @ site 1 -> TEAM55 @ site 1
231209 123433.035|INFO|Thread-67735|info| receiveObject(S) start got Packet[RUN_JUDGEMENT] #8692 SERVER0 @ site 1 -> TEAM55 @ site 1
231209 123433.035|INFO|Thread-67735|dumpPacket|Packet RUN_JUDGEMENT (Seq #8692, o#8692 ) recieveObject
231209 123433.035|INFO|Thread-67735|dumpPacket|  From: SERVER0 @ site 1, oSERVER0 @ site 1 (DESKTOP-D75BQTV @ 212.212.212.212) (Contest Id: RealDeal--1957769244132597914)
231209 123433.035|INFO|Thread-67735|dumpPacket|    To: TEAM55 @ site 1
231209 123433.035|INFO|Thread-67735|dumpPacket|   key: JUDGEMENT_RECORD is: edu.csus.ecs.pc2.core.model.JudgementRecord No by JUDGE2 @ site 1 judgement No_-_Wrong_Answer-7097647880754622437 id JudgementRecord--1623183913867014021
231209 123433.035|INFO|Thread-67735|dumpPacket|   key: RUN is: edu.csus.ecs.pc2.core.model.Run Run 688 JUDGED 109 min 6581184ms from TEAM55 @ site 1 id Run--3160114363878652903 problem Missing_Cat--8325778690036057049 lang Java--8800253324652192008
231209 123433.035|INFO|Thread-67735|dumpPacket|   key: CLIENT_ID is: edu.csus.ecs.pc2.core.model.ClientId SERVER0 @ site 1
231209 123433.035|INFO|Thread-67735|info|handlePacket start Packet[RUN_JUDGEMENT] #8692 SERVER0 @ site 1 -> TEAM55 @ site 1
231209 123433.035|INFO|Thread-67735|dumpPacket|Packet RUN_JUDGEMENT (Seq #8692, o#8692 ) handlePacket
231209 123433.035|INFO|Thread-67735|dumpPacket|  From: SERVER0 @ site 1, oSERVER0 @ site 1 (DESKTOP-D75BQTV @ 212.212.212.212) (Contest Id: RealDeal--1957769244132597914)
231209 123433.035|INFO|Thread-67735|dumpPacket|    To: TEAM55 @ site 1
231209 123433.035|INFO|Thread-67735|dumpPacket|   key: JUDGEMENT_RECORD is: edu.csus.ecs.pc2.core.model.JudgementRecord No by JUDGE2 @ site 1 judgement No_-_Wrong_Answer-7097647880754622437 id JudgementRecord--1623183913867014021
231209 123433.035|INFO|Thread-67735|dumpPacket|   key: RUN is: edu.csus.ecs.pc2.core.model.Run Run 688 JUDGED 109 min 6581184ms from TEAM55 @ site 1 id Run--3160114363878652903 problem Missing_Cat--8325778690036057049 lang Java--8800253324652192008
231209 123433.037|INFO|Thread-67735|dumpPacket|   key: CLIENT_ID is: edu.csus.ecs.pc2.core.model.ClientId SERVER0 @ site 1
231209 123433.037|INFO|Thread-67735|info| receiveObject(S) end   got Packet[RUN_JUDGEMENT] #8692 SERVER0 @ site 1 -> TEAM55 @ site 1
