231209 095908.629|CONFIG|qtp135640095-21784|setFileHandlers|Now logging to C:\Users\18328\Desktop\pc2\WebTeamInterface-1.1\logs directory.
231209 095908.629|INFO|qtp135640095-21784|info|
231209 095908.637|INFO|qtp135640095-21784|info|Version 9 () Java ver 18.0.2.1 build  Windows 11 10.0 (amd64) 
231209 095908.637|INFO|qtp135640095-21784|info|Login: team46 (aka team46)
231209 095908.637|INFO|qtp135640095-21784|startLog|Working directory is C:\Users\18328\Desktop\pc2\WebTeamInterface-1.1
231209 095908.637|INFO|qtp135640095-21784|startLog|Process id is 15028@DESKTOP-D75BQTV
231209 095908.637|INFO|qtp135640095-21784|info|Contacting server at localhost:50002 as TEAM46 @ site 0
231209 095908.637|INFO|qtp135640095-21784|info|sendLoginRequest start - sending from TEAM46 @ site 0
231209 095908.637|INFO|qtp135640095-21784|sendToLocalServer|Sending packet to server Packet[LOGIN_REQUEST] #439 TEAM46 @ site 0 -> SERVER0 @ site 0
231209 095908.637|INFO|qtp135640095-21784|sendToLocalServer|Sent    packet to server Packet[LOGIN_REQUEST] #439 TEAM46 @ site 0 -> SERVER0 @ site 0
231209 095908.637|INFO|qtp135640095-21784|info|sendLoginRequest end - packet sent.
231209 095908.637|INFO|Thread-36770|run|send(Serializable)
231209 095908.650|INFO|Thread-36769|receive|public void receive(SealedObject TransportPacket, ConnectionHandlerID connectionHandlerID)
231209 095908.653|INFO|Thread-36771|info| receiveObject(S) start got Packet[LOGIN_SUCCESS] #2428 SERVER0 @ site 1 -> TEAM46 @ site 1
231209 095908.653|INFO|Thread-36771|dumpPacket|Packet LOGIN_SUCCESS (Seq #2428, o#2428 ) recieveObject
231209 095908.653|INFO|Thread-36771|dumpPacket|  From: SERVER0 @ site 1, oSERVER0 @ site 1 (DESKTOP-D75BQTV @ 212.212.212.212) (Contest Id: DryRun--6069080675419338087)
231209 095908.653|INFO|Thread-36771|dumpPacket|    To: TEAM46 @ site 1
231209 095908.653|INFO|Thread-36771|dumpPacket|   key: PROFILE_LIST is: [Ledu.csus.ecs.pc2.core.model.Profile; [Ledu.csus.ecs.pc2.core.model.Profile;@2f909a0d
231209 095908.653|INFO|Thread-36771|dumpPacket|   key: GENERAL_PROBLEM is: edu.csus.ecs.pc2.core.model.Problem General
231209 095908.653|INFO|Thread-36771|dumpPacket|   key: CLIENT_SETTINGS_LIST is: [Ledu.csus.ecs.pc2.core.model.ClientSettings; [Ledu.csus.ecs.pc2.core.model.ClientSettings;@2157618f
231209 095908.653|INFO|Thread-36771|dumpPacket|   key: CONTEST_TIME is: edu.csus.ecs.pc2.core.model.ContestTime edu.csus.ecs.pc2.core.model.ContestTime@2568f17d
231209 095908.653|INFO|Thread-36771|dumpPacket|   key: CLARIFICATION_LIST is: [Ledu.csus.ecs.pc2.core.model.Clarification; [Ledu.csus.ecs.pc2.core.model.Clarification;@606a6bb4
231209 095908.653|INFO|Thread-36771|dumpPacket|   key: CATEGORY_LIST is: [Ledu.csus.ecs.pc2.core.model.Category; [Ledu.csus.ecs.pc2.core.model.Category;@4b81c546
231209 095908.653|INFO|Thread-36771|dumpPacket|   key: LANGUAGE_LIST is: [Ledu.csus.ecs.pc2.core.model.Language; [Ledu.csus.ecs.pc2.core.model.Language;@51c08ea0
231209 095908.653|INFO|Thread-36771|dumpPacket|   key: REMOTE_LOGGED_IN_USERS is: [Ledu.csus.ecs.pc2.core.model.ClientId; [Ledu.csus.ecs.pc2.core.model.ClientId;@33c17efc
231209 095908.653|INFO|Thread-36771|dumpPacket|   key: CONTEST_TIME_LIST is: [Ledu.csus.ecs.pc2.core.model.ContestTime; [Ledu.csus.ecs.pc2.core.model.ContestTime;@4594fb
231209 095908.653|INFO|Thread-36771|dumpPacket|   key: CONNECTION_HANDLE_ID_LIST is: [Ledu.csus.ecs.pc2.core.transport.ConnectionHandlerID; [Ledu.csus.ecs.pc2.core.transport.ConnectionHandlerID;@45abca40
231209 095908.653|INFO|Thread-36771|dumpPacket|   key: PROFILE is: edu.csus.ecs.pc2.core.model.Profile DryRun--6069080675419338087
231209 095908.653|INFO|Thread-36771|dumpPacket|   key: CLIENT_ID is: edu.csus.ecs.pc2.core.model.ClientId TEAM46 @ site 1
231209 095908.653|INFO|Thread-36771|dumpPacket|   key: SITE_NUMBER is: java.lang.Integer 1
231209 095908.653|INFO|Thread-36771|dumpPacket|   key: CONTEST_INFORMATION is: edu.csus.ecs.pc2.core.model.ContestInformation edu.csus.ecs.pc2.core.model.ContestInformation@104bf9db
231209 095908.653|INFO|Thread-36771|dumpPacket|   key: SITE_LIST is: [Ledu.csus.ecs.pc2.core.model.Site; [Ledu.csus.ecs.pc2.core.model.Site;@28c553b0
231209 095908.653|INFO|Thread-36771|dumpPacket|   key: PROBLEM_DATA_FILES is: [Ledu.csus.ecs.pc2.core.model.ProblemDataFiles; [Ledu.csus.ecs.pc2.core.model.ProblemDataFiles;@40be81f
231209 095908.653|INFO|Thread-36771|dumpPacket|   key: JUDGEMENT_LIST is: [Ledu.csus.ecs.pc2.core.model.Judgement; [Ledu.csus.ecs.pc2.core.model.Judgement;@1fe9cb14
231209 095908.653|INFO|Thread-36771|dumpPacket|   key: PROBLEM_LIST is: [Ledu.csus.ecs.pc2.core.model.Problem; [Ledu.csus.ecs.pc2.core.model.Problem;@50237c13
231209 095908.653|INFO|Thread-36771|dumpPacket|   key: GROUP_LIST is: [Ledu.csus.ecs.pc2.core.model.Group; [Ledu.csus.ecs.pc2.core.model.Group;@52f9ed74
231209 095908.653|INFO|Thread-36771|dumpPacket|   key: LOCAL_LOGGED_IN_USERS is: [Ledu.csus.ecs.pc2.core.model.ClientId; [Ledu.csus.ecs.pc2.core.model.ClientId;@969bc24
231209 095908.653|INFO|Thread-36771|dumpPacket|   key: SERVER_CLOCK_OFFSET is: java.util.GregorianCalendar java.util.GregorianCalendar[time=1702137548645,areFieldsSet=true,areAllFieldsSet=false,lenient=true,zone=sun.util.calendar.ZoneInfo[id="GMT",offset=0,dstSavings=0,useDaylight=false,transitions=0,lastRule=null],firstDayOfWeek=1,minimalDaysInFirstWeek=1,ERA=1,YEAR=2023,MONTH=11,WEEK_OF_YEAR=49,WEEK_OF_MONTH=2,DAY_OF_MONTH=9,DAY_OF_YEAR=343,DAY_OF_WEEK=7,DAY_OF_WEEK_IN_MONTH=2,AM_PM=1,HOUR=3,HOUR_OF_DAY=15,MINUTE=59,SECOND=8,MILLISECOND=645,ZONE_OFFSET=0,DST_OFFSET=0]
231209 095908.653|INFO|Thread-36771|dumpPacket|   key: CONTEST_IDENTIFIER is: java.lang.String DryRun--6069080675419338087
231209 095908.653|INFO|Thread-36771|dumpPacket|   key: BALLOON_SETTINGS_LIST is: [Ledu.csus.ecs.pc2.core.model.BalloonSettings; [Ledu.csus.ecs.pc2.core.model.BalloonSettings;@58097776
231209 095908.653|INFO|Thread-36771|dumpPacket|   key: RUN_LIST is: [Ledu.csus.ecs.pc2.core.model.Run; [Ledu.csus.ecs.pc2.core.model.Run;@13015b80
231209 095908.653|INFO|Thread-36771|dumpPacket|   key: ACCOUNT_ARRAY is: [Ledu.csus.ecs.pc2.core.model.Account; [Ledu.csus.ecs.pc2.core.model.Account;@e0e96d9
231209 095908.653|INFO|Thread-36771|info|handlePacket start Packet[LOGIN_SUCCESS] #2428 SERVER0 @ site 1 -> TEAM46 @ site 1
231209 095908.653|INFO|Thread-36771|dumpPacket|Packet LOGIN_SUCCESS (Seq #2428, o#2428 ) handlePacket
231209 095908.653|INFO|Thread-36771|dumpPacket|  From: SERVER0 @ site 1, oSERVER0 @ site 1 (DESKTOP-D75BQTV @ 212.212.212.212) (Contest Id: DryRun--6069080675419338087)
231209 095908.653|INFO|Thread-36771|dumpPacket|    To: TEAM46 @ site 1
231209 095908.653|INFO|Thread-36771|dumpPacket|   key: PROFILE_LIST is: [Ledu.csus.ecs.pc2.core.model.Profile; [Ledu.csus.ecs.pc2.core.model.Profile;@2f909a0d
231209 095908.653|INFO|Thread-36771|dumpPacket|   key: GENERAL_PROBLEM is: edu.csus.ecs.pc2.core.model.Problem General
231209 095908.653|INFO|Thread-36771|dumpPacket|   key: CLIENT_SETTINGS_LIST is: [Ledu.csus.ecs.pc2.core.model.ClientSettings; [Ledu.csus.ecs.pc2.core.model.ClientSettings;@2157618f
231209 095908.653|INFO|Thread-36771|dumpPacket|   key: CONTEST_TIME is: edu.csus.ecs.pc2.core.model.ContestTime edu.csus.ecs.pc2.core.model.ContestTime@2568f17d
231209 095908.653|INFO|Thread-36771|dumpPacket|   key: CLARIFICATION_LIST is: [Ledu.csus.ecs.pc2.core.model.Clarification; [Ledu.csus.ecs.pc2.core.model.Clarification;@606a6bb4
231209 095908.653|INFO|Thread-36771|dumpPacket|   key: CATEGORY_LIST is: [Ledu.csus.ecs.pc2.core.model.Category; [Ledu.csus.ecs.pc2.core.model.Category;@4b81c546
231209 095908.653|INFO|Thread-36771|dumpPacket|   key: LANGUAGE_LIST is: [Ledu.csus.ecs.pc2.core.model.Language; [Ledu.csus.ecs.pc2.core.model.Language;@51c08ea0
231209 095908.653|INFO|Thread-36771|dumpPacket|   key: REMOTE_LOGGED_IN_USERS is: [Ledu.csus.ecs.pc2.core.model.ClientId; [Ledu.csus.ecs.pc2.core.model.ClientId;@33c17efc
231209 095908.653|INFO|Thread-36771|dumpPacket|   key: CONTEST_TIME_LIST is: [Ledu.csus.ecs.pc2.core.model.ContestTime; [Ledu.csus.ecs.pc2.core.model.ContestTime;@4594fb
231209 095908.653|INFO|Thread-36771|dumpPacket|   key: CONNECTION_HANDLE_ID_LIST is: [Ledu.csus.ecs.pc2.core.transport.ConnectionHandlerID; [Ledu.csus.ecs.pc2.core.transport.ConnectionHandlerID;@45abca40
231209 095908.653|INFO|Thread-36771|dumpPacket|   key: PROFILE is: edu.csus.ecs.pc2.core.model.Profile DryRun--6069080675419338087
231209 095908.653|INFO|Thread-36771|dumpPacket|   key: CLIENT_ID is: edu.csus.ecs.pc2.core.model.ClientId TEAM46 @ site 1
231209 095908.653|INFO|Thread-36771|dumpPacket|   key: SITE_NUMBER is: java.lang.Integer 1
231209 095908.653|INFO|Thread-36771|dumpPacket|   key: CONTEST_INFORMATION is: edu.csus.ecs.pc2.core.model.ContestInformation edu.csus.ecs.pc2.core.model.ContestInformation@104bf9db
231209 095908.653|INFO|Thread-36771|dumpPacket|   key: SITE_LIST is: [Ledu.csus.ecs.pc2.core.model.Site; [Ledu.csus.ecs.pc2.core.model.Site;@28c553b0
231209 095908.653|INFO|Thread-36771|dumpPacket|   key: PROBLEM_DATA_FILES is: [Ledu.csus.ecs.pc2.core.model.ProblemDataFiles; [Ledu.csus.ecs.pc2.core.model.ProblemDataFiles;@40be81f
231209 095908.653|INFO|Thread-36771|dumpPacket|   key: JUDGEMENT_LIST is: [Ledu.csus.ecs.pc2.core.model.Judgement; [Ledu.csus.ecs.pc2.core.model.Judgement;@1fe9cb14
231209 095908.653|INFO|Thread-36771|dumpPacket|   key: PROBLEM_LIST is: [Ledu.csus.ecs.pc2.core.model.Problem; [Ledu.csus.ecs.pc2.core.model.Problem;@50237c13
231209 095908.653|INFO|Thread-36771|dumpPacket|   key: GROUP_LIST is: [Ledu.csus.ecs.pc2.core.model.Group; [Ledu.csus.ecs.pc2.core.model.Group;@52f9ed74
231209 095908.653|INFO|Thread-36771|dumpPacket|   key: LOCAL_LOGGED_IN_USERS is: [Ledu.csus.ecs.pc2.core.model.ClientId; [Ledu.csus.ecs.pc2.core.model.ClientId;@969bc24
231209 095908.653|INFO|Thread-36771|dumpPacket|   key: SERVER_CLOCK_OFFSET is: java.util.GregorianCalendar java.util.GregorianCalendar[time=1702137548645,areFieldsSet=true,areAllFieldsSet=false,lenient=true,zone=sun.util.calendar.ZoneInfo[id="GMT",offset=0,dstSavings=0,useDaylight=false,transitions=0,lastRule=null],firstDayOfWeek=1,minimalDaysInFirstWeek=1,ERA=1,YEAR=2023,MONTH=11,WEEK_OF_YEAR=49,WEEK_OF_MONTH=2,DAY_OF_MONTH=9,DAY_OF_YEAR=343,DAY_OF_WEEK=7,DAY_OF_WEEK_IN_MONTH=2,AM_PM=1,HOUR=3,HOUR_OF_DAY=15,MINUTE=59,SECOND=8,MILLISECOND=645,ZONE_OFFSET=0,DST_OFFSET=0]
231209 095908.653|INFO|Thread-36771|dumpPacket|   key: CONTEST_IDENTIFIER is: java.lang.String DryRun--6069080675419338087
231209 095908.653|INFO|Thread-36771|dumpPacket|   key: BALLOON_SETTINGS_LIST is: [Ledu.csus.ecs.pc2.core.model.BalloonSettings; [Ledu.csus.ecs.pc2.core.model.BalloonSettings;@58097776
231209 095908.653|INFO|Thread-36771|dumpPacket|   key: RUN_LIST is: [Ledu.csus.ecs.pc2.core.model.Run; [Ledu.csus.ecs.pc2.core.model.Run;@13015b80
231209 095908.653|INFO|Thread-36771|dumpPacket|   key: ACCOUNT_ARRAY is: [Ledu.csus.ecs.pc2.core.model.Account; [Ledu.csus.ecs.pc2.core.model.Account;@e0e96d9
231209 103352.663|INFO|Thread-36769|receive|public void receive(SealedObject TransportPacket, ConnectionHandlerID connectionHandlerID)
231209 103353.790|INFO|Thread-36769|receive|public void receive(SealedObject TransportPacket, ConnectionHandlerID connectionHandlerID)
231209 103356.381|INFO|Thread-36769|receive|public void receive(SealedObject TransportPacket, ConnectionHandlerID connectionHandlerID)
231209 103358.750|INFO|Thread-36769|receive|public void receive(SealedObject TransportPacket, ConnectionHandlerID connectionHandlerID)
231209 103358.962|INFO|Thread-36769|receive|public void receive(SealedObject TransportPacket, ConnectionHandlerID connectionHandlerID)
231209 103359.123|INFO|Thread-36769|receive|public void receive(SealedObject TransportPacket, ConnectionHandlerID connectionHandlerID)
231209 103359.272|INFO|Thread-36769|receive|public void receive(SealedObject TransportPacket, ConnectionHandlerID connectionHandlerID)
231209 103412.511|INFO|Thread-36769|receive|public void receive(SealedObject TransportPacket, ConnectionHandlerID connectionHandlerID)
231209 103439.504|INFO|Thread-36769|receive|public void receive(SealedObject TransportPacket, ConnectionHandlerID connectionHandlerID)
231209 103951.129|INFO|Thread-36769|connectionDropped|connectionDropped(ConnectionHandlerID myConnectionID) 
