221210 080251.476|CONFIG|qtp996796369-1390|setFileHandlers|Now logging to C:\Users\18328\Desktop\pc2\WebTeamInterface-1.1\logs directory.
221210 080251.476|INFO|qtp996796369-1390|info|
221210 080251.477|INFO|qtp996796369-1390|info|Version 9 () Java ver 18.0.2.1 build  Windows 11 10.0 (amd64) 
221210 080251.477|INFO|qtp996796369-1390|info|Login: team59 (aka team59)
221210 080251.477|INFO|qtp996796369-1390|startLog|Working directory is C:\Users\18328\Desktop\pc2\WebTeamInterface-1.1
221210 080251.477|INFO|qtp996796369-1390|startLog|Process id is 20708@DESKTOP-D75BQTV
221210 080251.477|INFO|qtp996796369-1390|info|Contacting server at 212.212.212.212:50002 as TEAM59 @ site 0
221210 080251.477|INFO|qtp996796369-1390|info|sendLoginRequest start - sending from TEAM59 @ site 0
221210 080251.477|INFO|qtp996796369-1390|sendToLocalServer|Sending packet to server Packet[LOGIN_REQUEST] #90 TEAM59 @ site 0 -> SERVER0 @ site 0
221210 080251.478|INFO|qtp996796369-1390|sendToLocalServer|Sent    packet to server Packet[LOGIN_REQUEST] #90 TEAM59 @ site 0 -> SERVER0 @ site 0
221210 080251.478|INFO|qtp996796369-1390|info|sendLoginRequest end - packet sent.
221210 080251.478|INFO|Thread-1512|run|send(Serializable)
221210 080251.482|INFO|Thread-1511|receive|public void receive(SealedObject TransportPacket, ConnectionHandlerID connectionHandlerID)
221210 080251.484|INFO|Thread-1515|info| receiveObject(S) start got Packet[LOGIN_SUCCESS] #621 SERVER0 @ site 1 -> TEAM59 @ site 1
221210 080251.484|INFO|Thread-1515|dumpPacket|Packet LOGIN_SUCCESS (Seq #621, o#621 ) recieveObject
221210 080251.484|INFO|Thread-1515|dumpPacket|  From: SERVER0 @ site 1, oSERVER0 @ site 1 (DESKTOP-D75BQTV @ 212.212.212.212) (Contest Id: DryRun--5544400451244233091)
221210 080251.484|INFO|Thread-1515|dumpPacket|    To: TEAM59 @ site 1
221210 080251.484|INFO|Thread-1515|dumpPacket|   key: PROFILE_LIST is: [Ledu.csus.ecs.pc2.core.model.Profile; [Ledu.csus.ecs.pc2.core.model.Profile;@72796177
221210 080251.484|INFO|Thread-1515|dumpPacket|   key: GENERAL_PROBLEM is: edu.csus.ecs.pc2.core.model.Problem General
221210 080251.484|INFO|Thread-1515|dumpPacket|   key: CLIENT_SETTINGS_LIST is: [Ledu.csus.ecs.pc2.core.model.ClientSettings; [Ledu.csus.ecs.pc2.core.model.ClientSettings;@7cbe9148
221210 080251.484|INFO|Thread-1515|dumpPacket|   key: CONTEST_TIME is: edu.csus.ecs.pc2.core.model.ContestTime edu.csus.ecs.pc2.core.model.ContestTime@78810a07
221210 080251.484|INFO|Thread-1515|dumpPacket|   key: CLARIFICATION_LIST is: [Ledu.csus.ecs.pc2.core.model.Clarification; [Ledu.csus.ecs.pc2.core.model.Clarification;@3d839b73
221210 080251.484|INFO|Thread-1515|dumpPacket|   key: CATEGORY_LIST is: [Ledu.csus.ecs.pc2.core.model.Category; [Ledu.csus.ecs.pc2.core.model.Category;@448276d
221210 080251.484|INFO|Thread-1515|dumpPacket|   key: LANGUAGE_LIST is: [Ledu.csus.ecs.pc2.core.model.Language; [Ledu.csus.ecs.pc2.core.model.Language;@c74c27d
221210 080251.484|INFO|Thread-1515|dumpPacket|   key: REMOTE_LOGGED_IN_USERS is: [Ledu.csus.ecs.pc2.core.model.ClientId; [Ledu.csus.ecs.pc2.core.model.ClientId;@7c5520c6
221210 080251.484|INFO|Thread-1515|dumpPacket|   key: CONTEST_TIME_LIST is: [Ledu.csus.ecs.pc2.core.model.ContestTime; [Ledu.csus.ecs.pc2.core.model.ContestTime;@5dac643c
221210 080251.484|INFO|Thread-1515|dumpPacket|   key: CONNECTION_HANDLE_ID_LIST is: [Ledu.csus.ecs.pc2.core.transport.ConnectionHandlerID; [Ledu.csus.ecs.pc2.core.transport.ConnectionHandlerID;@189a53ab
221210 080251.484|INFO|Thread-1515|dumpPacket|   key: PROFILE is: edu.csus.ecs.pc2.core.model.Profile DryRun--5544400451244233091
221210 080251.484|INFO|Thread-1515|dumpPacket|   key: CLIENT_ID is: edu.csus.ecs.pc2.core.model.ClientId TEAM59 @ site 1
221210 080251.484|INFO|Thread-1515|dumpPacket|   key: SITE_NUMBER is: java.lang.Integer 1
221210 080251.484|INFO|Thread-1515|dumpPacket|   key: CONTEST_INFORMATION is: edu.csus.ecs.pc2.core.model.ContestInformation edu.csus.ecs.pc2.core.model.ContestInformation@32571def
221210 080251.484|INFO|Thread-1515|dumpPacket|   key: SITE_LIST is: [Ledu.csus.ecs.pc2.core.model.Site; [Ledu.csus.ecs.pc2.core.model.Site;@67514873
221210 080251.484|INFO|Thread-1515|dumpPacket|   key: PROBLEM_DATA_FILES is: [Ledu.csus.ecs.pc2.core.model.ProblemDataFiles; [Ledu.csus.ecs.pc2.core.model.ProblemDataFiles;@59e25d21
221210 080251.484|INFO|Thread-1515|dumpPacket|   key: JUDGEMENT_LIST is: [Ledu.csus.ecs.pc2.core.model.Judgement; [Ledu.csus.ecs.pc2.core.model.Judgement;@132f4abd
221210 080251.484|INFO|Thread-1515|dumpPacket|   key: PROBLEM_LIST is: [Ledu.csus.ecs.pc2.core.model.Problem; [Ledu.csus.ecs.pc2.core.model.Problem;@199d9552
221210 080251.484|INFO|Thread-1515|dumpPacket|   key: GROUP_LIST is: [Ledu.csus.ecs.pc2.core.model.Group; [Ledu.csus.ecs.pc2.core.model.Group;@74e254c2
221210 080251.484|INFO|Thread-1515|dumpPacket|   key: LOCAL_LOGGED_IN_USERS is: [Ledu.csus.ecs.pc2.core.model.ClientId; [Ledu.csus.ecs.pc2.core.model.ClientId;@3f22042a
221210 080251.484|INFO|Thread-1515|dumpPacket|   key: SERVER_CLOCK_OFFSET is: java.util.GregorianCalendar java.util.GregorianCalendar[time=1670680971480,areFieldsSet=true,areAllFieldsSet=false,lenient=true,zone=sun.util.calendar.ZoneInfo[id="GMT",offset=0,dstSavings=0,useDaylight=false,transitions=0,lastRule=null],firstDayOfWeek=1,minimalDaysInFirstWeek=1,ERA=1,YEAR=2022,MONTH=11,WEEK_OF_YEAR=50,WEEK_OF_MONTH=2,DAY_OF_MONTH=10,DAY_OF_YEAR=344,DAY_OF_WEEK=7,DAY_OF_WEEK_IN_MONTH=2,AM_PM=1,HOUR=2,HOUR_OF_DAY=14,MINUTE=2,SECOND=51,MILLISECOND=480,ZONE_OFFSET=0,DST_OFFSET=0]
221210 080251.484|INFO|Thread-1515|dumpPacket|   key: CONTEST_IDENTIFIER is: java.lang.String DryRun--5544400451244233091
221210 080251.484|INFO|Thread-1515|dumpPacket|   key: BALLOON_SETTINGS_LIST is: [Ledu.csus.ecs.pc2.core.model.BalloonSettings; [Ledu.csus.ecs.pc2.core.model.BalloonSettings;@5631cbd1
221210 080251.484|INFO|Thread-1515|dumpPacket|   key: RUN_LIST is: [Ledu.csus.ecs.pc2.core.model.Run; [Ledu.csus.ecs.pc2.core.model.Run;@23f3e340
221210 080251.484|INFO|Thread-1515|dumpPacket|   key: ACCOUNT_ARRAY is: [Ledu.csus.ecs.pc2.core.model.Account; [Ledu.csus.ecs.pc2.core.model.Account;@45d1e7b8
221210 080251.484|INFO|Thread-1515|info|handlePacket start Packet[LOGIN_SUCCESS] #621 SERVER0 @ site 1 -> TEAM59 @ site 1
221210 080251.484|INFO|Thread-1515|dumpPacket|Packet LOGIN_SUCCESS (Seq #621, o#621 ) handlePacket
221210 080251.484|INFO|Thread-1515|dumpPacket|  From: SERVER0 @ site 1, oSERVER0 @ site 1 (DESKTOP-D75BQTV @ 212.212.212.212) (Contest Id: DryRun--5544400451244233091)
221210 080251.484|INFO|Thread-1515|dumpPacket|    To: TEAM59 @ site 1
221210 080251.484|INFO|Thread-1515|dumpPacket|   key: PROFILE_LIST is: [Ledu.csus.ecs.pc2.core.model.Profile; [Ledu.csus.ecs.pc2.core.model.Profile;@72796177
221210 080251.484|INFO|Thread-1515|dumpPacket|   key: GENERAL_PROBLEM is: edu.csus.ecs.pc2.core.model.Problem General
221210 080251.484|INFO|Thread-1515|dumpPacket|   key: CLIENT_SETTINGS_LIST is: [Ledu.csus.ecs.pc2.core.model.ClientSettings; [Ledu.csus.ecs.pc2.core.model.ClientSettings;@7cbe9148
221210 080251.484|INFO|Thread-1515|dumpPacket|   key: CONTEST_TIME is: edu.csus.ecs.pc2.core.model.ContestTime edu.csus.ecs.pc2.core.model.ContestTime@78810a07
221210 080251.484|INFO|Thread-1515|dumpPacket|   key: CLARIFICATION_LIST is: [Ledu.csus.ecs.pc2.core.model.Clarification; [Ledu.csus.ecs.pc2.core.model.Clarification;@3d839b73
221210 080251.484|INFO|Thread-1515|dumpPacket|   key: CATEGORY_LIST is: [Ledu.csus.ecs.pc2.core.model.Category; [Ledu.csus.ecs.pc2.core.model.Category;@448276d
221210 080251.484|INFO|Thread-1515|dumpPacket|   key: LANGUAGE_LIST is: [Ledu.csus.ecs.pc2.core.model.Language; [Ledu.csus.ecs.pc2.core.model.Language;@c74c27d
221210 080251.484|INFO|Thread-1515|dumpPacket|   key: REMOTE_LOGGED_IN_USERS is: [Ledu.csus.ecs.pc2.core.model.ClientId; [Ledu.csus.ecs.pc2.core.model.ClientId;@7c5520c6
221210 080251.484|INFO|Thread-1515|dumpPacket|   key: CONTEST_TIME_LIST is: [Ledu.csus.ecs.pc2.core.model.ContestTime; [Ledu.csus.ecs.pc2.core.model.ContestTime;@5dac643c
221210 080251.484|INFO|Thread-1515|dumpPacket|   key: CONNECTION_HANDLE_ID_LIST is: [Ledu.csus.ecs.pc2.core.transport.ConnectionHandlerID; [Ledu.csus.ecs.pc2.core.transport.ConnectionHandlerID;@189a53ab
221210 080251.484|INFO|Thread-1515|dumpPacket|   key: PROFILE is: edu.csus.ecs.pc2.core.model.Profile DryRun--5544400451244233091
221210 080251.484|INFO|Thread-1515|dumpPacket|   key: CLIENT_ID is: edu.csus.ecs.pc2.core.model.ClientId TEAM59 @ site 1
221210 080251.484|INFO|Thread-1515|dumpPacket|   key: SITE_NUMBER is: java.lang.Integer 1
221210 080251.484|INFO|Thread-1515|dumpPacket|   key: CONTEST_INFORMATION is: edu.csus.ecs.pc2.core.model.ContestInformation edu.csus.ecs.pc2.core.model.ContestInformation@32571def
221210 080251.484|INFO|Thread-1515|dumpPacket|   key: SITE_LIST is: [Ledu.csus.ecs.pc2.core.model.Site; [Ledu.csus.ecs.pc2.core.model.Site;@67514873
221210 080251.484|INFO|Thread-1515|dumpPacket|   key: PROBLEM_DATA_FILES is: [Ledu.csus.ecs.pc2.core.model.ProblemDataFiles; [Ledu.csus.ecs.pc2.core.model.ProblemDataFiles;@59e25d21
221210 080251.484|INFO|Thread-1515|dumpPacket|   key: JUDGEMENT_LIST is: [Ledu.csus.ecs.pc2.core.model.Judgement; [Ledu.csus.ecs.pc2.core.model.Judgement;@132f4abd
221210 080251.484|INFO|Thread-1515|dumpPacket|   key: PROBLEM_LIST is: [Ledu.csus.ecs.pc2.core.model.Problem; [Ledu.csus.ecs.pc2.core.model.Problem;@199d9552
221210 080251.484|INFO|Thread-1515|dumpPacket|   key: GROUP_LIST is: [Ledu.csus.ecs.pc2.core.model.Group; [Ledu.csus.ecs.pc2.core.model.Group;@74e254c2
221210 080251.484|INFO|Thread-1515|dumpPacket|   key: LOCAL_LOGGED_IN_USERS is: [Ledu.csus.ecs.pc2.core.model.ClientId; [Ledu.csus.ecs.pc2.core.model.ClientId;@3f22042a
221210 080251.485|INFO|Thread-1515|dumpPacket|   key: SERVER_CLOCK_OFFSET is: java.util.GregorianCalendar java.util.GregorianCalendar[time=1670680971480,areFieldsSet=true,areAllFieldsSet=false,lenient=true,zone=sun.util.calendar.ZoneInfo[id="GMT",offset=0,dstSavings=0,useDaylight=false,transitions=0,lastRule=null],firstDayOfWeek=1,minimalDaysInFirstWeek=1,ERA=1,YEAR=2022,MONTH=11,WEEK_OF_YEAR=50,WEEK_OF_MONTH=2,DAY_OF_MONTH=10,DAY_OF_YEAR=344,DAY_OF_WEEK=7,DAY_OF_WEEK_IN_MONTH=2,AM_PM=1,HOUR=2,HOUR_OF_DAY=14,MINUTE=2,SECOND=51,MILLISECOND=480,ZONE_OFFSET=0,DST_OFFSET=0]
221210 080251.485|INFO|Thread-1515|dumpPacket|   key: CONTEST_IDENTIFIER is: java.lang.String DryRun--5544400451244233091
221210 080251.485|INFO|Thread-1515|dumpPacket|   key: BALLOON_SETTINGS_LIST is: [Ledu.csus.ecs.pc2.core.model.BalloonSettings; [Ledu.csus.ecs.pc2.core.model.BalloonSettings;@5631cbd1
221210 080251.485|INFO|Thread-1515|dumpPacket|   key: RUN_LIST is: [Ledu.csus.ecs.pc2.core.model.Run; [Ledu.csus.ecs.pc2.core.model.Run;@23f3e340
221210 080251.485|INFO|Thread-1515|dumpPacket|   key: ACCOUNT_ARRAY is: [Ledu.csus.ecs.pc2.core.model.Account; [Ledu.csus.ecs.pc2.core.model.Account;@45d1e7b8
221210 080704.691|INFO|Thread-1748|run|send(Serializable)
221210 080704.698|INFO|Thread-1511|receive|public void receive(SealedObject TransportPacket, ConnectionHandlerID connectionHandlerID)
221210 080919.451|INFO|Thread-1511|receive|public void receive(SealedObject TransportPacket, ConnectionHandlerID connectionHandlerID)
221210 083216.050|INFO|Thread-1511|receive|public void receive(SealedObject TransportPacket, ConnectionHandlerID connectionHandlerID)
221210 084028.474|INFO|Thread-1511|receive|public void receive(SealedObject TransportPacket, ConnectionHandlerID connectionHandlerID)
221210 100024.521|INFO|Thread-1511|connectionDropped|connectionDropped(ConnectionHandlerID myConnectionID) 
221210 100922.438|CONFIG|qtp1613095350-25|setFileHandlers|Now logging to C:\Users\18328\Desktop\pc2\WebTeamInterface-1.1\logs directory.
221210 100922.439|INFO|qtp1613095350-25|info|
221210 100922.439|INFO|qtp1613095350-25|info|Version 9 () Java ver 18.0.2.1 build  Windows 11 10.0 (amd64) 
221210 100922.439|INFO|qtp1613095350-25|info|Login: team59 (aka team59)
221210 100922.439|INFO|qtp1613095350-25|startLog|Working directory is C:\Users\18328\Desktop\pc2\WebTeamInterface-1.1
221210 100922.439|INFO|qtp1613095350-25|startLog|Process id is 22344@DESKTOP-D75BQTV
221210 100922.439|INFO|qtp1613095350-25|info|Contacting server at 212.212.212.212:50002 as TEAM59 @ site 0
221210 100922.439|INFO|qtp1613095350-25|info|sendLoginRequest start - sending from TEAM59 @ site 0
221210 100922.439|INFO|qtp1613095350-25|sendToLocalServer|Sending packet to server Packet[LOGIN_REQUEST] #33 TEAM59 @ site 0 -> SERVER0 @ site 0
221210 100922.439|INFO|qtp1613095350-25|sendToLocalServer|Sent    packet to server Packet[LOGIN_REQUEST] #33 TEAM59 @ site 0 -> SERVER0 @ site 0
221210 100922.439|INFO|qtp1613095350-25|info|sendLoginRequest end - packet sent.
221210 100922.440|INFO|Thread-261|run|send(Serializable)
221210 100922.443|INFO|Thread-260|receive|public void receive(SealedObject TransportPacket, ConnectionHandlerID connectionHandlerID)
221210 100922.445|INFO|Thread-262|info| receiveObject(S) start got Packet[LOGIN_SUCCESS] #2139 SERVER0 @ site 1 -> TEAM59 @ site 1
221210 100922.446|INFO|Thread-262|dumpPacket|Packet LOGIN_SUCCESS (Seq #2139, o#2139 ) recieveObject
221210 100922.446|INFO|Thread-262|dumpPacket|  From: SERVER0 @ site 1, oSERVER0 @ site 1 (DESKTOP-D75BQTV @ 212.212.212.212) (Contest Id: DryRun--5544400451244233091)
221210 100922.446|INFO|Thread-262|dumpPacket|    To: TEAM59 @ site 1
221210 100922.446|INFO|Thread-262|dumpPacket|   key: PROFILE_LIST is: [Ledu.csus.ecs.pc2.core.model.Profile; [Ledu.csus.ecs.pc2.core.model.Profile;@439a15e
221210 100922.446|INFO|Thread-262|dumpPacket|   key: GENERAL_PROBLEM is: edu.csus.ecs.pc2.core.model.Problem General
221210 100922.446|INFO|Thread-262|dumpPacket|   key: CLIENT_SETTINGS_LIST is: [Ledu.csus.ecs.pc2.core.model.ClientSettings; [Ledu.csus.ecs.pc2.core.model.ClientSettings;@afe5fa9
221210 100922.446|INFO|Thread-262|dumpPacket|   key: CONTEST_TIME is: edu.csus.ecs.pc2.core.model.ContestTime edu.csus.ecs.pc2.core.model.ContestTime@ec1ca2e
221210 100922.446|INFO|Thread-262|dumpPacket|   key: CLARIFICATION_LIST is: [Ledu.csus.ecs.pc2.core.model.Clarification; [Ledu.csus.ecs.pc2.core.model.Clarification;@4bc35592
221210 100922.446|INFO|Thread-262|dumpPacket|   key: CATEGORY_LIST is: [Ledu.csus.ecs.pc2.core.model.Category; [Ledu.csus.ecs.pc2.core.model.Category;@2392ee5
221210 100922.446|INFO|Thread-262|dumpPacket|   key: LANGUAGE_LIST is: [Ledu.csus.ecs.pc2.core.model.Language; [Ledu.csus.ecs.pc2.core.model.Language;@7a423a1c
221210 100922.446|INFO|Thread-262|dumpPacket|   key: REMOTE_LOGGED_IN_USERS is: [Ledu.csus.ecs.pc2.core.model.ClientId; [Ledu.csus.ecs.pc2.core.model.ClientId;@7a521fc0
221210 100922.446|INFO|Thread-262|dumpPacket|   key: CONTEST_TIME_LIST is: [Ledu.csus.ecs.pc2.core.model.ContestTime; [Ledu.csus.ecs.pc2.core.model.ContestTime;@2becaadd
221210 100922.446|INFO|Thread-262|dumpPacket|   key: CONNECTION_HANDLE_ID_LIST is: [Ledu.csus.ecs.pc2.core.transport.ConnectionHandlerID; [Ledu.csus.ecs.pc2.core.transport.ConnectionHandlerID;@6069e743
221210 100922.446|INFO|Thread-262|dumpPacket|   key: PROFILE is: edu.csus.ecs.pc2.core.model.Profile DryRun--5544400451244233091
221210 100922.446|INFO|Thread-262|dumpPacket|   key: CLIENT_ID is: edu.csus.ecs.pc2.core.model.ClientId TEAM59 @ site 1
221210 100922.446|INFO|Thread-262|dumpPacket|   key: SITE_NUMBER is: java.lang.Integer 1
221210 100922.446|INFO|Thread-262|dumpPacket|   key: CONTEST_INFORMATION is: edu.csus.ecs.pc2.core.model.ContestInformation edu.csus.ecs.pc2.core.model.ContestInformation@b90b388
221210 100922.446|INFO|Thread-262|dumpPacket|   key: SITE_LIST is: [Ledu.csus.ecs.pc2.core.model.Site; [Ledu.csus.ecs.pc2.core.model.Site;@61561125
221210 100922.446|INFO|Thread-262|dumpPacket|   key: PROBLEM_DATA_FILES is: [Ledu.csus.ecs.pc2.core.model.ProblemDataFiles; [Ledu.csus.ecs.pc2.core.model.ProblemDataFiles;@2fa2f590
221210 100922.446|INFO|Thread-262|dumpPacket|   key: JUDGEMENT_LIST is: [Ledu.csus.ecs.pc2.core.model.Judgement; [Ledu.csus.ecs.pc2.core.model.Judgement;@5e4cd8
221210 100922.446|INFO|Thread-262|dumpPacket|   key: PROBLEM_LIST is: [Ledu.csus.ecs.pc2.core.model.Problem; [Ledu.csus.ecs.pc2.core.model.Problem;@e5cb3a8
221210 100922.446|INFO|Thread-262|dumpPacket|   key: GROUP_LIST is: [Ledu.csus.ecs.pc2.core.model.Group; [Ledu.csus.ecs.pc2.core.model.Group;@5fd2547f
221210 100922.446|INFO|Thread-262|dumpPacket|   key: LOCAL_LOGGED_IN_USERS is: [Ledu.csus.ecs.pc2.core.model.ClientId; [Ledu.csus.ecs.pc2.core.model.ClientId;@67642460
221210 100922.446|INFO|Thread-262|dumpPacket|   key: SERVER_CLOCK_OFFSET is: java.util.GregorianCalendar java.util.GregorianCalendar[time=1670688562441,areFieldsSet=true,areAllFieldsSet=false,lenient=true,zone=sun.util.calendar.ZoneInfo[id="GMT",offset=0,dstSavings=0,useDaylight=false,transitions=0,lastRule=null],firstDayOfWeek=1,minimalDaysInFirstWeek=1,ERA=1,YEAR=2022,MONTH=11,WEEK_OF_YEAR=50,WEEK_OF_MONTH=2,DAY_OF_MONTH=10,DAY_OF_YEAR=344,DAY_OF_WEEK=7,DAY_OF_WEEK_IN_MONTH=2,AM_PM=1,HOUR=4,HOUR_OF_DAY=16,MINUTE=9,SECOND=22,MILLISECOND=441,ZONE_OFFSET=0,DST_OFFSET=0]
221210 100922.446|INFO|Thread-262|dumpPacket|   key: CONTEST_IDENTIFIER is: java.lang.String DryRun--5544400451244233091
221210 100922.446|INFO|Thread-262|dumpPacket|   key: BALLOON_SETTINGS_LIST is: [Ledu.csus.ecs.pc2.core.model.BalloonSettings; [Ledu.csus.ecs.pc2.core.model.BalloonSettings;@15ae8cd8
221210 100922.446|INFO|Thread-262|dumpPacket|   key: RUN_LIST is: [Ledu.csus.ecs.pc2.core.model.Run; [Ledu.csus.ecs.pc2.core.model.Run;@7e84bc36
221210 100922.446|INFO|Thread-262|dumpPacket|   key: ACCOUNT_ARRAY is: [Ledu.csus.ecs.pc2.core.model.Account; [Ledu.csus.ecs.pc2.core.model.Account;@33387e35
221210 100922.446|INFO|Thread-262|info|handlePacket start Packet[LOGIN_SUCCESS] #2139 SERVER0 @ site 1 -> TEAM59 @ site 1
221210 100922.446|INFO|Thread-262|dumpPacket|Packet LOGIN_SUCCESS (Seq #2139, o#2139 ) handlePacket
221210 100922.446|INFO|Thread-262|dumpPacket|  From: SERVER0 @ site 1, oSERVER0 @ site 1 (DESKTOP-D75BQTV @ 212.212.212.212) (Contest Id: DryRun--5544400451244233091)
221210 100922.446|INFO|Thread-262|dumpPacket|    To: TEAM59 @ site 1
221210 100922.446|INFO|Thread-262|dumpPacket|   key: PROFILE_LIST is: [Ledu.csus.ecs.pc2.core.model.Profile; [Ledu.csus.ecs.pc2.core.model.Profile;@439a15e
221210 100922.446|INFO|Thread-262|dumpPacket|   key: GENERAL_PROBLEM is: edu.csus.ecs.pc2.core.model.Problem General
221210 100922.446|INFO|Thread-262|dumpPacket|   key: CLIENT_SETTINGS_LIST is: [Ledu.csus.ecs.pc2.core.model.ClientSettings; [Ledu.csus.ecs.pc2.core.model.ClientSettings;@afe5fa9
221210 100922.446|INFO|Thread-262|dumpPacket|   key: CONTEST_TIME is: edu.csus.ecs.pc2.core.model.ContestTime edu.csus.ecs.pc2.core.model.ContestTime@ec1ca2e
221210 100922.446|INFO|Thread-262|dumpPacket|   key: CLARIFICATION_LIST is: [Ledu.csus.ecs.pc2.core.model.Clarification; [Ledu.csus.ecs.pc2.core.model.Clarification;@4bc35592
221210 100922.446|INFO|Thread-262|dumpPacket|   key: CATEGORY_LIST is: [Ledu.csus.ecs.pc2.core.model.Category; [Ledu.csus.ecs.pc2.core.model.Category;@2392ee5
221210 100922.446|INFO|Thread-262|dumpPacket|   key: LANGUAGE_LIST is: [Ledu.csus.ecs.pc2.core.model.Language; [Ledu.csus.ecs.pc2.core.model.Language;@7a423a1c
221210 100922.446|INFO|Thread-262|dumpPacket|   key: REMOTE_LOGGED_IN_USERS is: [Ledu.csus.ecs.pc2.core.model.ClientId; [Ledu.csus.ecs.pc2.core.model.ClientId;@7a521fc0
221210 100922.446|INFO|Thread-262|dumpPacket|   key: CONTEST_TIME_LIST is: [Ledu.csus.ecs.pc2.core.model.ContestTime; [Ledu.csus.ecs.pc2.core.model.ContestTime;@2becaadd
221210 100922.446|INFO|Thread-262|dumpPacket|   key: CONNECTION_HANDLE_ID_LIST is: [Ledu.csus.ecs.pc2.core.transport.ConnectionHandlerID; [Ledu.csus.ecs.pc2.core.transport.ConnectionHandlerID;@6069e743
221210 100922.446|INFO|Thread-262|dumpPacket|   key: PROFILE is: edu.csus.ecs.pc2.core.model.Profile DryRun--5544400451244233091
221210 100922.446|INFO|Thread-262|dumpPacket|   key: CLIENT_ID is: edu.csus.ecs.pc2.core.model.ClientId TEAM59 @ site 1
221210 100922.446|INFO|Thread-262|dumpPacket|   key: SITE_NUMBER is: java.lang.Integer 1
221210 100922.446|INFO|Thread-262|dumpPacket|   key: CONTEST_INFORMATION is: edu.csus.ecs.pc2.core.model.ContestInformation edu.csus.ecs.pc2.core.model.ContestInformation@b90b388
221210 100922.446|INFO|Thread-262|dumpPacket|   key: SITE_LIST is: [Ledu.csus.ecs.pc2.core.model.Site; [Ledu.csus.ecs.pc2.core.model.Site;@61561125
221210 100922.446|INFO|Thread-262|dumpPacket|   key: PROBLEM_DATA_FILES is: [Ledu.csus.ecs.pc2.core.model.ProblemDataFiles; [Ledu.csus.ecs.pc2.core.model.ProblemDataFiles;@2fa2f590
221210 100922.446|INFO|Thread-262|dumpPacket|   key: JUDGEMENT_LIST is: [Ledu.csus.ecs.pc2.core.model.Judgement; [Ledu.csus.ecs.pc2.core.model.Judgement;@5e4cd8
221210 100922.446|INFO|Thread-262|dumpPacket|   key: PROBLEM_LIST is: [Ledu.csus.ecs.pc2.core.model.Problem; [Ledu.csus.ecs.pc2.core.model.Problem;@e5cb3a8
221210 100922.446|INFO|Thread-262|dumpPacket|   key: GROUP_LIST is: [Ledu.csus.ecs.pc2.core.model.Group; [Ledu.csus.ecs.pc2.core.model.Group;@5fd2547f
221210 100922.446|INFO|Thread-262|dumpPacket|   key: LOCAL_LOGGED_IN_USERS is: [Ledu.csus.ecs.pc2.core.model.ClientId; [Ledu.csus.ecs.pc2.core.model.ClientId;@67642460
221210 100922.446|INFO|Thread-262|dumpPacket|   key: SERVER_CLOCK_OFFSET is: java.util.GregorianCalendar java.util.GregorianCalendar[time=1670688562441,areFieldsSet=true,areAllFieldsSet=false,lenient=true,zone=sun.util.calendar.ZoneInfo[id="GMT",offset=0,dstSavings=0,useDaylight=false,transitions=0,lastRule=null],firstDayOfWeek=1,minimalDaysInFirstWeek=1,ERA=1,YEAR=2022,MONTH=11,WEEK_OF_YEAR=50,WEEK_OF_MONTH=2,DAY_OF_MONTH=10,DAY_OF_YEAR=344,DAY_OF_WEEK=7,DAY_OF_WEEK_IN_MONTH=2,AM_PM=1,HOUR=4,HOUR_OF_DAY=16,MINUTE=9,SECOND=22,MILLISECOND=441,ZONE_OFFSET=0,DST_OFFSET=0]
221210 100922.446|INFO|Thread-262|dumpPacket|   key: CONTEST_IDENTIFIER is: java.lang.String DryRun--5544400451244233091
221210 100922.446|INFO|Thread-262|dumpPacket|   key: BALLOON_SETTINGS_LIST is: [Ledu.csus.ecs.pc2.core.model.BalloonSettings; [Ledu.csus.ecs.pc2.core.model.BalloonSettings;@15ae8cd8
221210 100922.446|INFO|Thread-262|dumpPacket|   key: RUN_LIST is: [Ledu.csus.ecs.pc2.core.model.Run; [Ledu.csus.ecs.pc2.core.model.Run;@7e84bc36
221210 100922.446|INFO|Thread-262|dumpPacket|   key: ACCOUNT_ARRAY is: [Ledu.csus.ecs.pc2.core.model.Account; [Ledu.csus.ecs.pc2.core.model.Account;@33387e35
221210 101153.847|INFO|Thread-260|connectionDropped|connectionDropped(ConnectionHandlerID myConnectionID) 
231209 075450.098|CONFIG|qtp135640095-303|setFileHandlers|Now logging to C:\Users\18328\Desktop\pc2\WebTeamInterface-1.1\logs directory.
231209 075450.098|INFO|qtp135640095-303|info|
231209 075450.098|INFO|qtp135640095-303|info|Version 9 () Java ver 18.0.2.1 build  Windows 11 10.0 (amd64) 
231209 075450.098|INFO|qtp135640095-303|info|Login: team59 (aka team59)
231209 075450.098|INFO|qtp135640095-303|startLog|Working directory is C:\Users\18328\Desktop\pc2\WebTeamInterface-1.1
231209 075450.106|INFO|qtp135640095-303|startLog|Process id is 15028@DESKTOP-D75BQTV
231209 075450.106|INFO|qtp135640095-303|info|Contacting server at localhost:50002 as TEAM59 @ site 0
231209 075450.106|INFO|qtp135640095-303|info|sendLoginRequest start - sending from TEAM59 @ site 0
231209 075450.106|INFO|qtp135640095-303|sendToLocalServer|Sending packet to server Packet[LOGIN_REQUEST] #28 TEAM59 @ site 0 -> SERVER0 @ site 0
231209 075450.106|INFO|qtp135640095-303|sendToLocalServer|Sent    packet to server Packet[LOGIN_REQUEST] #28 TEAM59 @ site 0 -> SERVER0 @ site 0
231209 075450.106|INFO|qtp135640095-303|info|sendLoginRequest end - packet sent.
231209 075450.108|INFO|Thread-380|run|send(Serializable)
231209 075450.120|INFO|Thread-379|receive|public void receive(SealedObject TransportPacket, ConnectionHandlerID connectionHandlerID)
231209 075450.131|INFO|Thread-381|info| receiveObject(S) start got Packet[LOGIN_SUCCESS] #298 SERVER0 @ site 1 -> TEAM59 @ site 1
231209 075450.131|INFO|Thread-381|dumpPacket|Packet LOGIN_SUCCESS (Seq #298, o#298 ) recieveObject
231209 075450.131|INFO|Thread-381|dumpPacket|  From: SERVER0 @ site 1, oSERVER0 @ site 1 (DESKTOP-D75BQTV @ 212.212.212.212) (Contest Id: DryRun--6069080675419338087)
231209 075450.131|INFO|Thread-381|dumpPacket|    To: TEAM59 @ site 1
231209 075450.131|INFO|Thread-381|dumpPacket|   key: PROFILE_LIST is: [Ledu.csus.ecs.pc2.core.model.Profile; [Ledu.csus.ecs.pc2.core.model.Profile;@2497e2f4
231209 075450.131|INFO|Thread-381|dumpPacket|   key: GENERAL_PROBLEM is: edu.csus.ecs.pc2.core.model.Problem General
231209 075450.131|INFO|Thread-381|dumpPacket|   key: CLIENT_SETTINGS_LIST is: [Ledu.csus.ecs.pc2.core.model.ClientSettings; [Ledu.csus.ecs.pc2.core.model.ClientSettings;@2a501816
231209 075450.131|INFO|Thread-381|dumpPacket|   key: CONTEST_TIME is: edu.csus.ecs.pc2.core.model.ContestTime edu.csus.ecs.pc2.core.model.ContestTime@2e6f8984
231209 075450.131|INFO|Thread-381|dumpPacket|   key: CLARIFICATION_LIST is: [Ledu.csus.ecs.pc2.core.model.Clarification; [Ledu.csus.ecs.pc2.core.model.Clarification;@6b6d122d
231209 075450.131|INFO|Thread-381|dumpPacket|   key: CATEGORY_LIST is: [Ledu.csus.ecs.pc2.core.model.Category; [Ledu.csus.ecs.pc2.core.model.Category;@7076cdf6
231209 075450.131|INFO|Thread-381|dumpPacket|   key: LANGUAGE_LIST is: [Ledu.csus.ecs.pc2.core.model.Language; [Ledu.csus.ecs.pc2.core.model.Language;@5accfb46
231209 075450.131|INFO|Thread-381|dumpPacket|   key: REMOTE_LOGGED_IN_USERS is: [Ledu.csus.ecs.pc2.core.model.ClientId; [Ledu.csus.ecs.pc2.core.model.ClientId;@83d7a32
231209 075450.131|INFO|Thread-381|dumpPacket|   key: CONTEST_TIME_LIST is: [Ledu.csus.ecs.pc2.core.model.ContestTime; [Ledu.csus.ecs.pc2.core.model.ContestTime;@b42ed62
231209 075450.131|INFO|Thread-381|dumpPacket|   key: CONNECTION_HANDLE_ID_LIST is: [Ledu.csus.ecs.pc2.core.transport.ConnectionHandlerID; [Ledu.csus.ecs.pc2.core.transport.ConnectionHandlerID;@4d9d8881
231209 075450.131|INFO|Thread-381|dumpPacket|   key: PROFILE is: edu.csus.ecs.pc2.core.model.Profile DryRun--6069080675419338087
231209 075450.131|INFO|Thread-381|dumpPacket|   key: CLIENT_ID is: edu.csus.ecs.pc2.core.model.ClientId TEAM59 @ site 1
231209 075450.131|INFO|Thread-381|dumpPacket|   key: SITE_NUMBER is: java.lang.Integer 1
231209 075450.131|INFO|Thread-381|dumpPacket|   key: CONTEST_INFORMATION is: edu.csus.ecs.pc2.core.model.ContestInformation edu.csus.ecs.pc2.core.model.ContestInformation@70b64cbf
231209 075450.131|INFO|Thread-381|dumpPacket|   key: SITE_LIST is: [Ledu.csus.ecs.pc2.core.model.Site; [Ledu.csus.ecs.pc2.core.model.Site;@13395471
231209 075450.131|INFO|Thread-381|dumpPacket|   key: PROBLEM_DATA_FILES is: [Ledu.csus.ecs.pc2.core.model.ProblemDataFiles; [Ledu.csus.ecs.pc2.core.model.ProblemDataFiles;@f0c9289
231209 075450.131|INFO|Thread-381|dumpPacket|   key: JUDGEMENT_LIST is: [Ledu.csus.ecs.pc2.core.model.Judgement; [Ledu.csus.ecs.pc2.core.model.Judgement;@2ef4da69
231209 075450.131|INFO|Thread-381|dumpPacket|   key: PROBLEM_LIST is: [Ledu.csus.ecs.pc2.core.model.Problem; [Ledu.csus.ecs.pc2.core.model.Problem;@6c65a8bc
231209 075450.131|INFO|Thread-381|dumpPacket|   key: GROUP_LIST is: [Ledu.csus.ecs.pc2.core.model.Group; [Ledu.csus.ecs.pc2.core.model.Group;@35a6f39d
231209 075450.131|INFO|Thread-381|dumpPacket|   key: LOCAL_LOGGED_IN_USERS is: [Ledu.csus.ecs.pc2.core.model.ClientId; [Ledu.csus.ecs.pc2.core.model.ClientId;@5ed5a77a
231209 075450.131|INFO|Thread-381|dumpPacket|   key: SERVER_CLOCK_OFFSET is: java.util.GregorianCalendar java.util.GregorianCalendar[time=1702130090108,areFieldsSet=true,areAllFieldsSet=false,lenient=true,zone=sun.util.calendar.ZoneInfo[id="GMT",offset=0,dstSavings=0,useDaylight=false,transitions=0,lastRule=null],firstDayOfWeek=1,minimalDaysInFirstWeek=1,ERA=1,YEAR=2023,MONTH=11,WEEK_OF_YEAR=49,WEEK_OF_MONTH=2,DAY_OF_MONTH=9,DAY_OF_YEAR=343,DAY_OF_WEEK=7,DAY_OF_WEEK_IN_MONTH=2,AM_PM=1,HOUR=1,HOUR_OF_DAY=13,MINUTE=54,SECOND=50,MILLISECOND=108,ZONE_OFFSET=0,DST_OFFSET=0]
231209 075450.131|INFO|Thread-381|dumpPacket|   key: CONTEST_IDENTIFIER is: java.lang.String DryRun--6069080675419338087
231209 075450.131|INFO|Thread-381|dumpPacket|   key: BALLOON_SETTINGS_LIST is: [Ledu.csus.ecs.pc2.core.model.BalloonSettings; [Ledu.csus.ecs.pc2.core.model.BalloonSettings;@56fa195b
231209 075450.131|INFO|Thread-381|dumpPacket|   key: RUN_LIST is: [Ledu.csus.ecs.pc2.core.model.Run; [Ledu.csus.ecs.pc2.core.model.Run;@171b7b70
231209 075450.131|INFO|Thread-381|dumpPacket|   key: ACCOUNT_ARRAY is: [Ledu.csus.ecs.pc2.core.model.Account; [Ledu.csus.ecs.pc2.core.model.Account;@15a34815
231209 075450.131|INFO|Thread-381|info|handlePacket start Packet[LOGIN_SUCCESS] #298 SERVER0 @ site 1 -> TEAM59 @ site 1
231209 075450.131|INFO|Thread-381|dumpPacket|Packet LOGIN_SUCCESS (Seq #298, o#298 ) handlePacket
231209 075450.131|INFO|Thread-381|dumpPacket|  From: SERVER0 @ site 1, oSERVER0 @ site 1 (DESKTOP-D75BQTV @ 212.212.212.212) (Contest Id: DryRun--6069080675419338087)
231209 075450.131|INFO|Thread-381|dumpPacket|    To: TEAM59 @ site 1
231209 075450.131|INFO|Thread-381|dumpPacket|   key: PROFILE_LIST is: [Ledu.csus.ecs.pc2.core.model.Profile; [Ledu.csus.ecs.pc2.core.model.Profile;@2497e2f4
231209 075450.131|INFO|Thread-381|dumpPacket|   key: GENERAL_PROBLEM is: edu.csus.ecs.pc2.core.model.Problem General
231209 075450.131|INFO|Thread-381|dumpPacket|   key: CLIENT_SETTINGS_LIST is: [Ledu.csus.ecs.pc2.core.model.ClientSettings; [Ledu.csus.ecs.pc2.core.model.ClientSettings;@2a501816
231209 075450.131|INFO|Thread-381|dumpPacket|   key: CONTEST_TIME is: edu.csus.ecs.pc2.core.model.ContestTime edu.csus.ecs.pc2.core.model.ContestTime@2e6f8984
231209 075450.131|INFO|Thread-381|dumpPacket|   key: CLARIFICATION_LIST is: [Ledu.csus.ecs.pc2.core.model.Clarification; [Ledu.csus.ecs.pc2.core.model.Clarification;@6b6d122d
231209 075450.131|INFO|Thread-381|dumpPacket|   key: CATEGORY_LIST is: [Ledu.csus.ecs.pc2.core.model.Category; [Ledu.csus.ecs.pc2.core.model.Category;@7076cdf6
231209 075450.131|INFO|Thread-381|dumpPacket|   key: LANGUAGE_LIST is: [Ledu.csus.ecs.pc2.core.model.Language; [Ledu.csus.ecs.pc2.core.model.Language;@5accfb46
231209 075450.131|INFO|Thread-381|dumpPacket|   key: REMOTE_LOGGED_IN_USERS is: [Ledu.csus.ecs.pc2.core.model.ClientId; [Ledu.csus.ecs.pc2.core.model.ClientId;@83d7a32
231209 075450.131|INFO|Thread-381|dumpPacket|   key: CONTEST_TIME_LIST is: [Ledu.csus.ecs.pc2.core.model.ContestTime; [Ledu.csus.ecs.pc2.core.model.ContestTime;@b42ed62
231209 075450.131|INFO|Thread-381|dumpPacket|   key: CONNECTION_HANDLE_ID_LIST is: [Ledu.csus.ecs.pc2.core.transport.ConnectionHandlerID; [Ledu.csus.ecs.pc2.core.transport.ConnectionHandlerID;@4d9d8881
231209 075450.131|INFO|Thread-381|dumpPacket|   key: PROFILE is: edu.csus.ecs.pc2.core.model.Profile DryRun--6069080675419338087
231209 075450.131|INFO|Thread-381|dumpPacket|   key: CLIENT_ID is: edu.csus.ecs.pc2.core.model.ClientId TEAM59 @ site 1
231209 075450.131|INFO|Thread-381|dumpPacket|   key: SITE_NUMBER is: java.lang.Integer 1
231209 075450.131|INFO|Thread-381|dumpPacket|   key: CONTEST_INFORMATION is: edu.csus.ecs.pc2.core.model.ContestInformation edu.csus.ecs.pc2.core.model.ContestInformation@70b64cbf
231209 075450.131|INFO|Thread-381|dumpPacket|   key: SITE_LIST is: [Ledu.csus.ecs.pc2.core.model.Site; [Ledu.csus.ecs.pc2.core.model.Site;@13395471
231209 075450.131|INFO|Thread-381|dumpPacket|   key: PROBLEM_DATA_FILES is: [Ledu.csus.ecs.pc2.core.model.ProblemDataFiles; [Ledu.csus.ecs.pc2.core.model.ProblemDataFiles;@f0c9289
231209 075450.131|INFO|Thread-381|dumpPacket|   key: JUDGEMENT_LIST is: [Ledu.csus.ecs.pc2.core.model.Judgement; [Ledu.csus.ecs.pc2.core.model.Judgement;@2ef4da69
231209 075450.131|INFO|Thread-381|dumpPacket|   key: PROBLEM_LIST is: [Ledu.csus.ecs.pc2.core.model.Problem; [Ledu.csus.ecs.pc2.core.model.Problem;@6c65a8bc
231209 075450.131|INFO|Thread-381|dumpPacket|   key: GROUP_LIST is: [Ledu.csus.ecs.pc2.core.model.Group; [Ledu.csus.ecs.pc2.core.model.Group;@35a6f39d
231209 075450.131|INFO|Thread-381|dumpPacket|   key: LOCAL_LOGGED_IN_USERS is: [Ledu.csus.ecs.pc2.core.model.ClientId; [Ledu.csus.ecs.pc2.core.model.ClientId;@5ed5a77a
231209 075450.131|INFO|Thread-381|dumpPacket|   key: SERVER_CLOCK_OFFSET is: java.util.GregorianCalendar java.util.GregorianCalendar[time=1702130090108,areFieldsSet=true,areAllFieldsSet=false,lenient=true,zone=sun.util.calendar.ZoneInfo[id="GMT",offset=0,dstSavings=0,useDaylight=false,transitions=0,lastRule=null],firstDayOfWeek=1,minimalDaysInFirstWeek=1,ERA=1,YEAR=2023,MONTH=11,WEEK_OF_YEAR=49,WEEK_OF_MONTH=2,DAY_OF_MONTH=9,DAY_OF_YEAR=343,DAY_OF_WEEK=7,DAY_OF_WEEK_IN_MONTH=2,AM_PM=1,HOUR=1,HOUR_OF_DAY=13,MINUTE=54,SECOND=50,MILLISECOND=108,ZONE_OFFSET=0,DST_OFFSET=0]
231209 075450.131|INFO|Thread-381|dumpPacket|   key: CONTEST_IDENTIFIER is: java.lang.String DryRun--6069080675419338087
231209 075450.131|INFO|Thread-381|dumpPacket|   key: BALLOON_SETTINGS_LIST is: [Ledu.csus.ecs.pc2.core.model.BalloonSettings; [Ledu.csus.ecs.pc2.core.model.BalloonSettings;@56fa195b
231209 075450.131|INFO|Thread-381|dumpPacket|   key: RUN_LIST is: [Ledu.csus.ecs.pc2.core.model.Run; [Ledu.csus.ecs.pc2.core.model.Run;@171b7b70
231209 075450.131|INFO|Thread-381|dumpPacket|   key: ACCOUNT_ARRAY is: [Ledu.csus.ecs.pc2.core.model.Account; [Ledu.csus.ecs.pc2.core.model.Account;@15a34815
231209 075938.063|INFO|Thread-559|run|send(Serializable)
231209 075938.095|INFO|Thread-379|receive|public void receive(SealedObject TransportPacket, ConnectionHandlerID connectionHandlerID)
231209 075958.420|INFO|Thread-379|connectionDropped|connectionDropped(ConnectionHandlerID myConnectionID) 
