221210 092120.414|CONFIG|qtp996796369-1390|setFileHandlers|Now logging to C:\Users\18328\Desktop\pc2\WebTeamInterface-1.1\logs directory.
221210 092120.414|INFO|qtp996796369-1390|info|
221210 092120.414|INFO|qtp996796369-1390|info|Version 9 () Java ver 18.0.2.1 build  Windows 11 10.0 (amd64) 
221210 092120.415|INFO|qtp996796369-1390|info|Login: team5 (aka team5)
221210 092120.415|INFO|qtp996796369-1390|startLog|Working directory is C:\Users\18328\Desktop\pc2\WebTeamInterface-1.1
221210 092120.415|INFO|qtp996796369-1390|startLog|Process id is 20708@DESKTOP-D75BQTV
221210 092120.415|INFO|qtp996796369-1390|info|Contacting server at 212.212.212.212:50002 as TEAM5 @ site 0
221210 092120.415|INFO|qtp996796369-1390|info|sendLoginRequest start - sending from TEAM5 @ site 0
221210 092120.415|INFO|qtp996796369-1390|sendToLocalServer|Sending packet to server Packet[LOGIN_REQUEST] #262 TEAM5 @ site 0 -> SERVER0 @ site 0
221210 092120.415|INFO|qtp996796369-1390|sendToLocalServer|Sent    packet to server Packet[LOGIN_REQUEST] #262 TEAM5 @ site 0 -> SERVER0 @ site 0
221210 092120.416|INFO|qtp996796369-1390|info|sendLoginRequest end - packet sent.
221210 092120.416|INFO|Thread-15099|run|send(Serializable)
221210 092120.419|INFO|Thread-15098|receive|public void receive(SealedObject TransportPacket, ConnectionHandlerID connectionHandlerID)
221210 092120.421|INFO|Thread-15100|info| receiveObject(S) start got Packet[LOGIN_SUCCESS] #1609 SERVER0 @ site 1 -> TEAM5 @ site 1
221210 092120.421|INFO|Thread-15100|dumpPacket|Packet LOGIN_SUCCESS (Seq #1609, o#1609 ) recieveObject
221210 092120.421|INFO|Thread-15100|dumpPacket|  From: SERVER0 @ site 1, oSERVER0 @ site 1 (DESKTOP-D75BQTV @ 212.212.212.212) (Contest Id: DryRun--5544400451244233091)
221210 092120.421|INFO|Thread-15100|dumpPacket|    To: TEAM5 @ site 1
221210 092120.421|INFO|Thread-15100|dumpPacket|   key: PROFILE_LIST is: [Ledu.csus.ecs.pc2.core.model.Profile; [Ledu.csus.ecs.pc2.core.model.Profile;@71f7c10
221210 092120.421|INFO|Thread-15100|dumpPacket|   key: GENERAL_PROBLEM is: edu.csus.ecs.pc2.core.model.Problem General
221210 092120.421|INFO|Thread-15100|dumpPacket|   key: CLIENT_SETTINGS_LIST is: [Ledu.csus.ecs.pc2.core.model.ClientSettings; [Ledu.csus.ecs.pc2.core.model.ClientSettings;@9d88283
221210 092120.421|INFO|Thread-15100|dumpPacket|   key: CONTEST_TIME is: edu.csus.ecs.pc2.core.model.ContestTime edu.csus.ecs.pc2.core.model.ContestTime@de71760
221210 092120.421|INFO|Thread-15100|dumpPacket|   key: CLARIFICATION_LIST is: [Ledu.csus.ecs.pc2.core.model.Clarification; [Ledu.csus.ecs.pc2.core.model.Clarification;@48e588b8
221210 092120.421|INFO|Thread-15100|dumpPacket|   key: CATEGORY_LIST is: [Ledu.csus.ecs.pc2.core.model.Category; [Ledu.csus.ecs.pc2.core.model.Category;@34e69248
221210 092120.421|INFO|Thread-15100|dumpPacket|   key: LANGUAGE_LIST is: [Ledu.csus.ecs.pc2.core.model.Language; [Ledu.csus.ecs.pc2.core.model.Language;@7967c2cd
221210 092120.421|INFO|Thread-15100|dumpPacket|   key: REMOTE_LOGGED_IN_USERS is: [Ledu.csus.ecs.pc2.core.model.ClientId; [Ledu.csus.ecs.pc2.core.model.ClientId;@4c8e8696
221210 092120.421|INFO|Thread-15100|dumpPacket|   key: CONTEST_TIME_LIST is: [Ledu.csus.ecs.pc2.core.model.ContestTime; [Ledu.csus.ecs.pc2.core.model.ContestTime;@28ca77f7
221210 092120.421|INFO|Thread-15100|dumpPacket|   key: CONNECTION_HANDLE_ID_LIST is: [Ledu.csus.ecs.pc2.core.transport.ConnectionHandlerID; [Ledu.csus.ecs.pc2.core.transport.ConnectionHandlerID;@28bed474
221210 092120.421|INFO|Thread-15100|dumpPacket|   key: PROFILE is: edu.csus.ecs.pc2.core.model.Profile DryRun--5544400451244233091
221210 092120.421|INFO|Thread-15100|dumpPacket|   key: CLIENT_ID is: edu.csus.ecs.pc2.core.model.ClientId TEAM5 @ site 1
221210 092120.421|INFO|Thread-15100|dumpPacket|   key: SITE_NUMBER is: java.lang.Integer 1
221210 092120.421|INFO|Thread-15100|dumpPacket|   key: CONTEST_INFORMATION is: edu.csus.ecs.pc2.core.model.ContestInformation edu.csus.ecs.pc2.core.model.ContestInformation@6f880a04
221210 092120.421|INFO|Thread-15100|dumpPacket|   key: SITE_LIST is: [Ledu.csus.ecs.pc2.core.model.Site; [Ledu.csus.ecs.pc2.core.model.Site;@578a8b55
221210 092120.421|INFO|Thread-15100|dumpPacket|   key: PROBLEM_DATA_FILES is: [Ledu.csus.ecs.pc2.core.model.ProblemDataFiles; [Ledu.csus.ecs.pc2.core.model.ProblemDataFiles;@2c842b9c
221210 092120.421|INFO|Thread-15100|dumpPacket|   key: JUDGEMENT_LIST is: [Ledu.csus.ecs.pc2.core.model.Judgement; [Ledu.csus.ecs.pc2.core.model.Judgement;@7247570c
221210 092120.421|INFO|Thread-15100|dumpPacket|   key: PROBLEM_LIST is: [Ledu.csus.ecs.pc2.core.model.Problem; [Ledu.csus.ecs.pc2.core.model.Problem;@5db0ab6a
221210 092120.421|INFO|Thread-15100|dumpPacket|   key: GROUP_LIST is: [Ledu.csus.ecs.pc2.core.model.Group; [Ledu.csus.ecs.pc2.core.model.Group;@5ee353aa
221210 092120.421|INFO|Thread-15100|dumpPacket|   key: LOCAL_LOGGED_IN_USERS is: [Ledu.csus.ecs.pc2.core.model.ClientId; [Ledu.csus.ecs.pc2.core.model.ClientId;@53b65b21
221210 092120.421|INFO|Thread-15100|dumpPacket|   key: SERVER_CLOCK_OFFSET is: java.util.GregorianCalendar java.util.GregorianCalendar[time=1670685680417,areFieldsSet=true,areAllFieldsSet=false,lenient=true,zone=sun.util.calendar.ZoneInfo[id="GMT",offset=0,dstSavings=0,useDaylight=false,transitions=0,lastRule=null],firstDayOfWeek=1,minimalDaysInFirstWeek=1,ERA=1,YEAR=2022,MONTH=11,WEEK_OF_YEAR=50,WEEK_OF_MONTH=2,DAY_OF_MONTH=10,DAY_OF_YEAR=344,DAY_OF_WEEK=7,DAY_OF_WEEK_IN_MONTH=2,AM_PM=1,HOUR=3,HOUR_OF_DAY=15,MINUTE=21,SECOND=20,MILLISECOND=417,ZONE_OFFSET=0,DST_OFFSET=0]
221210 092120.421|INFO|Thread-15100|dumpPacket|   key: CONTEST_IDENTIFIER is: java.lang.String DryRun--5544400451244233091
221210 092120.421|INFO|Thread-15100|dumpPacket|   key: BALLOON_SETTINGS_LIST is: [Ledu.csus.ecs.pc2.core.model.BalloonSettings; [Ledu.csus.ecs.pc2.core.model.BalloonSettings;@1b01996c
221210 092120.421|INFO|Thread-15100|dumpPacket|   key: RUN_LIST is: [Ledu.csus.ecs.pc2.core.model.Run; [Ledu.csus.ecs.pc2.core.model.Run;@43328a9d
221210 092120.421|INFO|Thread-15100|dumpPacket|   key: ACCOUNT_ARRAY is: [Ledu.csus.ecs.pc2.core.model.Account; [Ledu.csus.ecs.pc2.core.model.Account;@788ef52
221210 092120.421|INFO|Thread-15100|info|handlePacket start Packet[LOGIN_SUCCESS] #1609 SERVER0 @ site 1 -> TEAM5 @ site 1
221210 092120.421|INFO|Thread-15100|dumpPacket|Packet LOGIN_SUCCESS (Seq #1609, o#1609 ) handlePacket
221210 092120.421|INFO|Thread-15100|dumpPacket|  From: SERVER0 @ site 1, oSERVER0 @ site 1 (DESKTOP-D75BQTV @ 212.212.212.212) (Contest Id: DryRun--5544400451244233091)
221210 092120.421|INFO|Thread-15100|dumpPacket|    To: TEAM5 @ site 1
221210 092120.421|INFO|Thread-15100|dumpPacket|   key: PROFILE_LIST is: [Ledu.csus.ecs.pc2.core.model.Profile; [Ledu.csus.ecs.pc2.core.model.Profile;@71f7c10
221210 092120.421|INFO|Thread-15100|dumpPacket|   key: GENERAL_PROBLEM is: edu.csus.ecs.pc2.core.model.Problem General
221210 092120.421|INFO|Thread-15100|dumpPacket|   key: CLIENT_SETTINGS_LIST is: [Ledu.csus.ecs.pc2.core.model.ClientSettings; [Ledu.csus.ecs.pc2.core.model.ClientSettings;@9d88283
221210 092120.421|INFO|Thread-15100|dumpPacket|   key: CONTEST_TIME is: edu.csus.ecs.pc2.core.model.ContestTime edu.csus.ecs.pc2.core.model.ContestTime@de71760
221210 092120.421|INFO|Thread-15100|dumpPacket|   key: CLARIFICATION_LIST is: [Ledu.csus.ecs.pc2.core.model.Clarification; [Ledu.csus.ecs.pc2.core.model.Clarification;@48e588b8
221210 092120.421|INFO|Thread-15100|dumpPacket|   key: CATEGORY_LIST is: [Ledu.csus.ecs.pc2.core.model.Category; [Ledu.csus.ecs.pc2.core.model.Category;@34e69248
221210 092120.421|INFO|Thread-15100|dumpPacket|   key: LANGUAGE_LIST is: [Ledu.csus.ecs.pc2.core.model.Language; [Ledu.csus.ecs.pc2.core.model.Language;@7967c2cd
221210 092120.421|INFO|Thread-15100|dumpPacket|   key: REMOTE_LOGGED_IN_USERS is: [Ledu.csus.ecs.pc2.core.model.ClientId; [Ledu.csus.ecs.pc2.core.model.ClientId;@4c8e8696
221210 092120.421|INFO|Thread-15100|dumpPacket|   key: CONTEST_TIME_LIST is: [Ledu.csus.ecs.pc2.core.model.ContestTime; [Ledu.csus.ecs.pc2.core.model.ContestTime;@28ca77f7
221210 092120.421|INFO|Thread-15100|dumpPacket|   key: CONNECTION_HANDLE_ID_LIST is: [Ledu.csus.ecs.pc2.core.transport.ConnectionHandlerID; [Ledu.csus.ecs.pc2.core.transport.ConnectionHandlerID;@28bed474
221210 092120.421|INFO|Thread-15100|dumpPacket|   key: PROFILE is: edu.csus.ecs.pc2.core.model.Profile DryRun--5544400451244233091
221210 092120.421|INFO|Thread-15100|dumpPacket|   key: CLIENT_ID is: edu.csus.ecs.pc2.core.model.ClientId TEAM5 @ site 1
221210 092120.421|INFO|Thread-15100|dumpPacket|   key: SITE_NUMBER is: java.lang.Integer 1
221210 092120.421|INFO|Thread-15100|dumpPacket|   key: CONTEST_INFORMATION is: edu.csus.ecs.pc2.core.model.ContestInformation edu.csus.ecs.pc2.core.model.ContestInformation@6f880a04
221210 092120.421|INFO|Thread-15100|dumpPacket|   key: SITE_LIST is: [Ledu.csus.ecs.pc2.core.model.Site; [Ledu.csus.ecs.pc2.core.model.Site;@578a8b55
221210 092120.421|INFO|Thread-15100|dumpPacket|   key: PROBLEM_DATA_FILES is: [Ledu.csus.ecs.pc2.core.model.ProblemDataFiles; [Ledu.csus.ecs.pc2.core.model.ProblemDataFiles;@2c842b9c
221210 092120.421|INFO|Thread-15100|dumpPacket|   key: JUDGEMENT_LIST is: [Ledu.csus.ecs.pc2.core.model.Judgement; [Ledu.csus.ecs.pc2.core.model.Judgement;@7247570c
221210 092120.421|INFO|Thread-15100|dumpPacket|   key: PROBLEM_LIST is: [Ledu.csus.ecs.pc2.core.model.Problem; [Ledu.csus.ecs.pc2.core.model.Problem;@5db0ab6a
221210 092120.421|INFO|Thread-15100|dumpPacket|   key: GROUP_LIST is: [Ledu.csus.ecs.pc2.core.model.Group; [Ledu.csus.ecs.pc2.core.model.Group;@5ee353aa
221210 092120.421|INFO|Thread-15100|dumpPacket|   key: LOCAL_LOGGED_IN_USERS is: [Ledu.csus.ecs.pc2.core.model.ClientId; [Ledu.csus.ecs.pc2.core.model.ClientId;@53b65b21
221210 092120.421|INFO|Thread-15100|dumpPacket|   key: SERVER_CLOCK_OFFSET is: java.util.GregorianCalendar java.util.GregorianCalendar[time=1670685680417,areFieldsSet=true,areAllFieldsSet=false,lenient=true,zone=sun.util.calendar.ZoneInfo[id="GMT",offset=0,dstSavings=0,useDaylight=false,transitions=0,lastRule=null],firstDayOfWeek=1,minimalDaysInFirstWeek=1,ERA=1,YEAR=2022,MONTH=11,WEEK_OF_YEAR=50,WEEK_OF_MONTH=2,DAY_OF_MONTH=10,DAY_OF_YEAR=344,DAY_OF_WEEK=7,DAY_OF_WEEK_IN_MONTH=2,AM_PM=1,HOUR=3,HOUR_OF_DAY=15,MINUTE=21,SECOND=20,MILLISECOND=417,ZONE_OFFSET=0,DST_OFFSET=0]
221210 092120.421|INFO|Thread-15100|dumpPacket|   key: CONTEST_IDENTIFIER is: java.lang.String DryRun--5544400451244233091
221210 092120.421|INFO|Thread-15100|dumpPacket|   key: BALLOON_SETTINGS_LIST is: [Ledu.csus.ecs.pc2.core.model.BalloonSettings; [Ledu.csus.ecs.pc2.core.model.BalloonSettings;@1b01996c
221210 092120.421|INFO|Thread-15100|dumpPacket|   key: RUN_LIST is: [Ledu.csus.ecs.pc2.core.model.Run; [Ledu.csus.ecs.pc2.core.model.Run;@43328a9d
221210 092120.421|INFO|Thread-15100|dumpPacket|   key: ACCOUNT_ARRAY is: [Ledu.csus.ecs.pc2.core.model.Account; [Ledu.csus.ecs.pc2.core.model.Account;@788ef52
221210 094717.528|INFO|Thread-15392|run|send(Serializable)
221210 094717.548|INFO|Thread-15098|receive|public void receive(SealedObject TransportPacket, ConnectionHandlerID connectionHandlerID)
221210 094719.739|INFO|Thread-15505|run|send(Serializable)
221210 094719.756|INFO|Thread-15098|receive|public void receive(SealedObject TransportPacket, ConnectionHandlerID connectionHandlerID)
221210 094723.051|INFO|Thread-15618|run|send(Serializable)
221210 094723.067|INFO|Thread-15098|receive|public void receive(SealedObject TransportPacket, ConnectionHandlerID connectionHandlerID)
221210 094723.331|INFO|Thread-15731|run|send(Serializable)
221210 094723.359|INFO|Thread-15098|receive|public void receive(SealedObject TransportPacket, ConnectionHandlerID connectionHandlerID)
221210 094723.565|INFO|Thread-15844|run|send(Serializable)
221210 094723.586|INFO|Thread-15098|receive|public void receive(SealedObject TransportPacket, ConnectionHandlerID connectionHandlerID)
221210 094724.079|INFO|Thread-15957|run|send(Serializable)
221210 094724.095|INFO|Thread-15098|receive|public void receive(SealedObject TransportPacket, ConnectionHandlerID connectionHandlerID)
221210 094730.561|INFO|Thread-16070|run|send(Serializable)
221210 094730.581|INFO|Thread-15098|receive|public void receive(SealedObject TransportPacket, ConnectionHandlerID connectionHandlerID)
221210 094818.765|INFO|Thread-15098|connectionDropped|connectionDropped(ConnectionHandlerID myConnectionID) 
221210 100834.565|CONFIG|qtp1613095350-25|setFileHandlers|Now logging to C:\Users\18328\Desktop\pc2\WebTeamInterface-1.1\logs directory.
221210 100834.565|INFO|qtp1613095350-25|info|
221210 100834.565|INFO|qtp1613095350-25|info|Version 9 () Java ver 18.0.2.1 build  Windows 11 10.0 (amd64) 
221210 100834.565|INFO|qtp1613095350-25|info|Login: team5 (aka team5)
221210 100834.565|INFO|qtp1613095350-25|startLog|Working directory is C:\Users\18328\Desktop\pc2\WebTeamInterface-1.1
221210 100834.565|INFO|qtp1613095350-25|startLog|Process id is 22344@DESKTOP-D75BQTV
221210 100834.565|INFO|qtp1613095350-25|info|Contacting server at 212.212.212.212:50002 as TEAM5 @ site 0
221210 100834.565|INFO|qtp1613095350-25|info|sendLoginRequest start - sending from TEAM5 @ site 0
221210 100834.566|INFO|qtp1613095350-25|sendToLocalServer|Sending packet to server Packet[LOGIN_REQUEST] #23 TEAM5 @ site 0 -> SERVER0 @ site 0
221210 100834.566|INFO|qtp1613095350-25|sendToLocalServer|Sent    packet to server Packet[LOGIN_REQUEST] #23 TEAM5 @ site 0 -> SERVER0 @ site 0
221210 100834.566|INFO|Thread-193|run|send(Serializable)
221210 100834.566|INFO|qtp1613095350-25|info|sendLoginRequest end - packet sent.
221210 100834.570|INFO|Thread-192|receive|public void receive(SealedObject TransportPacket, ConnectionHandlerID connectionHandlerID)
221210 100834.573|INFO|Thread-194|info| receiveObject(S) start got Packet[LOGIN_SUCCESS] #2103 SERVER0 @ site 1 -> TEAM5 @ site 1
221210 100834.573|INFO|Thread-194|dumpPacket|Packet LOGIN_SUCCESS (Seq #2103, o#2103 ) recieveObject
221210 100834.573|INFO|Thread-194|dumpPacket|  From: SERVER0 @ site 1, oSERVER0 @ site 1 (DESKTOP-D75BQTV @ 212.212.212.212) (Contest Id: DryRun--5544400451244233091)
221210 100834.573|INFO|Thread-194|dumpPacket|    To: TEAM5 @ site 1
221210 100834.573|INFO|Thread-194|dumpPacket|   key: PROFILE_LIST is: [Ledu.csus.ecs.pc2.core.model.Profile; [Ledu.csus.ecs.pc2.core.model.Profile;@74cf30ee
221210 100834.573|INFO|Thread-194|dumpPacket|   key: GENERAL_PROBLEM is: edu.csus.ecs.pc2.core.model.Problem General
221210 100834.573|INFO|Thread-194|dumpPacket|   key: CLIENT_SETTINGS_LIST is: [Ledu.csus.ecs.pc2.core.model.ClientSettings; [Ledu.csus.ecs.pc2.core.model.ClientSettings;@7a08d007
221210 100834.573|INFO|Thread-194|dumpPacket|   key: CONTEST_TIME is: edu.csus.ecs.pc2.core.model.ContestTime edu.csus.ecs.pc2.core.model.ContestTime@7e375b9e
221210 100834.573|INFO|Thread-194|dumpPacket|   key: CLARIFICATION_LIST is: [Ledu.csus.ecs.pc2.core.model.Clarification; [Ledu.csus.ecs.pc2.core.model.Clarification;@3b35da3c
221210 100834.573|INFO|Thread-194|dumpPacket|   key: CATEGORY_LIST is: [Ledu.csus.ecs.pc2.core.model.Category; [Ledu.csus.ecs.pc2.core.model.Category;@36f0d5f4
221210 100834.573|INFO|Thread-194|dumpPacket|   key: LANGUAGE_LIST is: [Ledu.csus.ecs.pc2.core.model.Language; [Ledu.csus.ecs.pc2.core.model.Language;@a44a3c5
221210 100834.573|INFO|Thread-194|dumpPacket|   key: REMOTE_LOGGED_IN_USERS is: [Ledu.csus.ecs.pc2.core.model.ClientId; [Ledu.csus.ecs.pc2.core.model.ClientId;@4e6bf2b8
221210 100834.573|INFO|Thread-194|dumpPacket|   key: CONTEST_TIME_LIST is: [Ledu.csus.ecs.pc2.core.model.ContestTime; [Ledu.csus.ecs.pc2.core.model.ContestTime;@5b1a2573
221210 100834.573|INFO|Thread-194|dumpPacket|   key: CONNECTION_HANDLE_ID_LIST is: [Ledu.csus.ecs.pc2.core.transport.ConnectionHandlerID; [Ledu.csus.ecs.pc2.core.transport.ConnectionHandlerID;@6b751491
221210 100834.573|INFO|Thread-194|dumpPacket|   key: PROFILE is: edu.csus.ecs.pc2.core.model.Profile DryRun--5544400451244233091
221210 100834.573|INFO|Thread-194|dumpPacket|   key: CLIENT_ID is: edu.csus.ecs.pc2.core.model.ClientId TEAM5 @ site 1
221210 100834.573|INFO|Thread-194|dumpPacket|   key: SITE_NUMBER is: java.lang.Integer 1
221210 100834.573|INFO|Thread-194|dumpPacket|   key: CONTEST_INFORMATION is: edu.csus.ecs.pc2.core.model.ContestInformation edu.csus.ecs.pc2.core.model.ContestInformation@4480d8b1
221210 100834.573|INFO|Thread-194|dumpPacket|   key: SITE_LIST is: [Ledu.csus.ecs.pc2.core.model.Site; [Ledu.csus.ecs.pc2.core.model.Site;@556f1cab
221210 100834.573|INFO|Thread-194|dumpPacket|   key: PROBLEM_DATA_FILES is: [Ledu.csus.ecs.pc2.core.model.ProblemDataFiles; [Ledu.csus.ecs.pc2.core.model.ProblemDataFiles;@5f549ac8
221210 100834.573|INFO|Thread-194|dumpPacket|   key: JUDGEMENT_LIST is: [Ledu.csus.ecs.pc2.core.model.Judgement; [Ledu.csus.ecs.pc2.core.model.Judgement;@1cc6dc2f
221210 100834.573|INFO|Thread-194|dumpPacket|   key: PROBLEM_LIST is: [Ledu.csus.ecs.pc2.core.model.Problem; [Ledu.csus.ecs.pc2.core.model.Problem;@5ec1ca56
221210 100834.573|INFO|Thread-194|dumpPacket|   key: GROUP_LIST is: [Ledu.csus.ecs.pc2.core.model.Group; [Ledu.csus.ecs.pc2.core.model.Group;@73660f61
221210 100834.573|INFO|Thread-194|dumpPacket|   key: LOCAL_LOGGED_IN_USERS is: [Ledu.csus.ecs.pc2.core.model.ClientId; [Ledu.csus.ecs.pc2.core.model.ClientId;@81f591f
221210 100834.573|INFO|Thread-194|dumpPacket|   key: SERVER_CLOCK_OFFSET is: java.util.GregorianCalendar java.util.GregorianCalendar[time=1670688514568,areFieldsSet=true,areAllFieldsSet=false,lenient=true,zone=sun.util.calendar.ZoneInfo[id="GMT",offset=0,dstSavings=0,useDaylight=false,transitions=0,lastRule=null],firstDayOfWeek=1,minimalDaysInFirstWeek=1,ERA=1,YEAR=2022,MONTH=11,WEEK_OF_YEAR=50,WEEK_OF_MONTH=2,DAY_OF_MONTH=10,DAY_OF_YEAR=344,DAY_OF_WEEK=7,DAY_OF_WEEK_IN_MONTH=2,AM_PM=1,HOUR=4,HOUR_OF_DAY=16,MINUTE=8,SECOND=34,MILLISECOND=568,ZONE_OFFSET=0,DST_OFFSET=0]
221210 100834.573|INFO|Thread-194|dumpPacket|   key: CONTEST_IDENTIFIER is: java.lang.String DryRun--5544400451244233091
221210 100834.573|INFO|Thread-194|dumpPacket|   key: BALLOON_SETTINGS_LIST is: [Ledu.csus.ecs.pc2.core.model.BalloonSettings; [Ledu.csus.ecs.pc2.core.model.BalloonSettings;@2212cb97
221210 100834.573|INFO|Thread-194|dumpPacket|   key: RUN_LIST is: [Ledu.csus.ecs.pc2.core.model.Run; [Ledu.csus.ecs.pc2.core.model.Run;@72d136f9
221210 100834.573|INFO|Thread-194|dumpPacket|   key: ACCOUNT_ARRAY is: [Ledu.csus.ecs.pc2.core.model.Account; [Ledu.csus.ecs.pc2.core.model.Account;@318f32c5
221210 100834.573|INFO|Thread-194|info|handlePacket start Packet[LOGIN_SUCCESS] #2103 SERVER0 @ site 1 -> TEAM5 @ site 1
221210 100834.574|INFO|Thread-194|dumpPacket|Packet LOGIN_SUCCESS (Seq #2103, o#2103 ) handlePacket
221210 100834.574|INFO|Thread-194|dumpPacket|  From: SERVER0 @ site 1, oSERVER0 @ site 1 (DESKTOP-D75BQTV @ 212.212.212.212) (Contest Id: DryRun--5544400451244233091)
221210 100834.574|INFO|Thread-194|dumpPacket|    To: TEAM5 @ site 1
221210 100834.574|INFO|Thread-194|dumpPacket|   key: PROFILE_LIST is: [Ledu.csus.ecs.pc2.core.model.Profile; [Ledu.csus.ecs.pc2.core.model.Profile;@74cf30ee
221210 100834.574|INFO|Thread-194|dumpPacket|   key: GENERAL_PROBLEM is: edu.csus.ecs.pc2.core.model.Problem General
221210 100834.574|INFO|Thread-194|dumpPacket|   key: CLIENT_SETTINGS_LIST is: [Ledu.csus.ecs.pc2.core.model.ClientSettings; [Ledu.csus.ecs.pc2.core.model.ClientSettings;@7a08d007
221210 100834.574|INFO|Thread-194|dumpPacket|   key: CONTEST_TIME is: edu.csus.ecs.pc2.core.model.ContestTime edu.csus.ecs.pc2.core.model.ContestTime@7e375b9e
221210 100834.574|INFO|Thread-194|dumpPacket|   key: CLARIFICATION_LIST is: [Ledu.csus.ecs.pc2.core.model.Clarification; [Ledu.csus.ecs.pc2.core.model.Clarification;@3b35da3c
221210 100834.574|INFO|Thread-194|dumpPacket|   key: CATEGORY_LIST is: [Ledu.csus.ecs.pc2.core.model.Category; [Ledu.csus.ecs.pc2.core.model.Category;@36f0d5f4
221210 100834.574|INFO|Thread-194|dumpPacket|   key: LANGUAGE_LIST is: [Ledu.csus.ecs.pc2.core.model.Language; [Ledu.csus.ecs.pc2.core.model.Language;@a44a3c5
221210 100834.574|INFO|Thread-194|dumpPacket|   key: REMOTE_LOGGED_IN_USERS is: [Ledu.csus.ecs.pc2.core.model.ClientId; [Ledu.csus.ecs.pc2.core.model.ClientId;@4e6bf2b8
221210 100834.574|INFO|Thread-194|dumpPacket|   key: CONTEST_TIME_LIST is: [Ledu.csus.ecs.pc2.core.model.ContestTime; [Ledu.csus.ecs.pc2.core.model.ContestTime;@5b1a2573
221210 100834.574|INFO|Thread-194|dumpPacket|   key: CONNECTION_HANDLE_ID_LIST is: [Ledu.csus.ecs.pc2.core.transport.ConnectionHandlerID; [Ledu.csus.ecs.pc2.core.transport.ConnectionHandlerID;@6b751491
221210 100834.574|INFO|Thread-194|dumpPacket|   key: PROFILE is: edu.csus.ecs.pc2.core.model.Profile DryRun--5544400451244233091
221210 100834.574|INFO|Thread-194|dumpPacket|   key: CLIENT_ID is: edu.csus.ecs.pc2.core.model.ClientId TEAM5 @ site 1
221210 100834.574|INFO|Thread-194|dumpPacket|   key: SITE_NUMBER is: java.lang.Integer 1
221210 100834.574|INFO|Thread-194|dumpPacket|   key: CONTEST_INFORMATION is: edu.csus.ecs.pc2.core.model.ContestInformation edu.csus.ecs.pc2.core.model.ContestInformation@4480d8b1
221210 100834.574|INFO|Thread-194|dumpPacket|   key: SITE_LIST is: [Ledu.csus.ecs.pc2.core.model.Site; [Ledu.csus.ecs.pc2.core.model.Site;@556f1cab
221210 100834.574|INFO|Thread-194|dumpPacket|   key: PROBLEM_DATA_FILES is: [Ledu.csus.ecs.pc2.core.model.ProblemDataFiles; [Ledu.csus.ecs.pc2.core.model.ProblemDataFiles;@5f549ac8
221210 100834.574|INFO|Thread-194|dumpPacket|   key: JUDGEMENT_LIST is: [Ledu.csus.ecs.pc2.core.model.Judgement; [Ledu.csus.ecs.pc2.core.model.Judgement;@1cc6dc2f
221210 100834.574|INFO|Thread-194|dumpPacket|   key: PROBLEM_LIST is: [Ledu.csus.ecs.pc2.core.model.Problem; [Ledu.csus.ecs.pc2.core.model.Problem;@5ec1ca56
221210 100834.574|INFO|Thread-194|dumpPacket|   key: GROUP_LIST is: [Ledu.csus.ecs.pc2.core.model.Group; [Ledu.csus.ecs.pc2.core.model.Group;@73660f61
221210 100834.574|INFO|Thread-194|dumpPacket|   key: LOCAL_LOGGED_IN_USERS is: [Ledu.csus.ecs.pc2.core.model.ClientId; [Ledu.csus.ecs.pc2.core.model.ClientId;@81f591f
221210 100834.574|INFO|Thread-194|dumpPacket|   key: SERVER_CLOCK_OFFSET is: java.util.GregorianCalendar java.util.GregorianCalendar[time=1670688514568,areFieldsSet=true,areAllFieldsSet=false,lenient=true,zone=sun.util.calendar.ZoneInfo[id="GMT",offset=0,dstSavings=0,useDaylight=false,transitions=0,lastRule=null],firstDayOfWeek=1,minimalDaysInFirstWeek=1,ERA=1,YEAR=2022,MONTH=11,WEEK_OF_YEAR=50,WEEK_OF_MONTH=2,DAY_OF_MONTH=10,DAY_OF_YEAR=344,DAY_OF_WEEK=7,DAY_OF_WEEK_IN_MONTH=2,AM_PM=1,HOUR=4,HOUR_OF_DAY=16,MINUTE=8,SECOND=34,MILLISECOND=568,ZONE_OFFSET=0,DST_OFFSET=0]
221210 100834.574|INFO|Thread-194|dumpPacket|   key: CONTEST_IDENTIFIER is: java.lang.String DryRun--5544400451244233091
221210 100834.574|INFO|Thread-194|dumpPacket|   key: BALLOON_SETTINGS_LIST is: [Ledu.csus.ecs.pc2.core.model.BalloonSettings; [Ledu.csus.ecs.pc2.core.model.BalloonSettings;@2212cb97
221210 100834.574|INFO|Thread-194|dumpPacket|   key: RUN_LIST is: [Ledu.csus.ecs.pc2.core.model.Run; [Ledu.csus.ecs.pc2.core.model.Run;@72d136f9
221210 100834.574|INFO|Thread-194|dumpPacket|   key: ACCOUNT_ARRAY is: [Ledu.csus.ecs.pc2.core.model.Account; [Ledu.csus.ecs.pc2.core.model.Account;@318f32c5
221210 101533.467|INFO|Thread-192|receive|public void receive(SealedObject TransportPacket, ConnectionHandlerID connectionHandlerID)
221210 101853.573|INFO|Thread-192|receive|public void receive(SealedObject TransportPacket, ConnectionHandlerID connectionHandlerID)
221210 103056.912|INFO|Thread-192|receive|public void receive(SealedObject TransportPacket, ConnectionHandlerID connectionHandlerID)
221210 103128.744|INFO|Thread-192|receive|public void receive(SealedObject TransportPacket, ConnectionHandlerID connectionHandlerID)
221210 103204.784|INFO|Thread-192|receive|public void receive(SealedObject TransportPacket, ConnectionHandlerID connectionHandlerID)
221210 103220.671|INFO|Thread-192|receive|public void receive(SealedObject TransportPacket, ConnectionHandlerID connectionHandlerID)
221210 103237.389|INFO|Thread-192|receive|public void receive(SealedObject TransportPacket, ConnectionHandlerID connectionHandlerID)
221210 103302.541|INFO|Thread-192|receive|public void receive(SealedObject TransportPacket, ConnectionHandlerID connectionHandlerID)
221210 104406.101|INFO|Thread-192|receive|public void receive(SealedObject TransportPacket, ConnectionHandlerID connectionHandlerID)
221210 104406.150|INFO|Thread-192|receive|public void receive(SealedObject TransportPacket, ConnectionHandlerID connectionHandlerID)
221210 104717.868|INFO|Thread-192|receive|public void receive(SealedObject TransportPacket, ConnectionHandlerID connectionHandlerID)
221210 104718.623|INFO|Thread-192|receive|public void receive(SealedObject TransportPacket, ConnectionHandlerID connectionHandlerID)
221210 104719.206|INFO|Thread-192|receive|public void receive(SealedObject TransportPacket, ConnectionHandlerID connectionHandlerID)
221210 114301.020|INFO|Thread-192|receive|public void receive(SealedObject TransportPacket, ConnectionHandlerID connectionHandlerID)
221210 114347.945|INFO|Thread-192|receive|public void receive(SealedObject TransportPacket, ConnectionHandlerID connectionHandlerID)
221210 114936.159|INFO|Thread-192|receive|public void receive(SealedObject TransportPacket, ConnectionHandlerID connectionHandlerID)
221210 114953.856|INFO|Thread-192|receive|public void receive(SealedObject TransportPacket, ConnectionHandlerID connectionHandlerID)
221210 120724.597|INFO|Thread-192|receive|public void receive(SealedObject TransportPacket, ConnectionHandlerID connectionHandlerID)
221210 150258.406|INFO|Thread-192|connectionDropped|connectionDropped(ConnectionHandlerID myConnectionID) 
230921 155258.305|CONFIG|qtp18242360-644|setFileHandlers|Now logging to C:\Users\18328\Desktop\pc2\WebTeamInterface-1.1\logs directory.
230921 155258.305|INFO|qtp18242360-644|info|
230921 155258.317|INFO|qtp18242360-644|info|Version 9 () Java ver 18.0.2.1 build  Windows 11 10.0 (amd64) 
230921 155258.317|INFO|qtp18242360-644|info|Login: team5 (aka team5)
230921 155258.325|INFO|qtp18242360-644|startLog|Working directory is C:\Users\18328\Desktop\pc2\WebTeamInterface-1.1
230921 155258.325|INFO|qtp18242360-644|startLog|Process id is 1544@DESKTOP-D75BQTV
230921 155258.325|INFO|qtp18242360-644|info|Contacting server at localhost:50002 as TEAM5 @ site 0
230921 155258.325|INFO|qtp18242360-644|info|sendLoginRequest start - sending from TEAM5 @ site 0
230921 155258.325|INFO|qtp18242360-644|sendToLocalServer|Sending packet to server Packet[LOGIN_REQUEST] #71 TEAM5 @ site 0 -> SERVER0 @ site 0
230921 155258.325|INFO|qtp18242360-644|sendToLocalServer|Sent    packet to server Packet[LOGIN_REQUEST] #71 TEAM5 @ site 0 -> SERVER0 @ site 0
230921 155258.325|INFO|qtp18242360-644|info|sendLoginRequest end - packet sent.
230921 155258.325|INFO|Thread-1101|run|send(Serializable)
230921 155258.332|INFO|Thread-1100|receive|public void receive(SealedObject TransportPacket, ConnectionHandlerID connectionHandlerID)
230921 155258.348|INFO|Thread-1102|info| receiveObject(S) start got Packet[LOGIN_SUCCESS] #292 SERVER0 @ site 1 -> TEAM5 @ site 1
230921 155258.348|INFO|Thread-1102|dumpPacket|Packet LOGIN_SUCCESS (Seq #292, o#292 ) recieveObject
230921 155258.348|INFO|Thread-1102|dumpPacket|  From: SERVER0 @ site 1, oSERVER0 @ site 1 (DESKTOP-D75BQTV @ 192.168.1.8) (Contest Id: Test2Novice-8167312297676738178)
230921 155258.348|INFO|Thread-1102|dumpPacket|    To: TEAM5 @ site 1
230921 155258.348|INFO|Thread-1102|dumpPacket|   key: PROFILE_LIST is: [Ledu.csus.ecs.pc2.core.model.Profile; [Ledu.csus.ecs.pc2.core.model.Profile;@2e8b451c
230921 155258.348|INFO|Thread-1102|dumpPacket|   key: GENERAL_PROBLEM is: edu.csus.ecs.pc2.core.model.Problem General
230921 155258.348|INFO|Thread-1102|dumpPacket|   key: CLIENT_SETTINGS_LIST is: [Ledu.csus.ecs.pc2.core.model.ClientSettings; [Ledu.csus.ecs.pc2.core.model.ClientSettings;@204caebd
230921 155258.348|INFO|Thread-1102|dumpPacket|   key: CONTEST_TIME is: edu.csus.ecs.pc2.core.model.ContestTime edu.csus.ecs.pc2.core.model.ContestTime@24732e6c
230921 155258.348|INFO|Thread-1102|dumpPacket|   key: CLARIFICATION_LIST is: [Ledu.csus.ecs.pc2.core.model.Clarification; [Ledu.csus.ecs.pc2.core.model.Clarification;@6171a486
230921 155258.348|INFO|Thread-1102|dumpPacket|   key: CATEGORY_LIST is: [Ledu.csus.ecs.pc2.core.model.Category; [Ledu.csus.ecs.pc2.core.model.Category;@1526ae11
230921 155258.348|INFO|Thread-1102|dumpPacket|   key: LANGUAGE_LIST is: [Ledu.csus.ecs.pc2.core.model.Language; [Ledu.csus.ecs.pc2.core.model.Language;@505ac34e
230921 155258.348|INFO|Thread-1102|dumpPacket|   key: REMOTE_LOGGED_IN_USERS is: [Ledu.csus.ecs.pc2.core.model.ClientId; [Ledu.csus.ecs.pc2.core.model.ClientId;@6de79767
230921 155258.348|INFO|Thread-1102|dumpPacket|   key: CONTEST_TIME_LIST is: [Ledu.csus.ecs.pc2.core.model.ContestTime; [Ledu.csus.ecs.pc2.core.model.ContestTime;@15e5bc9
230921 155258.348|INFO|Thread-1102|dumpPacket|   key: CONNECTION_HANDLE_ID_LIST is: [Ledu.csus.ecs.pc2.core.transport.ConnectionHandlerID; [Ledu.csus.ecs.pc2.core.transport.ConnectionHandlerID;@21a83bd5
230921 155258.348|INFO|Thread-1102|dumpPacket|   key: PROFILE is: edu.csus.ecs.pc2.core.model.Profile Test2Novice-8167312297676738178
230921 155258.348|INFO|Thread-1102|dumpPacket|   key: CLIENT_ID is: edu.csus.ecs.pc2.core.model.ClientId TEAM5 @ site 1
230921 155258.348|INFO|Thread-1102|dumpPacket|   key: SITE_NUMBER is: java.lang.Integer 1
230921 155258.348|INFO|Thread-1102|dumpPacket|   key: CONTEST_INFORMATION is: edu.csus.ecs.pc2.core.model.ContestInformation edu.csus.ecs.pc2.core.model.ContestInformation@27eecc1d
230921 155258.348|INFO|Thread-1102|dumpPacket|   key: SITE_LIST is: [Ledu.csus.ecs.pc2.core.model.Site; [Ledu.csus.ecs.pc2.core.model.Site;@76e33b28
230921 155258.348|INFO|Thread-1102|dumpPacket|   key: PROBLEM_DATA_FILES is: [Ledu.csus.ecs.pc2.core.model.ProblemDataFiles; [Ledu.csus.ecs.pc2.core.model.ProblemDataFiles;@510a62e
230921 155258.348|INFO|Thread-1102|dumpPacket|   key: JUDGEMENT_LIST is: [Ledu.csus.ecs.pc2.core.model.Judgement; [Ledu.csus.ecs.pc2.core.model.Judgement;@650643ca
230921 155258.348|INFO|Thread-1102|dumpPacket|   key: PROBLEM_LIST is: [Ledu.csus.ecs.pc2.core.model.Problem; [Ledu.csus.ecs.pc2.core.model.Problem;@34d9e553
230921 155258.348|INFO|Thread-1102|dumpPacket|   key: GROUP_LIST is: [Ledu.csus.ecs.pc2.core.model.Group; [Ledu.csus.ecs.pc2.core.model.Group;@5b8ca29b
230921 155258.348|INFO|Thread-1102|dumpPacket|   key: LOCAL_LOGGED_IN_USERS is: [Ledu.csus.ecs.pc2.core.model.ClientId; [Ledu.csus.ecs.pc2.core.model.ClientId;@5b2d5e12
230921 155258.348|INFO|Thread-1102|dumpPacket|   key: SERVER_CLOCK_OFFSET is: java.util.GregorianCalendar java.util.GregorianCalendar[time=1695329578332,areFieldsSet=true,areAllFieldsSet=false,lenient=true,zone=sun.util.calendar.ZoneInfo[id="GMT",offset=0,dstSavings=0,useDaylight=false,transitions=0,lastRule=null],firstDayOfWeek=1,minimalDaysInFirstWeek=1,ERA=1,YEAR=2023,MONTH=8,WEEK_OF_YEAR=38,WEEK_OF_MONTH=4,DAY_OF_MONTH=21,DAY_OF_YEAR=264,DAY_OF_WEEK=5,DAY_OF_WEEK_IN_MONTH=3,AM_PM=1,HOUR=8,HOUR_OF_DAY=20,MINUTE=52,SECOND=58,MILLISECOND=332,ZONE_OFFSET=0,DST_OFFSET=0]
230921 155258.348|INFO|Thread-1102|dumpPacket|   key: CONTEST_IDENTIFIER is: java.lang.String Test2Novice-8167312297676738178
230921 155258.348|INFO|Thread-1102|dumpPacket|   key: BALLOON_SETTINGS_LIST is: [Ledu.csus.ecs.pc2.core.model.BalloonSettings; [Ledu.csus.ecs.pc2.core.model.BalloonSettings;@c624eae
230921 155258.348|INFO|Thread-1102|dumpPacket|   key: RUN_LIST is: [Ledu.csus.ecs.pc2.core.model.Run; [Ledu.csus.ecs.pc2.core.model.Run;@776ad10c
230921 155258.348|INFO|Thread-1102|dumpPacket|   key: ACCOUNT_ARRAY is: [Ledu.csus.ecs.pc2.core.model.Account; [Ledu.csus.ecs.pc2.core.model.Account;@49cc3d00
230921 155258.348|INFO|Thread-1102|info|handlePacket start Packet[LOGIN_SUCCESS] #292 SERVER0 @ site 1 -> TEAM5 @ site 1
230921 155258.348|INFO|Thread-1102|dumpPacket|Packet LOGIN_SUCCESS (Seq #292, o#292 ) handlePacket
230921 155258.348|INFO|Thread-1102|dumpPacket|  From: SERVER0 @ site 1, oSERVER0 @ site 1 (DESKTOP-D75BQTV @ 192.168.1.8) (Contest Id: Test2Novice-8167312297676738178)
230921 155258.348|INFO|Thread-1102|dumpPacket|    To: TEAM5 @ site 1
230921 155258.348|INFO|Thread-1102|dumpPacket|   key: PROFILE_LIST is: [Ledu.csus.ecs.pc2.core.model.Profile; [Ledu.csus.ecs.pc2.core.model.Profile;@2e8b451c
230921 155258.348|INFO|Thread-1102|dumpPacket|   key: GENERAL_PROBLEM is: edu.csus.ecs.pc2.core.model.Problem General
230921 155258.348|INFO|Thread-1102|dumpPacket|   key: CLIENT_SETTINGS_LIST is: [Ledu.csus.ecs.pc2.core.model.ClientSettings; [Ledu.csus.ecs.pc2.core.model.ClientSettings;@204caebd
230921 155258.348|INFO|Thread-1102|dumpPacket|   key: CONTEST_TIME is: edu.csus.ecs.pc2.core.model.ContestTime edu.csus.ecs.pc2.core.model.ContestTime@24732e6c
230921 155258.348|INFO|Thread-1102|dumpPacket|   key: CLARIFICATION_LIST is: [Ledu.csus.ecs.pc2.core.model.Clarification; [Ledu.csus.ecs.pc2.core.model.Clarification;@6171a486
230921 155258.348|INFO|Thread-1102|dumpPacket|   key: CATEGORY_LIST is: [Ledu.csus.ecs.pc2.core.model.Category; [Ledu.csus.ecs.pc2.core.model.Category;@1526ae11
230921 155258.348|INFO|Thread-1102|dumpPacket|   key: LANGUAGE_LIST is: [Ledu.csus.ecs.pc2.core.model.Language; [Ledu.csus.ecs.pc2.core.model.Language;@505ac34e
230921 155258.348|INFO|Thread-1102|dumpPacket|   key: REMOTE_LOGGED_IN_USERS is: [Ledu.csus.ecs.pc2.core.model.ClientId; [Ledu.csus.ecs.pc2.core.model.ClientId;@6de79767
230921 155258.348|INFO|Thread-1102|dumpPacket|   key: CONTEST_TIME_LIST is: [Ledu.csus.ecs.pc2.core.model.ContestTime; [Ledu.csus.ecs.pc2.core.model.ContestTime;@15e5bc9
230921 155258.348|INFO|Thread-1102|dumpPacket|   key: CONNECTION_HANDLE_ID_LIST is: [Ledu.csus.ecs.pc2.core.transport.ConnectionHandlerID; [Ledu.csus.ecs.pc2.core.transport.ConnectionHandlerID;@21a83bd5
230921 155258.348|INFO|Thread-1102|dumpPacket|   key: PROFILE is: edu.csus.ecs.pc2.core.model.Profile Test2Novice-8167312297676738178
230921 155258.348|INFO|Thread-1102|dumpPacket|   key: CLIENT_ID is: edu.csus.ecs.pc2.core.model.ClientId TEAM5 @ site 1
230921 155258.348|INFO|Thread-1102|dumpPacket|   key: SITE_NUMBER is: java.lang.Integer 1
230921 155258.348|INFO|Thread-1102|dumpPacket|   key: CONTEST_INFORMATION is: edu.csus.ecs.pc2.core.model.ContestInformation edu.csus.ecs.pc2.core.model.ContestInformation@27eecc1d
230921 155258.348|INFO|Thread-1102|dumpPacket|   key: SITE_LIST is: [Ledu.csus.ecs.pc2.core.model.Site; [Ledu.csus.ecs.pc2.core.model.Site;@76e33b28
230921 155258.348|INFO|Thread-1102|dumpPacket|   key: PROBLEM_DATA_FILES is: [Ledu.csus.ecs.pc2.core.model.ProblemDataFiles; [Ledu.csus.ecs.pc2.core.model.ProblemDataFiles;@510a62e
230921 155258.348|INFO|Thread-1102|dumpPacket|   key: JUDGEMENT_LIST is: [Ledu.csus.ecs.pc2.core.model.Judgement; [Ledu.csus.ecs.pc2.core.model.Judgement;@650643ca
230921 155258.348|INFO|Thread-1102|dumpPacket|   key: PROBLEM_LIST is: [Ledu.csus.ecs.pc2.core.model.Problem; [Ledu.csus.ecs.pc2.core.model.Problem;@34d9e553
230921 155258.348|INFO|Thread-1102|dumpPacket|   key: GROUP_LIST is: [Ledu.csus.ecs.pc2.core.model.Group; [Ledu.csus.ecs.pc2.core.model.Group;@5b8ca29b
230921 155258.348|INFO|Thread-1102|dumpPacket|   key: LOCAL_LOGGED_IN_USERS is: [Ledu.csus.ecs.pc2.core.model.ClientId; [Ledu.csus.ecs.pc2.core.model.ClientId;@5b2d5e12
230921 155258.348|INFO|Thread-1102|dumpPacket|   key: SERVER_CLOCK_OFFSET is: java.util.GregorianCalendar java.util.GregorianCalendar[time=1695329578332,areFieldsSet=true,areAllFieldsSet=false,lenient=true,zone=sun.util.calendar.ZoneInfo[id="GMT",offset=0,dstSavings=0,useDaylight=false,transitions=0,lastRule=null],firstDayOfWeek=1,minimalDaysInFirstWeek=1,ERA=1,YEAR=2023,MONTH=8,WEEK_OF_YEAR=38,WEEK_OF_MONTH=4,DAY_OF_MONTH=21,DAY_OF_YEAR=264,DAY_OF_WEEK=5,DAY_OF_WEEK_IN_MONTH=3,AM_PM=1,HOUR=8,HOUR_OF_DAY=20,MINUTE=52,SECOND=58,MILLISECOND=332,ZONE_OFFSET=0,DST_OFFSET=0]
230921 155258.348|INFO|Thread-1102|dumpPacket|   key: CONTEST_IDENTIFIER is: java.lang.String Test2Novice-8167312297676738178
230921 155258.348|INFO|Thread-1102|dumpPacket|   key: BALLOON_SETTINGS_LIST is: [Ledu.csus.ecs.pc2.core.model.BalloonSettings; [Ledu.csus.ecs.pc2.core.model.BalloonSettings;@c624eae
230921 155258.348|INFO|Thread-1102|dumpPacket|   key: RUN_LIST is: [Ledu.csus.ecs.pc2.core.model.Run; [Ledu.csus.ecs.pc2.core.model.Run;@776ad10c
230921 155258.348|INFO|Thread-1102|dumpPacket|   key: ACCOUNT_ARRAY is: [Ledu.csus.ecs.pc2.core.model.Account; [Ledu.csus.ecs.pc2.core.model.Account;@49cc3d00
230921 155427.784|INFO|Thread-1354|run|send(Serializable)
230921 155427.817|INFO|Thread-1100|receive|public void receive(SealedObject TransportPacket, ConnectionHandlerID connectionHandlerID)
230921 155506.004|INFO|Thread-1100|receive|public void receive(SealedObject TransportPacket, ConnectionHandlerID connectionHandlerID)
230921 155613.464|INFO|Thread-1100|receive|public void receive(SealedObject TransportPacket, ConnectionHandlerID connectionHandlerID)
230921 160054.609|INFO|Thread-2630|run|send(Serializable)
230921 160054.649|INFO|Thread-1100|receive|public void receive(SealedObject TransportPacket, ConnectionHandlerID connectionHandlerID)
230921 160212.440|INFO|Thread-1100|receive|public void receive(SealedObject TransportPacket, ConnectionHandlerID connectionHandlerID)
230921 161407.753|INFO|Thread-4739|run|send(Serializable)
230921 161407.807|INFO|Thread-1100|receive|public void receive(SealedObject TransportPacket, ConnectionHandlerID connectionHandlerID)
230921 162208.346|INFO|Thread-1100|receive|public void receive(SealedObject TransportPacket, ConnectionHandlerID connectionHandlerID)
230921 162535.448|INFO|Thread-1100|receive|public void receive(SealedObject TransportPacket, ConnectionHandlerID connectionHandlerID)
230921 162931.130|INFO|Thread-1100|receive|public void receive(SealedObject TransportPacket, ConnectionHandlerID connectionHandlerID)
230921 162938.855|INFO|Thread-1100|receive|public void receive(SealedObject TransportPacket, ConnectionHandlerID connectionHandlerID)
230921 162943.473|INFO|Thread-1100|receive|public void receive(SealedObject TransportPacket, ConnectionHandlerID connectionHandlerID)
230921 162953.431|INFO|Thread-1100|receive|public void receive(SealedObject TransportPacket, ConnectionHandlerID connectionHandlerID)
230921 163001.631|INFO|Thread-1100|receive|public void receive(SealedObject TransportPacket, ConnectionHandlerID connectionHandlerID)
230921 163006.974|INFO|Thread-1100|receive|public void receive(SealedObject TransportPacket, ConnectionHandlerID connectionHandlerID)
230921 163018.715|INFO|Thread-1100|receive|public void receive(SealedObject TransportPacket, ConnectionHandlerID connectionHandlerID)
230921 163319.679|INFO|Thread-9381|run|send(Serializable)
230921 163319.736|INFO|Thread-1100|receive|public void receive(SealedObject TransportPacket, ConnectionHandlerID connectionHandlerID)
230921 163454.551|INFO|Thread-1100|receive|public void receive(SealedObject TransportPacket, ConnectionHandlerID connectionHandlerID)
230921 165528.090|INFO|Thread-1100|connectionDropped|connectionDropped(ConnectionHandlerID myConnectionID) 
231130 154758.810|CONFIG|qtp996796369-30|setFileHandlers|Now logging to C:\Users\18328\Desktop\pc2\WebTeamInterface-1.1\logs directory.
231130 154758.810|INFO|qtp996796369-30|info|
231130 154758.813|INFO|qtp996796369-30|info|Version 9 () Java ver 18.0.2.1 build  Windows 11 10.0 (amd64) 
231130 154758.813|INFO|qtp996796369-30|info|Login: team5 (aka team5)
231130 154758.813|INFO|qtp996796369-30|startLog|Working directory is C:\Users\18328\Desktop\pc2\WebTeamInterface-1.1
231130 154758.817|INFO|qtp996796369-30|startLog|Process id is 29484@DESKTOP-D75BQTV
231130 154758.817|INFO|qtp996796369-30|info|Contacting server at localhost:50002 as TEAM5 @ site 0
231130 154758.817|INFO|qtp996796369-30|info|sendLoginRequest start - sending from TEAM5 @ site 0
231130 154758.817|INFO|qtp996796369-30|sendToLocalServer|Sending packet to server Packet[LOGIN_REQUEST] #17 TEAM5 @ site 0 -> SERVER0 @ site 0
231130 154758.817|INFO|qtp996796369-30|sendToLocalServer|Sent    packet to server Packet[LOGIN_REQUEST] #17 TEAM5 @ site 0 -> SERVER0 @ site 0
231130 154758.817|INFO|qtp996796369-30|info|sendLoginRequest end - packet sent.
231130 154758.817|INFO|Thread-156|run|send(Serializable)
231130 154758.833|INFO|Thread-155|receive|public void receive(SealedObject TransportPacket, ConnectionHandlerID connectionHandlerID)
231130 154758.841|INFO|Thread-157|info| receiveObject(S) start got Packet[LOGIN_SUCCESS] #123 SERVER0 @ site 1 -> TEAM5 @ site 1
231130 154758.849|INFO|Thread-157|dumpPacket|Packet LOGIN_SUCCESS (Seq #123, o#123 ) recieveObject
231130 154758.849|INFO|Thread-157|dumpPacket|  From: SERVER0 @ site 1, oSERVER0 @ site 1 (DESKTOP-D75BQTV @ 192.168.1.113) (Contest Id: TestWoods1--2077281865704705181)
231130 154758.849|INFO|Thread-157|dumpPacket|    To: TEAM5 @ site 1
231130 154758.849|INFO|Thread-157|dumpPacket|   key: PROFILE_LIST is: [Ledu.csus.ecs.pc2.core.model.Profile; [Ledu.csus.ecs.pc2.core.model.Profile;@5066b428
231130 154758.849|INFO|Thread-157|dumpPacket|   key: GENERAL_PROBLEM is: edu.csus.ecs.pc2.core.model.Problem General
231130 154758.849|INFO|Thread-157|dumpPacket|   key: CLIENT_SETTINGS_LIST is: [Ledu.csus.ecs.pc2.core.model.ClientSettings; [Ledu.csus.ecs.pc2.core.model.ClientSettings;@5ea15054
231130 154758.849|INFO|Thread-157|dumpPacket|   key: CONTEST_TIME is: edu.csus.ecs.pc2.core.model.ContestTime edu.csus.ecs.pc2.core.model.ContestTime@5a9edf58
231130 154758.849|INFO|Thread-157|dumpPacket|   key: CLARIFICATION_LIST is: [Ledu.csus.ecs.pc2.core.model.Clarification; [Ledu.csus.ecs.pc2.core.model.Clarification;@1f9c5a6f
231130 154758.849|INFO|Thread-157|dumpPacket|   key: CATEGORY_LIST is: [Ledu.csus.ecs.pc2.core.model.Category; [Ledu.csus.ecs.pc2.core.model.Category;@7abe6a40
231130 154758.849|INFO|Thread-157|dumpPacket|   key: LANGUAGE_LIST is: [Ledu.csus.ecs.pc2.core.model.Language; [Ledu.csus.ecs.pc2.core.model.Language;@2ec9a6b3
231130 154758.849|INFO|Thread-157|dumpPacket|   key: REMOTE_LOGGED_IN_USERS is: [Ledu.csus.ecs.pc2.core.model.ClientId; [Ledu.csus.ecs.pc2.core.model.ClientId;@201c82d
231130 154758.849|INFO|Thread-157|dumpPacket|   key: CONTEST_TIME_LIST is: [Ledu.csus.ecs.pc2.core.model.ContestTime; [Ledu.csus.ecs.pc2.core.model.ContestTime;@7fb3a520
231130 154758.849|INFO|Thread-157|dumpPacket|   key: CONNECTION_HANDLE_ID_LIST is: [Ledu.csus.ecs.pc2.core.transport.ConnectionHandlerID; [Ledu.csus.ecs.pc2.core.transport.ConnectionHandlerID;@76563cfc
231130 154758.849|INFO|Thread-157|dumpPacket|   key: PROFILE is: edu.csus.ecs.pc2.core.model.Profile TestWoods1--2077281865704705181
231130 154758.849|INFO|Thread-157|dumpPacket|   key: CLIENT_ID is: edu.csus.ecs.pc2.core.model.ClientId TEAM5 @ site 1
231130 154758.849|INFO|Thread-157|dumpPacket|   key: SITE_NUMBER is: java.lang.Integer 1
231130 154758.849|INFO|Thread-157|dumpPacket|   key: CONTEST_INFORMATION is: edu.csus.ecs.pc2.core.model.ContestInformation edu.csus.ecs.pc2.core.model.ContestInformation@1549e0bb
231130 154758.849|INFO|Thread-157|dumpPacket|   key: SITE_LIST is: [Ledu.csus.ecs.pc2.core.model.Site; [Ledu.csus.ecs.pc2.core.model.Site;@1905029f
231130 154758.849|INFO|Thread-157|dumpPacket|   key: PROBLEM_DATA_FILES is: [Ledu.csus.ecs.pc2.core.model.ProblemDataFiles; [Ledu.csus.ecs.pc2.core.model.ProblemDataFiles;@7bfd3e3a
231130 154758.849|INFO|Thread-157|dumpPacket|   key: JUDGEMENT_LIST is: [Ledu.csus.ecs.pc2.core.model.Judgement; [Ledu.csus.ecs.pc2.core.model.Judgement;@3c0b5c65
231130 154758.849|INFO|Thread-157|dumpPacket|   key: PROBLEM_LIST is: [Ledu.csus.ecs.pc2.core.model.Problem; [Ledu.csus.ecs.pc2.core.model.Problem;@661d2f67
231130 154758.849|INFO|Thread-157|dumpPacket|   key: GROUP_LIST is: [Ledu.csus.ecs.pc2.core.model.Group; [Ledu.csus.ecs.pc2.core.model.Group;@573dc8c1
231130 154758.849|INFO|Thread-157|dumpPacket|   key: LOCAL_LOGGED_IN_USERS is: [Ledu.csus.ecs.pc2.core.model.ClientId; [Ledu.csus.ecs.pc2.core.model.ClientId;@45a320f2
231130 154758.849|INFO|Thread-157|dumpPacket|   key: SERVER_CLOCK_OFFSET is: java.util.GregorianCalendar java.util.GregorianCalendar[time=1701380878827,areFieldsSet=true,areAllFieldsSet=false,lenient=true,zone=sun.util.calendar.ZoneInfo[id="GMT",offset=0,dstSavings=0,useDaylight=false,transitions=0,lastRule=null],firstDayOfWeek=1,minimalDaysInFirstWeek=1,ERA=1,YEAR=2023,MONTH=10,WEEK_OF_YEAR=48,WEEK_OF_MONTH=5,DAY_OF_MONTH=30,DAY_OF_YEAR=334,DAY_OF_WEEK=5,DAY_OF_WEEK_IN_MONTH=5,AM_PM=1,HOUR=9,HOUR_OF_DAY=21,MINUTE=47,SECOND=58,MILLISECOND=827,ZONE_OFFSET=0,DST_OFFSET=0]
231130 154758.849|INFO|Thread-157|dumpPacket|   key: CONTEST_IDENTIFIER is: java.lang.String TestWoods1--2077281865704705181
231130 154758.849|INFO|Thread-157|dumpPacket|   key: BALLOON_SETTINGS_LIST is: [Ledu.csus.ecs.pc2.core.model.BalloonSettings; [Ledu.csus.ecs.pc2.core.model.BalloonSettings;@232da457
231130 154758.849|INFO|Thread-157|dumpPacket|   key: RUN_LIST is: [Ledu.csus.ecs.pc2.core.model.Run; [Ledu.csus.ecs.pc2.core.model.Run;@2cc4c142
231130 154758.849|INFO|Thread-157|dumpPacket|   key: ACCOUNT_ARRAY is: [Ledu.csus.ecs.pc2.core.model.Account; [Ledu.csus.ecs.pc2.core.model.Account;@15067fdb
231130 154758.849|INFO|Thread-157|info|handlePacket start Packet[LOGIN_SUCCESS] #123 SERVER0 @ site 1 -> TEAM5 @ site 1
231130 154758.849|INFO|Thread-157|dumpPacket|Packet LOGIN_SUCCESS (Seq #123, o#123 ) handlePacket
231130 154758.849|INFO|Thread-157|dumpPacket|  From: SERVER0 @ site 1, oSERVER0 @ site 1 (DESKTOP-D75BQTV @ 192.168.1.113) (Contest Id: TestWoods1--2077281865704705181)
231130 154758.849|INFO|Thread-157|dumpPacket|    To: TEAM5 @ site 1
231130 154758.849|INFO|Thread-157|dumpPacket|   key: PROFILE_LIST is: [Ledu.csus.ecs.pc2.core.model.Profile; [Ledu.csus.ecs.pc2.core.model.Profile;@5066b428
231130 154758.849|INFO|Thread-157|dumpPacket|   key: GENERAL_PROBLEM is: edu.csus.ecs.pc2.core.model.Problem General
231130 154758.849|INFO|Thread-157|dumpPacket|   key: CLIENT_SETTINGS_LIST is: [Ledu.csus.ecs.pc2.core.model.ClientSettings; [Ledu.csus.ecs.pc2.core.model.ClientSettings;@5ea15054
231130 154758.849|INFO|Thread-157|dumpPacket|   key: CONTEST_TIME is: edu.csus.ecs.pc2.core.model.ContestTime edu.csus.ecs.pc2.core.model.ContestTime@5a9edf58
231130 154758.849|INFO|Thread-157|dumpPacket|   key: CLARIFICATION_LIST is: [Ledu.csus.ecs.pc2.core.model.Clarification; [Ledu.csus.ecs.pc2.core.model.Clarification;@1f9c5a6f
231130 154758.849|INFO|Thread-157|dumpPacket|   key: CATEGORY_LIST is: [Ledu.csus.ecs.pc2.core.model.Category; [Ledu.csus.ecs.pc2.core.model.Category;@7abe6a40
231130 154758.849|INFO|Thread-157|dumpPacket|   key: LANGUAGE_LIST is: [Ledu.csus.ecs.pc2.core.model.Language; [Ledu.csus.ecs.pc2.core.model.Language;@2ec9a6b3
231130 154758.849|INFO|Thread-157|dumpPacket|   key: REMOTE_LOGGED_IN_USERS is: [Ledu.csus.ecs.pc2.core.model.ClientId; [Ledu.csus.ecs.pc2.core.model.ClientId;@201c82d
231130 154758.849|INFO|Thread-157|dumpPacket|   key: CONTEST_TIME_LIST is: [Ledu.csus.ecs.pc2.core.model.ContestTime; [Ledu.csus.ecs.pc2.core.model.ContestTime;@7fb3a520
231130 154758.849|INFO|Thread-157|dumpPacket|   key: CONNECTION_HANDLE_ID_LIST is: [Ledu.csus.ecs.pc2.core.transport.ConnectionHandlerID; [Ledu.csus.ecs.pc2.core.transport.ConnectionHandlerID;@76563cfc
231130 154758.849|INFO|Thread-157|dumpPacket|   key: PROFILE is: edu.csus.ecs.pc2.core.model.Profile TestWoods1--2077281865704705181
231130 154758.849|INFO|Thread-157|dumpPacket|   key: CLIENT_ID is: edu.csus.ecs.pc2.core.model.ClientId TEAM5 @ site 1
231130 154758.849|INFO|Thread-157|dumpPacket|   key: SITE_NUMBER is: java.lang.Integer 1
231130 154758.849|INFO|Thread-157|dumpPacket|   key: CONTEST_INFORMATION is: edu.csus.ecs.pc2.core.model.ContestInformation edu.csus.ecs.pc2.core.model.ContestInformation@1549e0bb
231130 154758.849|INFO|Thread-157|dumpPacket|   key: SITE_LIST is: [Ledu.csus.ecs.pc2.core.model.Site; [Ledu.csus.ecs.pc2.core.model.Site;@1905029f
231130 154758.849|INFO|Thread-157|dumpPacket|   key: PROBLEM_DATA_FILES is: [Ledu.csus.ecs.pc2.core.model.ProblemDataFiles; [Ledu.csus.ecs.pc2.core.model.ProblemDataFiles;@7bfd3e3a
231130 154758.849|INFO|Thread-157|dumpPacket|   key: JUDGEMENT_LIST is: [Ledu.csus.ecs.pc2.core.model.Judgement; [Ledu.csus.ecs.pc2.core.model.Judgement;@3c0b5c65
231130 154758.849|INFO|Thread-157|dumpPacket|   key: PROBLEM_LIST is: [Ledu.csus.ecs.pc2.core.model.Problem; [Ledu.csus.ecs.pc2.core.model.Problem;@661d2f67
231130 154758.849|INFO|Thread-157|dumpPacket|   key: GROUP_LIST is: [Ledu.csus.ecs.pc2.core.model.Group; [Ledu.csus.ecs.pc2.core.model.Group;@573dc8c1
231130 154758.849|INFO|Thread-157|dumpPacket|   key: LOCAL_LOGGED_IN_USERS is: [Ledu.csus.ecs.pc2.core.model.ClientId; [Ledu.csus.ecs.pc2.core.model.ClientId;@45a320f2
231130 154758.849|INFO|Thread-157|dumpPacket|   key: SERVER_CLOCK_OFFSET is: java.util.GregorianCalendar java.util.GregorianCalendar[time=1701380878827,areFieldsSet=true,areAllFieldsSet=false,lenient=true,zone=sun.util.calendar.ZoneInfo[id="GMT",offset=0,dstSavings=0,useDaylight=false,transitions=0,lastRule=null],firstDayOfWeek=1,minimalDaysInFirstWeek=1,ERA=1,YEAR=2023,MONTH=10,WEEK_OF_YEAR=48,WEEK_OF_MONTH=5,DAY_OF_MONTH=30,DAY_OF_YEAR=334,DAY_OF_WEEK=5,DAY_OF_WEEK_IN_MONTH=5,AM_PM=1,HOUR=9,HOUR_OF_DAY=21,MINUTE=47,SECOND=58,MILLISECOND=827,ZONE_OFFSET=0,DST_OFFSET=0]
231130 154758.849|INFO|Thread-157|dumpPacket|   key: CONTEST_IDENTIFIER is: java.lang.String TestWoods1--2077281865704705181
231130 154758.849|INFO|Thread-157|dumpPacket|   key: BALLOON_SETTINGS_LIST is: [Ledu.csus.ecs.pc2.core.model.BalloonSettings; [Ledu.csus.ecs.pc2.core.model.BalloonSettings;@232da457
231130 154758.849|INFO|Thread-157|dumpPacket|   key: RUN_LIST is: [Ledu.csus.ecs.pc2.core.model.Run; [Ledu.csus.ecs.pc2.core.model.Run;@2cc4c142
231130 154758.849|INFO|Thread-157|dumpPacket|   key: ACCOUNT_ARRAY is: [Ledu.csus.ecs.pc2.core.model.Account; [Ledu.csus.ecs.pc2.core.model.Account;@15067fdb
231130 154841.300|INFO|Thread-188|run|send(Serializable)
231130 154841.333|INFO|Thread-155|receive|public void receive(SealedObject TransportPacket, ConnectionHandlerID connectionHandlerID)
231130 154918.877|INFO|Thread-155|receive|public void receive(SealedObject TransportPacket, ConnectionHandlerID connectionHandlerID)
231130 154959.405|INFO|Thread-155|receive|public void receive(SealedObject TransportPacket, ConnectionHandlerID connectionHandlerID)
231130 160254.784|INFO|Thread-507|run|send(Serializable)
231130 160254.825|INFO|Thread-155|receive|public void receive(SealedObject TransportPacket, ConnectionHandlerID connectionHandlerID)
231130 160335.297|INFO|Thread-155|receive|public void receive(SealedObject TransportPacket, ConnectionHandlerID connectionHandlerID)
231130 160608.517|INFO|Thread-718|run|send(Serializable)
231130 160608.558|INFO|Thread-155|receive|public void receive(SealedObject TransportPacket, ConnectionHandlerID connectionHandlerID)
231130 160650.529|INFO|Thread-155|receive|public void receive(SealedObject TransportPacket, ConnectionHandlerID connectionHandlerID)
231130 161016.181|INFO|Thread-876|run|send(Serializable)
231130 161016.221|INFO|Thread-155|receive|public void receive(SealedObject TransportPacket, ConnectionHandlerID connectionHandlerID)
231130 161113.791|INFO|Thread-155|receive|public void receive(SealedObject TransportPacket, ConnectionHandlerID connectionHandlerID)
231130 161526.386|INFO|Thread-1088|run|send(Serializable)
231130 161526.427|INFO|Thread-155|receive|public void receive(SealedObject TransportPacket, ConnectionHandlerID connectionHandlerID)
231130 161556.434|INFO|Thread-155|receive|public void receive(SealedObject TransportPacket, ConnectionHandlerID connectionHandlerID)
231130 161655.141|INFO|Thread-1160|run|send(Serializable)
231130 161655.184|INFO|Thread-155|receive|public void receive(SealedObject TransportPacket, ConnectionHandlerID connectionHandlerID)
231130 162225.852|INFO|Thread-155|receive|public void receive(SealedObject TransportPacket, ConnectionHandlerID connectionHandlerID)
231130 163025.468|INFO|Thread-1388|run|send(Serializable)
231130 163025.517|INFO|Thread-155|receive|public void receive(SealedObject TransportPacket, ConnectionHandlerID connectionHandlerID)
231130 163841.310|INFO|Thread-1722|run|send(Serializable)
231130 163841.370|INFO|Thread-155|receive|public void receive(SealedObject TransportPacket, ConnectionHandlerID connectionHandlerID)
231130 163954.969|INFO|Thread-155|receive|public void receive(SealedObject TransportPacket, ConnectionHandlerID connectionHandlerID)
231130 164438.220|INFO|Thread-2206|run|send(Serializable)
231130 164438.319|INFO|Thread-155|receive|public void receive(SealedObject TransportPacket, ConnectionHandlerID connectionHandlerID)
231130 164634.956|INFO|Thread-155|receive|public void receive(SealedObject TransportPacket, ConnectionHandlerID connectionHandlerID)
231130 164652.906|INFO|Thread-155|receive|public void receive(SealedObject TransportPacket, ConnectionHandlerID connectionHandlerID)
231130 165630.831|INFO|Thread-2748|run|send(Serializable)
231130 165630.890|INFO|Thread-155|receive|public void receive(SealedObject TransportPacket, ConnectionHandlerID connectionHandlerID)
231130 165718.642|INFO|Thread-155|receive|public void receive(SealedObject TransportPacket, ConnectionHandlerID connectionHandlerID)
231130 165935.523|INFO|Thread-155|receive|public void receive(SealedObject TransportPacket, ConnectionHandlerID connectionHandlerID)
231130 172336.301|INFO|Thread-155|receive|public void receive(SealedObject TransportPacket, ConnectionHandlerID connectionHandlerID)
231130 172343.239|INFO|Thread-155|connectionDropped|connectionDropped(ConnectionHandlerID myConnectionID) 
231209 073157.571|CONFIG|qtp135640095-269|setFileHandlers|Now logging to C:\Users\18328\Desktop\pc2\WebTeamInterface-1.1\logs directory.
231209 073157.571|INFO|qtp135640095-269|info|
231209 073157.571|INFO|qtp135640095-269|info|Version 9 () Java ver 18.0.2.1 build  Windows 11 10.0 (amd64) 
231209 073157.571|INFO|qtp135640095-269|info|Login: team5 (aka team5)
231209 073157.571|INFO|qtp135640095-269|startLog|Working directory is C:\Users\18328\Desktop\pc2\WebTeamInterface-1.1
231209 073157.571|INFO|qtp135640095-269|startLog|Process id is 15028@DESKTOP-D75BQTV
231209 073157.571|INFO|qtp135640095-269|info|Contacting server at localhost:50002 as TEAM5 @ site 0
231209 073157.571|INFO|qtp135640095-269|info|sendLoginRequest start - sending from TEAM5 @ site 0
231209 073157.571|INFO|qtp135640095-269|sendToLocalServer|Sending packet to server Packet[LOGIN_REQUEST] #19 TEAM5 @ site 0 -> SERVER0 @ site 0
231209 073157.571|INFO|qtp135640095-269|sendToLocalServer|Sent    packet to server Packet[LOGIN_REQUEST] #19 TEAM5 @ site 0 -> SERVER0 @ site 0
231209 073157.579|INFO|qtp135640095-269|info|sendLoginRequest end - packet sent.
231209 073157.579|INFO|Thread-263|run|send(Serializable)
231209 073157.591|INFO|Thread-262|receive|public void receive(SealedObject TransportPacket, ConnectionHandlerID connectionHandlerID)
231209 073157.596|INFO|Thread-264|info| receiveObject(S) start got Packet[LOGIN_SUCCESS] #252 SERVER0 @ site 1 -> TEAM5 @ site 1
231209 073157.604|INFO|Thread-264|dumpPacket|Packet LOGIN_SUCCESS (Seq #252, o#252 ) recieveObject
231209 073157.604|INFO|Thread-264|dumpPacket|  From: SERVER0 @ site 1, oSERVER0 @ site 1 (DESKTOP-D75BQTV @ 212.212.212.212) (Contest Id: DryRun--5830290502122144214)
231209 073157.604|INFO|Thread-264|dumpPacket|    To: TEAM5 @ site 1
231209 073157.604|INFO|Thread-264|dumpPacket|   key: PROFILE_LIST is: [Ledu.csus.ecs.pc2.core.model.Profile; [Ledu.csus.ecs.pc2.core.model.Profile;@7e0a1b3b
231209 073157.604|INFO|Thread-264|dumpPacket|   key: GENERAL_PROBLEM is: edu.csus.ecs.pc2.core.model.Problem General
231209 073157.604|INFO|Thread-264|dumpPacket|   key: CLIENT_SETTINGS_LIST is: [Ledu.csus.ecs.pc2.core.model.ClientSettings; [Ledu.csus.ecs.pc2.core.model.ClientSettings;@70cdfa8a
231209 073157.604|INFO|Thread-264|dumpPacket|   key: CONTEST_TIME is: edu.csus.ecs.pc2.core.model.ContestTime edu.csus.ecs.pc2.core.model.ContestTime@74f2704b
231209 073157.604|INFO|Thread-264|dumpPacket|   key: CLARIFICATION_LIST is: [Ledu.csus.ecs.pc2.core.model.Clarification; [Ledu.csus.ecs.pc2.core.model.Clarification;@31f0f0b1
231209 073157.604|INFO|Thread-264|dumpPacket|   key: CATEGORY_LIST is: [Ledu.csus.ecs.pc2.core.model.Category; [Ledu.csus.ecs.pc2.core.model.Category;@1f8de677
231209 073157.604|INFO|Thread-264|dumpPacket|   key: LANGUAGE_LIST is: [Ledu.csus.ecs.pc2.core.model.Language; [Ledu.csus.ecs.pc2.core.model.Language;@8b46a6
231209 073157.604|INFO|Thread-264|dumpPacket|   key: REMOTE_LOGGED_IN_USERS is: [Ledu.csus.ecs.pc2.core.model.ClientId; [Ledu.csus.ecs.pc2.core.model.ClientId;@671c0ed4
231209 073157.604|INFO|Thread-264|dumpPacket|   key: CONTEST_TIME_LIST is: [Ledu.csus.ecs.pc2.core.model.ContestTime; [Ledu.csus.ecs.pc2.core.model.ContestTime;@51df0ffe
231209 073157.604|INFO|Thread-264|dumpPacket|   key: CONNECTION_HANDLE_ID_LIST is: [Ledu.csus.ecs.pc2.core.transport.ConnectionHandlerID; [Ledu.csus.ecs.pc2.core.transport.ConnectionHandlerID;@2191f5ec
231209 073157.604|INFO|Thread-264|dumpPacket|   key: PROFILE is: edu.csus.ecs.pc2.core.model.Profile DryRun--5830290502122144214
231209 073157.604|INFO|Thread-264|dumpPacket|   key: CLIENT_ID is: edu.csus.ecs.pc2.core.model.ClientId TEAM5 @ site 1
231209 073157.604|INFO|Thread-264|dumpPacket|   key: SITE_NUMBER is: java.lang.Integer 1
231209 073157.604|INFO|Thread-264|dumpPacket|   key: CONTEST_INFORMATION is: edu.csus.ecs.pc2.core.model.ContestInformation edu.csus.ecs.pc2.core.model.ContestInformation@7bf5390e
231209 073157.604|INFO|Thread-264|dumpPacket|   key: SITE_LIST is: [Ledu.csus.ecs.pc2.core.model.Site; [Ledu.csus.ecs.pc2.core.model.Site;@7c18e20a
231209 073157.604|INFO|Thread-264|dumpPacket|   key: PROBLEM_DATA_FILES is: [Ledu.csus.ecs.pc2.core.model.ProblemDataFiles; [Ledu.csus.ecs.pc2.core.model.ProblemDataFiles;@5591b288
231209 073157.604|INFO|Thread-264|dumpPacket|   key: JUDGEMENT_LIST is: [Ledu.csus.ecs.pc2.core.model.Judgement; [Ledu.csus.ecs.pc2.core.model.Judgement;@7b011343
231209 073157.604|INFO|Thread-264|dumpPacket|   key: PROBLEM_LIST is: [Ledu.csus.ecs.pc2.core.model.Problem; [Ledu.csus.ecs.pc2.core.model.Problem;@296e7864
231209 073157.604|INFO|Thread-264|dumpPacket|   key: GROUP_LIST is: [Ledu.csus.ecs.pc2.core.model.Group; [Ledu.csus.ecs.pc2.core.model.Group;@12ddd7f1
231209 073157.604|INFO|Thread-264|dumpPacket|   key: LOCAL_LOGGED_IN_USERS is: [Ledu.csus.ecs.pc2.core.model.ClientId; [Ledu.csus.ecs.pc2.core.model.ClientId;@4a0022d0
231209 073157.604|INFO|Thread-264|dumpPacket|   key: SERVER_CLOCK_OFFSET is: java.util.GregorianCalendar java.util.GregorianCalendar[time=1702128717579,areFieldsSet=true,areAllFieldsSet=false,lenient=true,zone=sun.util.calendar.ZoneInfo[id="GMT",offset=0,dstSavings=0,useDaylight=false,transitions=0,lastRule=null],firstDayOfWeek=1,minimalDaysInFirstWeek=1,ERA=1,YEAR=2023,MONTH=11,WEEK_OF_YEAR=49,WEEK_OF_MONTH=2,DAY_OF_MONTH=9,DAY_OF_YEAR=343,DAY_OF_WEEK=7,DAY_OF_WEEK_IN_MONTH=2,AM_PM=1,HOUR=1,HOUR_OF_DAY=13,MINUTE=31,SECOND=57,MILLISECOND=579,ZONE_OFFSET=0,DST_OFFSET=0]
231209 073157.604|INFO|Thread-264|dumpPacket|   key: CONTEST_IDENTIFIER is: java.lang.String DryRun--5830290502122144214
231209 073157.604|INFO|Thread-264|dumpPacket|   key: BALLOON_SETTINGS_LIST is: [Ledu.csus.ecs.pc2.core.model.BalloonSettings; [Ledu.csus.ecs.pc2.core.model.BalloonSettings;@3968abd8
231209 073157.604|INFO|Thread-264|dumpPacket|   key: RUN_LIST is: [Ledu.csus.ecs.pc2.core.model.Run; [Ledu.csus.ecs.pc2.core.model.Run;@631f59c9
231209 073157.604|INFO|Thread-264|dumpPacket|   key: ACCOUNT_ARRAY is: [Ledu.csus.ecs.pc2.core.model.Account; [Ledu.csus.ecs.pc2.core.model.Account;@1f817804
231209 073157.604|INFO|Thread-264|info|handlePacket start Packet[LOGIN_SUCCESS] #252 SERVER0 @ site 1 -> TEAM5 @ site 1
231209 073157.607|INFO|Thread-264|dumpPacket|Packet LOGIN_SUCCESS (Seq #252, o#252 ) handlePacket
231209 073157.607|INFO|Thread-264|dumpPacket|  From: SERVER0 @ site 1, oSERVER0 @ site 1 (DESKTOP-D75BQTV @ 212.212.212.212) (Contest Id: DryRun--5830290502122144214)
231209 073157.607|INFO|Thread-264|dumpPacket|    To: TEAM5 @ site 1
231209 073157.607|INFO|Thread-264|dumpPacket|   key: PROFILE_LIST is: [Ledu.csus.ecs.pc2.core.model.Profile; [Ledu.csus.ecs.pc2.core.model.Profile;@7e0a1b3b
231209 073157.607|INFO|Thread-264|dumpPacket|   key: GENERAL_PROBLEM is: edu.csus.ecs.pc2.core.model.Problem General
231209 073157.607|INFO|Thread-264|dumpPacket|   key: CLIENT_SETTINGS_LIST is: [Ledu.csus.ecs.pc2.core.model.ClientSettings; [Ledu.csus.ecs.pc2.core.model.ClientSettings;@70cdfa8a
231209 073157.608|INFO|Thread-264|dumpPacket|   key: CONTEST_TIME is: edu.csus.ecs.pc2.core.model.ContestTime edu.csus.ecs.pc2.core.model.ContestTime@74f2704b
231209 073157.608|INFO|Thread-264|dumpPacket|   key: CLARIFICATION_LIST is: [Ledu.csus.ecs.pc2.core.model.Clarification; [Ledu.csus.ecs.pc2.core.model.Clarification;@31f0f0b1
231209 073157.608|INFO|Thread-264|dumpPacket|   key: CATEGORY_LIST is: [Ledu.csus.ecs.pc2.core.model.Category; [Ledu.csus.ecs.pc2.core.model.Category;@1f8de677
231209 073157.608|INFO|Thread-264|dumpPacket|   key: LANGUAGE_LIST is: [Ledu.csus.ecs.pc2.core.model.Language; [Ledu.csus.ecs.pc2.core.model.Language;@8b46a6
231209 073157.608|INFO|Thread-264|dumpPacket|   key: REMOTE_LOGGED_IN_USERS is: [Ledu.csus.ecs.pc2.core.model.ClientId; [Ledu.csus.ecs.pc2.core.model.ClientId;@671c0ed4
231209 073157.608|INFO|Thread-264|dumpPacket|   key: CONTEST_TIME_LIST is: [Ledu.csus.ecs.pc2.core.model.ContestTime; [Ledu.csus.ecs.pc2.core.model.ContestTime;@51df0ffe
231209 073157.608|INFO|Thread-264|dumpPacket|   key: CONNECTION_HANDLE_ID_LIST is: [Ledu.csus.ecs.pc2.core.transport.ConnectionHandlerID; [Ledu.csus.ecs.pc2.core.transport.ConnectionHandlerID;@2191f5ec
231209 073157.608|INFO|Thread-264|dumpPacket|   key: PROFILE is: edu.csus.ecs.pc2.core.model.Profile DryRun--5830290502122144214
231209 073157.608|INFO|Thread-264|dumpPacket|   key: CLIENT_ID is: edu.csus.ecs.pc2.core.model.ClientId TEAM5 @ site 1
231209 073157.608|INFO|Thread-264|dumpPacket|   key: SITE_NUMBER is: java.lang.Integer 1
231209 073157.608|INFO|Thread-264|dumpPacket|   key: CONTEST_INFORMATION is: edu.csus.ecs.pc2.core.model.ContestInformation edu.csus.ecs.pc2.core.model.ContestInformation@7bf5390e
231209 073157.608|INFO|Thread-264|dumpPacket|   key: SITE_LIST is: [Ledu.csus.ecs.pc2.core.model.Site; [Ledu.csus.ecs.pc2.core.model.Site;@7c18e20a
231209 073157.608|INFO|Thread-264|dumpPacket|   key: PROBLEM_DATA_FILES is: [Ledu.csus.ecs.pc2.core.model.ProblemDataFiles; [Ledu.csus.ecs.pc2.core.model.ProblemDataFiles;@5591b288
231209 073157.608|INFO|Thread-264|dumpPacket|   key: JUDGEMENT_LIST is: [Ledu.csus.ecs.pc2.core.model.Judgement; [Ledu.csus.ecs.pc2.core.model.Judgement;@7b011343
231209 073157.608|INFO|Thread-264|dumpPacket|   key: PROBLEM_LIST is: [Ledu.csus.ecs.pc2.core.model.Problem; [Ledu.csus.ecs.pc2.core.model.Problem;@296e7864
231209 073157.608|INFO|Thread-264|dumpPacket|   key: GROUP_LIST is: [Ledu.csus.ecs.pc2.core.model.Group; [Ledu.csus.ecs.pc2.core.model.Group;@12ddd7f1
231209 073157.608|INFO|Thread-264|dumpPacket|   key: LOCAL_LOGGED_IN_USERS is: [Ledu.csus.ecs.pc2.core.model.ClientId; [Ledu.csus.ecs.pc2.core.model.ClientId;@4a0022d0
231209 073157.608|INFO|Thread-264|dumpPacket|   key: SERVER_CLOCK_OFFSET is: java.util.GregorianCalendar java.util.GregorianCalendar[time=1702128717579,areFieldsSet=true,areAllFieldsSet=false,lenient=true,zone=sun.util.calendar.ZoneInfo[id="GMT",offset=0,dstSavings=0,useDaylight=false,transitions=0,lastRule=null],firstDayOfWeek=1,minimalDaysInFirstWeek=1,ERA=1,YEAR=2023,MONTH=11,WEEK_OF_YEAR=49,WEEK_OF_MONTH=2,DAY_OF_MONTH=9,DAY_OF_YEAR=343,DAY_OF_WEEK=7,DAY_OF_WEEK_IN_MONTH=2,AM_PM=1,HOUR=1,HOUR_OF_DAY=13,MINUTE=31,SECOND=57,MILLISECOND=579,ZONE_OFFSET=0,DST_OFFSET=0]
231209 073157.608|INFO|Thread-264|dumpPacket|   key: CONTEST_IDENTIFIER is: java.lang.String DryRun--5830290502122144214
231209 073157.608|INFO|Thread-264|dumpPacket|   key: BALLOON_SETTINGS_LIST is: [Ledu.csus.ecs.pc2.core.model.BalloonSettings; [Ledu.csus.ecs.pc2.core.model.BalloonSettings;@3968abd8
231209 073157.608|INFO|Thread-264|dumpPacket|   key: RUN_LIST is: [Ledu.csus.ecs.pc2.core.model.Run; [Ledu.csus.ecs.pc2.core.model.Run;@631f59c9
231209 073157.608|INFO|Thread-264|dumpPacket|   key: ACCOUNT_ARRAY is: [Ledu.csus.ecs.pc2.core.model.Account; [Ledu.csus.ecs.pc2.core.model.Account;@1f817804
231209 074043.399|INFO|Thread-262|receive|public void receive(SealedObject TransportPacket, ConnectionHandlerID connectionHandlerID)
231209 074044.545|INFO|Thread-262|receive|public void receive(SealedObject TransportPacket, ConnectionHandlerID connectionHandlerID)
231209 074052.582|INFO|Thread-262|receive|public void receive(SealedObject TransportPacket, ConnectionHandlerID connectionHandlerID)
231209 074058.404|INFO|Thread-262|receive|public void receive(SealedObject TransportPacket, ConnectionHandlerID connectionHandlerID)
231209 083340.043|INFO|Thread-18036|run|send(Serializable)
231209 083340.115|INFO|Thread-262|receive|public void receive(SealedObject TransportPacket, ConnectionHandlerID connectionHandlerID)
231209 083350.232|INFO|Thread-262|receive|public void receive(SealedObject TransportPacket, ConnectionHandlerID connectionHandlerID)
231209 103352.623|INFO|Thread-262|receive|public void receive(SealedObject TransportPacket, ConnectionHandlerID connectionHandlerID)
231209 103353.752|INFO|Thread-262|receive|public void receive(SealedObject TransportPacket, ConnectionHandlerID connectionHandlerID)
231209 103356.315|INFO|Thread-262|receive|public void receive(SealedObject TransportPacket, ConnectionHandlerID connectionHandlerID)
231209 103358.718|INFO|Thread-262|receive|public void receive(SealedObject TransportPacket, ConnectionHandlerID connectionHandlerID)
231209 103358.904|INFO|Thread-262|receive|public void receive(SealedObject TransportPacket, ConnectionHandlerID connectionHandlerID)
231209 103359.083|INFO|Thread-262|receive|public void receive(SealedObject TransportPacket, ConnectionHandlerID connectionHandlerID)
231209 103359.239|INFO|Thread-262|receive|public void receive(SealedObject TransportPacket, ConnectionHandlerID connectionHandlerID)
231209 103412.586|INFO|Thread-262|receive|public void receive(SealedObject TransportPacket, ConnectionHandlerID connectionHandlerID)
231209 103439.357|INFO|Thread-262|receive|public void receive(SealedObject TransportPacket, ConnectionHandlerID connectionHandlerID)
231209 103555.505|INFO|Thread-49130|run|send(Serializable)
231209 103555.513|INFO|Thread-262|connectionDropped|connectionDropped(ConnectionHandlerID myConnectionID) 
