221210 103434.725|CONFIG|qtp1613095350-3024|setFileHandlers|Now logging to C:\Users\18328\Desktop\pc2\WebTeamInterface-1.1\logs directory.
221210 103434.725|INFO|qtp1613095350-3024|info|
221210 103434.726|INFO|qtp1613095350-3024|info|Version 9 () Java ver 18.0.2.1 build  Windows 11 10.0 (amd64) 
221210 103434.726|INFO|qtp1613095350-3024|info|Login: team78 (aka team78)
221210 103434.726|INFO|qtp1613095350-3024|startLog|Working directory is C:\Users\18328\Desktop\pc2\WebTeamInterface-1.1
221210 103434.726|INFO|qtp1613095350-3024|startLog|Process id is 22344@DESKTOP-D75BQTV
221210 103434.726|INFO|qtp1613095350-3024|info|Contacting server at 212.212.212.212:50002 as TEAM78 @ site 0
221210 103434.726|INFO|qtp1613095350-3024|info|sendLoginRequest start - sending from TEAM78 @ site 0
221210 103434.726|INFO|qtp1613095350-3024|sendToLocalServer|Sending packet to server Packet[LOGIN_REQUEST] #171 TEAM78 @ site 0 -> SERVER0 @ site 0
221210 103434.726|INFO|qtp1613095350-3024|sendToLocalServer|Sent    packet to server Packet[LOGIN_REQUEST] #171 TEAM78 @ site 0 -> SERVER0 @ site 0
221210 103434.727|INFO|Thread-4083|run|send(Serializable)
221210 103434.727|INFO|qtp1613095350-3024|info|sendLoginRequest end - packet sent.
221210 103434.728|INFO|Thread-4082|receive|public void receive(SealedObject TransportPacket, ConnectionHandlerID connectionHandlerID)
221210 103434.729|INFO|Thread-4084|info| receiveObject(S) start got Packet[LOGIN_FAILED] #2983 SERVER0 @ site 1 -> TEAM78 @ site 0
221210 103434.729|INFO|Thread-4084|dumpPacket|Packet LOGIN_FAILED (Seq #2983, o#2983 ) recieveObject
221210 103434.729|INFO|Thread-4084|dumpPacket|  From: SERVER0 @ site 1, oSERVER0 @ site 1 (DESKTOP-D75BQTV @ 212.212.212.212) (Contest Id: Contest-4511288556462302159)
221210 103434.729|INFO|Thread-4084|dumpPacket|    To: TEAM78 @ site 0
221210 103434.729|INFO|Thread-4084|dumpPacket|   key: MESSAGE_STRING is: java.lang.String Invalid password
221210 103434.729|INFO|Thread-4084|info|handlePacket start Packet[LOGIN_FAILED] #2983 SERVER0 @ site 1 -> TEAM78 @ site 0
221210 103434.729|INFO|Thread-4084|dumpPacket|Packet LOGIN_FAILED (Seq #2983, o#2983 ) handlePacket
221210 103434.729|INFO|Thread-4084|dumpPacket|  From: SERVER0 @ site 1, oSERVER0 @ site 1 (DESKTOP-D75BQTV @ 212.212.212.212) (Contest Id: Contest-4511288556462302159)
221210 103434.729|INFO|Thread-4084|dumpPacket|    To: TEAM78 @ site 0
221210 103434.729|INFO|Thread-4084|dumpPacket|   key: MESSAGE_STRING is: java.lang.String Invalid password
221210 103434.729|INFO|Thread-4084|info| receiveObject(S) end   got Packet[LOGIN_FAILED] #2983 SERVER0 @ site 1 -> TEAM78 @ site 0
221210 150258.300|INFO|Thread-4082|connectionDropped|connectionDropped(ConnectionHandlerID myConnectionID) 
231209 095838.921|CONFIG|qtp135640095-21299|setFileHandlers|Now logging to C:\Users\18328\Desktop\pc2\WebTeamInterface-1.1\logs directory.
231209 095838.921|INFO|qtp135640095-21299|info|
231209 095838.921|INFO|qtp135640095-21299|info|Version 9 () Java ver 18.0.2.1 build  Windows 11 10.0 (amd64) 
231209 095838.921|INFO|qtp135640095-21299|info|Login: team78 (aka team78)
231209 095838.929|INFO|qtp135640095-21299|startLog|Working directory is C:\Users\18328\Desktop\pc2\WebTeamInterface-1.1
231209 095838.929|INFO|qtp135640095-21299|startLog|Process id is 15028@DESKTOP-D75BQTV
231209 095838.929|INFO|qtp135640095-21299|info|Contacting server at localhost:50002 as TEAM78 @ site 0
231209 095838.929|INFO|qtp135640095-21299|info|sendLoginRequest start - sending from TEAM78 @ site 0
231209 095838.929|INFO|qtp135640095-21299|sendToLocalServer|Sending packet to server Packet[LOGIN_REQUEST] #433 TEAM78 @ site 0 -> SERVER0 @ site 0
231209 095838.929|INFO|qtp135640095-21299|sendToLocalServer|Sent    packet to server Packet[LOGIN_REQUEST] #433 TEAM78 @ site 0 -> SERVER0 @ site 0
231209 095838.929|INFO|qtp135640095-21299|info|sendLoginRequest end - packet sent.
231209 095838.932|INFO|Thread-35865|run|send(Serializable)
231209 095838.948|INFO|Thread-35864|receive|public void receive(SealedObject TransportPacket, ConnectionHandlerID connectionHandlerID)
231209 095838.955|INFO|Thread-35866|info| receiveObject(S) start got Packet[LOGIN_SUCCESS] #2394 SERVER0 @ site 1 -> TEAM78 @ site 1
231209 095838.956|INFO|Thread-35866|dumpPacket|Packet LOGIN_SUCCESS (Seq #2394, o#2394 ) recieveObject
231209 095838.956|INFO|Thread-35866|dumpPacket|  From: SERVER0 @ site 1, oSERVER0 @ site 1 (DESKTOP-D75BQTV @ 212.212.212.212) (Contest Id: DryRun--6069080675419338087)
231209 095838.956|INFO|Thread-35866|dumpPacket|    To: TEAM78 @ site 1
231209 095838.957|INFO|Thread-35866|dumpPacket|   key: PROFILE_LIST is: [Ledu.csus.ecs.pc2.core.model.Profile; [Ledu.csus.ecs.pc2.core.model.Profile;@735edc8e
231209 095838.957|INFO|Thread-35866|dumpPacket|   key: GENERAL_PROBLEM is: edu.csus.ecs.pc2.core.model.Problem General
231209 095838.958|INFO|Thread-35866|dumpPacket|   key: CLIENT_SETTINGS_LIST is: [Ledu.csus.ecs.pc2.core.model.ClientSettings; [Ledu.csus.ecs.pc2.core.model.ClientSettings;@7d993c95
231209 095838.958|INFO|Thread-35866|dumpPacket|   key: CONTEST_TIME is: edu.csus.ecs.pc2.core.model.ContestTime edu.csus.ecs.pc2.core.model.ContestTime@79a6b7fe
231209 095838.958|INFO|Thread-35866|dumpPacket|   key: CLARIFICATION_LIST is: [Ledu.csus.ecs.pc2.core.model.Clarification; [Ledu.csus.ecs.pc2.core.model.Clarification;@3ca436ae
231209 095838.958|INFO|Thread-35866|dumpPacket|   key: CATEGORY_LIST is: [Ledu.csus.ecs.pc2.core.model.Category; [Ledu.csus.ecs.pc2.core.model.Category;@391b2718
231209 095838.958|INFO|Thread-35866|dumpPacket|   key: LANGUAGE_LIST is: [Ledu.csus.ecs.pc2.core.model.Language; [Ledu.csus.ecs.pc2.core.model.Language;@dd2c93a
231209 095838.959|INFO|Thread-35866|dumpPacket|   key: REMOTE_LOGGED_IN_USERS is: [Ledu.csus.ecs.pc2.core.model.ClientId; [Ledu.csus.ecs.pc2.core.model.ClientId;@41878639
231209 095838.959|INFO|Thread-35866|dumpPacket|   key: CONTEST_TIME_LIST is: [Ledu.csus.ecs.pc2.core.model.ContestTime; [Ledu.csus.ecs.pc2.core.model.ContestTime;@5c8bc9e1
231209 095838.959|INFO|Thread-35866|dumpPacket|   key: CONNECTION_HANDLE_ID_LIST is: [Ledu.csus.ecs.pc2.core.transport.ConnectionHandlerID; [Ledu.csus.ecs.pc2.core.transport.ConnectionHandlerID;@3c48168f
231209 095838.959|INFO|Thread-35866|dumpPacket|   key: PROFILE is: edu.csus.ecs.pc2.core.model.Profile DryRun--6069080675419338087
231209 095838.959|INFO|Thread-35866|dumpPacket|   key: CLIENT_ID is: edu.csus.ecs.pc2.core.model.ClientId TEAM78 @ site 1
231209 095838.962|INFO|Thread-35866|dumpPacket|   key: SITE_NUMBER is: java.lang.Integer 1
231209 095838.962|INFO|Thread-35866|dumpPacket|   key: CONTEST_INFORMATION is: edu.csus.ecs.pc2.core.model.ContestInformation edu.csus.ecs.pc2.core.model.ContestInformation@27c89325
231209 095838.962|INFO|Thread-35866|dumpPacket|   key: SITE_LIST is: [Ledu.csus.ecs.pc2.core.model.Site; [Ledu.csus.ecs.pc2.core.model.Site;@5a836fab
231209 095838.962|INFO|Thread-35866|dumpPacket|   key: PROBLEM_DATA_FILES is: [Ledu.csus.ecs.pc2.core.model.ProblemDataFiles; [Ledu.csus.ecs.pc2.core.model.ProblemDataFiles;@58c571db
231209 095838.962|INFO|Thread-35866|dumpPacket|   key: JUDGEMENT_LIST is: [Ledu.csus.ecs.pc2.core.model.Judgement; [Ledu.csus.ecs.pc2.core.model.Judgement;@2445e822
231209 095838.962|INFO|Thread-35866|dumpPacket|   key: PROBLEM_LIST is: [Ledu.csus.ecs.pc2.core.model.Problem; [Ledu.csus.ecs.pc2.core.model.Problem;@47770634
231209 095838.962|INFO|Thread-35866|dumpPacket|   key: GROUP_LIST is: [Ledu.csus.ecs.pc2.core.model.Group; [Ledu.csus.ecs.pc2.core.model.Group;@648c746
231209 095838.962|INFO|Thread-35866|dumpPacket|   key: LOCAL_LOGGED_IN_USERS is: [Ledu.csus.ecs.pc2.core.model.ClientId; [Ledu.csus.ecs.pc2.core.model.ClientId;@757035fd
231209 095838.962|INFO|Thread-35866|dumpPacket|   key: SERVER_CLOCK_OFFSET is: java.util.GregorianCalendar java.util.GregorianCalendar[time=1702137518938,areFieldsSet=true,areAllFieldsSet=false,lenient=true,zone=sun.util.calendar.ZoneInfo[id="GMT",offset=0,dstSavings=0,useDaylight=false,transitions=0,lastRule=null],firstDayOfWeek=1,minimalDaysInFirstWeek=1,ERA=1,YEAR=2023,MONTH=11,WEEK_OF_YEAR=49,WEEK_OF_MONTH=2,DAY_OF_MONTH=9,DAY_OF_YEAR=343,DAY_OF_WEEK=7,DAY_OF_WEEK_IN_MONTH=2,AM_PM=1,HOUR=3,HOUR_OF_DAY=15,MINUTE=58,SECOND=38,MILLISECOND=938,ZONE_OFFSET=0,DST_OFFSET=0]
231209 095838.962|INFO|Thread-35866|dumpPacket|   key: CONTEST_IDENTIFIER is: java.lang.String DryRun--6069080675419338087
231209 095838.962|INFO|Thread-35866|dumpPacket|   key: BALLOON_SETTINGS_LIST is: [Ledu.csus.ecs.pc2.core.model.BalloonSettings; [Ledu.csus.ecs.pc2.core.model.BalloonSettings;@7e7fd789
231209 095838.962|INFO|Thread-35866|dumpPacket|   key: RUN_LIST is: [Ledu.csus.ecs.pc2.core.model.Run; [Ledu.csus.ecs.pc2.core.model.Run;@1c628d4
231209 095838.962|INFO|Thread-35866|dumpPacket|   key: ACCOUNT_ARRAY is: [Ledu.csus.ecs.pc2.core.model.Account; [Ledu.csus.ecs.pc2.core.model.Account;@4174ad5d
231209 095838.962|INFO|Thread-35866|info|handlePacket start Packet[LOGIN_SUCCESS] #2394 SERVER0 @ site 1 -> TEAM78 @ site 1
231209 095838.962|INFO|Thread-35866|dumpPacket|Packet LOGIN_SUCCESS (Seq #2394, o#2394 ) handlePacket
231209 095838.962|INFO|Thread-35866|dumpPacket|  From: SERVER0 @ site 1, oSERVER0 @ site 1 (DESKTOP-D75BQTV @ 212.212.212.212) (Contest Id: DryRun--6069080675419338087)
231209 095838.962|INFO|Thread-35866|dumpPacket|    To: TEAM78 @ site 1
231209 095838.962|INFO|Thread-35866|dumpPacket|   key: PROFILE_LIST is: [Ledu.csus.ecs.pc2.core.model.Profile; [Ledu.csus.ecs.pc2.core.model.Profile;@735edc8e
231209 095838.962|INFO|Thread-35866|dumpPacket|   key: GENERAL_PROBLEM is: edu.csus.ecs.pc2.core.model.Problem General
231209 095838.962|INFO|Thread-35866|dumpPacket|   key: CLIENT_SETTINGS_LIST is: [Ledu.csus.ecs.pc2.core.model.ClientSettings; [Ledu.csus.ecs.pc2.core.model.ClientSettings;@7d993c95
231209 095838.962|INFO|Thread-35866|dumpPacket|   key: CONTEST_TIME is: edu.csus.ecs.pc2.core.model.ContestTime edu.csus.ecs.pc2.core.model.ContestTime@79a6b7fe
231209 095838.962|INFO|Thread-35866|dumpPacket|   key: CLARIFICATION_LIST is: [Ledu.csus.ecs.pc2.core.model.Clarification; [Ledu.csus.ecs.pc2.core.model.Clarification;@3ca436ae
231209 095838.962|INFO|Thread-35866|dumpPacket|   key: CATEGORY_LIST is: [Ledu.csus.ecs.pc2.core.model.Category; [Ledu.csus.ecs.pc2.core.model.Category;@391b2718
231209 095838.962|INFO|Thread-35866|dumpPacket|   key: LANGUAGE_LIST is: [Ledu.csus.ecs.pc2.core.model.Language; [Ledu.csus.ecs.pc2.core.model.Language;@dd2c93a
231209 095838.962|INFO|Thread-35866|dumpPacket|   key: REMOTE_LOGGED_IN_USERS is: [Ledu.csus.ecs.pc2.core.model.ClientId; [Ledu.csus.ecs.pc2.core.model.ClientId;@41878639
231209 095838.962|INFO|Thread-35866|dumpPacket|   key: CONTEST_TIME_LIST is: [Ledu.csus.ecs.pc2.core.model.ContestTime; [Ledu.csus.ecs.pc2.core.model.ContestTime;@5c8bc9e1
231209 095838.962|INFO|Thread-35866|dumpPacket|   key: CONNECTION_HANDLE_ID_LIST is: [Ledu.csus.ecs.pc2.core.transport.ConnectionHandlerID; [Ledu.csus.ecs.pc2.core.transport.ConnectionHandlerID;@3c48168f
231209 095838.962|INFO|Thread-35866|dumpPacket|   key: PROFILE is: edu.csus.ecs.pc2.core.model.Profile DryRun--6069080675419338087
231209 095838.962|INFO|Thread-35866|dumpPacket|   key: CLIENT_ID is: edu.csus.ecs.pc2.core.model.ClientId TEAM78 @ site 1
231209 095838.962|INFO|Thread-35866|dumpPacket|   key: SITE_NUMBER is: java.lang.Integer 1
231209 095838.962|INFO|Thread-35866|dumpPacket|   key: CONTEST_INFORMATION is: edu.csus.ecs.pc2.core.model.ContestInformation edu.csus.ecs.pc2.core.model.ContestInformation@27c89325
231209 095838.962|INFO|Thread-35866|dumpPacket|   key: SITE_LIST is: [Ledu.csus.ecs.pc2.core.model.Site; [Ledu.csus.ecs.pc2.core.model.Site;@5a836fab
231209 095838.962|INFO|Thread-35866|dumpPacket|   key: PROBLEM_DATA_FILES is: [Ledu.csus.ecs.pc2.core.model.ProblemDataFiles; [Ledu.csus.ecs.pc2.core.model.ProblemDataFiles;@58c571db
231209 095838.965|INFO|Thread-35866|dumpPacket|   key: JUDGEMENT_LIST is: [Ledu.csus.ecs.pc2.core.model.Judgement; [Ledu.csus.ecs.pc2.core.model.Judgement;@2445e822
231209 095838.965|INFO|Thread-35866|dumpPacket|   key: PROBLEM_LIST is: [Ledu.csus.ecs.pc2.core.model.Problem; [Ledu.csus.ecs.pc2.core.model.Problem;@47770634
231209 095838.965|INFO|Thread-35866|dumpPacket|   key: GROUP_LIST is: [Ledu.csus.ecs.pc2.core.model.Group; [Ledu.csus.ecs.pc2.core.model.Group;@648c746
231209 095838.965|INFO|Thread-35866|dumpPacket|   key: LOCAL_LOGGED_IN_USERS is: [Ledu.csus.ecs.pc2.core.model.ClientId; [Ledu.csus.ecs.pc2.core.model.ClientId;@757035fd
231209 095838.965|INFO|Thread-35866|dumpPacket|   key: SERVER_CLOCK_OFFSET is: java.util.GregorianCalendar java.util.GregorianCalendar[time=1702137518938,areFieldsSet=true,areAllFieldsSet=false,lenient=true,zone=sun.util.calendar.ZoneInfo[id="GMT",offset=0,dstSavings=0,useDaylight=false,transitions=0,lastRule=null],firstDayOfWeek=1,minimalDaysInFirstWeek=1,ERA=1,YEAR=2023,MONTH=11,WEEK_OF_YEAR=49,WEEK_OF_MONTH=2,DAY_OF_MONTH=9,DAY_OF_YEAR=343,DAY_OF_WEEK=7,DAY_OF_WEEK_IN_MONTH=2,AM_PM=1,HOUR=3,HOUR_OF_DAY=15,MINUTE=58,SECOND=38,MILLISECOND=938,ZONE_OFFSET=0,DST_OFFSET=0]
231209 095838.965|INFO|Thread-35866|dumpPacket|   key: CONTEST_IDENTIFIER is: java.lang.String DryRun--6069080675419338087
231209 095838.965|INFO|Thread-35866|dumpPacket|   key: BALLOON_SETTINGS_LIST is: [Ledu.csus.ecs.pc2.core.model.BalloonSettings; [Ledu.csus.ecs.pc2.core.model.BalloonSettings;@7e7fd789
231209 095838.965|INFO|Thread-35866|dumpPacket|   key: RUN_LIST is: [Ledu.csus.ecs.pc2.core.model.Run; [Ledu.csus.ecs.pc2.core.model.Run;@1c628d4
231209 095838.965|INFO|Thread-35866|dumpPacket|   key: ACCOUNT_ARRAY is: [Ledu.csus.ecs.pc2.core.model.Account; [Ledu.csus.ecs.pc2.core.model.Account;@4174ad5d
231209 103352.632|INFO|Thread-35864|receive|public void receive(SealedObject TransportPacket, ConnectionHandlerID connectionHandlerID)
231209 103353.768|INFO|Thread-35864|receive|public void receive(SealedObject TransportPacket, ConnectionHandlerID connectionHandlerID)
231209 103356.348|INFO|Thread-35864|receive|public void receive(SealedObject TransportPacket, ConnectionHandlerID connectionHandlerID)
231209 103358.726|INFO|Thread-35864|receive|public void receive(SealedObject TransportPacket, ConnectionHandlerID connectionHandlerID)
231209 103358.915|INFO|Thread-35864|receive|public void receive(SealedObject TransportPacket, ConnectionHandlerID connectionHandlerID)
231209 103359.100|INFO|Thread-35864|receive|public void receive(SealedObject TransportPacket, ConnectionHandlerID connectionHandlerID)
231209 103359.255|INFO|Thread-35864|receive|public void receive(SealedObject TransportPacket, ConnectionHandlerID connectionHandlerID)
231209 103412.285|INFO|Thread-35864|receive|public void receive(SealedObject TransportPacket, ConnectionHandlerID connectionHandlerID)
231209 103439.512|INFO|Thread-35864|receive|public void receive(SealedObject TransportPacket, ConnectionHandlerID connectionHandlerID)
231209 103550.378|INFO|Thread-49117|run|send(Serializable)
231209 103550.383|INFO|Thread-35864|connectionDropped|connectionDropped(ConnectionHandlerID myConnectionID) 
