221210 110246.383|CONFIG|qtp1613095350-12573|setFileHandlers|Now logging to C:\Users\18328\Desktop\pc2\WebTeamInterface-1.1\logs directory.
221210 110246.383|INFO|qtp1613095350-12573|info|
221210 110246.383|INFO|qtp1613095350-12573|info|Version 9 () Java ver 18.0.2.1 build  Windows 11 10.0 (amd64) 
221210 110246.384|INFO|qtp1613095350-12573|info|Login: team47 (aka team47)
221210 110246.384|INFO|qtp1613095350-12573|startLog|Working directory is C:\Users\18328\Desktop\pc2\WebTeamInterface-1.1
221210 110246.384|INFO|qtp1613095350-12573|startLog|Process id is 22344@DESKTOP-D75BQTV
221210 110246.384|INFO|qtp1613095350-12573|info|Contacting server at 212.212.212.212:50002 as TEAM47 @ site 0
221210 110246.384|INFO|qtp1613095350-12573|info|sendLoginRequest start - sending from TEAM47 @ site 0
221210 110246.385|INFO|qtp1613095350-12573|sendToLocalServer|Sending packet to server Packet[LOGIN_REQUEST] #277 TEAM47 @ site 0 -> SERVER0 @ site 0
221210 110246.385|INFO|qtp1613095350-12573|sendToLocalServer|Sent    packet to server Packet[LOGIN_REQUEST] #277 TEAM47 @ site 0 -> SERVER0 @ site 0
221210 110246.385|INFO|qtp1613095350-12573|info|sendLoginRequest end - packet sent.
221210 110246.385|INFO|Thread-19432|run|send(Serializable)
221210 110246.389|INFO|Thread-19431|receive|public void receive(SealedObject TransportPacket, ConnectionHandlerID connectionHandlerID)
221210 110246.392|INFO|Thread-19433|info| receiveObject(S) start got Packet[LOGIN_SUCCESS] #3508 SERVER0 @ site 1 -> TEAM47 @ site 1
221210 110246.392|INFO|Thread-19433|dumpPacket|Packet LOGIN_SUCCESS (Seq #3508, o#3508 ) recieveObject
221210 110246.392|INFO|Thread-19433|dumpPacket|  From: SERVER0 @ site 1, oSERVER0 @ site 1 (DESKTOP-D75BQTV @ 212.212.212.212) (Contest Id: Contest-4511288556462302159)
221210 110246.392|INFO|Thread-19433|dumpPacket|    To: TEAM47 @ site 1
221210 110246.392|INFO|Thread-19433|dumpPacket|   key: PROFILE_LIST is: [Ledu.csus.ecs.pc2.core.model.Profile; [Ledu.csus.ecs.pc2.core.model.Profile;@6ab96adf
221210 110246.392|INFO|Thread-19433|dumpPacket|   key: GENERAL_PROBLEM is: edu.csus.ecs.pc2.core.model.Problem General
221210 110246.392|INFO|Thread-19433|dumpPacket|   key: CLIENT_SETTINGS_LIST is: [Ledu.csus.ecs.pc2.core.model.ClientSettings; [Ledu.csus.ecs.pc2.core.model.ClientSettings;@647e99f8
221210 110246.392|INFO|Thread-19433|dumpPacket|   key: CONTEST_TIME is: edu.csus.ecs.pc2.core.model.ContestTime edu.csus.ecs.pc2.core.model.ContestTime@604101af
221210 110246.392|INFO|Thread-19433|dumpPacket|   key: CLARIFICATION_LIST is: [Ledu.csus.ecs.pc2.core.model.Clarification; [Ledu.csus.ecs.pc2.core.model.Clarification;@254393c3
221210 110246.392|INFO|Thread-19433|dumpPacket|   key: CATEGORY_LIST is: [Ledu.csus.ecs.pc2.core.model.Category; [Ledu.csus.ecs.pc2.core.model.Category;@40dfa26
221210 110246.392|INFO|Thread-19433|dumpPacket|   key: LANGUAGE_LIST is: [Ledu.csus.ecs.pc2.core.model.Language; [Ledu.csus.ecs.pc2.core.model.Language;@14ac1206
221210 110246.392|INFO|Thread-19433|dumpPacket|   key: REMOTE_LOGGED_IN_USERS is: [Ledu.csus.ecs.pc2.core.model.ClientId; [Ledu.csus.ecs.pc2.core.model.ClientId;@7c082545
221210 110246.392|INFO|Thread-19433|dumpPacket|   key: CONTEST_TIME_LIST is: [Ledu.csus.ecs.pc2.core.model.ContestTime; [Ledu.csus.ecs.pc2.core.model.ContestTime;@456c6c8c
221210 110246.392|INFO|Thread-19433|dumpPacket|   key: CONNECTION_HANDLE_ID_LIST is: [Ledu.csus.ecs.pc2.core.transport.ConnectionHandlerID; [Ledu.csus.ecs.pc2.core.transport.ConnectionHandlerID;@2edb72cd
221210 110246.392|INFO|Thread-19433|dumpPacket|   key: PROFILE is: edu.csus.ecs.pc2.core.model.Profile Contest-4511288556462302159
221210 110246.392|INFO|Thread-19433|dumpPacket|   key: CLIENT_ID is: edu.csus.ecs.pc2.core.model.ClientId TEAM47 @ site 1
221210 110246.392|INFO|Thread-19433|dumpPacket|   key: SITE_NUMBER is: java.lang.Integer 1
221210 110246.392|INFO|Thread-19433|dumpPacket|   key: CONTEST_INFORMATION is: edu.csus.ecs.pc2.core.model.ContestInformation edu.csus.ecs.pc2.core.model.ContestInformation@5a936932
221210 110246.392|INFO|Thread-19433|dumpPacket|   key: SITE_LIST is: [Ledu.csus.ecs.pc2.core.model.Site; [Ledu.csus.ecs.pc2.core.model.Site;@670c4d28
221210 110246.392|INFO|Thread-19433|dumpPacket|   key: PROBLEM_DATA_FILES is: [Ledu.csus.ecs.pc2.core.model.ProblemDataFiles; [Ledu.csus.ecs.pc2.core.model.ProblemDataFiles;@41225549
221210 110246.392|INFO|Thread-19433|dumpPacket|   key: JUDGEMENT_LIST is: [Ledu.csus.ecs.pc2.core.model.Judgement; [Ledu.csus.ecs.pc2.core.model.Judgement;@349a1aba
221210 110246.392|INFO|Thread-19433|dumpPacket|   key: PROBLEM_LIST is: [Ledu.csus.ecs.pc2.core.model.Problem; [Ledu.csus.ecs.pc2.core.model.Problem;@75813fe2
221210 110246.392|INFO|Thread-19433|dumpPacket|   key: GROUP_LIST is: [Ledu.csus.ecs.pc2.core.model.Group; [Ledu.csus.ecs.pc2.core.model.Group;@70614977
221210 110246.392|INFO|Thread-19433|dumpPacket|   key: LOCAL_LOGGED_IN_USERS is: [Ledu.csus.ecs.pc2.core.model.ClientId; [Ledu.csus.ecs.pc2.core.model.ClientId;@233ad22f
221210 110246.392|INFO|Thread-19433|dumpPacket|   key: SERVER_CLOCK_OFFSET is: java.util.GregorianCalendar java.util.GregorianCalendar[time=1670691766387,areFieldsSet=true,areAllFieldsSet=false,lenient=true,zone=sun.util.calendar.ZoneInfo[id="GMT",offset=0,dstSavings=0,useDaylight=false,transitions=0,lastRule=null],firstDayOfWeek=1,minimalDaysInFirstWeek=1,ERA=1,YEAR=2022,MONTH=11,WEEK_OF_YEAR=50,WEEK_OF_MONTH=2,DAY_OF_MONTH=10,DAY_OF_YEAR=344,DAY_OF_WEEK=7,DAY_OF_WEEK_IN_MONTH=2,AM_PM=1,HOUR=5,HOUR_OF_DAY=17,MINUTE=2,SECOND=46,MILLISECOND=387,ZONE_OFFSET=0,DST_OFFSET=0]
221210 110246.392|INFO|Thread-19433|dumpPacket|   key: CONTEST_IDENTIFIER is: java.lang.String Contest-4511288556462302159
221210 110246.392|INFO|Thread-19433|dumpPacket|   key: BALLOON_SETTINGS_LIST is: [Ledu.csus.ecs.pc2.core.model.BalloonSettings; [Ledu.csus.ecs.pc2.core.model.BalloonSettings;@47914338
221210 110246.392|INFO|Thread-19433|dumpPacket|   key: RUN_LIST is: [Ledu.csus.ecs.pc2.core.model.Run; [Ledu.csus.ecs.pc2.core.model.Run;@3b131a07
221210 110246.392|INFO|Thread-19433|dumpPacket|   key: ACCOUNT_ARRAY is: [Ledu.csus.ecs.pc2.core.model.Account; [Ledu.csus.ecs.pc2.core.model.Account;@4143d6e3
221210 110246.392|INFO|Thread-19433|info|handlePacket start Packet[LOGIN_SUCCESS] #3508 SERVER0 @ site 1 -> TEAM47 @ site 1
221210 110246.392|INFO|Thread-19433|dumpPacket|Packet LOGIN_SUCCESS (Seq #3508, o#3508 ) handlePacket
221210 110246.392|INFO|Thread-19433|dumpPacket|  From: SERVER0 @ site 1, oSERVER0 @ site 1 (DESKTOP-D75BQTV @ 212.212.212.212) (Contest Id: Contest-4511288556462302159)
221210 110246.392|INFO|Thread-19433|dumpPacket|    To: TEAM47 @ site 1
221210 110246.392|INFO|Thread-19433|dumpPacket|   key: PROFILE_LIST is: [Ledu.csus.ecs.pc2.core.model.Profile; [Ledu.csus.ecs.pc2.core.model.Profile;@6ab96adf
221210 110246.392|INFO|Thread-19433|dumpPacket|   key: GENERAL_PROBLEM is: edu.csus.ecs.pc2.core.model.Problem General
221210 110246.392|INFO|Thread-19433|dumpPacket|   key: CLIENT_SETTINGS_LIST is: [Ledu.csus.ecs.pc2.core.model.ClientSettings; [Ledu.csus.ecs.pc2.core.model.ClientSettings;@647e99f8
221210 110246.392|INFO|Thread-19433|dumpPacket|   key: CONTEST_TIME is: edu.csus.ecs.pc2.core.model.ContestTime edu.csus.ecs.pc2.core.model.ContestTime@604101af
221210 110246.392|INFO|Thread-19433|dumpPacket|   key: CLARIFICATION_LIST is: [Ledu.csus.ecs.pc2.core.model.Clarification; [Ledu.csus.ecs.pc2.core.model.Clarification;@254393c3
221210 110246.392|INFO|Thread-19433|dumpPacket|   key: CATEGORY_LIST is: [Ledu.csus.ecs.pc2.core.model.Category; [Ledu.csus.ecs.pc2.core.model.Category;@40dfa26
221210 110246.392|INFO|Thread-19433|dumpPacket|   key: LANGUAGE_LIST is: [Ledu.csus.ecs.pc2.core.model.Language; [Ledu.csus.ecs.pc2.core.model.Language;@14ac1206
221210 110246.392|INFO|Thread-19433|dumpPacket|   key: REMOTE_LOGGED_IN_USERS is: [Ledu.csus.ecs.pc2.core.model.ClientId; [Ledu.csus.ecs.pc2.core.model.ClientId;@7c082545
221210 110246.392|INFO|Thread-19433|dumpPacket|   key: CONTEST_TIME_LIST is: [Ledu.csus.ecs.pc2.core.model.ContestTime; [Ledu.csus.ecs.pc2.core.model.ContestTime;@456c6c8c
221210 110246.392|INFO|Thread-19433|dumpPacket|   key: CONNECTION_HANDLE_ID_LIST is: [Ledu.csus.ecs.pc2.core.transport.ConnectionHandlerID; [Ledu.csus.ecs.pc2.core.transport.ConnectionHandlerID;@2edb72cd
221210 110246.392|INFO|Thread-19433|dumpPacket|   key: PROFILE is: edu.csus.ecs.pc2.core.model.Profile Contest-4511288556462302159
221210 110246.392|INFO|Thread-19433|dumpPacket|   key: CLIENT_ID is: edu.csus.ecs.pc2.core.model.ClientId TEAM47 @ site 1
221210 110246.392|INFO|Thread-19433|dumpPacket|   key: SITE_NUMBER is: java.lang.Integer 1
221210 110246.392|INFO|Thread-19433|dumpPacket|   key: CONTEST_INFORMATION is: edu.csus.ecs.pc2.core.model.ContestInformation edu.csus.ecs.pc2.core.model.ContestInformation@5a936932
221210 110246.392|INFO|Thread-19433|dumpPacket|   key: SITE_LIST is: [Ledu.csus.ecs.pc2.core.model.Site; [Ledu.csus.ecs.pc2.core.model.Site;@670c4d28
221210 110246.392|INFO|Thread-19433|dumpPacket|   key: PROBLEM_DATA_FILES is: [Ledu.csus.ecs.pc2.core.model.ProblemDataFiles; [Ledu.csus.ecs.pc2.core.model.ProblemDataFiles;@41225549
221210 110246.392|INFO|Thread-19433|dumpPacket|   key: JUDGEMENT_LIST is: [Ledu.csus.ecs.pc2.core.model.Judgement; [Ledu.csus.ecs.pc2.core.model.Judgement;@349a1aba
221210 110246.392|INFO|Thread-19433|dumpPacket|   key: PROBLEM_LIST is: [Ledu.csus.ecs.pc2.core.model.Problem; [Ledu.csus.ecs.pc2.core.model.Problem;@75813fe2
221210 110246.392|INFO|Thread-19433|dumpPacket|   key: GROUP_LIST is: [Ledu.csus.ecs.pc2.core.model.Group; [Ledu.csus.ecs.pc2.core.model.Group;@70614977
221210 110246.392|INFO|Thread-19433|dumpPacket|   key: LOCAL_LOGGED_IN_USERS is: [Ledu.csus.ecs.pc2.core.model.ClientId; [Ledu.csus.ecs.pc2.core.model.ClientId;@233ad22f
221210 110246.392|INFO|Thread-19433|dumpPacket|   key: SERVER_CLOCK_OFFSET is: java.util.GregorianCalendar java.util.GregorianCalendar[time=1670691766387,areFieldsSet=true,areAllFieldsSet=false,lenient=true,zone=sun.util.calendar.ZoneInfo[id="GMT",offset=0,dstSavings=0,useDaylight=false,transitions=0,lastRule=null],firstDayOfWeek=1,minimalDaysInFirstWeek=1,ERA=1,YEAR=2022,MONTH=11,WEEK_OF_YEAR=50,WEEK_OF_MONTH=2,DAY_OF_MONTH=10,DAY_OF_YEAR=344,DAY_OF_WEEK=7,DAY_OF_WEEK_IN_MONTH=2,AM_PM=1,HOUR=5,HOUR_OF_DAY=17,MINUTE=2,SECOND=46,MILLISECOND=387,ZONE_OFFSET=0,DST_OFFSET=0]
221210 110246.392|INFO|Thread-19433|dumpPacket|   key: CONTEST_IDENTIFIER is: java.lang.String Contest-4511288556462302159
221210 110246.392|INFO|Thread-19433|dumpPacket|   key: BALLOON_SETTINGS_LIST is: [Ledu.csus.ecs.pc2.core.model.BalloonSettings; [Ledu.csus.ecs.pc2.core.model.BalloonSettings;@47914338
221210 110246.392|INFO|Thread-19433|dumpPacket|   key: RUN_LIST is: [Ledu.csus.ecs.pc2.core.model.Run; [Ledu.csus.ecs.pc2.core.model.Run;@3b131a07
221210 110246.392|INFO|Thread-19433|dumpPacket|   key: ACCOUNT_ARRAY is: [Ledu.csus.ecs.pc2.core.model.Account; [Ledu.csus.ecs.pc2.core.model.Account;@4143d6e3
221210 111552.918|INFO|Thread-42291|run|send(Serializable)
221210 111552.940|INFO|Thread-19431|receive|public void receive(SealedObject TransportPacket, ConnectionHandlerID connectionHandlerID)
221210 111627.325|INFO|Thread-19431|receive|public void receive(SealedObject TransportPacket, ConnectionHandlerID connectionHandlerID)
221210 113410.933|INFO|Thread-80675|run|send(Serializable)
221210 113410.958|INFO|Thread-19431|receive|public void receive(SealedObject TransportPacket, ConnectionHandlerID connectionHandlerID)
221210 113447.434|INFO|Thread-19431|receive|public void receive(SealedObject TransportPacket, ConnectionHandlerID connectionHandlerID)
221210 113726.968|INFO|Thread-90525|run|send(Serializable)
221210 113727.002|INFO|Thread-19431|receive|public void receive(SealedObject TransportPacket, ConnectionHandlerID connectionHandlerID)
221210 113732.476|INFO|Thread-19431|receive|public void receive(SealedObject TransportPacket, ConnectionHandlerID connectionHandlerID)
221210 114326.868|INFO|Thread-100463|run|send(Serializable)
221210 114326.906|INFO|Thread-19431|receive|public void receive(SealedObject TransportPacket, ConnectionHandlerID connectionHandlerID)
221210 114334.172|INFO|Thread-19431|receive|public void receive(SealedObject TransportPacket, ConnectionHandlerID connectionHandlerID)
221210 114528.511|INFO|Thread-105182|run|send(Serializable)
221210 114528.548|INFO|Thread-19431|receive|public void receive(SealedObject TransportPacket, ConnectionHandlerID connectionHandlerID)
221210 114537.626|INFO|Thread-19431|receive|public void receive(SealedObject TransportPacket, ConnectionHandlerID connectionHandlerID)
221210 114807.079|INFO|Thread-112007|run|send(Serializable)
221210 114807.126|INFO|Thread-19431|receive|public void receive(SealedObject TransportPacket, ConnectionHandlerID connectionHandlerID)
221210 114954.364|INFO|Thread-19431|receive|public void receive(SealedObject TransportPacket, ConnectionHandlerID connectionHandlerID)
221210 115411.800|INFO|Thread-123741|run|send(Serializable)
221210 115411.837|INFO|Thread-19431|receive|public void receive(SealedObject TransportPacket, ConnectionHandlerID connectionHandlerID)
221210 115423.131|INFO|Thread-19431|receive|public void receive(SealedObject TransportPacket, ConnectionHandlerID connectionHandlerID)
221210 115606.754|INFO|Thread-127107|run|send(Serializable)
221210 115606.793|INFO|Thread-19431|receive|public void receive(SealedObject TransportPacket, ConnectionHandlerID connectionHandlerID)
221210 115615.901|INFO|Thread-19431|receive|public void receive(SealedObject TransportPacket, ConnectionHandlerID connectionHandlerID)
221210 120724.573|INFO|Thread-19431|receive|public void receive(SealedObject TransportPacket, ConnectionHandlerID connectionHandlerID)
221210 121539.950|INFO|Thread-165923|run|send(Serializable)
221210 121540.001|INFO|Thread-19431|receive|public void receive(SealedObject TransportPacket, ConnectionHandlerID connectionHandlerID)
221210 121615.827|INFO|Thread-19431|receive|public void receive(SealedObject TransportPacket, ConnectionHandlerID connectionHandlerID)
221210 122114.865|INFO|Thread-177184|run|send(Serializable)
221210 122114.919|INFO|Thread-19431|receive|public void receive(SealedObject TransportPacket, ConnectionHandlerID connectionHandlerID)
221210 122120.314|INFO|Thread-19431|receive|public void receive(SealedObject TransportPacket, ConnectionHandlerID connectionHandlerID)
221210 123938.356|INFO|Thread-217448|run|send(Serializable)
221210 123938.419|INFO|Thread-19431|receive|public void receive(SealedObject TransportPacket, ConnectionHandlerID connectionHandlerID)
221210 123958.482|INFO|Thread-19431|receive|public void receive(SealedObject TransportPacket, ConnectionHandlerID connectionHandlerID)
221210 124214.072|INFO|Thread-223725|run|send(Serializable)
221210 124214.133|INFO|Thread-19431|receive|public void receive(SealedObject TransportPacket, ConnectionHandlerID connectionHandlerID)
221210 124229.207|INFO|Thread-19431|receive|public void receive(SealedObject TransportPacket, ConnectionHandlerID connectionHandlerID)
221210 124341.790|INFO|Thread-227599|run|send(Serializable)
221210 124341.854|INFO|Thread-19431|receive|public void receive(SealedObject TransportPacket, ConnectionHandlerID connectionHandlerID)
221210 124354.559|INFO|Thread-19431|receive|public void receive(SealedObject TransportPacket, ConnectionHandlerID connectionHandlerID)
221210 124510.254|INFO|Thread-234784|run|send(Serializable)
221210 124510.335|INFO|Thread-19431|receive|public void receive(SealedObject TransportPacket, ConnectionHandlerID connectionHandlerID)
221210 124534.776|INFO|Thread-19431|receive|public void receive(SealedObject TransportPacket, ConnectionHandlerID connectionHandlerID)
221210 124800.928|INFO|Thread-247363|run|send(Serializable)
221210 124801.056|INFO|Thread-19431|receive|public void receive(SealedObject TransportPacket, ConnectionHandlerID connectionHandlerID)
221210 150258.409|INFO|Thread-19431|connectionDropped|connectionDropped(ConnectionHandlerID myConnectionID) 
231209 073923.168|CONFIG|qtp135640095-265|setFileHandlers|Now logging to C:\Users\18328\Desktop\pc2\WebTeamInterface-1.1\logs directory.
231209 073923.168|INFO|qtp135640095-265|info|
231209 073923.168|INFO|qtp135640095-265|info|Version 9 () Java ver 18.0.2.1 build  Windows 11 10.0 (amd64) 
231209 073923.168|INFO|qtp135640095-265|info|Login: team47 (aka team47)
231209 073923.168|INFO|qtp135640095-265|startLog|Working directory is C:\Users\18328\Desktop\pc2\WebTeamInterface-1.1
231209 073923.168|INFO|qtp135640095-265|startLog|Process id is 15028@DESKTOP-D75BQTV
231209 073923.168|INFO|qtp135640095-265|info|Contacting server at localhost:50002 as TEAM47 @ site 0
231209 073923.168|INFO|qtp135640095-265|info|sendLoginRequest start - sending from TEAM47 @ site 0
231209 073923.168|INFO|qtp135640095-265|sendToLocalServer|Sending packet to server Packet[LOGIN_REQUEST] #22 TEAM47 @ site 0 -> SERVER0 @ site 0
231209 073923.168|INFO|qtp135640095-265|sendToLocalServer|Sent    packet to server Packet[LOGIN_REQUEST] #22 TEAM47 @ site 0 -> SERVER0 @ site 0
231209 073923.176|INFO|qtp135640095-265|info|sendLoginRequest end - packet sent.
231209 073923.176|INFO|Thread-277|run|send(Serializable)
231209 073923.190|INFO|Thread-276|receive|public void receive(SealedObject TransportPacket, ConnectionHandlerID connectionHandlerID)
231209 073923.193|INFO|Thread-278|info| receiveObject(S) start got Packet[LOGIN_SUCCESS] #260 SERVER0 @ site 1 -> TEAM47 @ site 1
231209 073923.193|INFO|Thread-278|dumpPacket|Packet LOGIN_SUCCESS (Seq #260, o#260 ) recieveObject
231209 073923.193|INFO|Thread-278|dumpPacket|  From: SERVER0 @ site 1, oSERVER0 @ site 1 (DESKTOP-D75BQTV @ 212.212.212.212) (Contest Id: DryRun--5830290502122144214)
231209 073923.193|INFO|Thread-278|dumpPacket|    To: TEAM47 @ site 1
231209 073923.193|INFO|Thread-278|dumpPacket|   key: PROFILE_LIST is: [Ledu.csus.ecs.pc2.core.model.Profile; [Ledu.csus.ecs.pc2.core.model.Profile;@4825c646
231209 073923.193|INFO|Thread-278|dumpPacket|   key: GENERAL_PROBLEM is: edu.csus.ecs.pc2.core.model.Problem General
231209 073923.193|INFO|Thread-278|dumpPacket|   key: CLIENT_SETTINGS_LIST is: [Ledu.csus.ecs.pc2.core.model.ClientSettings; [Ledu.csus.ecs.pc2.core.model.ClientSettings;@46e23132
231209 073923.193|INFO|Thread-278|dumpPacket|   key: CONTEST_TIME is: edu.csus.ecs.pc2.core.model.ContestTime edu.csus.ecs.pc2.core.model.ContestTime@42ddad36
231209 073923.193|INFO|Thread-278|dumpPacket|   key: CLARIFICATION_LIST is: [Ledu.csus.ecs.pc2.core.model.Clarification; [Ledu.csus.ecs.pc2.core.model.Clarification;@7df3b09
231209 073923.193|INFO|Thread-278|dumpPacket|   key: CATEGORY_LIST is: [Ledu.csus.ecs.pc2.core.model.Category; [Ledu.csus.ecs.pc2.core.model.Category;@61aeca42
231209 073923.193|INFO|Thread-278|dumpPacket|   key: LANGUAGE_LIST is: [Ledu.csus.ecs.pc2.core.model.Language; [Ledu.csus.ecs.pc2.core.model.Language;@36121ce4
231209 073923.193|INFO|Thread-278|dumpPacket|   key: REMOTE_LOGGED_IN_USERS is: [Ledu.csus.ecs.pc2.core.model.ClientId; [Ledu.csus.ecs.pc2.core.model.ClientId;@1989b30d
231209 073923.193|INFO|Thread-278|dumpPacket|   key: CONTEST_TIME_LIST is: [Ledu.csus.ecs.pc2.core.model.ContestTime; [Ledu.csus.ecs.pc2.core.model.ContestTime;@67f0c446
231209 073923.193|INFO|Thread-278|dumpPacket|   key: CONNECTION_HANDLE_ID_LIST is: [Ledu.csus.ecs.pc2.core.transport.ConnectionHandlerID; [Ledu.csus.ecs.pc2.core.transport.ConnectionHandlerID;@709bee20
231209 073923.193|INFO|Thread-278|dumpPacket|   key: PROFILE is: edu.csus.ecs.pc2.core.model.Profile DryRun--5830290502122144214
231209 073923.193|INFO|Thread-278|dumpPacket|   key: CLIENT_ID is: edu.csus.ecs.pc2.core.model.ClientId TEAM47 @ site 1
231209 073923.193|INFO|Thread-278|dumpPacket|   key: SITE_NUMBER is: java.lang.Integer 1
231209 073923.193|INFO|Thread-278|dumpPacket|   key: CONTEST_INFORMATION is: edu.csus.ecs.pc2.core.model.ContestInformation edu.csus.ecs.pc2.core.model.ContestInformation@56c839eb
231209 073923.193|INFO|Thread-278|dumpPacket|   key: SITE_LIST is: [Ledu.csus.ecs.pc2.core.model.Site; [Ledu.csus.ecs.pc2.core.model.Site;@28df9e4
231209 073923.193|INFO|Thread-278|dumpPacket|   key: PROBLEM_DATA_FILES is: [Ledu.csus.ecs.pc2.core.model.ProblemDataFiles; [Ledu.csus.ecs.pc2.core.model.ProblemDataFiles;@63bedf07
231209 073923.193|INFO|Thread-278|dumpPacket|   key: JUDGEMENT_LIST is: [Ledu.csus.ecs.pc2.core.model.Judgement; [Ledu.csus.ecs.pc2.core.model.Judgement;@4c7bc7be
231209 073923.193|INFO|Thread-278|dumpPacket|   key: PROBLEM_LIST is: [Ledu.csus.ecs.pc2.core.model.Problem; [Ledu.csus.ecs.pc2.core.model.Problem;@5b6bb8bb
231209 073923.193|INFO|Thread-278|dumpPacket|   key: GROUP_LIST is: [Ledu.csus.ecs.pc2.core.model.Group; [Ledu.csus.ecs.pc2.core.model.Group;@364438eb
231209 073923.193|INFO|Thread-278|dumpPacket|   key: LOCAL_LOGGED_IN_USERS is: [Ledu.csus.ecs.pc2.core.model.ClientId; [Ledu.csus.ecs.pc2.core.model.ClientId;@23178fc3
231209 073923.193|INFO|Thread-278|dumpPacket|   key: SERVER_CLOCK_OFFSET is: java.util.GregorianCalendar java.util.GregorianCalendar[time=1702129163184,areFieldsSet=true,areAllFieldsSet=false,lenient=true,zone=sun.util.calendar.ZoneInfo[id="GMT",offset=0,dstSavings=0,useDaylight=false,transitions=0,lastRule=null],firstDayOfWeek=1,minimalDaysInFirstWeek=1,ERA=1,YEAR=2023,MONTH=11,WEEK_OF_YEAR=49,WEEK_OF_MONTH=2,DAY_OF_MONTH=9,DAY_OF_YEAR=343,DAY_OF_WEEK=7,DAY_OF_WEEK_IN_MONTH=2,AM_PM=1,HOUR=1,HOUR_OF_DAY=13,MINUTE=39,SECOND=23,MILLISECOND=184,ZONE_OFFSET=0,DST_OFFSET=0]
231209 073923.193|INFO|Thread-278|dumpPacket|   key: CONTEST_IDENTIFIER is: java.lang.String DryRun--5830290502122144214
231209 073923.193|INFO|Thread-278|dumpPacket|   key: BALLOON_SETTINGS_LIST is: [Ledu.csus.ecs.pc2.core.model.BalloonSettings; [Ledu.csus.ecs.pc2.core.model.BalloonSettings;@3143ea28
231209 073923.193|INFO|Thread-278|dumpPacket|   key: RUN_LIST is: [Ledu.csus.ecs.pc2.core.model.Run; [Ledu.csus.ecs.pc2.core.model.Run;@376b32db
231209 073923.193|INFO|Thread-278|dumpPacket|   key: ACCOUNT_ARRAY is: [Ledu.csus.ecs.pc2.core.model.Account; [Ledu.csus.ecs.pc2.core.model.Account;@207fd7bd
231209 073923.193|INFO|Thread-278|info|handlePacket start Packet[LOGIN_SUCCESS] #260 SERVER0 @ site 1 -> TEAM47 @ site 1
231209 073923.193|INFO|Thread-278|dumpPacket|Packet LOGIN_SUCCESS (Seq #260, o#260 ) handlePacket
231209 073923.201|INFO|Thread-278|dumpPacket|  From: SERVER0 @ site 1, oSERVER0 @ site 1 (DESKTOP-D75BQTV @ 212.212.212.212) (Contest Id: DryRun--5830290502122144214)
231209 073923.201|INFO|Thread-278|dumpPacket|    To: TEAM47 @ site 1
231209 073923.201|INFO|Thread-278|dumpPacket|   key: PROFILE_LIST is: [Ledu.csus.ecs.pc2.core.model.Profile; [Ledu.csus.ecs.pc2.core.model.Profile;@4825c646
231209 073923.201|INFO|Thread-278|dumpPacket|   key: GENERAL_PROBLEM is: edu.csus.ecs.pc2.core.model.Problem General
231209 073923.201|INFO|Thread-278|dumpPacket|   key: CLIENT_SETTINGS_LIST is: [Ledu.csus.ecs.pc2.core.model.ClientSettings; [Ledu.csus.ecs.pc2.core.model.ClientSettings;@46e23132
231209 073923.201|INFO|Thread-278|dumpPacket|   key: CONTEST_TIME is: edu.csus.ecs.pc2.core.model.ContestTime edu.csus.ecs.pc2.core.model.ContestTime@42ddad36
231209 073923.201|INFO|Thread-278|dumpPacket|   key: CLARIFICATION_LIST is: [Ledu.csus.ecs.pc2.core.model.Clarification; [Ledu.csus.ecs.pc2.core.model.Clarification;@7df3b09
231209 073923.201|INFO|Thread-278|dumpPacket|   key: CATEGORY_LIST is: [Ledu.csus.ecs.pc2.core.model.Category; [Ledu.csus.ecs.pc2.core.model.Category;@61aeca42
231209 073923.201|INFO|Thread-278|dumpPacket|   key: LANGUAGE_LIST is: [Ledu.csus.ecs.pc2.core.model.Language; [Ledu.csus.ecs.pc2.core.model.Language;@36121ce4
231209 073923.201|INFO|Thread-278|dumpPacket|   key: REMOTE_LOGGED_IN_USERS is: [Ledu.csus.ecs.pc2.core.model.ClientId; [Ledu.csus.ecs.pc2.core.model.ClientId;@1989b30d
231209 073923.201|INFO|Thread-278|dumpPacket|   key: CONTEST_TIME_LIST is: [Ledu.csus.ecs.pc2.core.model.ContestTime; [Ledu.csus.ecs.pc2.core.model.ContestTime;@67f0c446
231209 073923.201|INFO|Thread-278|dumpPacket|   key: CONNECTION_HANDLE_ID_LIST is: [Ledu.csus.ecs.pc2.core.transport.ConnectionHandlerID; [Ledu.csus.ecs.pc2.core.transport.ConnectionHandlerID;@709bee20
231209 073923.201|INFO|Thread-278|dumpPacket|   key: PROFILE is: edu.csus.ecs.pc2.core.model.Profile DryRun--5830290502122144214
231209 073923.201|INFO|Thread-278|dumpPacket|   key: CLIENT_ID is: edu.csus.ecs.pc2.core.model.ClientId TEAM47 @ site 1
231209 073923.201|INFO|Thread-278|dumpPacket|   key: SITE_NUMBER is: java.lang.Integer 1
231209 073923.201|INFO|Thread-278|dumpPacket|   key: CONTEST_INFORMATION is: edu.csus.ecs.pc2.core.model.ContestInformation edu.csus.ecs.pc2.core.model.ContestInformation@56c839eb
231209 073923.201|INFO|Thread-278|dumpPacket|   key: SITE_LIST is: [Ledu.csus.ecs.pc2.core.model.Site; [Ledu.csus.ecs.pc2.core.model.Site;@28df9e4
231209 073923.201|INFO|Thread-278|dumpPacket|   key: PROBLEM_DATA_FILES is: [Ledu.csus.ecs.pc2.core.model.ProblemDataFiles; [Ledu.csus.ecs.pc2.core.model.ProblemDataFiles;@63bedf07
231209 073923.201|INFO|Thread-278|dumpPacket|   key: JUDGEMENT_LIST is: [Ledu.csus.ecs.pc2.core.model.Judgement; [Ledu.csus.ecs.pc2.core.model.Judgement;@4c7bc7be
231209 073923.201|INFO|Thread-278|dumpPacket|   key: PROBLEM_LIST is: [Ledu.csus.ecs.pc2.core.model.Problem; [Ledu.csus.ecs.pc2.core.model.Problem;@5b6bb8bb
231209 073923.201|INFO|Thread-278|dumpPacket|   key: GROUP_LIST is: [Ledu.csus.ecs.pc2.core.model.Group; [Ledu.csus.ecs.pc2.core.model.Group;@364438eb
231209 073923.201|INFO|Thread-278|dumpPacket|   key: LOCAL_LOGGED_IN_USERS is: [Ledu.csus.ecs.pc2.core.model.ClientId; [Ledu.csus.ecs.pc2.core.model.ClientId;@23178fc3
231209 073923.201|INFO|Thread-278|dumpPacket|   key: SERVER_CLOCK_OFFSET is: java.util.GregorianCalendar java.util.GregorianCalendar[time=1702129163184,areFieldsSet=true,areAllFieldsSet=false,lenient=true,zone=sun.util.calendar.ZoneInfo[id="GMT",offset=0,dstSavings=0,useDaylight=false,transitions=0,lastRule=null],firstDayOfWeek=1,minimalDaysInFirstWeek=1,ERA=1,YEAR=2023,MONTH=11,WEEK_OF_YEAR=49,WEEK_OF_MONTH=2,DAY_OF_MONTH=9,DAY_OF_YEAR=343,DAY_OF_WEEK=7,DAY_OF_WEEK_IN_MONTH=2,AM_PM=1,HOUR=1,HOUR_OF_DAY=13,MINUTE=39,SECOND=23,MILLISECOND=184,ZONE_OFFSET=0,DST_OFFSET=0]
231209 073923.201|INFO|Thread-278|dumpPacket|   key: CONTEST_IDENTIFIER is: java.lang.String DryRun--5830290502122144214
231209 073923.201|INFO|Thread-278|dumpPacket|   key: BALLOON_SETTINGS_LIST is: [Ledu.csus.ecs.pc2.core.model.BalloonSettings; [Ledu.csus.ecs.pc2.core.model.BalloonSettings;@3143ea28
231209 073923.201|INFO|Thread-278|dumpPacket|   key: RUN_LIST is: [Ledu.csus.ecs.pc2.core.model.Run; [Ledu.csus.ecs.pc2.core.model.Run;@376b32db
231209 073923.201|INFO|Thread-278|dumpPacket|   key: ACCOUNT_ARRAY is: [Ledu.csus.ecs.pc2.core.model.Account; [Ledu.csus.ecs.pc2.core.model.Account;@207fd7bd
231209 074043.399|INFO|Thread-276|receive|public void receive(SealedObject TransportPacket, ConnectionHandlerID connectionHandlerID)
231209 074044.544|INFO|Thread-276|receive|public void receive(SealedObject TransportPacket, ConnectionHandlerID connectionHandlerID)
231209 074052.582|INFO|Thread-276|receive|public void receive(SealedObject TransportPacket, ConnectionHandlerID connectionHandlerID)
231209 074058.413|INFO|Thread-276|receive|public void receive(SealedObject TransportPacket, ConnectionHandlerID connectionHandlerID)
231209 080552.339|INFO|Thread-1052|run|send(Serializable)
231209 080552.376|INFO|Thread-276|receive|public void receive(SealedObject TransportPacket, ConnectionHandlerID connectionHandlerID)
231209 080553.821|INFO|Thread-1095|run|send(Serializable)
231209 080553.853|INFO|Thread-276|receive|public void receive(SealedObject TransportPacket, ConnectionHandlerID connectionHandlerID)
231209 080618.863|INFO|Thread-276|receive|public void receive(SealedObject TransportPacket, ConnectionHandlerID connectionHandlerID)
231209 080625.498|INFO|Thread-276|receive|public void receive(SealedObject TransportPacket, ConnectionHandlerID connectionHandlerID)
231209 103352.639|INFO|Thread-276|receive|public void receive(SealedObject TransportPacket, ConnectionHandlerID connectionHandlerID)
231209 103353.801|INFO|Thread-276|receive|public void receive(SealedObject TransportPacket, ConnectionHandlerID connectionHandlerID)
231209 103356.356|INFO|Thread-276|receive|public void receive(SealedObject TransportPacket, ConnectionHandlerID connectionHandlerID)
231209 103358.734|INFO|Thread-276|receive|public void receive(SealedObject TransportPacket, ConnectionHandlerID connectionHandlerID)
231209 103358.962|INFO|Thread-276|receive|public void receive(SealedObject TransportPacket, ConnectionHandlerID connectionHandlerID)
231209 103359.131|INFO|Thread-276|receive|public void receive(SealedObject TransportPacket, ConnectionHandlerID connectionHandlerID)
231209 103359.265|INFO|Thread-276|receive|public void receive(SealedObject TransportPacket, ConnectionHandlerID connectionHandlerID)
231209 103412.544|INFO|Thread-276|receive|public void receive(SealedObject TransportPacket, ConnectionHandlerID connectionHandlerID)
231209 103439.496|INFO|Thread-276|receive|public void receive(SealedObject TransportPacket, ConnectionHandlerID connectionHandlerID)
231209 104340.762|INFO|Thread-276|receive|public void receive(SealedObject TransportPacket, ConnectionHandlerID connectionHandlerID)
231209 104900.025|INFO|Thread-276|receive|public void receive(SealedObject TransportPacket, ConnectionHandlerID connectionHandlerID)
231209 104938.141|INFO|Thread-276|receive|public void receive(SealedObject TransportPacket, ConnectionHandlerID connectionHandlerID)
231209 105758.494|INFO|Thread-276|receive|public void receive(SealedObject TransportPacket, ConnectionHandlerID connectionHandlerID)
231209 110012.898|INFO|Thread-276|receive|public void receive(SealedObject TransportPacket, ConnectionHandlerID connectionHandlerID)
231209 110139.145|INFO|Thread-276|receive|public void receive(SealedObject TransportPacket, ConnectionHandlerID connectionHandlerID)
231209 110446.718|INFO|Thread-276|receive|public void receive(SealedObject TransportPacket, ConnectionHandlerID connectionHandlerID)
231209 110645.417|INFO|Thread-276|receive|public void receive(SealedObject TransportPacket, ConnectionHandlerID connectionHandlerID)
231209 111315.680|INFO|Thread-276|receive|public void receive(SealedObject TransportPacket, ConnectionHandlerID connectionHandlerID)
231209 111459.750|INFO|Thread-276|receive|public void receive(SealedObject TransportPacket, ConnectionHandlerID connectionHandlerID)
231209 114849.853|INFO|Thread-276|connectionDropped|connectionDropped(ConnectionHandlerID myConnectionID) 
